<?xml version="1.0" encoding="UTF-8"?>
<testsuites name="T13 Pembelian, Shipment dan Pembayaran" time="3755.602" tests="48" failures="17" errors="0">
   <testsuite name="T13 Pembelian, Shipment dan Pembayaran" tests="48" failures="17" errors="0" time="3755.602" skipped="0" timestamp="2023-10-05 10:45:06" hostname="IRFAN - DESKTOP-H62FVJ8" id="Test Suites/T13 Pembelian, Shipment dan Pembayaran/T13 Pembelian, Shipment dan Pembayaran">
      <properties>
         <property name="deviceName" value=""/>
         <property name="devicePlatform" value=""/>
         <property name="logFolder" value="C:\\FT2 XSIS\\Projek 2 MINI PROJEK\\Reports\\20231005_104503\\T13 Pembelian, Shipment dan Pembayaran\\T13 Pembelian, Shipment dan Pembayaran\\20231005_104503"/>
         <property name="logFiles" value="C:\\FT2 XSIS\\Projek 2 MINI PROJEK\\Reports\\20231005_104503\\T13 Pembelian, Shipment dan Pembayaran\\T13 Pembelian, Shipment dan Pembayaran\\20231005_104503\\execution0.log, C:\\FT2 XSIS\\Projek 2 MINI PROJEK\\Reports\\20231005_104503\\T13 Pembelian, Shipment dan Pembayaran\\T13 Pembelian, Shipment dan Pembayaran\\20231005_104503\\execution1.log"/>
         <property name="attachments" value="C:\\FT2 XSIS\\Projek 2 MINI PROJEK\\Reports\\20231005_104503\\T13 Pembelian, Shipment dan Pembayaran\\T13 Pembelian, Shipment dan Pembayaran\\20231005_104503\\1696477601998.png, C:\\FT2 XSIS\\Projek 2 MINI PROJEK\\Reports\\20231005_104503\\T13 Pembelian, Shipment dan Pembayaran\\T13 Pembelian, Shipment dan Pembayaran\\20231005_104503\\1696477761847.png, C:\\FT2 XSIS\\Projek 2 MINI PROJEK\\Reports\\20231005_104503\\T13 Pembelian, Shipment dan Pembayaran\\T13 Pembelian, Shipment dan Pembayaran\\20231005_104503\\1696477799206.png, C:\\FT2 XSIS\\Projek 2 MINI PROJEK\\Reports\\20231005_104503\\T13 Pembelian, Shipment dan Pembayaran\\T13 Pembelian, Shipment dan Pembayaran\\20231005_104503\\1696477849565.png, C:\\FT2 XSIS\\Projek 2 MINI PROJEK\\Reports\\20231005_104503\\T13 Pembelian, Shipment dan Pembayaran\\T13 Pembelian, Shipment dan Pembayaran\\20231005_104503\\1696477883400.png, C:\\FT2 XSIS\\Projek 2 MINI PROJEK\\Reports\\20231005_104503\\T13 Pembelian, Shipment dan Pembayaran\\T13 Pembelian, Shipment dan Pembayaran\\20231005_104503\\1696478221427.png, C:\\FT2 XSIS\\Projek 2 MINI PROJEK\\Reports\\20231005_104503\\T13 Pembelian, Shipment dan Pembayaran\\T13 Pembelian, Shipment dan Pembayaran\\20231005_104503\\1696478345242.png, C:\\FT2 XSIS\\Projek 2 MINI PROJEK\\Reports\\20231005_104503\\T13 Pembelian, Shipment dan Pembayaran\\T13 Pembelian, Shipment dan Pembayaran\\20231005_104503\\1696478471921.png, C:\\FT2 XSIS\\Projek 2 MINI PROJEK\\Reports\\20231005_104503\\T13 Pembelian, Shipment dan Pembayaran\\T13 Pembelian, Shipment dan Pembayaran\\20231005_104503\\1696478534854.png, C:\\FT2 XSIS\\Projek 2 MINI PROJEK\\Reports\\20231005_104503\\T13 Pembelian, Shipment dan Pembayaran\\T13 Pembelian, Shipment dan Pembayaran\\20231005_104503\\1696478647508.png, C:\\FT2 XSIS\\Projek 2 MINI PROJEK\\Reports\\20231005_104503\\T13 Pembelian, Shipment dan Pembayaran\\T13 Pembelian, Shipment dan Pembayaran\\20231005_104503\\1696478707750.png, C:\\FT2 XSIS\\Projek 2 MINI PROJEK\\Reports\\20231005_104503\\T13 Pembelian, Shipment dan Pembayaran\\T13 Pembelian, Shipment dan Pembayaran\\20231005_104503\\1696479008364.png, C:\\FT2 XSIS\\Projek 2 MINI PROJEK\\Reports\\20231005_104503\\T13 Pembelian, Shipment dan Pembayaran\\T13 Pembelian, Shipment dan Pembayaran\\20231005_104503\\1696479008505.png, C:\\FT2 XSIS\\Projek 2 MINI PROJEK\\Reports\\20231005_104503\\T13 Pembelian, Shipment dan Pembayaran\\T13 Pembelian, Shipment dan Pembayaran\\20231005_104503\\1696479329927.png, C:\\FT2 XSIS\\Projek 2 MINI PROJEK\\Reports\\20231005_104503\\T13 Pembelian, Shipment dan Pembayaran\\T13 Pembelian, Shipment dan Pembayaran\\20231005_104503\\1696479669398.png, C:\\FT2 XSIS\\Projek 2 MINI PROJEK\\Reports\\20231005_104503\\T13 Pembelian, Shipment dan Pembayaran\\T13 Pembelian, Shipment dan Pembayaran\\20231005_104503\\1696480228681.png, C:\\FT2 XSIS\\Projek 2 MINI PROJEK\\Reports\\20231005_104503\\T13 Pembelian, Shipment dan Pembayaran\\T13 Pembelian, Shipment dan Pembayaran\\20231005_104503\\1696480228846.png, C:\\FT2 XSIS\\Projek 2 MINI PROJEK\\Reports\\20231005_104503\\T13 Pembelian, Shipment dan Pembayaran\\T13 Pembelian, Shipment dan Pembayaran\\20231005_104503\\1696480665466.png, C:\\FT2 XSIS\\Projek 2 MINI PROJEK\\Reports\\20231005_104503\\T13 Pembelian, Shipment dan Pembayaran\\T13 Pembelian, Shipment dan Pembayaran\\20231005_104503\\1696480802763.png"/>
         <property name="hostName" value="IRFAN - DESKTOP-H62FVJ8"/>
         <property name="os" value="Windows 10 64bit"/>
         <property name="katalonVersion" value="8.6.5.208"/>
         <property name="browser" value="Edge Chromium 117"/>
         <property name="hostAddress" value="10.9.2.18"/>
         <property name="sessionId" value="004679a2f17cd5ce7c1a9875318f6748"/>
         <property name="seleniumVersion" value="3.141.59"/>
         <property name="proxyInformation" value="ProxyInformation { proxyOption=NO_PROXY, proxyServerType=HTTP, username=, password=********, proxyServerAddress=, proxyServerPort=0, executionList=&quot;&quot;, isApplyToDesiredCapabilities=true }"/>
         <property name="platform" value="Windows 10"/>
      </properties>
      <testcase name="Test Cases/T13 Pembelian, Shipment dan Pembayaran/LU-001" time="14.62" classname="Test Cases/T13 Pembelian, Shipment dan Pembayaran/LU-001" status="PASSED">
         <system-out><![CDATA[2023-10-05 10:45:06 - [TEST_CASE][PASSED] - Test Cases/T13 Pembelian, Shipment dan Pembayaran/LU-001: Test Cases/T13 Pembelian, Shipment dan Pembayaran/LU-001

2023-10-05 10:45:07 - [TEST_STEP][PASSED] - openBrowser("https://10.9.2.63/ecommerce/"): Browser is opened with url: 'https://10.9.2.63/ecommerce/'

2023-10-05 10:45:07 - [MESSAGE][INFO] - Starting 'Edge Chromium' driver

2023-10-05 10:45:07 - [MESSAGE][INFO] - User set preference: ['acceptInsecureCerts', 'true']

2023-10-05 10:45:10 - [MESSAGE][INFO] - Action delay is set to 0 milliseconds

2023-10-05 10:45:15 - [MESSAGE][PASSED] - Browser is opened with url: 'https://10.9.2.63/ecommerce/'

2023-10-05 10:45:15 - [TEST_STEP][PASSED] - maximizeWindow(): Current window maximized

2023-10-05 10:45:15 - [MESSAGE][PASSED] - Current window maximized

2023-10-05 10:45:15 - [TEST_STEP][PASSED] - verifyElementPresent(findTestObject("Login/Home"), 0): Object 'Object Repository/Login/Home' is present

2023-10-05 10:45:15 - [MESSAGE][WARNING] - Timeout '0' is invalid. Using default page load timeout: '30'

2023-10-05 10:45:15 - [MESSAGE][PASSED] - Object 'Object Repository/Login/Home' is present

2023-10-05 10:45:15 - [TEST_STEP][PASSED] - click(findTestObject("Login/a_Login")): Object: 'Object Repository/Login/a_Login' is clicked on

2023-10-05 10:45:16 - [MESSAGE][PASSED] - Object: 'Object Repository/Login/a_Login' is clicked on

2023-10-05 10:45:16 - [TEST_STEP][PASSED] - verifyElementPresent(findTestObject("Login/Tittle Login"), 0): Object 'Object Repository/Login/Tittle Login' is present

2023-10-05 10:45:16 - [MESSAGE][WARNING] - Timeout '0' is invalid. Using default page load timeout: '30'

2023-10-05 10:45:17 - [MESSAGE][PASSED] - Object 'Object Repository/Login/Tittle Login' is present

2023-10-05 10:45:17 - [TEST_STEP][PASSED] - setText(findTestObject("Login/input_Username, Email atau No. Handphone_a"), username): Text 'irfanafandi' is set on object 'Object Repository/Login/input_Username, Email atau No. Handphone_a'

2023-10-05 10:45:18 - [MESSAGE][PASSED] - Text 'irfanafandi' is set on object 'Object Repository/Login/input_Username, Email atau No. Handphone_a'

2023-10-05 10:45:18 - [TEST_STEP][PASSED] - setText(findTestObject("Login/input_Password_b"), password): Text '12345irfan' is set on object 'Object Repository/Login/input_Password_b'

2023-10-05 10:45:18 - [MESSAGE][PASSED] - Text '12345irfan' is set on object 'Object Repository/Login/input_Password_b'

2023-10-05 10:45:18 - [TEST_STEP][PASSED] - click(findTestObject("Login/label_Ingat saya")): Object: 'Object Repository/Login/label_Ingat saya' is clicked on

2023-10-05 10:45:19 - [MESSAGE][PASSED] - Object: 'Object Repository/Login/label_Ingat saya' is clicked on

2023-10-05 10:45:19 - [TEST_STEP][PASSED] - click(findTestObject("Login/button_Masuk")): Object: 'Object Repository/Login/button_Masuk' is clicked on

2023-10-05 10:45:20 - [MESSAGE][PASSED] - Object: 'Object Repository/Login/button_Masuk' is clicked on

2023-10-05 10:45:20 - [TEST_STEP][PASSED] - verifyElementPresent(findTestObject("Login/li_Profile"), 0): Object 'Object Repository/Login/li_Profile' is present

2023-10-05 10:45:20 - [MESSAGE][WARNING] - Timeout '0' is invalid. Using default page load timeout: '30'

2023-10-05 10:45:21 - [MESSAGE][PASSED] - Object 'Object Repository/Login/li_Profile' is present]]></system-out>
         <system-err><![CDATA[]]></system-err>
      </testcase>
      <testcase name="Test Cases/T13 Pembelian, Shipment dan Pembayaran/PBL-001" time="21.228" classname="Test Cases/T13 Pembelian, Shipment dan Pembayaran/PBL-001" status="PASSED">
         <system-out><![CDATA[2023-10-05 10:45:21 - [TEST_CASE][PASSED] - Test Cases/T13 Pembelian, Shipment dan Pembayaran/PBL-001: Test Cases/T13 Pembelian, Shipment dan Pembayaran/PBL-001

2023-10-05 10:45:21 - [TEST_STEP][PASSED] - callTestCase(findTestCase("T13 Pembelian, Shipment dan Pembayaran/LU-001"), ["username":"irfanafandi", "password":"12345irfan"], STOP_ON_FAILURE): Call Test Case 'Test Cases/T13 Pembelian, Shipment dan Pembayaran/LU-001' successfully

2023-10-05 10:45:22 - [TEST_CASE][PASSED] - Test Cases/T13 Pembelian, Shipment dan Pembayaran/LU-001: Test Cases/T13 Pembelian, Shipment dan Pembayaran/LU-001

2023-10-05 10:45:22 - [TEST_STEP][PASSED] - openBrowser("https://10.9.2.63/ecommerce/"): Browser is opened with url: 'https://10.9.2.63/ecommerce/'

2023-10-05 10:45:22 - [MESSAGE][WARNING] - A browser is already opened. Closing browser and opening a new one

2023-10-05 10:45:22 - [MESSAGE][INFO] - Starting 'Edge Chromium' driver

2023-10-05 10:45:22 - [MESSAGE][INFO] - User set preference: ['acceptInsecureCerts', 'true']

2023-10-05 10:45:25 - [MESSAGE][INFO] - Action delay is set to 0 milliseconds

2023-10-05 10:45:29 - [MESSAGE][PASSED] - Browser is opened with url: 'https://10.9.2.63/ecommerce/'

2023-10-05 10:45:29 - [TEST_STEP][PASSED] - maximizeWindow(): Current window maximized

2023-10-05 10:45:29 - [MESSAGE][PASSED] - Current window maximized

2023-10-05 10:45:29 - [TEST_STEP][PASSED] - verifyElementPresent(findTestObject("Login/Home"), 0): Object 'Object Repository/Login/Home' is present

2023-10-05 10:45:29 - [MESSAGE][WARNING] - Timeout '0' is invalid. Using default page load timeout: '30'

2023-10-05 10:45:29 - [MESSAGE][PASSED] - Object 'Object Repository/Login/Home' is present

2023-10-05 10:45:29 - [TEST_STEP][PASSED] - click(findTestObject("Login/a_Login")): Object: 'Object Repository/Login/a_Login' is clicked on

2023-10-05 10:45:30 - [MESSAGE][PASSED] - Object: 'Object Repository/Login/a_Login' is clicked on

2023-10-05 10:45:30 - [TEST_STEP][PASSED] - verifyElementPresent(findTestObject("Login/Tittle Login"), 0): Object 'Object Repository/Login/Tittle Login' is present

2023-10-05 10:45:30 - [MESSAGE][WARNING] - Timeout '0' is invalid. Using default page load timeout: '30'

2023-10-05 10:45:31 - [MESSAGE][PASSED] - Object 'Object Repository/Login/Tittle Login' is present

2023-10-05 10:45:31 - [TEST_STEP][PASSED] - setText(findTestObject("Login/input_Username, Email atau No. Handphone_a"), username): Text 'irfanafandi' is set on object 'Object Repository/Login/input_Username, Email atau No. Handphone_a'

2023-10-05 10:45:32 - [MESSAGE][PASSED] - Text 'irfanafandi' is set on object 'Object Repository/Login/input_Username, Email atau No. Handphone_a'

2023-10-05 10:45:32 - [TEST_STEP][PASSED] - setText(findTestObject("Login/input_Password_b"), password): Text '12345irfan' is set on object 'Object Repository/Login/input_Password_b'

2023-10-05 10:45:32 - [MESSAGE][PASSED] - Text '12345irfan' is set on object 'Object Repository/Login/input_Password_b'

2023-10-05 10:45:32 - [TEST_STEP][PASSED] - click(findTestObject("Login/label_Ingat saya")): Object: 'Object Repository/Login/label_Ingat saya' is clicked on

2023-10-05 10:45:33 - [MESSAGE][PASSED] - Object: 'Object Repository/Login/label_Ingat saya' is clicked on

2023-10-05 10:45:33 - [TEST_STEP][PASSED] - click(findTestObject("Login/button_Masuk")): Object: 'Object Repository/Login/button_Masuk' is clicked on

2023-10-05 10:45:34 - [MESSAGE][PASSED] - Object: 'Object Repository/Login/button_Masuk' is clicked on

2023-10-05 10:45:34 - [TEST_STEP][PASSED] - verifyElementPresent(findTestObject("Login/li_Profile"), 0): Object 'Object Repository/Login/li_Profile' is present

2023-10-05 10:45:34 - [MESSAGE][WARNING] - Timeout '0' is invalid. Using default page load timeout: '30'

2023-10-05 10:45:35 - [MESSAGE][PASSED] - Object 'Object Repository/Login/li_Profile' is present

2023-10-05 10:45:35 - [MESSAGE][PASSED] - Call Test Case 'Test Cases/T13 Pembelian, Shipment dan Pembayaran/LU-001' successfully

2023-10-05 10:45:35 - [TEST_STEP][PASSED] - mouseOver(findTestObject("beli barang/i_Mulai Belanja_icon-menu")): Object: 'Object Repository/beli barang/i_Mulai Belanja_icon-menu' is hovered

2023-10-05 10:45:35 - [MESSAGE][PASSED] - Object: 'Object Repository/beli barang/i_Mulai Belanja_icon-menu' is hovered

2023-10-05 10:45:35 - [TEST_STEP][PASSED] - click(findTestObject("beli barang/a_Fashion  Busana Wanita")): Object: 'Object Repository/beli barang/a_Fashion  Busana Wanita' is clicked on

2023-10-05 10:45:37 - [MESSAGE][PASSED] - Object: 'Object Repository/beli barang/a_Fashion  Busana Wanita' is clicked on

2023-10-05 10:45:37 - [TEST_STEP][PASSED] - NamaSebelum = getText(findTestObject("verifikasi/Nama sebelum")): Text of object 'Object Repository/verifikasi/Nama sebelum' is: ''

2023-10-05 10:45:37 - [MESSAGE][PASSED] - Text of object 'Object Repository/verifikasi/Nama sebelum' is: ''

2023-10-05 10:45:37 - [TEST_STEP][PASSED] - HargaSebelum = getText(findTestObject("verifikasi/Harga sebelum")): Text of object 'Object Repository/verifikasi/Harga sebelum' is: 'Rp 1,299'

2023-10-05 10:45:38 - [MESSAGE][PASSED] - Text of object 'Object Repository/verifikasi/Harga sebelum' is: 'Rp 1,299'

2023-10-05 10:45:38 - [TEST_STEP][PASSED] - mouseOver(findTestObject("beli barang/barang mouse over")): Object: 'Object Repository/beli barang/barang mouse over' is hovered

2023-10-05 10:45:39 - [MESSAGE][PASSED] - Object: 'Object Repository/beli barang/barang mouse over' is hovered

2023-10-05 10:45:39 - [TEST_STEP][PASSED] - click(findTestObject("beli barang/buttom add to cart")): Object: 'Object Repository/beli barang/buttom add to cart' is clicked on

2023-10-05 10:45:40 - [MESSAGE][PASSED] - Object: 'Object Repository/beli barang/buttom add to cart' is clicked on

2023-10-05 10:45:40 - [TEST_STEP][PASSED] - NamaSesudah = getText(findTestObject("verifikasi/Nama sesudah")): Text of object 'Object Repository/verifikasi/Nama sesudah' is: 'Segitiga Instan Madeira - MDB5.3 Sunset'

2023-10-05 10:45:40 - [MESSAGE][PASSED] - Text of object 'Object Repository/verifikasi/Nama sesudah' is: 'Segitiga Instan Madeira - MDB5.3 Sunset'

2023-10-05 10:45:40 - [TEST_STEP][PASSED] - HargaSesudah = getText(findTestObject("verifikasi/Harga sesudah")): Text of object 'Object Repository/verifikasi/Harga sesudah' is: 'Rp 1,299'

2023-10-05 10:45:41 - [MESSAGE][PASSED] - Text of object 'Object Repository/verifikasi/Harga sesudah' is: 'Rp 1,299'

2023-10-05 10:45:41 - [TEST_STEP][PASSED] - assert NamaSesudah.contains(NamaSebelum): null

2023-10-05 10:45:41 - [TEST_STEP][PASSED] - assert HargaSesudah.contains(HargaSebelum): null

2023-10-05 10:45:41 - [TEST_STEP][PASSED] - click(findTestObject("beli barang/Tambah Keranjang busana wanita")): Object: 'Object Repository/beli barang/Tambah Keranjang busana wanita' is clicked on

2023-10-05 10:45:41 - [MESSAGE][PASSED] - Object: 'Object Repository/beli barang/Tambah Keranjang busana wanita' is clicked on

2023-10-05 10:45:41 - [TEST_STEP][PASSED] - verifyElementPresent(findTestObject("checkout/Notifikasi keranjang"), 1): Object 'Object Repository/checkout/Notifikasi keranjang' is present

2023-10-05 10:45:42 - [MESSAGE][PASSED] - Object 'Object Repository/checkout/Notifikasi keranjang' is present

2023-10-05 10:45:42 - [TEST_STEP][PASSED] - data = new java.util.HashMap(): null

2023-10-05 10:45:42 - [TEST_STEP][PASSED] - data.put("nama_barang", NamaSesudah): null

2023-10-05 10:45:42 - [TEST_STEP][PASSED] - data.put("price_barang", HargaSesudah): null

2023-10-05 10:45:42 - [TEST_STEP][PASSED] - return data: null]]></system-out>
         <system-err><![CDATA[]]></system-err>
      </testcase>
      <testcase name="Test Cases/T13 Pembelian, Shipment dan Pembayaran/PBL-002" time="28.552" classname="Test Cases/T13 Pembelian, Shipment dan Pembayaran/PBL-002" status="PASSED">
         <system-out><![CDATA[2023-10-05 10:45:42 - [TEST_CASE][PASSED] - Test Cases/T13 Pembelian, Shipment dan Pembayaran/PBL-002: Test Cases/T13 Pembelian, Shipment dan Pembayaran/PBL-002

2023-10-05 10:45:43 - [TEST_STEP][PASSED] - data = callTestCase(findTestCase("T13 Pembelian, Shipment dan Pembayaran/PBL-001"), [:], STOP_ON_FAILURE): Call Test Case 'Test Cases/T13 Pembelian, Shipment dan Pembayaran/PBL-001' successfully

2023-10-05 10:45:43 - [TEST_CASE][PASSED] - Test Cases/T13 Pembelian, Shipment dan Pembayaran/PBL-001: Test Cases/T13 Pembelian, Shipment dan Pembayaran/PBL-001

2023-10-05 10:45:43 - [TEST_STEP][PASSED] - callTestCase(findTestCase("T13 Pembelian, Shipment dan Pembayaran/LU-001"), ["username":"irfanafandi", "password":"12345irfan"], STOP_ON_FAILURE): Call Test Case 'Test Cases/T13 Pembelian, Shipment dan Pembayaran/LU-001' successfully

2023-10-05 10:45:43 - [TEST_CASE][PASSED] - Test Cases/T13 Pembelian, Shipment dan Pembayaran/LU-001: Test Cases/T13 Pembelian, Shipment dan Pembayaran/LU-001

2023-10-05 10:45:43 - [TEST_STEP][PASSED] - openBrowser("https://10.9.2.63/ecommerce/"): Browser is opened with url: 'https://10.9.2.63/ecommerce/'

2023-10-05 10:45:43 - [MESSAGE][WARNING] - A browser is already opened. Closing browser and opening a new one

2023-10-05 10:45:44 - [MESSAGE][INFO] - Starting 'Edge Chromium' driver

2023-10-05 10:45:44 - [MESSAGE][INFO] - User set preference: ['acceptInsecureCerts', 'true']

2023-10-05 10:45:46 - [MESSAGE][INFO] - Action delay is set to 0 milliseconds

2023-10-05 10:45:50 - [MESSAGE][PASSED] - Browser is opened with url: 'https://10.9.2.63/ecommerce/'

2023-10-05 10:45:50 - [TEST_STEP][PASSED] - maximizeWindow(): Current window maximized

2023-10-05 10:45:50 - [MESSAGE][PASSED] - Current window maximized

2023-10-05 10:45:50 - [TEST_STEP][PASSED] - verifyElementPresent(findTestObject("Login/Home"), 0): Object 'Object Repository/Login/Home' is present

2023-10-05 10:45:50 - [MESSAGE][WARNING] - Timeout '0' is invalid. Using default page load timeout: '30'

2023-10-05 10:45:51 - [MESSAGE][PASSED] - Object 'Object Repository/Login/Home' is present

2023-10-05 10:45:51 - [TEST_STEP][PASSED] - click(findTestObject("Login/a_Login")): Object: 'Object Repository/Login/a_Login' is clicked on

2023-10-05 10:45:51 - [MESSAGE][PASSED] - Object: 'Object Repository/Login/a_Login' is clicked on

2023-10-05 10:45:51 - [TEST_STEP][PASSED] - verifyElementPresent(findTestObject("Login/Tittle Login"), 0): Object 'Object Repository/Login/Tittle Login' is present

2023-10-05 10:45:51 - [MESSAGE][WARNING] - Timeout '0' is invalid. Using default page load timeout: '30'

2023-10-05 10:45:52 - [MESSAGE][PASSED] - Object 'Object Repository/Login/Tittle Login' is present

2023-10-05 10:45:52 - [TEST_STEP][PASSED] - setText(findTestObject("Login/input_Username, Email atau No. Handphone_a"), username): Text 'irfanafandi' is set on object 'Object Repository/Login/input_Username, Email atau No. Handphone_a'

2023-10-05 10:45:53 - [MESSAGE][PASSED] - Text 'irfanafandi' is set on object 'Object Repository/Login/input_Username, Email atau No. Handphone_a'

2023-10-05 10:45:53 - [TEST_STEP][PASSED] - setText(findTestObject("Login/input_Password_b"), password): Text '12345irfan' is set on object 'Object Repository/Login/input_Password_b'

2023-10-05 10:45:54 - [MESSAGE][PASSED] - Text '12345irfan' is set on object 'Object Repository/Login/input_Password_b'

2023-10-05 10:45:54 - [TEST_STEP][PASSED] - click(findTestObject("Login/label_Ingat saya")): Object: 'Object Repository/Login/label_Ingat saya' is clicked on

2023-10-05 10:45:54 - [MESSAGE][PASSED] - Object: 'Object Repository/Login/label_Ingat saya' is clicked on

2023-10-05 10:45:54 - [TEST_STEP][PASSED] - click(findTestObject("Login/button_Masuk")): Object: 'Object Repository/Login/button_Masuk' is clicked on

2023-10-05 10:45:56 - [MESSAGE][PASSED] - Object: 'Object Repository/Login/button_Masuk' is clicked on

2023-10-05 10:45:56 - [TEST_STEP][PASSED] - verifyElementPresent(findTestObject("Login/li_Profile"), 0): Object 'Object Repository/Login/li_Profile' is present

2023-10-05 10:45:56 - [MESSAGE][WARNING] - Timeout '0' is invalid. Using default page load timeout: '30'

2023-10-05 10:45:57 - [MESSAGE][PASSED] - Object 'Object Repository/Login/li_Profile' is present

2023-10-05 10:45:57 - [MESSAGE][PASSED] - Call Test Case 'Test Cases/T13 Pembelian, Shipment dan Pembayaran/LU-001' successfully

2023-10-05 10:45:57 - [TEST_STEP][PASSED] - mouseOver(findTestObject("beli barang/i_Mulai Belanja_icon-menu")): Object: 'Object Repository/beli barang/i_Mulai Belanja_icon-menu' is hovered

2023-10-05 10:45:57 - [MESSAGE][PASSED] - Object: 'Object Repository/beli barang/i_Mulai Belanja_icon-menu' is hovered

2023-10-05 10:45:57 - [TEST_STEP][PASSED] - click(findTestObject("beli barang/a_Fashion  Busana Wanita")): Object: 'Object Repository/beli barang/a_Fashion  Busana Wanita' is clicked on

2023-10-05 10:45:58 - [MESSAGE][PASSED] - Object: 'Object Repository/beli barang/a_Fashion  Busana Wanita' is clicked on

2023-10-05 10:45:58 - [TEST_STEP][PASSED] - NamaSebelum = getText(findTestObject("verifikasi/Nama sebelum")): Text of object 'Object Repository/verifikasi/Nama sebelum' is: ''

2023-10-05 10:45:59 - [MESSAGE][PASSED] - Text of object 'Object Repository/verifikasi/Nama sebelum' is: ''

2023-10-05 10:45:59 - [TEST_STEP][PASSED] - HargaSebelum = getText(findTestObject("verifikasi/Harga sebelum")): Text of object 'Object Repository/verifikasi/Harga sebelum' is: ''

2023-10-05 10:45:59 - [MESSAGE][PASSED] - Text of object 'Object Repository/verifikasi/Harga sebelum' is: ''

2023-10-05 10:45:59 - [TEST_STEP][PASSED] - mouseOver(findTestObject("beli barang/barang mouse over")): Object: 'Object Repository/beli barang/barang mouse over' is hovered

2023-10-05 10:46:00 - [MESSAGE][PASSED] - Object: 'Object Repository/beli barang/barang mouse over' is hovered

2023-10-05 10:46:00 - [TEST_STEP][PASSED] - click(findTestObject("beli barang/buttom add to cart")): Object: 'Object Repository/beli barang/buttom add to cart' is clicked on

2023-10-05 10:46:02 - [MESSAGE][PASSED] - Object: 'Object Repository/beli barang/buttom add to cart' is clicked on

2023-10-05 10:46:02 - [TEST_STEP][PASSED] - NamaSesudah = getText(findTestObject("verifikasi/Nama sesudah")): Text of object 'Object Repository/verifikasi/Nama sesudah' is: 'Segitiga Instan Madeira - MDB5.3 Sunset'

2023-10-05 10:46:02 - [MESSAGE][PASSED] - Text of object 'Object Repository/verifikasi/Nama sesudah' is: 'Segitiga Instan Madeira - MDB5.3 Sunset'

2023-10-05 10:46:02 - [TEST_STEP][PASSED] - HargaSesudah = getText(findTestObject("verifikasi/Harga sesudah")): Text of object 'Object Repository/verifikasi/Harga sesudah' is: 'Rp 1,299'

2023-10-05 10:46:03 - [MESSAGE][PASSED] - Text of object 'Object Repository/verifikasi/Harga sesudah' is: 'Rp 1,299'

2023-10-05 10:46:03 - [TEST_STEP][PASSED] - assert NamaSesudah.contains(NamaSebelum): null

2023-10-05 10:46:03 - [TEST_STEP][PASSED] - assert HargaSesudah.contains(HargaSebelum): null

2023-10-05 10:46:03 - [TEST_STEP][PASSED] - click(findTestObject("beli barang/Tambah Keranjang busana wanita")): Object: 'Object Repository/beli barang/Tambah Keranjang busana wanita' is clicked on

2023-10-05 10:46:03 - [MESSAGE][PASSED] - Object: 'Object Repository/beli barang/Tambah Keranjang busana wanita' is clicked on

2023-10-05 10:46:03 - [TEST_STEP][PASSED] - verifyElementPresent(findTestObject("checkout/Notifikasi keranjang"), 1): Object 'Object Repository/checkout/Notifikasi keranjang' is present

2023-10-05 10:46:04 - [MESSAGE][PASSED] - Object 'Object Repository/checkout/Notifikasi keranjang' is present

2023-10-05 10:46:04 - [TEST_STEP][PASSED] - data = new java.util.HashMap(): null

2023-10-05 10:46:04 - [TEST_STEP][PASSED] - data.put("nama_barang", NamaSesudah): null

2023-10-05 10:46:04 - [TEST_STEP][PASSED] - data.put("price_barang", HargaSesudah): null

2023-10-05 10:46:04 - [TEST_STEP][PASSED] - return data: null

2023-10-05 10:46:04 - [MESSAGE][PASSED] - Call Test Case 'Test Cases/T13 Pembelian, Shipment dan Pembayaran/PBL-001' successfully

2023-10-05 10:46:04 - [TEST_STEP][PASSED] - mouseOver(findTestObject("beli barang/keranjang")): Object: 'Object Repository/beli barang/keranjang' is hovered

2023-10-05 10:46:04 - [MESSAGE][PASSED] - Object: 'Object Repository/beli barang/keranjang' is hovered

2023-10-05 10:46:04 - [TEST_STEP][PASSED] - click(findTestObject("beli barang/Lihat Sekarang")): Object: 'Object Repository/beli barang/Lihat Sekarang' is clicked on

2023-10-05 10:46:05 - [MESSAGE][PASSED] - Object: 'Object Repository/beli barang/Lihat Sekarang' is clicked on

2023-10-05 10:46:05 - [TEST_STEP][PASSED] - verifyElementPresent(findTestObject("keranjang/li_Keranjang Belanja"), 0): Object 'Object Repository/keranjang/li_Keranjang Belanja' is present

2023-10-05 10:46:06 - [MESSAGE][WARNING] - Timeout '0' is invalid. Using default page load timeout: '30'

2023-10-05 10:46:07 - [MESSAGE][PASSED] - Object 'Object Repository/keranjang/li_Keranjang Belanja' is present

2023-10-05 10:46:07 - [TEST_STEP][PASSED] - NamaKeranjang = getText(findTestObject("verifikasi/Nama keranjang")): Text of object 'Object Repository/verifikasi/Nama keranjang' is: 'Segitiga Instan Madeira - MDB5.3 Sunset'

2023-10-05 10:46:07 - [MESSAGE][PASSED] - Text of object 'Object Repository/verifikasi/Nama keranjang' is: 'Segitiga Instan Madeira - MDB5.3 Sunset'

2023-10-05 10:46:07 - [TEST_STEP][PASSED] - HargaKeranjang = getText(findTestObject("verifikasi/Harga Keranjang")): Text of object 'Object Repository/verifikasi/Harga Keranjang' is: 'Rp 1,299'

2023-10-05 10:46:08 - [MESSAGE][PASSED] - Text of object 'Object Repository/verifikasi/Harga Keranjang' is: 'Rp 1,299'

2023-10-05 10:46:08 - [TEST_STEP][PASSED] - if (toString().equalsIgnoreCase("Merah")): Object 'Object Repository/keranjang/input_Warna_variasi101' is checked

2023-10-05 10:46:08 - [TEST_STEP][PASSED] - check(findTestObject("Object Repository/keranjang/input_Warna_variasi101")): Object 'Object Repository/keranjang/input_Warna_variasi101' is checked

2023-10-05 10:46:08 - [MESSAGE][PASSED] - Object 'Object Repository/keranjang/input_Warna_variasi101' is checked

2023-10-05 10:46:08 - [TEST_STEP][PASSED] - if (toString().equalsIgnoreCase("Menengah")): Object 'Object Repository/keranjang/input_Ukuran_variasi201' is checked

2023-10-05 10:46:08 - [TEST_STEP][PASSED] - check(findTestObject("Object Repository/keranjang/input_Ukuran_variasi201")): Object 'Object Repository/keranjang/input_Ukuran_variasi201' is checked

2023-10-05 10:46:09 - [MESSAGE][PASSED] - Object 'Object Repository/keranjang/input_Ukuran_variasi201' is checked

2023-10-05 10:46:09 - [TEST_STEP][PASSED] - data.put("Warna", warna): null

2023-10-05 10:46:09 - [TEST_STEP][PASSED] - data.put("Ukuran", ukuran): null

2023-10-05 10:46:09 - [TEST_STEP][PASSED] - click(findTestObject("keranjang/button_Lanjut ke Pembayaran")): Object: 'Object Repository/keranjang/button_Lanjut ke Pembayaran' is clicked on

2023-10-05 10:46:10 - [MESSAGE][PASSED] - Object: 'Object Repository/keranjang/button_Lanjut ke Pembayaran' is clicked on

2023-10-05 10:46:10 - [TEST_STEP][PASSED] - verifyElementPresent(findTestObject("checkout/Tittle Checkout Order"), 0): Object 'Object Repository/checkout/Tittle Checkout Order' is present

2023-10-05 10:46:10 - [MESSAGE][WARNING] - Timeout '0' is invalid. Using default page load timeout: '30'

2023-10-05 10:46:11 - [MESSAGE][PASSED] - Object 'Object Repository/checkout/Tittle Checkout Order' is present

2023-10-05 10:46:11 - [TEST_STEP][PASSED] - name_product = data.get("nama_barang"): null

2023-10-05 10:46:11 - [TEST_STEP][PASSED] - price_product = data.get("price_barang"): null

2023-10-05 10:46:11 - [TEST_STEP][PASSED] - assert name_product == NamaKeranjang: null

2023-10-05 10:46:11 - [TEST_STEP][PASSED] - assert price_product == HargaKeranjang: null

2023-10-05 10:46:11 - [TEST_STEP][PASSED] - return data: null]]></system-out>
         <system-err><![CDATA[]]></system-err>
      </testcase>
      <testcase name="Test Cases/T13 Pembelian, Shipment dan Pembayaran/PBL-003" time="30.836" classname="Test Cases/T13 Pembelian, Shipment dan Pembayaran/PBL-003" status="FAILED">
         <failure type="FAILED" message="Test Cases/T13 Pembelian, Shipment dan Pembayaran/PBL-003 FAILED.
Reason:
com.kms.katalon.core.exception.StepFailedException: Unable to verify text 'Silakan pilih warna dan ukuran produk' is present 
	at com.kms.katalon.core.webui.keyword.internal.WebUIKeywordMain.stepFailed(WebUIKeywordMain.groovy:64)
	at com.kms.katalon.core.webui.keyword.internal.WebUIKeywordMain.runKeyword(WebUIKeywordMain.groovy:26)
	at com.kms.katalon.core.webui.keyword.builtin.VerifyTextPresentKeyword.verifyTextPresent(VerifyTextPresentKeyword.groovy:83)
	at com.kms.katalon.core.webui.keyword.builtin.VerifyTextPresentKeyword.execute(VerifyTextPresentKeyword.groovy:68)
	at com.kms.katalon.core.keyword.internal.KeywordExecutor.executeKeywordForPlatform(KeywordExecutor.groovy:74)
	at com.kms.katalon.core.webui.keyword.WebUiBuiltInKeywords.verifyTextPresent(WebUiBuiltInKeywords.groovy:1723)
	at com.kms.katalon.core.webui.keyword.WebUiBuiltInKeywords$verifyTextPresent$7.call(Unknown Source)
	at PBL-003.run(PBL-003:55)
	at com.kms.katalon.core.main.ScriptEngine.run(ScriptEngine.java:194)
	at com.kms.katalon.core.main.ScriptEngine.runScriptAsRawText(ScriptEngine.java:119)
	at com.kms.katalon.core.main.TestCaseExecutor.runScript(TestCaseExecutor.java:448)
	at com.kms.katalon.core.main.TestCaseExecutor.doExecute(TestCaseExecutor.java:439)
	at com.kms.katalon.core.main.TestCaseExecutor.processExecutionPhase(TestCaseExecutor.java:418)
	at com.kms.katalon.core.main.TestCaseExecutor.accessMainPhase(TestCaseExecutor.java:410)
	at com.kms.katalon.core.main.TestCaseExecutor.execute(TestCaseExecutor.java:285)
	at com.kms.katalon.core.common.CommonExecutor.accessTestCaseMainPhase(CommonExecutor.java:65)
	at com.kms.katalon.core.main.TestSuiteExecutor.accessTestSuiteMainPhase(TestSuiteExecutor.java:148)
	at com.kms.katalon.core.main.TestSuiteExecutor.execute(TestSuiteExecutor.java:106)
	at com.kms.katalon.core.main.TestCaseMain.startTestSuite(TestCaseMain.java:187)
	at com.kms.katalon.core.main.TestCaseMain$startTestSuite$0.call(Unknown Source)
	at TempTestSuite1696477503821.run(TempTestSuite1696477503821.groovy:36)
Caused by: com.kms.katalon.core.exception.StepFailedException: Text 'Silakan pilih warna dan ukuran produk' is not present on page 
	at com.kms.katalon.core.webui.keyword.internal.WebUIKeywordMain.stepFailed(WebUIKeywordMain.groovy:64)
	at com.kms.katalon.core.webui.keyword.builtin.VerifyTextPresentKeyword$_verifyTextPresent_closure1.doCall(VerifyTextPresentKeyword.groovy:79)
	at com.kms.katalon.core.webui.keyword.builtin.VerifyTextPresentKeyword$_verifyTextPresent_closure1.call(VerifyTextPresentKeyword.groovy)
	at com.kms.katalon.core.webui.keyword.internal.WebUIKeywordMain.runKeyword(WebUIKeywordMain.groovy:20)
	... 19 more
"/>
         <system-out><![CDATA[2023-10-05 10:46:11 - [TEST_CASE][FAILED] - Test Cases/T13 Pembelian, Shipment dan Pembayaran/PBL-003: Test Cases/T13 Pembelian, Shipment dan Pembayaran/PBL-003 FAILED.
Reason:
com.kms.katalon.core.exception.StepFailedException: Unable to verify text 'Silakan pilih warna dan ukuran produk' is present 
	at com.kms.katalon.core.webui.keyword.internal.WebUIKeywordMain.stepFailed(WebUIKeywordMain.groovy:64)
	at com.kms.katalon.core.webui.keyword.internal.WebUIKeywordMain.runKeyword(WebUIKeywordMain.groovy:26)
	at com.kms.katalon.core.webui.keyword.builtin.VerifyTextPresentKeyword.verifyTextPresent(VerifyTextPresentKeyword.groovy:83)
	at com.kms.katalon.core.webui.keyword.builtin.VerifyTextPresentKeyword.execute(VerifyTextPresentKeyword.groovy:68)
	at com.kms.katalon.core.keyword.internal.KeywordExecutor.executeKeywordForPlatform(KeywordExecutor.groovy:74)
	at com.kms.katalon.core.webui.keyword.WebUiBuiltInKeywords.verifyTextPresent(WebUiBuiltInKeywords.groovy:1723)
	at com.kms.katalon.core.webui.keyword.WebUiBuiltInKeywords$verifyTextPresent$7.call(Unknown Source)
	at PBL-003.run(PBL-003:55)
	at com.kms.katalon.core.main.ScriptEngine.run(ScriptEngine.java:194)
	at com.kms.katalon.core.main.ScriptEngine.runScriptAsRawText(ScriptEngine.java:119)
	at com.kms.katalon.core.main.TestCaseExecutor.runScript(TestCaseExecutor.java:448)
	at com.kms.katalon.core.main.TestCaseExecutor.doExecute(TestCaseExecutor.java:439)
	at com.kms.katalon.core.main.TestCaseExecutor.processExecutionPhase(TestCaseExecutor.java:418)
	at com.kms.katalon.core.main.TestCaseExecutor.accessMainPhase(TestCaseExecutor.java:410)
	at com.kms.katalon.core.main.TestCaseExecutor.execute(TestCaseExecutor.java:285)
	at com.kms.katalon.core.common.CommonExecutor.accessTestCaseMainPhase(CommonExecutor.java:65)
	at com.kms.katalon.core.main.TestSuiteExecutor.accessTestSuiteMainPhase(TestSuiteExecutor.java:148)
	at com.kms.katalon.core.main.TestSuiteExecutor.execute(TestSuiteExecutor.java:106)
	at com.kms.katalon.core.main.TestCaseMain.startTestSuite(TestCaseMain.java:187)
	at com.kms.katalon.core.main.TestCaseMain$startTestSuite$0.call(Unknown Source)
	at TempTestSuite1696477503821.run(TempTestSuite1696477503821.groovy:36)
Caused by: com.kms.katalon.core.exception.StepFailedException: Text 'Silakan pilih warna dan ukuran produk' is not present on page 
	at com.kms.katalon.core.webui.keyword.internal.WebUIKeywordMain.stepFailed(WebUIKeywordMain.groovy:64)
	at com.kms.katalon.core.webui.keyword.builtin.VerifyTextPresentKeyword$_verifyTextPresent_closure1.doCall(VerifyTextPresentKeyword.groovy:79)
	at com.kms.katalon.core.webui.keyword.builtin.VerifyTextPresentKeyword$_verifyTextPresent_closure1.call(VerifyTextPresentKeyword.groovy)
	at com.kms.katalon.core.webui.keyword.internal.WebUIKeywordMain.runKeyword(WebUIKeywordMain.groovy:20)
	... 19 more


2023-10-05 10:46:11 - [TEST_STEP][PASSED] - data = callTestCase(findTestCase("T13 Pembelian, Shipment dan Pembayaran/PBL-001"), [:], STOP_ON_FAILURE): Call Test Case 'Test Cases/T13 Pembelian, Shipment dan Pembayaran/PBL-001' successfully

2023-10-05 10:46:11 - [TEST_CASE][PASSED] - Test Cases/T13 Pembelian, Shipment dan Pembayaran/PBL-001: Test Cases/T13 Pembelian, Shipment dan Pembayaran/PBL-001

2023-10-05 10:46:11 - [TEST_STEP][PASSED] - callTestCase(findTestCase("T13 Pembelian, Shipment dan Pembayaran/LU-001"), ["username":"irfanafandi", "password":"12345irfan"], STOP_ON_FAILURE): Call Test Case 'Test Cases/T13 Pembelian, Shipment dan Pembayaran/LU-001' successfully

2023-10-05 10:46:11 - [TEST_CASE][PASSED] - Test Cases/T13 Pembelian, Shipment dan Pembayaran/LU-001: Test Cases/T13 Pembelian, Shipment dan Pembayaran/LU-001

2023-10-05 10:46:11 - [TEST_STEP][PASSED] - openBrowser("https://10.9.2.63/ecommerce/"): Browser is opened with url: 'https://10.9.2.63/ecommerce/'

2023-10-05 10:46:11 - [MESSAGE][WARNING] - A browser is already opened. Closing browser and opening a new one

2023-10-05 10:46:12 - [MESSAGE][INFO] - Starting 'Edge Chromium' driver

2023-10-05 10:46:12 - [MESSAGE][INFO] - User set preference: ['acceptInsecureCerts', 'true']

2023-10-05 10:46:14 - [MESSAGE][INFO] - Action delay is set to 0 milliseconds

2023-10-05 10:46:18 - [MESSAGE][PASSED] - Browser is opened with url: 'https://10.9.2.63/ecommerce/'

2023-10-05 10:46:18 - [TEST_STEP][PASSED] - maximizeWindow(): Current window maximized

2023-10-05 10:46:18 - [MESSAGE][PASSED] - Current window maximized

2023-10-05 10:46:18 - [TEST_STEP][PASSED] - verifyElementPresent(findTestObject("Login/Home"), 0): Object 'Object Repository/Login/Home' is present

2023-10-05 10:46:18 - [MESSAGE][WARNING] - Timeout '0' is invalid. Using default page load timeout: '30'

2023-10-05 10:46:19 - [MESSAGE][PASSED] - Object 'Object Repository/Login/Home' is present

2023-10-05 10:46:19 - [TEST_STEP][PASSED] - click(findTestObject("Login/a_Login")): Object: 'Object Repository/Login/a_Login' is clicked on

2023-10-05 10:46:19 - [MESSAGE][PASSED] - Object: 'Object Repository/Login/a_Login' is clicked on

2023-10-05 10:46:19 - [TEST_STEP][PASSED] - verifyElementPresent(findTestObject("Login/Tittle Login"), 0): Object 'Object Repository/Login/Tittle Login' is present

2023-10-05 10:46:19 - [MESSAGE][WARNING] - Timeout '0' is invalid. Using default page load timeout: '30'

2023-10-05 10:46:20 - [MESSAGE][PASSED] - Object 'Object Repository/Login/Tittle Login' is present

2023-10-05 10:46:20 - [TEST_STEP][PASSED] - setText(findTestObject("Login/input_Username, Email atau No. Handphone_a"), username): Text 'irfanafandi' is set on object 'Object Repository/Login/input_Username, Email atau No. Handphone_a'

2023-10-05 10:46:21 - [MESSAGE][PASSED] - Text 'irfanafandi' is set on object 'Object Repository/Login/input_Username, Email atau No. Handphone_a'

2023-10-05 10:46:21 - [TEST_STEP][PASSED] - setText(findTestObject("Login/input_Password_b"), password): Text '12345irfan' is set on object 'Object Repository/Login/input_Password_b'

2023-10-05 10:46:22 - [MESSAGE][PASSED] - Text '12345irfan' is set on object 'Object Repository/Login/input_Password_b'

2023-10-05 10:46:22 - [TEST_STEP][PASSED] - click(findTestObject("Login/label_Ingat saya")): Object: 'Object Repository/Login/label_Ingat saya' is clicked on

2023-10-05 10:46:22 - [MESSAGE][PASSED] - Object: 'Object Repository/Login/label_Ingat saya' is clicked on

2023-10-05 10:46:22 - [TEST_STEP][PASSED] - click(findTestObject("Login/button_Masuk")): Object: 'Object Repository/Login/button_Masuk' is clicked on

2023-10-05 10:46:24 - [MESSAGE][PASSED] - Object: 'Object Repository/Login/button_Masuk' is clicked on

2023-10-05 10:46:24 - [TEST_STEP][PASSED] - verifyElementPresent(findTestObject("Login/li_Profile"), 0): Object 'Object Repository/Login/li_Profile' is present

2023-10-05 10:46:24 - [MESSAGE][WARNING] - Timeout '0' is invalid. Using default page load timeout: '30'

2023-10-05 10:46:25 - [MESSAGE][PASSED] - Object 'Object Repository/Login/li_Profile' is present

2023-10-05 10:46:25 - [MESSAGE][PASSED] - Call Test Case 'Test Cases/T13 Pembelian, Shipment dan Pembayaran/LU-001' successfully

2023-10-05 10:46:25 - [TEST_STEP][PASSED] - mouseOver(findTestObject("beli barang/i_Mulai Belanja_icon-menu")): Object: 'Object Repository/beli barang/i_Mulai Belanja_icon-menu' is hovered

2023-10-05 10:46:25 - [MESSAGE][PASSED] - Object: 'Object Repository/beli barang/i_Mulai Belanja_icon-menu' is hovered

2023-10-05 10:46:25 - [TEST_STEP][PASSED] - click(findTestObject("beli barang/a_Fashion  Busana Wanita")): Object: 'Object Repository/beli barang/a_Fashion  Busana Wanita' is clicked on

2023-10-05 10:46:26 - [MESSAGE][PASSED] - Object: 'Object Repository/beli barang/a_Fashion  Busana Wanita' is clicked on

2023-10-05 10:46:26 - [TEST_STEP][PASSED] - NamaSebelum = getText(findTestObject("verifikasi/Nama sebelum")): Text of object 'Object Repository/verifikasi/Nama sebelum' is: ''

2023-10-05 10:46:27 - [MESSAGE][PASSED] - Text of object 'Object Repository/verifikasi/Nama sebelum' is: ''

2023-10-05 10:46:27 - [TEST_STEP][PASSED] - HargaSebelum = getText(findTestObject("verifikasi/Harga sebelum")): Text of object 'Object Repository/verifikasi/Harga sebelum' is: ''

2023-10-05 10:46:28 - [MESSAGE][PASSED] - Text of object 'Object Repository/verifikasi/Harga sebelum' is: ''

2023-10-05 10:46:28 - [TEST_STEP][PASSED] - mouseOver(findTestObject("beli barang/barang mouse over")): Object: 'Object Repository/beli barang/barang mouse over' is hovered

2023-10-05 10:46:28 - [MESSAGE][PASSED] - Object: 'Object Repository/beli barang/barang mouse over' is hovered

2023-10-05 10:46:28 - [TEST_STEP][PASSED] - click(findTestObject("beli barang/buttom add to cart")): Object: 'Object Repository/beli barang/buttom add to cart' is clicked on

2023-10-05 10:46:30 - [MESSAGE][PASSED] - Object: 'Object Repository/beli barang/buttom add to cart' is clicked on

2023-10-05 10:46:30 - [TEST_STEP][PASSED] - NamaSesudah = getText(findTestObject("verifikasi/Nama sesudah")): Text of object 'Object Repository/verifikasi/Nama sesudah' is: 'Segitiga Instan Madeira - MDB5.3 Sunset'

2023-10-05 10:46:31 - [MESSAGE][PASSED] - Text of object 'Object Repository/verifikasi/Nama sesudah' is: 'Segitiga Instan Madeira - MDB5.3 Sunset'

2023-10-05 10:46:31 - [TEST_STEP][PASSED] - HargaSesudah = getText(findTestObject("verifikasi/Harga sesudah")): Text of object 'Object Repository/verifikasi/Harga sesudah' is: 'Rp 1,299'

2023-10-05 10:46:31 - [MESSAGE][PASSED] - Text of object 'Object Repository/verifikasi/Harga sesudah' is: 'Rp 1,299'

2023-10-05 10:46:31 - [TEST_STEP][PASSED] - assert NamaSesudah.contains(NamaSebelum): null

2023-10-05 10:46:31 - [TEST_STEP][PASSED] - assert HargaSesudah.contains(HargaSebelum): null

2023-10-05 10:46:31 - [TEST_STEP][PASSED] - click(findTestObject("beli barang/Tambah Keranjang busana wanita")): Object: 'Object Repository/beli barang/Tambah Keranjang busana wanita' is clicked on

2023-10-05 10:46:31 - [MESSAGE][PASSED] - Object: 'Object Repository/beli barang/Tambah Keranjang busana wanita' is clicked on

2023-10-05 10:46:31 - [TEST_STEP][PASSED] - verifyElementPresent(findTestObject("checkout/Notifikasi keranjang"), 1): Object 'Object Repository/checkout/Notifikasi keranjang' is present

2023-10-05 10:46:32 - [MESSAGE][PASSED] - Object 'Object Repository/checkout/Notifikasi keranjang' is present

2023-10-05 10:46:32 - [TEST_STEP][PASSED] - data = new java.util.HashMap(): null

2023-10-05 10:46:32 - [TEST_STEP][PASSED] - data.put("nama_barang", NamaSesudah): null

2023-10-05 10:46:32 - [TEST_STEP][PASSED] - data.put("price_barang", HargaSesudah): null

2023-10-05 10:46:32 - [TEST_STEP][PASSED] - return data: null

2023-10-05 10:46:32 - [MESSAGE][PASSED] - Call Test Case 'Test Cases/T13 Pembelian, Shipment dan Pembayaran/PBL-001' successfully

2023-10-05 10:46:32 - [TEST_STEP][PASSED] - mouseOver(findTestObject("beli barang/keranjang")): Object: 'Object Repository/beli barang/keranjang' is hovered

2023-10-05 10:46:33 - [MESSAGE][PASSED] - Object: 'Object Repository/beli barang/keranjang' is hovered

2023-10-05 10:46:33 - [TEST_STEP][PASSED] - click(findTestObject("beli barang/Lihat Sekarang")): Object: 'Object Repository/beli barang/Lihat Sekarang' is clicked on

2023-10-05 10:46:34 - [MESSAGE][PASSED] - Object: 'Object Repository/beli barang/Lihat Sekarang' is clicked on

2023-10-05 10:46:34 - [TEST_STEP][PASSED] - verifyElementPresent(findTestObject("keranjang/li_Keranjang Belanja"), 0): Object 'Object Repository/keranjang/li_Keranjang Belanja' is present

2023-10-05 10:46:34 - [MESSAGE][WARNING] - Timeout '0' is invalid. Using default page load timeout: '30'

2023-10-05 10:46:35 - [MESSAGE][PASSED] - Object 'Object Repository/keranjang/li_Keranjang Belanja' is present

2023-10-05 10:46:35 - [TEST_STEP][PASSED] - click(findTestObject("keranjang/button_Lanjut ke Pembayaran")): Object: 'Object Repository/keranjang/button_Lanjut ke Pembayaran' is clicked on

2023-10-05 10:46:37 - [MESSAGE][PASSED] - Object: 'Object Repository/keranjang/button_Lanjut ke Pembayaran' is clicked on

2023-10-05 10:46:37 - [TEST_STEP][PASSED] - mouseOver(findTestObject("beli barang/keranjang")): Object: 'Object Repository/beli barang/keranjang' is hovered

2023-10-05 10:46:38 - [MESSAGE][PASSED] - Object: 'Object Repository/beli barang/keranjang' is hovered

2023-10-05 10:46:38 - [TEST_STEP][PASSED] - click(findTestObject("hapus barang/buttom x")): Object: 'Object Repository/hapus barang/buttom x' is clicked on

2023-10-05 10:46:38 - [MESSAGE][PASSED] - Object: 'Object Repository/hapus barang/buttom x' is clicked on

2023-10-05 10:46:38 - [TEST_STEP][PASSED] - click(findTestObject("hapus barang/button_Hapus Barang")): Object: 'Object Repository/hapus barang/button_Hapus Barang' is clicked on

2023-10-05 10:46:39 - [MESSAGE][PASSED] - Object: 'Object Repository/hapus barang/button_Hapus Barang' is clicked on

2023-10-05 10:46:39 - [TEST_STEP][FAILED] - verifyTextPresent("Silakan pilih warna dan ukuran produk", false): Unable to verify text 'Silakan pilih warna dan ukuran produk' is present  (Root cause: com.kms.katalon.core.exception.StepFailedException: Unable to verify text 'Silakan pilih warna dan ukuran produk' is present 
	at com.kms.katalon.core.webui.keyword.internal.WebUIKeywordMain.stepFailed(WebUIKeywordMain.groovy:64)
	at com.kms.katalon.core.webui.keyword.internal.WebUIKeywordMain.runKeyword(WebUIKeywordMain.groovy:26)
	at com.kms.katalon.core.webui.keyword.builtin.VerifyTextPresentKeyword.verifyTextPresent(VerifyTextPresentKeyword.groovy:83)
	at com.kms.katalon.core.webui.keyword.builtin.VerifyTextPresentKeyword.execute(VerifyTextPresentKeyword.groovy:68)
	at com.kms.katalon.core.keyword.internal.KeywordExecutor.executeKeywordForPlatform(KeywordExecutor.groovy:74)
	at com.kms.katalon.core.webui.keyword.WebUiBuiltInKeywords.verifyTextPresent(WebUiBuiltInKeywords.groovy:1723)
	at com.kms.katalon.core.webui.keyword.WebUiBuiltInKeywords$verifyTextPresent$7.call(Unknown Source)
	at PBL-003.run(PBL-003:55)
	at com.kms.katalon.core.main.ScriptEngine.run(ScriptEngine.java:194)
	at com.kms.katalon.core.main.ScriptEngine.runScriptAsRawText(ScriptEngine.java:119)
	at com.kms.katalon.core.main.TestCaseExecutor.runScript(TestCaseExecutor.java:448)
	at com.kms.katalon.core.main.TestCaseExecutor.doExecute(TestCaseExecutor.java:439)
	at com.kms.katalon.core.main.TestCaseExecutor.processExecutionPhase(TestCaseExecutor.java:418)
	at com.kms.katalon.core.main.TestCaseExecutor.accessMainPhase(TestCaseExecutor.java:410)
	at com.kms.katalon.core.main.TestCaseExecutor.execute(TestCaseExecutor.java:285)
	at com.kms.katalon.core.common.CommonExecutor.accessTestCaseMainPhase(CommonExecutor.java:65)
	at com.kms.katalon.core.main.TestSuiteExecutor.accessTestSuiteMainPhase(TestSuiteExecutor.java:148)
	at com.kms.katalon.core.main.TestSuiteExecutor.execute(TestSuiteExecutor.java:106)
	at com.kms.katalon.core.main.TestCaseMain.startTestSuite(TestCaseMain.java:187)
	at com.kms.katalon.core.main.TestCaseMain$startTestSuite$0.call(Unknown Source)
	at TempTestSuite1696477503821.run(TempTestSuite1696477503821.groovy:36)
Caused by: com.kms.katalon.core.exception.StepFailedException: Text 'Silakan pilih warna dan ukuran produk' is not present on page 
	at com.kms.katalon.core.webui.keyword.internal.WebUIKeywordMain.stepFailed(WebUIKeywordMain.groovy:64)
	at com.kms.katalon.core.webui.keyword.builtin.VerifyTextPresentKeyword$_verifyTextPresent_closure1.doCall(VerifyTextPresentKeyword.groovy:79)
	at com.kms.katalon.core.webui.keyword.builtin.VerifyTextPresentKeyword$_verifyTextPresent_closure1.call(VerifyTextPresentKeyword.groovy)
	at com.kms.katalon.core.webui.keyword.internal.WebUIKeywordMain.runKeyword(WebUIKeywordMain.groovy:20)
	... 19 more
)

2023-10-05 10:46:41 - [MESSAGE][FAILED] - Text 'Silakan pilih warna dan ukuran produk' is not present on page  (Root cause: com.kms.katalon.core.exception.StepFailedException: Text 'Silakan pilih warna dan ukuran produk' is not present on page 
	at com.kms.katalon.core.webui.keyword.internal.WebUIKeywordMain.stepFailed(WebUIKeywordMain.groovy:64)
	at com.kms.katalon.core.webui.keyword.builtin.VerifyTextPresentKeyword$_verifyTextPresent_closure1.doCall(VerifyTextPresentKeyword.groovy:79)
	at com.kms.katalon.core.webui.keyword.builtin.VerifyTextPresentKeyword$_verifyTextPresent_closure1.call(VerifyTextPresentKeyword.groovy)
	at com.kms.katalon.core.webui.keyword.internal.WebUIKeywordMain.runKeyword(WebUIKeywordMain.groovy:20)
	at com.kms.katalon.core.webui.keyword.builtin.VerifyTextPresentKeyword.verifyTextPresent(VerifyTextPresentKeyword.groovy:83)
	at com.kms.katalon.core.webui.keyword.builtin.VerifyTextPresentKeyword.execute(VerifyTextPresentKeyword.groovy:68)
	at com.kms.katalon.core.keyword.internal.KeywordExecutor.executeKeywordForPlatform(KeywordExecutor.groovy:74)
	at com.kms.katalon.core.webui.keyword.WebUiBuiltInKeywords.verifyTextPresent(WebUiBuiltInKeywords.groovy:1723)
	at com.kms.katalon.core.webui.keyword.WebUiBuiltInKeywords$verifyTextPresent$7.call(Unknown Source)
	at PBL-003.run(PBL-003:55)
	at com.kms.katalon.core.main.ScriptEngine.run(ScriptEngine.java:194)
	at com.kms.katalon.core.main.ScriptEngine.runScriptAsRawText(ScriptEngine.java:119)
	at com.kms.katalon.core.main.TestCaseExecutor.runScript(TestCaseExecutor.java:448)
	at com.kms.katalon.core.main.TestCaseExecutor.doExecute(TestCaseExecutor.java:439)
	at com.kms.katalon.core.main.TestCaseExecutor.processExecutionPhase(TestCaseExecutor.java:418)
	at com.kms.katalon.core.main.TestCaseExecutor.accessMainPhase(TestCaseExecutor.java:410)
	at com.kms.katalon.core.main.TestCaseExecutor.execute(TestCaseExecutor.java:285)
	at com.kms.katalon.core.common.CommonExecutor.accessTestCaseMainPhase(CommonExecutor.java:65)
	at com.kms.katalon.core.main.TestSuiteExecutor.accessTestSuiteMainPhase(TestSuiteExecutor.java:148)
	at com.kms.katalon.core.main.TestSuiteExecutor.execute(TestSuiteExecutor.java:106)
	at com.kms.katalon.core.main.TestCaseMain.startTestSuite(TestCaseMain.java:187)
	at com.kms.katalon.core.main.TestCaseMain$startTestSuite$0.call(Unknown Source)
	at TempTestSuite1696477503821.run(TempTestSuite1696477503821.groovy:36)
)

2023-10-05 10:46:42 - [MESSAGE][FAILED] - Unable to verify text 'Silakan pilih warna dan ukuran produk' is present  (Root cause: com.kms.katalon.core.exception.StepFailedException: Unable to verify text 'Silakan pilih warna dan ukuran produk' is present 
	at com.kms.katalon.core.webui.keyword.internal.WebUIKeywordMain.stepFailed(WebUIKeywordMain.groovy:64)
	at com.kms.katalon.core.webui.keyword.internal.WebUIKeywordMain.runKeyword(WebUIKeywordMain.groovy:26)
	at com.kms.katalon.core.webui.keyword.builtin.VerifyTextPresentKeyword.verifyTextPresent(VerifyTextPresentKeyword.groovy:83)
	at com.kms.katalon.core.webui.keyword.builtin.VerifyTextPresentKeyword.execute(VerifyTextPresentKeyword.groovy:68)
	at com.kms.katalon.core.keyword.internal.KeywordExecutor.executeKeywordForPlatform(KeywordExecutor.groovy:74)
	at com.kms.katalon.core.webui.keyword.WebUiBuiltInKeywords.verifyTextPresent(WebUiBuiltInKeywords.groovy:1723)
	at com.kms.katalon.core.webui.keyword.WebUiBuiltInKeywords$verifyTextPresent$7.call(Unknown Source)
	at PBL-003.run(PBL-003:55)
	at com.kms.katalon.core.main.ScriptEngine.run(ScriptEngine.java:194)
	at com.kms.katalon.core.main.ScriptEngine.runScriptAsRawText(ScriptEngine.java:119)
	at com.kms.katalon.core.main.TestCaseExecutor.runScript(TestCaseExecutor.java:448)
	at com.kms.katalon.core.main.TestCaseExecutor.doExecute(TestCaseExecutor.java:439)
	at com.kms.katalon.core.main.TestCaseExecutor.processExecutionPhase(TestCaseExecutor.java:418)
	at com.kms.katalon.core.main.TestCaseExecutor.accessMainPhase(TestCaseExecutor.java:410)
	at com.kms.katalon.core.main.TestCaseExecutor.execute(TestCaseExecutor.java:285)
	at com.kms.katalon.core.common.CommonExecutor.accessTestCaseMainPhase(CommonExecutor.java:65)
	at com.kms.katalon.core.main.TestSuiteExecutor.accessTestSuiteMainPhase(TestSuiteExecutor.java:148)
	at com.kms.katalon.core.main.TestSuiteExecutor.execute(TestSuiteExecutor.java:106)
	at com.kms.katalon.core.main.TestCaseMain.startTestSuite(TestCaseMain.java:187)
	at com.kms.katalon.core.main.TestCaseMain$startTestSuite$0.call(Unknown Source)
	at TempTestSuite1696477503821.run(TempTestSuite1696477503821.groovy:36)
Caused by: com.kms.katalon.core.exception.StepFailedException: Text 'Silakan pilih warna dan ukuran produk' is not present on page 
	at com.kms.katalon.core.webui.keyword.internal.WebUIKeywordMain.stepFailed(WebUIKeywordMain.groovy:64)
	at com.kms.katalon.core.webui.keyword.builtin.VerifyTextPresentKeyword$_verifyTextPresent_closure1.doCall(VerifyTextPresentKeyword.groovy:79)
	at com.kms.katalon.core.webui.keyword.builtin.VerifyTextPresentKeyword$_verifyTextPresent_closure1.call(VerifyTextPresentKeyword.groovy)
	at com.kms.katalon.core.webui.keyword.internal.WebUIKeywordMain.runKeyword(WebUIKeywordMain.groovy:20)
	... 19 more
)
[[ATTACHMENT|C:\\FT2 XSIS\\Projek 2 MINI PROJEK\\Reports\\20231005_104503\\T13 Pembelian, Shipment dan Pembayaran\\T13 Pembelian, Shipment dan Pembayaran\\20231005_104503\\1696477601998.png]]]]></system-out>
         <system-err><![CDATA[2023-10-05 10:46:11 - [TEST_CASE][FAILED] - Test Cases/T13 Pembelian, Shipment dan Pembayaran/PBL-003: Test Cases/T13 Pembelian, Shipment dan Pembayaran/PBL-003 FAILED.
Reason:
com.kms.katalon.core.exception.StepFailedException: Unable to verify text 'Silakan pilih warna dan ukuran produk' is present 
	at com.kms.katalon.core.webui.keyword.internal.WebUIKeywordMain.stepFailed(WebUIKeywordMain.groovy:64)
	at com.kms.katalon.core.webui.keyword.internal.WebUIKeywordMain.runKeyword(WebUIKeywordMain.groovy:26)
	at com.kms.katalon.core.webui.keyword.builtin.VerifyTextPresentKeyword.verifyTextPresent(VerifyTextPresentKeyword.groovy:83)
	at com.kms.katalon.core.webui.keyword.builtin.VerifyTextPresentKeyword.execute(VerifyTextPresentKeyword.groovy:68)
	at com.kms.katalon.core.keyword.internal.KeywordExecutor.executeKeywordForPlatform(KeywordExecutor.groovy:74)
	at com.kms.katalon.core.webui.keyword.WebUiBuiltInKeywords.verifyTextPresent(WebUiBuiltInKeywords.groovy:1723)
	at com.kms.katalon.core.webui.keyword.WebUiBuiltInKeywords$verifyTextPresent$7.call(Unknown Source)
	at PBL-003.run(PBL-003:55)
	at com.kms.katalon.core.main.ScriptEngine.run(ScriptEngine.java:194)
	at com.kms.katalon.core.main.ScriptEngine.runScriptAsRawText(ScriptEngine.java:119)
	at com.kms.katalon.core.main.TestCaseExecutor.runScript(TestCaseExecutor.java:448)
	at com.kms.katalon.core.main.TestCaseExecutor.doExecute(TestCaseExecutor.java:439)
	at com.kms.katalon.core.main.TestCaseExecutor.processExecutionPhase(TestCaseExecutor.java:418)
	at com.kms.katalon.core.main.TestCaseExecutor.accessMainPhase(TestCaseExecutor.java:410)
	at com.kms.katalon.core.main.TestCaseExecutor.execute(TestCaseExecutor.java:285)
	at com.kms.katalon.core.common.CommonExecutor.accessTestCaseMainPhase(CommonExecutor.java:65)
	at com.kms.katalon.core.main.TestSuiteExecutor.accessTestSuiteMainPhase(TestSuiteExecutor.java:148)
	at com.kms.katalon.core.main.TestSuiteExecutor.execute(TestSuiteExecutor.java:106)
	at com.kms.katalon.core.main.TestCaseMain.startTestSuite(TestCaseMain.java:187)
	at com.kms.katalon.core.main.TestCaseMain$startTestSuite$0.call(Unknown Source)
	at TempTestSuite1696477503821.run(TempTestSuite1696477503821.groovy:36)
Caused by: com.kms.katalon.core.exception.StepFailedException: Text 'Silakan pilih warna dan ukuran produk' is not present on page 
	at com.kms.katalon.core.webui.keyword.internal.WebUIKeywordMain.stepFailed(WebUIKeywordMain.groovy:64)
	at com.kms.katalon.core.webui.keyword.builtin.VerifyTextPresentKeyword$_verifyTextPresent_closure1.doCall(VerifyTextPresentKeyword.groovy:79)
	at com.kms.katalon.core.webui.keyword.builtin.VerifyTextPresentKeyword$_verifyTextPresent_closure1.call(VerifyTextPresentKeyword.groovy)
	at com.kms.katalon.core.webui.keyword.internal.WebUIKeywordMain.runKeyword(WebUIKeywordMain.groovy:20)
	... 19 more]]></system-err>
      </testcase>
      <testcase name="Test Cases/T13 Pembelian, Shipment dan Pembayaran/PBL-004" time="43.27" classname="Test Cases/T13 Pembelian, Shipment dan Pembayaran/PBL-004" status="PASSED">
         <system-out><![CDATA[2023-10-05 10:46:42 - [TEST_CASE][PASSED] - Test Cases/T13 Pembelian, Shipment dan Pembayaran/PBL-004: Test Cases/T13 Pembelian, Shipment dan Pembayaran/PBL-004

2023-10-05 10:46:42 - [TEST_STEP][PASSED] - data = callTestCase(findTestCase("T13 Pembelian, Shipment dan Pembayaran/PBL-002"), [:], STOP_ON_FAILURE): Call Test Case 'Test Cases/T13 Pembelian, Shipment dan Pembayaran/PBL-002' successfully

2023-10-05 10:46:42 - [TEST_CASE][PASSED] - Test Cases/T13 Pembelian, Shipment dan Pembayaran/PBL-002: Test Cases/T13 Pembelian, Shipment dan Pembayaran/PBL-002

2023-10-05 10:46:42 - [TEST_STEP][PASSED] - data = callTestCase(findTestCase("T13 Pembelian, Shipment dan Pembayaran/PBL-001"), [:], STOP_ON_FAILURE): Call Test Case 'Test Cases/T13 Pembelian, Shipment dan Pembayaran/PBL-001' successfully

2023-10-05 10:46:43 - [TEST_CASE][PASSED] - Test Cases/T13 Pembelian, Shipment dan Pembayaran/PBL-001: Test Cases/T13 Pembelian, Shipment dan Pembayaran/PBL-001

2023-10-05 10:46:43 - [TEST_STEP][PASSED] - callTestCase(findTestCase("T13 Pembelian, Shipment dan Pembayaran/LU-001"), ["username":"irfanafandi", "password":"12345irfan"], STOP_ON_FAILURE): Call Test Case 'Test Cases/T13 Pembelian, Shipment dan Pembayaran/LU-001' successfully

2023-10-05 10:46:43 - [TEST_CASE][PASSED] - Test Cases/T13 Pembelian, Shipment dan Pembayaran/LU-001: Test Cases/T13 Pembelian, Shipment dan Pembayaran/LU-001

2023-10-05 10:46:43 - [TEST_STEP][PASSED] - openBrowser("https://10.9.2.63/ecommerce/"): Browser is opened with url: 'https://10.9.2.63/ecommerce/'

2023-10-05 10:46:43 - [MESSAGE][WARNING] - A browser is already opened. Closing browser and opening a new one

2023-10-05 10:46:43 - [MESSAGE][INFO] - Starting 'Edge Chromium' driver

2023-10-05 10:46:43 - [MESSAGE][INFO] - User set preference: ['acceptInsecureCerts', 'true']

2023-10-05 10:46:46 - [MESSAGE][INFO] - Action delay is set to 0 milliseconds

2023-10-05 10:46:49 - [MESSAGE][PASSED] - Browser is opened with url: 'https://10.9.2.63/ecommerce/'

2023-10-05 10:46:49 - [TEST_STEP][PASSED] - maximizeWindow(): Current window maximized

2023-10-05 10:46:49 - [MESSAGE][PASSED] - Current window maximized

2023-10-05 10:46:49 - [TEST_STEP][PASSED] - verifyElementPresent(findTestObject("Login/Home"), 0): Object 'Object Repository/Login/Home' is present

2023-10-05 10:46:49 - [MESSAGE][WARNING] - Timeout '0' is invalid. Using default page load timeout: '30'

2023-10-05 10:46:50 - [MESSAGE][PASSED] - Object 'Object Repository/Login/Home' is present

2023-10-05 10:46:50 - [TEST_STEP][PASSED] - click(findTestObject("Login/a_Login")): Object: 'Object Repository/Login/a_Login' is clicked on

2023-10-05 10:46:50 - [MESSAGE][PASSED] - Object: 'Object Repository/Login/a_Login' is clicked on

2023-10-05 10:46:50 - [TEST_STEP][PASSED] - verifyElementPresent(findTestObject("Login/Tittle Login"), 0): Object 'Object Repository/Login/Tittle Login' is present

2023-10-05 10:46:50 - [MESSAGE][WARNING] - Timeout '0' is invalid. Using default page load timeout: '30'

2023-10-05 10:46:51 - [MESSAGE][PASSED] - Object 'Object Repository/Login/Tittle Login' is present

2023-10-05 10:46:51 - [TEST_STEP][PASSED] - setText(findTestObject("Login/input_Username, Email atau No. Handphone_a"), username): Text 'irfanafandi' is set on object 'Object Repository/Login/input_Username, Email atau No. Handphone_a'

2023-10-05 10:46:52 - [MESSAGE][PASSED] - Text 'irfanafandi' is set on object 'Object Repository/Login/input_Username, Email atau No. Handphone_a'

2023-10-05 10:46:52 - [TEST_STEP][PASSED] - setText(findTestObject("Login/input_Password_b"), password): Text '12345irfan' is set on object 'Object Repository/Login/input_Password_b'

2023-10-05 10:46:53 - [MESSAGE][PASSED] - Text '12345irfan' is set on object 'Object Repository/Login/input_Password_b'

2023-10-05 10:46:53 - [TEST_STEP][PASSED] - click(findTestObject("Login/label_Ingat saya")): Object: 'Object Repository/Login/label_Ingat saya' is clicked on

2023-10-05 10:46:53 - [MESSAGE][PASSED] - Object: 'Object Repository/Login/label_Ingat saya' is clicked on

2023-10-05 10:46:53 - [TEST_STEP][PASSED] - click(findTestObject("Login/button_Masuk")): Object: 'Object Repository/Login/button_Masuk' is clicked on

2023-10-05 10:46:55 - [MESSAGE][PASSED] - Object: 'Object Repository/Login/button_Masuk' is clicked on

2023-10-05 10:46:55 - [TEST_STEP][PASSED] - verifyElementPresent(findTestObject("Login/li_Profile"), 0): Object 'Object Repository/Login/li_Profile' is present

2023-10-05 10:46:55 - [MESSAGE][WARNING] - Timeout '0' is invalid. Using default page load timeout: '30'

2023-10-05 10:46:56 - [MESSAGE][PASSED] - Object 'Object Repository/Login/li_Profile' is present

2023-10-05 10:46:56 - [MESSAGE][PASSED] - Call Test Case 'Test Cases/T13 Pembelian, Shipment dan Pembayaran/LU-001' successfully

2023-10-05 10:46:56 - [TEST_STEP][PASSED] - mouseOver(findTestObject("beli barang/i_Mulai Belanja_icon-menu")): Object: 'Object Repository/beli barang/i_Mulai Belanja_icon-menu' is hovered

2023-10-05 10:46:56 - [MESSAGE][PASSED] - Object: 'Object Repository/beli barang/i_Mulai Belanja_icon-menu' is hovered

2023-10-05 10:46:56 - [TEST_STEP][PASSED] - click(findTestObject("beli barang/a_Fashion  Busana Wanita")): Object: 'Object Repository/beli barang/a_Fashion  Busana Wanita' is clicked on

2023-10-05 10:46:58 - [MESSAGE][PASSED] - Object: 'Object Repository/beli barang/a_Fashion  Busana Wanita' is clicked on

2023-10-05 10:46:58 - [TEST_STEP][PASSED] - NamaSebelum = getText(findTestObject("verifikasi/Nama sebelum")): Text of object 'Object Repository/verifikasi/Nama sebelum' is: ''

2023-10-05 10:46:58 - [MESSAGE][PASSED] - Text of object 'Object Repository/verifikasi/Nama sebelum' is: ''

2023-10-05 10:46:58 - [TEST_STEP][PASSED] - HargaSebelum = getText(findTestObject("verifikasi/Harga sebelum")): Text of object 'Object Repository/verifikasi/Harga sebelum' is: 'Rp 1,299'

2023-10-05 10:46:59 - [MESSAGE][PASSED] - Text of object 'Object Repository/verifikasi/Harga sebelum' is: 'Rp 1,299'

2023-10-05 10:46:59 - [TEST_STEP][PASSED] - mouseOver(findTestObject("beli barang/barang mouse over")): Object: 'Object Repository/beli barang/barang mouse over' is hovered

2023-10-05 10:46:59 - [MESSAGE][PASSED] - Object: 'Object Repository/beli barang/barang mouse over' is hovered

2023-10-05 10:46:59 - [TEST_STEP][PASSED] - click(findTestObject("beli barang/buttom add to cart")): Object: 'Object Repository/beli barang/buttom add to cart' is clicked on

2023-10-05 10:47:01 - [MESSAGE][PASSED] - Object: 'Object Repository/beli barang/buttom add to cart' is clicked on

2023-10-05 10:47:01 - [TEST_STEP][PASSED] - NamaSesudah = getText(findTestObject("verifikasi/Nama sesudah")): Text of object 'Object Repository/verifikasi/Nama sesudah' is: 'Segitiga Instan Madeira - MDB5.3 Sunset'

2023-10-05 10:47:01 - [MESSAGE][PASSED] - Text of object 'Object Repository/verifikasi/Nama sesudah' is: 'Segitiga Instan Madeira - MDB5.3 Sunset'

2023-10-05 10:47:01 - [TEST_STEP][PASSED] - HargaSesudah = getText(findTestObject("verifikasi/Harga sesudah")): Text of object 'Object Repository/verifikasi/Harga sesudah' is: 'Rp 1,299'

2023-10-05 10:47:02 - [MESSAGE][PASSED] - Text of object 'Object Repository/verifikasi/Harga sesudah' is: 'Rp 1,299'

2023-10-05 10:47:02 - [TEST_STEP][PASSED] - assert NamaSesudah.contains(NamaSebelum): null

2023-10-05 10:47:02 - [TEST_STEP][PASSED] - assert HargaSesudah.contains(HargaSebelum): null

2023-10-05 10:47:02 - [TEST_STEP][PASSED] - click(findTestObject("beli barang/Tambah Keranjang busana wanita")): Object: 'Object Repository/beli barang/Tambah Keranjang busana wanita' is clicked on

2023-10-05 10:47:02 - [MESSAGE][PASSED] - Object: 'Object Repository/beli barang/Tambah Keranjang busana wanita' is clicked on

2023-10-05 10:47:02 - [TEST_STEP][PASSED] - verifyElementPresent(findTestObject("checkout/Notifikasi keranjang"), 1): Object 'Object Repository/checkout/Notifikasi keranjang' is present

2023-10-05 10:47:03 - [MESSAGE][PASSED] - Object 'Object Repository/checkout/Notifikasi keranjang' is present

2023-10-05 10:47:03 - [TEST_STEP][PASSED] - data = new java.util.HashMap(): null

2023-10-05 10:47:03 - [TEST_STEP][PASSED] - data.put("nama_barang", NamaSesudah): null

2023-10-05 10:47:03 - [TEST_STEP][PASSED] - data.put("price_barang", HargaSesudah): null

2023-10-05 10:47:03 - [TEST_STEP][PASSED] - return data: null

2023-10-05 10:47:03 - [MESSAGE][PASSED] - Call Test Case 'Test Cases/T13 Pembelian, Shipment dan Pembayaran/PBL-001' successfully

2023-10-05 10:47:03 - [TEST_STEP][PASSED] - mouseOver(findTestObject("beli barang/keranjang")): Object: 'Object Repository/beli barang/keranjang' is hovered

2023-10-05 10:47:04 - [MESSAGE][PASSED] - Object: 'Object Repository/beli barang/keranjang' is hovered

2023-10-05 10:47:04 - [TEST_STEP][PASSED] - click(findTestObject("beli barang/Lihat Sekarang")): Object: 'Object Repository/beli barang/Lihat Sekarang' is clicked on

2023-10-05 10:47:05 - [MESSAGE][PASSED] - Object: 'Object Repository/beli barang/Lihat Sekarang' is clicked on

2023-10-05 10:47:05 - [TEST_STEP][PASSED] - verifyElementPresent(findTestObject("keranjang/li_Keranjang Belanja"), 0): Object 'Object Repository/keranjang/li_Keranjang Belanja' is present

2023-10-05 10:47:05 - [MESSAGE][WARNING] - Timeout '0' is invalid. Using default page load timeout: '30'

2023-10-05 10:47:06 - [MESSAGE][PASSED] - Object 'Object Repository/keranjang/li_Keranjang Belanja' is present

2023-10-05 10:47:06 - [TEST_STEP][PASSED] - NamaKeranjang = getText(findTestObject("verifikasi/Nama keranjang")): Text of object 'Object Repository/verifikasi/Nama keranjang' is: 'Segitiga Instan Madeira - MDB5.3 Sunset'

2023-10-05 10:47:06 - [MESSAGE][PASSED] - Text of object 'Object Repository/verifikasi/Nama keranjang' is: 'Segitiga Instan Madeira - MDB5.3 Sunset'

2023-10-05 10:47:06 - [TEST_STEP][PASSED] - HargaKeranjang = getText(findTestObject("verifikasi/Harga Keranjang")): Text of object 'Object Repository/verifikasi/Harga Keranjang' is: 'Rp 1,299'

2023-10-05 10:47:07 - [MESSAGE][PASSED] - Text of object 'Object Repository/verifikasi/Harga Keranjang' is: 'Rp 1,299'

2023-10-05 10:47:07 - [TEST_STEP][PASSED] - if (toString().equalsIgnoreCase("Merah")): Object 'Object Repository/keranjang/input_Warna_variasi101' is checked

2023-10-05 10:47:07 - [TEST_STEP][PASSED] - check(findTestObject("Object Repository/keranjang/input_Warna_variasi101")): Object 'Object Repository/keranjang/input_Warna_variasi101' is checked

2023-10-05 10:47:07 - [MESSAGE][PASSED] - Object 'Object Repository/keranjang/input_Warna_variasi101' is checked

2023-10-05 10:47:07 - [TEST_STEP][PASSED] - if (toString().equalsIgnoreCase("Menengah")): Object 'Object Repository/keranjang/input_Ukuran_variasi201' is checked

2023-10-05 10:47:07 - [TEST_STEP][PASSED] - check(findTestObject("Object Repository/keranjang/input_Ukuran_variasi201")): Object 'Object Repository/keranjang/input_Ukuran_variasi201' is checked

2023-10-05 10:47:08 - [MESSAGE][PASSED] - Object 'Object Repository/keranjang/input_Ukuran_variasi201' is checked

2023-10-05 10:47:08 - [TEST_STEP][PASSED] - data.put("Warna", warna): null

2023-10-05 10:47:08 - [TEST_STEP][PASSED] - data.put("Ukuran", ukuran): null

2023-10-05 10:47:08 - [TEST_STEP][PASSED] - click(findTestObject("keranjang/button_Lanjut ke Pembayaran")): Object: 'Object Repository/keranjang/button_Lanjut ke Pembayaran' is clicked on

2023-10-05 10:47:09 - [MESSAGE][PASSED] - Object: 'Object Repository/keranjang/button_Lanjut ke Pembayaran' is clicked on

2023-10-05 10:47:09 - [TEST_STEP][PASSED] - verifyElementPresent(findTestObject("checkout/Tittle Checkout Order"), 0): Object 'Object Repository/checkout/Tittle Checkout Order' is present

2023-10-05 10:47:09 - [MESSAGE][WARNING] - Timeout '0' is invalid. Using default page load timeout: '30'

2023-10-05 10:47:10 - [MESSAGE][PASSED] - Object 'Object Repository/checkout/Tittle Checkout Order' is present

2023-10-05 10:47:10 - [TEST_STEP][PASSED] - name_product = data.get("nama_barang"): null

2023-10-05 10:47:10 - [TEST_STEP][PASSED] - price_product = data.get("price_barang"): null

2023-10-05 10:47:10 - [TEST_STEP][PASSED] - assert name_product == NamaKeranjang: null

2023-10-05 10:47:10 - [TEST_STEP][PASSED] - assert price_product == HargaKeranjang: null

2023-10-05 10:47:10 - [TEST_STEP][PASSED] - return data: null

2023-10-05 10:47:10 - [MESSAGE][PASSED] - Call Test Case 'Test Cases/T13 Pembelian, Shipment dan Pembayaran/PBL-002' successfully

2023-10-05 10:47:10 - [TEST_STEP][PASSED] - warnaa = getText(findTestObject("verifikasi/warna Merah")): Text of object 'Object Repository/verifikasi/warna Merah' is: 'Merah'

2023-10-05 10:47:10 - [MESSAGE][PASSED] - Text of object 'Object Repository/verifikasi/warna Merah' is: 'Merah'

2023-10-05 10:47:10 - [TEST_STEP][PASSED] - ukurann = getText(findTestObject("verifikasi/Ukuran Menengah")): Text of object 'Object Repository/verifikasi/Ukuran Menengah' is: 'Menengah'

2023-10-05 10:47:11 - [MESSAGE][PASSED] - Text of object 'Object Repository/verifikasi/Ukuran Menengah' is: 'Menengah'

2023-10-05 10:47:11 - [TEST_STEP][PASSED] - warna1 = data.get("Warna"): null

2023-10-05 10:47:11 - [TEST_STEP][PASSED] - ukuran1 = data.get("Ukuran"): null

2023-10-05 10:47:11 - [TEST_STEP][PASSED] - assert warnaa == warna1: null

2023-10-05 10:47:11 - [TEST_STEP][PASSED] - assert ukurann == ukuran1: null

2023-10-05 10:47:11 - [TEST_STEP][PASSED] - NamaCheckout = getText(findTestObject("verifikasi/NamaCheckout")): Text of object 'Object Repository/verifikasi/NamaCheckout' is: ''

2023-10-05 10:47:11 - [MESSAGE][PASSED] - Text of object 'Object Repository/verifikasi/NamaCheckout' is: ''

2023-10-05 10:47:11 - [TEST_STEP][PASSED] - HargaCheckout = getText(findTestObject("verifikasi/HargaCheckout")): Text of object 'Object Repository/verifikasi/HargaCheckout' is: '1,299'

2023-10-05 10:47:12 - [MESSAGE][PASSED] - Text of object 'Object Repository/verifikasi/HargaCheckout' is: '1,299'

2023-10-05 10:47:12 - [TEST_STEP][PASSED] - name_product = data.get("nama_barang"): null

2023-10-05 10:47:12 - [TEST_STEP][PASSED] - price_product = data.get("price_barang"): null

2023-10-05 10:47:12 - [TEST_STEP][PASSED] - assert name_product.contains(NamaCheckout): null

2023-10-05 10:47:12 - [TEST_STEP][PASSED] - assert price_product.contains(HargaCheckout): null

2023-10-05 10:47:12 - [TEST_STEP][PASSED] - selectOptionByLabel(findTestObject("checkout/select - Kirim via Kurir Lokal"), Kurir, false): All options with label 'Roda 2' are selected in object 'Object Repository/checkout/select - Kirim via Kurir Lokal' 

2023-10-05 10:47:12 - [MESSAGE][PASSED] - All options with label 'Roda 2' are selected in object 'Object Repository/checkout/select - Kirim via Kurir Lokal' 

2023-10-05 10:47:12 - [TEST_STEP][PASSED] - click(findTestObject("checkout/Kendaraan Kurir")): Object: 'Object Repository/checkout/Kendaraan Kurir' is clicked on

2023-10-05 10:47:13 - [MESSAGE][PASSED] - Object: 'Object Repository/checkout/Kendaraan Kurir' is clicked on

2023-10-05 10:47:13 - [TEST_STEP][PASSED] - OngkosKirim = getText(findTestObject("Object Repository/verifikasi/Ongkos Kirim checkout")): Text of object 'Object Repository/verifikasi/Ongkos Kirim checkout' is: 'Rp. 5,000'

2023-10-05 10:47:14 - [MESSAGE][PASSED] - Text of object 'Object Repository/verifikasi/Ongkos Kirim checkout' is: 'Rp. 5,000'

2023-10-05 10:47:14 - [TEST_STEP][PASSED] - Ongkos = OngkosKirim.substring(3, OngkosKirim.size()): null

2023-10-05 10:47:14 - [TEST_STEP][PASSED] - rep = Ongkos.replace(",", "."): null

2023-10-05 10:47:14 - [TEST_STEP][PASSED] - Ongkos_kirim = Double.parseDouble(rep): null

2023-10-05 10:47:14 - [TEST_STEP][PASSED] - println(Ongkos_kirim): null

2023-10-05 10:47:14 - [TEST_STEP][PASSED] - FeeAdmin = getText(findTestObject("verifikasi/Fee Admin checkout")): Text of object 'Object Repository/verifikasi/Fee Admin checkout' is: 'Fee Admin
Rp 1,500'

2023-10-05 10:47:14 - [MESSAGE][PASSED] - Text of object 'Object Repository/verifikasi/Fee Admin checkout' is: 'Fee Admin
Rp 1,500'

2023-10-05 10:47:14 - [TEST_STEP][PASSED] - Fee_Admin = FeeAdmin.substring(12, FeeAdmin.size()): null

2023-10-05 10:47:14 - [TEST_STEP][PASSED] - fee = Fee_Admin.replace(",", "."): null

2023-10-05 10:47:14 - [TEST_STEP][PASSED] - fee_admin = Double.parseDouble(fee): null

2023-10-05 10:47:14 - [TEST_STEP][PASSED] - println(fee_admin): null

2023-10-05 10:47:14 - [TEST_STEP][PASSED] - Subtotal = getText(findTestObject("verifikasi/subtotal checkout")): Text of object 'Object Repository/verifikasi/subtotal checkout' is: 'Subtotal
Rp 1,299'

2023-10-05 10:47:14 - [MESSAGE][PASSED] - Text of object 'Object Repository/verifikasi/subtotal checkout' is: 'Subtotal
Rp 1,299'

2023-10-05 10:47:14 - [TEST_STEP][PASSED] - sub_total = Subtotal.substring(12, Subtotal.size()): null

2023-10-05 10:47:14 - [TEST_STEP][PASSED] - sub = sub_total.replace(",", "."): null

2023-10-05 10:47:14 - [TEST_STEP][PASSED] - sub_total = Double.parseDouble(sub): null

2023-10-05 10:47:14 - [TEST_STEP][PASSED] - println(sub_total): null

2023-10-05 10:47:14 - [TEST_STEP][PASSED] - Total = getText(findTestObject("verifikasi/Total checkout")): Text of object 'Object Repository/verifikasi/Total checkout' is: 'Rp 7,799'

2023-10-05 10:47:15 - [MESSAGE][PASSED] - Text of object 'Object Repository/verifikasi/Total checkout' is: 'Rp 7,799'

2023-10-05 10:47:15 - [TEST_STEP][PASSED] - totall = Total.substring(3, Total.size()): null

2023-10-05 10:47:15 - [TEST_STEP][PASSED] - total = totall.replace(",", "."): null

2023-10-05 10:47:15 - [TEST_STEP][PASSED] - totall = Double.parseDouble(total): null

2023-10-05 10:47:15 - [TEST_STEP][PASSED] - println(totall): null

2023-10-05 10:47:15 - [TEST_STEP][PASSED] - Total_Harga = Ongkos_kirim + fee_admin + sub_total: null

2023-10-05 10:47:15 - [TEST_STEP][PASSED] - println(Total_Harga): null

2023-10-05 10:47:15 - [TEST_STEP][PASSED] - TotalHarga = Math.round(Total_Harga * 1000) / 1000: null

2023-10-05 10:47:15 - [TEST_STEP][PASSED] - println(TotalHarga): null

2023-10-05 10:47:15 - [TEST_STEP][PASSED] - assert totall == TotalHarga: null

2023-10-05 10:47:15 - [TEST_STEP][PASSED] - click(findTestObject("verifikasi/Metode Transfer")): Object: 'Object Repository/verifikasi/Metode Transfer' is clicked on

2023-10-05 10:47:15 - [MESSAGE][PASSED] - Object: 'Object Repository/verifikasi/Metode Transfer' is clicked on

2023-10-05 10:47:15 - [TEST_STEP][PASSED] - click(findTestObject("checkout/button_Proses Pembayaran")): Object: 'Object Repository/checkout/button_Proses Pembayaran' is clicked on

2023-10-05 10:47:24 - [MESSAGE][PASSED] - Object: 'Object Repository/checkout/button_Proses Pembayaran' is clicked on

2023-10-05 10:47:24 - [TEST_STEP][PASSED] - verifyElementPresent(findTestObject("pembayaran/Tittle nomor invoice"), 0): Object 'Object Repository/pembayaran/Tittle nomor invoice' is present

2023-10-05 10:47:24 - [MESSAGE][WARNING] - Timeout '0' is invalid. Using default page load timeout: '30'

2023-10-05 10:47:25 - [MESSAGE][PASSED] - Object 'Object Repository/pembayaran/Tittle nomor invoice' is present

2023-10-05 10:47:25 - [TEST_STEP][PASSED] - return data: null]]></system-out>
         <system-err><![CDATA[]]></system-err>
      </testcase>
      <testcase name="Test Cases/T13 Pembelian, Shipment dan Pembayaran/PBL-005" time="42.641" classname="Test Cases/T13 Pembelian, Shipment dan Pembayaran/PBL-005" status="PASSED">
         <system-out><![CDATA[2023-10-05 10:47:25 - [TEST_CASE][PASSED] - Test Cases/T13 Pembelian, Shipment dan Pembayaran/PBL-005: Test Cases/T13 Pembelian, Shipment dan Pembayaran/PBL-005

2023-10-05 10:47:26 - [TEST_STEP][PASSED] - data = callTestCase(findTestCase("T13 Pembelian, Shipment dan Pembayaran/PBL-002"), [:], STOP_ON_FAILURE): Call Test Case 'Test Cases/T13 Pembelian, Shipment dan Pembayaran/PBL-002' successfully

2023-10-05 10:47:26 - [TEST_CASE][PASSED] - Test Cases/T13 Pembelian, Shipment dan Pembayaran/PBL-002: Test Cases/T13 Pembelian, Shipment dan Pembayaran/PBL-002

2023-10-05 10:47:26 - [TEST_STEP][PASSED] - data = callTestCase(findTestCase("T13 Pembelian, Shipment dan Pembayaran/PBL-001"), [:], STOP_ON_FAILURE): Call Test Case 'Test Cases/T13 Pembelian, Shipment dan Pembayaran/PBL-001' successfully

2023-10-05 10:47:26 - [TEST_CASE][PASSED] - Test Cases/T13 Pembelian, Shipment dan Pembayaran/PBL-001: Test Cases/T13 Pembelian, Shipment dan Pembayaran/PBL-001

2023-10-05 10:47:26 - [TEST_STEP][PASSED] - callTestCase(findTestCase("T13 Pembelian, Shipment dan Pembayaran/LU-001"), ["username":"irfanafandi", "password":"12345irfan"], STOP_ON_FAILURE): Call Test Case 'Test Cases/T13 Pembelian, Shipment dan Pembayaran/LU-001' successfully

2023-10-05 10:47:26 - [TEST_CASE][PASSED] - Test Cases/T13 Pembelian, Shipment dan Pembayaran/LU-001: Test Cases/T13 Pembelian, Shipment dan Pembayaran/LU-001

2023-10-05 10:47:26 - [TEST_STEP][PASSED] - openBrowser("https://10.9.2.63/ecommerce/"): Browser is opened with url: 'https://10.9.2.63/ecommerce/'

2023-10-05 10:47:26 - [MESSAGE][WARNING] - A browser is already opened. Closing browser and opening a new one

2023-10-05 10:47:27 - [MESSAGE][INFO] - Starting 'Edge Chromium' driver

2023-10-05 10:47:27 - [MESSAGE][INFO] - User set preference: ['acceptInsecureCerts', 'true']

2023-10-05 10:47:29 - [MESSAGE][INFO] - Action delay is set to 0 milliseconds

2023-10-05 10:47:32 - [MESSAGE][PASSED] - Browser is opened with url: 'https://10.9.2.63/ecommerce/'

2023-10-05 10:47:32 - [TEST_STEP][PASSED] - maximizeWindow(): Current window maximized

2023-10-05 10:47:32 - [MESSAGE][PASSED] - Current window maximized

2023-10-05 10:47:32 - [TEST_STEP][PASSED] - verifyElementPresent(findTestObject("Login/Home"), 0): Object 'Object Repository/Login/Home' is present

2023-10-05 10:47:32 - [MESSAGE][WARNING] - Timeout '0' is invalid. Using default page load timeout: '30'

2023-10-05 10:47:33 - [MESSAGE][PASSED] - Object 'Object Repository/Login/Home' is present

2023-10-05 10:47:33 - [TEST_STEP][PASSED] - click(findTestObject("Login/a_Login")): Object: 'Object Repository/Login/a_Login' is clicked on

2023-10-05 10:47:34 - [MESSAGE][PASSED] - Object: 'Object Repository/Login/a_Login' is clicked on

2023-10-05 10:47:34 - [TEST_STEP][PASSED] - verifyElementPresent(findTestObject("Login/Tittle Login"), 0): Object 'Object Repository/Login/Tittle Login' is present

2023-10-05 10:47:34 - [MESSAGE][WARNING] - Timeout '0' is invalid. Using default page load timeout: '30'

2023-10-05 10:47:34 - [MESSAGE][PASSED] - Object 'Object Repository/Login/Tittle Login' is present

2023-10-05 10:47:34 - [TEST_STEP][PASSED] - setText(findTestObject("Login/input_Username, Email atau No. Handphone_a"), username): Text 'irfanafandi' is set on object 'Object Repository/Login/input_Username, Email atau No. Handphone_a'

2023-10-05 10:47:35 - [MESSAGE][PASSED] - Text 'irfanafandi' is set on object 'Object Repository/Login/input_Username, Email atau No. Handphone_a'

2023-10-05 10:47:35 - [TEST_STEP][PASSED] - setText(findTestObject("Login/input_Password_b"), password): Text '12345irfan' is set on object 'Object Repository/Login/input_Password_b'

2023-10-05 10:47:36 - [MESSAGE][PASSED] - Text '12345irfan' is set on object 'Object Repository/Login/input_Password_b'

2023-10-05 10:47:36 - [TEST_STEP][PASSED] - click(findTestObject("Login/label_Ingat saya")): Object: 'Object Repository/Login/label_Ingat saya' is clicked on

2023-10-05 10:47:37 - [MESSAGE][PASSED] - Object: 'Object Repository/Login/label_Ingat saya' is clicked on

2023-10-05 10:47:37 - [TEST_STEP][PASSED] - click(findTestObject("Login/button_Masuk")): Object: 'Object Repository/Login/button_Masuk' is clicked on

2023-10-05 10:47:38 - [MESSAGE][PASSED] - Object: 'Object Repository/Login/button_Masuk' is clicked on

2023-10-05 10:47:38 - [TEST_STEP][PASSED] - verifyElementPresent(findTestObject("Login/li_Profile"), 0): Object 'Object Repository/Login/li_Profile' is present

2023-10-05 10:47:38 - [MESSAGE][WARNING] - Timeout '0' is invalid. Using default page load timeout: '30'

2023-10-05 10:47:39 - [MESSAGE][PASSED] - Object 'Object Repository/Login/li_Profile' is present

2023-10-05 10:47:39 - [MESSAGE][PASSED] - Call Test Case 'Test Cases/T13 Pembelian, Shipment dan Pembayaran/LU-001' successfully

2023-10-05 10:47:39 - [TEST_STEP][PASSED] - mouseOver(findTestObject("beli barang/i_Mulai Belanja_icon-menu")): Object: 'Object Repository/beli barang/i_Mulai Belanja_icon-menu' is hovered

2023-10-05 10:47:39 - [MESSAGE][PASSED] - Object: 'Object Repository/beli barang/i_Mulai Belanja_icon-menu' is hovered

2023-10-05 10:47:39 - [TEST_STEP][PASSED] - click(findTestObject("beli barang/a_Fashion  Busana Wanita")): Object: 'Object Repository/beli barang/a_Fashion  Busana Wanita' is clicked on

2023-10-05 10:47:40 - [MESSAGE][PASSED] - Object: 'Object Repository/beli barang/a_Fashion  Busana Wanita' is clicked on

2023-10-05 10:47:40 - [TEST_STEP][PASSED] - NamaSebelum = getText(findTestObject("verifikasi/Nama sebelum")): Text of object 'Object Repository/verifikasi/Nama sebelum' is: ''

2023-10-05 10:47:41 - [MESSAGE][PASSED] - Text of object 'Object Repository/verifikasi/Nama sebelum' is: ''

2023-10-05 10:47:41 - [TEST_STEP][PASSED] - HargaSebelum = getText(findTestObject("verifikasi/Harga sebelum")): Text of object 'Object Repository/verifikasi/Harga sebelum' is: 'Rp 1,299'

2023-10-05 10:47:41 - [MESSAGE][PASSED] - Text of object 'Object Repository/verifikasi/Harga sebelum' is: 'Rp 1,299'

2023-10-05 10:47:41 - [TEST_STEP][PASSED] - mouseOver(findTestObject("beli barang/barang mouse over")): Object: 'Object Repository/beli barang/barang mouse over' is hovered

2023-10-05 10:47:42 - [MESSAGE][PASSED] - Object: 'Object Repository/beli barang/barang mouse over' is hovered

2023-10-05 10:47:42 - [TEST_STEP][PASSED] - click(findTestObject("beli barang/buttom add to cart")): Object: 'Object Repository/beli barang/buttom add to cart' is clicked on

2023-10-05 10:47:43 - [MESSAGE][PASSED] - Object: 'Object Repository/beli barang/buttom add to cart' is clicked on

2023-10-05 10:47:43 - [TEST_STEP][PASSED] - NamaSesudah = getText(findTestObject("verifikasi/Nama sesudah")): Text of object 'Object Repository/verifikasi/Nama sesudah' is: 'Segitiga Instan Madeira - MDB5.3 Sunset'

2023-10-05 10:47:44 - [MESSAGE][PASSED] - Text of object 'Object Repository/verifikasi/Nama sesudah' is: 'Segitiga Instan Madeira - MDB5.3 Sunset'

2023-10-05 10:47:44 - [TEST_STEP][PASSED] - HargaSesudah = getText(findTestObject("verifikasi/Harga sesudah")): Text of object 'Object Repository/verifikasi/Harga sesudah' is: 'Rp 1,299'

2023-10-05 10:47:44 - [MESSAGE][PASSED] - Text of object 'Object Repository/verifikasi/Harga sesudah' is: 'Rp 1,299'

2023-10-05 10:47:44 - [TEST_STEP][PASSED] - assert NamaSesudah.contains(NamaSebelum): null

2023-10-05 10:47:44 - [TEST_STEP][PASSED] - assert HargaSesudah.contains(HargaSebelum): null

2023-10-05 10:47:44 - [TEST_STEP][PASSED] - click(findTestObject("beli barang/Tambah Keranjang busana wanita")): Object: 'Object Repository/beli barang/Tambah Keranjang busana wanita' is clicked on

2023-10-05 10:47:45 - [MESSAGE][PASSED] - Object: 'Object Repository/beli barang/Tambah Keranjang busana wanita' is clicked on

2023-10-05 10:47:45 - [TEST_STEP][PASSED] - verifyElementPresent(findTestObject("checkout/Notifikasi keranjang"), 1): Object 'Object Repository/checkout/Notifikasi keranjang' is present

2023-10-05 10:47:46 - [MESSAGE][PASSED] - Object 'Object Repository/checkout/Notifikasi keranjang' is present

2023-10-05 10:47:46 - [TEST_STEP][PASSED] - data = new java.util.HashMap(): null

2023-10-05 10:47:46 - [TEST_STEP][PASSED] - data.put("nama_barang", NamaSesudah): null

2023-10-05 10:47:46 - [TEST_STEP][PASSED] - data.put("price_barang", HargaSesudah): null

2023-10-05 10:47:46 - [TEST_STEP][PASSED] - return data: null

2023-10-05 10:47:46 - [MESSAGE][PASSED] - Call Test Case 'Test Cases/T13 Pembelian, Shipment dan Pembayaran/PBL-001' successfully

2023-10-05 10:47:46 - [TEST_STEP][PASSED] - mouseOver(findTestObject("beli barang/keranjang")): Object: 'Object Repository/beli barang/keranjang' is hovered

2023-10-05 10:47:46 - [MESSAGE][PASSED] - Object: 'Object Repository/beli barang/keranjang' is hovered

2023-10-05 10:47:46 - [TEST_STEP][PASSED] - click(findTestObject("beli barang/Lihat Sekarang")): Object: 'Object Repository/beli barang/Lihat Sekarang' is clicked on

2023-10-05 10:47:47 - [MESSAGE][PASSED] - Object: 'Object Repository/beli barang/Lihat Sekarang' is clicked on

2023-10-05 10:47:47 - [TEST_STEP][PASSED] - verifyElementPresent(findTestObject("keranjang/li_Keranjang Belanja"), 0): Object 'Object Repository/keranjang/li_Keranjang Belanja' is present

2023-10-05 10:47:47 - [MESSAGE][WARNING] - Timeout '0' is invalid. Using default page load timeout: '30'

2023-10-05 10:47:49 - [MESSAGE][PASSED] - Object 'Object Repository/keranjang/li_Keranjang Belanja' is present

2023-10-05 10:47:49 - [TEST_STEP][PASSED] - NamaKeranjang = getText(findTestObject("verifikasi/Nama keranjang")): Text of object 'Object Repository/verifikasi/Nama keranjang' is: 'Segitiga Instan Madeira - MDB5.3 Sunset'

2023-10-05 10:47:49 - [MESSAGE][PASSED] - Text of object 'Object Repository/verifikasi/Nama keranjang' is: 'Segitiga Instan Madeira - MDB5.3 Sunset'

2023-10-05 10:47:49 - [TEST_STEP][PASSED] - HargaKeranjang = getText(findTestObject("verifikasi/Harga Keranjang")): Text of object 'Object Repository/verifikasi/Harga Keranjang' is: 'Rp 1,299'

2023-10-05 10:47:49 - [MESSAGE][PASSED] - Text of object 'Object Repository/verifikasi/Harga Keranjang' is: 'Rp 1,299'

2023-10-05 10:47:49 - [TEST_STEP][PASSED] - if (toString().equalsIgnoreCase("Merah")): Object 'Object Repository/keranjang/input_Warna_variasi101' is checked

2023-10-05 10:47:49 - [TEST_STEP][PASSED] - check(findTestObject("Object Repository/keranjang/input_Warna_variasi101")): Object 'Object Repository/keranjang/input_Warna_variasi101' is checked

2023-10-05 10:47:50 - [MESSAGE][PASSED] - Object 'Object Repository/keranjang/input_Warna_variasi101' is checked

2023-10-05 10:47:50 - [TEST_STEP][PASSED] - if (toString().equalsIgnoreCase("Menengah")): Object 'Object Repository/keranjang/input_Ukuran_variasi201' is checked

2023-10-05 10:47:50 - [TEST_STEP][PASSED] - check(findTestObject("Object Repository/keranjang/input_Ukuran_variasi201")): Object 'Object Repository/keranjang/input_Ukuran_variasi201' is checked

2023-10-05 10:47:50 - [MESSAGE][PASSED] - Object 'Object Repository/keranjang/input_Ukuran_variasi201' is checked

2023-10-05 10:47:50 - [TEST_STEP][PASSED] - data.put("Warna", warna): null

2023-10-05 10:47:50 - [TEST_STEP][PASSED] - data.put("Ukuran", ukuran): null

2023-10-05 10:47:50 - [TEST_STEP][PASSED] - click(findTestObject("keranjang/button_Lanjut ke Pembayaran")): Object: 'Object Repository/keranjang/button_Lanjut ke Pembayaran' is clicked on

2023-10-05 10:47:52 - [MESSAGE][PASSED] - Object: 'Object Repository/keranjang/button_Lanjut ke Pembayaran' is clicked on

2023-10-05 10:47:52 - [TEST_STEP][PASSED] - verifyElementPresent(findTestObject("checkout/Tittle Checkout Order"), 0): Object 'Object Repository/checkout/Tittle Checkout Order' is present

2023-10-05 10:47:52 - [MESSAGE][WARNING] - Timeout '0' is invalid. Using default page load timeout: '30'

2023-10-05 10:47:53 - [MESSAGE][PASSED] - Object 'Object Repository/checkout/Tittle Checkout Order' is present

2023-10-05 10:47:53 - [TEST_STEP][PASSED] - name_product = data.get("nama_barang"): null

2023-10-05 10:47:53 - [TEST_STEP][PASSED] - price_product = data.get("price_barang"): null

2023-10-05 10:47:53 - [TEST_STEP][PASSED] - assert name_product == NamaKeranjang: null

2023-10-05 10:47:53 - [TEST_STEP][PASSED] - assert price_product == HargaKeranjang: null

2023-10-05 10:47:53 - [TEST_STEP][PASSED] - return data: null

2023-10-05 10:47:53 - [MESSAGE][PASSED] - Call Test Case 'Test Cases/T13 Pembelian, Shipment dan Pembayaran/PBL-002' successfully

2023-10-05 10:47:53 - [TEST_STEP][PASSED] - warnaa = getText(findTestObject("verifikasi/warna Merah")): Text of object 'Object Repository/verifikasi/warna Merah' is: 'Merah'

2023-10-05 10:47:53 - [MESSAGE][PASSED] - Text of object 'Object Repository/verifikasi/warna Merah' is: 'Merah'

2023-10-05 10:47:53 - [TEST_STEP][PASSED] - ukurann = getText(findTestObject("verifikasi/Ukuran Menengah")): Text of object 'Object Repository/verifikasi/Ukuran Menengah' is: 'Menengah'

2023-10-05 10:47:53 - [MESSAGE][PASSED] - Text of object 'Object Repository/verifikasi/Ukuran Menengah' is: 'Menengah'

2023-10-05 10:47:53 - [TEST_STEP][PASSED] - warna1 = data.get("Warna"): null

2023-10-05 10:47:53 - [TEST_STEP][PASSED] - ukuran1 = data.get("Ukuran"): null

2023-10-05 10:47:53 - [TEST_STEP][PASSED] - assert warnaa == warna1: null

2023-10-05 10:47:53 - [TEST_STEP][PASSED] - assert ukurann == ukuran1: null

2023-10-05 10:47:53 - [TEST_STEP][PASSED] - NamaCheckout = getText(findTestObject("verifikasi/NamaCheckout")): Text of object 'Object Repository/verifikasi/NamaCheckout' is: ''

2023-10-05 10:47:54 - [MESSAGE][PASSED] - Text of object 'Object Repository/verifikasi/NamaCheckout' is: ''

2023-10-05 10:47:54 - [TEST_STEP][PASSED] - HargaCheckout = getText(findTestObject("verifikasi/HargaCheckout")): Text of object 'Object Repository/verifikasi/HargaCheckout' is: '1,299'

2023-10-05 10:47:54 - [MESSAGE][PASSED] - Text of object 'Object Repository/verifikasi/HargaCheckout' is: '1,299'

2023-10-05 10:47:54 - [TEST_STEP][PASSED] - name_product = data.get("nama_barang"): null

2023-10-05 10:47:54 - [TEST_STEP][PASSED] - price_product = data.get("price_barang"): null

2023-10-05 10:47:54 - [TEST_STEP][PASSED] - assert name_product.contains(NamaCheckout): null

2023-10-05 10:47:54 - [TEST_STEP][PASSED] - assert price_product.contains(HargaCheckout): null

2023-10-05 10:47:54 - [TEST_STEP][PASSED] - selectOptionByLabel(findTestObject("checkout/select - Kirim via Kurir Lokal"), Kurir, false): All options with label 'Roda 2' are selected in object 'Object Repository/checkout/select - Kirim via Kurir Lokal' 

2023-10-05 10:47:55 - [MESSAGE][PASSED] - All options with label 'Roda 2' are selected in object 'Object Repository/checkout/select - Kirim via Kurir Lokal' 

2023-10-05 10:47:55 - [TEST_STEP][PASSED] - click(findTestObject("checkout/Kendaraan Kurir")): Object: 'Object Repository/checkout/Kendaraan Kurir' is clicked on

2023-10-05 10:47:56 - [MESSAGE][PASSED] - Object: 'Object Repository/checkout/Kendaraan Kurir' is clicked on

2023-10-05 10:47:56 - [TEST_STEP][PASSED] - OngkosKirim = getText(findTestObject("Object Repository/verifikasi/Ongkos Kirim checkout")): Text of object 'Object Repository/verifikasi/Ongkos Kirim checkout' is: 'Rp. 5,000'

2023-10-05 10:47:56 - [MESSAGE][PASSED] - Text of object 'Object Repository/verifikasi/Ongkos Kirim checkout' is: 'Rp. 5,000'

2023-10-05 10:47:56 - [TEST_STEP][PASSED] - Ongkos = OngkosKirim.substring(3, OngkosKirim.size()): null

2023-10-05 10:47:56 - [TEST_STEP][PASSED] - rep = Ongkos.replace(",", "."): null

2023-10-05 10:47:56 - [TEST_STEP][PASSED] - Ongkos_kirim = Double.parseDouble(rep): null

2023-10-05 10:47:56 - [TEST_STEP][PASSED] - println(Ongkos_kirim): null

2023-10-05 10:47:56 - [TEST_STEP][PASSED] - FeeAdmin = getText(findTestObject("verifikasi/Fee Admin checkout")): Text of object 'Object Repository/verifikasi/Fee Admin checkout' is: 'Fee Admin
Rp 1,500'

2023-10-05 10:47:57 - [MESSAGE][PASSED] - Text of object 'Object Repository/verifikasi/Fee Admin checkout' is: 'Fee Admin
Rp 1,500'

2023-10-05 10:47:57 - [TEST_STEP][PASSED] - Fee_Admin = FeeAdmin.substring(12, FeeAdmin.size()): null

2023-10-05 10:47:57 - [TEST_STEP][PASSED] - fee = Fee_Admin.replace(",", "."): null

2023-10-05 10:47:57 - [TEST_STEP][PASSED] - fee_admin = Double.parseDouble(fee): null

2023-10-05 10:47:57 - [TEST_STEP][PASSED] - println(fee_admin): null

2023-10-05 10:47:57 - [TEST_STEP][PASSED] - Subtotal = getText(findTestObject("verifikasi/subtotal checkout")): Text of object 'Object Repository/verifikasi/subtotal checkout' is: 'Subtotal
Rp 1,299'

2023-10-05 10:47:57 - [MESSAGE][PASSED] - Text of object 'Object Repository/verifikasi/subtotal checkout' is: 'Subtotal
Rp 1,299'

2023-10-05 10:47:57 - [TEST_STEP][PASSED] - sub_total = Subtotal.substring(12, Subtotal.size()): null

2023-10-05 10:47:57 - [TEST_STEP][PASSED] - sub = sub_total.replace(",", "."): null

2023-10-05 10:47:57 - [TEST_STEP][PASSED] - sub_total = Double.parseDouble(sub): null

2023-10-05 10:47:57 - [TEST_STEP][PASSED] - println(sub_total): null

2023-10-05 10:47:57 - [TEST_STEP][PASSED] - Total = getText(findTestObject("verifikasi/Total checkout")): Text of object 'Object Repository/verifikasi/Total checkout' is: 'Rp 7,799'

2023-10-05 10:47:58 - [MESSAGE][PASSED] - Text of object 'Object Repository/verifikasi/Total checkout' is: 'Rp 7,799'

2023-10-05 10:47:58 - [TEST_STEP][PASSED] - totall = Total.substring(3, Total.size()): null

2023-10-05 10:47:58 - [TEST_STEP][PASSED] - total = totall.replace(",", "."): null

2023-10-05 10:47:58 - [TEST_STEP][PASSED] - totall = Double.parseDouble(total): null

2023-10-05 10:47:58 - [TEST_STEP][PASSED] - println(totall): null

2023-10-05 10:47:58 - [TEST_STEP][PASSED] - Total_Harga = Ongkos_kirim + fee_admin + sub_total: null

2023-10-05 10:47:58 - [TEST_STEP][PASSED] - println(Total_Harga): null

2023-10-05 10:47:58 - [TEST_STEP][PASSED] - TotalHarga = Math.round(Total_Harga * 1000) / 1000: null

2023-10-05 10:47:58 - [TEST_STEP][PASSED] - println(TotalHarga): null

2023-10-05 10:47:58 - [TEST_STEP][PASSED] - assert totall == TotalHarga: null

2023-10-05 10:47:58 - [TEST_STEP][PASSED] - click(findTestObject("Object Repository/checkout/metode pembayaran")): Object: 'Object Repository/checkout/metode pembayaran' is clicked on

2023-10-05 10:47:58 - [MESSAGE][PASSED] - Object: 'Object Repository/checkout/metode pembayaran' is clicked on

2023-10-05 10:47:58 - [TEST_STEP][PASSED] - click(findTestObject("checkout/button_Proses Pembayaran")): Object: 'Object Repository/checkout/button_Proses Pembayaran' is clicked on

2023-10-05 10:48:07 - [MESSAGE][PASSED] - Object: 'Object Repository/checkout/button_Proses Pembayaran' is clicked on

2023-10-05 10:48:07 - [TEST_STEP][PASSED] - verifyElementPresent(findTestObject("pembayaran/Tittle nomor invoice"), 0): Object 'Object Repository/pembayaran/Tittle nomor invoice' is present

2023-10-05 10:48:07 - [MESSAGE][WARNING] - Timeout '0' is invalid. Using default page load timeout: '30'

2023-10-05 10:48:08 - [MESSAGE][PASSED] - Object 'Object Repository/pembayaran/Tittle nomor invoice' is present

2023-10-05 10:48:08 - [TEST_STEP][PASSED] - return data: null]]></system-out>
         <system-err><![CDATA[]]></system-err>
      </testcase>
      <testcase name="Test Cases/T13 Pembelian, Shipment dan Pembayaran/PBL-006" time="37.424" classname="Test Cases/T13 Pembelian, Shipment dan Pembayaran/PBL-006" status="PASSED">
         <system-out><![CDATA[2023-10-05 10:48:08 - [TEST_CASE][PASSED] - Test Cases/T13 Pembelian, Shipment dan Pembayaran/PBL-006: Test Cases/T13 Pembelian, Shipment dan Pembayaran/PBL-006

2023-10-05 10:48:08 - [TEST_STEP][PASSED] - data = callTestCase(findTestCase("T13 Pembelian, Shipment dan Pembayaran/PBL-002"), [:], STOP_ON_FAILURE): Call Test Case 'Test Cases/T13 Pembelian, Shipment dan Pembayaran/PBL-002' successfully

2023-10-05 10:48:08 - [TEST_CASE][PASSED] - Test Cases/T13 Pembelian, Shipment dan Pembayaran/PBL-002: Test Cases/T13 Pembelian, Shipment dan Pembayaran/PBL-002

2023-10-05 10:48:08 - [TEST_STEP][PASSED] - data = callTestCase(findTestCase("T13 Pembelian, Shipment dan Pembayaran/PBL-001"), [:], STOP_ON_FAILURE): Call Test Case 'Test Cases/T13 Pembelian, Shipment dan Pembayaran/PBL-001' successfully

2023-10-05 10:48:08 - [TEST_CASE][PASSED] - Test Cases/T13 Pembelian, Shipment dan Pembayaran/PBL-001: Test Cases/T13 Pembelian, Shipment dan Pembayaran/PBL-001

2023-10-05 10:48:08 - [TEST_STEP][PASSED] - callTestCase(findTestCase("T13 Pembelian, Shipment dan Pembayaran/LU-001"), ["username":"irfanafandi", "password":"12345irfan"], STOP_ON_FAILURE): Call Test Case 'Test Cases/T13 Pembelian, Shipment dan Pembayaran/LU-001' successfully

2023-10-05 10:48:09 - [TEST_CASE][PASSED] - Test Cases/T13 Pembelian, Shipment dan Pembayaran/LU-001: Test Cases/T13 Pembelian, Shipment dan Pembayaran/LU-001

2023-10-05 10:48:09 - [TEST_STEP][PASSED] - openBrowser("https://10.9.2.63/ecommerce/"): Browser is opened with url: 'https://10.9.2.63/ecommerce/'

2023-10-05 10:48:09 - [MESSAGE][WARNING] - A browser is already opened. Closing browser and opening a new one

2023-10-05 10:48:09 - [MESSAGE][INFO] - Starting 'Edge Chromium' driver

2023-10-05 10:48:09 - [MESSAGE][INFO] - User set preference: ['acceptInsecureCerts', 'true']

2023-10-05 10:48:12 - [MESSAGE][INFO] - Action delay is set to 0 milliseconds

2023-10-05 10:48:16 - [MESSAGE][PASSED] - Browser is opened with url: 'https://10.9.2.63/ecommerce/'

2023-10-05 10:48:16 - [TEST_STEP][PASSED] - maximizeWindow(): Current window maximized

2023-10-05 10:48:16 - [MESSAGE][PASSED] - Current window maximized

2023-10-05 10:48:16 - [TEST_STEP][PASSED] - verifyElementPresent(findTestObject("Login/Home"), 0): Object 'Object Repository/Login/Home' is present

2023-10-05 10:48:16 - [MESSAGE][WARNING] - Timeout '0' is invalid. Using default page load timeout: '30'

2023-10-05 10:48:16 - [MESSAGE][PASSED] - Object 'Object Repository/Login/Home' is present

2023-10-05 10:48:16 - [TEST_STEP][PASSED] - click(findTestObject("Login/a_Login")): Object: 'Object Repository/Login/a_Login' is clicked on

2023-10-05 10:48:17 - [MESSAGE][PASSED] - Object: 'Object Repository/Login/a_Login' is clicked on

2023-10-05 10:48:17 - [TEST_STEP][PASSED] - verifyElementPresent(findTestObject("Login/Tittle Login"), 0): Object 'Object Repository/Login/Tittle Login' is present

2023-10-05 10:48:17 - [MESSAGE][WARNING] - Timeout '0' is invalid. Using default page load timeout: '30'

2023-10-05 10:48:18 - [MESSAGE][PASSED] - Object 'Object Repository/Login/Tittle Login' is present

2023-10-05 10:48:18 - [TEST_STEP][PASSED] - setText(findTestObject("Login/input_Username, Email atau No. Handphone_a"), username): Text 'irfanafandi' is set on object 'Object Repository/Login/input_Username, Email atau No. Handphone_a'

2023-10-05 10:48:19 - [MESSAGE][PASSED] - Text 'irfanafandi' is set on object 'Object Repository/Login/input_Username, Email atau No. Handphone_a'

2023-10-05 10:48:19 - [TEST_STEP][PASSED] - setText(findTestObject("Login/input_Password_b"), password): Text '12345irfan' is set on object 'Object Repository/Login/input_Password_b'

2023-10-05 10:48:19 - [MESSAGE][PASSED] - Text '12345irfan' is set on object 'Object Repository/Login/input_Password_b'

2023-10-05 10:48:19 - [TEST_STEP][PASSED] - click(findTestObject("Login/label_Ingat saya")): Object: 'Object Repository/Login/label_Ingat saya' is clicked on

2023-10-05 10:48:20 - [MESSAGE][PASSED] - Object: 'Object Repository/Login/label_Ingat saya' is clicked on

2023-10-05 10:48:20 - [TEST_STEP][PASSED] - click(findTestObject("Login/button_Masuk")): Object: 'Object Repository/Login/button_Masuk' is clicked on

2023-10-05 10:48:21 - [MESSAGE][PASSED] - Object: 'Object Repository/Login/button_Masuk' is clicked on

2023-10-05 10:48:21 - [TEST_STEP][PASSED] - verifyElementPresent(findTestObject("Login/li_Profile"), 0): Object 'Object Repository/Login/li_Profile' is present

2023-10-05 10:48:21 - [MESSAGE][WARNING] - Timeout '0' is invalid. Using default page load timeout: '30'

2023-10-05 10:48:22 - [MESSAGE][PASSED] - Object 'Object Repository/Login/li_Profile' is present

2023-10-05 10:48:22 - [MESSAGE][PASSED] - Call Test Case 'Test Cases/T13 Pembelian, Shipment dan Pembayaran/LU-001' successfully

2023-10-05 10:48:22 - [TEST_STEP][PASSED] - mouseOver(findTestObject("beli barang/i_Mulai Belanja_icon-menu")): Object: 'Object Repository/beli barang/i_Mulai Belanja_icon-menu' is hovered

2023-10-05 10:48:22 - [MESSAGE][PASSED] - Object: 'Object Repository/beli barang/i_Mulai Belanja_icon-menu' is hovered

2023-10-05 10:48:22 - [TEST_STEP][PASSED] - click(findTestObject("beli barang/a_Fashion  Busana Wanita")): Object: 'Object Repository/beli barang/a_Fashion  Busana Wanita' is clicked on

2023-10-05 10:48:24 - [MESSAGE][PASSED] - Object: 'Object Repository/beli barang/a_Fashion  Busana Wanita' is clicked on

2023-10-05 10:48:24 - [TEST_STEP][PASSED] - NamaSebelum = getText(findTestObject("verifikasi/Nama sebelum")): Text of object 'Object Repository/verifikasi/Nama sebelum' is: ''

2023-10-05 10:48:24 - [MESSAGE][PASSED] - Text of object 'Object Repository/verifikasi/Nama sebelum' is: ''

2023-10-05 10:48:24 - [TEST_STEP][PASSED] - HargaSebelum = getText(findTestObject("verifikasi/Harga sebelum")): Text of object 'Object Repository/verifikasi/Harga sebelum' is: 'Rp 1,299'

2023-10-05 10:48:25 - [MESSAGE][PASSED] - Text of object 'Object Repository/verifikasi/Harga sebelum' is: 'Rp 1,299'

2023-10-05 10:48:25 - [TEST_STEP][PASSED] - mouseOver(findTestObject("beli barang/barang mouse over")): Object: 'Object Repository/beli barang/barang mouse over' is hovered

2023-10-05 10:48:25 - [MESSAGE][PASSED] - Object: 'Object Repository/beli barang/barang mouse over' is hovered

2023-10-05 10:48:25 - [TEST_STEP][PASSED] - click(findTestObject("beli barang/buttom add to cart")): Object: 'Object Repository/beli barang/buttom add to cart' is clicked on

2023-10-05 10:48:27 - [MESSAGE][PASSED] - Object: 'Object Repository/beli barang/buttom add to cart' is clicked on

2023-10-05 10:48:27 - [TEST_STEP][PASSED] - NamaSesudah = getText(findTestObject("verifikasi/Nama sesudah")): Text of object 'Object Repository/verifikasi/Nama sesudah' is: 'Segitiga Instan Madeira - MDB5.3 Sunset'

2023-10-05 10:48:27 - [MESSAGE][PASSED] - Text of object 'Object Repository/verifikasi/Nama sesudah' is: 'Segitiga Instan Madeira - MDB5.3 Sunset'

2023-10-05 10:48:27 - [TEST_STEP][PASSED] - HargaSesudah = getText(findTestObject("verifikasi/Harga sesudah")): Text of object 'Object Repository/verifikasi/Harga sesudah' is: 'Rp 1,299'

2023-10-05 10:48:28 - [MESSAGE][PASSED] - Text of object 'Object Repository/verifikasi/Harga sesudah' is: 'Rp 1,299'

2023-10-05 10:48:28 - [TEST_STEP][PASSED] - assert NamaSesudah.contains(NamaSebelum): null

2023-10-05 10:48:28 - [TEST_STEP][PASSED] - assert HargaSesudah.contains(HargaSebelum): null

2023-10-05 10:48:28 - [TEST_STEP][PASSED] - click(findTestObject("beli barang/Tambah Keranjang busana wanita")): Object: 'Object Repository/beli barang/Tambah Keranjang busana wanita' is clicked on

2023-10-05 10:48:28 - [MESSAGE][PASSED] - Object: 'Object Repository/beli barang/Tambah Keranjang busana wanita' is clicked on

2023-10-05 10:48:28 - [TEST_STEP][PASSED] - verifyElementPresent(findTestObject("checkout/Notifikasi keranjang"), 1): Object 'Object Repository/checkout/Notifikasi keranjang' is present

2023-10-05 10:48:29 - [MESSAGE][PASSED] - Object 'Object Repository/checkout/Notifikasi keranjang' is present

2023-10-05 10:48:29 - [TEST_STEP][PASSED] - data = new java.util.HashMap(): null

2023-10-05 10:48:29 - [TEST_STEP][PASSED] - data.put("nama_barang", NamaSesudah): null

2023-10-05 10:48:29 - [TEST_STEP][PASSED] - data.put("price_barang", HargaSesudah): null

2023-10-05 10:48:29 - [TEST_STEP][PASSED] - return data: null

2023-10-05 10:48:29 - [MESSAGE][PASSED] - Call Test Case 'Test Cases/T13 Pembelian, Shipment dan Pembayaran/PBL-001' successfully

2023-10-05 10:48:29 - [TEST_STEP][PASSED] - mouseOver(findTestObject("beli barang/keranjang")): Object: 'Object Repository/beli barang/keranjang' is hovered

2023-10-05 10:48:30 - [MESSAGE][PASSED] - Object: 'Object Repository/beli barang/keranjang' is hovered

2023-10-05 10:48:30 - [TEST_STEP][PASSED] - click(findTestObject("beli barang/Lihat Sekarang")): Object: 'Object Repository/beli barang/Lihat Sekarang' is clicked on

2023-10-05 10:48:31 - [MESSAGE][PASSED] - Object: 'Object Repository/beli barang/Lihat Sekarang' is clicked on

2023-10-05 10:48:31 - [TEST_STEP][PASSED] - verifyElementPresent(findTestObject("keranjang/li_Keranjang Belanja"), 0): Object 'Object Repository/keranjang/li_Keranjang Belanja' is present

2023-10-05 10:48:31 - [MESSAGE][WARNING] - Timeout '0' is invalid. Using default page load timeout: '30'

2023-10-05 10:48:32 - [MESSAGE][PASSED] - Object 'Object Repository/keranjang/li_Keranjang Belanja' is present

2023-10-05 10:48:32 - [TEST_STEP][PASSED] - NamaKeranjang = getText(findTestObject("verifikasi/Nama keranjang")): Text of object 'Object Repository/verifikasi/Nama keranjang' is: 'Segitiga Instan Madeira - MDB5.3 Sunset'

2023-10-05 10:48:33 - [MESSAGE][PASSED] - Text of object 'Object Repository/verifikasi/Nama keranjang' is: 'Segitiga Instan Madeira - MDB5.3 Sunset'

2023-10-05 10:48:33 - [TEST_STEP][PASSED] - HargaKeranjang = getText(findTestObject("verifikasi/Harga Keranjang")): Text of object 'Object Repository/verifikasi/Harga Keranjang' is: 'Rp 1,299'

2023-10-05 10:48:33 - [MESSAGE][PASSED] - Text of object 'Object Repository/verifikasi/Harga Keranjang' is: 'Rp 1,299'

2023-10-05 10:48:33 - [TEST_STEP][PASSED] - if (toString().equalsIgnoreCase("Merah")): Object 'Object Repository/keranjang/input_Warna_variasi101' is checked

2023-10-05 10:48:33 - [TEST_STEP][PASSED] - check(findTestObject("Object Repository/keranjang/input_Warna_variasi101")): Object 'Object Repository/keranjang/input_Warna_variasi101' is checked

2023-10-05 10:48:33 - [MESSAGE][PASSED] - Object 'Object Repository/keranjang/input_Warna_variasi101' is checked

2023-10-05 10:48:33 - [TEST_STEP][PASSED] - if (toString().equalsIgnoreCase("Menengah")): Object 'Object Repository/keranjang/input_Ukuran_variasi201' is checked

2023-10-05 10:48:33 - [TEST_STEP][PASSED] - check(findTestObject("Object Repository/keranjang/input_Ukuran_variasi201")): Object 'Object Repository/keranjang/input_Ukuran_variasi201' is checked

2023-10-05 10:48:34 - [MESSAGE][PASSED] - Object 'Object Repository/keranjang/input_Ukuran_variasi201' is checked

2023-10-05 10:48:34 - [TEST_STEP][PASSED] - data.put("Warna", warna): null

2023-10-05 10:48:34 - [TEST_STEP][PASSED] - data.put("Ukuran", ukuran): null

2023-10-05 10:48:34 - [TEST_STEP][PASSED] - click(findTestObject("keranjang/button_Lanjut ke Pembayaran")): Object: 'Object Repository/keranjang/button_Lanjut ke Pembayaran' is clicked on

2023-10-05 10:48:36 - [MESSAGE][PASSED] - Object: 'Object Repository/keranjang/button_Lanjut ke Pembayaran' is clicked on

2023-10-05 10:48:36 - [TEST_STEP][PASSED] - verifyElementPresent(findTestObject("checkout/Tittle Checkout Order"), 0): Object 'Object Repository/checkout/Tittle Checkout Order' is present

2023-10-05 10:48:36 - [MESSAGE][WARNING] - Timeout '0' is invalid. Using default page load timeout: '30'

2023-10-05 10:48:36 - [MESSAGE][PASSED] - Object 'Object Repository/checkout/Tittle Checkout Order' is present

2023-10-05 10:48:36 - [TEST_STEP][PASSED] - name_product = data.get("nama_barang"): null

2023-10-05 10:48:36 - [TEST_STEP][PASSED] - price_product = data.get("price_barang"): null

2023-10-05 10:48:36 - [TEST_STEP][PASSED] - assert name_product == NamaKeranjang: null

2023-10-05 10:48:36 - [TEST_STEP][PASSED] - assert price_product == HargaKeranjang: null

2023-10-05 10:48:36 - [TEST_STEP][PASSED] - return data: null

2023-10-05 10:48:36 - [MESSAGE][PASSED] - Call Test Case 'Test Cases/T13 Pembelian, Shipment dan Pembayaran/PBL-002' successfully

2023-10-05 10:48:36 - [TEST_STEP][PASSED] - clearText(findTestObject("checkout/input_Alamat Kirim")): Text of object 'Object Repository/checkout/input_Alamat Kirim' is cleared

2023-10-05 10:48:37 - [MESSAGE][PASSED] - Text of object 'Object Repository/checkout/input_Alamat Kirim' is cleared

2023-10-05 10:48:37 - [TEST_STEP][PASSED] - warnaa = getText(findTestObject("verifikasi/warna Merah")): Text of object 'Object Repository/verifikasi/warna Merah' is: 'Merah'

2023-10-05 10:48:37 - [MESSAGE][PASSED] - Text of object 'Object Repository/verifikasi/warna Merah' is: 'Merah'

2023-10-05 10:48:37 - [TEST_STEP][PASSED] - ukurann = getText(findTestObject("verifikasi/Ukuran Menengah")): Text of object 'Object Repository/verifikasi/Ukuran Menengah' is: 'Menengah'

2023-10-05 10:48:38 - [MESSAGE][PASSED] - Text of object 'Object Repository/verifikasi/Ukuran Menengah' is: 'Menengah'

2023-10-05 10:48:38 - [TEST_STEP][PASSED] - warna1 = data.get("Warna"): null

2023-10-05 10:48:38 - [TEST_STEP][PASSED] - ukuran1 = data.get("Ukuran"): null

2023-10-05 10:48:38 - [TEST_STEP][PASSED] - assert warnaa == warna1: null

2023-10-05 10:48:38 - [TEST_STEP][PASSED] - assert ukurann == ukuran1: null

2023-10-05 10:48:38 - [TEST_STEP][PASSED] - NamaCheckout = getText(findTestObject("verifikasi/NamaCheckout")): Text of object 'Object Repository/verifikasi/NamaCheckout' is: ''

2023-10-05 10:48:38 - [MESSAGE][PASSED] - Text of object 'Object Repository/verifikasi/NamaCheckout' is: ''

2023-10-05 10:48:38 - [TEST_STEP][PASSED] - HargaCheckout = getText(findTestObject("verifikasi/HargaCheckout")): Text of object 'Object Repository/verifikasi/HargaCheckout' is: '1,299'

2023-10-05 10:48:38 - [MESSAGE][PASSED] - Text of object 'Object Repository/verifikasi/HargaCheckout' is: '1,299'

2023-10-05 10:48:38 - [TEST_STEP][PASSED] - name_product = data.get("nama_barang"): null

2023-10-05 10:48:38 - [TEST_STEP][PASSED] - price_product = data.get("price_barang"): null

2023-10-05 10:48:38 - [TEST_STEP][PASSED] - assert name_product.contains(NamaCheckout): null

2023-10-05 10:48:38 - [TEST_STEP][PASSED] - assert price_product.contains(HargaCheckout): null

2023-10-05 10:48:38 - [TEST_STEP][PASSED] - selectOptionByLabel(findTestObject("checkout/select - Kirim via Kurir Lokal"), Kurir, false): All options with label 'Roda 2' are selected in object 'Object Repository/checkout/select - Kirim via Kurir Lokal' 

2023-10-05 10:48:39 - [MESSAGE][PASSED] - All options with label 'Roda 2' are selected in object 'Object Repository/checkout/select - Kirim via Kurir Lokal' 

2023-10-05 10:48:39 - [TEST_STEP][PASSED] - click(findTestObject("checkout/Kendaraan Kurir")): Object: 'Object Repository/checkout/Kendaraan Kurir' is clicked on

2023-10-05 10:48:40 - [MESSAGE][PASSED] - Object: 'Object Repository/checkout/Kendaraan Kurir' is clicked on

2023-10-05 10:48:40 - [TEST_STEP][PASSED] - OngkosKirim = getText(findTestObject("Object Repository/verifikasi/Ongkos Kirim checkout")): Text of object 'Object Repository/verifikasi/Ongkos Kirim checkout' is: 'Rp. 5,000'

2023-10-05 10:48:41 - [MESSAGE][PASSED] - Text of object 'Object Repository/verifikasi/Ongkos Kirim checkout' is: 'Rp. 5,000'

2023-10-05 10:48:41 - [TEST_STEP][PASSED] - Ongkos = OngkosKirim.substring(3, OngkosKirim.size()): null

2023-10-05 10:48:41 - [TEST_STEP][PASSED] - rep = Ongkos.replace(",", "."): null

2023-10-05 10:48:41 - [TEST_STEP][PASSED] - Ongkos_kirim = Double.parseDouble(rep): null

2023-10-05 10:48:41 - [TEST_STEP][PASSED] - println(Ongkos_kirim): null

2023-10-05 10:48:41 - [TEST_STEP][PASSED] - FeeAdmin = getText(findTestObject("verifikasi/Fee Admin checkout")): Text of object 'Object Repository/verifikasi/Fee Admin checkout' is: 'Fee Admin
Rp 1,500'

2023-10-05 10:48:41 - [MESSAGE][PASSED] - Text of object 'Object Repository/verifikasi/Fee Admin checkout' is: 'Fee Admin
Rp 1,500'

2023-10-05 10:48:41 - [TEST_STEP][PASSED] - Fee_Admin = FeeAdmin.substring(12, FeeAdmin.size()): null

2023-10-05 10:48:41 - [TEST_STEP][PASSED] - fee = Fee_Admin.replace(",", "."): null

2023-10-05 10:48:41 - [TEST_STEP][PASSED] - fee_admin = Double.parseDouble(fee): null

2023-10-05 10:48:41 - [TEST_STEP][PASSED] - println(fee_admin): null

2023-10-05 10:48:41 - [TEST_STEP][PASSED] - Subtotal = getText(findTestObject("verifikasi/subtotal checkout")): Text of object 'Object Repository/verifikasi/subtotal checkout' is: 'Subtotal
Rp 1,299'

2023-10-05 10:48:42 - [MESSAGE][PASSED] - Text of object 'Object Repository/verifikasi/subtotal checkout' is: 'Subtotal
Rp 1,299'

2023-10-05 10:48:42 - [TEST_STEP][PASSED] - sub_total = Subtotal.substring(12, Subtotal.size()): null

2023-10-05 10:48:42 - [TEST_STEP][PASSED] - sub = sub_total.replace(",", "."): null

2023-10-05 10:48:42 - [TEST_STEP][PASSED] - sub_total = Double.parseDouble(sub): null

2023-10-05 10:48:42 - [TEST_STEP][PASSED] - println(sub_total): null

2023-10-05 10:48:42 - [TEST_STEP][PASSED] - Total = getText(findTestObject("verifikasi/Total checkout")): Text of object 'Object Repository/verifikasi/Total checkout' is: 'Rp 7,799'

2023-10-05 10:48:42 - [MESSAGE][PASSED] - Text of object 'Object Repository/verifikasi/Total checkout' is: 'Rp 7,799'

2023-10-05 10:48:42 - [TEST_STEP][PASSED] - totall = Total.substring(3, Total.size()): null

2023-10-05 10:48:42 - [TEST_STEP][PASSED] - total = totall.replace(",", "."): null

2023-10-05 10:48:42 - [TEST_STEP][PASSED] - totall = Double.parseDouble(total): null

2023-10-05 10:48:42 - [TEST_STEP][PASSED] - println(totall): null

2023-10-05 10:48:42 - [TEST_STEP][PASSED] - Total_Harga = Ongkos_kirim + fee_admin + sub_total: null

2023-10-05 10:48:42 - [TEST_STEP][PASSED] - println(Total_Harga): null

2023-10-05 10:48:42 - [TEST_STEP][PASSED] - TotalHarga = Math.round(Total_Harga * 1000) / 1000: null

2023-10-05 10:48:42 - [TEST_STEP][PASSED] - println(TotalHarga): null

2023-10-05 10:48:42 - [TEST_STEP][PASSED] - assert totall == TotalHarga: null

2023-10-05 10:48:42 - [TEST_STEP][PASSED] - click(findTestObject("Object Repository/checkout/metode pembayaran")): Object: 'Object Repository/checkout/metode pembayaran' is clicked on

2023-10-05 10:48:43 - [MESSAGE][PASSED] - Object: 'Object Repository/checkout/metode pembayaran' is clicked on

2023-10-05 10:48:43 - [TEST_STEP][PASSED] - click(findTestObject("checkout/button_Proses Pembayaran")): Object: 'Object Repository/checkout/button_Proses Pembayaran' is clicked on

2023-10-05 10:48:43 - [MESSAGE][PASSED] - Object: 'Object Repository/checkout/button_Proses Pembayaran' is clicked on

2023-10-05 10:48:43 - [TEST_STEP][PASSED] - webDriver = getWebDriver(): null

2023-10-05 10:48:43 - [TEST_STEP][PASSED] - field_alamat = webDriver.findElement(By.xpath("//input[@name="alamat"]")): null

2023-10-05 10:48:43 - [TEST_STEP][PASSED] - error_message = webDriver.executeScript("return arguments[0].validationMessage", field_alamat): null

2023-10-05 10:48:43 - [TEST_STEP][PASSED] - println(error_message): null

2023-10-05 10:48:43 - [TEST_STEP][PASSED] - assert error_message == "Please fill out this field.": null

2023-10-05 10:48:43 - [TEST_STEP][PASSED] - mouseOver(findTestObject("beli barang/keranjang")): Object: 'Object Repository/beli barang/keranjang' is hovered

2023-10-05 10:48:44 - [MESSAGE][PASSED] - Object: 'Object Repository/beli barang/keranjang' is hovered

2023-10-05 10:48:44 - [TEST_STEP][PASSED] - click(findTestObject("hapus barang/buttom x")): Object: 'Object Repository/hapus barang/buttom x' is clicked on

2023-10-05 10:48:44 - [MESSAGE][PASSED] - Object: 'Object Repository/hapus barang/buttom x' is clicked on

2023-10-05 10:48:44 - [TEST_STEP][PASSED] - click(findTestObject("hapus barang/button_Hapus Barang")): Object: 'Object Repository/hapus barang/button_Hapus Barang' is clicked on

2023-10-05 10:48:45 - [MESSAGE][PASSED] - Object: 'Object Repository/hapus barang/button_Hapus Barang' is clicked on

2023-10-05 10:48:45 - [TEST_STEP][PASSED] - return data: null]]></system-out>
         <system-err><![CDATA[]]></system-err>
      </testcase>
      <testcase name="Test Cases/T13 Pembelian, Shipment dan Pembayaran/PBL-007" time="36.485" classname="Test Cases/T13 Pembelian, Shipment dan Pembayaran/PBL-007" status="FAILED">
         <failure type="FAILED" message="Test Cases/T13 Pembelian, Shipment dan Pembayaran/PBL-007 FAILED.
Reason:
com.kms.katalon.core.exception.StepFailedException: Unable to verify text 'Massage Error&quot; pilih metode pembayaran cod&quot;' is present 
	at com.kms.katalon.core.webui.keyword.internal.WebUIKeywordMain.stepFailed(WebUIKeywordMain.groovy:64)
	at com.kms.katalon.core.webui.keyword.internal.WebUIKeywordMain.runKeyword(WebUIKeywordMain.groovy:26)
	at com.kms.katalon.core.webui.keyword.builtin.VerifyTextPresentKeyword.verifyTextPresent(VerifyTextPresentKeyword.groovy:83)
	at com.kms.katalon.core.webui.keyword.builtin.VerifyTextPresentKeyword.execute(VerifyTextPresentKeyword.groovy:68)
	at com.kms.katalon.core.keyword.internal.KeywordExecutor.executeKeywordForPlatform(KeywordExecutor.groovy:74)
	at com.kms.katalon.core.webui.keyword.WebUiBuiltInKeywords.verifyTextPresent(WebUiBuiltInKeywords.groovy:1723)
	at com.kms.katalon.core.webui.keyword.WebUiBuiltInKeywords$verifyTextPresent$7.call(Unknown Source)
	at PBL-007.run(PBL-007:107)
	at com.kms.katalon.core.main.ScriptEngine.run(ScriptEngine.java:194)
	at com.kms.katalon.core.main.ScriptEngine.runScriptAsRawText(ScriptEngine.java:119)
	at com.kms.katalon.core.main.TestCaseExecutor.runScript(TestCaseExecutor.java:448)
	at com.kms.katalon.core.main.TestCaseExecutor.doExecute(TestCaseExecutor.java:439)
	at com.kms.katalon.core.main.TestCaseExecutor.processExecutionPhase(TestCaseExecutor.java:418)
	at com.kms.katalon.core.main.TestCaseExecutor.accessMainPhase(TestCaseExecutor.java:410)
	at com.kms.katalon.core.main.TestCaseExecutor.execute(TestCaseExecutor.java:285)
	at com.kms.katalon.core.common.CommonExecutor.accessTestCaseMainPhase(CommonExecutor.java:65)
	at com.kms.katalon.core.main.TestSuiteExecutor.accessTestSuiteMainPhase(TestSuiteExecutor.java:148)
	at com.kms.katalon.core.main.TestSuiteExecutor.execute(TestSuiteExecutor.java:106)
	at com.kms.katalon.core.main.TestCaseMain.startTestSuite(TestCaseMain.java:187)
	at com.kms.katalon.core.main.TestCaseMain$startTestSuite$0.call(Unknown Source)
	at TempTestSuite1696477503821.run(TempTestSuite1696477503821.groovy:36)
Caused by: com.kms.katalon.core.exception.StepFailedException: Text 'Massage Error&quot; pilih metode pembayaran cod&quot;' is not present on page 
	at com.kms.katalon.core.webui.keyword.internal.WebUIKeywordMain.stepFailed(WebUIKeywordMain.groovy:64)
	at com.kms.katalon.core.webui.keyword.builtin.VerifyTextPresentKeyword$_verifyTextPresent_closure1.doCall(VerifyTextPresentKeyword.groovy:79)
	at com.kms.katalon.core.webui.keyword.builtin.VerifyTextPresentKeyword$_verifyTextPresent_closure1.call(VerifyTextPresentKeyword.groovy)
	at com.kms.katalon.core.webui.keyword.internal.WebUIKeywordMain.runKeyword(WebUIKeywordMain.groovy:20)
	... 19 more
"/>
         <system-out><![CDATA[2023-10-05 10:48:45 - [TEST_CASE][FAILED] - Test Cases/T13 Pembelian, Shipment dan Pembayaran/PBL-007: Test Cases/T13 Pembelian, Shipment dan Pembayaran/PBL-007 FAILED.
Reason:
com.kms.katalon.core.exception.StepFailedException: Unable to verify text 'Massage Error" pilih metode pembayaran cod"' is present 
	at com.kms.katalon.core.webui.keyword.internal.WebUIKeywordMain.stepFailed(WebUIKeywordMain.groovy:64)
	at com.kms.katalon.core.webui.keyword.internal.WebUIKeywordMain.runKeyword(WebUIKeywordMain.groovy:26)
	at com.kms.katalon.core.webui.keyword.builtin.VerifyTextPresentKeyword.verifyTextPresent(VerifyTextPresentKeyword.groovy:83)
	at com.kms.katalon.core.webui.keyword.builtin.VerifyTextPresentKeyword.execute(VerifyTextPresentKeyword.groovy:68)
	at com.kms.katalon.core.keyword.internal.KeywordExecutor.executeKeywordForPlatform(KeywordExecutor.groovy:74)
	at com.kms.katalon.core.webui.keyword.WebUiBuiltInKeywords.verifyTextPresent(WebUiBuiltInKeywords.groovy:1723)
	at com.kms.katalon.core.webui.keyword.WebUiBuiltInKeywords$verifyTextPresent$7.call(Unknown Source)
	at PBL-007.run(PBL-007:107)
	at com.kms.katalon.core.main.ScriptEngine.run(ScriptEngine.java:194)
	at com.kms.katalon.core.main.ScriptEngine.runScriptAsRawText(ScriptEngine.java:119)
	at com.kms.katalon.core.main.TestCaseExecutor.runScript(TestCaseExecutor.java:448)
	at com.kms.katalon.core.main.TestCaseExecutor.doExecute(TestCaseExecutor.java:439)
	at com.kms.katalon.core.main.TestCaseExecutor.processExecutionPhase(TestCaseExecutor.java:418)
	at com.kms.katalon.core.main.TestCaseExecutor.accessMainPhase(TestCaseExecutor.java:410)
	at com.kms.katalon.core.main.TestCaseExecutor.execute(TestCaseExecutor.java:285)
	at com.kms.katalon.core.common.CommonExecutor.accessTestCaseMainPhase(CommonExecutor.java:65)
	at com.kms.katalon.core.main.TestSuiteExecutor.accessTestSuiteMainPhase(TestSuiteExecutor.java:148)
	at com.kms.katalon.core.main.TestSuiteExecutor.execute(TestSuiteExecutor.java:106)
	at com.kms.katalon.core.main.TestCaseMain.startTestSuite(TestCaseMain.java:187)
	at com.kms.katalon.core.main.TestCaseMain$startTestSuite$0.call(Unknown Source)
	at TempTestSuite1696477503821.run(TempTestSuite1696477503821.groovy:36)
Caused by: com.kms.katalon.core.exception.StepFailedException: Text 'Massage Error" pilih metode pembayaran cod"' is not present on page 
	at com.kms.katalon.core.webui.keyword.internal.WebUIKeywordMain.stepFailed(WebUIKeywordMain.groovy:64)
	at com.kms.katalon.core.webui.keyword.builtin.VerifyTextPresentKeyword$_verifyTextPresent_closure1.doCall(VerifyTextPresentKeyword.groovy:79)
	at com.kms.katalon.core.webui.keyword.builtin.VerifyTextPresentKeyword$_verifyTextPresent_closure1.call(VerifyTextPresentKeyword.groovy)
	at com.kms.katalon.core.webui.keyword.internal.WebUIKeywordMain.runKeyword(WebUIKeywordMain.groovy:20)
	... 19 more


2023-10-05 10:48:45 - [TEST_STEP][PASSED] - data = callTestCase(findTestCase("T13 Pembelian, Shipment dan Pembayaran/PBL-002"), [:], STOP_ON_FAILURE): Call Test Case 'Test Cases/T13 Pembelian, Shipment dan Pembayaran/PBL-002' successfully

2023-10-05 10:48:46 - [TEST_CASE][PASSED] - Test Cases/T13 Pembelian, Shipment dan Pembayaran/PBL-002: Test Cases/T13 Pembelian, Shipment dan Pembayaran/PBL-002

2023-10-05 10:48:46 - [TEST_STEP][PASSED] - data = callTestCase(findTestCase("T13 Pembelian, Shipment dan Pembayaran/PBL-001"), [:], STOP_ON_FAILURE): Call Test Case 'Test Cases/T13 Pembelian, Shipment dan Pembayaran/PBL-001' successfully

2023-10-05 10:48:46 - [TEST_CASE][PASSED] - Test Cases/T13 Pembelian, Shipment dan Pembayaran/PBL-001: Test Cases/T13 Pembelian, Shipment dan Pembayaran/PBL-001

2023-10-05 10:48:46 - [TEST_STEP][PASSED] - callTestCase(findTestCase("T13 Pembelian, Shipment dan Pembayaran/LU-001"), ["username":"irfanafandi", "password":"12345irfan"], STOP_ON_FAILURE): Call Test Case 'Test Cases/T13 Pembelian, Shipment dan Pembayaran/LU-001' successfully

2023-10-05 10:48:46 - [TEST_CASE][PASSED] - Test Cases/T13 Pembelian, Shipment dan Pembayaran/LU-001: Test Cases/T13 Pembelian, Shipment dan Pembayaran/LU-001

2023-10-05 10:48:46 - [TEST_STEP][PASSED] - openBrowser("https://10.9.2.63/ecommerce/"): Browser is opened with url: 'https://10.9.2.63/ecommerce/'

2023-10-05 10:48:46 - [MESSAGE][WARNING] - A browser is already opened. Closing browser and opening a new one

2023-10-05 10:48:46 - [MESSAGE][INFO] - Starting 'Edge Chromium' driver

2023-10-05 10:48:46 - [MESSAGE][INFO] - User set preference: ['acceptInsecureCerts', 'true']

2023-10-05 10:48:49 - [MESSAGE][INFO] - Action delay is set to 0 milliseconds

2023-10-05 10:48:53 - [MESSAGE][PASSED] - Browser is opened with url: 'https://10.9.2.63/ecommerce/'

2023-10-05 10:48:53 - [TEST_STEP][PASSED] - maximizeWindow(): Current window maximized

2023-10-05 10:48:53 - [MESSAGE][PASSED] - Current window maximized

2023-10-05 10:48:53 - [TEST_STEP][PASSED] - verifyElementPresent(findTestObject("Login/Home"), 0): Object 'Object Repository/Login/Home' is present

2023-10-05 10:48:53 - [MESSAGE][WARNING] - Timeout '0' is invalid. Using default page load timeout: '30'

2023-10-05 10:48:54 - [MESSAGE][PASSED] - Object 'Object Repository/Login/Home' is present

2023-10-05 10:48:54 - [TEST_STEP][PASSED] - click(findTestObject("Login/a_Login")): Object: 'Object Repository/Login/a_Login' is clicked on

2023-10-05 10:48:54 - [MESSAGE][PASSED] - Object: 'Object Repository/Login/a_Login' is clicked on

2023-10-05 10:48:54 - [TEST_STEP][PASSED] - verifyElementPresent(findTestObject("Login/Tittle Login"), 0): Object 'Object Repository/Login/Tittle Login' is present

2023-10-05 10:48:54 - [MESSAGE][WARNING] - Timeout '0' is invalid. Using default page load timeout: '30'

2023-10-05 10:48:55 - [MESSAGE][PASSED] - Object 'Object Repository/Login/Tittle Login' is present

2023-10-05 10:48:55 - [TEST_STEP][PASSED] - setText(findTestObject("Login/input_Username, Email atau No. Handphone_a"), username): Text 'irfanafandi' is set on object 'Object Repository/Login/input_Username, Email atau No. Handphone_a'

2023-10-05 10:48:56 - [MESSAGE][PASSED] - Text 'irfanafandi' is set on object 'Object Repository/Login/input_Username, Email atau No. Handphone_a'

2023-10-05 10:48:56 - [TEST_STEP][PASSED] - setText(findTestObject("Login/input_Password_b"), password): Text '12345irfan' is set on object 'Object Repository/Login/input_Password_b'

2023-10-05 10:48:57 - [MESSAGE][PASSED] - Text '12345irfan' is set on object 'Object Repository/Login/input_Password_b'

2023-10-05 10:48:57 - [TEST_STEP][PASSED] - click(findTestObject("Login/label_Ingat saya")): Object: 'Object Repository/Login/label_Ingat saya' is clicked on

2023-10-05 10:48:57 - [MESSAGE][PASSED] - Object: 'Object Repository/Login/label_Ingat saya' is clicked on

2023-10-05 10:48:57 - [TEST_STEP][PASSED] - click(findTestObject("Login/button_Masuk")): Object: 'Object Repository/Login/button_Masuk' is clicked on

2023-10-05 10:48:59 - [MESSAGE][PASSED] - Object: 'Object Repository/Login/button_Masuk' is clicked on

2023-10-05 10:48:59 - [TEST_STEP][PASSED] - verifyElementPresent(findTestObject("Login/li_Profile"), 0): Object 'Object Repository/Login/li_Profile' is present

2023-10-05 10:48:59 - [MESSAGE][WARNING] - Timeout '0' is invalid. Using default page load timeout: '30'

2023-10-05 10:49:00 - [MESSAGE][PASSED] - Object 'Object Repository/Login/li_Profile' is present

2023-10-05 10:49:00 - [MESSAGE][PASSED] - Call Test Case 'Test Cases/T13 Pembelian, Shipment dan Pembayaran/LU-001' successfully

2023-10-05 10:49:00 - [TEST_STEP][PASSED] - mouseOver(findTestObject("beli barang/i_Mulai Belanja_icon-menu")): Object: 'Object Repository/beli barang/i_Mulai Belanja_icon-menu' is hovered

2023-10-05 10:49:00 - [MESSAGE][PASSED] - Object: 'Object Repository/beli barang/i_Mulai Belanja_icon-menu' is hovered

2023-10-05 10:49:00 - [TEST_STEP][PASSED] - click(findTestObject("beli barang/a_Fashion  Busana Wanita")): Object: 'Object Repository/beli barang/a_Fashion  Busana Wanita' is clicked on

2023-10-05 10:49:01 - [MESSAGE][PASSED] - Object: 'Object Repository/beli barang/a_Fashion  Busana Wanita' is clicked on

2023-10-05 10:49:01 - [TEST_STEP][PASSED] - NamaSebelum = getText(findTestObject("verifikasi/Nama sebelum")): Text of object 'Object Repository/verifikasi/Nama sebelum' is: ''

2023-10-05 10:49:02 - [MESSAGE][PASSED] - Text of object 'Object Repository/verifikasi/Nama sebelum' is: ''

2023-10-05 10:49:02 - [TEST_STEP][PASSED] - HargaSebelum = getText(findTestObject("verifikasi/Harga sebelum")): Text of object 'Object Repository/verifikasi/Harga sebelum' is: 'Rp 1,299'

2023-10-05 10:49:02 - [MESSAGE][PASSED] - Text of object 'Object Repository/verifikasi/Harga sebelum' is: 'Rp 1,299'

2023-10-05 10:49:02 - [TEST_STEP][PASSED] - mouseOver(findTestObject("beli barang/barang mouse over")): Object: 'Object Repository/beli barang/barang mouse over' is hovered

2023-10-05 10:49:03 - [MESSAGE][PASSED] - Object: 'Object Repository/beli barang/barang mouse over' is hovered

2023-10-05 10:49:03 - [TEST_STEP][PASSED] - click(findTestObject("beli barang/buttom add to cart")): Object: 'Object Repository/beli barang/buttom add to cart' is clicked on

2023-10-05 10:49:05 - [MESSAGE][PASSED] - Object: 'Object Repository/beli barang/buttom add to cart' is clicked on

2023-10-05 10:49:05 - [TEST_STEP][PASSED] - NamaSesudah = getText(findTestObject("verifikasi/Nama sesudah")): Text of object 'Object Repository/verifikasi/Nama sesudah' is: 'Segitiga Instan Madeira - MDB5.3 Sunset'

2023-10-05 10:49:05 - [MESSAGE][PASSED] - Text of object 'Object Repository/verifikasi/Nama sesudah' is: 'Segitiga Instan Madeira - MDB5.3 Sunset'

2023-10-05 10:49:05 - [TEST_STEP][PASSED] - HargaSesudah = getText(findTestObject("verifikasi/Harga sesudah")): Text of object 'Object Repository/verifikasi/Harga sesudah' is: 'Rp 1,299'

2023-10-05 10:49:05 - [MESSAGE][PASSED] - Text of object 'Object Repository/verifikasi/Harga sesudah' is: 'Rp 1,299'

2023-10-05 10:49:05 - [TEST_STEP][PASSED] - assert NamaSesudah.contains(NamaSebelum): null

2023-10-05 10:49:05 - [TEST_STEP][PASSED] - assert HargaSesudah.contains(HargaSebelum): null

2023-10-05 10:49:05 - [TEST_STEP][PASSED] - click(findTestObject("beli barang/Tambah Keranjang busana wanita")): Object: 'Object Repository/beli barang/Tambah Keranjang busana wanita' is clicked on

2023-10-05 10:49:06 - [MESSAGE][PASSED] - Object: 'Object Repository/beli barang/Tambah Keranjang busana wanita' is clicked on

2023-10-05 10:49:06 - [TEST_STEP][PASSED] - verifyElementPresent(findTestObject("checkout/Notifikasi keranjang"), 1): Object 'Object Repository/checkout/Notifikasi keranjang' is present

2023-10-05 10:49:07 - [MESSAGE][PASSED] - Object 'Object Repository/checkout/Notifikasi keranjang' is present

2023-10-05 10:49:07 - [TEST_STEP][PASSED] - data = new java.util.HashMap(): null

2023-10-05 10:49:07 - [TEST_STEP][PASSED] - data.put("nama_barang", NamaSesudah): null

2023-10-05 10:49:07 - [TEST_STEP][PASSED] - data.put("price_barang", HargaSesudah): null

2023-10-05 10:49:07 - [TEST_STEP][PASSED] - return data: null

2023-10-05 10:49:07 - [MESSAGE][PASSED] - Call Test Case 'Test Cases/T13 Pembelian, Shipment dan Pembayaran/PBL-001' successfully

2023-10-05 10:49:07 - [TEST_STEP][PASSED] - mouseOver(findTestObject("beli barang/keranjang")): Object: 'Object Repository/beli barang/keranjang' is hovered

2023-10-05 10:49:07 - [MESSAGE][PASSED] - Object: 'Object Repository/beli barang/keranjang' is hovered

2023-10-05 10:49:07 - [TEST_STEP][PASSED] - click(findTestObject("beli barang/Lihat Sekarang")): Object: 'Object Repository/beli barang/Lihat Sekarang' is clicked on

2023-10-05 10:49:08 - [MESSAGE][PASSED] - Object: 'Object Repository/beli barang/Lihat Sekarang' is clicked on

2023-10-05 10:49:08 - [TEST_STEP][PASSED] - verifyElementPresent(findTestObject("keranjang/li_Keranjang Belanja"), 0): Object 'Object Repository/keranjang/li_Keranjang Belanja' is present

2023-10-05 10:49:08 - [MESSAGE][WARNING] - Timeout '0' is invalid. Using default page load timeout: '30'

2023-10-05 10:49:10 - [MESSAGE][PASSED] - Object 'Object Repository/keranjang/li_Keranjang Belanja' is present

2023-10-05 10:49:10 - [TEST_STEP][PASSED] - NamaKeranjang = getText(findTestObject("verifikasi/Nama keranjang")): Text of object 'Object Repository/verifikasi/Nama keranjang' is: 'Segitiga Instan Madeira - MDB5.3 Sunset'

2023-10-05 10:49:10 - [MESSAGE][PASSED] - Text of object 'Object Repository/verifikasi/Nama keranjang' is: 'Segitiga Instan Madeira - MDB5.3 Sunset'

2023-10-05 10:49:10 - [TEST_STEP][PASSED] - HargaKeranjang = getText(findTestObject("verifikasi/Harga Keranjang")): Text of object 'Object Repository/verifikasi/Harga Keranjang' is: 'Rp 1,299'

2023-10-05 10:49:10 - [MESSAGE][PASSED] - Text of object 'Object Repository/verifikasi/Harga Keranjang' is: 'Rp 1,299'

2023-10-05 10:49:10 - [TEST_STEP][PASSED] - if (toString().equalsIgnoreCase("Merah")): Object 'Object Repository/keranjang/input_Warna_variasi101' is checked

2023-10-05 10:49:10 - [TEST_STEP][PASSED] - check(findTestObject("Object Repository/keranjang/input_Warna_variasi101")): Object 'Object Repository/keranjang/input_Warna_variasi101' is checked

2023-10-05 10:49:11 - [MESSAGE][PASSED] - Object 'Object Repository/keranjang/input_Warna_variasi101' is checked

2023-10-05 10:49:11 - [TEST_STEP][PASSED] - if (toString().equalsIgnoreCase("Menengah")): Object 'Object Repository/keranjang/input_Ukuran_variasi201' is checked

2023-10-05 10:49:11 - [TEST_STEP][PASSED] - check(findTestObject("Object Repository/keranjang/input_Ukuran_variasi201")): Object 'Object Repository/keranjang/input_Ukuran_variasi201' is checked

2023-10-05 10:49:11 - [MESSAGE][PASSED] - Object 'Object Repository/keranjang/input_Ukuran_variasi201' is checked

2023-10-05 10:49:11 - [TEST_STEP][PASSED] - data.put("Warna", warna): null

2023-10-05 10:49:11 - [TEST_STEP][PASSED] - data.put("Ukuran", ukuran): null

2023-10-05 10:49:11 - [TEST_STEP][PASSED] - click(findTestObject("keranjang/button_Lanjut ke Pembayaran")): Object: 'Object Repository/keranjang/button_Lanjut ke Pembayaran' is clicked on

2023-10-05 10:49:13 - [MESSAGE][PASSED] - Object: 'Object Repository/keranjang/button_Lanjut ke Pembayaran' is clicked on

2023-10-05 10:49:13 - [TEST_STEP][PASSED] - verifyElementPresent(findTestObject("checkout/Tittle Checkout Order"), 0): Object 'Object Repository/checkout/Tittle Checkout Order' is present

2023-10-05 10:49:13 - [MESSAGE][WARNING] - Timeout '0' is invalid. Using default page load timeout: '30'

2023-10-05 10:49:13 - [MESSAGE][PASSED] - Object 'Object Repository/checkout/Tittle Checkout Order' is present

2023-10-05 10:49:13 - [TEST_STEP][PASSED] - name_product = data.get("nama_barang"): null

2023-10-05 10:49:13 - [TEST_STEP][PASSED] - price_product = data.get("price_barang"): null

2023-10-05 10:49:13 - [TEST_STEP][PASSED] - assert name_product == NamaKeranjang: null

2023-10-05 10:49:13 - [TEST_STEP][PASSED] - assert price_product == HargaKeranjang: null

2023-10-05 10:49:13 - [TEST_STEP][PASSED] - return data: null

2023-10-05 10:49:13 - [MESSAGE][PASSED] - Call Test Case 'Test Cases/T13 Pembelian, Shipment dan Pembayaran/PBL-002' successfully

2023-10-05 10:49:13 - [TEST_STEP][PASSED] - warnaa = getText(findTestObject("verifikasi/warna Merah")): Text of object 'Object Repository/verifikasi/warna Merah' is: 'Merah'

2023-10-05 10:49:14 - [MESSAGE][PASSED] - Text of object 'Object Repository/verifikasi/warna Merah' is: 'Merah'

2023-10-05 10:49:14 - [TEST_STEP][PASSED] - ukurann = getText(findTestObject("verifikasi/Ukuran Menengah")): Text of object 'Object Repository/verifikasi/Ukuran Menengah' is: 'Menengah'

2023-10-05 10:49:14 - [MESSAGE][PASSED] - Text of object 'Object Repository/verifikasi/Ukuran Menengah' is: 'Menengah'

2023-10-05 10:49:14 - [TEST_STEP][PASSED] - warna1 = data.get("Warna"): null

2023-10-05 10:49:14 - [TEST_STEP][PASSED] - ukuran1 = data.get("Ukuran"): null

2023-10-05 10:49:14 - [TEST_STEP][PASSED] - assert warnaa == warna1: null

2023-10-05 10:49:14 - [TEST_STEP][PASSED] - assert ukurann == ukuran1: null

2023-10-05 10:49:14 - [TEST_STEP][PASSED] - NamaCheckout = getText(findTestObject("verifikasi/NamaCheckout")): Text of object 'Object Repository/verifikasi/NamaCheckout' is: ''

2023-10-05 10:49:15 - [MESSAGE][PASSED] - Text of object 'Object Repository/verifikasi/NamaCheckout' is: ''

2023-10-05 10:49:15 - [TEST_STEP][PASSED] - HargaCheckout = getText(findTestObject("verifikasi/HargaCheckout")): Text of object 'Object Repository/verifikasi/HargaCheckout' is: '1,299'

2023-10-05 10:49:15 - [MESSAGE][PASSED] - Text of object 'Object Repository/verifikasi/HargaCheckout' is: '1,299'

2023-10-05 10:49:15 - [TEST_STEP][PASSED] - name_product = data.get("nama_barang"): null

2023-10-05 10:49:15 - [TEST_STEP][PASSED] - price_product = data.get("price_barang"): null

2023-10-05 10:49:15 - [TEST_STEP][PASSED] - assert name_product.contains(NamaCheckout): null

2023-10-05 10:49:15 - [TEST_STEP][PASSED] - assert price_product.contains(HargaCheckout): null

2023-10-05 10:49:15 - [TEST_STEP][PASSED] - click(findTestObject("checkout/COD")): Object: 'Object Repository/checkout/COD' is clicked on

2023-10-05 10:49:16 - [MESSAGE][PASSED] - Object: 'Object Repository/checkout/COD' is clicked on

2023-10-05 10:49:16 - [TEST_STEP][PASSED] - click(findTestObject("verifikasi/COD - Panjang BanaTarif")): Object: 'Object Repository/verifikasi/COD - Panjang BanaTarif' is clicked on

2023-10-05 10:49:16 - [MESSAGE][PASSED] - Object: 'Object Repository/verifikasi/COD - Panjang BanaTarif' is clicked on

2023-10-05 10:49:16 - [TEST_STEP][PASSED] - click(findTestObject("verifikasi/Metode Transfer")): Object: 'Object Repository/verifikasi/Metode Transfer' is clicked on

2023-10-05 10:49:17 - [MESSAGE][PASSED] - Object: 'Object Repository/verifikasi/Metode Transfer' is clicked on

2023-10-05 10:49:17 - [TEST_STEP][PASSED] - click(findTestObject("checkout/button_Proses Pembayaran")): Object: 'Object Repository/checkout/button_Proses Pembayaran' is clicked on

2023-10-05 10:49:21 - [MESSAGE][PASSED] - Object: 'Object Repository/checkout/button_Proses Pembayaran' is clicked on

2023-10-05 10:49:21 - [TEST_STEP][FAILED] - verifyTextPresent("Massage Error" pilih metode pembayaran cod"", false): Unable to verify text 'Massage Error" pilih metode pembayaran cod"' is present  (Root cause: com.kms.katalon.core.exception.StepFailedException: Unable to verify text 'Massage Error" pilih metode pembayaran cod"' is present 
	at com.kms.katalon.core.webui.keyword.internal.WebUIKeywordMain.stepFailed(WebUIKeywordMain.groovy:64)
	at com.kms.katalon.core.webui.keyword.internal.WebUIKeywordMain.runKeyword(WebUIKeywordMain.groovy:26)
	at com.kms.katalon.core.webui.keyword.builtin.VerifyTextPresentKeyword.verifyTextPresent(VerifyTextPresentKeyword.groovy:83)
	at com.kms.katalon.core.webui.keyword.builtin.VerifyTextPresentKeyword.execute(VerifyTextPresentKeyword.groovy:68)
	at com.kms.katalon.core.keyword.internal.KeywordExecutor.executeKeywordForPlatform(KeywordExecutor.groovy:74)
	at com.kms.katalon.core.webui.keyword.WebUiBuiltInKeywords.verifyTextPresent(WebUiBuiltInKeywords.groovy:1723)
	at com.kms.katalon.core.webui.keyword.WebUiBuiltInKeywords$verifyTextPresent$7.call(Unknown Source)
	at PBL-007.run(PBL-007:107)
	at com.kms.katalon.core.main.ScriptEngine.run(ScriptEngine.java:194)
	at com.kms.katalon.core.main.ScriptEngine.runScriptAsRawText(ScriptEngine.java:119)
	at com.kms.katalon.core.main.TestCaseExecutor.runScript(TestCaseExecutor.java:448)
	at com.kms.katalon.core.main.TestCaseExecutor.doExecute(TestCaseExecutor.java:439)
	at com.kms.katalon.core.main.TestCaseExecutor.processExecutionPhase(TestCaseExecutor.java:418)
	at com.kms.katalon.core.main.TestCaseExecutor.accessMainPhase(TestCaseExecutor.java:410)
	at com.kms.katalon.core.main.TestCaseExecutor.execute(TestCaseExecutor.java:285)
	at com.kms.katalon.core.common.CommonExecutor.accessTestCaseMainPhase(CommonExecutor.java:65)
	at com.kms.katalon.core.main.TestSuiteExecutor.accessTestSuiteMainPhase(TestSuiteExecutor.java:148)
	at com.kms.katalon.core.main.TestSuiteExecutor.execute(TestSuiteExecutor.java:106)
	at com.kms.katalon.core.main.TestCaseMain.startTestSuite(TestCaseMain.java:187)
	at com.kms.katalon.core.main.TestCaseMain$startTestSuite$0.call(Unknown Source)
	at TempTestSuite1696477503821.run(TempTestSuite1696477503821.groovy:36)
Caused by: com.kms.katalon.core.exception.StepFailedException: Text 'Massage Error" pilih metode pembayaran cod"' is not present on page 
	at com.kms.katalon.core.webui.keyword.internal.WebUIKeywordMain.stepFailed(WebUIKeywordMain.groovy:64)
	at com.kms.katalon.core.webui.keyword.builtin.VerifyTextPresentKeyword$_verifyTextPresent_closure1.doCall(VerifyTextPresentKeyword.groovy:79)
	at com.kms.katalon.core.webui.keyword.builtin.VerifyTextPresentKeyword$_verifyTextPresent_closure1.call(VerifyTextPresentKeyword.groovy)
	at com.kms.katalon.core.webui.keyword.internal.WebUIKeywordMain.runKeyword(WebUIKeywordMain.groovy:20)
	... 19 more
)

2023-10-05 10:49:21 - [MESSAGE][FAILED] - Text 'Massage Error" pilih metode pembayaran cod"' is not present on page  (Root cause: com.kms.katalon.core.exception.StepFailedException: Text 'Massage Error" pilih metode pembayaran cod"' is not present on page 
	at com.kms.katalon.core.webui.keyword.internal.WebUIKeywordMain.stepFailed(WebUIKeywordMain.groovy:64)
	at com.kms.katalon.core.webui.keyword.builtin.VerifyTextPresentKeyword$_verifyTextPresent_closure1.doCall(VerifyTextPresentKeyword.groovy:79)
	at com.kms.katalon.core.webui.keyword.builtin.VerifyTextPresentKeyword$_verifyTextPresent_closure1.call(VerifyTextPresentKeyword.groovy)
	at com.kms.katalon.core.webui.keyword.internal.WebUIKeywordMain.runKeyword(WebUIKeywordMain.groovy:20)
	at com.kms.katalon.core.webui.keyword.builtin.VerifyTextPresentKeyword.verifyTextPresent(VerifyTextPresentKeyword.groovy:83)
	at com.kms.katalon.core.webui.keyword.builtin.VerifyTextPresentKeyword.execute(VerifyTextPresentKeyword.groovy:68)
	at com.kms.katalon.core.keyword.internal.KeywordExecutor.executeKeywordForPlatform(KeywordExecutor.groovy:74)
	at com.kms.katalon.core.webui.keyword.WebUiBuiltInKeywords.verifyTextPresent(WebUiBuiltInKeywords.groovy:1723)
	at com.kms.katalon.core.webui.keyword.WebUiBuiltInKeywords$verifyTextPresent$7.call(Unknown Source)
	at PBL-007.run(PBL-007:107)
	at com.kms.katalon.core.main.ScriptEngine.run(ScriptEngine.java:194)
	at com.kms.katalon.core.main.ScriptEngine.runScriptAsRawText(ScriptEngine.java:119)
	at com.kms.katalon.core.main.TestCaseExecutor.runScript(TestCaseExecutor.java:448)
	at com.kms.katalon.core.main.TestCaseExecutor.doExecute(TestCaseExecutor.java:439)
	at com.kms.katalon.core.main.TestCaseExecutor.processExecutionPhase(TestCaseExecutor.java:418)
	at com.kms.katalon.core.main.TestCaseExecutor.accessMainPhase(TestCaseExecutor.java:410)
	at com.kms.katalon.core.main.TestCaseExecutor.execute(TestCaseExecutor.java:285)
	at com.kms.katalon.core.common.CommonExecutor.accessTestCaseMainPhase(CommonExecutor.java:65)
	at com.kms.katalon.core.main.TestSuiteExecutor.accessTestSuiteMainPhase(TestSuiteExecutor.java:148)
	at com.kms.katalon.core.main.TestSuiteExecutor.execute(TestSuiteExecutor.java:106)
	at com.kms.katalon.core.main.TestCaseMain.startTestSuite(TestCaseMain.java:187)
	at com.kms.katalon.core.main.TestCaseMain$startTestSuite$0.call(Unknown Source)
	at TempTestSuite1696477503821.run(TempTestSuite1696477503821.groovy:36)
)

2023-10-05 10:49:21 - [MESSAGE][FAILED] - Unable to verify text 'Massage Error" pilih metode pembayaran cod"' is present  (Root cause: com.kms.katalon.core.exception.StepFailedException: Unable to verify text 'Massage Error" pilih metode pembayaran cod"' is present 
	at com.kms.katalon.core.webui.keyword.internal.WebUIKeywordMain.stepFailed(WebUIKeywordMain.groovy:64)
	at com.kms.katalon.core.webui.keyword.internal.WebUIKeywordMain.runKeyword(WebUIKeywordMain.groovy:26)
	at com.kms.katalon.core.webui.keyword.builtin.VerifyTextPresentKeyword.verifyTextPresent(VerifyTextPresentKeyword.groovy:83)
	at com.kms.katalon.core.webui.keyword.builtin.VerifyTextPresentKeyword.execute(VerifyTextPresentKeyword.groovy:68)
	at com.kms.katalon.core.keyword.internal.KeywordExecutor.executeKeywordForPlatform(KeywordExecutor.groovy:74)
	at com.kms.katalon.core.webui.keyword.WebUiBuiltInKeywords.verifyTextPresent(WebUiBuiltInKeywords.groovy:1723)
	at com.kms.katalon.core.webui.keyword.WebUiBuiltInKeywords$verifyTextPresent$7.call(Unknown Source)
	at PBL-007.run(PBL-007:107)
	at com.kms.katalon.core.main.ScriptEngine.run(ScriptEngine.java:194)
	at com.kms.katalon.core.main.ScriptEngine.runScriptAsRawText(ScriptEngine.java:119)
	at com.kms.katalon.core.main.TestCaseExecutor.runScript(TestCaseExecutor.java:448)
	at com.kms.katalon.core.main.TestCaseExecutor.doExecute(TestCaseExecutor.java:439)
	at com.kms.katalon.core.main.TestCaseExecutor.processExecutionPhase(TestCaseExecutor.java:418)
	at com.kms.katalon.core.main.TestCaseExecutor.accessMainPhase(TestCaseExecutor.java:410)
	at com.kms.katalon.core.main.TestCaseExecutor.execute(TestCaseExecutor.java:285)
	at com.kms.katalon.core.common.CommonExecutor.accessTestCaseMainPhase(CommonExecutor.java:65)
	at com.kms.katalon.core.main.TestSuiteExecutor.accessTestSuiteMainPhase(TestSuiteExecutor.java:148)
	at com.kms.katalon.core.main.TestSuiteExecutor.execute(TestSuiteExecutor.java:106)
	at com.kms.katalon.core.main.TestCaseMain.startTestSuite(TestCaseMain.java:187)
	at com.kms.katalon.core.main.TestCaseMain$startTestSuite$0.call(Unknown Source)
	at TempTestSuite1696477503821.run(TempTestSuite1696477503821.groovy:36)
Caused by: com.kms.katalon.core.exception.StepFailedException: Text 'Massage Error" pilih metode pembayaran cod"' is not present on page 
	at com.kms.katalon.core.webui.keyword.internal.WebUIKeywordMain.stepFailed(WebUIKeywordMain.groovy:64)
	at com.kms.katalon.core.webui.keyword.builtin.VerifyTextPresentKeyword$_verifyTextPresent_closure1.doCall(VerifyTextPresentKeyword.groovy:79)
	at com.kms.katalon.core.webui.keyword.builtin.VerifyTextPresentKeyword$_verifyTextPresent_closure1.call(VerifyTextPresentKeyword.groovy)
	at com.kms.katalon.core.webui.keyword.internal.WebUIKeywordMain.runKeyword(WebUIKeywordMain.groovy:20)
	... 19 more
)
[[ATTACHMENT|C:\\FT2 XSIS\\Projek 2 MINI PROJEK\\Reports\\20231005_104503\\T13 Pembelian, Shipment dan Pembayaran\\T13 Pembelian, Shipment dan Pembayaran\\20231005_104503\\1696477761847.png]]]]></system-out>
         <system-err><![CDATA[2023-10-05 10:48:45 - [TEST_CASE][FAILED] - Test Cases/T13 Pembelian, Shipment dan Pembayaran/PBL-007: Test Cases/T13 Pembelian, Shipment dan Pembayaran/PBL-007 FAILED.
Reason:
com.kms.katalon.core.exception.StepFailedException: Unable to verify text 'Massage Error" pilih metode pembayaran cod"' is present 
	at com.kms.katalon.core.webui.keyword.internal.WebUIKeywordMain.stepFailed(WebUIKeywordMain.groovy:64)
	at com.kms.katalon.core.webui.keyword.internal.WebUIKeywordMain.runKeyword(WebUIKeywordMain.groovy:26)
	at com.kms.katalon.core.webui.keyword.builtin.VerifyTextPresentKeyword.verifyTextPresent(VerifyTextPresentKeyword.groovy:83)
	at com.kms.katalon.core.webui.keyword.builtin.VerifyTextPresentKeyword.execute(VerifyTextPresentKeyword.groovy:68)
	at com.kms.katalon.core.keyword.internal.KeywordExecutor.executeKeywordForPlatform(KeywordExecutor.groovy:74)
	at com.kms.katalon.core.webui.keyword.WebUiBuiltInKeywords.verifyTextPresent(WebUiBuiltInKeywords.groovy:1723)
	at com.kms.katalon.core.webui.keyword.WebUiBuiltInKeywords$verifyTextPresent$7.call(Unknown Source)
	at PBL-007.run(PBL-007:107)
	at com.kms.katalon.core.main.ScriptEngine.run(ScriptEngine.java:194)
	at com.kms.katalon.core.main.ScriptEngine.runScriptAsRawText(ScriptEngine.java:119)
	at com.kms.katalon.core.main.TestCaseExecutor.runScript(TestCaseExecutor.java:448)
	at com.kms.katalon.core.main.TestCaseExecutor.doExecute(TestCaseExecutor.java:439)
	at com.kms.katalon.core.main.TestCaseExecutor.processExecutionPhase(TestCaseExecutor.java:418)
	at com.kms.katalon.core.main.TestCaseExecutor.accessMainPhase(TestCaseExecutor.java:410)
	at com.kms.katalon.core.main.TestCaseExecutor.execute(TestCaseExecutor.java:285)
	at com.kms.katalon.core.common.CommonExecutor.accessTestCaseMainPhase(CommonExecutor.java:65)
	at com.kms.katalon.core.main.TestSuiteExecutor.accessTestSuiteMainPhase(TestSuiteExecutor.java:148)
	at com.kms.katalon.core.main.TestSuiteExecutor.execute(TestSuiteExecutor.java:106)
	at com.kms.katalon.core.main.TestCaseMain.startTestSuite(TestCaseMain.java:187)
	at com.kms.katalon.core.main.TestCaseMain$startTestSuite$0.call(Unknown Source)
	at TempTestSuite1696477503821.run(TempTestSuite1696477503821.groovy:36)
Caused by: com.kms.katalon.core.exception.StepFailedException: Text 'Massage Error" pilih metode pembayaran cod"' is not present on page 
	at com.kms.katalon.core.webui.keyword.internal.WebUIKeywordMain.stepFailed(WebUIKeywordMain.groovy:64)
	at com.kms.katalon.core.webui.keyword.builtin.VerifyTextPresentKeyword$_verifyTextPresent_closure1.doCall(VerifyTextPresentKeyword.groovy:79)
	at com.kms.katalon.core.webui.keyword.builtin.VerifyTextPresentKeyword$_verifyTextPresent_closure1.call(VerifyTextPresentKeyword.groovy)
	at com.kms.katalon.core.webui.keyword.internal.WebUIKeywordMain.runKeyword(WebUIKeywordMain.groovy:20)
	... 19 more]]></system-err>
      </testcase>
      <testcase name="Test Cases/T13 Pembelian, Shipment dan Pembayaran/PBL-008" time="37.378" classname="Test Cases/T13 Pembelian, Shipment dan Pembayaran/PBL-008" status="FAILED">
         <failure type="FAILED" message="Test Cases/T13 Pembelian, Shipment dan Pembayaran/PBL-008 FAILED.
Reason:
com.kms.katalon.core.exception.StepFailedException: Unable to verify text 'Massage Error&quot; pilih metode pembayaran cod&quot;' is present 
	at com.kms.katalon.core.webui.keyword.internal.WebUIKeywordMain.stepFailed(WebUIKeywordMain.groovy:64)
	at com.kms.katalon.core.webui.keyword.internal.WebUIKeywordMain.runKeyword(WebUIKeywordMain.groovy:26)
	at com.kms.katalon.core.webui.keyword.builtin.VerifyTextPresentKeyword.verifyTextPresent(VerifyTextPresentKeyword.groovy:83)
	at com.kms.katalon.core.webui.keyword.builtin.VerifyTextPresentKeyword.execute(VerifyTextPresentKeyword.groovy:68)
	at com.kms.katalon.core.keyword.internal.KeywordExecutor.executeKeywordForPlatform(KeywordExecutor.groovy:74)
	at com.kms.katalon.core.webui.keyword.WebUiBuiltInKeywords.verifyTextPresent(WebUiBuiltInKeywords.groovy:1723)
	at com.kms.katalon.core.webui.keyword.WebUiBuiltInKeywords$verifyTextPresent$7.call(Unknown Source)
	at PBL-008.run(PBL-008:105)
	at com.kms.katalon.core.main.ScriptEngine.run(ScriptEngine.java:194)
	at com.kms.katalon.core.main.ScriptEngine.runScriptAsRawText(ScriptEngine.java:119)
	at com.kms.katalon.core.main.TestCaseExecutor.runScript(TestCaseExecutor.java:448)
	at com.kms.katalon.core.main.TestCaseExecutor.doExecute(TestCaseExecutor.java:439)
	at com.kms.katalon.core.main.TestCaseExecutor.processExecutionPhase(TestCaseExecutor.java:418)
	at com.kms.katalon.core.main.TestCaseExecutor.accessMainPhase(TestCaseExecutor.java:410)
	at com.kms.katalon.core.main.TestCaseExecutor.execute(TestCaseExecutor.java:285)
	at com.kms.katalon.core.common.CommonExecutor.accessTestCaseMainPhase(CommonExecutor.java:65)
	at com.kms.katalon.core.main.TestSuiteExecutor.accessTestSuiteMainPhase(TestSuiteExecutor.java:148)
	at com.kms.katalon.core.main.TestSuiteExecutor.execute(TestSuiteExecutor.java:106)
	at com.kms.katalon.core.main.TestCaseMain.startTestSuite(TestCaseMain.java:187)
	at com.kms.katalon.core.main.TestCaseMain$startTestSuite$0.call(Unknown Source)
	at TempTestSuite1696477503821.run(TempTestSuite1696477503821.groovy:36)
Caused by: com.kms.katalon.core.exception.StepFailedException: Text 'Massage Error&quot; pilih metode pembayaran cod&quot;' is not present on page 
	at com.kms.katalon.core.webui.keyword.internal.WebUIKeywordMain.stepFailed(WebUIKeywordMain.groovy:64)
	at com.kms.katalon.core.webui.keyword.builtin.VerifyTextPresentKeyword$_verifyTextPresent_closure1.doCall(VerifyTextPresentKeyword.groovy:79)
	at com.kms.katalon.core.webui.keyword.builtin.VerifyTextPresentKeyword$_verifyTextPresent_closure1.call(VerifyTextPresentKeyword.groovy)
	at com.kms.katalon.core.webui.keyword.internal.WebUIKeywordMain.runKeyword(WebUIKeywordMain.groovy:20)
	... 19 more
"/>
         <system-out><![CDATA[2023-10-05 10:49:22 - [TEST_CASE][FAILED] - Test Cases/T13 Pembelian, Shipment dan Pembayaran/PBL-008: Test Cases/T13 Pembelian, Shipment dan Pembayaran/PBL-008 FAILED.
Reason:
com.kms.katalon.core.exception.StepFailedException: Unable to verify text 'Massage Error" pilih metode pembayaran cod"' is present 
	at com.kms.katalon.core.webui.keyword.internal.WebUIKeywordMain.stepFailed(WebUIKeywordMain.groovy:64)
	at com.kms.katalon.core.webui.keyword.internal.WebUIKeywordMain.runKeyword(WebUIKeywordMain.groovy:26)
	at com.kms.katalon.core.webui.keyword.builtin.VerifyTextPresentKeyword.verifyTextPresent(VerifyTextPresentKeyword.groovy:83)
	at com.kms.katalon.core.webui.keyword.builtin.VerifyTextPresentKeyword.execute(VerifyTextPresentKeyword.groovy:68)
	at com.kms.katalon.core.keyword.internal.KeywordExecutor.executeKeywordForPlatform(KeywordExecutor.groovy:74)
	at com.kms.katalon.core.webui.keyword.WebUiBuiltInKeywords.verifyTextPresent(WebUiBuiltInKeywords.groovy:1723)
	at com.kms.katalon.core.webui.keyword.WebUiBuiltInKeywords$verifyTextPresent$7.call(Unknown Source)
	at PBL-008.run(PBL-008:105)
	at com.kms.katalon.core.main.ScriptEngine.run(ScriptEngine.java:194)
	at com.kms.katalon.core.main.ScriptEngine.runScriptAsRawText(ScriptEngine.java:119)
	at com.kms.katalon.core.main.TestCaseExecutor.runScript(TestCaseExecutor.java:448)
	at com.kms.katalon.core.main.TestCaseExecutor.doExecute(TestCaseExecutor.java:439)
	at com.kms.katalon.core.main.TestCaseExecutor.processExecutionPhase(TestCaseExecutor.java:418)
	at com.kms.katalon.core.main.TestCaseExecutor.accessMainPhase(TestCaseExecutor.java:410)
	at com.kms.katalon.core.main.TestCaseExecutor.execute(TestCaseExecutor.java:285)
	at com.kms.katalon.core.common.CommonExecutor.accessTestCaseMainPhase(CommonExecutor.java:65)
	at com.kms.katalon.core.main.TestSuiteExecutor.accessTestSuiteMainPhase(TestSuiteExecutor.java:148)
	at com.kms.katalon.core.main.TestSuiteExecutor.execute(TestSuiteExecutor.java:106)
	at com.kms.katalon.core.main.TestCaseMain.startTestSuite(TestCaseMain.java:187)
	at com.kms.katalon.core.main.TestCaseMain$startTestSuite$0.call(Unknown Source)
	at TempTestSuite1696477503821.run(TempTestSuite1696477503821.groovy:36)
Caused by: com.kms.katalon.core.exception.StepFailedException: Text 'Massage Error" pilih metode pembayaran cod"' is not present on page 
	at com.kms.katalon.core.webui.keyword.internal.WebUIKeywordMain.stepFailed(WebUIKeywordMain.groovy:64)
	at com.kms.katalon.core.webui.keyword.builtin.VerifyTextPresentKeyword$_verifyTextPresent_closure1.doCall(VerifyTextPresentKeyword.groovy:79)
	at com.kms.katalon.core.webui.keyword.builtin.VerifyTextPresentKeyword$_verifyTextPresent_closure1.call(VerifyTextPresentKeyword.groovy)
	at com.kms.katalon.core.webui.keyword.internal.WebUIKeywordMain.runKeyword(WebUIKeywordMain.groovy:20)
	... 19 more


2023-10-05 10:49:22 - [TEST_STEP][PASSED] - data = callTestCase(findTestCase("T13 Pembelian, Shipment dan Pembayaran/PBL-002"), [:], STOP_ON_FAILURE): Call Test Case 'Test Cases/T13 Pembelian, Shipment dan Pembayaran/PBL-002' successfully

2023-10-05 10:49:22 - [TEST_CASE][PASSED] - Test Cases/T13 Pembelian, Shipment dan Pembayaran/PBL-002: Test Cases/T13 Pembelian, Shipment dan Pembayaran/PBL-002

2023-10-05 10:49:22 - [TEST_STEP][PASSED] - data = callTestCase(findTestCase("T13 Pembelian, Shipment dan Pembayaran/PBL-001"), [:], STOP_ON_FAILURE): Call Test Case 'Test Cases/T13 Pembelian, Shipment dan Pembayaran/PBL-001' successfully

2023-10-05 10:49:22 - [TEST_CASE][PASSED] - Test Cases/T13 Pembelian, Shipment dan Pembayaran/PBL-001: Test Cases/T13 Pembelian, Shipment dan Pembayaran/PBL-001

2023-10-05 10:49:22 - [TEST_STEP][PASSED] - callTestCase(findTestCase("T13 Pembelian, Shipment dan Pembayaran/LU-001"), ["username":"irfanafandi", "password":"12345irfan"], STOP_ON_FAILURE): Call Test Case 'Test Cases/T13 Pembelian, Shipment dan Pembayaran/LU-001' successfully

2023-10-05 10:49:22 - [TEST_CASE][PASSED] - Test Cases/T13 Pembelian, Shipment dan Pembayaran/LU-001: Test Cases/T13 Pembelian, Shipment dan Pembayaran/LU-001

2023-10-05 10:49:22 - [TEST_STEP][PASSED] - openBrowser("https://10.9.2.63/ecommerce/"): Browser is opened with url: 'https://10.9.2.63/ecommerce/'

2023-10-05 10:49:22 - [MESSAGE][WARNING] - A browser is already opened. Closing browser and opening a new one

2023-10-05 10:49:23 - [MESSAGE][INFO] - Starting 'Edge Chromium' driver

2023-10-05 10:49:23 - [MESSAGE][INFO] - User set preference: ['acceptInsecureCerts', 'true']

2023-10-05 10:49:25 - [MESSAGE][INFO] - Action delay is set to 0 milliseconds

2023-10-05 10:49:29 - [MESSAGE][PASSED] - Browser is opened with url: 'https://10.9.2.63/ecommerce/'

2023-10-05 10:49:29 - [TEST_STEP][PASSED] - maximizeWindow(): Current window maximized

2023-10-05 10:49:29 - [MESSAGE][PASSED] - Current window maximized

2023-10-05 10:49:29 - [TEST_STEP][PASSED] - verifyElementPresent(findTestObject("Login/Home"), 0): Object 'Object Repository/Login/Home' is present

2023-10-05 10:49:29 - [MESSAGE][WARNING] - Timeout '0' is invalid. Using default page load timeout: '30'

2023-10-05 10:49:32 - [MESSAGE][PASSED] - Object 'Object Repository/Login/Home' is present

2023-10-05 10:49:32 - [TEST_STEP][PASSED] - click(findTestObject("Login/a_Login")): Object: 'Object Repository/Login/a_Login' is clicked on

2023-10-05 10:49:32 - [MESSAGE][PASSED] - Object: 'Object Repository/Login/a_Login' is clicked on

2023-10-05 10:49:32 - [TEST_STEP][PASSED] - verifyElementPresent(findTestObject("Login/Tittle Login"), 0): Object 'Object Repository/Login/Tittle Login' is present

2023-10-05 10:49:32 - [MESSAGE][WARNING] - Timeout '0' is invalid. Using default page load timeout: '30'

2023-10-05 10:49:33 - [MESSAGE][PASSED] - Object 'Object Repository/Login/Tittle Login' is present

2023-10-05 10:49:33 - [TEST_STEP][PASSED] - setText(findTestObject("Login/input_Username, Email atau No. Handphone_a"), username): Text 'irfanafandi' is set on object 'Object Repository/Login/input_Username, Email atau No. Handphone_a'

2023-10-05 10:49:34 - [MESSAGE][PASSED] - Text 'irfanafandi' is set on object 'Object Repository/Login/input_Username, Email atau No. Handphone_a'

2023-10-05 10:49:34 - [TEST_STEP][PASSED] - setText(findTestObject("Login/input_Password_b"), password): Text '12345irfan' is set on object 'Object Repository/Login/input_Password_b'

2023-10-05 10:49:35 - [MESSAGE][PASSED] - Text '12345irfan' is set on object 'Object Repository/Login/input_Password_b'

2023-10-05 10:49:35 - [TEST_STEP][PASSED] - click(findTestObject("Login/label_Ingat saya")): Object: 'Object Repository/Login/label_Ingat saya' is clicked on

2023-10-05 10:49:35 - [MESSAGE][PASSED] - Object: 'Object Repository/Login/label_Ingat saya' is clicked on

2023-10-05 10:49:35 - [TEST_STEP][PASSED] - click(findTestObject("Login/button_Masuk")): Object: 'Object Repository/Login/button_Masuk' is clicked on

2023-10-05 10:49:36 - [MESSAGE][PASSED] - Object: 'Object Repository/Login/button_Masuk' is clicked on

2023-10-05 10:49:36 - [TEST_STEP][PASSED] - verifyElementPresent(findTestObject("Login/li_Profile"), 0): Object 'Object Repository/Login/li_Profile' is present

2023-10-05 10:49:37 - [MESSAGE][WARNING] - Timeout '0' is invalid. Using default page load timeout: '30'

2023-10-05 10:49:37 - [MESSAGE][PASSED] - Object 'Object Repository/Login/li_Profile' is present

2023-10-05 10:49:37 - [MESSAGE][PASSED] - Call Test Case 'Test Cases/T13 Pembelian, Shipment dan Pembayaran/LU-001' successfully

2023-10-05 10:49:37 - [TEST_STEP][PASSED] - mouseOver(findTestObject("beli barang/i_Mulai Belanja_icon-menu")): Object: 'Object Repository/beli barang/i_Mulai Belanja_icon-menu' is hovered

2023-10-05 10:49:38 - [MESSAGE][PASSED] - Object: 'Object Repository/beli barang/i_Mulai Belanja_icon-menu' is hovered

2023-10-05 10:49:38 - [TEST_STEP][PASSED] - click(findTestObject("beli barang/a_Fashion  Busana Wanita")): Object: 'Object Repository/beli barang/a_Fashion  Busana Wanita' is clicked on

2023-10-05 10:49:39 - [MESSAGE][PASSED] - Object: 'Object Repository/beli barang/a_Fashion  Busana Wanita' is clicked on

2023-10-05 10:49:39 - [TEST_STEP][PASSED] - NamaSebelum = getText(findTestObject("verifikasi/Nama sebelum")): Text of object 'Object Repository/verifikasi/Nama sebelum' is: ''

2023-10-05 10:49:39 - [MESSAGE][PASSED] - Text of object 'Object Repository/verifikasi/Nama sebelum' is: ''

2023-10-05 10:49:39 - [TEST_STEP][PASSED] - HargaSebelum = getText(findTestObject("verifikasi/Harga sebelum")): Text of object 'Object Repository/verifikasi/Harga sebelum' is: 'Rp 1,299'

2023-10-05 10:49:40 - [MESSAGE][PASSED] - Text of object 'Object Repository/verifikasi/Harga sebelum' is: 'Rp 1,299'

2023-10-05 10:49:40 - [TEST_STEP][PASSED] - mouseOver(findTestObject("beli barang/barang mouse over")): Object: 'Object Repository/beli barang/barang mouse over' is hovered

2023-10-05 10:49:41 - [MESSAGE][PASSED] - Object: 'Object Repository/beli barang/barang mouse over' is hovered

2023-10-05 10:49:41 - [TEST_STEP][PASSED] - click(findTestObject("beli barang/buttom add to cart")): Object: 'Object Repository/beli barang/buttom add to cart' is clicked on

2023-10-05 10:49:42 - [MESSAGE][PASSED] - Object: 'Object Repository/beli barang/buttom add to cart' is clicked on

2023-10-05 10:49:42 - [TEST_STEP][PASSED] - NamaSesudah = getText(findTestObject("verifikasi/Nama sesudah")): Text of object 'Object Repository/verifikasi/Nama sesudah' is: 'Segitiga Instan Madeira - MDB5.3 Sunset'

2023-10-05 10:49:43 - [MESSAGE][PASSED] - Text of object 'Object Repository/verifikasi/Nama sesudah' is: 'Segitiga Instan Madeira - MDB5.3 Sunset'

2023-10-05 10:49:43 - [TEST_STEP][PASSED] - HargaSesudah = getText(findTestObject("verifikasi/Harga sesudah")): Text of object 'Object Repository/verifikasi/Harga sesudah' is: 'Rp 1,299'

2023-10-05 10:49:43 - [MESSAGE][PASSED] - Text of object 'Object Repository/verifikasi/Harga sesudah' is: 'Rp 1,299'

2023-10-05 10:49:43 - [TEST_STEP][PASSED] - assert NamaSesudah.contains(NamaSebelum): null

2023-10-05 10:49:43 - [TEST_STEP][PASSED] - assert HargaSesudah.contains(HargaSebelum): null

2023-10-05 10:49:43 - [TEST_STEP][PASSED] - click(findTestObject("beli barang/Tambah Keranjang busana wanita")): Object: 'Object Repository/beli barang/Tambah Keranjang busana wanita' is clicked on

2023-10-05 10:49:44 - [MESSAGE][PASSED] - Object: 'Object Repository/beli barang/Tambah Keranjang busana wanita' is clicked on

2023-10-05 10:49:44 - [TEST_STEP][PASSED] - verifyElementPresent(findTestObject("checkout/Notifikasi keranjang"), 1): Object 'Object Repository/checkout/Notifikasi keranjang' is present

2023-10-05 10:49:44 - [MESSAGE][PASSED] - Object 'Object Repository/checkout/Notifikasi keranjang' is present

2023-10-05 10:49:44 - [TEST_STEP][PASSED] - data = new java.util.HashMap(): null

2023-10-05 10:49:44 - [TEST_STEP][PASSED] - data.put("nama_barang", NamaSesudah): null

2023-10-05 10:49:44 - [TEST_STEP][PASSED] - data.put("price_barang", HargaSesudah): null

2023-10-05 10:49:44 - [TEST_STEP][PASSED] - return data: null

2023-10-05 10:49:44 - [MESSAGE][PASSED] - Call Test Case 'Test Cases/T13 Pembelian, Shipment dan Pembayaran/PBL-001' successfully

2023-10-05 10:49:44 - [TEST_STEP][PASSED] - mouseOver(findTestObject("beli barang/keranjang")): Object: 'Object Repository/beli barang/keranjang' is hovered

2023-10-05 10:49:45 - [MESSAGE][PASSED] - Object: 'Object Repository/beli barang/keranjang' is hovered

2023-10-05 10:49:45 - [TEST_STEP][PASSED] - click(findTestObject("beli barang/Lihat Sekarang")): Object: 'Object Repository/beli barang/Lihat Sekarang' is clicked on

2023-10-05 10:49:46 - [MESSAGE][PASSED] - Object: 'Object Repository/beli barang/Lihat Sekarang' is clicked on

2023-10-05 10:49:46 - [TEST_STEP][PASSED] - verifyElementPresent(findTestObject("keranjang/li_Keranjang Belanja"), 0): Object 'Object Repository/keranjang/li_Keranjang Belanja' is present

2023-10-05 10:49:46 - [MESSAGE][WARNING] - Timeout '0' is invalid. Using default page load timeout: '30'

2023-10-05 10:49:47 - [MESSAGE][PASSED] - Object 'Object Repository/keranjang/li_Keranjang Belanja' is present

2023-10-05 10:49:47 - [TEST_STEP][PASSED] - NamaKeranjang = getText(findTestObject("verifikasi/Nama keranjang")): Text of object 'Object Repository/verifikasi/Nama keranjang' is: 'Segitiga Instan Madeira - MDB5.3 Sunset'

2023-10-05 10:49:48 - [MESSAGE][PASSED] - Text of object 'Object Repository/verifikasi/Nama keranjang' is: 'Segitiga Instan Madeira - MDB5.3 Sunset'

2023-10-05 10:49:48 - [TEST_STEP][PASSED] - HargaKeranjang = getText(findTestObject("verifikasi/Harga Keranjang")): Text of object 'Object Repository/verifikasi/Harga Keranjang' is: 'Rp 1,299'

2023-10-05 10:49:48 - [MESSAGE][PASSED] - Text of object 'Object Repository/verifikasi/Harga Keranjang' is: 'Rp 1,299'

2023-10-05 10:49:48 - [TEST_STEP][PASSED] - if (toString().equalsIgnoreCase("Merah")): Object 'Object Repository/keranjang/input_Warna_variasi101' is checked

2023-10-05 10:49:48 - [TEST_STEP][PASSED] - check(findTestObject("Object Repository/keranjang/input_Warna_variasi101")): Object 'Object Repository/keranjang/input_Warna_variasi101' is checked

2023-10-05 10:49:48 - [MESSAGE][PASSED] - Object 'Object Repository/keranjang/input_Warna_variasi101' is checked

2023-10-05 10:49:48 - [TEST_STEP][PASSED] - if (toString().equalsIgnoreCase("Menengah")): Object 'Object Repository/keranjang/input_Ukuran_variasi201' is checked

2023-10-05 10:49:48 - [TEST_STEP][PASSED] - check(findTestObject("Object Repository/keranjang/input_Ukuran_variasi201")): Object 'Object Repository/keranjang/input_Ukuran_variasi201' is checked

2023-10-05 10:49:49 - [MESSAGE][PASSED] - Object 'Object Repository/keranjang/input_Ukuran_variasi201' is checked

2023-10-05 10:49:49 - [TEST_STEP][PASSED] - data.put("Warna", warna): null

2023-10-05 10:49:49 - [TEST_STEP][PASSED] - data.put("Ukuran", ukuran): null

2023-10-05 10:49:49 - [TEST_STEP][PASSED] - click(findTestObject("keranjang/button_Lanjut ke Pembayaran")): Object: 'Object Repository/keranjang/button_Lanjut ke Pembayaran' is clicked on

2023-10-05 10:49:50 - [MESSAGE][PASSED] - Object: 'Object Repository/keranjang/button_Lanjut ke Pembayaran' is clicked on

2023-10-05 10:49:50 - [TEST_STEP][PASSED] - verifyElementPresent(findTestObject("checkout/Tittle Checkout Order"), 0): Object 'Object Repository/checkout/Tittle Checkout Order' is present

2023-10-05 10:49:50 - [MESSAGE][WARNING] - Timeout '0' is invalid. Using default page load timeout: '30'

2023-10-05 10:49:51 - [MESSAGE][PASSED] - Object 'Object Repository/checkout/Tittle Checkout Order' is present

2023-10-05 10:49:51 - [TEST_STEP][PASSED] - name_product = data.get("nama_barang"): null

2023-10-05 10:49:51 - [TEST_STEP][PASSED] - price_product = data.get("price_barang"): null

2023-10-05 10:49:51 - [TEST_STEP][PASSED] - assert name_product == NamaKeranjang: null

2023-10-05 10:49:51 - [TEST_STEP][PASSED] - assert price_product == HargaKeranjang: null

2023-10-05 10:49:51 - [TEST_STEP][PASSED] - return data: null

2023-10-05 10:49:51 - [MESSAGE][PASSED] - Call Test Case 'Test Cases/T13 Pembelian, Shipment dan Pembayaran/PBL-002' successfully

2023-10-05 10:49:51 - [TEST_STEP][PASSED] - warnaa = getText(findTestObject("verifikasi/warna Merah")): Text of object 'Object Repository/verifikasi/warna Merah' is: 'Merah'

2023-10-05 10:49:52 - [MESSAGE][PASSED] - Text of object 'Object Repository/verifikasi/warna Merah' is: 'Merah'

2023-10-05 10:49:52 - [TEST_STEP][PASSED] - ukurann = getText(findTestObject("verifikasi/Ukuran Menengah")): Text of object 'Object Repository/verifikasi/Ukuran Menengah' is: 'Menengah'

2023-10-05 10:49:52 - [MESSAGE][PASSED] - Text of object 'Object Repository/verifikasi/Ukuran Menengah' is: 'Menengah'

2023-10-05 10:49:52 - [TEST_STEP][PASSED] - warna1 = data.get("Warna"): null

2023-10-05 10:49:52 - [TEST_STEP][PASSED] - ukuran1 = data.get("Ukuran"): null

2023-10-05 10:49:52 - [TEST_STEP][PASSED] - assert warnaa == warna1: null

2023-10-05 10:49:52 - [TEST_STEP][PASSED] - assert ukurann == ukuran1: null

2023-10-05 10:49:52 - [TEST_STEP][PASSED] - NamaCheckout = getText(findTestObject("verifikasi/NamaCheckout")): Text of object 'Object Repository/verifikasi/NamaCheckout' is: ''

2023-10-05 10:49:52 - [MESSAGE][PASSED] - Text of object 'Object Repository/verifikasi/NamaCheckout' is: ''

2023-10-05 10:49:52 - [TEST_STEP][PASSED] - HargaCheckout = getText(findTestObject("verifikasi/HargaCheckout")): Text of object 'Object Repository/verifikasi/HargaCheckout' is: '1,299'

2023-10-05 10:49:53 - [MESSAGE][PASSED] - Text of object 'Object Repository/verifikasi/HargaCheckout' is: '1,299'

2023-10-05 10:49:53 - [TEST_STEP][PASSED] - name_product = data.get("nama_barang"): null

2023-10-05 10:49:53 - [TEST_STEP][PASSED] - price_product = data.get("price_barang"): null

2023-10-05 10:49:53 - [TEST_STEP][PASSED] - assert name_product.contains(NamaCheckout): null

2023-10-05 10:49:53 - [TEST_STEP][PASSED] - assert price_product.contains(HargaCheckout): null

2023-10-05 10:49:53 - [TEST_STEP][PASSED] - click(findTestObject("checkout/COD")): Object: 'Object Repository/checkout/COD' is clicked on

2023-10-05 10:49:53 - [MESSAGE][PASSED] - Object: 'Object Repository/checkout/COD' is clicked on

2023-10-05 10:49:53 - [TEST_STEP][PASSED] - click(findTestObject("verifikasi/COD - Panjang BanaTarif")): Object: 'Object Repository/verifikasi/COD - Panjang BanaTarif' is clicked on

2023-10-05 10:49:54 - [MESSAGE][PASSED] - Object: 'Object Repository/verifikasi/COD - Panjang BanaTarif' is clicked on

2023-10-05 10:49:54 - [TEST_STEP][PASSED] - click(findTestObject("Object Repository/checkout/metode pembayaran")): Object: 'Object Repository/checkout/metode pembayaran' is clicked on

2023-10-05 10:49:54 - [MESSAGE][PASSED] - Object: 'Object Repository/checkout/metode pembayaran' is clicked on

2023-10-05 10:49:54 - [TEST_STEP][PASSED] - click(findTestObject("checkout/button_Proses Pembayaran")): Object: 'Object Repository/checkout/button_Proses Pembayaran' is clicked on

2023-10-05 10:49:58 - [MESSAGE][PASSED] - Object: 'Object Repository/checkout/button_Proses Pembayaran' is clicked on

2023-10-05 10:49:58 - [TEST_STEP][FAILED] - verifyTextPresent("Massage Error" pilih metode pembayaran cod"", false): Unable to verify text 'Massage Error" pilih metode pembayaran cod"' is present  (Root cause: com.kms.katalon.core.exception.StepFailedException: Unable to verify text 'Massage Error" pilih metode pembayaran cod"' is present 
	at com.kms.katalon.core.webui.keyword.internal.WebUIKeywordMain.stepFailed(WebUIKeywordMain.groovy:64)
	at com.kms.katalon.core.webui.keyword.internal.WebUIKeywordMain.runKeyword(WebUIKeywordMain.groovy:26)
	at com.kms.katalon.core.webui.keyword.builtin.VerifyTextPresentKeyword.verifyTextPresent(VerifyTextPresentKeyword.groovy:83)
	at com.kms.katalon.core.webui.keyword.builtin.VerifyTextPresentKeyword.execute(VerifyTextPresentKeyword.groovy:68)
	at com.kms.katalon.core.keyword.internal.KeywordExecutor.executeKeywordForPlatform(KeywordExecutor.groovy:74)
	at com.kms.katalon.core.webui.keyword.WebUiBuiltInKeywords.verifyTextPresent(WebUiBuiltInKeywords.groovy:1723)
	at com.kms.katalon.core.webui.keyword.WebUiBuiltInKeywords$verifyTextPresent$7.call(Unknown Source)
	at PBL-008.run(PBL-008:105)
	at com.kms.katalon.core.main.ScriptEngine.run(ScriptEngine.java:194)
	at com.kms.katalon.core.main.ScriptEngine.runScriptAsRawText(ScriptEngine.java:119)
	at com.kms.katalon.core.main.TestCaseExecutor.runScript(TestCaseExecutor.java:448)
	at com.kms.katalon.core.main.TestCaseExecutor.doExecute(TestCaseExecutor.java:439)
	at com.kms.katalon.core.main.TestCaseExecutor.processExecutionPhase(TestCaseExecutor.java:418)
	at com.kms.katalon.core.main.TestCaseExecutor.accessMainPhase(TestCaseExecutor.java:410)
	at com.kms.katalon.core.main.TestCaseExecutor.execute(TestCaseExecutor.java:285)
	at com.kms.katalon.core.common.CommonExecutor.accessTestCaseMainPhase(CommonExecutor.java:65)
	at com.kms.katalon.core.main.TestSuiteExecutor.accessTestSuiteMainPhase(TestSuiteExecutor.java:148)
	at com.kms.katalon.core.main.TestSuiteExecutor.execute(TestSuiteExecutor.java:106)
	at com.kms.katalon.core.main.TestCaseMain.startTestSuite(TestCaseMain.java:187)
	at com.kms.katalon.core.main.TestCaseMain$startTestSuite$0.call(Unknown Source)
	at TempTestSuite1696477503821.run(TempTestSuite1696477503821.groovy:36)
Caused by: com.kms.katalon.core.exception.StepFailedException: Text 'Massage Error" pilih metode pembayaran cod"' is not present on page 
	at com.kms.katalon.core.webui.keyword.internal.WebUIKeywordMain.stepFailed(WebUIKeywordMain.groovy:64)
	at com.kms.katalon.core.webui.keyword.builtin.VerifyTextPresentKeyword$_verifyTextPresent_closure1.doCall(VerifyTextPresentKeyword.groovy:79)
	at com.kms.katalon.core.webui.keyword.builtin.VerifyTextPresentKeyword$_verifyTextPresent_closure1.call(VerifyTextPresentKeyword.groovy)
	at com.kms.katalon.core.webui.keyword.internal.WebUIKeywordMain.runKeyword(WebUIKeywordMain.groovy:20)
	... 19 more
)

2023-10-05 10:49:59 - [MESSAGE][FAILED] - Text 'Massage Error" pilih metode pembayaran cod"' is not present on page  (Root cause: com.kms.katalon.core.exception.StepFailedException: Text 'Massage Error" pilih metode pembayaran cod"' is not present on page 
	at com.kms.katalon.core.webui.keyword.internal.WebUIKeywordMain.stepFailed(WebUIKeywordMain.groovy:64)
	at com.kms.katalon.core.webui.keyword.builtin.VerifyTextPresentKeyword$_verifyTextPresent_closure1.doCall(VerifyTextPresentKeyword.groovy:79)
	at com.kms.katalon.core.webui.keyword.builtin.VerifyTextPresentKeyword$_verifyTextPresent_closure1.call(VerifyTextPresentKeyword.groovy)
	at com.kms.katalon.core.webui.keyword.internal.WebUIKeywordMain.runKeyword(WebUIKeywordMain.groovy:20)
	at com.kms.katalon.core.webui.keyword.builtin.VerifyTextPresentKeyword.verifyTextPresent(VerifyTextPresentKeyword.groovy:83)
	at com.kms.katalon.core.webui.keyword.builtin.VerifyTextPresentKeyword.execute(VerifyTextPresentKeyword.groovy:68)
	at com.kms.katalon.core.keyword.internal.KeywordExecutor.executeKeywordForPlatform(KeywordExecutor.groovy:74)
	at com.kms.katalon.core.webui.keyword.WebUiBuiltInKeywords.verifyTextPresent(WebUiBuiltInKeywords.groovy:1723)
	at com.kms.katalon.core.webui.keyword.WebUiBuiltInKeywords$verifyTextPresent$7.call(Unknown Source)
	at PBL-008.run(PBL-008:105)
	at com.kms.katalon.core.main.ScriptEngine.run(ScriptEngine.java:194)
	at com.kms.katalon.core.main.ScriptEngine.runScriptAsRawText(ScriptEngine.java:119)
	at com.kms.katalon.core.main.TestCaseExecutor.runScript(TestCaseExecutor.java:448)
	at com.kms.katalon.core.main.TestCaseExecutor.doExecute(TestCaseExecutor.java:439)
	at com.kms.katalon.core.main.TestCaseExecutor.processExecutionPhase(TestCaseExecutor.java:418)
	at com.kms.katalon.core.main.TestCaseExecutor.accessMainPhase(TestCaseExecutor.java:410)
	at com.kms.katalon.core.main.TestCaseExecutor.execute(TestCaseExecutor.java:285)
	at com.kms.katalon.core.common.CommonExecutor.accessTestCaseMainPhase(CommonExecutor.java:65)
	at com.kms.katalon.core.main.TestSuiteExecutor.accessTestSuiteMainPhase(TestSuiteExecutor.java:148)
	at com.kms.katalon.core.main.TestSuiteExecutor.execute(TestSuiteExecutor.java:106)
	at com.kms.katalon.core.main.TestCaseMain.startTestSuite(TestCaseMain.java:187)
	at com.kms.katalon.core.main.TestCaseMain$startTestSuite$0.call(Unknown Source)
	at TempTestSuite1696477503821.run(TempTestSuite1696477503821.groovy:36)
)

2023-10-05 10:49:59 - [MESSAGE][FAILED] - Unable to verify text 'Massage Error" pilih metode pembayaran cod"' is present  (Root cause: com.kms.katalon.core.exception.StepFailedException: Unable to verify text 'Massage Error" pilih metode pembayaran cod"' is present 
	at com.kms.katalon.core.webui.keyword.internal.WebUIKeywordMain.stepFailed(WebUIKeywordMain.groovy:64)
	at com.kms.katalon.core.webui.keyword.internal.WebUIKeywordMain.runKeyword(WebUIKeywordMain.groovy:26)
	at com.kms.katalon.core.webui.keyword.builtin.VerifyTextPresentKeyword.verifyTextPresent(VerifyTextPresentKeyword.groovy:83)
	at com.kms.katalon.core.webui.keyword.builtin.VerifyTextPresentKeyword.execute(VerifyTextPresentKeyword.groovy:68)
	at com.kms.katalon.core.keyword.internal.KeywordExecutor.executeKeywordForPlatform(KeywordExecutor.groovy:74)
	at com.kms.katalon.core.webui.keyword.WebUiBuiltInKeywords.verifyTextPresent(WebUiBuiltInKeywords.groovy:1723)
	at com.kms.katalon.core.webui.keyword.WebUiBuiltInKeywords$verifyTextPresent$7.call(Unknown Source)
	at PBL-008.run(PBL-008:105)
	at com.kms.katalon.core.main.ScriptEngine.run(ScriptEngine.java:194)
	at com.kms.katalon.core.main.ScriptEngine.runScriptAsRawText(ScriptEngine.java:119)
	at com.kms.katalon.core.main.TestCaseExecutor.runScript(TestCaseExecutor.java:448)
	at com.kms.katalon.core.main.TestCaseExecutor.doExecute(TestCaseExecutor.java:439)
	at com.kms.katalon.core.main.TestCaseExecutor.processExecutionPhase(TestCaseExecutor.java:418)
	at com.kms.katalon.core.main.TestCaseExecutor.accessMainPhase(TestCaseExecutor.java:410)
	at com.kms.katalon.core.main.TestCaseExecutor.execute(TestCaseExecutor.java:285)
	at com.kms.katalon.core.common.CommonExecutor.accessTestCaseMainPhase(CommonExecutor.java:65)
	at com.kms.katalon.core.main.TestSuiteExecutor.accessTestSuiteMainPhase(TestSuiteExecutor.java:148)
	at com.kms.katalon.core.main.TestSuiteExecutor.execute(TestSuiteExecutor.java:106)
	at com.kms.katalon.core.main.TestCaseMain.startTestSuite(TestCaseMain.java:187)
	at com.kms.katalon.core.main.TestCaseMain$startTestSuite$0.call(Unknown Source)
	at TempTestSuite1696477503821.run(TempTestSuite1696477503821.groovy:36)
Caused by: com.kms.katalon.core.exception.StepFailedException: Text 'Massage Error" pilih metode pembayaran cod"' is not present on page 
	at com.kms.katalon.core.webui.keyword.internal.WebUIKeywordMain.stepFailed(WebUIKeywordMain.groovy:64)
	at com.kms.katalon.core.webui.keyword.builtin.VerifyTextPresentKeyword$_verifyTextPresent_closure1.doCall(VerifyTextPresentKeyword.groovy:79)
	at com.kms.katalon.core.webui.keyword.builtin.VerifyTextPresentKeyword$_verifyTextPresent_closure1.call(VerifyTextPresentKeyword.groovy)
	at com.kms.katalon.core.webui.keyword.internal.WebUIKeywordMain.runKeyword(WebUIKeywordMain.groovy:20)
	... 19 more
)
[[ATTACHMENT|C:\\FT2 XSIS\\Projek 2 MINI PROJEK\\Reports\\20231005_104503\\T13 Pembelian, Shipment dan Pembayaran\\T13 Pembelian, Shipment dan Pembayaran\\20231005_104503\\1696477799206.png]]]]></system-out>
         <system-err><![CDATA[2023-10-05 10:49:22 - [TEST_CASE][FAILED] - Test Cases/T13 Pembelian, Shipment dan Pembayaran/PBL-008: Test Cases/T13 Pembelian, Shipment dan Pembayaran/PBL-008 FAILED.
Reason:
com.kms.katalon.core.exception.StepFailedException: Unable to verify text 'Massage Error" pilih metode pembayaran cod"' is present 
	at com.kms.katalon.core.webui.keyword.internal.WebUIKeywordMain.stepFailed(WebUIKeywordMain.groovy:64)
	at com.kms.katalon.core.webui.keyword.internal.WebUIKeywordMain.runKeyword(WebUIKeywordMain.groovy:26)
	at com.kms.katalon.core.webui.keyword.builtin.VerifyTextPresentKeyword.verifyTextPresent(VerifyTextPresentKeyword.groovy:83)
	at com.kms.katalon.core.webui.keyword.builtin.VerifyTextPresentKeyword.execute(VerifyTextPresentKeyword.groovy:68)
	at com.kms.katalon.core.keyword.internal.KeywordExecutor.executeKeywordForPlatform(KeywordExecutor.groovy:74)
	at com.kms.katalon.core.webui.keyword.WebUiBuiltInKeywords.verifyTextPresent(WebUiBuiltInKeywords.groovy:1723)
	at com.kms.katalon.core.webui.keyword.WebUiBuiltInKeywords$verifyTextPresent$7.call(Unknown Source)
	at PBL-008.run(PBL-008:105)
	at com.kms.katalon.core.main.ScriptEngine.run(ScriptEngine.java:194)
	at com.kms.katalon.core.main.ScriptEngine.runScriptAsRawText(ScriptEngine.java:119)
	at com.kms.katalon.core.main.TestCaseExecutor.runScript(TestCaseExecutor.java:448)
	at com.kms.katalon.core.main.TestCaseExecutor.doExecute(TestCaseExecutor.java:439)
	at com.kms.katalon.core.main.TestCaseExecutor.processExecutionPhase(TestCaseExecutor.java:418)
	at com.kms.katalon.core.main.TestCaseExecutor.accessMainPhase(TestCaseExecutor.java:410)
	at com.kms.katalon.core.main.TestCaseExecutor.execute(TestCaseExecutor.java:285)
	at com.kms.katalon.core.common.CommonExecutor.accessTestCaseMainPhase(CommonExecutor.java:65)
	at com.kms.katalon.core.main.TestSuiteExecutor.accessTestSuiteMainPhase(TestSuiteExecutor.java:148)
	at com.kms.katalon.core.main.TestSuiteExecutor.execute(TestSuiteExecutor.java:106)
	at com.kms.katalon.core.main.TestCaseMain.startTestSuite(TestCaseMain.java:187)
	at com.kms.katalon.core.main.TestCaseMain$startTestSuite$0.call(Unknown Source)
	at TempTestSuite1696477503821.run(TempTestSuite1696477503821.groovy:36)
Caused by: com.kms.katalon.core.exception.StepFailedException: Text 'Massage Error" pilih metode pembayaran cod"' is not present on page 
	at com.kms.katalon.core.webui.keyword.internal.WebUIKeywordMain.stepFailed(WebUIKeywordMain.groovy:64)
	at com.kms.katalon.core.webui.keyword.builtin.VerifyTextPresentKeyword$_verifyTextPresent_closure1.doCall(VerifyTextPresentKeyword.groovy:79)
	at com.kms.katalon.core.webui.keyword.builtin.VerifyTextPresentKeyword$_verifyTextPresent_closure1.call(VerifyTextPresentKeyword.groovy)
	at com.kms.katalon.core.webui.keyword.internal.WebUIKeywordMain.runKeyword(WebUIKeywordMain.groovy:20)
	... 19 more]]></system-err>
      </testcase>
      <testcase name="Test Cases/T13 Pembelian, Shipment dan Pembayaran/PBL-009" time="37.703" classname="Test Cases/T13 Pembelian, Shipment dan Pembayaran/PBL-009" status="PASSED">
         <system-out><![CDATA[2023-10-05 10:49:59 - [TEST_CASE][PASSED] - Test Cases/T13 Pembelian, Shipment dan Pembayaran/PBL-009: Test Cases/T13 Pembelian, Shipment dan Pembayaran/PBL-009

2023-10-05 10:50:00 - [TEST_STEP][PASSED] - data = callTestCase(findTestCase("T13 Pembelian, Shipment dan Pembayaran/PBL-002"), [:], STOP_ON_FAILURE): Call Test Case 'Test Cases/T13 Pembelian, Shipment dan Pembayaran/PBL-002' successfully

2023-10-05 10:50:00 - [TEST_CASE][PASSED] - Test Cases/T13 Pembelian, Shipment dan Pembayaran/PBL-002: Test Cases/T13 Pembelian, Shipment dan Pembayaran/PBL-002

2023-10-05 10:50:00 - [TEST_STEP][PASSED] - data = callTestCase(findTestCase("T13 Pembelian, Shipment dan Pembayaran/PBL-001"), [:], STOP_ON_FAILURE): Call Test Case 'Test Cases/T13 Pembelian, Shipment dan Pembayaran/PBL-001' successfully

2023-10-05 10:50:00 - [TEST_CASE][PASSED] - Test Cases/T13 Pembelian, Shipment dan Pembayaran/PBL-001: Test Cases/T13 Pembelian, Shipment dan Pembayaran/PBL-001

2023-10-05 10:50:00 - [TEST_STEP][PASSED] - callTestCase(findTestCase("T13 Pembelian, Shipment dan Pembayaran/LU-001"), ["username":"irfanafandi", "password":"12345irfan"], STOP_ON_FAILURE): Call Test Case 'Test Cases/T13 Pembelian, Shipment dan Pembayaran/LU-001' successfully

2023-10-05 10:50:00 - [TEST_CASE][PASSED] - Test Cases/T13 Pembelian, Shipment dan Pembayaran/LU-001: Test Cases/T13 Pembelian, Shipment dan Pembayaran/LU-001

2023-10-05 10:50:00 - [TEST_STEP][PASSED] - openBrowser("https://10.9.2.63/ecommerce/"): Browser is opened with url: 'https://10.9.2.63/ecommerce/'

2023-10-05 10:50:00 - [MESSAGE][WARNING] - A browser is already opened. Closing browser and opening a new one

2023-10-05 10:50:00 - [MESSAGE][INFO] - Starting 'Edge Chromium' driver

2023-10-05 10:50:00 - [MESSAGE][INFO] - User set preference: ['acceptInsecureCerts', 'true']

2023-10-05 10:50:03 - [MESSAGE][INFO] - Action delay is set to 0 milliseconds

2023-10-05 10:50:06 - [MESSAGE][PASSED] - Browser is opened with url: 'https://10.9.2.63/ecommerce/'

2023-10-05 10:50:06 - [TEST_STEP][PASSED] - maximizeWindow(): Current window maximized

2023-10-05 10:50:07 - [MESSAGE][PASSED] - Current window maximized

2023-10-05 10:50:07 - [TEST_STEP][PASSED] - verifyElementPresent(findTestObject("Login/Home"), 0): Object 'Object Repository/Login/Home' is present

2023-10-05 10:50:07 - [MESSAGE][WARNING] - Timeout '0' is invalid. Using default page load timeout: '30'

2023-10-05 10:50:07 - [MESSAGE][PASSED] - Object 'Object Repository/Login/Home' is present

2023-10-05 10:50:07 - [TEST_STEP][PASSED] - click(findTestObject("Login/a_Login")): Object: 'Object Repository/Login/a_Login' is clicked on

2023-10-05 10:50:08 - [MESSAGE][PASSED] - Object: 'Object Repository/Login/a_Login' is clicked on

2023-10-05 10:50:08 - [TEST_STEP][PASSED] - verifyElementPresent(findTestObject("Login/Tittle Login"), 0): Object 'Object Repository/Login/Tittle Login' is present

2023-10-05 10:50:08 - [MESSAGE][WARNING] - Timeout '0' is invalid. Using default page load timeout: '30'

2023-10-05 10:50:09 - [MESSAGE][PASSED] - Object 'Object Repository/Login/Tittle Login' is present

2023-10-05 10:50:09 - [TEST_STEP][PASSED] - setText(findTestObject("Login/input_Username, Email atau No. Handphone_a"), username): Text 'irfanafandi' is set on object 'Object Repository/Login/input_Username, Email atau No. Handphone_a'

2023-10-05 10:50:09 - [MESSAGE][PASSED] - Text 'irfanafandi' is set on object 'Object Repository/Login/input_Username, Email atau No. Handphone_a'

2023-10-05 10:50:09 - [TEST_STEP][PASSED] - setText(findTestObject("Login/input_Password_b"), password): Text '12345irfan' is set on object 'Object Repository/Login/input_Password_b'

2023-10-05 10:50:10 - [MESSAGE][PASSED] - Text '12345irfan' is set on object 'Object Repository/Login/input_Password_b'

2023-10-05 10:50:10 - [TEST_STEP][PASSED] - click(findTestObject("Login/label_Ingat saya")): Object: 'Object Repository/Login/label_Ingat saya' is clicked on

2023-10-05 10:50:11 - [MESSAGE][PASSED] - Object: 'Object Repository/Login/label_Ingat saya' is clicked on

2023-10-05 10:50:11 - [TEST_STEP][PASSED] - click(findTestObject("Login/button_Masuk")): Object: 'Object Repository/Login/button_Masuk' is clicked on

2023-10-05 10:50:12 - [MESSAGE][PASSED] - Object: 'Object Repository/Login/button_Masuk' is clicked on

2023-10-05 10:50:12 - [TEST_STEP][PASSED] - verifyElementPresent(findTestObject("Login/li_Profile"), 0): Object 'Object Repository/Login/li_Profile' is present

2023-10-05 10:50:12 - [MESSAGE][WARNING] - Timeout '0' is invalid. Using default page load timeout: '30'

2023-10-05 10:50:13 - [MESSAGE][PASSED] - Object 'Object Repository/Login/li_Profile' is present

2023-10-05 10:50:13 - [MESSAGE][PASSED] - Call Test Case 'Test Cases/T13 Pembelian, Shipment dan Pembayaran/LU-001' successfully

2023-10-05 10:50:13 - [TEST_STEP][PASSED] - mouseOver(findTestObject("beli barang/i_Mulai Belanja_icon-menu")): Object: 'Object Repository/beli barang/i_Mulai Belanja_icon-menu' is hovered

2023-10-05 10:50:13 - [MESSAGE][PASSED] - Object: 'Object Repository/beli barang/i_Mulai Belanja_icon-menu' is hovered

2023-10-05 10:50:13 - [TEST_STEP][PASSED] - click(findTestObject("beli barang/a_Fashion  Busana Wanita")): Object: 'Object Repository/beli barang/a_Fashion  Busana Wanita' is clicked on

2023-10-05 10:50:15 - [MESSAGE][PASSED] - Object: 'Object Repository/beli barang/a_Fashion  Busana Wanita' is clicked on

2023-10-05 10:50:15 - [TEST_STEP][PASSED] - NamaSebelum = getText(findTestObject("verifikasi/Nama sebelum")): Text of object 'Object Repository/verifikasi/Nama sebelum' is: ''

2023-10-05 10:50:15 - [MESSAGE][PASSED] - Text of object 'Object Repository/verifikasi/Nama sebelum' is: ''

2023-10-05 10:50:15 - [TEST_STEP][PASSED] - HargaSebelum = getText(findTestObject("verifikasi/Harga sebelum")): Text of object 'Object Repository/verifikasi/Harga sebelum' is: 'Rp 1,299'

2023-10-05 10:50:16 - [MESSAGE][PASSED] - Text of object 'Object Repository/verifikasi/Harga sebelum' is: 'Rp 1,299'

2023-10-05 10:50:16 - [TEST_STEP][PASSED] - mouseOver(findTestObject("beli barang/barang mouse over")): Object: 'Object Repository/beli barang/barang mouse over' is hovered

2023-10-05 10:50:16 - [MESSAGE][PASSED] - Object: 'Object Repository/beli barang/barang mouse over' is hovered

2023-10-05 10:50:16 - [TEST_STEP][PASSED] - click(findTestObject("beli barang/buttom add to cart")): Object: 'Object Repository/beli barang/buttom add to cart' is clicked on

2023-10-05 10:50:18 - [MESSAGE][PASSED] - Object: 'Object Repository/beli barang/buttom add to cart' is clicked on

2023-10-05 10:50:18 - [TEST_STEP][PASSED] - NamaSesudah = getText(findTestObject("verifikasi/Nama sesudah")): Text of object 'Object Repository/verifikasi/Nama sesudah' is: 'Segitiga Instan Madeira - MDB5.3 Sunset'

2023-10-05 10:50:18 - [MESSAGE][PASSED] - Text of object 'Object Repository/verifikasi/Nama sesudah' is: 'Segitiga Instan Madeira - MDB5.3 Sunset'

2023-10-05 10:50:18 - [TEST_STEP][PASSED] - HargaSesudah = getText(findTestObject("verifikasi/Harga sesudah")): Text of object 'Object Repository/verifikasi/Harga sesudah' is: 'Rp 1,299'

2023-10-05 10:50:19 - [MESSAGE][PASSED] - Text of object 'Object Repository/verifikasi/Harga sesudah' is: 'Rp 1,299'

2023-10-05 10:50:19 - [TEST_STEP][PASSED] - assert NamaSesudah.contains(NamaSebelum): null

2023-10-05 10:50:19 - [TEST_STEP][PASSED] - assert HargaSesudah.contains(HargaSebelum): null

2023-10-05 10:50:19 - [TEST_STEP][PASSED] - click(findTestObject("beli barang/Tambah Keranjang busana wanita")): Object: 'Object Repository/beli barang/Tambah Keranjang busana wanita' is clicked on

2023-10-05 10:50:19 - [MESSAGE][PASSED] - Object: 'Object Repository/beli barang/Tambah Keranjang busana wanita' is clicked on

2023-10-05 10:50:19 - [TEST_STEP][PASSED] - verifyElementPresent(findTestObject("checkout/Notifikasi keranjang"), 1): Object 'Object Repository/checkout/Notifikasi keranjang' is present

2023-10-05 10:50:20 - [MESSAGE][PASSED] - Object 'Object Repository/checkout/Notifikasi keranjang' is present

2023-10-05 10:50:20 - [TEST_STEP][PASSED] - data = new java.util.HashMap(): null

2023-10-05 10:50:20 - [TEST_STEP][PASSED] - data.put("nama_barang", NamaSesudah): null

2023-10-05 10:50:20 - [TEST_STEP][PASSED] - data.put("price_barang", HargaSesudah): null

2023-10-05 10:50:20 - [TEST_STEP][PASSED] - return data: null

2023-10-05 10:50:20 - [MESSAGE][PASSED] - Call Test Case 'Test Cases/T13 Pembelian, Shipment dan Pembayaran/PBL-001' successfully

2023-10-05 10:50:20 - [TEST_STEP][PASSED] - mouseOver(findTestObject("beli barang/keranjang")): Object: 'Object Repository/beli barang/keranjang' is hovered

2023-10-05 10:50:21 - [MESSAGE][PASSED] - Object: 'Object Repository/beli barang/keranjang' is hovered

2023-10-05 10:50:21 - [TEST_STEP][PASSED] - click(findTestObject("beli barang/Lihat Sekarang")): Object: 'Object Repository/beli barang/Lihat Sekarang' is clicked on

2023-10-05 10:50:22 - [MESSAGE][PASSED] - Object: 'Object Repository/beli barang/Lihat Sekarang' is clicked on

2023-10-05 10:50:22 - [TEST_STEP][PASSED] - verifyElementPresent(findTestObject("keranjang/li_Keranjang Belanja"), 0): Object 'Object Repository/keranjang/li_Keranjang Belanja' is present

2023-10-05 10:50:22 - [MESSAGE][WARNING] - Timeout '0' is invalid. Using default page load timeout: '30'

2023-10-05 10:50:23 - [MESSAGE][PASSED] - Object 'Object Repository/keranjang/li_Keranjang Belanja' is present

2023-10-05 10:50:23 - [TEST_STEP][PASSED] - NamaKeranjang = getText(findTestObject("verifikasi/Nama keranjang")): Text of object 'Object Repository/verifikasi/Nama keranjang' is: 'Segitiga Instan Madeira - MDB5.3 Sunset'

2023-10-05 10:50:23 - [MESSAGE][PASSED] - Text of object 'Object Repository/verifikasi/Nama keranjang' is: 'Segitiga Instan Madeira - MDB5.3 Sunset'

2023-10-05 10:50:23 - [TEST_STEP][PASSED] - HargaKeranjang = getText(findTestObject("verifikasi/Harga Keranjang")): Text of object 'Object Repository/verifikasi/Harga Keranjang' is: 'Rp 1,299'

2023-10-05 10:50:24 - [MESSAGE][PASSED] - Text of object 'Object Repository/verifikasi/Harga Keranjang' is: 'Rp 1,299'

2023-10-05 10:50:24 - [TEST_STEP][PASSED] - if (toString().equalsIgnoreCase("Merah")): Object 'Object Repository/keranjang/input_Warna_variasi101' is checked

2023-10-05 10:50:24 - [TEST_STEP][PASSED] - check(findTestObject("Object Repository/keranjang/input_Warna_variasi101")): Object 'Object Repository/keranjang/input_Warna_variasi101' is checked

2023-10-05 10:50:24 - [MESSAGE][PASSED] - Object 'Object Repository/keranjang/input_Warna_variasi101' is checked

2023-10-05 10:50:24 - [TEST_STEP][PASSED] - if (toString().equalsIgnoreCase("Menengah")): Object 'Object Repository/keranjang/input_Ukuran_variasi201' is checked

2023-10-05 10:50:24 - [TEST_STEP][PASSED] - check(findTestObject("Object Repository/keranjang/input_Ukuran_variasi201")): Object 'Object Repository/keranjang/input_Ukuran_variasi201' is checked

2023-10-05 10:50:25 - [MESSAGE][PASSED] - Object 'Object Repository/keranjang/input_Ukuran_variasi201' is checked

2023-10-05 10:50:25 - [TEST_STEP][PASSED] - data.put("Warna", warna): null

2023-10-05 10:50:25 - [TEST_STEP][PASSED] - data.put("Ukuran", ukuran): null

2023-10-05 10:50:25 - [TEST_STEP][PASSED] - click(findTestObject("keranjang/button_Lanjut ke Pembayaran")): Object: 'Object Repository/keranjang/button_Lanjut ke Pembayaran' is clicked on

2023-10-05 10:50:26 - [MESSAGE][PASSED] - Object: 'Object Repository/keranjang/button_Lanjut ke Pembayaran' is clicked on

2023-10-05 10:50:26 - [TEST_STEP][PASSED] - verifyElementPresent(findTestObject("checkout/Tittle Checkout Order"), 0): Object 'Object Repository/checkout/Tittle Checkout Order' is present

2023-10-05 10:50:26 - [MESSAGE][WARNING] - Timeout '0' is invalid. Using default page load timeout: '30'

2023-10-05 10:50:27 - [MESSAGE][PASSED] - Object 'Object Repository/checkout/Tittle Checkout Order' is present

2023-10-05 10:50:27 - [TEST_STEP][PASSED] - name_product = data.get("nama_barang"): null

2023-10-05 10:50:27 - [TEST_STEP][PASSED] - price_product = data.get("price_barang"): null

2023-10-05 10:50:27 - [TEST_STEP][PASSED] - assert name_product == NamaKeranjang: null

2023-10-05 10:50:27 - [TEST_STEP][PASSED] - assert price_product == HargaKeranjang: null

2023-10-05 10:50:27 - [TEST_STEP][PASSED] - return data: null

2023-10-05 10:50:27 - [MESSAGE][PASSED] - Call Test Case 'Test Cases/T13 Pembelian, Shipment dan Pembayaran/PBL-002' successfully

2023-10-05 10:50:27 - [TEST_STEP][PASSED] - warnaa = getText(findTestObject("verifikasi/warna Merah")): Text of object 'Object Repository/verifikasi/warna Merah' is: 'Merah'

2023-10-05 10:50:27 - [MESSAGE][PASSED] - Text of object 'Object Repository/verifikasi/warna Merah' is: 'Merah'

2023-10-05 10:50:27 - [TEST_STEP][PASSED] - ukurann = getText(findTestObject("verifikasi/Ukuran Menengah")): Text of object 'Object Repository/verifikasi/Ukuran Menengah' is: 'Menengah'

2023-10-05 10:50:28 - [MESSAGE][PASSED] - Text of object 'Object Repository/verifikasi/Ukuran Menengah' is: 'Menengah'

2023-10-05 10:50:28 - [TEST_STEP][PASSED] - warna1 = data.get("Warna"): null

2023-10-05 10:50:28 - [TEST_STEP][PASSED] - ukuran1 = data.get("Ukuran"): null

2023-10-05 10:50:28 - [TEST_STEP][PASSED] - assert warnaa == warna1: null

2023-10-05 10:50:28 - [TEST_STEP][PASSED] - assert ukurann == ukuran1: null

2023-10-05 10:50:28 - [TEST_STEP][PASSED] - NamaCheckout = getText(findTestObject("verifikasi/NamaCheckout")): Text of object 'Object Repository/verifikasi/NamaCheckout' is: ''

2023-10-05 10:50:28 - [MESSAGE][PASSED] - Text of object 'Object Repository/verifikasi/NamaCheckout' is: ''

2023-10-05 10:50:28 - [TEST_STEP][PASSED] - HargaCheckout = getText(findTestObject("verifikasi/HargaCheckout")): Text of object 'Object Repository/verifikasi/HargaCheckout' is: '1,299'

2023-10-05 10:50:28 - [MESSAGE][PASSED] - Text of object 'Object Repository/verifikasi/HargaCheckout' is: '1,299'

2023-10-05 10:50:28 - [TEST_STEP][PASSED] - name_product = data.get("nama_barang"): null

2023-10-05 10:50:28 - [TEST_STEP][PASSED] - price_product = data.get("price_barang"): null

2023-10-05 10:50:28 - [TEST_STEP][PASSED] - assert name_product.contains(NamaCheckout): null

2023-10-05 10:50:28 - [TEST_STEP][PASSED] - assert price_product.contains(HargaCheckout): null

2023-10-05 10:50:28 - [TEST_STEP][PASSED] - selectOptionByLabel(findTestObject("checkout/select - Kirim via Kurir Lokal"), Kurir, false): All options with label 'Roda 2' are selected in object 'Object Repository/checkout/select - Kirim via Kurir Lokal' 

2023-10-05 10:50:29 - [MESSAGE][PASSED] - All options with label 'Roda 2' are selected in object 'Object Repository/checkout/select - Kirim via Kurir Lokal' 

2023-10-05 10:50:29 - [TEST_STEP][PASSED] - click(findTestObject("checkout/Kendaraan Kurir")): Object: 'Object Repository/checkout/Kendaraan Kurir' is clicked on

2023-10-05 10:50:30 - [MESSAGE][PASSED] - Object: 'Object Repository/checkout/Kendaraan Kurir' is clicked on

2023-10-05 10:50:30 - [TEST_STEP][PASSED] - OngkosKirim = getText(findTestObject("Object Repository/verifikasi/Ongkos Kirim checkout")): Text of object 'Object Repository/verifikasi/Ongkos Kirim checkout' is: 'Rp. 5,000'

2023-10-05 10:50:30 - [MESSAGE][PASSED] - Text of object 'Object Repository/verifikasi/Ongkos Kirim checkout' is: 'Rp. 5,000'

2023-10-05 10:50:30 - [TEST_STEP][PASSED] - Ongkos = OngkosKirim.substring(3, OngkosKirim.size()): null

2023-10-05 10:50:30 - [TEST_STEP][PASSED] - rep = Ongkos.replace(",", "."): null

2023-10-05 10:50:30 - [TEST_STEP][PASSED] - Ongkos_kirim = Double.parseDouble(rep): null

2023-10-05 10:50:30 - [TEST_STEP][PASSED] - println(Ongkos_kirim): null

2023-10-05 10:50:30 - [TEST_STEP][PASSED] - FeeAdmin = getText(findTestObject("verifikasi/Fee Admin checkout")): Text of object 'Object Repository/verifikasi/Fee Admin checkout' is: 'Fee Admin
Rp 1,500'

2023-10-05 10:50:31 - [MESSAGE][PASSED] - Text of object 'Object Repository/verifikasi/Fee Admin checkout' is: 'Fee Admin
Rp 1,500'

2023-10-05 10:50:31 - [TEST_STEP][PASSED] - Fee_Admin = FeeAdmin.substring(12, FeeAdmin.size()): null

2023-10-05 10:50:31 - [TEST_STEP][PASSED] - fee = Fee_Admin.replace(",", "."): null

2023-10-05 10:50:31 - [TEST_STEP][PASSED] - fee_admin = Double.parseDouble(fee): null

2023-10-05 10:50:31 - [TEST_STEP][PASSED] - println(fee_admin): null

2023-10-05 10:50:31 - [TEST_STEP][PASSED] - Subtotal = getText(findTestObject("verifikasi/subtotal checkout")): Text of object 'Object Repository/verifikasi/subtotal checkout' is: 'Subtotal
Rp 1,299'

2023-10-05 10:50:31 - [MESSAGE][PASSED] - Text of object 'Object Repository/verifikasi/subtotal checkout' is: 'Subtotal
Rp 1,299'

2023-10-05 10:50:31 - [TEST_STEP][PASSED] - sub_total = Subtotal.substring(12, Subtotal.size()): null

2023-10-05 10:50:31 - [TEST_STEP][PASSED] - sub = sub_total.replace(",", "."): null

2023-10-05 10:50:31 - [TEST_STEP][PASSED] - sub_total = Double.parseDouble(sub): null

2023-10-05 10:50:31 - [TEST_STEP][PASSED] - println(sub_total): null

2023-10-05 10:50:31 - [TEST_STEP][PASSED] - Total = getText(findTestObject("verifikasi/Total checkout")): Text of object 'Object Repository/verifikasi/Total checkout' is: 'Rp 7,799'

2023-10-05 10:50:32 - [MESSAGE][PASSED] - Text of object 'Object Repository/verifikasi/Total checkout' is: 'Rp 7,799'

2023-10-05 10:50:32 - [TEST_STEP][PASSED] - totall = Total.substring(3, Total.size()): null

2023-10-05 10:50:32 - [TEST_STEP][PASSED] - total = totall.replace(",", "."): null

2023-10-05 10:50:32 - [TEST_STEP][PASSED] - totall = Double.parseDouble(total): null

2023-10-05 10:50:32 - [TEST_STEP][PASSED] - println(totall): null

2023-10-05 10:50:32 - [TEST_STEP][PASSED] - Total_Harga = Ongkos_kirim + fee_admin + sub_total: null

2023-10-05 10:50:32 - [TEST_STEP][PASSED] - println(Total_Harga): null

2023-10-05 10:50:32 - [TEST_STEP][PASSED] - TotalHarga = Math.round(Total_Harga * 1000) / 1000: null

2023-10-05 10:50:32 - [TEST_STEP][PASSED] - println(TotalHarga): null

2023-10-05 10:50:32 - [TEST_STEP][PASSED] - assert totall == TotalHarga: null

2023-10-05 10:50:32 - [TEST_STEP][PASSED] - setText(findTestObject("voucher/input kupon"), "kupon99"): Text 'kupon99' is set on object 'Object Repository/voucher/input kupon'

2023-10-05 10:50:33 - [MESSAGE][PASSED] - Text 'kupon99' is set on object 'Object Repository/voucher/input kupon'

2023-10-05 10:50:33 - [TEST_STEP][PASSED] - click(findTestObject("voucher/button kupon")): Object: 'Object Repository/voucher/button kupon' is clicked on

2023-10-05 10:50:33 - [MESSAGE][PASSED] - Object: 'Object Repository/voucher/button kupon' is clicked on

2023-10-05 10:50:33 - [TEST_STEP][PASSED] - verifyElementText(findTestObject("voucher/Maaf, Kode Kupon  Voucher Tidak ditemukan"), "Maaf, Kode Kupon / Voucher Tidak ditemukan."): Actual text and expected text of test object 'Object Repository/voucher/Maaf, Kode Kupon  Voucher Tidak ditemukan' are matched.

2023-10-05 10:50:34 - [MESSAGE][PASSED] - Actual text and expected text of test object 'Object Repository/voucher/Maaf, Kode Kupon  Voucher Tidak ditemukan' are matched.

2023-10-05 10:50:34 - [TEST_STEP][PASSED] - click(findTestObject("hapus barang/button_Kembali")): Object: 'Object Repository/hapus barang/button_Kembali' is clicked on

2023-10-05 10:50:34 - [MESSAGE][PASSED] - Object: 'Object Repository/hapus barang/button_Kembali' is clicked on

2023-10-05 10:50:34 - [TEST_STEP][PASSED] - mouseOver(findTestObject("beli barang/keranjang")): Object: 'Object Repository/beli barang/keranjang' is hovered

2023-10-05 10:50:35 - [MESSAGE][PASSED] - Object: 'Object Repository/beli barang/keranjang' is hovered

2023-10-05 10:50:35 - [TEST_STEP][PASSED] - click(findTestObject("hapus barang/buttom x")): Object: 'Object Repository/hapus barang/buttom x' is clicked on

2023-10-05 10:50:36 - [MESSAGE][PASSED] - Object: 'Object Repository/hapus barang/buttom x' is clicked on

2023-10-05 10:50:36 - [TEST_STEP][PASSED] - click(findTestObject("hapus barang/button_Hapus Barang")): Object: 'Object Repository/hapus barang/button_Hapus Barang' is clicked on

2023-10-05 10:50:37 - [MESSAGE][PASSED] - Object: 'Object Repository/hapus barang/button_Hapus Barang' is clicked on

2023-10-05 10:50:37 - [TEST_STEP][PASSED] - return data: null]]></system-out>
         <system-err><![CDATA[]]></system-err>
      </testcase>
      <testcase name="Test Cases/T13 Pembelian, Shipment dan Pembayaran/PBL-010" time="12.667" classname="Test Cases/T13 Pembelian, Shipment dan Pembayaran/PBL-010" status="FAILED">
         <failure type="FAILED" message="Test Cases/T13 Pembelian, Shipment dan Pembayaran/PBL-010 FAILED.
Reason:
com.kms.katalon.core.exception.StepFailedException: Unable to click on object 'Object Repository/beli barang/buttom add to cart'
	at com.kms.katalon.core.webui.keyword.internal.WebUIKeywordMain.stepFailed(WebUIKeywordMain.groovy:64)
	at com.kms.katalon.core.webui.keyword.internal.WebUIKeywordMain.runKeyword(WebUIKeywordMain.groovy:26)
	at com.kms.katalon.core.webui.keyword.builtin.ClickKeyword.click(ClickKeyword.groovy:74)
	at com.kms.katalon.core.webui.keyword.builtin.ClickKeyword.execute(ClickKeyword.groovy:40)
	at com.kms.katalon.core.keyword.internal.KeywordExecutor.executeKeywordForPlatform(KeywordExecutor.groovy:74)
	at com.kms.katalon.core.webui.keyword.WebUiBuiltInKeywords.click(WebUiBuiltInKeywords.groovy:620)
	at com.kms.katalon.core.webui.keyword.WebUiBuiltInKeywords$click$2.call(Unknown Source)
	at PBL-010.run(PBL-010:34)
	at com.kms.katalon.core.main.ScriptEngine.run(ScriptEngine.java:194)
	at com.kms.katalon.core.main.ScriptEngine.runScriptAsRawText(ScriptEngine.java:119)
	at com.kms.katalon.core.main.TestCaseExecutor.runScript(TestCaseExecutor.java:448)
	at com.kms.katalon.core.main.TestCaseExecutor.doExecute(TestCaseExecutor.java:439)
	at com.kms.katalon.core.main.TestCaseExecutor.processExecutionPhase(TestCaseExecutor.java:418)
	at com.kms.katalon.core.main.TestCaseExecutor.accessMainPhase(TestCaseExecutor.java:410)
	at com.kms.katalon.core.main.TestCaseExecutor.execute(TestCaseExecutor.java:285)
	at com.kms.katalon.core.common.CommonExecutor.accessTestCaseMainPhase(CommonExecutor.java:65)
	at com.kms.katalon.core.main.TestSuiteExecutor.accessTestSuiteMainPhase(TestSuiteExecutor.java:148)
	at com.kms.katalon.core.main.TestSuiteExecutor.execute(TestSuiteExecutor.java:106)
	at com.kms.katalon.core.main.TestCaseMain.startTestSuite(TestCaseMain.java:187)
	at com.kms.katalon.core.main.TestCaseMain$startTestSuite$0.call(Unknown Source)
	at TempTestSuite1696477503821.run(TempTestSuite1696477503821.groovy:36)
Caused by: org.openqa.selenium.ElementNotInteractableException: element not interactable
  (Session info: MicrosoftEdge=117.0.2045.43)
Build info: version: '3.141.59', revision: 'e82be7d358', time: '2018-11-14T08:25:53'
System info: host: 'DESKTOP-H62FVJ8', ip: '10.9.2.18', os.name: 'Windows 10', os.arch: 'amd64', os.version: '10.0', java.version: '1.8.0_362'
Driver info: com.kms.katalon.selenium.driver.CEdgeDriver
Capabilities {acceptInsecureCerts: true, browserName: msedge, browserVersion: 117.0.2045.43, fedcm:accounts: true, javascriptEnabled: true, ms:edgeOptions: {debuggerAddress: localhost:53466}, msedge: {msedgedriverVersion: 117.0.2045.47 (b75fe6866687..., userDataDir: C:\Users\IRFAN\AppData\Loca...}, networkConnectionEnabled: false, pageLoadStrategy: normal, platform: WINDOWS, platformName: WINDOWS, proxy: Proxy(), setWindowRect: true, strictFileInteractability: false, timeouts: {implicit: 0, pageLoad: 300000, script: 30000}, unhandledPromptBehavior: dismiss and notify, webauthn:extension:credBlob: true, webauthn:extension:largeBlob: true, webauthn:extension:minPinLength: true, webauthn:extension:prf: true, webauthn:virtualAuthenticators: true}
Session ID: d399dfcc4c999dcb639978881aaed93b
	at org.openqa.selenium.remote.http.W3CHttpResponseCodec.createException(W3CHttpResponseCodec.java:187)
	at org.openqa.selenium.remote.http.W3CHttpResponseCodec.decode(W3CHttpResponseCodec.java:122)
	at org.openqa.selenium.remote.http.W3CHttpResponseCodec.decode(W3CHttpResponseCodec.java:49)
	at org.openqa.selenium.remote.HttpCommandExecutor.execute(HttpCommandExecutor.java:158)
	at org.openqa.selenium.remote.service.DriverCommandExecutor.execute(DriverCommandExecutor.java:83)
	at org.openqa.selenium.remote.RemoteWebDriver.execute(RemoteWebDriver.java:552)
	at com.kms.katalon.selenium.driver.CEdgeDriver.execute(CEdgeDriver.java:20)
	at org.openqa.selenium.remote.RemoteWebElement.execute(RemoteWebElement.java:285)
	at org.openqa.selenium.remote.RemoteWebElement.click(RemoteWebElement.java:84)
	at org.openqa.selenium.support.events.EventFiringWebDriver$EventFiringWebElement.lambda$new$0(EventFiringWebDriver.java:404)
	at com.sun.proxy.$Proxy11.click(Unknown Source)
	at org.openqa.selenium.support.events.EventFiringWebDriver$EventFiringWebElement.click(EventFiringWebDriver.java:417)
	at org.openqa.selenium.WebElement$click.call(Unknown Source)
	at com.kms.katalon.core.webui.keyword.builtin.ClickKeyword.clickUntilSuccessWithTimeout(ClickKeyword.groovy:81)
	at com.kms.katalon.core.webui.keyword.builtin.ClickKeyword.clickUntilSuccessWithTimeout(ClickKeyword.groovy)
	at com.kms.katalon.core.webui.keyword.builtin.ClickKeyword$_click_closure1.doCall(ClickKeyword.groovy:67)
	at com.kms.katalon.core.webui.keyword.builtin.ClickKeyword$_click_closure1.call(ClickKeyword.groovy)
	at com.kms.katalon.core.webui.keyword.internal.WebUIKeywordMain.runKeyword(WebUIKeywordMain.groovy:20)
	... 19 more
"/>
         <system-out><![CDATA[2023-10-05 10:50:37 - [TEST_CASE][FAILED] - Test Cases/T13 Pembelian, Shipment dan Pembayaran/PBL-010: Test Cases/T13 Pembelian, Shipment dan Pembayaran/PBL-010 FAILED.
Reason:
com.kms.katalon.core.exception.StepFailedException: Unable to click on object 'Object Repository/beli barang/buttom add to cart'
	at com.kms.katalon.core.webui.keyword.internal.WebUIKeywordMain.stepFailed(WebUIKeywordMain.groovy:64)
	at com.kms.katalon.core.webui.keyword.internal.WebUIKeywordMain.runKeyword(WebUIKeywordMain.groovy:26)
	at com.kms.katalon.core.webui.keyword.builtin.ClickKeyword.click(ClickKeyword.groovy:74)
	at com.kms.katalon.core.webui.keyword.builtin.ClickKeyword.execute(ClickKeyword.groovy:40)
	at com.kms.katalon.core.keyword.internal.KeywordExecutor.executeKeywordForPlatform(KeywordExecutor.groovy:74)
	at com.kms.katalon.core.webui.keyword.WebUiBuiltInKeywords.click(WebUiBuiltInKeywords.groovy:620)
	at com.kms.katalon.core.webui.keyword.WebUiBuiltInKeywords$click$2.call(Unknown Source)
	at PBL-010.run(PBL-010:34)
	at com.kms.katalon.core.main.ScriptEngine.run(ScriptEngine.java:194)
	at com.kms.katalon.core.main.ScriptEngine.runScriptAsRawText(ScriptEngine.java:119)
	at com.kms.katalon.core.main.TestCaseExecutor.runScript(TestCaseExecutor.java:448)
	at com.kms.katalon.core.main.TestCaseExecutor.doExecute(TestCaseExecutor.java:439)
	at com.kms.katalon.core.main.TestCaseExecutor.processExecutionPhase(TestCaseExecutor.java:418)
	at com.kms.katalon.core.main.TestCaseExecutor.accessMainPhase(TestCaseExecutor.java:410)
	at com.kms.katalon.core.main.TestCaseExecutor.execute(TestCaseExecutor.java:285)
	at com.kms.katalon.core.common.CommonExecutor.accessTestCaseMainPhase(CommonExecutor.java:65)
	at com.kms.katalon.core.main.TestSuiteExecutor.accessTestSuiteMainPhase(TestSuiteExecutor.java:148)
	at com.kms.katalon.core.main.TestSuiteExecutor.execute(TestSuiteExecutor.java:106)
	at com.kms.katalon.core.main.TestCaseMain.startTestSuite(TestCaseMain.java:187)
	at com.kms.katalon.core.main.TestCaseMain$startTestSuite$0.call(Unknown Source)
	at TempTestSuite1696477503821.run(TempTestSuite1696477503821.groovy:36)
Caused by: org.openqa.selenium.ElementNotInteractableException: element not interactable
  (Session info: MicrosoftEdge=117.0.2045.43)
Build info: version: '3.141.59', revision: 'e82be7d358', time: '2018-11-14T08:25:53'
System info: host: 'DESKTOP-H62FVJ8', ip: '10.9.2.18', os.name: 'Windows 10', os.arch: 'amd64', os.version: '10.0', java.version: '1.8.0_362'
Driver info: com.kms.katalon.selenium.driver.CEdgeDriver
Capabilities {acceptInsecureCerts: true, browserName: msedge, browserVersion: 117.0.2045.43, fedcm:accounts: true, javascriptEnabled: true, ms:edgeOptions: {debuggerAddress: localhost:53466}, msedge: {msedgedriverVersion: 117.0.2045.47 (b75fe6866687..., userDataDir: C:\Users\IRFAN\AppData\Loca...}, networkConnectionEnabled: false, pageLoadStrategy: normal, platform: WINDOWS, platformName: WINDOWS, proxy: Proxy(), setWindowRect: true, strictFileInteractability: false, timeouts: {implicit: 0, pageLoad: 300000, script: 30000}, unhandledPromptBehavior: dismiss and notify, webauthn:extension:credBlob: true, webauthn:extension:largeBlob: true, webauthn:extension:minPinLength: true, webauthn:extension:prf: true, webauthn:virtualAuthenticators: true}
Session ID: d399dfcc4c999dcb639978881aaed93b
	at org.openqa.selenium.remote.http.W3CHttpResponseCodec.createException(W3CHttpResponseCodec.java:187)
	at org.openqa.selenium.remote.http.W3CHttpResponseCodec.decode(W3CHttpResponseCodec.java:122)
	at org.openqa.selenium.remote.http.W3CHttpResponseCodec.decode(W3CHttpResponseCodec.java:49)
	at org.openqa.selenium.remote.HttpCommandExecutor.execute(HttpCommandExecutor.java:158)
	at org.openqa.selenium.remote.service.DriverCommandExecutor.execute(DriverCommandExecutor.java:83)
	at org.openqa.selenium.remote.RemoteWebDriver.execute(RemoteWebDriver.java:552)
	at com.kms.katalon.selenium.driver.CEdgeDriver.execute(CEdgeDriver.java:20)
	at org.openqa.selenium.remote.RemoteWebElement.execute(RemoteWebElement.java:285)
	at org.openqa.selenium.remote.RemoteWebElement.click(RemoteWebElement.java:84)
	at org.openqa.selenium.support.events.EventFiringWebDriver$EventFiringWebElement.lambda$new$0(EventFiringWebDriver.java:404)
	at com.sun.proxy.$Proxy11.click(Unknown Source)
	at org.openqa.selenium.support.events.EventFiringWebDriver$EventFiringWebElement.click(EventFiringWebDriver.java:417)
	at org.openqa.selenium.WebElement$click.call(Unknown Source)
	at com.kms.katalon.core.webui.keyword.builtin.ClickKeyword.clickUntilSuccessWithTimeout(ClickKeyword.groovy:81)
	at com.kms.katalon.core.webui.keyword.builtin.ClickKeyword.clickUntilSuccessWithTimeout(ClickKeyword.groovy)
	at com.kms.katalon.core.webui.keyword.builtin.ClickKeyword$_click_closure1.doCall(ClickKeyword.groovy:67)
	at com.kms.katalon.core.webui.keyword.builtin.ClickKeyword$_click_closure1.call(ClickKeyword.groovy)
	at com.kms.katalon.core.webui.keyword.internal.WebUIKeywordMain.runKeyword(WebUIKeywordMain.groovy:20)
	... 19 more


2023-10-05 10:50:37 - [TEST_STEP][PASSED] - openBrowser("https://10.9.2.63/ecommerce/"): Browser is opened with url: 'https://10.9.2.63/ecommerce/'

2023-10-05 10:50:37 - [MESSAGE][WARNING] - A browser is already opened. Closing browser and opening a new one

2023-10-05 10:50:38 - [MESSAGE][INFO] - Starting 'Edge Chromium' driver

2023-10-05 10:50:38 - [MESSAGE][INFO] - User set preference: ['acceptInsecureCerts', 'true']

2023-10-05 10:50:40 - [MESSAGE][INFO] - Action delay is set to 0 milliseconds

2023-10-05 10:50:44 - [MESSAGE][PASSED] - Browser is opened with url: 'https://10.9.2.63/ecommerce/'

2023-10-05 10:50:44 - [TEST_STEP][PASSED] - maximizeWindow(): Current window maximized

2023-10-05 10:50:44 - [MESSAGE][PASSED] - Current window maximized

2023-10-05 10:50:44 - [TEST_STEP][PASSED] - mouseOver(findTestObject("beli barang/i_Mulai Belanja_icon-menu")): Object: 'Object Repository/beli barang/i_Mulai Belanja_icon-menu' is hovered

2023-10-05 10:50:45 - [MESSAGE][PASSED] - Object: 'Object Repository/beli barang/i_Mulai Belanja_icon-menu' is hovered

2023-10-05 10:50:45 - [TEST_STEP][PASSED] - click(findTestObject("beli barang/a_Fashion  Busana Wanita")): Object: 'Object Repository/beli barang/a_Fashion  Busana Wanita' is clicked on

2023-10-05 10:50:47 - [MESSAGE][PASSED] - Object: 'Object Repository/beli barang/a_Fashion  Busana Wanita' is clicked on

2023-10-05 10:50:47 - [TEST_STEP][PASSED] - NamaSebelum = getText(findTestObject("verifikasi/Nama sebelum")): Text of object 'Object Repository/verifikasi/Nama sebelum' is: ''

2023-10-05 10:50:47 - [MESSAGE][PASSED] - Text of object 'Object Repository/verifikasi/Nama sebelum' is: ''

2023-10-05 10:50:47 - [TEST_STEP][PASSED] - HargaSebelum = getText(findTestObject("verifikasi/Harga sebelum")): Text of object 'Object Repository/verifikasi/Harga sebelum' is: 'Rp 1,299'

2023-10-05 10:50:48 - [MESSAGE][PASSED] - Text of object 'Object Repository/verifikasi/Harga sebelum' is: 'Rp 1,299'

2023-10-05 10:50:48 - [TEST_STEP][PASSED] - mouseOver(findTestObject("beli barang/barang mouse over")): Object: 'Object Repository/beli barang/barang mouse over' is hovered

2023-10-05 10:50:49 - [MESSAGE][PASSED] - Object: 'Object Repository/beli barang/barang mouse over' is hovered

2023-10-05 10:50:49 - [TEST_STEP][FAILED] - click(findTestObject("beli barang/buttom add to cart")): Unable to click on object 'Object Repository/beli barang/buttom add to cart' (Root cause: com.kms.katalon.core.exception.StepFailedException: Unable to click on object 'Object Repository/beli barang/buttom add to cart'
	at com.kms.katalon.core.webui.keyword.internal.WebUIKeywordMain.stepFailed(WebUIKeywordMain.groovy:64)
	at com.kms.katalon.core.webui.keyword.internal.WebUIKeywordMain.runKeyword(WebUIKeywordMain.groovy:26)
	at com.kms.katalon.core.webui.keyword.builtin.ClickKeyword.click(ClickKeyword.groovy:74)
	at com.kms.katalon.core.webui.keyword.builtin.ClickKeyword.execute(ClickKeyword.groovy:40)
	at com.kms.katalon.core.keyword.internal.KeywordExecutor.executeKeywordForPlatform(KeywordExecutor.groovy:74)
	at com.kms.katalon.core.webui.keyword.WebUiBuiltInKeywords.click(WebUiBuiltInKeywords.groovy:620)
	at com.kms.katalon.core.webui.keyword.WebUiBuiltInKeywords$click$2.call(Unknown Source)
	at PBL-010.run(PBL-010:34)
	at com.kms.katalon.core.main.ScriptEngine.run(ScriptEngine.java:194)
	at com.kms.katalon.core.main.ScriptEngine.runScriptAsRawText(ScriptEngine.java:119)
	at com.kms.katalon.core.main.TestCaseExecutor.runScript(TestCaseExecutor.java:448)
	at com.kms.katalon.core.main.TestCaseExecutor.doExecute(TestCaseExecutor.java:439)
	at com.kms.katalon.core.main.TestCaseExecutor.processExecutionPhase(TestCaseExecutor.java:418)
	at com.kms.katalon.core.main.TestCaseExecutor.accessMainPhase(TestCaseExecutor.java:410)
	at com.kms.katalon.core.main.TestCaseExecutor.execute(TestCaseExecutor.java:285)
	at com.kms.katalon.core.common.CommonExecutor.accessTestCaseMainPhase(CommonExecutor.java:65)
	at com.kms.katalon.core.main.TestSuiteExecutor.accessTestSuiteMainPhase(TestSuiteExecutor.java:148)
	at com.kms.katalon.core.main.TestSuiteExecutor.execute(TestSuiteExecutor.java:106)
	at com.kms.katalon.core.main.TestCaseMain.startTestSuite(TestCaseMain.java:187)
	at com.kms.katalon.core.main.TestCaseMain$startTestSuite$0.call(Unknown Source)
	at TempTestSuite1696477503821.run(TempTestSuite1696477503821.groovy:36)
Caused by: org.openqa.selenium.ElementNotInteractableException: element not interactable
  (Session info: MicrosoftEdge=117.0.2045.43)
Build info: version: '3.141.59', revision: 'e82be7d358', time: '2018-11-14T08:25:53'
System info: host: 'DESKTOP-H62FVJ8', ip: '10.9.2.18', os.name: 'Windows 10', os.arch: 'amd64', os.version: '10.0', java.version: '1.8.0_362'
Driver info: com.kms.katalon.selenium.driver.CEdgeDriver
Capabilities {acceptInsecureCerts: true, browserName: msedge, browserVersion: 117.0.2045.43, fedcm:accounts: true, javascriptEnabled: true, ms:edgeOptions: {debuggerAddress: localhost:53466}, msedge: {msedgedriverVersion: 117.0.2045.47 (b75fe6866687..., userDataDir: C:\Users\IRFAN\AppData\Loca...}, networkConnectionEnabled: false, pageLoadStrategy: normal, platform: WINDOWS, platformName: WINDOWS, proxy: Proxy(), setWindowRect: true, strictFileInteractability: false, timeouts: {implicit: 0, pageLoad: 300000, script: 30000}, unhandledPromptBehavior: dismiss and notify, webauthn:extension:credBlob: true, webauthn:extension:largeBlob: true, webauthn:extension:minPinLength: true, webauthn:extension:prf: true, webauthn:virtualAuthenticators: true}
Session ID: d399dfcc4c999dcb639978881aaed93b
	at org.openqa.selenium.remote.http.W3CHttpResponseCodec.createException(W3CHttpResponseCodec.java:187)
	at org.openqa.selenium.remote.http.W3CHttpResponseCodec.decode(W3CHttpResponseCodec.java:122)
	at org.openqa.selenium.remote.http.W3CHttpResponseCodec.decode(W3CHttpResponseCodec.java:49)
	at org.openqa.selenium.remote.HttpCommandExecutor.execute(HttpCommandExecutor.java:158)
	at org.openqa.selenium.remote.service.DriverCommandExecutor.execute(DriverCommandExecutor.java:83)
	at org.openqa.selenium.remote.RemoteWebDriver.execute(RemoteWebDriver.java:552)
	at com.kms.katalon.selenium.driver.CEdgeDriver.execute(CEdgeDriver.java:20)
	at org.openqa.selenium.remote.RemoteWebElement.execute(RemoteWebElement.java:285)
	at org.openqa.selenium.remote.RemoteWebElement.click(RemoteWebElement.java:84)
	at org.openqa.selenium.support.events.EventFiringWebDriver$EventFiringWebElement.lambda$new$0(EventFiringWebDriver.java:404)
	at com.sun.proxy.$Proxy11.click(Unknown Source)
	at org.openqa.selenium.support.events.EventFiringWebDriver$EventFiringWebElement.click(EventFiringWebDriver.java:417)
	at org.openqa.selenium.WebElement$click.call(Unknown Source)
	at com.kms.katalon.core.webui.keyword.builtin.ClickKeyword.clickUntilSuccessWithTimeout(ClickKeyword.groovy:81)
	at com.kms.katalon.core.webui.keyword.builtin.ClickKeyword.clickUntilSuccessWithTimeout(ClickKeyword.groovy)
	at com.kms.katalon.core.webui.keyword.builtin.ClickKeyword$_click_closure1.doCall(ClickKeyword.groovy:67)
	at com.kms.katalon.core.webui.keyword.builtin.ClickKeyword$_click_closure1.call(ClickKeyword.groovy)
	at com.kms.katalon.core.webui.keyword.internal.WebUIKeywordMain.runKeyword(WebUIKeywordMain.groovy:20)
	at com.kms.katalon.core.webui.keyword.builtin.ClickKeyword.click(ClickKeyword.groovy:74)
	at com.kms.katalon.core.webui.keyword.builtin.ClickKeyword.execute(ClickKeyword.groovy:40)
	at com.kms.katalon.core.keyword.internal.KeywordExecutor.executeKeywordForPlatform(KeywordExecutor.groovy:74)
	at com.kms.katalon.core.webui.keyword.WebUiBuiltInKeywords.click(WebUiBuiltInKeywords.groovy:620)
	at com.kms.katalon.core.webui.keyword.WebUiBuiltInKeywords$click$2.call(Unknown Source)
	at Script1695957695263.run(Script1695957695263.groovy:34)
	... 13 more
)

2023-10-05 10:50:49 - [MESSAGE][FAILED] - Unable to click on object 'Object Repository/beli barang/buttom add to cart' (Root cause: com.kms.katalon.core.exception.StepFailedException: Unable to click on object 'Object Repository/beli barang/buttom add to cart'
	at com.kms.katalon.core.webui.keyword.internal.WebUIKeywordMain.stepFailed(WebUIKeywordMain.groovy:64)
	at com.kms.katalon.core.webui.keyword.internal.WebUIKeywordMain.runKeyword(WebUIKeywordMain.groovy:26)
	at com.kms.katalon.core.webui.keyword.builtin.ClickKeyword.click(ClickKeyword.groovy:74)
	at com.kms.katalon.core.webui.keyword.builtin.ClickKeyword.execute(ClickKeyword.groovy:40)
	at com.kms.katalon.core.keyword.internal.KeywordExecutor.executeKeywordForPlatform(KeywordExecutor.groovy:74)
	at com.kms.katalon.core.webui.keyword.WebUiBuiltInKeywords.click(WebUiBuiltInKeywords.groovy:620)
	at com.kms.katalon.core.webui.keyword.WebUiBuiltInKeywords$click$2.call(Unknown Source)
	at PBL-010.run(PBL-010:34)
	at com.kms.katalon.core.main.ScriptEngine.run(ScriptEngine.java:194)
	at com.kms.katalon.core.main.ScriptEngine.runScriptAsRawText(ScriptEngine.java:119)
	at com.kms.katalon.core.main.TestCaseExecutor.runScript(TestCaseExecutor.java:448)
	at com.kms.katalon.core.main.TestCaseExecutor.doExecute(TestCaseExecutor.java:439)
	at com.kms.katalon.core.main.TestCaseExecutor.processExecutionPhase(TestCaseExecutor.java:418)
	at com.kms.katalon.core.main.TestCaseExecutor.accessMainPhase(TestCaseExecutor.java:410)
	at com.kms.katalon.core.main.TestCaseExecutor.execute(TestCaseExecutor.java:285)
	at com.kms.katalon.core.common.CommonExecutor.accessTestCaseMainPhase(CommonExecutor.java:65)
	at com.kms.katalon.core.main.TestSuiteExecutor.accessTestSuiteMainPhase(TestSuiteExecutor.java:148)
	at com.kms.katalon.core.main.TestSuiteExecutor.execute(TestSuiteExecutor.java:106)
	at com.kms.katalon.core.main.TestCaseMain.startTestSuite(TestCaseMain.java:187)
	at com.kms.katalon.core.main.TestCaseMain$startTestSuite$0.call(Unknown Source)
	at TempTestSuite1696477503821.run(TempTestSuite1696477503821.groovy:36)
Caused by: org.openqa.selenium.ElementNotInteractableException: element not interactable
  (Session info: MicrosoftEdge=117.0.2045.43)
Build info: version: '3.141.59', revision: 'e82be7d358', time: '2018-11-14T08:25:53'
System info: host: 'DESKTOP-H62FVJ8', ip: '10.9.2.18', os.name: 'Windows 10', os.arch: 'amd64', os.version: '10.0', java.version: '1.8.0_362'
Driver info: com.kms.katalon.selenium.driver.CEdgeDriver
Capabilities {acceptInsecureCerts: true, browserName: msedge, browserVersion: 117.0.2045.43, fedcm:accounts: true, javascriptEnabled: true, ms:edgeOptions: {debuggerAddress: localhost:53466}, msedge: {msedgedriverVersion: 117.0.2045.47 (b75fe6866687..., userDataDir: C:\Users\IRFAN\AppData\Loca...}, networkConnectionEnabled: false, pageLoadStrategy: normal, platform: WINDOWS, platformName: WINDOWS, proxy: Proxy(), setWindowRect: true, strictFileInteractability: false, timeouts: {implicit: 0, pageLoad: 300000, script: 30000}, unhandledPromptBehavior: dismiss and notify, webauthn:extension:credBlob: true, webauthn:extension:largeBlob: true, webauthn:extension:minPinLength: true, webauthn:extension:prf: true, webauthn:virtualAuthenticators: true}
Session ID: d399dfcc4c999dcb639978881aaed93b
	at org.openqa.selenium.remote.http.W3CHttpResponseCodec.createException(W3CHttpResponseCodec.java:187)
	at org.openqa.selenium.remote.http.W3CHttpResponseCodec.decode(W3CHttpResponseCodec.java:122)
	at org.openqa.selenium.remote.http.W3CHttpResponseCodec.decode(W3CHttpResponseCodec.java:49)
	at org.openqa.selenium.remote.HttpCommandExecutor.execute(HttpCommandExecutor.java:158)
	at org.openqa.selenium.remote.service.DriverCommandExecutor.execute(DriverCommandExecutor.java:83)
	at org.openqa.selenium.remote.RemoteWebDriver.execute(RemoteWebDriver.java:552)
	at com.kms.katalon.selenium.driver.CEdgeDriver.execute(CEdgeDriver.java:20)
	at org.openqa.selenium.remote.RemoteWebElement.execute(RemoteWebElement.java:285)
	at org.openqa.selenium.remote.RemoteWebElement.click(RemoteWebElement.java:84)
	at org.openqa.selenium.support.events.EventFiringWebDriver$EventFiringWebElement.lambda$new$0(EventFiringWebDriver.java:404)
	at com.sun.proxy.$Proxy11.click(Unknown Source)
	at org.openqa.selenium.support.events.EventFiringWebDriver$EventFiringWebElement.click(EventFiringWebDriver.java:417)
	at org.openqa.selenium.WebElement$click.call(Unknown Source)
	at com.kms.katalon.core.webui.keyword.builtin.ClickKeyword.clickUntilSuccessWithTimeout(ClickKeyword.groovy:81)
	at com.kms.katalon.core.webui.keyword.builtin.ClickKeyword.clickUntilSuccessWithTimeout(ClickKeyword.groovy)
	at com.kms.katalon.core.webui.keyword.builtin.ClickKeyword$_click_closure1.doCall(ClickKeyword.groovy:67)
	at com.kms.katalon.core.webui.keyword.builtin.ClickKeyword$_click_closure1.call(ClickKeyword.groovy)
	at com.kms.katalon.core.webui.keyword.internal.WebUIKeywordMain.runKeyword(WebUIKeywordMain.groovy:20)
	at com.kms.katalon.core.webui.keyword.builtin.ClickKeyword.click(ClickKeyword.groovy:74)
	at com.kms.katalon.core.webui.keyword.builtin.ClickKeyword.execute(ClickKeyword.groovy:40)
	at com.kms.katalon.core.keyword.internal.KeywordExecutor.executeKeywordForPlatform(KeywordExecutor.groovy:74)
	at com.kms.katalon.core.webui.keyword.WebUiBuiltInKeywords.click(WebUiBuiltInKeywords.groovy:620)
	at com.kms.katalon.core.webui.keyword.WebUiBuiltInKeywords$click$2.call(Unknown Source)
	at Script1695957695263.run(Script1695957695263.groovy:34)
	... 13 more
)
[[ATTACHMENT|C:\\FT2 XSIS\\Projek 2 MINI PROJEK\\Reports\\20231005_104503\\T13 Pembelian, Shipment dan Pembayaran\\T13 Pembelian, Shipment dan Pembayaran\\20231005_104503\\1696477849565.png]]]]></system-out>
         <system-err><![CDATA[2023-10-05 10:50:37 - [TEST_CASE][FAILED] - Test Cases/T13 Pembelian, Shipment dan Pembayaran/PBL-010: Test Cases/T13 Pembelian, Shipment dan Pembayaran/PBL-010 FAILED.
Reason:
com.kms.katalon.core.exception.StepFailedException: Unable to click on object 'Object Repository/beli barang/buttom add to cart'
	at com.kms.katalon.core.webui.keyword.internal.WebUIKeywordMain.stepFailed(WebUIKeywordMain.groovy:64)
	at com.kms.katalon.core.webui.keyword.internal.WebUIKeywordMain.runKeyword(WebUIKeywordMain.groovy:26)
	at com.kms.katalon.core.webui.keyword.builtin.ClickKeyword.click(ClickKeyword.groovy:74)
	at com.kms.katalon.core.webui.keyword.builtin.ClickKeyword.execute(ClickKeyword.groovy:40)
	at com.kms.katalon.core.keyword.internal.KeywordExecutor.executeKeywordForPlatform(KeywordExecutor.groovy:74)
	at com.kms.katalon.core.webui.keyword.WebUiBuiltInKeywords.click(WebUiBuiltInKeywords.groovy:620)
	at com.kms.katalon.core.webui.keyword.WebUiBuiltInKeywords$click$2.call(Unknown Source)
	at PBL-010.run(PBL-010:34)
	at com.kms.katalon.core.main.ScriptEngine.run(ScriptEngine.java:194)
	at com.kms.katalon.core.main.ScriptEngine.runScriptAsRawText(ScriptEngine.java:119)
	at com.kms.katalon.core.main.TestCaseExecutor.runScript(TestCaseExecutor.java:448)
	at com.kms.katalon.core.main.TestCaseExecutor.doExecute(TestCaseExecutor.java:439)
	at com.kms.katalon.core.main.TestCaseExecutor.processExecutionPhase(TestCaseExecutor.java:418)
	at com.kms.katalon.core.main.TestCaseExecutor.accessMainPhase(TestCaseExecutor.java:410)
	at com.kms.katalon.core.main.TestCaseExecutor.execute(TestCaseExecutor.java:285)
	at com.kms.katalon.core.common.CommonExecutor.accessTestCaseMainPhase(CommonExecutor.java:65)
	at com.kms.katalon.core.main.TestSuiteExecutor.accessTestSuiteMainPhase(TestSuiteExecutor.java:148)
	at com.kms.katalon.core.main.TestSuiteExecutor.execute(TestSuiteExecutor.java:106)
	at com.kms.katalon.core.main.TestCaseMain.startTestSuite(TestCaseMain.java:187)
	at com.kms.katalon.core.main.TestCaseMain$startTestSuite$0.call(Unknown Source)
	at TempTestSuite1696477503821.run(TempTestSuite1696477503821.groovy:36)
Caused by: org.openqa.selenium.ElementNotInteractableException: element not interactable
  (Session info: MicrosoftEdge=117.0.2045.43)
Build info: version: '3.141.59', revision: 'e82be7d358', time: '2018-11-14T08:25:53'
System info: host: 'DESKTOP-H62FVJ8', ip: '10.9.2.18', os.name: 'Windows 10', os.arch: 'amd64', os.version: '10.0', java.version: '1.8.0_362'
Driver info: com.kms.katalon.selenium.driver.CEdgeDriver
Capabilities {acceptInsecureCerts: true, browserName: msedge, browserVersion: 117.0.2045.43, fedcm:accounts: true, javascriptEnabled: true, ms:edgeOptions: {debuggerAddress: localhost:53466}, msedge: {msedgedriverVersion: 117.0.2045.47 (b75fe6866687..., userDataDir: C:\Users\IRFAN\AppData\Loca...}, networkConnectionEnabled: false, pageLoadStrategy: normal, platform: WINDOWS, platformName: WINDOWS, proxy: Proxy(), setWindowRect: true, strictFileInteractability: false, timeouts: {implicit: 0, pageLoad: 300000, script: 30000}, unhandledPromptBehavior: dismiss and notify, webauthn:extension:credBlob: true, webauthn:extension:largeBlob: true, webauthn:extension:minPinLength: true, webauthn:extension:prf: true, webauthn:virtualAuthenticators: true}
Session ID: d399dfcc4c999dcb639978881aaed93b
	at org.openqa.selenium.remote.http.W3CHttpResponseCodec.createException(W3CHttpResponseCodec.java:187)
	at org.openqa.selenium.remote.http.W3CHttpResponseCodec.decode(W3CHttpResponseCodec.java:122)
	at org.openqa.selenium.remote.http.W3CHttpResponseCodec.decode(W3CHttpResponseCodec.java:49)
	at org.openqa.selenium.remote.HttpCommandExecutor.execute(HttpCommandExecutor.java:158)
	at org.openqa.selenium.remote.service.DriverCommandExecutor.execute(DriverCommandExecutor.java:83)
	at org.openqa.selenium.remote.RemoteWebDriver.execute(RemoteWebDriver.java:552)
	at com.kms.katalon.selenium.driver.CEdgeDriver.execute(CEdgeDriver.java:20)
	at org.openqa.selenium.remote.RemoteWebElement.execute(RemoteWebElement.java:285)
	at org.openqa.selenium.remote.RemoteWebElement.click(RemoteWebElement.java:84)
	at org.openqa.selenium.support.events.EventFiringWebDriver$EventFiringWebElement.lambda$new$0(EventFiringWebDriver.java:404)
	at com.sun.proxy.$Proxy11.click(Unknown Source)
	at org.openqa.selenium.support.events.EventFiringWebDriver$EventFiringWebElement.click(EventFiringWebDriver.java:417)
	at org.openqa.selenium.WebElement$click.call(Unknown Source)
	at com.kms.katalon.core.webui.keyword.builtin.ClickKeyword.clickUntilSuccessWithTimeout(ClickKeyword.groovy:81)
	at com.kms.katalon.core.webui.keyword.builtin.ClickKeyword.clickUntilSuccessWithTimeout(ClickKeyword.groovy)
	at com.kms.katalon.core.webui.keyword.builtin.ClickKeyword$_click_closure1.doCall(ClickKeyword.groovy:67)
	at com.kms.katalon.core.webui.keyword.builtin.ClickKeyword$_click_closure1.call(ClickKeyword.groovy)
	at com.kms.katalon.core.webui.keyword.internal.WebUIKeywordMain.runKeyword(WebUIKeywordMain.groovy:20)
	... 19 more]]></system-err>
      </testcase>
      <testcase name="Test Cases/T13 Pembelian, Shipment dan Pembayaran/PBL-011" time="33.782" classname="Test Cases/T13 Pembelian, Shipment dan Pembayaran/PBL-011" status="FAILED">
         <failure type="FAILED" message="Test Cases/T13 Pembelian, Shipment dan Pembayaran/PBL-011 FAILED.
Reason:
com.kms.katalon.core.exception.StepFailedException: Unable to verify text 'mohon login akun terlebih dahulu' is present 
	at com.kms.katalon.core.webui.keyword.internal.WebUIKeywordMain.stepFailed(WebUIKeywordMain.groovy:64)
	at com.kms.katalon.core.webui.keyword.internal.WebUIKeywordMain.runKeyword(WebUIKeywordMain.groovy:26)
	at com.kms.katalon.core.webui.keyword.builtin.VerifyTextPresentKeyword.verifyTextPresent(VerifyTextPresentKeyword.groovy:83)
	at com.kms.katalon.core.webui.keyword.builtin.VerifyTextPresentKeyword.execute(VerifyTextPresentKeyword.groovy:68)
	at com.kms.katalon.core.keyword.internal.KeywordExecutor.executeKeywordForPlatform(KeywordExecutor.groovy:74)
	at com.kms.katalon.core.webui.keyword.WebUiBuiltInKeywords.verifyTextPresent(WebUiBuiltInKeywords.groovy:1723)
	at com.kms.katalon.core.webui.keyword.WebUiBuiltInKeywords$verifyTextPresent$7.call(Unknown Source)
	at PBL-011.run(PBL-011:67)
	at com.kms.katalon.core.main.ScriptEngine.run(ScriptEngine.java:194)
	at com.kms.katalon.core.main.ScriptEngine.runScriptAsRawText(ScriptEngine.java:119)
	at com.kms.katalon.core.main.TestCaseExecutor.runScript(TestCaseExecutor.java:448)
	at com.kms.katalon.core.main.TestCaseExecutor.doExecute(TestCaseExecutor.java:439)
	at com.kms.katalon.core.main.TestCaseExecutor.processExecutionPhase(TestCaseExecutor.java:418)
	at com.kms.katalon.core.main.TestCaseExecutor.accessMainPhase(TestCaseExecutor.java:410)
	at com.kms.katalon.core.main.TestCaseExecutor.execute(TestCaseExecutor.java:285)
	at com.kms.katalon.core.common.CommonExecutor.accessTestCaseMainPhase(CommonExecutor.java:65)
	at com.kms.katalon.core.main.TestSuiteExecutor.accessTestSuiteMainPhase(TestSuiteExecutor.java:148)
	at com.kms.katalon.core.main.TestSuiteExecutor.execute(TestSuiteExecutor.java:106)
	at com.kms.katalon.core.main.TestCaseMain.startTestSuite(TestCaseMain.java:187)
	at com.kms.katalon.core.main.TestCaseMain$startTestSuite$0.call(Unknown Source)
	at TempTestSuite1696477503821.run(TempTestSuite1696477503821.groovy:36)
Caused by: com.kms.katalon.core.exception.StepFailedException: Text 'mohon login akun terlebih dahulu' is not present on page 
	at com.kms.katalon.core.webui.keyword.internal.WebUIKeywordMain.stepFailed(WebUIKeywordMain.groovy:64)
	at com.kms.katalon.core.webui.keyword.builtin.VerifyTextPresentKeyword$_verifyTextPresent_closure1.doCall(VerifyTextPresentKeyword.groovy:79)
	at com.kms.katalon.core.webui.keyword.builtin.VerifyTextPresentKeyword$_verifyTextPresent_closure1.call(VerifyTextPresentKeyword.groovy)
	at com.kms.katalon.core.webui.keyword.internal.WebUIKeywordMain.runKeyword(WebUIKeywordMain.groovy:20)
	... 19 more
"/>
         <system-out><![CDATA[2023-10-05 10:50:49 - [TEST_CASE][FAILED] - Test Cases/T13 Pembelian, Shipment dan Pembayaran/PBL-011: Test Cases/T13 Pembelian, Shipment dan Pembayaran/PBL-011 FAILED.
Reason:
com.kms.katalon.core.exception.StepFailedException: Unable to verify text 'mohon login akun terlebih dahulu' is present 
	at com.kms.katalon.core.webui.keyword.internal.WebUIKeywordMain.stepFailed(WebUIKeywordMain.groovy:64)
	at com.kms.katalon.core.webui.keyword.internal.WebUIKeywordMain.runKeyword(WebUIKeywordMain.groovy:26)
	at com.kms.katalon.core.webui.keyword.builtin.VerifyTextPresentKeyword.verifyTextPresent(VerifyTextPresentKeyword.groovy:83)
	at com.kms.katalon.core.webui.keyword.builtin.VerifyTextPresentKeyword.execute(VerifyTextPresentKeyword.groovy:68)
	at com.kms.katalon.core.keyword.internal.KeywordExecutor.executeKeywordForPlatform(KeywordExecutor.groovy:74)
	at com.kms.katalon.core.webui.keyword.WebUiBuiltInKeywords.verifyTextPresent(WebUiBuiltInKeywords.groovy:1723)
	at com.kms.katalon.core.webui.keyword.WebUiBuiltInKeywords$verifyTextPresent$7.call(Unknown Source)
	at PBL-011.run(PBL-011:67)
	at com.kms.katalon.core.main.ScriptEngine.run(ScriptEngine.java:194)
	at com.kms.katalon.core.main.ScriptEngine.runScriptAsRawText(ScriptEngine.java:119)
	at com.kms.katalon.core.main.TestCaseExecutor.runScript(TestCaseExecutor.java:448)
	at com.kms.katalon.core.main.TestCaseExecutor.doExecute(TestCaseExecutor.java:439)
	at com.kms.katalon.core.main.TestCaseExecutor.processExecutionPhase(TestCaseExecutor.java:418)
	at com.kms.katalon.core.main.TestCaseExecutor.accessMainPhase(TestCaseExecutor.java:410)
	at com.kms.katalon.core.main.TestCaseExecutor.execute(TestCaseExecutor.java:285)
	at com.kms.katalon.core.common.CommonExecutor.accessTestCaseMainPhase(CommonExecutor.java:65)
	at com.kms.katalon.core.main.TestSuiteExecutor.accessTestSuiteMainPhase(TestSuiteExecutor.java:148)
	at com.kms.katalon.core.main.TestSuiteExecutor.execute(TestSuiteExecutor.java:106)
	at com.kms.katalon.core.main.TestCaseMain.startTestSuite(TestCaseMain.java:187)
	at com.kms.katalon.core.main.TestCaseMain$startTestSuite$0.call(Unknown Source)
	at TempTestSuite1696477503821.run(TempTestSuite1696477503821.groovy:36)
Caused by: com.kms.katalon.core.exception.StepFailedException: Text 'mohon login akun terlebih dahulu' is not present on page 
	at com.kms.katalon.core.webui.keyword.internal.WebUIKeywordMain.stepFailed(WebUIKeywordMain.groovy:64)
	at com.kms.katalon.core.webui.keyword.builtin.VerifyTextPresentKeyword$_verifyTextPresent_closure1.doCall(VerifyTextPresentKeyword.groovy:79)
	at com.kms.katalon.core.webui.keyword.builtin.VerifyTextPresentKeyword$_verifyTextPresent_closure1.call(VerifyTextPresentKeyword.groovy)
	at com.kms.katalon.core.webui.keyword.internal.WebUIKeywordMain.runKeyword(WebUIKeywordMain.groovy:20)
	... 19 more


2023-10-05 10:50:50 - [TEST_STEP][PASSED] - data = callTestCase(findTestCase("T13 Pembelian, Shipment dan Pembayaran/PBL-010"), ["warna":"Merah", "ukuran":"Menengah"], STOP_ON_FAILURE): Call Test Case 'Test Cases/T13 Pembelian, Shipment dan Pembayaran/PBL-010' successfully

2023-10-05 10:50:50 - [TEST_CASE][PASSED] - Test Cases/T13 Pembelian, Shipment dan Pembayaran/PBL-010: Test Cases/T13 Pembelian, Shipment dan Pembayaran/PBL-010

2023-10-05 10:50:50 - [TEST_STEP][PASSED] - openBrowser("https://10.9.2.63/ecommerce/"): Browser is opened with url: 'https://10.9.2.63/ecommerce/'

2023-10-05 10:50:50 - [MESSAGE][WARNING] - A browser is already opened. Closing browser and opening a new one

2023-10-05 10:50:51 - [MESSAGE][INFO] - Starting 'Edge Chromium' driver

2023-10-05 10:50:51 - [MESSAGE][INFO] - User set preference: ['acceptInsecureCerts', 'true']

2023-10-05 10:50:53 - [MESSAGE][INFO] - Action delay is set to 0 milliseconds

2023-10-05 10:50:57 - [MESSAGE][PASSED] - Browser is opened with url: 'https://10.9.2.63/ecommerce/'

2023-10-05 10:50:57 - [TEST_STEP][PASSED] - maximizeWindow(): Current window maximized

2023-10-05 10:50:57 - [MESSAGE][PASSED] - Current window maximized

2023-10-05 10:50:57 - [TEST_STEP][PASSED] - mouseOver(findTestObject("beli barang/i_Mulai Belanja_icon-menu")): Object: 'Object Repository/beli barang/i_Mulai Belanja_icon-menu' is hovered

2023-10-05 10:50:58 - [MESSAGE][PASSED] - Object: 'Object Repository/beli barang/i_Mulai Belanja_icon-menu' is hovered

2023-10-05 10:50:58 - [TEST_STEP][PASSED] - click(findTestObject("beli barang/a_Fashion  Busana Wanita")): Object: 'Object Repository/beli barang/a_Fashion  Busana Wanita' is clicked on

2023-10-05 10:50:59 - [MESSAGE][PASSED] - Object: 'Object Repository/beli barang/a_Fashion  Busana Wanita' is clicked on

2023-10-05 10:50:59 - [TEST_STEP][PASSED] - NamaSebelum = getText(findTestObject("verifikasi/Nama sebelum")): Text of object 'Object Repository/verifikasi/Nama sebelum' is: ''

2023-10-05 10:51:00 - [MESSAGE][PASSED] - Text of object 'Object Repository/verifikasi/Nama sebelum' is: ''

2023-10-05 10:51:00 - [TEST_STEP][PASSED] - HargaSebelum = getText(findTestObject("verifikasi/Harga sebelum")): Text of object 'Object Repository/verifikasi/Harga sebelum' is: 'Rp 1,299'

2023-10-05 10:51:00 - [MESSAGE][PASSED] - Text of object 'Object Repository/verifikasi/Harga sebelum' is: 'Rp 1,299'

2023-10-05 10:51:00 - [TEST_STEP][PASSED] - mouseOver(findTestObject("beli barang/barang mouse over")): Object: 'Object Repository/beli barang/barang mouse over' is hovered

2023-10-05 10:51:01 - [MESSAGE][PASSED] - Object: 'Object Repository/beli barang/barang mouse over' is hovered

2023-10-05 10:51:01 - [TEST_STEP][PASSED] - click(findTestObject("beli barang/buttom add to cart")): Object: 'Object Repository/beli barang/buttom add to cart' is clicked on

2023-10-05 10:51:02 - [MESSAGE][PASSED] - Object: 'Object Repository/beli barang/buttom add to cart' is clicked on

2023-10-05 10:51:02 - [TEST_STEP][PASSED] - NamaSesudah = getText(findTestObject("verifikasi/Nama sesudah")): Text of object 'Object Repository/verifikasi/Nama sesudah' is: 'Segitiga Instan Madeira - MDB5.3 Sunset'

2023-10-05 10:51:03 - [MESSAGE][PASSED] - Text of object 'Object Repository/verifikasi/Nama sesudah' is: 'Segitiga Instan Madeira - MDB5.3 Sunset'

2023-10-05 10:51:03 - [TEST_STEP][PASSED] - HargaSesudah = getText(findTestObject("verifikasi/Harga sesudah")): Text of object 'Object Repository/verifikasi/Harga sesudah' is: 'Rp 1,299'

2023-10-05 10:51:03 - [MESSAGE][PASSED] - Text of object 'Object Repository/verifikasi/Harga sesudah' is: 'Rp 1,299'

2023-10-05 10:51:03 - [TEST_STEP][PASSED] - assert NamaSesudah.contains(NamaSebelum): null

2023-10-05 10:51:03 - [TEST_STEP][PASSED] - assert HargaSesudah.contains(HargaSebelum): null

2023-10-05 10:51:03 - [TEST_STEP][PASSED] - click(findTestObject("Beli tanpa akun/button_Beli Sekarang")): Object: 'Object Repository/Beli tanpa akun/button_Beli Sekarang' is clicked on

2023-10-05 10:51:04 - [MESSAGE][PASSED] - Object: 'Object Repository/Beli tanpa akun/button_Beli Sekarang' is clicked on

2023-10-05 10:51:04 - [TEST_STEP][PASSED] - data = new java.util.HashMap(): null

2023-10-05 10:51:04 - [TEST_STEP][PASSED] - data.put("nama_barang", NamaSesudah): null

2023-10-05 10:51:04 - [TEST_STEP][PASSED] - data.put("price_barang", HargaSesudah): null

2023-10-05 10:51:04 - [TEST_STEP][PASSED] - verifyElementPresent(findTestObject("keranjang/li_Keranjang Belanja"), 0): Object 'Object Repository/keranjang/li_Keranjang Belanja' is present

2023-10-05 10:51:04 - [MESSAGE][WARNING] - Timeout '0' is invalid. Using default page load timeout: '30'

2023-10-05 10:51:06 - [MESSAGE][PASSED] - Object 'Object Repository/keranjang/li_Keranjang Belanja' is present

2023-10-05 10:51:06 - [TEST_STEP][PASSED] - NamaKeranjang = getText(findTestObject("verifikasi/Nama keranjang")): Text of object 'Object Repository/verifikasi/Nama keranjang' is: 'Segitiga Instan Madeira - MDB5.3 Sunset'

2023-10-05 10:51:06 - [MESSAGE][PASSED] - Text of object 'Object Repository/verifikasi/Nama keranjang' is: 'Segitiga Instan Madeira - MDB5.3 Sunset'

2023-10-05 10:51:06 - [TEST_STEP][PASSED] - HargaKeranjang = getText(findTestObject("verifikasi/Harga Keranjang")): Text of object 'Object Repository/verifikasi/Harga Keranjang' is: 'Rp 1,299'

2023-10-05 10:51:06 - [MESSAGE][PASSED] - Text of object 'Object Repository/verifikasi/Harga Keranjang' is: 'Rp 1,299'

2023-10-05 10:51:06 - [TEST_STEP][PASSED] - if (toString().equalsIgnoreCase("Merah")): Object 'Object Repository/keranjang/input_Warna_variasi101' is checked

2023-10-05 10:51:06 - [TEST_STEP][PASSED] - check(findTestObject("Object Repository/keranjang/input_Warna_variasi101")): Object 'Object Repository/keranjang/input_Warna_variasi101' is checked

2023-10-05 10:51:07 - [MESSAGE][PASSED] - Object 'Object Repository/keranjang/input_Warna_variasi101' is checked

2023-10-05 10:51:07 - [TEST_STEP][PASSED] - if (toString().equalsIgnoreCase("Menengah")): Object 'Object Repository/keranjang/input_Ukuran_variasi201' is checked

2023-10-05 10:51:07 - [TEST_STEP][PASSED] - check(findTestObject("Object Repository/keranjang/input_Ukuran_variasi201")): Object 'Object Repository/keranjang/input_Ukuran_variasi201' is checked

2023-10-05 10:51:07 - [MESSAGE][PASSED] - Object 'Object Repository/keranjang/input_Ukuran_variasi201' is checked

2023-10-05 10:51:07 - [TEST_STEP][PASSED] - data.put("Warna", warna): null

2023-10-05 10:51:07 - [TEST_STEP][PASSED] - data.put("Ukuran", ukuran): null

2023-10-05 10:51:07 - [TEST_STEP][PASSED] - click(findTestObject("keranjang/button_Lanjut ke Pembayaran")): Object: 'Object Repository/keranjang/button_Lanjut ke Pembayaran' is clicked on

2023-10-05 10:51:08 - [MESSAGE][PASSED] - Object: 'Object Repository/keranjang/button_Lanjut ke Pembayaran' is clicked on

2023-10-05 10:51:08 - [TEST_STEP][PASSED] - verifyElementPresent(findTestObject("checkout/Tittle Checkout Order"), 0): Object 'Object Repository/checkout/Tittle Checkout Order' is present

2023-10-05 10:51:09 - [MESSAGE][WARNING] - Timeout '0' is invalid. Using default page load timeout: '30'

2023-10-05 10:51:09 - [MESSAGE][PASSED] - Object 'Object Repository/checkout/Tittle Checkout Order' is present

2023-10-05 10:51:09 - [TEST_STEP][PASSED] - name_product = data.get("nama_barang"): null

2023-10-05 10:51:09 - [TEST_STEP][PASSED] - price_product = data.get("price_barang"): null

2023-10-05 10:51:09 - [TEST_STEP][PASSED] - assert name_product == NamaKeranjang: null

2023-10-05 10:51:09 - [TEST_STEP][PASSED] - assert price_product == HargaKeranjang: null

2023-10-05 10:51:09 - [TEST_STEP][PASSED] - return data: null

2023-10-05 10:51:09 - [MESSAGE][PASSED] - Call Test Case 'Test Cases/T13 Pembelian, Shipment dan Pembayaran/PBL-010' successfully

2023-10-05 10:51:09 - [TEST_STEP][PASSED] - warnaa = getText(findTestObject("verifikasi/warna Merah")): Text of object 'Object Repository/verifikasi/warna Merah' is: 'Merah'

2023-10-05 10:51:10 - [MESSAGE][PASSED] - Text of object 'Object Repository/verifikasi/warna Merah' is: 'Merah'

2023-10-05 10:51:10 - [TEST_STEP][PASSED] - ukurann = getText(findTestObject("verifikasi/Ukuran Menengah")): Text of object 'Object Repository/verifikasi/Ukuran Menengah' is: 'Menengah'

2023-10-05 10:51:10 - [MESSAGE][PASSED] - Text of object 'Object Repository/verifikasi/Ukuran Menengah' is: 'Menengah'

2023-10-05 10:51:10 - [TEST_STEP][PASSED] - warna1 = data.get("Warna"): null

2023-10-05 10:51:10 - [TEST_STEP][PASSED] - ukuran1 = data.get("Ukuran"): null

2023-10-05 10:51:10 - [TEST_STEP][PASSED] - assert warnaa == warna1: null

2023-10-05 10:51:10 - [TEST_STEP][PASSED] - assert ukurann == ukuran1: null

2023-10-05 10:51:10 - [TEST_STEP][PASSED] - NamaCheckout = getText(findTestObject("verifikasi/NamaCheckout")): Text of object 'Object Repository/verifikasi/NamaCheckout' is: ''

2023-10-05 10:51:10 - [MESSAGE][PASSED] - Text of object 'Object Repository/verifikasi/NamaCheckout' is: ''

2023-10-05 10:51:10 - [TEST_STEP][PASSED] - HargaCheckout = getText(findTestObject("verifikasi/HargaCheckout")): Text of object 'Object Repository/verifikasi/HargaCheckout' is: '1,299'

2023-10-05 10:51:11 - [MESSAGE][PASSED] - Text of object 'Object Repository/verifikasi/HargaCheckout' is: '1,299'

2023-10-05 10:51:11 - [TEST_STEP][PASSED] - name_product = data.get("nama_barang"): null

2023-10-05 10:51:11 - [TEST_STEP][PASSED] - price_product = data.get("price_barang"): null

2023-10-05 10:51:11 - [TEST_STEP][PASSED] - assert name_product.contains(NamaCheckout): null

2023-10-05 10:51:11 - [TEST_STEP][PASSED] - assert price_product.contains(HargaCheckout): null

2023-10-05 10:51:11 - [TEST_STEP][PASSED] - setText(findTestObject("Beli tanpa akun/input_Nama anda_nama"), "irfan"): Text 'irfan' is set on object 'Object Repository/Beli tanpa akun/input_Nama anda_nama'

2023-10-05 10:51:12 - [MESSAGE][PASSED] - Text 'irfan' is set on object 'Object Repository/Beli tanpa akun/input_Nama anda_nama'

2023-10-05 10:51:12 - [TEST_STEP][PASSED] - setText(findTestObject("Beli tanpa akun/input_Kontak_telpon"), "0811212121"): Text '0811212121' is set on object 'Object Repository/Beli tanpa akun/input_Kontak_telpon'

2023-10-05 10:51:12 - [MESSAGE][PASSED] - Text '0811212121' is set on object 'Object Repository/Beli tanpa akun/input_Kontak_telpon'

2023-10-05 10:51:12 - [TEST_STEP][PASSED] - setText(findTestObject("Beli tanpa akun/input_Kontak_email"), "fan@gmail.com"): Text 'fan@gmail.com' is set on object 'Object Repository/Beli tanpa akun/input_Kontak_email'

2023-10-05 10:51:13 - [MESSAGE][PASSED] - Text 'fan@gmail.com' is set on object 'Object Repository/Beli tanpa akun/input_Kontak_email'

2023-10-05 10:51:13 - [TEST_STEP][PASSED] - selectOptionByLabel(findTestObject("Beli tanpa akun/select_Provinsi"), "Sumatera Barat", false): All options with label 'Sumatera Barat' are selected in object 'Object Repository/Beli tanpa akun/select_Provinsi' 

2023-10-05 10:51:14 - [MESSAGE][PASSED] - All options with label 'Sumatera Barat' are selected in object 'Object Repository/Beli tanpa akun/select_Provinsi' 

2023-10-05 10:51:14 - [TEST_STEP][PASSED] - selectOptionByLabel(findTestObject("Beli tanpa akun/select_Kota  Kabupaten"), "Kota Bukittinggi", false): All options with label 'Kota Bukittinggi' are selected in object 'Object Repository/Beli tanpa akun/select_Kota  Kabupaten' 

2023-10-05 10:51:16 - [MESSAGE][PASSED] - All options with label 'Kota Bukittinggi' are selected in object 'Object Repository/Beli tanpa akun/select_Kota  Kabupaten' 

2023-10-05 10:51:16 - [TEST_STEP][PASSED] - selectOptionByLabel(findTestObject("Beli tanpa akun/select_Kecamatan"), "Guguk Panjang (Guguak Panjang)", false): All options with label 'Guguk Panjang (Guguak Panjang)' are selected in object 'Object Repository/Beli tanpa akun/select_Kecamatan' 

2023-10-05 10:51:17 - [MESSAGE][PASSED] - All options with label 'Guguk Panjang (Guguak Panjang)' are selected in object 'Object Repository/Beli tanpa akun/select_Kecamatan' 

2023-10-05 10:51:17 - [TEST_STEP][PASSED] - setText(findTestObject("Beli tanpa akun/input_Alamat Kirim_alamat"), "guguk"): Text 'guguk' is set on object 'Object Repository/Beli tanpa akun/input_Alamat Kirim_alamat'

2023-10-05 10:51:17 - [MESSAGE][PASSED] - Text 'guguk' is set on object 'Object Repository/Beli tanpa akun/input_Alamat Kirim_alamat'

2023-10-05 10:51:17 - [TEST_STEP][PASSED] - click(findTestObject("checkout/COD")): Object: 'Object Repository/checkout/COD' is clicked on

2023-10-05 10:51:18 - [MESSAGE][PASSED] - Object: 'Object Repository/checkout/COD' is clicked on

2023-10-05 10:51:18 - [TEST_STEP][PASSED] - click(findTestObject("verifikasi/COD - Panjang BanaTarif")): Object: 'Object Repository/verifikasi/COD - Panjang BanaTarif' is clicked on

2023-10-05 10:51:18 - [MESSAGE][PASSED] - Object: 'Object Repository/verifikasi/COD - Panjang BanaTarif' is clicked on

2023-10-05 10:51:18 - [TEST_STEP][PASSED] - click(findTestObject("checkout/button_Proses Pembayaran")): Object: 'Object Repository/checkout/button_Proses Pembayaran' is clicked on

2023-10-05 10:51:22 - [MESSAGE][PASSED] - Object: 'Object Repository/checkout/button_Proses Pembayaran' is clicked on

2023-10-05 10:51:22 - [TEST_STEP][FAILED] - verifyTextPresent("mohon login akun terlebih dahulu", false): Unable to verify text 'mohon login akun terlebih dahulu' is present  (Root cause: com.kms.katalon.core.exception.StepFailedException: Unable to verify text 'mohon login akun terlebih dahulu' is present 
	at com.kms.katalon.core.webui.keyword.internal.WebUIKeywordMain.stepFailed(WebUIKeywordMain.groovy:64)
	at com.kms.katalon.core.webui.keyword.internal.WebUIKeywordMain.runKeyword(WebUIKeywordMain.groovy:26)
	at com.kms.katalon.core.webui.keyword.builtin.VerifyTextPresentKeyword.verifyTextPresent(VerifyTextPresentKeyword.groovy:83)
	at com.kms.katalon.core.webui.keyword.builtin.VerifyTextPresentKeyword.execute(VerifyTextPresentKeyword.groovy:68)
	at com.kms.katalon.core.keyword.internal.KeywordExecutor.executeKeywordForPlatform(KeywordExecutor.groovy:74)
	at com.kms.katalon.core.webui.keyword.WebUiBuiltInKeywords.verifyTextPresent(WebUiBuiltInKeywords.groovy:1723)
	at com.kms.katalon.core.webui.keyword.WebUiBuiltInKeywords$verifyTextPresent$7.call(Unknown Source)
	at PBL-011.run(PBL-011:67)
	at com.kms.katalon.core.main.ScriptEngine.run(ScriptEngine.java:194)
	at com.kms.katalon.core.main.ScriptEngine.runScriptAsRawText(ScriptEngine.java:119)
	at com.kms.katalon.core.main.TestCaseExecutor.runScript(TestCaseExecutor.java:448)
	at com.kms.katalon.core.main.TestCaseExecutor.doExecute(TestCaseExecutor.java:439)
	at com.kms.katalon.core.main.TestCaseExecutor.processExecutionPhase(TestCaseExecutor.java:418)
	at com.kms.katalon.core.main.TestCaseExecutor.accessMainPhase(TestCaseExecutor.java:410)
	at com.kms.katalon.core.main.TestCaseExecutor.execute(TestCaseExecutor.java:285)
	at com.kms.katalon.core.common.CommonExecutor.accessTestCaseMainPhase(CommonExecutor.java:65)
	at com.kms.katalon.core.main.TestSuiteExecutor.accessTestSuiteMainPhase(TestSuiteExecutor.java:148)
	at com.kms.katalon.core.main.TestSuiteExecutor.execute(TestSuiteExecutor.java:106)
	at com.kms.katalon.core.main.TestCaseMain.startTestSuite(TestCaseMain.java:187)
	at com.kms.katalon.core.main.TestCaseMain$startTestSuite$0.call(Unknown Source)
	at TempTestSuite1696477503821.run(TempTestSuite1696477503821.groovy:36)
Caused by: com.kms.katalon.core.exception.StepFailedException: Text 'mohon login akun terlebih dahulu' is not present on page 
	at com.kms.katalon.core.webui.keyword.internal.WebUIKeywordMain.stepFailed(WebUIKeywordMain.groovy:64)
	at com.kms.katalon.core.webui.keyword.builtin.VerifyTextPresentKeyword$_verifyTextPresent_closure1.doCall(VerifyTextPresentKeyword.groovy:79)
	at com.kms.katalon.core.webui.keyword.builtin.VerifyTextPresentKeyword$_verifyTextPresent_closure1.call(VerifyTextPresentKeyword.groovy)
	at com.kms.katalon.core.webui.keyword.internal.WebUIKeywordMain.runKeyword(WebUIKeywordMain.groovy:20)
	... 19 more
)

2023-10-05 10:51:23 - [MESSAGE][FAILED] - Text 'mohon login akun terlebih dahulu' is not present on page  (Root cause: com.kms.katalon.core.exception.StepFailedException: Text 'mohon login akun terlebih dahulu' is not present on page 
	at com.kms.katalon.core.webui.keyword.internal.WebUIKeywordMain.stepFailed(WebUIKeywordMain.groovy:64)
	at com.kms.katalon.core.webui.keyword.builtin.VerifyTextPresentKeyword$_verifyTextPresent_closure1.doCall(VerifyTextPresentKeyword.groovy:79)
	at com.kms.katalon.core.webui.keyword.builtin.VerifyTextPresentKeyword$_verifyTextPresent_closure1.call(VerifyTextPresentKeyword.groovy)
	at com.kms.katalon.core.webui.keyword.internal.WebUIKeywordMain.runKeyword(WebUIKeywordMain.groovy:20)
	at com.kms.katalon.core.webui.keyword.builtin.VerifyTextPresentKeyword.verifyTextPresent(VerifyTextPresentKeyword.groovy:83)
	at com.kms.katalon.core.webui.keyword.builtin.VerifyTextPresentKeyword.execute(VerifyTextPresentKeyword.groovy:68)
	at com.kms.katalon.core.keyword.internal.KeywordExecutor.executeKeywordForPlatform(KeywordExecutor.groovy:74)
	at com.kms.katalon.core.webui.keyword.WebUiBuiltInKeywords.verifyTextPresent(WebUiBuiltInKeywords.groovy:1723)
	at com.kms.katalon.core.webui.keyword.WebUiBuiltInKeywords$verifyTextPresent$7.call(Unknown Source)
	at PBL-011.run(PBL-011:67)
	at com.kms.katalon.core.main.ScriptEngine.run(ScriptEngine.java:194)
	at com.kms.katalon.core.main.ScriptEngine.runScriptAsRawText(ScriptEngine.java:119)
	at com.kms.katalon.core.main.TestCaseExecutor.runScript(TestCaseExecutor.java:448)
	at com.kms.katalon.core.main.TestCaseExecutor.doExecute(TestCaseExecutor.java:439)
	at com.kms.katalon.core.main.TestCaseExecutor.processExecutionPhase(TestCaseExecutor.java:418)
	at com.kms.katalon.core.main.TestCaseExecutor.accessMainPhase(TestCaseExecutor.java:410)
	at com.kms.katalon.core.main.TestCaseExecutor.execute(TestCaseExecutor.java:285)
	at com.kms.katalon.core.common.CommonExecutor.accessTestCaseMainPhase(CommonExecutor.java:65)
	at com.kms.katalon.core.main.TestSuiteExecutor.accessTestSuiteMainPhase(TestSuiteExecutor.java:148)
	at com.kms.katalon.core.main.TestSuiteExecutor.execute(TestSuiteExecutor.java:106)
	at com.kms.katalon.core.main.TestCaseMain.startTestSuite(TestCaseMain.java:187)
	at com.kms.katalon.core.main.TestCaseMain$startTestSuite$0.call(Unknown Source)
	at TempTestSuite1696477503821.run(TempTestSuite1696477503821.groovy:36)
)

2023-10-05 10:51:23 - [MESSAGE][FAILED] - Unable to verify text 'mohon login akun terlebih dahulu' is present  (Root cause: com.kms.katalon.core.exception.StepFailedException: Unable to verify text 'mohon login akun terlebih dahulu' is present 
	at com.kms.katalon.core.webui.keyword.internal.WebUIKeywordMain.stepFailed(WebUIKeywordMain.groovy:64)
	at com.kms.katalon.core.webui.keyword.internal.WebUIKeywordMain.runKeyword(WebUIKeywordMain.groovy:26)
	at com.kms.katalon.core.webui.keyword.builtin.VerifyTextPresentKeyword.verifyTextPresent(VerifyTextPresentKeyword.groovy:83)
	at com.kms.katalon.core.webui.keyword.builtin.VerifyTextPresentKeyword.execute(VerifyTextPresentKeyword.groovy:68)
	at com.kms.katalon.core.keyword.internal.KeywordExecutor.executeKeywordForPlatform(KeywordExecutor.groovy:74)
	at com.kms.katalon.core.webui.keyword.WebUiBuiltInKeywords.verifyTextPresent(WebUiBuiltInKeywords.groovy:1723)
	at com.kms.katalon.core.webui.keyword.WebUiBuiltInKeywords$verifyTextPresent$7.call(Unknown Source)
	at PBL-011.run(PBL-011:67)
	at com.kms.katalon.core.main.ScriptEngine.run(ScriptEngine.java:194)
	at com.kms.katalon.core.main.ScriptEngine.runScriptAsRawText(ScriptEngine.java:119)
	at com.kms.katalon.core.main.TestCaseExecutor.runScript(TestCaseExecutor.java:448)
	at com.kms.katalon.core.main.TestCaseExecutor.doExecute(TestCaseExecutor.java:439)
	at com.kms.katalon.core.main.TestCaseExecutor.processExecutionPhase(TestCaseExecutor.java:418)
	at com.kms.katalon.core.main.TestCaseExecutor.accessMainPhase(TestCaseExecutor.java:410)
	at com.kms.katalon.core.main.TestCaseExecutor.execute(TestCaseExecutor.java:285)
	at com.kms.katalon.core.common.CommonExecutor.accessTestCaseMainPhase(CommonExecutor.java:65)
	at com.kms.katalon.core.main.TestSuiteExecutor.accessTestSuiteMainPhase(TestSuiteExecutor.java:148)
	at com.kms.katalon.core.main.TestSuiteExecutor.execute(TestSuiteExecutor.java:106)
	at com.kms.katalon.core.main.TestCaseMain.startTestSuite(TestCaseMain.java:187)
	at com.kms.katalon.core.main.TestCaseMain$startTestSuite$0.call(Unknown Source)
	at TempTestSuite1696477503821.run(TempTestSuite1696477503821.groovy:36)
Caused by: com.kms.katalon.core.exception.StepFailedException: Text 'mohon login akun terlebih dahulu' is not present on page 
	at com.kms.katalon.core.webui.keyword.internal.WebUIKeywordMain.stepFailed(WebUIKeywordMain.groovy:64)
	at com.kms.katalon.core.webui.keyword.builtin.VerifyTextPresentKeyword$_verifyTextPresent_closure1.doCall(VerifyTextPresentKeyword.groovy:79)
	at com.kms.katalon.core.webui.keyword.builtin.VerifyTextPresentKeyword$_verifyTextPresent_closure1.call(VerifyTextPresentKeyword.groovy)
	at com.kms.katalon.core.webui.keyword.internal.WebUIKeywordMain.runKeyword(WebUIKeywordMain.groovy:20)
	... 19 more
)
[[ATTACHMENT|C:\\FT2 XSIS\\Projek 2 MINI PROJEK\\Reports\\20231005_104503\\T13 Pembelian, Shipment dan Pembayaran\\T13 Pembelian, Shipment dan Pembayaran\\20231005_104503\\1696477883400.png]]]]></system-out>
         <system-err><![CDATA[2023-10-05 10:50:49 - [TEST_CASE][FAILED] - Test Cases/T13 Pembelian, Shipment dan Pembayaran/PBL-011: Test Cases/T13 Pembelian, Shipment dan Pembayaran/PBL-011 FAILED.
Reason:
com.kms.katalon.core.exception.StepFailedException: Unable to verify text 'mohon login akun terlebih dahulu' is present 
	at com.kms.katalon.core.webui.keyword.internal.WebUIKeywordMain.stepFailed(WebUIKeywordMain.groovy:64)
	at com.kms.katalon.core.webui.keyword.internal.WebUIKeywordMain.runKeyword(WebUIKeywordMain.groovy:26)
	at com.kms.katalon.core.webui.keyword.builtin.VerifyTextPresentKeyword.verifyTextPresent(VerifyTextPresentKeyword.groovy:83)
	at com.kms.katalon.core.webui.keyword.builtin.VerifyTextPresentKeyword.execute(VerifyTextPresentKeyword.groovy:68)
	at com.kms.katalon.core.keyword.internal.KeywordExecutor.executeKeywordForPlatform(KeywordExecutor.groovy:74)
	at com.kms.katalon.core.webui.keyword.WebUiBuiltInKeywords.verifyTextPresent(WebUiBuiltInKeywords.groovy:1723)
	at com.kms.katalon.core.webui.keyword.WebUiBuiltInKeywords$verifyTextPresent$7.call(Unknown Source)
	at PBL-011.run(PBL-011:67)
	at com.kms.katalon.core.main.ScriptEngine.run(ScriptEngine.java:194)
	at com.kms.katalon.core.main.ScriptEngine.runScriptAsRawText(ScriptEngine.java:119)
	at com.kms.katalon.core.main.TestCaseExecutor.runScript(TestCaseExecutor.java:448)
	at com.kms.katalon.core.main.TestCaseExecutor.doExecute(TestCaseExecutor.java:439)
	at com.kms.katalon.core.main.TestCaseExecutor.processExecutionPhase(TestCaseExecutor.java:418)
	at com.kms.katalon.core.main.TestCaseExecutor.accessMainPhase(TestCaseExecutor.java:410)
	at com.kms.katalon.core.main.TestCaseExecutor.execute(TestCaseExecutor.java:285)
	at com.kms.katalon.core.common.CommonExecutor.accessTestCaseMainPhase(CommonExecutor.java:65)
	at com.kms.katalon.core.main.TestSuiteExecutor.accessTestSuiteMainPhase(TestSuiteExecutor.java:148)
	at com.kms.katalon.core.main.TestSuiteExecutor.execute(TestSuiteExecutor.java:106)
	at com.kms.katalon.core.main.TestCaseMain.startTestSuite(TestCaseMain.java:187)
	at com.kms.katalon.core.main.TestCaseMain$startTestSuite$0.call(Unknown Source)
	at TempTestSuite1696477503821.run(TempTestSuite1696477503821.groovy:36)
Caused by: com.kms.katalon.core.exception.StepFailedException: Text 'mohon login akun terlebih dahulu' is not present on page 
	at com.kms.katalon.core.webui.keyword.internal.WebUIKeywordMain.stepFailed(WebUIKeywordMain.groovy:64)
	at com.kms.katalon.core.webui.keyword.builtin.VerifyTextPresentKeyword$_verifyTextPresent_closure1.doCall(VerifyTextPresentKeyword.groovy:79)
	at com.kms.katalon.core.webui.keyword.builtin.VerifyTextPresentKeyword$_verifyTextPresent_closure1.call(VerifyTextPresentKeyword.groovy)
	at com.kms.katalon.core.webui.keyword.internal.WebUIKeywordMain.runKeyword(WebUIKeywordMain.groovy:20)
	... 19 more]]></system-err>
      </testcase>
      <testcase name="Test Cases/T13 Pembelian, Shipment dan Pembayaran/PBY-001" time="48.841" classname="Test Cases/T13 Pembelian, Shipment dan Pembayaran/PBY-001" status="PASSED">
         <system-out><![CDATA[2023-10-05 10:51:23 - [TEST_CASE][PASSED] - Test Cases/T13 Pembelian, Shipment dan Pembayaran/PBY-001: Test Cases/T13 Pembelian, Shipment dan Pembayaran/PBY-001

2023-10-05 10:51:24 - [TEST_STEP][PASSED] - data = callTestCase(findTestCase("T13 Pembelian, Shipment dan Pembayaran/PBL-004"), ["Kurir":"Roda 2"], STOP_ON_FAILURE): Call Test Case 'Test Cases/T13 Pembelian, Shipment dan Pembayaran/PBL-004' successfully

2023-10-05 10:51:24 - [TEST_CASE][PASSED] - Test Cases/T13 Pembelian, Shipment dan Pembayaran/PBL-004: Test Cases/T13 Pembelian, Shipment dan Pembayaran/PBL-004

2023-10-05 10:51:24 - [TEST_STEP][PASSED] - data = callTestCase(findTestCase("T13 Pembelian, Shipment dan Pembayaran/PBL-002"), [:], STOP_ON_FAILURE): Call Test Case 'Test Cases/T13 Pembelian, Shipment dan Pembayaran/PBL-002' successfully

2023-10-05 10:51:24 - [TEST_CASE][PASSED] - Test Cases/T13 Pembelian, Shipment dan Pembayaran/PBL-002: Test Cases/T13 Pembelian, Shipment dan Pembayaran/PBL-002

2023-10-05 10:51:24 - [TEST_STEP][PASSED] - data = callTestCase(findTestCase("T13 Pembelian, Shipment dan Pembayaran/PBL-001"), [:], STOP_ON_FAILURE): Call Test Case 'Test Cases/T13 Pembelian, Shipment dan Pembayaran/PBL-001' successfully

2023-10-05 10:51:24 - [TEST_CASE][PASSED] - Test Cases/T13 Pembelian, Shipment dan Pembayaran/PBL-001: Test Cases/T13 Pembelian, Shipment dan Pembayaran/PBL-001

2023-10-05 10:51:24 - [TEST_STEP][PASSED] - callTestCase(findTestCase("T13 Pembelian, Shipment dan Pembayaran/LU-001"), ["username":"irfanafandi", "password":"12345irfan"], STOP_ON_FAILURE): Call Test Case 'Test Cases/T13 Pembelian, Shipment dan Pembayaran/LU-001' successfully

2023-10-05 10:51:24 - [TEST_CASE][PASSED] - Test Cases/T13 Pembelian, Shipment dan Pembayaran/LU-001: Test Cases/T13 Pembelian, Shipment dan Pembayaran/LU-001

2023-10-05 10:51:24 - [TEST_STEP][PASSED] - openBrowser("https://10.9.2.63/ecommerce/"): Browser is opened with url: 'https://10.9.2.63/ecommerce/'

2023-10-05 10:51:24 - [MESSAGE][WARNING] - A browser is already opened. Closing browser and opening a new one

2023-10-05 10:51:25 - [MESSAGE][INFO] - Starting 'Edge Chromium' driver

2023-10-05 10:51:25 - [MESSAGE][INFO] - User set preference: ['acceptInsecureCerts', 'true']

2023-10-05 10:51:27 - [MESSAGE][INFO] - Action delay is set to 0 milliseconds

2023-10-05 10:51:30 - [MESSAGE][PASSED] - Browser is opened with url: 'https://10.9.2.63/ecommerce/'

2023-10-05 10:51:30 - [TEST_STEP][PASSED] - maximizeWindow(): Current window maximized

2023-10-05 10:51:31 - [MESSAGE][PASSED] - Current window maximized

2023-10-05 10:51:31 - [TEST_STEP][PASSED] - verifyElementPresent(findTestObject("Login/Home"), 0): Object 'Object Repository/Login/Home' is present

2023-10-05 10:51:31 - [MESSAGE][WARNING] - Timeout '0' is invalid. Using default page load timeout: '30'

2023-10-05 10:51:31 - [MESSAGE][PASSED] - Object 'Object Repository/Login/Home' is present

2023-10-05 10:51:31 - [TEST_STEP][PASSED] - click(findTestObject("Login/a_Login")): Object: 'Object Repository/Login/a_Login' is clicked on

2023-10-05 10:51:32 - [MESSAGE][PASSED] - Object: 'Object Repository/Login/a_Login' is clicked on

2023-10-05 10:51:32 - [TEST_STEP][PASSED] - verifyElementPresent(findTestObject("Login/Tittle Login"), 0): Object 'Object Repository/Login/Tittle Login' is present

2023-10-05 10:51:32 - [MESSAGE][WARNING] - Timeout '0' is invalid. Using default page load timeout: '30'

2023-10-05 10:51:33 - [MESSAGE][PASSED] - Object 'Object Repository/Login/Tittle Login' is present

2023-10-05 10:51:33 - [TEST_STEP][PASSED] - setText(findTestObject("Login/input_Username, Email atau No. Handphone_a"), username): Text 'irfanafandi' is set on object 'Object Repository/Login/input_Username, Email atau No. Handphone_a'

2023-10-05 10:51:33 - [MESSAGE][PASSED] - Text 'irfanafandi' is set on object 'Object Repository/Login/input_Username, Email atau No. Handphone_a'

2023-10-05 10:51:33 - [TEST_STEP][PASSED] - setText(findTestObject("Login/input_Password_b"), password): Text '12345irfan' is set on object 'Object Repository/Login/input_Password_b'

2023-10-05 10:51:34 - [MESSAGE][PASSED] - Text '12345irfan' is set on object 'Object Repository/Login/input_Password_b'

2023-10-05 10:51:34 - [TEST_STEP][PASSED] - click(findTestObject("Login/label_Ingat saya")): Object: 'Object Repository/Login/label_Ingat saya' is clicked on

2023-10-05 10:51:35 - [MESSAGE][PASSED] - Object: 'Object Repository/Login/label_Ingat saya' is clicked on

2023-10-05 10:51:35 - [TEST_STEP][PASSED] - click(findTestObject("Login/button_Masuk")): Object: 'Object Repository/Login/button_Masuk' is clicked on

2023-10-05 10:51:36 - [MESSAGE][PASSED] - Object: 'Object Repository/Login/button_Masuk' is clicked on

2023-10-05 10:51:36 - [TEST_STEP][PASSED] - verifyElementPresent(findTestObject("Login/li_Profile"), 0): Object 'Object Repository/Login/li_Profile' is present

2023-10-05 10:51:36 - [MESSAGE][WARNING] - Timeout '0' is invalid. Using default page load timeout: '30'

2023-10-05 10:51:37 - [MESSAGE][PASSED] - Object 'Object Repository/Login/li_Profile' is present

2023-10-05 10:51:37 - [MESSAGE][PASSED] - Call Test Case 'Test Cases/T13 Pembelian, Shipment dan Pembayaran/LU-001' successfully

2023-10-05 10:51:37 - [TEST_STEP][PASSED] - mouseOver(findTestObject("beli barang/i_Mulai Belanja_icon-menu")): Object: 'Object Repository/beli barang/i_Mulai Belanja_icon-menu' is hovered

2023-10-05 10:51:37 - [MESSAGE][PASSED] - Object: 'Object Repository/beli barang/i_Mulai Belanja_icon-menu' is hovered

2023-10-05 10:51:37 - [TEST_STEP][PASSED] - click(findTestObject("beli barang/a_Fashion  Busana Wanita")): Object: 'Object Repository/beli barang/a_Fashion  Busana Wanita' is clicked on

2023-10-05 10:51:39 - [MESSAGE][PASSED] - Object: 'Object Repository/beli barang/a_Fashion  Busana Wanita' is clicked on

2023-10-05 10:51:39 - [TEST_STEP][PASSED] - NamaSebelum = getText(findTestObject("verifikasi/Nama sebelum")): Text of object 'Object Repository/verifikasi/Nama sebelum' is: ''

2023-10-05 10:51:39 - [MESSAGE][PASSED] - Text of object 'Object Repository/verifikasi/Nama sebelum' is: ''

2023-10-05 10:51:39 - [TEST_STEP][PASSED] - HargaSebelum = getText(findTestObject("verifikasi/Harga sebelum")): Text of object 'Object Repository/verifikasi/Harga sebelum' is: 'Rp 1,299'

2023-10-05 10:51:40 - [MESSAGE][PASSED] - Text of object 'Object Repository/verifikasi/Harga sebelum' is: 'Rp 1,299'

2023-10-05 10:51:40 - [TEST_STEP][PASSED] - mouseOver(findTestObject("beli barang/barang mouse over")): Object: 'Object Repository/beli barang/barang mouse over' is hovered

2023-10-05 10:51:40 - [MESSAGE][PASSED] - Object: 'Object Repository/beli barang/barang mouse over' is hovered

2023-10-05 10:51:40 - [TEST_STEP][PASSED] - click(findTestObject("beli barang/buttom add to cart")): Object: 'Object Repository/beli barang/buttom add to cart' is clicked on

2023-10-05 10:51:42 - [MESSAGE][PASSED] - Object: 'Object Repository/beli barang/buttom add to cart' is clicked on

2023-10-05 10:51:42 - [TEST_STEP][PASSED] - NamaSesudah = getText(findTestObject("verifikasi/Nama sesudah")): Text of object 'Object Repository/verifikasi/Nama sesudah' is: 'Segitiga Instan Madeira - MDB5.3 Sunset'

2023-10-05 10:51:42 - [MESSAGE][PASSED] - Text of object 'Object Repository/verifikasi/Nama sesudah' is: 'Segitiga Instan Madeira - MDB5.3 Sunset'

2023-10-05 10:51:42 - [TEST_STEP][PASSED] - HargaSesudah = getText(findTestObject("verifikasi/Harga sesudah")): Text of object 'Object Repository/verifikasi/Harga sesudah' is: 'Rp 1,299'

2023-10-05 10:51:43 - [MESSAGE][PASSED] - Text of object 'Object Repository/verifikasi/Harga sesudah' is: 'Rp 1,299'

2023-10-05 10:51:43 - [TEST_STEP][PASSED] - assert NamaSesudah.contains(NamaSebelum): null

2023-10-05 10:51:43 - [TEST_STEP][PASSED] - assert HargaSesudah.contains(HargaSebelum): null

2023-10-05 10:51:43 - [TEST_STEP][PASSED] - click(findTestObject("beli barang/Tambah Keranjang busana wanita")): Object: 'Object Repository/beli barang/Tambah Keranjang busana wanita' is clicked on

2023-10-05 10:51:43 - [MESSAGE][PASSED] - Object: 'Object Repository/beli barang/Tambah Keranjang busana wanita' is clicked on

2023-10-05 10:51:43 - [TEST_STEP][PASSED] - verifyElementPresent(findTestObject("checkout/Notifikasi keranjang"), 1): Object 'Object Repository/checkout/Notifikasi keranjang' is present

2023-10-05 10:51:44 - [MESSAGE][PASSED] - Object 'Object Repository/checkout/Notifikasi keranjang' is present

2023-10-05 10:51:44 - [TEST_STEP][PASSED] - data = new java.util.HashMap(): null

2023-10-05 10:51:44 - [TEST_STEP][PASSED] - data.put("nama_barang", NamaSesudah): null

2023-10-05 10:51:44 - [TEST_STEP][PASSED] - data.put("price_barang", HargaSesudah): null

2023-10-05 10:51:44 - [TEST_STEP][PASSED] - return data: null

2023-10-05 10:51:44 - [MESSAGE][PASSED] - Call Test Case 'Test Cases/T13 Pembelian, Shipment dan Pembayaran/PBL-001' successfully

2023-10-05 10:51:44 - [TEST_STEP][PASSED] - mouseOver(findTestObject("beli barang/keranjang")): Object: 'Object Repository/beli barang/keranjang' is hovered

2023-10-05 10:51:45 - [MESSAGE][PASSED] - Object: 'Object Repository/beli barang/keranjang' is hovered

2023-10-05 10:51:45 - [TEST_STEP][PASSED] - click(findTestObject("beli barang/Lihat Sekarang")): Object: 'Object Repository/beli barang/Lihat Sekarang' is clicked on

2023-10-05 10:51:46 - [MESSAGE][PASSED] - Object: 'Object Repository/beli barang/Lihat Sekarang' is clicked on

2023-10-05 10:51:46 - [TEST_STEP][PASSED] - verifyElementPresent(findTestObject("keranjang/li_Keranjang Belanja"), 0): Object 'Object Repository/keranjang/li_Keranjang Belanja' is present

2023-10-05 10:51:46 - [MESSAGE][WARNING] - Timeout '0' is invalid. Using default page load timeout: '30'

2023-10-05 10:51:47 - [MESSAGE][PASSED] - Object 'Object Repository/keranjang/li_Keranjang Belanja' is present

2023-10-05 10:51:47 - [TEST_STEP][PASSED] - NamaKeranjang = getText(findTestObject("verifikasi/Nama keranjang")): Text of object 'Object Repository/verifikasi/Nama keranjang' is: 'Segitiga Instan Madeira - MDB5.3 Sunset'

2023-10-05 10:51:47 - [MESSAGE][PASSED] - Text of object 'Object Repository/verifikasi/Nama keranjang' is: 'Segitiga Instan Madeira - MDB5.3 Sunset'

2023-10-05 10:51:47 - [TEST_STEP][PASSED] - HargaKeranjang = getText(findTestObject("verifikasi/Harga Keranjang")): Text of object 'Object Repository/verifikasi/Harga Keranjang' is: 'Rp 1,299'

2023-10-05 10:51:48 - [MESSAGE][PASSED] - Text of object 'Object Repository/verifikasi/Harga Keranjang' is: 'Rp 1,299'

2023-10-05 10:51:48 - [TEST_STEP][PASSED] - if (toString().equalsIgnoreCase("Merah")): Object 'Object Repository/keranjang/input_Warna_variasi101' is checked

2023-10-05 10:51:48 - [TEST_STEP][PASSED] - check(findTestObject("Object Repository/keranjang/input_Warna_variasi101")): Object 'Object Repository/keranjang/input_Warna_variasi101' is checked

2023-10-05 10:51:48 - [MESSAGE][PASSED] - Object 'Object Repository/keranjang/input_Warna_variasi101' is checked

2023-10-05 10:51:48 - [TEST_STEP][PASSED] - if (toString().equalsIgnoreCase("Menengah")): Object 'Object Repository/keranjang/input_Ukuran_variasi201' is checked

2023-10-05 10:51:48 - [TEST_STEP][PASSED] - check(findTestObject("Object Repository/keranjang/input_Ukuran_variasi201")): Object 'Object Repository/keranjang/input_Ukuran_variasi201' is checked

2023-10-05 10:51:48 - [MESSAGE][PASSED] - Object 'Object Repository/keranjang/input_Ukuran_variasi201' is checked

2023-10-05 10:51:48 - [TEST_STEP][PASSED] - data.put("Warna", warna): null

2023-10-05 10:51:48 - [TEST_STEP][PASSED] - data.put("Ukuran", ukuran): null

2023-10-05 10:51:48 - [TEST_STEP][PASSED] - click(findTestObject("keranjang/button_Lanjut ke Pembayaran")): Object: 'Object Repository/keranjang/button_Lanjut ke Pembayaran' is clicked on

2023-10-05 10:51:50 - [MESSAGE][PASSED] - Object: 'Object Repository/keranjang/button_Lanjut ke Pembayaran' is clicked on

2023-10-05 10:51:50 - [TEST_STEP][PASSED] - verifyElementPresent(findTestObject("checkout/Tittle Checkout Order"), 0): Object 'Object Repository/checkout/Tittle Checkout Order' is present

2023-10-05 10:51:50 - [MESSAGE][WARNING] - Timeout '0' is invalid. Using default page load timeout: '30'

2023-10-05 10:51:51 - [MESSAGE][PASSED] - Object 'Object Repository/checkout/Tittle Checkout Order' is present

2023-10-05 10:51:51 - [TEST_STEP][PASSED] - name_product = data.get("nama_barang"): null

2023-10-05 10:51:51 - [TEST_STEP][PASSED] - price_product = data.get("price_barang"): null

2023-10-05 10:51:51 - [TEST_STEP][PASSED] - assert name_product == NamaKeranjang: null

2023-10-05 10:51:51 - [TEST_STEP][PASSED] - assert price_product == HargaKeranjang: null

2023-10-05 10:51:51 - [TEST_STEP][PASSED] - return data: null

2023-10-05 10:51:51 - [MESSAGE][PASSED] - Call Test Case 'Test Cases/T13 Pembelian, Shipment dan Pembayaran/PBL-002' successfully

2023-10-05 10:51:51 - [TEST_STEP][PASSED] - warnaa = getText(findTestObject("verifikasi/warna Merah")): Text of object 'Object Repository/verifikasi/warna Merah' is: 'Merah'

2023-10-05 10:51:51 - [MESSAGE][PASSED] - Text of object 'Object Repository/verifikasi/warna Merah' is: 'Merah'

2023-10-05 10:51:51 - [TEST_STEP][PASSED] - ukurann = getText(findTestObject("verifikasi/Ukuran Menengah")): Text of object 'Object Repository/verifikasi/Ukuran Menengah' is: 'Menengah'

2023-10-05 10:51:51 - [MESSAGE][PASSED] - Text of object 'Object Repository/verifikasi/Ukuran Menengah' is: 'Menengah'

2023-10-05 10:51:51 - [TEST_STEP][PASSED] - warna1 = data.get("Warna"): null

2023-10-05 10:51:51 - [TEST_STEP][PASSED] - ukuran1 = data.get("Ukuran"): null

2023-10-05 10:51:51 - [TEST_STEP][PASSED] - assert warnaa == warna1: null

2023-10-05 10:51:51 - [TEST_STEP][PASSED] - assert ukurann == ukuran1: null

2023-10-05 10:51:51 - [TEST_STEP][PASSED] - NamaCheckout = getText(findTestObject("verifikasi/NamaCheckout")): Text of object 'Object Repository/verifikasi/NamaCheckout' is: ''

2023-10-05 10:51:52 - [MESSAGE][PASSED] - Text of object 'Object Repository/verifikasi/NamaCheckout' is: ''

2023-10-05 10:51:52 - [TEST_STEP][PASSED] - HargaCheckout = getText(findTestObject("verifikasi/HargaCheckout")): Text of object 'Object Repository/verifikasi/HargaCheckout' is: '1,299'

2023-10-05 10:51:52 - [MESSAGE][PASSED] - Text of object 'Object Repository/verifikasi/HargaCheckout' is: '1,299'

2023-10-05 10:51:52 - [TEST_STEP][PASSED] - name_product = data.get("nama_barang"): null

2023-10-05 10:51:52 - [TEST_STEP][PASSED] - price_product = data.get("price_barang"): null

2023-10-05 10:51:52 - [TEST_STEP][PASSED] - assert name_product.contains(NamaCheckout): null

2023-10-05 10:51:52 - [TEST_STEP][PASSED] - assert price_product.contains(HargaCheckout): null

2023-10-05 10:51:52 - [TEST_STEP][PASSED] - selectOptionByLabel(findTestObject("checkout/select - Kirim via Kurir Lokal"), Kurir, false): All options with label 'Roda 2' are selected in object 'Object Repository/checkout/select - Kirim via Kurir Lokal' 

2023-10-05 10:51:53 - [MESSAGE][PASSED] - All options with label 'Roda 2' are selected in object 'Object Repository/checkout/select - Kirim via Kurir Lokal' 

2023-10-05 10:51:53 - [TEST_STEP][PASSED] - click(findTestObject("checkout/Kendaraan Kurir")): Object: 'Object Repository/checkout/Kendaraan Kurir' is clicked on

2023-10-05 10:51:54 - [MESSAGE][PASSED] - Object: 'Object Repository/checkout/Kendaraan Kurir' is clicked on

2023-10-05 10:51:54 - [TEST_STEP][PASSED] - OngkosKirim = getText(findTestObject("Object Repository/verifikasi/Ongkos Kirim checkout")): Text of object 'Object Repository/verifikasi/Ongkos Kirim checkout' is: 'Rp. 5,000'

2023-10-05 10:51:54 - [MESSAGE][PASSED] - Text of object 'Object Repository/verifikasi/Ongkos Kirim checkout' is: 'Rp. 5,000'

2023-10-05 10:51:54 - [TEST_STEP][PASSED] - Ongkos = OngkosKirim.substring(3, OngkosKirim.size()): null

2023-10-05 10:51:54 - [TEST_STEP][PASSED] - rep = Ongkos.replace(",", "."): null

2023-10-05 10:51:54 - [TEST_STEP][PASSED] - Ongkos_kirim = Double.parseDouble(rep): null

2023-10-05 10:51:54 - [TEST_STEP][PASSED] - println(Ongkos_kirim): null

2023-10-05 10:51:54 - [TEST_STEP][PASSED] - FeeAdmin = getText(findTestObject("verifikasi/Fee Admin checkout")): Text of object 'Object Repository/verifikasi/Fee Admin checkout' is: 'Fee Admin
Rp 1,500'

2023-10-05 10:51:55 - [MESSAGE][PASSED] - Text of object 'Object Repository/verifikasi/Fee Admin checkout' is: 'Fee Admin
Rp 1,500'

2023-10-05 10:51:55 - [TEST_STEP][PASSED] - Fee_Admin = FeeAdmin.substring(12, FeeAdmin.size()): null

2023-10-05 10:51:55 - [TEST_STEP][PASSED] - fee = Fee_Admin.replace(",", "."): null

2023-10-05 10:51:55 - [TEST_STEP][PASSED] - fee_admin = Double.parseDouble(fee): null

2023-10-05 10:51:55 - [TEST_STEP][PASSED] - println(fee_admin): null

2023-10-05 10:51:55 - [TEST_STEP][PASSED] - Subtotal = getText(findTestObject("verifikasi/subtotal checkout")): Text of object 'Object Repository/verifikasi/subtotal checkout' is: 'Subtotal
Rp 1,299'

2023-10-05 10:51:55 - [MESSAGE][PASSED] - Text of object 'Object Repository/verifikasi/subtotal checkout' is: 'Subtotal
Rp 1,299'

2023-10-05 10:51:55 - [TEST_STEP][PASSED] - sub_total = Subtotal.substring(12, Subtotal.size()): null

2023-10-05 10:51:55 - [TEST_STEP][PASSED] - sub = sub_total.replace(",", "."): null

2023-10-05 10:51:55 - [TEST_STEP][PASSED] - sub_total = Double.parseDouble(sub): null

2023-10-05 10:51:55 - [TEST_STEP][PASSED] - println(sub_total): null

2023-10-05 10:51:55 - [TEST_STEP][PASSED] - Total = getText(findTestObject("verifikasi/Total checkout")): Text of object 'Object Repository/verifikasi/Total checkout' is: 'Rp 7,799'

2023-10-05 10:51:56 - [MESSAGE][PASSED] - Text of object 'Object Repository/verifikasi/Total checkout' is: 'Rp 7,799'

2023-10-05 10:51:56 - [TEST_STEP][PASSED] - totall = Total.substring(3, Total.size()): null

2023-10-05 10:51:56 - [TEST_STEP][PASSED] - total = totall.replace(",", "."): null

2023-10-05 10:51:56 - [TEST_STEP][PASSED] - totall = Double.parseDouble(total): null

2023-10-05 10:51:56 - [TEST_STEP][PASSED] - println(totall): null

2023-10-05 10:51:56 - [TEST_STEP][PASSED] - Total_Harga = Ongkos_kirim + fee_admin + sub_total: null

2023-10-05 10:51:56 - [TEST_STEP][PASSED] - println(Total_Harga): null

2023-10-05 10:51:56 - [TEST_STEP][PASSED] - TotalHarga = Math.round(Total_Harga * 1000) / 1000: null

2023-10-05 10:51:56 - [TEST_STEP][PASSED] - println(TotalHarga): null

2023-10-05 10:51:56 - [TEST_STEP][PASSED] - assert totall == TotalHarga: null

2023-10-05 10:51:56 - [TEST_STEP][PASSED] - click(findTestObject("verifikasi/Metode Transfer")): Object: 'Object Repository/verifikasi/Metode Transfer' is clicked on

2023-10-05 10:51:56 - [MESSAGE][PASSED] - Object: 'Object Repository/verifikasi/Metode Transfer' is clicked on

2023-10-05 10:51:56 - [TEST_STEP][PASSED] - click(findTestObject("checkout/button_Proses Pembayaran")): Object: 'Object Repository/checkout/button_Proses Pembayaran' is clicked on

2023-10-05 10:52:05 - [MESSAGE][PASSED] - Object: 'Object Repository/checkout/button_Proses Pembayaran' is clicked on

2023-10-05 10:52:05 - [TEST_STEP][PASSED] - verifyElementPresent(findTestObject("pembayaran/Tittle nomor invoice"), 0): Object 'Object Repository/pembayaran/Tittle nomor invoice' is present

2023-10-05 10:52:05 - [MESSAGE][WARNING] - Timeout '0' is invalid. Using default page load timeout: '30'

2023-10-05 10:52:06 - [MESSAGE][PASSED] - Object 'Object Repository/pembayaran/Tittle nomor invoice' is present

2023-10-05 10:52:06 - [TEST_STEP][PASSED] - return data: null

2023-10-05 10:52:06 - [MESSAGE][PASSED] - Call Test Case 'Test Cases/T13 Pembelian, Shipment dan Pembayaran/PBL-004' successfully

2023-10-05 10:52:06 - [TEST_STEP][PASSED] - Invoice = getText(findTestObject("pembayaran/nomor invoice")): Text of object 'Object Repository/pembayaran/nomor invoice' is: 'TRX60.20231005105159'

2023-10-05 10:52:06 - [MESSAGE][PASSED] - Text of object 'Object Repository/pembayaran/nomor invoice' is: 'TRX60.20231005105159'

2023-10-05 10:52:06 - [TEST_STEP][PASSED] - data.put("invoice", Invoice): null

2023-10-05 10:52:06 - [TEST_STEP][PASSED] - NamaPemesan = getText(findTestObject("Konfirmasi pesanan shop/Nama pemesan")): Text of object 'Object Repository/Konfirmasi pesanan shop/Nama pemesan' is: 'irfan.afandi'

2023-10-05 10:52:07 - [MESSAGE][PASSED] - Text of object 'Object Repository/Konfirmasi pesanan shop/Nama pemesan' is: 'irfan.afandi'

2023-10-05 10:52:07 - [TEST_STEP][PASSED] - Nama = getText(findTestObject("pembayaran/Nama barang")): Text of object 'Object Repository/pembayaran/Nama barang' is: 'Segitiga Instan Madeira - MDB5.3 Sunset'

2023-10-05 10:52:07 - [MESSAGE][PASSED] - Text of object 'Object Repository/pembayaran/Nama barang' is: 'Segitiga Instan Madeira - MDB5.3 Sunset'

2023-10-05 10:52:07 - [TEST_STEP][PASSED] - Harga = getText(findTestObject("pembayaran/Harga barang")): Text of object 'Object Repository/pembayaran/Harga barang' is: '1,299'

2023-10-05 10:52:08 - [MESSAGE][PASSED] - Text of object 'Object Repository/pembayaran/Harga barang' is: '1,299'

2023-10-05 10:52:08 - [TEST_STEP][PASSED] - name_product = data.get("nama_barang"): null

2023-10-05 10:52:08 - [TEST_STEP][PASSED] - price_product = data.get("price_barang"): null

2023-10-05 10:52:08 - [TEST_STEP][PASSED] - assert name_product.contains(Nama): null

2023-10-05 10:52:08 - [TEST_STEP][PASSED] - assert price_product.contains(Harga): null

2023-10-05 10:52:08 - [TEST_STEP][PASSED] - warnaa = getText(findTestObject("pembayaran/warna")): Text of object 'Object Repository/pembayaran/warna' is: 'Merah'

2023-10-05 10:52:08 - [MESSAGE][PASSED] - Text of object 'Object Repository/pembayaran/warna' is: 'Merah'

2023-10-05 10:52:08 - [TEST_STEP][PASSED] - ukurann = getText(findTestObject("pembayaran/ukuran")): Text of object 'Object Repository/pembayaran/ukuran' is: 'Menengah'

2023-10-05 10:52:09 - [MESSAGE][PASSED] - Text of object 'Object Repository/pembayaran/ukuran' is: 'Menengah'

2023-10-05 10:52:09 - [TEST_STEP][PASSED] - warna1 = data.get("Warna"): null

2023-10-05 10:52:09 - [TEST_STEP][PASSED] - ukuran1 = data.get("Ukuran"): null

2023-10-05 10:52:09 - [TEST_STEP][PASSED] - assert warnaa == warna1: null

2023-10-05 10:52:09 - [TEST_STEP][PASSED] - assert ukurann == ukuran1: null

2023-10-05 10:52:09 - [TEST_STEP][PASSED] - statusPembelian = getText(findTestObject("verifikasi/Status pending di pembelian")): Text of object 'Object Repository/verifikasi/Status pending di pembelian' is: 'Pending'

2023-10-05 10:52:10 - [MESSAGE][PASSED] - Text of object 'Object Repository/verifikasi/Status pending di pembelian' is: 'Pending'

2023-10-05 10:52:10 - [TEST_STEP][PASSED] - data.put("statusPem", statusPembelian): null

2023-10-05 10:52:10 - [TEST_STEP][PASSED] - OngkosKirim = getText(findTestObject("pembayaran/ongkos kirim")): Text of object 'Object Repository/pembayaran/ongkos kirim' is: 'Rp 5,000'

2023-10-05 10:52:10 - [MESSAGE][PASSED] - Text of object 'Object Repository/pembayaran/ongkos kirim' is: 'Rp 5,000'

2023-10-05 10:52:10 - [TEST_STEP][PASSED] - Ongkos = OngkosKirim.substring(3, OngkosKirim.size()): null

2023-10-05 10:52:10 - [TEST_STEP][PASSED] - rep = Ongkos.replace(",", ""): null

2023-10-05 10:52:10 - [TEST_STEP][PASSED] - Ongkos_kirimm = Integer.parseInt(rep): null

2023-10-05 10:52:10 - [TEST_STEP][PASSED] - println(Ongkos_kirimm): null

2023-10-05 10:52:10 - [TEST_STEP][PASSED] - FeeAdmin = getText(findTestObject("pembayaran/fee admin")): Text of object 'Object Repository/pembayaran/fee admin' is: 'Rp 1,500'

2023-10-05 10:52:10 - [MESSAGE][PASSED] - Text of object 'Object Repository/pembayaran/fee admin' is: 'Rp 1,500'

2023-10-05 10:52:10 - [TEST_STEP][PASSED] - Fee_Admin = FeeAdmin.substring(3, FeeAdmin.size()): null

2023-10-05 10:52:10 - [TEST_STEP][PASSED] - fee = Fee_Admin.replace(",", ""): null

2023-10-05 10:52:10 - [TEST_STEP][PASSED] - fee_adminn = Integer.parseInt(fee): null

2023-10-05 10:52:10 - [TEST_STEP][PASSED] - println(fee_adminn): null

2023-10-05 10:52:10 - [TEST_STEP][PASSED] - Subtotal = getText(findTestObject("pembayaran/subtotal")): Text of object 'Object Repository/pembayaran/subtotal' is: 'Rp 1,299'

2023-10-05 10:52:11 - [MESSAGE][PASSED] - Text of object 'Object Repository/pembayaran/subtotal' is: 'Rp 1,299'

2023-10-05 10:52:11 - [TEST_STEP][PASSED] - sub_total = Subtotal.substring(3, Subtotal.size()): null

2023-10-05 10:52:11 - [TEST_STEP][PASSED] - sub = sub_total.replace(",", ""): null

2023-10-05 10:52:11 - [TEST_STEP][PASSED] - sub_totall = Integer.parseInt(sub): null

2023-10-05 10:52:11 - [TEST_STEP][PASSED] - println(sub_totall): null

2023-10-05 10:52:11 - [TEST_STEP][PASSED] - unik = getText(findTestObject("pembayaran/kode unik")): Text of object 'Object Repository/pembayaran/kode unik' is: '+159'

2023-10-05 10:52:12 - [MESSAGE][PASSED] - Text of object 'Object Repository/pembayaran/kode unik' is: '+159'

2023-10-05 10:52:12 - [TEST_STEP][PASSED] - unikk = unik.replace("+", ""): null

2023-10-05 10:52:12 - [TEST_STEP][PASSED] - kode_unik = Integer.parseInt(unikk): null

2023-10-05 10:52:12 - [TEST_STEP][PASSED] - println(kode_unik): null

2023-10-05 10:52:12 - [TEST_STEP][PASSED] - Total = getText(findTestObject("pembayaran/total")): Text of object 'Object Repository/pembayaran/total' is: '7,958'

2023-10-05 10:52:12 - [MESSAGE][PASSED] - Text of object 'Object Repository/pembayaran/total' is: '7,958'

2023-10-05 10:52:12 - [TEST_STEP][PASSED] - total = Total.replace(",", ""): null

2023-10-05 10:52:12 - [TEST_STEP][PASSED] - totalll = Integer.parseInt(total): null

2023-10-05 10:52:12 - [TEST_STEP][PASSED] - println(totalll): null

2023-10-05 10:52:12 - [TEST_STEP][PASSED] - Total_Hargaa = Ongkos_kirimm + fee_adminn + sub_totall + kode_unik: null

2023-10-05 10:52:12 - [TEST_STEP][PASSED] - println(Total_Hargaa): null

2023-10-05 10:52:12 - [TEST_STEP][PASSED] - assert totalll == Total_Hargaa: null

2023-10-05 10:52:12 - [TEST_STEP][PASSED] - data.put("total", Total): null

2023-10-05 10:52:12 - [TEST_STEP][PASSED] - data.put("nama", NamaPemesan): null

2023-10-05 10:52:12 - [TEST_STEP][PASSED] - return data: null]]></system-out>
         <system-err><![CDATA[]]></system-err>
      </testcase>
      <testcase name="Test Cases/T13 Pembelian, Shipment dan Pembayaran/PBY-002" time="46.322" classname="Test Cases/T13 Pembelian, Shipment dan Pembayaran/PBY-002" status="PASSED">
         <system-out><![CDATA[2023-10-05 10:52:12 - [TEST_CASE][PASSED] - Test Cases/T13 Pembelian, Shipment dan Pembayaran/PBY-002: Test Cases/T13 Pembelian, Shipment dan Pembayaran/PBY-002

2023-10-05 10:52:13 - [TEST_STEP][PASSED] - data = callTestCase(findTestCase("T13 Pembelian, Shipment dan Pembayaran/PBL-005"), ["Kurir":"Roda 2", "tf":"transfer"], STOP_ON_FAILURE): Call Test Case 'Test Cases/T13 Pembelian, Shipment dan Pembayaran/PBL-005' successfully

2023-10-05 10:52:13 - [TEST_CASE][PASSED] - Test Cases/T13 Pembelian, Shipment dan Pembayaran/PBL-005: Test Cases/T13 Pembelian, Shipment dan Pembayaran/PBL-005

2023-10-05 10:52:13 - [TEST_STEP][PASSED] - data = callTestCase(findTestCase("T13 Pembelian, Shipment dan Pembayaran/PBL-002"), [:], STOP_ON_FAILURE): Call Test Case 'Test Cases/T13 Pembelian, Shipment dan Pembayaran/PBL-002' successfully

2023-10-05 10:52:13 - [TEST_CASE][PASSED] - Test Cases/T13 Pembelian, Shipment dan Pembayaran/PBL-002: Test Cases/T13 Pembelian, Shipment dan Pembayaran/PBL-002

2023-10-05 10:52:13 - [TEST_STEP][PASSED] - data = callTestCase(findTestCase("T13 Pembelian, Shipment dan Pembayaran/PBL-001"), [:], STOP_ON_FAILURE): Call Test Case 'Test Cases/T13 Pembelian, Shipment dan Pembayaran/PBL-001' successfully

2023-10-05 10:52:13 - [TEST_CASE][PASSED] - Test Cases/T13 Pembelian, Shipment dan Pembayaran/PBL-001: Test Cases/T13 Pembelian, Shipment dan Pembayaran/PBL-001

2023-10-05 10:52:13 - [TEST_STEP][PASSED] - callTestCase(findTestCase("T13 Pembelian, Shipment dan Pembayaran/LU-001"), ["username":"irfanafandi", "password":"12345irfan"], STOP_ON_FAILURE): Call Test Case 'Test Cases/T13 Pembelian, Shipment dan Pembayaran/LU-001' successfully

2023-10-05 10:52:13 - [TEST_CASE][PASSED] - Test Cases/T13 Pembelian, Shipment dan Pembayaran/LU-001: Test Cases/T13 Pembelian, Shipment dan Pembayaran/LU-001

2023-10-05 10:52:13 - [TEST_STEP][PASSED] - openBrowser("https://10.9.2.63/ecommerce/"): Browser is opened with url: 'https://10.9.2.63/ecommerce/'

2023-10-05 10:52:13 - [MESSAGE][WARNING] - A browser is already opened. Closing browser and opening a new one

2023-10-05 10:52:14 - [MESSAGE][INFO] - Starting 'Edge Chromium' driver

2023-10-05 10:52:14 - [MESSAGE][INFO] - User set preference: ['acceptInsecureCerts', 'true']

2023-10-05 10:52:16 - [MESSAGE][INFO] - Action delay is set to 0 milliseconds

2023-10-05 10:52:19 - [MESSAGE][PASSED] - Browser is opened with url: 'https://10.9.2.63/ecommerce/'

2023-10-05 10:52:19 - [TEST_STEP][PASSED] - maximizeWindow(): Current window maximized

2023-10-05 10:52:19 - [MESSAGE][PASSED] - Current window maximized

2023-10-05 10:52:19 - [TEST_STEP][PASSED] - verifyElementPresent(findTestObject("Login/Home"), 0): Object 'Object Repository/Login/Home' is present

2023-10-05 10:52:19 - [MESSAGE][WARNING] - Timeout '0' is invalid. Using default page load timeout: '30'

2023-10-05 10:52:20 - [MESSAGE][PASSED] - Object 'Object Repository/Login/Home' is present

2023-10-05 10:52:20 - [TEST_STEP][PASSED] - click(findTestObject("Login/a_Login")): Object: 'Object Repository/Login/a_Login' is clicked on

2023-10-05 10:52:20 - [MESSAGE][PASSED] - Object: 'Object Repository/Login/a_Login' is clicked on

2023-10-05 10:52:20 - [TEST_STEP][PASSED] - verifyElementPresent(findTestObject("Login/Tittle Login"), 0): Object 'Object Repository/Login/Tittle Login' is present

2023-10-05 10:52:20 - [MESSAGE][WARNING] - Timeout '0' is invalid. Using default page load timeout: '30'

2023-10-05 10:52:21 - [MESSAGE][PASSED] - Object 'Object Repository/Login/Tittle Login' is present

2023-10-05 10:52:21 - [TEST_STEP][PASSED] - setText(findTestObject("Login/input_Username, Email atau No. Handphone_a"), username): Text 'irfanafandi' is set on object 'Object Repository/Login/input_Username, Email atau No. Handphone_a'

2023-10-05 10:52:22 - [MESSAGE][PASSED] - Text 'irfanafandi' is set on object 'Object Repository/Login/input_Username, Email atau No. Handphone_a'

2023-10-05 10:52:22 - [TEST_STEP][PASSED] - setText(findTestObject("Login/input_Password_b"), password): Text '12345irfan' is set on object 'Object Repository/Login/input_Password_b'

2023-10-05 10:52:23 - [MESSAGE][PASSED] - Text '12345irfan' is set on object 'Object Repository/Login/input_Password_b'

2023-10-05 10:52:23 - [TEST_STEP][PASSED] - click(findTestObject("Login/label_Ingat saya")): Object: 'Object Repository/Login/label_Ingat saya' is clicked on

2023-10-05 10:52:23 - [MESSAGE][PASSED] - Object: 'Object Repository/Login/label_Ingat saya' is clicked on

2023-10-05 10:52:23 - [TEST_STEP][PASSED] - click(findTestObject("Login/button_Masuk")): Object: 'Object Repository/Login/button_Masuk' is clicked on

2023-10-05 10:52:24 - [MESSAGE][PASSED] - Object: 'Object Repository/Login/button_Masuk' is clicked on

2023-10-05 10:52:24 - [TEST_STEP][PASSED] - verifyElementPresent(findTestObject("Login/li_Profile"), 0): Object 'Object Repository/Login/li_Profile' is present

2023-10-05 10:52:24 - [MESSAGE][WARNING] - Timeout '0' is invalid. Using default page load timeout: '30'

2023-10-05 10:52:25 - [MESSAGE][PASSED] - Object 'Object Repository/Login/li_Profile' is present

2023-10-05 10:52:25 - [MESSAGE][PASSED] - Call Test Case 'Test Cases/T13 Pembelian, Shipment dan Pembayaran/LU-001' successfully

2023-10-05 10:52:25 - [TEST_STEP][PASSED] - mouseOver(findTestObject("beli barang/i_Mulai Belanja_icon-menu")): Object: 'Object Repository/beli barang/i_Mulai Belanja_icon-menu' is hovered

2023-10-05 10:52:26 - [MESSAGE][PASSED] - Object: 'Object Repository/beli barang/i_Mulai Belanja_icon-menu' is hovered

2023-10-05 10:52:26 - [TEST_STEP][PASSED] - click(findTestObject("beli barang/a_Fashion  Busana Wanita")): Object: 'Object Repository/beli barang/a_Fashion  Busana Wanita' is clicked on

2023-10-05 10:52:27 - [MESSAGE][PASSED] - Object: 'Object Repository/beli barang/a_Fashion  Busana Wanita' is clicked on

2023-10-05 10:52:27 - [TEST_STEP][PASSED] - NamaSebelum = getText(findTestObject("verifikasi/Nama sebelum")): Text of object 'Object Repository/verifikasi/Nama sebelum' is: ''

2023-10-05 10:52:27 - [MESSAGE][PASSED] - Text of object 'Object Repository/verifikasi/Nama sebelum' is: ''

2023-10-05 10:52:27 - [TEST_STEP][PASSED] - HargaSebelum = getText(findTestObject("verifikasi/Harga sebelum")): Text of object 'Object Repository/verifikasi/Harga sebelum' is: 'Rp 1,299'

2023-10-05 10:52:28 - [MESSAGE][PASSED] - Text of object 'Object Repository/verifikasi/Harga sebelum' is: 'Rp 1,299'

2023-10-05 10:52:28 - [TEST_STEP][PASSED] - mouseOver(findTestObject("beli barang/barang mouse over")): Object: 'Object Repository/beli barang/barang mouse over' is hovered

2023-10-05 10:52:29 - [MESSAGE][PASSED] - Object: 'Object Repository/beli barang/barang mouse over' is hovered

2023-10-05 10:52:29 - [TEST_STEP][PASSED] - click(findTestObject("beli barang/buttom add to cart")): Object: 'Object Repository/beli barang/buttom add to cart' is clicked on

2023-10-05 10:52:30 - [MESSAGE][PASSED] - Object: 'Object Repository/beli barang/buttom add to cart' is clicked on

2023-10-05 10:52:30 - [TEST_STEP][PASSED] - NamaSesudah = getText(findTestObject("verifikasi/Nama sesudah")): Text of object 'Object Repository/verifikasi/Nama sesudah' is: 'Segitiga Instan Madeira - MDB5.3 Sunset'

2023-10-05 10:52:31 - [MESSAGE][PASSED] - Text of object 'Object Repository/verifikasi/Nama sesudah' is: 'Segitiga Instan Madeira - MDB5.3 Sunset'

2023-10-05 10:52:31 - [TEST_STEP][PASSED] - HargaSesudah = getText(findTestObject("verifikasi/Harga sesudah")): Text of object 'Object Repository/verifikasi/Harga sesudah' is: 'Rp 1,299'

2023-10-05 10:52:31 - [MESSAGE][PASSED] - Text of object 'Object Repository/verifikasi/Harga sesudah' is: 'Rp 1,299'

2023-10-05 10:52:31 - [TEST_STEP][PASSED] - assert NamaSesudah.contains(NamaSebelum): null

2023-10-05 10:52:31 - [TEST_STEP][PASSED] - assert HargaSesudah.contains(HargaSebelum): null

2023-10-05 10:52:31 - [TEST_STEP][PASSED] - click(findTestObject("beli barang/Tambah Keranjang busana wanita")): Object: 'Object Repository/beli barang/Tambah Keranjang busana wanita' is clicked on

2023-10-05 10:52:32 - [MESSAGE][PASSED] - Object: 'Object Repository/beli barang/Tambah Keranjang busana wanita' is clicked on

2023-10-05 10:52:32 - [TEST_STEP][PASSED] - verifyElementPresent(findTestObject("checkout/Notifikasi keranjang"), 1): Object 'Object Repository/checkout/Notifikasi keranjang' is present

2023-10-05 10:52:32 - [MESSAGE][PASSED] - Object 'Object Repository/checkout/Notifikasi keranjang' is present

2023-10-05 10:52:32 - [TEST_STEP][PASSED] - data = new java.util.HashMap(): null

2023-10-05 10:52:32 - [TEST_STEP][PASSED] - data.put("nama_barang", NamaSesudah): null

2023-10-05 10:52:32 - [TEST_STEP][PASSED] - data.put("price_barang", HargaSesudah): null

2023-10-05 10:52:32 - [TEST_STEP][PASSED] - return data: null

2023-10-05 10:52:32 - [MESSAGE][PASSED] - Call Test Case 'Test Cases/T13 Pembelian, Shipment dan Pembayaran/PBL-001' successfully

2023-10-05 10:52:32 - [TEST_STEP][PASSED] - mouseOver(findTestObject("beli barang/keranjang")): Object: 'Object Repository/beli barang/keranjang' is hovered

2023-10-05 10:52:33 - [MESSAGE][PASSED] - Object: 'Object Repository/beli barang/keranjang' is hovered

2023-10-05 10:52:33 - [TEST_STEP][PASSED] - click(findTestObject("beli barang/Lihat Sekarang")): Object: 'Object Repository/beli barang/Lihat Sekarang' is clicked on

2023-10-05 10:52:34 - [MESSAGE][PASSED] - Object: 'Object Repository/beli barang/Lihat Sekarang' is clicked on

2023-10-05 10:52:34 - [TEST_STEP][PASSED] - verifyElementPresent(findTestObject("keranjang/li_Keranjang Belanja"), 0): Object 'Object Repository/keranjang/li_Keranjang Belanja' is present

2023-10-05 10:52:34 - [MESSAGE][WARNING] - Timeout '0' is invalid. Using default page load timeout: '30'

2023-10-05 10:52:35 - [MESSAGE][PASSED] - Object 'Object Repository/keranjang/li_Keranjang Belanja' is present

2023-10-05 10:52:35 - [TEST_STEP][PASSED] - NamaKeranjang = getText(findTestObject("verifikasi/Nama keranjang")): Text of object 'Object Repository/verifikasi/Nama keranjang' is: 'Segitiga Instan Madeira - MDB5.3 Sunset'

2023-10-05 10:52:36 - [MESSAGE][PASSED] - Text of object 'Object Repository/verifikasi/Nama keranjang' is: 'Segitiga Instan Madeira - MDB5.3 Sunset'

2023-10-05 10:52:36 - [TEST_STEP][PASSED] - HargaKeranjang = getText(findTestObject("verifikasi/Harga Keranjang")): Text of object 'Object Repository/verifikasi/Harga Keranjang' is: 'Rp 1,299'

2023-10-05 10:52:36 - [MESSAGE][PASSED] - Text of object 'Object Repository/verifikasi/Harga Keranjang' is: 'Rp 1,299'

2023-10-05 10:52:36 - [TEST_STEP][PASSED] - if (toString().equalsIgnoreCase("Merah")): Object 'Object Repository/keranjang/input_Warna_variasi101' is checked

2023-10-05 10:52:36 - [TEST_STEP][PASSED] - check(findTestObject("Object Repository/keranjang/input_Warna_variasi101")): Object 'Object Repository/keranjang/input_Warna_variasi101' is checked

2023-10-05 10:52:37 - [MESSAGE][PASSED] - Object 'Object Repository/keranjang/input_Warna_variasi101' is checked

2023-10-05 10:52:37 - [TEST_STEP][PASSED] - if (toString().equalsIgnoreCase("Menengah")): Object 'Object Repository/keranjang/input_Ukuran_variasi201' is checked

2023-10-05 10:52:37 - [TEST_STEP][PASSED] - check(findTestObject("Object Repository/keranjang/input_Ukuran_variasi201")): Object 'Object Repository/keranjang/input_Ukuran_variasi201' is checked

2023-10-05 10:52:37 - [MESSAGE][PASSED] - Object 'Object Repository/keranjang/input_Ukuran_variasi201' is checked

2023-10-05 10:52:37 - [TEST_STEP][PASSED] - data.put("Warna", warna): null

2023-10-05 10:52:37 - [TEST_STEP][PASSED] - data.put("Ukuran", ukuran): null

2023-10-05 10:52:37 - [TEST_STEP][PASSED] - click(findTestObject("keranjang/button_Lanjut ke Pembayaran")): Object: 'Object Repository/keranjang/button_Lanjut ke Pembayaran' is clicked on

2023-10-05 10:52:39 - [MESSAGE][PASSED] - Object: 'Object Repository/keranjang/button_Lanjut ke Pembayaran' is clicked on

2023-10-05 10:52:39 - [TEST_STEP][PASSED] - verifyElementPresent(findTestObject("checkout/Tittle Checkout Order"), 0): Object 'Object Repository/checkout/Tittle Checkout Order' is present

2023-10-05 10:52:39 - [MESSAGE][WARNING] - Timeout '0' is invalid. Using default page load timeout: '30'

2023-10-05 10:52:39 - [MESSAGE][PASSED] - Object 'Object Repository/checkout/Tittle Checkout Order' is present

2023-10-05 10:52:39 - [TEST_STEP][PASSED] - name_product = data.get("nama_barang"): null

2023-10-05 10:52:39 - [TEST_STEP][PASSED] - price_product = data.get("price_barang"): null

2023-10-05 10:52:39 - [TEST_STEP][PASSED] - assert name_product == NamaKeranjang: null

2023-10-05 10:52:39 - [TEST_STEP][PASSED] - assert price_product == HargaKeranjang: null

2023-10-05 10:52:39 - [TEST_STEP][PASSED] - return data: null

2023-10-05 10:52:39 - [MESSAGE][PASSED] - Call Test Case 'Test Cases/T13 Pembelian, Shipment dan Pembayaran/PBL-002' successfully

2023-10-05 10:52:39 - [TEST_STEP][PASSED] - warnaa = getText(findTestObject("verifikasi/warna Merah")): Text of object 'Object Repository/verifikasi/warna Merah' is: 'Merah'

2023-10-05 10:52:40 - [MESSAGE][PASSED] - Text of object 'Object Repository/verifikasi/warna Merah' is: 'Merah'

2023-10-05 10:52:40 - [TEST_STEP][PASSED] - ukurann = getText(findTestObject("verifikasi/Ukuran Menengah")): Text of object 'Object Repository/verifikasi/Ukuran Menengah' is: 'Menengah'

2023-10-05 10:52:40 - [MESSAGE][PASSED] - Text of object 'Object Repository/verifikasi/Ukuran Menengah' is: 'Menengah'

2023-10-05 10:52:40 - [TEST_STEP][PASSED] - warna1 = data.get("Warna"): null

2023-10-05 10:52:40 - [TEST_STEP][PASSED] - ukuran1 = data.get("Ukuran"): null

2023-10-05 10:52:40 - [TEST_STEP][PASSED] - assert warnaa == warna1: null

2023-10-05 10:52:40 - [TEST_STEP][PASSED] - assert ukurann == ukuran1: null

2023-10-05 10:52:40 - [TEST_STEP][PASSED] - NamaCheckout = getText(findTestObject("verifikasi/NamaCheckout")): Text of object 'Object Repository/verifikasi/NamaCheckout' is: ''

2023-10-05 10:52:41 - [MESSAGE][PASSED] - Text of object 'Object Repository/verifikasi/NamaCheckout' is: ''

2023-10-05 10:52:41 - [TEST_STEP][PASSED] - HargaCheckout = getText(findTestObject("verifikasi/HargaCheckout")): Text of object 'Object Repository/verifikasi/HargaCheckout' is: '1,299'

2023-10-05 10:52:41 - [MESSAGE][PASSED] - Text of object 'Object Repository/verifikasi/HargaCheckout' is: '1,299'

2023-10-05 10:52:41 - [TEST_STEP][PASSED] - name_product = data.get("nama_barang"): null

2023-10-05 10:52:41 - [TEST_STEP][PASSED] - price_product = data.get("price_barang"): null

2023-10-05 10:52:41 - [TEST_STEP][PASSED] - assert name_product.contains(NamaCheckout): null

2023-10-05 10:52:41 - [TEST_STEP][PASSED] - assert price_product.contains(HargaCheckout): null

2023-10-05 10:52:41 - [TEST_STEP][PASSED] - selectOptionByLabel(findTestObject("checkout/select - Kirim via Kurir Lokal"), Kurir, false): All options with label 'Roda 2' are selected in object 'Object Repository/checkout/select - Kirim via Kurir Lokal' 

2023-10-05 10:52:42 - [MESSAGE][PASSED] - All options with label 'Roda 2' are selected in object 'Object Repository/checkout/select - Kirim via Kurir Lokal' 

2023-10-05 10:52:42 - [TEST_STEP][PASSED] - click(findTestObject("checkout/Kendaraan Kurir")): Object: 'Object Repository/checkout/Kendaraan Kurir' is clicked on

2023-10-05 10:52:43 - [MESSAGE][PASSED] - Object: 'Object Repository/checkout/Kendaraan Kurir' is clicked on

2023-10-05 10:52:43 - [TEST_STEP][PASSED] - OngkosKirim = getText(findTestObject("Object Repository/verifikasi/Ongkos Kirim checkout")): Text of object 'Object Repository/verifikasi/Ongkos Kirim checkout' is: 'Rp. 5,000'

2023-10-05 10:52:43 - [MESSAGE][PASSED] - Text of object 'Object Repository/verifikasi/Ongkos Kirim checkout' is: 'Rp. 5,000'

2023-10-05 10:52:43 - [TEST_STEP][PASSED] - Ongkos = OngkosKirim.substring(3, OngkosKirim.size()): null

2023-10-05 10:52:43 - [TEST_STEP][PASSED] - rep = Ongkos.replace(",", "."): null

2023-10-05 10:52:43 - [TEST_STEP][PASSED] - Ongkos_kirim = Double.parseDouble(rep): null

2023-10-05 10:52:43 - [TEST_STEP][PASSED] - println(Ongkos_kirim): null

2023-10-05 10:52:43 - [TEST_STEP][PASSED] - FeeAdmin = getText(findTestObject("verifikasi/Fee Admin checkout")): Text of object 'Object Repository/verifikasi/Fee Admin checkout' is: 'Fee Admin
Rp 1,500'

2023-10-05 10:52:43 - [MESSAGE][PASSED] - Text of object 'Object Repository/verifikasi/Fee Admin checkout' is: 'Fee Admin
Rp 1,500'

2023-10-05 10:52:43 - [TEST_STEP][PASSED] - Fee_Admin = FeeAdmin.substring(12, FeeAdmin.size()): null

2023-10-05 10:52:43 - [TEST_STEP][PASSED] - fee = Fee_Admin.replace(",", "."): null

2023-10-05 10:52:43 - [TEST_STEP][PASSED] - fee_admin = Double.parseDouble(fee): null

2023-10-05 10:52:43 - [TEST_STEP][PASSED] - println(fee_admin): null

2023-10-05 10:52:43 - [TEST_STEP][PASSED] - Subtotal = getText(findTestObject("verifikasi/subtotal checkout")): Text of object 'Object Repository/verifikasi/subtotal checkout' is: 'Subtotal
Rp 1,299'

2023-10-05 10:52:44 - [MESSAGE][PASSED] - Text of object 'Object Repository/verifikasi/subtotal checkout' is: 'Subtotal
Rp 1,299'

2023-10-05 10:52:44 - [TEST_STEP][PASSED] - sub_total = Subtotal.substring(12, Subtotal.size()): null

2023-10-05 10:52:44 - [TEST_STEP][PASSED] - sub = sub_total.replace(",", "."): null

2023-10-05 10:52:44 - [TEST_STEP][PASSED] - sub_total = Double.parseDouble(sub): null

2023-10-05 10:52:44 - [TEST_STEP][PASSED] - println(sub_total): null

2023-10-05 10:52:44 - [TEST_STEP][PASSED] - Total = getText(findTestObject("verifikasi/Total checkout")): Text of object 'Object Repository/verifikasi/Total checkout' is: 'Rp 7,799'

2023-10-05 10:52:44 - [MESSAGE][PASSED] - Text of object 'Object Repository/verifikasi/Total checkout' is: 'Rp 7,799'

2023-10-05 10:52:44 - [TEST_STEP][PASSED] - totall = Total.substring(3, Total.size()): null

2023-10-05 10:52:44 - [TEST_STEP][PASSED] - total = totall.replace(",", "."): null

2023-10-05 10:52:44 - [TEST_STEP][PASSED] - totall = Double.parseDouble(total): null

2023-10-05 10:52:44 - [TEST_STEP][PASSED] - println(totall): null

2023-10-05 10:52:44 - [TEST_STEP][PASSED] - Total_Harga = Ongkos_kirim + fee_admin + sub_total: null

2023-10-05 10:52:44 - [TEST_STEP][PASSED] - println(Total_Harga): null

2023-10-05 10:52:44 - [TEST_STEP][PASSED] - TotalHarga = Math.round(Total_Harga * 1000) / 1000: null

2023-10-05 10:52:44 - [TEST_STEP][PASSED] - println(TotalHarga): null

2023-10-05 10:52:44 - [TEST_STEP][PASSED] - assert totall == TotalHarga: null

2023-10-05 10:52:44 - [TEST_STEP][PASSED] - click(findTestObject("Object Repository/checkout/metode pembayaran")): Object: 'Object Repository/checkout/metode pembayaran' is clicked on

2023-10-05 10:52:45 - [MESSAGE][PASSED] - Object: 'Object Repository/checkout/metode pembayaran' is clicked on

2023-10-05 10:52:45 - [TEST_STEP][PASSED] - click(findTestObject("checkout/button_Proses Pembayaran")): Object: 'Object Repository/checkout/button_Proses Pembayaran' is clicked on

2023-10-05 10:52:53 - [MESSAGE][PASSED] - Object: 'Object Repository/checkout/button_Proses Pembayaran' is clicked on

2023-10-05 10:52:53 - [TEST_STEP][PASSED] - verifyElementPresent(findTestObject("pembayaran/Tittle nomor invoice"), 0): Object 'Object Repository/pembayaran/Tittle nomor invoice' is present

2023-10-05 10:52:53 - [MESSAGE][WARNING] - Timeout '0' is invalid. Using default page load timeout: '30'

2023-10-05 10:52:54 - [MESSAGE][PASSED] - Object 'Object Repository/pembayaran/Tittle nomor invoice' is present

2023-10-05 10:52:54 - [TEST_STEP][PASSED] - return data: null

2023-10-05 10:52:54 - [MESSAGE][PASSED] - Call Test Case 'Test Cases/T13 Pembelian, Shipment dan Pembayaran/PBL-005' successfully

2023-10-05 10:52:54 - [TEST_STEP][PASSED] - Invoice = getText(findTestObject("pembayaran/nomor invoice")): Text of object 'Object Repository/pembayaran/nomor invoice' is: 'TRX60.20231005105248'

2023-10-05 10:52:54 - [MESSAGE][PASSED] - Text of object 'Object Repository/pembayaran/nomor invoice' is: 'TRX60.20231005105248'

2023-10-05 10:52:54 - [TEST_STEP][PASSED] - NamaPemesan = getText(findTestObject("Konfirmasi pesanan shop/Nama pemesan")): Text of object 'Object Repository/Konfirmasi pesanan shop/Nama pemesan' is: 'irfan.afandi'

2023-10-05 10:52:55 - [MESSAGE][PASSED] - Text of object 'Object Repository/Konfirmasi pesanan shop/Nama pemesan' is: 'irfan.afandi'

2023-10-05 10:52:55 - [TEST_STEP][PASSED] - data.put("invoice", Invoice): null

2023-10-05 10:52:55 - [TEST_STEP][PASSED] - Nama = getText(findTestObject("pembayaran/Nama barang")): Text of object 'Object Repository/pembayaran/Nama barang' is: 'Segitiga Instan Madeira - MDB5.3 Sunset'

2023-10-05 10:52:55 - [MESSAGE][PASSED] - Text of object 'Object Repository/pembayaran/Nama barang' is: 'Segitiga Instan Madeira - MDB5.3 Sunset'

2023-10-05 10:52:55 - [TEST_STEP][PASSED] - Harga = getText(findTestObject("pembayaran/Harga barang")): Text of object 'Object Repository/pembayaran/Harga barang' is: '1,299'

2023-10-05 10:52:56 - [MESSAGE][PASSED] - Text of object 'Object Repository/pembayaran/Harga barang' is: '1,299'

2023-10-05 10:52:56 - [TEST_STEP][PASSED] - name_product = data.get("nama_barang"): null

2023-10-05 10:52:56 - [TEST_STEP][PASSED] - price_product = data.get("price_barang"): null

2023-10-05 10:52:56 - [TEST_STEP][PASSED] - assert name_product.contains(Nama): null

2023-10-05 10:52:56 - [TEST_STEP][PASSED] - assert price_product.contains(Harga): null

2023-10-05 10:52:56 - [TEST_STEP][PASSED] - warnaa = getText(findTestObject("pembayaran/warna")): Text of object 'Object Repository/pembayaran/warna' is: 'Merah'

2023-10-05 10:52:56 - [MESSAGE][PASSED] - Text of object 'Object Repository/pembayaran/warna' is: 'Merah'

2023-10-05 10:52:56 - [TEST_STEP][PASSED] - ukurann = getText(findTestObject("pembayaran/ukuran")): Text of object 'Object Repository/pembayaran/ukuran' is: 'Menengah'

2023-10-05 10:52:56 - [MESSAGE][PASSED] - Text of object 'Object Repository/pembayaran/ukuran' is: 'Menengah'

2023-10-05 10:52:56 - [TEST_STEP][PASSED] - warna1 = data.get("Warna"): null

2023-10-05 10:52:56 - [TEST_STEP][PASSED] - ukuran1 = data.get("Ukuran"): null

2023-10-05 10:52:56 - [TEST_STEP][PASSED] - assert warnaa == warna1: null

2023-10-05 10:52:56 - [TEST_STEP][PASSED] - assert ukurann == ukuran1: null

2023-10-05 10:52:56 - [TEST_STEP][PASSED] - OngkosKirim = getText(findTestObject("pembayaran/ongkos kirim")): Text of object 'Object Repository/pembayaran/ongkos kirim' is: 'Rp 5,000'

2023-10-05 10:52:57 - [MESSAGE][PASSED] - Text of object 'Object Repository/pembayaran/ongkos kirim' is: 'Rp 5,000'

2023-10-05 10:52:57 - [TEST_STEP][PASSED] - Ongkos = OngkosKirim.substring(3, OngkosKirim.size()): null

2023-10-05 10:52:57 - [TEST_STEP][PASSED] - rep = Ongkos.replace(",", ""): null

2023-10-05 10:52:57 - [TEST_STEP][PASSED] - Ongkos_kirimm = Integer.parseInt(rep): null

2023-10-05 10:52:57 - [TEST_STEP][PASSED] - println(Ongkos_kirimm): null

2023-10-05 10:52:57 - [TEST_STEP][PASSED] - FeeAdmin = getText(findTestObject("pembayaran/fee admin")): Text of object 'Object Repository/pembayaran/fee admin' is: 'Rp 1,500'

2023-10-05 10:52:57 - [MESSAGE][PASSED] - Text of object 'Object Repository/pembayaran/fee admin' is: 'Rp 1,500'

2023-10-05 10:52:57 - [TEST_STEP][PASSED] - Fee_Admin = FeeAdmin.substring(3, FeeAdmin.size()): null

2023-10-05 10:52:57 - [TEST_STEP][PASSED] - fee = Fee_Admin.replace(",", ""): null

2023-10-05 10:52:57 - [TEST_STEP][PASSED] - fee_adminn = Integer.parseInt(fee): null

2023-10-05 10:52:57 - [TEST_STEP][PASSED] - println(fee_adminn): null

2023-10-05 10:52:57 - [TEST_STEP][PASSED] - Subtotal = getText(findTestObject("pembayaran/subtotal")): Text of object 'Object Repository/pembayaran/subtotal' is: 'Rp 1,299'

2023-10-05 10:52:57 - [MESSAGE][PASSED] - Text of object 'Object Repository/pembayaran/subtotal' is: 'Rp 1,299'

2023-10-05 10:52:57 - [TEST_STEP][PASSED] - sub_total = Subtotal.substring(3, Subtotal.size()): null

2023-10-05 10:52:57 - [TEST_STEP][PASSED] - sub = sub_total.replace(",", ""): null

2023-10-05 10:52:57 - [TEST_STEP][PASSED] - sub_totall = Integer.parseInt(sub): null

2023-10-05 10:52:57 - [TEST_STEP][PASSED] - println(sub_totall): null

2023-10-05 10:52:57 - [TEST_STEP][PASSED] - unik = getText(findTestObject("pembayaran/kode unik")): Text of object 'Object Repository/pembayaran/kode unik' is: '+248'

2023-10-05 10:52:58 - [MESSAGE][PASSED] - Text of object 'Object Repository/pembayaran/kode unik' is: '+248'

2023-10-05 10:52:58 - [TEST_STEP][PASSED] - unikk = unik.replace("+", ""): null

2023-10-05 10:52:58 - [TEST_STEP][PASSED] - kode_unik = Integer.parseInt(unikk): null

2023-10-05 10:52:58 - [TEST_STEP][PASSED] - println(kode_unik): null

2023-10-05 10:52:58 - [TEST_STEP][PASSED] - Total = getText(findTestObject("pembayaran/total")): Text of object 'Object Repository/pembayaran/total' is: '8,047'

2023-10-05 10:52:58 - [MESSAGE][PASSED] - Text of object 'Object Repository/pembayaran/total' is: '8,047'

2023-10-05 10:52:58 - [TEST_STEP][PASSED] - total = Total.replace(",", ""): null

2023-10-05 10:52:58 - [TEST_STEP][PASSED] - totalll = Integer.parseInt(total): null

2023-10-05 10:52:58 - [TEST_STEP][PASSED] - println(totalll): null

2023-10-05 10:52:58 - [TEST_STEP][PASSED] - Total_Hargaa = Ongkos_kirimm + fee_adminn + sub_totall + kode_unik: null

2023-10-05 10:52:58 - [TEST_STEP][PASSED] - println(Total_Hargaa): null

2023-10-05 10:52:58 - [TEST_STEP][PASSED] - assert totalll == Total_Hargaa: null

2023-10-05 10:52:58 - [TEST_STEP][PASSED] - data.put("total", Total): null

2023-10-05 10:52:58 - [TEST_STEP][PASSED] - data.put("nama", NamaPemesan): null

2023-10-05 10:52:58 - [TEST_STEP][PASSED] - return data: null]]></system-out>
         <system-err><![CDATA[]]></system-err>
      </testcase>
      <testcase name="Test Cases/T13 Pembelian, Shipment dan Pembayaran/PBY-003" time="57.352" classname="Test Cases/T13 Pembelian, Shipment dan Pembayaran/PBY-003" status="PASSED">
         <system-out><![CDATA[2023-10-05 10:52:58 - [TEST_CASE][PASSED] - Test Cases/T13 Pembelian, Shipment dan Pembayaran/PBY-003: Test Cases/T13 Pembelian, Shipment dan Pembayaran/PBY-003

2023-10-05 10:52:59 - [TEST_STEP][PASSED] - data = callTestCase(findTestCase("T13 Pembelian, Shipment dan Pembayaran/PBY-001"), [:], STOP_ON_FAILURE): Call Test Case 'Test Cases/T13 Pembelian, Shipment dan Pembayaran/PBY-001' successfully

2023-10-05 10:52:59 - [TEST_CASE][PASSED] - Test Cases/T13 Pembelian, Shipment dan Pembayaran/PBY-001: Test Cases/T13 Pembelian, Shipment dan Pembayaran/PBY-001

2023-10-05 10:52:59 - [TEST_STEP][PASSED] - data = callTestCase(findTestCase("T13 Pembelian, Shipment dan Pembayaran/PBL-004"), ["Kurir":"Roda 2"], STOP_ON_FAILURE): Call Test Case 'Test Cases/T13 Pembelian, Shipment dan Pembayaran/PBL-004' successfully

2023-10-05 10:52:59 - [TEST_CASE][PASSED] - Test Cases/T13 Pembelian, Shipment dan Pembayaran/PBL-004: Test Cases/T13 Pembelian, Shipment dan Pembayaran/PBL-004

2023-10-05 10:52:59 - [TEST_STEP][PASSED] - data = callTestCase(findTestCase("T13 Pembelian, Shipment dan Pembayaran/PBL-002"), [:], STOP_ON_FAILURE): Call Test Case 'Test Cases/T13 Pembelian, Shipment dan Pembayaran/PBL-002' successfully

2023-10-05 10:52:59 - [TEST_CASE][PASSED] - Test Cases/T13 Pembelian, Shipment dan Pembayaran/PBL-002: Test Cases/T13 Pembelian, Shipment dan Pembayaran/PBL-002

2023-10-05 10:52:59 - [TEST_STEP][PASSED] - data = callTestCase(findTestCase("T13 Pembelian, Shipment dan Pembayaran/PBL-001"), [:], STOP_ON_FAILURE): Call Test Case 'Test Cases/T13 Pembelian, Shipment dan Pembayaran/PBL-001' successfully

2023-10-05 10:52:59 - [TEST_CASE][PASSED] - Test Cases/T13 Pembelian, Shipment dan Pembayaran/PBL-001: Test Cases/T13 Pembelian, Shipment dan Pembayaran/PBL-001

2023-10-05 10:52:59 - [TEST_STEP][PASSED] - callTestCase(findTestCase("T13 Pembelian, Shipment dan Pembayaran/LU-001"), ["username":"irfanafandi", "password":"12345irfan"], STOP_ON_FAILURE): Call Test Case 'Test Cases/T13 Pembelian, Shipment dan Pembayaran/LU-001' successfully

2023-10-05 10:52:59 - [TEST_CASE][PASSED] - Test Cases/T13 Pembelian, Shipment dan Pembayaran/LU-001: Test Cases/T13 Pembelian, Shipment dan Pembayaran/LU-001

2023-10-05 10:52:59 - [TEST_STEP][PASSED] - openBrowser("https://10.9.2.63/ecommerce/"): Browser is opened with url: 'https://10.9.2.63/ecommerce/'

2023-10-05 10:52:59 - [MESSAGE][WARNING] - A browser is already opened. Closing browser and opening a new one

2023-10-05 10:53:00 - [MESSAGE][INFO] - Starting 'Edge Chromium' driver

2023-10-05 10:53:00 - [MESSAGE][INFO] - User set preference: ['acceptInsecureCerts', 'true']

2023-10-05 10:53:02 - [MESSAGE][INFO] - Action delay is set to 0 milliseconds

2023-10-05 10:53:06 - [MESSAGE][PASSED] - Browser is opened with url: 'https://10.9.2.63/ecommerce/'

2023-10-05 10:53:06 - [TEST_STEP][PASSED] - maximizeWindow(): Current window maximized

2023-10-05 10:53:06 - [MESSAGE][PASSED] - Current window maximized

2023-10-05 10:53:06 - [TEST_STEP][PASSED] - verifyElementPresent(findTestObject("Login/Home"), 0): Object 'Object Repository/Login/Home' is present

2023-10-05 10:53:06 - [MESSAGE][WARNING] - Timeout '0' is invalid. Using default page load timeout: '30'

2023-10-05 10:53:07 - [MESSAGE][PASSED] - Object 'Object Repository/Login/Home' is present

2023-10-05 10:53:07 - [TEST_STEP][PASSED] - click(findTestObject("Login/a_Login")): Object: 'Object Repository/Login/a_Login' is clicked on

2023-10-05 10:53:07 - [MESSAGE][PASSED] - Object: 'Object Repository/Login/a_Login' is clicked on

2023-10-05 10:53:07 - [TEST_STEP][PASSED] - verifyElementPresent(findTestObject("Login/Tittle Login"), 0): Object 'Object Repository/Login/Tittle Login' is present

2023-10-05 10:53:07 - [MESSAGE][WARNING] - Timeout '0' is invalid. Using default page load timeout: '30'

2023-10-05 10:53:08 - [MESSAGE][PASSED] - Object 'Object Repository/Login/Tittle Login' is present

2023-10-05 10:53:08 - [TEST_STEP][PASSED] - setText(findTestObject("Login/input_Username, Email atau No. Handphone_a"), username): Text 'irfanafandi' is set on object 'Object Repository/Login/input_Username, Email atau No. Handphone_a'

2023-10-05 10:53:09 - [MESSAGE][PASSED] - Text 'irfanafandi' is set on object 'Object Repository/Login/input_Username, Email atau No. Handphone_a'

2023-10-05 10:53:09 - [TEST_STEP][PASSED] - setText(findTestObject("Login/input_Password_b"), password): Text '12345irfan' is set on object 'Object Repository/Login/input_Password_b'

2023-10-05 10:53:10 - [MESSAGE][PASSED] - Text '12345irfan' is set on object 'Object Repository/Login/input_Password_b'

2023-10-05 10:53:10 - [TEST_STEP][PASSED] - click(findTestObject("Login/label_Ingat saya")): Object: 'Object Repository/Login/label_Ingat saya' is clicked on

2023-10-05 10:53:10 - [MESSAGE][PASSED] - Object: 'Object Repository/Login/label_Ingat saya' is clicked on

2023-10-05 10:53:10 - [TEST_STEP][PASSED] - click(findTestObject("Login/button_Masuk")): Object: 'Object Repository/Login/button_Masuk' is clicked on

2023-10-05 10:53:12 - [MESSAGE][PASSED] - Object: 'Object Repository/Login/button_Masuk' is clicked on

2023-10-05 10:53:12 - [TEST_STEP][PASSED] - verifyElementPresent(findTestObject("Login/li_Profile"), 0): Object 'Object Repository/Login/li_Profile' is present

2023-10-05 10:53:12 - [MESSAGE][WARNING] - Timeout '0' is invalid. Using default page load timeout: '30'

2023-10-05 10:53:12 - [MESSAGE][PASSED] - Object 'Object Repository/Login/li_Profile' is present

2023-10-05 10:53:12 - [MESSAGE][PASSED] - Call Test Case 'Test Cases/T13 Pembelian, Shipment dan Pembayaran/LU-001' successfully

2023-10-05 10:53:12 - [TEST_STEP][PASSED] - mouseOver(findTestObject("beli barang/i_Mulai Belanja_icon-menu")): Object: 'Object Repository/beli barang/i_Mulai Belanja_icon-menu' is hovered

2023-10-05 10:53:13 - [MESSAGE][PASSED] - Object: 'Object Repository/beli barang/i_Mulai Belanja_icon-menu' is hovered

2023-10-05 10:53:13 - [TEST_STEP][PASSED] - click(findTestObject("beli barang/a_Fashion  Busana Wanita")): Object: 'Object Repository/beli barang/a_Fashion  Busana Wanita' is clicked on

2023-10-05 10:53:14 - [MESSAGE][PASSED] - Object: 'Object Repository/beli barang/a_Fashion  Busana Wanita' is clicked on

2023-10-05 10:53:14 - [TEST_STEP][PASSED] - NamaSebelum = getText(findTestObject("verifikasi/Nama sebelum")): Text of object 'Object Repository/verifikasi/Nama sebelum' is: ''

2023-10-05 10:53:15 - [MESSAGE][PASSED] - Text of object 'Object Repository/verifikasi/Nama sebelum' is: ''

2023-10-05 10:53:15 - [TEST_STEP][PASSED] - HargaSebelum = getText(findTestObject("verifikasi/Harga sebelum")): Text of object 'Object Repository/verifikasi/Harga sebelum' is: 'Rp 1,299'

2023-10-05 10:53:15 - [MESSAGE][PASSED] - Text of object 'Object Repository/verifikasi/Harga sebelum' is: 'Rp 1,299'

2023-10-05 10:53:15 - [TEST_STEP][PASSED] - mouseOver(findTestObject("beli barang/barang mouse over")): Object: 'Object Repository/beli barang/barang mouse over' is hovered

2023-10-05 10:53:16 - [MESSAGE][PASSED] - Object: 'Object Repository/beli barang/barang mouse over' is hovered

2023-10-05 10:53:16 - [TEST_STEP][PASSED] - click(findTestObject("beli barang/buttom add to cart")): Object: 'Object Repository/beli barang/buttom add to cart' is clicked on

2023-10-05 10:53:17 - [MESSAGE][PASSED] - Object: 'Object Repository/beli barang/buttom add to cart' is clicked on

2023-10-05 10:53:17 - [TEST_STEP][PASSED] - NamaSesudah = getText(findTestObject("verifikasi/Nama sesudah")): Text of object 'Object Repository/verifikasi/Nama sesudah' is: 'Segitiga Instan Madeira - MDB5.3 Sunset'

2023-10-05 10:53:18 - [MESSAGE][PASSED] - Text of object 'Object Repository/verifikasi/Nama sesudah' is: 'Segitiga Instan Madeira - MDB5.3 Sunset'

2023-10-05 10:53:18 - [TEST_STEP][PASSED] - HargaSesudah = getText(findTestObject("verifikasi/Harga sesudah")): Text of object 'Object Repository/verifikasi/Harga sesudah' is: 'Rp 1,299'

2023-10-05 10:53:18 - [MESSAGE][PASSED] - Text of object 'Object Repository/verifikasi/Harga sesudah' is: 'Rp 1,299'

2023-10-05 10:53:18 - [TEST_STEP][PASSED] - assert NamaSesudah.contains(NamaSebelum): null

2023-10-05 10:53:18 - [TEST_STEP][PASSED] - assert HargaSesudah.contains(HargaSebelum): null

2023-10-05 10:53:18 - [TEST_STEP][PASSED] - click(findTestObject("beli barang/Tambah Keranjang busana wanita")): Object: 'Object Repository/beli barang/Tambah Keranjang busana wanita' is clicked on

2023-10-05 10:53:19 - [MESSAGE][PASSED] - Object: 'Object Repository/beli barang/Tambah Keranjang busana wanita' is clicked on

2023-10-05 10:53:19 - [TEST_STEP][PASSED] - verifyElementPresent(findTestObject("checkout/Notifikasi keranjang"), 1): Object 'Object Repository/checkout/Notifikasi keranjang' is present

2023-10-05 10:53:20 - [MESSAGE][PASSED] - Object 'Object Repository/checkout/Notifikasi keranjang' is present

2023-10-05 10:53:20 - [TEST_STEP][PASSED] - data = new java.util.HashMap(): null

2023-10-05 10:53:20 - [TEST_STEP][PASSED] - data.put("nama_barang", NamaSesudah): null

2023-10-05 10:53:20 - [TEST_STEP][PASSED] - data.put("price_barang", HargaSesudah): null

2023-10-05 10:53:20 - [TEST_STEP][PASSED] - return data: null

2023-10-05 10:53:20 - [MESSAGE][PASSED] - Call Test Case 'Test Cases/T13 Pembelian, Shipment dan Pembayaran/PBL-001' successfully

2023-10-05 10:53:20 - [TEST_STEP][PASSED] - mouseOver(findTestObject("beli barang/keranjang")): Object: 'Object Repository/beli barang/keranjang' is hovered

2023-10-05 10:53:20 - [MESSAGE][PASSED] - Object: 'Object Repository/beli barang/keranjang' is hovered

2023-10-05 10:53:20 - [TEST_STEP][PASSED] - click(findTestObject("beli barang/Lihat Sekarang")): Object: 'Object Repository/beli barang/Lihat Sekarang' is clicked on

2023-10-05 10:53:21 - [MESSAGE][PASSED] - Object: 'Object Repository/beli barang/Lihat Sekarang' is clicked on

2023-10-05 10:53:21 - [TEST_STEP][PASSED] - verifyElementPresent(findTestObject("keranjang/li_Keranjang Belanja"), 0): Object 'Object Repository/keranjang/li_Keranjang Belanja' is present

2023-10-05 10:53:21 - [MESSAGE][WARNING] - Timeout '0' is invalid. Using default page load timeout: '30'

2023-10-05 10:53:22 - [MESSAGE][PASSED] - Object 'Object Repository/keranjang/li_Keranjang Belanja' is present

2023-10-05 10:53:22 - [TEST_STEP][PASSED] - NamaKeranjang = getText(findTestObject("verifikasi/Nama keranjang")): Text of object 'Object Repository/verifikasi/Nama keranjang' is: 'Segitiga Instan Madeira - MDB5.3 Sunset'

2023-10-05 10:53:23 - [MESSAGE][PASSED] - Text of object 'Object Repository/verifikasi/Nama keranjang' is: 'Segitiga Instan Madeira - MDB5.3 Sunset'

2023-10-05 10:53:23 - [TEST_STEP][PASSED] - HargaKeranjang = getText(findTestObject("verifikasi/Harga Keranjang")): Text of object 'Object Repository/verifikasi/Harga Keranjang' is: 'Rp 1,299'

2023-10-05 10:53:23 - [MESSAGE][PASSED] - Text of object 'Object Repository/verifikasi/Harga Keranjang' is: 'Rp 1,299'

2023-10-05 10:53:23 - [TEST_STEP][PASSED] - if (toString().equalsIgnoreCase("Merah")): Object 'Object Repository/keranjang/input_Warna_variasi101' is checked

2023-10-05 10:53:23 - [TEST_STEP][PASSED] - check(findTestObject("Object Repository/keranjang/input_Warna_variasi101")): Object 'Object Repository/keranjang/input_Warna_variasi101' is checked

2023-10-05 10:53:23 - [MESSAGE][PASSED] - Object 'Object Repository/keranjang/input_Warna_variasi101' is checked

2023-10-05 10:53:23 - [TEST_STEP][PASSED] - if (toString().equalsIgnoreCase("Menengah")): Object 'Object Repository/keranjang/input_Ukuran_variasi201' is checked

2023-10-05 10:53:23 - [TEST_STEP][PASSED] - check(findTestObject("Object Repository/keranjang/input_Ukuran_variasi201")): Object 'Object Repository/keranjang/input_Ukuran_variasi201' is checked

2023-10-05 10:53:24 - [MESSAGE][PASSED] - Object 'Object Repository/keranjang/input_Ukuran_variasi201' is checked

2023-10-05 10:53:24 - [TEST_STEP][PASSED] - data.put("Warna", warna): null

2023-10-05 10:53:24 - [TEST_STEP][PASSED] - data.put("Ukuran", ukuran): null

2023-10-05 10:53:24 - [TEST_STEP][PASSED] - click(findTestObject("keranjang/button_Lanjut ke Pembayaran")): Object: 'Object Repository/keranjang/button_Lanjut ke Pembayaran' is clicked on

2023-10-05 10:53:25 - [MESSAGE][PASSED] - Object: 'Object Repository/keranjang/button_Lanjut ke Pembayaran' is clicked on

2023-10-05 10:53:25 - [TEST_STEP][PASSED] - verifyElementPresent(findTestObject("checkout/Tittle Checkout Order"), 0): Object 'Object Repository/checkout/Tittle Checkout Order' is present

2023-10-05 10:53:26 - [MESSAGE][WARNING] - Timeout '0' is invalid. Using default page load timeout: '30'

2023-10-05 10:53:26 - [MESSAGE][PASSED] - Object 'Object Repository/checkout/Tittle Checkout Order' is present

2023-10-05 10:53:26 - [TEST_STEP][PASSED] - name_product = data.get("nama_barang"): null

2023-10-05 10:53:26 - [TEST_STEP][PASSED] - price_product = data.get("price_barang"): null

2023-10-05 10:53:26 - [TEST_STEP][PASSED] - assert name_product == NamaKeranjang: null

2023-10-05 10:53:26 - [TEST_STEP][PASSED] - assert price_product == HargaKeranjang: null

2023-10-05 10:53:26 - [TEST_STEP][PASSED] - return data: null

2023-10-05 10:53:26 - [MESSAGE][PASSED] - Call Test Case 'Test Cases/T13 Pembelian, Shipment dan Pembayaran/PBL-002' successfully

2023-10-05 10:53:26 - [TEST_STEP][PASSED] - warnaa = getText(findTestObject("verifikasi/warna Merah")): Text of object 'Object Repository/verifikasi/warna Merah' is: 'Merah'

2023-10-05 10:53:27 - [MESSAGE][PASSED] - Text of object 'Object Repository/verifikasi/warna Merah' is: 'Merah'

2023-10-05 10:53:27 - [TEST_STEP][PASSED] - ukurann = getText(findTestObject("verifikasi/Ukuran Menengah")): Text of object 'Object Repository/verifikasi/Ukuran Menengah' is: 'Menengah'

2023-10-05 10:53:27 - [MESSAGE][PASSED] - Text of object 'Object Repository/verifikasi/Ukuran Menengah' is: 'Menengah'

2023-10-05 10:53:27 - [TEST_STEP][PASSED] - warna1 = data.get("Warna"): null

2023-10-05 10:53:27 - [TEST_STEP][PASSED] - ukuran1 = data.get("Ukuran"): null

2023-10-05 10:53:27 - [TEST_STEP][PASSED] - assert warnaa == warna1: null

2023-10-05 10:53:27 - [TEST_STEP][PASSED] - assert ukurann == ukuran1: null

2023-10-05 10:53:27 - [TEST_STEP][PASSED] - NamaCheckout = getText(findTestObject("verifikasi/NamaCheckout")): Text of object 'Object Repository/verifikasi/NamaCheckout' is: ''

2023-10-05 10:53:27 - [MESSAGE][PASSED] - Text of object 'Object Repository/verifikasi/NamaCheckout' is: ''

2023-10-05 10:53:27 - [TEST_STEP][PASSED] - HargaCheckout = getText(findTestObject("verifikasi/HargaCheckout")): Text of object 'Object Repository/verifikasi/HargaCheckout' is: '1,299'

2023-10-05 10:53:28 - [MESSAGE][PASSED] - Text of object 'Object Repository/verifikasi/HargaCheckout' is: '1,299'

2023-10-05 10:53:28 - [TEST_STEP][PASSED] - name_product = data.get("nama_barang"): null

2023-10-05 10:53:28 - [TEST_STEP][PASSED] - price_product = data.get("price_barang"): null

2023-10-05 10:53:28 - [TEST_STEP][PASSED] - assert name_product.contains(NamaCheckout): null

2023-10-05 10:53:28 - [TEST_STEP][PASSED] - assert price_product.contains(HargaCheckout): null

2023-10-05 10:53:28 - [TEST_STEP][PASSED] - selectOptionByLabel(findTestObject("checkout/select - Kirim via Kurir Lokal"), Kurir, false): All options with label 'Roda 2' are selected in object 'Object Repository/checkout/select - Kirim via Kurir Lokal' 

2023-10-05 10:53:29 - [MESSAGE][PASSED] - All options with label 'Roda 2' are selected in object 'Object Repository/checkout/select - Kirim via Kurir Lokal' 

2023-10-05 10:53:29 - [TEST_STEP][PASSED] - click(findTestObject("checkout/Kendaraan Kurir")): Object: 'Object Repository/checkout/Kendaraan Kurir' is clicked on

2023-10-05 10:53:29 - [MESSAGE][PASSED] - Object: 'Object Repository/checkout/Kendaraan Kurir' is clicked on

2023-10-05 10:53:29 - [TEST_STEP][PASSED] - OngkosKirim = getText(findTestObject("Object Repository/verifikasi/Ongkos Kirim checkout")): Text of object 'Object Repository/verifikasi/Ongkos Kirim checkout' is: 'Rp. 5,000'

2023-10-05 10:53:30 - [MESSAGE][PASSED] - Text of object 'Object Repository/verifikasi/Ongkos Kirim checkout' is: 'Rp. 5,000'

2023-10-05 10:53:30 - [TEST_STEP][PASSED] - Ongkos = OngkosKirim.substring(3, OngkosKirim.size()): null

2023-10-05 10:53:30 - [TEST_STEP][PASSED] - rep = Ongkos.replace(",", "."): null

2023-10-05 10:53:30 - [TEST_STEP][PASSED] - Ongkos_kirim = Double.parseDouble(rep): null

2023-10-05 10:53:30 - [TEST_STEP][PASSED] - println(Ongkos_kirim): null

2023-10-05 10:53:30 - [TEST_STEP][PASSED] - FeeAdmin = getText(findTestObject("verifikasi/Fee Admin checkout")): Text of object 'Object Repository/verifikasi/Fee Admin checkout' is: 'Fee Admin
Rp 1,500'

2023-10-05 10:53:30 - [MESSAGE][PASSED] - Text of object 'Object Repository/verifikasi/Fee Admin checkout' is: 'Fee Admin
Rp 1,500'

2023-10-05 10:53:30 - [TEST_STEP][PASSED] - Fee_Admin = FeeAdmin.substring(12, FeeAdmin.size()): null

2023-10-05 10:53:30 - [TEST_STEP][PASSED] - fee = Fee_Admin.replace(",", "."): null

2023-10-05 10:53:30 - [TEST_STEP][PASSED] - fee_admin = Double.parseDouble(fee): null

2023-10-05 10:53:30 - [TEST_STEP][PASSED] - println(fee_admin): null

2023-10-05 10:53:30 - [TEST_STEP][PASSED] - Subtotal = getText(findTestObject("verifikasi/subtotal checkout")): Text of object 'Object Repository/verifikasi/subtotal checkout' is: 'Subtotal
Rp 1,299'

2023-10-05 10:53:31 - [MESSAGE][PASSED] - Text of object 'Object Repository/verifikasi/subtotal checkout' is: 'Subtotal
Rp 1,299'

2023-10-05 10:53:31 - [TEST_STEP][PASSED] - sub_total = Subtotal.substring(12, Subtotal.size()): null

2023-10-05 10:53:31 - [TEST_STEP][PASSED] - sub = sub_total.replace(",", "."): null

2023-10-05 10:53:31 - [TEST_STEP][PASSED] - sub_total = Double.parseDouble(sub): null

2023-10-05 10:53:31 - [TEST_STEP][PASSED] - println(sub_total): null

2023-10-05 10:53:31 - [TEST_STEP][PASSED] - Total = getText(findTestObject("verifikasi/Total checkout")): Text of object 'Object Repository/verifikasi/Total checkout' is: 'Rp 7,799'

2023-10-05 10:53:31 - [MESSAGE][PASSED] - Text of object 'Object Repository/verifikasi/Total checkout' is: 'Rp 7,799'

2023-10-05 10:53:31 - [TEST_STEP][PASSED] - totall = Total.substring(3, Total.size()): null

2023-10-05 10:53:31 - [TEST_STEP][PASSED] - total = totall.replace(",", "."): null

2023-10-05 10:53:31 - [TEST_STEP][PASSED] - totall = Double.parseDouble(total): null

2023-10-05 10:53:31 - [TEST_STEP][PASSED] - println(totall): null

2023-10-05 10:53:31 - [TEST_STEP][PASSED] - Total_Harga = Ongkos_kirim + fee_admin + sub_total: null

2023-10-05 10:53:31 - [TEST_STEP][PASSED] - println(Total_Harga): null

2023-10-05 10:53:31 - [TEST_STEP][PASSED] - TotalHarga = Math.round(Total_Harga * 1000) / 1000: null

2023-10-05 10:53:31 - [TEST_STEP][PASSED] - println(TotalHarga): null

2023-10-05 10:53:31 - [TEST_STEP][PASSED] - assert totall == TotalHarga: null

2023-10-05 10:53:31 - [TEST_STEP][PASSED] - click(findTestObject("verifikasi/Metode Transfer")): Object: 'Object Repository/verifikasi/Metode Transfer' is clicked on

2023-10-05 10:53:32 - [MESSAGE][PASSED] - Object: 'Object Repository/verifikasi/Metode Transfer' is clicked on

2023-10-05 10:53:32 - [TEST_STEP][PASSED] - click(findTestObject("checkout/button_Proses Pembayaran")): Object: 'Object Repository/checkout/button_Proses Pembayaran' is clicked on

2023-10-05 10:53:40 - [MESSAGE][PASSED] - Object: 'Object Repository/checkout/button_Proses Pembayaran' is clicked on

2023-10-05 10:53:40 - [TEST_STEP][PASSED] - verifyElementPresent(findTestObject("pembayaran/Tittle nomor invoice"), 0): Object 'Object Repository/pembayaran/Tittle nomor invoice' is present

2023-10-05 10:53:40 - [MESSAGE][WARNING] - Timeout '0' is invalid. Using default page load timeout: '30'

2023-10-05 10:53:40 - [MESSAGE][PASSED] - Object 'Object Repository/pembayaran/Tittle nomor invoice' is present

2023-10-05 10:53:40 - [TEST_STEP][PASSED] - return data: null

2023-10-05 10:53:40 - [MESSAGE][PASSED] - Call Test Case 'Test Cases/T13 Pembelian, Shipment dan Pembayaran/PBL-004' successfully

2023-10-05 10:53:40 - [TEST_STEP][PASSED] - Invoice = getText(findTestObject("pembayaran/nomor invoice")): Text of object 'Object Repository/pembayaran/nomor invoice' is: 'TRX60.20231005105335'

2023-10-05 10:53:41 - [MESSAGE][PASSED] - Text of object 'Object Repository/pembayaran/nomor invoice' is: 'TRX60.20231005105335'

2023-10-05 10:53:41 - [TEST_STEP][PASSED] - data.put("invoice", Invoice): null

2023-10-05 10:53:41 - [TEST_STEP][PASSED] - NamaPemesan = getText(findTestObject("Konfirmasi pesanan shop/Nama pemesan")): Text of object 'Object Repository/Konfirmasi pesanan shop/Nama pemesan' is: 'irfan.afandi'

2023-10-05 10:53:42 - [MESSAGE][PASSED] - Text of object 'Object Repository/Konfirmasi pesanan shop/Nama pemesan' is: 'irfan.afandi'

2023-10-05 10:53:42 - [TEST_STEP][PASSED] - Nama = getText(findTestObject("pembayaran/Nama barang")): Text of object 'Object Repository/pembayaran/Nama barang' is: 'Segitiga Instan Madeira - MDB5.3 Sunset'

2023-10-05 10:53:42 - [MESSAGE][PASSED] - Text of object 'Object Repository/pembayaran/Nama barang' is: 'Segitiga Instan Madeira - MDB5.3 Sunset'

2023-10-05 10:53:42 - [TEST_STEP][PASSED] - Harga = getText(findTestObject("pembayaran/Harga barang")): Text of object 'Object Repository/pembayaran/Harga barang' is: '1,299'

2023-10-05 10:53:43 - [MESSAGE][PASSED] - Text of object 'Object Repository/pembayaran/Harga barang' is: '1,299'

2023-10-05 10:53:43 - [TEST_STEP][PASSED] - name_product = data.get("nama_barang"): null

2023-10-05 10:53:43 - [TEST_STEP][PASSED] - price_product = data.get("price_barang"): null

2023-10-05 10:53:43 - [TEST_STEP][PASSED] - assert name_product.contains(Nama): null

2023-10-05 10:53:43 - [TEST_STEP][PASSED] - assert price_product.contains(Harga): null

2023-10-05 10:53:43 - [TEST_STEP][PASSED] - warnaa = getText(findTestObject("pembayaran/warna")): Text of object 'Object Repository/pembayaran/warna' is: 'Merah'

2023-10-05 10:53:43 - [MESSAGE][PASSED] - Text of object 'Object Repository/pembayaran/warna' is: 'Merah'

2023-10-05 10:53:43 - [TEST_STEP][PASSED] - ukurann = getText(findTestObject("pembayaran/ukuran")): Text of object 'Object Repository/pembayaran/ukuran' is: 'Menengah'

2023-10-05 10:53:43 - [MESSAGE][PASSED] - Text of object 'Object Repository/pembayaran/ukuran' is: 'Menengah'

2023-10-05 10:53:43 - [TEST_STEP][PASSED] - warna1 = data.get("Warna"): null

2023-10-05 10:53:43 - [TEST_STEP][PASSED] - ukuran1 = data.get("Ukuran"): null

2023-10-05 10:53:43 - [TEST_STEP][PASSED] - assert warnaa == warna1: null

2023-10-05 10:53:43 - [TEST_STEP][PASSED] - assert ukurann == ukuran1: null

2023-10-05 10:53:43 - [TEST_STEP][PASSED] - statusPembelian = getText(findTestObject("verifikasi/Status pending di pembelian")): Text of object 'Object Repository/verifikasi/Status pending di pembelian' is: 'Pending'

2023-10-05 10:53:44 - [MESSAGE][PASSED] - Text of object 'Object Repository/verifikasi/Status pending di pembelian' is: 'Pending'

2023-10-05 10:53:44 - [TEST_STEP][PASSED] - data.put("statusPem", statusPembelian): null

2023-10-05 10:53:44 - [TEST_STEP][PASSED] - OngkosKirim = getText(findTestObject("pembayaran/ongkos kirim")): Text of object 'Object Repository/pembayaran/ongkos kirim' is: 'Rp 5,000'

2023-10-05 10:53:45 - [MESSAGE][PASSED] - Text of object 'Object Repository/pembayaran/ongkos kirim' is: 'Rp 5,000'

2023-10-05 10:53:45 - [TEST_STEP][PASSED] - Ongkos = OngkosKirim.substring(3, OngkosKirim.size()): null

2023-10-05 10:53:45 - [TEST_STEP][PASSED] - rep = Ongkos.replace(",", ""): null

2023-10-05 10:53:45 - [TEST_STEP][PASSED] - Ongkos_kirimm = Integer.parseInt(rep): null

2023-10-05 10:53:45 - [TEST_STEP][PASSED] - println(Ongkos_kirimm): null

2023-10-05 10:53:45 - [TEST_STEP][PASSED] - FeeAdmin = getText(findTestObject("pembayaran/fee admin")): Text of object 'Object Repository/pembayaran/fee admin' is: 'Rp 1,500'

2023-10-05 10:53:45 - [MESSAGE][PASSED] - Text of object 'Object Repository/pembayaran/fee admin' is: 'Rp 1,500'

2023-10-05 10:53:45 - [TEST_STEP][PASSED] - Fee_Admin = FeeAdmin.substring(3, FeeAdmin.size()): null

2023-10-05 10:53:45 - [TEST_STEP][PASSED] - fee = Fee_Admin.replace(",", ""): null

2023-10-05 10:53:45 - [TEST_STEP][PASSED] - fee_adminn = Integer.parseInt(fee): null

2023-10-05 10:53:45 - [TEST_STEP][PASSED] - println(fee_adminn): null

2023-10-05 10:53:45 - [TEST_STEP][PASSED] - Subtotal = getText(findTestObject("pembayaran/subtotal")): Text of object 'Object Repository/pembayaran/subtotal' is: 'Rp 1,299'

2023-10-05 10:53:46 - [MESSAGE][PASSED] - Text of object 'Object Repository/pembayaran/subtotal' is: 'Rp 1,299'

2023-10-05 10:53:46 - [TEST_STEP][PASSED] - sub_total = Subtotal.substring(3, Subtotal.size()): null

2023-10-05 10:53:46 - [TEST_STEP][PASSED] - sub = sub_total.replace(",", ""): null

2023-10-05 10:53:46 - [TEST_STEP][PASSED] - sub_totall = Integer.parseInt(sub): null

2023-10-05 10:53:46 - [TEST_STEP][PASSED] - println(sub_totall): null

2023-10-05 10:53:46 - [TEST_STEP][PASSED] - unik = getText(findTestObject("pembayaran/kode unik")): Text of object 'Object Repository/pembayaran/kode unik' is: '+335'

2023-10-05 10:53:46 - [MESSAGE][PASSED] - Text of object 'Object Repository/pembayaran/kode unik' is: '+335'

2023-10-05 10:53:46 - [TEST_STEP][PASSED] - unikk = unik.replace("+", ""): null

2023-10-05 10:53:46 - [TEST_STEP][PASSED] - kode_unik = Integer.parseInt(unikk): null

2023-10-05 10:53:46 - [TEST_STEP][PASSED] - println(kode_unik): null

2023-10-05 10:53:46 - [TEST_STEP][PASSED] - Total = getText(findTestObject("pembayaran/total")): Text of object 'Object Repository/pembayaran/total' is: '8,134'

2023-10-05 10:53:47 - [MESSAGE][PASSED] - Text of object 'Object Repository/pembayaran/total' is: '8,134'

2023-10-05 10:53:47 - [TEST_STEP][PASSED] - total = Total.replace(",", ""): null

2023-10-05 10:53:47 - [TEST_STEP][PASSED] - totalll = Integer.parseInt(total): null

2023-10-05 10:53:47 - [TEST_STEP][PASSED] - println(totalll): null

2023-10-05 10:53:47 - [TEST_STEP][PASSED] - Total_Hargaa = Ongkos_kirimm + fee_adminn + sub_totall + kode_unik: null

2023-10-05 10:53:47 - [TEST_STEP][PASSED] - println(Total_Hargaa): null

2023-10-05 10:53:47 - [TEST_STEP][PASSED] - assert totalll == Total_Hargaa: null

2023-10-05 10:53:47 - [TEST_STEP][PASSED] - data.put("total", Total): null

2023-10-05 10:53:47 - [TEST_STEP][PASSED] - data.put("nama", NamaPemesan): null

2023-10-05 10:53:47 - [TEST_STEP][PASSED] - return data: null

2023-10-05 10:53:47 - [MESSAGE][PASSED] - Call Test Case 'Test Cases/T13 Pembelian, Shipment dan Pembayaran/PBY-001' successfully

2023-10-05 10:53:47 - [TEST_STEP][PASSED] - Invoice = getText(findTestObject("pembayaran/nomor invoice")): Text of object 'Object Repository/pembayaran/nomor invoice' is: 'TRX60.20231005105335'

2023-10-05 10:53:47 - [MESSAGE][PASSED] - Text of object 'Object Repository/pembayaran/nomor invoice' is: 'TRX60.20231005105335'

2023-10-05 10:53:47 - [TEST_STEP][PASSED] - data.put("invoice", Invoice): null

2023-10-05 10:53:47 - [TEST_STEP][PASSED] - NamaPemesan = getText(findTestObject("Konfirmasi pesanan shop/Nama pemesan")): Text of object 'Object Repository/Konfirmasi pesanan shop/Nama pemesan' is: 'irfan.afandi'

2023-10-05 10:53:47 - [MESSAGE][PASSED] - Text of object 'Object Repository/Konfirmasi pesanan shop/Nama pemesan' is: 'irfan.afandi'

2023-10-05 10:53:47 - [TEST_STEP][PASSED] - Nama = getText(findTestObject("pembayaran/Nama barang")): Text of object 'Object Repository/pembayaran/Nama barang' is: 'Segitiga Instan Madeira - MDB5.3 Sunset'

2023-10-05 10:53:48 - [MESSAGE][PASSED] - Text of object 'Object Repository/pembayaran/Nama barang' is: 'Segitiga Instan Madeira - MDB5.3 Sunset'

2023-10-05 10:53:48 - [TEST_STEP][PASSED] - Harga = getText(findTestObject("pembayaran/Harga barang")): Text of object 'Object Repository/pembayaran/Harga barang' is: '1,299'

2023-10-05 10:53:49 - [MESSAGE][PASSED] - Text of object 'Object Repository/pembayaran/Harga barang' is: '1,299'

2023-10-05 10:53:49 - [TEST_STEP][PASSED] - name_product = data.get("nama_barang"): null

2023-10-05 10:53:49 - [TEST_STEP][PASSED] - price_product = data.get("price_barang"): null

2023-10-05 10:53:49 - [TEST_STEP][PASSED] - assert name_product.contains(Nama): null

2023-10-05 10:53:49 - [TEST_STEP][PASSED] - assert price_product.contains(Harga): null

2023-10-05 10:53:49 - [TEST_STEP][PASSED] - warnaa = getText(findTestObject("pembayaran/warna")): Text of object 'Object Repository/pembayaran/warna' is: 'Merah'

2023-10-05 10:53:49 - [MESSAGE][PASSED] - Text of object 'Object Repository/pembayaran/warna' is: 'Merah'

2023-10-05 10:53:49 - [TEST_STEP][PASSED] - ukurann = getText(findTestObject("pembayaran/ukuran")): Text of object 'Object Repository/pembayaran/ukuran' is: 'Menengah'

2023-10-05 10:53:50 - [MESSAGE][PASSED] - Text of object 'Object Repository/pembayaran/ukuran' is: 'Menengah'

2023-10-05 10:53:50 - [TEST_STEP][PASSED] - warna1 = data.get("Warna"): null

2023-10-05 10:53:50 - [TEST_STEP][PASSED] - ukuran1 = data.get("Ukuran"): null

2023-10-05 10:53:50 - [TEST_STEP][PASSED] - assert warnaa == warna1: null

2023-10-05 10:53:50 - [TEST_STEP][PASSED] - assert ukurann == ukuran1: null

2023-10-05 10:53:50 - [TEST_STEP][PASSED] - statusPembelian = getText(findTestObject("verifikasi/Status pending di pembelian")): Text of object 'Object Repository/verifikasi/Status pending di pembelian' is: 'Pending'

2023-10-05 10:53:50 - [MESSAGE][PASSED] - Text of object 'Object Repository/verifikasi/Status pending di pembelian' is: 'Pending'

2023-10-05 10:53:50 - [TEST_STEP][PASSED] - data.put("statusPem", statusPembelian): null

2023-10-05 10:53:50 - [TEST_STEP][PASSED] - OngkosKirim = getText(findTestObject("pembayaran/ongkos kirim")): Text of object 'Object Repository/pembayaran/ongkos kirim' is: 'Rp 5,000'

2023-10-05 10:53:51 - [MESSAGE][PASSED] - Text of object 'Object Repository/pembayaran/ongkos kirim' is: 'Rp 5,000'

2023-10-05 10:53:51 - [TEST_STEP][PASSED] - Ongkos = OngkosKirim.substring(3, OngkosKirim.size()): null

2023-10-05 10:53:51 - [TEST_STEP][PASSED] - rep = Ongkos.replace(",", ""): null

2023-10-05 10:53:51 - [TEST_STEP][PASSED] - Ongkos_kirimm = Integer.parseInt(rep): null

2023-10-05 10:53:51 - [TEST_STEP][PASSED] - println(Ongkos_kirimm): null

2023-10-05 10:53:51 - [TEST_STEP][PASSED] - FeeAdmin = getText(findTestObject("pembayaran/fee admin")): Text of object 'Object Repository/pembayaran/fee admin' is: 'Rp 1,500'

2023-10-05 10:53:51 - [MESSAGE][PASSED] - Text of object 'Object Repository/pembayaran/fee admin' is: 'Rp 1,500'

2023-10-05 10:53:51 - [TEST_STEP][PASSED] - Fee_Admin = FeeAdmin.substring(3, FeeAdmin.size()): null

2023-10-05 10:53:51 - [TEST_STEP][PASSED] - fee = Fee_Admin.replace(",", ""): null

2023-10-05 10:53:51 - [TEST_STEP][PASSED] - fee_adminn = Integer.parseInt(fee): null

2023-10-05 10:53:51 - [TEST_STEP][PASSED] - println(fee_adminn): null

2023-10-05 10:53:51 - [TEST_STEP][PASSED] - Subtotal = getText(findTestObject("pembayaran/subtotal")): Text of object 'Object Repository/pembayaran/subtotal' is: 'Rp 1,299'

2023-10-05 10:53:52 - [MESSAGE][PASSED] - Text of object 'Object Repository/pembayaran/subtotal' is: 'Rp 1,299'

2023-10-05 10:53:52 - [TEST_STEP][PASSED] - sub_total = Subtotal.substring(3, Subtotal.size()): null

2023-10-05 10:53:52 - [TEST_STEP][PASSED] - sub = sub_total.replace(",", ""): null

2023-10-05 10:53:52 - [TEST_STEP][PASSED] - sub_totall = Integer.parseInt(sub): null

2023-10-05 10:53:52 - [TEST_STEP][PASSED] - println(sub_totall): null

2023-10-05 10:53:52 - [TEST_STEP][PASSED] - unik = getText(findTestObject("pembayaran/kode unik")): Text of object 'Object Repository/pembayaran/kode unik' is: '+335'

2023-10-05 10:53:52 - [MESSAGE][PASSED] - Text of object 'Object Repository/pembayaran/kode unik' is: '+335'

2023-10-05 10:53:52 - [TEST_STEP][PASSED] - unikk = unik.replace("+", ""): null

2023-10-05 10:53:52 - [TEST_STEP][PASSED] - kode_unik = Integer.parseInt(unikk): null

2023-10-05 10:53:52 - [TEST_STEP][PASSED] - println(kode_unik): null

2023-10-05 10:53:52 - [TEST_STEP][PASSED] - Total = getText(findTestObject("pembayaran/total")): Text of object 'Object Repository/pembayaran/total' is: '8,134'

2023-10-05 10:53:53 - [MESSAGE][PASSED] - Text of object 'Object Repository/pembayaran/total' is: '8,134'

2023-10-05 10:53:53 - [TEST_STEP][PASSED] - total = Total.replace(",", ""): null

2023-10-05 10:53:53 - [TEST_STEP][PASSED] - totalll = Integer.parseInt(total): null

2023-10-05 10:53:53 - [TEST_STEP][PASSED] - println(totalll): null

2023-10-05 10:53:53 - [TEST_STEP][PASSED] - Total_Hargaa = Ongkos_kirimm + fee_adminn + sub_totall + kode_unik: null

2023-10-05 10:53:53 - [TEST_STEP][PASSED] - println(Total_Hargaa): null

2023-10-05 10:53:53 - [TEST_STEP][PASSED] - assert totalll == Total_Hargaa: null

2023-10-05 10:53:53 - [TEST_STEP][PASSED] - data.put("total", Total): null

2023-10-05 10:53:53 - [TEST_STEP][PASSED] - data.put("nama", NamaPemesan): null

2023-10-05 10:53:53 - [TEST_STEP][PASSED] - click(findTestObject("QRIS/a_Lihat Metode Pembayaran Lainnya")): Object: 'Object Repository/QRIS/a_Lihat Metode Pembayaran Lainnya' is clicked on

2023-10-05 10:53:53 - [MESSAGE][PASSED] - Object: 'Object Repository/QRIS/a_Lihat Metode Pembayaran Lainnya' is clicked on

2023-10-05 10:53:53 - [TEST_STEP][PASSED] - switchToWindowIndex(1): Switched to window with index: '1'

2023-10-05 10:53:53 - [MESSAGE][PASSED] - Switched to window with index: '1'

2023-10-05 10:53:53 - [TEST_STEP][PASSED] - verifyElementPresent(findTestObject("QRIS/ipaymu"), 0): Object 'Object Repository/QRIS/ipaymu' is present

2023-10-05 10:53:53 - [MESSAGE][WARNING] - Timeout '0' is invalid. Using default page load timeout: '30'

2023-10-05 10:53:56 - [MESSAGE][PASSED] - Object 'Object Repository/QRIS/ipaymu' is present

2023-10-05 10:53:56 - [TEST_STEP][PASSED] - return data: null]]></system-out>
         <system-err><![CDATA[]]></system-err>
      </testcase>
      <testcase name="Test Cases/T13 Pembelian, Shipment dan Pembayaran/PBY-004" time="62.373" classname="Test Cases/T13 Pembelian, Shipment dan Pembayaran/PBY-004" status="PASSED">
         <system-out><![CDATA[2023-10-05 10:53:56 - [TEST_CASE][PASSED] - Test Cases/T13 Pembelian, Shipment dan Pembayaran/PBY-004: Test Cases/T13 Pembelian, Shipment dan Pembayaran/PBY-004

2023-10-05 10:53:56 - [TEST_STEP][PASSED] - data = callTestCase(findTestCase("T13 Pembelian, Shipment dan Pembayaran/PBY-001"), [:], STOP_ON_FAILURE): Call Test Case 'Test Cases/T13 Pembelian, Shipment dan Pembayaran/PBY-001' successfully

2023-10-05 10:53:56 - [TEST_CASE][PASSED] - Test Cases/T13 Pembelian, Shipment dan Pembayaran/PBY-001: Test Cases/T13 Pembelian, Shipment dan Pembayaran/PBY-001

2023-10-05 10:53:56 - [TEST_STEP][PASSED] - data = callTestCase(findTestCase("T13 Pembelian, Shipment dan Pembayaran/PBL-004"), ["Kurir":"Roda 2"], STOP_ON_FAILURE): Call Test Case 'Test Cases/T13 Pembelian, Shipment dan Pembayaran/PBL-004' successfully

2023-10-05 10:53:56 - [TEST_CASE][PASSED] - Test Cases/T13 Pembelian, Shipment dan Pembayaran/PBL-004: Test Cases/T13 Pembelian, Shipment dan Pembayaran/PBL-004

2023-10-05 10:53:56 - [TEST_STEP][PASSED] - data = callTestCase(findTestCase("T13 Pembelian, Shipment dan Pembayaran/PBL-002"), [:], STOP_ON_FAILURE): Call Test Case 'Test Cases/T13 Pembelian, Shipment dan Pembayaran/PBL-002' successfully

2023-10-05 10:53:56 - [TEST_CASE][PASSED] - Test Cases/T13 Pembelian, Shipment dan Pembayaran/PBL-002: Test Cases/T13 Pembelian, Shipment dan Pembayaran/PBL-002

2023-10-05 10:53:56 - [TEST_STEP][PASSED] - data = callTestCase(findTestCase("T13 Pembelian, Shipment dan Pembayaran/PBL-001"), [:], STOP_ON_FAILURE): Call Test Case 'Test Cases/T13 Pembelian, Shipment dan Pembayaran/PBL-001' successfully

2023-10-05 10:53:56 - [TEST_CASE][PASSED] - Test Cases/T13 Pembelian, Shipment dan Pembayaran/PBL-001: Test Cases/T13 Pembelian, Shipment dan Pembayaran/PBL-001

2023-10-05 10:53:56 - [TEST_STEP][PASSED] - callTestCase(findTestCase("T13 Pembelian, Shipment dan Pembayaran/LU-001"), ["username":"irfanafandi", "password":"12345irfan"], STOP_ON_FAILURE): Call Test Case 'Test Cases/T13 Pembelian, Shipment dan Pembayaran/LU-001' successfully

2023-10-05 10:53:56 - [TEST_CASE][PASSED] - Test Cases/T13 Pembelian, Shipment dan Pembayaran/LU-001: Test Cases/T13 Pembelian, Shipment dan Pembayaran/LU-001

2023-10-05 10:53:56 - [TEST_STEP][PASSED] - openBrowser("https://10.9.2.63/ecommerce/"): Browser is opened with url: 'https://10.9.2.63/ecommerce/'

2023-10-05 10:53:56 - [MESSAGE][WARNING] - A browser is already opened. Closing browser and opening a new one

2023-10-05 10:53:57 - [MESSAGE][INFO] - Starting 'Edge Chromium' driver

2023-10-05 10:53:57 - [MESSAGE][INFO] - User set preference: ['acceptInsecureCerts', 'true']

2023-10-05 10:53:59 - [MESSAGE][INFO] - Action delay is set to 0 milliseconds

2023-10-05 10:54:03 - [MESSAGE][PASSED] - Browser is opened with url: 'https://10.9.2.63/ecommerce/'

2023-10-05 10:54:03 - [TEST_STEP][PASSED] - maximizeWindow(): Current window maximized

2023-10-05 10:54:03 - [MESSAGE][PASSED] - Current window maximized

2023-10-05 10:54:03 - [TEST_STEP][PASSED] - verifyElementPresent(findTestObject("Login/Home"), 0): Object 'Object Repository/Login/Home' is present

2023-10-05 10:54:03 - [MESSAGE][WARNING] - Timeout '0' is invalid. Using default page load timeout: '30'

2023-10-05 10:54:04 - [MESSAGE][PASSED] - Object 'Object Repository/Login/Home' is present

2023-10-05 10:54:04 - [TEST_STEP][PASSED] - click(findTestObject("Login/a_Login")): Object: 'Object Repository/Login/a_Login' is clicked on

2023-10-05 10:54:05 - [MESSAGE][PASSED] - Object: 'Object Repository/Login/a_Login' is clicked on

2023-10-05 10:54:05 - [TEST_STEP][PASSED] - verifyElementPresent(findTestObject("Login/Tittle Login"), 0): Object 'Object Repository/Login/Tittle Login' is present

2023-10-05 10:54:05 - [MESSAGE][WARNING] - Timeout '0' is invalid. Using default page load timeout: '30'

2023-10-05 10:54:05 - [MESSAGE][PASSED] - Object 'Object Repository/Login/Tittle Login' is present

2023-10-05 10:54:05 - [TEST_STEP][PASSED] - setText(findTestObject("Login/input_Username, Email atau No. Handphone_a"), username): Text 'irfanafandi' is set on object 'Object Repository/Login/input_Username, Email atau No. Handphone_a'

2023-10-05 10:54:06 - [MESSAGE][PASSED] - Text 'irfanafandi' is set on object 'Object Repository/Login/input_Username, Email atau No. Handphone_a'

2023-10-05 10:54:06 - [TEST_STEP][PASSED] - setText(findTestObject("Login/input_Password_b"), password): Text '12345irfan' is set on object 'Object Repository/Login/input_Password_b'

2023-10-05 10:54:07 - [MESSAGE][PASSED] - Text '12345irfan' is set on object 'Object Repository/Login/input_Password_b'

2023-10-05 10:54:07 - [TEST_STEP][PASSED] - click(findTestObject("Login/label_Ingat saya")): Object: 'Object Repository/Login/label_Ingat saya' is clicked on

2023-10-05 10:54:08 - [MESSAGE][PASSED] - Object: 'Object Repository/Login/label_Ingat saya' is clicked on

2023-10-05 10:54:08 - [TEST_STEP][PASSED] - click(findTestObject("Login/button_Masuk")): Object: 'Object Repository/Login/button_Masuk' is clicked on

2023-10-05 10:54:09 - [MESSAGE][PASSED] - Object: 'Object Repository/Login/button_Masuk' is clicked on

2023-10-05 10:54:09 - [TEST_STEP][PASSED] - verifyElementPresent(findTestObject("Login/li_Profile"), 0): Object 'Object Repository/Login/li_Profile' is present

2023-10-05 10:54:09 - [MESSAGE][WARNING] - Timeout '0' is invalid. Using default page load timeout: '30'

2023-10-05 10:54:10 - [MESSAGE][PASSED] - Object 'Object Repository/Login/li_Profile' is present

2023-10-05 10:54:10 - [MESSAGE][PASSED] - Call Test Case 'Test Cases/T13 Pembelian, Shipment dan Pembayaran/LU-001' successfully

2023-10-05 10:54:10 - [TEST_STEP][PASSED] - mouseOver(findTestObject("beli barang/i_Mulai Belanja_icon-menu")): Object: 'Object Repository/beli barang/i_Mulai Belanja_icon-menu' is hovered

2023-10-05 10:54:10 - [MESSAGE][PASSED] - Object: 'Object Repository/beli barang/i_Mulai Belanja_icon-menu' is hovered

2023-10-05 10:54:10 - [TEST_STEP][PASSED] - click(findTestObject("beli barang/a_Fashion  Busana Wanita")): Object: 'Object Repository/beli barang/a_Fashion  Busana Wanita' is clicked on

2023-10-05 10:54:11 - [MESSAGE][PASSED] - Object: 'Object Repository/beli barang/a_Fashion  Busana Wanita' is clicked on

2023-10-05 10:54:11 - [TEST_STEP][PASSED] - NamaSebelum = getText(findTestObject("verifikasi/Nama sebelum")): Text of object 'Object Repository/verifikasi/Nama sebelum' is: ''

2023-10-05 10:54:12 - [MESSAGE][PASSED] - Text of object 'Object Repository/verifikasi/Nama sebelum' is: ''

2023-10-05 10:54:12 - [TEST_STEP][PASSED] - HargaSebelum = getText(findTestObject("verifikasi/Harga sebelum")): Text of object 'Object Repository/verifikasi/Harga sebelum' is: 'Rp 1,299'

2023-10-05 10:54:12 - [MESSAGE][PASSED] - Text of object 'Object Repository/verifikasi/Harga sebelum' is: 'Rp 1,299'

2023-10-05 10:54:12 - [TEST_STEP][PASSED] - mouseOver(findTestObject("beli barang/barang mouse over")): Object: 'Object Repository/beli barang/barang mouse over' is hovered

2023-10-05 10:54:13 - [MESSAGE][PASSED] - Object: 'Object Repository/beli barang/barang mouse over' is hovered

2023-10-05 10:54:13 - [TEST_STEP][PASSED] - click(findTestObject("beli barang/buttom add to cart")): Object: 'Object Repository/beli barang/buttom add to cart' is clicked on

2023-10-05 10:54:14 - [MESSAGE][PASSED] - Object: 'Object Repository/beli barang/buttom add to cart' is clicked on

2023-10-05 10:54:14 - [TEST_STEP][PASSED] - NamaSesudah = getText(findTestObject("verifikasi/Nama sesudah")): Text of object 'Object Repository/verifikasi/Nama sesudah' is: 'Segitiga Instan Madeira - MDB5.3 Sunset'

2023-10-05 10:54:15 - [MESSAGE][PASSED] - Text of object 'Object Repository/verifikasi/Nama sesudah' is: 'Segitiga Instan Madeira - MDB5.3 Sunset'

2023-10-05 10:54:15 - [TEST_STEP][PASSED] - HargaSesudah = getText(findTestObject("verifikasi/Harga sesudah")): Text of object 'Object Repository/verifikasi/Harga sesudah' is: 'Rp 1,299'

2023-10-05 10:54:16 - [MESSAGE][PASSED] - Text of object 'Object Repository/verifikasi/Harga sesudah' is: 'Rp 1,299'

2023-10-05 10:54:16 - [TEST_STEP][PASSED] - assert NamaSesudah.contains(NamaSebelum): null

2023-10-05 10:54:16 - [TEST_STEP][PASSED] - assert HargaSesudah.contains(HargaSebelum): null

2023-10-05 10:54:16 - [TEST_STEP][PASSED] - click(findTestObject("beli barang/Tambah Keranjang busana wanita")): Object: 'Object Repository/beli barang/Tambah Keranjang busana wanita' is clicked on

2023-10-05 10:54:16 - [MESSAGE][PASSED] - Object: 'Object Repository/beli barang/Tambah Keranjang busana wanita' is clicked on

2023-10-05 10:54:16 - [TEST_STEP][PASSED] - verifyElementPresent(findTestObject("checkout/Notifikasi keranjang"), 1): Object 'Object Repository/checkout/Notifikasi keranjang' is present

2023-10-05 10:54:17 - [MESSAGE][PASSED] - Object 'Object Repository/checkout/Notifikasi keranjang' is present

2023-10-05 10:54:17 - [TEST_STEP][PASSED] - data = new java.util.HashMap(): null

2023-10-05 10:54:17 - [TEST_STEP][PASSED] - data.put("nama_barang", NamaSesudah): null

2023-10-05 10:54:17 - [TEST_STEP][PASSED] - data.put("price_barang", HargaSesudah): null

2023-10-05 10:54:17 - [TEST_STEP][PASSED] - return data: null

2023-10-05 10:54:17 - [MESSAGE][PASSED] - Call Test Case 'Test Cases/T13 Pembelian, Shipment dan Pembayaran/PBL-001' successfully

2023-10-05 10:54:17 - [TEST_STEP][PASSED] - mouseOver(findTestObject("beli barang/keranjang")): Object: 'Object Repository/beli barang/keranjang' is hovered

2023-10-05 10:54:17 - [MESSAGE][PASSED] - Object: 'Object Repository/beli barang/keranjang' is hovered

2023-10-05 10:54:17 - [TEST_STEP][PASSED] - click(findTestObject("beli barang/Lihat Sekarang")): Object: 'Object Repository/beli barang/Lihat Sekarang' is clicked on

2023-10-05 10:54:18 - [MESSAGE][PASSED] - Object: 'Object Repository/beli barang/Lihat Sekarang' is clicked on

2023-10-05 10:54:18 - [TEST_STEP][PASSED] - verifyElementPresent(findTestObject("keranjang/li_Keranjang Belanja"), 0): Object 'Object Repository/keranjang/li_Keranjang Belanja' is present

2023-10-05 10:54:18 - [MESSAGE][WARNING] - Timeout '0' is invalid. Using default page load timeout: '30'

2023-10-05 10:54:20 - [MESSAGE][PASSED] - Object 'Object Repository/keranjang/li_Keranjang Belanja' is present

2023-10-05 10:54:20 - [TEST_STEP][PASSED] - NamaKeranjang = getText(findTestObject("verifikasi/Nama keranjang")): Text of object 'Object Repository/verifikasi/Nama keranjang' is: 'Segitiga Instan Madeira - MDB5.3 Sunset'

2023-10-05 10:54:20 - [MESSAGE][PASSED] - Text of object 'Object Repository/verifikasi/Nama keranjang' is: 'Segitiga Instan Madeira - MDB5.3 Sunset'

2023-10-05 10:54:20 - [TEST_STEP][PASSED] - HargaKeranjang = getText(findTestObject("verifikasi/Harga Keranjang")): Text of object 'Object Repository/verifikasi/Harga Keranjang' is: 'Rp 1,299'

2023-10-05 10:54:20 - [MESSAGE][PASSED] - Text of object 'Object Repository/verifikasi/Harga Keranjang' is: 'Rp 1,299'

2023-10-05 10:54:20 - [TEST_STEP][PASSED] - if (toString().equalsIgnoreCase("Merah")): Object 'Object Repository/keranjang/input_Warna_variasi101' is checked

2023-10-05 10:54:20 - [TEST_STEP][PASSED] - check(findTestObject("Object Repository/keranjang/input_Warna_variasi101")): Object 'Object Repository/keranjang/input_Warna_variasi101' is checked

2023-10-05 10:54:21 - [MESSAGE][PASSED] - Object 'Object Repository/keranjang/input_Warna_variasi101' is checked

2023-10-05 10:54:21 - [TEST_STEP][PASSED] - if (toString().equalsIgnoreCase("Menengah")): Object 'Object Repository/keranjang/input_Ukuran_variasi201' is checked

2023-10-05 10:54:21 - [TEST_STEP][PASSED] - check(findTestObject("Object Repository/keranjang/input_Ukuran_variasi201")): Object 'Object Repository/keranjang/input_Ukuran_variasi201' is checked

2023-10-05 10:54:21 - [MESSAGE][PASSED] - Object 'Object Repository/keranjang/input_Ukuran_variasi201' is checked

2023-10-05 10:54:21 - [TEST_STEP][PASSED] - data.put("Warna", warna): null

2023-10-05 10:54:21 - [TEST_STEP][PASSED] - data.put("Ukuran", ukuran): null

2023-10-05 10:54:21 - [TEST_STEP][PASSED] - click(findTestObject("keranjang/button_Lanjut ke Pembayaran")): Object: 'Object Repository/keranjang/button_Lanjut ke Pembayaran' is clicked on

2023-10-05 10:54:23 - [MESSAGE][PASSED] - Object: 'Object Repository/keranjang/button_Lanjut ke Pembayaran' is clicked on

2023-10-05 10:54:23 - [TEST_STEP][PASSED] - verifyElementPresent(findTestObject("checkout/Tittle Checkout Order"), 0): Object 'Object Repository/checkout/Tittle Checkout Order' is present

2023-10-05 10:54:23 - [MESSAGE][WARNING] - Timeout '0' is invalid. Using default page load timeout: '30'

2023-10-05 10:54:24 - [MESSAGE][PASSED] - Object 'Object Repository/checkout/Tittle Checkout Order' is present

2023-10-05 10:54:24 - [TEST_STEP][PASSED] - name_product = data.get("nama_barang"): null

2023-10-05 10:54:24 - [TEST_STEP][PASSED] - price_product = data.get("price_barang"): null

2023-10-05 10:54:24 - [TEST_STEP][PASSED] - assert name_product == NamaKeranjang: null

2023-10-05 10:54:24 - [TEST_STEP][PASSED] - assert price_product == HargaKeranjang: null

2023-10-05 10:54:24 - [TEST_STEP][PASSED] - return data: null

2023-10-05 10:54:24 - [MESSAGE][PASSED] - Call Test Case 'Test Cases/T13 Pembelian, Shipment dan Pembayaran/PBL-002' successfully

2023-10-05 10:54:24 - [TEST_STEP][PASSED] - warnaa = getText(findTestObject("verifikasi/warna Merah")): Text of object 'Object Repository/verifikasi/warna Merah' is: 'Merah'

2023-10-05 10:54:24 - [MESSAGE][PASSED] - Text of object 'Object Repository/verifikasi/warna Merah' is: 'Merah'

2023-10-05 10:54:24 - [TEST_STEP][PASSED] - ukurann = getText(findTestObject("verifikasi/Ukuran Menengah")): Text of object 'Object Repository/verifikasi/Ukuran Menengah' is: 'Menengah'

2023-10-05 10:54:24 - [MESSAGE][PASSED] - Text of object 'Object Repository/verifikasi/Ukuran Menengah' is: 'Menengah'

2023-10-05 10:54:24 - [TEST_STEP][PASSED] - warna1 = data.get("Warna"): null

2023-10-05 10:54:24 - [TEST_STEP][PASSED] - ukuran1 = data.get("Ukuran"): null

2023-10-05 10:54:25 - [TEST_STEP][PASSED] - assert warnaa == warna1: null

2023-10-05 10:54:25 - [TEST_STEP][PASSED] - assert ukurann == ukuran1: null

2023-10-05 10:54:25 - [TEST_STEP][PASSED] - NamaCheckout = getText(findTestObject("verifikasi/NamaCheckout")): Text of object 'Object Repository/verifikasi/NamaCheckout' is: ''

2023-10-05 10:54:25 - [MESSAGE][PASSED] - Text of object 'Object Repository/verifikasi/NamaCheckout' is: ''

2023-10-05 10:54:25 - [TEST_STEP][PASSED] - HargaCheckout = getText(findTestObject("verifikasi/HargaCheckout")): Text of object 'Object Repository/verifikasi/HargaCheckout' is: '1,299'

2023-10-05 10:54:25 - [MESSAGE][PASSED] - Text of object 'Object Repository/verifikasi/HargaCheckout' is: '1,299'

2023-10-05 10:54:25 - [TEST_STEP][PASSED] - name_product = data.get("nama_barang"): null

2023-10-05 10:54:25 - [TEST_STEP][PASSED] - price_product = data.get("price_barang"): null

2023-10-05 10:54:25 - [TEST_STEP][PASSED] - assert name_product.contains(NamaCheckout): null

2023-10-05 10:54:25 - [TEST_STEP][PASSED] - assert price_product.contains(HargaCheckout): null

2023-10-05 10:54:25 - [TEST_STEP][PASSED] - selectOptionByLabel(findTestObject("checkout/select - Kirim via Kurir Lokal"), Kurir, false): All options with label 'Roda 2' are selected in object 'Object Repository/checkout/select - Kirim via Kurir Lokal' 

2023-10-05 10:54:26 - [MESSAGE][PASSED] - All options with label 'Roda 2' are selected in object 'Object Repository/checkout/select - Kirim via Kurir Lokal' 

2023-10-05 10:54:26 - [TEST_STEP][PASSED] - click(findTestObject("checkout/Kendaraan Kurir")): Object: 'Object Repository/checkout/Kendaraan Kurir' is clicked on

2023-10-05 10:54:27 - [MESSAGE][PASSED] - Object: 'Object Repository/checkout/Kendaraan Kurir' is clicked on

2023-10-05 10:54:27 - [TEST_STEP][PASSED] - OngkosKirim = getText(findTestObject("Object Repository/verifikasi/Ongkos Kirim checkout")): Text of object 'Object Repository/verifikasi/Ongkos Kirim checkout' is: 'Rp. 5,000'

2023-10-05 10:54:27 - [MESSAGE][PASSED] - Text of object 'Object Repository/verifikasi/Ongkos Kirim checkout' is: 'Rp. 5,000'

2023-10-05 10:54:27 - [TEST_STEP][PASSED] - Ongkos = OngkosKirim.substring(3, OngkosKirim.size()): null

2023-10-05 10:54:27 - [TEST_STEP][PASSED] - rep = Ongkos.replace(",", "."): null

2023-10-05 10:54:27 - [TEST_STEP][PASSED] - Ongkos_kirim = Double.parseDouble(rep): null

2023-10-05 10:54:27 - [TEST_STEP][PASSED] - println(Ongkos_kirim): null

2023-10-05 10:54:27 - [TEST_STEP][PASSED] - FeeAdmin = getText(findTestObject("verifikasi/Fee Admin checkout")): Text of object 'Object Repository/verifikasi/Fee Admin checkout' is: 'Fee Admin
Rp 1,500'

2023-10-05 10:54:28 - [MESSAGE][PASSED] - Text of object 'Object Repository/verifikasi/Fee Admin checkout' is: 'Fee Admin
Rp 1,500'

2023-10-05 10:54:28 - [TEST_STEP][PASSED] - Fee_Admin = FeeAdmin.substring(12, FeeAdmin.size()): null

2023-10-05 10:54:28 - [TEST_STEP][PASSED] - fee = Fee_Admin.replace(",", "."): null

2023-10-05 10:54:28 - [TEST_STEP][PASSED] - fee_admin = Double.parseDouble(fee): null

2023-10-05 10:54:28 - [TEST_STEP][PASSED] - println(fee_admin): null

2023-10-05 10:54:28 - [TEST_STEP][PASSED] - Subtotal = getText(findTestObject("verifikasi/subtotal checkout")): Text of object 'Object Repository/verifikasi/subtotal checkout' is: 'Subtotal
Rp 1,299'

2023-10-05 10:54:29 - [MESSAGE][PASSED] - Text of object 'Object Repository/verifikasi/subtotal checkout' is: 'Subtotal
Rp 1,299'

2023-10-05 10:54:29 - [TEST_STEP][PASSED] - sub_total = Subtotal.substring(12, Subtotal.size()): null

2023-10-05 10:54:29 - [TEST_STEP][PASSED] - sub = sub_total.replace(",", "."): null

2023-10-05 10:54:29 - [TEST_STEP][PASSED] - sub_total = Double.parseDouble(sub): null

2023-10-05 10:54:29 - [TEST_STEP][PASSED] - println(sub_total): null

2023-10-05 10:54:29 - [TEST_STEP][PASSED] - Total = getText(findTestObject("verifikasi/Total checkout")): Text of object 'Object Repository/verifikasi/Total checkout' is: 'Rp 7,799'

2023-10-05 10:54:29 - [MESSAGE][PASSED] - Text of object 'Object Repository/verifikasi/Total checkout' is: 'Rp 7,799'

2023-10-05 10:54:29 - [TEST_STEP][PASSED] - totall = Total.substring(3, Total.size()): null

2023-10-05 10:54:29 - [TEST_STEP][PASSED] - total = totall.replace(",", "."): null

2023-10-05 10:54:29 - [TEST_STEP][PASSED] - totall = Double.parseDouble(total): null

2023-10-05 10:54:29 - [TEST_STEP][PASSED] - println(totall): null

2023-10-05 10:54:29 - [TEST_STEP][PASSED] - Total_Harga = Ongkos_kirim + fee_admin + sub_total: null

2023-10-05 10:54:29 - [TEST_STEP][PASSED] - println(Total_Harga): null

2023-10-05 10:54:29 - [TEST_STEP][PASSED] - TotalHarga = Math.round(Total_Harga * 1000) / 1000: null

2023-10-05 10:54:29 - [TEST_STEP][PASSED] - println(TotalHarga): null

2023-10-05 10:54:29 - [TEST_STEP][PASSED] - assert totall == TotalHarga: null

2023-10-05 10:54:29 - [TEST_STEP][PASSED] - click(findTestObject("verifikasi/Metode Transfer")): Object: 'Object Repository/verifikasi/Metode Transfer' is clicked on

2023-10-05 10:54:29 - [MESSAGE][PASSED] - Object: 'Object Repository/verifikasi/Metode Transfer' is clicked on

2023-10-05 10:54:29 - [TEST_STEP][PASSED] - click(findTestObject("checkout/button_Proses Pembayaran")): Object: 'Object Repository/checkout/button_Proses Pembayaran' is clicked on

2023-10-05 10:54:38 - [MESSAGE][PASSED] - Object: 'Object Repository/checkout/button_Proses Pembayaran' is clicked on

2023-10-05 10:54:38 - [TEST_STEP][PASSED] - verifyElementPresent(findTestObject("pembayaran/Tittle nomor invoice"), 0): Object 'Object Repository/pembayaran/Tittle nomor invoice' is present

2023-10-05 10:54:38 - [MESSAGE][WARNING] - Timeout '0' is invalid. Using default page load timeout: '30'

2023-10-05 10:54:39 - [MESSAGE][PASSED] - Object 'Object Repository/pembayaran/Tittle nomor invoice' is present

2023-10-05 10:54:39 - [TEST_STEP][PASSED] - return data: null

2023-10-05 10:54:39 - [MESSAGE][PASSED] - Call Test Case 'Test Cases/T13 Pembelian, Shipment dan Pembayaran/PBL-004' successfully

2023-10-05 10:54:39 - [TEST_STEP][PASSED] - Invoice = getText(findTestObject("pembayaran/nomor invoice")): Text of object 'Object Repository/pembayaran/nomor invoice' is: 'TRX60.20231005105433'

2023-10-05 10:54:39 - [MESSAGE][PASSED] - Text of object 'Object Repository/pembayaran/nomor invoice' is: 'TRX60.20231005105433'

2023-10-05 10:54:39 - [TEST_STEP][PASSED] - data.put("invoice", Invoice): null

2023-10-05 10:54:39 - [TEST_STEP][PASSED] - NamaPemesan = getText(findTestObject("Konfirmasi pesanan shop/Nama pemesan")): Text of object 'Object Repository/Konfirmasi pesanan shop/Nama pemesan' is: 'irfan.afandi'

2023-10-05 10:54:40 - [MESSAGE][PASSED] - Text of object 'Object Repository/Konfirmasi pesanan shop/Nama pemesan' is: 'irfan.afandi'

2023-10-05 10:54:40 - [TEST_STEP][PASSED] - Nama = getText(findTestObject("pembayaran/Nama barang")): Text of object 'Object Repository/pembayaran/Nama barang' is: 'Segitiga Instan Madeira - MDB5.3 Sunset'

2023-10-05 10:54:40 - [MESSAGE][PASSED] - Text of object 'Object Repository/pembayaran/Nama barang' is: 'Segitiga Instan Madeira - MDB5.3 Sunset'

2023-10-05 10:54:40 - [TEST_STEP][PASSED] - Harga = getText(findTestObject("pembayaran/Harga barang")): Text of object 'Object Repository/pembayaran/Harga barang' is: '1,299'

2023-10-05 10:54:41 - [MESSAGE][PASSED] - Text of object 'Object Repository/pembayaran/Harga barang' is: '1,299'

2023-10-05 10:54:41 - [TEST_STEP][PASSED] - name_product = data.get("nama_barang"): null

2023-10-05 10:54:41 - [TEST_STEP][PASSED] - price_product = data.get("price_barang"): null

2023-10-05 10:54:41 - [TEST_STEP][PASSED] - assert name_product.contains(Nama): null

2023-10-05 10:54:41 - [TEST_STEP][PASSED] - assert price_product.contains(Harga): null

2023-10-05 10:54:41 - [TEST_STEP][PASSED] - warnaa = getText(findTestObject("pembayaran/warna")): Text of object 'Object Repository/pembayaran/warna' is: 'Merah'

2023-10-05 10:54:41 - [MESSAGE][PASSED] - Text of object 'Object Repository/pembayaran/warna' is: 'Merah'

2023-10-05 10:54:41 - [TEST_STEP][PASSED] - ukurann = getText(findTestObject("pembayaran/ukuran")): Text of object 'Object Repository/pembayaran/ukuran' is: 'Menengah'

2023-10-05 10:54:42 - [MESSAGE][PASSED] - Text of object 'Object Repository/pembayaran/ukuran' is: 'Menengah'

2023-10-05 10:54:42 - [TEST_STEP][PASSED] - warna1 = data.get("Warna"): null

2023-10-05 10:54:42 - [TEST_STEP][PASSED] - ukuran1 = data.get("Ukuran"): null

2023-10-05 10:54:42 - [TEST_STEP][PASSED] - assert warnaa == warna1: null

2023-10-05 10:54:42 - [TEST_STEP][PASSED] - assert ukurann == ukuran1: null

2023-10-05 10:54:42 - [TEST_STEP][PASSED] - statusPembelian = getText(findTestObject("verifikasi/Status pending di pembelian")): Text of object 'Object Repository/verifikasi/Status pending di pembelian' is: 'Pending'

2023-10-05 10:54:42 - [MESSAGE][PASSED] - Text of object 'Object Repository/verifikasi/Status pending di pembelian' is: 'Pending'

2023-10-05 10:54:42 - [TEST_STEP][PASSED] - data.put("statusPem", statusPembelian): null

2023-10-05 10:54:42 - [TEST_STEP][PASSED] - OngkosKirim = getText(findTestObject("pembayaran/ongkos kirim")): Text of object 'Object Repository/pembayaran/ongkos kirim' is: 'Rp 5,000'

2023-10-05 10:54:43 - [MESSAGE][PASSED] - Text of object 'Object Repository/pembayaran/ongkos kirim' is: 'Rp 5,000'

2023-10-05 10:54:43 - [TEST_STEP][PASSED] - Ongkos = OngkosKirim.substring(3, OngkosKirim.size()): null

2023-10-05 10:54:43 - [TEST_STEP][PASSED] - rep = Ongkos.replace(",", ""): null

2023-10-05 10:54:43 - [TEST_STEP][PASSED] - Ongkos_kirimm = Integer.parseInt(rep): null

2023-10-05 10:54:43 - [TEST_STEP][PASSED] - println(Ongkos_kirimm): null

2023-10-05 10:54:43 - [TEST_STEP][PASSED] - FeeAdmin = getText(findTestObject("pembayaran/fee admin")): Text of object 'Object Repository/pembayaran/fee admin' is: 'Rp 1,500'

2023-10-05 10:54:43 - [MESSAGE][PASSED] - Text of object 'Object Repository/pembayaran/fee admin' is: 'Rp 1,500'

2023-10-05 10:54:43 - [TEST_STEP][PASSED] - Fee_Admin = FeeAdmin.substring(3, FeeAdmin.size()): null

2023-10-05 10:54:43 - [TEST_STEP][PASSED] - fee = Fee_Admin.replace(",", ""): null

2023-10-05 10:54:43 - [TEST_STEP][PASSED] - fee_adminn = Integer.parseInt(fee): null

2023-10-05 10:54:43 - [TEST_STEP][PASSED] - println(fee_adminn): null

2023-10-05 10:54:43 - [TEST_STEP][PASSED] - Subtotal = getText(findTestObject("pembayaran/subtotal")): Text of object 'Object Repository/pembayaran/subtotal' is: 'Rp 1,299'

2023-10-05 10:54:44 - [MESSAGE][PASSED] - Text of object 'Object Repository/pembayaran/subtotal' is: 'Rp 1,299'

2023-10-05 10:54:44 - [TEST_STEP][PASSED] - sub_total = Subtotal.substring(3, Subtotal.size()): null

2023-10-05 10:54:44 - [TEST_STEP][PASSED] - sub = sub_total.replace(",", ""): null

2023-10-05 10:54:44 - [TEST_STEP][PASSED] - sub_totall = Integer.parseInt(sub): null

2023-10-05 10:54:44 - [TEST_STEP][PASSED] - println(sub_totall): null

2023-10-05 10:54:44 - [TEST_STEP][PASSED] - unik = getText(findTestObject("pembayaran/kode unik")): Text of object 'Object Repository/pembayaran/kode unik' is: '+433'

2023-10-05 10:54:44 - [MESSAGE][PASSED] - Text of object 'Object Repository/pembayaran/kode unik' is: '+433'

2023-10-05 10:54:44 - [TEST_STEP][PASSED] - unikk = unik.replace("+", ""): null

2023-10-05 10:54:44 - [TEST_STEP][PASSED] - kode_unik = Integer.parseInt(unikk): null

2023-10-05 10:54:44 - [TEST_STEP][PASSED] - println(kode_unik): null

2023-10-05 10:54:44 - [TEST_STEP][PASSED] - Total = getText(findTestObject("pembayaran/total")): Text of object 'Object Repository/pembayaran/total' is: '8,232'

2023-10-05 10:54:45 - [MESSAGE][PASSED] - Text of object 'Object Repository/pembayaran/total' is: '8,232'

2023-10-05 10:54:45 - [TEST_STEP][PASSED] - total = Total.replace(",", ""): null

2023-10-05 10:54:45 - [TEST_STEP][PASSED] - totalll = Integer.parseInt(total): null

2023-10-05 10:54:45 - [TEST_STEP][PASSED] - println(totalll): null

2023-10-05 10:54:45 - [TEST_STEP][PASSED] - Total_Hargaa = Ongkos_kirimm + fee_adminn + sub_totall + kode_unik: null

2023-10-05 10:54:45 - [TEST_STEP][PASSED] - println(Total_Hargaa): null

2023-10-05 10:54:45 - [TEST_STEP][PASSED] - assert totalll == Total_Hargaa: null

2023-10-05 10:54:45 - [TEST_STEP][PASSED] - data.put("total", Total): null

2023-10-05 10:54:45 - [TEST_STEP][PASSED] - data.put("nama", NamaPemesan): null

2023-10-05 10:54:45 - [TEST_STEP][PASSED] - return data: null

2023-10-05 10:54:45 - [MESSAGE][PASSED] - Call Test Case 'Test Cases/T13 Pembelian, Shipment dan Pembayaran/PBY-001' successfully

2023-10-05 10:54:45 - [TEST_STEP][PASSED] - inv = data.get("invoice"): null

2023-10-05 10:54:45 - [TEST_STEP][PASSED] - Total = data.get("total"): null

2023-10-05 10:54:45 - [TEST_STEP][PASSED] - NamaPemesan = data.get("nama"): null

2023-10-05 10:54:45 - [TEST_STEP][PASSED] - click(findTestObject("Konfirmasi pesanan shop/Menu Shop")): Object: 'Object Repository/Konfirmasi pesanan shop/Menu Shop' is clicked on

2023-10-05 10:54:47 - [MESSAGE][PASSED] - Object: 'Object Repository/Konfirmasi pesanan shop/Menu Shop' is clicked on

2023-10-05 10:54:47 - [TEST_STEP][PASSED] - click(findTestObject("Konfirmasi pesanan shop/Menu Shop")): Object: 'Object Repository/Konfirmasi pesanan shop/Menu Shop' is clicked on

2023-10-05 10:54:47 - [MESSAGE][PASSED] - Object: 'Object Repository/Konfirmasi pesanan shop/Menu Shop' is clicked on

2023-10-05 10:54:47 - [TEST_STEP][PASSED] - click(findTestObject("Konfirmasi pesanan shop/Konfirmasi Orders")): Object: 'Object Repository/Konfirmasi pesanan shop/Konfirmasi Orders' is clicked on

2023-10-05 10:54:48 - [MESSAGE][PASSED] - Object: 'Object Repository/Konfirmasi pesanan shop/Konfirmasi Orders' is clicked on

2023-10-05 10:54:48 - [TEST_STEP][PASSED] - verifyElementPresent(findTestObject("Konfirmasi pesanan shop/Tittle Konfirmasi Pesanan"), 0): Object 'Object Repository/Konfirmasi pesanan shop/Tittle Konfirmasi Pesanan' is present

2023-10-05 10:54:48 - [MESSAGE][WARNING] - Timeout '0' is invalid. Using default page load timeout: '30'

2023-10-05 10:54:49 - [MESSAGE][PASSED] - Object 'Object Repository/Konfirmasi pesanan shop/Tittle Konfirmasi Pesanan' is present

2023-10-05 10:54:49 - [TEST_STEP][PASSED] - setText(findTestObject("Konfirmasi pesanan shop/input_No Pesanan"), inv): Text 'TRX60.20231005105433' is set on object 'Object Repository/Konfirmasi pesanan shop/input_No Pesanan'

2023-10-05 10:54:50 - [MESSAGE][PASSED] - Text 'TRX60.20231005105433' is set on object 'Object Repository/Konfirmasi pesanan shop/input_No Pesanan'

2023-10-05 10:54:50 - [TEST_STEP][PASSED] - setText(findTestObject("Konfirmasi pesanan shop/input_Alamat E-mai"), "irfan@gmail.com"): Text 'irfan@gmail.com' is set on object 'Object Repository/Konfirmasi pesanan shop/input_Alamat E-mai'

2023-10-05 10:54:50 - [MESSAGE][PASSED] - Text 'irfan@gmail.com' is set on object 'Object Repository/Konfirmasi pesanan shop/input_Alamat E-mai'

2023-10-05 10:54:50 - [TEST_STEP][PASSED] - click(findTestObject("Konfirmasi pesanan shop/button_Submit")): Object: 'Object Repository/Konfirmasi pesanan shop/button_Submit' is clicked on

2023-10-05 10:54:52 - [MESSAGE][PASSED] - Object: 'Object Repository/Konfirmasi pesanan shop/button_Submit' is clicked on

2023-10-05 10:54:52 - [TEST_STEP][PASSED] - verifyElementPresent(findTestObject("Konfirmasi pesanan shop/Tittle nomor invoice"), 0): Object 'Object Repository/Konfirmasi pesanan shop/Tittle nomor invoice' is present

2023-10-05 10:54:52 - [MESSAGE][WARNING] - Timeout '0' is invalid. Using default page load timeout: '30'

2023-10-05 10:54:52 - [MESSAGE][PASSED] - Object 'Object Repository/Konfirmasi pesanan shop/Tittle nomor invoice' is present

2023-10-05 10:54:52 - [TEST_STEP][PASSED] - setText(findTestObject("Konfirmasi pesanan shop/input_Total TagihanTransfer_b"), Total): Text '8,232' is set on object 'Object Repository/Konfirmasi pesanan shop/input_Total TagihanTransfer_b'

2023-10-05 10:54:53 - [MESSAGE][PASSED] - Text '8,232' is set on object 'Object Repository/Konfirmasi pesanan shop/input_Total TagihanTransfer_b'

2023-10-05 10:54:53 - [TEST_STEP][PASSED] - selectOptionByValue(findTestObject("Konfirmasi pesanan shop/select_Bank"), "4", false): All options with value '4' are selected in object 'Object Repository/Konfirmasi pesanan shop/select_Bank' 

2023-10-05 10:54:54 - [MESSAGE][PASSED] - All options with value '4' are selected in object 'Object Repository/Konfirmasi pesanan shop/select_Bank' 

2023-10-05 10:54:54 - [TEST_STEP][PASSED] - setText(findTestObject("Konfirmasi pesanan shop/input_Nama Pengirim_d"), NamaPemesan): Text 'irfan.afandi' is set on object 'Object Repository/Konfirmasi pesanan shop/input_Nama Pengirim_d'

2023-10-05 10:54:55 - [MESSAGE][PASSED] - Text 'irfan.afandi' is set on object 'Object Repository/Konfirmasi pesanan shop/input_Nama Pengirim_d'

2023-10-05 10:54:55 - [TEST_STEP][PASSED] - uploadFile(findTestObject("keranjang/konfirmasi/input_Upload Bukti Transfer_f"), "C:\Users\IRFAN\Downloads\Berkas2.pdf"): File 'C:\Users\IRFAN\Downloads\Berkas2.pdf' sent to object: 'Object Repository/keranjang/konfirmasi/input_Upload Bukti Transfer_f'

2023-10-05 10:54:56 - [MESSAGE][PASSED] - File 'C:\Users\IRFAN\Downloads\Berkas2.pdf' sent to object: 'Object Repository/keranjang/konfirmasi/input_Upload Bukti Transfer_f'

2023-10-05 10:54:56 - [TEST_STEP][PASSED] - click(findTestObject("Konfirmasi pesanan shop/button_Konfirmasi Pembayaran")): Object: 'Object Repository/Konfirmasi pesanan shop/button_Konfirmasi Pembayaran' is clicked on

2023-10-05 10:54:57 - [MESSAGE][PASSED] - Object: 'Object Repository/Konfirmasi pesanan shop/button_Konfirmasi Pembayaran' is clicked on

2023-10-05 10:54:57 - [TEST_STEP][PASSED] - verifyElementPresent(findTestObject("Konfirmasi pesanan shop/Tittle Konfirmasi Pesanan"), 0): Object 'Object Repository/Konfirmasi pesanan shop/Tittle Konfirmasi Pesanan' is present

2023-10-05 10:54:57 - [MESSAGE][WARNING] - Timeout '0' is invalid. Using default page load timeout: '30'

2023-10-05 10:54:58 - [MESSAGE][PASSED] - Object 'Object Repository/Konfirmasi pesanan shop/Tittle Konfirmasi Pesanan' is present

2023-10-05 10:54:58 - [TEST_STEP][PASSED] - verifyElementPresent(findTestObject("Konfirmasi pesanan shop/Tittle massage succes Konfirmasi Pembayaran Pesanan"), 0): Object 'Object Repository/Konfirmasi pesanan shop/Tittle massage succes Konfirmasi Pembayaran Pesanan' is present

2023-10-05 10:54:58 - [MESSAGE][WARNING] - Timeout '0' is invalid. Using default page load timeout: '30'

2023-10-05 10:54:58 - [MESSAGE][PASSED] - Object 'Object Repository/Konfirmasi pesanan shop/Tittle massage succes Konfirmasi Pembayaran Pesanan' is present

2023-10-05 10:54:58 - [TEST_STEP][PASSED] - return data: null]]></system-out>
         <system-err><![CDATA[]]></system-err>
      </testcase>
      <testcase name="Test Cases/T13 Pembelian, Shipment dan Pembayaran/PBY-005" time="60.351" classname="Test Cases/T13 Pembelian, Shipment dan Pembayaran/PBY-005" status="PASSED">
         <system-out><![CDATA[2023-10-05 10:54:58 - [TEST_CASE][PASSED] - Test Cases/T13 Pembelian, Shipment dan Pembayaran/PBY-005: Test Cases/T13 Pembelian, Shipment dan Pembayaran/PBY-005

2023-10-05 10:54:58 - [TEST_STEP][PASSED] - data = callTestCase(findTestCase("T13 Pembelian, Shipment dan Pembayaran/PBY-001"), [:], STOP_ON_FAILURE): Call Test Case 'Test Cases/T13 Pembelian, Shipment dan Pembayaran/PBY-001' successfully

2023-10-05 10:54:59 - [TEST_CASE][PASSED] - Test Cases/T13 Pembelian, Shipment dan Pembayaran/PBY-001: Test Cases/T13 Pembelian, Shipment dan Pembayaran/PBY-001

2023-10-05 10:54:59 - [TEST_STEP][PASSED] - data = callTestCase(findTestCase("T13 Pembelian, Shipment dan Pembayaran/PBL-004"), ["Kurir":"Roda 2"], STOP_ON_FAILURE): Call Test Case 'Test Cases/T13 Pembelian, Shipment dan Pembayaran/PBL-004' successfully

2023-10-05 10:54:59 - [TEST_CASE][PASSED] - Test Cases/T13 Pembelian, Shipment dan Pembayaran/PBL-004: Test Cases/T13 Pembelian, Shipment dan Pembayaran/PBL-004

2023-10-05 10:54:59 - [TEST_STEP][PASSED] - data = callTestCase(findTestCase("T13 Pembelian, Shipment dan Pembayaran/PBL-002"), [:], STOP_ON_FAILURE): Call Test Case 'Test Cases/T13 Pembelian, Shipment dan Pembayaran/PBL-002' successfully

2023-10-05 10:54:59 - [TEST_CASE][PASSED] - Test Cases/T13 Pembelian, Shipment dan Pembayaran/PBL-002: Test Cases/T13 Pembelian, Shipment dan Pembayaran/PBL-002

2023-10-05 10:54:59 - [TEST_STEP][PASSED] - data = callTestCase(findTestCase("T13 Pembelian, Shipment dan Pembayaran/PBL-001"), [:], STOP_ON_FAILURE): Call Test Case 'Test Cases/T13 Pembelian, Shipment dan Pembayaran/PBL-001' successfully

2023-10-05 10:54:59 - [TEST_CASE][PASSED] - Test Cases/T13 Pembelian, Shipment dan Pembayaran/PBL-001: Test Cases/T13 Pembelian, Shipment dan Pembayaran/PBL-001

2023-10-05 10:54:59 - [TEST_STEP][PASSED] - callTestCase(findTestCase("T13 Pembelian, Shipment dan Pembayaran/LU-001"), ["username":"irfanafandi", "password":"12345irfan"], STOP_ON_FAILURE): Call Test Case 'Test Cases/T13 Pembelian, Shipment dan Pembayaran/LU-001' successfully

2023-10-05 10:54:59 - [TEST_CASE][PASSED] - Test Cases/T13 Pembelian, Shipment dan Pembayaran/LU-001: Test Cases/T13 Pembelian, Shipment dan Pembayaran/LU-001

2023-10-05 10:54:59 - [TEST_STEP][PASSED] - openBrowser("https://10.9.2.63/ecommerce/"): Browser is opened with url: 'https://10.9.2.63/ecommerce/'

2023-10-05 10:54:59 - [MESSAGE][WARNING] - A browser is already opened. Closing browser and opening a new one

2023-10-05 10:55:00 - [MESSAGE][INFO] - Starting 'Edge Chromium' driver

2023-10-05 10:55:00 - [MESSAGE][INFO] - User set preference: ['acceptInsecureCerts', 'true']

2023-10-05 10:55:02 - [MESSAGE][INFO] - Action delay is set to 0 milliseconds

2023-10-05 10:55:05 - [MESSAGE][PASSED] - Browser is opened with url: 'https://10.9.2.63/ecommerce/'

2023-10-05 10:55:05 - [TEST_STEP][PASSED] - maximizeWindow(): Current window maximized

2023-10-05 10:55:05 - [MESSAGE][PASSED] - Current window maximized

2023-10-05 10:55:05 - [TEST_STEP][PASSED] - verifyElementPresent(findTestObject("Login/Home"), 0): Object 'Object Repository/Login/Home' is present

2023-10-05 10:55:05 - [MESSAGE][WARNING] - Timeout '0' is invalid. Using default page load timeout: '30'

2023-10-05 10:55:06 - [MESSAGE][PASSED] - Object 'Object Repository/Login/Home' is present

2023-10-05 10:55:06 - [TEST_STEP][PASSED] - click(findTestObject("Login/a_Login")): Object: 'Object Repository/Login/a_Login' is clicked on

2023-10-05 10:55:07 - [MESSAGE][PASSED] - Object: 'Object Repository/Login/a_Login' is clicked on

2023-10-05 10:55:07 - [TEST_STEP][PASSED] - verifyElementPresent(findTestObject("Login/Tittle Login"), 0): Object 'Object Repository/Login/Tittle Login' is present

2023-10-05 10:55:07 - [MESSAGE][WARNING] - Timeout '0' is invalid. Using default page load timeout: '30'

2023-10-05 10:55:07 - [MESSAGE][PASSED] - Object 'Object Repository/Login/Tittle Login' is present

2023-10-05 10:55:07 - [TEST_STEP][PASSED] - setText(findTestObject("Login/input_Username, Email atau No. Handphone_a"), username): Text 'irfanafandi' is set on object 'Object Repository/Login/input_Username, Email atau No. Handphone_a'

2023-10-05 10:55:08 - [MESSAGE][PASSED] - Text 'irfanafandi' is set on object 'Object Repository/Login/input_Username, Email atau No. Handphone_a'

2023-10-05 10:55:08 - [TEST_STEP][PASSED] - setText(findTestObject("Login/input_Password_b"), password): Text '12345irfan' is set on object 'Object Repository/Login/input_Password_b'

2023-10-05 10:55:09 - [MESSAGE][PASSED] - Text '12345irfan' is set on object 'Object Repository/Login/input_Password_b'

2023-10-05 10:55:09 - [TEST_STEP][PASSED] - click(findTestObject("Login/label_Ingat saya")): Object: 'Object Repository/Login/label_Ingat saya' is clicked on

2023-10-05 10:55:10 - [MESSAGE][PASSED] - Object: 'Object Repository/Login/label_Ingat saya' is clicked on

2023-10-05 10:55:10 - [TEST_STEP][PASSED] - click(findTestObject("Login/button_Masuk")): Object: 'Object Repository/Login/button_Masuk' is clicked on

2023-10-05 10:55:11 - [MESSAGE][PASSED] - Object: 'Object Repository/Login/button_Masuk' is clicked on

2023-10-05 10:55:11 - [TEST_STEP][PASSED] - verifyElementPresent(findTestObject("Login/li_Profile"), 0): Object 'Object Repository/Login/li_Profile' is present

2023-10-05 10:55:11 - [MESSAGE][WARNING] - Timeout '0' is invalid. Using default page load timeout: '30'

2023-10-05 10:55:12 - [MESSAGE][PASSED] - Object 'Object Repository/Login/li_Profile' is present

2023-10-05 10:55:12 - [MESSAGE][PASSED] - Call Test Case 'Test Cases/T13 Pembelian, Shipment dan Pembayaran/LU-001' successfully

2023-10-05 10:55:12 - [TEST_STEP][PASSED] - mouseOver(findTestObject("beli barang/i_Mulai Belanja_icon-menu")): Object: 'Object Repository/beli barang/i_Mulai Belanja_icon-menu' is hovered

2023-10-05 10:55:12 - [MESSAGE][PASSED] - Object: 'Object Repository/beli barang/i_Mulai Belanja_icon-menu' is hovered

2023-10-05 10:55:12 - [TEST_STEP][PASSED] - click(findTestObject("beli barang/a_Fashion  Busana Wanita")): Object: 'Object Repository/beli barang/a_Fashion  Busana Wanita' is clicked on

2023-10-05 10:55:14 - [MESSAGE][PASSED] - Object: 'Object Repository/beli barang/a_Fashion  Busana Wanita' is clicked on

2023-10-05 10:55:14 - [TEST_STEP][PASSED] - NamaSebelum = getText(findTestObject("verifikasi/Nama sebelum")): Text of object 'Object Repository/verifikasi/Nama sebelum' is: ''

2023-10-05 10:55:14 - [MESSAGE][PASSED] - Text of object 'Object Repository/verifikasi/Nama sebelum' is: ''

2023-10-05 10:55:14 - [TEST_STEP][PASSED] - HargaSebelum = getText(findTestObject("verifikasi/Harga sebelum")): Text of object 'Object Repository/verifikasi/Harga sebelum' is: 'Rp 1,299'

2023-10-05 10:55:15 - [MESSAGE][PASSED] - Text of object 'Object Repository/verifikasi/Harga sebelum' is: 'Rp 1,299'

2023-10-05 10:55:15 - [TEST_STEP][PASSED] - mouseOver(findTestObject("beli barang/barang mouse over")): Object: 'Object Repository/beli barang/barang mouse over' is hovered

2023-10-05 10:55:15 - [MESSAGE][PASSED] - Object: 'Object Repository/beli barang/barang mouse over' is hovered

2023-10-05 10:55:15 - [TEST_STEP][PASSED] - click(findTestObject("beli barang/buttom add to cart")): Object: 'Object Repository/beli barang/buttom add to cart' is clicked on

2023-10-05 10:55:17 - [MESSAGE][PASSED] - Object: 'Object Repository/beli barang/buttom add to cart' is clicked on

2023-10-05 10:55:17 - [TEST_STEP][PASSED] - NamaSesudah = getText(findTestObject("verifikasi/Nama sesudah")): Text of object 'Object Repository/verifikasi/Nama sesudah' is: 'Segitiga Instan Madeira - MDB5.3 Sunset'

2023-10-05 10:55:17 - [MESSAGE][PASSED] - Text of object 'Object Repository/verifikasi/Nama sesudah' is: 'Segitiga Instan Madeira - MDB5.3 Sunset'

2023-10-05 10:55:17 - [TEST_STEP][PASSED] - HargaSesudah = getText(findTestObject("verifikasi/Harga sesudah")): Text of object 'Object Repository/verifikasi/Harga sesudah' is: 'Rp 1,299'

2023-10-05 10:55:18 - [MESSAGE][PASSED] - Text of object 'Object Repository/verifikasi/Harga sesudah' is: 'Rp 1,299'

2023-10-05 10:55:18 - [TEST_STEP][PASSED] - assert NamaSesudah.contains(NamaSebelum): null

2023-10-05 10:55:18 - [TEST_STEP][PASSED] - assert HargaSesudah.contains(HargaSebelum): null

2023-10-05 10:55:18 - [TEST_STEP][PASSED] - click(findTestObject("beli barang/Tambah Keranjang busana wanita")): Object: 'Object Repository/beli barang/Tambah Keranjang busana wanita' is clicked on

2023-10-05 10:55:18 - [MESSAGE][PASSED] - Object: 'Object Repository/beli barang/Tambah Keranjang busana wanita' is clicked on

2023-10-05 10:55:18 - [TEST_STEP][PASSED] - verifyElementPresent(findTestObject("checkout/Notifikasi keranjang"), 1): Object 'Object Repository/checkout/Notifikasi keranjang' is present

2023-10-05 10:55:19 - [MESSAGE][PASSED] - Object 'Object Repository/checkout/Notifikasi keranjang' is present

2023-10-05 10:55:19 - [TEST_STEP][PASSED] - data = new java.util.HashMap(): null

2023-10-05 10:55:19 - [TEST_STEP][PASSED] - data.put("nama_barang", NamaSesudah): null

2023-10-05 10:55:19 - [TEST_STEP][PASSED] - data.put("price_barang", HargaSesudah): null

2023-10-05 10:55:19 - [TEST_STEP][PASSED] - return data: null

2023-10-05 10:55:19 - [MESSAGE][PASSED] - Call Test Case 'Test Cases/T13 Pembelian, Shipment dan Pembayaran/PBL-001' successfully

2023-10-05 10:55:19 - [TEST_STEP][PASSED] - mouseOver(findTestObject("beli barang/keranjang")): Object: 'Object Repository/beli barang/keranjang' is hovered

2023-10-05 10:55:20 - [MESSAGE][PASSED] - Object: 'Object Repository/beli barang/keranjang' is hovered

2023-10-05 10:55:20 - [TEST_STEP][PASSED] - click(findTestObject("beli barang/Lihat Sekarang")): Object: 'Object Repository/beli barang/Lihat Sekarang' is clicked on

2023-10-05 10:55:21 - [MESSAGE][PASSED] - Object: 'Object Repository/beli barang/Lihat Sekarang' is clicked on

2023-10-05 10:55:21 - [TEST_STEP][PASSED] - verifyElementPresent(findTestObject("keranjang/li_Keranjang Belanja"), 0): Object 'Object Repository/keranjang/li_Keranjang Belanja' is present

2023-10-05 10:55:21 - [MESSAGE][WARNING] - Timeout '0' is invalid. Using default page load timeout: '30'

2023-10-05 10:55:22 - [MESSAGE][PASSED] - Object 'Object Repository/keranjang/li_Keranjang Belanja' is present

2023-10-05 10:55:22 - [TEST_STEP][PASSED] - NamaKeranjang = getText(findTestObject("verifikasi/Nama keranjang")): Text of object 'Object Repository/verifikasi/Nama keranjang' is: 'Segitiga Instan Madeira - MDB5.3 Sunset'

2023-10-05 10:55:22 - [MESSAGE][PASSED] - Text of object 'Object Repository/verifikasi/Nama keranjang' is: 'Segitiga Instan Madeira - MDB5.3 Sunset'

2023-10-05 10:55:22 - [TEST_STEP][PASSED] - HargaKeranjang = getText(findTestObject("verifikasi/Harga Keranjang")): Text of object 'Object Repository/verifikasi/Harga Keranjang' is: 'Rp 1,299'

2023-10-05 10:55:23 - [MESSAGE][PASSED] - Text of object 'Object Repository/verifikasi/Harga Keranjang' is: 'Rp 1,299'

2023-10-05 10:55:23 - [TEST_STEP][PASSED] - if (toString().equalsIgnoreCase("Merah")): Object 'Object Repository/keranjang/input_Warna_variasi101' is checked

2023-10-05 10:55:23 - [TEST_STEP][PASSED] - check(findTestObject("Object Repository/keranjang/input_Warna_variasi101")): Object 'Object Repository/keranjang/input_Warna_variasi101' is checked

2023-10-05 10:55:23 - [MESSAGE][PASSED] - Object 'Object Repository/keranjang/input_Warna_variasi101' is checked

2023-10-05 10:55:23 - [TEST_STEP][PASSED] - if (toString().equalsIgnoreCase("Menengah")): Object 'Object Repository/keranjang/input_Ukuran_variasi201' is checked

2023-10-05 10:55:23 - [TEST_STEP][PASSED] - check(findTestObject("Object Repository/keranjang/input_Ukuran_variasi201")): Object 'Object Repository/keranjang/input_Ukuran_variasi201' is checked

2023-10-05 10:55:24 - [MESSAGE][PASSED] - Object 'Object Repository/keranjang/input_Ukuran_variasi201' is checked

2023-10-05 10:55:24 - [TEST_STEP][PASSED] - data.put("Warna", warna): null

2023-10-05 10:55:24 - [TEST_STEP][PASSED] - data.put("Ukuran", ukuran): null

2023-10-05 10:55:24 - [TEST_STEP][PASSED] - click(findTestObject("keranjang/button_Lanjut ke Pembayaran")): Object: 'Object Repository/keranjang/button_Lanjut ke Pembayaran' is clicked on

2023-10-05 10:55:25 - [MESSAGE][PASSED] - Object: 'Object Repository/keranjang/button_Lanjut ke Pembayaran' is clicked on

2023-10-05 10:55:25 - [TEST_STEP][PASSED] - verifyElementPresent(findTestObject("checkout/Tittle Checkout Order"), 0): Object 'Object Repository/checkout/Tittle Checkout Order' is present

2023-10-05 10:55:25 - [MESSAGE][WARNING] - Timeout '0' is invalid. Using default page load timeout: '30'

2023-10-05 10:55:26 - [MESSAGE][PASSED] - Object 'Object Repository/checkout/Tittle Checkout Order' is present

2023-10-05 10:55:26 - [TEST_STEP][PASSED] - name_product = data.get("nama_barang"): null

2023-10-05 10:55:26 - [TEST_STEP][PASSED] - price_product = data.get("price_barang"): null

2023-10-05 10:55:26 - [TEST_STEP][PASSED] - assert name_product == NamaKeranjang: null

2023-10-05 10:55:26 - [TEST_STEP][PASSED] - assert price_product == HargaKeranjang: null

2023-10-05 10:55:26 - [TEST_STEP][PASSED] - return data: null

2023-10-05 10:55:26 - [MESSAGE][PASSED] - Call Test Case 'Test Cases/T13 Pembelian, Shipment dan Pembayaran/PBL-002' successfully

2023-10-05 10:55:26 - [TEST_STEP][PASSED] - warnaa = getText(findTestObject("verifikasi/warna Merah")): Text of object 'Object Repository/verifikasi/warna Merah' is: 'Merah'

2023-10-05 10:55:26 - [MESSAGE][PASSED] - Text of object 'Object Repository/verifikasi/warna Merah' is: 'Merah'

2023-10-05 10:55:26 - [TEST_STEP][PASSED] - ukurann = getText(findTestObject("verifikasi/Ukuran Menengah")): Text of object 'Object Repository/verifikasi/Ukuran Menengah' is: 'Menengah'

2023-10-05 10:55:26 - [MESSAGE][PASSED] - Text of object 'Object Repository/verifikasi/Ukuran Menengah' is: 'Menengah'

2023-10-05 10:55:26 - [TEST_STEP][PASSED] - warna1 = data.get("Warna"): null

2023-10-05 10:55:26 - [TEST_STEP][PASSED] - ukuran1 = data.get("Ukuran"): null

2023-10-05 10:55:26 - [TEST_STEP][PASSED] - assert warnaa == warna1: null

2023-10-05 10:55:26 - [TEST_STEP][PASSED] - assert ukurann == ukuran1: null

2023-10-05 10:55:26 - [TEST_STEP][PASSED] - NamaCheckout = getText(findTestObject("verifikasi/NamaCheckout")): Text of object 'Object Repository/verifikasi/NamaCheckout' is: ''

2023-10-05 10:55:27 - [MESSAGE][PASSED] - Text of object 'Object Repository/verifikasi/NamaCheckout' is: ''

2023-10-05 10:55:27 - [TEST_STEP][PASSED] - HargaCheckout = getText(findTestObject("verifikasi/HargaCheckout")): Text of object 'Object Repository/verifikasi/HargaCheckout' is: '1,299'

2023-10-05 10:55:27 - [MESSAGE][PASSED] - Text of object 'Object Repository/verifikasi/HargaCheckout' is: '1,299'

2023-10-05 10:55:27 - [TEST_STEP][PASSED] - name_product = data.get("nama_barang"): null

2023-10-05 10:55:27 - [TEST_STEP][PASSED] - price_product = data.get("price_barang"): null

2023-10-05 10:55:27 - [TEST_STEP][PASSED] - assert name_product.contains(NamaCheckout): null

2023-10-05 10:55:27 - [TEST_STEP][PASSED] - assert price_product.contains(HargaCheckout): null

2023-10-05 10:55:27 - [TEST_STEP][PASSED] - selectOptionByLabel(findTestObject("checkout/select - Kirim via Kurir Lokal"), Kurir, false): All options with label 'Roda 2' are selected in object 'Object Repository/checkout/select - Kirim via Kurir Lokal' 

2023-10-05 10:55:28 - [MESSAGE][PASSED] - All options with label 'Roda 2' are selected in object 'Object Repository/checkout/select - Kirim via Kurir Lokal' 

2023-10-05 10:55:28 - [TEST_STEP][PASSED] - click(findTestObject("checkout/Kendaraan Kurir")): Object: 'Object Repository/checkout/Kendaraan Kurir' is clicked on

2023-10-05 10:55:29 - [MESSAGE][PASSED] - Object: 'Object Repository/checkout/Kendaraan Kurir' is clicked on

2023-10-05 10:55:29 - [TEST_STEP][PASSED] - OngkosKirim = getText(findTestObject("Object Repository/verifikasi/Ongkos Kirim checkout")): Text of object 'Object Repository/verifikasi/Ongkos Kirim checkout' is: 'Rp. 5,000'

2023-10-05 10:55:29 - [MESSAGE][PASSED] - Text of object 'Object Repository/verifikasi/Ongkos Kirim checkout' is: 'Rp. 5,000'

2023-10-05 10:55:29 - [TEST_STEP][PASSED] - Ongkos = OngkosKirim.substring(3, OngkosKirim.size()): null

2023-10-05 10:55:29 - [TEST_STEP][PASSED] - rep = Ongkos.replace(",", "."): null

2023-10-05 10:55:29 - [TEST_STEP][PASSED] - Ongkos_kirim = Double.parseDouble(rep): null

2023-10-05 10:55:29 - [TEST_STEP][PASSED] - println(Ongkos_kirim): null

2023-10-05 10:55:29 - [TEST_STEP][PASSED] - FeeAdmin = getText(findTestObject("verifikasi/Fee Admin checkout")): Text of object 'Object Repository/verifikasi/Fee Admin checkout' is: 'Fee Admin
Rp 1,500'

2023-10-05 10:55:30 - [MESSAGE][PASSED] - Text of object 'Object Repository/verifikasi/Fee Admin checkout' is: 'Fee Admin
Rp 1,500'

2023-10-05 10:55:30 - [TEST_STEP][PASSED] - Fee_Admin = FeeAdmin.substring(12, FeeAdmin.size()): null

2023-10-05 10:55:30 - [TEST_STEP][PASSED] - fee = Fee_Admin.replace(",", "."): null

2023-10-05 10:55:30 - [TEST_STEP][PASSED] - fee_admin = Double.parseDouble(fee): null

2023-10-05 10:55:30 - [TEST_STEP][PASSED] - println(fee_admin): null

2023-10-05 10:55:30 - [TEST_STEP][PASSED] - Subtotal = getText(findTestObject("verifikasi/subtotal checkout")): Text of object 'Object Repository/verifikasi/subtotal checkout' is: 'Subtotal
Rp 1,299'

2023-10-05 10:55:31 - [MESSAGE][PASSED] - Text of object 'Object Repository/verifikasi/subtotal checkout' is: 'Subtotal
Rp 1,299'

2023-10-05 10:55:31 - [TEST_STEP][PASSED] - sub_total = Subtotal.substring(12, Subtotal.size()): null

2023-10-05 10:55:31 - [TEST_STEP][PASSED] - sub = sub_total.replace(",", "."): null

2023-10-05 10:55:31 - [TEST_STEP][PASSED] - sub_total = Double.parseDouble(sub): null

2023-10-05 10:55:31 - [TEST_STEP][PASSED] - println(sub_total): null

2023-10-05 10:55:31 - [TEST_STEP][PASSED] - Total = getText(findTestObject("verifikasi/Total checkout")): Text of object 'Object Repository/verifikasi/Total checkout' is: 'Rp 7,799'

2023-10-05 10:55:31 - [MESSAGE][PASSED] - Text of object 'Object Repository/verifikasi/Total checkout' is: 'Rp 7,799'

2023-10-05 10:55:31 - [TEST_STEP][PASSED] - totall = Total.substring(3, Total.size()): null

2023-10-05 10:55:31 - [TEST_STEP][PASSED] - total = totall.replace(",", "."): null

2023-10-05 10:55:31 - [TEST_STEP][PASSED] - totall = Double.parseDouble(total): null

2023-10-05 10:55:31 - [TEST_STEP][PASSED] - println(totall): null

2023-10-05 10:55:31 - [TEST_STEP][PASSED] - Total_Harga = Ongkos_kirim + fee_admin + sub_total: null

2023-10-05 10:55:31 - [TEST_STEP][PASSED] - println(Total_Harga): null

2023-10-05 10:55:31 - [TEST_STEP][PASSED] - TotalHarga = Math.round(Total_Harga * 1000) / 1000: null

2023-10-05 10:55:31 - [TEST_STEP][PASSED] - println(TotalHarga): null

2023-10-05 10:55:31 - [TEST_STEP][PASSED] - assert totall == TotalHarga: null

2023-10-05 10:55:31 - [TEST_STEP][PASSED] - click(findTestObject("verifikasi/Metode Transfer")): Object: 'Object Repository/verifikasi/Metode Transfer' is clicked on

2023-10-05 10:55:31 - [MESSAGE][PASSED] - Object: 'Object Repository/verifikasi/Metode Transfer' is clicked on

2023-10-05 10:55:31 - [TEST_STEP][PASSED] - click(findTestObject("checkout/button_Proses Pembayaran")): Object: 'Object Repository/checkout/button_Proses Pembayaran' is clicked on

2023-10-05 10:55:40 - [MESSAGE][PASSED] - Object: 'Object Repository/checkout/button_Proses Pembayaran' is clicked on

2023-10-05 10:55:40 - [TEST_STEP][PASSED] - verifyElementPresent(findTestObject("pembayaran/Tittle nomor invoice"), 0): Object 'Object Repository/pembayaran/Tittle nomor invoice' is present

2023-10-05 10:55:40 - [MESSAGE][WARNING] - Timeout '0' is invalid. Using default page load timeout: '30'

2023-10-05 10:55:41 - [MESSAGE][PASSED] - Object 'Object Repository/pembayaran/Tittle nomor invoice' is present

2023-10-05 10:55:41 - [TEST_STEP][PASSED] - return data: null

2023-10-05 10:55:41 - [MESSAGE][PASSED] - Call Test Case 'Test Cases/T13 Pembelian, Shipment dan Pembayaran/PBL-004' successfully

2023-10-05 10:55:41 - [TEST_STEP][PASSED] - Invoice = getText(findTestObject("pembayaran/nomor invoice")): Text of object 'Object Repository/pembayaran/nomor invoice' is: 'TRX60.20231005105535'

2023-10-05 10:55:42 - [MESSAGE][PASSED] - Text of object 'Object Repository/pembayaran/nomor invoice' is: 'TRX60.20231005105535'

2023-10-05 10:55:42 - [TEST_STEP][PASSED] - data.put("invoice", Invoice): null

2023-10-05 10:55:42 - [TEST_STEP][PASSED] - NamaPemesan = getText(findTestObject("Konfirmasi pesanan shop/Nama pemesan")): Text of object 'Object Repository/Konfirmasi pesanan shop/Nama pemesan' is: 'irfan.afandi'

2023-10-05 10:55:42 - [MESSAGE][PASSED] - Text of object 'Object Repository/Konfirmasi pesanan shop/Nama pemesan' is: 'irfan.afandi'

2023-10-05 10:55:42 - [TEST_STEP][PASSED] - Nama = getText(findTestObject("pembayaran/Nama barang")): Text of object 'Object Repository/pembayaran/Nama barang' is: 'Segitiga Instan Madeira - MDB5.3 Sunset'

2023-10-05 10:55:43 - [MESSAGE][PASSED] - Text of object 'Object Repository/pembayaran/Nama barang' is: 'Segitiga Instan Madeira - MDB5.3 Sunset'

2023-10-05 10:55:43 - [TEST_STEP][PASSED] - Harga = getText(findTestObject("pembayaran/Harga barang")): Text of object 'Object Repository/pembayaran/Harga barang' is: '1,299'

2023-10-05 10:55:43 - [MESSAGE][PASSED] - Text of object 'Object Repository/pembayaran/Harga barang' is: '1,299'

2023-10-05 10:55:43 - [TEST_STEP][PASSED] - name_product = data.get("nama_barang"): null

2023-10-05 10:55:43 - [TEST_STEP][PASSED] - price_product = data.get("price_barang"): null

2023-10-05 10:55:43 - [TEST_STEP][PASSED] - assert name_product.contains(Nama): null

2023-10-05 10:55:43 - [TEST_STEP][PASSED] - assert price_product.contains(Harga): null

2023-10-05 10:55:43 - [TEST_STEP][PASSED] - warnaa = getText(findTestObject("pembayaran/warna")): Text of object 'Object Repository/pembayaran/warna' is: 'Merah'

2023-10-05 10:55:44 - [MESSAGE][PASSED] - Text of object 'Object Repository/pembayaran/warna' is: 'Merah'

2023-10-05 10:55:44 - [TEST_STEP][PASSED] - ukurann = getText(findTestObject("pembayaran/ukuran")): Text of object 'Object Repository/pembayaran/ukuran' is: 'Menengah'

2023-10-05 10:55:44 - [MESSAGE][PASSED] - Text of object 'Object Repository/pembayaran/ukuran' is: 'Menengah'

2023-10-05 10:55:44 - [TEST_STEP][PASSED] - warna1 = data.get("Warna"): null

2023-10-05 10:55:44 - [TEST_STEP][PASSED] - ukuran1 = data.get("Ukuran"): null

2023-10-05 10:55:44 - [TEST_STEP][PASSED] - assert warnaa == warna1: null

2023-10-05 10:55:44 - [TEST_STEP][PASSED] - assert ukurann == ukuran1: null

2023-10-05 10:55:44 - [TEST_STEP][PASSED] - statusPembelian = getText(findTestObject("verifikasi/Status pending di pembelian")): Text of object 'Object Repository/verifikasi/Status pending di pembelian' is: 'Pending'

2023-10-05 10:55:45 - [MESSAGE][PASSED] - Text of object 'Object Repository/verifikasi/Status pending di pembelian' is: 'Pending'

2023-10-05 10:55:45 - [TEST_STEP][PASSED] - data.put("statusPem", statusPembelian): null

2023-10-05 10:55:45 - [TEST_STEP][PASSED] - OngkosKirim = getText(findTestObject("pembayaran/ongkos kirim")): Text of object 'Object Repository/pembayaran/ongkos kirim' is: 'Rp 5,000'

2023-10-05 10:55:45 - [MESSAGE][PASSED] - Text of object 'Object Repository/pembayaran/ongkos kirim' is: 'Rp 5,000'

2023-10-05 10:55:45 - [TEST_STEP][PASSED] - Ongkos = OngkosKirim.substring(3, OngkosKirim.size()): null

2023-10-05 10:55:45 - [TEST_STEP][PASSED] - rep = Ongkos.replace(",", ""): null

2023-10-05 10:55:45 - [TEST_STEP][PASSED] - Ongkos_kirimm = Integer.parseInt(rep): null

2023-10-05 10:55:45 - [TEST_STEP][PASSED] - println(Ongkos_kirimm): null

2023-10-05 10:55:45 - [TEST_STEP][PASSED] - FeeAdmin = getText(findTestObject("pembayaran/fee admin")): Text of object 'Object Repository/pembayaran/fee admin' is: 'Rp 1,500'

2023-10-05 10:55:46 - [MESSAGE][PASSED] - Text of object 'Object Repository/pembayaran/fee admin' is: 'Rp 1,500'

2023-10-05 10:55:46 - [TEST_STEP][PASSED] - Fee_Admin = FeeAdmin.substring(3, FeeAdmin.size()): null

2023-10-05 10:55:46 - [TEST_STEP][PASSED] - fee = Fee_Admin.replace(",", ""): null

2023-10-05 10:55:46 - [TEST_STEP][PASSED] - fee_adminn = Integer.parseInt(fee): null

2023-10-05 10:55:46 - [TEST_STEP][PASSED] - println(fee_adminn): null

2023-10-05 10:55:46 - [TEST_STEP][PASSED] - Subtotal = getText(findTestObject("pembayaran/subtotal")): Text of object 'Object Repository/pembayaran/subtotal' is: 'Rp 1,299'

2023-10-05 10:55:46 - [MESSAGE][PASSED] - Text of object 'Object Repository/pembayaran/subtotal' is: 'Rp 1,299'

2023-10-05 10:55:46 - [TEST_STEP][PASSED] - sub_total = Subtotal.substring(3, Subtotal.size()): null

2023-10-05 10:55:46 - [TEST_STEP][PASSED] - sub = sub_total.replace(",", ""): null

2023-10-05 10:55:46 - [TEST_STEP][PASSED] - sub_totall = Integer.parseInt(sub): null

2023-10-05 10:55:46 - [TEST_STEP][PASSED] - println(sub_totall): null

2023-10-05 10:55:46 - [TEST_STEP][PASSED] - unik = getText(findTestObject("pembayaran/kode unik")): Text of object 'Object Repository/pembayaran/kode unik' is: '+535'

2023-10-05 10:55:47 - [MESSAGE][PASSED] - Text of object 'Object Repository/pembayaran/kode unik' is: '+535'

2023-10-05 10:55:47 - [TEST_STEP][PASSED] - unikk = unik.replace("+", ""): null

2023-10-05 10:55:47 - [TEST_STEP][PASSED] - kode_unik = Integer.parseInt(unikk): null

2023-10-05 10:55:47 - [TEST_STEP][PASSED] - println(kode_unik): null

2023-10-05 10:55:47 - [TEST_STEP][PASSED] - Total = getText(findTestObject("pembayaran/total")): Text of object 'Object Repository/pembayaran/total' is: '8,334'

2023-10-05 10:55:47 - [MESSAGE][PASSED] - Text of object 'Object Repository/pembayaran/total' is: '8,334'

2023-10-05 10:55:47 - [TEST_STEP][PASSED] - total = Total.replace(",", ""): null

2023-10-05 10:55:47 - [TEST_STEP][PASSED] - totalll = Integer.parseInt(total): null

2023-10-05 10:55:47 - [TEST_STEP][PASSED] - println(totalll): null

2023-10-05 10:55:47 - [TEST_STEP][PASSED] - Total_Hargaa = Ongkos_kirimm + fee_adminn + sub_totall + kode_unik: null

2023-10-05 10:55:47 - [TEST_STEP][PASSED] - println(Total_Hargaa): null

2023-10-05 10:55:47 - [TEST_STEP][PASSED] - assert totalll == Total_Hargaa: null

2023-10-05 10:55:47 - [TEST_STEP][PASSED] - data.put("total", Total): null

2023-10-05 10:55:47 - [TEST_STEP][PASSED] - data.put("nama", NamaPemesan): null

2023-10-05 10:55:47 - [TEST_STEP][PASSED] - return data: null

2023-10-05 10:55:47 - [MESSAGE][PASSED] - Call Test Case 'Test Cases/T13 Pembelian, Shipment dan Pembayaran/PBY-001' successfully

2023-10-05 10:55:47 - [TEST_STEP][PASSED] - inv = data.get("invoice"): null

2023-10-05 10:55:47 - [TEST_STEP][PASSED] - Total = data.get("total"): null

2023-10-05 10:55:47 - [TEST_STEP][PASSED] - NamaPemesan = data.get("nama"): null

2023-10-05 10:55:47 - [TEST_STEP][PASSED] - click(findTestObject("Konfirmasi pesanan shop/Menu Shop")): Object: 'Object Repository/Konfirmasi pesanan shop/Menu Shop' is clicked on

2023-10-05 10:55:49 - [MESSAGE][PASSED] - Object: 'Object Repository/Konfirmasi pesanan shop/Menu Shop' is clicked on

2023-10-05 10:55:49 - [TEST_STEP][PASSED] - click(findTestObject("Konfirmasi pesanan shop/Menu Shop")): Object: 'Object Repository/Konfirmasi pesanan shop/Menu Shop' is clicked on

2023-10-05 10:55:50 - [MESSAGE][PASSED] - Object: 'Object Repository/Konfirmasi pesanan shop/Menu Shop' is clicked on

2023-10-05 10:55:50 - [TEST_STEP][PASSED] - click(findTestObject("Konfirmasi pesanan shop/Konfirmasi Orders")): Object: 'Object Repository/Konfirmasi pesanan shop/Konfirmasi Orders' is clicked on

2023-10-05 10:55:51 - [MESSAGE][PASSED] - Object: 'Object Repository/Konfirmasi pesanan shop/Konfirmasi Orders' is clicked on

2023-10-05 10:55:51 - [TEST_STEP][PASSED] - verifyElementPresent(findTestObject("Konfirmasi pesanan shop/Tittle Konfirmasi Pesanan"), 0): Object 'Object Repository/Konfirmasi pesanan shop/Tittle Konfirmasi Pesanan' is present

2023-10-05 10:55:51 - [MESSAGE][WARNING] - Timeout '0' is invalid. Using default page load timeout: '30'

2023-10-05 10:55:51 - [MESSAGE][PASSED] - Object 'Object Repository/Konfirmasi pesanan shop/Tittle Konfirmasi Pesanan' is present

2023-10-05 10:55:51 - [TEST_STEP][PASSED] - setText(findTestObject("Konfirmasi pesanan shop/input_No Pesanan"), inv): Text 'TRX60.20231005105535' is set on object 'Object Repository/Konfirmasi pesanan shop/input_No Pesanan'

2023-10-05 10:55:52 - [MESSAGE][PASSED] - Text 'TRX60.20231005105535' is set on object 'Object Repository/Konfirmasi pesanan shop/input_No Pesanan'

2023-10-05 10:55:52 - [TEST_STEP][PASSED] - setText(findTestObject("Konfirmasi pesanan shop/input_Alamat E-mai"), "irfan@gmail.com"): Text 'irfan@gmail.com' is set on object 'Object Repository/Konfirmasi pesanan shop/input_Alamat E-mai'

2023-10-05 10:55:53 - [MESSAGE][PASSED] - Text 'irfan@gmail.com' is set on object 'Object Repository/Konfirmasi pesanan shop/input_Alamat E-mai'

2023-10-05 10:55:53 - [TEST_STEP][PASSED] - click(findTestObject("Konfirmasi pesanan shop/button_Submit")): Object: 'Object Repository/Konfirmasi pesanan shop/button_Submit' is clicked on

2023-10-05 10:55:54 - [MESSAGE][PASSED] - Object: 'Object Repository/Konfirmasi pesanan shop/button_Submit' is clicked on

2023-10-05 10:55:54 - [TEST_STEP][PASSED] - verifyElementPresent(findTestObject("Konfirmasi pesanan shop/Tittle nomor invoice"), 0): Object 'Object Repository/Konfirmasi pesanan shop/Tittle nomor invoice' is present

2023-10-05 10:55:54 - [MESSAGE][WARNING] - Timeout '0' is invalid. Using default page load timeout: '30'

2023-10-05 10:55:55 - [MESSAGE][PASSED] - Object 'Object Repository/Konfirmasi pesanan shop/Tittle nomor invoice' is present

2023-10-05 10:55:55 - [TEST_STEP][PASSED] - setText(findTestObject("Konfirmasi pesanan shop/input_Total TagihanTransfer_b"), Total): Text '8,334' is set on object 'Object Repository/Konfirmasi pesanan shop/input_Total TagihanTransfer_b'

2023-10-05 10:55:56 - [MESSAGE][PASSED] - Text '8,334' is set on object 'Object Repository/Konfirmasi pesanan shop/input_Total TagihanTransfer_b'

2023-10-05 10:55:56 - [TEST_STEP][PASSED] - selectOptionByValue(findTestObject("Konfirmasi pesanan shop/select_Bank"), "4", false): All options with value '4' are selected in object 'Object Repository/Konfirmasi pesanan shop/select_Bank' 

2023-10-05 10:55:57 - [MESSAGE][PASSED] - All options with value '4' are selected in object 'Object Repository/Konfirmasi pesanan shop/select_Bank' 

2023-10-05 10:55:57 - [TEST_STEP][PASSED] - clearText(findTestObject("Konfirmasi pesanan shop/input_Nama Pengirim_d"), STOP_ON_FAILURE): Text of object 'Object Repository/Konfirmasi pesanan shop/input_Nama Pengirim_d' is cleared

2023-10-05 10:55:57 - [MESSAGE][PASSED] - Text of object 'Object Repository/Konfirmasi pesanan shop/input_Nama Pengirim_d' is cleared

2023-10-05 10:55:57 - [TEST_STEP][PASSED] - uploadFile(findTestObject("Konfirmasi pesanan shop/input_Upload Bukti Transfer_f"), "C:\Users\IRFAN\Downloads\Berkas2.pdf"): File 'C:\Users\IRFAN\Downloads\Berkas2.pdf' sent to object: 'Object Repository/Konfirmasi pesanan shop/input_Upload Bukti Transfer_f'

2023-10-05 10:55:58 - [MESSAGE][PASSED] - File 'C:\Users\IRFAN\Downloads\Berkas2.pdf' sent to object: 'Object Repository/Konfirmasi pesanan shop/input_Upload Bukti Transfer_f'

2023-10-05 10:55:58 - [TEST_STEP][PASSED] - click(findTestObject("Konfirmasi pesanan shop/button_Konfirmasi Pembayaran")): Object: 'Object Repository/Konfirmasi pesanan shop/button_Konfirmasi Pembayaran' is clicked on

2023-10-05 10:55:58 - [MESSAGE][PASSED] - Object: 'Object Repository/Konfirmasi pesanan shop/button_Konfirmasi Pembayaran' is clicked on

2023-10-05 10:55:58 - [TEST_STEP][PASSED] - webDriver = getWebDriver(): null

2023-10-05 10:55:58 - [TEST_STEP][PASSED] - field_tagihan = webDriver.findElement(By.xpath("//input[@name="d"]")): null

2023-10-05 10:55:58 - [TEST_STEP][PASSED] - error_message = webDriver.executeScript("return arguments[0].validationMessage", field_tagihan): null

2023-10-05 10:55:58 - [TEST_STEP][PASSED] - println(error_message): null

2023-10-05 10:55:58 - [TEST_STEP][PASSED] - assert error_message == "Please fill out this field.": null]]></system-out>
         <system-err><![CDATA[]]></system-err>
      </testcase>
      <testcase name="Test Cases/T13 Pembelian, Shipment dan Pembayaran/PBY-006" time="62.724" classname="Test Cases/T13 Pembelian, Shipment dan Pembayaran/PBY-006" status="FAILED">
         <failure type="FAILED" message="Test Cases/T13 Pembelian, Shipment dan Pembayaran/PBY-006 FAILED.
Reason:
com.kms.katalon.core.exception.StepFailedException: Unable to verify text 'inputkan harus angka sesuai' is present 
	at com.kms.katalon.core.webui.keyword.internal.WebUIKeywordMain.stepFailed(WebUIKeywordMain.groovy:64)
	at com.kms.katalon.core.webui.keyword.internal.WebUIKeywordMain.runKeyword(WebUIKeywordMain.groovy:26)
	at com.kms.katalon.core.webui.keyword.builtin.VerifyTextPresentKeyword.verifyTextPresent(VerifyTextPresentKeyword.groovy:83)
	at com.kms.katalon.core.webui.keyword.builtin.VerifyTextPresentKeyword.execute(VerifyTextPresentKeyword.groovy:68)
	at com.kms.katalon.core.keyword.internal.KeywordExecutor.executeKeywordForPlatform(KeywordExecutor.groovy:74)
	at com.kms.katalon.core.webui.keyword.WebUiBuiltInKeywords.verifyTextPresent(WebUiBuiltInKeywords.groovy:1723)
	at com.kms.katalon.core.webui.keyword.WebUiBuiltInKeywords$verifyTextPresent$7.call(Unknown Source)
	at PBY-006.run(PBY-006:61)
	at com.kms.katalon.core.main.ScriptEngine.run(ScriptEngine.java:194)
	at com.kms.katalon.core.main.ScriptEngine.runScriptAsRawText(ScriptEngine.java:119)
	at com.kms.katalon.core.main.TestCaseExecutor.runScript(TestCaseExecutor.java:448)
	at com.kms.katalon.core.main.TestCaseExecutor.doExecute(TestCaseExecutor.java:439)
	at com.kms.katalon.core.main.TestCaseExecutor.processExecutionPhase(TestCaseExecutor.java:418)
	at com.kms.katalon.core.main.TestCaseExecutor.accessMainPhase(TestCaseExecutor.java:410)
	at com.kms.katalon.core.main.TestCaseExecutor.execute(TestCaseExecutor.java:285)
	at com.kms.katalon.core.common.CommonExecutor.accessTestCaseMainPhase(CommonExecutor.java:65)
	at com.kms.katalon.core.main.TestSuiteExecutor.accessTestSuiteMainPhase(TestSuiteExecutor.java:148)
	at com.kms.katalon.core.main.TestSuiteExecutor.execute(TestSuiteExecutor.java:106)
	at com.kms.katalon.core.main.TestCaseMain.startTestSuite(TestCaseMain.java:187)
	at com.kms.katalon.core.main.TestCaseMain$startTestSuite$0.call(Unknown Source)
	at TempTestSuite1696477503821.run(TempTestSuite1696477503821.groovy:36)
Caused by: com.kms.katalon.core.exception.StepFailedException: Text 'inputkan harus angka sesuai' is not present on page 
	at com.kms.katalon.core.webui.keyword.internal.WebUIKeywordMain.stepFailed(WebUIKeywordMain.groovy:64)
	at com.kms.katalon.core.webui.keyword.builtin.VerifyTextPresentKeyword$_verifyTextPresent_closure1.doCall(VerifyTextPresentKeyword.groovy:79)
	at com.kms.katalon.core.webui.keyword.builtin.VerifyTextPresentKeyword$_verifyTextPresent_closure1.call(VerifyTextPresentKeyword.groovy)
	at com.kms.katalon.core.webui.keyword.internal.WebUIKeywordMain.runKeyword(WebUIKeywordMain.groovy:20)
	... 19 more
"/>
         <system-out><![CDATA[2023-10-05 10:55:58 - [TEST_CASE][FAILED] - Test Cases/T13 Pembelian, Shipment dan Pembayaran/PBY-006: Test Cases/T13 Pembelian, Shipment dan Pembayaran/PBY-006 FAILED.
Reason:
com.kms.katalon.core.exception.StepFailedException: Unable to verify text 'inputkan harus angka sesuai' is present 
	at com.kms.katalon.core.webui.keyword.internal.WebUIKeywordMain.stepFailed(WebUIKeywordMain.groovy:64)
	at com.kms.katalon.core.webui.keyword.internal.WebUIKeywordMain.runKeyword(WebUIKeywordMain.groovy:26)
	at com.kms.katalon.core.webui.keyword.builtin.VerifyTextPresentKeyword.verifyTextPresent(VerifyTextPresentKeyword.groovy:83)
	at com.kms.katalon.core.webui.keyword.builtin.VerifyTextPresentKeyword.execute(VerifyTextPresentKeyword.groovy:68)
	at com.kms.katalon.core.keyword.internal.KeywordExecutor.executeKeywordForPlatform(KeywordExecutor.groovy:74)
	at com.kms.katalon.core.webui.keyword.WebUiBuiltInKeywords.verifyTextPresent(WebUiBuiltInKeywords.groovy:1723)
	at com.kms.katalon.core.webui.keyword.WebUiBuiltInKeywords$verifyTextPresent$7.call(Unknown Source)
	at PBY-006.run(PBY-006:61)
	at com.kms.katalon.core.main.ScriptEngine.run(ScriptEngine.java:194)
	at com.kms.katalon.core.main.ScriptEngine.runScriptAsRawText(ScriptEngine.java:119)
	at com.kms.katalon.core.main.TestCaseExecutor.runScript(TestCaseExecutor.java:448)
	at com.kms.katalon.core.main.TestCaseExecutor.doExecute(TestCaseExecutor.java:439)
	at com.kms.katalon.core.main.TestCaseExecutor.processExecutionPhase(TestCaseExecutor.java:418)
	at com.kms.katalon.core.main.TestCaseExecutor.accessMainPhase(TestCaseExecutor.java:410)
	at com.kms.katalon.core.main.TestCaseExecutor.execute(TestCaseExecutor.java:285)
	at com.kms.katalon.core.common.CommonExecutor.accessTestCaseMainPhase(CommonExecutor.java:65)
	at com.kms.katalon.core.main.TestSuiteExecutor.accessTestSuiteMainPhase(TestSuiteExecutor.java:148)
	at com.kms.katalon.core.main.TestSuiteExecutor.execute(TestSuiteExecutor.java:106)
	at com.kms.katalon.core.main.TestCaseMain.startTestSuite(TestCaseMain.java:187)
	at com.kms.katalon.core.main.TestCaseMain$startTestSuite$0.call(Unknown Source)
	at TempTestSuite1696477503821.run(TempTestSuite1696477503821.groovy:36)
Caused by: com.kms.katalon.core.exception.StepFailedException: Text 'inputkan harus angka sesuai' is not present on page 
	at com.kms.katalon.core.webui.keyword.internal.WebUIKeywordMain.stepFailed(WebUIKeywordMain.groovy:64)
	at com.kms.katalon.core.webui.keyword.builtin.VerifyTextPresentKeyword$_verifyTextPresent_closure1.doCall(VerifyTextPresentKeyword.groovy:79)
	at com.kms.katalon.core.webui.keyword.builtin.VerifyTextPresentKeyword$_verifyTextPresent_closure1.call(VerifyTextPresentKeyword.groovy)
	at com.kms.katalon.core.webui.keyword.internal.WebUIKeywordMain.runKeyword(WebUIKeywordMain.groovy:20)
	... 19 more


2023-10-05 10:55:59 - [TEST_STEP][PASSED] - data = callTestCase(findTestCase("T13 Pembelian, Shipment dan Pembayaran/PBY-001"), [:], STOP_ON_FAILURE): Call Test Case 'Test Cases/T13 Pembelian, Shipment dan Pembayaran/PBY-001' successfully

2023-10-05 10:55:59 - [TEST_CASE][PASSED] - Test Cases/T13 Pembelian, Shipment dan Pembayaran/PBY-001: Test Cases/T13 Pembelian, Shipment dan Pembayaran/PBY-001

2023-10-05 10:55:59 - [TEST_STEP][PASSED] - data = callTestCase(findTestCase("T13 Pembelian, Shipment dan Pembayaran/PBL-004"), ["Kurir":"Roda 2"], STOP_ON_FAILURE): Call Test Case 'Test Cases/T13 Pembelian, Shipment dan Pembayaran/PBL-004' successfully

2023-10-05 10:55:59 - [TEST_CASE][PASSED] - Test Cases/T13 Pembelian, Shipment dan Pembayaran/PBL-004: Test Cases/T13 Pembelian, Shipment dan Pembayaran/PBL-004

2023-10-05 10:55:59 - [TEST_STEP][PASSED] - data = callTestCase(findTestCase("T13 Pembelian, Shipment dan Pembayaran/PBL-002"), [:], STOP_ON_FAILURE): Call Test Case 'Test Cases/T13 Pembelian, Shipment dan Pembayaran/PBL-002' successfully

2023-10-05 10:55:59 - [TEST_CASE][PASSED] - Test Cases/T13 Pembelian, Shipment dan Pembayaran/PBL-002: Test Cases/T13 Pembelian, Shipment dan Pembayaran/PBL-002

2023-10-05 10:55:59 - [TEST_STEP][PASSED] - data = callTestCase(findTestCase("T13 Pembelian, Shipment dan Pembayaran/PBL-001"), [:], STOP_ON_FAILURE): Call Test Case 'Test Cases/T13 Pembelian, Shipment dan Pembayaran/PBL-001' successfully

2023-10-05 10:55:59 - [TEST_CASE][PASSED] - Test Cases/T13 Pembelian, Shipment dan Pembayaran/PBL-001: Test Cases/T13 Pembelian, Shipment dan Pembayaran/PBL-001

2023-10-05 10:55:59 - [TEST_STEP][PASSED] - callTestCase(findTestCase("T13 Pembelian, Shipment dan Pembayaran/LU-001"), ["username":"irfanafandi", "password":"12345irfan"], STOP_ON_FAILURE): Call Test Case 'Test Cases/T13 Pembelian, Shipment dan Pembayaran/LU-001' successfully

2023-10-05 10:55:59 - [TEST_CASE][PASSED] - Test Cases/T13 Pembelian, Shipment dan Pembayaran/LU-001: Test Cases/T13 Pembelian, Shipment dan Pembayaran/LU-001

2023-10-05 10:55:59 - [TEST_STEP][PASSED] - openBrowser("https://10.9.2.63/ecommerce/"): Browser is opened with url: 'https://10.9.2.63/ecommerce/'

2023-10-05 10:55:59 - [MESSAGE][WARNING] - A browser is already opened. Closing browser and opening a new one

2023-10-05 10:56:00 - [MESSAGE][INFO] - Starting 'Edge Chromium' driver

2023-10-05 10:56:00 - [MESSAGE][INFO] - User set preference: ['acceptInsecureCerts', 'true']

2023-10-05 10:56:02 - [MESSAGE][INFO] - Action delay is set to 0 milliseconds

2023-10-05 10:56:06 - [MESSAGE][PASSED] - Browser is opened with url: 'https://10.9.2.63/ecommerce/'

2023-10-05 10:56:06 - [TEST_STEP][PASSED] - maximizeWindow(): Current window maximized

2023-10-05 10:56:06 - [MESSAGE][PASSED] - Current window maximized

2023-10-05 10:56:06 - [TEST_STEP][PASSED] - verifyElementPresent(findTestObject("Login/Home"), 0): Object 'Object Repository/Login/Home' is present

2023-10-05 10:56:06 - [MESSAGE][WARNING] - Timeout '0' is invalid. Using default page load timeout: '30'

2023-10-05 10:56:07 - [MESSAGE][PASSED] - Object 'Object Repository/Login/Home' is present

2023-10-05 10:56:07 - [TEST_STEP][PASSED] - click(findTestObject("Login/a_Login")): Object: 'Object Repository/Login/a_Login' is clicked on

2023-10-05 10:56:08 - [MESSAGE][PASSED] - Object: 'Object Repository/Login/a_Login' is clicked on

2023-10-05 10:56:08 - [TEST_STEP][PASSED] - verifyElementPresent(findTestObject("Login/Tittle Login"), 0): Object 'Object Repository/Login/Tittle Login' is present

2023-10-05 10:56:08 - [MESSAGE][WARNING] - Timeout '0' is invalid. Using default page load timeout: '30'

2023-10-05 10:56:08 - [MESSAGE][PASSED] - Object 'Object Repository/Login/Tittle Login' is present

2023-10-05 10:56:08 - [TEST_STEP][PASSED] - setText(findTestObject("Login/input_Username, Email atau No. Handphone_a"), username): Text 'irfanafandi' is set on object 'Object Repository/Login/input_Username, Email atau No. Handphone_a'

2023-10-05 10:56:09 - [MESSAGE][PASSED] - Text 'irfanafandi' is set on object 'Object Repository/Login/input_Username, Email atau No. Handphone_a'

2023-10-05 10:56:09 - [TEST_STEP][PASSED] - setText(findTestObject("Login/input_Password_b"), password): Text '12345irfan' is set on object 'Object Repository/Login/input_Password_b'

2023-10-05 10:56:10 - [MESSAGE][PASSED] - Text '12345irfan' is set on object 'Object Repository/Login/input_Password_b'

2023-10-05 10:56:10 - [TEST_STEP][PASSED] - click(findTestObject("Login/label_Ingat saya")): Object: 'Object Repository/Login/label_Ingat saya' is clicked on

2023-10-05 10:56:10 - [MESSAGE][PASSED] - Object: 'Object Repository/Login/label_Ingat saya' is clicked on

2023-10-05 10:56:10 - [TEST_STEP][PASSED] - click(findTestObject("Login/button_Masuk")): Object: 'Object Repository/Login/button_Masuk' is clicked on

2023-10-05 10:56:12 - [MESSAGE][PASSED] - Object: 'Object Repository/Login/button_Masuk' is clicked on

2023-10-05 10:56:12 - [TEST_STEP][PASSED] - verifyElementPresent(findTestObject("Login/li_Profile"), 0): Object 'Object Repository/Login/li_Profile' is present

2023-10-05 10:56:12 - [MESSAGE][WARNING] - Timeout '0' is invalid. Using default page load timeout: '30'

2023-10-05 10:56:13 - [MESSAGE][PASSED] - Object 'Object Repository/Login/li_Profile' is present

2023-10-05 10:56:13 - [MESSAGE][PASSED] - Call Test Case 'Test Cases/T13 Pembelian, Shipment dan Pembayaran/LU-001' successfully

2023-10-05 10:56:13 - [TEST_STEP][PASSED] - mouseOver(findTestObject("beli barang/i_Mulai Belanja_icon-menu")): Object: 'Object Repository/beli barang/i_Mulai Belanja_icon-menu' is hovered

2023-10-05 10:56:13 - [MESSAGE][PASSED] - Object: 'Object Repository/beli barang/i_Mulai Belanja_icon-menu' is hovered

2023-10-05 10:56:13 - [TEST_STEP][PASSED] - click(findTestObject("beli barang/a_Fashion  Busana Wanita")): Object: 'Object Repository/beli barang/a_Fashion  Busana Wanita' is clicked on

2023-10-05 10:56:14 - [MESSAGE][PASSED] - Object: 'Object Repository/beli barang/a_Fashion  Busana Wanita' is clicked on

2023-10-05 10:56:14 - [TEST_STEP][PASSED] - NamaSebelum = getText(findTestObject("verifikasi/Nama sebelum")): Text of object 'Object Repository/verifikasi/Nama sebelum' is: ''

2023-10-05 10:56:15 - [MESSAGE][PASSED] - Text of object 'Object Repository/verifikasi/Nama sebelum' is: ''

2023-10-05 10:56:15 - [TEST_STEP][PASSED] - HargaSebelum = getText(findTestObject("verifikasi/Harga sebelum")): Text of object 'Object Repository/verifikasi/Harga sebelum' is: 'Rp 1,299'

2023-10-05 10:56:16 - [MESSAGE][PASSED] - Text of object 'Object Repository/verifikasi/Harga sebelum' is: 'Rp 1,299'

2023-10-05 10:56:16 - [TEST_STEP][PASSED] - mouseOver(findTestObject("beli barang/barang mouse over")): Object: 'Object Repository/beli barang/barang mouse over' is hovered

2023-10-05 10:56:17 - [MESSAGE][PASSED] - Object: 'Object Repository/beli barang/barang mouse over' is hovered

2023-10-05 10:56:17 - [TEST_STEP][PASSED] - click(findTestObject("beli barang/buttom add to cart")): Object: 'Object Repository/beli barang/buttom add to cart' is clicked on

2023-10-05 10:56:18 - [MESSAGE][PASSED] - Object: 'Object Repository/beli barang/buttom add to cart' is clicked on

2023-10-05 10:56:18 - [TEST_STEP][PASSED] - NamaSesudah = getText(findTestObject("verifikasi/Nama sesudah")): Text of object 'Object Repository/verifikasi/Nama sesudah' is: 'Segitiga Instan Madeira - MDB5.3 Sunset'

2023-10-05 10:56:18 - [MESSAGE][PASSED] - Text of object 'Object Repository/verifikasi/Nama sesudah' is: 'Segitiga Instan Madeira - MDB5.3 Sunset'

2023-10-05 10:56:18 - [TEST_STEP][PASSED] - HargaSesudah = getText(findTestObject("verifikasi/Harga sesudah")): Text of object 'Object Repository/verifikasi/Harga sesudah' is: 'Rp 1,299'

2023-10-05 10:56:19 - [MESSAGE][PASSED] - Text of object 'Object Repository/verifikasi/Harga sesudah' is: 'Rp 1,299'

2023-10-05 10:56:19 - [TEST_STEP][PASSED] - assert NamaSesudah.contains(NamaSebelum): null

2023-10-05 10:56:19 - [TEST_STEP][PASSED] - assert HargaSesudah.contains(HargaSebelum): null

2023-10-05 10:56:19 - [TEST_STEP][PASSED] - click(findTestObject("beli barang/Tambah Keranjang busana wanita")): Object: 'Object Repository/beli barang/Tambah Keranjang busana wanita' is clicked on

2023-10-05 10:56:19 - [MESSAGE][PASSED] - Object: 'Object Repository/beli barang/Tambah Keranjang busana wanita' is clicked on

2023-10-05 10:56:19 - [TEST_STEP][PASSED] - verifyElementPresent(findTestObject("checkout/Notifikasi keranjang"), 1): Object 'Object Repository/checkout/Notifikasi keranjang' is present

2023-10-05 10:56:20 - [MESSAGE][PASSED] - Object 'Object Repository/checkout/Notifikasi keranjang' is present

2023-10-05 10:56:20 - [TEST_STEP][PASSED] - data = new java.util.HashMap(): null

2023-10-05 10:56:20 - [TEST_STEP][PASSED] - data.put("nama_barang", NamaSesudah): null

2023-10-05 10:56:20 - [TEST_STEP][PASSED] - data.put("price_barang", HargaSesudah): null

2023-10-05 10:56:20 - [TEST_STEP][PASSED] - return data: null

2023-10-05 10:56:20 - [MESSAGE][PASSED] - Call Test Case 'Test Cases/T13 Pembelian, Shipment dan Pembayaran/PBL-001' successfully

2023-10-05 10:56:20 - [TEST_STEP][PASSED] - mouseOver(findTestObject("beli barang/keranjang")): Object: 'Object Repository/beli barang/keranjang' is hovered

2023-10-05 10:56:21 - [MESSAGE][PASSED] - Object: 'Object Repository/beli barang/keranjang' is hovered

2023-10-05 10:56:21 - [TEST_STEP][PASSED] - click(findTestObject("beli barang/Lihat Sekarang")): Object: 'Object Repository/beli barang/Lihat Sekarang' is clicked on

2023-10-05 10:56:22 - [MESSAGE][PASSED] - Object: 'Object Repository/beli barang/Lihat Sekarang' is clicked on

2023-10-05 10:56:22 - [TEST_STEP][PASSED] - verifyElementPresent(findTestObject("keranjang/li_Keranjang Belanja"), 0): Object 'Object Repository/keranjang/li_Keranjang Belanja' is present

2023-10-05 10:56:22 - [MESSAGE][WARNING] - Timeout '0' is invalid. Using default page load timeout: '30'

2023-10-05 10:56:23 - [MESSAGE][PASSED] - Object 'Object Repository/keranjang/li_Keranjang Belanja' is present

2023-10-05 10:56:23 - [TEST_STEP][PASSED] - NamaKeranjang = getText(findTestObject("verifikasi/Nama keranjang")): Text of object 'Object Repository/verifikasi/Nama keranjang' is: 'Segitiga Instan Madeira - MDB5.3 Sunset'

2023-10-05 10:56:24 - [MESSAGE][PASSED] - Text of object 'Object Repository/verifikasi/Nama keranjang' is: 'Segitiga Instan Madeira - MDB5.3 Sunset'

2023-10-05 10:56:24 - [TEST_STEP][PASSED] - HargaKeranjang = getText(findTestObject("verifikasi/Harga Keranjang")): Text of object 'Object Repository/verifikasi/Harga Keranjang' is: 'Rp 1,299'

2023-10-05 10:56:24 - [MESSAGE][PASSED] - Text of object 'Object Repository/verifikasi/Harga Keranjang' is: 'Rp 1,299'

2023-10-05 10:56:24 - [TEST_STEP][PASSED] - if (toString().equalsIgnoreCase("Merah")): Object 'Object Repository/keranjang/input_Warna_variasi101' is checked

2023-10-05 10:56:24 - [TEST_STEP][PASSED] - check(findTestObject("Object Repository/keranjang/input_Warna_variasi101")): Object 'Object Repository/keranjang/input_Warna_variasi101' is checked

2023-10-05 10:56:24 - [MESSAGE][PASSED] - Object 'Object Repository/keranjang/input_Warna_variasi101' is checked

2023-10-05 10:56:24 - [TEST_STEP][PASSED] - if (toString().equalsIgnoreCase("Menengah")): Object 'Object Repository/keranjang/input_Ukuran_variasi201' is checked

2023-10-05 10:56:24 - [TEST_STEP][PASSED] - check(findTestObject("Object Repository/keranjang/input_Ukuran_variasi201")): Object 'Object Repository/keranjang/input_Ukuran_variasi201' is checked

2023-10-05 10:56:25 - [MESSAGE][PASSED] - Object 'Object Repository/keranjang/input_Ukuran_variasi201' is checked

2023-10-05 10:56:25 - [TEST_STEP][PASSED] - data.put("Warna", warna): null

2023-10-05 10:56:25 - [TEST_STEP][PASSED] - data.put("Ukuran", ukuran): null

2023-10-05 10:56:25 - [TEST_STEP][PASSED] - click(findTestObject("keranjang/button_Lanjut ke Pembayaran")): Object: 'Object Repository/keranjang/button_Lanjut ke Pembayaran' is clicked on

2023-10-05 10:56:26 - [MESSAGE][PASSED] - Object: 'Object Repository/keranjang/button_Lanjut ke Pembayaran' is clicked on

2023-10-05 10:56:26 - [TEST_STEP][PASSED] - verifyElementPresent(findTestObject("checkout/Tittle Checkout Order"), 0): Object 'Object Repository/checkout/Tittle Checkout Order' is present

2023-10-05 10:56:26 - [MESSAGE][WARNING] - Timeout '0' is invalid. Using default page load timeout: '30'

2023-10-05 10:56:27 - [MESSAGE][PASSED] - Object 'Object Repository/checkout/Tittle Checkout Order' is present

2023-10-05 10:56:27 - [TEST_STEP][PASSED] - name_product = data.get("nama_barang"): null

2023-10-05 10:56:27 - [TEST_STEP][PASSED] - price_product = data.get("price_barang"): null

2023-10-05 10:56:27 - [TEST_STEP][PASSED] - assert name_product == NamaKeranjang: null

2023-10-05 10:56:27 - [TEST_STEP][PASSED] - assert price_product == HargaKeranjang: null

2023-10-05 10:56:27 - [TEST_STEP][PASSED] - return data: null

2023-10-05 10:56:27 - [MESSAGE][PASSED] - Call Test Case 'Test Cases/T13 Pembelian, Shipment dan Pembayaran/PBL-002' successfully

2023-10-05 10:56:27 - [TEST_STEP][PASSED] - warnaa = getText(findTestObject("verifikasi/warna Merah")): Text of object 'Object Repository/verifikasi/warna Merah' is: 'Merah'

2023-10-05 10:56:27 - [MESSAGE][PASSED] - Text of object 'Object Repository/verifikasi/warna Merah' is: 'Merah'

2023-10-05 10:56:27 - [TEST_STEP][PASSED] - ukurann = getText(findTestObject("verifikasi/Ukuran Menengah")): Text of object 'Object Repository/verifikasi/Ukuran Menengah' is: 'Menengah'

2023-10-05 10:56:28 - [MESSAGE][PASSED] - Text of object 'Object Repository/verifikasi/Ukuran Menengah' is: 'Menengah'

2023-10-05 10:56:28 - [TEST_STEP][PASSED] - warna1 = data.get("Warna"): null

2023-10-05 10:56:28 - [TEST_STEP][PASSED] - ukuran1 = data.get("Ukuran"): null

2023-10-05 10:56:28 - [TEST_STEP][PASSED] - assert warnaa == warna1: null

2023-10-05 10:56:28 - [TEST_STEP][PASSED] - assert ukurann == ukuran1: null

2023-10-05 10:56:28 - [TEST_STEP][PASSED] - NamaCheckout = getText(findTestObject("verifikasi/NamaCheckout")): Text of object 'Object Repository/verifikasi/NamaCheckout' is: ''

2023-10-05 10:56:28 - [MESSAGE][PASSED] - Text of object 'Object Repository/verifikasi/NamaCheckout' is: ''

2023-10-05 10:56:28 - [TEST_STEP][PASSED] - HargaCheckout = getText(findTestObject("verifikasi/HargaCheckout")): Text of object 'Object Repository/verifikasi/HargaCheckout' is: '1,299'

2023-10-05 10:56:28 - [MESSAGE][PASSED] - Text of object 'Object Repository/verifikasi/HargaCheckout' is: '1,299'

2023-10-05 10:56:28 - [TEST_STEP][PASSED] - name_product = data.get("nama_barang"): null

2023-10-05 10:56:28 - [TEST_STEP][PASSED] - price_product = data.get("price_barang"): null

2023-10-05 10:56:28 - [TEST_STEP][PASSED] - assert name_product.contains(NamaCheckout): null

2023-10-05 10:56:28 - [TEST_STEP][PASSED] - assert price_product.contains(HargaCheckout): null

2023-10-05 10:56:28 - [TEST_STEP][PASSED] - selectOptionByLabel(findTestObject("checkout/select - Kirim via Kurir Lokal"), Kurir, false): All options with label 'Roda 2' are selected in object 'Object Repository/checkout/select - Kirim via Kurir Lokal' 

2023-10-05 10:56:29 - [MESSAGE][PASSED] - All options with label 'Roda 2' are selected in object 'Object Repository/checkout/select - Kirim via Kurir Lokal' 

2023-10-05 10:56:29 - [TEST_STEP][PASSED] - click(findTestObject("checkout/Kendaraan Kurir")): Object: 'Object Repository/checkout/Kendaraan Kurir' is clicked on

2023-10-05 10:56:30 - [MESSAGE][PASSED] - Object: 'Object Repository/checkout/Kendaraan Kurir' is clicked on

2023-10-05 10:56:30 - [TEST_STEP][PASSED] - OngkosKirim = getText(findTestObject("Object Repository/verifikasi/Ongkos Kirim checkout")): Text of object 'Object Repository/verifikasi/Ongkos Kirim checkout' is: 'Rp. 5,000'

2023-10-05 10:56:31 - [MESSAGE][PASSED] - Text of object 'Object Repository/verifikasi/Ongkos Kirim checkout' is: 'Rp. 5,000'

2023-10-05 10:56:31 - [TEST_STEP][PASSED] - Ongkos = OngkosKirim.substring(3, OngkosKirim.size()): null

2023-10-05 10:56:31 - [TEST_STEP][PASSED] - rep = Ongkos.replace(",", "."): null

2023-10-05 10:56:31 - [TEST_STEP][PASSED] - Ongkos_kirim = Double.parseDouble(rep): null

2023-10-05 10:56:31 - [TEST_STEP][PASSED] - println(Ongkos_kirim): null

2023-10-05 10:56:31 - [TEST_STEP][PASSED] - FeeAdmin = getText(findTestObject("verifikasi/Fee Admin checkout")): Text of object 'Object Repository/verifikasi/Fee Admin checkout' is: 'Fee Admin
Rp 1,500'

2023-10-05 10:56:31 - [MESSAGE][PASSED] - Text of object 'Object Repository/verifikasi/Fee Admin checkout' is: 'Fee Admin
Rp 1,500'

2023-10-05 10:56:31 - [TEST_STEP][PASSED] - Fee_Admin = FeeAdmin.substring(12, FeeAdmin.size()): null

2023-10-05 10:56:31 - [TEST_STEP][PASSED] - fee = Fee_Admin.replace(",", "."): null

2023-10-05 10:56:31 - [TEST_STEP][PASSED] - fee_admin = Double.parseDouble(fee): null

2023-10-05 10:56:31 - [TEST_STEP][PASSED] - println(fee_admin): null

2023-10-05 10:56:31 - [TEST_STEP][PASSED] - Subtotal = getText(findTestObject("verifikasi/subtotal checkout")): Text of object 'Object Repository/verifikasi/subtotal checkout' is: 'Subtotal
Rp 1,299'

2023-10-05 10:56:32 - [MESSAGE][PASSED] - Text of object 'Object Repository/verifikasi/subtotal checkout' is: 'Subtotal
Rp 1,299'

2023-10-05 10:56:32 - [TEST_STEP][PASSED] - sub_total = Subtotal.substring(12, Subtotal.size()): null

2023-10-05 10:56:32 - [TEST_STEP][PASSED] - sub = sub_total.replace(",", "."): null

2023-10-05 10:56:32 - [TEST_STEP][PASSED] - sub_total = Double.parseDouble(sub): null

2023-10-05 10:56:32 - [TEST_STEP][PASSED] - println(sub_total): null

2023-10-05 10:56:32 - [TEST_STEP][PASSED] - Total = getText(findTestObject("verifikasi/Total checkout")): Text of object 'Object Repository/verifikasi/Total checkout' is: 'Rp 7,799'

2023-10-05 10:56:32 - [MESSAGE][PASSED] - Text of object 'Object Repository/verifikasi/Total checkout' is: 'Rp 7,799'

2023-10-05 10:56:32 - [TEST_STEP][PASSED] - totall = Total.substring(3, Total.size()): null

2023-10-05 10:56:32 - [TEST_STEP][PASSED] - total = totall.replace(",", "."): null

2023-10-05 10:56:32 - [TEST_STEP][PASSED] - totall = Double.parseDouble(total): null

2023-10-05 10:56:32 - [TEST_STEP][PASSED] - println(totall): null

2023-10-05 10:56:32 - [TEST_STEP][PASSED] - Total_Harga = Ongkos_kirim + fee_admin + sub_total: null

2023-10-05 10:56:32 - [TEST_STEP][PASSED] - println(Total_Harga): null

2023-10-05 10:56:32 - [TEST_STEP][PASSED] - TotalHarga = Math.round(Total_Harga * 1000) / 1000: null

2023-10-05 10:56:32 - [TEST_STEP][PASSED] - println(TotalHarga): null

2023-10-05 10:56:32 - [TEST_STEP][PASSED] - assert totall == TotalHarga: null

2023-10-05 10:56:32 - [TEST_STEP][PASSED] - click(findTestObject("verifikasi/Metode Transfer")): Object: 'Object Repository/verifikasi/Metode Transfer' is clicked on

2023-10-05 10:56:32 - [MESSAGE][PASSED] - Object: 'Object Repository/verifikasi/Metode Transfer' is clicked on

2023-10-05 10:56:32 - [TEST_STEP][PASSED] - click(findTestObject("checkout/button_Proses Pembayaran")): Object: 'Object Repository/checkout/button_Proses Pembayaran' is clicked on

2023-10-05 10:56:41 - [MESSAGE][PASSED] - Object: 'Object Repository/checkout/button_Proses Pembayaran' is clicked on

2023-10-05 10:56:41 - [TEST_STEP][PASSED] - verifyElementPresent(findTestObject("pembayaran/Tittle nomor invoice"), 0): Object 'Object Repository/pembayaran/Tittle nomor invoice' is present

2023-10-05 10:56:41 - [MESSAGE][WARNING] - Timeout '0' is invalid. Using default page load timeout: '30'

2023-10-05 10:56:42 - [MESSAGE][PASSED] - Object 'Object Repository/pembayaran/Tittle nomor invoice' is present

2023-10-05 10:56:42 - [TEST_STEP][PASSED] - return data: null

2023-10-05 10:56:42 - [MESSAGE][PASSED] - Call Test Case 'Test Cases/T13 Pembelian, Shipment dan Pembayaran/PBL-004' successfully

2023-10-05 10:56:42 - [TEST_STEP][PASSED] - Invoice = getText(findTestObject("pembayaran/nomor invoice")): Text of object 'Object Repository/pembayaran/nomor invoice' is: 'TRX60.20231005105636'

2023-10-05 10:56:42 - [MESSAGE][PASSED] - Text of object 'Object Repository/pembayaran/nomor invoice' is: 'TRX60.20231005105636'

2023-10-05 10:56:42 - [TEST_STEP][PASSED] - data.put("invoice", Invoice): null

2023-10-05 10:56:42 - [TEST_STEP][PASSED] - NamaPemesan = getText(findTestObject("Konfirmasi pesanan shop/Nama pemesan")): Text of object 'Object Repository/Konfirmasi pesanan shop/Nama pemesan' is: 'irfan.afandi'

2023-10-05 10:56:43 - [MESSAGE][PASSED] - Text of object 'Object Repository/Konfirmasi pesanan shop/Nama pemesan' is: 'irfan.afandi'

2023-10-05 10:56:43 - [TEST_STEP][PASSED] - Nama = getText(findTestObject("pembayaran/Nama barang")): Text of object 'Object Repository/pembayaran/Nama barang' is: 'Segitiga Instan Madeira - MDB5.3 Sunset'

2023-10-05 10:56:43 - [MESSAGE][PASSED] - Text of object 'Object Repository/pembayaran/Nama barang' is: 'Segitiga Instan Madeira - MDB5.3 Sunset'

2023-10-05 10:56:43 - [TEST_STEP][PASSED] - Harga = getText(findTestObject("pembayaran/Harga barang")): Text of object 'Object Repository/pembayaran/Harga barang' is: '1,299'

2023-10-05 10:56:44 - [MESSAGE][PASSED] - Text of object 'Object Repository/pembayaran/Harga barang' is: '1,299'

2023-10-05 10:56:44 - [TEST_STEP][PASSED] - name_product = data.get("nama_barang"): null

2023-10-05 10:56:44 - [TEST_STEP][PASSED] - price_product = data.get("price_barang"): null

2023-10-05 10:56:44 - [TEST_STEP][PASSED] - assert name_product.contains(Nama): null

2023-10-05 10:56:44 - [TEST_STEP][PASSED] - assert price_product.contains(Harga): null

2023-10-05 10:56:44 - [TEST_STEP][PASSED] - warnaa = getText(findTestObject("pembayaran/warna")): Text of object 'Object Repository/pembayaran/warna' is: 'Merah'

2023-10-05 10:56:44 - [MESSAGE][PASSED] - Text of object 'Object Repository/pembayaran/warna' is: 'Merah'

2023-10-05 10:56:44 - [TEST_STEP][PASSED] - ukurann = getText(findTestObject("pembayaran/ukuran")): Text of object 'Object Repository/pembayaran/ukuran' is: 'Menengah'

2023-10-05 10:56:45 - [MESSAGE][PASSED] - Text of object 'Object Repository/pembayaran/ukuran' is: 'Menengah'

2023-10-05 10:56:45 - [TEST_STEP][PASSED] - warna1 = data.get("Warna"): null

2023-10-05 10:56:45 - [TEST_STEP][PASSED] - ukuran1 = data.get("Ukuran"): null

2023-10-05 10:56:45 - [TEST_STEP][PASSED] - assert warnaa == warna1: null

2023-10-05 10:56:45 - [TEST_STEP][PASSED] - assert ukurann == ukuran1: null

2023-10-05 10:56:45 - [TEST_STEP][PASSED] - statusPembelian = getText(findTestObject("verifikasi/Status pending di pembelian")): Text of object 'Object Repository/verifikasi/Status pending di pembelian' is: 'Pending'

2023-10-05 10:56:45 - [MESSAGE][PASSED] - Text of object 'Object Repository/verifikasi/Status pending di pembelian' is: 'Pending'

2023-10-05 10:56:45 - [TEST_STEP][PASSED] - data.put("statusPem", statusPembelian): null

2023-10-05 10:56:45 - [TEST_STEP][PASSED] - OngkosKirim = getText(findTestObject("pembayaran/ongkos kirim")): Text of object 'Object Repository/pembayaran/ongkos kirim' is: 'Rp 5,000'

2023-10-05 10:56:46 - [MESSAGE][PASSED] - Text of object 'Object Repository/pembayaran/ongkos kirim' is: 'Rp 5,000'

2023-10-05 10:56:46 - [TEST_STEP][PASSED] - Ongkos = OngkosKirim.substring(3, OngkosKirim.size()): null

2023-10-05 10:56:46 - [TEST_STEP][PASSED] - rep = Ongkos.replace(",", ""): null

2023-10-05 10:56:46 - [TEST_STEP][PASSED] - Ongkos_kirimm = Integer.parseInt(rep): null

2023-10-05 10:56:46 - [TEST_STEP][PASSED] - println(Ongkos_kirimm): null

2023-10-05 10:56:46 - [TEST_STEP][PASSED] - FeeAdmin = getText(findTestObject("pembayaran/fee admin")): Text of object 'Object Repository/pembayaran/fee admin' is: 'Rp 1,500'

2023-10-05 10:56:46 - [MESSAGE][PASSED] - Text of object 'Object Repository/pembayaran/fee admin' is: 'Rp 1,500'

2023-10-05 10:56:46 - [TEST_STEP][PASSED] - Fee_Admin = FeeAdmin.substring(3, FeeAdmin.size()): null

2023-10-05 10:56:46 - [TEST_STEP][PASSED] - fee = Fee_Admin.replace(",", ""): null

2023-10-05 10:56:46 - [TEST_STEP][PASSED] - fee_adminn = Integer.parseInt(fee): null

2023-10-05 10:56:46 - [TEST_STEP][PASSED] - println(fee_adminn): null

2023-10-05 10:56:46 - [TEST_STEP][PASSED] - Subtotal = getText(findTestObject("pembayaran/subtotal")): Text of object 'Object Repository/pembayaran/subtotal' is: 'Rp 1,299'

2023-10-05 10:56:47 - [MESSAGE][PASSED] - Text of object 'Object Repository/pembayaran/subtotal' is: 'Rp 1,299'

2023-10-05 10:56:47 - [TEST_STEP][PASSED] - sub_total = Subtotal.substring(3, Subtotal.size()): null

2023-10-05 10:56:47 - [TEST_STEP][PASSED] - sub = sub_total.replace(",", ""): null

2023-10-05 10:56:47 - [TEST_STEP][PASSED] - sub_totall = Integer.parseInt(sub): null

2023-10-05 10:56:47 - [TEST_STEP][PASSED] - println(sub_totall): null

2023-10-05 10:56:47 - [TEST_STEP][PASSED] - unik = getText(findTestObject("pembayaran/kode unik")): Text of object 'Object Repository/pembayaran/kode unik' is: '+636'

2023-10-05 10:56:47 - [MESSAGE][PASSED] - Text of object 'Object Repository/pembayaran/kode unik' is: '+636'

2023-10-05 10:56:47 - [TEST_STEP][PASSED] - unikk = unik.replace("+", ""): null

2023-10-05 10:56:47 - [TEST_STEP][PASSED] - kode_unik = Integer.parseInt(unikk): null

2023-10-05 10:56:47 - [TEST_STEP][PASSED] - println(kode_unik): null

2023-10-05 10:56:47 - [TEST_STEP][PASSED] - Total = getText(findTestObject("pembayaran/total")): Text of object 'Object Repository/pembayaran/total' is: '8,435'

2023-10-05 10:56:48 - [MESSAGE][PASSED] - Text of object 'Object Repository/pembayaran/total' is: '8,435'

2023-10-05 10:56:48 - [TEST_STEP][PASSED] - total = Total.replace(",", ""): null

2023-10-05 10:56:48 - [TEST_STEP][PASSED] - totalll = Integer.parseInt(total): null

2023-10-05 10:56:48 - [TEST_STEP][PASSED] - println(totalll): null

2023-10-05 10:56:48 - [TEST_STEP][PASSED] - Total_Hargaa = Ongkos_kirimm + fee_adminn + sub_totall + kode_unik: null

2023-10-05 10:56:48 - [TEST_STEP][PASSED] - println(Total_Hargaa): null

2023-10-05 10:56:48 - [TEST_STEP][PASSED] - assert totalll == Total_Hargaa: null

2023-10-05 10:56:48 - [TEST_STEP][PASSED] - data.put("total", Total): null

2023-10-05 10:56:48 - [TEST_STEP][PASSED] - data.put("nama", NamaPemesan): null

2023-10-05 10:56:48 - [TEST_STEP][PASSED] - return data: null

2023-10-05 10:56:48 - [MESSAGE][PASSED] - Call Test Case 'Test Cases/T13 Pembelian, Shipment dan Pembayaran/PBY-001' successfully

2023-10-05 10:56:48 - [TEST_STEP][PASSED] - inv = data.get("invoice"): null

2023-10-05 10:56:48 - [TEST_STEP][PASSED] - Total = data.get("total"): null

2023-10-05 10:56:48 - [TEST_STEP][PASSED] - NamaPemesan = data.get("nama"): null

2023-10-05 10:56:48 - [TEST_STEP][PASSED] - click(findTestObject("Konfirmasi pesanan shop/Menu Shop")): Object: 'Object Repository/Konfirmasi pesanan shop/Menu Shop' is clicked on

2023-10-05 10:56:50 - [MESSAGE][PASSED] - Object: 'Object Repository/Konfirmasi pesanan shop/Menu Shop' is clicked on

2023-10-05 10:56:50 - [TEST_STEP][PASSED] - click(findTestObject("Konfirmasi pesanan shop/Menu Shop")): Object: 'Object Repository/Konfirmasi pesanan shop/Menu Shop' is clicked on

2023-10-05 10:56:50 - [MESSAGE][PASSED] - Object: 'Object Repository/Konfirmasi pesanan shop/Menu Shop' is clicked on

2023-10-05 10:56:50 - [TEST_STEP][PASSED] - click(findTestObject("Konfirmasi pesanan shop/Konfirmasi Orders")): Object: 'Object Repository/Konfirmasi pesanan shop/Konfirmasi Orders' is clicked on

2023-10-05 10:56:51 - [MESSAGE][PASSED] - Object: 'Object Repository/Konfirmasi pesanan shop/Konfirmasi Orders' is clicked on

2023-10-05 10:56:51 - [TEST_STEP][PASSED] - verifyElementPresent(findTestObject("Konfirmasi pesanan shop/Tittle Konfirmasi Pesanan"), 0): Object 'Object Repository/Konfirmasi pesanan shop/Tittle Konfirmasi Pesanan' is present

2023-10-05 10:56:51 - [MESSAGE][WARNING] - Timeout '0' is invalid. Using default page load timeout: '30'

2023-10-05 10:56:52 - [MESSAGE][PASSED] - Object 'Object Repository/Konfirmasi pesanan shop/Tittle Konfirmasi Pesanan' is present

2023-10-05 10:56:52 - [TEST_STEP][PASSED] - setText(findTestObject("Konfirmasi pesanan shop/input_No Pesanan"), inv): Text 'TRX60.20231005105636' is set on object 'Object Repository/Konfirmasi pesanan shop/input_No Pesanan'

2023-10-05 10:56:53 - [MESSAGE][PASSED] - Text 'TRX60.20231005105636' is set on object 'Object Repository/Konfirmasi pesanan shop/input_No Pesanan'

2023-10-05 10:56:53 - [TEST_STEP][PASSED] - setText(findTestObject("Konfirmasi pesanan shop/input_Alamat E-mai"), "irfan@gmail.com"): Text 'irfan@gmail.com' is set on object 'Object Repository/Konfirmasi pesanan shop/input_Alamat E-mai'

2023-10-05 10:56:54 - [MESSAGE][PASSED] - Text 'irfan@gmail.com' is set on object 'Object Repository/Konfirmasi pesanan shop/input_Alamat E-mai'

2023-10-05 10:56:54 - [TEST_STEP][PASSED] - click(findTestObject("Konfirmasi pesanan shop/button_Submit")): Object: 'Object Repository/Konfirmasi pesanan shop/button_Submit' is clicked on

2023-10-05 10:56:55 - [MESSAGE][PASSED] - Object: 'Object Repository/Konfirmasi pesanan shop/button_Submit' is clicked on

2023-10-05 10:56:55 - [TEST_STEP][PASSED] - verifyElementPresent(findTestObject("Konfirmasi pesanan shop/Tittle nomor invoice"), 0): Object 'Object Repository/Konfirmasi pesanan shop/Tittle nomor invoice' is present

2023-10-05 10:56:55 - [MESSAGE][WARNING] - Timeout '0' is invalid. Using default page load timeout: '30'

2023-10-05 10:56:55 - [MESSAGE][PASSED] - Object 'Object Repository/Konfirmasi pesanan shop/Tittle nomor invoice' is present

2023-10-05 10:56:55 - [TEST_STEP][PASSED] - clearText(findTestObject("Konfirmasi pesanan shop/input_Total TagihanTransfer_b"), STOP_ON_FAILURE): Text of object 'Object Repository/Konfirmasi pesanan shop/input_Total TagihanTransfer_b' is cleared

2023-10-05 10:56:56 - [MESSAGE][PASSED] - Text of object 'Object Repository/Konfirmasi pesanan shop/input_Total TagihanTransfer_b' is cleared

2023-10-05 10:56:56 - [TEST_STEP][PASSED] - setText(findTestObject("Konfirmasi pesanan shop/input_Total TagihanTransfer_b"), "-1"): Text '-1' is set on object 'Object Repository/Konfirmasi pesanan shop/input_Total TagihanTransfer_b'

2023-10-05 10:56:57 - [MESSAGE][PASSED] - Text '-1' is set on object 'Object Repository/Konfirmasi pesanan shop/input_Total TagihanTransfer_b'

2023-10-05 10:56:57 - [TEST_STEP][PASSED] - selectOptionByValue(findTestObject("Konfirmasi pesanan shop/select_Bank"), "4", false): All options with value '4' are selected in object 'Object Repository/Konfirmasi pesanan shop/select_Bank' 

2023-10-05 10:56:58 - [MESSAGE][PASSED] - All options with value '4' are selected in object 'Object Repository/Konfirmasi pesanan shop/select_Bank' 

2023-10-05 10:56:58 - [TEST_STEP][PASSED] - setText(findTestObject("Konfirmasi pesanan shop/input_Nama Pengirim_d"), NamaPemesan): Text 'irfan.afandi' is set on object 'Object Repository/Konfirmasi pesanan shop/input_Nama Pengirim_d'

2023-10-05 10:56:58 - [MESSAGE][PASSED] - Text 'irfan.afandi' is set on object 'Object Repository/Konfirmasi pesanan shop/input_Nama Pengirim_d'

2023-10-05 10:56:58 - [TEST_STEP][PASSED] - uploadFile(findTestObject("Konfirmasi pesanan shop/input_Upload Bukti Transfer_f"), "C:\Users\IRFAN\Downloads\Berkas2.pdf"): File 'C:\Users\IRFAN\Downloads\Berkas2.pdf' sent to object: 'Object Repository/Konfirmasi pesanan shop/input_Upload Bukti Transfer_f'

2023-10-05 10:56:59 - [MESSAGE][PASSED] - File 'C:\Users\IRFAN\Downloads\Berkas2.pdf' sent to object: 'Object Repository/Konfirmasi pesanan shop/input_Upload Bukti Transfer_f'

2023-10-05 10:56:59 - [TEST_STEP][PASSED] - click(findTestObject("Konfirmasi pesanan shop/button_Konfirmasi Pembayaran")): Object: 'Object Repository/Konfirmasi pesanan shop/button_Konfirmasi Pembayaran' is clicked on

2023-10-05 10:57:00 - [MESSAGE][PASSED] - Object: 'Object Repository/Konfirmasi pesanan shop/button_Konfirmasi Pembayaran' is clicked on

2023-10-05 10:57:00 - [TEST_STEP][FAILED] - verifyTextPresent("inputkan harus angka sesuai", false): Unable to verify text 'inputkan harus angka sesuai' is present  (Root cause: com.kms.katalon.core.exception.StepFailedException: Unable to verify text 'inputkan harus angka sesuai' is present 
	at com.kms.katalon.core.webui.keyword.internal.WebUIKeywordMain.stepFailed(WebUIKeywordMain.groovy:64)
	at com.kms.katalon.core.webui.keyword.internal.WebUIKeywordMain.runKeyword(WebUIKeywordMain.groovy:26)
	at com.kms.katalon.core.webui.keyword.builtin.VerifyTextPresentKeyword.verifyTextPresent(VerifyTextPresentKeyword.groovy:83)
	at com.kms.katalon.core.webui.keyword.builtin.VerifyTextPresentKeyword.execute(VerifyTextPresentKeyword.groovy:68)
	at com.kms.katalon.core.keyword.internal.KeywordExecutor.executeKeywordForPlatform(KeywordExecutor.groovy:74)
	at com.kms.katalon.core.webui.keyword.WebUiBuiltInKeywords.verifyTextPresent(WebUiBuiltInKeywords.groovy:1723)
	at com.kms.katalon.core.webui.keyword.WebUiBuiltInKeywords$verifyTextPresent$7.call(Unknown Source)
	at PBY-006.run(PBY-006:61)
	at com.kms.katalon.core.main.ScriptEngine.run(ScriptEngine.java:194)
	at com.kms.katalon.core.main.ScriptEngine.runScriptAsRawText(ScriptEngine.java:119)
	at com.kms.katalon.core.main.TestCaseExecutor.runScript(TestCaseExecutor.java:448)
	at com.kms.katalon.core.main.TestCaseExecutor.doExecute(TestCaseExecutor.java:439)
	at com.kms.katalon.core.main.TestCaseExecutor.processExecutionPhase(TestCaseExecutor.java:418)
	at com.kms.katalon.core.main.TestCaseExecutor.accessMainPhase(TestCaseExecutor.java:410)
	at com.kms.katalon.core.main.TestCaseExecutor.execute(TestCaseExecutor.java:285)
	at com.kms.katalon.core.common.CommonExecutor.accessTestCaseMainPhase(CommonExecutor.java:65)
	at com.kms.katalon.core.main.TestSuiteExecutor.accessTestSuiteMainPhase(TestSuiteExecutor.java:148)
	at com.kms.katalon.core.main.TestSuiteExecutor.execute(TestSuiteExecutor.java:106)
	at com.kms.katalon.core.main.TestCaseMain.startTestSuite(TestCaseMain.java:187)
	at com.kms.katalon.core.main.TestCaseMain$startTestSuite$0.call(Unknown Source)
	at TempTestSuite1696477503821.run(TempTestSuite1696477503821.groovy:36)
Caused by: com.kms.katalon.core.exception.StepFailedException: Text 'inputkan harus angka sesuai' is not present on page 
	at com.kms.katalon.core.webui.keyword.internal.WebUIKeywordMain.stepFailed(WebUIKeywordMain.groovy:64)
	at com.kms.katalon.core.webui.keyword.builtin.VerifyTextPresentKeyword$_verifyTextPresent_closure1.doCall(VerifyTextPresentKeyword.groovy:79)
	at com.kms.katalon.core.webui.keyword.builtin.VerifyTextPresentKeyword$_verifyTextPresent_closure1.call(VerifyTextPresentKeyword.groovy)
	at com.kms.katalon.core.webui.keyword.internal.WebUIKeywordMain.runKeyword(WebUIKeywordMain.groovy:20)
	... 19 more
)

2023-10-05 10:57:01 - [MESSAGE][FAILED] - Text 'inputkan harus angka sesuai' is not present on page  (Root cause: com.kms.katalon.core.exception.StepFailedException: Text 'inputkan harus angka sesuai' is not present on page 
	at com.kms.katalon.core.webui.keyword.internal.WebUIKeywordMain.stepFailed(WebUIKeywordMain.groovy:64)
	at com.kms.katalon.core.webui.keyword.builtin.VerifyTextPresentKeyword$_verifyTextPresent_closure1.doCall(VerifyTextPresentKeyword.groovy:79)
	at com.kms.katalon.core.webui.keyword.builtin.VerifyTextPresentKeyword$_verifyTextPresent_closure1.call(VerifyTextPresentKeyword.groovy)
	at com.kms.katalon.core.webui.keyword.internal.WebUIKeywordMain.runKeyword(WebUIKeywordMain.groovy:20)
	at com.kms.katalon.core.webui.keyword.builtin.VerifyTextPresentKeyword.verifyTextPresent(VerifyTextPresentKeyword.groovy:83)
	at com.kms.katalon.core.webui.keyword.builtin.VerifyTextPresentKeyword.execute(VerifyTextPresentKeyword.groovy:68)
	at com.kms.katalon.core.keyword.internal.KeywordExecutor.executeKeywordForPlatform(KeywordExecutor.groovy:74)
	at com.kms.katalon.core.webui.keyword.WebUiBuiltInKeywords.verifyTextPresent(WebUiBuiltInKeywords.groovy:1723)
	at com.kms.katalon.core.webui.keyword.WebUiBuiltInKeywords$verifyTextPresent$7.call(Unknown Source)
	at PBY-006.run(PBY-006:61)
	at com.kms.katalon.core.main.ScriptEngine.run(ScriptEngine.java:194)
	at com.kms.katalon.core.main.ScriptEngine.runScriptAsRawText(ScriptEngine.java:119)
	at com.kms.katalon.core.main.TestCaseExecutor.runScript(TestCaseExecutor.java:448)
	at com.kms.katalon.core.main.TestCaseExecutor.doExecute(TestCaseExecutor.java:439)
	at com.kms.katalon.core.main.TestCaseExecutor.processExecutionPhase(TestCaseExecutor.java:418)
	at com.kms.katalon.core.main.TestCaseExecutor.accessMainPhase(TestCaseExecutor.java:410)
	at com.kms.katalon.core.main.TestCaseExecutor.execute(TestCaseExecutor.java:285)
	at com.kms.katalon.core.common.CommonExecutor.accessTestCaseMainPhase(CommonExecutor.java:65)
	at com.kms.katalon.core.main.TestSuiteExecutor.accessTestSuiteMainPhase(TestSuiteExecutor.java:148)
	at com.kms.katalon.core.main.TestSuiteExecutor.execute(TestSuiteExecutor.java:106)
	at com.kms.katalon.core.main.TestCaseMain.startTestSuite(TestCaseMain.java:187)
	at com.kms.katalon.core.main.TestCaseMain$startTestSuite$0.call(Unknown Source)
	at TempTestSuite1696477503821.run(TempTestSuite1696477503821.groovy:36)
)

2023-10-05 10:57:01 - [MESSAGE][FAILED] - Unable to verify text 'inputkan harus angka sesuai' is present  (Root cause: com.kms.katalon.core.exception.StepFailedException: Unable to verify text 'inputkan harus angka sesuai' is present 
	at com.kms.katalon.core.webui.keyword.internal.WebUIKeywordMain.stepFailed(WebUIKeywordMain.groovy:64)
	at com.kms.katalon.core.webui.keyword.internal.WebUIKeywordMain.runKeyword(WebUIKeywordMain.groovy:26)
	at com.kms.katalon.core.webui.keyword.builtin.VerifyTextPresentKeyword.verifyTextPresent(VerifyTextPresentKeyword.groovy:83)
	at com.kms.katalon.core.webui.keyword.builtin.VerifyTextPresentKeyword.execute(VerifyTextPresentKeyword.groovy:68)
	at com.kms.katalon.core.keyword.internal.KeywordExecutor.executeKeywordForPlatform(KeywordExecutor.groovy:74)
	at com.kms.katalon.core.webui.keyword.WebUiBuiltInKeywords.verifyTextPresent(WebUiBuiltInKeywords.groovy:1723)
	at com.kms.katalon.core.webui.keyword.WebUiBuiltInKeywords$verifyTextPresent$7.call(Unknown Source)
	at PBY-006.run(PBY-006:61)
	at com.kms.katalon.core.main.ScriptEngine.run(ScriptEngine.java:194)
	at com.kms.katalon.core.main.ScriptEngine.runScriptAsRawText(ScriptEngine.java:119)
	at com.kms.katalon.core.main.TestCaseExecutor.runScript(TestCaseExecutor.java:448)
	at com.kms.katalon.core.main.TestCaseExecutor.doExecute(TestCaseExecutor.java:439)
	at com.kms.katalon.core.main.TestCaseExecutor.processExecutionPhase(TestCaseExecutor.java:418)
	at com.kms.katalon.core.main.TestCaseExecutor.accessMainPhase(TestCaseExecutor.java:410)
	at com.kms.katalon.core.main.TestCaseExecutor.execute(TestCaseExecutor.java:285)
	at com.kms.katalon.core.common.CommonExecutor.accessTestCaseMainPhase(CommonExecutor.java:65)
	at com.kms.katalon.core.main.TestSuiteExecutor.accessTestSuiteMainPhase(TestSuiteExecutor.java:148)
	at com.kms.katalon.core.main.TestSuiteExecutor.execute(TestSuiteExecutor.java:106)
	at com.kms.katalon.core.main.TestCaseMain.startTestSuite(TestCaseMain.java:187)
	at com.kms.katalon.core.main.TestCaseMain$startTestSuite$0.call(Unknown Source)
	at TempTestSuite1696477503821.run(TempTestSuite1696477503821.groovy:36)
Caused by: com.kms.katalon.core.exception.StepFailedException: Text 'inputkan harus angka sesuai' is not present on page 
	at com.kms.katalon.core.webui.keyword.internal.WebUIKeywordMain.stepFailed(WebUIKeywordMain.groovy:64)
	at com.kms.katalon.core.webui.keyword.builtin.VerifyTextPresentKeyword$_verifyTextPresent_closure1.doCall(VerifyTextPresentKeyword.groovy:79)
	at com.kms.katalon.core.webui.keyword.builtin.VerifyTextPresentKeyword$_verifyTextPresent_closure1.call(VerifyTextPresentKeyword.groovy)
	at com.kms.katalon.core.webui.keyword.internal.WebUIKeywordMain.runKeyword(WebUIKeywordMain.groovy:20)
	... 19 more
)
[[ATTACHMENT|C:\\FT2 XSIS\\Projek 2 MINI PROJEK\\Reports\\20231005_104503\\T13 Pembelian, Shipment dan Pembayaran\\T13 Pembelian, Shipment dan Pembayaran\\20231005_104503\\1696478221427.png]]]]></system-out>
         <system-err><![CDATA[2023-10-05 10:55:58 - [TEST_CASE][FAILED] - Test Cases/T13 Pembelian, Shipment dan Pembayaran/PBY-006: Test Cases/T13 Pembelian, Shipment dan Pembayaran/PBY-006 FAILED.
Reason:
com.kms.katalon.core.exception.StepFailedException: Unable to verify text 'inputkan harus angka sesuai' is present 
	at com.kms.katalon.core.webui.keyword.internal.WebUIKeywordMain.stepFailed(WebUIKeywordMain.groovy:64)
	at com.kms.katalon.core.webui.keyword.internal.WebUIKeywordMain.runKeyword(WebUIKeywordMain.groovy:26)
	at com.kms.katalon.core.webui.keyword.builtin.VerifyTextPresentKeyword.verifyTextPresent(VerifyTextPresentKeyword.groovy:83)
	at com.kms.katalon.core.webui.keyword.builtin.VerifyTextPresentKeyword.execute(VerifyTextPresentKeyword.groovy:68)
	at com.kms.katalon.core.keyword.internal.KeywordExecutor.executeKeywordForPlatform(KeywordExecutor.groovy:74)
	at com.kms.katalon.core.webui.keyword.WebUiBuiltInKeywords.verifyTextPresent(WebUiBuiltInKeywords.groovy:1723)
	at com.kms.katalon.core.webui.keyword.WebUiBuiltInKeywords$verifyTextPresent$7.call(Unknown Source)
	at PBY-006.run(PBY-006:61)
	at com.kms.katalon.core.main.ScriptEngine.run(ScriptEngine.java:194)
	at com.kms.katalon.core.main.ScriptEngine.runScriptAsRawText(ScriptEngine.java:119)
	at com.kms.katalon.core.main.TestCaseExecutor.runScript(TestCaseExecutor.java:448)
	at com.kms.katalon.core.main.TestCaseExecutor.doExecute(TestCaseExecutor.java:439)
	at com.kms.katalon.core.main.TestCaseExecutor.processExecutionPhase(TestCaseExecutor.java:418)
	at com.kms.katalon.core.main.TestCaseExecutor.accessMainPhase(TestCaseExecutor.java:410)
	at com.kms.katalon.core.main.TestCaseExecutor.execute(TestCaseExecutor.java:285)
	at com.kms.katalon.core.common.CommonExecutor.accessTestCaseMainPhase(CommonExecutor.java:65)
	at com.kms.katalon.core.main.TestSuiteExecutor.accessTestSuiteMainPhase(TestSuiteExecutor.java:148)
	at com.kms.katalon.core.main.TestSuiteExecutor.execute(TestSuiteExecutor.java:106)
	at com.kms.katalon.core.main.TestCaseMain.startTestSuite(TestCaseMain.java:187)
	at com.kms.katalon.core.main.TestCaseMain$startTestSuite$0.call(Unknown Source)
	at TempTestSuite1696477503821.run(TempTestSuite1696477503821.groovy:36)
Caused by: com.kms.katalon.core.exception.StepFailedException: Text 'inputkan harus angka sesuai' is not present on page 
	at com.kms.katalon.core.webui.keyword.internal.WebUIKeywordMain.stepFailed(WebUIKeywordMain.groovy:64)
	at com.kms.katalon.core.webui.keyword.builtin.VerifyTextPresentKeyword$_verifyTextPresent_closure1.doCall(VerifyTextPresentKeyword.groovy:79)
	at com.kms.katalon.core.webui.keyword.builtin.VerifyTextPresentKeyword$_verifyTextPresent_closure1.call(VerifyTextPresentKeyword.groovy)
	at com.kms.katalon.core.webui.keyword.internal.WebUIKeywordMain.runKeyword(WebUIKeywordMain.groovy:20)
	... 19 more]]></system-err>
      </testcase>
      <testcase name="Test Cases/T13 Pembelian, Shipment dan Pembayaran/PBY-007" time="59.64" classname="Test Cases/T13 Pembelian, Shipment dan Pembayaran/PBY-007" status="PASSED">
         <system-out><![CDATA[2023-10-05 10:57:01 - [TEST_CASE][PASSED] - Test Cases/T13 Pembelian, Shipment dan Pembayaran/PBY-007: Test Cases/T13 Pembelian, Shipment dan Pembayaran/PBY-007

2023-10-05 10:57:01 - [TEST_STEP][PASSED] - data = callTestCase(findTestCase("T13 Pembelian, Shipment dan Pembayaran/PBY-001"), [:], STOP_ON_FAILURE): Call Test Case 'Test Cases/T13 Pembelian, Shipment dan Pembayaran/PBY-001' successfully

2023-10-05 10:57:02 - [TEST_CASE][PASSED] - Test Cases/T13 Pembelian, Shipment dan Pembayaran/PBY-001: Test Cases/T13 Pembelian, Shipment dan Pembayaran/PBY-001

2023-10-05 10:57:02 - [TEST_STEP][PASSED] - data = callTestCase(findTestCase("T13 Pembelian, Shipment dan Pembayaran/PBL-004"), ["Kurir":"Roda 2"], STOP_ON_FAILURE): Call Test Case 'Test Cases/T13 Pembelian, Shipment dan Pembayaran/PBL-004' successfully

2023-10-05 10:57:02 - [TEST_CASE][PASSED] - Test Cases/T13 Pembelian, Shipment dan Pembayaran/PBL-004: Test Cases/T13 Pembelian, Shipment dan Pembayaran/PBL-004

2023-10-05 10:57:02 - [TEST_STEP][PASSED] - data = callTestCase(findTestCase("T13 Pembelian, Shipment dan Pembayaran/PBL-002"), [:], STOP_ON_FAILURE): Call Test Case 'Test Cases/T13 Pembelian, Shipment dan Pembayaran/PBL-002' successfully

2023-10-05 10:57:02 - [TEST_CASE][PASSED] - Test Cases/T13 Pembelian, Shipment dan Pembayaran/PBL-002: Test Cases/T13 Pembelian, Shipment dan Pembayaran/PBL-002

2023-10-05 10:57:02 - [TEST_STEP][PASSED] - data = callTestCase(findTestCase("T13 Pembelian, Shipment dan Pembayaran/PBL-001"), [:], STOP_ON_FAILURE): Call Test Case 'Test Cases/T13 Pembelian, Shipment dan Pembayaran/PBL-001' successfully

2023-10-05 10:57:02 - [TEST_CASE][PASSED] - Test Cases/T13 Pembelian, Shipment dan Pembayaran/PBL-001: Test Cases/T13 Pembelian, Shipment dan Pembayaran/PBL-001

2023-10-05 10:57:02 - [TEST_STEP][PASSED] - callTestCase(findTestCase("T13 Pembelian, Shipment dan Pembayaran/LU-001"), ["username":"irfanafandi", "password":"12345irfan"], STOP_ON_FAILURE): Call Test Case 'Test Cases/T13 Pembelian, Shipment dan Pembayaran/LU-001' successfully

2023-10-05 10:57:02 - [TEST_CASE][PASSED] - Test Cases/T13 Pembelian, Shipment dan Pembayaran/LU-001: Test Cases/T13 Pembelian, Shipment dan Pembayaran/LU-001

2023-10-05 10:57:02 - [TEST_STEP][PASSED] - openBrowser("https://10.9.2.63/ecommerce/"): Browser is opened with url: 'https://10.9.2.63/ecommerce/'

2023-10-05 10:57:02 - [MESSAGE][WARNING] - A browser is already opened. Closing browser and opening a new one

2023-10-05 10:57:03 - [MESSAGE][INFO] - Starting 'Edge Chromium' driver

2023-10-05 10:57:03 - [MESSAGE][INFO] - User set preference: ['acceptInsecureCerts', 'true']

2023-10-05 10:57:05 - [MESSAGE][INFO] - Action delay is set to 0 milliseconds

2023-10-05 10:57:08 - [MESSAGE][PASSED] - Browser is opened with url: 'https://10.9.2.63/ecommerce/'

2023-10-05 10:57:08 - [TEST_STEP][PASSED] - maximizeWindow(): Current window maximized

2023-10-05 10:57:08 - [MESSAGE][PASSED] - Current window maximized

2023-10-05 10:57:08 - [TEST_STEP][PASSED] - verifyElementPresent(findTestObject("Login/Home"), 0): Object 'Object Repository/Login/Home' is present

2023-10-05 10:57:08 - [MESSAGE][WARNING] - Timeout '0' is invalid. Using default page load timeout: '30'

2023-10-05 10:57:09 - [MESSAGE][PASSED] - Object 'Object Repository/Login/Home' is present

2023-10-05 10:57:09 - [TEST_STEP][PASSED] - click(findTestObject("Login/a_Login")): Object: 'Object Repository/Login/a_Login' is clicked on

2023-10-05 10:57:10 - [MESSAGE][PASSED] - Object: 'Object Repository/Login/a_Login' is clicked on

2023-10-05 10:57:10 - [TEST_STEP][PASSED] - verifyElementPresent(findTestObject("Login/Tittle Login"), 0): Object 'Object Repository/Login/Tittle Login' is present

2023-10-05 10:57:10 - [MESSAGE][WARNING] - Timeout '0' is invalid. Using default page load timeout: '30'

2023-10-05 10:57:10 - [MESSAGE][PASSED] - Object 'Object Repository/Login/Tittle Login' is present

2023-10-05 10:57:10 - [TEST_STEP][PASSED] - setText(findTestObject("Login/input_Username, Email atau No. Handphone_a"), username): Text 'irfanafandi' is set on object 'Object Repository/Login/input_Username, Email atau No. Handphone_a'

2023-10-05 10:57:11 - [MESSAGE][PASSED] - Text 'irfanafandi' is set on object 'Object Repository/Login/input_Username, Email atau No. Handphone_a'

2023-10-05 10:57:11 - [TEST_STEP][PASSED] - setText(findTestObject("Login/input_Password_b"), password): Text '12345irfan' is set on object 'Object Repository/Login/input_Password_b'

2023-10-05 10:57:12 - [MESSAGE][PASSED] - Text '12345irfan' is set on object 'Object Repository/Login/input_Password_b'

2023-10-05 10:57:12 - [TEST_STEP][PASSED] - click(findTestObject("Login/label_Ingat saya")): Object: 'Object Repository/Login/label_Ingat saya' is clicked on

2023-10-05 10:57:12 - [MESSAGE][PASSED] - Object: 'Object Repository/Login/label_Ingat saya' is clicked on

2023-10-05 10:57:12 - [TEST_STEP][PASSED] - click(findTestObject("Login/button_Masuk")): Object: 'Object Repository/Login/button_Masuk' is clicked on

2023-10-05 10:57:14 - [MESSAGE][PASSED] - Object: 'Object Repository/Login/button_Masuk' is clicked on

2023-10-05 10:57:14 - [TEST_STEP][PASSED] - verifyElementPresent(findTestObject("Login/li_Profile"), 0): Object 'Object Repository/Login/li_Profile' is present

2023-10-05 10:57:14 - [MESSAGE][WARNING] - Timeout '0' is invalid. Using default page load timeout: '30'

2023-10-05 10:57:15 - [MESSAGE][PASSED] - Object 'Object Repository/Login/li_Profile' is present

2023-10-05 10:57:15 - [MESSAGE][PASSED] - Call Test Case 'Test Cases/T13 Pembelian, Shipment dan Pembayaran/LU-001' successfully

2023-10-05 10:57:15 - [TEST_STEP][PASSED] - mouseOver(findTestObject("beli barang/i_Mulai Belanja_icon-menu")): Object: 'Object Repository/beli barang/i_Mulai Belanja_icon-menu' is hovered

2023-10-05 10:57:15 - [MESSAGE][PASSED] - Object: 'Object Repository/beli barang/i_Mulai Belanja_icon-menu' is hovered

2023-10-05 10:57:15 - [TEST_STEP][PASSED] - click(findTestObject("beli barang/a_Fashion  Busana Wanita")): Object: 'Object Repository/beli barang/a_Fashion  Busana Wanita' is clicked on

2023-10-05 10:57:17 - [MESSAGE][PASSED] - Object: 'Object Repository/beli barang/a_Fashion  Busana Wanita' is clicked on

2023-10-05 10:57:17 - [TEST_STEP][PASSED] - NamaSebelum = getText(findTestObject("verifikasi/Nama sebelum")): Text of object 'Object Repository/verifikasi/Nama sebelum' is: ''

2023-10-05 10:57:17 - [MESSAGE][PASSED] - Text of object 'Object Repository/verifikasi/Nama sebelum' is: ''

2023-10-05 10:57:17 - [TEST_STEP][PASSED] - HargaSebelum = getText(findTestObject("verifikasi/Harga sebelum")): Text of object 'Object Repository/verifikasi/Harga sebelum' is: 'Rp 1,299'

2023-10-05 10:57:17 - [MESSAGE][PASSED] - Text of object 'Object Repository/verifikasi/Harga sebelum' is: 'Rp 1,299'

2023-10-05 10:57:17 - [TEST_STEP][PASSED] - mouseOver(findTestObject("beli barang/barang mouse over")): Object: 'Object Repository/beli barang/barang mouse over' is hovered

2023-10-05 10:57:18 - [MESSAGE][PASSED] - Object: 'Object Repository/beli barang/barang mouse over' is hovered

2023-10-05 10:57:18 - [TEST_STEP][PASSED] - click(findTestObject("beli barang/buttom add to cart")): Object: 'Object Repository/beli barang/buttom add to cart' is clicked on

2023-10-05 10:57:20 - [MESSAGE][PASSED] - Object: 'Object Repository/beli barang/buttom add to cart' is clicked on

2023-10-05 10:57:20 - [TEST_STEP][PASSED] - NamaSesudah = getText(findTestObject("verifikasi/Nama sesudah")): Text of object 'Object Repository/verifikasi/Nama sesudah' is: 'Segitiga Instan Madeira - MDB5.3 Sunset'

2023-10-05 10:57:20 - [MESSAGE][PASSED] - Text of object 'Object Repository/verifikasi/Nama sesudah' is: 'Segitiga Instan Madeira - MDB5.3 Sunset'

2023-10-05 10:57:20 - [TEST_STEP][PASSED] - HargaSesudah = getText(findTestObject("verifikasi/Harga sesudah")): Text of object 'Object Repository/verifikasi/Harga sesudah' is: 'Rp 1,299'

2023-10-05 10:57:21 - [MESSAGE][PASSED] - Text of object 'Object Repository/verifikasi/Harga sesudah' is: 'Rp 1,299'

2023-10-05 10:57:21 - [TEST_STEP][PASSED] - assert NamaSesudah.contains(NamaSebelum): null

2023-10-05 10:57:21 - [TEST_STEP][PASSED] - assert HargaSesudah.contains(HargaSebelum): null

2023-10-05 10:57:21 - [TEST_STEP][PASSED] - click(findTestObject("beli barang/Tambah Keranjang busana wanita")): Object: 'Object Repository/beli barang/Tambah Keranjang busana wanita' is clicked on

2023-10-05 10:57:21 - [MESSAGE][PASSED] - Object: 'Object Repository/beli barang/Tambah Keranjang busana wanita' is clicked on

2023-10-05 10:57:21 - [TEST_STEP][PASSED] - verifyElementPresent(findTestObject("checkout/Notifikasi keranjang"), 1): Object 'Object Repository/checkout/Notifikasi keranjang' is present

2023-10-05 10:57:22 - [MESSAGE][PASSED] - Object 'Object Repository/checkout/Notifikasi keranjang' is present

2023-10-05 10:57:22 - [TEST_STEP][PASSED] - data = new java.util.HashMap(): null

2023-10-05 10:57:22 - [TEST_STEP][PASSED] - data.put("nama_barang", NamaSesudah): null

2023-10-05 10:57:22 - [TEST_STEP][PASSED] - data.put("price_barang", HargaSesudah): null

2023-10-05 10:57:22 - [TEST_STEP][PASSED] - return data: null

2023-10-05 10:57:22 - [MESSAGE][PASSED] - Call Test Case 'Test Cases/T13 Pembelian, Shipment dan Pembayaran/PBL-001' successfully

2023-10-05 10:57:22 - [TEST_STEP][PASSED] - mouseOver(findTestObject("beli barang/keranjang")): Object: 'Object Repository/beli barang/keranjang' is hovered

2023-10-05 10:57:23 - [MESSAGE][PASSED] - Object: 'Object Repository/beli barang/keranjang' is hovered

2023-10-05 10:57:23 - [TEST_STEP][PASSED] - click(findTestObject("beli barang/Lihat Sekarang")): Object: 'Object Repository/beli barang/Lihat Sekarang' is clicked on

2023-10-05 10:57:23 - [MESSAGE][PASSED] - Object: 'Object Repository/beli barang/Lihat Sekarang' is clicked on

2023-10-05 10:57:23 - [TEST_STEP][PASSED] - verifyElementPresent(findTestObject("keranjang/li_Keranjang Belanja"), 0): Object 'Object Repository/keranjang/li_Keranjang Belanja' is present

2023-10-05 10:57:23 - [MESSAGE][WARNING] - Timeout '0' is invalid. Using default page load timeout: '30'

2023-10-05 10:57:25 - [MESSAGE][PASSED] - Object 'Object Repository/keranjang/li_Keranjang Belanja' is present

2023-10-05 10:57:25 - [TEST_STEP][PASSED] - NamaKeranjang = getText(findTestObject("verifikasi/Nama keranjang")): Text of object 'Object Repository/verifikasi/Nama keranjang' is: 'Segitiga Instan Madeira - MDB5.3 Sunset'

2023-10-05 10:57:25 - [MESSAGE][PASSED] - Text of object 'Object Repository/verifikasi/Nama keranjang' is: 'Segitiga Instan Madeira - MDB5.3 Sunset'

2023-10-05 10:57:25 - [TEST_STEP][PASSED] - HargaKeranjang = getText(findTestObject("verifikasi/Harga Keranjang")): Text of object 'Object Repository/verifikasi/Harga Keranjang' is: 'Rp 1,299'

2023-10-05 10:57:25 - [MESSAGE][PASSED] - Text of object 'Object Repository/verifikasi/Harga Keranjang' is: 'Rp 1,299'

2023-10-05 10:57:25 - [TEST_STEP][PASSED] - if (toString().equalsIgnoreCase("Merah")): Object 'Object Repository/keranjang/input_Warna_variasi101' is checked

2023-10-05 10:57:25 - [TEST_STEP][PASSED] - check(findTestObject("Object Repository/keranjang/input_Warna_variasi101")): Object 'Object Repository/keranjang/input_Warna_variasi101' is checked

2023-10-05 10:57:26 - [MESSAGE][PASSED] - Object 'Object Repository/keranjang/input_Warna_variasi101' is checked

2023-10-05 10:57:26 - [TEST_STEP][PASSED] - if (toString().equalsIgnoreCase("Menengah")): Object 'Object Repository/keranjang/input_Ukuran_variasi201' is checked

2023-10-05 10:57:26 - [TEST_STEP][PASSED] - check(findTestObject("Object Repository/keranjang/input_Ukuran_variasi201")): Object 'Object Repository/keranjang/input_Ukuran_variasi201' is checked

2023-10-05 10:57:26 - [MESSAGE][PASSED] - Object 'Object Repository/keranjang/input_Ukuran_variasi201' is checked

2023-10-05 10:57:26 - [TEST_STEP][PASSED] - data.put("Warna", warna): null

2023-10-05 10:57:26 - [TEST_STEP][PASSED] - data.put("Ukuran", ukuran): null

2023-10-05 10:57:26 - [TEST_STEP][PASSED] - click(findTestObject("keranjang/button_Lanjut ke Pembayaran")): Object: 'Object Repository/keranjang/button_Lanjut ke Pembayaran' is clicked on

2023-10-05 10:57:28 - [MESSAGE][PASSED] - Object: 'Object Repository/keranjang/button_Lanjut ke Pembayaran' is clicked on

2023-10-05 10:57:28 - [TEST_STEP][PASSED] - verifyElementPresent(findTestObject("checkout/Tittle Checkout Order"), 0): Object 'Object Repository/checkout/Tittle Checkout Order' is present

2023-10-05 10:57:28 - [MESSAGE][WARNING] - Timeout '0' is invalid. Using default page load timeout: '30'

2023-10-05 10:57:28 - [MESSAGE][PASSED] - Object 'Object Repository/checkout/Tittle Checkout Order' is present

2023-10-05 10:57:28 - [TEST_STEP][PASSED] - name_product = data.get("nama_barang"): null

2023-10-05 10:57:28 - [TEST_STEP][PASSED] - price_product = data.get("price_barang"): null

2023-10-05 10:57:28 - [TEST_STEP][PASSED] - assert name_product == NamaKeranjang: null

2023-10-05 10:57:28 - [TEST_STEP][PASSED] - assert price_product == HargaKeranjang: null

2023-10-05 10:57:28 - [TEST_STEP][PASSED] - return data: null

2023-10-05 10:57:28 - [MESSAGE][PASSED] - Call Test Case 'Test Cases/T13 Pembelian, Shipment dan Pembayaran/PBL-002' successfully

2023-10-05 10:57:28 - [TEST_STEP][PASSED] - warnaa = getText(findTestObject("verifikasi/warna Merah")): Text of object 'Object Repository/verifikasi/warna Merah' is: 'Merah'

2023-10-05 10:57:29 - [MESSAGE][PASSED] - Text of object 'Object Repository/verifikasi/warna Merah' is: 'Merah'

2023-10-05 10:57:29 - [TEST_STEP][PASSED] - ukurann = getText(findTestObject("verifikasi/Ukuran Menengah")): Text of object 'Object Repository/verifikasi/Ukuran Menengah' is: 'Menengah'

2023-10-05 10:57:29 - [MESSAGE][PASSED] - Text of object 'Object Repository/verifikasi/Ukuran Menengah' is: 'Menengah'

2023-10-05 10:57:29 - [TEST_STEP][PASSED] - warna1 = data.get("Warna"): null

2023-10-05 10:57:29 - [TEST_STEP][PASSED] - ukuran1 = data.get("Ukuran"): null

2023-10-05 10:57:29 - [TEST_STEP][PASSED] - assert warnaa == warna1: null

2023-10-05 10:57:29 - [TEST_STEP][PASSED] - assert ukurann == ukuran1: null

2023-10-05 10:57:29 - [TEST_STEP][PASSED] - NamaCheckout = getText(findTestObject("verifikasi/NamaCheckout")): Text of object 'Object Repository/verifikasi/NamaCheckout' is: ''

2023-10-05 10:57:29 - [MESSAGE][PASSED] - Text of object 'Object Repository/verifikasi/NamaCheckout' is: ''

2023-10-05 10:57:29 - [TEST_STEP][PASSED] - HargaCheckout = getText(findTestObject("verifikasi/HargaCheckout")): Text of object 'Object Repository/verifikasi/HargaCheckout' is: '1,299'

2023-10-05 10:57:30 - [MESSAGE][PASSED] - Text of object 'Object Repository/verifikasi/HargaCheckout' is: '1,299'

2023-10-05 10:57:30 - [TEST_STEP][PASSED] - name_product = data.get("nama_barang"): null

2023-10-05 10:57:30 - [TEST_STEP][PASSED] - price_product = data.get("price_barang"): null

2023-10-05 10:57:30 - [TEST_STEP][PASSED] - assert name_product.contains(NamaCheckout): null

2023-10-05 10:57:30 - [TEST_STEP][PASSED] - assert price_product.contains(HargaCheckout): null

2023-10-05 10:57:30 - [TEST_STEP][PASSED] - selectOptionByLabel(findTestObject("checkout/select - Kirim via Kurir Lokal"), Kurir, false): All options with label 'Roda 2' are selected in object 'Object Repository/checkout/select - Kirim via Kurir Lokal' 

2023-10-05 10:57:30 - [MESSAGE][PASSED] - All options with label 'Roda 2' are selected in object 'Object Repository/checkout/select - Kirim via Kurir Lokal' 

2023-10-05 10:57:30 - [TEST_STEP][PASSED] - click(findTestObject("checkout/Kendaraan Kurir")): Object: 'Object Repository/checkout/Kendaraan Kurir' is clicked on

2023-10-05 10:57:31 - [MESSAGE][PASSED] - Object: 'Object Repository/checkout/Kendaraan Kurir' is clicked on

2023-10-05 10:57:31 - [TEST_STEP][PASSED] - OngkosKirim = getText(findTestObject("Object Repository/verifikasi/Ongkos Kirim checkout")): Text of object 'Object Repository/verifikasi/Ongkos Kirim checkout' is: 'Rp. 5,000'

2023-10-05 10:57:32 - [MESSAGE][PASSED] - Text of object 'Object Repository/verifikasi/Ongkos Kirim checkout' is: 'Rp. 5,000'

2023-10-05 10:57:32 - [TEST_STEP][PASSED] - Ongkos = OngkosKirim.substring(3, OngkosKirim.size()): null

2023-10-05 10:57:32 - [TEST_STEP][PASSED] - rep = Ongkos.replace(",", "."): null

2023-10-05 10:57:32 - [TEST_STEP][PASSED] - Ongkos_kirim = Double.parseDouble(rep): null

2023-10-05 10:57:32 - [TEST_STEP][PASSED] - println(Ongkos_kirim): null

2023-10-05 10:57:32 - [TEST_STEP][PASSED] - FeeAdmin = getText(findTestObject("verifikasi/Fee Admin checkout")): Text of object 'Object Repository/verifikasi/Fee Admin checkout' is: 'Fee Admin
Rp 1,500'

2023-10-05 10:57:32 - [MESSAGE][PASSED] - Text of object 'Object Repository/verifikasi/Fee Admin checkout' is: 'Fee Admin
Rp 1,500'

2023-10-05 10:57:32 - [TEST_STEP][PASSED] - Fee_Admin = FeeAdmin.substring(12, FeeAdmin.size()): null

2023-10-05 10:57:32 - [TEST_STEP][PASSED] - fee = Fee_Admin.replace(",", "."): null

2023-10-05 10:57:32 - [TEST_STEP][PASSED] - fee_admin = Double.parseDouble(fee): null

2023-10-05 10:57:32 - [TEST_STEP][PASSED] - println(fee_admin): null

2023-10-05 10:57:32 - [TEST_STEP][PASSED] - Subtotal = getText(findTestObject("verifikasi/subtotal checkout")): Text of object 'Object Repository/verifikasi/subtotal checkout' is: 'Subtotal
Rp 1,299'

2023-10-05 10:57:32 - [MESSAGE][PASSED] - Text of object 'Object Repository/verifikasi/subtotal checkout' is: 'Subtotal
Rp 1,299'

2023-10-05 10:57:32 - [TEST_STEP][PASSED] - sub_total = Subtotal.substring(12, Subtotal.size()): null

2023-10-05 10:57:32 - [TEST_STEP][PASSED] - sub = sub_total.replace(",", "."): null

2023-10-05 10:57:32 - [TEST_STEP][PASSED] - sub_total = Double.parseDouble(sub): null

2023-10-05 10:57:32 - [TEST_STEP][PASSED] - println(sub_total): null

2023-10-05 10:57:32 - [TEST_STEP][PASSED] - Total = getText(findTestObject("verifikasi/Total checkout")): Text of object 'Object Repository/verifikasi/Total checkout' is: 'Rp 7,799'

2023-10-05 10:57:33 - [MESSAGE][PASSED] - Text of object 'Object Repository/verifikasi/Total checkout' is: 'Rp 7,799'

2023-10-05 10:57:33 - [TEST_STEP][PASSED] - totall = Total.substring(3, Total.size()): null

2023-10-05 10:57:33 - [TEST_STEP][PASSED] - total = totall.replace(",", "."): null

2023-10-05 10:57:33 - [TEST_STEP][PASSED] - totall = Double.parseDouble(total): null

2023-10-05 10:57:33 - [TEST_STEP][PASSED] - println(totall): null

2023-10-05 10:57:33 - [TEST_STEP][PASSED] - Total_Harga = Ongkos_kirim + fee_admin + sub_total: null

2023-10-05 10:57:33 - [TEST_STEP][PASSED] - println(Total_Harga): null

2023-10-05 10:57:33 - [TEST_STEP][PASSED] - TotalHarga = Math.round(Total_Harga * 1000) / 1000: null

2023-10-05 10:57:33 - [TEST_STEP][PASSED] - println(TotalHarga): null

2023-10-05 10:57:33 - [TEST_STEP][PASSED] - assert totall == TotalHarga: null

2023-10-05 10:57:33 - [TEST_STEP][PASSED] - click(findTestObject("verifikasi/Metode Transfer")): Object: 'Object Repository/verifikasi/Metode Transfer' is clicked on

2023-10-05 10:57:33 - [MESSAGE][PASSED] - Object: 'Object Repository/verifikasi/Metode Transfer' is clicked on

2023-10-05 10:57:33 - [TEST_STEP][PASSED] - click(findTestObject("checkout/button_Proses Pembayaran")): Object: 'Object Repository/checkout/button_Proses Pembayaran' is clicked on

2023-10-05 10:57:43 - [MESSAGE][PASSED] - Object: 'Object Repository/checkout/button_Proses Pembayaran' is clicked on

2023-10-05 10:57:43 - [TEST_STEP][PASSED] - verifyElementPresent(findTestObject("pembayaran/Tittle nomor invoice"), 0): Object 'Object Repository/pembayaran/Tittle nomor invoice' is present

2023-10-05 10:57:43 - [MESSAGE][WARNING] - Timeout '0' is invalid. Using default page load timeout: '30'

2023-10-05 10:57:44 - [MESSAGE][PASSED] - Object 'Object Repository/pembayaran/Tittle nomor invoice' is present

2023-10-05 10:57:44 - [TEST_STEP][PASSED] - return data: null

2023-10-05 10:57:44 - [MESSAGE][PASSED] - Call Test Case 'Test Cases/T13 Pembelian, Shipment dan Pembayaran/PBL-004' successfully

2023-10-05 10:57:44 - [TEST_STEP][PASSED] - Invoice = getText(findTestObject("pembayaran/nomor invoice")): Text of object 'Object Repository/pembayaran/nomor invoice' is: 'TRX60.20231005105737'

2023-10-05 10:57:44 - [MESSAGE][PASSED] - Text of object 'Object Repository/pembayaran/nomor invoice' is: 'TRX60.20231005105737'

2023-10-05 10:57:44 - [TEST_STEP][PASSED] - data.put("invoice", Invoice): null

2023-10-05 10:57:44 - [TEST_STEP][PASSED] - NamaPemesan = getText(findTestObject("Konfirmasi pesanan shop/Nama pemesan")): Text of object 'Object Repository/Konfirmasi pesanan shop/Nama pemesan' is: 'irfan.afandi'

2023-10-05 10:57:45 - [MESSAGE][PASSED] - Text of object 'Object Repository/Konfirmasi pesanan shop/Nama pemesan' is: 'irfan.afandi'

2023-10-05 10:57:45 - [TEST_STEP][PASSED] - Nama = getText(findTestObject("pembayaran/Nama barang")): Text of object 'Object Repository/pembayaran/Nama barang' is: 'Segitiga Instan Madeira - MDB5.3 Sunset'

2023-10-05 10:57:45 - [MESSAGE][PASSED] - Text of object 'Object Repository/pembayaran/Nama barang' is: 'Segitiga Instan Madeira - MDB5.3 Sunset'

2023-10-05 10:57:45 - [TEST_STEP][PASSED] - Harga = getText(findTestObject("pembayaran/Harga barang")): Text of object 'Object Repository/pembayaran/Harga barang' is: '1,299'

2023-10-05 10:57:46 - [MESSAGE][PASSED] - Text of object 'Object Repository/pembayaran/Harga barang' is: '1,299'

2023-10-05 10:57:46 - [TEST_STEP][PASSED] - name_product = data.get("nama_barang"): null

2023-10-05 10:57:46 - [TEST_STEP][PASSED] - price_product = data.get("price_barang"): null

2023-10-05 10:57:46 - [TEST_STEP][PASSED] - assert name_product.contains(Nama): null

2023-10-05 10:57:46 - [TEST_STEP][PASSED] - assert price_product.contains(Harga): null

2023-10-05 10:57:46 - [TEST_STEP][PASSED] - warnaa = getText(findTestObject("pembayaran/warna")): Text of object 'Object Repository/pembayaran/warna' is: 'Merah'

2023-10-05 10:57:46 - [MESSAGE][PASSED] - Text of object 'Object Repository/pembayaran/warna' is: 'Merah'

2023-10-05 10:57:46 - [TEST_STEP][PASSED] - ukurann = getText(findTestObject("pembayaran/ukuran")): Text of object 'Object Repository/pembayaran/ukuran' is: 'Menengah'

2023-10-05 10:57:47 - [MESSAGE][PASSED] - Text of object 'Object Repository/pembayaran/ukuran' is: 'Menengah'

2023-10-05 10:57:47 - [TEST_STEP][PASSED] - warna1 = data.get("Warna"): null

2023-10-05 10:57:47 - [TEST_STEP][PASSED] - ukuran1 = data.get("Ukuran"): null

2023-10-05 10:57:47 - [TEST_STEP][PASSED] - assert warnaa == warna1: null

2023-10-05 10:57:47 - [TEST_STEP][PASSED] - assert ukurann == ukuran1: null

2023-10-05 10:57:47 - [TEST_STEP][PASSED] - statusPembelian = getText(findTestObject("verifikasi/Status pending di pembelian")): Text of object 'Object Repository/verifikasi/Status pending di pembelian' is: 'Pending'

2023-10-05 10:57:47 - [MESSAGE][PASSED] - Text of object 'Object Repository/verifikasi/Status pending di pembelian' is: 'Pending'

2023-10-05 10:57:47 - [TEST_STEP][PASSED] - data.put("statusPem", statusPembelian): null

2023-10-05 10:57:47 - [TEST_STEP][PASSED] - OngkosKirim = getText(findTestObject("pembayaran/ongkos kirim")): Text of object 'Object Repository/pembayaran/ongkos kirim' is: 'Rp 5,000'

2023-10-05 10:57:48 - [MESSAGE][PASSED] - Text of object 'Object Repository/pembayaran/ongkos kirim' is: 'Rp 5,000'

2023-10-05 10:57:48 - [TEST_STEP][PASSED] - Ongkos = OngkosKirim.substring(3, OngkosKirim.size()): null

2023-10-05 10:57:48 - [TEST_STEP][PASSED] - rep = Ongkos.replace(",", ""): null

2023-10-05 10:57:48 - [TEST_STEP][PASSED] - Ongkos_kirimm = Integer.parseInt(rep): null

2023-10-05 10:57:48 - [TEST_STEP][PASSED] - println(Ongkos_kirimm): null

2023-10-05 10:57:48 - [TEST_STEP][PASSED] - FeeAdmin = getText(findTestObject("pembayaran/fee admin")): Text of object 'Object Repository/pembayaran/fee admin' is: 'Rp 1,500'

2023-10-05 10:57:48 - [MESSAGE][PASSED] - Text of object 'Object Repository/pembayaran/fee admin' is: 'Rp 1,500'

2023-10-05 10:57:48 - [TEST_STEP][PASSED] - Fee_Admin = FeeAdmin.substring(3, FeeAdmin.size()): null

2023-10-05 10:57:48 - [TEST_STEP][PASSED] - fee = Fee_Admin.replace(",", ""): null

2023-10-05 10:57:48 - [TEST_STEP][PASSED] - fee_adminn = Integer.parseInt(fee): null

2023-10-05 10:57:48 - [TEST_STEP][PASSED] - println(fee_adminn): null

2023-10-05 10:57:48 - [TEST_STEP][PASSED] - Subtotal = getText(findTestObject("pembayaran/subtotal")): Text of object 'Object Repository/pembayaran/subtotal' is: 'Rp 1,299'

2023-10-05 10:57:49 - [MESSAGE][PASSED] - Text of object 'Object Repository/pembayaran/subtotal' is: 'Rp 1,299'

2023-10-05 10:57:49 - [TEST_STEP][PASSED] - sub_total = Subtotal.substring(3, Subtotal.size()): null

2023-10-05 10:57:49 - [TEST_STEP][PASSED] - sub = sub_total.replace(",", ""): null

2023-10-05 10:57:49 - [TEST_STEP][PASSED] - sub_totall = Integer.parseInt(sub): null

2023-10-05 10:57:49 - [TEST_STEP][PASSED] - println(sub_totall): null

2023-10-05 10:57:49 - [TEST_STEP][PASSED] - unik = getText(findTestObject("pembayaran/kode unik")): Text of object 'Object Repository/pembayaran/kode unik' is: '+737'

2023-10-05 10:57:49 - [MESSAGE][PASSED] - Text of object 'Object Repository/pembayaran/kode unik' is: '+737'

2023-10-05 10:57:49 - [TEST_STEP][PASSED] - unikk = unik.replace("+", ""): null

2023-10-05 10:57:49 - [TEST_STEP][PASSED] - kode_unik = Integer.parseInt(unikk): null

2023-10-05 10:57:49 - [TEST_STEP][PASSED] - println(kode_unik): null

2023-10-05 10:57:49 - [TEST_STEP][PASSED] - Total = getText(findTestObject("pembayaran/total")): Text of object 'Object Repository/pembayaran/total' is: '8,536'

2023-10-05 10:57:50 - [MESSAGE][PASSED] - Text of object 'Object Repository/pembayaran/total' is: '8,536'

2023-10-05 10:57:50 - [TEST_STEP][PASSED] - total = Total.replace(",", ""): null

2023-10-05 10:57:50 - [TEST_STEP][PASSED] - totalll = Integer.parseInt(total): null

2023-10-05 10:57:50 - [TEST_STEP][PASSED] - println(totalll): null

2023-10-05 10:57:50 - [TEST_STEP][PASSED] - Total_Hargaa = Ongkos_kirimm + fee_adminn + sub_totall + kode_unik: null

2023-10-05 10:57:50 - [TEST_STEP][PASSED] - println(Total_Hargaa): null

2023-10-05 10:57:50 - [TEST_STEP][PASSED] - assert totalll == Total_Hargaa: null

2023-10-05 10:57:50 - [TEST_STEP][PASSED] - data.put("total", Total): null

2023-10-05 10:57:50 - [TEST_STEP][PASSED] - data.put("nama", NamaPemesan): null

2023-10-05 10:57:50 - [TEST_STEP][PASSED] - return data: null

2023-10-05 10:57:50 - [MESSAGE][PASSED] - Call Test Case 'Test Cases/T13 Pembelian, Shipment dan Pembayaran/PBY-001' successfully

2023-10-05 10:57:50 - [TEST_STEP][PASSED] - inv = data.get("invoice"): null

2023-10-05 10:57:50 - [TEST_STEP][PASSED] - Total = data.get("total"): null

2023-10-05 10:57:50 - [TEST_STEP][PASSED] - NamaPemesan = data.get("nama"): null

2023-10-05 10:57:50 - [TEST_STEP][PASSED] - click(findTestObject("Konfirmasi pesanan shop/Menu Shop")): Object: 'Object Repository/Konfirmasi pesanan shop/Menu Shop' is clicked on

2023-10-05 10:57:52 - [MESSAGE][PASSED] - Object: 'Object Repository/Konfirmasi pesanan shop/Menu Shop' is clicked on

2023-10-05 10:57:52 - [TEST_STEP][PASSED] - click(findTestObject("Konfirmasi pesanan shop/Menu Shop")): Object: 'Object Repository/Konfirmasi pesanan shop/Menu Shop' is clicked on

2023-10-05 10:57:52 - [MESSAGE][PASSED] - Object: 'Object Repository/Konfirmasi pesanan shop/Menu Shop' is clicked on

2023-10-05 10:57:52 - [TEST_STEP][PASSED] - click(findTestObject("Konfirmasi pesanan shop/Konfirmasi Orders")): Object: 'Object Repository/Konfirmasi pesanan shop/Konfirmasi Orders' is clicked on

2023-10-05 10:57:53 - [MESSAGE][PASSED] - Object: 'Object Repository/Konfirmasi pesanan shop/Konfirmasi Orders' is clicked on

2023-10-05 10:57:53 - [TEST_STEP][PASSED] - verifyElementPresent(findTestObject("Konfirmasi pesanan shop/Tittle Konfirmasi Pesanan"), 0): Object 'Object Repository/Konfirmasi pesanan shop/Tittle Konfirmasi Pesanan' is present

2023-10-05 10:57:53 - [MESSAGE][WARNING] - Timeout '0' is invalid. Using default page load timeout: '30'

2023-10-05 10:57:54 - [MESSAGE][PASSED] - Object 'Object Repository/Konfirmasi pesanan shop/Tittle Konfirmasi Pesanan' is present

2023-10-05 10:57:54 - [TEST_STEP][PASSED] - setText(findTestObject("Konfirmasi pesanan shop/input_No Pesanan"), inv): Text 'TRX60.20231005105737' is set on object 'Object Repository/Konfirmasi pesanan shop/input_No Pesanan'

2023-10-05 10:57:55 - [MESSAGE][PASSED] - Text 'TRX60.20231005105737' is set on object 'Object Repository/Konfirmasi pesanan shop/input_No Pesanan'

2023-10-05 10:57:55 - [TEST_STEP][PASSED] - setText(findTestObject("Konfirmasi pesanan shop/input_Alamat E-mai"), "irfan@gmail.com"): Text 'irfan@gmail.com' is set on object 'Object Repository/Konfirmasi pesanan shop/input_Alamat E-mai'

2023-10-05 10:57:56 - [MESSAGE][PASSED] - Text 'irfan@gmail.com' is set on object 'Object Repository/Konfirmasi pesanan shop/input_Alamat E-mai'

2023-10-05 10:57:56 - [TEST_STEP][PASSED] - click(findTestObject("Konfirmasi pesanan shop/button_Submit")): Object: 'Object Repository/Konfirmasi pesanan shop/button_Submit' is clicked on

2023-10-05 10:57:57 - [MESSAGE][PASSED] - Object: 'Object Repository/Konfirmasi pesanan shop/button_Submit' is clicked on

2023-10-05 10:57:57 - [TEST_STEP][PASSED] - verifyElementPresent(findTestObject("Konfirmasi pesanan shop/Tittle nomor invoice"), 0): Object 'Object Repository/Konfirmasi pesanan shop/Tittle nomor invoice' is present

2023-10-05 10:57:57 - [MESSAGE][WARNING] - Timeout '0' is invalid. Using default page load timeout: '30'

2023-10-05 10:57:57 - [MESSAGE][PASSED] - Object 'Object Repository/Konfirmasi pesanan shop/Tittle nomor invoice' is present

2023-10-05 10:57:57 - [TEST_STEP][PASSED] - setText(findTestObject("Konfirmasi pesanan shop/input_Total TagihanTransfer_b"), Total): Text '8,536' is set on object 'Object Repository/Konfirmasi pesanan shop/input_Total TagihanTransfer_b'

2023-10-05 10:57:58 - [MESSAGE][PASSED] - Text '8,536' is set on object 'Object Repository/Konfirmasi pesanan shop/input_Total TagihanTransfer_b'

2023-10-05 10:57:58 - [TEST_STEP][PASSED] - selectOptionByValue(findTestObject("Konfirmasi pesanan shop/select_Bank"), "4", false): All options with value '4' are selected in object 'Object Repository/Konfirmasi pesanan shop/select_Bank' 

2023-10-05 10:57:59 - [MESSAGE][PASSED] - All options with value '4' are selected in object 'Object Repository/Konfirmasi pesanan shop/select_Bank' 

2023-10-05 10:57:59 - [TEST_STEP][PASSED] - clearText(findTestObject("Konfirmasi pesanan shop/input_Nama Pengirim_d"), STOP_ON_FAILURE): Text of object 'Object Repository/Konfirmasi pesanan shop/input_Nama Pengirim_d' is cleared

2023-10-05 10:58:00 - [MESSAGE][PASSED] - Text of object 'Object Repository/Konfirmasi pesanan shop/input_Nama Pengirim_d' is cleared

2023-10-05 10:58:00 - [TEST_STEP][PASSED] - uploadFile(findTestObject("Konfirmasi pesanan shop/input_Upload Bukti Transfer_f"), "C:\Users\IRFAN\Downloads\Berkas2.pdf"): File 'C:\Users\IRFAN\Downloads\Berkas2.pdf' sent to object: 'Object Repository/Konfirmasi pesanan shop/input_Upload Bukti Transfer_f'

2023-10-05 10:58:00 - [MESSAGE][PASSED] - File 'C:\Users\IRFAN\Downloads\Berkas2.pdf' sent to object: 'Object Repository/Konfirmasi pesanan shop/input_Upload Bukti Transfer_f'

2023-10-05 10:58:00 - [TEST_STEP][PASSED] - click(findTestObject("Konfirmasi pesanan shop/button_Konfirmasi Pembayaran")): Object: 'Object Repository/Konfirmasi pesanan shop/button_Konfirmasi Pembayaran' is clicked on

2023-10-05 10:58:00 - [MESSAGE][PASSED] - Object: 'Object Repository/Konfirmasi pesanan shop/button_Konfirmasi Pembayaran' is clicked on

2023-10-05 10:58:00 - [TEST_STEP][PASSED] - webDriver = getWebDriver(): null

2023-10-05 10:58:00 - [TEST_STEP][PASSED] - field_nama = webDriver.findElement(By.xpath("//input[@name="d"]")): null

2023-10-05 10:58:01 - [TEST_STEP][PASSED] - error_message = webDriver.executeScript("return arguments[0].validationMessage", field_nama): null

2023-10-05 10:58:01 - [TEST_STEP][PASSED] - println(error_message): null

2023-10-05 10:58:01 - [TEST_STEP][PASSED] - assert error_message == "Please fill out this field.": null]]></system-out>
         <system-err><![CDATA[]]></system-err>
      </testcase>
      <testcase name="Test Cases/T13 Pembelian, Shipment dan Pembayaran/PBY-008" time="64.169" classname="Test Cases/T13 Pembelian, Shipment dan Pembayaran/PBY-008" status="FAILED">
         <failure type="FAILED" message="Test Cases/T13 Pembelian, Shipment dan Pembayaran/PBY-008 FAILED.
Reason:
com.kms.katalon.core.exception.StepFailedException: Unable to verify text 'Please fill out this field.' is present 
	at com.kms.katalon.core.webui.keyword.internal.WebUIKeywordMain.stepFailed(WebUIKeywordMain.groovy:64)
	at com.kms.katalon.core.webui.keyword.internal.WebUIKeywordMain.runKeyword(WebUIKeywordMain.groovy:26)
	at com.kms.katalon.core.webui.keyword.builtin.VerifyTextPresentKeyword.verifyTextPresent(VerifyTextPresentKeyword.groovy:83)
	at com.kms.katalon.core.webui.keyword.builtin.VerifyTextPresentKeyword.execute(VerifyTextPresentKeyword.groovy:68)
	at com.kms.katalon.core.keyword.internal.KeywordExecutor.executeKeywordForPlatform(KeywordExecutor.groovy:74)
	at com.kms.katalon.core.webui.keyword.WebUiBuiltInKeywords.verifyTextPresent(WebUiBuiltInKeywords.groovy:1723)
	at com.kms.katalon.core.webui.keyword.WebUiBuiltInKeywords$verifyTextPresent$7.call(Unknown Source)
	at PBY-008.run(PBY-008:57)
	at com.kms.katalon.core.main.ScriptEngine.run(ScriptEngine.java:194)
	at com.kms.katalon.core.main.ScriptEngine.runScriptAsRawText(ScriptEngine.java:119)
	at com.kms.katalon.core.main.TestCaseExecutor.runScript(TestCaseExecutor.java:448)
	at com.kms.katalon.core.main.TestCaseExecutor.doExecute(TestCaseExecutor.java:439)
	at com.kms.katalon.core.main.TestCaseExecutor.processExecutionPhase(TestCaseExecutor.java:418)
	at com.kms.katalon.core.main.TestCaseExecutor.accessMainPhase(TestCaseExecutor.java:410)
	at com.kms.katalon.core.main.TestCaseExecutor.execute(TestCaseExecutor.java:285)
	at com.kms.katalon.core.common.CommonExecutor.accessTestCaseMainPhase(CommonExecutor.java:65)
	at com.kms.katalon.core.main.TestSuiteExecutor.accessTestSuiteMainPhase(TestSuiteExecutor.java:148)
	at com.kms.katalon.core.main.TestSuiteExecutor.execute(TestSuiteExecutor.java:106)
	at com.kms.katalon.core.main.TestCaseMain.startTestSuite(TestCaseMain.java:187)
	at com.kms.katalon.core.main.TestCaseMain$startTestSuite$0.call(Unknown Source)
	at TempTestSuite1696477503821.run(TempTestSuite1696477503821.groovy:36)
Caused by: com.kms.katalon.core.exception.StepFailedException: Text 'Please fill out this field.' is not present on page 
	at com.kms.katalon.core.webui.keyword.internal.WebUIKeywordMain.stepFailed(WebUIKeywordMain.groovy:64)
	at com.kms.katalon.core.webui.keyword.builtin.VerifyTextPresentKeyword$_verifyTextPresent_closure1.doCall(VerifyTextPresentKeyword.groovy:79)
	at com.kms.katalon.core.webui.keyword.builtin.VerifyTextPresentKeyword$_verifyTextPresent_closure1.call(VerifyTextPresentKeyword.groovy)
	at com.kms.katalon.core.webui.keyword.internal.WebUIKeywordMain.runKeyword(WebUIKeywordMain.groovy:20)
	... 19 more
"/>
         <system-out><![CDATA[2023-10-05 10:58:01 - [TEST_CASE][FAILED] - Test Cases/T13 Pembelian, Shipment dan Pembayaran/PBY-008: Test Cases/T13 Pembelian, Shipment dan Pembayaran/PBY-008 FAILED.
Reason:
com.kms.katalon.core.exception.StepFailedException: Unable to verify text 'Please fill out this field.' is present 
	at com.kms.katalon.core.webui.keyword.internal.WebUIKeywordMain.stepFailed(WebUIKeywordMain.groovy:64)
	at com.kms.katalon.core.webui.keyword.internal.WebUIKeywordMain.runKeyword(WebUIKeywordMain.groovy:26)
	at com.kms.katalon.core.webui.keyword.builtin.VerifyTextPresentKeyword.verifyTextPresent(VerifyTextPresentKeyword.groovy:83)
	at com.kms.katalon.core.webui.keyword.builtin.VerifyTextPresentKeyword.execute(VerifyTextPresentKeyword.groovy:68)
	at com.kms.katalon.core.keyword.internal.KeywordExecutor.executeKeywordForPlatform(KeywordExecutor.groovy:74)
	at com.kms.katalon.core.webui.keyword.WebUiBuiltInKeywords.verifyTextPresent(WebUiBuiltInKeywords.groovy:1723)
	at com.kms.katalon.core.webui.keyword.WebUiBuiltInKeywords$verifyTextPresent$7.call(Unknown Source)
	at PBY-008.run(PBY-008:57)
	at com.kms.katalon.core.main.ScriptEngine.run(ScriptEngine.java:194)
	at com.kms.katalon.core.main.ScriptEngine.runScriptAsRawText(ScriptEngine.java:119)
	at com.kms.katalon.core.main.TestCaseExecutor.runScript(TestCaseExecutor.java:448)
	at com.kms.katalon.core.main.TestCaseExecutor.doExecute(TestCaseExecutor.java:439)
	at com.kms.katalon.core.main.TestCaseExecutor.processExecutionPhase(TestCaseExecutor.java:418)
	at com.kms.katalon.core.main.TestCaseExecutor.accessMainPhase(TestCaseExecutor.java:410)
	at com.kms.katalon.core.main.TestCaseExecutor.execute(TestCaseExecutor.java:285)
	at com.kms.katalon.core.common.CommonExecutor.accessTestCaseMainPhase(CommonExecutor.java:65)
	at com.kms.katalon.core.main.TestSuiteExecutor.accessTestSuiteMainPhase(TestSuiteExecutor.java:148)
	at com.kms.katalon.core.main.TestSuiteExecutor.execute(TestSuiteExecutor.java:106)
	at com.kms.katalon.core.main.TestCaseMain.startTestSuite(TestCaseMain.java:187)
	at com.kms.katalon.core.main.TestCaseMain$startTestSuite$0.call(Unknown Source)
	at TempTestSuite1696477503821.run(TempTestSuite1696477503821.groovy:36)
Caused by: com.kms.katalon.core.exception.StepFailedException: Text 'Please fill out this field.' is not present on page 
	at com.kms.katalon.core.webui.keyword.internal.WebUIKeywordMain.stepFailed(WebUIKeywordMain.groovy:64)
	at com.kms.katalon.core.webui.keyword.builtin.VerifyTextPresentKeyword$_verifyTextPresent_closure1.doCall(VerifyTextPresentKeyword.groovy:79)
	at com.kms.katalon.core.webui.keyword.builtin.VerifyTextPresentKeyword$_verifyTextPresent_closure1.call(VerifyTextPresentKeyword.groovy)
	at com.kms.katalon.core.webui.keyword.internal.WebUIKeywordMain.runKeyword(WebUIKeywordMain.groovy:20)
	... 19 more


2023-10-05 10:58:01 - [TEST_STEP][PASSED] - data = callTestCase(findTestCase("T13 Pembelian, Shipment dan Pembayaran/PBY-001"), [:], STOP_ON_FAILURE): Call Test Case 'Test Cases/T13 Pembelian, Shipment dan Pembayaran/PBY-001' successfully

2023-10-05 10:58:01 - [TEST_CASE][PASSED] - Test Cases/T13 Pembelian, Shipment dan Pembayaran/PBY-001: Test Cases/T13 Pembelian, Shipment dan Pembayaran/PBY-001

2023-10-05 10:58:01 - [TEST_STEP][PASSED] - data = callTestCase(findTestCase("T13 Pembelian, Shipment dan Pembayaran/PBL-004"), ["Kurir":"Roda 2"], STOP_ON_FAILURE): Call Test Case 'Test Cases/T13 Pembelian, Shipment dan Pembayaran/PBL-004' successfully

2023-10-05 10:58:01 - [TEST_CASE][PASSED] - Test Cases/T13 Pembelian, Shipment dan Pembayaran/PBL-004: Test Cases/T13 Pembelian, Shipment dan Pembayaran/PBL-004

2023-10-05 10:58:01 - [TEST_STEP][PASSED] - data = callTestCase(findTestCase("T13 Pembelian, Shipment dan Pembayaran/PBL-002"), [:], STOP_ON_FAILURE): Call Test Case 'Test Cases/T13 Pembelian, Shipment dan Pembayaran/PBL-002' successfully

2023-10-05 10:58:01 - [TEST_CASE][PASSED] - Test Cases/T13 Pembelian, Shipment dan Pembayaran/PBL-002: Test Cases/T13 Pembelian, Shipment dan Pembayaran/PBL-002

2023-10-05 10:58:01 - [TEST_STEP][PASSED] - data = callTestCase(findTestCase("T13 Pembelian, Shipment dan Pembayaran/PBL-001"), [:], STOP_ON_FAILURE): Call Test Case 'Test Cases/T13 Pembelian, Shipment dan Pembayaran/PBL-001' successfully

2023-10-05 10:58:01 - [TEST_CASE][PASSED] - Test Cases/T13 Pembelian, Shipment dan Pembayaran/PBL-001: Test Cases/T13 Pembelian, Shipment dan Pembayaran/PBL-001

2023-10-05 10:58:01 - [TEST_STEP][PASSED] - callTestCase(findTestCase("T13 Pembelian, Shipment dan Pembayaran/LU-001"), ["username":"irfanafandi", "password":"12345irfan"], STOP_ON_FAILURE): Call Test Case 'Test Cases/T13 Pembelian, Shipment dan Pembayaran/LU-001' successfully

2023-10-05 10:58:02 - [TEST_CASE][PASSED] - Test Cases/T13 Pembelian, Shipment dan Pembayaran/LU-001: Test Cases/T13 Pembelian, Shipment dan Pembayaran/LU-001

2023-10-05 10:58:02 - [TEST_STEP][PASSED] - openBrowser("https://10.9.2.63/ecommerce/"): Browser is opened with url: 'https://10.9.2.63/ecommerce/'

2023-10-05 10:58:02 - [MESSAGE][WARNING] - A browser is already opened. Closing browser and opening a new one

2023-10-05 10:58:02 - [MESSAGE][INFO] - Starting 'Edge Chromium' driver

2023-10-05 10:58:02 - [MESSAGE][INFO] - User set preference: ['acceptInsecureCerts', 'true']

2023-10-05 10:58:05 - [MESSAGE][INFO] - Action delay is set to 0 milliseconds

2023-10-05 10:58:09 - [MESSAGE][PASSED] - Browser is opened with url: 'https://10.9.2.63/ecommerce/'

2023-10-05 10:58:09 - [TEST_STEP][PASSED] - maximizeWindow(): Current window maximized

2023-10-05 10:58:09 - [MESSAGE][PASSED] - Current window maximized

2023-10-05 10:58:09 - [TEST_STEP][PASSED] - verifyElementPresent(findTestObject("Login/Home"), 0): Object 'Object Repository/Login/Home' is present

2023-10-05 10:58:09 - [MESSAGE][WARNING] - Timeout '0' is invalid. Using default page load timeout: '30'

2023-10-05 10:58:10 - [MESSAGE][PASSED] - Object 'Object Repository/Login/Home' is present

2023-10-05 10:58:10 - [TEST_STEP][PASSED] - click(findTestObject("Login/a_Login")): Object: 'Object Repository/Login/a_Login' is clicked on

2023-10-05 10:58:11 - [MESSAGE][PASSED] - Object: 'Object Repository/Login/a_Login' is clicked on

2023-10-05 10:58:11 - [TEST_STEP][PASSED] - verifyElementPresent(findTestObject("Login/Tittle Login"), 0): Object 'Object Repository/Login/Tittle Login' is present

2023-10-05 10:58:11 - [MESSAGE][WARNING] - Timeout '0' is invalid. Using default page load timeout: '30'

2023-10-05 10:58:11 - [MESSAGE][PASSED] - Object 'Object Repository/Login/Tittle Login' is present

2023-10-05 10:58:11 - [TEST_STEP][PASSED] - setText(findTestObject("Login/input_Username, Email atau No. Handphone_a"), username): Text 'irfanafandi' is set on object 'Object Repository/Login/input_Username, Email atau No. Handphone_a'

2023-10-05 10:58:12 - [MESSAGE][PASSED] - Text 'irfanafandi' is set on object 'Object Repository/Login/input_Username, Email atau No. Handphone_a'

2023-10-05 10:58:12 - [TEST_STEP][PASSED] - setText(findTestObject("Login/input_Password_b"), password): Text '12345irfan' is set on object 'Object Repository/Login/input_Password_b'

2023-10-05 10:58:13 - [MESSAGE][PASSED] - Text '12345irfan' is set on object 'Object Repository/Login/input_Password_b'

2023-10-05 10:58:13 - [TEST_STEP][PASSED] - click(findTestObject("Login/label_Ingat saya")): Object: 'Object Repository/Login/label_Ingat saya' is clicked on

2023-10-05 10:58:14 - [MESSAGE][PASSED] - Object: 'Object Repository/Login/label_Ingat saya' is clicked on

2023-10-05 10:58:14 - [TEST_STEP][PASSED] - click(findTestObject("Login/button_Masuk")): Object: 'Object Repository/Login/button_Masuk' is clicked on

2023-10-05 10:58:15 - [MESSAGE][PASSED] - Object: 'Object Repository/Login/button_Masuk' is clicked on

2023-10-05 10:58:15 - [TEST_STEP][PASSED] - verifyElementPresent(findTestObject("Login/li_Profile"), 0): Object 'Object Repository/Login/li_Profile' is present

2023-10-05 10:58:15 - [MESSAGE][WARNING] - Timeout '0' is invalid. Using default page load timeout: '30'

2023-10-05 10:58:16 - [MESSAGE][PASSED] - Object 'Object Repository/Login/li_Profile' is present

2023-10-05 10:58:16 - [MESSAGE][PASSED] - Call Test Case 'Test Cases/T13 Pembelian, Shipment dan Pembayaran/LU-001' successfully

2023-10-05 10:58:16 - [TEST_STEP][PASSED] - mouseOver(findTestObject("beli barang/i_Mulai Belanja_icon-menu")): Object: 'Object Repository/beli barang/i_Mulai Belanja_icon-menu' is hovered

2023-10-05 10:58:16 - [MESSAGE][PASSED] - Object: 'Object Repository/beli barang/i_Mulai Belanja_icon-menu' is hovered

2023-10-05 10:58:16 - [TEST_STEP][PASSED] - click(findTestObject("beli barang/a_Fashion  Busana Wanita")): Object: 'Object Repository/beli barang/a_Fashion  Busana Wanita' is clicked on

2023-10-05 10:58:18 - [MESSAGE][PASSED] - Object: 'Object Repository/beli barang/a_Fashion  Busana Wanita' is clicked on

2023-10-05 10:58:18 - [TEST_STEP][PASSED] - NamaSebelum = getText(findTestObject("verifikasi/Nama sebelum")): Text of object 'Object Repository/verifikasi/Nama sebelum' is: ''

2023-10-05 10:58:18 - [MESSAGE][PASSED] - Text of object 'Object Repository/verifikasi/Nama sebelum' is: ''

2023-10-05 10:58:18 - [TEST_STEP][PASSED] - HargaSebelum = getText(findTestObject("verifikasi/Harga sebelum")): Text of object 'Object Repository/verifikasi/Harga sebelum' is: 'Rp 1,299'

2023-10-05 10:58:19 - [MESSAGE][PASSED] - Text of object 'Object Repository/verifikasi/Harga sebelum' is: 'Rp 1,299'

2023-10-05 10:58:19 - [TEST_STEP][PASSED] - mouseOver(findTestObject("beli barang/barang mouse over")): Object: 'Object Repository/beli barang/barang mouse over' is hovered

2023-10-05 10:58:20 - [MESSAGE][PASSED] - Object: 'Object Repository/beli barang/barang mouse over' is hovered

2023-10-05 10:58:20 - [TEST_STEP][PASSED] - click(findTestObject("beli barang/buttom add to cart")): Object: 'Object Repository/beli barang/buttom add to cart' is clicked on

2023-10-05 10:58:21 - [MESSAGE][PASSED] - Object: 'Object Repository/beli barang/buttom add to cart' is clicked on

2023-10-05 10:58:21 - [TEST_STEP][PASSED] - NamaSesudah = getText(findTestObject("verifikasi/Nama sesudah")): Text of object 'Object Repository/verifikasi/Nama sesudah' is: 'Segitiga Instan Madeira - MDB5.3 Sunset'

2023-10-05 10:58:22 - [MESSAGE][PASSED] - Text of object 'Object Repository/verifikasi/Nama sesudah' is: 'Segitiga Instan Madeira - MDB5.3 Sunset'

2023-10-05 10:58:22 - [TEST_STEP][PASSED] - HargaSesudah = getText(findTestObject("verifikasi/Harga sesudah")): Text of object 'Object Repository/verifikasi/Harga sesudah' is: 'Rp 1,299'

2023-10-05 10:58:22 - [MESSAGE][PASSED] - Text of object 'Object Repository/verifikasi/Harga sesudah' is: 'Rp 1,299'

2023-10-05 10:58:22 - [TEST_STEP][PASSED] - assert NamaSesudah.contains(NamaSebelum): null

2023-10-05 10:58:22 - [TEST_STEP][PASSED] - assert HargaSesudah.contains(HargaSebelum): null

2023-10-05 10:58:22 - [TEST_STEP][PASSED] - click(findTestObject("beli barang/Tambah Keranjang busana wanita")): Object: 'Object Repository/beli barang/Tambah Keranjang busana wanita' is clicked on

2023-10-05 10:58:23 - [MESSAGE][PASSED] - Object: 'Object Repository/beli barang/Tambah Keranjang busana wanita' is clicked on

2023-10-05 10:58:23 - [TEST_STEP][PASSED] - verifyElementPresent(findTestObject("checkout/Notifikasi keranjang"), 1): Object 'Object Repository/checkout/Notifikasi keranjang' is present

2023-10-05 10:58:24 - [MESSAGE][PASSED] - Object 'Object Repository/checkout/Notifikasi keranjang' is present

2023-10-05 10:58:24 - [TEST_STEP][PASSED] - data = new java.util.HashMap(): null

2023-10-05 10:58:24 - [TEST_STEP][PASSED] - data.put("nama_barang", NamaSesudah): null

2023-10-05 10:58:24 - [TEST_STEP][PASSED] - data.put("price_barang", HargaSesudah): null

2023-10-05 10:58:24 - [TEST_STEP][PASSED] - return data: null

2023-10-05 10:58:24 - [MESSAGE][PASSED] - Call Test Case 'Test Cases/T13 Pembelian, Shipment dan Pembayaran/PBL-001' successfully

2023-10-05 10:58:24 - [TEST_STEP][PASSED] - mouseOver(findTestObject("beli barang/keranjang")): Object: 'Object Repository/beli barang/keranjang' is hovered

2023-10-05 10:58:24 - [MESSAGE][PASSED] - Object: 'Object Repository/beli barang/keranjang' is hovered

2023-10-05 10:58:24 - [TEST_STEP][PASSED] - click(findTestObject("beli barang/Lihat Sekarang")): Object: 'Object Repository/beli barang/Lihat Sekarang' is clicked on

2023-10-05 10:58:25 - [MESSAGE][PASSED] - Object: 'Object Repository/beli barang/Lihat Sekarang' is clicked on

2023-10-05 10:58:25 - [TEST_STEP][PASSED] - verifyElementPresent(findTestObject("keranjang/li_Keranjang Belanja"), 0): Object 'Object Repository/keranjang/li_Keranjang Belanja' is present

2023-10-05 10:58:25 - [MESSAGE][WARNING] - Timeout '0' is invalid. Using default page load timeout: '30'

2023-10-05 10:58:27 - [MESSAGE][PASSED] - Object 'Object Repository/keranjang/li_Keranjang Belanja' is present

2023-10-05 10:58:27 - [TEST_STEP][PASSED] - NamaKeranjang = getText(findTestObject("verifikasi/Nama keranjang")): Text of object 'Object Repository/verifikasi/Nama keranjang' is: 'Segitiga Instan Madeira - MDB5.3 Sunset'

2023-10-05 10:58:27 - [MESSAGE][PASSED] - Text of object 'Object Repository/verifikasi/Nama keranjang' is: 'Segitiga Instan Madeira - MDB5.3 Sunset'

2023-10-05 10:58:27 - [TEST_STEP][PASSED] - HargaKeranjang = getText(findTestObject("verifikasi/Harga Keranjang")): Text of object 'Object Repository/verifikasi/Harga Keranjang' is: 'Rp 1,299'

2023-10-05 10:58:27 - [MESSAGE][PASSED] - Text of object 'Object Repository/verifikasi/Harga Keranjang' is: 'Rp 1,299'

2023-10-05 10:58:27 - [TEST_STEP][PASSED] - if (toString().equalsIgnoreCase("Merah")): Object 'Object Repository/keranjang/input_Warna_variasi101' is checked

2023-10-05 10:58:27 - [TEST_STEP][PASSED] - check(findTestObject("Object Repository/keranjang/input_Warna_variasi101")): Object 'Object Repository/keranjang/input_Warna_variasi101' is checked

2023-10-05 10:58:28 - [MESSAGE][PASSED] - Object 'Object Repository/keranjang/input_Warna_variasi101' is checked

2023-10-05 10:58:28 - [TEST_STEP][PASSED] - if (toString().equalsIgnoreCase("Menengah")): Object 'Object Repository/keranjang/input_Ukuran_variasi201' is checked

2023-10-05 10:58:28 - [TEST_STEP][PASSED] - check(findTestObject("Object Repository/keranjang/input_Ukuran_variasi201")): Object 'Object Repository/keranjang/input_Ukuran_variasi201' is checked

2023-10-05 10:58:28 - [MESSAGE][PASSED] - Object 'Object Repository/keranjang/input_Ukuran_variasi201' is checked

2023-10-05 10:58:28 - [TEST_STEP][PASSED] - data.put("Warna", warna): null

2023-10-05 10:58:28 - [TEST_STEP][PASSED] - data.put("Ukuran", ukuran): null

2023-10-05 10:58:28 - [TEST_STEP][PASSED] - click(findTestObject("keranjang/button_Lanjut ke Pembayaran")): Object: 'Object Repository/keranjang/button_Lanjut ke Pembayaran' is clicked on

2023-10-05 10:58:30 - [MESSAGE][PASSED] - Object: 'Object Repository/keranjang/button_Lanjut ke Pembayaran' is clicked on

2023-10-05 10:58:30 - [TEST_STEP][PASSED] - verifyElementPresent(findTestObject("checkout/Tittle Checkout Order"), 0): Object 'Object Repository/checkout/Tittle Checkout Order' is present

2023-10-05 10:58:30 - [MESSAGE][WARNING] - Timeout '0' is invalid. Using default page load timeout: '30'

2023-10-05 10:58:30 - [MESSAGE][PASSED] - Object 'Object Repository/checkout/Tittle Checkout Order' is present

2023-10-05 10:58:30 - [TEST_STEP][PASSED] - name_product = data.get("nama_barang"): null

2023-10-05 10:58:30 - [TEST_STEP][PASSED] - price_product = data.get("price_barang"): null

2023-10-05 10:58:30 - [TEST_STEP][PASSED] - assert name_product == NamaKeranjang: null

2023-10-05 10:58:30 - [TEST_STEP][PASSED] - assert price_product == HargaKeranjang: null

2023-10-05 10:58:30 - [TEST_STEP][PASSED] - return data: null

2023-10-05 10:58:30 - [MESSAGE][PASSED] - Call Test Case 'Test Cases/T13 Pembelian, Shipment dan Pembayaran/PBL-002' successfully

2023-10-05 10:58:30 - [TEST_STEP][PASSED] - warnaa = getText(findTestObject("verifikasi/warna Merah")): Text of object 'Object Repository/verifikasi/warna Merah' is: 'Merah'

2023-10-05 10:58:31 - [MESSAGE][PASSED] - Text of object 'Object Repository/verifikasi/warna Merah' is: 'Merah'

2023-10-05 10:58:31 - [TEST_STEP][PASSED] - ukurann = getText(findTestObject("verifikasi/Ukuran Menengah")): Text of object 'Object Repository/verifikasi/Ukuran Menengah' is: 'Menengah'

2023-10-05 10:58:31 - [MESSAGE][PASSED] - Text of object 'Object Repository/verifikasi/Ukuran Menengah' is: 'Menengah'

2023-10-05 10:58:31 - [TEST_STEP][PASSED] - warna1 = data.get("Warna"): null

2023-10-05 10:58:31 - [TEST_STEP][PASSED] - ukuran1 = data.get("Ukuran"): null

2023-10-05 10:58:31 - [TEST_STEP][PASSED] - assert warnaa == warna1: null

2023-10-05 10:58:31 - [TEST_STEP][PASSED] - assert ukurann == ukuran1: null

2023-10-05 10:58:31 - [TEST_STEP][PASSED] - NamaCheckout = getText(findTestObject("verifikasi/NamaCheckout")): Text of object 'Object Repository/verifikasi/NamaCheckout' is: ''

2023-10-05 10:58:31 - [MESSAGE][PASSED] - Text of object 'Object Repository/verifikasi/NamaCheckout' is: ''

2023-10-05 10:58:31 - [TEST_STEP][PASSED] - HargaCheckout = getText(findTestObject("verifikasi/HargaCheckout")): Text of object 'Object Repository/verifikasi/HargaCheckout' is: '1,299'

2023-10-05 10:58:32 - [MESSAGE][PASSED] - Text of object 'Object Repository/verifikasi/HargaCheckout' is: '1,299'

2023-10-05 10:58:32 - [TEST_STEP][PASSED] - name_product = data.get("nama_barang"): null

2023-10-05 10:58:32 - [TEST_STEP][PASSED] - price_product = data.get("price_barang"): null

2023-10-05 10:58:32 - [TEST_STEP][PASSED] - assert name_product.contains(NamaCheckout): null

2023-10-05 10:58:32 - [TEST_STEP][PASSED] - assert price_product.contains(HargaCheckout): null

2023-10-05 10:58:32 - [TEST_STEP][PASSED] - selectOptionByLabel(findTestObject("checkout/select - Kirim via Kurir Lokal"), Kurir, false): All options with label 'Roda 2' are selected in object 'Object Repository/checkout/select - Kirim via Kurir Lokal' 

2023-10-05 10:58:33 - [MESSAGE][PASSED] - All options with label 'Roda 2' are selected in object 'Object Repository/checkout/select - Kirim via Kurir Lokal' 

2023-10-05 10:58:33 - [TEST_STEP][PASSED] - click(findTestObject("checkout/Kendaraan Kurir")): Object: 'Object Repository/checkout/Kendaraan Kurir' is clicked on

2023-10-05 10:58:33 - [MESSAGE][PASSED] - Object: 'Object Repository/checkout/Kendaraan Kurir' is clicked on

2023-10-05 10:58:33 - [TEST_STEP][PASSED] - OngkosKirim = getText(findTestObject("Object Repository/verifikasi/Ongkos Kirim checkout")): Text of object 'Object Repository/verifikasi/Ongkos Kirim checkout' is: 'Rp. 5,000'

2023-10-05 10:58:34 - [MESSAGE][PASSED] - Text of object 'Object Repository/verifikasi/Ongkos Kirim checkout' is: 'Rp. 5,000'

2023-10-05 10:58:34 - [TEST_STEP][PASSED] - Ongkos = OngkosKirim.substring(3, OngkosKirim.size()): null

2023-10-05 10:58:34 - [TEST_STEP][PASSED] - rep = Ongkos.replace(",", "."): null

2023-10-05 10:58:34 - [TEST_STEP][PASSED] - Ongkos_kirim = Double.parseDouble(rep): null

2023-10-05 10:58:34 - [TEST_STEP][PASSED] - println(Ongkos_kirim): null

2023-10-05 10:58:34 - [TEST_STEP][PASSED] - FeeAdmin = getText(findTestObject("verifikasi/Fee Admin checkout")): Text of object 'Object Repository/verifikasi/Fee Admin checkout' is: 'Fee Admin
Rp 1,500'

2023-10-05 10:58:34 - [MESSAGE][PASSED] - Text of object 'Object Repository/verifikasi/Fee Admin checkout' is: 'Fee Admin
Rp 1,500'

2023-10-05 10:58:34 - [TEST_STEP][PASSED] - Fee_Admin = FeeAdmin.substring(12, FeeAdmin.size()): null

2023-10-05 10:58:34 - [TEST_STEP][PASSED] - fee = Fee_Admin.replace(",", "."): null

2023-10-05 10:58:34 - [TEST_STEP][PASSED] - fee_admin = Double.parseDouble(fee): null

2023-10-05 10:58:34 - [TEST_STEP][PASSED] - println(fee_admin): null

2023-10-05 10:58:34 - [TEST_STEP][PASSED] - Subtotal = getText(findTestObject("verifikasi/subtotal checkout")): Text of object 'Object Repository/verifikasi/subtotal checkout' is: 'Subtotal
Rp 1,299'

2023-10-05 10:58:35 - [MESSAGE][PASSED] - Text of object 'Object Repository/verifikasi/subtotal checkout' is: 'Subtotal
Rp 1,299'

2023-10-05 10:58:35 - [TEST_STEP][PASSED] - sub_total = Subtotal.substring(12, Subtotal.size()): null

2023-10-05 10:58:35 - [TEST_STEP][PASSED] - sub = sub_total.replace(",", "."): null

2023-10-05 10:58:35 - [TEST_STEP][PASSED] - sub_total = Double.parseDouble(sub): null

2023-10-05 10:58:35 - [TEST_STEP][PASSED] - println(sub_total): null

2023-10-05 10:58:35 - [TEST_STEP][PASSED] - Total = getText(findTestObject("verifikasi/Total checkout")): Text of object 'Object Repository/verifikasi/Total checkout' is: 'Rp 7,799'

2023-10-05 10:58:36 - [MESSAGE][PASSED] - Text of object 'Object Repository/verifikasi/Total checkout' is: 'Rp 7,799'

2023-10-05 10:58:36 - [TEST_STEP][PASSED] - totall = Total.substring(3, Total.size()): null

2023-10-05 10:58:36 - [TEST_STEP][PASSED] - total = totall.replace(",", "."): null

2023-10-05 10:58:36 - [TEST_STEP][PASSED] - totall = Double.parseDouble(total): null

2023-10-05 10:58:36 - [TEST_STEP][PASSED] - println(totall): null

2023-10-05 10:58:36 - [TEST_STEP][PASSED] - Total_Harga = Ongkos_kirim + fee_admin + sub_total: null

2023-10-05 10:58:36 - [TEST_STEP][PASSED] - println(Total_Harga): null

2023-10-05 10:58:36 - [TEST_STEP][PASSED] - TotalHarga = Math.round(Total_Harga * 1000) / 1000: null

2023-10-05 10:58:36 - [TEST_STEP][PASSED] - println(TotalHarga): null

2023-10-05 10:58:36 - [TEST_STEP][PASSED] - assert totall == TotalHarga: null

2023-10-05 10:58:36 - [TEST_STEP][PASSED] - click(findTestObject("verifikasi/Metode Transfer")): Object: 'Object Repository/verifikasi/Metode Transfer' is clicked on

2023-10-05 10:58:36 - [MESSAGE][PASSED] - Object: 'Object Repository/verifikasi/Metode Transfer' is clicked on

2023-10-05 10:58:36 - [TEST_STEP][PASSED] - click(findTestObject("checkout/button_Proses Pembayaran")): Object: 'Object Repository/checkout/button_Proses Pembayaran' is clicked on

2023-10-05 10:58:44 - [MESSAGE][PASSED] - Object: 'Object Repository/checkout/button_Proses Pembayaran' is clicked on

2023-10-05 10:58:44 - [TEST_STEP][PASSED] - verifyElementPresent(findTestObject("pembayaran/Tittle nomor invoice"), 0): Object 'Object Repository/pembayaran/Tittle nomor invoice' is present

2023-10-05 10:58:44 - [MESSAGE][WARNING] - Timeout '0' is invalid. Using default page load timeout: '30'

2023-10-05 10:58:45 - [MESSAGE][PASSED] - Object 'Object Repository/pembayaran/Tittle nomor invoice' is present

2023-10-05 10:58:45 - [TEST_STEP][PASSED] - return data: null

2023-10-05 10:58:45 - [MESSAGE][PASSED] - Call Test Case 'Test Cases/T13 Pembelian, Shipment dan Pembayaran/PBL-004' successfully

2023-10-05 10:58:45 - [TEST_STEP][PASSED] - Invoice = getText(findTestObject("pembayaran/nomor invoice")): Text of object 'Object Repository/pembayaran/nomor invoice' is: 'TRX60.20231005105839'

2023-10-05 10:58:46 - [MESSAGE][PASSED] - Text of object 'Object Repository/pembayaran/nomor invoice' is: 'TRX60.20231005105839'

2023-10-05 10:58:46 - [TEST_STEP][PASSED] - data.put("invoice", Invoice): null

2023-10-05 10:58:46 - [TEST_STEP][PASSED] - NamaPemesan = getText(findTestObject("Konfirmasi pesanan shop/Nama pemesan")): Text of object 'Object Repository/Konfirmasi pesanan shop/Nama pemesan' is: 'irfan.afandi'

2023-10-05 10:58:46 - [MESSAGE][PASSED] - Text of object 'Object Repository/Konfirmasi pesanan shop/Nama pemesan' is: 'irfan.afandi'

2023-10-05 10:58:46 - [TEST_STEP][PASSED] - Nama = getText(findTestObject("pembayaran/Nama barang")): Text of object 'Object Repository/pembayaran/Nama barang' is: 'Segitiga Instan Madeira - MDB5.3 Sunset'

2023-10-05 10:58:47 - [MESSAGE][PASSED] - Text of object 'Object Repository/pembayaran/Nama barang' is: 'Segitiga Instan Madeira - MDB5.3 Sunset'

2023-10-05 10:58:47 - [TEST_STEP][PASSED] - Harga = getText(findTestObject("pembayaran/Harga barang")): Text of object 'Object Repository/pembayaran/Harga barang' is: '1,299'

2023-10-05 10:58:47 - [MESSAGE][PASSED] - Text of object 'Object Repository/pembayaran/Harga barang' is: '1,299'

2023-10-05 10:58:47 - [TEST_STEP][PASSED] - name_product = data.get("nama_barang"): null

2023-10-05 10:58:47 - [TEST_STEP][PASSED] - price_product = data.get("price_barang"): null

2023-10-05 10:58:47 - [TEST_STEP][PASSED] - assert name_product.contains(Nama): null

2023-10-05 10:58:47 - [TEST_STEP][PASSED] - assert price_product.contains(Harga): null

2023-10-05 10:58:47 - [TEST_STEP][PASSED] - warnaa = getText(findTestObject("pembayaran/warna")): Text of object 'Object Repository/pembayaran/warna' is: 'Merah'

2023-10-05 10:58:48 - [MESSAGE][PASSED] - Text of object 'Object Repository/pembayaran/warna' is: 'Merah'

2023-10-05 10:58:48 - [TEST_STEP][PASSED] - ukurann = getText(findTestObject("pembayaran/ukuran")): Text of object 'Object Repository/pembayaran/ukuran' is: 'Menengah'

2023-10-05 10:58:48 - [MESSAGE][PASSED] - Text of object 'Object Repository/pembayaran/ukuran' is: 'Menengah'

2023-10-05 10:58:48 - [TEST_STEP][PASSED] - warna1 = data.get("Warna"): null

2023-10-05 10:58:48 - [TEST_STEP][PASSED] - ukuran1 = data.get("Ukuran"): null

2023-10-05 10:58:48 - [TEST_STEP][PASSED] - assert warnaa == warna1: null

2023-10-05 10:58:48 - [TEST_STEP][PASSED] - assert ukurann == ukuran1: null

2023-10-05 10:58:48 - [TEST_STEP][PASSED] - statusPembelian = getText(findTestObject("verifikasi/Status pending di pembelian")): Text of object 'Object Repository/verifikasi/Status pending di pembelian' is: 'Pending'

2023-10-05 10:58:49 - [MESSAGE][PASSED] - Text of object 'Object Repository/verifikasi/Status pending di pembelian' is: 'Pending'

2023-10-05 10:58:49 - [TEST_STEP][PASSED] - data.put("statusPem", statusPembelian): null

2023-10-05 10:58:49 - [TEST_STEP][PASSED] - OngkosKirim = getText(findTestObject("pembayaran/ongkos kirim")): Text of object 'Object Repository/pembayaran/ongkos kirim' is: 'Rp 5,000'

2023-10-05 10:58:49 - [MESSAGE][PASSED] - Text of object 'Object Repository/pembayaran/ongkos kirim' is: 'Rp 5,000'

2023-10-05 10:58:49 - [TEST_STEP][PASSED] - Ongkos = OngkosKirim.substring(3, OngkosKirim.size()): null

2023-10-05 10:58:49 - [TEST_STEP][PASSED] - rep = Ongkos.replace(",", ""): null

2023-10-05 10:58:49 - [TEST_STEP][PASSED] - Ongkos_kirimm = Integer.parseInt(rep): null

2023-10-05 10:58:49 - [TEST_STEP][PASSED] - println(Ongkos_kirimm): null

2023-10-05 10:58:49 - [TEST_STEP][PASSED] - FeeAdmin = getText(findTestObject("pembayaran/fee admin")): Text of object 'Object Repository/pembayaran/fee admin' is: 'Rp 1,500'

2023-10-05 10:58:50 - [MESSAGE][PASSED] - Text of object 'Object Repository/pembayaran/fee admin' is: 'Rp 1,500'

2023-10-05 10:58:50 - [TEST_STEP][PASSED] - Fee_Admin = FeeAdmin.substring(3, FeeAdmin.size()): null

2023-10-05 10:58:50 - [TEST_STEP][PASSED] - fee = Fee_Admin.replace(",", ""): null

2023-10-05 10:58:50 - [TEST_STEP][PASSED] - fee_adminn = Integer.parseInt(fee): null

2023-10-05 10:58:50 - [TEST_STEP][PASSED] - println(fee_adminn): null

2023-10-05 10:58:50 - [TEST_STEP][PASSED] - Subtotal = getText(findTestObject("pembayaran/subtotal")): Text of object 'Object Repository/pembayaran/subtotal' is: 'Rp 1,299'

2023-10-05 10:58:50 - [MESSAGE][PASSED] - Text of object 'Object Repository/pembayaran/subtotal' is: 'Rp 1,299'

2023-10-05 10:58:50 - [TEST_STEP][PASSED] - sub_total = Subtotal.substring(3, Subtotal.size()): null

2023-10-05 10:58:50 - [TEST_STEP][PASSED] - sub = sub_total.replace(",", ""): null

2023-10-05 10:58:50 - [TEST_STEP][PASSED] - sub_totall = Integer.parseInt(sub): null

2023-10-05 10:58:50 - [TEST_STEP][PASSED] - println(sub_totall): null

2023-10-05 10:58:50 - [TEST_STEP][PASSED] - unik = getText(findTestObject("pembayaran/kode unik")): Text of object 'Object Repository/pembayaran/kode unik' is: '+839'

2023-10-05 10:58:51 - [MESSAGE][PASSED] - Text of object 'Object Repository/pembayaran/kode unik' is: '+839'

2023-10-05 10:58:51 - [TEST_STEP][PASSED] - unikk = unik.replace("+", ""): null

2023-10-05 10:58:51 - [TEST_STEP][PASSED] - kode_unik = Integer.parseInt(unikk): null

2023-10-05 10:58:51 - [TEST_STEP][PASSED] - println(kode_unik): null

2023-10-05 10:58:51 - [TEST_STEP][PASSED] - Total = getText(findTestObject("pembayaran/total")): Text of object 'Object Repository/pembayaran/total' is: '8,638'

2023-10-05 10:58:51 - [MESSAGE][PASSED] - Text of object 'Object Repository/pembayaran/total' is: '8,638'

2023-10-05 10:58:51 - [TEST_STEP][PASSED] - total = Total.replace(",", ""): null

2023-10-05 10:58:51 - [TEST_STEP][PASSED] - totalll = Integer.parseInt(total): null

2023-10-05 10:58:51 - [TEST_STEP][PASSED] - println(totalll): null

2023-10-05 10:58:51 - [TEST_STEP][PASSED] - Total_Hargaa = Ongkos_kirimm + fee_adminn + sub_totall + kode_unik: null

2023-10-05 10:58:51 - [TEST_STEP][PASSED] - println(Total_Hargaa): null

2023-10-05 10:58:51 - [TEST_STEP][PASSED] - assert totalll == Total_Hargaa: null

2023-10-05 10:58:51 - [TEST_STEP][PASSED] - data.put("total", Total): null

2023-10-05 10:58:51 - [TEST_STEP][PASSED] - data.put("nama", NamaPemesan): null

2023-10-05 10:58:51 - [TEST_STEP][PASSED] - return data: null

2023-10-05 10:58:51 - [MESSAGE][PASSED] - Call Test Case 'Test Cases/T13 Pembelian, Shipment dan Pembayaran/PBY-001' successfully

2023-10-05 10:58:51 - [TEST_STEP][PASSED] - inv = data.get("invoice"): null

2023-10-05 10:58:51 - [TEST_STEP][PASSED] - Total = data.get("total"): null

2023-10-05 10:58:51 - [TEST_STEP][PASSED] - NamaPemesan = data.get("nama"): null

2023-10-05 10:58:51 - [TEST_STEP][PASSED] - click(findTestObject("Konfirmasi pesanan shop/Menu Shop")): Object: 'Object Repository/Konfirmasi pesanan shop/Menu Shop' is clicked on

2023-10-05 10:58:53 - [MESSAGE][PASSED] - Object: 'Object Repository/Konfirmasi pesanan shop/Menu Shop' is clicked on

2023-10-05 10:58:53 - [TEST_STEP][PASSED] - click(findTestObject("Konfirmasi pesanan shop/Menu Shop")): Object: 'Object Repository/Konfirmasi pesanan shop/Menu Shop' is clicked on

2023-10-05 10:58:54 - [MESSAGE][PASSED] - Object: 'Object Repository/Konfirmasi pesanan shop/Menu Shop' is clicked on

2023-10-05 10:58:54 - [TEST_STEP][PASSED] - click(findTestObject("Konfirmasi pesanan shop/Konfirmasi Orders")): Object: 'Object Repository/Konfirmasi pesanan shop/Konfirmasi Orders' is clicked on

2023-10-05 10:58:55 - [MESSAGE][PASSED] - Object: 'Object Repository/Konfirmasi pesanan shop/Konfirmasi Orders' is clicked on

2023-10-05 10:58:55 - [TEST_STEP][PASSED] - verifyElementPresent(findTestObject("Konfirmasi pesanan shop/Tittle Konfirmasi Pesanan"), 0): Object 'Object Repository/Konfirmasi pesanan shop/Tittle Konfirmasi Pesanan' is present

2023-10-05 10:58:55 - [MESSAGE][WARNING] - Timeout '0' is invalid. Using default page load timeout: '30'

2023-10-05 10:58:56 - [MESSAGE][PASSED] - Object 'Object Repository/Konfirmasi pesanan shop/Tittle Konfirmasi Pesanan' is present

2023-10-05 10:58:56 - [TEST_STEP][PASSED] - setText(findTestObject("Konfirmasi pesanan shop/input_No Pesanan"), inv): Text 'TRX60.20231005105839' is set on object 'Object Repository/Konfirmasi pesanan shop/input_No Pesanan'

2023-10-05 10:58:57 - [MESSAGE][PASSED] - Text 'TRX60.20231005105839' is set on object 'Object Repository/Konfirmasi pesanan shop/input_No Pesanan'

2023-10-05 10:58:57 - [TEST_STEP][PASSED] - setText(findTestObject("Konfirmasi pesanan shop/input_Alamat E-mai"), "irfan@gmail.com"): Text 'irfan@gmail.com' is set on object 'Object Repository/Konfirmasi pesanan shop/input_Alamat E-mai'

2023-10-05 10:58:57 - [MESSAGE][PASSED] - Text 'irfan@gmail.com' is set on object 'Object Repository/Konfirmasi pesanan shop/input_Alamat E-mai'

2023-10-05 10:58:57 - [TEST_STEP][PASSED] - click(findTestObject("Konfirmasi pesanan shop/button_Submit")): Object: 'Object Repository/Konfirmasi pesanan shop/button_Submit' is clicked on

2023-10-05 10:58:58 - [MESSAGE][PASSED] - Object: 'Object Repository/Konfirmasi pesanan shop/button_Submit' is clicked on

2023-10-05 10:58:58 - [TEST_STEP][PASSED] - verifyElementPresent(findTestObject("Konfirmasi pesanan shop/Tittle nomor invoice"), 0): Object 'Object Repository/Konfirmasi pesanan shop/Tittle nomor invoice' is present

2023-10-05 10:58:58 - [MESSAGE][WARNING] - Timeout '0' is invalid. Using default page load timeout: '30'

2023-10-05 10:58:59 - [MESSAGE][PASSED] - Object 'Object Repository/Konfirmasi pesanan shop/Tittle nomor invoice' is present

2023-10-05 10:58:59 - [TEST_STEP][PASSED] - setText(findTestObject("Konfirmasi pesanan shop/input_Total TagihanTransfer_b"), Total): Text '8,638' is set on object 'Object Repository/Konfirmasi pesanan shop/input_Total TagihanTransfer_b'

2023-10-05 10:59:00 - [MESSAGE][PASSED] - Text '8,638' is set on object 'Object Repository/Konfirmasi pesanan shop/input_Total TagihanTransfer_b'

2023-10-05 10:59:00 - [TEST_STEP][PASSED] - selectOptionByValue(findTestObject("Konfirmasi pesanan shop/select_Bank"), "4", false): All options with value '4' are selected in object 'Object Repository/Konfirmasi pesanan shop/select_Bank' 

2023-10-05 10:59:01 - [MESSAGE][PASSED] - All options with value '4' are selected in object 'Object Repository/Konfirmasi pesanan shop/select_Bank' 

2023-10-05 10:59:01 - [TEST_STEP][PASSED] - setText(findTestObject("Konfirmasi pesanan shop/input_Nama Pengirim_d"), NamaPemesan): Text 'irfan.afandi' is set on object 'Object Repository/Konfirmasi pesanan shop/input_Nama Pengirim_d'

2023-10-05 10:59:02 - [MESSAGE][PASSED] - Text 'irfan.afandi' is set on object 'Object Repository/Konfirmasi pesanan shop/input_Nama Pengirim_d'

2023-10-05 10:59:02 - [TEST_STEP][PASSED] - clearText(findTestObject("Konfirmasi pesanan shop/input_Tanggal Transfer_e")): Text of object 'Object Repository/Konfirmasi pesanan shop/input_Tanggal Transfer_e' is cleared

2023-10-05 10:59:02 - [MESSAGE][PASSED] - Text of object 'Object Repository/Konfirmasi pesanan shop/input_Tanggal Transfer_e' is cleared

2023-10-05 10:59:02 - [TEST_STEP][PASSED] - uploadFile(findTestObject("Konfirmasi pesanan shop/input_Upload Bukti Transfer_f"), "C:\Users\IRFAN\Downloads\Berkas2.pdf"): File 'C:\Users\IRFAN\Downloads\Berkas2.pdf' sent to object: 'Object Repository/Konfirmasi pesanan shop/input_Upload Bukti Transfer_f'

2023-10-05 10:59:03 - [MESSAGE][PASSED] - File 'C:\Users\IRFAN\Downloads\Berkas2.pdf' sent to object: 'Object Repository/Konfirmasi pesanan shop/input_Upload Bukti Transfer_f'

2023-10-05 10:59:03 - [TEST_STEP][PASSED] - click(findTestObject("Konfirmasi pesanan shop/button_Konfirmasi Pembayaran")): Object: 'Object Repository/Konfirmasi pesanan shop/button_Konfirmasi Pembayaran' is clicked on

2023-10-05 10:59:04 - [MESSAGE][PASSED] - Object: 'Object Repository/Konfirmasi pesanan shop/button_Konfirmasi Pembayaran' is clicked on

2023-10-05 10:59:04 - [TEST_STEP][FAILED] - verifyTextPresent("Please fill out this field.", false): Unable to verify text 'Please fill out this field.' is present  (Root cause: com.kms.katalon.core.exception.StepFailedException: Unable to verify text 'Please fill out this field.' is present 
	at com.kms.katalon.core.webui.keyword.internal.WebUIKeywordMain.stepFailed(WebUIKeywordMain.groovy:64)
	at com.kms.katalon.core.webui.keyword.internal.WebUIKeywordMain.runKeyword(WebUIKeywordMain.groovy:26)
	at com.kms.katalon.core.webui.keyword.builtin.VerifyTextPresentKeyword.verifyTextPresent(VerifyTextPresentKeyword.groovy:83)
	at com.kms.katalon.core.webui.keyword.builtin.VerifyTextPresentKeyword.execute(VerifyTextPresentKeyword.groovy:68)
	at com.kms.katalon.core.keyword.internal.KeywordExecutor.executeKeywordForPlatform(KeywordExecutor.groovy:74)
	at com.kms.katalon.core.webui.keyword.WebUiBuiltInKeywords.verifyTextPresent(WebUiBuiltInKeywords.groovy:1723)
	at com.kms.katalon.core.webui.keyword.WebUiBuiltInKeywords$verifyTextPresent$7.call(Unknown Source)
	at PBY-008.run(PBY-008:57)
	at com.kms.katalon.core.main.ScriptEngine.run(ScriptEngine.java:194)
	at com.kms.katalon.core.main.ScriptEngine.runScriptAsRawText(ScriptEngine.java:119)
	at com.kms.katalon.core.main.TestCaseExecutor.runScript(TestCaseExecutor.java:448)
	at com.kms.katalon.core.main.TestCaseExecutor.doExecute(TestCaseExecutor.java:439)
	at com.kms.katalon.core.main.TestCaseExecutor.processExecutionPhase(TestCaseExecutor.java:418)
	at com.kms.katalon.core.main.TestCaseExecutor.accessMainPhase(TestCaseExecutor.java:410)
	at com.kms.katalon.core.main.TestCaseExecutor.execute(TestCaseExecutor.java:285)
	at com.kms.katalon.core.common.CommonExecutor.accessTestCaseMainPhase(CommonExecutor.java:65)
	at com.kms.katalon.core.main.TestSuiteExecutor.accessTestSuiteMainPhase(TestSuiteExecutor.java:148)
	at com.kms.katalon.core.main.TestSuiteExecutor.execute(TestSuiteExecutor.java:106)
	at com.kms.katalon.core.main.TestCaseMain.startTestSuite(TestCaseMain.java:187)
	at com.kms.katalon.core.main.TestCaseMain$startTestSuite$0.call(Unknown Source)
	at TempTestSuite1696477503821.run(TempTestSuite1696477503821.groovy:36)
Caused by: com.kms.katalon.core.exception.StepFailedException: Text 'Please fill out this field.' is not present on page 
	at com.kms.katalon.core.webui.keyword.internal.WebUIKeywordMain.stepFailed(WebUIKeywordMain.groovy:64)
	at com.kms.katalon.core.webui.keyword.builtin.VerifyTextPresentKeyword$_verifyTextPresent_closure1.doCall(VerifyTextPresentKeyword.groovy:79)
	at com.kms.katalon.core.webui.keyword.builtin.VerifyTextPresentKeyword$_verifyTextPresent_closure1.call(VerifyTextPresentKeyword.groovy)
	at com.kms.katalon.core.webui.keyword.internal.WebUIKeywordMain.runKeyword(WebUIKeywordMain.groovy:20)
	... 19 more
)

2023-10-05 10:59:05 - [MESSAGE][FAILED] - Text 'Please fill out this field.' is not present on page  (Root cause: com.kms.katalon.core.exception.StepFailedException: Text 'Please fill out this field.' is not present on page 
	at com.kms.katalon.core.webui.keyword.internal.WebUIKeywordMain.stepFailed(WebUIKeywordMain.groovy:64)
	at com.kms.katalon.core.webui.keyword.builtin.VerifyTextPresentKeyword$_verifyTextPresent_closure1.doCall(VerifyTextPresentKeyword.groovy:79)
	at com.kms.katalon.core.webui.keyword.builtin.VerifyTextPresentKeyword$_verifyTextPresent_closure1.call(VerifyTextPresentKeyword.groovy)
	at com.kms.katalon.core.webui.keyword.internal.WebUIKeywordMain.runKeyword(WebUIKeywordMain.groovy:20)
	at com.kms.katalon.core.webui.keyword.builtin.VerifyTextPresentKeyword.verifyTextPresent(VerifyTextPresentKeyword.groovy:83)
	at com.kms.katalon.core.webui.keyword.builtin.VerifyTextPresentKeyword.execute(VerifyTextPresentKeyword.groovy:68)
	at com.kms.katalon.core.keyword.internal.KeywordExecutor.executeKeywordForPlatform(KeywordExecutor.groovy:74)
	at com.kms.katalon.core.webui.keyword.WebUiBuiltInKeywords.verifyTextPresent(WebUiBuiltInKeywords.groovy:1723)
	at com.kms.katalon.core.webui.keyword.WebUiBuiltInKeywords$verifyTextPresent$7.call(Unknown Source)
	at PBY-008.run(PBY-008:57)
	at com.kms.katalon.core.main.ScriptEngine.run(ScriptEngine.java:194)
	at com.kms.katalon.core.main.ScriptEngine.runScriptAsRawText(ScriptEngine.java:119)
	at com.kms.katalon.core.main.TestCaseExecutor.runScript(TestCaseExecutor.java:448)
	at com.kms.katalon.core.main.TestCaseExecutor.doExecute(TestCaseExecutor.java:439)
	at com.kms.katalon.core.main.TestCaseExecutor.processExecutionPhase(TestCaseExecutor.java:418)
	at com.kms.katalon.core.main.TestCaseExecutor.accessMainPhase(TestCaseExecutor.java:410)
	at com.kms.katalon.core.main.TestCaseExecutor.execute(TestCaseExecutor.java:285)
	at com.kms.katalon.core.common.CommonExecutor.accessTestCaseMainPhase(CommonExecutor.java:65)
	at com.kms.katalon.core.main.TestSuiteExecutor.accessTestSuiteMainPhase(TestSuiteExecutor.java:148)
	at com.kms.katalon.core.main.TestSuiteExecutor.execute(TestSuiteExecutor.java:106)
	at com.kms.katalon.core.main.TestCaseMain.startTestSuite(TestCaseMain.java:187)
	at com.kms.katalon.core.main.TestCaseMain$startTestSuite$0.call(Unknown Source)
	at TempTestSuite1696477503821.run(TempTestSuite1696477503821.groovy:36)
)

2023-10-05 10:59:05 - [MESSAGE][FAILED] - Unable to verify text 'Please fill out this field.' is present  (Root cause: com.kms.katalon.core.exception.StepFailedException: Unable to verify text 'Please fill out this field.' is present 
	at com.kms.katalon.core.webui.keyword.internal.WebUIKeywordMain.stepFailed(WebUIKeywordMain.groovy:64)
	at com.kms.katalon.core.webui.keyword.internal.WebUIKeywordMain.runKeyword(WebUIKeywordMain.groovy:26)
	at com.kms.katalon.core.webui.keyword.builtin.VerifyTextPresentKeyword.verifyTextPresent(VerifyTextPresentKeyword.groovy:83)
	at com.kms.katalon.core.webui.keyword.builtin.VerifyTextPresentKeyword.execute(VerifyTextPresentKeyword.groovy:68)
	at com.kms.katalon.core.keyword.internal.KeywordExecutor.executeKeywordForPlatform(KeywordExecutor.groovy:74)
	at com.kms.katalon.core.webui.keyword.WebUiBuiltInKeywords.verifyTextPresent(WebUiBuiltInKeywords.groovy:1723)
	at com.kms.katalon.core.webui.keyword.WebUiBuiltInKeywords$verifyTextPresent$7.call(Unknown Source)
	at PBY-008.run(PBY-008:57)
	at com.kms.katalon.core.main.ScriptEngine.run(ScriptEngine.java:194)
	at com.kms.katalon.core.main.ScriptEngine.runScriptAsRawText(ScriptEngine.java:119)
	at com.kms.katalon.core.main.TestCaseExecutor.runScript(TestCaseExecutor.java:448)
	at com.kms.katalon.core.main.TestCaseExecutor.doExecute(TestCaseExecutor.java:439)
	at com.kms.katalon.core.main.TestCaseExecutor.processExecutionPhase(TestCaseExecutor.java:418)
	at com.kms.katalon.core.main.TestCaseExecutor.accessMainPhase(TestCaseExecutor.java:410)
	at com.kms.katalon.core.main.TestCaseExecutor.execute(TestCaseExecutor.java:285)
	at com.kms.katalon.core.common.CommonExecutor.accessTestCaseMainPhase(CommonExecutor.java:65)
	at com.kms.katalon.core.main.TestSuiteExecutor.accessTestSuiteMainPhase(TestSuiteExecutor.java:148)
	at com.kms.katalon.core.main.TestSuiteExecutor.execute(TestSuiteExecutor.java:106)
	at com.kms.katalon.core.main.TestCaseMain.startTestSuite(TestCaseMain.java:187)
	at com.kms.katalon.core.main.TestCaseMain$startTestSuite$0.call(Unknown Source)
	at TempTestSuite1696477503821.run(TempTestSuite1696477503821.groovy:36)
Caused by: com.kms.katalon.core.exception.StepFailedException: Text 'Please fill out this field.' is not present on page 
	at com.kms.katalon.core.webui.keyword.internal.WebUIKeywordMain.stepFailed(WebUIKeywordMain.groovy:64)
	at com.kms.katalon.core.webui.keyword.builtin.VerifyTextPresentKeyword$_verifyTextPresent_closure1.doCall(VerifyTextPresentKeyword.groovy:79)
	at com.kms.katalon.core.webui.keyword.builtin.VerifyTextPresentKeyword$_verifyTextPresent_closure1.call(VerifyTextPresentKeyword.groovy)
	at com.kms.katalon.core.webui.keyword.internal.WebUIKeywordMain.runKeyword(WebUIKeywordMain.groovy:20)
	... 19 more
)
[[ATTACHMENT|C:\\FT2 XSIS\\Projek 2 MINI PROJEK\\Reports\\20231005_104503\\T13 Pembelian, Shipment dan Pembayaran\\T13 Pembelian, Shipment dan Pembayaran\\20231005_104503\\1696478345242.png]]]]></system-out>
         <system-err><![CDATA[2023-10-05 10:58:01 - [TEST_CASE][FAILED] - Test Cases/T13 Pembelian, Shipment dan Pembayaran/PBY-008: Test Cases/T13 Pembelian, Shipment dan Pembayaran/PBY-008 FAILED.
Reason:
com.kms.katalon.core.exception.StepFailedException: Unable to verify text 'Please fill out this field.' is present 
	at com.kms.katalon.core.webui.keyword.internal.WebUIKeywordMain.stepFailed(WebUIKeywordMain.groovy:64)
	at com.kms.katalon.core.webui.keyword.internal.WebUIKeywordMain.runKeyword(WebUIKeywordMain.groovy:26)
	at com.kms.katalon.core.webui.keyword.builtin.VerifyTextPresentKeyword.verifyTextPresent(VerifyTextPresentKeyword.groovy:83)
	at com.kms.katalon.core.webui.keyword.builtin.VerifyTextPresentKeyword.execute(VerifyTextPresentKeyword.groovy:68)
	at com.kms.katalon.core.keyword.internal.KeywordExecutor.executeKeywordForPlatform(KeywordExecutor.groovy:74)
	at com.kms.katalon.core.webui.keyword.WebUiBuiltInKeywords.verifyTextPresent(WebUiBuiltInKeywords.groovy:1723)
	at com.kms.katalon.core.webui.keyword.WebUiBuiltInKeywords$verifyTextPresent$7.call(Unknown Source)
	at PBY-008.run(PBY-008:57)
	at com.kms.katalon.core.main.ScriptEngine.run(ScriptEngine.java:194)
	at com.kms.katalon.core.main.ScriptEngine.runScriptAsRawText(ScriptEngine.java:119)
	at com.kms.katalon.core.main.TestCaseExecutor.runScript(TestCaseExecutor.java:448)
	at com.kms.katalon.core.main.TestCaseExecutor.doExecute(TestCaseExecutor.java:439)
	at com.kms.katalon.core.main.TestCaseExecutor.processExecutionPhase(TestCaseExecutor.java:418)
	at com.kms.katalon.core.main.TestCaseExecutor.accessMainPhase(TestCaseExecutor.java:410)
	at com.kms.katalon.core.main.TestCaseExecutor.execute(TestCaseExecutor.java:285)
	at com.kms.katalon.core.common.CommonExecutor.accessTestCaseMainPhase(CommonExecutor.java:65)
	at com.kms.katalon.core.main.TestSuiteExecutor.accessTestSuiteMainPhase(TestSuiteExecutor.java:148)
	at com.kms.katalon.core.main.TestSuiteExecutor.execute(TestSuiteExecutor.java:106)
	at com.kms.katalon.core.main.TestCaseMain.startTestSuite(TestCaseMain.java:187)
	at com.kms.katalon.core.main.TestCaseMain$startTestSuite$0.call(Unknown Source)
	at TempTestSuite1696477503821.run(TempTestSuite1696477503821.groovy:36)
Caused by: com.kms.katalon.core.exception.StepFailedException: Text 'Please fill out this field.' is not present on page 
	at com.kms.katalon.core.webui.keyword.internal.WebUIKeywordMain.stepFailed(WebUIKeywordMain.groovy:64)
	at com.kms.katalon.core.webui.keyword.builtin.VerifyTextPresentKeyword$_verifyTextPresent_closure1.doCall(VerifyTextPresentKeyword.groovy:79)
	at com.kms.katalon.core.webui.keyword.builtin.VerifyTextPresentKeyword$_verifyTextPresent_closure1.call(VerifyTextPresentKeyword.groovy)
	at com.kms.katalon.core.webui.keyword.internal.WebUIKeywordMain.runKeyword(WebUIKeywordMain.groovy:20)
	... 19 more]]></system-err>
      </testcase>
      <testcase name="Test Cases/T13 Pembelian, Shipment dan Pembayaran/PBY-009" time="61.078" classname="Test Cases/T13 Pembelian, Shipment dan Pembayaran/PBY-009" status="PASSED">
         <system-out><![CDATA[2023-10-05 10:59:05 - [TEST_CASE][PASSED] - Test Cases/T13 Pembelian, Shipment dan Pembayaran/PBY-009: Test Cases/T13 Pembelian, Shipment dan Pembayaran/PBY-009

2023-10-05 10:59:05 - [TEST_STEP][PASSED] - data = callTestCase(findTestCase("T13 Pembelian, Shipment dan Pembayaran/PBY-001"), [:], STOP_ON_FAILURE): Call Test Case 'Test Cases/T13 Pembelian, Shipment dan Pembayaran/PBY-001' successfully

2023-10-05 10:59:05 - [TEST_CASE][PASSED] - Test Cases/T13 Pembelian, Shipment dan Pembayaran/PBY-001: Test Cases/T13 Pembelian, Shipment dan Pembayaran/PBY-001

2023-10-05 10:59:05 - [TEST_STEP][PASSED] - data = callTestCase(findTestCase("T13 Pembelian, Shipment dan Pembayaran/PBL-004"), ["Kurir":"Roda 2"], STOP_ON_FAILURE): Call Test Case 'Test Cases/T13 Pembelian, Shipment dan Pembayaran/PBL-004' successfully

2023-10-05 10:59:06 - [TEST_CASE][PASSED] - Test Cases/T13 Pembelian, Shipment dan Pembayaran/PBL-004: Test Cases/T13 Pembelian, Shipment dan Pembayaran/PBL-004

2023-10-05 10:59:06 - [TEST_STEP][PASSED] - data = callTestCase(findTestCase("T13 Pembelian, Shipment dan Pembayaran/PBL-002"), [:], STOP_ON_FAILURE): Call Test Case 'Test Cases/T13 Pembelian, Shipment dan Pembayaran/PBL-002' successfully

2023-10-05 10:59:06 - [TEST_CASE][PASSED] - Test Cases/T13 Pembelian, Shipment dan Pembayaran/PBL-002: Test Cases/T13 Pembelian, Shipment dan Pembayaran/PBL-002

2023-10-05 10:59:06 - [TEST_STEP][PASSED] - data = callTestCase(findTestCase("T13 Pembelian, Shipment dan Pembayaran/PBL-001"), [:], STOP_ON_FAILURE): Call Test Case 'Test Cases/T13 Pembelian, Shipment dan Pembayaran/PBL-001' successfully

2023-10-05 10:59:06 - [TEST_CASE][PASSED] - Test Cases/T13 Pembelian, Shipment dan Pembayaran/PBL-001: Test Cases/T13 Pembelian, Shipment dan Pembayaran/PBL-001

2023-10-05 10:59:06 - [TEST_STEP][PASSED] - callTestCase(findTestCase("T13 Pembelian, Shipment dan Pembayaran/LU-001"), ["username":"irfanafandi", "password":"12345irfan"], STOP_ON_FAILURE): Call Test Case 'Test Cases/T13 Pembelian, Shipment dan Pembayaran/LU-001' successfully

2023-10-05 10:59:06 - [TEST_CASE][PASSED] - Test Cases/T13 Pembelian, Shipment dan Pembayaran/LU-001: Test Cases/T13 Pembelian, Shipment dan Pembayaran/LU-001

2023-10-05 10:59:06 - [TEST_STEP][PASSED] - openBrowser("https://10.9.2.63/ecommerce/"): Browser is opened with url: 'https://10.9.2.63/ecommerce/'

2023-10-05 10:59:06 - [MESSAGE][WARNING] - A browser is already opened. Closing browser and opening a new one

2023-10-05 10:59:06 - [MESSAGE][INFO] - Starting 'Edge Chromium' driver

2023-10-05 10:59:06 - [MESSAGE][INFO] - User set preference: ['acceptInsecureCerts', 'true']

2023-10-05 10:59:09 - [MESSAGE][INFO] - Action delay is set to 0 milliseconds

2023-10-05 10:59:13 - [MESSAGE][PASSED] - Browser is opened with url: 'https://10.9.2.63/ecommerce/'

2023-10-05 10:59:13 - [TEST_STEP][PASSED] - maximizeWindow(): Current window maximized

2023-10-05 10:59:13 - [MESSAGE][PASSED] - Current window maximized

2023-10-05 10:59:13 - [TEST_STEP][PASSED] - verifyElementPresent(findTestObject("Login/Home"), 0): Object 'Object Repository/Login/Home' is present

2023-10-05 10:59:13 - [MESSAGE][WARNING] - Timeout '0' is invalid. Using default page load timeout: '30'

2023-10-05 10:59:14 - [MESSAGE][PASSED] - Object 'Object Repository/Login/Home' is present

2023-10-05 10:59:14 - [TEST_STEP][PASSED] - click(findTestObject("Login/a_Login")): Object: 'Object Repository/Login/a_Login' is clicked on

2023-10-05 10:59:14 - [MESSAGE][PASSED] - Object: 'Object Repository/Login/a_Login' is clicked on

2023-10-05 10:59:14 - [TEST_STEP][PASSED] - verifyElementPresent(findTestObject("Login/Tittle Login"), 0): Object 'Object Repository/Login/Tittle Login' is present

2023-10-05 10:59:14 - [MESSAGE][WARNING] - Timeout '0' is invalid. Using default page load timeout: '30'

2023-10-05 10:59:15 - [MESSAGE][PASSED] - Object 'Object Repository/Login/Tittle Login' is present

2023-10-05 10:59:15 - [TEST_STEP][PASSED] - setText(findTestObject("Login/input_Username, Email atau No. Handphone_a"), username): Text 'irfanafandi' is set on object 'Object Repository/Login/input_Username, Email atau No. Handphone_a'

2023-10-05 10:59:16 - [MESSAGE][PASSED] - Text 'irfanafandi' is set on object 'Object Repository/Login/input_Username, Email atau No. Handphone_a'

2023-10-05 10:59:16 - [TEST_STEP][PASSED] - setText(findTestObject("Login/input_Password_b"), password): Text '12345irfan' is set on object 'Object Repository/Login/input_Password_b'

2023-10-05 10:59:17 - [MESSAGE][PASSED] - Text '12345irfan' is set on object 'Object Repository/Login/input_Password_b'

2023-10-05 10:59:17 - [TEST_STEP][PASSED] - click(findTestObject("Login/label_Ingat saya")): Object: 'Object Repository/Login/label_Ingat saya' is clicked on

2023-10-05 10:59:17 - [MESSAGE][PASSED] - Object: 'Object Repository/Login/label_Ingat saya' is clicked on

2023-10-05 10:59:17 - [TEST_STEP][PASSED] - click(findTestObject("Login/button_Masuk")): Object: 'Object Repository/Login/button_Masuk' is clicked on

2023-10-05 10:59:19 - [MESSAGE][PASSED] - Object: 'Object Repository/Login/button_Masuk' is clicked on

2023-10-05 10:59:19 - [TEST_STEP][PASSED] - verifyElementPresent(findTestObject("Login/li_Profile"), 0): Object 'Object Repository/Login/li_Profile' is present

2023-10-05 10:59:19 - [MESSAGE][WARNING] - Timeout '0' is invalid. Using default page load timeout: '30'

2023-10-05 10:59:19 - [MESSAGE][PASSED] - Object 'Object Repository/Login/li_Profile' is present

2023-10-05 10:59:19 - [MESSAGE][PASSED] - Call Test Case 'Test Cases/T13 Pembelian, Shipment dan Pembayaran/LU-001' successfully

2023-10-05 10:59:19 - [TEST_STEP][PASSED] - mouseOver(findTestObject("beli barang/i_Mulai Belanja_icon-menu")): Object: 'Object Repository/beli barang/i_Mulai Belanja_icon-menu' is hovered

2023-10-05 10:59:20 - [MESSAGE][PASSED] - Object: 'Object Repository/beli barang/i_Mulai Belanja_icon-menu' is hovered

2023-10-05 10:59:20 - [TEST_STEP][PASSED] - click(findTestObject("beli barang/a_Fashion  Busana Wanita")): Object: 'Object Repository/beli barang/a_Fashion  Busana Wanita' is clicked on

2023-10-05 10:59:21 - [MESSAGE][PASSED] - Object: 'Object Repository/beli barang/a_Fashion  Busana Wanita' is clicked on

2023-10-05 10:59:21 - [TEST_STEP][PASSED] - NamaSebelum = getText(findTestObject("verifikasi/Nama sebelum")): Text of object 'Object Repository/verifikasi/Nama sebelum' is: ''

2023-10-05 10:59:22 - [MESSAGE][PASSED] - Text of object 'Object Repository/verifikasi/Nama sebelum' is: ''

2023-10-05 10:59:22 - [TEST_STEP][PASSED] - HargaSebelum = getText(findTestObject("verifikasi/Harga sebelum")): Text of object 'Object Repository/verifikasi/Harga sebelum' is: 'Rp 1,299'

2023-10-05 10:59:23 - [MESSAGE][PASSED] - Text of object 'Object Repository/verifikasi/Harga sebelum' is: 'Rp 1,299'

2023-10-05 10:59:23 - [TEST_STEP][PASSED] - mouseOver(findTestObject("beli barang/barang mouse over")): Object: 'Object Repository/beli barang/barang mouse over' is hovered

2023-10-05 10:59:23 - [MESSAGE][PASSED] - Object: 'Object Repository/beli barang/barang mouse over' is hovered

2023-10-05 10:59:23 - [TEST_STEP][PASSED] - click(findTestObject("beli barang/buttom add to cart")): Object: 'Object Repository/beli barang/buttom add to cart' is clicked on

2023-10-05 10:59:25 - [MESSAGE][PASSED] - Object: 'Object Repository/beli barang/buttom add to cart' is clicked on

2023-10-05 10:59:25 - [TEST_STEP][PASSED] - NamaSesudah = getText(findTestObject("verifikasi/Nama sesudah")): Text of object 'Object Repository/verifikasi/Nama sesudah' is: 'Segitiga Instan Madeira - MDB5.3 Sunset'

2023-10-05 10:59:25 - [MESSAGE][PASSED] - Text of object 'Object Repository/verifikasi/Nama sesudah' is: 'Segitiga Instan Madeira - MDB5.3 Sunset'

2023-10-05 10:59:25 - [TEST_STEP][PASSED] - HargaSesudah = getText(findTestObject("verifikasi/Harga sesudah")): Text of object 'Object Repository/verifikasi/Harga sesudah' is: 'Rp 1,299'

2023-10-05 10:59:26 - [MESSAGE][PASSED] - Text of object 'Object Repository/verifikasi/Harga sesudah' is: 'Rp 1,299'

2023-10-05 10:59:26 - [TEST_STEP][PASSED] - assert NamaSesudah.contains(NamaSebelum): null

2023-10-05 10:59:26 - [TEST_STEP][PASSED] - assert HargaSesudah.contains(HargaSebelum): null

2023-10-05 10:59:26 - [TEST_STEP][PASSED] - click(findTestObject("beli barang/Tambah Keranjang busana wanita")): Object: 'Object Repository/beli barang/Tambah Keranjang busana wanita' is clicked on

2023-10-05 10:59:26 - [MESSAGE][PASSED] - Object: 'Object Repository/beli barang/Tambah Keranjang busana wanita' is clicked on

2023-10-05 10:59:26 - [TEST_STEP][PASSED] - verifyElementPresent(findTestObject("checkout/Notifikasi keranjang"), 1): Object 'Object Repository/checkout/Notifikasi keranjang' is present

2023-10-05 10:59:27 - [MESSAGE][PASSED] - Object 'Object Repository/checkout/Notifikasi keranjang' is present

2023-10-05 10:59:27 - [TEST_STEP][PASSED] - data = new java.util.HashMap(): null

2023-10-05 10:59:27 - [TEST_STEP][PASSED] - data.put("nama_barang", NamaSesudah): null

2023-10-05 10:59:27 - [TEST_STEP][PASSED] - data.put("price_barang", HargaSesudah): null

2023-10-05 10:59:27 - [TEST_STEP][PASSED] - return data: null

2023-10-05 10:59:27 - [MESSAGE][PASSED] - Call Test Case 'Test Cases/T13 Pembelian, Shipment dan Pembayaran/PBL-001' successfully

2023-10-05 10:59:27 - [TEST_STEP][PASSED] - mouseOver(findTestObject("beli barang/keranjang")): Object: 'Object Repository/beli barang/keranjang' is hovered

2023-10-05 10:59:28 - [MESSAGE][PASSED] - Object: 'Object Repository/beli barang/keranjang' is hovered

2023-10-05 10:59:28 - [TEST_STEP][PASSED] - click(findTestObject("beli barang/Lihat Sekarang")): Object: 'Object Repository/beli barang/Lihat Sekarang' is clicked on

2023-10-05 10:59:29 - [MESSAGE][PASSED] - Object: 'Object Repository/beli barang/Lihat Sekarang' is clicked on

2023-10-05 10:59:29 - [TEST_STEP][PASSED] - verifyElementPresent(findTestObject("keranjang/li_Keranjang Belanja"), 0): Object 'Object Repository/keranjang/li_Keranjang Belanja' is present

2023-10-05 10:59:29 - [MESSAGE][WARNING] - Timeout '0' is invalid. Using default page load timeout: '30'

2023-10-05 10:59:30 - [MESSAGE][PASSED] - Object 'Object Repository/keranjang/li_Keranjang Belanja' is present

2023-10-05 10:59:30 - [TEST_STEP][PASSED] - NamaKeranjang = getText(findTestObject("verifikasi/Nama keranjang")): Text of object 'Object Repository/verifikasi/Nama keranjang' is: 'Segitiga Instan Madeira - MDB5.3 Sunset'

2023-10-05 10:59:30 - [MESSAGE][PASSED] - Text of object 'Object Repository/verifikasi/Nama keranjang' is: 'Segitiga Instan Madeira - MDB5.3 Sunset'

2023-10-05 10:59:30 - [TEST_STEP][PASSED] - HargaKeranjang = getText(findTestObject("verifikasi/Harga Keranjang")): Text of object 'Object Repository/verifikasi/Harga Keranjang' is: 'Rp 1,299'

2023-10-05 10:59:31 - [MESSAGE][PASSED] - Text of object 'Object Repository/verifikasi/Harga Keranjang' is: 'Rp 1,299'

2023-10-05 10:59:31 - [TEST_STEP][PASSED] - if (toString().equalsIgnoreCase("Merah")): Object 'Object Repository/keranjang/input_Warna_variasi101' is checked

2023-10-05 10:59:31 - [TEST_STEP][PASSED] - check(findTestObject("Object Repository/keranjang/input_Warna_variasi101")): Object 'Object Repository/keranjang/input_Warna_variasi101' is checked

2023-10-05 10:59:31 - [MESSAGE][PASSED] - Object 'Object Repository/keranjang/input_Warna_variasi101' is checked

2023-10-05 10:59:31 - [TEST_STEP][PASSED] - if (toString().equalsIgnoreCase("Menengah")): Object 'Object Repository/keranjang/input_Ukuran_variasi201' is checked

2023-10-05 10:59:31 - [TEST_STEP][PASSED] - check(findTestObject("Object Repository/keranjang/input_Ukuran_variasi201")): Object 'Object Repository/keranjang/input_Ukuran_variasi201' is checked

2023-10-05 10:59:32 - [MESSAGE][PASSED] - Object 'Object Repository/keranjang/input_Ukuran_variasi201' is checked

2023-10-05 10:59:32 - [TEST_STEP][PASSED] - data.put("Warna", warna): null

2023-10-05 10:59:32 - [TEST_STEP][PASSED] - data.put("Ukuran", ukuran): null

2023-10-05 10:59:32 - [TEST_STEP][PASSED] - click(findTestObject("keranjang/button_Lanjut ke Pembayaran")): Object: 'Object Repository/keranjang/button_Lanjut ke Pembayaran' is clicked on

2023-10-05 10:59:33 - [MESSAGE][PASSED] - Object: 'Object Repository/keranjang/button_Lanjut ke Pembayaran' is clicked on

2023-10-05 10:59:33 - [TEST_STEP][PASSED] - verifyElementPresent(findTestObject("checkout/Tittle Checkout Order"), 0): Object 'Object Repository/checkout/Tittle Checkout Order' is present

2023-10-05 10:59:33 - [MESSAGE][WARNING] - Timeout '0' is invalid. Using default page load timeout: '30'

2023-10-05 10:59:34 - [MESSAGE][PASSED] - Object 'Object Repository/checkout/Tittle Checkout Order' is present

2023-10-05 10:59:34 - [TEST_STEP][PASSED] - name_product = data.get("nama_barang"): null

2023-10-05 10:59:34 - [TEST_STEP][PASSED] - price_product = data.get("price_barang"): null

2023-10-05 10:59:34 - [TEST_STEP][PASSED] - assert name_product == NamaKeranjang: null

2023-10-05 10:59:34 - [TEST_STEP][PASSED] - assert price_product == HargaKeranjang: null

2023-10-05 10:59:34 - [TEST_STEP][PASSED] - return data: null

2023-10-05 10:59:34 - [MESSAGE][PASSED] - Call Test Case 'Test Cases/T13 Pembelian, Shipment dan Pembayaran/PBL-002' successfully

2023-10-05 10:59:34 - [TEST_STEP][PASSED] - warnaa = getText(findTestObject("verifikasi/warna Merah")): Text of object 'Object Repository/verifikasi/warna Merah' is: 'Merah'

2023-10-05 10:59:34 - [MESSAGE][PASSED] - Text of object 'Object Repository/verifikasi/warna Merah' is: 'Merah'

2023-10-05 10:59:34 - [TEST_STEP][PASSED] - ukurann = getText(findTestObject("verifikasi/Ukuran Menengah")): Text of object 'Object Repository/verifikasi/Ukuran Menengah' is: 'Menengah'

2023-10-05 10:59:35 - [MESSAGE][PASSED] - Text of object 'Object Repository/verifikasi/Ukuran Menengah' is: 'Menengah'

2023-10-05 10:59:35 - [TEST_STEP][PASSED] - warna1 = data.get("Warna"): null

2023-10-05 10:59:35 - [TEST_STEP][PASSED] - ukuran1 = data.get("Ukuran"): null

2023-10-05 10:59:35 - [TEST_STEP][PASSED] - assert warnaa == warna1: null

2023-10-05 10:59:35 - [TEST_STEP][PASSED] - assert ukurann == ukuran1: null

2023-10-05 10:59:35 - [TEST_STEP][PASSED] - NamaCheckout = getText(findTestObject("verifikasi/NamaCheckout")): Text of object 'Object Repository/verifikasi/NamaCheckout' is: ''

2023-10-05 10:59:35 - [MESSAGE][PASSED] - Text of object 'Object Repository/verifikasi/NamaCheckout' is: ''

2023-10-05 10:59:35 - [TEST_STEP][PASSED] - HargaCheckout = getText(findTestObject("verifikasi/HargaCheckout")): Text of object 'Object Repository/verifikasi/HargaCheckout' is: '1,299'

2023-10-05 10:59:36 - [MESSAGE][PASSED] - Text of object 'Object Repository/verifikasi/HargaCheckout' is: '1,299'

2023-10-05 10:59:36 - [TEST_STEP][PASSED] - name_product = data.get("nama_barang"): null

2023-10-05 10:59:36 - [TEST_STEP][PASSED] - price_product = data.get("price_barang"): null

2023-10-05 10:59:36 - [TEST_STEP][PASSED] - assert name_product.contains(NamaCheckout): null

2023-10-05 10:59:36 - [TEST_STEP][PASSED] - assert price_product.contains(HargaCheckout): null

2023-10-05 10:59:36 - [TEST_STEP][PASSED] - selectOptionByLabel(findTestObject("checkout/select - Kirim via Kurir Lokal"), Kurir, false): All options with label 'Roda 2' are selected in object 'Object Repository/checkout/select - Kirim via Kurir Lokal' 

2023-10-05 10:59:36 - [MESSAGE][PASSED] - All options with label 'Roda 2' are selected in object 'Object Repository/checkout/select - Kirim via Kurir Lokal' 

2023-10-05 10:59:36 - [TEST_STEP][PASSED] - click(findTestObject("checkout/Kendaraan Kurir")): Object: 'Object Repository/checkout/Kendaraan Kurir' is clicked on

2023-10-05 10:59:37 - [MESSAGE][PASSED] - Object: 'Object Repository/checkout/Kendaraan Kurir' is clicked on

2023-10-05 10:59:37 - [TEST_STEP][PASSED] - OngkosKirim = getText(findTestObject("Object Repository/verifikasi/Ongkos Kirim checkout")): Text of object 'Object Repository/verifikasi/Ongkos Kirim checkout' is: 'Rp. 5,000'

2023-10-05 10:59:38 - [MESSAGE][PASSED] - Text of object 'Object Repository/verifikasi/Ongkos Kirim checkout' is: 'Rp. 5,000'

2023-10-05 10:59:38 - [TEST_STEP][PASSED] - Ongkos = OngkosKirim.substring(3, OngkosKirim.size()): null

2023-10-05 10:59:38 - [TEST_STEP][PASSED] - rep = Ongkos.replace(",", "."): null

2023-10-05 10:59:38 - [TEST_STEP][PASSED] - Ongkos_kirim = Double.parseDouble(rep): null

2023-10-05 10:59:38 - [TEST_STEP][PASSED] - println(Ongkos_kirim): null

2023-10-05 10:59:38 - [TEST_STEP][PASSED] - FeeAdmin = getText(findTestObject("verifikasi/Fee Admin checkout")): Text of object 'Object Repository/verifikasi/Fee Admin checkout' is: 'Fee Admin
Rp 1,500'

2023-10-05 10:59:38 - [MESSAGE][PASSED] - Text of object 'Object Repository/verifikasi/Fee Admin checkout' is: 'Fee Admin
Rp 1,500'

2023-10-05 10:59:38 - [TEST_STEP][PASSED] - Fee_Admin = FeeAdmin.substring(12, FeeAdmin.size()): null

2023-10-05 10:59:38 - [TEST_STEP][PASSED] - fee = Fee_Admin.replace(",", "."): null

2023-10-05 10:59:38 - [TEST_STEP][PASSED] - fee_admin = Double.parseDouble(fee): null

2023-10-05 10:59:38 - [TEST_STEP][PASSED] - println(fee_admin): null

2023-10-05 10:59:38 - [TEST_STEP][PASSED] - Subtotal = getText(findTestObject("verifikasi/subtotal checkout")): Text of object 'Object Repository/verifikasi/subtotal checkout' is: 'Subtotal
Rp 1,299'

2023-10-05 10:59:39 - [MESSAGE][PASSED] - Text of object 'Object Repository/verifikasi/subtotal checkout' is: 'Subtotal
Rp 1,299'

2023-10-05 10:59:39 - [TEST_STEP][PASSED] - sub_total = Subtotal.substring(12, Subtotal.size()): null

2023-10-05 10:59:39 - [TEST_STEP][PASSED] - sub = sub_total.replace(",", "."): null

2023-10-05 10:59:39 - [TEST_STEP][PASSED] - sub_total = Double.parseDouble(sub): null

2023-10-05 10:59:39 - [TEST_STEP][PASSED] - println(sub_total): null

2023-10-05 10:59:39 - [TEST_STEP][PASSED] - Total = getText(findTestObject("verifikasi/Total checkout")): Text of object 'Object Repository/verifikasi/Total checkout' is: 'Rp 7,799'

2023-10-05 10:59:39 - [MESSAGE][PASSED] - Text of object 'Object Repository/verifikasi/Total checkout' is: 'Rp 7,799'

2023-10-05 10:59:39 - [TEST_STEP][PASSED] - totall = Total.substring(3, Total.size()): null

2023-10-05 10:59:39 - [TEST_STEP][PASSED] - total = totall.replace(",", "."): null

2023-10-05 10:59:39 - [TEST_STEP][PASSED] - totall = Double.parseDouble(total): null

2023-10-05 10:59:39 - [TEST_STEP][PASSED] - println(totall): null

2023-10-05 10:59:39 - [TEST_STEP][PASSED] - Total_Harga = Ongkos_kirim + fee_admin + sub_total: null

2023-10-05 10:59:39 - [TEST_STEP][PASSED] - println(Total_Harga): null

2023-10-05 10:59:39 - [TEST_STEP][PASSED] - TotalHarga = Math.round(Total_Harga * 1000) / 1000: null

2023-10-05 10:59:39 - [TEST_STEP][PASSED] - println(TotalHarga): null

2023-10-05 10:59:39 - [TEST_STEP][PASSED] - assert totall == TotalHarga: null

2023-10-05 10:59:39 - [TEST_STEP][PASSED] - click(findTestObject("verifikasi/Metode Transfer")): Object: 'Object Repository/verifikasi/Metode Transfer' is clicked on

2023-10-05 10:59:40 - [MESSAGE][PASSED] - Object: 'Object Repository/verifikasi/Metode Transfer' is clicked on

2023-10-05 10:59:40 - [TEST_STEP][PASSED] - click(findTestObject("checkout/button_Proses Pembayaran")): Object: 'Object Repository/checkout/button_Proses Pembayaran' is clicked on

2023-10-05 10:59:48 - [MESSAGE][PASSED] - Object: 'Object Repository/checkout/button_Proses Pembayaran' is clicked on

2023-10-05 10:59:48 - [TEST_STEP][PASSED] - verifyElementPresent(findTestObject("pembayaran/Tittle nomor invoice"), 0): Object 'Object Repository/pembayaran/Tittle nomor invoice' is present

2023-10-05 10:59:48 - [MESSAGE][WARNING] - Timeout '0' is invalid. Using default page load timeout: '30'

2023-10-05 10:59:49 - [MESSAGE][PASSED] - Object 'Object Repository/pembayaran/Tittle nomor invoice' is present

2023-10-05 10:59:49 - [TEST_STEP][PASSED] - return data: null

2023-10-05 10:59:49 - [MESSAGE][PASSED] - Call Test Case 'Test Cases/T13 Pembelian, Shipment dan Pembayaran/PBL-004' successfully

2023-10-05 10:59:49 - [TEST_STEP][PASSED] - Invoice = getText(findTestObject("pembayaran/nomor invoice")): Text of object 'Object Repository/pembayaran/nomor invoice' is: 'TRX60.20231005105943'

2023-10-05 10:59:50 - [MESSAGE][PASSED] - Text of object 'Object Repository/pembayaran/nomor invoice' is: 'TRX60.20231005105943'

2023-10-05 10:59:50 - [TEST_STEP][PASSED] - data.put("invoice", Invoice): null

2023-10-05 10:59:50 - [TEST_STEP][PASSED] - NamaPemesan = getText(findTestObject("Konfirmasi pesanan shop/Nama pemesan")): Text of object 'Object Repository/Konfirmasi pesanan shop/Nama pemesan' is: 'irfan.afandi'

2023-10-05 10:59:50 - [MESSAGE][PASSED] - Text of object 'Object Repository/Konfirmasi pesanan shop/Nama pemesan' is: 'irfan.afandi'

2023-10-05 10:59:50 - [TEST_STEP][PASSED] - Nama = getText(findTestObject("pembayaran/Nama barang")): Text of object 'Object Repository/pembayaran/Nama barang' is: 'Segitiga Instan Madeira - MDB5.3 Sunset'

2023-10-05 10:59:51 - [MESSAGE][PASSED] - Text of object 'Object Repository/pembayaran/Nama barang' is: 'Segitiga Instan Madeira - MDB5.3 Sunset'

2023-10-05 10:59:51 - [TEST_STEP][PASSED] - Harga = getText(findTestObject("pembayaran/Harga barang")): Text of object 'Object Repository/pembayaran/Harga barang' is: '1,299'

2023-10-05 10:59:51 - [MESSAGE][PASSED] - Text of object 'Object Repository/pembayaran/Harga barang' is: '1,299'

2023-10-05 10:59:51 - [TEST_STEP][PASSED] - name_product = data.get("nama_barang"): null

2023-10-05 10:59:51 - [TEST_STEP][PASSED] - price_product = data.get("price_barang"): null

2023-10-05 10:59:51 - [TEST_STEP][PASSED] - assert name_product.contains(Nama): null

2023-10-05 10:59:51 - [TEST_STEP][PASSED] - assert price_product.contains(Harga): null

2023-10-05 10:59:51 - [TEST_STEP][PASSED] - warnaa = getText(findTestObject("pembayaran/warna")): Text of object 'Object Repository/pembayaran/warna' is: 'Merah'

2023-10-05 10:59:52 - [MESSAGE][PASSED] - Text of object 'Object Repository/pembayaran/warna' is: 'Merah'

2023-10-05 10:59:52 - [TEST_STEP][PASSED] - ukurann = getText(findTestObject("pembayaran/ukuran")): Text of object 'Object Repository/pembayaran/ukuran' is: 'Menengah'

2023-10-05 10:59:52 - [MESSAGE][PASSED] - Text of object 'Object Repository/pembayaran/ukuran' is: 'Menengah'

2023-10-05 10:59:52 - [TEST_STEP][PASSED] - warna1 = data.get("Warna"): null

2023-10-05 10:59:52 - [TEST_STEP][PASSED] - ukuran1 = data.get("Ukuran"): null

2023-10-05 10:59:52 - [TEST_STEP][PASSED] - assert warnaa == warna1: null

2023-10-05 10:59:52 - [TEST_STEP][PASSED] - assert ukurann == ukuran1: null

2023-10-05 10:59:52 - [TEST_STEP][PASSED] - statusPembelian = getText(findTestObject("verifikasi/Status pending di pembelian")): Text of object 'Object Repository/verifikasi/Status pending di pembelian' is: 'Pending'

2023-10-05 10:59:53 - [MESSAGE][PASSED] - Text of object 'Object Repository/verifikasi/Status pending di pembelian' is: 'Pending'

2023-10-05 10:59:53 - [TEST_STEP][PASSED] - data.put("statusPem", statusPembelian): null

2023-10-05 10:59:53 - [TEST_STEP][PASSED] - OngkosKirim = getText(findTestObject("pembayaran/ongkos kirim")): Text of object 'Object Repository/pembayaran/ongkos kirim' is: 'Rp 5,000'

2023-10-05 10:59:53 - [MESSAGE][PASSED] - Text of object 'Object Repository/pembayaran/ongkos kirim' is: 'Rp 5,000'

2023-10-05 10:59:53 - [TEST_STEP][PASSED] - Ongkos = OngkosKirim.substring(3, OngkosKirim.size()): null

2023-10-05 10:59:53 - [TEST_STEP][PASSED] - rep = Ongkos.replace(",", ""): null

2023-10-05 10:59:53 - [TEST_STEP][PASSED] - Ongkos_kirimm = Integer.parseInt(rep): null

2023-10-05 10:59:53 - [TEST_STEP][PASSED] - println(Ongkos_kirimm): null

2023-10-05 10:59:53 - [TEST_STEP][PASSED] - FeeAdmin = getText(findTestObject("pembayaran/fee admin")): Text of object 'Object Repository/pembayaran/fee admin' is: 'Rp 1,500'

2023-10-05 10:59:54 - [MESSAGE][PASSED] - Text of object 'Object Repository/pembayaran/fee admin' is: 'Rp 1,500'

2023-10-05 10:59:54 - [TEST_STEP][PASSED] - Fee_Admin = FeeAdmin.substring(3, FeeAdmin.size()): null

2023-10-05 10:59:54 - [TEST_STEP][PASSED] - fee = Fee_Admin.replace(",", ""): null

2023-10-05 10:59:54 - [TEST_STEP][PASSED] - fee_adminn = Integer.parseInt(fee): null

2023-10-05 10:59:54 - [TEST_STEP][PASSED] - println(fee_adminn): null

2023-10-05 10:59:54 - [TEST_STEP][PASSED] - Subtotal = getText(findTestObject("pembayaran/subtotal")): Text of object 'Object Repository/pembayaran/subtotal' is: 'Rp 1,299'

2023-10-05 10:59:54 - [MESSAGE][PASSED] - Text of object 'Object Repository/pembayaran/subtotal' is: 'Rp 1,299'

2023-10-05 10:59:54 - [TEST_STEP][PASSED] - sub_total = Subtotal.substring(3, Subtotal.size()): null

2023-10-05 10:59:54 - [TEST_STEP][PASSED] - sub = sub_total.replace(",", ""): null

2023-10-05 10:59:54 - [TEST_STEP][PASSED] - sub_totall = Integer.parseInt(sub): null

2023-10-05 10:59:54 - [TEST_STEP][PASSED] - println(sub_totall): null

2023-10-05 10:59:54 - [TEST_STEP][PASSED] - unik = getText(findTestObject("pembayaran/kode unik")): Text of object 'Object Repository/pembayaran/kode unik' is: '+943'

2023-10-05 10:59:55 - [MESSAGE][PASSED] - Text of object 'Object Repository/pembayaran/kode unik' is: '+943'

2023-10-05 10:59:55 - [TEST_STEP][PASSED] - unikk = unik.replace("+", ""): null

2023-10-05 10:59:55 - [TEST_STEP][PASSED] - kode_unik = Integer.parseInt(unikk): null

2023-10-05 10:59:55 - [TEST_STEP][PASSED] - println(kode_unik): null

2023-10-05 10:59:55 - [TEST_STEP][PASSED] - Total = getText(findTestObject("pembayaran/total")): Text of object 'Object Repository/pembayaran/total' is: '8,742'

2023-10-05 10:59:55 - [MESSAGE][PASSED] - Text of object 'Object Repository/pembayaran/total' is: '8,742'

2023-10-05 10:59:55 - [TEST_STEP][PASSED] - total = Total.replace(",", ""): null

2023-10-05 10:59:55 - [TEST_STEP][PASSED] - totalll = Integer.parseInt(total): null

2023-10-05 10:59:55 - [TEST_STEP][PASSED] - println(totalll): null

2023-10-05 10:59:55 - [TEST_STEP][PASSED] - Total_Hargaa = Ongkos_kirimm + fee_adminn + sub_totall + kode_unik: null

2023-10-05 10:59:55 - [TEST_STEP][PASSED] - println(Total_Hargaa): null

2023-10-05 10:59:55 - [TEST_STEP][PASSED] - assert totalll == Total_Hargaa: null

2023-10-05 10:59:55 - [TEST_STEP][PASSED] - data.put("total", Total): null

2023-10-05 10:59:55 - [TEST_STEP][PASSED] - data.put("nama", NamaPemesan): null

2023-10-05 10:59:55 - [TEST_STEP][PASSED] - return data: null

2023-10-05 10:59:55 - [MESSAGE][PASSED] - Call Test Case 'Test Cases/T13 Pembelian, Shipment dan Pembayaran/PBY-001' successfully

2023-10-05 10:59:55 - [TEST_STEP][PASSED] - inv = data.get("invoice"): null

2023-10-05 10:59:55 - [TEST_STEP][PASSED] - Total = data.get("total"): null

2023-10-05 10:59:55 - [TEST_STEP][PASSED] - NamaPemesan = data.get("nama"): null

2023-10-05 10:59:55 - [TEST_STEP][PASSED] - click(findTestObject("Konfirmasi pesanan shop/Menu Shop")): Object: 'Object Repository/Konfirmasi pesanan shop/Menu Shop' is clicked on

2023-10-05 10:59:57 - [MESSAGE][PASSED] - Object: 'Object Repository/Konfirmasi pesanan shop/Menu Shop' is clicked on

2023-10-05 10:59:57 - [TEST_STEP][PASSED] - click(findTestObject("Konfirmasi pesanan shop/Menu Shop")): Object: 'Object Repository/Konfirmasi pesanan shop/Menu Shop' is clicked on

2023-10-05 10:59:58 - [MESSAGE][PASSED] - Object: 'Object Repository/Konfirmasi pesanan shop/Menu Shop' is clicked on

2023-10-05 10:59:58 - [TEST_STEP][PASSED] - click(findTestObject("Konfirmasi pesanan shop/Konfirmasi Orders")): Object: 'Object Repository/Konfirmasi pesanan shop/Konfirmasi Orders' is clicked on

2023-10-05 10:59:59 - [MESSAGE][PASSED] - Object: 'Object Repository/Konfirmasi pesanan shop/Konfirmasi Orders' is clicked on

2023-10-05 10:59:59 - [TEST_STEP][PASSED] - verifyElementPresent(findTestObject("Konfirmasi pesanan shop/Tittle Konfirmasi Pesanan"), 0): Object 'Object Repository/Konfirmasi pesanan shop/Tittle Konfirmasi Pesanan' is present

2023-10-05 10:59:59 - [MESSAGE][WARNING] - Timeout '0' is invalid. Using default page load timeout: '30'

2023-10-05 10:59:59 - [MESSAGE][PASSED] - Object 'Object Repository/Konfirmasi pesanan shop/Tittle Konfirmasi Pesanan' is present

2023-10-05 10:59:59 - [TEST_STEP][PASSED] - setText(findTestObject("Konfirmasi pesanan shop/input_No Pesanan"), inv): Text 'TRX60.20231005105943' is set on object 'Object Repository/Konfirmasi pesanan shop/input_No Pesanan'

2023-10-05 11:00:00 - [MESSAGE][PASSED] - Text 'TRX60.20231005105943' is set on object 'Object Repository/Konfirmasi pesanan shop/input_No Pesanan'

2023-10-05 11:00:00 - [TEST_STEP][PASSED] - setText(findTestObject("Konfirmasi pesanan shop/input_Alamat E-mai"), "irfan@gmail.com"): Text 'irfan@gmail.com' is set on object 'Object Repository/Konfirmasi pesanan shop/input_Alamat E-mai'

2023-10-05 11:00:01 - [MESSAGE][PASSED] - Text 'irfan@gmail.com' is set on object 'Object Repository/Konfirmasi pesanan shop/input_Alamat E-mai'

2023-10-05 11:00:01 - [TEST_STEP][PASSED] - click(findTestObject("Konfirmasi pesanan shop/button_Submit")): Object: 'Object Repository/Konfirmasi pesanan shop/button_Submit' is clicked on

2023-10-05 11:00:02 - [MESSAGE][PASSED] - Object: 'Object Repository/Konfirmasi pesanan shop/button_Submit' is clicked on

2023-10-05 11:00:02 - [TEST_STEP][PASSED] - verifyElementPresent(findTestObject("Konfirmasi pesanan shop/Tittle nomor invoice"), 0): Object 'Object Repository/Konfirmasi pesanan shop/Tittle nomor invoice' is present

2023-10-05 11:00:02 - [MESSAGE][WARNING] - Timeout '0' is invalid. Using default page load timeout: '30'

2023-10-05 11:00:03 - [MESSAGE][PASSED] - Object 'Object Repository/Konfirmasi pesanan shop/Tittle nomor invoice' is present

2023-10-05 11:00:03 - [TEST_STEP][PASSED] - setText(findTestObject("Konfirmasi pesanan shop/input_Total TagihanTransfer_b"), Total): Text '8,742' is set on object 'Object Repository/Konfirmasi pesanan shop/input_Total TagihanTransfer_b'

2023-10-05 11:00:04 - [MESSAGE][PASSED] - Text '8,742' is set on object 'Object Repository/Konfirmasi pesanan shop/input_Total TagihanTransfer_b'

2023-10-05 11:00:04 - [TEST_STEP][PASSED] - selectOptionByValue(findTestObject("Konfirmasi pesanan shop/select_Bank"), "4", false): All options with value '4' are selected in object 'Object Repository/Konfirmasi pesanan shop/select_Bank' 

2023-10-05 11:00:04 - [MESSAGE][PASSED] - All options with value '4' are selected in object 'Object Repository/Konfirmasi pesanan shop/select_Bank' 

2023-10-05 11:00:04 - [TEST_STEP][PASSED] - setText(findTestObject("Konfirmasi pesanan shop/input_Nama Pengirim_d"), NamaPemesan): Text 'irfan.afandi' is set on object 'Object Repository/Konfirmasi pesanan shop/input_Nama Pengirim_d'

2023-10-05 11:00:05 - [MESSAGE][PASSED] - Text 'irfan.afandi' is set on object 'Object Repository/Konfirmasi pesanan shop/input_Nama Pengirim_d'

2023-10-05 11:00:05 - [TEST_STEP][PASSED] - click(findTestObject("Konfirmasi pesanan shop/button_Konfirmasi Pembayaran")): Object: 'Object Repository/Konfirmasi pesanan shop/button_Konfirmasi Pembayaran' is clicked on

2023-10-05 11:00:06 - [MESSAGE][PASSED] - Object: 'Object Repository/Konfirmasi pesanan shop/button_Konfirmasi Pembayaran' is clicked on

2023-10-05 11:00:06 - [TEST_STEP][PASSED] - webDriver = getWebDriver(): null

2023-10-05 11:00:06 - [TEST_STEP][PASSED] - field_upload = webDriver.findElement(By.xpath("//input[@name="f"]")): null

2023-10-05 11:00:06 - [TEST_STEP][PASSED] - error_message = webDriver.executeScript("return arguments[0].validationMessage", field_upload): null

2023-10-05 11:00:06 - [TEST_STEP][PASSED] - println(error_message): null

2023-10-05 11:00:06 - [TEST_STEP][PASSED] - assert error_message == "Please select a file.": null]]></system-out>
         <system-err><![CDATA[]]></system-err>
      </testcase>
      <testcase name="Test Cases/T13 Pembelian, Shipment dan Pembayaran/PBY-010" time="65.589" classname="Test Cases/T13 Pembelian, Shipment dan Pembayaran/PBY-010" status="FAILED">
         <failure type="FAILED" message="Test Cases/T13 Pembelian, Shipment dan Pembayaran/PBY-010 FAILED.
Reason:
com.kms.katalon.core.exception.StepFailedException: Unable to verify text 'Please upload an valid file.' is present 
	at com.kms.katalon.core.webui.keyword.internal.WebUIKeywordMain.stepFailed(WebUIKeywordMain.groovy:64)
	at com.kms.katalon.core.webui.keyword.internal.WebUIKeywordMain.runKeyword(WebUIKeywordMain.groovy:26)
	at com.kms.katalon.core.webui.keyword.builtin.VerifyTextPresentKeyword.verifyTextPresent(VerifyTextPresentKeyword.groovy:83)
	at com.kms.katalon.core.webui.keyword.builtin.VerifyTextPresentKeyword.execute(VerifyTextPresentKeyword.groovy:68)
	at com.kms.katalon.core.keyword.internal.KeywordExecutor.executeKeywordForPlatform(KeywordExecutor.groovy:74)
	at com.kms.katalon.core.webui.keyword.WebUiBuiltInKeywords.verifyTextPresent(WebUiBuiltInKeywords.groovy:1723)
	at com.kms.katalon.core.webui.keyword.WebUiBuiltInKeywords$verifyTextPresent$7.call(Unknown Source)
	at PBY-010.run(PBY-010:54)
	at com.kms.katalon.core.main.ScriptEngine.run(ScriptEngine.java:194)
	at com.kms.katalon.core.main.ScriptEngine.runScriptAsRawText(ScriptEngine.java:119)
	at com.kms.katalon.core.main.TestCaseExecutor.runScript(TestCaseExecutor.java:448)
	at com.kms.katalon.core.main.TestCaseExecutor.doExecute(TestCaseExecutor.java:439)
	at com.kms.katalon.core.main.TestCaseExecutor.processExecutionPhase(TestCaseExecutor.java:418)
	at com.kms.katalon.core.main.TestCaseExecutor.accessMainPhase(TestCaseExecutor.java:410)
	at com.kms.katalon.core.main.TestCaseExecutor.execute(TestCaseExecutor.java:285)
	at com.kms.katalon.core.common.CommonExecutor.accessTestCaseMainPhase(CommonExecutor.java:65)
	at com.kms.katalon.core.main.TestSuiteExecutor.accessTestSuiteMainPhase(TestSuiteExecutor.java:148)
	at com.kms.katalon.core.main.TestSuiteExecutor.execute(TestSuiteExecutor.java:106)
	at com.kms.katalon.core.main.TestCaseMain.startTestSuite(TestCaseMain.java:187)
	at com.kms.katalon.core.main.TestCaseMain$startTestSuite$0.call(Unknown Source)
	at TempTestSuite1696477503821.run(TempTestSuite1696477503821.groovy:36)
Caused by: com.kms.katalon.core.exception.StepFailedException: Text 'Please upload an valid file.' is not present on page 
	at com.kms.katalon.core.webui.keyword.internal.WebUIKeywordMain.stepFailed(WebUIKeywordMain.groovy:64)
	at com.kms.katalon.core.webui.keyword.builtin.VerifyTextPresentKeyword$_verifyTextPresent_closure1.doCall(VerifyTextPresentKeyword.groovy:79)
	at com.kms.katalon.core.webui.keyword.builtin.VerifyTextPresentKeyword$_verifyTextPresent_closure1.call(VerifyTextPresentKeyword.groovy)
	at com.kms.katalon.core.webui.keyword.internal.WebUIKeywordMain.runKeyword(WebUIKeywordMain.groovy:20)
	... 19 more
"/>
         <system-out><![CDATA[2023-10-05 11:00:06 - [TEST_CASE][FAILED] - Test Cases/T13 Pembelian, Shipment dan Pembayaran/PBY-010: Test Cases/T13 Pembelian, Shipment dan Pembayaran/PBY-010 FAILED.
Reason:
com.kms.katalon.core.exception.StepFailedException: Unable to verify text 'Please upload an valid file.' is present 
	at com.kms.katalon.core.webui.keyword.internal.WebUIKeywordMain.stepFailed(WebUIKeywordMain.groovy:64)
	at com.kms.katalon.core.webui.keyword.internal.WebUIKeywordMain.runKeyword(WebUIKeywordMain.groovy:26)
	at com.kms.katalon.core.webui.keyword.builtin.VerifyTextPresentKeyword.verifyTextPresent(VerifyTextPresentKeyword.groovy:83)
	at com.kms.katalon.core.webui.keyword.builtin.VerifyTextPresentKeyword.execute(VerifyTextPresentKeyword.groovy:68)
	at com.kms.katalon.core.keyword.internal.KeywordExecutor.executeKeywordForPlatform(KeywordExecutor.groovy:74)
	at com.kms.katalon.core.webui.keyword.WebUiBuiltInKeywords.verifyTextPresent(WebUiBuiltInKeywords.groovy:1723)
	at com.kms.katalon.core.webui.keyword.WebUiBuiltInKeywords$verifyTextPresent$7.call(Unknown Source)
	at PBY-010.run(PBY-010:54)
	at com.kms.katalon.core.main.ScriptEngine.run(ScriptEngine.java:194)
	at com.kms.katalon.core.main.ScriptEngine.runScriptAsRawText(ScriptEngine.java:119)
	at com.kms.katalon.core.main.TestCaseExecutor.runScript(TestCaseExecutor.java:448)
	at com.kms.katalon.core.main.TestCaseExecutor.doExecute(TestCaseExecutor.java:439)
	at com.kms.katalon.core.main.TestCaseExecutor.processExecutionPhase(TestCaseExecutor.java:418)
	at com.kms.katalon.core.main.TestCaseExecutor.accessMainPhase(TestCaseExecutor.java:410)
	at com.kms.katalon.core.main.TestCaseExecutor.execute(TestCaseExecutor.java:285)
	at com.kms.katalon.core.common.CommonExecutor.accessTestCaseMainPhase(CommonExecutor.java:65)
	at com.kms.katalon.core.main.TestSuiteExecutor.accessTestSuiteMainPhase(TestSuiteExecutor.java:148)
	at com.kms.katalon.core.main.TestSuiteExecutor.execute(TestSuiteExecutor.java:106)
	at com.kms.katalon.core.main.TestCaseMain.startTestSuite(TestCaseMain.java:187)
	at com.kms.katalon.core.main.TestCaseMain$startTestSuite$0.call(Unknown Source)
	at TempTestSuite1696477503821.run(TempTestSuite1696477503821.groovy:36)
Caused by: com.kms.katalon.core.exception.StepFailedException: Text 'Please upload an valid file.' is not present on page 
	at com.kms.katalon.core.webui.keyword.internal.WebUIKeywordMain.stepFailed(WebUIKeywordMain.groovy:64)
	at com.kms.katalon.core.webui.keyword.builtin.VerifyTextPresentKeyword$_verifyTextPresent_closure1.doCall(VerifyTextPresentKeyword.groovy:79)
	at com.kms.katalon.core.webui.keyword.builtin.VerifyTextPresentKeyword$_verifyTextPresent_closure1.call(VerifyTextPresentKeyword.groovy)
	at com.kms.katalon.core.webui.keyword.internal.WebUIKeywordMain.runKeyword(WebUIKeywordMain.groovy:20)
	... 19 more


2023-10-05 11:00:06 - [TEST_STEP][PASSED] - data = callTestCase(findTestCase("T13 Pembelian, Shipment dan Pembayaran/PBY-001"), [:], STOP_ON_FAILURE): Call Test Case 'Test Cases/T13 Pembelian, Shipment dan Pembayaran/PBY-001' successfully

2023-10-05 11:00:06 - [TEST_CASE][PASSED] - Test Cases/T13 Pembelian, Shipment dan Pembayaran/PBY-001: Test Cases/T13 Pembelian, Shipment dan Pembayaran/PBY-001

2023-10-05 11:00:06 - [TEST_STEP][PASSED] - data = callTestCase(findTestCase("T13 Pembelian, Shipment dan Pembayaran/PBL-004"), ["Kurir":"Roda 2"], STOP_ON_FAILURE): Call Test Case 'Test Cases/T13 Pembelian, Shipment dan Pembayaran/PBL-004' successfully

2023-10-05 11:00:07 - [TEST_CASE][PASSED] - Test Cases/T13 Pembelian, Shipment dan Pembayaran/PBL-004: Test Cases/T13 Pembelian, Shipment dan Pembayaran/PBL-004

2023-10-05 11:00:07 - [TEST_STEP][PASSED] - data = callTestCase(findTestCase("T13 Pembelian, Shipment dan Pembayaran/PBL-002"), [:], STOP_ON_FAILURE): Call Test Case 'Test Cases/T13 Pembelian, Shipment dan Pembayaran/PBL-002' successfully

2023-10-05 11:00:07 - [TEST_CASE][PASSED] - Test Cases/T13 Pembelian, Shipment dan Pembayaran/PBL-002: Test Cases/T13 Pembelian, Shipment dan Pembayaran/PBL-002

2023-10-05 11:00:07 - [TEST_STEP][PASSED] - data = callTestCase(findTestCase("T13 Pembelian, Shipment dan Pembayaran/PBL-001"), [:], STOP_ON_FAILURE): Call Test Case 'Test Cases/T13 Pembelian, Shipment dan Pembayaran/PBL-001' successfully

2023-10-05 11:00:07 - [TEST_CASE][PASSED] - Test Cases/T13 Pembelian, Shipment dan Pembayaran/PBL-001: Test Cases/T13 Pembelian, Shipment dan Pembayaran/PBL-001

2023-10-05 11:00:07 - [TEST_STEP][PASSED] - callTestCase(findTestCase("T13 Pembelian, Shipment dan Pembayaran/LU-001"), ["username":"irfanafandi", "password":"12345irfan"], STOP_ON_FAILURE): Call Test Case 'Test Cases/T13 Pembelian, Shipment dan Pembayaran/LU-001' successfully

2023-10-05 11:00:07 - [TEST_CASE][PASSED] - Test Cases/T13 Pembelian, Shipment dan Pembayaran/LU-001: Test Cases/T13 Pembelian, Shipment dan Pembayaran/LU-001

2023-10-05 11:00:07 - [TEST_STEP][PASSED] - openBrowser("https://10.9.2.63/ecommerce/"): Browser is opened with url: 'https://10.9.2.63/ecommerce/'

2023-10-05 11:00:07 - [MESSAGE][WARNING] - A browser is already opened. Closing browser and opening a new one

2023-10-05 11:00:08 - [MESSAGE][INFO] - Starting 'Edge Chromium' driver

2023-10-05 11:00:08 - [MESSAGE][INFO] - User set preference: ['acceptInsecureCerts', 'true']

2023-10-05 11:00:10 - [MESSAGE][INFO] - Action delay is set to 0 milliseconds

2023-10-05 11:00:14 - [MESSAGE][PASSED] - Browser is opened with url: 'https://10.9.2.63/ecommerce/'

2023-10-05 11:00:14 - [TEST_STEP][PASSED] - maximizeWindow(): Current window maximized

2023-10-05 11:00:14 - [MESSAGE][PASSED] - Current window maximized

2023-10-05 11:00:14 - [TEST_STEP][PASSED] - verifyElementPresent(findTestObject("Login/Home"), 0): Object 'Object Repository/Login/Home' is present

2023-10-05 11:00:14 - [MESSAGE][WARNING] - Timeout '0' is invalid. Using default page load timeout: '30'

2023-10-05 11:00:15 - [MESSAGE][PASSED] - Object 'Object Repository/Login/Home' is present

2023-10-05 11:00:15 - [TEST_STEP][PASSED] - click(findTestObject("Login/a_Login")): Object: 'Object Repository/Login/a_Login' is clicked on

2023-10-05 11:00:15 - [MESSAGE][PASSED] - Object: 'Object Repository/Login/a_Login' is clicked on

2023-10-05 11:00:15 - [TEST_STEP][PASSED] - verifyElementPresent(findTestObject("Login/Tittle Login"), 0): Object 'Object Repository/Login/Tittle Login' is present

2023-10-05 11:00:15 - [MESSAGE][WARNING] - Timeout '0' is invalid. Using default page load timeout: '30'

2023-10-05 11:00:16 - [MESSAGE][PASSED] - Object 'Object Repository/Login/Tittle Login' is present

2023-10-05 11:00:16 - [TEST_STEP][PASSED] - setText(findTestObject("Login/input_Username, Email atau No. Handphone_a"), username): Text 'irfanafandi' is set on object 'Object Repository/Login/input_Username, Email atau No. Handphone_a'

2023-10-05 11:00:17 - [MESSAGE][PASSED] - Text 'irfanafandi' is set on object 'Object Repository/Login/input_Username, Email atau No. Handphone_a'

2023-10-05 11:00:17 - [TEST_STEP][PASSED] - setText(findTestObject("Login/input_Password_b"), password): Text '12345irfan' is set on object 'Object Repository/Login/input_Password_b'

2023-10-05 11:00:18 - [MESSAGE][PASSED] - Text '12345irfan' is set on object 'Object Repository/Login/input_Password_b'

2023-10-05 11:00:18 - [TEST_STEP][PASSED] - click(findTestObject("Login/label_Ingat saya")): Object: 'Object Repository/Login/label_Ingat saya' is clicked on

2023-10-05 11:00:18 - [MESSAGE][PASSED] - Object: 'Object Repository/Login/label_Ingat saya' is clicked on

2023-10-05 11:00:18 - [TEST_STEP][PASSED] - click(findTestObject("Login/button_Masuk")): Object: 'Object Repository/Login/button_Masuk' is clicked on

2023-10-05 11:00:20 - [MESSAGE][PASSED] - Object: 'Object Repository/Login/button_Masuk' is clicked on

2023-10-05 11:00:20 - [TEST_STEP][PASSED] - verifyElementPresent(findTestObject("Login/li_Profile"), 0): Object 'Object Repository/Login/li_Profile' is present

2023-10-05 11:00:20 - [MESSAGE][WARNING] - Timeout '0' is invalid. Using default page load timeout: '30'

2023-10-05 11:00:20 - [MESSAGE][PASSED] - Object 'Object Repository/Login/li_Profile' is present

2023-10-05 11:00:20 - [MESSAGE][PASSED] - Call Test Case 'Test Cases/T13 Pembelian, Shipment dan Pembayaran/LU-001' successfully

2023-10-05 11:00:20 - [TEST_STEP][PASSED] - mouseOver(findTestObject("beli barang/i_Mulai Belanja_icon-menu")): Object: 'Object Repository/beli barang/i_Mulai Belanja_icon-menu' is hovered

2023-10-05 11:00:21 - [MESSAGE][PASSED] - Object: 'Object Repository/beli barang/i_Mulai Belanja_icon-menu' is hovered

2023-10-05 11:00:21 - [TEST_STEP][PASSED] - click(findTestObject("beli barang/a_Fashion  Busana Wanita")): Object: 'Object Repository/beli barang/a_Fashion  Busana Wanita' is clicked on

2023-10-05 11:00:22 - [MESSAGE][PASSED] - Object: 'Object Repository/beli barang/a_Fashion  Busana Wanita' is clicked on

2023-10-05 11:00:22 - [TEST_STEP][PASSED] - NamaSebelum = getText(findTestObject("verifikasi/Nama sebelum")): Text of object 'Object Repository/verifikasi/Nama sebelum' is: ''

2023-10-05 11:00:23 - [MESSAGE][PASSED] - Text of object 'Object Repository/verifikasi/Nama sebelum' is: ''

2023-10-05 11:00:23 - [TEST_STEP][PASSED] - HargaSebelum = getText(findTestObject("verifikasi/Harga sebelum")): Text of object 'Object Repository/verifikasi/Harga sebelum' is: 'Rp 1,299'

2023-10-05 11:00:23 - [MESSAGE][PASSED] - Text of object 'Object Repository/verifikasi/Harga sebelum' is: 'Rp 1,299'

2023-10-05 11:00:23 - [TEST_STEP][PASSED] - mouseOver(findTestObject("beli barang/barang mouse over")): Object: 'Object Repository/beli barang/barang mouse over' is hovered

2023-10-05 11:00:24 - [MESSAGE][PASSED] - Object: 'Object Repository/beli barang/barang mouse over' is hovered

2023-10-05 11:00:24 - [TEST_STEP][PASSED] - click(findTestObject("beli barang/buttom add to cart")): Object: 'Object Repository/beli barang/buttom add to cart' is clicked on

2023-10-05 11:00:25 - [MESSAGE][PASSED] - Object: 'Object Repository/beli barang/buttom add to cart' is clicked on

2023-10-05 11:00:25 - [TEST_STEP][PASSED] - NamaSesudah = getText(findTestObject("verifikasi/Nama sesudah")): Text of object 'Object Repository/verifikasi/Nama sesudah' is: 'Segitiga Instan Madeira - MDB5.3 Sunset'

2023-10-05 11:00:26 - [MESSAGE][PASSED] - Text of object 'Object Repository/verifikasi/Nama sesudah' is: 'Segitiga Instan Madeira - MDB5.3 Sunset'

2023-10-05 11:00:26 - [TEST_STEP][PASSED] - HargaSesudah = getText(findTestObject("verifikasi/Harga sesudah")): Text of object 'Object Repository/verifikasi/Harga sesudah' is: 'Rp 1,299'

2023-10-05 11:00:26 - [MESSAGE][PASSED] - Text of object 'Object Repository/verifikasi/Harga sesudah' is: 'Rp 1,299'

2023-10-05 11:00:26 - [TEST_STEP][PASSED] - assert NamaSesudah.contains(NamaSebelum): null

2023-10-05 11:00:26 - [TEST_STEP][PASSED] - assert HargaSesudah.contains(HargaSebelum): null

2023-10-05 11:00:26 - [TEST_STEP][PASSED] - click(findTestObject("beli barang/Tambah Keranjang busana wanita")): Object: 'Object Repository/beli barang/Tambah Keranjang busana wanita' is clicked on

2023-10-05 11:00:27 - [MESSAGE][PASSED] - Object: 'Object Repository/beli barang/Tambah Keranjang busana wanita' is clicked on

2023-10-05 11:00:27 - [TEST_STEP][PASSED] - verifyElementPresent(findTestObject("checkout/Notifikasi keranjang"), 1): Object 'Object Repository/checkout/Notifikasi keranjang' is present

2023-10-05 11:00:28 - [MESSAGE][PASSED] - Object 'Object Repository/checkout/Notifikasi keranjang' is present

2023-10-05 11:00:28 - [TEST_STEP][PASSED] - data = new java.util.HashMap(): null

2023-10-05 11:00:28 - [TEST_STEP][PASSED] - data.put("nama_barang", NamaSesudah): null

2023-10-05 11:00:28 - [TEST_STEP][PASSED] - data.put("price_barang", HargaSesudah): null

2023-10-05 11:00:28 - [TEST_STEP][PASSED] - return data: null

2023-10-05 11:00:28 - [MESSAGE][PASSED] - Call Test Case 'Test Cases/T13 Pembelian, Shipment dan Pembayaran/PBL-001' successfully

2023-10-05 11:00:28 - [TEST_STEP][PASSED] - mouseOver(findTestObject("beli barang/keranjang")): Object: 'Object Repository/beli barang/keranjang' is hovered

2023-10-05 11:00:28 - [MESSAGE][PASSED] - Object: 'Object Repository/beli barang/keranjang' is hovered

2023-10-05 11:00:28 - [TEST_STEP][PASSED] - click(findTestObject("beli barang/Lihat Sekarang")): Object: 'Object Repository/beli barang/Lihat Sekarang' is clicked on

2023-10-05 11:00:29 - [MESSAGE][PASSED] - Object: 'Object Repository/beli barang/Lihat Sekarang' is clicked on

2023-10-05 11:00:29 - [TEST_STEP][PASSED] - verifyElementPresent(findTestObject("keranjang/li_Keranjang Belanja"), 0): Object 'Object Repository/keranjang/li_Keranjang Belanja' is present

2023-10-05 11:00:29 - [MESSAGE][WARNING] - Timeout '0' is invalid. Using default page load timeout: '30'

2023-10-05 11:00:30 - [MESSAGE][PASSED] - Object 'Object Repository/keranjang/li_Keranjang Belanja' is present

2023-10-05 11:00:30 - [TEST_STEP][PASSED] - NamaKeranjang = getText(findTestObject("verifikasi/Nama keranjang")): Text of object 'Object Repository/verifikasi/Nama keranjang' is: 'Segitiga Instan Madeira - MDB5.3 Sunset'

2023-10-05 11:00:31 - [MESSAGE][PASSED] - Text of object 'Object Repository/verifikasi/Nama keranjang' is: 'Segitiga Instan Madeira - MDB5.3 Sunset'

2023-10-05 11:00:31 - [TEST_STEP][PASSED] - HargaKeranjang = getText(findTestObject("verifikasi/Harga Keranjang")): Text of object 'Object Repository/verifikasi/Harga Keranjang' is: 'Rp 1,299'

2023-10-05 11:00:31 - [MESSAGE][PASSED] - Text of object 'Object Repository/verifikasi/Harga Keranjang' is: 'Rp 1,299'

2023-10-05 11:00:31 - [TEST_STEP][PASSED] - if (toString().equalsIgnoreCase("Merah")): Object 'Object Repository/keranjang/input_Warna_variasi101' is checked

2023-10-05 11:00:31 - [TEST_STEP][PASSED] - check(findTestObject("Object Repository/keranjang/input_Warna_variasi101")): Object 'Object Repository/keranjang/input_Warna_variasi101' is checked

2023-10-05 11:00:32 - [MESSAGE][PASSED] - Object 'Object Repository/keranjang/input_Warna_variasi101' is checked

2023-10-05 11:00:32 - [TEST_STEP][PASSED] - if (toString().equalsIgnoreCase("Menengah")): Object 'Object Repository/keranjang/input_Ukuran_variasi201' is checked

2023-10-05 11:00:32 - [TEST_STEP][PASSED] - check(findTestObject("Object Repository/keranjang/input_Ukuran_variasi201")): Object 'Object Repository/keranjang/input_Ukuran_variasi201' is checked

2023-10-05 11:00:32 - [MESSAGE][PASSED] - Object 'Object Repository/keranjang/input_Ukuran_variasi201' is checked

2023-10-05 11:00:32 - [TEST_STEP][PASSED] - data.put("Warna", warna): null

2023-10-05 11:00:32 - [TEST_STEP][PASSED] - data.put("Ukuran", ukuran): null

2023-10-05 11:00:32 - [TEST_STEP][PASSED] - click(findTestObject("keranjang/button_Lanjut ke Pembayaran")): Object: 'Object Repository/keranjang/button_Lanjut ke Pembayaran' is clicked on

2023-10-05 11:00:34 - [MESSAGE][PASSED] - Object: 'Object Repository/keranjang/button_Lanjut ke Pembayaran' is clicked on

2023-10-05 11:00:34 - [TEST_STEP][PASSED] - verifyElementPresent(findTestObject("checkout/Tittle Checkout Order"), 0): Object 'Object Repository/checkout/Tittle Checkout Order' is present

2023-10-05 11:00:34 - [MESSAGE][WARNING] - Timeout '0' is invalid. Using default page load timeout: '30'

2023-10-05 11:00:34 - [MESSAGE][PASSED] - Object 'Object Repository/checkout/Tittle Checkout Order' is present

2023-10-05 11:00:34 - [TEST_STEP][PASSED] - name_product = data.get("nama_barang"): null

2023-10-05 11:00:34 - [TEST_STEP][PASSED] - price_product = data.get("price_barang"): null

2023-10-05 11:00:34 - [TEST_STEP][PASSED] - assert name_product == NamaKeranjang: null

2023-10-05 11:00:34 - [TEST_STEP][PASSED] - assert price_product == HargaKeranjang: null

2023-10-05 11:00:34 - [TEST_STEP][PASSED] - return data: null

2023-10-05 11:00:34 - [MESSAGE][PASSED] - Call Test Case 'Test Cases/T13 Pembelian, Shipment dan Pembayaran/PBL-002' successfully

2023-10-05 11:00:34 - [TEST_STEP][PASSED] - warnaa = getText(findTestObject("verifikasi/warna Merah")): Text of object 'Object Repository/verifikasi/warna Merah' is: 'Merah'

2023-10-05 11:00:35 - [MESSAGE][PASSED] - Text of object 'Object Repository/verifikasi/warna Merah' is: 'Merah'

2023-10-05 11:00:35 - [TEST_STEP][PASSED] - ukurann = getText(findTestObject("verifikasi/Ukuran Menengah")): Text of object 'Object Repository/verifikasi/Ukuran Menengah' is: 'Menengah'

2023-10-05 11:00:35 - [MESSAGE][PASSED] - Text of object 'Object Repository/verifikasi/Ukuran Menengah' is: 'Menengah'

2023-10-05 11:00:35 - [TEST_STEP][PASSED] - warna1 = data.get("Warna"): null

2023-10-05 11:00:35 - [TEST_STEP][PASSED] - ukuran1 = data.get("Ukuran"): null

2023-10-05 11:00:35 - [TEST_STEP][PASSED] - assert warnaa == warna1: null

2023-10-05 11:00:35 - [TEST_STEP][PASSED] - assert ukurann == ukuran1: null

2023-10-05 11:00:35 - [TEST_STEP][PASSED] - NamaCheckout = getText(findTestObject("verifikasi/NamaCheckout")): Text of object 'Object Repository/verifikasi/NamaCheckout' is: ''

2023-10-05 11:00:35 - [MESSAGE][PASSED] - Text of object 'Object Repository/verifikasi/NamaCheckout' is: ''

2023-10-05 11:00:35 - [TEST_STEP][PASSED] - HargaCheckout = getText(findTestObject("verifikasi/HargaCheckout")): Text of object 'Object Repository/verifikasi/HargaCheckout' is: '1,299'

2023-10-05 11:00:36 - [MESSAGE][PASSED] - Text of object 'Object Repository/verifikasi/HargaCheckout' is: '1,299'

2023-10-05 11:00:36 - [TEST_STEP][PASSED] - name_product = data.get("nama_barang"): null

2023-10-05 11:00:36 - [TEST_STEP][PASSED] - price_product = data.get("price_barang"): null

2023-10-05 11:00:36 - [TEST_STEP][PASSED] - assert name_product.contains(NamaCheckout): null

2023-10-05 11:00:36 - [TEST_STEP][PASSED] - assert price_product.contains(HargaCheckout): null

2023-10-05 11:00:36 - [TEST_STEP][PASSED] - selectOptionByLabel(findTestObject("checkout/select - Kirim via Kurir Lokal"), Kurir, false): All options with label 'Roda 2' are selected in object 'Object Repository/checkout/select - Kirim via Kurir Lokal' 

2023-10-05 11:00:37 - [MESSAGE][PASSED] - All options with label 'Roda 2' are selected in object 'Object Repository/checkout/select - Kirim via Kurir Lokal' 

2023-10-05 11:00:37 - [TEST_STEP][PASSED] - click(findTestObject("checkout/Kendaraan Kurir")): Object: 'Object Repository/checkout/Kendaraan Kurir' is clicked on

2023-10-05 11:00:37 - [MESSAGE][PASSED] - Object: 'Object Repository/checkout/Kendaraan Kurir' is clicked on

2023-10-05 11:00:37 - [TEST_STEP][PASSED] - OngkosKirim = getText(findTestObject("Object Repository/verifikasi/Ongkos Kirim checkout")): Text of object 'Object Repository/verifikasi/Ongkos Kirim checkout' is: 'Rp. 5,000'

2023-10-05 11:00:38 - [MESSAGE][PASSED] - Text of object 'Object Repository/verifikasi/Ongkos Kirim checkout' is: 'Rp. 5,000'

2023-10-05 11:00:38 - [TEST_STEP][PASSED] - Ongkos = OngkosKirim.substring(3, OngkosKirim.size()): null

2023-10-05 11:00:38 - [TEST_STEP][PASSED] - rep = Ongkos.replace(",", "."): null

2023-10-05 11:00:38 - [TEST_STEP][PASSED] - Ongkos_kirim = Double.parseDouble(rep): null

2023-10-05 11:00:38 - [TEST_STEP][PASSED] - println(Ongkos_kirim): null

2023-10-05 11:00:38 - [TEST_STEP][PASSED] - FeeAdmin = getText(findTestObject("verifikasi/Fee Admin checkout")): Text of object 'Object Repository/verifikasi/Fee Admin checkout' is: 'Fee Admin
Rp 1,500'

2023-10-05 11:00:38 - [MESSAGE][PASSED] - Text of object 'Object Repository/verifikasi/Fee Admin checkout' is: 'Fee Admin
Rp 1,500'

2023-10-05 11:00:38 - [TEST_STEP][PASSED] - Fee_Admin = FeeAdmin.substring(12, FeeAdmin.size()): null

2023-10-05 11:00:38 - [TEST_STEP][PASSED] - fee = Fee_Admin.replace(",", "."): null

2023-10-05 11:00:38 - [TEST_STEP][PASSED] - fee_admin = Double.parseDouble(fee): null

2023-10-05 11:00:38 - [TEST_STEP][PASSED] - println(fee_admin): null

2023-10-05 11:00:38 - [TEST_STEP][PASSED] - Subtotal = getText(findTestObject("verifikasi/subtotal checkout")): Text of object 'Object Repository/verifikasi/subtotal checkout' is: 'Subtotal
Rp 1,299'

2023-10-05 11:00:39 - [MESSAGE][PASSED] - Text of object 'Object Repository/verifikasi/subtotal checkout' is: 'Subtotal
Rp 1,299'

2023-10-05 11:00:39 - [TEST_STEP][PASSED] - sub_total = Subtotal.substring(12, Subtotal.size()): null

2023-10-05 11:00:39 - [TEST_STEP][PASSED] - sub = sub_total.replace(",", "."): null

2023-10-05 11:00:39 - [TEST_STEP][PASSED] - sub_total = Double.parseDouble(sub): null

2023-10-05 11:00:39 - [TEST_STEP][PASSED] - println(sub_total): null

2023-10-05 11:00:39 - [TEST_STEP][PASSED] - Total = getText(findTestObject("verifikasi/Total checkout")): Text of object 'Object Repository/verifikasi/Total checkout' is: 'Rp 7,799'

2023-10-05 11:00:39 - [MESSAGE][PASSED] - Text of object 'Object Repository/verifikasi/Total checkout' is: 'Rp 7,799'

2023-10-05 11:00:39 - [TEST_STEP][PASSED] - totall = Total.substring(3, Total.size()): null

2023-10-05 11:00:39 - [TEST_STEP][PASSED] - total = totall.replace(",", "."): null

2023-10-05 11:00:39 - [TEST_STEP][PASSED] - totall = Double.parseDouble(total): null

2023-10-05 11:00:39 - [TEST_STEP][PASSED] - println(totall): null

2023-10-05 11:00:39 - [TEST_STEP][PASSED] - Total_Harga = Ongkos_kirim + fee_admin + sub_total: null

2023-10-05 11:00:39 - [TEST_STEP][PASSED] - println(Total_Harga): null

2023-10-05 11:00:39 - [TEST_STEP][PASSED] - TotalHarga = Math.round(Total_Harga * 1000) / 1000: null

2023-10-05 11:00:39 - [TEST_STEP][PASSED] - println(TotalHarga): null

2023-10-05 11:00:39 - [TEST_STEP][PASSED] - assert totall == TotalHarga: null

2023-10-05 11:00:39 - [TEST_STEP][PASSED] - click(findTestObject("verifikasi/Metode Transfer")): Object: 'Object Repository/verifikasi/Metode Transfer' is clicked on

2023-10-05 11:00:40 - [MESSAGE][PASSED] - Object: 'Object Repository/verifikasi/Metode Transfer' is clicked on

2023-10-05 11:00:40 - [TEST_STEP][PASSED] - click(findTestObject("checkout/button_Proses Pembayaran")): Object: 'Object Repository/checkout/button_Proses Pembayaran' is clicked on

2023-10-05 11:00:49 - [MESSAGE][PASSED] - Object: 'Object Repository/checkout/button_Proses Pembayaran' is clicked on

2023-10-05 11:00:49 - [TEST_STEP][PASSED] - verifyElementPresent(findTestObject("pembayaran/Tittle nomor invoice"), 0): Object 'Object Repository/pembayaran/Tittle nomor invoice' is present

2023-10-05 11:00:49 - [MESSAGE][WARNING] - Timeout '0' is invalid. Using default page load timeout: '30'

2023-10-05 11:00:49 - [MESSAGE][PASSED] - Object 'Object Repository/pembayaran/Tittle nomor invoice' is present

2023-10-05 11:00:49 - [TEST_STEP][PASSED] - return data: null

2023-10-05 11:00:49 - [MESSAGE][PASSED] - Call Test Case 'Test Cases/T13 Pembelian, Shipment dan Pembayaran/PBL-004' successfully

2023-10-05 11:00:49 - [TEST_STEP][PASSED] - Invoice = getText(findTestObject("pembayaran/nomor invoice")): Text of object 'Object Repository/pembayaran/nomor invoice' is: 'TRX60.20231005110043'

2023-10-05 11:00:50 - [MESSAGE][PASSED] - Text of object 'Object Repository/pembayaran/nomor invoice' is: 'TRX60.20231005110043'

2023-10-05 11:00:50 - [TEST_STEP][PASSED] - data.put("invoice", Invoice): null

2023-10-05 11:00:50 - [TEST_STEP][PASSED] - NamaPemesan = getText(findTestObject("Konfirmasi pesanan shop/Nama pemesan")): Text of object 'Object Repository/Konfirmasi pesanan shop/Nama pemesan' is: 'irfan.afandi'

2023-10-05 11:00:51 - [MESSAGE][PASSED] - Text of object 'Object Repository/Konfirmasi pesanan shop/Nama pemesan' is: 'irfan.afandi'

2023-10-05 11:00:51 - [TEST_STEP][PASSED] - Nama = getText(findTestObject("pembayaran/Nama barang")): Text of object 'Object Repository/pembayaran/Nama barang' is: 'Segitiga Instan Madeira - MDB5.3 Sunset'

2023-10-05 11:00:51 - [MESSAGE][PASSED] - Text of object 'Object Repository/pembayaran/Nama barang' is: 'Segitiga Instan Madeira - MDB5.3 Sunset'

2023-10-05 11:00:51 - [TEST_STEP][PASSED] - Harga = getText(findTestObject("pembayaran/Harga barang")): Text of object 'Object Repository/pembayaran/Harga barang' is: '1,299'

2023-10-05 11:00:51 - [MESSAGE][PASSED] - Text of object 'Object Repository/pembayaran/Harga barang' is: '1,299'

2023-10-05 11:00:51 - [TEST_STEP][PASSED] - name_product = data.get("nama_barang"): null

2023-10-05 11:00:51 - [TEST_STEP][PASSED] - price_product = data.get("price_barang"): null

2023-10-05 11:00:51 - [TEST_STEP][PASSED] - assert name_product.contains(Nama): null

2023-10-05 11:00:51 - [TEST_STEP][PASSED] - assert price_product.contains(Harga): null

2023-10-05 11:00:51 - [TEST_STEP][PASSED] - warnaa = getText(findTestObject("pembayaran/warna")): Text of object 'Object Repository/pembayaran/warna' is: 'Merah'

2023-10-05 11:00:52 - [MESSAGE][PASSED] - Text of object 'Object Repository/pembayaran/warna' is: 'Merah'

2023-10-05 11:00:52 - [TEST_STEP][PASSED] - ukurann = getText(findTestObject("pembayaran/ukuran")): Text of object 'Object Repository/pembayaran/ukuran' is: 'Menengah'

2023-10-05 11:00:52 - [MESSAGE][PASSED] - Text of object 'Object Repository/pembayaran/ukuran' is: 'Menengah'

2023-10-05 11:00:52 - [TEST_STEP][PASSED] - warna1 = data.get("Warna"): null

2023-10-05 11:00:52 - [TEST_STEP][PASSED] - ukuran1 = data.get("Ukuran"): null

2023-10-05 11:00:52 - [TEST_STEP][PASSED] - assert warnaa == warna1: null

2023-10-05 11:00:52 - [TEST_STEP][PASSED] - assert ukurann == ukuran1: null

2023-10-05 11:00:52 - [TEST_STEP][PASSED] - statusPembelian = getText(findTestObject("verifikasi/Status pending di pembelian")): Text of object 'Object Repository/verifikasi/Status pending di pembelian' is: 'Pending'

2023-10-05 11:00:53 - [MESSAGE][PASSED] - Text of object 'Object Repository/verifikasi/Status pending di pembelian' is: 'Pending'

2023-10-05 11:00:53 - [TEST_STEP][PASSED] - data.put("statusPem", statusPembelian): null

2023-10-05 11:00:53 - [TEST_STEP][PASSED] - OngkosKirim = getText(findTestObject("pembayaran/ongkos kirim")): Text of object 'Object Repository/pembayaran/ongkos kirim' is: 'Rp 5,000'

2023-10-05 11:00:54 - [MESSAGE][PASSED] - Text of object 'Object Repository/pembayaran/ongkos kirim' is: 'Rp 5,000'

2023-10-05 11:00:54 - [TEST_STEP][PASSED] - Ongkos = OngkosKirim.substring(3, OngkosKirim.size()): null

2023-10-05 11:00:54 - [TEST_STEP][PASSED] - rep = Ongkos.replace(",", ""): null

2023-10-05 11:00:54 - [TEST_STEP][PASSED] - Ongkos_kirimm = Integer.parseInt(rep): null

2023-10-05 11:00:54 - [TEST_STEP][PASSED] - println(Ongkos_kirimm): null

2023-10-05 11:00:54 - [TEST_STEP][PASSED] - FeeAdmin = getText(findTestObject("pembayaran/fee admin")): Text of object 'Object Repository/pembayaran/fee admin' is: 'Rp 1,500'

2023-10-05 11:00:54 - [MESSAGE][PASSED] - Text of object 'Object Repository/pembayaran/fee admin' is: 'Rp 1,500'

2023-10-05 11:00:54 - [TEST_STEP][PASSED] - Fee_Admin = FeeAdmin.substring(3, FeeAdmin.size()): null

2023-10-05 11:00:54 - [TEST_STEP][PASSED] - fee = Fee_Admin.replace(",", ""): null

2023-10-05 11:00:54 - [TEST_STEP][PASSED] - fee_adminn = Integer.parseInt(fee): null

2023-10-05 11:00:54 - [TEST_STEP][PASSED] - println(fee_adminn): null

2023-10-05 11:00:54 - [TEST_STEP][PASSED] - Subtotal = getText(findTestObject("pembayaran/subtotal")): Text of object 'Object Repository/pembayaran/subtotal' is: 'Rp 1,299'

2023-10-05 11:00:54 - [MESSAGE][PASSED] - Text of object 'Object Repository/pembayaran/subtotal' is: 'Rp 1,299'

2023-10-05 11:00:54 - [TEST_STEP][PASSED] - sub_total = Subtotal.substring(3, Subtotal.size()): null

2023-10-05 11:00:54 - [TEST_STEP][PASSED] - sub = sub_total.replace(",", ""): null

2023-10-05 11:00:54 - [TEST_STEP][PASSED] - sub_totall = Integer.parseInt(sub): null

2023-10-05 11:00:54 - [TEST_STEP][PASSED] - println(sub_totall): null

2023-10-05 11:00:54 - [TEST_STEP][PASSED] - unik = getText(findTestObject("pembayaran/kode unik")): Text of object 'Object Repository/pembayaran/kode unik' is: '+043'

2023-10-05 11:00:55 - [MESSAGE][PASSED] - Text of object 'Object Repository/pembayaran/kode unik' is: '+043'

2023-10-05 11:00:55 - [TEST_STEP][PASSED] - unikk = unik.replace("+", ""): null

2023-10-05 11:00:55 - [TEST_STEP][PASSED] - kode_unik = Integer.parseInt(unikk): null

2023-10-05 11:00:55 - [TEST_STEP][PASSED] - println(kode_unik): null

2023-10-05 11:00:55 - [TEST_STEP][PASSED] - Total = getText(findTestObject("pembayaran/total")): Text of object 'Object Repository/pembayaran/total' is: '7,842'

2023-10-05 11:00:56 - [MESSAGE][PASSED] - Text of object 'Object Repository/pembayaran/total' is: '7,842'

2023-10-05 11:00:56 - [TEST_STEP][PASSED] - total = Total.replace(",", ""): null

2023-10-05 11:00:56 - [TEST_STEP][PASSED] - totalll = Integer.parseInt(total): null

2023-10-05 11:00:56 - [TEST_STEP][PASSED] - println(totalll): null

2023-10-05 11:00:56 - [TEST_STEP][PASSED] - Total_Hargaa = Ongkos_kirimm + fee_adminn + sub_totall + kode_unik: null

2023-10-05 11:00:56 - [TEST_STEP][PASSED] - println(Total_Hargaa): null

2023-10-05 11:00:56 - [TEST_STEP][PASSED] - assert totalll == Total_Hargaa: null

2023-10-05 11:00:56 - [TEST_STEP][PASSED] - data.put("total", Total): null

2023-10-05 11:00:56 - [TEST_STEP][PASSED] - data.put("nama", NamaPemesan): null

2023-10-05 11:00:56 - [TEST_STEP][PASSED] - return data: null

2023-10-05 11:00:56 - [MESSAGE][PASSED] - Call Test Case 'Test Cases/T13 Pembelian, Shipment dan Pembayaran/PBY-001' successfully

2023-10-05 11:00:56 - [TEST_STEP][PASSED] - inv = data.get("invoice"): null

2023-10-05 11:00:56 - [TEST_STEP][PASSED] - Total = data.get("total"): null

2023-10-05 11:00:56 - [TEST_STEP][PASSED] - NamaPemesan = data.get("nama"): null

2023-10-05 11:00:56 - [TEST_STEP][PASSED] - click(findTestObject("Konfirmasi pesanan shop/Menu Shop")): Object: 'Object Repository/Konfirmasi pesanan shop/Menu Shop' is clicked on

2023-10-05 11:00:57 - [MESSAGE][PASSED] - Object: 'Object Repository/Konfirmasi pesanan shop/Menu Shop' is clicked on

2023-10-05 11:00:57 - [TEST_STEP][PASSED] - click(findTestObject("Konfirmasi pesanan shop/Menu Shop")): Object: 'Object Repository/Konfirmasi pesanan shop/Menu Shop' is clicked on

2023-10-05 11:00:58 - [MESSAGE][PASSED] - Object: 'Object Repository/Konfirmasi pesanan shop/Menu Shop' is clicked on

2023-10-05 11:00:58 - [TEST_STEP][PASSED] - click(findTestObject("Konfirmasi pesanan shop/Konfirmasi Orders")): Object: 'Object Repository/Konfirmasi pesanan shop/Konfirmasi Orders' is clicked on

2023-10-05 11:01:00 - [MESSAGE][PASSED] - Object: 'Object Repository/Konfirmasi pesanan shop/Konfirmasi Orders' is clicked on

2023-10-05 11:01:00 - [TEST_STEP][PASSED] - verifyElementPresent(findTestObject("Konfirmasi pesanan shop/Tittle Konfirmasi Pesanan"), 0): Object 'Object Repository/Konfirmasi pesanan shop/Tittle Konfirmasi Pesanan' is present

2023-10-05 11:01:00 - [MESSAGE][WARNING] - Timeout '0' is invalid. Using default page load timeout: '30'

2023-10-05 11:01:00 - [MESSAGE][PASSED] - Object 'Object Repository/Konfirmasi pesanan shop/Tittle Konfirmasi Pesanan' is present

2023-10-05 11:01:00 - [TEST_STEP][PASSED] - setText(findTestObject("Konfirmasi pesanan shop/input_No Pesanan"), inv): Text 'TRX60.20231005110043' is set on object 'Object Repository/Konfirmasi pesanan shop/input_No Pesanan'

2023-10-05 11:01:01 - [MESSAGE][PASSED] - Text 'TRX60.20231005110043' is set on object 'Object Repository/Konfirmasi pesanan shop/input_No Pesanan'

2023-10-05 11:01:01 - [TEST_STEP][PASSED] - setText(findTestObject("Konfirmasi pesanan shop/input_Alamat E-mai"), "irfan@gmail.com"): Text 'irfan@gmail.com' is set on object 'Object Repository/Konfirmasi pesanan shop/input_Alamat E-mai'

2023-10-05 11:01:02 - [MESSAGE][PASSED] - Text 'irfan@gmail.com' is set on object 'Object Repository/Konfirmasi pesanan shop/input_Alamat E-mai'

2023-10-05 11:01:02 - [TEST_STEP][PASSED] - click(findTestObject("Konfirmasi pesanan shop/button_Submit")): Object: 'Object Repository/Konfirmasi pesanan shop/button_Submit' is clicked on

2023-10-05 11:01:03 - [MESSAGE][PASSED] - Object: 'Object Repository/Konfirmasi pesanan shop/button_Submit' is clicked on

2023-10-05 11:01:03 - [TEST_STEP][PASSED] - verifyElementPresent(findTestObject("Konfirmasi pesanan shop/Tittle nomor invoice"), 0): Object 'Object Repository/Konfirmasi pesanan shop/Tittle nomor invoice' is present

2023-10-05 11:01:03 - [MESSAGE][WARNING] - Timeout '0' is invalid. Using default page load timeout: '30'

2023-10-05 11:01:04 - [MESSAGE][PASSED] - Object 'Object Repository/Konfirmasi pesanan shop/Tittle nomor invoice' is present

2023-10-05 11:01:04 - [TEST_STEP][PASSED] - setText(findTestObject("Konfirmasi pesanan shop/input_Total TagihanTransfer_b"), Total): Text '7,842' is set on object 'Object Repository/Konfirmasi pesanan shop/input_Total TagihanTransfer_b'

2023-10-05 11:01:05 - [MESSAGE][PASSED] - Text '7,842' is set on object 'Object Repository/Konfirmasi pesanan shop/input_Total TagihanTransfer_b'

2023-10-05 11:01:05 - [TEST_STEP][PASSED] - selectOptionByValue(findTestObject("Konfirmasi pesanan shop/select_Bank"), "4", false): All options with value '4' are selected in object 'Object Repository/Konfirmasi pesanan shop/select_Bank' 

2023-10-05 11:01:06 - [MESSAGE][PASSED] - All options with value '4' are selected in object 'Object Repository/Konfirmasi pesanan shop/select_Bank' 

2023-10-05 11:01:06 - [TEST_STEP][PASSED] - setText(findTestObject("Konfirmasi pesanan shop/input_Nama Pengirim_d"), NamaPemesan): Text 'irfan.afandi' is set on object 'Object Repository/Konfirmasi pesanan shop/input_Nama Pengirim_d'

2023-10-05 11:01:07 - [MESSAGE][PASSED] - Text 'irfan.afandi' is set on object 'Object Repository/Konfirmasi pesanan shop/input_Nama Pengirim_d'

2023-10-05 11:01:07 - [TEST_STEP][PASSED] - uploadFile(findTestObject("keranjang/konfirmasi/input_Upload Bukti Transfer_f"), "C:\Users\IRFAN\Videos\katalon\video.mp4"): File 'C:\Users\IRFAN\Videos\katalon\video.mp4' sent to object: 'Object Repository/keranjang/konfirmasi/input_Upload Bukti Transfer_f'

2023-10-05 11:01:07 - [MESSAGE][PASSED] - File 'C:\Users\IRFAN\Videos\katalon\video.mp4' sent to object: 'Object Repository/keranjang/konfirmasi/input_Upload Bukti Transfer_f'

2023-10-05 11:01:07 - [TEST_STEP][PASSED] - click(findTestObject("Konfirmasi pesanan shop/button_Konfirmasi Pembayaran")): Object: 'Object Repository/Konfirmasi pesanan shop/button_Konfirmasi Pembayaran' is clicked on

2023-10-05 11:01:11 - [MESSAGE][PASSED] - Object: 'Object Repository/Konfirmasi pesanan shop/button_Konfirmasi Pembayaran' is clicked on

2023-10-05 11:01:11 - [TEST_STEP][FAILED] - verifyTextPresent("Please upload an valid file.", false): Unable to verify text 'Please upload an valid file.' is present  (Root cause: com.kms.katalon.core.exception.StepFailedException: Unable to verify text 'Please upload an valid file.' is present 
	at com.kms.katalon.core.webui.keyword.internal.WebUIKeywordMain.stepFailed(WebUIKeywordMain.groovy:64)
	at com.kms.katalon.core.webui.keyword.internal.WebUIKeywordMain.runKeyword(WebUIKeywordMain.groovy:26)
	at com.kms.katalon.core.webui.keyword.builtin.VerifyTextPresentKeyword.verifyTextPresent(VerifyTextPresentKeyword.groovy:83)
	at com.kms.katalon.core.webui.keyword.builtin.VerifyTextPresentKeyword.execute(VerifyTextPresentKeyword.groovy:68)
	at com.kms.katalon.core.keyword.internal.KeywordExecutor.executeKeywordForPlatform(KeywordExecutor.groovy:74)
	at com.kms.katalon.core.webui.keyword.WebUiBuiltInKeywords.verifyTextPresent(WebUiBuiltInKeywords.groovy:1723)
	at com.kms.katalon.core.webui.keyword.WebUiBuiltInKeywords$verifyTextPresent$7.call(Unknown Source)
	at PBY-010.run(PBY-010:54)
	at com.kms.katalon.core.main.ScriptEngine.run(ScriptEngine.java:194)
	at com.kms.katalon.core.main.ScriptEngine.runScriptAsRawText(ScriptEngine.java:119)
	at com.kms.katalon.core.main.TestCaseExecutor.runScript(TestCaseExecutor.java:448)
	at com.kms.katalon.core.main.TestCaseExecutor.doExecute(TestCaseExecutor.java:439)
	at com.kms.katalon.core.main.TestCaseExecutor.processExecutionPhase(TestCaseExecutor.java:418)
	at com.kms.katalon.core.main.TestCaseExecutor.accessMainPhase(TestCaseExecutor.java:410)
	at com.kms.katalon.core.main.TestCaseExecutor.execute(TestCaseExecutor.java:285)
	at com.kms.katalon.core.common.CommonExecutor.accessTestCaseMainPhase(CommonExecutor.java:65)
	at com.kms.katalon.core.main.TestSuiteExecutor.accessTestSuiteMainPhase(TestSuiteExecutor.java:148)
	at com.kms.katalon.core.main.TestSuiteExecutor.execute(TestSuiteExecutor.java:106)
	at com.kms.katalon.core.main.TestCaseMain.startTestSuite(TestCaseMain.java:187)
	at com.kms.katalon.core.main.TestCaseMain$startTestSuite$0.call(Unknown Source)
	at TempTestSuite1696477503821.run(TempTestSuite1696477503821.groovy:36)
Caused by: com.kms.katalon.core.exception.StepFailedException: Text 'Please upload an valid file.' is not present on page 
	at com.kms.katalon.core.webui.keyword.internal.WebUIKeywordMain.stepFailed(WebUIKeywordMain.groovy:64)
	at com.kms.katalon.core.webui.keyword.builtin.VerifyTextPresentKeyword$_verifyTextPresent_closure1.doCall(VerifyTextPresentKeyword.groovy:79)
	at com.kms.katalon.core.webui.keyword.builtin.VerifyTextPresentKeyword$_verifyTextPresent_closure1.call(VerifyTextPresentKeyword.groovy)
	at com.kms.katalon.core.webui.keyword.internal.WebUIKeywordMain.runKeyword(WebUIKeywordMain.groovy:20)
	... 19 more
)

2023-10-05 11:01:11 - [MESSAGE][FAILED] - Text 'Please upload an valid file.' is not present on page  (Root cause: com.kms.katalon.core.exception.StepFailedException: Text 'Please upload an valid file.' is not present on page 
	at com.kms.katalon.core.webui.keyword.internal.WebUIKeywordMain.stepFailed(WebUIKeywordMain.groovy:64)
	at com.kms.katalon.core.webui.keyword.builtin.VerifyTextPresentKeyword$_verifyTextPresent_closure1.doCall(VerifyTextPresentKeyword.groovy:79)
	at com.kms.katalon.core.webui.keyword.builtin.VerifyTextPresentKeyword$_verifyTextPresent_closure1.call(VerifyTextPresentKeyword.groovy)
	at com.kms.katalon.core.webui.keyword.internal.WebUIKeywordMain.runKeyword(WebUIKeywordMain.groovy:20)
	at com.kms.katalon.core.webui.keyword.builtin.VerifyTextPresentKeyword.verifyTextPresent(VerifyTextPresentKeyword.groovy:83)
	at com.kms.katalon.core.webui.keyword.builtin.VerifyTextPresentKeyword.execute(VerifyTextPresentKeyword.groovy:68)
	at com.kms.katalon.core.keyword.internal.KeywordExecutor.executeKeywordForPlatform(KeywordExecutor.groovy:74)
	at com.kms.katalon.core.webui.keyword.WebUiBuiltInKeywords.verifyTextPresent(WebUiBuiltInKeywords.groovy:1723)
	at com.kms.katalon.core.webui.keyword.WebUiBuiltInKeywords$verifyTextPresent$7.call(Unknown Source)
	at PBY-010.run(PBY-010:54)
	at com.kms.katalon.core.main.ScriptEngine.run(ScriptEngine.java:194)
	at com.kms.katalon.core.main.ScriptEngine.runScriptAsRawText(ScriptEngine.java:119)
	at com.kms.katalon.core.main.TestCaseExecutor.runScript(TestCaseExecutor.java:448)
	at com.kms.katalon.core.main.TestCaseExecutor.doExecute(TestCaseExecutor.java:439)
	at com.kms.katalon.core.main.TestCaseExecutor.processExecutionPhase(TestCaseExecutor.java:418)
	at com.kms.katalon.core.main.TestCaseExecutor.accessMainPhase(TestCaseExecutor.java:410)
	at com.kms.katalon.core.main.TestCaseExecutor.execute(TestCaseExecutor.java:285)
	at com.kms.katalon.core.common.CommonExecutor.accessTestCaseMainPhase(CommonExecutor.java:65)
	at com.kms.katalon.core.main.TestSuiteExecutor.accessTestSuiteMainPhase(TestSuiteExecutor.java:148)
	at com.kms.katalon.core.main.TestSuiteExecutor.execute(TestSuiteExecutor.java:106)
	at com.kms.katalon.core.main.TestCaseMain.startTestSuite(TestCaseMain.java:187)
	at com.kms.katalon.core.main.TestCaseMain$startTestSuite$0.call(Unknown Source)
	at TempTestSuite1696477503821.run(TempTestSuite1696477503821.groovy:36)
)

2023-10-05 11:01:12 - [MESSAGE][FAILED] - Unable to verify text 'Please upload an valid file.' is present  (Root cause: com.kms.katalon.core.exception.StepFailedException: Unable to verify text 'Please upload an valid file.' is present 
	at com.kms.katalon.core.webui.keyword.internal.WebUIKeywordMain.stepFailed(WebUIKeywordMain.groovy:64)
	at com.kms.katalon.core.webui.keyword.internal.WebUIKeywordMain.runKeyword(WebUIKeywordMain.groovy:26)
	at com.kms.katalon.core.webui.keyword.builtin.VerifyTextPresentKeyword.verifyTextPresent(VerifyTextPresentKeyword.groovy:83)
	at com.kms.katalon.core.webui.keyword.builtin.VerifyTextPresentKeyword.execute(VerifyTextPresentKeyword.groovy:68)
	at com.kms.katalon.core.keyword.internal.KeywordExecutor.executeKeywordForPlatform(KeywordExecutor.groovy:74)
	at com.kms.katalon.core.webui.keyword.WebUiBuiltInKeywords.verifyTextPresent(WebUiBuiltInKeywords.groovy:1723)
	at com.kms.katalon.core.webui.keyword.WebUiBuiltInKeywords$verifyTextPresent$7.call(Unknown Source)
	at PBY-010.run(PBY-010:54)
	at com.kms.katalon.core.main.ScriptEngine.run(ScriptEngine.java:194)
	at com.kms.katalon.core.main.ScriptEngine.runScriptAsRawText(ScriptEngine.java:119)
	at com.kms.katalon.core.main.TestCaseExecutor.runScript(TestCaseExecutor.java:448)
	at com.kms.katalon.core.main.TestCaseExecutor.doExecute(TestCaseExecutor.java:439)
	at com.kms.katalon.core.main.TestCaseExecutor.processExecutionPhase(TestCaseExecutor.java:418)
	at com.kms.katalon.core.main.TestCaseExecutor.accessMainPhase(TestCaseExecutor.java:410)
	at com.kms.katalon.core.main.TestCaseExecutor.execute(TestCaseExecutor.java:285)
	at com.kms.katalon.core.common.CommonExecutor.accessTestCaseMainPhase(CommonExecutor.java:65)
	at com.kms.katalon.core.main.TestSuiteExecutor.accessTestSuiteMainPhase(TestSuiteExecutor.java:148)
	at com.kms.katalon.core.main.TestSuiteExecutor.execute(TestSuiteExecutor.java:106)
	at com.kms.katalon.core.main.TestCaseMain.startTestSuite(TestCaseMain.java:187)
	at com.kms.katalon.core.main.TestCaseMain$startTestSuite$0.call(Unknown Source)
	at TempTestSuite1696477503821.run(TempTestSuite1696477503821.groovy:36)
Caused by: com.kms.katalon.core.exception.StepFailedException: Text 'Please upload an valid file.' is not present on page 
	at com.kms.katalon.core.webui.keyword.internal.WebUIKeywordMain.stepFailed(WebUIKeywordMain.groovy:64)
	at com.kms.katalon.core.webui.keyword.builtin.VerifyTextPresentKeyword$_verifyTextPresent_closure1.doCall(VerifyTextPresentKeyword.groovy:79)
	at com.kms.katalon.core.webui.keyword.builtin.VerifyTextPresentKeyword$_verifyTextPresent_closure1.call(VerifyTextPresentKeyword.groovy)
	at com.kms.katalon.core.webui.keyword.internal.WebUIKeywordMain.runKeyword(WebUIKeywordMain.groovy:20)
	... 19 more
)
[[ATTACHMENT|C:\\FT2 XSIS\\Projek 2 MINI PROJEK\\Reports\\20231005_104503\\T13 Pembelian, Shipment dan Pembayaran\\T13 Pembelian, Shipment dan Pembayaran\\20231005_104503\\1696478471921.png]]]]></system-out>
         <system-err><![CDATA[2023-10-05 11:00:06 - [TEST_CASE][FAILED] - Test Cases/T13 Pembelian, Shipment dan Pembayaran/PBY-010: Test Cases/T13 Pembelian, Shipment dan Pembayaran/PBY-010 FAILED.
Reason:
com.kms.katalon.core.exception.StepFailedException: Unable to verify text 'Please upload an valid file.' is present 
	at com.kms.katalon.core.webui.keyword.internal.WebUIKeywordMain.stepFailed(WebUIKeywordMain.groovy:64)
	at com.kms.katalon.core.webui.keyword.internal.WebUIKeywordMain.runKeyword(WebUIKeywordMain.groovy:26)
	at com.kms.katalon.core.webui.keyword.builtin.VerifyTextPresentKeyword.verifyTextPresent(VerifyTextPresentKeyword.groovy:83)
	at com.kms.katalon.core.webui.keyword.builtin.VerifyTextPresentKeyword.execute(VerifyTextPresentKeyword.groovy:68)
	at com.kms.katalon.core.keyword.internal.KeywordExecutor.executeKeywordForPlatform(KeywordExecutor.groovy:74)
	at com.kms.katalon.core.webui.keyword.WebUiBuiltInKeywords.verifyTextPresent(WebUiBuiltInKeywords.groovy:1723)
	at com.kms.katalon.core.webui.keyword.WebUiBuiltInKeywords$verifyTextPresent$7.call(Unknown Source)
	at PBY-010.run(PBY-010:54)
	at com.kms.katalon.core.main.ScriptEngine.run(ScriptEngine.java:194)
	at com.kms.katalon.core.main.ScriptEngine.runScriptAsRawText(ScriptEngine.java:119)
	at com.kms.katalon.core.main.TestCaseExecutor.runScript(TestCaseExecutor.java:448)
	at com.kms.katalon.core.main.TestCaseExecutor.doExecute(TestCaseExecutor.java:439)
	at com.kms.katalon.core.main.TestCaseExecutor.processExecutionPhase(TestCaseExecutor.java:418)
	at com.kms.katalon.core.main.TestCaseExecutor.accessMainPhase(TestCaseExecutor.java:410)
	at com.kms.katalon.core.main.TestCaseExecutor.execute(TestCaseExecutor.java:285)
	at com.kms.katalon.core.common.CommonExecutor.accessTestCaseMainPhase(CommonExecutor.java:65)
	at com.kms.katalon.core.main.TestSuiteExecutor.accessTestSuiteMainPhase(TestSuiteExecutor.java:148)
	at com.kms.katalon.core.main.TestSuiteExecutor.execute(TestSuiteExecutor.java:106)
	at com.kms.katalon.core.main.TestCaseMain.startTestSuite(TestCaseMain.java:187)
	at com.kms.katalon.core.main.TestCaseMain$startTestSuite$0.call(Unknown Source)
	at TempTestSuite1696477503821.run(TempTestSuite1696477503821.groovy:36)
Caused by: com.kms.katalon.core.exception.StepFailedException: Text 'Please upload an valid file.' is not present on page 
	at com.kms.katalon.core.webui.keyword.internal.WebUIKeywordMain.stepFailed(WebUIKeywordMain.groovy:64)
	at com.kms.katalon.core.webui.keyword.builtin.VerifyTextPresentKeyword$_verifyTextPresent_closure1.doCall(VerifyTextPresentKeyword.groovy:79)
	at com.kms.katalon.core.webui.keyword.builtin.VerifyTextPresentKeyword$_verifyTextPresent_closure1.call(VerifyTextPresentKeyword.groovy)
	at com.kms.katalon.core.webui.keyword.internal.WebUIKeywordMain.runKeyword(WebUIKeywordMain.groovy:20)
	... 19 more]]></system-err>
      </testcase>
      <testcase name="Test Cases/T13 Pembelian, Shipment dan Pembayaran/PBY-011" time="62.944" classname="Test Cases/T13 Pembelian, Shipment dan Pembayaran/PBY-011" status="FAILED">
         <failure type="FAILED" message="Test Cases/T13 Pembelian, Shipment dan Pembayaran/PBY-011 FAILED.
Reason:
com.kms.katalon.core.exception.StepFailedException: Unable to verify text 'Please input an valid date.' is present 
	at com.kms.katalon.core.webui.keyword.internal.WebUIKeywordMain.stepFailed(WebUIKeywordMain.groovy:64)
	at com.kms.katalon.core.webui.keyword.internal.WebUIKeywordMain.runKeyword(WebUIKeywordMain.groovy:26)
	at com.kms.katalon.core.webui.keyword.builtin.VerifyTextPresentKeyword.verifyTextPresent(VerifyTextPresentKeyword.groovy:83)
	at com.kms.katalon.core.webui.keyword.builtin.VerifyTextPresentKeyword.execute(VerifyTextPresentKeyword.groovy:68)
	at com.kms.katalon.core.keyword.internal.KeywordExecutor.executeKeywordForPlatform(KeywordExecutor.groovy:74)
	at com.kms.katalon.core.webui.keyword.WebUiBuiltInKeywords.verifyTextPresent(WebUiBuiltInKeywords.groovy:1723)
	at com.kms.katalon.core.webui.keyword.WebUiBuiltInKeywords$verifyTextPresent$7.call(Unknown Source)
	at PBY-011.run(PBY-011:56)
	at com.kms.katalon.core.main.ScriptEngine.run(ScriptEngine.java:194)
	at com.kms.katalon.core.main.ScriptEngine.runScriptAsRawText(ScriptEngine.java:119)
	at com.kms.katalon.core.main.TestCaseExecutor.runScript(TestCaseExecutor.java:448)
	at com.kms.katalon.core.main.TestCaseExecutor.doExecute(TestCaseExecutor.java:439)
	at com.kms.katalon.core.main.TestCaseExecutor.processExecutionPhase(TestCaseExecutor.java:418)
	at com.kms.katalon.core.main.TestCaseExecutor.accessMainPhase(TestCaseExecutor.java:410)
	at com.kms.katalon.core.main.TestCaseExecutor.execute(TestCaseExecutor.java:285)
	at com.kms.katalon.core.common.CommonExecutor.accessTestCaseMainPhase(CommonExecutor.java:65)
	at com.kms.katalon.core.main.TestSuiteExecutor.accessTestSuiteMainPhase(TestSuiteExecutor.java:148)
	at com.kms.katalon.core.main.TestSuiteExecutor.execute(TestSuiteExecutor.java:106)
	at com.kms.katalon.core.main.TestCaseMain.startTestSuite(TestCaseMain.java:187)
	at com.kms.katalon.core.main.TestCaseMain$startTestSuite$0.call(Unknown Source)
	at TempTestSuite1696477503821.run(TempTestSuite1696477503821.groovy:36)
Caused by: com.kms.katalon.core.exception.StepFailedException: Text 'Please input an valid date.' is not present on page 
	at com.kms.katalon.core.webui.keyword.internal.WebUIKeywordMain.stepFailed(WebUIKeywordMain.groovy:64)
	at com.kms.katalon.core.webui.keyword.builtin.VerifyTextPresentKeyword$_verifyTextPresent_closure1.doCall(VerifyTextPresentKeyword.groovy:79)
	at com.kms.katalon.core.webui.keyword.builtin.VerifyTextPresentKeyword$_verifyTextPresent_closure1.call(VerifyTextPresentKeyword.groovy)
	at com.kms.katalon.core.webui.keyword.internal.WebUIKeywordMain.runKeyword(WebUIKeywordMain.groovy:20)
	... 19 more
"/>
         <system-out><![CDATA[2023-10-05 11:01:12 - [TEST_CASE][FAILED] - Test Cases/T13 Pembelian, Shipment dan Pembayaran/PBY-011: Test Cases/T13 Pembelian, Shipment dan Pembayaran/PBY-011 FAILED.
Reason:
com.kms.katalon.core.exception.StepFailedException: Unable to verify text 'Please input an valid date.' is present 
	at com.kms.katalon.core.webui.keyword.internal.WebUIKeywordMain.stepFailed(WebUIKeywordMain.groovy:64)
	at com.kms.katalon.core.webui.keyword.internal.WebUIKeywordMain.runKeyword(WebUIKeywordMain.groovy:26)
	at com.kms.katalon.core.webui.keyword.builtin.VerifyTextPresentKeyword.verifyTextPresent(VerifyTextPresentKeyword.groovy:83)
	at com.kms.katalon.core.webui.keyword.builtin.VerifyTextPresentKeyword.execute(VerifyTextPresentKeyword.groovy:68)
	at com.kms.katalon.core.keyword.internal.KeywordExecutor.executeKeywordForPlatform(KeywordExecutor.groovy:74)
	at com.kms.katalon.core.webui.keyword.WebUiBuiltInKeywords.verifyTextPresent(WebUiBuiltInKeywords.groovy:1723)
	at com.kms.katalon.core.webui.keyword.WebUiBuiltInKeywords$verifyTextPresent$7.call(Unknown Source)
	at PBY-011.run(PBY-011:56)
	at com.kms.katalon.core.main.ScriptEngine.run(ScriptEngine.java:194)
	at com.kms.katalon.core.main.ScriptEngine.runScriptAsRawText(ScriptEngine.java:119)
	at com.kms.katalon.core.main.TestCaseExecutor.runScript(TestCaseExecutor.java:448)
	at com.kms.katalon.core.main.TestCaseExecutor.doExecute(TestCaseExecutor.java:439)
	at com.kms.katalon.core.main.TestCaseExecutor.processExecutionPhase(TestCaseExecutor.java:418)
	at com.kms.katalon.core.main.TestCaseExecutor.accessMainPhase(TestCaseExecutor.java:410)
	at com.kms.katalon.core.main.TestCaseExecutor.execute(TestCaseExecutor.java:285)
	at com.kms.katalon.core.common.CommonExecutor.accessTestCaseMainPhase(CommonExecutor.java:65)
	at com.kms.katalon.core.main.TestSuiteExecutor.accessTestSuiteMainPhase(TestSuiteExecutor.java:148)
	at com.kms.katalon.core.main.TestSuiteExecutor.execute(TestSuiteExecutor.java:106)
	at com.kms.katalon.core.main.TestCaseMain.startTestSuite(TestCaseMain.java:187)
	at com.kms.katalon.core.main.TestCaseMain$startTestSuite$0.call(Unknown Source)
	at TempTestSuite1696477503821.run(TempTestSuite1696477503821.groovy:36)
Caused by: com.kms.katalon.core.exception.StepFailedException: Text 'Please input an valid date.' is not present on page 
	at com.kms.katalon.core.webui.keyword.internal.WebUIKeywordMain.stepFailed(WebUIKeywordMain.groovy:64)
	at com.kms.katalon.core.webui.keyword.builtin.VerifyTextPresentKeyword$_verifyTextPresent_closure1.doCall(VerifyTextPresentKeyword.groovy:79)
	at com.kms.katalon.core.webui.keyword.builtin.VerifyTextPresentKeyword$_verifyTextPresent_closure1.call(VerifyTextPresentKeyword.groovy)
	at com.kms.katalon.core.webui.keyword.internal.WebUIKeywordMain.runKeyword(WebUIKeywordMain.groovy:20)
	... 19 more


2023-10-05 11:01:12 - [TEST_STEP][PASSED] - data = callTestCase(findTestCase("T13 Pembelian, Shipment dan Pembayaran/PBY-001"), [:], STOP_ON_FAILURE): Call Test Case 'Test Cases/T13 Pembelian, Shipment dan Pembayaran/PBY-001' successfully

2023-10-05 11:01:12 - [TEST_CASE][PASSED] - Test Cases/T13 Pembelian, Shipment dan Pembayaran/PBY-001: Test Cases/T13 Pembelian, Shipment dan Pembayaran/PBY-001

2023-10-05 11:01:12 - [TEST_STEP][PASSED] - data = callTestCase(findTestCase("T13 Pembelian, Shipment dan Pembayaran/PBL-004"), ["Kurir":"Roda 2"], STOP_ON_FAILURE): Call Test Case 'Test Cases/T13 Pembelian, Shipment dan Pembayaran/PBL-004' successfully

2023-10-05 11:01:12 - [TEST_CASE][PASSED] - Test Cases/T13 Pembelian, Shipment dan Pembayaran/PBL-004: Test Cases/T13 Pembelian, Shipment dan Pembayaran/PBL-004

2023-10-05 11:01:12 - [TEST_STEP][PASSED] - data = callTestCase(findTestCase("T13 Pembelian, Shipment dan Pembayaran/PBL-002"), [:], STOP_ON_FAILURE): Call Test Case 'Test Cases/T13 Pembelian, Shipment dan Pembayaran/PBL-002' successfully

2023-10-05 11:01:12 - [TEST_CASE][PASSED] - Test Cases/T13 Pembelian, Shipment dan Pembayaran/PBL-002: Test Cases/T13 Pembelian, Shipment dan Pembayaran/PBL-002

2023-10-05 11:01:12 - [TEST_STEP][PASSED] - data = callTestCase(findTestCase("T13 Pembelian, Shipment dan Pembayaran/PBL-001"), [:], STOP_ON_FAILURE): Call Test Case 'Test Cases/T13 Pembelian, Shipment dan Pembayaran/PBL-001' successfully

2023-10-05 11:01:12 - [TEST_CASE][PASSED] - Test Cases/T13 Pembelian, Shipment dan Pembayaran/PBL-001: Test Cases/T13 Pembelian, Shipment dan Pembayaran/PBL-001

2023-10-05 11:01:12 - [TEST_STEP][PASSED] - callTestCase(findTestCase("T13 Pembelian, Shipment dan Pembayaran/LU-001"), ["username":"irfanafandi", "password":"12345irfan"], STOP_ON_FAILURE): Call Test Case 'Test Cases/T13 Pembelian, Shipment dan Pembayaran/LU-001' successfully

2023-10-05 11:01:12 - [TEST_CASE][PASSED] - Test Cases/T13 Pembelian, Shipment dan Pembayaran/LU-001: Test Cases/T13 Pembelian, Shipment dan Pembayaran/LU-001

2023-10-05 11:01:12 - [TEST_STEP][PASSED] - openBrowser("https://10.9.2.63/ecommerce/"): Browser is opened with url: 'https://10.9.2.63/ecommerce/'

2023-10-05 11:01:12 - [MESSAGE][WARNING] - A browser is already opened. Closing browser and opening a new one

2023-10-05 11:01:13 - [MESSAGE][INFO] - Starting 'Edge Chromium' driver

2023-10-05 11:01:13 - [MESSAGE][INFO] - User set preference: ['acceptInsecureCerts', 'true']

2023-10-05 11:01:15 - [MESSAGE][INFO] - Action delay is set to 0 milliseconds

2023-10-05 11:01:20 - [MESSAGE][PASSED] - Browser is opened with url: 'https://10.9.2.63/ecommerce/'

2023-10-05 11:01:20 - [TEST_STEP][PASSED] - maximizeWindow(): Current window maximized

2023-10-05 11:01:20 - [MESSAGE][PASSED] - Current window maximized

2023-10-05 11:01:20 - [TEST_STEP][PASSED] - verifyElementPresent(findTestObject("Login/Home"), 0): Object 'Object Repository/Login/Home' is present

2023-10-05 11:01:20 - [MESSAGE][WARNING] - Timeout '0' is invalid. Using default page load timeout: '30'

2023-10-05 11:01:21 - [MESSAGE][PASSED] - Object 'Object Repository/Login/Home' is present

2023-10-05 11:01:21 - [TEST_STEP][PASSED] - click(findTestObject("Login/a_Login")): Object: 'Object Repository/Login/a_Login' is clicked on

2023-10-05 11:01:21 - [MESSAGE][PASSED] - Object: 'Object Repository/Login/a_Login' is clicked on

2023-10-05 11:01:21 - [TEST_STEP][PASSED] - verifyElementPresent(findTestObject("Login/Tittle Login"), 0): Object 'Object Repository/Login/Tittle Login' is present

2023-10-05 11:01:21 - [MESSAGE][WARNING] - Timeout '0' is invalid. Using default page load timeout: '30'

2023-10-05 11:01:22 - [MESSAGE][PASSED] - Object 'Object Repository/Login/Tittle Login' is present

2023-10-05 11:01:22 - [TEST_STEP][PASSED] - setText(findTestObject("Login/input_Username, Email atau No. Handphone_a"), username): Text 'irfanafandi' is set on object 'Object Repository/Login/input_Username, Email atau No. Handphone_a'

2023-10-05 11:01:23 - [MESSAGE][PASSED] - Text 'irfanafandi' is set on object 'Object Repository/Login/input_Username, Email atau No. Handphone_a'

2023-10-05 11:01:23 - [TEST_STEP][PASSED] - setText(findTestObject("Login/input_Password_b"), password): Text '12345irfan' is set on object 'Object Repository/Login/input_Password_b'

2023-10-05 11:01:24 - [MESSAGE][PASSED] - Text '12345irfan' is set on object 'Object Repository/Login/input_Password_b'

2023-10-05 11:01:24 - [TEST_STEP][PASSED] - click(findTestObject("Login/label_Ingat saya")): Object: 'Object Repository/Login/label_Ingat saya' is clicked on

2023-10-05 11:01:24 - [MESSAGE][PASSED] - Object: 'Object Repository/Login/label_Ingat saya' is clicked on

2023-10-05 11:01:24 - [TEST_STEP][PASSED] - click(findTestObject("Login/button_Masuk")): Object: 'Object Repository/Login/button_Masuk' is clicked on

2023-10-05 11:01:25 - [MESSAGE][PASSED] - Object: 'Object Repository/Login/button_Masuk' is clicked on

2023-10-05 11:01:25 - [TEST_STEP][PASSED] - verifyElementPresent(findTestObject("Login/li_Profile"), 0): Object 'Object Repository/Login/li_Profile' is present

2023-10-05 11:01:26 - [MESSAGE][WARNING] - Timeout '0' is invalid. Using default page load timeout: '30'

2023-10-05 11:01:26 - [MESSAGE][PASSED] - Object 'Object Repository/Login/li_Profile' is present

2023-10-05 11:01:26 - [MESSAGE][PASSED] - Call Test Case 'Test Cases/T13 Pembelian, Shipment dan Pembayaran/LU-001' successfully

2023-10-05 11:01:26 - [TEST_STEP][PASSED] - mouseOver(findTestObject("beli barang/i_Mulai Belanja_icon-menu")): Object: 'Object Repository/beli barang/i_Mulai Belanja_icon-menu' is hovered

2023-10-05 11:01:27 - [MESSAGE][PASSED] - Object: 'Object Repository/beli barang/i_Mulai Belanja_icon-menu' is hovered

2023-10-05 11:01:27 - [TEST_STEP][PASSED] - click(findTestObject("beli barang/a_Fashion  Busana Wanita")): Object: 'Object Repository/beli barang/a_Fashion  Busana Wanita' is clicked on

2023-10-05 11:01:28 - [MESSAGE][PASSED] - Object: 'Object Repository/beli barang/a_Fashion  Busana Wanita' is clicked on

2023-10-05 11:01:28 - [TEST_STEP][PASSED] - NamaSebelum = getText(findTestObject("verifikasi/Nama sebelum")): Text of object 'Object Repository/verifikasi/Nama sebelum' is: ''

2023-10-05 11:01:29 - [MESSAGE][PASSED] - Text of object 'Object Repository/verifikasi/Nama sebelum' is: ''

2023-10-05 11:01:29 - [TEST_STEP][PASSED] - HargaSebelum = getText(findTestObject("verifikasi/Harga sebelum")): Text of object 'Object Repository/verifikasi/Harga sebelum' is: 'Rp 1,299'

2023-10-05 11:01:29 - [MESSAGE][PASSED] - Text of object 'Object Repository/verifikasi/Harga sebelum' is: 'Rp 1,299'

2023-10-05 11:01:29 - [TEST_STEP][PASSED] - mouseOver(findTestObject("beli barang/barang mouse over")): Object: 'Object Repository/beli barang/barang mouse over' is hovered

2023-10-05 11:01:30 - [MESSAGE][PASSED] - Object: 'Object Repository/beli barang/barang mouse over' is hovered

2023-10-05 11:01:30 - [TEST_STEP][PASSED] - click(findTestObject("beli barang/buttom add to cart")): Object: 'Object Repository/beli barang/buttom add to cart' is clicked on

2023-10-05 11:01:32 - [MESSAGE][PASSED] - Object: 'Object Repository/beli barang/buttom add to cart' is clicked on

2023-10-05 11:01:32 - [TEST_STEP][PASSED] - NamaSesudah = getText(findTestObject("verifikasi/Nama sesudah")): Text of object 'Object Repository/verifikasi/Nama sesudah' is: 'Segitiga Instan Madeira - MDB5.3 Sunset'

2023-10-05 11:01:32 - [MESSAGE][PASSED] - Text of object 'Object Repository/verifikasi/Nama sesudah' is: 'Segitiga Instan Madeira - MDB5.3 Sunset'

2023-10-05 11:01:32 - [TEST_STEP][PASSED] - HargaSesudah = getText(findTestObject("verifikasi/Harga sesudah")): Text of object 'Object Repository/verifikasi/Harga sesudah' is: 'Rp 1,299'

2023-10-05 11:01:33 - [MESSAGE][PASSED] - Text of object 'Object Repository/verifikasi/Harga sesudah' is: 'Rp 1,299'

2023-10-05 11:01:33 - [TEST_STEP][PASSED] - assert NamaSesudah.contains(NamaSebelum): null

2023-10-05 11:01:33 - [TEST_STEP][PASSED] - assert HargaSesudah.contains(HargaSebelum): null

2023-10-05 11:01:33 - [TEST_STEP][PASSED] - click(findTestObject("beli barang/Tambah Keranjang busana wanita")): Object: 'Object Repository/beli barang/Tambah Keranjang busana wanita' is clicked on

2023-10-05 11:01:33 - [MESSAGE][PASSED] - Object: 'Object Repository/beli barang/Tambah Keranjang busana wanita' is clicked on

2023-10-05 11:01:33 - [TEST_STEP][PASSED] - verifyElementPresent(findTestObject("checkout/Notifikasi keranjang"), 1): Object 'Object Repository/checkout/Notifikasi keranjang' is present

2023-10-05 11:01:34 - [MESSAGE][PASSED] - Object 'Object Repository/checkout/Notifikasi keranjang' is present

2023-10-05 11:01:34 - [TEST_STEP][PASSED] - data = new java.util.HashMap(): null

2023-10-05 11:01:34 - [TEST_STEP][PASSED] - data.put("nama_barang", NamaSesudah): null

2023-10-05 11:01:34 - [TEST_STEP][PASSED] - data.put("price_barang", HargaSesudah): null

2023-10-05 11:01:34 - [TEST_STEP][PASSED] - return data: null

2023-10-05 11:01:34 - [MESSAGE][PASSED] - Call Test Case 'Test Cases/T13 Pembelian, Shipment dan Pembayaran/PBL-001' successfully

2023-10-05 11:01:34 - [TEST_STEP][PASSED] - mouseOver(findTestObject("beli barang/keranjang")): Object: 'Object Repository/beli barang/keranjang' is hovered

2023-10-05 11:01:34 - [MESSAGE][PASSED] - Object: 'Object Repository/beli barang/keranjang' is hovered

2023-10-05 11:01:34 - [TEST_STEP][PASSED] - click(findTestObject("beli barang/Lihat Sekarang")): Object: 'Object Repository/beli barang/Lihat Sekarang' is clicked on

2023-10-05 11:01:35 - [MESSAGE][PASSED] - Object: 'Object Repository/beli barang/Lihat Sekarang' is clicked on

2023-10-05 11:01:35 - [TEST_STEP][PASSED] - verifyElementPresent(findTestObject("keranjang/li_Keranjang Belanja"), 0): Object 'Object Repository/keranjang/li_Keranjang Belanja' is present

2023-10-05 11:01:35 - [MESSAGE][WARNING] - Timeout '0' is invalid. Using default page load timeout: '30'

2023-10-05 11:01:37 - [MESSAGE][PASSED] - Object 'Object Repository/keranjang/li_Keranjang Belanja' is present

2023-10-05 11:01:37 - [TEST_STEP][PASSED] - NamaKeranjang = getText(findTestObject("verifikasi/Nama keranjang")): Text of object 'Object Repository/verifikasi/Nama keranjang' is: 'Segitiga Instan Madeira - MDB5.3 Sunset'

2023-10-05 11:01:37 - [MESSAGE][PASSED] - Text of object 'Object Repository/verifikasi/Nama keranjang' is: 'Segitiga Instan Madeira - MDB5.3 Sunset'

2023-10-05 11:01:37 - [TEST_STEP][PASSED] - HargaKeranjang = getText(findTestObject("verifikasi/Harga Keranjang")): Text of object 'Object Repository/verifikasi/Harga Keranjang' is: 'Rp 1,299'

2023-10-05 11:01:37 - [MESSAGE][PASSED] - Text of object 'Object Repository/verifikasi/Harga Keranjang' is: 'Rp 1,299'

2023-10-05 11:01:37 - [TEST_STEP][PASSED] - if (toString().equalsIgnoreCase("Merah")): Object 'Object Repository/keranjang/input_Warna_variasi101' is checked

2023-10-05 11:01:37 - [TEST_STEP][PASSED] - check(findTestObject("Object Repository/keranjang/input_Warna_variasi101")): Object 'Object Repository/keranjang/input_Warna_variasi101' is checked

2023-10-05 11:01:38 - [MESSAGE][PASSED] - Object 'Object Repository/keranjang/input_Warna_variasi101' is checked

2023-10-05 11:01:38 - [TEST_STEP][PASSED] - if (toString().equalsIgnoreCase("Menengah")): Object 'Object Repository/keranjang/input_Ukuran_variasi201' is checked

2023-10-05 11:01:38 - [TEST_STEP][PASSED] - check(findTestObject("Object Repository/keranjang/input_Ukuran_variasi201")): Object 'Object Repository/keranjang/input_Ukuran_variasi201' is checked

2023-10-05 11:01:38 - [MESSAGE][PASSED] - Object 'Object Repository/keranjang/input_Ukuran_variasi201' is checked

2023-10-05 11:01:38 - [TEST_STEP][PASSED] - data.put("Warna", warna): null

2023-10-05 11:01:38 - [TEST_STEP][PASSED] - data.put("Ukuran", ukuran): null

2023-10-05 11:01:38 - [TEST_STEP][PASSED] - click(findTestObject("keranjang/button_Lanjut ke Pembayaran")): Object: 'Object Repository/keranjang/button_Lanjut ke Pembayaran' is clicked on

2023-10-05 11:01:40 - [MESSAGE][PASSED] - Object: 'Object Repository/keranjang/button_Lanjut ke Pembayaran' is clicked on

2023-10-05 11:01:40 - [TEST_STEP][PASSED] - verifyElementPresent(findTestObject("checkout/Tittle Checkout Order"), 0): Object 'Object Repository/checkout/Tittle Checkout Order' is present

2023-10-05 11:01:40 - [MESSAGE][WARNING] - Timeout '0' is invalid. Using default page load timeout: '30'

2023-10-05 11:01:40 - [MESSAGE][PASSED] - Object 'Object Repository/checkout/Tittle Checkout Order' is present

2023-10-05 11:01:40 - [TEST_STEP][PASSED] - name_product = data.get("nama_barang"): null

2023-10-05 11:01:40 - [TEST_STEP][PASSED] - price_product = data.get("price_barang"): null

2023-10-05 11:01:40 - [TEST_STEP][PASSED] - assert name_product == NamaKeranjang: null

2023-10-05 11:01:40 - [TEST_STEP][PASSED] - assert price_product == HargaKeranjang: null

2023-10-05 11:01:40 - [TEST_STEP][PASSED] - return data: null

2023-10-05 11:01:40 - [MESSAGE][PASSED] - Call Test Case 'Test Cases/T13 Pembelian, Shipment dan Pembayaran/PBL-002' successfully

2023-10-05 11:01:40 - [TEST_STEP][PASSED] - warnaa = getText(findTestObject("verifikasi/warna Merah")): Text of object 'Object Repository/verifikasi/warna Merah' is: 'Merah'

2023-10-05 11:01:41 - [MESSAGE][PASSED] - Text of object 'Object Repository/verifikasi/warna Merah' is: 'Merah'

2023-10-05 11:01:41 - [TEST_STEP][PASSED] - ukurann = getText(findTestObject("verifikasi/Ukuran Menengah")): Text of object 'Object Repository/verifikasi/Ukuran Menengah' is: 'Menengah'

2023-10-05 11:01:41 - [MESSAGE][PASSED] - Text of object 'Object Repository/verifikasi/Ukuran Menengah' is: 'Menengah'

2023-10-05 11:01:41 - [TEST_STEP][PASSED] - warna1 = data.get("Warna"): null

2023-10-05 11:01:41 - [TEST_STEP][PASSED] - ukuran1 = data.get("Ukuran"): null

2023-10-05 11:01:41 - [TEST_STEP][PASSED] - assert warnaa == warna1: null

2023-10-05 11:01:41 - [TEST_STEP][PASSED] - assert ukurann == ukuran1: null

2023-10-05 11:01:41 - [TEST_STEP][PASSED] - NamaCheckout = getText(findTestObject("verifikasi/NamaCheckout")): Text of object 'Object Repository/verifikasi/NamaCheckout' is: ''

2023-10-05 11:01:41 - [MESSAGE][PASSED] - Text of object 'Object Repository/verifikasi/NamaCheckout' is: ''

2023-10-05 11:01:41 - [TEST_STEP][PASSED] - HargaCheckout = getText(findTestObject("verifikasi/HargaCheckout")): Text of object 'Object Repository/verifikasi/HargaCheckout' is: '1,299'

2023-10-05 11:01:42 - [MESSAGE][PASSED] - Text of object 'Object Repository/verifikasi/HargaCheckout' is: '1,299'

2023-10-05 11:01:42 - [TEST_STEP][PASSED] - name_product = data.get("nama_barang"): null

2023-10-05 11:01:42 - [TEST_STEP][PASSED] - price_product = data.get("price_barang"): null

2023-10-05 11:01:42 - [TEST_STEP][PASSED] - assert name_product.contains(NamaCheckout): null

2023-10-05 11:01:42 - [TEST_STEP][PASSED] - assert price_product.contains(HargaCheckout): null

2023-10-05 11:01:42 - [TEST_STEP][PASSED] - selectOptionByLabel(findTestObject("checkout/select - Kirim via Kurir Lokal"), Kurir, false): All options with label 'Roda 2' are selected in object 'Object Repository/checkout/select - Kirim via Kurir Lokal' 

2023-10-05 11:01:42 - [MESSAGE][PASSED] - All options with label 'Roda 2' are selected in object 'Object Repository/checkout/select - Kirim via Kurir Lokal' 

2023-10-05 11:01:42 - [TEST_STEP][PASSED] - click(findTestObject("checkout/Kendaraan Kurir")): Object: 'Object Repository/checkout/Kendaraan Kurir' is clicked on

2023-10-05 11:01:43 - [MESSAGE][PASSED] - Object: 'Object Repository/checkout/Kendaraan Kurir' is clicked on

2023-10-05 11:01:43 - [TEST_STEP][PASSED] - OngkosKirim = getText(findTestObject("Object Repository/verifikasi/Ongkos Kirim checkout")): Text of object 'Object Repository/verifikasi/Ongkos Kirim checkout' is: 'Rp. 5,000'

2023-10-05 11:01:44 - [MESSAGE][PASSED] - Text of object 'Object Repository/verifikasi/Ongkos Kirim checkout' is: 'Rp. 5,000'

2023-10-05 11:01:44 - [TEST_STEP][PASSED] - Ongkos = OngkosKirim.substring(3, OngkosKirim.size()): null

2023-10-05 11:01:44 - [TEST_STEP][PASSED] - rep = Ongkos.replace(",", "."): null

2023-10-05 11:01:44 - [TEST_STEP][PASSED] - Ongkos_kirim = Double.parseDouble(rep): null

2023-10-05 11:01:44 - [TEST_STEP][PASSED] - println(Ongkos_kirim): null

2023-10-05 11:01:44 - [TEST_STEP][PASSED] - FeeAdmin = getText(findTestObject("verifikasi/Fee Admin checkout")): Text of object 'Object Repository/verifikasi/Fee Admin checkout' is: 'Fee Admin
Rp 1,500'

2023-10-05 11:01:44 - [MESSAGE][PASSED] - Text of object 'Object Repository/verifikasi/Fee Admin checkout' is: 'Fee Admin
Rp 1,500'

2023-10-05 11:01:44 - [TEST_STEP][PASSED] - Fee_Admin = FeeAdmin.substring(12, FeeAdmin.size()): null

2023-10-05 11:01:44 - [TEST_STEP][PASSED] - fee = Fee_Admin.replace(",", "."): null

2023-10-05 11:01:44 - [TEST_STEP][PASSED] - fee_admin = Double.parseDouble(fee): null

2023-10-05 11:01:44 - [TEST_STEP][PASSED] - println(fee_admin): null

2023-10-05 11:01:44 - [TEST_STEP][PASSED] - Subtotal = getText(findTestObject("verifikasi/subtotal checkout")): Text of object 'Object Repository/verifikasi/subtotal checkout' is: 'Subtotal
Rp 1,299'

2023-10-05 11:01:44 - [MESSAGE][PASSED] - Text of object 'Object Repository/verifikasi/subtotal checkout' is: 'Subtotal
Rp 1,299'

2023-10-05 11:01:44 - [TEST_STEP][PASSED] - sub_total = Subtotal.substring(12, Subtotal.size()): null

2023-10-05 11:01:44 - [TEST_STEP][PASSED] - sub = sub_total.replace(",", "."): null

2023-10-05 11:01:44 - [TEST_STEP][PASSED] - sub_total = Double.parseDouble(sub): null

2023-10-05 11:01:44 - [TEST_STEP][PASSED] - println(sub_total): null

2023-10-05 11:01:44 - [TEST_STEP][PASSED] - Total = getText(findTestObject("verifikasi/Total checkout")): Text of object 'Object Repository/verifikasi/Total checkout' is: 'Rp 7,799'

2023-10-05 11:01:45 - [MESSAGE][PASSED] - Text of object 'Object Repository/verifikasi/Total checkout' is: 'Rp 7,799'

2023-10-05 11:01:45 - [TEST_STEP][PASSED] - totall = Total.substring(3, Total.size()): null

2023-10-05 11:01:45 - [TEST_STEP][PASSED] - total = totall.replace(",", "."): null

2023-10-05 11:01:45 - [TEST_STEP][PASSED] - totall = Double.parseDouble(total): null

2023-10-05 11:01:45 - [TEST_STEP][PASSED] - println(totall): null

2023-10-05 11:01:45 - [TEST_STEP][PASSED] - Total_Harga = Ongkos_kirim + fee_admin + sub_total: null

2023-10-05 11:01:45 - [TEST_STEP][PASSED] - println(Total_Harga): null

2023-10-05 11:01:45 - [TEST_STEP][PASSED] - TotalHarga = Math.round(Total_Harga * 1000) / 1000: null

2023-10-05 11:01:45 - [TEST_STEP][PASSED] - println(TotalHarga): null

2023-10-05 11:01:45 - [TEST_STEP][PASSED] - assert totall == TotalHarga: null

2023-10-05 11:01:45 - [TEST_STEP][PASSED] - click(findTestObject("verifikasi/Metode Transfer")): Object: 'Object Repository/verifikasi/Metode Transfer' is clicked on

2023-10-05 11:01:45 - [MESSAGE][PASSED] - Object: 'Object Repository/verifikasi/Metode Transfer' is clicked on

2023-10-05 11:01:45 - [TEST_STEP][PASSED] - click(findTestObject("checkout/button_Proses Pembayaran")): Object: 'Object Repository/checkout/button_Proses Pembayaran' is clicked on

2023-10-05 11:01:54 - [MESSAGE][PASSED] - Object: 'Object Repository/checkout/button_Proses Pembayaran' is clicked on

2023-10-05 11:01:54 - [TEST_STEP][PASSED] - verifyElementPresent(findTestObject("pembayaran/Tittle nomor invoice"), 0): Object 'Object Repository/pembayaran/Tittle nomor invoice' is present

2023-10-05 11:01:54 - [MESSAGE][WARNING] - Timeout '0' is invalid. Using default page load timeout: '30'

2023-10-05 11:01:55 - [MESSAGE][PASSED] - Object 'Object Repository/pembayaran/Tittle nomor invoice' is present

2023-10-05 11:01:55 - [TEST_STEP][PASSED] - return data: null

2023-10-05 11:01:55 - [MESSAGE][PASSED] - Call Test Case 'Test Cases/T13 Pembelian, Shipment dan Pembayaran/PBL-004' successfully

2023-10-05 11:01:55 - [TEST_STEP][PASSED] - Invoice = getText(findTestObject("pembayaran/nomor invoice")): Text of object 'Object Repository/pembayaran/nomor invoice' is: 'TRX60.20231005110149'

2023-10-05 11:01:55 - [MESSAGE][PASSED] - Text of object 'Object Repository/pembayaran/nomor invoice' is: 'TRX60.20231005110149'

2023-10-05 11:01:55 - [TEST_STEP][PASSED] - data.put("invoice", Invoice): null

2023-10-05 11:01:55 - [TEST_STEP][PASSED] - NamaPemesan = getText(findTestObject("Konfirmasi pesanan shop/Nama pemesan")): Text of object 'Object Repository/Konfirmasi pesanan shop/Nama pemesan' is: 'irfan.afandi'

2023-10-05 11:01:56 - [MESSAGE][PASSED] - Text of object 'Object Repository/Konfirmasi pesanan shop/Nama pemesan' is: 'irfan.afandi'

2023-10-05 11:01:56 - [TEST_STEP][PASSED] - Nama = getText(findTestObject("pembayaran/Nama barang")): Text of object 'Object Repository/pembayaran/Nama barang' is: 'Segitiga Instan Madeira - MDB5.3 Sunset'

2023-10-05 11:01:56 - [MESSAGE][PASSED] - Text of object 'Object Repository/pembayaran/Nama barang' is: 'Segitiga Instan Madeira - MDB5.3 Sunset'

2023-10-05 11:01:56 - [TEST_STEP][PASSED] - Harga = getText(findTestObject("pembayaran/Harga barang")): Text of object 'Object Repository/pembayaran/Harga barang' is: '1,299'

2023-10-05 11:01:56 - [MESSAGE][PASSED] - Text of object 'Object Repository/pembayaran/Harga barang' is: '1,299'

2023-10-05 11:01:56 - [TEST_STEP][PASSED] - name_product = data.get("nama_barang"): null

2023-10-05 11:01:56 - [TEST_STEP][PASSED] - price_product = data.get("price_barang"): null

2023-10-05 11:01:56 - [TEST_STEP][PASSED] - assert name_product.contains(Nama): null

2023-10-05 11:01:56 - [TEST_STEP][PASSED] - assert price_product.contains(Harga): null

2023-10-05 11:01:56 - [TEST_STEP][PASSED] - warnaa = getText(findTestObject("pembayaran/warna")): Text of object 'Object Repository/pembayaran/warna' is: 'Merah'

2023-10-05 11:01:57 - [MESSAGE][PASSED] - Text of object 'Object Repository/pembayaran/warna' is: 'Merah'

2023-10-05 11:01:57 - [TEST_STEP][PASSED] - ukurann = getText(findTestObject("pembayaran/ukuran")): Text of object 'Object Repository/pembayaran/ukuran' is: 'Menengah'

2023-10-05 11:01:58 - [MESSAGE][PASSED] - Text of object 'Object Repository/pembayaran/ukuran' is: 'Menengah'

2023-10-05 11:01:58 - [TEST_STEP][PASSED] - warna1 = data.get("Warna"): null

2023-10-05 11:01:58 - [TEST_STEP][PASSED] - ukuran1 = data.get("Ukuran"): null

2023-10-05 11:01:58 - [TEST_STEP][PASSED] - assert warnaa == warna1: null

2023-10-05 11:01:58 - [TEST_STEP][PASSED] - assert ukurann == ukuran1: null

2023-10-05 11:01:58 - [TEST_STEP][PASSED] - statusPembelian = getText(findTestObject("verifikasi/Status pending di pembelian")): Text of object 'Object Repository/verifikasi/Status pending di pembelian' is: 'Pending'

2023-10-05 11:01:58 - [MESSAGE][PASSED] - Text of object 'Object Repository/verifikasi/Status pending di pembelian' is: 'Pending'

2023-10-05 11:01:58 - [TEST_STEP][PASSED] - data.put("statusPem", statusPembelian): null

2023-10-05 11:01:58 - [TEST_STEP][PASSED] - OngkosKirim = getText(findTestObject("pembayaran/ongkos kirim")): Text of object 'Object Repository/pembayaran/ongkos kirim' is: 'Rp 5,000'

2023-10-05 11:01:58 - [MESSAGE][PASSED] - Text of object 'Object Repository/pembayaran/ongkos kirim' is: 'Rp 5,000'

2023-10-05 11:01:58 - [TEST_STEP][PASSED] - Ongkos = OngkosKirim.substring(3, OngkosKirim.size()): null

2023-10-05 11:01:58 - [TEST_STEP][PASSED] - rep = Ongkos.replace(",", ""): null

2023-10-05 11:01:58 - [TEST_STEP][PASSED] - Ongkos_kirimm = Integer.parseInt(rep): null

2023-10-05 11:01:58 - [TEST_STEP][PASSED] - println(Ongkos_kirimm): null

2023-10-05 11:01:58 - [TEST_STEP][PASSED] - FeeAdmin = getText(findTestObject("pembayaran/fee admin")): Text of object 'Object Repository/pembayaran/fee admin' is: 'Rp 1,500'

2023-10-05 11:01:59 - [MESSAGE][PASSED] - Text of object 'Object Repository/pembayaran/fee admin' is: 'Rp 1,500'

2023-10-05 11:01:59 - [TEST_STEP][PASSED] - Fee_Admin = FeeAdmin.substring(3, FeeAdmin.size()): null

2023-10-05 11:01:59 - [TEST_STEP][PASSED] - fee = Fee_Admin.replace(",", ""): null

2023-10-05 11:01:59 - [TEST_STEP][PASSED] - fee_adminn = Integer.parseInt(fee): null

2023-10-05 11:01:59 - [TEST_STEP][PASSED] - println(fee_adminn): null

2023-10-05 11:01:59 - [TEST_STEP][PASSED] - Subtotal = getText(findTestObject("pembayaran/subtotal")): Text of object 'Object Repository/pembayaran/subtotal' is: 'Rp 1,299'

2023-10-05 11:02:00 - [MESSAGE][PASSED] - Text of object 'Object Repository/pembayaran/subtotal' is: 'Rp 1,299'

2023-10-05 11:02:00 - [TEST_STEP][PASSED] - sub_total = Subtotal.substring(3, Subtotal.size()): null

2023-10-05 11:02:00 - [TEST_STEP][PASSED] - sub = sub_total.replace(",", ""): null

2023-10-05 11:02:00 - [TEST_STEP][PASSED] - sub_totall = Integer.parseInt(sub): null

2023-10-05 11:02:00 - [TEST_STEP][PASSED] - println(sub_totall): null

2023-10-05 11:02:00 - [TEST_STEP][PASSED] - unik = getText(findTestObject("pembayaran/kode unik")): Text of object 'Object Repository/pembayaran/kode unik' is: '+149'

2023-10-05 11:02:00 - [MESSAGE][PASSED] - Text of object 'Object Repository/pembayaran/kode unik' is: '+149'

2023-10-05 11:02:00 - [TEST_STEP][PASSED] - unikk = unik.replace("+", ""): null

2023-10-05 11:02:00 - [TEST_STEP][PASSED] - kode_unik = Integer.parseInt(unikk): null

2023-10-05 11:02:00 - [TEST_STEP][PASSED] - println(kode_unik): null

2023-10-05 11:02:00 - [TEST_STEP][PASSED] - Total = getText(findTestObject("pembayaran/total")): Text of object 'Object Repository/pembayaran/total' is: '7,948'

2023-10-05 11:02:01 - [MESSAGE][PASSED] - Text of object 'Object Repository/pembayaran/total' is: '7,948'

2023-10-05 11:02:01 - [TEST_STEP][PASSED] - total = Total.replace(",", ""): null

2023-10-05 11:02:01 - [TEST_STEP][PASSED] - totalll = Integer.parseInt(total): null

2023-10-05 11:02:01 - [TEST_STEP][PASSED] - println(totalll): null

2023-10-05 11:02:01 - [TEST_STEP][PASSED] - Total_Hargaa = Ongkos_kirimm + fee_adminn + sub_totall + kode_unik: null

2023-10-05 11:02:01 - [TEST_STEP][PASSED] - println(Total_Hargaa): null

2023-10-05 11:02:01 - [TEST_STEP][PASSED] - assert totalll == Total_Hargaa: null

2023-10-05 11:02:01 - [TEST_STEP][PASSED] - data.put("total", Total): null

2023-10-05 11:02:01 - [TEST_STEP][PASSED] - data.put("nama", NamaPemesan): null

2023-10-05 11:02:01 - [TEST_STEP][PASSED] - return data: null

2023-10-05 11:02:01 - [MESSAGE][PASSED] - Call Test Case 'Test Cases/T13 Pembelian, Shipment dan Pembayaran/PBY-001' successfully

2023-10-05 11:02:01 - [TEST_STEP][PASSED] - inv = data.get("invoice"): null

2023-10-05 11:02:01 - [TEST_STEP][PASSED] - Total = data.get("total"): null

2023-10-05 11:02:01 - [TEST_STEP][PASSED] - NamaPemesan = data.get("nama"): null

2023-10-05 11:02:01 - [TEST_STEP][PASSED] - click(findTestObject("Konfirmasi pesanan shop/Menu Shop")): Object: 'Object Repository/Konfirmasi pesanan shop/Menu Shop' is clicked on

2023-10-05 11:02:02 - [MESSAGE][PASSED] - Object: 'Object Repository/Konfirmasi pesanan shop/Menu Shop' is clicked on

2023-10-05 11:02:02 - [TEST_STEP][PASSED] - click(findTestObject("Konfirmasi pesanan shop/Menu Shop")): Object: 'Object Repository/Konfirmasi pesanan shop/Menu Shop' is clicked on

2023-10-05 11:02:03 - [MESSAGE][PASSED] - Object: 'Object Repository/Konfirmasi pesanan shop/Menu Shop' is clicked on

2023-10-05 11:02:03 - [TEST_STEP][PASSED] - click(findTestObject("Konfirmasi pesanan shop/Konfirmasi Orders")): Object: 'Object Repository/Konfirmasi pesanan shop/Konfirmasi Orders' is clicked on

2023-10-05 11:02:04 - [MESSAGE][PASSED] - Object: 'Object Repository/Konfirmasi pesanan shop/Konfirmasi Orders' is clicked on

2023-10-05 11:02:04 - [TEST_STEP][PASSED] - verifyElementPresent(findTestObject("Konfirmasi pesanan shop/Tittle Konfirmasi Pesanan"), 0): Object 'Object Repository/Konfirmasi pesanan shop/Tittle Konfirmasi Pesanan' is present

2023-10-05 11:02:04 - [MESSAGE][WARNING] - Timeout '0' is invalid. Using default page load timeout: '30'

2023-10-05 11:02:05 - [MESSAGE][PASSED] - Object 'Object Repository/Konfirmasi pesanan shop/Tittle Konfirmasi Pesanan' is present

2023-10-05 11:02:05 - [TEST_STEP][PASSED] - setText(findTestObject("Konfirmasi pesanan shop/input_No Pesanan"), inv): Text 'TRX60.20231005110149' is set on object 'Object Repository/Konfirmasi pesanan shop/input_No Pesanan'

2023-10-05 11:02:06 - [MESSAGE][PASSED] - Text 'TRX60.20231005110149' is set on object 'Object Repository/Konfirmasi pesanan shop/input_No Pesanan'

2023-10-05 11:02:06 - [TEST_STEP][PASSED] - setText(findTestObject("Konfirmasi pesanan shop/input_Alamat E-mai"), "irfan@gmail.com"): Text 'irfan@gmail.com' is set on object 'Object Repository/Konfirmasi pesanan shop/input_Alamat E-mai'

2023-10-05 11:02:06 - [MESSAGE][PASSED] - Text 'irfan@gmail.com' is set on object 'Object Repository/Konfirmasi pesanan shop/input_Alamat E-mai'

2023-10-05 11:02:06 - [TEST_STEP][PASSED] - click(findTestObject("Konfirmasi pesanan shop/button_Submit")): Object: 'Object Repository/Konfirmasi pesanan shop/button_Submit' is clicked on

2023-10-05 11:02:07 - [MESSAGE][PASSED] - Object: 'Object Repository/Konfirmasi pesanan shop/button_Submit' is clicked on

2023-10-05 11:02:07 - [TEST_STEP][PASSED] - verifyElementPresent(findTestObject("Konfirmasi pesanan shop/Tittle nomor invoice"), 0): Object 'Object Repository/Konfirmasi pesanan shop/Tittle nomor invoice' is present

2023-10-05 11:02:07 - [MESSAGE][WARNING] - Timeout '0' is invalid. Using default page load timeout: '30'

2023-10-05 11:02:08 - [MESSAGE][PASSED] - Object 'Object Repository/Konfirmasi pesanan shop/Tittle nomor invoice' is present

2023-10-05 11:02:08 - [TEST_STEP][PASSED] - setText(findTestObject("Konfirmasi pesanan shop/input_Total TagihanTransfer_b"), Total): Text '7,948' is set on object 'Object Repository/Konfirmasi pesanan shop/input_Total TagihanTransfer_b'

2023-10-05 11:02:09 - [MESSAGE][PASSED] - Text '7,948' is set on object 'Object Repository/Konfirmasi pesanan shop/input_Total TagihanTransfer_b'

2023-10-05 11:02:09 - [TEST_STEP][PASSED] - selectOptionByValue(findTestObject("Konfirmasi pesanan shop/select_Bank"), "4", false): All options with value '4' are selected in object 'Object Repository/Konfirmasi pesanan shop/select_Bank' 

2023-10-05 11:02:10 - [MESSAGE][PASSED] - All options with value '4' are selected in object 'Object Repository/Konfirmasi pesanan shop/select_Bank' 

2023-10-05 11:02:10 - [TEST_STEP][PASSED] - setText(findTestObject("Konfirmasi pesanan shop/input_Nama Pengirim_d"), NamaPemesan): Text 'irfan.afandi' is set on object 'Object Repository/Konfirmasi pesanan shop/input_Nama Pengirim_d'

2023-10-05 11:02:11 - [MESSAGE][PASSED] - Text 'irfan.afandi' is set on object 'Object Repository/Konfirmasi pesanan shop/input_Nama Pengirim_d'

2023-10-05 11:02:11 - [TEST_STEP][PASSED] - setText(findTestObject("Konfirmasi pesanan shop/input_Tanggal Transfer_e"), "2023-12-12"): Text '2023-12-12' is set on object 'Object Repository/Konfirmasi pesanan shop/input_Tanggal Transfer_e'

2023-10-05 11:02:12 - [MESSAGE][PASSED] - Text '2023-12-12' is set on object 'Object Repository/Konfirmasi pesanan shop/input_Tanggal Transfer_e'

2023-10-05 11:02:12 - [TEST_STEP][PASSED] - uploadFile(findTestObject("Konfirmasi pesanan shop/input_Upload Bukti Transfer_f"), "C:\Users\IRFAN\Downloads\Berkas2.pdf"): File 'C:\Users\IRFAN\Downloads\Berkas2.pdf' sent to object: 'Object Repository/Konfirmasi pesanan shop/input_Upload Bukti Transfer_f'

2023-10-05 11:02:12 - [MESSAGE][PASSED] - File 'C:\Users\IRFAN\Downloads\Berkas2.pdf' sent to object: 'Object Repository/Konfirmasi pesanan shop/input_Upload Bukti Transfer_f'

2023-10-05 11:02:12 - [TEST_STEP][PASSED] - click(findTestObject("Konfirmasi pesanan shop/button_Konfirmasi Pembayaran")): Object: 'Object Repository/Konfirmasi pesanan shop/button_Konfirmasi Pembayaran' is clicked on

2023-10-05 11:02:14 - [MESSAGE][PASSED] - Object: 'Object Repository/Konfirmasi pesanan shop/button_Konfirmasi Pembayaran' is clicked on

2023-10-05 11:02:14 - [TEST_STEP][FAILED] - verifyTextPresent("Please input an valid date.", false): Unable to verify text 'Please input an valid date.' is present  (Root cause: com.kms.katalon.core.exception.StepFailedException: Unable to verify text 'Please input an valid date.' is present 
	at com.kms.katalon.core.webui.keyword.internal.WebUIKeywordMain.stepFailed(WebUIKeywordMain.groovy:64)
	at com.kms.katalon.core.webui.keyword.internal.WebUIKeywordMain.runKeyword(WebUIKeywordMain.groovy:26)
	at com.kms.katalon.core.webui.keyword.builtin.VerifyTextPresentKeyword.verifyTextPresent(VerifyTextPresentKeyword.groovy:83)
	at com.kms.katalon.core.webui.keyword.builtin.VerifyTextPresentKeyword.execute(VerifyTextPresentKeyword.groovy:68)
	at com.kms.katalon.core.keyword.internal.KeywordExecutor.executeKeywordForPlatform(KeywordExecutor.groovy:74)
	at com.kms.katalon.core.webui.keyword.WebUiBuiltInKeywords.verifyTextPresent(WebUiBuiltInKeywords.groovy:1723)
	at com.kms.katalon.core.webui.keyword.WebUiBuiltInKeywords$verifyTextPresent$7.call(Unknown Source)
	at PBY-011.run(PBY-011:56)
	at com.kms.katalon.core.main.ScriptEngine.run(ScriptEngine.java:194)
	at com.kms.katalon.core.main.ScriptEngine.runScriptAsRawText(ScriptEngine.java:119)
	at com.kms.katalon.core.main.TestCaseExecutor.runScript(TestCaseExecutor.java:448)
	at com.kms.katalon.core.main.TestCaseExecutor.doExecute(TestCaseExecutor.java:439)
	at com.kms.katalon.core.main.TestCaseExecutor.processExecutionPhase(TestCaseExecutor.java:418)
	at com.kms.katalon.core.main.TestCaseExecutor.accessMainPhase(TestCaseExecutor.java:410)
	at com.kms.katalon.core.main.TestCaseExecutor.execute(TestCaseExecutor.java:285)
	at com.kms.katalon.core.common.CommonExecutor.accessTestCaseMainPhase(CommonExecutor.java:65)
	at com.kms.katalon.core.main.TestSuiteExecutor.accessTestSuiteMainPhase(TestSuiteExecutor.java:148)
	at com.kms.katalon.core.main.TestSuiteExecutor.execute(TestSuiteExecutor.java:106)
	at com.kms.katalon.core.main.TestCaseMain.startTestSuite(TestCaseMain.java:187)
	at com.kms.katalon.core.main.TestCaseMain$startTestSuite$0.call(Unknown Source)
	at TempTestSuite1696477503821.run(TempTestSuite1696477503821.groovy:36)
Caused by: com.kms.katalon.core.exception.StepFailedException: Text 'Please input an valid date.' is not present on page 
	at com.kms.katalon.core.webui.keyword.internal.WebUIKeywordMain.stepFailed(WebUIKeywordMain.groovy:64)
	at com.kms.katalon.core.webui.keyword.builtin.VerifyTextPresentKeyword$_verifyTextPresent_closure1.doCall(VerifyTextPresentKeyword.groovy:79)
	at com.kms.katalon.core.webui.keyword.builtin.VerifyTextPresentKeyword$_verifyTextPresent_closure1.call(VerifyTextPresentKeyword.groovy)
	at com.kms.katalon.core.webui.keyword.internal.WebUIKeywordMain.runKeyword(WebUIKeywordMain.groovy:20)
	... 19 more
)

2023-10-05 11:02:14 - [MESSAGE][FAILED] - Text 'Please input an valid date.' is not present on page  (Root cause: com.kms.katalon.core.exception.StepFailedException: Text 'Please input an valid date.' is not present on page 
	at com.kms.katalon.core.webui.keyword.internal.WebUIKeywordMain.stepFailed(WebUIKeywordMain.groovy:64)
	at com.kms.katalon.core.webui.keyword.builtin.VerifyTextPresentKeyword$_verifyTextPresent_closure1.doCall(VerifyTextPresentKeyword.groovy:79)
	at com.kms.katalon.core.webui.keyword.builtin.VerifyTextPresentKeyword$_verifyTextPresent_closure1.call(VerifyTextPresentKeyword.groovy)
	at com.kms.katalon.core.webui.keyword.internal.WebUIKeywordMain.runKeyword(WebUIKeywordMain.groovy:20)
	at com.kms.katalon.core.webui.keyword.builtin.VerifyTextPresentKeyword.verifyTextPresent(VerifyTextPresentKeyword.groovy:83)
	at com.kms.katalon.core.webui.keyword.builtin.VerifyTextPresentKeyword.execute(VerifyTextPresentKeyword.groovy:68)
	at com.kms.katalon.core.keyword.internal.KeywordExecutor.executeKeywordForPlatform(KeywordExecutor.groovy:74)
	at com.kms.katalon.core.webui.keyword.WebUiBuiltInKeywords.verifyTextPresent(WebUiBuiltInKeywords.groovy:1723)
	at com.kms.katalon.core.webui.keyword.WebUiBuiltInKeywords$verifyTextPresent$7.call(Unknown Source)
	at PBY-011.run(PBY-011:56)
	at com.kms.katalon.core.main.ScriptEngine.run(ScriptEngine.java:194)
	at com.kms.katalon.core.main.ScriptEngine.runScriptAsRawText(ScriptEngine.java:119)
	at com.kms.katalon.core.main.TestCaseExecutor.runScript(TestCaseExecutor.java:448)
	at com.kms.katalon.core.main.TestCaseExecutor.doExecute(TestCaseExecutor.java:439)
	at com.kms.katalon.core.main.TestCaseExecutor.processExecutionPhase(TestCaseExecutor.java:418)
	at com.kms.katalon.core.main.TestCaseExecutor.accessMainPhase(TestCaseExecutor.java:410)
	at com.kms.katalon.core.main.TestCaseExecutor.execute(TestCaseExecutor.java:285)
	at com.kms.katalon.core.common.CommonExecutor.accessTestCaseMainPhase(CommonExecutor.java:65)
	at com.kms.katalon.core.main.TestSuiteExecutor.accessTestSuiteMainPhase(TestSuiteExecutor.java:148)
	at com.kms.katalon.core.main.TestSuiteExecutor.execute(TestSuiteExecutor.java:106)
	at com.kms.katalon.core.main.TestCaseMain.startTestSuite(TestCaseMain.java:187)
	at com.kms.katalon.core.main.TestCaseMain$startTestSuite$0.call(Unknown Source)
	at TempTestSuite1696477503821.run(TempTestSuite1696477503821.groovy:36)
)

2023-10-05 11:02:14 - [MESSAGE][FAILED] - Unable to verify text 'Please input an valid date.' is present  (Root cause: com.kms.katalon.core.exception.StepFailedException: Unable to verify text 'Please input an valid date.' is present 
	at com.kms.katalon.core.webui.keyword.internal.WebUIKeywordMain.stepFailed(WebUIKeywordMain.groovy:64)
	at com.kms.katalon.core.webui.keyword.internal.WebUIKeywordMain.runKeyword(WebUIKeywordMain.groovy:26)
	at com.kms.katalon.core.webui.keyword.builtin.VerifyTextPresentKeyword.verifyTextPresent(VerifyTextPresentKeyword.groovy:83)
	at com.kms.katalon.core.webui.keyword.builtin.VerifyTextPresentKeyword.execute(VerifyTextPresentKeyword.groovy:68)
	at com.kms.katalon.core.keyword.internal.KeywordExecutor.executeKeywordForPlatform(KeywordExecutor.groovy:74)
	at com.kms.katalon.core.webui.keyword.WebUiBuiltInKeywords.verifyTextPresent(WebUiBuiltInKeywords.groovy:1723)
	at com.kms.katalon.core.webui.keyword.WebUiBuiltInKeywords$verifyTextPresent$7.call(Unknown Source)
	at PBY-011.run(PBY-011:56)
	at com.kms.katalon.core.main.ScriptEngine.run(ScriptEngine.java:194)
	at com.kms.katalon.core.main.ScriptEngine.runScriptAsRawText(ScriptEngine.java:119)
	at com.kms.katalon.core.main.TestCaseExecutor.runScript(TestCaseExecutor.java:448)
	at com.kms.katalon.core.main.TestCaseExecutor.doExecute(TestCaseExecutor.java:439)
	at com.kms.katalon.core.main.TestCaseExecutor.processExecutionPhase(TestCaseExecutor.java:418)
	at com.kms.katalon.core.main.TestCaseExecutor.accessMainPhase(TestCaseExecutor.java:410)
	at com.kms.katalon.core.main.TestCaseExecutor.execute(TestCaseExecutor.java:285)
	at com.kms.katalon.core.common.CommonExecutor.accessTestCaseMainPhase(CommonExecutor.java:65)
	at com.kms.katalon.core.main.TestSuiteExecutor.accessTestSuiteMainPhase(TestSuiteExecutor.java:148)
	at com.kms.katalon.core.main.TestSuiteExecutor.execute(TestSuiteExecutor.java:106)
	at com.kms.katalon.core.main.TestCaseMain.startTestSuite(TestCaseMain.java:187)
	at com.kms.katalon.core.main.TestCaseMain$startTestSuite$0.call(Unknown Source)
	at TempTestSuite1696477503821.run(TempTestSuite1696477503821.groovy:36)
Caused by: com.kms.katalon.core.exception.StepFailedException: Text 'Please input an valid date.' is not present on page 
	at com.kms.katalon.core.webui.keyword.internal.WebUIKeywordMain.stepFailed(WebUIKeywordMain.groovy:64)
	at com.kms.katalon.core.webui.keyword.builtin.VerifyTextPresentKeyword$_verifyTextPresent_closure1.doCall(VerifyTextPresentKeyword.groovy:79)
	at com.kms.katalon.core.webui.keyword.builtin.VerifyTextPresentKeyword$_verifyTextPresent_closure1.call(VerifyTextPresentKeyword.groovy)
	at com.kms.katalon.core.webui.keyword.internal.WebUIKeywordMain.runKeyword(WebUIKeywordMain.groovy:20)
	... 19 more
)
[[ATTACHMENT|C:\\FT2 XSIS\\Projek 2 MINI PROJEK\\Reports\\20231005_104503\\T13 Pembelian, Shipment dan Pembayaran\\T13 Pembelian, Shipment dan Pembayaran\\20231005_104503\\1696478534854.png]]]]></system-out>
         <system-err><![CDATA[2023-10-05 11:01:12 - [TEST_CASE][FAILED] - Test Cases/T13 Pembelian, Shipment dan Pembayaran/PBY-011: Test Cases/T13 Pembelian, Shipment dan Pembayaran/PBY-011 FAILED.
Reason:
com.kms.katalon.core.exception.StepFailedException: Unable to verify text 'Please input an valid date.' is present 
	at com.kms.katalon.core.webui.keyword.internal.WebUIKeywordMain.stepFailed(WebUIKeywordMain.groovy:64)
	at com.kms.katalon.core.webui.keyword.internal.WebUIKeywordMain.runKeyword(WebUIKeywordMain.groovy:26)
	at com.kms.katalon.core.webui.keyword.builtin.VerifyTextPresentKeyword.verifyTextPresent(VerifyTextPresentKeyword.groovy:83)
	at com.kms.katalon.core.webui.keyword.builtin.VerifyTextPresentKeyword.execute(VerifyTextPresentKeyword.groovy:68)
	at com.kms.katalon.core.keyword.internal.KeywordExecutor.executeKeywordForPlatform(KeywordExecutor.groovy:74)
	at com.kms.katalon.core.webui.keyword.WebUiBuiltInKeywords.verifyTextPresent(WebUiBuiltInKeywords.groovy:1723)
	at com.kms.katalon.core.webui.keyword.WebUiBuiltInKeywords$verifyTextPresent$7.call(Unknown Source)
	at PBY-011.run(PBY-011:56)
	at com.kms.katalon.core.main.ScriptEngine.run(ScriptEngine.java:194)
	at com.kms.katalon.core.main.ScriptEngine.runScriptAsRawText(ScriptEngine.java:119)
	at com.kms.katalon.core.main.TestCaseExecutor.runScript(TestCaseExecutor.java:448)
	at com.kms.katalon.core.main.TestCaseExecutor.doExecute(TestCaseExecutor.java:439)
	at com.kms.katalon.core.main.TestCaseExecutor.processExecutionPhase(TestCaseExecutor.java:418)
	at com.kms.katalon.core.main.TestCaseExecutor.accessMainPhase(TestCaseExecutor.java:410)
	at com.kms.katalon.core.main.TestCaseExecutor.execute(TestCaseExecutor.java:285)
	at com.kms.katalon.core.common.CommonExecutor.accessTestCaseMainPhase(CommonExecutor.java:65)
	at com.kms.katalon.core.main.TestSuiteExecutor.accessTestSuiteMainPhase(TestSuiteExecutor.java:148)
	at com.kms.katalon.core.main.TestSuiteExecutor.execute(TestSuiteExecutor.java:106)
	at com.kms.katalon.core.main.TestCaseMain.startTestSuite(TestCaseMain.java:187)
	at com.kms.katalon.core.main.TestCaseMain$startTestSuite$0.call(Unknown Source)
	at TempTestSuite1696477503821.run(TempTestSuite1696477503821.groovy:36)
Caused by: com.kms.katalon.core.exception.StepFailedException: Text 'Please input an valid date.' is not present on page 
	at com.kms.katalon.core.webui.keyword.internal.WebUIKeywordMain.stepFailed(WebUIKeywordMain.groovy:64)
	at com.kms.katalon.core.webui.keyword.builtin.VerifyTextPresentKeyword$_verifyTextPresent_closure1.doCall(VerifyTextPresentKeyword.groovy:79)
	at com.kms.katalon.core.webui.keyword.builtin.VerifyTextPresentKeyword$_verifyTextPresent_closure1.call(VerifyTextPresentKeyword.groovy)
	at com.kms.katalon.core.webui.keyword.internal.WebUIKeywordMain.runKeyword(WebUIKeywordMain.groovy:20)
	... 19 more]]></system-err>
      </testcase>
      <testcase name="Test Cases/T13 Pembelian, Shipment dan Pembayaran/PBY-012" time="55.439" classname="Test Cases/T13 Pembelian, Shipment dan Pembayaran/PBY-012" status="PASSED">
         <system-out><![CDATA[2023-10-05 11:02:14 - [TEST_CASE][PASSED] - Test Cases/T13 Pembelian, Shipment dan Pembayaran/PBY-012: Test Cases/T13 Pembelian, Shipment dan Pembayaran/PBY-012

2023-10-05 11:02:15 - [TEST_STEP][PASSED] - data = callTestCase(findTestCase("T13 Pembelian, Shipment dan Pembayaran/PBY-001"), [:], STOP_ON_FAILURE): Call Test Case 'Test Cases/T13 Pembelian, Shipment dan Pembayaran/PBY-001' successfully

2023-10-05 11:02:15 - [TEST_CASE][PASSED] - Test Cases/T13 Pembelian, Shipment dan Pembayaran/PBY-001: Test Cases/T13 Pembelian, Shipment dan Pembayaran/PBY-001

2023-10-05 11:02:15 - [TEST_STEP][PASSED] - data = callTestCase(findTestCase("T13 Pembelian, Shipment dan Pembayaran/PBL-004"), ["Kurir":"Roda 2"], STOP_ON_FAILURE): Call Test Case 'Test Cases/T13 Pembelian, Shipment dan Pembayaran/PBL-004' successfully

2023-10-05 11:02:15 - [TEST_CASE][PASSED] - Test Cases/T13 Pembelian, Shipment dan Pembayaran/PBL-004: Test Cases/T13 Pembelian, Shipment dan Pembayaran/PBL-004

2023-10-05 11:02:15 - [TEST_STEP][PASSED] - data = callTestCase(findTestCase("T13 Pembelian, Shipment dan Pembayaran/PBL-002"), [:], STOP_ON_FAILURE): Call Test Case 'Test Cases/T13 Pembelian, Shipment dan Pembayaran/PBL-002' successfully

2023-10-05 11:02:15 - [TEST_CASE][PASSED] - Test Cases/T13 Pembelian, Shipment dan Pembayaran/PBL-002: Test Cases/T13 Pembelian, Shipment dan Pembayaran/PBL-002

2023-10-05 11:02:15 - [TEST_STEP][PASSED] - data = callTestCase(findTestCase("T13 Pembelian, Shipment dan Pembayaran/PBL-001"), [:], STOP_ON_FAILURE): Call Test Case 'Test Cases/T13 Pembelian, Shipment dan Pembayaran/PBL-001' successfully

2023-10-05 11:02:15 - [TEST_CASE][PASSED] - Test Cases/T13 Pembelian, Shipment dan Pembayaran/PBL-001: Test Cases/T13 Pembelian, Shipment dan Pembayaran/PBL-001

2023-10-05 11:02:15 - [TEST_STEP][PASSED] - callTestCase(findTestCase("T13 Pembelian, Shipment dan Pembayaran/LU-001"), ["username":"irfanafandi", "password":"12345irfan"], STOP_ON_FAILURE): Call Test Case 'Test Cases/T13 Pembelian, Shipment dan Pembayaran/LU-001' successfully

2023-10-05 11:02:15 - [TEST_CASE][PASSED] - Test Cases/T13 Pembelian, Shipment dan Pembayaran/LU-001: Test Cases/T13 Pembelian, Shipment dan Pembayaran/LU-001

2023-10-05 11:02:15 - [TEST_STEP][PASSED] - openBrowser("https://10.9.2.63/ecommerce/"): Browser is opened with url: 'https://10.9.2.63/ecommerce/'

2023-10-05 11:02:15 - [MESSAGE][WARNING] - A browser is already opened. Closing browser and opening a new one

2023-10-05 11:02:16 - [MESSAGE][INFO] - Starting 'Edge Chromium' driver

2023-10-05 11:02:16 - [MESSAGE][INFO] - User set preference: ['acceptInsecureCerts', 'true']

2023-10-05 11:02:18 - [MESSAGE][INFO] - Action delay is set to 0 milliseconds

2023-10-05 11:02:22 - [MESSAGE][PASSED] - Browser is opened with url: 'https://10.9.2.63/ecommerce/'

2023-10-05 11:02:22 - [TEST_STEP][PASSED] - maximizeWindow(): Current window maximized

2023-10-05 11:02:23 - [MESSAGE][PASSED] - Current window maximized

2023-10-05 11:02:23 - [TEST_STEP][PASSED] - verifyElementPresent(findTestObject("Login/Home"), 0): Object 'Object Repository/Login/Home' is present

2023-10-05 11:02:23 - [MESSAGE][WARNING] - Timeout '0' is invalid. Using default page load timeout: '30'

2023-10-05 11:02:23 - [MESSAGE][PASSED] - Object 'Object Repository/Login/Home' is present

2023-10-05 11:02:23 - [TEST_STEP][PASSED] - click(findTestObject("Login/a_Login")): Object: 'Object Repository/Login/a_Login' is clicked on

2023-10-05 11:02:24 - [MESSAGE][PASSED] - Object: 'Object Repository/Login/a_Login' is clicked on

2023-10-05 11:02:24 - [TEST_STEP][PASSED] - verifyElementPresent(findTestObject("Login/Tittle Login"), 0): Object 'Object Repository/Login/Tittle Login' is present

2023-10-05 11:02:24 - [MESSAGE][WARNING] - Timeout '0' is invalid. Using default page load timeout: '30'

2023-10-05 11:02:25 - [MESSAGE][PASSED] - Object 'Object Repository/Login/Tittle Login' is present

2023-10-05 11:02:25 - [TEST_STEP][PASSED] - setText(findTestObject("Login/input_Username, Email atau No. Handphone_a"), username): Text 'irfanafandi' is set on object 'Object Repository/Login/input_Username, Email atau No. Handphone_a'

2023-10-05 11:02:26 - [MESSAGE][PASSED] - Text 'irfanafandi' is set on object 'Object Repository/Login/input_Username, Email atau No. Handphone_a'

2023-10-05 11:02:26 - [TEST_STEP][PASSED] - setText(findTestObject("Login/input_Password_b"), password): Text '12345irfan' is set on object 'Object Repository/Login/input_Password_b'

2023-10-05 11:02:26 - [MESSAGE][PASSED] - Text '12345irfan' is set on object 'Object Repository/Login/input_Password_b'

2023-10-05 11:02:26 - [TEST_STEP][PASSED] - click(findTestObject("Login/label_Ingat saya")): Object: 'Object Repository/Login/label_Ingat saya' is clicked on

2023-10-05 11:02:27 - [MESSAGE][PASSED] - Object: 'Object Repository/Login/label_Ingat saya' is clicked on

2023-10-05 11:02:27 - [TEST_STEP][PASSED] - click(findTestObject("Login/button_Masuk")): Object: 'Object Repository/Login/button_Masuk' is clicked on

2023-10-05 11:02:28 - [MESSAGE][PASSED] - Object: 'Object Repository/Login/button_Masuk' is clicked on

2023-10-05 11:02:28 - [TEST_STEP][PASSED] - verifyElementPresent(findTestObject("Login/li_Profile"), 0): Object 'Object Repository/Login/li_Profile' is present

2023-10-05 11:02:28 - [MESSAGE][WARNING] - Timeout '0' is invalid. Using default page load timeout: '30'

2023-10-05 11:02:29 - [MESSAGE][PASSED] - Object 'Object Repository/Login/li_Profile' is present

2023-10-05 11:02:29 - [MESSAGE][PASSED] - Call Test Case 'Test Cases/T13 Pembelian, Shipment dan Pembayaran/LU-001' successfully

2023-10-05 11:02:29 - [TEST_STEP][PASSED] - mouseOver(findTestObject("beli barang/i_Mulai Belanja_icon-menu")): Object: 'Object Repository/beli barang/i_Mulai Belanja_icon-menu' is hovered

2023-10-05 11:02:29 - [MESSAGE][PASSED] - Object: 'Object Repository/beli barang/i_Mulai Belanja_icon-menu' is hovered

2023-10-05 11:02:29 - [TEST_STEP][PASSED] - click(findTestObject("beli barang/a_Fashion  Busana Wanita")): Object: 'Object Repository/beli barang/a_Fashion  Busana Wanita' is clicked on

2023-10-05 11:02:31 - [MESSAGE][PASSED] - Object: 'Object Repository/beli barang/a_Fashion  Busana Wanita' is clicked on

2023-10-05 11:02:31 - [TEST_STEP][PASSED] - NamaSebelum = getText(findTestObject("verifikasi/Nama sebelum")): Text of object 'Object Repository/verifikasi/Nama sebelum' is: ''

2023-10-05 11:02:31 - [MESSAGE][PASSED] - Text of object 'Object Repository/verifikasi/Nama sebelum' is: ''

2023-10-05 11:02:31 - [TEST_STEP][PASSED] - HargaSebelum = getText(findTestObject("verifikasi/Harga sebelum")): Text of object 'Object Repository/verifikasi/Harga sebelum' is: 'Rp 1,299'

2023-10-05 11:02:32 - [MESSAGE][PASSED] - Text of object 'Object Repository/verifikasi/Harga sebelum' is: 'Rp 1,299'

2023-10-05 11:02:32 - [TEST_STEP][PASSED] - mouseOver(findTestObject("beli barang/barang mouse over")): Object: 'Object Repository/beli barang/barang mouse over' is hovered

2023-10-05 11:02:32 - [MESSAGE][PASSED] - Object: 'Object Repository/beli barang/barang mouse over' is hovered

2023-10-05 11:02:32 - [TEST_STEP][PASSED] - click(findTestObject("beli barang/buttom add to cart")): Object: 'Object Repository/beli barang/buttom add to cart' is clicked on

2023-10-05 11:02:34 - [MESSAGE][PASSED] - Object: 'Object Repository/beli barang/buttom add to cart' is clicked on

2023-10-05 11:02:34 - [TEST_STEP][PASSED] - NamaSesudah = getText(findTestObject("verifikasi/Nama sesudah")): Text of object 'Object Repository/verifikasi/Nama sesudah' is: 'Segitiga Instan Madeira - MDB5.3 Sunset'

2023-10-05 11:02:34 - [MESSAGE][PASSED] - Text of object 'Object Repository/verifikasi/Nama sesudah' is: 'Segitiga Instan Madeira - MDB5.3 Sunset'

2023-10-05 11:02:34 - [TEST_STEP][PASSED] - HargaSesudah = getText(findTestObject("verifikasi/Harga sesudah")): Text of object 'Object Repository/verifikasi/Harga sesudah' is: 'Rp 1,299'

2023-10-05 11:02:35 - [MESSAGE][PASSED] - Text of object 'Object Repository/verifikasi/Harga sesudah' is: 'Rp 1,299'

2023-10-05 11:02:35 - [TEST_STEP][PASSED] - assert NamaSesudah.contains(NamaSebelum): null

2023-10-05 11:02:35 - [TEST_STEP][PASSED] - assert HargaSesudah.contains(HargaSebelum): null

2023-10-05 11:02:35 - [TEST_STEP][PASSED] - click(findTestObject("beli barang/Tambah Keranjang busana wanita")): Object: 'Object Repository/beli barang/Tambah Keranjang busana wanita' is clicked on

2023-10-05 11:02:35 - [MESSAGE][PASSED] - Object: 'Object Repository/beli barang/Tambah Keranjang busana wanita' is clicked on

2023-10-05 11:02:35 - [TEST_STEP][PASSED] - verifyElementPresent(findTestObject("checkout/Notifikasi keranjang"), 1): Object 'Object Repository/checkout/Notifikasi keranjang' is present

2023-10-05 11:02:36 - [MESSAGE][PASSED] - Object 'Object Repository/checkout/Notifikasi keranjang' is present

2023-10-05 11:02:36 - [TEST_STEP][PASSED] - data = new java.util.HashMap(): null

2023-10-05 11:02:36 - [TEST_STEP][PASSED] - data.put("nama_barang", NamaSesudah): null

2023-10-05 11:02:36 - [TEST_STEP][PASSED] - data.put("price_barang", HargaSesudah): null

2023-10-05 11:02:36 - [TEST_STEP][PASSED] - return data: null

2023-10-05 11:02:36 - [MESSAGE][PASSED] - Call Test Case 'Test Cases/T13 Pembelian, Shipment dan Pembayaran/PBL-001' successfully

2023-10-05 11:02:36 - [TEST_STEP][PASSED] - mouseOver(findTestObject("beli barang/keranjang")): Object: 'Object Repository/beli barang/keranjang' is hovered

2023-10-05 11:02:37 - [MESSAGE][PASSED] - Object: 'Object Repository/beli barang/keranjang' is hovered

2023-10-05 11:02:37 - [TEST_STEP][PASSED] - click(findTestObject("beli barang/Lihat Sekarang")): Object: 'Object Repository/beli barang/Lihat Sekarang' is clicked on

2023-10-05 11:02:38 - [MESSAGE][PASSED] - Object: 'Object Repository/beli barang/Lihat Sekarang' is clicked on

2023-10-05 11:02:38 - [TEST_STEP][PASSED] - verifyElementPresent(findTestObject("keranjang/li_Keranjang Belanja"), 0): Object 'Object Repository/keranjang/li_Keranjang Belanja' is present

2023-10-05 11:02:38 - [MESSAGE][WARNING] - Timeout '0' is invalid. Using default page load timeout: '30'

2023-10-05 11:02:39 - [MESSAGE][PASSED] - Object 'Object Repository/keranjang/li_Keranjang Belanja' is present

2023-10-05 11:02:39 - [TEST_STEP][PASSED] - NamaKeranjang = getText(findTestObject("verifikasi/Nama keranjang")): Text of object 'Object Repository/verifikasi/Nama keranjang' is: 'Segitiga Instan Madeira - MDB5.3 Sunset'

2023-10-05 11:02:39 - [MESSAGE][PASSED] - Text of object 'Object Repository/verifikasi/Nama keranjang' is: 'Segitiga Instan Madeira - MDB5.3 Sunset'

2023-10-05 11:02:39 - [TEST_STEP][PASSED] - HargaKeranjang = getText(findTestObject("verifikasi/Harga Keranjang")): Text of object 'Object Repository/verifikasi/Harga Keranjang' is: 'Rp 1,299'

2023-10-05 11:02:40 - [MESSAGE][PASSED] - Text of object 'Object Repository/verifikasi/Harga Keranjang' is: 'Rp 1,299'

2023-10-05 11:02:40 - [TEST_STEP][PASSED] - if (toString().equalsIgnoreCase("Merah")): Object 'Object Repository/keranjang/input_Warna_variasi101' is checked

2023-10-05 11:02:40 - [TEST_STEP][PASSED] - check(findTestObject("Object Repository/keranjang/input_Warna_variasi101")): Object 'Object Repository/keranjang/input_Warna_variasi101' is checked

2023-10-05 11:02:40 - [MESSAGE][PASSED] - Object 'Object Repository/keranjang/input_Warna_variasi101' is checked

2023-10-05 11:02:40 - [TEST_STEP][PASSED] - if (toString().equalsIgnoreCase("Menengah")): Object 'Object Repository/keranjang/input_Ukuran_variasi201' is checked

2023-10-05 11:02:40 - [TEST_STEP][PASSED] - check(findTestObject("Object Repository/keranjang/input_Ukuran_variasi201")): Object 'Object Repository/keranjang/input_Ukuran_variasi201' is checked

2023-10-05 11:02:41 - [MESSAGE][PASSED] - Object 'Object Repository/keranjang/input_Ukuran_variasi201' is checked

2023-10-05 11:02:41 - [TEST_STEP][PASSED] - data.put("Warna", warna): null

2023-10-05 11:02:41 - [TEST_STEP][PASSED] - data.put("Ukuran", ukuran): null

2023-10-05 11:02:41 - [TEST_STEP][PASSED] - click(findTestObject("keranjang/button_Lanjut ke Pembayaran")): Object: 'Object Repository/keranjang/button_Lanjut ke Pembayaran' is clicked on

2023-10-05 11:02:42 - [MESSAGE][PASSED] - Object: 'Object Repository/keranjang/button_Lanjut ke Pembayaran' is clicked on

2023-10-05 11:02:42 - [TEST_STEP][PASSED] - verifyElementPresent(findTestObject("checkout/Tittle Checkout Order"), 0): Object 'Object Repository/checkout/Tittle Checkout Order' is present

2023-10-05 11:02:42 - [MESSAGE][WARNING] - Timeout '0' is invalid. Using default page load timeout: '30'

2023-10-05 11:02:43 - [MESSAGE][PASSED] - Object 'Object Repository/checkout/Tittle Checkout Order' is present

2023-10-05 11:02:43 - [TEST_STEP][PASSED] - name_product = data.get("nama_barang"): null

2023-10-05 11:02:43 - [TEST_STEP][PASSED] - price_product = data.get("price_barang"): null

2023-10-05 11:02:43 - [TEST_STEP][PASSED] - assert name_product == NamaKeranjang: null

2023-10-05 11:02:43 - [TEST_STEP][PASSED] - assert price_product == HargaKeranjang: null

2023-10-05 11:02:43 - [TEST_STEP][PASSED] - return data: null

2023-10-05 11:02:43 - [MESSAGE][PASSED] - Call Test Case 'Test Cases/T13 Pembelian, Shipment dan Pembayaran/PBL-002' successfully

2023-10-05 11:02:43 - [TEST_STEP][PASSED] - warnaa = getText(findTestObject("verifikasi/warna Merah")): Text of object 'Object Repository/verifikasi/warna Merah' is: 'Merah'

2023-10-05 11:02:43 - [MESSAGE][PASSED] - Text of object 'Object Repository/verifikasi/warna Merah' is: 'Merah'

2023-10-05 11:02:43 - [TEST_STEP][PASSED] - ukurann = getText(findTestObject("verifikasi/Ukuran Menengah")): Text of object 'Object Repository/verifikasi/Ukuran Menengah' is: 'Menengah'

2023-10-05 11:02:44 - [MESSAGE][PASSED] - Text of object 'Object Repository/verifikasi/Ukuran Menengah' is: 'Menengah'

2023-10-05 11:02:44 - [TEST_STEP][PASSED] - warna1 = data.get("Warna"): null

2023-10-05 11:02:44 - [TEST_STEP][PASSED] - ukuran1 = data.get("Ukuran"): null

2023-10-05 11:02:44 - [TEST_STEP][PASSED] - assert warnaa == warna1: null

2023-10-05 11:02:44 - [TEST_STEP][PASSED] - assert ukurann == ukuran1: null

2023-10-05 11:02:44 - [TEST_STEP][PASSED] - NamaCheckout = getText(findTestObject("verifikasi/NamaCheckout")): Text of object 'Object Repository/verifikasi/NamaCheckout' is: ''

2023-10-05 11:02:44 - [MESSAGE][PASSED] - Text of object 'Object Repository/verifikasi/NamaCheckout' is: ''

2023-10-05 11:02:44 - [TEST_STEP][PASSED] - HargaCheckout = getText(findTestObject("verifikasi/HargaCheckout")): Text of object 'Object Repository/verifikasi/HargaCheckout' is: '1,299'

2023-10-05 11:02:44 - [MESSAGE][PASSED] - Text of object 'Object Repository/verifikasi/HargaCheckout' is: '1,299'

2023-10-05 11:02:44 - [TEST_STEP][PASSED] - name_product = data.get("nama_barang"): null

2023-10-05 11:02:44 - [TEST_STEP][PASSED] - price_product = data.get("price_barang"): null

2023-10-05 11:02:44 - [TEST_STEP][PASSED] - assert name_product.contains(NamaCheckout): null

2023-10-05 11:02:44 - [TEST_STEP][PASSED] - assert price_product.contains(HargaCheckout): null

2023-10-05 11:02:44 - [TEST_STEP][PASSED] - selectOptionByLabel(findTestObject("checkout/select - Kirim via Kurir Lokal"), Kurir, false): All options with label 'Roda 2' are selected in object 'Object Repository/checkout/select - Kirim via Kurir Lokal' 

2023-10-05 11:02:45 - [MESSAGE][PASSED] - All options with label 'Roda 2' are selected in object 'Object Repository/checkout/select - Kirim via Kurir Lokal' 

2023-10-05 11:02:45 - [TEST_STEP][PASSED] - click(findTestObject("checkout/Kendaraan Kurir")): Object: 'Object Repository/checkout/Kendaraan Kurir' is clicked on

2023-10-05 11:02:46 - [MESSAGE][PASSED] - Object: 'Object Repository/checkout/Kendaraan Kurir' is clicked on

2023-10-05 11:02:46 - [TEST_STEP][PASSED] - OngkosKirim = getText(findTestObject("Object Repository/verifikasi/Ongkos Kirim checkout")): Text of object 'Object Repository/verifikasi/Ongkos Kirim checkout' is: 'Rp. 5,000'

2023-10-05 11:02:46 - [MESSAGE][PASSED] - Text of object 'Object Repository/verifikasi/Ongkos Kirim checkout' is: 'Rp. 5,000'

2023-10-05 11:02:46 - [TEST_STEP][PASSED] - Ongkos = OngkosKirim.substring(3, OngkosKirim.size()): null

2023-10-05 11:02:46 - [TEST_STEP][PASSED] - rep = Ongkos.replace(",", "."): null

2023-10-05 11:02:46 - [TEST_STEP][PASSED] - Ongkos_kirim = Double.parseDouble(rep): null

2023-10-05 11:02:46 - [TEST_STEP][PASSED] - println(Ongkos_kirim): null

2023-10-05 11:02:46 - [TEST_STEP][PASSED] - FeeAdmin = getText(findTestObject("verifikasi/Fee Admin checkout")): Text of object 'Object Repository/verifikasi/Fee Admin checkout' is: 'Fee Admin
Rp 1,500'

2023-10-05 11:02:47 - [MESSAGE][PASSED] - Text of object 'Object Repository/verifikasi/Fee Admin checkout' is: 'Fee Admin
Rp 1,500'

2023-10-05 11:02:47 - [TEST_STEP][PASSED] - Fee_Admin = FeeAdmin.substring(12, FeeAdmin.size()): null

2023-10-05 11:02:47 - [TEST_STEP][PASSED] - fee = Fee_Admin.replace(",", "."): null

2023-10-05 11:02:47 - [TEST_STEP][PASSED] - fee_admin = Double.parseDouble(fee): null

2023-10-05 11:02:47 - [TEST_STEP][PASSED] - println(fee_admin): null

2023-10-05 11:02:47 - [TEST_STEP][PASSED] - Subtotal = getText(findTestObject("verifikasi/subtotal checkout")): Text of object 'Object Repository/verifikasi/subtotal checkout' is: 'Subtotal
Rp 1,299'

2023-10-05 11:02:48 - [MESSAGE][PASSED] - Text of object 'Object Repository/verifikasi/subtotal checkout' is: 'Subtotal
Rp 1,299'

2023-10-05 11:02:48 - [TEST_STEP][PASSED] - sub_total = Subtotal.substring(12, Subtotal.size()): null

2023-10-05 11:02:48 - [TEST_STEP][PASSED] - sub = sub_total.replace(",", "."): null

2023-10-05 11:02:48 - [TEST_STEP][PASSED] - sub_total = Double.parseDouble(sub): null

2023-10-05 11:02:48 - [TEST_STEP][PASSED] - println(sub_total): null

2023-10-05 11:02:48 - [TEST_STEP][PASSED] - Total = getText(findTestObject("verifikasi/Total checkout")): Text of object 'Object Repository/verifikasi/Total checkout' is: 'Rp 7,799'

2023-10-05 11:02:48 - [MESSAGE][PASSED] - Text of object 'Object Repository/verifikasi/Total checkout' is: 'Rp 7,799'

2023-10-05 11:02:48 - [TEST_STEP][PASSED] - totall = Total.substring(3, Total.size()): null

2023-10-05 11:02:48 - [TEST_STEP][PASSED] - total = totall.replace(",", "."): null

2023-10-05 11:02:48 - [TEST_STEP][PASSED] - totall = Double.parseDouble(total): null

2023-10-05 11:02:48 - [TEST_STEP][PASSED] - println(totall): null

2023-10-05 11:02:48 - [TEST_STEP][PASSED] - Total_Harga = Ongkos_kirim + fee_admin + sub_total: null

2023-10-05 11:02:48 - [TEST_STEP][PASSED] - println(Total_Harga): null

2023-10-05 11:02:48 - [TEST_STEP][PASSED] - TotalHarga = Math.round(Total_Harga * 1000) / 1000: null

2023-10-05 11:02:48 - [TEST_STEP][PASSED] - println(TotalHarga): null

2023-10-05 11:02:48 - [TEST_STEP][PASSED] - assert totall == TotalHarga: null

2023-10-05 11:02:48 - [TEST_STEP][PASSED] - click(findTestObject("verifikasi/Metode Transfer")): Object: 'Object Repository/verifikasi/Metode Transfer' is clicked on

2023-10-05 11:02:48 - [MESSAGE][PASSED] - Object: 'Object Repository/verifikasi/Metode Transfer' is clicked on

2023-10-05 11:02:48 - [TEST_STEP][PASSED] - click(findTestObject("checkout/button_Proses Pembayaran")): Object: 'Object Repository/checkout/button_Proses Pembayaran' is clicked on

2023-10-05 11:02:57 - [MESSAGE][PASSED] - Object: 'Object Repository/checkout/button_Proses Pembayaran' is clicked on

2023-10-05 11:02:57 - [TEST_STEP][PASSED] - verifyElementPresent(findTestObject("pembayaran/Tittle nomor invoice"), 0): Object 'Object Repository/pembayaran/Tittle nomor invoice' is present

2023-10-05 11:02:57 - [MESSAGE][WARNING] - Timeout '0' is invalid. Using default page load timeout: '30'

2023-10-05 11:02:58 - [MESSAGE][PASSED] - Object 'Object Repository/pembayaran/Tittle nomor invoice' is present

2023-10-05 11:02:58 - [TEST_STEP][PASSED] - return data: null

2023-10-05 11:02:58 - [MESSAGE][PASSED] - Call Test Case 'Test Cases/T13 Pembelian, Shipment dan Pembayaran/PBL-004' successfully

2023-10-05 11:02:58 - [TEST_STEP][PASSED] - Invoice = getText(findTestObject("pembayaran/nomor invoice")): Text of object 'Object Repository/pembayaran/nomor invoice' is: 'TRX60.20231005110252'

2023-10-05 11:02:58 - [MESSAGE][PASSED] - Text of object 'Object Repository/pembayaran/nomor invoice' is: 'TRX60.20231005110252'

2023-10-05 11:02:58 - [TEST_STEP][PASSED] - data.put("invoice", Invoice): null

2023-10-05 11:02:58 - [TEST_STEP][PASSED] - NamaPemesan = getText(findTestObject("Konfirmasi pesanan shop/Nama pemesan")): Text of object 'Object Repository/Konfirmasi pesanan shop/Nama pemesan' is: 'irfan.afandi'

2023-10-05 11:02:59 - [MESSAGE][PASSED] - Text of object 'Object Repository/Konfirmasi pesanan shop/Nama pemesan' is: 'irfan.afandi'

2023-10-05 11:02:59 - [TEST_STEP][PASSED] - Nama = getText(findTestObject("pembayaran/Nama barang")): Text of object 'Object Repository/pembayaran/Nama barang' is: 'Segitiga Instan Madeira - MDB5.3 Sunset'

2023-10-05 11:03:00 - [MESSAGE][PASSED] - Text of object 'Object Repository/pembayaran/Nama barang' is: 'Segitiga Instan Madeira - MDB5.3 Sunset'

2023-10-05 11:03:00 - [TEST_STEP][PASSED] - Harga = getText(findTestObject("pembayaran/Harga barang")): Text of object 'Object Repository/pembayaran/Harga barang' is: '1,299'

2023-10-05 11:03:00 - [MESSAGE][PASSED] - Text of object 'Object Repository/pembayaran/Harga barang' is: '1,299'

2023-10-05 11:03:00 - [TEST_STEP][PASSED] - name_product = data.get("nama_barang"): null

2023-10-05 11:03:00 - [TEST_STEP][PASSED] - price_product = data.get("price_barang"): null

2023-10-05 11:03:00 - [TEST_STEP][PASSED] - assert name_product.contains(Nama): null

2023-10-05 11:03:00 - [TEST_STEP][PASSED] - assert price_product.contains(Harga): null

2023-10-05 11:03:00 - [TEST_STEP][PASSED] - warnaa = getText(findTestObject("pembayaran/warna")): Text of object 'Object Repository/pembayaran/warna' is: 'Merah'

2023-10-05 11:03:00 - [MESSAGE][PASSED] - Text of object 'Object Repository/pembayaran/warna' is: 'Merah'

2023-10-05 11:03:00 - [TEST_STEP][PASSED] - ukurann = getText(findTestObject("pembayaran/ukuran")): Text of object 'Object Repository/pembayaran/ukuran' is: 'Menengah'

2023-10-05 11:03:01 - [MESSAGE][PASSED] - Text of object 'Object Repository/pembayaran/ukuran' is: 'Menengah'

2023-10-05 11:03:01 - [TEST_STEP][PASSED] - warna1 = data.get("Warna"): null

2023-10-05 11:03:01 - [TEST_STEP][PASSED] - ukuran1 = data.get("Ukuran"): null

2023-10-05 11:03:01 - [TEST_STEP][PASSED] - assert warnaa == warna1: null

2023-10-05 11:03:01 - [TEST_STEP][PASSED] - assert ukurann == ukuran1: null

2023-10-05 11:03:01 - [TEST_STEP][PASSED] - statusPembelian = getText(findTestObject("verifikasi/Status pending di pembelian")): Text of object 'Object Repository/verifikasi/Status pending di pembelian' is: 'Pending'

2023-10-05 11:03:01 - [MESSAGE][PASSED] - Text of object 'Object Repository/verifikasi/Status pending di pembelian' is: 'Pending'

2023-10-05 11:03:01 - [TEST_STEP][PASSED] - data.put("statusPem", statusPembelian): null

2023-10-05 11:03:01 - [TEST_STEP][PASSED] - OngkosKirim = getText(findTestObject("pembayaran/ongkos kirim")): Text of object 'Object Repository/pembayaran/ongkos kirim' is: 'Rp 5,000'

2023-10-05 11:03:02 - [MESSAGE][PASSED] - Text of object 'Object Repository/pembayaran/ongkos kirim' is: 'Rp 5,000'

2023-10-05 11:03:02 - [TEST_STEP][PASSED] - Ongkos = OngkosKirim.substring(3, OngkosKirim.size()): null

2023-10-05 11:03:02 - [TEST_STEP][PASSED] - rep = Ongkos.replace(",", ""): null

2023-10-05 11:03:02 - [TEST_STEP][PASSED] - Ongkos_kirimm = Integer.parseInt(rep): null

2023-10-05 11:03:02 - [TEST_STEP][PASSED] - println(Ongkos_kirimm): null

2023-10-05 11:03:02 - [TEST_STEP][PASSED] - FeeAdmin = getText(findTestObject("pembayaran/fee admin")): Text of object 'Object Repository/pembayaran/fee admin' is: 'Rp 1,500'

2023-10-05 11:03:02 - [MESSAGE][PASSED] - Text of object 'Object Repository/pembayaran/fee admin' is: 'Rp 1,500'

2023-10-05 11:03:02 - [TEST_STEP][PASSED] - Fee_Admin = FeeAdmin.substring(3, FeeAdmin.size()): null

2023-10-05 11:03:02 - [TEST_STEP][PASSED] - fee = Fee_Admin.replace(",", ""): null

2023-10-05 11:03:02 - [TEST_STEP][PASSED] - fee_adminn = Integer.parseInt(fee): null

2023-10-05 11:03:02 - [TEST_STEP][PASSED] - println(fee_adminn): null

2023-10-05 11:03:02 - [TEST_STEP][PASSED] - Subtotal = getText(findTestObject("pembayaran/subtotal")): Text of object 'Object Repository/pembayaran/subtotal' is: 'Rp 1,299'

2023-10-05 11:03:03 - [MESSAGE][PASSED] - Text of object 'Object Repository/pembayaran/subtotal' is: 'Rp 1,299'

2023-10-05 11:03:03 - [TEST_STEP][PASSED] - sub_total = Subtotal.substring(3, Subtotal.size()): null

2023-10-05 11:03:03 - [TEST_STEP][PASSED] - sub = sub_total.replace(",", ""): null

2023-10-05 11:03:03 - [TEST_STEP][PASSED] - sub_totall = Integer.parseInt(sub): null

2023-10-05 11:03:03 - [TEST_STEP][PASSED] - println(sub_totall): null

2023-10-05 11:03:03 - [TEST_STEP][PASSED] - unik = getText(findTestObject("pembayaran/kode unik")): Text of object 'Object Repository/pembayaran/kode unik' is: '+252'

2023-10-05 11:03:03 - [MESSAGE][PASSED] - Text of object 'Object Repository/pembayaran/kode unik' is: '+252'

2023-10-05 11:03:03 - [TEST_STEP][PASSED] - unikk = unik.replace("+", ""): null

2023-10-05 11:03:03 - [TEST_STEP][PASSED] - kode_unik = Integer.parseInt(unikk): null

2023-10-05 11:03:03 - [TEST_STEP][PASSED] - println(kode_unik): null

2023-10-05 11:03:03 - [TEST_STEP][PASSED] - Total = getText(findTestObject("pembayaran/total")): Text of object 'Object Repository/pembayaran/total' is: '8,051'

2023-10-05 11:03:04 - [MESSAGE][PASSED] - Text of object 'Object Repository/pembayaran/total' is: '8,051'

2023-10-05 11:03:04 - [TEST_STEP][PASSED] - total = Total.replace(",", ""): null

2023-10-05 11:03:04 - [TEST_STEP][PASSED] - totalll = Integer.parseInt(total): null

2023-10-05 11:03:04 - [TEST_STEP][PASSED] - println(totalll): null

2023-10-05 11:03:04 - [TEST_STEP][PASSED] - Total_Hargaa = Ongkos_kirimm + fee_adminn + sub_totall + kode_unik: null

2023-10-05 11:03:04 - [TEST_STEP][PASSED] - println(Total_Hargaa): null

2023-10-05 11:03:04 - [TEST_STEP][PASSED] - assert totalll == Total_Hargaa: null

2023-10-05 11:03:04 - [TEST_STEP][PASSED] - data.put("total", Total): null

2023-10-05 11:03:04 - [TEST_STEP][PASSED] - data.put("nama", NamaPemesan): null

2023-10-05 11:03:04 - [TEST_STEP][PASSED] - return data: null

2023-10-05 11:03:04 - [MESSAGE][PASSED] - Call Test Case 'Test Cases/T13 Pembelian, Shipment dan Pembayaran/PBY-001' successfully

2023-10-05 11:03:04 - [TEST_STEP][PASSED] - inv = data.get("invoice"): null

2023-10-05 11:03:04 - [TEST_STEP][PASSED] - Total = data.get("total"): null

2023-10-05 11:03:04 - [TEST_STEP][PASSED] - NamaPemesan = data.get("nama"): null

2023-10-05 11:03:04 - [TEST_STEP][PASSED] - click(findTestObject("Konfirmasi pesanan shop/Menu Shop")): Object: 'Object Repository/Konfirmasi pesanan shop/Menu Shop' is clicked on

2023-10-05 11:03:06 - [MESSAGE][PASSED] - Object: 'Object Repository/Konfirmasi pesanan shop/Menu Shop' is clicked on

2023-10-05 11:03:06 - [TEST_STEP][PASSED] - click(findTestObject("Konfirmasi pesanan shop/Menu Shop")): Object: 'Object Repository/Konfirmasi pesanan shop/Menu Shop' is clicked on

2023-10-05 11:03:06 - [MESSAGE][PASSED] - Object: 'Object Repository/Konfirmasi pesanan shop/Menu Shop' is clicked on

2023-10-05 11:03:06 - [TEST_STEP][PASSED] - click(findTestObject("Konfirmasi pesanan shop/Konfirmasi Orders")): Object: 'Object Repository/Konfirmasi pesanan shop/Konfirmasi Orders' is clicked on

2023-10-05 11:03:07 - [MESSAGE][PASSED] - Object: 'Object Repository/Konfirmasi pesanan shop/Konfirmasi Orders' is clicked on

2023-10-05 11:03:07 - [TEST_STEP][PASSED] - verifyElementPresent(findTestObject("Konfirmasi pesanan shop/Tittle Konfirmasi Pesanan"), 0): Object 'Object Repository/Konfirmasi pesanan shop/Tittle Konfirmasi Pesanan' is present

2023-10-05 11:03:07 - [MESSAGE][WARNING] - Timeout '0' is invalid. Using default page load timeout: '30'

2023-10-05 11:03:08 - [MESSAGE][PASSED] - Object 'Object Repository/Konfirmasi pesanan shop/Tittle Konfirmasi Pesanan' is present

2023-10-05 11:03:08 - [TEST_STEP][PASSED] - clearText(findTestObject("Konfirmasi pesanan shop/input_No Pesanan"), STOP_ON_FAILURE): Text of object 'Object Repository/Konfirmasi pesanan shop/input_No Pesanan' is cleared

2023-10-05 11:03:09 - [MESSAGE][PASSED] - Text of object 'Object Repository/Konfirmasi pesanan shop/input_No Pesanan' is cleared

2023-10-05 11:03:09 - [TEST_STEP][PASSED] - clearText(findTestObject("Konfirmasi pesanan shop/input_Alamat E-mai"), STOP_ON_FAILURE): Text of object 'Object Repository/Konfirmasi pesanan shop/input_Alamat E-mai' is cleared

2023-10-05 11:03:09 - [MESSAGE][PASSED] - Text of object 'Object Repository/Konfirmasi pesanan shop/input_Alamat E-mai' is cleared

2023-10-05 11:03:09 - [TEST_STEP][PASSED] - click(findTestObject("Konfirmasi pesanan shop/button_Submit")): Object: 'Object Repository/Konfirmasi pesanan shop/button_Submit' is clicked on

2023-10-05 11:03:09 - [MESSAGE][PASSED] - Object: 'Object Repository/Konfirmasi pesanan shop/button_Submit' is clicked on

2023-10-05 11:03:09 - [TEST_STEP][PASSED] - webDriver = getWebDriver(): null

2023-10-05 11:03:09 - [TEST_STEP][PASSED] - field_pesanan = webDriver.findElement(By.xpath("(//input[@name="a"])[3]")): null

2023-10-05 11:03:10 - [TEST_STEP][PASSED] - error_message = webDriver.executeScript("return arguments[0].validationMessage", field_pesanan): null

2023-10-05 11:03:10 - [TEST_STEP][PASSED] - println(error_message): null

2023-10-05 11:03:10 - [TEST_STEP][PASSED] - assert error_message == "Please fill out this field.": null

2023-10-05 11:03:10 - [TEST_STEP][PASSED] - return data: null]]></system-out>
         <system-err><![CDATA[]]></system-err>
      </testcase>
      <testcase name="Test Cases/T13 Pembelian, Shipment dan Pembayaran/PBY-013" time="57.218" classname="Test Cases/T13 Pembelian, Shipment dan Pembayaran/PBY-013" status="FAILED">
         <failure type="FAILED" message="Test Cases/T13 Pembelian, Shipment dan Pembayaran/PBY-013 FAILED.
Reason:
com.kms.katalon.core.exception.StepFailedException: Unable to verify text 'email not valid.' is present 
	at com.kms.katalon.core.webui.keyword.internal.WebUIKeywordMain.stepFailed(WebUIKeywordMain.groovy:64)
	at com.kms.katalon.core.webui.keyword.internal.WebUIKeywordMain.runKeyword(WebUIKeywordMain.groovy:26)
	at com.kms.katalon.core.webui.keyword.builtin.VerifyTextPresentKeyword.verifyTextPresent(VerifyTextPresentKeyword.groovy:83)
	at com.kms.katalon.core.webui.keyword.builtin.VerifyTextPresentKeyword.execute(VerifyTextPresentKeyword.groovy:68)
	at com.kms.katalon.core.keyword.internal.KeywordExecutor.executeKeywordForPlatform(KeywordExecutor.groovy:74)
	at com.kms.katalon.core.webui.keyword.WebUiBuiltInKeywords.verifyTextPresent(WebUiBuiltInKeywords.groovy:1723)
	at com.kms.katalon.core.webui.keyword.WebUiBuiltInKeywords$verifyTextPresent$7.call(Unknown Source)
	at PBY-013.run(PBY-013:42)
	at com.kms.katalon.core.main.ScriptEngine.run(ScriptEngine.java:194)
	at com.kms.katalon.core.main.ScriptEngine.runScriptAsRawText(ScriptEngine.java:119)
	at com.kms.katalon.core.main.TestCaseExecutor.runScript(TestCaseExecutor.java:448)
	at com.kms.katalon.core.main.TestCaseExecutor.doExecute(TestCaseExecutor.java:439)
	at com.kms.katalon.core.main.TestCaseExecutor.processExecutionPhase(TestCaseExecutor.java:418)
	at com.kms.katalon.core.main.TestCaseExecutor.accessMainPhase(TestCaseExecutor.java:410)
	at com.kms.katalon.core.main.TestCaseExecutor.execute(TestCaseExecutor.java:285)
	at com.kms.katalon.core.common.CommonExecutor.accessTestCaseMainPhase(CommonExecutor.java:65)
	at com.kms.katalon.core.main.TestSuiteExecutor.accessTestSuiteMainPhase(TestSuiteExecutor.java:148)
	at com.kms.katalon.core.main.TestSuiteExecutor.execute(TestSuiteExecutor.java:106)
	at com.kms.katalon.core.main.TestCaseMain.startTestSuite(TestCaseMain.java:187)
	at com.kms.katalon.core.main.TestCaseMain$startTestSuite$0.call(Unknown Source)
	at TempTestSuite1696477503821.run(TempTestSuite1696477503821.groovy:36)
Caused by: com.kms.katalon.core.exception.StepFailedException: Text 'email not valid.' is not present on page 
	at com.kms.katalon.core.webui.keyword.internal.WebUIKeywordMain.stepFailed(WebUIKeywordMain.groovy:64)
	at com.kms.katalon.core.webui.keyword.builtin.VerifyTextPresentKeyword$_verifyTextPresent_closure1.doCall(VerifyTextPresentKeyword.groovy:79)
	at com.kms.katalon.core.webui.keyword.builtin.VerifyTextPresentKeyword$_verifyTextPresent_closure1.call(VerifyTextPresentKeyword.groovy)
	at com.kms.katalon.core.webui.keyword.internal.WebUIKeywordMain.runKeyword(WebUIKeywordMain.groovy:20)
	... 19 more
"/>
         <system-out><![CDATA[2023-10-05 11:03:10 - [TEST_CASE][FAILED] - Test Cases/T13 Pembelian, Shipment dan Pembayaran/PBY-013: Test Cases/T13 Pembelian, Shipment dan Pembayaran/PBY-013 FAILED.
Reason:
com.kms.katalon.core.exception.StepFailedException: Unable to verify text 'email not valid.' is present 
	at com.kms.katalon.core.webui.keyword.internal.WebUIKeywordMain.stepFailed(WebUIKeywordMain.groovy:64)
	at com.kms.katalon.core.webui.keyword.internal.WebUIKeywordMain.runKeyword(WebUIKeywordMain.groovy:26)
	at com.kms.katalon.core.webui.keyword.builtin.VerifyTextPresentKeyword.verifyTextPresent(VerifyTextPresentKeyword.groovy:83)
	at com.kms.katalon.core.webui.keyword.builtin.VerifyTextPresentKeyword.execute(VerifyTextPresentKeyword.groovy:68)
	at com.kms.katalon.core.keyword.internal.KeywordExecutor.executeKeywordForPlatform(KeywordExecutor.groovy:74)
	at com.kms.katalon.core.webui.keyword.WebUiBuiltInKeywords.verifyTextPresent(WebUiBuiltInKeywords.groovy:1723)
	at com.kms.katalon.core.webui.keyword.WebUiBuiltInKeywords$verifyTextPresent$7.call(Unknown Source)
	at PBY-013.run(PBY-013:42)
	at com.kms.katalon.core.main.ScriptEngine.run(ScriptEngine.java:194)
	at com.kms.katalon.core.main.ScriptEngine.runScriptAsRawText(ScriptEngine.java:119)
	at com.kms.katalon.core.main.TestCaseExecutor.runScript(TestCaseExecutor.java:448)
	at com.kms.katalon.core.main.TestCaseExecutor.doExecute(TestCaseExecutor.java:439)
	at com.kms.katalon.core.main.TestCaseExecutor.processExecutionPhase(TestCaseExecutor.java:418)
	at com.kms.katalon.core.main.TestCaseExecutor.accessMainPhase(TestCaseExecutor.java:410)
	at com.kms.katalon.core.main.TestCaseExecutor.execute(TestCaseExecutor.java:285)
	at com.kms.katalon.core.common.CommonExecutor.accessTestCaseMainPhase(CommonExecutor.java:65)
	at com.kms.katalon.core.main.TestSuiteExecutor.accessTestSuiteMainPhase(TestSuiteExecutor.java:148)
	at com.kms.katalon.core.main.TestSuiteExecutor.execute(TestSuiteExecutor.java:106)
	at com.kms.katalon.core.main.TestCaseMain.startTestSuite(TestCaseMain.java:187)
	at com.kms.katalon.core.main.TestCaseMain$startTestSuite$0.call(Unknown Source)
	at TempTestSuite1696477503821.run(TempTestSuite1696477503821.groovy:36)
Caused by: com.kms.katalon.core.exception.StepFailedException: Text 'email not valid.' is not present on page 
	at com.kms.katalon.core.webui.keyword.internal.WebUIKeywordMain.stepFailed(WebUIKeywordMain.groovy:64)
	at com.kms.katalon.core.webui.keyword.builtin.VerifyTextPresentKeyword$_verifyTextPresent_closure1.doCall(VerifyTextPresentKeyword.groovy:79)
	at com.kms.katalon.core.webui.keyword.builtin.VerifyTextPresentKeyword$_verifyTextPresent_closure1.call(VerifyTextPresentKeyword.groovy)
	at com.kms.katalon.core.webui.keyword.internal.WebUIKeywordMain.runKeyword(WebUIKeywordMain.groovy:20)
	... 19 more


2023-10-05 11:03:10 - [TEST_STEP][PASSED] - data = callTestCase(findTestCase("T13 Pembelian, Shipment dan Pembayaran/PBY-001"), [:], STOP_ON_FAILURE): Call Test Case 'Test Cases/T13 Pembelian, Shipment dan Pembayaran/PBY-001' successfully

2023-10-05 11:03:10 - [TEST_CASE][PASSED] - Test Cases/T13 Pembelian, Shipment dan Pembayaran/PBY-001: Test Cases/T13 Pembelian, Shipment dan Pembayaran/PBY-001

2023-10-05 11:03:10 - [TEST_STEP][PASSED] - data = callTestCase(findTestCase("T13 Pembelian, Shipment dan Pembayaran/PBL-004"), ["Kurir":"Roda 2"], STOP_ON_FAILURE): Call Test Case 'Test Cases/T13 Pembelian, Shipment dan Pembayaran/PBL-004' successfully

2023-10-05 11:03:11 - [TEST_CASE][PASSED] - Test Cases/T13 Pembelian, Shipment dan Pembayaran/PBL-004: Test Cases/T13 Pembelian, Shipment dan Pembayaran/PBL-004

2023-10-05 11:03:11 - [TEST_STEP][PASSED] - data = callTestCase(findTestCase("T13 Pembelian, Shipment dan Pembayaran/PBL-002"), [:], STOP_ON_FAILURE): Call Test Case 'Test Cases/T13 Pembelian, Shipment dan Pembayaran/PBL-002' successfully

2023-10-05 11:03:11 - [TEST_CASE][PASSED] - Test Cases/T13 Pembelian, Shipment dan Pembayaran/PBL-002: Test Cases/T13 Pembelian, Shipment dan Pembayaran/PBL-002

2023-10-05 11:03:11 - [TEST_STEP][PASSED] - data = callTestCase(findTestCase("T13 Pembelian, Shipment dan Pembayaran/PBL-001"), [:], STOP_ON_FAILURE): Call Test Case 'Test Cases/T13 Pembelian, Shipment dan Pembayaran/PBL-001' successfully

2023-10-05 11:03:11 - [TEST_CASE][PASSED] - Test Cases/T13 Pembelian, Shipment dan Pembayaran/PBL-001: Test Cases/T13 Pembelian, Shipment dan Pembayaran/PBL-001

2023-10-05 11:03:11 - [TEST_STEP][PASSED] - callTestCase(findTestCase("T13 Pembelian, Shipment dan Pembayaran/LU-001"), ["username":"irfanafandi", "password":"12345irfan"], STOP_ON_FAILURE): Call Test Case 'Test Cases/T13 Pembelian, Shipment dan Pembayaran/LU-001' successfully

2023-10-05 11:03:11 - [TEST_CASE][PASSED] - Test Cases/T13 Pembelian, Shipment dan Pembayaran/LU-001: Test Cases/T13 Pembelian, Shipment dan Pembayaran/LU-001

2023-10-05 11:03:11 - [TEST_STEP][PASSED] - openBrowser("https://10.9.2.63/ecommerce/"): Browser is opened with url: 'https://10.9.2.63/ecommerce/'

2023-10-05 11:03:11 - [MESSAGE][WARNING] - A browser is already opened. Closing browser and opening a new one

2023-10-05 11:03:12 - [MESSAGE][INFO] - Starting 'Edge Chromium' driver

2023-10-05 11:03:12 - [MESSAGE][INFO] - User set preference: ['acceptInsecureCerts', 'true']

2023-10-05 11:03:14 - [MESSAGE][INFO] - Action delay is set to 0 milliseconds

2023-10-05 11:03:17 - [MESSAGE][PASSED] - Browser is opened with url: 'https://10.9.2.63/ecommerce/'

2023-10-05 11:03:17 - [TEST_STEP][PASSED] - maximizeWindow(): Current window maximized

2023-10-05 11:03:17 - [MESSAGE][PASSED] - Current window maximized

2023-10-05 11:03:17 - [TEST_STEP][PASSED] - verifyElementPresent(findTestObject("Login/Home"), 0): Object 'Object Repository/Login/Home' is present

2023-10-05 11:03:17 - [MESSAGE][WARNING] - Timeout '0' is invalid. Using default page load timeout: '30'

2023-10-05 11:03:18 - [MESSAGE][PASSED] - Object 'Object Repository/Login/Home' is present

2023-10-05 11:03:18 - [TEST_STEP][PASSED] - click(findTestObject("Login/a_Login")): Object: 'Object Repository/Login/a_Login' is clicked on

2023-10-05 11:03:18 - [MESSAGE][PASSED] - Object: 'Object Repository/Login/a_Login' is clicked on

2023-10-05 11:03:18 - [TEST_STEP][PASSED] - verifyElementPresent(findTestObject("Login/Tittle Login"), 0): Object 'Object Repository/Login/Tittle Login' is present

2023-10-05 11:03:19 - [MESSAGE][WARNING] - Timeout '0' is invalid. Using default page load timeout: '30'

2023-10-05 11:03:19 - [MESSAGE][PASSED] - Object 'Object Repository/Login/Tittle Login' is present

2023-10-05 11:03:19 - [TEST_STEP][PASSED] - setText(findTestObject("Login/input_Username, Email atau No. Handphone_a"), username): Text 'irfanafandi' is set on object 'Object Repository/Login/input_Username, Email atau No. Handphone_a'

2023-10-05 11:03:20 - [MESSAGE][PASSED] - Text 'irfanafandi' is set on object 'Object Repository/Login/input_Username, Email atau No. Handphone_a'

2023-10-05 11:03:20 - [TEST_STEP][PASSED] - setText(findTestObject("Login/input_Password_b"), password): Text '12345irfan' is set on object 'Object Repository/Login/input_Password_b'

2023-10-05 11:03:21 - [MESSAGE][PASSED] - Text '12345irfan' is set on object 'Object Repository/Login/input_Password_b'

2023-10-05 11:03:21 - [TEST_STEP][PASSED] - click(findTestObject("Login/label_Ingat saya")): Object: 'Object Repository/Login/label_Ingat saya' is clicked on

2023-10-05 11:03:21 - [MESSAGE][PASSED] - Object: 'Object Repository/Login/label_Ingat saya' is clicked on

2023-10-05 11:03:21 - [TEST_STEP][PASSED] - click(findTestObject("Login/button_Masuk")): Object: 'Object Repository/Login/button_Masuk' is clicked on

2023-10-05 11:03:22 - [MESSAGE][PASSED] - Object: 'Object Repository/Login/button_Masuk' is clicked on

2023-10-05 11:03:22 - [TEST_STEP][PASSED] - verifyElementPresent(findTestObject("Login/li_Profile"), 0): Object 'Object Repository/Login/li_Profile' is present

2023-10-05 11:03:23 - [MESSAGE][WARNING] - Timeout '0' is invalid. Using default page load timeout: '30'

2023-10-05 11:03:23 - [MESSAGE][PASSED] - Object 'Object Repository/Login/li_Profile' is present

2023-10-05 11:03:23 - [MESSAGE][PASSED] - Call Test Case 'Test Cases/T13 Pembelian, Shipment dan Pembayaran/LU-001' successfully

2023-10-05 11:03:23 - [TEST_STEP][PASSED] - mouseOver(findTestObject("beli barang/i_Mulai Belanja_icon-menu")): Object: 'Object Repository/beli barang/i_Mulai Belanja_icon-menu' is hovered

2023-10-05 11:03:24 - [MESSAGE][PASSED] - Object: 'Object Repository/beli barang/i_Mulai Belanja_icon-menu' is hovered

2023-10-05 11:03:24 - [TEST_STEP][PASSED] - click(findTestObject("beli barang/a_Fashion  Busana Wanita")): Object: 'Object Repository/beli barang/a_Fashion  Busana Wanita' is clicked on

2023-10-05 11:03:25 - [MESSAGE][PASSED] - Object: 'Object Repository/beli barang/a_Fashion  Busana Wanita' is clicked on

2023-10-05 11:03:25 - [TEST_STEP][PASSED] - NamaSebelum = getText(findTestObject("verifikasi/Nama sebelum")): Text of object 'Object Repository/verifikasi/Nama sebelum' is: ''

2023-10-05 11:03:26 - [MESSAGE][PASSED] - Text of object 'Object Repository/verifikasi/Nama sebelum' is: ''

2023-10-05 11:03:26 - [TEST_STEP][PASSED] - HargaSebelum = getText(findTestObject("verifikasi/Harga sebelum")): Text of object 'Object Repository/verifikasi/Harga sebelum' is: 'Rp 1,299'

2023-10-05 11:03:26 - [MESSAGE][PASSED] - Text of object 'Object Repository/verifikasi/Harga sebelum' is: 'Rp 1,299'

2023-10-05 11:03:26 - [TEST_STEP][PASSED] - mouseOver(findTestObject("beli barang/barang mouse over")): Object: 'Object Repository/beli barang/barang mouse over' is hovered

2023-10-05 11:03:27 - [MESSAGE][PASSED] - Object: 'Object Repository/beli barang/barang mouse over' is hovered

2023-10-05 11:03:27 - [TEST_STEP][PASSED] - click(findTestObject("beli barang/buttom add to cart")): Object: 'Object Repository/beli barang/buttom add to cart' is clicked on

2023-10-05 11:03:28 - [MESSAGE][PASSED] - Object: 'Object Repository/beli barang/buttom add to cart' is clicked on

2023-10-05 11:03:28 - [TEST_STEP][PASSED] - NamaSesudah = getText(findTestObject("verifikasi/Nama sesudah")): Text of object 'Object Repository/verifikasi/Nama sesudah' is: 'Segitiga Instan Madeira - MDB5.3 Sunset'

2023-10-05 11:03:29 - [MESSAGE][PASSED] - Text of object 'Object Repository/verifikasi/Nama sesudah' is: 'Segitiga Instan Madeira - MDB5.3 Sunset'

2023-10-05 11:03:29 - [TEST_STEP][PASSED] - HargaSesudah = getText(findTestObject("verifikasi/Harga sesudah")): Text of object 'Object Repository/verifikasi/Harga sesudah' is: 'Rp 1,299'

2023-10-05 11:03:29 - [MESSAGE][PASSED] - Text of object 'Object Repository/verifikasi/Harga sesudah' is: 'Rp 1,299'

2023-10-05 11:03:29 - [TEST_STEP][PASSED] - assert NamaSesudah.contains(NamaSebelum): null

2023-10-05 11:03:29 - [TEST_STEP][PASSED] - assert HargaSesudah.contains(HargaSebelum): null

2023-10-05 11:03:29 - [TEST_STEP][PASSED] - click(findTestObject("beli barang/Tambah Keranjang busana wanita")): Object: 'Object Repository/beli barang/Tambah Keranjang busana wanita' is clicked on

2023-10-05 11:03:30 - [MESSAGE][PASSED] - Object: 'Object Repository/beli barang/Tambah Keranjang busana wanita' is clicked on

2023-10-05 11:03:30 - [TEST_STEP][PASSED] - verifyElementPresent(findTestObject("checkout/Notifikasi keranjang"), 1): Object 'Object Repository/checkout/Notifikasi keranjang' is present

2023-10-05 11:03:31 - [MESSAGE][PASSED] - Object 'Object Repository/checkout/Notifikasi keranjang' is present

2023-10-05 11:03:31 - [TEST_STEP][PASSED] - data = new java.util.HashMap(): null

2023-10-05 11:03:31 - [TEST_STEP][PASSED] - data.put("nama_barang", NamaSesudah): null

2023-10-05 11:03:31 - [TEST_STEP][PASSED] - data.put("price_barang", HargaSesudah): null

2023-10-05 11:03:31 - [TEST_STEP][PASSED] - return data: null

2023-10-05 11:03:31 - [MESSAGE][PASSED] - Call Test Case 'Test Cases/T13 Pembelian, Shipment dan Pembayaran/PBL-001' successfully

2023-10-05 11:03:31 - [TEST_STEP][PASSED] - mouseOver(findTestObject("beli barang/keranjang")): Object: 'Object Repository/beli barang/keranjang' is hovered

2023-10-05 11:03:31 - [MESSAGE][PASSED] - Object: 'Object Repository/beli barang/keranjang' is hovered

2023-10-05 11:03:31 - [TEST_STEP][PASSED] - click(findTestObject("beli barang/Lihat Sekarang")): Object: 'Object Repository/beli barang/Lihat Sekarang' is clicked on

2023-10-05 11:03:32 - [MESSAGE][PASSED] - Object: 'Object Repository/beli barang/Lihat Sekarang' is clicked on

2023-10-05 11:03:32 - [TEST_STEP][PASSED] - verifyElementPresent(findTestObject("keranjang/li_Keranjang Belanja"), 0): Object 'Object Repository/keranjang/li_Keranjang Belanja' is present

2023-10-05 11:03:32 - [MESSAGE][WARNING] - Timeout '0' is invalid. Using default page load timeout: '30'

2023-10-05 11:03:34 - [MESSAGE][PASSED] - Object 'Object Repository/keranjang/li_Keranjang Belanja' is present

2023-10-05 11:03:34 - [TEST_STEP][PASSED] - NamaKeranjang = getText(findTestObject("verifikasi/Nama keranjang")): Text of object 'Object Repository/verifikasi/Nama keranjang' is: 'Segitiga Instan Madeira - MDB5.3 Sunset'

2023-10-05 11:03:34 - [MESSAGE][PASSED] - Text of object 'Object Repository/verifikasi/Nama keranjang' is: 'Segitiga Instan Madeira - MDB5.3 Sunset'

2023-10-05 11:03:34 - [TEST_STEP][PASSED] - HargaKeranjang = getText(findTestObject("verifikasi/Harga Keranjang")): Text of object 'Object Repository/verifikasi/Harga Keranjang' is: 'Rp 1,299'

2023-10-05 11:03:34 - [MESSAGE][PASSED] - Text of object 'Object Repository/verifikasi/Harga Keranjang' is: 'Rp 1,299'

2023-10-05 11:03:34 - [TEST_STEP][PASSED] - if (toString().equalsIgnoreCase("Merah")): Object 'Object Repository/keranjang/input_Warna_variasi101' is checked

2023-10-05 11:03:34 - [TEST_STEP][PASSED] - check(findTestObject("Object Repository/keranjang/input_Warna_variasi101")): Object 'Object Repository/keranjang/input_Warna_variasi101' is checked

2023-10-05 11:03:35 - [MESSAGE][PASSED] - Object 'Object Repository/keranjang/input_Warna_variasi101' is checked

2023-10-05 11:03:35 - [TEST_STEP][PASSED] - if (toString().equalsIgnoreCase("Menengah")): Object 'Object Repository/keranjang/input_Ukuran_variasi201' is checked

2023-10-05 11:03:35 - [TEST_STEP][PASSED] - check(findTestObject("Object Repository/keranjang/input_Ukuran_variasi201")): Object 'Object Repository/keranjang/input_Ukuran_variasi201' is checked

2023-10-05 11:03:35 - [MESSAGE][PASSED] - Object 'Object Repository/keranjang/input_Ukuran_variasi201' is checked

2023-10-05 11:03:35 - [TEST_STEP][PASSED] - data.put("Warna", warna): null

2023-10-05 11:03:35 - [TEST_STEP][PASSED] - data.put("Ukuran", ukuran): null

2023-10-05 11:03:35 - [TEST_STEP][PASSED] - click(findTestObject("keranjang/button_Lanjut ke Pembayaran")): Object: 'Object Repository/keranjang/button_Lanjut ke Pembayaran' is clicked on

2023-10-05 11:03:37 - [MESSAGE][PASSED] - Object: 'Object Repository/keranjang/button_Lanjut ke Pembayaran' is clicked on

2023-10-05 11:03:37 - [TEST_STEP][PASSED] - verifyElementPresent(findTestObject("checkout/Tittle Checkout Order"), 0): Object 'Object Repository/checkout/Tittle Checkout Order' is present

2023-10-05 11:03:37 - [MESSAGE][WARNING] - Timeout '0' is invalid. Using default page load timeout: '30'

2023-10-05 11:03:38 - [MESSAGE][PASSED] - Object 'Object Repository/checkout/Tittle Checkout Order' is present

2023-10-05 11:03:38 - [TEST_STEP][PASSED] - name_product = data.get("nama_barang"): null

2023-10-05 11:03:38 - [TEST_STEP][PASSED] - price_product = data.get("price_barang"): null

2023-10-05 11:03:38 - [TEST_STEP][PASSED] - assert name_product == NamaKeranjang: null

2023-10-05 11:03:38 - [TEST_STEP][PASSED] - assert price_product == HargaKeranjang: null

2023-10-05 11:03:38 - [TEST_STEP][PASSED] - return data: null

2023-10-05 11:03:38 - [MESSAGE][PASSED] - Call Test Case 'Test Cases/T13 Pembelian, Shipment dan Pembayaran/PBL-002' successfully

2023-10-05 11:03:38 - [TEST_STEP][PASSED] - warnaa = getText(findTestObject("verifikasi/warna Merah")): Text of object 'Object Repository/verifikasi/warna Merah' is: 'Merah'

2023-10-05 11:03:38 - [MESSAGE][PASSED] - Text of object 'Object Repository/verifikasi/warna Merah' is: 'Merah'

2023-10-05 11:03:38 - [TEST_STEP][PASSED] - ukurann = getText(findTestObject("verifikasi/Ukuran Menengah")): Text of object 'Object Repository/verifikasi/Ukuran Menengah' is: 'Menengah'

2023-10-05 11:03:38 - [MESSAGE][PASSED] - Text of object 'Object Repository/verifikasi/Ukuran Menengah' is: 'Menengah'

2023-10-05 11:03:38 - [TEST_STEP][PASSED] - warna1 = data.get("Warna"): null

2023-10-05 11:03:38 - [TEST_STEP][PASSED] - ukuran1 = data.get("Ukuran"): null

2023-10-05 11:03:38 - [TEST_STEP][PASSED] - assert warnaa == warna1: null

2023-10-05 11:03:38 - [TEST_STEP][PASSED] - assert ukurann == ukuran1: null

2023-10-05 11:03:38 - [TEST_STEP][PASSED] - NamaCheckout = getText(findTestObject("verifikasi/NamaCheckout")): Text of object 'Object Repository/verifikasi/NamaCheckout' is: ''

2023-10-05 11:03:39 - [MESSAGE][PASSED] - Text of object 'Object Repository/verifikasi/NamaCheckout' is: ''

2023-10-05 11:03:39 - [TEST_STEP][PASSED] - HargaCheckout = getText(findTestObject("verifikasi/HargaCheckout")): Text of object 'Object Repository/verifikasi/HargaCheckout' is: '1,299'

2023-10-05 11:03:39 - [MESSAGE][PASSED] - Text of object 'Object Repository/verifikasi/HargaCheckout' is: '1,299'

2023-10-05 11:03:39 - [TEST_STEP][PASSED] - name_product = data.get("nama_barang"): null

2023-10-05 11:03:39 - [TEST_STEP][PASSED] - price_product = data.get("price_barang"): null

2023-10-05 11:03:39 - [TEST_STEP][PASSED] - assert name_product.contains(NamaCheckout): null

2023-10-05 11:03:39 - [TEST_STEP][PASSED] - assert price_product.contains(HargaCheckout): null

2023-10-05 11:03:39 - [TEST_STEP][PASSED] - selectOptionByLabel(findTestObject("checkout/select - Kirim via Kurir Lokal"), Kurir, false): All options with label 'Roda 2' are selected in object 'Object Repository/checkout/select - Kirim via Kurir Lokal' 

2023-10-05 11:03:40 - [MESSAGE][PASSED] - All options with label 'Roda 2' are selected in object 'Object Repository/checkout/select - Kirim via Kurir Lokal' 

2023-10-05 11:03:40 - [TEST_STEP][PASSED] - click(findTestObject("checkout/Kendaraan Kurir")): Object: 'Object Repository/checkout/Kendaraan Kurir' is clicked on

2023-10-05 11:03:41 - [MESSAGE][PASSED] - Object: 'Object Repository/checkout/Kendaraan Kurir' is clicked on

2023-10-05 11:03:41 - [TEST_STEP][PASSED] - OngkosKirim = getText(findTestObject("Object Repository/verifikasi/Ongkos Kirim checkout")): Text of object 'Object Repository/verifikasi/Ongkos Kirim checkout' is: 'Rp. 5,000'

2023-10-05 11:03:41 - [MESSAGE][PASSED] - Text of object 'Object Repository/verifikasi/Ongkos Kirim checkout' is: 'Rp. 5,000'

2023-10-05 11:03:41 - [TEST_STEP][PASSED] - Ongkos = OngkosKirim.substring(3, OngkosKirim.size()): null

2023-10-05 11:03:41 - [TEST_STEP][PASSED] - rep = Ongkos.replace(",", "."): null

2023-10-05 11:03:41 - [TEST_STEP][PASSED] - Ongkos_kirim = Double.parseDouble(rep): null

2023-10-05 11:03:41 - [TEST_STEP][PASSED] - println(Ongkos_kirim): null

2023-10-05 11:03:41 - [TEST_STEP][PASSED] - FeeAdmin = getText(findTestObject("verifikasi/Fee Admin checkout")): Text of object 'Object Repository/verifikasi/Fee Admin checkout' is: 'Fee Admin
Rp 1,500'

2023-10-05 11:03:41 - [MESSAGE][PASSED] - Text of object 'Object Repository/verifikasi/Fee Admin checkout' is: 'Fee Admin
Rp 1,500'

2023-10-05 11:03:41 - [TEST_STEP][PASSED] - Fee_Admin = FeeAdmin.substring(12, FeeAdmin.size()): null

2023-10-05 11:03:41 - [TEST_STEP][PASSED] - fee = Fee_Admin.replace(",", "."): null

2023-10-05 11:03:41 - [TEST_STEP][PASSED] - fee_admin = Double.parseDouble(fee): null

2023-10-05 11:03:41 - [TEST_STEP][PASSED] - println(fee_admin): null

2023-10-05 11:03:41 - [TEST_STEP][PASSED] - Subtotal = getText(findTestObject("verifikasi/subtotal checkout")): Text of object 'Object Repository/verifikasi/subtotal checkout' is: 'Subtotal
Rp 1,299'

2023-10-05 11:03:42 - [MESSAGE][PASSED] - Text of object 'Object Repository/verifikasi/subtotal checkout' is: 'Subtotal
Rp 1,299'

2023-10-05 11:03:42 - [TEST_STEP][PASSED] - sub_total = Subtotal.substring(12, Subtotal.size()): null

2023-10-05 11:03:42 - [TEST_STEP][PASSED] - sub = sub_total.replace(",", "."): null

2023-10-05 11:03:42 - [TEST_STEP][PASSED] - sub_total = Double.parseDouble(sub): null

2023-10-05 11:03:42 - [TEST_STEP][PASSED] - println(sub_total): null

2023-10-05 11:03:42 - [TEST_STEP][PASSED] - Total = getText(findTestObject("verifikasi/Total checkout")): Text of object 'Object Repository/verifikasi/Total checkout' is: 'Rp 7,799'

2023-10-05 11:03:43 - [MESSAGE][PASSED] - Text of object 'Object Repository/verifikasi/Total checkout' is: 'Rp 7,799'

2023-10-05 11:03:43 - [TEST_STEP][PASSED] - totall = Total.substring(3, Total.size()): null

2023-10-05 11:03:43 - [TEST_STEP][PASSED] - total = totall.replace(",", "."): null

2023-10-05 11:03:43 - [TEST_STEP][PASSED] - totall = Double.parseDouble(total): null

2023-10-05 11:03:43 - [TEST_STEP][PASSED] - println(totall): null

2023-10-05 11:03:43 - [TEST_STEP][PASSED] - Total_Harga = Ongkos_kirim + fee_admin + sub_total: null

2023-10-05 11:03:43 - [TEST_STEP][PASSED] - println(Total_Harga): null

2023-10-05 11:03:43 - [TEST_STEP][PASSED] - TotalHarga = Math.round(Total_Harga * 1000) / 1000: null

2023-10-05 11:03:43 - [TEST_STEP][PASSED] - println(TotalHarga): null

2023-10-05 11:03:43 - [TEST_STEP][PASSED] - assert totall == TotalHarga: null

2023-10-05 11:03:43 - [TEST_STEP][PASSED] - click(findTestObject("verifikasi/Metode Transfer")): Object: 'Object Repository/verifikasi/Metode Transfer' is clicked on

2023-10-05 11:03:43 - [MESSAGE][PASSED] - Object: 'Object Repository/verifikasi/Metode Transfer' is clicked on

2023-10-05 11:03:43 - [TEST_STEP][PASSED] - click(findTestObject("checkout/button_Proses Pembayaran")): Object: 'Object Repository/checkout/button_Proses Pembayaran' is clicked on

2023-10-05 11:03:52 - [MESSAGE][PASSED] - Object: 'Object Repository/checkout/button_Proses Pembayaran' is clicked on

2023-10-05 11:03:52 - [TEST_STEP][PASSED] - verifyElementPresent(findTestObject("pembayaran/Tittle nomor invoice"), 0): Object 'Object Repository/pembayaran/Tittle nomor invoice' is present

2023-10-05 11:03:52 - [MESSAGE][WARNING] - Timeout '0' is invalid. Using default page load timeout: '30'

2023-10-05 11:03:53 - [MESSAGE][PASSED] - Object 'Object Repository/pembayaran/Tittle nomor invoice' is present

2023-10-05 11:03:53 - [TEST_STEP][PASSED] - return data: null

2023-10-05 11:03:53 - [MESSAGE][PASSED] - Call Test Case 'Test Cases/T13 Pembelian, Shipment dan Pembayaran/PBL-004' successfully

2023-10-05 11:03:53 - [TEST_STEP][PASSED] - Invoice = getText(findTestObject("pembayaran/nomor invoice")): Text of object 'Object Repository/pembayaran/nomor invoice' is: 'TRX60.20231005110346'

2023-10-05 11:03:54 - [MESSAGE][PASSED] - Text of object 'Object Repository/pembayaran/nomor invoice' is: 'TRX60.20231005110346'

2023-10-05 11:03:54 - [TEST_STEP][PASSED] - data.put("invoice", Invoice): null

2023-10-05 11:03:54 - [TEST_STEP][PASSED] - NamaPemesan = getText(findTestObject("Konfirmasi pesanan shop/Nama pemesan")): Text of object 'Object Repository/Konfirmasi pesanan shop/Nama pemesan' is: 'irfan.afandi'

2023-10-05 11:03:54 - [MESSAGE][PASSED] - Text of object 'Object Repository/Konfirmasi pesanan shop/Nama pemesan' is: 'irfan.afandi'

2023-10-05 11:03:54 - [TEST_STEP][PASSED] - Nama = getText(findTestObject("pembayaran/Nama barang")): Text of object 'Object Repository/pembayaran/Nama barang' is: 'Segitiga Instan Madeira - MDB5.3 Sunset'

2023-10-05 11:03:55 - [MESSAGE][PASSED] - Text of object 'Object Repository/pembayaran/Nama barang' is: 'Segitiga Instan Madeira - MDB5.3 Sunset'

2023-10-05 11:03:55 - [TEST_STEP][PASSED] - Harga = getText(findTestObject("pembayaran/Harga barang")): Text of object 'Object Repository/pembayaran/Harga barang' is: '1,299'

2023-10-05 11:03:55 - [MESSAGE][PASSED] - Text of object 'Object Repository/pembayaran/Harga barang' is: '1,299'

2023-10-05 11:03:55 - [TEST_STEP][PASSED] - name_product = data.get("nama_barang"): null

2023-10-05 11:03:55 - [TEST_STEP][PASSED] - price_product = data.get("price_barang"): null

2023-10-05 11:03:55 - [TEST_STEP][PASSED] - assert name_product.contains(Nama): null

2023-10-05 11:03:55 - [TEST_STEP][PASSED] - assert price_product.contains(Harga): null

2023-10-05 11:03:55 - [TEST_STEP][PASSED] - warnaa = getText(findTestObject("pembayaran/warna")): Text of object 'Object Repository/pembayaran/warna' is: 'Merah'

2023-10-05 11:03:56 - [MESSAGE][PASSED] - Text of object 'Object Repository/pembayaran/warna' is: 'Merah'

2023-10-05 11:03:56 - [TEST_STEP][PASSED] - ukurann = getText(findTestObject("pembayaran/ukuran")): Text of object 'Object Repository/pembayaran/ukuran' is: 'Menengah'

2023-10-05 11:03:56 - [MESSAGE][PASSED] - Text of object 'Object Repository/pembayaran/ukuran' is: 'Menengah'

2023-10-05 11:03:56 - [TEST_STEP][PASSED] - warna1 = data.get("Warna"): null

2023-10-05 11:03:56 - [TEST_STEP][PASSED] - ukuran1 = data.get("Ukuran"): null

2023-10-05 11:03:56 - [TEST_STEP][PASSED] - assert warnaa == warna1: null

2023-10-05 11:03:56 - [TEST_STEP][PASSED] - assert ukurann == ukuran1: null

2023-10-05 11:03:56 - [TEST_STEP][PASSED] - statusPembelian = getText(findTestObject("verifikasi/Status pending di pembelian")): Text of object 'Object Repository/verifikasi/Status pending di pembelian' is: 'Pending'

2023-10-05 11:03:57 - [MESSAGE][PASSED] - Text of object 'Object Repository/verifikasi/Status pending di pembelian' is: 'Pending'

2023-10-05 11:03:57 - [TEST_STEP][PASSED] - data.put("statusPem", statusPembelian): null

2023-10-05 11:03:57 - [TEST_STEP][PASSED] - OngkosKirim = getText(findTestObject("pembayaran/ongkos kirim")): Text of object 'Object Repository/pembayaran/ongkos kirim' is: 'Rp 5,000'

2023-10-05 11:03:57 - [MESSAGE][PASSED] - Text of object 'Object Repository/pembayaran/ongkos kirim' is: 'Rp 5,000'

2023-10-05 11:03:57 - [TEST_STEP][PASSED] - Ongkos = OngkosKirim.substring(3, OngkosKirim.size()): null

2023-10-05 11:03:57 - [TEST_STEP][PASSED] - rep = Ongkos.replace(",", ""): null

2023-10-05 11:03:57 - [TEST_STEP][PASSED] - Ongkos_kirimm = Integer.parseInt(rep): null

2023-10-05 11:03:57 - [TEST_STEP][PASSED] - println(Ongkos_kirimm): null

2023-10-05 11:03:57 - [TEST_STEP][PASSED] - FeeAdmin = getText(findTestObject("pembayaran/fee admin")): Text of object 'Object Repository/pembayaran/fee admin' is: 'Rp 1,500'

2023-10-05 11:03:58 - [MESSAGE][PASSED] - Text of object 'Object Repository/pembayaran/fee admin' is: 'Rp 1,500'

2023-10-05 11:03:58 - [TEST_STEP][PASSED] - Fee_Admin = FeeAdmin.substring(3, FeeAdmin.size()): null

2023-10-05 11:03:58 - [TEST_STEP][PASSED] - fee = Fee_Admin.replace(",", ""): null

2023-10-05 11:03:58 - [TEST_STEP][PASSED] - fee_adminn = Integer.parseInt(fee): null

2023-10-05 11:03:58 - [TEST_STEP][PASSED] - println(fee_adminn): null

2023-10-05 11:03:58 - [TEST_STEP][PASSED] - Subtotal = getText(findTestObject("pembayaran/subtotal")): Text of object 'Object Repository/pembayaran/subtotal' is: 'Rp 1,299'

2023-10-05 11:03:58 - [MESSAGE][PASSED] - Text of object 'Object Repository/pembayaran/subtotal' is: 'Rp 1,299'

2023-10-05 11:03:58 - [TEST_STEP][PASSED] - sub_total = Subtotal.substring(3, Subtotal.size()): null

2023-10-05 11:03:58 - [TEST_STEP][PASSED] - sub = sub_total.replace(",", ""): null

2023-10-05 11:03:58 - [TEST_STEP][PASSED] - sub_totall = Integer.parseInt(sub): null

2023-10-05 11:03:58 - [TEST_STEP][PASSED] - println(sub_totall): null

2023-10-05 11:03:58 - [TEST_STEP][PASSED] - unik = getText(findTestObject("pembayaran/kode unik")): Text of object 'Object Repository/pembayaran/kode unik' is: '+346'

2023-10-05 11:03:59 - [MESSAGE][PASSED] - Text of object 'Object Repository/pembayaran/kode unik' is: '+346'

2023-10-05 11:03:59 - [TEST_STEP][PASSED] - unikk = unik.replace("+", ""): null

2023-10-05 11:03:59 - [TEST_STEP][PASSED] - kode_unik = Integer.parseInt(unikk): null

2023-10-05 11:03:59 - [TEST_STEP][PASSED] - println(kode_unik): null

2023-10-05 11:03:59 - [TEST_STEP][PASSED] - Total = getText(findTestObject("pembayaran/total")): Text of object 'Object Repository/pembayaran/total' is: '8,145'

2023-10-05 11:03:59 - [MESSAGE][PASSED] - Text of object 'Object Repository/pembayaran/total' is: '8,145'

2023-10-05 11:03:59 - [TEST_STEP][PASSED] - total = Total.replace(",", ""): null

2023-10-05 11:03:59 - [TEST_STEP][PASSED] - totalll = Integer.parseInt(total): null

2023-10-05 11:03:59 - [TEST_STEP][PASSED] - println(totalll): null

2023-10-05 11:03:59 - [TEST_STEP][PASSED] - Total_Hargaa = Ongkos_kirimm + fee_adminn + sub_totall + kode_unik: null

2023-10-05 11:03:59 - [TEST_STEP][PASSED] - println(Total_Hargaa): null

2023-10-05 11:03:59 - [TEST_STEP][PASSED] - assert totalll == Total_Hargaa: null

2023-10-05 11:03:59 - [TEST_STEP][PASSED] - data.put("total", Total): null

2023-10-05 11:03:59 - [TEST_STEP][PASSED] - data.put("nama", NamaPemesan): null

2023-10-05 11:03:59 - [TEST_STEP][PASSED] - return data: null

2023-10-05 11:03:59 - [MESSAGE][PASSED] - Call Test Case 'Test Cases/T13 Pembelian, Shipment dan Pembayaran/PBY-001' successfully

2023-10-05 11:03:59 - [TEST_STEP][PASSED] - inv = data.get("invoice"): null

2023-10-05 11:03:59 - [TEST_STEP][PASSED] - Total = data.get("total"): null

2023-10-05 11:03:59 - [TEST_STEP][PASSED] - NamaPemesan = data.get("nama"): null

2023-10-05 11:03:59 - [TEST_STEP][PASSED] - click(findTestObject("Konfirmasi pesanan shop/Menu Shop")): Object: 'Object Repository/Konfirmasi pesanan shop/Menu Shop' is clicked on

2023-10-05 11:04:01 - [MESSAGE][PASSED] - Object: 'Object Repository/Konfirmasi pesanan shop/Menu Shop' is clicked on

2023-10-05 11:04:01 - [TEST_STEP][PASSED] - click(findTestObject("Konfirmasi pesanan shop/Menu Shop")): Object: 'Object Repository/Konfirmasi pesanan shop/Menu Shop' is clicked on

2023-10-05 11:04:02 - [MESSAGE][PASSED] - Object: 'Object Repository/Konfirmasi pesanan shop/Menu Shop' is clicked on

2023-10-05 11:04:02 - [TEST_STEP][PASSED] - click(findTestObject("Konfirmasi pesanan shop/Konfirmasi Orders")): Object: 'Object Repository/Konfirmasi pesanan shop/Konfirmasi Orders' is clicked on

2023-10-05 11:04:03 - [MESSAGE][PASSED] - Object: 'Object Repository/Konfirmasi pesanan shop/Konfirmasi Orders' is clicked on

2023-10-05 11:04:03 - [TEST_STEP][PASSED] - verifyElementPresent(findTestObject("Konfirmasi pesanan shop/Tittle Konfirmasi Pesanan"), 0): Object 'Object Repository/Konfirmasi pesanan shop/Tittle Konfirmasi Pesanan' is present

2023-10-05 11:04:03 - [MESSAGE][WARNING] - Timeout '0' is invalid. Using default page load timeout: '30'

2023-10-05 11:04:04 - [MESSAGE][PASSED] - Object 'Object Repository/Konfirmasi pesanan shop/Tittle Konfirmasi Pesanan' is present

2023-10-05 11:04:04 - [TEST_STEP][PASSED] - setText(findTestObject("Konfirmasi pesanan shop/input_No Pesanan"), inv): Text 'TRX60.20231005110346' is set on object 'Object Repository/Konfirmasi pesanan shop/input_No Pesanan'

2023-10-05 11:04:04 - [MESSAGE][PASSED] - Text 'TRX60.20231005110346' is set on object 'Object Repository/Konfirmasi pesanan shop/input_No Pesanan'

2023-10-05 11:04:04 - [TEST_STEP][PASSED] - setText(findTestObject("Konfirmasi pesanan shop/input_Alamat E-mai"), "irfan"): Text 'irfan' is set on object 'Object Repository/Konfirmasi pesanan shop/input_Alamat E-mai'

2023-10-05 11:04:05 - [MESSAGE][PASSED] - Text 'irfan' is set on object 'Object Repository/Konfirmasi pesanan shop/input_Alamat E-mai'

2023-10-05 11:04:05 - [TEST_STEP][PASSED] - click(findTestObject("Konfirmasi pesanan shop/button_Submit")): Object: 'Object Repository/Konfirmasi pesanan shop/button_Submit' is clicked on

2023-10-05 11:04:06 - [MESSAGE][PASSED] - Object: 'Object Repository/Konfirmasi pesanan shop/button_Submit' is clicked on

2023-10-05 11:04:06 - [TEST_STEP][FAILED] - verifyTextPresent("email not valid.", false): Unable to verify text 'email not valid.' is present  (Root cause: com.kms.katalon.core.exception.StepFailedException: Unable to verify text 'email not valid.' is present 
	at com.kms.katalon.core.webui.keyword.internal.WebUIKeywordMain.stepFailed(WebUIKeywordMain.groovy:64)
	at com.kms.katalon.core.webui.keyword.internal.WebUIKeywordMain.runKeyword(WebUIKeywordMain.groovy:26)
	at com.kms.katalon.core.webui.keyword.builtin.VerifyTextPresentKeyword.verifyTextPresent(VerifyTextPresentKeyword.groovy:83)
	at com.kms.katalon.core.webui.keyword.builtin.VerifyTextPresentKeyword.execute(VerifyTextPresentKeyword.groovy:68)
	at com.kms.katalon.core.keyword.internal.KeywordExecutor.executeKeywordForPlatform(KeywordExecutor.groovy:74)
	at com.kms.katalon.core.webui.keyword.WebUiBuiltInKeywords.verifyTextPresent(WebUiBuiltInKeywords.groovy:1723)
	at com.kms.katalon.core.webui.keyword.WebUiBuiltInKeywords$verifyTextPresent$7.call(Unknown Source)
	at PBY-013.run(PBY-013:42)
	at com.kms.katalon.core.main.ScriptEngine.run(ScriptEngine.java:194)
	at com.kms.katalon.core.main.ScriptEngine.runScriptAsRawText(ScriptEngine.java:119)
	at com.kms.katalon.core.main.TestCaseExecutor.runScript(TestCaseExecutor.java:448)
	at com.kms.katalon.core.main.TestCaseExecutor.doExecute(TestCaseExecutor.java:439)
	at com.kms.katalon.core.main.TestCaseExecutor.processExecutionPhase(TestCaseExecutor.java:418)
	at com.kms.katalon.core.main.TestCaseExecutor.accessMainPhase(TestCaseExecutor.java:410)
	at com.kms.katalon.core.main.TestCaseExecutor.execute(TestCaseExecutor.java:285)
	at com.kms.katalon.core.common.CommonExecutor.accessTestCaseMainPhase(CommonExecutor.java:65)
	at com.kms.katalon.core.main.TestSuiteExecutor.accessTestSuiteMainPhase(TestSuiteExecutor.java:148)
	at com.kms.katalon.core.main.TestSuiteExecutor.execute(TestSuiteExecutor.java:106)
	at com.kms.katalon.core.main.TestCaseMain.startTestSuite(TestCaseMain.java:187)
	at com.kms.katalon.core.main.TestCaseMain$startTestSuite$0.call(Unknown Source)
	at TempTestSuite1696477503821.run(TempTestSuite1696477503821.groovy:36)
Caused by: com.kms.katalon.core.exception.StepFailedException: Text 'email not valid.' is not present on page 
	at com.kms.katalon.core.webui.keyword.internal.WebUIKeywordMain.stepFailed(WebUIKeywordMain.groovy:64)
	at com.kms.katalon.core.webui.keyword.builtin.VerifyTextPresentKeyword$_verifyTextPresent_closure1.doCall(VerifyTextPresentKeyword.groovy:79)
	at com.kms.katalon.core.webui.keyword.builtin.VerifyTextPresentKeyword$_verifyTextPresent_closure1.call(VerifyTextPresentKeyword.groovy)
	at com.kms.katalon.core.webui.keyword.internal.WebUIKeywordMain.runKeyword(WebUIKeywordMain.groovy:20)
	... 19 more
)

2023-10-05 11:04:07 - [MESSAGE][FAILED] - Text 'email not valid.' is not present on page  (Root cause: com.kms.katalon.core.exception.StepFailedException: Text 'email not valid.' is not present on page 
	at com.kms.katalon.core.webui.keyword.internal.WebUIKeywordMain.stepFailed(WebUIKeywordMain.groovy:64)
	at com.kms.katalon.core.webui.keyword.builtin.VerifyTextPresentKeyword$_verifyTextPresent_closure1.doCall(VerifyTextPresentKeyword.groovy:79)
	at com.kms.katalon.core.webui.keyword.builtin.VerifyTextPresentKeyword$_verifyTextPresent_closure1.call(VerifyTextPresentKeyword.groovy)
	at com.kms.katalon.core.webui.keyword.internal.WebUIKeywordMain.runKeyword(WebUIKeywordMain.groovy:20)
	at com.kms.katalon.core.webui.keyword.builtin.VerifyTextPresentKeyword.verifyTextPresent(VerifyTextPresentKeyword.groovy:83)
	at com.kms.katalon.core.webui.keyword.builtin.VerifyTextPresentKeyword.execute(VerifyTextPresentKeyword.groovy:68)
	at com.kms.katalon.core.keyword.internal.KeywordExecutor.executeKeywordForPlatform(KeywordExecutor.groovy:74)
	at com.kms.katalon.core.webui.keyword.WebUiBuiltInKeywords.verifyTextPresent(WebUiBuiltInKeywords.groovy:1723)
	at com.kms.katalon.core.webui.keyword.WebUiBuiltInKeywords$verifyTextPresent$7.call(Unknown Source)
	at PBY-013.run(PBY-013:42)
	at com.kms.katalon.core.main.ScriptEngine.run(ScriptEngine.java:194)
	at com.kms.katalon.core.main.ScriptEngine.runScriptAsRawText(ScriptEngine.java:119)
	at com.kms.katalon.core.main.TestCaseExecutor.runScript(TestCaseExecutor.java:448)
	at com.kms.katalon.core.main.TestCaseExecutor.doExecute(TestCaseExecutor.java:439)
	at com.kms.katalon.core.main.TestCaseExecutor.processExecutionPhase(TestCaseExecutor.java:418)
	at com.kms.katalon.core.main.TestCaseExecutor.accessMainPhase(TestCaseExecutor.java:410)
	at com.kms.katalon.core.main.TestCaseExecutor.execute(TestCaseExecutor.java:285)
	at com.kms.katalon.core.common.CommonExecutor.accessTestCaseMainPhase(CommonExecutor.java:65)
	at com.kms.katalon.core.main.TestSuiteExecutor.accessTestSuiteMainPhase(TestSuiteExecutor.java:148)
	at com.kms.katalon.core.main.TestSuiteExecutor.execute(TestSuiteExecutor.java:106)
	at com.kms.katalon.core.main.TestCaseMain.startTestSuite(TestCaseMain.java:187)
	at com.kms.katalon.core.main.TestCaseMain$startTestSuite$0.call(Unknown Source)
	at TempTestSuite1696477503821.run(TempTestSuite1696477503821.groovy:36)
)

2023-10-05 11:04:07 - [MESSAGE][FAILED] - Unable to verify text 'email not valid.' is present  (Root cause: com.kms.katalon.core.exception.StepFailedException: Unable to verify text 'email not valid.' is present 
	at com.kms.katalon.core.webui.keyword.internal.WebUIKeywordMain.stepFailed(WebUIKeywordMain.groovy:64)
	at com.kms.katalon.core.webui.keyword.internal.WebUIKeywordMain.runKeyword(WebUIKeywordMain.groovy:26)
	at com.kms.katalon.core.webui.keyword.builtin.VerifyTextPresentKeyword.verifyTextPresent(VerifyTextPresentKeyword.groovy:83)
	at com.kms.katalon.core.webui.keyword.builtin.VerifyTextPresentKeyword.execute(VerifyTextPresentKeyword.groovy:68)
	at com.kms.katalon.core.keyword.internal.KeywordExecutor.executeKeywordForPlatform(KeywordExecutor.groovy:74)
	at com.kms.katalon.core.webui.keyword.WebUiBuiltInKeywords.verifyTextPresent(WebUiBuiltInKeywords.groovy:1723)
	at com.kms.katalon.core.webui.keyword.WebUiBuiltInKeywords$verifyTextPresent$7.call(Unknown Source)
	at PBY-013.run(PBY-013:42)
	at com.kms.katalon.core.main.ScriptEngine.run(ScriptEngine.java:194)
	at com.kms.katalon.core.main.ScriptEngine.runScriptAsRawText(ScriptEngine.java:119)
	at com.kms.katalon.core.main.TestCaseExecutor.runScript(TestCaseExecutor.java:448)
	at com.kms.katalon.core.main.TestCaseExecutor.doExecute(TestCaseExecutor.java:439)
	at com.kms.katalon.core.main.TestCaseExecutor.processExecutionPhase(TestCaseExecutor.java:418)
	at com.kms.katalon.core.main.TestCaseExecutor.accessMainPhase(TestCaseExecutor.java:410)
	at com.kms.katalon.core.main.TestCaseExecutor.execute(TestCaseExecutor.java:285)
	at com.kms.katalon.core.common.CommonExecutor.accessTestCaseMainPhase(CommonExecutor.java:65)
	at com.kms.katalon.core.main.TestSuiteExecutor.accessTestSuiteMainPhase(TestSuiteExecutor.java:148)
	at com.kms.katalon.core.main.TestSuiteExecutor.execute(TestSuiteExecutor.java:106)
	at com.kms.katalon.core.main.TestCaseMain.startTestSuite(TestCaseMain.java:187)
	at com.kms.katalon.core.main.TestCaseMain$startTestSuite$0.call(Unknown Source)
	at TempTestSuite1696477503821.run(TempTestSuite1696477503821.groovy:36)
Caused by: com.kms.katalon.core.exception.StepFailedException: Text 'email not valid.' is not present on page 
	at com.kms.katalon.core.webui.keyword.internal.WebUIKeywordMain.stepFailed(WebUIKeywordMain.groovy:64)
	at com.kms.katalon.core.webui.keyword.builtin.VerifyTextPresentKeyword$_verifyTextPresent_closure1.doCall(VerifyTextPresentKeyword.groovy:79)
	at com.kms.katalon.core.webui.keyword.builtin.VerifyTextPresentKeyword$_verifyTextPresent_closure1.call(VerifyTextPresentKeyword.groovy)
	at com.kms.katalon.core.webui.keyword.internal.WebUIKeywordMain.runKeyword(WebUIKeywordMain.groovy:20)
	... 19 more
)
[[ATTACHMENT|C:\\FT2 XSIS\\Projek 2 MINI PROJEK\\Reports\\20231005_104503\\T13 Pembelian, Shipment dan Pembayaran\\T13 Pembelian, Shipment dan Pembayaran\\20231005_104503\\1696478647508.png]]]]></system-out>
         <system-err><![CDATA[2023-10-05 11:03:10 - [TEST_CASE][FAILED] - Test Cases/T13 Pembelian, Shipment dan Pembayaran/PBY-013: Test Cases/T13 Pembelian, Shipment dan Pembayaran/PBY-013 FAILED.
Reason:
com.kms.katalon.core.exception.StepFailedException: Unable to verify text 'email not valid.' is present 
	at com.kms.katalon.core.webui.keyword.internal.WebUIKeywordMain.stepFailed(WebUIKeywordMain.groovy:64)
	at com.kms.katalon.core.webui.keyword.internal.WebUIKeywordMain.runKeyword(WebUIKeywordMain.groovy:26)
	at com.kms.katalon.core.webui.keyword.builtin.VerifyTextPresentKeyword.verifyTextPresent(VerifyTextPresentKeyword.groovy:83)
	at com.kms.katalon.core.webui.keyword.builtin.VerifyTextPresentKeyword.execute(VerifyTextPresentKeyword.groovy:68)
	at com.kms.katalon.core.keyword.internal.KeywordExecutor.executeKeywordForPlatform(KeywordExecutor.groovy:74)
	at com.kms.katalon.core.webui.keyword.WebUiBuiltInKeywords.verifyTextPresent(WebUiBuiltInKeywords.groovy:1723)
	at com.kms.katalon.core.webui.keyword.WebUiBuiltInKeywords$verifyTextPresent$7.call(Unknown Source)
	at PBY-013.run(PBY-013:42)
	at com.kms.katalon.core.main.ScriptEngine.run(ScriptEngine.java:194)
	at com.kms.katalon.core.main.ScriptEngine.runScriptAsRawText(ScriptEngine.java:119)
	at com.kms.katalon.core.main.TestCaseExecutor.runScript(TestCaseExecutor.java:448)
	at com.kms.katalon.core.main.TestCaseExecutor.doExecute(TestCaseExecutor.java:439)
	at com.kms.katalon.core.main.TestCaseExecutor.processExecutionPhase(TestCaseExecutor.java:418)
	at com.kms.katalon.core.main.TestCaseExecutor.accessMainPhase(TestCaseExecutor.java:410)
	at com.kms.katalon.core.main.TestCaseExecutor.execute(TestCaseExecutor.java:285)
	at com.kms.katalon.core.common.CommonExecutor.accessTestCaseMainPhase(CommonExecutor.java:65)
	at com.kms.katalon.core.main.TestSuiteExecutor.accessTestSuiteMainPhase(TestSuiteExecutor.java:148)
	at com.kms.katalon.core.main.TestSuiteExecutor.execute(TestSuiteExecutor.java:106)
	at com.kms.katalon.core.main.TestCaseMain.startTestSuite(TestCaseMain.java:187)
	at com.kms.katalon.core.main.TestCaseMain$startTestSuite$0.call(Unknown Source)
	at TempTestSuite1696477503821.run(TempTestSuite1696477503821.groovy:36)
Caused by: com.kms.katalon.core.exception.StepFailedException: Text 'email not valid.' is not present on page 
	at com.kms.katalon.core.webui.keyword.internal.WebUIKeywordMain.stepFailed(WebUIKeywordMain.groovy:64)
	at com.kms.katalon.core.webui.keyword.builtin.VerifyTextPresentKeyword$_verifyTextPresent_closure1.doCall(VerifyTextPresentKeyword.groovy:79)
	at com.kms.katalon.core.webui.keyword.builtin.VerifyTextPresentKeyword$_verifyTextPresent_closure1.call(VerifyTextPresentKeyword.groovy)
	at com.kms.katalon.core.webui.keyword.internal.WebUIKeywordMain.runKeyword(WebUIKeywordMain.groovy:20)
	... 19 more]]></system-err>
      </testcase>
      <testcase name="Test Cases/T13 Pembelian, Shipment dan Pembayaran/PBY-014" time="60.236" classname="Test Cases/T13 Pembelian, Shipment dan Pembayaran/PBY-014" status="FAILED">
         <failure type="FAILED" message="Test Cases/T13 Pembelian, Shipment dan Pembayaran/PBY-014 FAILED.
Reason:
com.kms.katalon.core.exception.StepFailedException: Unable to verify text 'number invoice not valid.' is present 
	at com.kms.katalon.core.webui.keyword.internal.WebUIKeywordMain.stepFailed(WebUIKeywordMain.groovy:64)
	at com.kms.katalon.core.webui.keyword.internal.WebUIKeywordMain.runKeyword(WebUIKeywordMain.groovy:26)
	at com.kms.katalon.core.webui.keyword.builtin.VerifyTextPresentKeyword.verifyTextPresent(VerifyTextPresentKeyword.groovy:83)
	at com.kms.katalon.core.webui.keyword.builtin.VerifyTextPresentKeyword.execute(VerifyTextPresentKeyword.groovy:68)
	at com.kms.katalon.core.keyword.internal.KeywordExecutor.executeKeywordForPlatform(KeywordExecutor.groovy:74)
	at com.kms.katalon.core.webui.keyword.WebUiBuiltInKeywords.verifyTextPresent(WebUiBuiltInKeywords.groovy:1723)
	at com.kms.katalon.core.webui.keyword.WebUiBuiltInKeywords$verifyTextPresent$7.call(Unknown Source)
	at PBY-014.run(PBY-014:42)
	at com.kms.katalon.core.main.ScriptEngine.run(ScriptEngine.java:194)
	at com.kms.katalon.core.main.ScriptEngine.runScriptAsRawText(ScriptEngine.java:119)
	at com.kms.katalon.core.main.TestCaseExecutor.runScript(TestCaseExecutor.java:448)
	at com.kms.katalon.core.main.TestCaseExecutor.doExecute(TestCaseExecutor.java:439)
	at com.kms.katalon.core.main.TestCaseExecutor.processExecutionPhase(TestCaseExecutor.java:418)
	at com.kms.katalon.core.main.TestCaseExecutor.accessMainPhase(TestCaseExecutor.java:410)
	at com.kms.katalon.core.main.TestCaseExecutor.execute(TestCaseExecutor.java:285)
	at com.kms.katalon.core.common.CommonExecutor.accessTestCaseMainPhase(CommonExecutor.java:65)
	at com.kms.katalon.core.main.TestSuiteExecutor.accessTestSuiteMainPhase(TestSuiteExecutor.java:148)
	at com.kms.katalon.core.main.TestSuiteExecutor.execute(TestSuiteExecutor.java:106)
	at com.kms.katalon.core.main.TestCaseMain.startTestSuite(TestCaseMain.java:187)
	at com.kms.katalon.core.main.TestCaseMain$startTestSuite$0.call(Unknown Source)
	at TempTestSuite1696477503821.run(TempTestSuite1696477503821.groovy:36)
Caused by: com.kms.katalon.core.exception.StepFailedException: Text 'number invoice not valid.' is not present on page 
	at com.kms.katalon.core.webui.keyword.internal.WebUIKeywordMain.stepFailed(WebUIKeywordMain.groovy:64)
	at com.kms.katalon.core.webui.keyword.builtin.VerifyTextPresentKeyword$_verifyTextPresent_closure1.doCall(VerifyTextPresentKeyword.groovy:79)
	at com.kms.katalon.core.webui.keyword.builtin.VerifyTextPresentKeyword$_verifyTextPresent_closure1.call(VerifyTextPresentKeyword.groovy)
	at com.kms.katalon.core.webui.keyword.internal.WebUIKeywordMain.runKeyword(WebUIKeywordMain.groovy:20)
	... 19 more
"/>
         <system-out><![CDATA[2023-10-05 11:04:07 - [TEST_CASE][FAILED] - Test Cases/T13 Pembelian, Shipment dan Pembayaran/PBY-014: Test Cases/T13 Pembelian, Shipment dan Pembayaran/PBY-014 FAILED.
Reason:
com.kms.katalon.core.exception.StepFailedException: Unable to verify text 'number invoice not valid.' is present 
	at com.kms.katalon.core.webui.keyword.internal.WebUIKeywordMain.stepFailed(WebUIKeywordMain.groovy:64)
	at com.kms.katalon.core.webui.keyword.internal.WebUIKeywordMain.runKeyword(WebUIKeywordMain.groovy:26)
	at com.kms.katalon.core.webui.keyword.builtin.VerifyTextPresentKeyword.verifyTextPresent(VerifyTextPresentKeyword.groovy:83)
	at com.kms.katalon.core.webui.keyword.builtin.VerifyTextPresentKeyword.execute(VerifyTextPresentKeyword.groovy:68)
	at com.kms.katalon.core.keyword.internal.KeywordExecutor.executeKeywordForPlatform(KeywordExecutor.groovy:74)
	at com.kms.katalon.core.webui.keyword.WebUiBuiltInKeywords.verifyTextPresent(WebUiBuiltInKeywords.groovy:1723)
	at com.kms.katalon.core.webui.keyword.WebUiBuiltInKeywords$verifyTextPresent$7.call(Unknown Source)
	at PBY-014.run(PBY-014:42)
	at com.kms.katalon.core.main.ScriptEngine.run(ScriptEngine.java:194)
	at com.kms.katalon.core.main.ScriptEngine.runScriptAsRawText(ScriptEngine.java:119)
	at com.kms.katalon.core.main.TestCaseExecutor.runScript(TestCaseExecutor.java:448)
	at com.kms.katalon.core.main.TestCaseExecutor.doExecute(TestCaseExecutor.java:439)
	at com.kms.katalon.core.main.TestCaseExecutor.processExecutionPhase(TestCaseExecutor.java:418)
	at com.kms.katalon.core.main.TestCaseExecutor.accessMainPhase(TestCaseExecutor.java:410)
	at com.kms.katalon.core.main.TestCaseExecutor.execute(TestCaseExecutor.java:285)
	at com.kms.katalon.core.common.CommonExecutor.accessTestCaseMainPhase(CommonExecutor.java:65)
	at com.kms.katalon.core.main.TestSuiteExecutor.accessTestSuiteMainPhase(TestSuiteExecutor.java:148)
	at com.kms.katalon.core.main.TestSuiteExecutor.execute(TestSuiteExecutor.java:106)
	at com.kms.katalon.core.main.TestCaseMain.startTestSuite(TestCaseMain.java:187)
	at com.kms.katalon.core.main.TestCaseMain$startTestSuite$0.call(Unknown Source)
	at TempTestSuite1696477503821.run(TempTestSuite1696477503821.groovy:36)
Caused by: com.kms.katalon.core.exception.StepFailedException: Text 'number invoice not valid.' is not present on page 
	at com.kms.katalon.core.webui.keyword.internal.WebUIKeywordMain.stepFailed(WebUIKeywordMain.groovy:64)
	at com.kms.katalon.core.webui.keyword.builtin.VerifyTextPresentKeyword$_verifyTextPresent_closure1.doCall(VerifyTextPresentKeyword.groovy:79)
	at com.kms.katalon.core.webui.keyword.builtin.VerifyTextPresentKeyword$_verifyTextPresent_closure1.call(VerifyTextPresentKeyword.groovy)
	at com.kms.katalon.core.webui.keyword.internal.WebUIKeywordMain.runKeyword(WebUIKeywordMain.groovy:20)
	... 19 more


2023-10-05 11:04:08 - [TEST_STEP][PASSED] - data = callTestCase(findTestCase("T13 Pembelian, Shipment dan Pembayaran/PBY-001"), [:], STOP_ON_FAILURE): Call Test Case 'Test Cases/T13 Pembelian, Shipment dan Pembayaran/PBY-001' successfully

2023-10-05 11:04:08 - [TEST_CASE][PASSED] - Test Cases/T13 Pembelian, Shipment dan Pembayaran/PBY-001: Test Cases/T13 Pembelian, Shipment dan Pembayaran/PBY-001

2023-10-05 11:04:08 - [TEST_STEP][PASSED] - data = callTestCase(findTestCase("T13 Pembelian, Shipment dan Pembayaran/PBL-004"), ["Kurir":"Roda 2"], STOP_ON_FAILURE): Call Test Case 'Test Cases/T13 Pembelian, Shipment dan Pembayaran/PBL-004' successfully

2023-10-05 11:04:08 - [TEST_CASE][PASSED] - Test Cases/T13 Pembelian, Shipment dan Pembayaran/PBL-004: Test Cases/T13 Pembelian, Shipment dan Pembayaran/PBL-004

2023-10-05 11:04:08 - [TEST_STEP][PASSED] - data = callTestCase(findTestCase("T13 Pembelian, Shipment dan Pembayaran/PBL-002"), [:], STOP_ON_FAILURE): Call Test Case 'Test Cases/T13 Pembelian, Shipment dan Pembayaran/PBL-002' successfully

2023-10-05 11:04:08 - [TEST_CASE][PASSED] - Test Cases/T13 Pembelian, Shipment dan Pembayaran/PBL-002: Test Cases/T13 Pembelian, Shipment dan Pembayaran/PBL-002

2023-10-05 11:04:08 - [TEST_STEP][PASSED] - data = callTestCase(findTestCase("T13 Pembelian, Shipment dan Pembayaran/PBL-001"), [:], STOP_ON_FAILURE): Call Test Case 'Test Cases/T13 Pembelian, Shipment dan Pembayaran/PBL-001' successfully

2023-10-05 11:04:08 - [TEST_CASE][PASSED] - Test Cases/T13 Pembelian, Shipment dan Pembayaran/PBL-001: Test Cases/T13 Pembelian, Shipment dan Pembayaran/PBL-001

2023-10-05 11:04:08 - [TEST_STEP][PASSED] - callTestCase(findTestCase("T13 Pembelian, Shipment dan Pembayaran/LU-001"), ["username":"irfanafandi", "password":"12345irfan"], STOP_ON_FAILURE): Call Test Case 'Test Cases/T13 Pembelian, Shipment dan Pembayaran/LU-001' successfully

2023-10-05 11:04:08 - [TEST_CASE][PASSED] - Test Cases/T13 Pembelian, Shipment dan Pembayaran/LU-001: Test Cases/T13 Pembelian, Shipment dan Pembayaran/LU-001

2023-10-05 11:04:08 - [TEST_STEP][PASSED] - openBrowser("https://10.9.2.63/ecommerce/"): Browser is opened with url: 'https://10.9.2.63/ecommerce/'

2023-10-05 11:04:08 - [MESSAGE][WARNING] - A browser is already opened. Closing browser and opening a new one

2023-10-05 11:04:09 - [MESSAGE][INFO] - Starting 'Edge Chromium' driver

2023-10-05 11:04:09 - [MESSAGE][INFO] - User set preference: ['acceptInsecureCerts', 'true']

2023-10-05 11:04:11 - [MESSAGE][INFO] - Action delay is set to 0 milliseconds

2023-10-05 11:04:16 - [MESSAGE][PASSED] - Browser is opened with url: 'https://10.9.2.63/ecommerce/'

2023-10-05 11:04:16 - [TEST_STEP][PASSED] - maximizeWindow(): Current window maximized

2023-10-05 11:04:16 - [MESSAGE][PASSED] - Current window maximized

2023-10-05 11:04:16 - [TEST_STEP][PASSED] - verifyElementPresent(findTestObject("Login/Home"), 0): Object 'Object Repository/Login/Home' is present

2023-10-05 11:04:16 - [MESSAGE][WARNING] - Timeout '0' is invalid. Using default page load timeout: '30'

2023-10-05 11:04:17 - [MESSAGE][PASSED] - Object 'Object Repository/Login/Home' is present

2023-10-05 11:04:17 - [TEST_STEP][PASSED] - click(findTestObject("Login/a_Login")): Object: 'Object Repository/Login/a_Login' is clicked on

2023-10-05 11:04:17 - [MESSAGE][PASSED] - Object: 'Object Repository/Login/a_Login' is clicked on

2023-10-05 11:04:17 - [TEST_STEP][PASSED] - verifyElementPresent(findTestObject("Login/Tittle Login"), 0): Object 'Object Repository/Login/Tittle Login' is present

2023-10-05 11:04:17 - [MESSAGE][WARNING] - Timeout '0' is invalid. Using default page load timeout: '30'

2023-10-05 11:04:18 - [MESSAGE][PASSED] - Object 'Object Repository/Login/Tittle Login' is present

2023-10-05 11:04:18 - [TEST_STEP][PASSED] - setText(findTestObject("Login/input_Username, Email atau No. Handphone_a"), username): Text 'irfanafandi' is set on object 'Object Repository/Login/input_Username, Email atau No. Handphone_a'

2023-10-05 11:04:19 - [MESSAGE][PASSED] - Text 'irfanafandi' is set on object 'Object Repository/Login/input_Username, Email atau No. Handphone_a'

2023-10-05 11:04:19 - [TEST_STEP][PASSED] - setText(findTestObject("Login/input_Password_b"), password): Text '12345irfan' is set on object 'Object Repository/Login/input_Password_b'

2023-10-05 11:04:19 - [MESSAGE][PASSED] - Text '12345irfan' is set on object 'Object Repository/Login/input_Password_b'

2023-10-05 11:04:19 - [TEST_STEP][PASSED] - click(findTestObject("Login/label_Ingat saya")): Object: 'Object Repository/Login/label_Ingat saya' is clicked on

2023-10-05 11:04:20 - [MESSAGE][PASSED] - Object: 'Object Repository/Login/label_Ingat saya' is clicked on

2023-10-05 11:04:20 - [TEST_STEP][PASSED] - click(findTestObject("Login/button_Masuk")): Object: 'Object Repository/Login/button_Masuk' is clicked on

2023-10-05 11:04:22 - [MESSAGE][PASSED] - Object: 'Object Repository/Login/button_Masuk' is clicked on

2023-10-05 11:04:22 - [TEST_STEP][PASSED] - verifyElementPresent(findTestObject("Login/li_Profile"), 0): Object 'Object Repository/Login/li_Profile' is present

2023-10-05 11:04:22 - [MESSAGE][WARNING] - Timeout '0' is invalid. Using default page load timeout: '30'

2023-10-05 11:04:23 - [MESSAGE][PASSED] - Object 'Object Repository/Login/li_Profile' is present

2023-10-05 11:04:23 - [MESSAGE][PASSED] - Call Test Case 'Test Cases/T13 Pembelian, Shipment dan Pembayaran/LU-001' successfully

2023-10-05 11:04:23 - [TEST_STEP][PASSED] - mouseOver(findTestObject("beli barang/i_Mulai Belanja_icon-menu")): Object: 'Object Repository/beli barang/i_Mulai Belanja_icon-menu' is hovered

2023-10-05 11:04:23 - [MESSAGE][PASSED] - Object: 'Object Repository/beli barang/i_Mulai Belanja_icon-menu' is hovered

2023-10-05 11:04:23 - [TEST_STEP][PASSED] - click(findTestObject("beli barang/a_Fashion  Busana Wanita")): Object: 'Object Repository/beli barang/a_Fashion  Busana Wanita' is clicked on

2023-10-05 11:04:24 - [MESSAGE][PASSED] - Object: 'Object Repository/beli barang/a_Fashion  Busana Wanita' is clicked on

2023-10-05 11:04:24 - [TEST_STEP][PASSED] - NamaSebelum = getText(findTestObject("verifikasi/Nama sebelum")): Text of object 'Object Repository/verifikasi/Nama sebelum' is: ''

2023-10-05 11:04:25 - [MESSAGE][PASSED] - Text of object 'Object Repository/verifikasi/Nama sebelum' is: ''

2023-10-05 11:04:25 - [TEST_STEP][PASSED] - HargaSebelum = getText(findTestObject("verifikasi/Harga sebelum")): Text of object 'Object Repository/verifikasi/Harga sebelum' is: 'Rp 1,299'

2023-10-05 11:04:25 - [MESSAGE][PASSED] - Text of object 'Object Repository/verifikasi/Harga sebelum' is: 'Rp 1,299'

2023-10-05 11:04:25 - [TEST_STEP][PASSED] - mouseOver(findTestObject("beli barang/barang mouse over")): Object: 'Object Repository/beli barang/barang mouse over' is hovered

2023-10-05 11:04:26 - [MESSAGE][PASSED] - Object: 'Object Repository/beli barang/barang mouse over' is hovered

2023-10-05 11:04:26 - [TEST_STEP][PASSED] - click(findTestObject("beli barang/buttom add to cart")): Object: 'Object Repository/beli barang/buttom add to cart' is clicked on

2023-10-05 11:04:27 - [MESSAGE][PASSED] - Object: 'Object Repository/beli barang/buttom add to cart' is clicked on

2023-10-05 11:04:27 - [TEST_STEP][PASSED] - NamaSesudah = getText(findTestObject("verifikasi/Nama sesudah")): Text of object 'Object Repository/verifikasi/Nama sesudah' is: 'Segitiga Instan Madeira - MDB5.3 Sunset'

2023-10-05 11:04:28 - [MESSAGE][PASSED] - Text of object 'Object Repository/verifikasi/Nama sesudah' is: 'Segitiga Instan Madeira - MDB5.3 Sunset'

2023-10-05 11:04:28 - [TEST_STEP][PASSED] - HargaSesudah = getText(findTestObject("verifikasi/Harga sesudah")): Text of object 'Object Repository/verifikasi/Harga sesudah' is: 'Rp 1,299'

2023-10-05 11:04:29 - [MESSAGE][PASSED] - Text of object 'Object Repository/verifikasi/Harga sesudah' is: 'Rp 1,299'

2023-10-05 11:04:29 - [TEST_STEP][PASSED] - assert NamaSesudah.contains(NamaSebelum): null

2023-10-05 11:04:29 - [TEST_STEP][PASSED] - assert HargaSesudah.contains(HargaSebelum): null

2023-10-05 11:04:29 - [TEST_STEP][PASSED] - click(findTestObject("beli barang/Tambah Keranjang busana wanita")): Object: 'Object Repository/beli barang/Tambah Keranjang busana wanita' is clicked on

2023-10-05 11:04:29 - [MESSAGE][PASSED] - Object: 'Object Repository/beli barang/Tambah Keranjang busana wanita' is clicked on

2023-10-05 11:04:29 - [TEST_STEP][PASSED] - verifyElementPresent(findTestObject("checkout/Notifikasi keranjang"), 1): Object 'Object Repository/checkout/Notifikasi keranjang' is present

2023-10-05 11:04:30 - [MESSAGE][PASSED] - Object 'Object Repository/checkout/Notifikasi keranjang' is present

2023-10-05 11:04:30 - [TEST_STEP][PASSED] - data = new java.util.HashMap(): null

2023-10-05 11:04:30 - [TEST_STEP][PASSED] - data.put("nama_barang", NamaSesudah): null

2023-10-05 11:04:30 - [TEST_STEP][PASSED] - data.put("price_barang", HargaSesudah): null

2023-10-05 11:04:30 - [TEST_STEP][PASSED] - return data: null

2023-10-05 11:04:30 - [MESSAGE][PASSED] - Call Test Case 'Test Cases/T13 Pembelian, Shipment dan Pembayaran/PBL-001' successfully

2023-10-05 11:04:30 - [TEST_STEP][PASSED] - mouseOver(findTestObject("beli barang/keranjang")): Object: 'Object Repository/beli barang/keranjang' is hovered

2023-10-05 11:04:30 - [MESSAGE][PASSED] - Object: 'Object Repository/beli barang/keranjang' is hovered

2023-10-05 11:04:30 - [TEST_STEP][PASSED] - click(findTestObject("beli barang/Lihat Sekarang")): Object: 'Object Repository/beli barang/Lihat Sekarang' is clicked on

2023-10-05 11:04:31 - [MESSAGE][PASSED] - Object: 'Object Repository/beli barang/Lihat Sekarang' is clicked on

2023-10-05 11:04:31 - [TEST_STEP][PASSED] - verifyElementPresent(findTestObject("keranjang/li_Keranjang Belanja"), 0): Object 'Object Repository/keranjang/li_Keranjang Belanja' is present

2023-10-05 11:04:31 - [MESSAGE][WARNING] - Timeout '0' is invalid. Using default page load timeout: '30'

2023-10-05 11:04:33 - [MESSAGE][PASSED] - Object 'Object Repository/keranjang/li_Keranjang Belanja' is present

2023-10-05 11:04:33 - [TEST_STEP][PASSED] - NamaKeranjang = getText(findTestObject("verifikasi/Nama keranjang")): Text of object 'Object Repository/verifikasi/Nama keranjang' is: 'Segitiga Instan Madeira - MDB5.3 Sunset'

2023-10-05 11:04:33 - [MESSAGE][PASSED] - Text of object 'Object Repository/verifikasi/Nama keranjang' is: 'Segitiga Instan Madeira - MDB5.3 Sunset'

2023-10-05 11:04:33 - [TEST_STEP][PASSED] - HargaKeranjang = getText(findTestObject("verifikasi/Harga Keranjang")): Text of object 'Object Repository/verifikasi/Harga Keranjang' is: 'Rp 1,299'

2023-10-05 11:04:33 - [MESSAGE][PASSED] - Text of object 'Object Repository/verifikasi/Harga Keranjang' is: 'Rp 1,299'

2023-10-05 11:04:33 - [TEST_STEP][PASSED] - if (toString().equalsIgnoreCase("Merah")): Object 'Object Repository/keranjang/input_Warna_variasi101' is checked

2023-10-05 11:04:33 - [TEST_STEP][PASSED] - check(findTestObject("Object Repository/keranjang/input_Warna_variasi101")): Object 'Object Repository/keranjang/input_Warna_variasi101' is checked

2023-10-05 11:04:34 - [MESSAGE][PASSED] - Object 'Object Repository/keranjang/input_Warna_variasi101' is checked

2023-10-05 11:04:34 - [TEST_STEP][PASSED] - if (toString().equalsIgnoreCase("Menengah")): Object 'Object Repository/keranjang/input_Ukuran_variasi201' is checked

2023-10-05 11:04:34 - [TEST_STEP][PASSED] - check(findTestObject("Object Repository/keranjang/input_Ukuran_variasi201")): Object 'Object Repository/keranjang/input_Ukuran_variasi201' is checked

2023-10-05 11:04:34 - [MESSAGE][PASSED] - Object 'Object Repository/keranjang/input_Ukuran_variasi201' is checked

2023-10-05 11:04:34 - [TEST_STEP][PASSED] - data.put("Warna", warna): null

2023-10-05 11:04:34 - [TEST_STEP][PASSED] - data.put("Ukuran", ukuran): null

2023-10-05 11:04:34 - [TEST_STEP][PASSED] - click(findTestObject("keranjang/button_Lanjut ke Pembayaran")): Object: 'Object Repository/keranjang/button_Lanjut ke Pembayaran' is clicked on

2023-10-05 11:04:36 - [MESSAGE][PASSED] - Object: 'Object Repository/keranjang/button_Lanjut ke Pembayaran' is clicked on

2023-10-05 11:04:36 - [TEST_STEP][PASSED] - verifyElementPresent(findTestObject("checkout/Tittle Checkout Order"), 0): Object 'Object Repository/checkout/Tittle Checkout Order' is present

2023-10-05 11:04:36 - [MESSAGE][WARNING] - Timeout '0' is invalid. Using default page load timeout: '30'

2023-10-05 11:04:37 - [MESSAGE][PASSED] - Object 'Object Repository/checkout/Tittle Checkout Order' is present

2023-10-05 11:04:37 - [TEST_STEP][PASSED] - name_product = data.get("nama_barang"): null

2023-10-05 11:04:37 - [TEST_STEP][PASSED] - price_product = data.get("price_barang"): null

2023-10-05 11:04:37 - [TEST_STEP][PASSED] - assert name_product == NamaKeranjang: null

2023-10-05 11:04:37 - [TEST_STEP][PASSED] - assert price_product == HargaKeranjang: null

2023-10-05 11:04:37 - [TEST_STEP][PASSED] - return data: null

2023-10-05 11:04:37 - [MESSAGE][PASSED] - Call Test Case 'Test Cases/T13 Pembelian, Shipment dan Pembayaran/PBL-002' successfully

2023-10-05 11:04:37 - [TEST_STEP][PASSED] - warnaa = getText(findTestObject("verifikasi/warna Merah")): Text of object 'Object Repository/verifikasi/warna Merah' is: 'Merah'

2023-10-05 11:04:37 - [MESSAGE][PASSED] - Text of object 'Object Repository/verifikasi/warna Merah' is: 'Merah'

2023-10-05 11:04:37 - [TEST_STEP][PASSED] - ukurann = getText(findTestObject("verifikasi/Ukuran Menengah")): Text of object 'Object Repository/verifikasi/Ukuran Menengah' is: 'Menengah'

2023-10-05 11:04:37 - [MESSAGE][PASSED] - Text of object 'Object Repository/verifikasi/Ukuran Menengah' is: 'Menengah'

2023-10-05 11:04:37 - [TEST_STEP][PASSED] - warna1 = data.get("Warna"): null

2023-10-05 11:04:37 - [TEST_STEP][PASSED] - ukuran1 = data.get("Ukuran"): null

2023-10-05 11:04:37 - [TEST_STEP][PASSED] - assert warnaa == warna1: null

2023-10-05 11:04:37 - [TEST_STEP][PASSED] - assert ukurann == ukuran1: null

2023-10-05 11:04:37 - [TEST_STEP][PASSED] - NamaCheckout = getText(findTestObject("verifikasi/NamaCheckout")): Text of object 'Object Repository/verifikasi/NamaCheckout' is: ''

2023-10-05 11:04:38 - [MESSAGE][PASSED] - Text of object 'Object Repository/verifikasi/NamaCheckout' is: ''

2023-10-05 11:04:38 - [TEST_STEP][PASSED] - HargaCheckout = getText(findTestObject("verifikasi/HargaCheckout")): Text of object 'Object Repository/verifikasi/HargaCheckout' is: '1,299'

2023-10-05 11:04:38 - [MESSAGE][PASSED] - Text of object 'Object Repository/verifikasi/HargaCheckout' is: '1,299'

2023-10-05 11:04:38 - [TEST_STEP][PASSED] - name_product = data.get("nama_barang"): null

2023-10-05 11:04:38 - [TEST_STEP][PASSED] - price_product = data.get("price_barang"): null

2023-10-05 11:04:38 - [TEST_STEP][PASSED] - assert name_product.contains(NamaCheckout): null

2023-10-05 11:04:38 - [TEST_STEP][PASSED] - assert price_product.contains(HargaCheckout): null

2023-10-05 11:04:38 - [TEST_STEP][PASSED] - selectOptionByLabel(findTestObject("checkout/select - Kirim via Kurir Lokal"), Kurir, false): All options with label 'Roda 2' are selected in object 'Object Repository/checkout/select - Kirim via Kurir Lokal' 

2023-10-05 11:04:39 - [MESSAGE][PASSED] - All options with label 'Roda 2' are selected in object 'Object Repository/checkout/select - Kirim via Kurir Lokal' 

2023-10-05 11:04:39 - [TEST_STEP][PASSED] - click(findTestObject("checkout/Kendaraan Kurir")): Object: 'Object Repository/checkout/Kendaraan Kurir' is clicked on

2023-10-05 11:04:39 - [MESSAGE][PASSED] - Object: 'Object Repository/checkout/Kendaraan Kurir' is clicked on

2023-10-05 11:04:39 - [TEST_STEP][PASSED] - OngkosKirim = getText(findTestObject("Object Repository/verifikasi/Ongkos Kirim checkout")): Text of object 'Object Repository/verifikasi/Ongkos Kirim checkout' is: 'Rp. 5,000'

2023-10-05 11:04:40 - [MESSAGE][PASSED] - Text of object 'Object Repository/verifikasi/Ongkos Kirim checkout' is: 'Rp. 5,000'

2023-10-05 11:04:40 - [TEST_STEP][PASSED] - Ongkos = OngkosKirim.substring(3, OngkosKirim.size()): null

2023-10-05 11:04:40 - [TEST_STEP][PASSED] - rep = Ongkos.replace(",", "."): null

2023-10-05 11:04:40 - [TEST_STEP][PASSED] - Ongkos_kirim = Double.parseDouble(rep): null

2023-10-05 11:04:40 - [TEST_STEP][PASSED] - println(Ongkos_kirim): null

2023-10-05 11:04:40 - [TEST_STEP][PASSED] - FeeAdmin = getText(findTestObject("verifikasi/Fee Admin checkout")): Text of object 'Object Repository/verifikasi/Fee Admin checkout' is: 'Fee Admin
Rp 1,500'

2023-10-05 11:04:40 - [MESSAGE][PASSED] - Text of object 'Object Repository/verifikasi/Fee Admin checkout' is: 'Fee Admin
Rp 1,500'

2023-10-05 11:04:40 - [TEST_STEP][PASSED] - Fee_Admin = FeeAdmin.substring(12, FeeAdmin.size()): null

2023-10-05 11:04:40 - [TEST_STEP][PASSED] - fee = Fee_Admin.replace(",", "."): null

2023-10-05 11:04:40 - [TEST_STEP][PASSED] - fee_admin = Double.parseDouble(fee): null

2023-10-05 11:04:40 - [TEST_STEP][PASSED] - println(fee_admin): null

2023-10-05 11:04:40 - [TEST_STEP][PASSED] - Subtotal = getText(findTestObject("verifikasi/subtotal checkout")): Text of object 'Object Repository/verifikasi/subtotal checkout' is: 'Subtotal
Rp 1,299'

2023-10-05 11:04:41 - [MESSAGE][PASSED] - Text of object 'Object Repository/verifikasi/subtotal checkout' is: 'Subtotal
Rp 1,299'

2023-10-05 11:04:41 - [TEST_STEP][PASSED] - sub_total = Subtotal.substring(12, Subtotal.size()): null

2023-10-05 11:04:41 - [TEST_STEP][PASSED] - sub = sub_total.replace(",", "."): null

2023-10-05 11:04:41 - [TEST_STEP][PASSED] - sub_total = Double.parseDouble(sub): null

2023-10-05 11:04:41 - [TEST_STEP][PASSED] - println(sub_total): null

2023-10-05 11:04:41 - [TEST_STEP][PASSED] - Total = getText(findTestObject("verifikasi/Total checkout")): Text of object 'Object Repository/verifikasi/Total checkout' is: 'Rp 7,799'

2023-10-05 11:04:41 - [MESSAGE][PASSED] - Text of object 'Object Repository/verifikasi/Total checkout' is: 'Rp 7,799'

2023-10-05 11:04:41 - [TEST_STEP][PASSED] - totall = Total.substring(3, Total.size()): null

2023-10-05 11:04:41 - [TEST_STEP][PASSED] - total = totall.replace(",", "."): null

2023-10-05 11:04:41 - [TEST_STEP][PASSED] - totall = Double.parseDouble(total): null

2023-10-05 11:04:41 - [TEST_STEP][PASSED] - println(totall): null

2023-10-05 11:04:41 - [TEST_STEP][PASSED] - Total_Harga = Ongkos_kirim + fee_admin + sub_total: null

2023-10-05 11:04:41 - [TEST_STEP][PASSED] - println(Total_Harga): null

2023-10-05 11:04:41 - [TEST_STEP][PASSED] - TotalHarga = Math.round(Total_Harga * 1000) / 1000: null

2023-10-05 11:04:41 - [TEST_STEP][PASSED] - println(TotalHarga): null

2023-10-05 11:04:41 - [TEST_STEP][PASSED] - assert totall == TotalHarga: null

2023-10-05 11:04:41 - [TEST_STEP][PASSED] - click(findTestObject("verifikasi/Metode Transfer")): Object: 'Object Repository/verifikasi/Metode Transfer' is clicked on

2023-10-05 11:04:42 - [MESSAGE][PASSED] - Object: 'Object Repository/verifikasi/Metode Transfer' is clicked on

2023-10-05 11:04:42 - [TEST_STEP][PASSED] - click(findTestObject("checkout/button_Proses Pembayaran")): Object: 'Object Repository/checkout/button_Proses Pembayaran' is clicked on

2023-10-05 11:04:53 - [MESSAGE][PASSED] - Object: 'Object Repository/checkout/button_Proses Pembayaran' is clicked on

2023-10-05 11:04:53 - [TEST_STEP][PASSED] - verifyElementPresent(findTestObject("pembayaran/Tittle nomor invoice"), 0): Object 'Object Repository/pembayaran/Tittle nomor invoice' is present

2023-10-05 11:04:53 - [MESSAGE][WARNING] - Timeout '0' is invalid. Using default page load timeout: '30'

2023-10-05 11:04:53 - [MESSAGE][PASSED] - Object 'Object Repository/pembayaran/Tittle nomor invoice' is present

2023-10-05 11:04:53 - [TEST_STEP][PASSED] - return data: null

2023-10-05 11:04:53 - [MESSAGE][PASSED] - Call Test Case 'Test Cases/T13 Pembelian, Shipment dan Pembayaran/PBL-004' successfully

2023-10-05 11:04:53 - [TEST_STEP][PASSED] - Invoice = getText(findTestObject("pembayaran/nomor invoice")): Text of object 'Object Repository/pembayaran/nomor invoice' is: 'TRX60.20231005110445'

2023-10-05 11:04:54 - [MESSAGE][PASSED] - Text of object 'Object Repository/pembayaran/nomor invoice' is: 'TRX60.20231005110445'

2023-10-05 11:04:54 - [TEST_STEP][PASSED] - data.put("invoice", Invoice): null

2023-10-05 11:04:54 - [TEST_STEP][PASSED] - NamaPemesan = getText(findTestObject("Konfirmasi pesanan shop/Nama pemesan")): Text of object 'Object Repository/Konfirmasi pesanan shop/Nama pemesan' is: 'irfan.afandi'

2023-10-05 11:04:55 - [MESSAGE][PASSED] - Text of object 'Object Repository/Konfirmasi pesanan shop/Nama pemesan' is: 'irfan.afandi'

2023-10-05 11:04:55 - [TEST_STEP][PASSED] - Nama = getText(findTestObject("pembayaran/Nama barang")): Text of object 'Object Repository/pembayaran/Nama barang' is: 'Segitiga Instan Madeira - MDB5.3 Sunset'

2023-10-05 11:04:55 - [MESSAGE][PASSED] - Text of object 'Object Repository/pembayaran/Nama barang' is: 'Segitiga Instan Madeira - MDB5.3 Sunset'

2023-10-05 11:04:55 - [TEST_STEP][PASSED] - Harga = getText(findTestObject("pembayaran/Harga barang")): Text of object 'Object Repository/pembayaran/Harga barang' is: '1,299'

2023-10-05 11:04:56 - [MESSAGE][PASSED] - Text of object 'Object Repository/pembayaran/Harga barang' is: '1,299'

2023-10-05 11:04:56 - [TEST_STEP][PASSED] - name_product = data.get("nama_barang"): null

2023-10-05 11:04:56 - [TEST_STEP][PASSED] - price_product = data.get("price_barang"): null

2023-10-05 11:04:56 - [TEST_STEP][PASSED] - assert name_product.contains(Nama): null

2023-10-05 11:04:56 - [TEST_STEP][PASSED] - assert price_product.contains(Harga): null

2023-10-05 11:04:56 - [TEST_STEP][PASSED] - warnaa = getText(findTestObject("pembayaran/warna")): Text of object 'Object Repository/pembayaran/warna' is: 'Merah'

2023-10-05 11:04:56 - [MESSAGE][PASSED] - Text of object 'Object Repository/pembayaran/warna' is: 'Merah'

2023-10-05 11:04:56 - [TEST_STEP][PASSED] - ukurann = getText(findTestObject("pembayaran/ukuran")): Text of object 'Object Repository/pembayaran/ukuran' is: 'Menengah'

2023-10-05 11:04:56 - [MESSAGE][PASSED] - Text of object 'Object Repository/pembayaran/ukuran' is: 'Menengah'

2023-10-05 11:04:56 - [TEST_STEP][PASSED] - warna1 = data.get("Warna"): null

2023-10-05 11:04:56 - [TEST_STEP][PASSED] - ukuran1 = data.get("Ukuran"): null

2023-10-05 11:04:56 - [TEST_STEP][PASSED] - assert warnaa == warna1: null

2023-10-05 11:04:56 - [TEST_STEP][PASSED] - assert ukurann == ukuran1: null

2023-10-05 11:04:56 - [TEST_STEP][PASSED] - statusPembelian = getText(findTestObject("verifikasi/Status pending di pembelian")): Text of object 'Object Repository/verifikasi/Status pending di pembelian' is: 'Pending'

2023-10-05 11:04:57 - [MESSAGE][PASSED] - Text of object 'Object Repository/verifikasi/Status pending di pembelian' is: 'Pending'

2023-10-05 11:04:57 - [TEST_STEP][PASSED] - data.put("statusPem", statusPembelian): null

2023-10-05 11:04:57 - [TEST_STEP][PASSED] - OngkosKirim = getText(findTestObject("pembayaran/ongkos kirim")): Text of object 'Object Repository/pembayaran/ongkos kirim' is: 'Rp 5,000'

2023-10-05 11:04:58 - [MESSAGE][PASSED] - Text of object 'Object Repository/pembayaran/ongkos kirim' is: 'Rp 5,000'

2023-10-05 11:04:58 - [TEST_STEP][PASSED] - Ongkos = OngkosKirim.substring(3, OngkosKirim.size()): null

2023-10-05 11:04:58 - [TEST_STEP][PASSED] - rep = Ongkos.replace(",", ""): null

2023-10-05 11:04:58 - [TEST_STEP][PASSED] - Ongkos_kirimm = Integer.parseInt(rep): null

2023-10-05 11:04:58 - [TEST_STEP][PASSED] - println(Ongkos_kirimm): null

2023-10-05 11:04:58 - [TEST_STEP][PASSED] - FeeAdmin = getText(findTestObject("pembayaran/fee admin")): Text of object 'Object Repository/pembayaran/fee admin' is: 'Rp 1,500'

2023-10-05 11:04:58 - [MESSAGE][PASSED] - Text of object 'Object Repository/pembayaran/fee admin' is: 'Rp 1,500'

2023-10-05 11:04:58 - [TEST_STEP][PASSED] - Fee_Admin = FeeAdmin.substring(3, FeeAdmin.size()): null

2023-10-05 11:04:58 - [TEST_STEP][PASSED] - fee = Fee_Admin.replace(",", ""): null

2023-10-05 11:04:58 - [TEST_STEP][PASSED] - fee_adminn = Integer.parseInt(fee): null

2023-10-05 11:04:58 - [TEST_STEP][PASSED] - println(fee_adminn): null

2023-10-05 11:04:58 - [TEST_STEP][PASSED] - Subtotal = getText(findTestObject("pembayaran/subtotal")): Text of object 'Object Repository/pembayaran/subtotal' is: 'Rp 1,299'

2023-10-05 11:04:58 - [MESSAGE][PASSED] - Text of object 'Object Repository/pembayaran/subtotal' is: 'Rp 1,299'

2023-10-05 11:04:58 - [TEST_STEP][PASSED] - sub_total = Subtotal.substring(3, Subtotal.size()): null

2023-10-05 11:04:58 - [TEST_STEP][PASSED] - sub = sub_total.replace(",", ""): null

2023-10-05 11:04:58 - [TEST_STEP][PASSED] - sub_totall = Integer.parseInt(sub): null

2023-10-05 11:04:58 - [TEST_STEP][PASSED] - println(sub_totall): null

2023-10-05 11:04:58 - [TEST_STEP][PASSED] - unik = getText(findTestObject("pembayaran/kode unik")): Text of object 'Object Repository/pembayaran/kode unik' is: '+445'

2023-10-05 11:04:59 - [MESSAGE][PASSED] - Text of object 'Object Repository/pembayaran/kode unik' is: '+445'

2023-10-05 11:04:59 - [TEST_STEP][PASSED] - unikk = unik.replace("+", ""): null

2023-10-05 11:04:59 - [TEST_STEP][PASSED] - kode_unik = Integer.parseInt(unikk): null

2023-10-05 11:04:59 - [TEST_STEP][PASSED] - println(kode_unik): null

2023-10-05 11:04:59 - [TEST_STEP][PASSED] - Total = getText(findTestObject("pembayaran/total")): Text of object 'Object Repository/pembayaran/total' is: '8,244'

2023-10-05 11:05:00 - [MESSAGE][PASSED] - Text of object 'Object Repository/pembayaran/total' is: '8,244'

2023-10-05 11:05:00 - [TEST_STEP][PASSED] - total = Total.replace(",", ""): null

2023-10-05 11:05:00 - [TEST_STEP][PASSED] - totalll = Integer.parseInt(total): null

2023-10-05 11:05:00 - [TEST_STEP][PASSED] - println(totalll): null

2023-10-05 11:05:00 - [TEST_STEP][PASSED] - Total_Hargaa = Ongkos_kirimm + fee_adminn + sub_totall + kode_unik: null

2023-10-05 11:05:00 - [TEST_STEP][PASSED] - println(Total_Hargaa): null

2023-10-05 11:05:00 - [TEST_STEP][PASSED] - assert totalll == Total_Hargaa: null

2023-10-05 11:05:00 - [TEST_STEP][PASSED] - data.put("total", Total): null

2023-10-05 11:05:00 - [TEST_STEP][PASSED] - data.put("nama", NamaPemesan): null

2023-10-05 11:05:00 - [TEST_STEP][PASSED] - return data: null

2023-10-05 11:05:00 - [MESSAGE][PASSED] - Call Test Case 'Test Cases/T13 Pembelian, Shipment dan Pembayaran/PBY-001' successfully

2023-10-05 11:05:00 - [TEST_STEP][PASSED] - inv = data.get("invoice"): null

2023-10-05 11:05:00 - [TEST_STEP][PASSED] - Total = data.get("total"): null

2023-10-05 11:05:00 - [TEST_STEP][PASSED] - NamaPemesan = data.get("nama"): null

2023-10-05 11:05:00 - [TEST_STEP][PASSED] - click(findTestObject("Konfirmasi pesanan shop/Menu Shop")): Object: 'Object Repository/Konfirmasi pesanan shop/Menu Shop' is clicked on

2023-10-05 11:05:02 - [MESSAGE][PASSED] - Object: 'Object Repository/Konfirmasi pesanan shop/Menu Shop' is clicked on

2023-10-05 11:05:02 - [TEST_STEP][PASSED] - click(findTestObject("Konfirmasi pesanan shop/Menu Shop")): Object: 'Object Repository/Konfirmasi pesanan shop/Menu Shop' is clicked on

2023-10-05 11:05:02 - [MESSAGE][PASSED] - Object: 'Object Repository/Konfirmasi pesanan shop/Menu Shop' is clicked on

2023-10-05 11:05:02 - [TEST_STEP][PASSED] - click(findTestObject("Konfirmasi pesanan shop/Konfirmasi Orders")): Object: 'Object Repository/Konfirmasi pesanan shop/Konfirmasi Orders' is clicked on

2023-10-05 11:05:03 - [MESSAGE][PASSED] - Object: 'Object Repository/Konfirmasi pesanan shop/Konfirmasi Orders' is clicked on

2023-10-05 11:05:03 - [TEST_STEP][PASSED] - verifyElementPresent(findTestObject("Konfirmasi pesanan shop/Tittle Konfirmasi Pesanan"), 0): Object 'Object Repository/Konfirmasi pesanan shop/Tittle Konfirmasi Pesanan' is present

2023-10-05 11:05:03 - [MESSAGE][WARNING] - Timeout '0' is invalid. Using default page load timeout: '30'

2023-10-05 11:05:04 - [MESSAGE][PASSED] - Object 'Object Repository/Konfirmasi pesanan shop/Tittle Konfirmasi Pesanan' is present

2023-10-05 11:05:04 - [TEST_STEP][PASSED] - setText(findTestObject("Konfirmasi pesanan shop/input_No Pesanan"), "TRX-001"): Text 'TRX-001' is set on object 'Object Repository/Konfirmasi pesanan shop/input_No Pesanan'

2023-10-05 11:05:05 - [MESSAGE][PASSED] - Text 'TRX-001' is set on object 'Object Repository/Konfirmasi pesanan shop/input_No Pesanan'

2023-10-05 11:05:05 - [TEST_STEP][PASSED] - setText(findTestObject("Konfirmasi pesanan shop/input_Alamat E-mai"), "irfan@gmail.com"): Text 'irfan@gmail.com' is set on object 'Object Repository/Konfirmasi pesanan shop/input_Alamat E-mai'

2023-10-05 11:05:05 - [MESSAGE][PASSED] - Text 'irfan@gmail.com' is set on object 'Object Repository/Konfirmasi pesanan shop/input_Alamat E-mai'

2023-10-05 11:05:05 - [TEST_STEP][PASSED] - click(findTestObject("Konfirmasi pesanan shop/button_Submit")): Object: 'Object Repository/Konfirmasi pesanan shop/button_Submit' is clicked on

2023-10-05 11:05:07 - [MESSAGE][PASSED] - Object: 'Object Repository/Konfirmasi pesanan shop/button_Submit' is clicked on

2023-10-05 11:05:07 - [TEST_STEP][FAILED] - verifyTextPresent("number invoice not valid.", false): Unable to verify text 'number invoice not valid.' is present  (Root cause: com.kms.katalon.core.exception.StepFailedException: Unable to verify text 'number invoice not valid.' is present 
	at com.kms.katalon.core.webui.keyword.internal.WebUIKeywordMain.stepFailed(WebUIKeywordMain.groovy:64)
	at com.kms.katalon.core.webui.keyword.internal.WebUIKeywordMain.runKeyword(WebUIKeywordMain.groovy:26)
	at com.kms.katalon.core.webui.keyword.builtin.VerifyTextPresentKeyword.verifyTextPresent(VerifyTextPresentKeyword.groovy:83)
	at com.kms.katalon.core.webui.keyword.builtin.VerifyTextPresentKeyword.execute(VerifyTextPresentKeyword.groovy:68)
	at com.kms.katalon.core.keyword.internal.KeywordExecutor.executeKeywordForPlatform(KeywordExecutor.groovy:74)
	at com.kms.katalon.core.webui.keyword.WebUiBuiltInKeywords.verifyTextPresent(WebUiBuiltInKeywords.groovy:1723)
	at com.kms.katalon.core.webui.keyword.WebUiBuiltInKeywords$verifyTextPresent$7.call(Unknown Source)
	at PBY-014.run(PBY-014:42)
	at com.kms.katalon.core.main.ScriptEngine.run(ScriptEngine.java:194)
	at com.kms.katalon.core.main.ScriptEngine.runScriptAsRawText(ScriptEngine.java:119)
	at com.kms.katalon.core.main.TestCaseExecutor.runScript(TestCaseExecutor.java:448)
	at com.kms.katalon.core.main.TestCaseExecutor.doExecute(TestCaseExecutor.java:439)
	at com.kms.katalon.core.main.TestCaseExecutor.processExecutionPhase(TestCaseExecutor.java:418)
	at com.kms.katalon.core.main.TestCaseExecutor.accessMainPhase(TestCaseExecutor.java:410)
	at com.kms.katalon.core.main.TestCaseExecutor.execute(TestCaseExecutor.java:285)
	at com.kms.katalon.core.common.CommonExecutor.accessTestCaseMainPhase(CommonExecutor.java:65)
	at com.kms.katalon.core.main.TestSuiteExecutor.accessTestSuiteMainPhase(TestSuiteExecutor.java:148)
	at com.kms.katalon.core.main.TestSuiteExecutor.execute(TestSuiteExecutor.java:106)
	at com.kms.katalon.core.main.TestCaseMain.startTestSuite(TestCaseMain.java:187)
	at com.kms.katalon.core.main.TestCaseMain$startTestSuite$0.call(Unknown Source)
	at TempTestSuite1696477503821.run(TempTestSuite1696477503821.groovy:36)
Caused by: com.kms.katalon.core.exception.StepFailedException: Text 'number invoice not valid.' is not present on page 
	at com.kms.katalon.core.webui.keyword.internal.WebUIKeywordMain.stepFailed(WebUIKeywordMain.groovy:64)
	at com.kms.katalon.core.webui.keyword.builtin.VerifyTextPresentKeyword$_verifyTextPresent_closure1.doCall(VerifyTextPresentKeyword.groovy:79)
	at com.kms.katalon.core.webui.keyword.builtin.VerifyTextPresentKeyword$_verifyTextPresent_closure1.call(VerifyTextPresentKeyword.groovy)
	at com.kms.katalon.core.webui.keyword.internal.WebUIKeywordMain.runKeyword(WebUIKeywordMain.groovy:20)
	... 19 more
)

2023-10-05 11:05:07 - [MESSAGE][FAILED] - Text 'number invoice not valid.' is not present on page  (Root cause: com.kms.katalon.core.exception.StepFailedException: Text 'number invoice not valid.' is not present on page 
	at com.kms.katalon.core.webui.keyword.internal.WebUIKeywordMain.stepFailed(WebUIKeywordMain.groovy:64)
	at com.kms.katalon.core.webui.keyword.builtin.VerifyTextPresentKeyword$_verifyTextPresent_closure1.doCall(VerifyTextPresentKeyword.groovy:79)
	at com.kms.katalon.core.webui.keyword.builtin.VerifyTextPresentKeyword$_verifyTextPresent_closure1.call(VerifyTextPresentKeyword.groovy)
	at com.kms.katalon.core.webui.keyword.internal.WebUIKeywordMain.runKeyword(WebUIKeywordMain.groovy:20)
	at com.kms.katalon.core.webui.keyword.builtin.VerifyTextPresentKeyword.verifyTextPresent(VerifyTextPresentKeyword.groovy:83)
	at com.kms.katalon.core.webui.keyword.builtin.VerifyTextPresentKeyword.execute(VerifyTextPresentKeyword.groovy:68)
	at com.kms.katalon.core.keyword.internal.KeywordExecutor.executeKeywordForPlatform(KeywordExecutor.groovy:74)
	at com.kms.katalon.core.webui.keyword.WebUiBuiltInKeywords.verifyTextPresent(WebUiBuiltInKeywords.groovy:1723)
	at com.kms.katalon.core.webui.keyword.WebUiBuiltInKeywords$verifyTextPresent$7.call(Unknown Source)
	at PBY-014.run(PBY-014:42)
	at com.kms.katalon.core.main.ScriptEngine.run(ScriptEngine.java:194)
	at com.kms.katalon.core.main.ScriptEngine.runScriptAsRawText(ScriptEngine.java:119)
	at com.kms.katalon.core.main.TestCaseExecutor.runScript(TestCaseExecutor.java:448)
	at com.kms.katalon.core.main.TestCaseExecutor.doExecute(TestCaseExecutor.java:439)
	at com.kms.katalon.core.main.TestCaseExecutor.processExecutionPhase(TestCaseExecutor.java:418)
	at com.kms.katalon.core.main.TestCaseExecutor.accessMainPhase(TestCaseExecutor.java:410)
	at com.kms.katalon.core.main.TestCaseExecutor.execute(TestCaseExecutor.java:285)
	at com.kms.katalon.core.common.CommonExecutor.accessTestCaseMainPhase(CommonExecutor.java:65)
	at com.kms.katalon.core.main.TestSuiteExecutor.accessTestSuiteMainPhase(TestSuiteExecutor.java:148)
	at com.kms.katalon.core.main.TestSuiteExecutor.execute(TestSuiteExecutor.java:106)
	at com.kms.katalon.core.main.TestCaseMain.startTestSuite(TestCaseMain.java:187)
	at com.kms.katalon.core.main.TestCaseMain$startTestSuite$0.call(Unknown Source)
	at TempTestSuite1696477503821.run(TempTestSuite1696477503821.groovy:36)
)

2023-10-05 11:05:07 - [MESSAGE][FAILED] - Unable to verify text 'number invoice not valid.' is present  (Root cause: com.kms.katalon.core.exception.StepFailedException: Unable to verify text 'number invoice not valid.' is present 
	at com.kms.katalon.core.webui.keyword.internal.WebUIKeywordMain.stepFailed(WebUIKeywordMain.groovy:64)
	at com.kms.katalon.core.webui.keyword.internal.WebUIKeywordMain.runKeyword(WebUIKeywordMain.groovy:26)
	at com.kms.katalon.core.webui.keyword.builtin.VerifyTextPresentKeyword.verifyTextPresent(VerifyTextPresentKeyword.groovy:83)
	at com.kms.katalon.core.webui.keyword.builtin.VerifyTextPresentKeyword.execute(VerifyTextPresentKeyword.groovy:68)
	at com.kms.katalon.core.keyword.internal.KeywordExecutor.executeKeywordForPlatform(KeywordExecutor.groovy:74)
	at com.kms.katalon.core.webui.keyword.WebUiBuiltInKeywords.verifyTextPresent(WebUiBuiltInKeywords.groovy:1723)
	at com.kms.katalon.core.webui.keyword.WebUiBuiltInKeywords$verifyTextPresent$7.call(Unknown Source)
	at PBY-014.run(PBY-014:42)
	at com.kms.katalon.core.main.ScriptEngine.run(ScriptEngine.java:194)
	at com.kms.katalon.core.main.ScriptEngine.runScriptAsRawText(ScriptEngine.java:119)
	at com.kms.katalon.core.main.TestCaseExecutor.runScript(TestCaseExecutor.java:448)
	at com.kms.katalon.core.main.TestCaseExecutor.doExecute(TestCaseExecutor.java:439)
	at com.kms.katalon.core.main.TestCaseExecutor.processExecutionPhase(TestCaseExecutor.java:418)
	at com.kms.katalon.core.main.TestCaseExecutor.accessMainPhase(TestCaseExecutor.java:410)
	at com.kms.katalon.core.main.TestCaseExecutor.execute(TestCaseExecutor.java:285)
	at com.kms.katalon.core.common.CommonExecutor.accessTestCaseMainPhase(CommonExecutor.java:65)
	at com.kms.katalon.core.main.TestSuiteExecutor.accessTestSuiteMainPhase(TestSuiteExecutor.java:148)
	at com.kms.katalon.core.main.TestSuiteExecutor.execute(TestSuiteExecutor.java:106)
	at com.kms.katalon.core.main.TestCaseMain.startTestSuite(TestCaseMain.java:187)
	at com.kms.katalon.core.main.TestCaseMain$startTestSuite$0.call(Unknown Source)
	at TempTestSuite1696477503821.run(TempTestSuite1696477503821.groovy:36)
Caused by: com.kms.katalon.core.exception.StepFailedException: Text 'number invoice not valid.' is not present on page 
	at com.kms.katalon.core.webui.keyword.internal.WebUIKeywordMain.stepFailed(WebUIKeywordMain.groovy:64)
	at com.kms.katalon.core.webui.keyword.builtin.VerifyTextPresentKeyword$_verifyTextPresent_closure1.doCall(VerifyTextPresentKeyword.groovy:79)
	at com.kms.katalon.core.webui.keyword.builtin.VerifyTextPresentKeyword$_verifyTextPresent_closure1.call(VerifyTextPresentKeyword.groovy)
	at com.kms.katalon.core.webui.keyword.internal.WebUIKeywordMain.runKeyword(WebUIKeywordMain.groovy:20)
	... 19 more
)
[[ATTACHMENT|C:\\FT2 XSIS\\Projek 2 MINI PROJEK\\Reports\\20231005_104503\\T13 Pembelian, Shipment dan Pembayaran\\T13 Pembelian, Shipment dan Pembayaran\\20231005_104503\\1696478707750.png]]]]></system-out>
         <system-err><![CDATA[2023-10-05 11:04:07 - [TEST_CASE][FAILED] - Test Cases/T13 Pembelian, Shipment dan Pembayaran/PBY-014: Test Cases/T13 Pembelian, Shipment dan Pembayaran/PBY-014 FAILED.
Reason:
com.kms.katalon.core.exception.StepFailedException: Unable to verify text 'number invoice not valid.' is present 
	at com.kms.katalon.core.webui.keyword.internal.WebUIKeywordMain.stepFailed(WebUIKeywordMain.groovy:64)
	at com.kms.katalon.core.webui.keyword.internal.WebUIKeywordMain.runKeyword(WebUIKeywordMain.groovy:26)
	at com.kms.katalon.core.webui.keyword.builtin.VerifyTextPresentKeyword.verifyTextPresent(VerifyTextPresentKeyword.groovy:83)
	at com.kms.katalon.core.webui.keyword.builtin.VerifyTextPresentKeyword.execute(VerifyTextPresentKeyword.groovy:68)
	at com.kms.katalon.core.keyword.internal.KeywordExecutor.executeKeywordForPlatform(KeywordExecutor.groovy:74)
	at com.kms.katalon.core.webui.keyword.WebUiBuiltInKeywords.verifyTextPresent(WebUiBuiltInKeywords.groovy:1723)
	at com.kms.katalon.core.webui.keyword.WebUiBuiltInKeywords$verifyTextPresent$7.call(Unknown Source)
	at PBY-014.run(PBY-014:42)
	at com.kms.katalon.core.main.ScriptEngine.run(ScriptEngine.java:194)
	at com.kms.katalon.core.main.ScriptEngine.runScriptAsRawText(ScriptEngine.java:119)
	at com.kms.katalon.core.main.TestCaseExecutor.runScript(TestCaseExecutor.java:448)
	at com.kms.katalon.core.main.TestCaseExecutor.doExecute(TestCaseExecutor.java:439)
	at com.kms.katalon.core.main.TestCaseExecutor.processExecutionPhase(TestCaseExecutor.java:418)
	at com.kms.katalon.core.main.TestCaseExecutor.accessMainPhase(TestCaseExecutor.java:410)
	at com.kms.katalon.core.main.TestCaseExecutor.execute(TestCaseExecutor.java:285)
	at com.kms.katalon.core.common.CommonExecutor.accessTestCaseMainPhase(CommonExecutor.java:65)
	at com.kms.katalon.core.main.TestSuiteExecutor.accessTestSuiteMainPhase(TestSuiteExecutor.java:148)
	at com.kms.katalon.core.main.TestSuiteExecutor.execute(TestSuiteExecutor.java:106)
	at com.kms.katalon.core.main.TestCaseMain.startTestSuite(TestCaseMain.java:187)
	at com.kms.katalon.core.main.TestCaseMain$startTestSuite$0.call(Unknown Source)
	at TempTestSuite1696477503821.run(TempTestSuite1696477503821.groovy:36)
Caused by: com.kms.katalon.core.exception.StepFailedException: Text 'number invoice not valid.' is not present on page 
	at com.kms.katalon.core.webui.keyword.internal.WebUIKeywordMain.stepFailed(WebUIKeywordMain.groovy:64)
	at com.kms.katalon.core.webui.keyword.builtin.VerifyTextPresentKeyword$_verifyTextPresent_closure1.doCall(VerifyTextPresentKeyword.groovy:79)
	at com.kms.katalon.core.webui.keyword.builtin.VerifyTextPresentKeyword$_verifyTextPresent_closure1.call(VerifyTextPresentKeyword.groovy)
	at com.kms.katalon.core.webui.keyword.internal.WebUIKeywordMain.runKeyword(WebUIKeywordMain.groovy:20)
	... 19 more]]></system-err>
      </testcase>
      <testcase name="Test Cases/T13 Pembelian, Shipment dan Pembayaran/PBYA-001" time="81.39" classname="Test Cases/T13 Pembelian, Shipment dan Pembayaran/PBYA-001" status="PASSED">
         <system-out><![CDATA[2023-10-05 11:05:07 - [TEST_CASE][PASSED] - Test Cases/T13 Pembelian, Shipment dan Pembayaran/PBYA-001: Test Cases/T13 Pembelian, Shipment dan Pembayaran/PBYA-001

2023-10-05 11:05:08 - [TEST_STEP][PASSED] - data = callTestCase(findTestCase("T13 Pembelian, Shipment dan Pembayaran/PBY-004"), [:], STOP_ON_FAILURE): Call Test Case 'Test Cases/T13 Pembelian, Shipment dan Pembayaran/PBY-004' successfully

2023-10-05 11:05:08 - [TEST_CASE][PASSED] - Test Cases/T13 Pembelian, Shipment dan Pembayaran/PBY-004: Test Cases/T13 Pembelian, Shipment dan Pembayaran/PBY-004

2023-10-05 11:05:08 - [TEST_STEP][PASSED] - data = callTestCase(findTestCase("T13 Pembelian, Shipment dan Pembayaran/PBY-001"), [:], STOP_ON_FAILURE): Call Test Case 'Test Cases/T13 Pembelian, Shipment dan Pembayaran/PBY-001' successfully

2023-10-05 11:05:08 - [TEST_CASE][PASSED] - Test Cases/T13 Pembelian, Shipment dan Pembayaran/PBY-001: Test Cases/T13 Pembelian, Shipment dan Pembayaran/PBY-001

2023-10-05 11:05:08 - [TEST_STEP][PASSED] - data = callTestCase(findTestCase("T13 Pembelian, Shipment dan Pembayaran/PBL-004"), ["Kurir":"Roda 2"], STOP_ON_FAILURE): Call Test Case 'Test Cases/T13 Pembelian, Shipment dan Pembayaran/PBL-004' successfully

2023-10-05 11:05:08 - [TEST_CASE][PASSED] - Test Cases/T13 Pembelian, Shipment dan Pembayaran/PBL-004: Test Cases/T13 Pembelian, Shipment dan Pembayaran/PBL-004

2023-10-05 11:05:08 - [TEST_STEP][PASSED] - data = callTestCase(findTestCase("T13 Pembelian, Shipment dan Pembayaran/PBL-002"), [:], STOP_ON_FAILURE): Call Test Case 'Test Cases/T13 Pembelian, Shipment dan Pembayaran/PBL-002' successfully

2023-10-05 11:05:08 - [TEST_CASE][PASSED] - Test Cases/T13 Pembelian, Shipment dan Pembayaran/PBL-002: Test Cases/T13 Pembelian, Shipment dan Pembayaran/PBL-002

2023-10-05 11:05:08 - [TEST_STEP][PASSED] - data = callTestCase(findTestCase("T13 Pembelian, Shipment dan Pembayaran/PBL-001"), [:], STOP_ON_FAILURE): Call Test Case 'Test Cases/T13 Pembelian, Shipment dan Pembayaran/PBL-001' successfully

2023-10-05 11:05:08 - [TEST_CASE][PASSED] - Test Cases/T13 Pembelian, Shipment dan Pembayaran/PBL-001: Test Cases/T13 Pembelian, Shipment dan Pembayaran/PBL-001

2023-10-05 11:05:08 - [TEST_STEP][PASSED] - callTestCase(findTestCase("T13 Pembelian, Shipment dan Pembayaran/LU-001"), ["username":"irfanafandi", "password":"12345irfan"], STOP_ON_FAILURE): Call Test Case 'Test Cases/T13 Pembelian, Shipment dan Pembayaran/LU-001' successfully

2023-10-05 11:05:08 - [TEST_CASE][PASSED] - Test Cases/T13 Pembelian, Shipment dan Pembayaran/LU-001: Test Cases/T13 Pembelian, Shipment dan Pembayaran/LU-001

2023-10-05 11:05:08 - [TEST_STEP][PASSED] - openBrowser("https://10.9.2.63/ecommerce/"): Browser is opened with url: 'https://10.9.2.63/ecommerce/'

2023-10-05 11:05:08 - [MESSAGE][WARNING] - A browser is already opened. Closing browser and opening a new one

2023-10-05 11:05:09 - [MESSAGE][INFO] - Starting 'Edge Chromium' driver

2023-10-05 11:05:09 - [MESSAGE][INFO] - User set preference: ['acceptInsecureCerts', 'true']

2023-10-05 11:05:11 - [MESSAGE][INFO] - Action delay is set to 0 milliseconds

2023-10-05 11:05:15 - [MESSAGE][PASSED] - Browser is opened with url: 'https://10.9.2.63/ecommerce/'

2023-10-05 11:05:15 - [TEST_STEP][PASSED] - maximizeWindow(): Current window maximized

2023-10-05 11:05:15 - [MESSAGE][PASSED] - Current window maximized

2023-10-05 11:05:15 - [TEST_STEP][PASSED] - verifyElementPresent(findTestObject("Login/Home"), 0): Object 'Object Repository/Login/Home' is present

2023-10-05 11:05:15 - [MESSAGE][WARNING] - Timeout '0' is invalid. Using default page load timeout: '30'

2023-10-05 11:05:16 - [MESSAGE][PASSED] - Object 'Object Repository/Login/Home' is present

2023-10-05 11:05:16 - [TEST_STEP][PASSED] - click(findTestObject("Login/a_Login")): Object: 'Object Repository/Login/a_Login' is clicked on

2023-10-05 11:05:16 - [MESSAGE][PASSED] - Object: 'Object Repository/Login/a_Login' is clicked on

2023-10-05 11:05:16 - [TEST_STEP][PASSED] - verifyElementPresent(findTestObject("Login/Tittle Login"), 0): Object 'Object Repository/Login/Tittle Login' is present

2023-10-05 11:05:16 - [MESSAGE][WARNING] - Timeout '0' is invalid. Using default page load timeout: '30'

2023-10-05 11:05:17 - [MESSAGE][PASSED] - Object 'Object Repository/Login/Tittle Login' is present

2023-10-05 11:05:17 - [TEST_STEP][PASSED] - setText(findTestObject("Login/input_Username, Email atau No. Handphone_a"), username): Text 'irfanafandi' is set on object 'Object Repository/Login/input_Username, Email atau No. Handphone_a'

2023-10-05 11:05:17 - [MESSAGE][PASSED] - Text 'irfanafandi' is set on object 'Object Repository/Login/input_Username, Email atau No. Handphone_a'

2023-10-05 11:05:17 - [TEST_STEP][PASSED] - setText(findTestObject("Login/input_Password_b"), password): Text '12345irfan' is set on object 'Object Repository/Login/input_Password_b'

2023-10-05 11:05:18 - [MESSAGE][PASSED] - Text '12345irfan' is set on object 'Object Repository/Login/input_Password_b'

2023-10-05 11:05:18 - [TEST_STEP][PASSED] - click(findTestObject("Login/label_Ingat saya")): Object: 'Object Repository/Login/label_Ingat saya' is clicked on

2023-10-05 11:05:19 - [MESSAGE][PASSED] - Object: 'Object Repository/Login/label_Ingat saya' is clicked on

2023-10-05 11:05:19 - [TEST_STEP][PASSED] - click(findTestObject("Login/button_Masuk")): Object: 'Object Repository/Login/button_Masuk' is clicked on

2023-10-05 11:05:21 - [MESSAGE][PASSED] - Object: 'Object Repository/Login/button_Masuk' is clicked on

2023-10-05 11:05:21 - [TEST_STEP][PASSED] - verifyElementPresent(findTestObject("Login/li_Profile"), 0): Object 'Object Repository/Login/li_Profile' is present

2023-10-05 11:05:21 - [MESSAGE][WARNING] - Timeout '0' is invalid. Using default page load timeout: '30'

2023-10-05 11:05:21 - [MESSAGE][PASSED] - Object 'Object Repository/Login/li_Profile' is present

2023-10-05 11:05:21 - [MESSAGE][PASSED] - Call Test Case 'Test Cases/T13 Pembelian, Shipment dan Pembayaran/LU-001' successfully

2023-10-05 11:05:21 - [TEST_STEP][PASSED] - mouseOver(findTestObject("beli barang/i_Mulai Belanja_icon-menu")): Object: 'Object Repository/beli barang/i_Mulai Belanja_icon-menu' is hovered

2023-10-05 11:05:22 - [MESSAGE][PASSED] - Object: 'Object Repository/beli barang/i_Mulai Belanja_icon-menu' is hovered

2023-10-05 11:05:22 - [TEST_STEP][PASSED] - click(findTestObject("beli barang/a_Fashion  Busana Wanita")): Object: 'Object Repository/beli barang/a_Fashion  Busana Wanita' is clicked on

2023-10-05 11:05:23 - [MESSAGE][PASSED] - Object: 'Object Repository/beli barang/a_Fashion  Busana Wanita' is clicked on

2023-10-05 11:05:23 - [TEST_STEP][PASSED] - NamaSebelum = getText(findTestObject("verifikasi/Nama sebelum")): Text of object 'Object Repository/verifikasi/Nama sebelum' is: ''

2023-10-05 11:05:24 - [MESSAGE][PASSED] - Text of object 'Object Repository/verifikasi/Nama sebelum' is: ''

2023-10-05 11:05:24 - [TEST_STEP][PASSED] - HargaSebelum = getText(findTestObject("verifikasi/Harga sebelum")): Text of object 'Object Repository/verifikasi/Harga sebelum' is: 'Rp 1,299'

2023-10-05 11:05:24 - [MESSAGE][PASSED] - Text of object 'Object Repository/verifikasi/Harga sebelum' is: 'Rp 1,299'

2023-10-05 11:05:24 - [TEST_STEP][PASSED] - mouseOver(findTestObject("beli barang/barang mouse over")): Object: 'Object Repository/beli barang/barang mouse over' is hovered

2023-10-05 11:05:25 - [MESSAGE][PASSED] - Object: 'Object Repository/beli barang/barang mouse over' is hovered

2023-10-05 11:05:25 - [TEST_STEP][PASSED] - click(findTestObject("beli barang/buttom add to cart")): Object: 'Object Repository/beli barang/buttom add to cart' is clicked on

2023-10-05 11:05:26 - [MESSAGE][PASSED] - Object: 'Object Repository/beli barang/buttom add to cart' is clicked on

2023-10-05 11:05:26 - [TEST_STEP][PASSED] - NamaSesudah = getText(findTestObject("verifikasi/Nama sesudah")): Text of object 'Object Repository/verifikasi/Nama sesudah' is: 'Segitiga Instan Madeira - MDB5.3 Sunset'

2023-10-05 11:05:27 - [MESSAGE][PASSED] - Text of object 'Object Repository/verifikasi/Nama sesudah' is: 'Segitiga Instan Madeira - MDB5.3 Sunset'

2023-10-05 11:05:27 - [TEST_STEP][PASSED] - HargaSesudah = getText(findTestObject("verifikasi/Harga sesudah")): Text of object 'Object Repository/verifikasi/Harga sesudah' is: 'Rp 1,299'

2023-10-05 11:05:27 - [MESSAGE][PASSED] - Text of object 'Object Repository/verifikasi/Harga sesudah' is: 'Rp 1,299'

2023-10-05 11:05:27 - [TEST_STEP][PASSED] - assert NamaSesudah.contains(NamaSebelum): null

2023-10-05 11:05:27 - [TEST_STEP][PASSED] - assert HargaSesudah.contains(HargaSebelum): null

2023-10-05 11:05:27 - [TEST_STEP][PASSED] - click(findTestObject("beli barang/Tambah Keranjang busana wanita")): Object: 'Object Repository/beli barang/Tambah Keranjang busana wanita' is clicked on

2023-10-05 11:05:28 - [MESSAGE][PASSED] - Object: 'Object Repository/beli barang/Tambah Keranjang busana wanita' is clicked on

2023-10-05 11:05:28 - [TEST_STEP][PASSED] - verifyElementPresent(findTestObject("checkout/Notifikasi keranjang"), 1): Object 'Object Repository/checkout/Notifikasi keranjang' is present

2023-10-05 11:05:29 - [MESSAGE][PASSED] - Object 'Object Repository/checkout/Notifikasi keranjang' is present

2023-10-05 11:05:29 - [TEST_STEP][PASSED] - data = new java.util.HashMap(): null

2023-10-05 11:05:29 - [TEST_STEP][PASSED] - data.put("nama_barang", NamaSesudah): null

2023-10-05 11:05:29 - [TEST_STEP][PASSED] - data.put("price_barang", HargaSesudah): null

2023-10-05 11:05:29 - [TEST_STEP][PASSED] - return data: null

2023-10-05 11:05:29 - [MESSAGE][PASSED] - Call Test Case 'Test Cases/T13 Pembelian, Shipment dan Pembayaran/PBL-001' successfully

2023-10-05 11:05:29 - [TEST_STEP][PASSED] - mouseOver(findTestObject("beli barang/keranjang")): Object: 'Object Repository/beli barang/keranjang' is hovered

2023-10-05 11:05:29 - [MESSAGE][PASSED] - Object: 'Object Repository/beli barang/keranjang' is hovered

2023-10-05 11:05:29 - [TEST_STEP][PASSED] - click(findTestObject("beli barang/Lihat Sekarang")): Object: 'Object Repository/beli barang/Lihat Sekarang' is clicked on

2023-10-05 11:05:30 - [MESSAGE][PASSED] - Object: 'Object Repository/beli barang/Lihat Sekarang' is clicked on

2023-10-05 11:05:30 - [TEST_STEP][PASSED] - verifyElementPresent(findTestObject("keranjang/li_Keranjang Belanja"), 0): Object 'Object Repository/keranjang/li_Keranjang Belanja' is present

2023-10-05 11:05:30 - [MESSAGE][WARNING] - Timeout '0' is invalid. Using default page load timeout: '30'

2023-10-05 11:05:31 - [MESSAGE][PASSED] - Object 'Object Repository/keranjang/li_Keranjang Belanja' is present

2023-10-05 11:05:31 - [TEST_STEP][PASSED] - NamaKeranjang = getText(findTestObject("verifikasi/Nama keranjang")): Text of object 'Object Repository/verifikasi/Nama keranjang' is: 'Segitiga Instan Madeira - MDB5.3 Sunset'

2023-10-05 11:05:32 - [MESSAGE][PASSED] - Text of object 'Object Repository/verifikasi/Nama keranjang' is: 'Segitiga Instan Madeira - MDB5.3 Sunset'

2023-10-05 11:05:32 - [TEST_STEP][PASSED] - HargaKeranjang = getText(findTestObject("verifikasi/Harga Keranjang")): Text of object 'Object Repository/verifikasi/Harga Keranjang' is: 'Rp 1,299'

2023-10-05 11:05:32 - [MESSAGE][PASSED] - Text of object 'Object Repository/verifikasi/Harga Keranjang' is: 'Rp 1,299'

2023-10-05 11:05:32 - [TEST_STEP][PASSED] - if (toString().equalsIgnoreCase("Merah")): Object 'Object Repository/keranjang/input_Warna_variasi101' is checked

2023-10-05 11:05:32 - [TEST_STEP][PASSED] - check(findTestObject("Object Repository/keranjang/input_Warna_variasi101")): Object 'Object Repository/keranjang/input_Warna_variasi101' is checked

2023-10-05 11:05:33 - [MESSAGE][PASSED] - Object 'Object Repository/keranjang/input_Warna_variasi101' is checked

2023-10-05 11:05:33 - [TEST_STEP][PASSED] - if (toString().equalsIgnoreCase("Menengah")): Object 'Object Repository/keranjang/input_Ukuran_variasi201' is checked

2023-10-05 11:05:33 - [TEST_STEP][PASSED] - check(findTestObject("Object Repository/keranjang/input_Ukuran_variasi201")): Object 'Object Repository/keranjang/input_Ukuran_variasi201' is checked

2023-10-05 11:05:33 - [MESSAGE][PASSED] - Object 'Object Repository/keranjang/input_Ukuran_variasi201' is checked

2023-10-05 11:05:33 - [TEST_STEP][PASSED] - data.put("Warna", warna): null

2023-10-05 11:05:33 - [TEST_STEP][PASSED] - data.put("Ukuran", ukuran): null

2023-10-05 11:05:33 - [TEST_STEP][PASSED] - click(findTestObject("keranjang/button_Lanjut ke Pembayaran")): Object: 'Object Repository/keranjang/button_Lanjut ke Pembayaran' is clicked on

2023-10-05 11:05:35 - [MESSAGE][PASSED] - Object: 'Object Repository/keranjang/button_Lanjut ke Pembayaran' is clicked on

2023-10-05 11:05:35 - [TEST_STEP][PASSED] - verifyElementPresent(findTestObject("checkout/Tittle Checkout Order"), 0): Object 'Object Repository/checkout/Tittle Checkout Order' is present

2023-10-05 11:05:35 - [MESSAGE][WARNING] - Timeout '0' is invalid. Using default page load timeout: '30'

2023-10-05 11:05:35 - [MESSAGE][PASSED] - Object 'Object Repository/checkout/Tittle Checkout Order' is present

2023-10-05 11:05:35 - [TEST_STEP][PASSED] - name_product = data.get("nama_barang"): null

2023-10-05 11:05:35 - [TEST_STEP][PASSED] - price_product = data.get("price_barang"): null

2023-10-05 11:05:35 - [TEST_STEP][PASSED] - assert name_product == NamaKeranjang: null

2023-10-05 11:05:35 - [TEST_STEP][PASSED] - assert price_product == HargaKeranjang: null

2023-10-05 11:05:35 - [TEST_STEP][PASSED] - return data: null

2023-10-05 11:05:35 - [MESSAGE][PASSED] - Call Test Case 'Test Cases/T13 Pembelian, Shipment dan Pembayaran/PBL-002' successfully

2023-10-05 11:05:35 - [TEST_STEP][PASSED] - warnaa = getText(findTestObject("verifikasi/warna Merah")): Text of object 'Object Repository/verifikasi/warna Merah' is: 'Merah'

2023-10-05 11:05:36 - [MESSAGE][PASSED] - Text of object 'Object Repository/verifikasi/warna Merah' is: 'Merah'

2023-10-05 11:05:36 - [TEST_STEP][PASSED] - ukurann = getText(findTestObject("verifikasi/Ukuran Menengah")): Text of object 'Object Repository/verifikasi/Ukuran Menengah' is: 'Menengah'

2023-10-05 11:05:36 - [MESSAGE][PASSED] - Text of object 'Object Repository/verifikasi/Ukuran Menengah' is: 'Menengah'

2023-10-05 11:05:36 - [TEST_STEP][PASSED] - warna1 = data.get("Warna"): null

2023-10-05 11:05:36 - [TEST_STEP][PASSED] - ukuran1 = data.get("Ukuran"): null

2023-10-05 11:05:36 - [TEST_STEP][PASSED] - assert warnaa == warna1: null

2023-10-05 11:05:36 - [TEST_STEP][PASSED] - assert ukurann == ukuran1: null

2023-10-05 11:05:36 - [TEST_STEP][PASSED] - NamaCheckout = getText(findTestObject("verifikasi/NamaCheckout")): Text of object 'Object Repository/verifikasi/NamaCheckout' is: ''

2023-10-05 11:05:36 - [MESSAGE][PASSED] - Text of object 'Object Repository/verifikasi/NamaCheckout' is: ''

2023-10-05 11:05:36 - [TEST_STEP][PASSED] - HargaCheckout = getText(findTestObject("verifikasi/HargaCheckout")): Text of object 'Object Repository/verifikasi/HargaCheckout' is: '1,299'

2023-10-05 11:05:37 - [MESSAGE][PASSED] - Text of object 'Object Repository/verifikasi/HargaCheckout' is: '1,299'

2023-10-05 11:05:37 - [TEST_STEP][PASSED] - name_product = data.get("nama_barang"): null

2023-10-05 11:05:37 - [TEST_STEP][PASSED] - price_product = data.get("price_barang"): null

2023-10-05 11:05:37 - [TEST_STEP][PASSED] - assert name_product.contains(NamaCheckout): null

2023-10-05 11:05:37 - [TEST_STEP][PASSED] - assert price_product.contains(HargaCheckout): null

2023-10-05 11:05:37 - [TEST_STEP][PASSED] - selectOptionByLabel(findTestObject("checkout/select - Kirim via Kurir Lokal"), Kurir, false): All options with label 'Roda 2' are selected in object 'Object Repository/checkout/select - Kirim via Kurir Lokal' 

2023-10-05 11:05:38 - [MESSAGE][PASSED] - All options with label 'Roda 2' are selected in object 'Object Repository/checkout/select - Kirim via Kurir Lokal' 

2023-10-05 11:05:38 - [TEST_STEP][PASSED] - click(findTestObject("checkout/Kendaraan Kurir")): Object: 'Object Repository/checkout/Kendaraan Kurir' is clicked on

2023-10-05 11:05:38 - [MESSAGE][PASSED] - Object: 'Object Repository/checkout/Kendaraan Kurir' is clicked on

2023-10-05 11:05:38 - [TEST_STEP][PASSED] - OngkosKirim = getText(findTestObject("Object Repository/verifikasi/Ongkos Kirim checkout")): Text of object 'Object Repository/verifikasi/Ongkos Kirim checkout' is: 'Rp. 5,000'

2023-10-05 11:05:39 - [MESSAGE][PASSED] - Text of object 'Object Repository/verifikasi/Ongkos Kirim checkout' is: 'Rp. 5,000'

2023-10-05 11:05:39 - [TEST_STEP][PASSED] - Ongkos = OngkosKirim.substring(3, OngkosKirim.size()): null

2023-10-05 11:05:39 - [TEST_STEP][PASSED] - rep = Ongkos.replace(",", "."): null

2023-10-05 11:05:39 - [TEST_STEP][PASSED] - Ongkos_kirim = Double.parseDouble(rep): null

2023-10-05 11:05:39 - [TEST_STEP][PASSED] - println(Ongkos_kirim): null

2023-10-05 11:05:39 - [TEST_STEP][PASSED] - FeeAdmin = getText(findTestObject("verifikasi/Fee Admin checkout")): Text of object 'Object Repository/verifikasi/Fee Admin checkout' is: 'Fee Admin
Rp 1,500'

2023-10-05 11:05:39 - [MESSAGE][PASSED] - Text of object 'Object Repository/verifikasi/Fee Admin checkout' is: 'Fee Admin
Rp 1,500'

2023-10-05 11:05:39 - [TEST_STEP][PASSED] - Fee_Admin = FeeAdmin.substring(12, FeeAdmin.size()): null

2023-10-05 11:05:39 - [TEST_STEP][PASSED] - fee = Fee_Admin.replace(",", "."): null

2023-10-05 11:05:39 - [TEST_STEP][PASSED] - fee_admin = Double.parseDouble(fee): null

2023-10-05 11:05:39 - [TEST_STEP][PASSED] - println(fee_admin): null

2023-10-05 11:05:39 - [TEST_STEP][PASSED] - Subtotal = getText(findTestObject("verifikasi/subtotal checkout")): Text of object 'Object Repository/verifikasi/subtotal checkout' is: 'Subtotal
Rp 1,299'

2023-10-05 11:05:40 - [MESSAGE][PASSED] - Text of object 'Object Repository/verifikasi/subtotal checkout' is: 'Subtotal
Rp 1,299'

2023-10-05 11:05:40 - [TEST_STEP][PASSED] - sub_total = Subtotal.substring(12, Subtotal.size()): null

2023-10-05 11:05:40 - [TEST_STEP][PASSED] - sub = sub_total.replace(",", "."): null

2023-10-05 11:05:40 - [TEST_STEP][PASSED] - sub_total = Double.parseDouble(sub): null

2023-10-05 11:05:40 - [TEST_STEP][PASSED] - println(sub_total): null

2023-10-05 11:05:40 - [TEST_STEP][PASSED] - Total = getText(findTestObject("verifikasi/Total checkout")): Text of object 'Object Repository/verifikasi/Total checkout' is: 'Rp 7,799'

2023-10-05 11:05:40 - [MESSAGE][PASSED] - Text of object 'Object Repository/verifikasi/Total checkout' is: 'Rp 7,799'

2023-10-05 11:05:40 - [TEST_STEP][PASSED] - totall = Total.substring(3, Total.size()): null

2023-10-05 11:05:40 - [TEST_STEP][PASSED] - total = totall.replace(",", "."): null

2023-10-05 11:05:40 - [TEST_STEP][PASSED] - totall = Double.parseDouble(total): null

2023-10-05 11:05:40 - [TEST_STEP][PASSED] - println(totall): null

2023-10-05 11:05:40 - [TEST_STEP][PASSED] - Total_Harga = Ongkos_kirim + fee_admin + sub_total: null

2023-10-05 11:05:40 - [TEST_STEP][PASSED] - println(Total_Harga): null

2023-10-05 11:05:40 - [TEST_STEP][PASSED] - TotalHarga = Math.round(Total_Harga * 1000) / 1000: null

2023-10-05 11:05:40 - [TEST_STEP][PASSED] - println(TotalHarga): null

2023-10-05 11:05:40 - [TEST_STEP][PASSED] - assert totall == TotalHarga: null

2023-10-05 11:05:40 - [TEST_STEP][PASSED] - click(findTestObject("verifikasi/Metode Transfer")): Object: 'Object Repository/verifikasi/Metode Transfer' is clicked on

2023-10-05 11:05:41 - [MESSAGE][PASSED] - Object: 'Object Repository/verifikasi/Metode Transfer' is clicked on

2023-10-05 11:05:41 - [TEST_STEP][PASSED] - click(findTestObject("checkout/button_Proses Pembayaran")): Object: 'Object Repository/checkout/button_Proses Pembayaran' is clicked on

2023-10-05 11:05:49 - [MESSAGE][PASSED] - Object: 'Object Repository/checkout/button_Proses Pembayaran' is clicked on

2023-10-05 11:05:49 - [TEST_STEP][PASSED] - verifyElementPresent(findTestObject("pembayaran/Tittle nomor invoice"), 0): Object 'Object Repository/pembayaran/Tittle nomor invoice' is present

2023-10-05 11:05:49 - [MESSAGE][WARNING] - Timeout '0' is invalid. Using default page load timeout: '30'

2023-10-05 11:05:50 - [MESSAGE][PASSED] - Object 'Object Repository/pembayaran/Tittle nomor invoice' is present

2023-10-05 11:05:50 - [TEST_STEP][PASSED] - return data: null

2023-10-05 11:05:50 - [MESSAGE][PASSED] - Call Test Case 'Test Cases/T13 Pembelian, Shipment dan Pembayaran/PBL-004' successfully

2023-10-05 11:05:50 - [TEST_STEP][PASSED] - Invoice = getText(findTestObject("pembayaran/nomor invoice")): Text of object 'Object Repository/pembayaran/nomor invoice' is: 'TRX60.20231005110544'

2023-10-05 11:05:51 - [MESSAGE][PASSED] - Text of object 'Object Repository/pembayaran/nomor invoice' is: 'TRX60.20231005110544'

2023-10-05 11:05:51 - [TEST_STEP][PASSED] - data.put("invoice", Invoice): null

2023-10-05 11:05:51 - [TEST_STEP][PASSED] - NamaPemesan = getText(findTestObject("Konfirmasi pesanan shop/Nama pemesan")): Text of object 'Object Repository/Konfirmasi pesanan shop/Nama pemesan' is: 'irfan.afandi'

2023-10-05 11:05:51 - [MESSAGE][PASSED] - Text of object 'Object Repository/Konfirmasi pesanan shop/Nama pemesan' is: 'irfan.afandi'

2023-10-05 11:05:51 - [TEST_STEP][PASSED] - Nama = getText(findTestObject("pembayaran/Nama barang")): Text of object 'Object Repository/pembayaran/Nama barang' is: 'Segitiga Instan Madeira - MDB5.3 Sunset'

2023-10-05 11:05:52 - [MESSAGE][PASSED] - Text of object 'Object Repository/pembayaran/Nama barang' is: 'Segitiga Instan Madeira - MDB5.3 Sunset'

2023-10-05 11:05:52 - [TEST_STEP][PASSED] - Harga = getText(findTestObject("pembayaran/Harga barang")): Text of object 'Object Repository/pembayaran/Harga barang' is: '1,299'

2023-10-05 11:05:52 - [MESSAGE][PASSED] - Text of object 'Object Repository/pembayaran/Harga barang' is: '1,299'

2023-10-05 11:05:52 - [TEST_STEP][PASSED] - name_product = data.get("nama_barang"): null

2023-10-05 11:05:52 - [TEST_STEP][PASSED] - price_product = data.get("price_barang"): null

2023-10-05 11:05:52 - [TEST_STEP][PASSED] - assert name_product.contains(Nama): null

2023-10-05 11:05:52 - [TEST_STEP][PASSED] - assert price_product.contains(Harga): null

2023-10-05 11:05:52 - [TEST_STEP][PASSED] - warnaa = getText(findTestObject("pembayaran/warna")): Text of object 'Object Repository/pembayaran/warna' is: 'Merah'

2023-10-05 11:05:53 - [MESSAGE][PASSED] - Text of object 'Object Repository/pembayaran/warna' is: 'Merah'

2023-10-05 11:05:53 - [TEST_STEP][PASSED] - ukurann = getText(findTestObject("pembayaran/ukuran")): Text of object 'Object Repository/pembayaran/ukuran' is: 'Menengah'

2023-10-05 11:05:53 - [MESSAGE][PASSED] - Text of object 'Object Repository/pembayaran/ukuran' is: 'Menengah'

2023-10-05 11:05:53 - [TEST_STEP][PASSED] - warna1 = data.get("Warna"): null

2023-10-05 11:05:53 - [TEST_STEP][PASSED] - ukuran1 = data.get("Ukuran"): null

2023-10-05 11:05:53 - [TEST_STEP][PASSED] - assert warnaa == warna1: null

2023-10-05 11:05:53 - [TEST_STEP][PASSED] - assert ukurann == ukuran1: null

2023-10-05 11:05:53 - [TEST_STEP][PASSED] - statusPembelian = getText(findTestObject("verifikasi/Status pending di pembelian")): Text of object 'Object Repository/verifikasi/Status pending di pembelian' is: 'Pending'

2023-10-05 11:05:54 - [MESSAGE][PASSED] - Text of object 'Object Repository/verifikasi/Status pending di pembelian' is: 'Pending'

2023-10-05 11:05:54 - [TEST_STEP][PASSED] - data.put("statusPem", statusPembelian): null

2023-10-05 11:05:54 - [TEST_STEP][PASSED] - OngkosKirim = getText(findTestObject("pembayaran/ongkos kirim")): Text of object 'Object Repository/pembayaran/ongkos kirim' is: 'Rp 5,000'

2023-10-05 11:05:54 - [MESSAGE][PASSED] - Text of object 'Object Repository/pembayaran/ongkos kirim' is: 'Rp 5,000'

2023-10-05 11:05:54 - [TEST_STEP][PASSED] - Ongkos = OngkosKirim.substring(3, OngkosKirim.size()): null

2023-10-05 11:05:54 - [TEST_STEP][PASSED] - rep = Ongkos.replace(",", ""): null

2023-10-05 11:05:54 - [TEST_STEP][PASSED] - Ongkos_kirimm = Integer.parseInt(rep): null

2023-10-05 11:05:54 - [TEST_STEP][PASSED] - println(Ongkos_kirimm): null

2023-10-05 11:05:54 - [TEST_STEP][PASSED] - FeeAdmin = getText(findTestObject("pembayaran/fee admin")): Text of object 'Object Repository/pembayaran/fee admin' is: 'Rp 1,500'

2023-10-05 11:05:55 - [MESSAGE][PASSED] - Text of object 'Object Repository/pembayaran/fee admin' is: 'Rp 1,500'

2023-10-05 11:05:55 - [TEST_STEP][PASSED] - Fee_Admin = FeeAdmin.substring(3, FeeAdmin.size()): null

2023-10-05 11:05:55 - [TEST_STEP][PASSED] - fee = Fee_Admin.replace(",", ""): null

2023-10-05 11:05:55 - [TEST_STEP][PASSED] - fee_adminn = Integer.parseInt(fee): null

2023-10-05 11:05:55 - [TEST_STEP][PASSED] - println(fee_adminn): null

2023-10-05 11:05:55 - [TEST_STEP][PASSED] - Subtotal = getText(findTestObject("pembayaran/subtotal")): Text of object 'Object Repository/pembayaran/subtotal' is: 'Rp 1,299'

2023-10-05 11:05:55 - [MESSAGE][PASSED] - Text of object 'Object Repository/pembayaran/subtotal' is: 'Rp 1,299'

2023-10-05 11:05:55 - [TEST_STEP][PASSED] - sub_total = Subtotal.substring(3, Subtotal.size()): null

2023-10-05 11:05:55 - [TEST_STEP][PASSED] - sub = sub_total.replace(",", ""): null

2023-10-05 11:05:55 - [TEST_STEP][PASSED] - sub_totall = Integer.parseInt(sub): null

2023-10-05 11:05:55 - [TEST_STEP][PASSED] - println(sub_totall): null

2023-10-05 11:05:55 - [TEST_STEP][PASSED] - unik = getText(findTestObject("pembayaran/kode unik")): Text of object 'Object Repository/pembayaran/kode unik' is: '+544'

2023-10-05 11:05:56 - [MESSAGE][PASSED] - Text of object 'Object Repository/pembayaran/kode unik' is: '+544'

2023-10-05 11:05:56 - [TEST_STEP][PASSED] - unikk = unik.replace("+", ""): null

2023-10-05 11:05:56 - [TEST_STEP][PASSED] - kode_unik = Integer.parseInt(unikk): null

2023-10-05 11:05:56 - [TEST_STEP][PASSED] - println(kode_unik): null

2023-10-05 11:05:56 - [TEST_STEP][PASSED] - Total = getText(findTestObject("pembayaran/total")): Text of object 'Object Repository/pembayaran/total' is: '8,343'

2023-10-05 11:05:56 - [MESSAGE][PASSED] - Text of object 'Object Repository/pembayaran/total' is: '8,343'

2023-10-05 11:05:56 - [TEST_STEP][PASSED] - total = Total.replace(",", ""): null

2023-10-05 11:05:56 - [TEST_STEP][PASSED] - totalll = Integer.parseInt(total): null

2023-10-05 11:05:56 - [TEST_STEP][PASSED] - println(totalll): null

2023-10-05 11:05:56 - [TEST_STEP][PASSED] - Total_Hargaa = Ongkos_kirimm + fee_adminn + sub_totall + kode_unik: null

2023-10-05 11:05:56 - [TEST_STEP][PASSED] - println(Total_Hargaa): null

2023-10-05 11:05:56 - [TEST_STEP][PASSED] - assert totalll == Total_Hargaa: null

2023-10-05 11:05:56 - [TEST_STEP][PASSED] - data.put("total", Total): null

2023-10-05 11:05:56 - [TEST_STEP][PASSED] - data.put("nama", NamaPemesan): null

2023-10-05 11:05:56 - [TEST_STEP][PASSED] - return data: null

2023-10-05 11:05:56 - [MESSAGE][PASSED] - Call Test Case 'Test Cases/T13 Pembelian, Shipment dan Pembayaran/PBY-001' successfully

2023-10-05 11:05:56 - [TEST_STEP][PASSED] - inv = data.get("invoice"): null

2023-10-05 11:05:56 - [TEST_STEP][PASSED] - Total = data.get("total"): null

2023-10-05 11:05:56 - [TEST_STEP][PASSED] - NamaPemesan = data.get("nama"): null

2023-10-05 11:05:56 - [TEST_STEP][PASSED] - click(findTestObject("Konfirmasi pesanan shop/Menu Shop")): Object: 'Object Repository/Konfirmasi pesanan shop/Menu Shop' is clicked on

2023-10-05 11:05:58 - [MESSAGE][PASSED] - Object: 'Object Repository/Konfirmasi pesanan shop/Menu Shop' is clicked on

2023-10-05 11:05:58 - [TEST_STEP][PASSED] - click(findTestObject("Konfirmasi pesanan shop/Menu Shop")): Object: 'Object Repository/Konfirmasi pesanan shop/Menu Shop' is clicked on

2023-10-05 11:05:59 - [MESSAGE][PASSED] - Object: 'Object Repository/Konfirmasi pesanan shop/Menu Shop' is clicked on

2023-10-05 11:05:59 - [TEST_STEP][PASSED] - click(findTestObject("Konfirmasi pesanan shop/Konfirmasi Orders")): Object: 'Object Repository/Konfirmasi pesanan shop/Konfirmasi Orders' is clicked on

2023-10-05 11:06:00 - [MESSAGE][PASSED] - Object: 'Object Repository/Konfirmasi pesanan shop/Konfirmasi Orders' is clicked on

2023-10-05 11:06:00 - [TEST_STEP][PASSED] - verifyElementPresent(findTestObject("Konfirmasi pesanan shop/Tittle Konfirmasi Pesanan"), 0): Object 'Object Repository/Konfirmasi pesanan shop/Tittle Konfirmasi Pesanan' is present

2023-10-05 11:06:00 - [MESSAGE][WARNING] - Timeout '0' is invalid. Using default page load timeout: '30'

2023-10-05 11:06:01 - [MESSAGE][PASSED] - Object 'Object Repository/Konfirmasi pesanan shop/Tittle Konfirmasi Pesanan' is present

2023-10-05 11:06:01 - [TEST_STEP][PASSED] - setText(findTestObject("Konfirmasi pesanan shop/input_No Pesanan"), inv): Text 'TRX60.20231005110544' is set on object 'Object Repository/Konfirmasi pesanan shop/input_No Pesanan'

2023-10-05 11:06:01 - [MESSAGE][PASSED] - Text 'TRX60.20231005110544' is set on object 'Object Repository/Konfirmasi pesanan shop/input_No Pesanan'

2023-10-05 11:06:01 - [TEST_STEP][PASSED] - setText(findTestObject("Konfirmasi pesanan shop/input_Alamat E-mai"), "irfan@gmail.com"): Text 'irfan@gmail.com' is set on object 'Object Repository/Konfirmasi pesanan shop/input_Alamat E-mai'

2023-10-05 11:06:02 - [MESSAGE][PASSED] - Text 'irfan@gmail.com' is set on object 'Object Repository/Konfirmasi pesanan shop/input_Alamat E-mai'

2023-10-05 11:06:02 - [TEST_STEP][PASSED] - click(findTestObject("Konfirmasi pesanan shop/button_Submit")): Object: 'Object Repository/Konfirmasi pesanan shop/button_Submit' is clicked on

2023-10-05 11:06:03 - [MESSAGE][PASSED] - Object: 'Object Repository/Konfirmasi pesanan shop/button_Submit' is clicked on

2023-10-05 11:06:03 - [TEST_STEP][PASSED] - verifyElementPresent(findTestObject("Konfirmasi pesanan shop/Tittle nomor invoice"), 0): Object 'Object Repository/Konfirmasi pesanan shop/Tittle nomor invoice' is present

2023-10-05 11:06:03 - [MESSAGE][WARNING] - Timeout '0' is invalid. Using default page load timeout: '30'

2023-10-05 11:06:04 - [MESSAGE][PASSED] - Object 'Object Repository/Konfirmasi pesanan shop/Tittle nomor invoice' is present

2023-10-05 11:06:04 - [TEST_STEP][PASSED] - setText(findTestObject("Konfirmasi pesanan shop/input_Total TagihanTransfer_b"), Total): Text '8,343' is set on object 'Object Repository/Konfirmasi pesanan shop/input_Total TagihanTransfer_b'

2023-10-05 11:06:05 - [MESSAGE][PASSED] - Text '8,343' is set on object 'Object Repository/Konfirmasi pesanan shop/input_Total TagihanTransfer_b'

2023-10-05 11:06:05 - [TEST_STEP][PASSED] - selectOptionByValue(findTestObject("Konfirmasi pesanan shop/select_Bank"), "4", false): All options with value '4' are selected in object 'Object Repository/Konfirmasi pesanan shop/select_Bank' 

2023-10-05 11:06:06 - [MESSAGE][PASSED] - All options with value '4' are selected in object 'Object Repository/Konfirmasi pesanan shop/select_Bank' 

2023-10-05 11:06:06 - [TEST_STEP][PASSED] - setText(findTestObject("Konfirmasi pesanan shop/input_Nama Pengirim_d"), NamaPemesan): Text 'irfan.afandi' is set on object 'Object Repository/Konfirmasi pesanan shop/input_Nama Pengirim_d'

2023-10-05 11:06:07 - [MESSAGE][PASSED] - Text 'irfan.afandi' is set on object 'Object Repository/Konfirmasi pesanan shop/input_Nama Pengirim_d'

2023-10-05 11:06:07 - [TEST_STEP][PASSED] - uploadFile(findTestObject("keranjang/konfirmasi/input_Upload Bukti Transfer_f"), "C:\Users\IRFAN\Downloads\Berkas2.pdf"): File 'C:\Users\IRFAN\Downloads\Berkas2.pdf' sent to object: 'Object Repository/keranjang/konfirmasi/input_Upload Bukti Transfer_f'

2023-10-05 11:06:07 - [MESSAGE][PASSED] - File 'C:\Users\IRFAN\Downloads\Berkas2.pdf' sent to object: 'Object Repository/keranjang/konfirmasi/input_Upload Bukti Transfer_f'

2023-10-05 11:06:07 - [TEST_STEP][PASSED] - click(findTestObject("Konfirmasi pesanan shop/button_Konfirmasi Pembayaran")): Object: 'Object Repository/Konfirmasi pesanan shop/button_Konfirmasi Pembayaran' is clicked on

2023-10-05 11:06:08 - [MESSAGE][PASSED] - Object: 'Object Repository/Konfirmasi pesanan shop/button_Konfirmasi Pembayaran' is clicked on

2023-10-05 11:06:08 - [TEST_STEP][PASSED] - verifyElementPresent(findTestObject("Konfirmasi pesanan shop/Tittle Konfirmasi Pesanan"), 0): Object 'Object Repository/Konfirmasi pesanan shop/Tittle Konfirmasi Pesanan' is present

2023-10-05 11:06:08 - [MESSAGE][WARNING] - Timeout '0' is invalid. Using default page load timeout: '30'

2023-10-05 11:06:09 - [MESSAGE][PASSED] - Object 'Object Repository/Konfirmasi pesanan shop/Tittle Konfirmasi Pesanan' is present

2023-10-05 11:06:09 - [TEST_STEP][PASSED] - verifyElementPresent(findTestObject("Konfirmasi pesanan shop/Tittle massage succes Konfirmasi Pembayaran Pesanan"), 0): Object 'Object Repository/Konfirmasi pesanan shop/Tittle massage succes Konfirmasi Pembayaran Pesanan' is present

2023-10-05 11:06:09 - [MESSAGE][WARNING] - Timeout '0' is invalid. Using default page load timeout: '30'

2023-10-05 11:06:10 - [MESSAGE][PASSED] - Object 'Object Repository/Konfirmasi pesanan shop/Tittle massage succes Konfirmasi Pembayaran Pesanan' is present

2023-10-05 11:06:10 - [TEST_STEP][PASSED] - return data: null

2023-10-05 11:06:10 - [MESSAGE][PASSED] - Call Test Case 'Test Cases/T13 Pembelian, Shipment dan Pembayaran/PBY-004' successfully

2023-10-05 11:06:10 - [TEST_STEP][PASSED] - navigateToUrl("https://10.9.2.63/ecommerce/administrator/"): Navigate to 'https://10.9.2.63/ecommerce/administrator/' successfully

2023-10-05 11:06:10 - [MESSAGE][PASSED] - Navigate to 'https://10.9.2.63/ecommerce/administrator/' successfully

2023-10-05 11:06:10 - [TEST_STEP][PASSED] - verifyElementPresent(findTestObject("admin/Tittle ADMIN Login"), 0): Object 'Object Repository/admin/Tittle ADMIN Login' is present

2023-10-05 11:06:10 - [MESSAGE][WARNING] - Timeout '0' is invalid. Using default page load timeout: '30'

2023-10-05 11:06:11 - [MESSAGE][PASSED] - Object 'Object Repository/admin/Tittle ADMIN Login' is present

2023-10-05 11:06:11 - [TEST_STEP][PASSED] - setText(findTestObject("admin/Username"), "admin"): Text 'admin' is set on object 'Object Repository/admin/Username'

2023-10-05 11:06:11 - [MESSAGE][PASSED] - Text 'admin' is set on object 'Object Repository/admin/Username'

2023-10-05 11:06:11 - [TEST_STEP][PASSED] - setText(findTestObject("admin/Password"), "123admin123"): Text '123admin123' is set on object 'Object Repository/admin/Password'

2023-10-05 11:06:12 - [MESSAGE][PASSED] - Text '123admin123' is set on object 'Object Repository/admin/Password'

2023-10-05 11:06:12 - [TEST_STEP][PASSED] - click(findTestObject("admin/Remember Me")): Object: 'Object Repository/admin/Remember Me' is clicked on

2023-10-05 11:06:13 - [MESSAGE][PASSED] - Object: 'Object Repository/admin/Remember Me' is clicked on

2023-10-05 11:06:13 - [TEST_STEP][PASSED] - delay(10): Delayed 10 second(s)

2023-10-05 11:06:23 - [MESSAGE][PASSED] - Delayed 10 second(s)

2023-10-05 11:06:23 - [TEST_STEP][PASSED] - click(findTestObject("admin/buttom submit")): Object: 'Object Repository/admin/buttom submit' is clicked on

2023-10-05 11:06:25 - [MESSAGE][PASSED] - Object: 'Object Repository/admin/buttom submit' is clicked on

2023-10-05 11:06:25 - [TEST_STEP][PASSED] - verifyElementPresent(findTestObject("admin/Konf order konsumen/Tittle Dashboard"), 0): Object 'Object Repository/admin/Konf order konsumen/Tittle Dashboard' is present

2023-10-05 11:06:25 - [MESSAGE][WARNING] - Timeout '0' is invalid. Using default page load timeout: '30'

2023-10-05 11:06:25 - [MESSAGE][PASSED] - Object 'Object Repository/admin/Konf order konsumen/Tittle Dashboard' is present

2023-10-05 11:06:25 - [TEST_STEP][PASSED] - click(findTestObject("admin/Konf order konsumen/Menu Transaksi Market")): Object: 'Object Repository/admin/Konf order konsumen/Menu Transaksi Market' is clicked on

2023-10-05 11:06:26 - [MESSAGE][PASSED] - Object: 'Object Repository/admin/Konf order konsumen/Menu Transaksi Market' is clicked on

2023-10-05 11:06:26 - [TEST_STEP][PASSED] - click(findTestObject("admin/Konf order konsumen/Menu Konf. Order Konsumen")): Object: 'Object Repository/admin/Konf order konsumen/Menu Konf. Order Konsumen' is clicked on

2023-10-05 11:06:27 - [MESSAGE][PASSED] - Object: 'Object Repository/admin/Konf order konsumen/Menu Konf. Order Konsumen' is clicked on

2023-10-05 11:06:27 - [TEST_STEP][PASSED] - verifyElementPresent(findTestObject("admin/Konf order konsumen/Tittle Data Konfirmasi Pembayaran Konsumen"), 0): Object 'Object Repository/admin/Konf order konsumen/Tittle Data Konfirmasi Pembayaran Konsumen' is present

2023-10-05 11:06:27 - [MESSAGE][WARNING] - Timeout '0' is invalid. Using default page load timeout: '30'

2023-10-05 11:06:27 - [MESSAGE][PASSED] - Object 'Object Repository/admin/Konf order konsumen/Tittle Data Konfirmasi Pembayaran Konsumen' is present

2023-10-05 11:06:27 - [TEST_STEP][PASSED] - inv = data.get("invoice"): null

2023-10-05 11:06:27 - [TEST_STEP][PASSED] - setText(findTestObject("admin/Konf order konsumen/Search"), inv): Text 'TRX60.20231005110544' is set on object 'Object Repository/admin/Konf order konsumen/Search'

2023-10-05 11:06:28 - [MESSAGE][PASSED] - Text 'TRX60.20231005110544' is set on object 'Object Repository/admin/Konf order konsumen/Search'

2023-10-05 11:06:28 - [TEST_STEP][PASSED] - verifyElementText(findTestObject("admin/Konf order konsumen/Keterangan Lunas"), "Lunas"): Actual text and expected text of test object 'Object Repository/admin/Konf order konsumen/Keterangan Lunas' are matched.

2023-10-05 11:06:29 - [MESSAGE][PASSED] - Actual text and expected text of test object 'Object Repository/admin/Konf order konsumen/Keterangan Lunas' are matched.

2023-10-05 11:06:29 - [TEST_STEP][PASSED] - return data: null]]></system-out>
         <system-err><![CDATA[]]></system-err>
      </testcase>
      <testcase name="Test Cases/T13 Pembelian, Shipment dan Pembayaran/SA-001" time="129.379" classname="Test Cases/T13 Pembelian, Shipment dan Pembayaran/SA-001" status="PASSED">
         <system-out><![CDATA[2023-10-05 11:06:29 - [TEST_CASE][PASSED] - Test Cases/T13 Pembelian, Shipment dan Pembayaran/SA-001: Test Cases/T13 Pembelian, Shipment dan Pembayaran/SA-001

2023-10-05 11:06:29 - [TEST_STEP][PASSED] - data = callTestCase(findTestCase("T13 Pembelian, Shipment dan Pembayaran/PBYA-001"), [:], STOP_ON_FAILURE): Call Test Case 'Test Cases/T13 Pembelian, Shipment dan Pembayaran/PBYA-001' successfully

2023-10-05 11:06:29 - [TEST_CASE][PASSED] - Test Cases/T13 Pembelian, Shipment dan Pembayaran/PBYA-001: Test Cases/T13 Pembelian, Shipment dan Pembayaran/PBYA-001

2023-10-05 11:06:29 - [TEST_STEP][PASSED] - data = callTestCase(findTestCase("T13 Pembelian, Shipment dan Pembayaran/PBY-004"), [:], STOP_ON_FAILURE): Call Test Case 'Test Cases/T13 Pembelian, Shipment dan Pembayaran/PBY-004' successfully

2023-10-05 11:06:29 - [TEST_CASE][PASSED] - Test Cases/T13 Pembelian, Shipment dan Pembayaran/PBY-004: Test Cases/T13 Pembelian, Shipment dan Pembayaran/PBY-004

2023-10-05 11:06:29 - [TEST_STEP][PASSED] - data = callTestCase(findTestCase("T13 Pembelian, Shipment dan Pembayaran/PBY-001"), [:], STOP_ON_FAILURE): Call Test Case 'Test Cases/T13 Pembelian, Shipment dan Pembayaran/PBY-001' successfully

2023-10-05 11:06:29 - [TEST_CASE][PASSED] - Test Cases/T13 Pembelian, Shipment dan Pembayaran/PBY-001: Test Cases/T13 Pembelian, Shipment dan Pembayaran/PBY-001

2023-10-05 11:06:29 - [TEST_STEP][PASSED] - data = callTestCase(findTestCase("T13 Pembelian, Shipment dan Pembayaran/PBL-004"), ["Kurir":"Roda 2"], STOP_ON_FAILURE): Call Test Case 'Test Cases/T13 Pembelian, Shipment dan Pembayaran/PBL-004' successfully

2023-10-05 11:06:29 - [TEST_CASE][PASSED] - Test Cases/T13 Pembelian, Shipment dan Pembayaran/PBL-004: Test Cases/T13 Pembelian, Shipment dan Pembayaran/PBL-004

2023-10-05 11:06:29 - [TEST_STEP][PASSED] - data = callTestCase(findTestCase("T13 Pembelian, Shipment dan Pembayaran/PBL-002"), [:], STOP_ON_FAILURE): Call Test Case 'Test Cases/T13 Pembelian, Shipment dan Pembayaran/PBL-002' successfully

2023-10-05 11:06:29 - [TEST_CASE][PASSED] - Test Cases/T13 Pembelian, Shipment dan Pembayaran/PBL-002: Test Cases/T13 Pembelian, Shipment dan Pembayaran/PBL-002

2023-10-05 11:06:29 - [TEST_STEP][PASSED] - data = callTestCase(findTestCase("T13 Pembelian, Shipment dan Pembayaran/PBL-001"), [:], STOP_ON_FAILURE): Call Test Case 'Test Cases/T13 Pembelian, Shipment dan Pembayaran/PBL-001' successfully

2023-10-05 11:06:30 - [TEST_CASE][PASSED] - Test Cases/T13 Pembelian, Shipment dan Pembayaran/PBL-001: Test Cases/T13 Pembelian, Shipment dan Pembayaran/PBL-001

2023-10-05 11:06:30 - [TEST_STEP][PASSED] - callTestCase(findTestCase("T13 Pembelian, Shipment dan Pembayaran/LU-001"), ["username":"irfanafandi", "password":"12345irfan"], STOP_ON_FAILURE): Call Test Case 'Test Cases/T13 Pembelian, Shipment dan Pembayaran/LU-001' successfully

2023-10-05 11:06:30 - [TEST_CASE][PASSED] - Test Cases/T13 Pembelian, Shipment dan Pembayaran/LU-001: Test Cases/T13 Pembelian, Shipment dan Pembayaran/LU-001

2023-10-05 11:06:30 - [TEST_STEP][PASSED] - openBrowser("https://10.9.2.63/ecommerce/"): Browser is opened with url: 'https://10.9.2.63/ecommerce/'

2023-10-05 11:06:30 - [MESSAGE][WARNING] - A browser is already opened. Closing browser and opening a new one

2023-10-05 11:06:30 - [MESSAGE][INFO] - Starting 'Edge Chromium' driver

2023-10-05 11:06:30 - [MESSAGE][INFO] - User set preference: ['acceptInsecureCerts', 'true']

2023-10-05 11:06:33 - [MESSAGE][INFO] - Action delay is set to 0 milliseconds

2023-10-05 11:06:36 - [MESSAGE][PASSED] - Browser is opened with url: 'https://10.9.2.63/ecommerce/'

2023-10-05 11:06:36 - [TEST_STEP][PASSED] - maximizeWindow(): Current window maximized

2023-10-05 11:06:36 - [MESSAGE][PASSED] - Current window maximized

2023-10-05 11:06:36 - [TEST_STEP][PASSED] - verifyElementPresent(findTestObject("Login/Home"), 0): Object 'Object Repository/Login/Home' is present

2023-10-05 11:06:36 - [MESSAGE][WARNING] - Timeout '0' is invalid. Using default page load timeout: '30'

2023-10-05 11:06:37 - [MESSAGE][PASSED] - Object 'Object Repository/Login/Home' is present

2023-10-05 11:06:37 - [TEST_STEP][PASSED] - click(findTestObject("Login/a_Login")): Object: 'Object Repository/Login/a_Login' is clicked on

2023-10-05 11:06:37 - [MESSAGE][PASSED] - Object: 'Object Repository/Login/a_Login' is clicked on

2023-10-05 11:06:37 - [TEST_STEP][PASSED] - verifyElementPresent(findTestObject("Login/Tittle Login"), 0): Object 'Object Repository/Login/Tittle Login' is present

2023-10-05 11:06:37 - [MESSAGE][WARNING] - Timeout '0' is invalid. Using default page load timeout: '30'

2023-10-05 11:06:38 - [MESSAGE][PASSED] - Object 'Object Repository/Login/Tittle Login' is present

2023-10-05 11:06:38 - [TEST_STEP][PASSED] - setText(findTestObject("Login/input_Username, Email atau No. Handphone_a"), username): Text 'irfanafandi' is set on object 'Object Repository/Login/input_Username, Email atau No. Handphone_a'

2023-10-05 11:06:39 - [MESSAGE][PASSED] - Text 'irfanafandi' is set on object 'Object Repository/Login/input_Username, Email atau No. Handphone_a'

2023-10-05 11:06:39 - [TEST_STEP][PASSED] - setText(findTestObject("Login/input_Password_b"), password): Text '12345irfan' is set on object 'Object Repository/Login/input_Password_b'

2023-10-05 11:06:40 - [MESSAGE][PASSED] - Text '12345irfan' is set on object 'Object Repository/Login/input_Password_b'

2023-10-05 11:06:40 - [TEST_STEP][PASSED] - click(findTestObject("Login/label_Ingat saya")): Object: 'Object Repository/Login/label_Ingat saya' is clicked on

2023-10-05 11:06:40 - [MESSAGE][PASSED] - Object: 'Object Repository/Login/label_Ingat saya' is clicked on

2023-10-05 11:06:40 - [TEST_STEP][PASSED] - click(findTestObject("Login/button_Masuk")): Object: 'Object Repository/Login/button_Masuk' is clicked on

2023-10-05 11:06:42 - [MESSAGE][PASSED] - Object: 'Object Repository/Login/button_Masuk' is clicked on

2023-10-05 11:06:42 - [TEST_STEP][PASSED] - verifyElementPresent(findTestObject("Login/li_Profile"), 0): Object 'Object Repository/Login/li_Profile' is present

2023-10-05 11:06:42 - [MESSAGE][WARNING] - Timeout '0' is invalid. Using default page load timeout: '30'

2023-10-05 11:06:42 - [MESSAGE][PASSED] - Object 'Object Repository/Login/li_Profile' is present

2023-10-05 11:06:42 - [MESSAGE][PASSED] - Call Test Case 'Test Cases/T13 Pembelian, Shipment dan Pembayaran/LU-001' successfully

2023-10-05 11:06:42 - [TEST_STEP][PASSED] - mouseOver(findTestObject("beli barang/i_Mulai Belanja_icon-menu")): Object: 'Object Repository/beli barang/i_Mulai Belanja_icon-menu' is hovered

2023-10-05 11:06:43 - [MESSAGE][PASSED] - Object: 'Object Repository/beli barang/i_Mulai Belanja_icon-menu' is hovered

2023-10-05 11:06:43 - [TEST_STEP][PASSED] - click(findTestObject("beli barang/a_Fashion  Busana Wanita")): Object: 'Object Repository/beli barang/a_Fashion  Busana Wanita' is clicked on

2023-10-05 11:06:44 - [MESSAGE][PASSED] - Object: 'Object Repository/beli barang/a_Fashion  Busana Wanita' is clicked on

2023-10-05 11:06:44 - [TEST_STEP][PASSED] - NamaSebelum = getText(findTestObject("verifikasi/Nama sebelum")): Text of object 'Object Repository/verifikasi/Nama sebelum' is: ''

2023-10-05 11:06:45 - [MESSAGE][PASSED] - Text of object 'Object Repository/verifikasi/Nama sebelum' is: ''

2023-10-05 11:06:45 - [TEST_STEP][PASSED] - HargaSebelum = getText(findTestObject("verifikasi/Harga sebelum")): Text of object 'Object Repository/verifikasi/Harga sebelum' is: 'Rp 1,299'

2023-10-05 11:06:45 - [MESSAGE][PASSED] - Text of object 'Object Repository/verifikasi/Harga sebelum' is: 'Rp 1,299'

2023-10-05 11:06:45 - [TEST_STEP][PASSED] - mouseOver(findTestObject("beli barang/barang mouse over")): Object: 'Object Repository/beli barang/barang mouse over' is hovered

2023-10-05 11:06:46 - [MESSAGE][PASSED] - Object: 'Object Repository/beli barang/barang mouse over' is hovered

2023-10-05 11:06:46 - [TEST_STEP][PASSED] - click(findTestObject("beli barang/buttom add to cart")): Object: 'Object Repository/beli barang/buttom add to cart' is clicked on

2023-10-05 11:06:47 - [MESSAGE][PASSED] - Object: 'Object Repository/beli barang/buttom add to cart' is clicked on

2023-10-05 11:06:47 - [TEST_STEP][PASSED] - NamaSesudah = getText(findTestObject("verifikasi/Nama sesudah")): Text of object 'Object Repository/verifikasi/Nama sesudah' is: 'Segitiga Instan Madeira - MDB5.3 Sunset'

2023-10-05 11:07:18 - [MESSAGE][PASSED] - Text of object 'Object Repository/verifikasi/Nama sesudah' is: 'Segitiga Instan Madeira - MDB5.3 Sunset'

2023-10-05 11:07:18 - [TEST_STEP][PASSED] - HargaSesudah = getText(findTestObject("verifikasi/Harga sesudah")): Text of object 'Object Repository/verifikasi/Harga sesudah' is: 'Rp 1,299'

2023-10-05 11:07:33 - [MESSAGE][PASSED] - Text of object 'Object Repository/verifikasi/Harga sesudah' is: 'Rp 1,299'

2023-10-05 11:07:33 - [TEST_STEP][PASSED] - assert NamaSesudah.contains(NamaSebelum): null

2023-10-05 11:07:33 - [TEST_STEP][PASSED] - assert HargaSesudah.contains(HargaSebelum): null

2023-10-05 11:07:33 - [TEST_STEP][PASSED] - click(findTestObject("beli barang/Tambah Keranjang busana wanita")): Object: 'Object Repository/beli barang/Tambah Keranjang busana wanita' is clicked on

2023-10-05 11:07:33 - [MESSAGE][PASSED] - Object: 'Object Repository/beli barang/Tambah Keranjang busana wanita' is clicked on

2023-10-05 11:07:33 - [TEST_STEP][PASSED] - verifyElementPresent(findTestObject("checkout/Notifikasi keranjang"), 1): Object 'Object Repository/checkout/Notifikasi keranjang' is present

2023-10-05 11:07:34 - [MESSAGE][PASSED] - Object 'Object Repository/checkout/Notifikasi keranjang' is present

2023-10-05 11:07:34 - [TEST_STEP][PASSED] - data = new java.util.HashMap(): null

2023-10-05 11:07:34 - [TEST_STEP][PASSED] - data.put("nama_barang", NamaSesudah): null

2023-10-05 11:07:34 - [TEST_STEP][PASSED] - data.put("price_barang", HargaSesudah): null

2023-10-05 11:07:34 - [TEST_STEP][PASSED] - return data: null

2023-10-05 11:07:34 - [MESSAGE][PASSED] - Call Test Case 'Test Cases/T13 Pembelian, Shipment dan Pembayaran/PBL-001' successfully

2023-10-05 11:07:34 - [TEST_STEP][PASSED] - mouseOver(findTestObject("beli barang/keranjang")): Object: 'Object Repository/beli barang/keranjang' is hovered

2023-10-05 11:07:35 - [MESSAGE][PASSED] - Object: 'Object Repository/beli barang/keranjang' is hovered

2023-10-05 11:07:35 - [TEST_STEP][PASSED] - click(findTestObject("beli barang/Lihat Sekarang")): Object: 'Object Repository/beli barang/Lihat Sekarang' is clicked on

2023-10-05 11:07:35 - [MESSAGE][PASSED] - Object: 'Object Repository/beli barang/Lihat Sekarang' is clicked on

2023-10-05 11:07:35 - [TEST_STEP][PASSED] - verifyElementPresent(findTestObject("keranjang/li_Keranjang Belanja"), 0): Object 'Object Repository/keranjang/li_Keranjang Belanja' is present

2023-10-05 11:07:36 - [MESSAGE][WARNING] - Timeout '0' is invalid. Using default page load timeout: '30'

2023-10-05 11:07:37 - [MESSAGE][PASSED] - Object 'Object Repository/keranjang/li_Keranjang Belanja' is present

2023-10-05 11:07:37 - [TEST_STEP][PASSED] - NamaKeranjang = getText(findTestObject("verifikasi/Nama keranjang")): Text of object 'Object Repository/verifikasi/Nama keranjang' is: 'Segitiga Instan Madeira - MDB5.3 Sunset'

2023-10-05 11:07:37 - [MESSAGE][PASSED] - Text of object 'Object Repository/verifikasi/Nama keranjang' is: 'Segitiga Instan Madeira - MDB5.3 Sunset'

2023-10-05 11:07:37 - [TEST_STEP][PASSED] - HargaKeranjang = getText(findTestObject("verifikasi/Harga Keranjang")): Text of object 'Object Repository/verifikasi/Harga Keranjang' is: 'Rp 1,299'

2023-10-05 11:07:38 - [MESSAGE][PASSED] - Text of object 'Object Repository/verifikasi/Harga Keranjang' is: 'Rp 1,299'

2023-10-05 11:07:38 - [TEST_STEP][PASSED] - if (toString().equalsIgnoreCase("Merah")): Object 'Object Repository/keranjang/input_Warna_variasi101' is checked

2023-10-05 11:07:38 - [TEST_STEP][PASSED] - check(findTestObject("Object Repository/keranjang/input_Warna_variasi101")): Object 'Object Repository/keranjang/input_Warna_variasi101' is checked

2023-10-05 11:07:38 - [MESSAGE][PASSED] - Object 'Object Repository/keranjang/input_Warna_variasi101' is checked

2023-10-05 11:07:38 - [TEST_STEP][PASSED] - if (toString().equalsIgnoreCase("Menengah")): Object 'Object Repository/keranjang/input_Ukuran_variasi201' is checked

2023-10-05 11:07:38 - [TEST_STEP][PASSED] - check(findTestObject("Object Repository/keranjang/input_Ukuran_variasi201")): Object 'Object Repository/keranjang/input_Ukuran_variasi201' is checked

2023-10-05 11:07:38 - [MESSAGE][PASSED] - Object 'Object Repository/keranjang/input_Ukuran_variasi201' is checked

2023-10-05 11:07:38 - [TEST_STEP][PASSED] - data.put("Warna", warna): null

2023-10-05 11:07:38 - [TEST_STEP][PASSED] - data.put("Ukuran", ukuran): null

2023-10-05 11:07:38 - [TEST_STEP][PASSED] - click(findTestObject("keranjang/button_Lanjut ke Pembayaran")): Object: 'Object Repository/keranjang/button_Lanjut ke Pembayaran' is clicked on

2023-10-05 11:07:40 - [MESSAGE][PASSED] - Object: 'Object Repository/keranjang/button_Lanjut ke Pembayaran' is clicked on

2023-10-05 11:07:40 - [TEST_STEP][PASSED] - verifyElementPresent(findTestObject("checkout/Tittle Checkout Order"), 0): Object 'Object Repository/checkout/Tittle Checkout Order' is present

2023-10-05 11:07:40 - [MESSAGE][WARNING] - Timeout '0' is invalid. Using default page load timeout: '30'

2023-10-05 11:07:40 - [MESSAGE][PASSED] - Object 'Object Repository/checkout/Tittle Checkout Order' is present

2023-10-05 11:07:40 - [TEST_STEP][PASSED] - name_product = data.get("nama_barang"): null

2023-10-05 11:07:40 - [TEST_STEP][PASSED] - price_product = data.get("price_barang"): null

2023-10-05 11:07:40 - [TEST_STEP][PASSED] - assert name_product == NamaKeranjang: null

2023-10-05 11:07:40 - [TEST_STEP][PASSED] - assert price_product == HargaKeranjang: null

2023-10-05 11:07:40 - [TEST_STEP][PASSED] - return data: null

2023-10-05 11:07:40 - [MESSAGE][PASSED] - Call Test Case 'Test Cases/T13 Pembelian, Shipment dan Pembayaran/PBL-002' successfully

2023-10-05 11:07:40 - [TEST_STEP][PASSED] - warnaa = getText(findTestObject("verifikasi/warna Merah")): Text of object 'Object Repository/verifikasi/warna Merah' is: 'Merah'

2023-10-05 11:07:41 - [MESSAGE][PASSED] - Text of object 'Object Repository/verifikasi/warna Merah' is: 'Merah'

2023-10-05 11:07:41 - [TEST_STEP][PASSED] - ukurann = getText(findTestObject("verifikasi/Ukuran Menengah")): Text of object 'Object Repository/verifikasi/Ukuran Menengah' is: 'Menengah'

2023-10-05 11:07:41 - [MESSAGE][PASSED] - Text of object 'Object Repository/verifikasi/Ukuran Menengah' is: 'Menengah'

2023-10-05 11:07:41 - [TEST_STEP][PASSED] - warna1 = data.get("Warna"): null

2023-10-05 11:07:41 - [TEST_STEP][PASSED] - ukuran1 = data.get("Ukuran"): null

2023-10-05 11:07:41 - [TEST_STEP][PASSED] - assert warnaa == warna1: null

2023-10-05 11:07:41 - [TEST_STEP][PASSED] - assert ukurann == ukuran1: null

2023-10-05 11:07:41 - [TEST_STEP][PASSED] - NamaCheckout = getText(findTestObject("verifikasi/NamaCheckout")): Text of object 'Object Repository/verifikasi/NamaCheckout' is: ''

2023-10-05 11:07:42 - [MESSAGE][PASSED] - Text of object 'Object Repository/verifikasi/NamaCheckout' is: ''

2023-10-05 11:07:42 - [TEST_STEP][PASSED] - HargaCheckout = getText(findTestObject("verifikasi/HargaCheckout")): Text of object 'Object Repository/verifikasi/HargaCheckout' is: '1,299'

2023-10-05 11:07:42 - [MESSAGE][PASSED] - Text of object 'Object Repository/verifikasi/HargaCheckout' is: '1,299'

2023-10-05 11:07:42 - [TEST_STEP][PASSED] - name_product = data.get("nama_barang"): null

2023-10-05 11:07:42 - [TEST_STEP][PASSED] - price_product = data.get("price_barang"): null

2023-10-05 11:07:42 - [TEST_STEP][PASSED] - assert name_product.contains(NamaCheckout): null

2023-10-05 11:07:42 - [TEST_STEP][PASSED] - assert price_product.contains(HargaCheckout): null

2023-10-05 11:07:42 - [TEST_STEP][PASSED] - selectOptionByLabel(findTestObject("checkout/select - Kirim via Kurir Lokal"), Kurir, false): All options with label 'Roda 2' are selected in object 'Object Repository/checkout/select - Kirim via Kurir Lokal' 

2023-10-05 11:07:43 - [MESSAGE][PASSED] - All options with label 'Roda 2' are selected in object 'Object Repository/checkout/select - Kirim via Kurir Lokal' 

2023-10-05 11:07:43 - [TEST_STEP][PASSED] - click(findTestObject("checkout/Kendaraan Kurir")): Object: 'Object Repository/checkout/Kendaraan Kurir' is clicked on

2023-10-05 11:07:44 - [MESSAGE][PASSED] - Object: 'Object Repository/checkout/Kendaraan Kurir' is clicked on

2023-10-05 11:07:44 - [TEST_STEP][PASSED] - OngkosKirim = getText(findTestObject("Object Repository/verifikasi/Ongkos Kirim checkout")): Text of object 'Object Repository/verifikasi/Ongkos Kirim checkout' is: 'Rp. 5,000'

2023-10-05 11:07:44 - [MESSAGE][PASSED] - Text of object 'Object Repository/verifikasi/Ongkos Kirim checkout' is: 'Rp. 5,000'

2023-10-05 11:07:44 - [TEST_STEP][PASSED] - Ongkos = OngkosKirim.substring(3, OngkosKirim.size()): null

2023-10-05 11:07:44 - [TEST_STEP][PASSED] - rep = Ongkos.replace(",", "."): null

2023-10-05 11:07:44 - [TEST_STEP][PASSED] - Ongkos_kirim = Double.parseDouble(rep): null

2023-10-05 11:07:44 - [TEST_STEP][PASSED] - println(Ongkos_kirim): null

2023-10-05 11:07:44 - [TEST_STEP][PASSED] - FeeAdmin = getText(findTestObject("verifikasi/Fee Admin checkout")): Text of object 'Object Repository/verifikasi/Fee Admin checkout' is: 'Fee Admin
Rp 1,500'

2023-10-05 11:07:44 - [MESSAGE][PASSED] - Text of object 'Object Repository/verifikasi/Fee Admin checkout' is: 'Fee Admin
Rp 1,500'

2023-10-05 11:07:44 - [TEST_STEP][PASSED] - Fee_Admin = FeeAdmin.substring(12, FeeAdmin.size()): null

2023-10-05 11:07:44 - [TEST_STEP][PASSED] - fee = Fee_Admin.replace(",", "."): null

2023-10-05 11:07:44 - [TEST_STEP][PASSED] - fee_admin = Double.parseDouble(fee): null

2023-10-05 11:07:44 - [TEST_STEP][PASSED] - println(fee_admin): null

2023-10-05 11:07:44 - [TEST_STEP][PASSED] - Subtotal = getText(findTestObject("verifikasi/subtotal checkout")): Text of object 'Object Repository/verifikasi/subtotal checkout' is: 'Subtotal
Rp 1,299'

2023-10-05 11:07:45 - [MESSAGE][PASSED] - Text of object 'Object Repository/verifikasi/subtotal checkout' is: 'Subtotal
Rp 1,299'

2023-10-05 11:07:45 - [TEST_STEP][PASSED] - sub_total = Subtotal.substring(12, Subtotal.size()): null

2023-10-05 11:07:45 - [TEST_STEP][PASSED] - sub = sub_total.replace(",", "."): null

2023-10-05 11:07:45 - [TEST_STEP][PASSED] - sub_total = Double.parseDouble(sub): null

2023-10-05 11:07:45 - [TEST_STEP][PASSED] - println(sub_total): null

2023-10-05 11:07:45 - [TEST_STEP][PASSED] - Total = getText(findTestObject("verifikasi/Total checkout")): Text of object 'Object Repository/verifikasi/Total checkout' is: 'Rp 7,799'

2023-10-05 11:07:46 - [MESSAGE][PASSED] - Text of object 'Object Repository/verifikasi/Total checkout' is: 'Rp 7,799'

2023-10-05 11:07:46 - [TEST_STEP][PASSED] - totall = Total.substring(3, Total.size()): null

2023-10-05 11:07:46 - [TEST_STEP][PASSED] - total = totall.replace(",", "."): null

2023-10-05 11:07:46 - [TEST_STEP][PASSED] - totall = Double.parseDouble(total): null

2023-10-05 11:07:46 - [TEST_STEP][PASSED] - println(totall): null

2023-10-05 11:07:46 - [TEST_STEP][PASSED] - Total_Harga = Ongkos_kirim + fee_admin + sub_total: null

2023-10-05 11:07:46 - [TEST_STEP][PASSED] - println(Total_Harga): null

2023-10-05 11:07:46 - [TEST_STEP][PASSED] - TotalHarga = Math.round(Total_Harga * 1000) / 1000: null

2023-10-05 11:07:46 - [TEST_STEP][PASSED] - println(TotalHarga): null

2023-10-05 11:07:46 - [TEST_STEP][PASSED] - assert totall == TotalHarga: null

2023-10-05 11:07:46 - [TEST_STEP][PASSED] - click(findTestObject("verifikasi/Metode Transfer")): Object: 'Object Repository/verifikasi/Metode Transfer' is clicked on

2023-10-05 11:07:46 - [MESSAGE][PASSED] - Object: 'Object Repository/verifikasi/Metode Transfer' is clicked on

2023-10-05 11:07:46 - [TEST_STEP][PASSED] - click(findTestObject("checkout/button_Proses Pembayaran")): Object: 'Object Repository/checkout/button_Proses Pembayaran' is clicked on

2023-10-05 11:07:55 - [MESSAGE][PASSED] - Object: 'Object Repository/checkout/button_Proses Pembayaran' is clicked on

2023-10-05 11:07:55 - [TEST_STEP][PASSED] - verifyElementPresent(findTestObject("pembayaran/Tittle nomor invoice"), 0): Object 'Object Repository/pembayaran/Tittle nomor invoice' is present

2023-10-05 11:07:55 - [MESSAGE][WARNING] - Timeout '0' is invalid. Using default page load timeout: '30'

2023-10-05 11:07:55 - [MESSAGE][PASSED] - Object 'Object Repository/pembayaran/Tittle nomor invoice' is present

2023-10-05 11:07:55 - [TEST_STEP][PASSED] - return data: null

2023-10-05 11:07:55 - [MESSAGE][PASSED] - Call Test Case 'Test Cases/T13 Pembelian, Shipment dan Pembayaran/PBL-004' successfully

2023-10-05 11:07:55 - [TEST_STEP][PASSED] - Invoice = getText(findTestObject("pembayaran/nomor invoice")): Text of object 'Object Repository/pembayaran/nomor invoice' is: 'TRX60.20231005110749'

2023-10-05 11:07:56 - [MESSAGE][PASSED] - Text of object 'Object Repository/pembayaran/nomor invoice' is: 'TRX60.20231005110749'

2023-10-05 11:07:56 - [TEST_STEP][PASSED] - data.put("invoice", Invoice): null

2023-10-05 11:07:56 - [TEST_STEP][PASSED] - NamaPemesan = getText(findTestObject("Konfirmasi pesanan shop/Nama pemesan")): Text of object 'Object Repository/Konfirmasi pesanan shop/Nama pemesan' is: 'irfan.afandi'

2023-10-05 11:07:56 - [MESSAGE][PASSED] - Text of object 'Object Repository/Konfirmasi pesanan shop/Nama pemesan' is: 'irfan.afandi'

2023-10-05 11:07:56 - [TEST_STEP][PASSED] - Nama = getText(findTestObject("pembayaran/Nama barang")): Text of object 'Object Repository/pembayaran/Nama barang' is: 'Segitiga Instan Madeira - MDB5.3 Sunset'

2023-10-05 11:07:57 - [MESSAGE][PASSED] - Text of object 'Object Repository/pembayaran/Nama barang' is: 'Segitiga Instan Madeira - MDB5.3 Sunset'

2023-10-05 11:07:57 - [TEST_STEP][PASSED] - Harga = getText(findTestObject("pembayaran/Harga barang")): Text of object 'Object Repository/pembayaran/Harga barang' is: '1,299'

2023-10-05 11:07:57 - [MESSAGE][PASSED] - Text of object 'Object Repository/pembayaran/Harga barang' is: '1,299'

2023-10-05 11:07:57 - [TEST_STEP][PASSED] - name_product = data.get("nama_barang"): null

2023-10-05 11:07:57 - [TEST_STEP][PASSED] - price_product = data.get("price_barang"): null

2023-10-05 11:07:57 - [TEST_STEP][PASSED] - assert name_product.contains(Nama): null

2023-10-05 11:07:57 - [TEST_STEP][PASSED] - assert price_product.contains(Harga): null

2023-10-05 11:07:57 - [TEST_STEP][PASSED] - warnaa = getText(findTestObject("pembayaran/warna")): Text of object 'Object Repository/pembayaran/warna' is: 'Merah'

2023-10-05 11:07:58 - [MESSAGE][PASSED] - Text of object 'Object Repository/pembayaran/warna' is: 'Merah'

2023-10-05 11:07:58 - [TEST_STEP][PASSED] - ukurann = getText(findTestObject("pembayaran/ukuran")): Text of object 'Object Repository/pembayaran/ukuran' is: 'Menengah'

2023-10-05 11:07:58 - [MESSAGE][PASSED] - Text of object 'Object Repository/pembayaran/ukuran' is: 'Menengah'

2023-10-05 11:07:58 - [TEST_STEP][PASSED] - warna1 = data.get("Warna"): null

2023-10-05 11:07:58 - [TEST_STEP][PASSED] - ukuran1 = data.get("Ukuran"): null

2023-10-05 11:07:58 - [TEST_STEP][PASSED] - assert warnaa == warna1: null

2023-10-05 11:07:58 - [TEST_STEP][PASSED] - assert ukurann == ukuran1: null

2023-10-05 11:07:58 - [TEST_STEP][PASSED] - statusPembelian = getText(findTestObject("verifikasi/Status pending di pembelian")): Text of object 'Object Repository/verifikasi/Status pending di pembelian' is: 'Pending'

2023-10-05 11:07:59 - [MESSAGE][PASSED] - Text of object 'Object Repository/verifikasi/Status pending di pembelian' is: 'Pending'

2023-10-05 11:07:59 - [TEST_STEP][PASSED] - data.put("statusPem", statusPembelian): null

2023-10-05 11:07:59 - [TEST_STEP][PASSED] - OngkosKirim = getText(findTestObject("pembayaran/ongkos kirim")): Text of object 'Object Repository/pembayaran/ongkos kirim' is: 'Rp 5,000'

2023-10-05 11:07:59 - [MESSAGE][PASSED] - Text of object 'Object Repository/pembayaran/ongkos kirim' is: 'Rp 5,000'

2023-10-05 11:07:59 - [TEST_STEP][PASSED] - Ongkos = OngkosKirim.substring(3, OngkosKirim.size()): null

2023-10-05 11:07:59 - [TEST_STEP][PASSED] - rep = Ongkos.replace(",", ""): null

2023-10-05 11:07:59 - [TEST_STEP][PASSED] - Ongkos_kirimm = Integer.parseInt(rep): null

2023-10-05 11:07:59 - [TEST_STEP][PASSED] - println(Ongkos_kirimm): null

2023-10-05 11:07:59 - [TEST_STEP][PASSED] - FeeAdmin = getText(findTestObject("pembayaran/fee admin")): Text of object 'Object Repository/pembayaran/fee admin' is: 'Rp 1,500'

2023-10-05 11:08:00 - [MESSAGE][PASSED] - Text of object 'Object Repository/pembayaran/fee admin' is: 'Rp 1,500'

2023-10-05 11:08:00 - [TEST_STEP][PASSED] - Fee_Admin = FeeAdmin.substring(3, FeeAdmin.size()): null

2023-10-05 11:08:00 - [TEST_STEP][PASSED] - fee = Fee_Admin.replace(",", ""): null

2023-10-05 11:08:00 - [TEST_STEP][PASSED] - fee_adminn = Integer.parseInt(fee): null

2023-10-05 11:08:00 - [TEST_STEP][PASSED] - println(fee_adminn): null

2023-10-05 11:08:00 - [TEST_STEP][PASSED] - Subtotal = getText(findTestObject("pembayaran/subtotal")): Text of object 'Object Repository/pembayaran/subtotal' is: 'Rp 1,299'

2023-10-05 11:08:00 - [MESSAGE][PASSED] - Text of object 'Object Repository/pembayaran/subtotal' is: 'Rp 1,299'

2023-10-05 11:08:00 - [TEST_STEP][PASSED] - sub_total = Subtotal.substring(3, Subtotal.size()): null

2023-10-05 11:08:00 - [TEST_STEP][PASSED] - sub = sub_total.replace(",", ""): null

2023-10-05 11:08:00 - [TEST_STEP][PASSED] - sub_totall = Integer.parseInt(sub): null

2023-10-05 11:08:00 - [TEST_STEP][PASSED] - println(sub_totall): null

2023-10-05 11:08:00 - [TEST_STEP][PASSED] - unik = getText(findTestObject("pembayaran/kode unik")): Text of object 'Object Repository/pembayaran/kode unik' is: '+749'

2023-10-05 11:08:01 - [MESSAGE][PASSED] - Text of object 'Object Repository/pembayaran/kode unik' is: '+749'

2023-10-05 11:08:01 - [TEST_STEP][PASSED] - unikk = unik.replace("+", ""): null

2023-10-05 11:08:01 - [TEST_STEP][PASSED] - kode_unik = Integer.parseInt(unikk): null

2023-10-05 11:08:01 - [TEST_STEP][PASSED] - println(kode_unik): null

2023-10-05 11:08:01 - [TEST_STEP][PASSED] - Total = getText(findTestObject("pembayaran/total")): Text of object 'Object Repository/pembayaran/total' is: '8,548'

2023-10-05 11:08:01 - [MESSAGE][PASSED] - Text of object 'Object Repository/pembayaran/total' is: '8,548'

2023-10-05 11:08:01 - [TEST_STEP][PASSED] - total = Total.replace(",", ""): null

2023-10-05 11:08:01 - [TEST_STEP][PASSED] - totalll = Integer.parseInt(total): null

2023-10-05 11:08:01 - [TEST_STEP][PASSED] - println(totalll): null

2023-10-05 11:08:01 - [TEST_STEP][PASSED] - Total_Hargaa = Ongkos_kirimm + fee_adminn + sub_totall + kode_unik: null

2023-10-05 11:08:01 - [TEST_STEP][PASSED] - println(Total_Hargaa): null

2023-10-05 11:08:01 - [TEST_STEP][PASSED] - assert totalll == Total_Hargaa: null

2023-10-05 11:08:01 - [TEST_STEP][PASSED] - data.put("total", Total): null

2023-10-05 11:08:01 - [TEST_STEP][PASSED] - data.put("nama", NamaPemesan): null

2023-10-05 11:08:01 - [TEST_STEP][PASSED] - return data: null

2023-10-05 11:08:01 - [MESSAGE][PASSED] - Call Test Case 'Test Cases/T13 Pembelian, Shipment dan Pembayaran/PBY-001' successfully

2023-10-05 11:08:01 - [TEST_STEP][PASSED] - inv = data.get("invoice"): null

2023-10-05 11:08:01 - [TEST_STEP][PASSED] - Total = data.get("total"): null

2023-10-05 11:08:01 - [TEST_STEP][PASSED] - NamaPemesan = data.get("nama"): null

2023-10-05 11:08:01 - [TEST_STEP][PASSED] - click(findTestObject("Konfirmasi pesanan shop/Menu Shop")): Object: 'Object Repository/Konfirmasi pesanan shop/Menu Shop' is clicked on

2023-10-05 11:08:03 - [MESSAGE][PASSED] - Object: 'Object Repository/Konfirmasi pesanan shop/Menu Shop' is clicked on

2023-10-05 11:08:03 - [TEST_STEP][PASSED] - click(findTestObject("Konfirmasi pesanan shop/Menu Shop")): Object: 'Object Repository/Konfirmasi pesanan shop/Menu Shop' is clicked on

2023-10-05 11:08:04 - [MESSAGE][PASSED] - Object: 'Object Repository/Konfirmasi pesanan shop/Menu Shop' is clicked on

2023-10-05 11:08:04 - [TEST_STEP][PASSED] - click(findTestObject("Konfirmasi pesanan shop/Konfirmasi Orders")): Object: 'Object Repository/Konfirmasi pesanan shop/Konfirmasi Orders' is clicked on

2023-10-05 11:08:05 - [MESSAGE][PASSED] - Object: 'Object Repository/Konfirmasi pesanan shop/Konfirmasi Orders' is clicked on

2023-10-05 11:08:05 - [TEST_STEP][PASSED] - verifyElementPresent(findTestObject("Konfirmasi pesanan shop/Tittle Konfirmasi Pesanan"), 0): Object 'Object Repository/Konfirmasi pesanan shop/Tittle Konfirmasi Pesanan' is present

2023-10-05 11:08:05 - [MESSAGE][WARNING] - Timeout '0' is invalid. Using default page load timeout: '30'

2023-10-05 11:08:06 - [MESSAGE][PASSED] - Object 'Object Repository/Konfirmasi pesanan shop/Tittle Konfirmasi Pesanan' is present

2023-10-05 11:08:06 - [TEST_STEP][PASSED] - setText(findTestObject("Konfirmasi pesanan shop/input_No Pesanan"), inv): Text 'TRX60.20231005110749' is set on object 'Object Repository/Konfirmasi pesanan shop/input_No Pesanan'

2023-10-05 11:08:06 - [MESSAGE][PASSED] - Text 'TRX60.20231005110749' is set on object 'Object Repository/Konfirmasi pesanan shop/input_No Pesanan'

2023-10-05 11:08:06 - [TEST_STEP][PASSED] - setText(findTestObject("Konfirmasi pesanan shop/input_Alamat E-mai"), "irfan@gmail.com"): Text 'irfan@gmail.com' is set on object 'Object Repository/Konfirmasi pesanan shop/input_Alamat E-mai'

2023-10-05 11:08:07 - [MESSAGE][PASSED] - Text 'irfan@gmail.com' is set on object 'Object Repository/Konfirmasi pesanan shop/input_Alamat E-mai'

2023-10-05 11:08:07 - [TEST_STEP][PASSED] - click(findTestObject("Konfirmasi pesanan shop/button_Submit")): Object: 'Object Repository/Konfirmasi pesanan shop/button_Submit' is clicked on

2023-10-05 11:08:08 - [MESSAGE][PASSED] - Object: 'Object Repository/Konfirmasi pesanan shop/button_Submit' is clicked on

2023-10-05 11:08:08 - [TEST_STEP][PASSED] - verifyElementPresent(findTestObject("Konfirmasi pesanan shop/Tittle nomor invoice"), 0): Object 'Object Repository/Konfirmasi pesanan shop/Tittle nomor invoice' is present

2023-10-05 11:08:08 - [MESSAGE][WARNING] - Timeout '0' is invalid. Using default page load timeout: '30'

2023-10-05 11:08:09 - [MESSAGE][PASSED] - Object 'Object Repository/Konfirmasi pesanan shop/Tittle nomor invoice' is present

2023-10-05 11:08:09 - [TEST_STEP][PASSED] - setText(findTestObject("Konfirmasi pesanan shop/input_Total TagihanTransfer_b"), Total): Text '8,548' is set on object 'Object Repository/Konfirmasi pesanan shop/input_Total TagihanTransfer_b'

2023-10-05 11:08:10 - [MESSAGE][PASSED] - Text '8,548' is set on object 'Object Repository/Konfirmasi pesanan shop/input_Total TagihanTransfer_b'

2023-10-05 11:08:10 - [TEST_STEP][PASSED] - selectOptionByValue(findTestObject("Konfirmasi pesanan shop/select_Bank"), "4", false): All options with value '4' are selected in object 'Object Repository/Konfirmasi pesanan shop/select_Bank' 

2023-10-05 11:08:11 - [MESSAGE][PASSED] - All options with value '4' are selected in object 'Object Repository/Konfirmasi pesanan shop/select_Bank' 

2023-10-05 11:08:11 - [TEST_STEP][PASSED] - setText(findTestObject("Konfirmasi pesanan shop/input_Nama Pengirim_d"), NamaPemesan): Text 'irfan.afandi' is set on object 'Object Repository/Konfirmasi pesanan shop/input_Nama Pengirim_d'

2023-10-05 11:08:12 - [MESSAGE][PASSED] - Text 'irfan.afandi' is set on object 'Object Repository/Konfirmasi pesanan shop/input_Nama Pengirim_d'

2023-10-05 11:08:12 - [TEST_STEP][PASSED] - uploadFile(findTestObject("keranjang/konfirmasi/input_Upload Bukti Transfer_f"), "C:\Users\IRFAN\Downloads\Berkas2.pdf"): File 'C:\Users\IRFAN\Downloads\Berkas2.pdf' sent to object: 'Object Repository/keranjang/konfirmasi/input_Upload Bukti Transfer_f'

2023-10-05 11:08:12 - [MESSAGE][PASSED] - File 'C:\Users\IRFAN\Downloads\Berkas2.pdf' sent to object: 'Object Repository/keranjang/konfirmasi/input_Upload Bukti Transfer_f'

2023-10-05 11:08:12 - [TEST_STEP][PASSED] - click(findTestObject("Konfirmasi pesanan shop/button_Konfirmasi Pembayaran")): Object: 'Object Repository/Konfirmasi pesanan shop/button_Konfirmasi Pembayaran' is clicked on

2023-10-05 11:08:13 - [MESSAGE][PASSED] - Object: 'Object Repository/Konfirmasi pesanan shop/button_Konfirmasi Pembayaran' is clicked on

2023-10-05 11:08:13 - [TEST_STEP][PASSED] - verifyElementPresent(findTestObject("Konfirmasi pesanan shop/Tittle Konfirmasi Pesanan"), 0): Object 'Object Repository/Konfirmasi pesanan shop/Tittle Konfirmasi Pesanan' is present

2023-10-05 11:08:13 - [MESSAGE][WARNING] - Timeout '0' is invalid. Using default page load timeout: '30'

2023-10-05 11:08:14 - [MESSAGE][PASSED] - Object 'Object Repository/Konfirmasi pesanan shop/Tittle Konfirmasi Pesanan' is present

2023-10-05 11:08:14 - [TEST_STEP][PASSED] - verifyElementPresent(findTestObject("Konfirmasi pesanan shop/Tittle massage succes Konfirmasi Pembayaran Pesanan"), 0): Object 'Object Repository/Konfirmasi pesanan shop/Tittle massage succes Konfirmasi Pembayaran Pesanan' is present

2023-10-05 11:08:14 - [MESSAGE][WARNING] - Timeout '0' is invalid. Using default page load timeout: '30'

2023-10-05 11:08:14 - [MESSAGE][PASSED] - Object 'Object Repository/Konfirmasi pesanan shop/Tittle massage succes Konfirmasi Pembayaran Pesanan' is present

2023-10-05 11:08:14 - [TEST_STEP][PASSED] - return data: null

2023-10-05 11:08:14 - [MESSAGE][PASSED] - Call Test Case 'Test Cases/T13 Pembelian, Shipment dan Pembayaran/PBY-004' successfully

2023-10-05 11:08:14 - [TEST_STEP][PASSED] - navigateToUrl("https://10.9.2.63/ecommerce/administrator/"): Navigate to 'https://10.9.2.63/ecommerce/administrator/' successfully

2023-10-05 11:08:15 - [MESSAGE][PASSED] - Navigate to 'https://10.9.2.63/ecommerce/administrator/' successfully

2023-10-05 11:08:15 - [TEST_STEP][PASSED] - verifyElementPresent(findTestObject("admin/Tittle ADMIN Login"), 0): Object 'Object Repository/admin/Tittle ADMIN Login' is present

2023-10-05 11:08:15 - [MESSAGE][WARNING] - Timeout '0' is invalid. Using default page load timeout: '30'

2023-10-05 11:08:16 - [MESSAGE][PASSED] - Object 'Object Repository/admin/Tittle ADMIN Login' is present

2023-10-05 11:08:16 - [TEST_STEP][PASSED] - setText(findTestObject("admin/Username"), "admin"): Text 'admin' is set on object 'Object Repository/admin/Username'

2023-10-05 11:08:16 - [MESSAGE][PASSED] - Text 'admin' is set on object 'Object Repository/admin/Username'

2023-10-05 11:08:16 - [TEST_STEP][PASSED] - setText(findTestObject("admin/Password"), "123admin123"): Text '123admin123' is set on object 'Object Repository/admin/Password'

2023-10-05 11:08:17 - [MESSAGE][PASSED] - Text '123admin123' is set on object 'Object Repository/admin/Password'

2023-10-05 11:08:17 - [TEST_STEP][PASSED] - click(findTestObject("admin/Remember Me")): Object: 'Object Repository/admin/Remember Me' is clicked on

2023-10-05 11:08:18 - [MESSAGE][PASSED] - Object: 'Object Repository/admin/Remember Me' is clicked on

2023-10-05 11:08:18 - [TEST_STEP][PASSED] - delay(10): Delayed 10 second(s)

2023-10-05 11:08:28 - [MESSAGE][PASSED] - Delayed 10 second(s)

2023-10-05 11:08:28 - [TEST_STEP][PASSED] - click(findTestObject("admin/buttom submit")): Object: 'Object Repository/admin/buttom submit' is clicked on

2023-10-05 11:08:29 - [MESSAGE][PASSED] - Object: 'Object Repository/admin/buttom submit' is clicked on

2023-10-05 11:08:29 - [TEST_STEP][PASSED] - verifyElementPresent(findTestObject("admin/Konf order konsumen/Tittle Dashboard"), 0): Object 'Object Repository/admin/Konf order konsumen/Tittle Dashboard' is present

2023-10-05 11:08:29 - [MESSAGE][WARNING] - Timeout '0' is invalid. Using default page load timeout: '30'

2023-10-05 11:08:30 - [MESSAGE][PASSED] - Object 'Object Repository/admin/Konf order konsumen/Tittle Dashboard' is present

2023-10-05 11:08:30 - [TEST_STEP][PASSED] - click(findTestObject("admin/Konf order konsumen/Menu Transaksi Market")): Object: 'Object Repository/admin/Konf order konsumen/Menu Transaksi Market' is clicked on

2023-10-05 11:08:30 - [MESSAGE][PASSED] - Object: 'Object Repository/admin/Konf order konsumen/Menu Transaksi Market' is clicked on

2023-10-05 11:08:30 - [TEST_STEP][PASSED] - click(findTestObject("admin/Konf order konsumen/Menu Konf. Order Konsumen")): Object: 'Object Repository/admin/Konf order konsumen/Menu Konf. Order Konsumen' is clicked on

2023-10-05 11:08:31 - [MESSAGE][PASSED] - Object: 'Object Repository/admin/Konf order konsumen/Menu Konf. Order Konsumen' is clicked on

2023-10-05 11:08:31 - [TEST_STEP][PASSED] - verifyElementPresent(findTestObject("admin/Konf order konsumen/Tittle Data Konfirmasi Pembayaran Konsumen"), 0): Object 'Object Repository/admin/Konf order konsumen/Tittle Data Konfirmasi Pembayaran Konsumen' is present

2023-10-05 11:08:31 - [MESSAGE][WARNING] - Timeout '0' is invalid. Using default page load timeout: '30'

2023-10-05 11:08:32 - [MESSAGE][PASSED] - Object 'Object Repository/admin/Konf order konsumen/Tittle Data Konfirmasi Pembayaran Konsumen' is present

2023-10-05 11:08:32 - [TEST_STEP][PASSED] - inv = data.get("invoice"): null

2023-10-05 11:08:32 - [TEST_STEP][PASSED] - setText(findTestObject("admin/Konf order konsumen/Search"), inv): Text 'TRX60.20231005110749' is set on object 'Object Repository/admin/Konf order konsumen/Search'

2023-10-05 11:08:33 - [MESSAGE][PASSED] - Text 'TRX60.20231005110749' is set on object 'Object Repository/admin/Konf order konsumen/Search'

2023-10-05 11:08:33 - [TEST_STEP][PASSED] - verifyElementText(findTestObject("admin/Konf order konsumen/Keterangan Lunas"), "Lunas"): Actual text and expected text of test object 'Object Repository/admin/Konf order konsumen/Keterangan Lunas' are matched.

2023-10-05 11:08:33 - [MESSAGE][PASSED] - Actual text and expected text of test object 'Object Repository/admin/Konf order konsumen/Keterangan Lunas' are matched.

2023-10-05 11:08:33 - [TEST_STEP][PASSED] - return data: null

2023-10-05 11:08:33 - [MESSAGE][PASSED] - Call Test Case 'Test Cases/T13 Pembelian, Shipment dan Pembayaran/PBYA-001' successfully

2023-10-05 11:08:33 - [TEST_STEP][PASSED] - click(findTestObject("admin/Penjualan ke konsumen/buttom Dashboard")): Object: 'Object Repository/admin/Penjualan ke konsumen/buttom Dashboard' is clicked on

2023-10-05 11:08:34 - [MESSAGE][PASSED] - Object: 'Object Repository/admin/Penjualan ke konsumen/buttom Dashboard' is clicked on

2023-10-05 11:08:34 - [TEST_STEP][PASSED] - click(findTestObject("admin/Konf order konsumen/Menu Transaksi Market")): Object: 'Object Repository/admin/Konf order konsumen/Menu Transaksi Market' is clicked on

2023-10-05 11:08:35 - [MESSAGE][PASSED] - Object: 'Object Repository/admin/Konf order konsumen/Menu Transaksi Market' is clicked on

2023-10-05 11:08:35 - [TEST_STEP][PASSED] - click(findTestObject("admin/Penjualan ke konsumen/a_Penjualan ke Konsumen")): Object: 'Object Repository/admin/Penjualan ke konsumen/a_Penjualan ke Konsumen' is clicked on

2023-10-05 11:08:38 - [MESSAGE][PASSED] - Object: 'Object Repository/admin/Penjualan ke konsumen/a_Penjualan ke Konsumen' is clicked on

2023-10-05 11:08:38 - [TEST_STEP][PASSED] - verifyElementPresent(findTestObject("admin/Tittle Data Transaksi Penjualan  Orderan Konsumen"), 0): Object 'Object Repository/admin/Tittle Data Transaksi Penjualan  Orderan Konsumen' is present

2023-10-05 11:08:38 - [MESSAGE][WARNING] - Timeout '0' is invalid. Using default page load timeout: '30'

2023-10-05 11:08:38 - [MESSAGE][PASSED] - Object 'Object Repository/admin/Tittle Data Transaksi Penjualan  Orderan Konsumen' is present

2023-10-05 11:08:38 - [TEST_STEP][PASSED] - return data: null]]></system-out>
         <system-err><![CDATA[]]></system-err>
      </testcase>
      <testcase name="Test Cases/T13 Pembelian, Shipment dan Pembayaran/SA-002" time="89.989" classname="Test Cases/T13 Pembelian, Shipment dan Pembayaran/SA-002" status="FAILED">
         <failure type="FAILED" message="Test Cases/T13 Pembelian, Shipment dan Pembayaran/SA-002 FAILED.
Reason:
com.kms.katalon.core.exception.StepFailedException: Unable to accept alert
	at com.kms.katalon.core.webui.keyword.internal.WebUIKeywordMain.stepFailed(WebUIKeywordMain.groovy:64)
	at com.kms.katalon.core.webui.keyword.internal.WebUIKeywordMain.runKeyword(WebUIKeywordMain.groovy:26)
	at com.kms.katalon.core.webui.keyword.builtin.AcceptAlertKeyword.acceptAlert(AcceptAlertKeyword.groovy:71)
	at com.kms.katalon.core.webui.keyword.builtin.AcceptAlertKeyword.execute(AcceptAlertKeyword.groovy:66)
	at com.kms.katalon.core.keyword.internal.KeywordExecutor.executeKeywordForPlatform(KeywordExecutor.groovy:74)
	at com.kms.katalon.core.webui.keyword.WebUiBuiltInKeywords.acceptAlert(WebUiBuiltInKeywords.groovy:1510)
	at com.kms.katalon.core.webui.keyword.WebUiBuiltInKeywords$acceptAlert$16.call(Unknown Source)
	at SA-002.run(SA-002:29)
	at com.kms.katalon.core.main.ScriptEngine.run(ScriptEngine.java:194)
	at com.kms.katalon.core.main.ScriptEngine.runScriptAsRawText(ScriptEngine.java:119)
	at com.kms.katalon.core.main.TestCaseExecutor.runScript(TestCaseExecutor.java:448)
	at com.kms.katalon.core.main.TestCaseExecutor.doExecute(TestCaseExecutor.java:439)
	at com.kms.katalon.core.main.TestCaseExecutor.processExecutionPhase(TestCaseExecutor.java:418)
	at com.kms.katalon.core.main.TestCaseExecutor.accessMainPhase(TestCaseExecutor.java:410)
	at com.kms.katalon.core.main.TestCaseExecutor.execute(TestCaseExecutor.java:285)
	at com.kms.katalon.core.common.CommonExecutor.accessTestCaseMainPhase(CommonExecutor.java:65)
	at com.kms.katalon.core.main.TestSuiteExecutor.accessTestSuiteMainPhase(TestSuiteExecutor.java:148)
	at com.kms.katalon.core.main.TestSuiteExecutor.execute(TestSuiteExecutor.java:106)
	at com.kms.katalon.core.main.TestCaseMain.startTestSuite(TestCaseMain.java:187)
	at com.kms.katalon.core.main.TestCaseMain$startTestSuite$0.call(Unknown Source)
	at TempTestSuite1696477503821.run(TempTestSuite1696477503821.groovy:36)
Caused by: com.kms.katalon.core.exception.StepFailedException: No alert found
	at com.kms.katalon.core.webui.keyword.internal.WebUIKeywordMain.stepFailed(WebUIKeywordMain.groovy:64)
	at com.kms.katalon.core.webui.keyword.builtin.AcceptAlertKeyword$_acceptAlert_closure1.doCall(AcceptAlertKeyword.groovy:78)
	at com.kms.katalon.core.webui.keyword.builtin.AcceptAlertKeyword$_acceptAlert_closure1.call(AcceptAlertKeyword.groovy)
	at com.kms.katalon.core.webui.keyword.internal.WebUIKeywordMain.runKeyword(WebUIKeywordMain.groovy:20)
	... 19 more
"/>
         <system-out><![CDATA[2023-10-05 11:08:38 - [TEST_CASE][FAILED] - Test Cases/T13 Pembelian, Shipment dan Pembayaran/SA-002: Test Cases/T13 Pembelian, Shipment dan Pembayaran/SA-002 FAILED.
Reason:
com.kms.katalon.core.exception.StepFailedException: Unable to accept alert
	at com.kms.katalon.core.webui.keyword.internal.WebUIKeywordMain.stepFailed(WebUIKeywordMain.groovy:64)
	at com.kms.katalon.core.webui.keyword.internal.WebUIKeywordMain.runKeyword(WebUIKeywordMain.groovy:26)
	at com.kms.katalon.core.webui.keyword.builtin.AcceptAlertKeyword.acceptAlert(AcceptAlertKeyword.groovy:71)
	at com.kms.katalon.core.webui.keyword.builtin.AcceptAlertKeyword.execute(AcceptAlertKeyword.groovy:66)
	at com.kms.katalon.core.keyword.internal.KeywordExecutor.executeKeywordForPlatform(KeywordExecutor.groovy:74)
	at com.kms.katalon.core.webui.keyword.WebUiBuiltInKeywords.acceptAlert(WebUiBuiltInKeywords.groovy:1510)
	at com.kms.katalon.core.webui.keyword.WebUiBuiltInKeywords$acceptAlert$16.call(Unknown Source)
	at SA-002.run(SA-002:29)
	at com.kms.katalon.core.main.ScriptEngine.run(ScriptEngine.java:194)
	at com.kms.katalon.core.main.ScriptEngine.runScriptAsRawText(ScriptEngine.java:119)
	at com.kms.katalon.core.main.TestCaseExecutor.runScript(TestCaseExecutor.java:448)
	at com.kms.katalon.core.main.TestCaseExecutor.doExecute(TestCaseExecutor.java:439)
	at com.kms.katalon.core.main.TestCaseExecutor.processExecutionPhase(TestCaseExecutor.java:418)
	at com.kms.katalon.core.main.TestCaseExecutor.accessMainPhase(TestCaseExecutor.java:410)
	at com.kms.katalon.core.main.TestCaseExecutor.execute(TestCaseExecutor.java:285)
	at com.kms.katalon.core.common.CommonExecutor.accessTestCaseMainPhase(CommonExecutor.java:65)
	at com.kms.katalon.core.main.TestSuiteExecutor.accessTestSuiteMainPhase(TestSuiteExecutor.java:148)
	at com.kms.katalon.core.main.TestSuiteExecutor.execute(TestSuiteExecutor.java:106)
	at com.kms.katalon.core.main.TestCaseMain.startTestSuite(TestCaseMain.java:187)
	at com.kms.katalon.core.main.TestCaseMain$startTestSuite$0.call(Unknown Source)
	at TempTestSuite1696477503821.run(TempTestSuite1696477503821.groovy:36)
Caused by: com.kms.katalon.core.exception.StepFailedException: No alert found
	at com.kms.katalon.core.webui.keyword.internal.WebUIKeywordMain.stepFailed(WebUIKeywordMain.groovy:64)
	at com.kms.katalon.core.webui.keyword.builtin.AcceptAlertKeyword$_acceptAlert_closure1.doCall(AcceptAlertKeyword.groovy:78)
	at com.kms.katalon.core.webui.keyword.builtin.AcceptAlertKeyword$_acceptAlert_closure1.call(AcceptAlertKeyword.groovy)
	at com.kms.katalon.core.webui.keyword.internal.WebUIKeywordMain.runKeyword(WebUIKeywordMain.groovy:20)
	... 19 more


2023-10-05 11:08:38 - [TEST_STEP][PASSED] - data = callTestCase(findTestCase("T13 Pembelian, Shipment dan Pembayaran/SA-001"), [:], STOP_ON_FAILURE): Call Test Case 'Test Cases/T13 Pembelian, Shipment dan Pembayaran/SA-001' successfully

2023-10-05 11:08:39 - [TEST_CASE][PASSED] - Test Cases/T13 Pembelian, Shipment dan Pembayaran/SA-001: Test Cases/T13 Pembelian, Shipment dan Pembayaran/SA-001

2023-10-05 11:08:39 - [TEST_STEP][PASSED] - data = callTestCase(findTestCase("T13 Pembelian, Shipment dan Pembayaran/PBYA-001"), [:], STOP_ON_FAILURE): Call Test Case 'Test Cases/T13 Pembelian, Shipment dan Pembayaran/PBYA-001' successfully

2023-10-05 11:08:39 - [TEST_CASE][PASSED] - Test Cases/T13 Pembelian, Shipment dan Pembayaran/PBYA-001: Test Cases/T13 Pembelian, Shipment dan Pembayaran/PBYA-001

2023-10-05 11:08:39 - [TEST_STEP][PASSED] - data = callTestCase(findTestCase("T13 Pembelian, Shipment dan Pembayaran/PBY-004"), [:], STOP_ON_FAILURE): Call Test Case 'Test Cases/T13 Pembelian, Shipment dan Pembayaran/PBY-004' successfully

2023-10-05 11:08:39 - [TEST_CASE][PASSED] - Test Cases/T13 Pembelian, Shipment dan Pembayaran/PBY-004: Test Cases/T13 Pembelian, Shipment dan Pembayaran/PBY-004

2023-10-05 11:08:39 - [TEST_STEP][PASSED] - data = callTestCase(findTestCase("T13 Pembelian, Shipment dan Pembayaran/PBY-001"), [:], STOP_ON_FAILURE): Call Test Case 'Test Cases/T13 Pembelian, Shipment dan Pembayaran/PBY-001' successfully

2023-10-05 11:08:39 - [TEST_CASE][PASSED] - Test Cases/T13 Pembelian, Shipment dan Pembayaran/PBY-001: Test Cases/T13 Pembelian, Shipment dan Pembayaran/PBY-001

2023-10-05 11:08:39 - [TEST_STEP][PASSED] - data = callTestCase(findTestCase("T13 Pembelian, Shipment dan Pembayaran/PBL-004"), ["Kurir":"Roda 2"], STOP_ON_FAILURE): Call Test Case 'Test Cases/T13 Pembelian, Shipment dan Pembayaran/PBL-004' successfully

2023-10-05 11:08:39 - [TEST_CASE][PASSED] - Test Cases/T13 Pembelian, Shipment dan Pembayaran/PBL-004: Test Cases/T13 Pembelian, Shipment dan Pembayaran/PBL-004

2023-10-05 11:08:39 - [TEST_STEP][PASSED] - data = callTestCase(findTestCase("T13 Pembelian, Shipment dan Pembayaran/PBL-002"), [:], STOP_ON_FAILURE): Call Test Case 'Test Cases/T13 Pembelian, Shipment dan Pembayaran/PBL-002' successfully

2023-10-05 11:08:39 - [TEST_CASE][PASSED] - Test Cases/T13 Pembelian, Shipment dan Pembayaran/PBL-002: Test Cases/T13 Pembelian, Shipment dan Pembayaran/PBL-002

2023-10-05 11:08:39 - [TEST_STEP][PASSED] - data = callTestCase(findTestCase("T13 Pembelian, Shipment dan Pembayaran/PBL-001"), [:], STOP_ON_FAILURE): Call Test Case 'Test Cases/T13 Pembelian, Shipment dan Pembayaran/PBL-001' successfully

2023-10-05 11:08:39 - [TEST_CASE][PASSED] - Test Cases/T13 Pembelian, Shipment dan Pembayaran/PBL-001: Test Cases/T13 Pembelian, Shipment dan Pembayaran/PBL-001

2023-10-05 11:08:39 - [TEST_STEP][PASSED] - callTestCase(findTestCase("T13 Pembelian, Shipment dan Pembayaran/LU-001"), ["username":"irfanafandi", "password":"12345irfan"], STOP_ON_FAILURE): Call Test Case 'Test Cases/T13 Pembelian, Shipment dan Pembayaran/LU-001' successfully

2023-10-05 11:08:39 - [TEST_CASE][PASSED] - Test Cases/T13 Pembelian, Shipment dan Pembayaran/LU-001: Test Cases/T13 Pembelian, Shipment dan Pembayaran/LU-001

2023-10-05 11:08:39 - [TEST_STEP][PASSED] - openBrowser("https://10.9.2.63/ecommerce/"): Browser is opened with url: 'https://10.9.2.63/ecommerce/'

2023-10-05 11:08:39 - [MESSAGE][WARNING] - A browser is already opened. Closing browser and opening a new one

2023-10-05 11:08:40 - [MESSAGE][INFO] - Starting 'Edge Chromium' driver

2023-10-05 11:08:40 - [MESSAGE][INFO] - User set preference: ['acceptInsecureCerts', 'true']

2023-10-05 11:08:42 - [MESSAGE][INFO] - Action delay is set to 0 milliseconds

2023-10-05 11:08:45 - [MESSAGE][PASSED] - Browser is opened with url: 'https://10.9.2.63/ecommerce/'

2023-10-05 11:08:45 - [TEST_STEP][PASSED] - maximizeWindow(): Current window maximized

2023-10-05 11:08:46 - [MESSAGE][PASSED] - Current window maximized

2023-10-05 11:08:46 - [TEST_STEP][PASSED] - verifyElementPresent(findTestObject("Login/Home"), 0): Object 'Object Repository/Login/Home' is present

2023-10-05 11:08:46 - [MESSAGE][WARNING] - Timeout '0' is invalid. Using default page load timeout: '30'

2023-10-05 11:08:46 - [MESSAGE][PASSED] - Object 'Object Repository/Login/Home' is present

2023-10-05 11:08:46 - [TEST_STEP][PASSED] - click(findTestObject("Login/a_Login")): Object: 'Object Repository/Login/a_Login' is clicked on

2023-10-05 11:08:47 - [MESSAGE][PASSED] - Object: 'Object Repository/Login/a_Login' is clicked on

2023-10-05 11:08:47 - [TEST_STEP][PASSED] - verifyElementPresent(findTestObject("Login/Tittle Login"), 0): Object 'Object Repository/Login/Tittle Login' is present

2023-10-05 11:08:47 - [MESSAGE][WARNING] - Timeout '0' is invalid. Using default page load timeout: '30'

2023-10-05 11:08:47 - [MESSAGE][PASSED] - Object 'Object Repository/Login/Tittle Login' is present

2023-10-05 11:08:47 - [TEST_STEP][PASSED] - setText(findTestObject("Login/input_Username, Email atau No. Handphone_a"), username): Text 'irfanafandi' is set on object 'Object Repository/Login/input_Username, Email atau No. Handphone_a'

2023-10-05 11:08:48 - [MESSAGE][PASSED] - Text 'irfanafandi' is set on object 'Object Repository/Login/input_Username, Email atau No. Handphone_a'

2023-10-05 11:08:48 - [TEST_STEP][PASSED] - setText(findTestObject("Login/input_Password_b"), password): Text '12345irfan' is set on object 'Object Repository/Login/input_Password_b'

2023-10-05 11:08:49 - [MESSAGE][PASSED] - Text '12345irfan' is set on object 'Object Repository/Login/input_Password_b'

2023-10-05 11:08:49 - [TEST_STEP][PASSED] - click(findTestObject("Login/label_Ingat saya")): Object: 'Object Repository/Login/label_Ingat saya' is clicked on

2023-10-05 11:08:50 - [MESSAGE][PASSED] - Object: 'Object Repository/Login/label_Ingat saya' is clicked on

2023-10-05 11:08:50 - [TEST_STEP][PASSED] - click(findTestObject("Login/button_Masuk")): Object: 'Object Repository/Login/button_Masuk' is clicked on

2023-10-05 11:08:51 - [MESSAGE][PASSED] - Object: 'Object Repository/Login/button_Masuk' is clicked on

2023-10-05 11:08:51 - [TEST_STEP][PASSED] - verifyElementPresent(findTestObject("Login/li_Profile"), 0): Object 'Object Repository/Login/li_Profile' is present

2023-10-05 11:08:51 - [MESSAGE][WARNING] - Timeout '0' is invalid. Using default page load timeout: '30'

2023-10-05 11:08:52 - [MESSAGE][PASSED] - Object 'Object Repository/Login/li_Profile' is present

2023-10-05 11:08:52 - [MESSAGE][PASSED] - Call Test Case 'Test Cases/T13 Pembelian, Shipment dan Pembayaran/LU-001' successfully

2023-10-05 11:08:52 - [TEST_STEP][PASSED] - mouseOver(findTestObject("beli barang/i_Mulai Belanja_icon-menu")): Object: 'Object Repository/beli barang/i_Mulai Belanja_icon-menu' is hovered

2023-10-05 11:08:52 - [MESSAGE][PASSED] - Object: 'Object Repository/beli barang/i_Mulai Belanja_icon-menu' is hovered

2023-10-05 11:08:52 - [TEST_STEP][PASSED] - click(findTestObject("beli barang/a_Fashion  Busana Wanita")): Object: 'Object Repository/beli barang/a_Fashion  Busana Wanita' is clicked on

2023-10-05 11:08:54 - [MESSAGE][PASSED] - Object: 'Object Repository/beli barang/a_Fashion  Busana Wanita' is clicked on

2023-10-05 11:08:54 - [TEST_STEP][PASSED] - NamaSebelum = getText(findTestObject("verifikasi/Nama sebelum")): Text of object 'Object Repository/verifikasi/Nama sebelum' is: ''

2023-10-05 11:08:54 - [MESSAGE][PASSED] - Text of object 'Object Repository/verifikasi/Nama sebelum' is: ''

2023-10-05 11:08:54 - [TEST_STEP][PASSED] - HargaSebelum = getText(findTestObject("verifikasi/Harga sebelum")): Text of object 'Object Repository/verifikasi/Harga sebelum' is: 'Rp 1,299'

2023-10-05 11:08:55 - [MESSAGE][PASSED] - Text of object 'Object Repository/verifikasi/Harga sebelum' is: 'Rp 1,299'

2023-10-05 11:08:55 - [TEST_STEP][PASSED] - mouseOver(findTestObject("beli barang/barang mouse over")): Object: 'Object Repository/beli barang/barang mouse over' is hovered

2023-10-05 11:08:55 - [MESSAGE][PASSED] - Object: 'Object Repository/beli barang/barang mouse over' is hovered

2023-10-05 11:08:55 - [TEST_STEP][PASSED] - click(findTestObject("beli barang/buttom add to cart")): Object: 'Object Repository/beli barang/buttom add to cart' is clicked on

2023-10-05 11:08:57 - [MESSAGE][PASSED] - Object: 'Object Repository/beli barang/buttom add to cart' is clicked on

2023-10-05 11:08:57 - [TEST_STEP][PASSED] - NamaSesudah = getText(findTestObject("verifikasi/Nama sesudah")): Text of object 'Object Repository/verifikasi/Nama sesudah' is: 'Segitiga Instan Madeira - MDB5.3 Sunset'

2023-10-05 11:08:58 - [MESSAGE][PASSED] - Text of object 'Object Repository/verifikasi/Nama sesudah' is: 'Segitiga Instan Madeira - MDB5.3 Sunset'

2023-10-05 11:08:58 - [TEST_STEP][PASSED] - HargaSesudah = getText(findTestObject("verifikasi/Harga sesudah")): Text of object 'Object Repository/verifikasi/Harga sesudah' is: 'Rp 1,299'

2023-10-05 11:08:58 - [MESSAGE][PASSED] - Text of object 'Object Repository/verifikasi/Harga sesudah' is: 'Rp 1,299'

2023-10-05 11:08:58 - [TEST_STEP][PASSED] - assert NamaSesudah.contains(NamaSebelum): null

2023-10-05 11:08:58 - [TEST_STEP][PASSED] - assert HargaSesudah.contains(HargaSebelum): null

2023-10-05 11:08:58 - [TEST_STEP][PASSED] - click(findTestObject("beli barang/Tambah Keranjang busana wanita")): Object: 'Object Repository/beli barang/Tambah Keranjang busana wanita' is clicked on

2023-10-05 11:08:58 - [MESSAGE][PASSED] - Object: 'Object Repository/beli barang/Tambah Keranjang busana wanita' is clicked on

2023-10-05 11:08:58 - [TEST_STEP][PASSED] - verifyElementPresent(findTestObject("checkout/Notifikasi keranjang"), 1): Object 'Object Repository/checkout/Notifikasi keranjang' is present

2023-10-05 11:08:59 - [MESSAGE][PASSED] - Object 'Object Repository/checkout/Notifikasi keranjang' is present

2023-10-05 11:08:59 - [TEST_STEP][PASSED] - data = new java.util.HashMap(): null

2023-10-05 11:08:59 - [TEST_STEP][PASSED] - data.put("nama_barang", NamaSesudah): null

2023-10-05 11:08:59 - [TEST_STEP][PASSED] - data.put("price_barang", HargaSesudah): null

2023-10-05 11:08:59 - [TEST_STEP][PASSED] - return data: null

2023-10-05 11:08:59 - [MESSAGE][PASSED] - Call Test Case 'Test Cases/T13 Pembelian, Shipment dan Pembayaran/PBL-001' successfully

2023-10-05 11:08:59 - [TEST_STEP][PASSED] - mouseOver(findTestObject("beli barang/keranjang")): Object: 'Object Repository/beli barang/keranjang' is hovered

2023-10-05 11:09:00 - [MESSAGE][PASSED] - Object: 'Object Repository/beli barang/keranjang' is hovered

2023-10-05 11:09:00 - [TEST_STEP][PASSED] - click(findTestObject("beli barang/Lihat Sekarang")): Object: 'Object Repository/beli barang/Lihat Sekarang' is clicked on

2023-10-05 11:09:01 - [MESSAGE][PASSED] - Object: 'Object Repository/beli barang/Lihat Sekarang' is clicked on

2023-10-05 11:09:01 - [TEST_STEP][PASSED] - verifyElementPresent(findTestObject("keranjang/li_Keranjang Belanja"), 0): Object 'Object Repository/keranjang/li_Keranjang Belanja' is present

2023-10-05 11:09:01 - [MESSAGE][WARNING] - Timeout '0' is invalid. Using default page load timeout: '30'

2023-10-05 11:09:02 - [MESSAGE][PASSED] - Object 'Object Repository/keranjang/li_Keranjang Belanja' is present

2023-10-05 11:09:02 - [TEST_STEP][PASSED] - NamaKeranjang = getText(findTestObject("verifikasi/Nama keranjang")): Text of object 'Object Repository/verifikasi/Nama keranjang' is: 'Segitiga Instan Madeira - MDB5.3 Sunset'

2023-10-05 11:09:03 - [MESSAGE][PASSED] - Text of object 'Object Repository/verifikasi/Nama keranjang' is: 'Segitiga Instan Madeira - MDB5.3 Sunset'

2023-10-05 11:09:03 - [TEST_STEP][PASSED] - HargaKeranjang = getText(findTestObject("verifikasi/Harga Keranjang")): Text of object 'Object Repository/verifikasi/Harga Keranjang' is: 'Rp 1,299'

2023-10-05 11:09:03 - [MESSAGE][PASSED] - Text of object 'Object Repository/verifikasi/Harga Keranjang' is: 'Rp 1,299'

2023-10-05 11:09:03 - [TEST_STEP][PASSED] - if (toString().equalsIgnoreCase("Merah")): Object 'Object Repository/keranjang/input_Warna_variasi101' is checked

2023-10-05 11:09:03 - [TEST_STEP][PASSED] - check(findTestObject("Object Repository/keranjang/input_Warna_variasi101")): Object 'Object Repository/keranjang/input_Warna_variasi101' is checked

2023-10-05 11:09:03 - [MESSAGE][PASSED] - Object 'Object Repository/keranjang/input_Warna_variasi101' is checked

2023-10-05 11:09:03 - [TEST_STEP][PASSED] - if (toString().equalsIgnoreCase("Menengah")): Object 'Object Repository/keranjang/input_Ukuran_variasi201' is checked

2023-10-05 11:09:03 - [TEST_STEP][PASSED] - check(findTestObject("Object Repository/keranjang/input_Ukuran_variasi201")): Object 'Object Repository/keranjang/input_Ukuran_variasi201' is checked

2023-10-05 11:09:04 - [MESSAGE][PASSED] - Object 'Object Repository/keranjang/input_Ukuran_variasi201' is checked

2023-10-05 11:09:04 - [TEST_STEP][PASSED] - data.put("Warna", warna): null

2023-10-05 11:09:04 - [TEST_STEP][PASSED] - data.put("Ukuran", ukuran): null

2023-10-05 11:09:04 - [TEST_STEP][PASSED] - click(findTestObject("keranjang/button_Lanjut ke Pembayaran")): Object: 'Object Repository/keranjang/button_Lanjut ke Pembayaran' is clicked on

2023-10-05 11:09:05 - [MESSAGE][PASSED] - Object: 'Object Repository/keranjang/button_Lanjut ke Pembayaran' is clicked on

2023-10-05 11:09:05 - [TEST_STEP][PASSED] - verifyElementPresent(findTestObject("checkout/Tittle Checkout Order"), 0): Object 'Object Repository/checkout/Tittle Checkout Order' is present

2023-10-05 11:09:05 - [MESSAGE][WARNING] - Timeout '0' is invalid. Using default page load timeout: '30'

2023-10-05 11:09:06 - [MESSAGE][PASSED] - Object 'Object Repository/checkout/Tittle Checkout Order' is present

2023-10-05 11:09:06 - [TEST_STEP][PASSED] - name_product = data.get("nama_barang"): null

2023-10-05 11:09:06 - [TEST_STEP][PASSED] - price_product = data.get("price_barang"): null

2023-10-05 11:09:06 - [TEST_STEP][PASSED] - assert name_product == NamaKeranjang: null

2023-10-05 11:09:06 - [TEST_STEP][PASSED] - assert price_product == HargaKeranjang: null

2023-10-05 11:09:06 - [TEST_STEP][PASSED] - return data: null

2023-10-05 11:09:06 - [MESSAGE][PASSED] - Call Test Case 'Test Cases/T13 Pembelian, Shipment dan Pembayaran/PBL-002' successfully

2023-10-05 11:09:06 - [TEST_STEP][PASSED] - warnaa = getText(findTestObject("verifikasi/warna Merah")): Text of object 'Object Repository/verifikasi/warna Merah' is: 'Merah'

2023-10-05 11:09:07 - [MESSAGE][PASSED] - Text of object 'Object Repository/verifikasi/warna Merah' is: 'Merah'

2023-10-05 11:09:07 - [TEST_STEP][PASSED] - ukurann = getText(findTestObject("verifikasi/Ukuran Menengah")): Text of object 'Object Repository/verifikasi/Ukuran Menengah' is: 'Menengah'

2023-10-05 11:09:07 - [MESSAGE][PASSED] - Text of object 'Object Repository/verifikasi/Ukuran Menengah' is: 'Menengah'

2023-10-05 11:09:07 - [TEST_STEP][PASSED] - warna1 = data.get("Warna"): null

2023-10-05 11:09:07 - [TEST_STEP][PASSED] - ukuran1 = data.get("Ukuran"): null

2023-10-05 11:09:07 - [TEST_STEP][PASSED] - assert warnaa == warna1: null

2023-10-05 11:09:07 - [TEST_STEP][PASSED] - assert ukurann == ukuran1: null

2023-10-05 11:09:07 - [TEST_STEP][PASSED] - NamaCheckout = getText(findTestObject("verifikasi/NamaCheckout")): Text of object 'Object Repository/verifikasi/NamaCheckout' is: ''

2023-10-05 11:09:07 - [MESSAGE][PASSED] - Text of object 'Object Repository/verifikasi/NamaCheckout' is: ''

2023-10-05 11:09:07 - [TEST_STEP][PASSED] - HargaCheckout = getText(findTestObject("verifikasi/HargaCheckout")): Text of object 'Object Repository/verifikasi/HargaCheckout' is: '1,299'

2023-10-05 11:09:08 - [MESSAGE][PASSED] - Text of object 'Object Repository/verifikasi/HargaCheckout' is: '1,299'

2023-10-05 11:09:08 - [TEST_STEP][PASSED] - name_product = data.get("nama_barang"): null

2023-10-05 11:09:08 - [TEST_STEP][PASSED] - price_product = data.get("price_barang"): null

2023-10-05 11:09:08 - [TEST_STEP][PASSED] - assert name_product.contains(NamaCheckout): null

2023-10-05 11:09:08 - [TEST_STEP][PASSED] - assert price_product.contains(HargaCheckout): null

2023-10-05 11:09:08 - [TEST_STEP][PASSED] - selectOptionByLabel(findTestObject("checkout/select - Kirim via Kurir Lokal"), Kurir, false): All options with label 'Roda 2' are selected in object 'Object Repository/checkout/select - Kirim via Kurir Lokal' 

2023-10-05 11:09:08 - [MESSAGE][PASSED] - All options with label 'Roda 2' are selected in object 'Object Repository/checkout/select - Kirim via Kurir Lokal' 

2023-10-05 11:09:08 - [TEST_STEP][PASSED] - click(findTestObject("checkout/Kendaraan Kurir")): Object: 'Object Repository/checkout/Kendaraan Kurir' is clicked on

2023-10-05 11:09:09 - [MESSAGE][PASSED] - Object: 'Object Repository/checkout/Kendaraan Kurir' is clicked on

2023-10-05 11:09:09 - [TEST_STEP][PASSED] - OngkosKirim = getText(findTestObject("Object Repository/verifikasi/Ongkos Kirim checkout")): Text of object 'Object Repository/verifikasi/Ongkos Kirim checkout' is: 'Rp. 5,000'

2023-10-05 11:09:10 - [MESSAGE][PASSED] - Text of object 'Object Repository/verifikasi/Ongkos Kirim checkout' is: 'Rp. 5,000'

2023-10-05 11:09:10 - [TEST_STEP][PASSED] - Ongkos = OngkosKirim.substring(3, OngkosKirim.size()): null

2023-10-05 11:09:10 - [TEST_STEP][PASSED] - rep = Ongkos.replace(",", "."): null

2023-10-05 11:09:10 - [TEST_STEP][PASSED] - Ongkos_kirim = Double.parseDouble(rep): null

2023-10-05 11:09:10 - [TEST_STEP][PASSED] - println(Ongkos_kirim): null

2023-10-05 11:09:10 - [TEST_STEP][PASSED] - FeeAdmin = getText(findTestObject("verifikasi/Fee Admin checkout")): Text of object 'Object Repository/verifikasi/Fee Admin checkout' is: 'Fee Admin
Rp 1,500'

2023-10-05 11:09:10 - [MESSAGE][PASSED] - Text of object 'Object Repository/verifikasi/Fee Admin checkout' is: 'Fee Admin
Rp 1,500'

2023-10-05 11:09:10 - [TEST_STEP][PASSED] - Fee_Admin = FeeAdmin.substring(12, FeeAdmin.size()): null

2023-10-05 11:09:10 - [TEST_STEP][PASSED] - fee = Fee_Admin.replace(",", "."): null

2023-10-05 11:09:10 - [TEST_STEP][PASSED] - fee_admin = Double.parseDouble(fee): null

2023-10-05 11:09:10 - [TEST_STEP][PASSED] - println(fee_admin): null

2023-10-05 11:09:10 - [TEST_STEP][PASSED] - Subtotal = getText(findTestObject("verifikasi/subtotal checkout")): Text of object 'Object Repository/verifikasi/subtotal checkout' is: 'Subtotal
Rp 1,299'

2023-10-05 11:09:11 - [MESSAGE][PASSED] - Text of object 'Object Repository/verifikasi/subtotal checkout' is: 'Subtotal
Rp 1,299'

2023-10-05 11:09:11 - [TEST_STEP][PASSED] - sub_total = Subtotal.substring(12, Subtotal.size()): null

2023-10-05 11:09:11 - [TEST_STEP][PASSED] - sub = sub_total.replace(",", "."): null

2023-10-05 11:09:11 - [TEST_STEP][PASSED] - sub_total = Double.parseDouble(sub): null

2023-10-05 11:09:11 - [TEST_STEP][PASSED] - println(sub_total): null

2023-10-05 11:09:11 - [TEST_STEP][PASSED] - Total = getText(findTestObject("verifikasi/Total checkout")): Text of object 'Object Repository/verifikasi/Total checkout' is: 'Rp 7,799'

2023-10-05 11:09:11 - [MESSAGE][PASSED] - Text of object 'Object Repository/verifikasi/Total checkout' is: 'Rp 7,799'

2023-10-05 11:09:11 - [TEST_STEP][PASSED] - totall = Total.substring(3, Total.size()): null

2023-10-05 11:09:11 - [TEST_STEP][PASSED] - total = totall.replace(",", "."): null

2023-10-05 11:09:11 - [TEST_STEP][PASSED] - totall = Double.parseDouble(total): null

2023-10-05 11:09:11 - [TEST_STEP][PASSED] - println(totall): null

2023-10-05 11:09:11 - [TEST_STEP][PASSED] - Total_Harga = Ongkos_kirim + fee_admin + sub_total: null

2023-10-05 11:09:11 - [TEST_STEP][PASSED] - println(Total_Harga): null

2023-10-05 11:09:11 - [TEST_STEP][PASSED] - TotalHarga = Math.round(Total_Harga * 1000) / 1000: null

2023-10-05 11:09:11 - [TEST_STEP][PASSED] - println(TotalHarga): null

2023-10-05 11:09:11 - [TEST_STEP][PASSED] - assert totall == TotalHarga: null

2023-10-05 11:09:11 - [TEST_STEP][PASSED] - click(findTestObject("verifikasi/Metode Transfer")): Object: 'Object Repository/verifikasi/Metode Transfer' is clicked on

2023-10-05 11:09:11 - [MESSAGE][PASSED] - Object: 'Object Repository/verifikasi/Metode Transfer' is clicked on

2023-10-05 11:09:11 - [TEST_STEP][PASSED] - click(findTestObject("checkout/button_Proses Pembayaran")): Object: 'Object Repository/checkout/button_Proses Pembayaran' is clicked on

2023-10-05 11:09:22 - [MESSAGE][PASSED] - Object: 'Object Repository/checkout/button_Proses Pembayaran' is clicked on

2023-10-05 11:09:22 - [TEST_STEP][PASSED] - verifyElementPresent(findTestObject("pembayaran/Tittle nomor invoice"), 0): Object 'Object Repository/pembayaran/Tittle nomor invoice' is present

2023-10-05 11:09:22 - [MESSAGE][WARNING] - Timeout '0' is invalid. Using default page load timeout: '30'

2023-10-05 11:09:23 - [MESSAGE][PASSED] - Object 'Object Repository/pembayaran/Tittle nomor invoice' is present

2023-10-05 11:09:23 - [TEST_STEP][PASSED] - return data: null

2023-10-05 11:09:23 - [MESSAGE][PASSED] - Call Test Case 'Test Cases/T13 Pembelian, Shipment dan Pembayaran/PBL-004' successfully

2023-10-05 11:09:23 - [TEST_STEP][PASSED] - Invoice = getText(findTestObject("pembayaran/nomor invoice")): Text of object 'Object Repository/pembayaran/nomor invoice' is: 'TRX60.20231005110915'

2023-10-05 11:09:24 - [MESSAGE][PASSED] - Text of object 'Object Repository/pembayaran/nomor invoice' is: 'TRX60.20231005110915'

2023-10-05 11:09:24 - [TEST_STEP][PASSED] - data.put("invoice", Invoice): null

2023-10-05 11:09:24 - [TEST_STEP][PASSED] - NamaPemesan = getText(findTestObject("Konfirmasi pesanan shop/Nama pemesan")): Text of object 'Object Repository/Konfirmasi pesanan shop/Nama pemesan' is: 'irfan.afandi'

2023-10-05 11:09:24 - [MESSAGE][PASSED] - Text of object 'Object Repository/Konfirmasi pesanan shop/Nama pemesan' is: 'irfan.afandi'

2023-10-05 11:09:24 - [TEST_STEP][PASSED] - Nama = getText(findTestObject("pembayaran/Nama barang")): Text of object 'Object Repository/pembayaran/Nama barang' is: 'Segitiga Instan Madeira - MDB5.3 Sunset'

2023-10-05 11:09:25 - [MESSAGE][PASSED] - Text of object 'Object Repository/pembayaran/Nama barang' is: 'Segitiga Instan Madeira - MDB5.3 Sunset'

2023-10-05 11:09:25 - [TEST_STEP][PASSED] - Harga = getText(findTestObject("pembayaran/Harga barang")): Text of object 'Object Repository/pembayaran/Harga barang' is: '1,299'

2023-10-05 11:09:25 - [MESSAGE][PASSED] - Text of object 'Object Repository/pembayaran/Harga barang' is: '1,299'

2023-10-05 11:09:25 - [TEST_STEP][PASSED] - name_product = data.get("nama_barang"): null

2023-10-05 11:09:25 - [TEST_STEP][PASSED] - price_product = data.get("price_barang"): null

2023-10-05 11:09:25 - [TEST_STEP][PASSED] - assert name_product.contains(Nama): null

2023-10-05 11:09:25 - [TEST_STEP][PASSED] - assert price_product.contains(Harga): null

2023-10-05 11:09:25 - [TEST_STEP][PASSED] - warnaa = getText(findTestObject("pembayaran/warna")): Text of object 'Object Repository/pembayaran/warna' is: 'Merah'

2023-10-05 11:09:26 - [MESSAGE][PASSED] - Text of object 'Object Repository/pembayaran/warna' is: 'Merah'

2023-10-05 11:09:26 - [TEST_STEP][PASSED] - ukurann = getText(findTestObject("pembayaran/ukuran")): Text of object 'Object Repository/pembayaran/ukuran' is: 'Menengah'

2023-10-05 11:09:26 - [MESSAGE][PASSED] - Text of object 'Object Repository/pembayaran/ukuran' is: 'Menengah'

2023-10-05 11:09:26 - [TEST_STEP][PASSED] - warna1 = data.get("Warna"): null

2023-10-05 11:09:26 - [TEST_STEP][PASSED] - ukuran1 = data.get("Ukuran"): null

2023-10-05 11:09:26 - [TEST_STEP][PASSED] - assert warnaa == warna1: null

2023-10-05 11:09:26 - [TEST_STEP][PASSED] - assert ukurann == ukuran1: null

2023-10-05 11:09:26 - [TEST_STEP][PASSED] - statusPembelian = getText(findTestObject("verifikasi/Status pending di pembelian")): Text of object 'Object Repository/verifikasi/Status pending di pembelian' is: 'Pending'

2023-10-05 11:09:27 - [MESSAGE][PASSED] - Text of object 'Object Repository/verifikasi/Status pending di pembelian' is: 'Pending'

2023-10-05 11:09:27 - [TEST_STEP][PASSED] - data.put("statusPem", statusPembelian): null

2023-10-05 11:09:27 - [TEST_STEP][PASSED] - OngkosKirim = getText(findTestObject("pembayaran/ongkos kirim")): Text of object 'Object Repository/pembayaran/ongkos kirim' is: 'Rp 5,000'

2023-10-05 11:09:27 - [MESSAGE][PASSED] - Text of object 'Object Repository/pembayaran/ongkos kirim' is: 'Rp 5,000'

2023-10-05 11:09:27 - [TEST_STEP][PASSED] - Ongkos = OngkosKirim.substring(3, OngkosKirim.size()): null

2023-10-05 11:09:27 - [TEST_STEP][PASSED] - rep = Ongkos.replace(",", ""): null

2023-10-05 11:09:27 - [TEST_STEP][PASSED] - Ongkos_kirimm = Integer.parseInt(rep): null

2023-10-05 11:09:27 - [TEST_STEP][PASSED] - println(Ongkos_kirimm): null

2023-10-05 11:09:27 - [TEST_STEP][PASSED] - FeeAdmin = getText(findTestObject("pembayaran/fee admin")): Text of object 'Object Repository/pembayaran/fee admin' is: 'Rp 1,500'

2023-10-05 11:09:28 - [MESSAGE][PASSED] - Text of object 'Object Repository/pembayaran/fee admin' is: 'Rp 1,500'

2023-10-05 11:09:28 - [TEST_STEP][PASSED] - Fee_Admin = FeeAdmin.substring(3, FeeAdmin.size()): null

2023-10-05 11:09:28 - [TEST_STEP][PASSED] - fee = Fee_Admin.replace(",", ""): null

2023-10-05 11:09:28 - [TEST_STEP][PASSED] - fee_adminn = Integer.parseInt(fee): null

2023-10-05 11:09:28 - [TEST_STEP][PASSED] - println(fee_adminn): null

2023-10-05 11:09:28 - [TEST_STEP][PASSED] - Subtotal = getText(findTestObject("pembayaran/subtotal")): Text of object 'Object Repository/pembayaran/subtotal' is: 'Rp 1,299'

2023-10-05 11:09:28 - [MESSAGE][PASSED] - Text of object 'Object Repository/pembayaran/subtotal' is: 'Rp 1,299'

2023-10-05 11:09:28 - [TEST_STEP][PASSED] - sub_total = Subtotal.substring(3, Subtotal.size()): null

2023-10-05 11:09:28 - [TEST_STEP][PASSED] - sub = sub_total.replace(",", ""): null

2023-10-05 11:09:28 - [TEST_STEP][PASSED] - sub_totall = Integer.parseInt(sub): null

2023-10-05 11:09:28 - [TEST_STEP][PASSED] - println(sub_totall): null

2023-10-05 11:09:28 - [TEST_STEP][PASSED] - unik = getText(findTestObject("pembayaran/kode unik")): Text of object 'Object Repository/pembayaran/kode unik' is: '+915'

2023-10-05 11:09:29 - [MESSAGE][PASSED] - Text of object 'Object Repository/pembayaran/kode unik' is: '+915'

2023-10-05 11:09:29 - [TEST_STEP][PASSED] - unikk = unik.replace("+", ""): null

2023-10-05 11:09:29 - [TEST_STEP][PASSED] - kode_unik = Integer.parseInt(unikk): null

2023-10-05 11:09:29 - [TEST_STEP][PASSED] - println(kode_unik): null

2023-10-05 11:09:29 - [TEST_STEP][PASSED] - Total = getText(findTestObject("pembayaran/total")): Text of object 'Object Repository/pembayaran/total' is: '8,714'

2023-10-05 11:09:29 - [MESSAGE][PASSED] - Text of object 'Object Repository/pembayaran/total' is: '8,714'

2023-10-05 11:09:29 - [TEST_STEP][PASSED] - total = Total.replace(",", ""): null

2023-10-05 11:09:29 - [TEST_STEP][PASSED] - totalll = Integer.parseInt(total): null

2023-10-05 11:09:29 - [TEST_STEP][PASSED] - println(totalll): null

2023-10-05 11:09:29 - [TEST_STEP][PASSED] - Total_Hargaa = Ongkos_kirimm + fee_adminn + sub_totall + kode_unik: null

2023-10-05 11:09:29 - [TEST_STEP][PASSED] - println(Total_Hargaa): null

2023-10-05 11:09:29 - [TEST_STEP][PASSED] - assert totalll == Total_Hargaa: null

2023-10-05 11:09:29 - [TEST_STEP][PASSED] - data.put("total", Total): null

2023-10-05 11:09:29 - [TEST_STEP][PASSED] - data.put("nama", NamaPemesan): null

2023-10-05 11:09:29 - [TEST_STEP][PASSED] - return data: null

2023-10-05 11:09:29 - [MESSAGE][PASSED] - Call Test Case 'Test Cases/T13 Pembelian, Shipment dan Pembayaran/PBY-001' successfully

2023-10-05 11:09:29 - [TEST_STEP][PASSED] - inv = data.get("invoice"): null

2023-10-05 11:09:29 - [TEST_STEP][PASSED] - Total = data.get("total"): null

2023-10-05 11:09:29 - [TEST_STEP][PASSED] - NamaPemesan = data.get("nama"): null

2023-10-05 11:09:29 - [TEST_STEP][PASSED] - click(findTestObject("Konfirmasi pesanan shop/Menu Shop")): Object: 'Object Repository/Konfirmasi pesanan shop/Menu Shop' is clicked on

2023-10-05 11:09:31 - [MESSAGE][PASSED] - Object: 'Object Repository/Konfirmasi pesanan shop/Menu Shop' is clicked on

2023-10-05 11:09:31 - [TEST_STEP][PASSED] - click(findTestObject("Konfirmasi pesanan shop/Menu Shop")): Object: 'Object Repository/Konfirmasi pesanan shop/Menu Shop' is clicked on

2023-10-05 11:09:31 - [MESSAGE][PASSED] - Object: 'Object Repository/Konfirmasi pesanan shop/Menu Shop' is clicked on

2023-10-05 11:09:31 - [TEST_STEP][PASSED] - click(findTestObject("Konfirmasi pesanan shop/Konfirmasi Orders")): Object: 'Object Repository/Konfirmasi pesanan shop/Konfirmasi Orders' is clicked on

2023-10-05 11:09:32 - [MESSAGE][PASSED] - Object: 'Object Repository/Konfirmasi pesanan shop/Konfirmasi Orders' is clicked on

2023-10-05 11:09:32 - [TEST_STEP][PASSED] - verifyElementPresent(findTestObject("Konfirmasi pesanan shop/Tittle Konfirmasi Pesanan"), 0): Object 'Object Repository/Konfirmasi pesanan shop/Tittle Konfirmasi Pesanan' is present

2023-10-05 11:09:32 - [MESSAGE][WARNING] - Timeout '0' is invalid. Using default page load timeout: '30'

2023-10-05 11:09:33 - [MESSAGE][PASSED] - Object 'Object Repository/Konfirmasi pesanan shop/Tittle Konfirmasi Pesanan' is present

2023-10-05 11:09:33 - [TEST_STEP][PASSED] - setText(findTestObject("Konfirmasi pesanan shop/input_No Pesanan"), inv): Text 'TRX60.20231005110915' is set on object 'Object Repository/Konfirmasi pesanan shop/input_No Pesanan'

2023-10-05 11:09:34 - [MESSAGE][PASSED] - Text 'TRX60.20231005110915' is set on object 'Object Repository/Konfirmasi pesanan shop/input_No Pesanan'

2023-10-05 11:09:34 - [TEST_STEP][PASSED] - setText(findTestObject("Konfirmasi pesanan shop/input_Alamat E-mai"), "irfan@gmail.com"): Text 'irfan@gmail.com' is set on object 'Object Repository/Konfirmasi pesanan shop/input_Alamat E-mai'

2023-10-05 11:09:35 - [MESSAGE][PASSED] - Text 'irfan@gmail.com' is set on object 'Object Repository/Konfirmasi pesanan shop/input_Alamat E-mai'

2023-10-05 11:09:35 - [TEST_STEP][PASSED] - click(findTestObject("Konfirmasi pesanan shop/button_Submit")): Object: 'Object Repository/Konfirmasi pesanan shop/button_Submit' is clicked on

2023-10-05 11:09:36 - [MESSAGE][PASSED] - Object: 'Object Repository/Konfirmasi pesanan shop/button_Submit' is clicked on

2023-10-05 11:09:36 - [TEST_STEP][PASSED] - verifyElementPresent(findTestObject("Konfirmasi pesanan shop/Tittle nomor invoice"), 0): Object 'Object Repository/Konfirmasi pesanan shop/Tittle nomor invoice' is present

2023-10-05 11:09:36 - [MESSAGE][WARNING] - Timeout '0' is invalid. Using default page load timeout: '30'

2023-10-05 11:09:36 - [MESSAGE][PASSED] - Object 'Object Repository/Konfirmasi pesanan shop/Tittle nomor invoice' is present

2023-10-05 11:09:36 - [TEST_STEP][PASSED] - setText(findTestObject("Konfirmasi pesanan shop/input_Total TagihanTransfer_b"), Total): Text '8,714' is set on object 'Object Repository/Konfirmasi pesanan shop/input_Total TagihanTransfer_b'

2023-10-05 11:09:37 - [MESSAGE][PASSED] - Text '8,714' is set on object 'Object Repository/Konfirmasi pesanan shop/input_Total TagihanTransfer_b'

2023-10-05 11:09:37 - [TEST_STEP][PASSED] - selectOptionByValue(findTestObject("Konfirmasi pesanan shop/select_Bank"), "4", false): All options with value '4' are selected in object 'Object Repository/Konfirmasi pesanan shop/select_Bank' 

2023-10-05 11:09:38 - [MESSAGE][PASSED] - All options with value '4' are selected in object 'Object Repository/Konfirmasi pesanan shop/select_Bank' 

2023-10-05 11:09:38 - [TEST_STEP][PASSED] - setText(findTestObject("Konfirmasi pesanan shop/input_Nama Pengirim_d"), NamaPemesan): Text 'irfan.afandi' is set on object 'Object Repository/Konfirmasi pesanan shop/input_Nama Pengirim_d'

2023-10-05 11:09:39 - [MESSAGE][PASSED] - Text 'irfan.afandi' is set on object 'Object Repository/Konfirmasi pesanan shop/input_Nama Pengirim_d'

2023-10-05 11:09:39 - [TEST_STEP][PASSED] - uploadFile(findTestObject("keranjang/konfirmasi/input_Upload Bukti Transfer_f"), "C:\Users\IRFAN\Downloads\Berkas2.pdf"): File 'C:\Users\IRFAN\Downloads\Berkas2.pdf' sent to object: 'Object Repository/keranjang/konfirmasi/input_Upload Bukti Transfer_f'

2023-10-05 11:09:40 - [MESSAGE][PASSED] - File 'C:\Users\IRFAN\Downloads\Berkas2.pdf' sent to object: 'Object Repository/keranjang/konfirmasi/input_Upload Bukti Transfer_f'

2023-10-05 11:09:40 - [TEST_STEP][PASSED] - click(findTestObject("Konfirmasi pesanan shop/button_Konfirmasi Pembayaran")): Object: 'Object Repository/Konfirmasi pesanan shop/button_Konfirmasi Pembayaran' is clicked on

2023-10-05 11:09:41 - [MESSAGE][PASSED] - Object: 'Object Repository/Konfirmasi pesanan shop/button_Konfirmasi Pembayaran' is clicked on

2023-10-05 11:09:41 - [TEST_STEP][PASSED] - verifyElementPresent(findTestObject("Konfirmasi pesanan shop/Tittle Konfirmasi Pesanan"), 0): Object 'Object Repository/Konfirmasi pesanan shop/Tittle Konfirmasi Pesanan' is present

2023-10-05 11:09:41 - [MESSAGE][WARNING] - Timeout '0' is invalid. Using default page load timeout: '30'

2023-10-05 11:09:42 - [MESSAGE][PASSED] - Object 'Object Repository/Konfirmasi pesanan shop/Tittle Konfirmasi Pesanan' is present

2023-10-05 11:09:42 - [TEST_STEP][PASSED] - verifyElementPresent(findTestObject("Konfirmasi pesanan shop/Tittle massage succes Konfirmasi Pembayaran Pesanan"), 0): Object 'Object Repository/Konfirmasi pesanan shop/Tittle massage succes Konfirmasi Pembayaran Pesanan' is present

2023-10-05 11:09:42 - [MESSAGE][WARNING] - Timeout '0' is invalid. Using default page load timeout: '30'

2023-10-05 11:09:42 - [MESSAGE][PASSED] - Object 'Object Repository/Konfirmasi pesanan shop/Tittle massage succes Konfirmasi Pembayaran Pesanan' is present

2023-10-05 11:09:42 - [TEST_STEP][PASSED] - return data: null

2023-10-05 11:09:42 - [MESSAGE][PASSED] - Call Test Case 'Test Cases/T13 Pembelian, Shipment dan Pembayaran/PBY-004' successfully

2023-10-05 11:09:42 - [TEST_STEP][PASSED] - navigateToUrl("https://10.9.2.63/ecommerce/administrator/"): Navigate to 'https://10.9.2.63/ecommerce/administrator/' successfully

2023-10-05 11:09:43 - [MESSAGE][PASSED] - Navigate to 'https://10.9.2.63/ecommerce/administrator/' successfully

2023-10-05 11:09:43 - [TEST_STEP][PASSED] - verifyElementPresent(findTestObject("admin/Tittle ADMIN Login"), 0): Object 'Object Repository/admin/Tittle ADMIN Login' is present

2023-10-05 11:09:43 - [MESSAGE][WARNING] - Timeout '0' is invalid. Using default page load timeout: '30'

2023-10-05 11:09:43 - [MESSAGE][PASSED] - Object 'Object Repository/admin/Tittle ADMIN Login' is present

2023-10-05 11:09:43 - [TEST_STEP][PASSED] - setText(findTestObject("admin/Username"), "admin"): Text 'admin' is set on object 'Object Repository/admin/Username'

2023-10-05 11:09:44 - [MESSAGE][PASSED] - Text 'admin' is set on object 'Object Repository/admin/Username'

2023-10-05 11:09:44 - [TEST_STEP][PASSED] - setText(findTestObject("admin/Password"), "123admin123"): Text '123admin123' is set on object 'Object Repository/admin/Password'

2023-10-05 11:09:45 - [MESSAGE][PASSED] - Text '123admin123' is set on object 'Object Repository/admin/Password'

2023-10-05 11:09:45 - [TEST_STEP][PASSED] - click(findTestObject("admin/Remember Me")): Object: 'Object Repository/admin/Remember Me' is clicked on

2023-10-05 11:09:45 - [MESSAGE][PASSED] - Object: 'Object Repository/admin/Remember Me' is clicked on

2023-10-05 11:09:45 - [TEST_STEP][PASSED] - delay(10): Delayed 10 second(s)

2023-10-05 11:09:55 - [MESSAGE][PASSED] - Delayed 10 second(s)

2023-10-05 11:09:55 - [TEST_STEP][PASSED] - click(findTestObject("admin/buttom submit")): Object: 'Object Repository/admin/buttom submit' is clicked on

2023-10-05 11:09:57 - [MESSAGE][PASSED] - Object: 'Object Repository/admin/buttom submit' is clicked on

2023-10-05 11:09:57 - [TEST_STEP][PASSED] - verifyElementPresent(findTestObject("admin/Konf order konsumen/Tittle Dashboard"), 0): Object 'Object Repository/admin/Konf order konsumen/Tittle Dashboard' is present

2023-10-05 11:09:57 - [MESSAGE][WARNING] - Timeout '0' is invalid. Using default page load timeout: '30'

2023-10-05 11:09:57 - [MESSAGE][PASSED] - Object 'Object Repository/admin/Konf order konsumen/Tittle Dashboard' is present

2023-10-05 11:09:57 - [TEST_STEP][PASSED] - click(findTestObject("admin/Konf order konsumen/Menu Transaksi Market")): Object: 'Object Repository/admin/Konf order konsumen/Menu Transaksi Market' is clicked on

2023-10-05 11:09:58 - [MESSAGE][PASSED] - Object: 'Object Repository/admin/Konf order konsumen/Menu Transaksi Market' is clicked on

2023-10-05 11:09:58 - [TEST_STEP][PASSED] - click(findTestObject("admin/Konf order konsumen/Menu Konf. Order Konsumen")): Object: 'Object Repository/admin/Konf order konsumen/Menu Konf. Order Konsumen' is clicked on

2023-10-05 11:09:59 - [MESSAGE][PASSED] - Object: 'Object Repository/admin/Konf order konsumen/Menu Konf. Order Konsumen' is clicked on

2023-10-05 11:09:59 - [TEST_STEP][PASSED] - verifyElementPresent(findTestObject("admin/Konf order konsumen/Tittle Data Konfirmasi Pembayaran Konsumen"), 0): Object 'Object Repository/admin/Konf order konsumen/Tittle Data Konfirmasi Pembayaran Konsumen' is present

2023-10-05 11:09:59 - [MESSAGE][WARNING] - Timeout '0' is invalid. Using default page load timeout: '30'

2023-10-05 11:09:59 - [MESSAGE][PASSED] - Object 'Object Repository/admin/Konf order konsumen/Tittle Data Konfirmasi Pembayaran Konsumen' is present

2023-10-05 11:09:59 - [TEST_STEP][PASSED] - inv = data.get("invoice"): null

2023-10-05 11:09:59 - [TEST_STEP][PASSED] - setText(findTestObject("admin/Konf order konsumen/Search"), inv): Text 'TRX60.20231005110915' is set on object 'Object Repository/admin/Konf order konsumen/Search'

2023-10-05 11:10:00 - [MESSAGE][PASSED] - Text 'TRX60.20231005110915' is set on object 'Object Repository/admin/Konf order konsumen/Search'

2023-10-05 11:10:00 - [TEST_STEP][PASSED] - verifyElementText(findTestObject("admin/Konf order konsumen/Keterangan Lunas"), "Lunas"): Actual text and expected text of test object 'Object Repository/admin/Konf order konsumen/Keterangan Lunas' are matched.

2023-10-05 11:10:01 - [MESSAGE][PASSED] - Actual text and expected text of test object 'Object Repository/admin/Konf order konsumen/Keterangan Lunas' are matched.

2023-10-05 11:10:01 - [TEST_STEP][PASSED] - return data: null

2023-10-05 11:10:01 - [MESSAGE][PASSED] - Call Test Case 'Test Cases/T13 Pembelian, Shipment dan Pembayaran/PBYA-001' successfully

2023-10-05 11:10:01 - [TEST_STEP][PASSED] - click(findTestObject("admin/Penjualan ke konsumen/buttom Dashboard")): Object: 'Object Repository/admin/Penjualan ke konsumen/buttom Dashboard' is clicked on

2023-10-05 11:10:02 - [MESSAGE][PASSED] - Object: 'Object Repository/admin/Penjualan ke konsumen/buttom Dashboard' is clicked on

2023-10-05 11:10:02 - [TEST_STEP][PASSED] - click(findTestObject("admin/Konf order konsumen/Menu Transaksi Market")): Object: 'Object Repository/admin/Konf order konsumen/Menu Transaksi Market' is clicked on

2023-10-05 11:10:02 - [MESSAGE][PASSED] - Object: 'Object Repository/admin/Konf order konsumen/Menu Transaksi Market' is clicked on

2023-10-05 11:10:02 - [TEST_STEP][PASSED] - click(findTestObject("admin/Penjualan ke konsumen/a_Penjualan ke Konsumen")): Object: 'Object Repository/admin/Penjualan ke konsumen/a_Penjualan ke Konsumen' is clicked on

2023-10-05 11:10:06 - [MESSAGE][PASSED] - Object: 'Object Repository/admin/Penjualan ke konsumen/a_Penjualan ke Konsumen' is clicked on

2023-10-05 11:10:06 - [TEST_STEP][PASSED] - verifyElementPresent(findTestObject("admin/Tittle Data Transaksi Penjualan  Orderan Konsumen"), 0): Object 'Object Repository/admin/Tittle Data Transaksi Penjualan  Orderan Konsumen' is present

2023-10-05 11:10:06 - [MESSAGE][WARNING] - Timeout '0' is invalid. Using default page load timeout: '30'

2023-10-05 11:10:06 - [MESSAGE][PASSED] - Object 'Object Repository/admin/Tittle Data Transaksi Penjualan  Orderan Konsumen' is present

2023-10-05 11:10:06 - [TEST_STEP][PASSED] - return data: null

2023-10-05 11:10:06 - [MESSAGE][PASSED] - Call Test Case 'Test Cases/T13 Pembelian, Shipment dan Pembayaran/SA-001' successfully

2023-10-05 11:10:06 - [TEST_STEP][PASSED] - inv = data.get("invoice"): null

2023-10-05 11:10:06 - [TEST_STEP][PASSED] - setText(findTestObject("admin/Penjualan ke konsumen/Search"), inv): Text 'TRX60.20231005110915' is set on object 'Object Repository/admin/Penjualan ke konsumen/Search'

2023-10-05 11:10:07 - [MESSAGE][PASSED] - Text 'TRX60.20231005110915' is set on object 'Object Repository/admin/Penjualan ke konsumen/Search'

2023-10-05 11:10:07 - [TEST_STEP][PASSED] - click(findTestObject("admin/Penjualan ke konsumen/buttom konfirmasi pending payment")): Object: 'Object Repository/admin/Penjualan ke konsumen/buttom konfirmasi pending payment' is clicked on

2023-10-05 11:10:08 - [MESSAGE][PASSED] - Object: 'Object Repository/admin/Penjualan ke konsumen/buttom konfirmasi pending payment' is clicked on

2023-10-05 11:10:08 - [TEST_STEP][FAILED] - acceptAlert(STOP_ON_FAILURE): Unable to accept alert (Root cause: com.kms.katalon.core.exception.StepFailedException: Unable to accept alert
	at com.kms.katalon.core.webui.keyword.internal.WebUIKeywordMain.stepFailed(WebUIKeywordMain.groovy:64)
	at com.kms.katalon.core.webui.keyword.internal.WebUIKeywordMain.runKeyword(WebUIKeywordMain.groovy:26)
	at com.kms.katalon.core.webui.keyword.builtin.AcceptAlertKeyword.acceptAlert(AcceptAlertKeyword.groovy:71)
	at com.kms.katalon.core.webui.keyword.builtin.AcceptAlertKeyword.execute(AcceptAlertKeyword.groovy:66)
	at com.kms.katalon.core.keyword.internal.KeywordExecutor.executeKeywordForPlatform(KeywordExecutor.groovy:74)
	at com.kms.katalon.core.webui.keyword.WebUiBuiltInKeywords.acceptAlert(WebUiBuiltInKeywords.groovy:1510)
	at com.kms.katalon.core.webui.keyword.WebUiBuiltInKeywords$acceptAlert$16.call(Unknown Source)
	at SA-002.run(SA-002:29)
	at com.kms.katalon.core.main.ScriptEngine.run(ScriptEngine.java:194)
	at com.kms.katalon.core.main.ScriptEngine.runScriptAsRawText(ScriptEngine.java:119)
	at com.kms.katalon.core.main.TestCaseExecutor.runScript(TestCaseExecutor.java:448)
	at com.kms.katalon.core.main.TestCaseExecutor.doExecute(TestCaseExecutor.java:439)
	at com.kms.katalon.core.main.TestCaseExecutor.processExecutionPhase(TestCaseExecutor.java:418)
	at com.kms.katalon.core.main.TestCaseExecutor.accessMainPhase(TestCaseExecutor.java:410)
	at com.kms.katalon.core.main.TestCaseExecutor.execute(TestCaseExecutor.java:285)
	at com.kms.katalon.core.common.CommonExecutor.accessTestCaseMainPhase(CommonExecutor.java:65)
	at com.kms.katalon.core.main.TestSuiteExecutor.accessTestSuiteMainPhase(TestSuiteExecutor.java:148)
	at com.kms.katalon.core.main.TestSuiteExecutor.execute(TestSuiteExecutor.java:106)
	at com.kms.katalon.core.main.TestCaseMain.startTestSuite(TestCaseMain.java:187)
	at com.kms.katalon.core.main.TestCaseMain$startTestSuite$0.call(Unknown Source)
	at TempTestSuite1696477503821.run(TempTestSuite1696477503821.groovy:36)
Caused by: com.kms.katalon.core.exception.StepFailedException: No alert found
	at com.kms.katalon.core.webui.keyword.internal.WebUIKeywordMain.stepFailed(WebUIKeywordMain.groovy:64)
	at com.kms.katalon.core.webui.keyword.builtin.AcceptAlertKeyword$_acceptAlert_closure1.doCall(AcceptAlertKeyword.groovy:78)
	at com.kms.katalon.core.webui.keyword.builtin.AcceptAlertKeyword$_acceptAlert_closure1.call(AcceptAlertKeyword.groovy)
	at com.kms.katalon.core.webui.keyword.internal.WebUIKeywordMain.runKeyword(WebUIKeywordMain.groovy:20)
	... 19 more
)

2023-10-05 11:10:08 - [MESSAGE][FAILED] - No alert found (Root cause: com.kms.katalon.core.exception.StepFailedException: No alert found
	at com.kms.katalon.core.webui.keyword.internal.WebUIKeywordMain.stepFailed(WebUIKeywordMain.groovy:64)
	at com.kms.katalon.core.webui.keyword.builtin.AcceptAlertKeyword$_acceptAlert_closure1.doCall(AcceptAlertKeyword.groovy:78)
	at com.kms.katalon.core.webui.keyword.builtin.AcceptAlertKeyword$_acceptAlert_closure1.call(AcceptAlertKeyword.groovy)
	at com.kms.katalon.core.webui.keyword.internal.WebUIKeywordMain.runKeyword(WebUIKeywordMain.groovy:20)
	at com.kms.katalon.core.webui.keyword.builtin.AcceptAlertKeyword.acceptAlert(AcceptAlertKeyword.groovy:71)
	at com.kms.katalon.core.webui.keyword.builtin.AcceptAlertKeyword.execute(AcceptAlertKeyword.groovy:66)
	at com.kms.katalon.core.keyword.internal.KeywordExecutor.executeKeywordForPlatform(KeywordExecutor.groovy:74)
	at com.kms.katalon.core.webui.keyword.WebUiBuiltInKeywords.acceptAlert(WebUiBuiltInKeywords.groovy:1510)
	at com.kms.katalon.core.webui.keyword.WebUiBuiltInKeywords$acceptAlert$16.call(Unknown Source)
	at SA-002.run(SA-002:29)
	at com.kms.katalon.core.main.ScriptEngine.run(ScriptEngine.java:194)
	at com.kms.katalon.core.main.ScriptEngine.runScriptAsRawText(ScriptEngine.java:119)
	at com.kms.katalon.core.main.TestCaseExecutor.runScript(TestCaseExecutor.java:448)
	at com.kms.katalon.core.main.TestCaseExecutor.doExecute(TestCaseExecutor.java:439)
	at com.kms.katalon.core.main.TestCaseExecutor.processExecutionPhase(TestCaseExecutor.java:418)
	at com.kms.katalon.core.main.TestCaseExecutor.accessMainPhase(TestCaseExecutor.java:410)
	at com.kms.katalon.core.main.TestCaseExecutor.execute(TestCaseExecutor.java:285)
	at com.kms.katalon.core.common.CommonExecutor.accessTestCaseMainPhase(CommonExecutor.java:65)
	at com.kms.katalon.core.main.TestSuiteExecutor.accessTestSuiteMainPhase(TestSuiteExecutor.java:148)
	at com.kms.katalon.core.main.TestSuiteExecutor.execute(TestSuiteExecutor.java:106)
	at com.kms.katalon.core.main.TestCaseMain.startTestSuite(TestCaseMain.java:187)
	at com.kms.katalon.core.main.TestCaseMain$startTestSuite$0.call(Unknown Source)
	at TempTestSuite1696477503821.run(TempTestSuite1696477503821.groovy:36)
)
[[ATTACHMENT|C:\\FT2 XSIS\\Projek 2 MINI PROJEK\\Reports\\20231005_104503\\T13 Pembelian, Shipment dan Pembayaran\\T13 Pembelian, Shipment dan Pembayaran\\20231005_104503\\1696479008364.png]]

2023-10-05 11:10:08 - [MESSAGE][FAILED] - Unable to accept alert (Root cause: com.kms.katalon.core.exception.StepFailedException: Unable to accept alert
	at com.kms.katalon.core.webui.keyword.internal.WebUIKeywordMain.stepFailed(WebUIKeywordMain.groovy:64)
	at com.kms.katalon.core.webui.keyword.internal.WebUIKeywordMain.runKeyword(WebUIKeywordMain.groovy:26)
	at com.kms.katalon.core.webui.keyword.builtin.AcceptAlertKeyword.acceptAlert(AcceptAlertKeyword.groovy:71)
	at com.kms.katalon.core.webui.keyword.builtin.AcceptAlertKeyword.execute(AcceptAlertKeyword.groovy:66)
	at com.kms.katalon.core.keyword.internal.KeywordExecutor.executeKeywordForPlatform(KeywordExecutor.groovy:74)
	at com.kms.katalon.core.webui.keyword.WebUiBuiltInKeywords.acceptAlert(WebUiBuiltInKeywords.groovy:1510)
	at com.kms.katalon.core.webui.keyword.WebUiBuiltInKeywords$acceptAlert$16.call(Unknown Source)
	at SA-002.run(SA-002:29)
	at com.kms.katalon.core.main.ScriptEngine.run(ScriptEngine.java:194)
	at com.kms.katalon.core.main.ScriptEngine.runScriptAsRawText(ScriptEngine.java:119)
	at com.kms.katalon.core.main.TestCaseExecutor.runScript(TestCaseExecutor.java:448)
	at com.kms.katalon.core.main.TestCaseExecutor.doExecute(TestCaseExecutor.java:439)
	at com.kms.katalon.core.main.TestCaseExecutor.processExecutionPhase(TestCaseExecutor.java:418)
	at com.kms.katalon.core.main.TestCaseExecutor.accessMainPhase(TestCaseExecutor.java:410)
	at com.kms.katalon.core.main.TestCaseExecutor.execute(TestCaseExecutor.java:285)
	at com.kms.katalon.core.common.CommonExecutor.accessTestCaseMainPhase(CommonExecutor.java:65)
	at com.kms.katalon.core.main.TestSuiteExecutor.accessTestSuiteMainPhase(TestSuiteExecutor.java:148)
	at com.kms.katalon.core.main.TestSuiteExecutor.execute(TestSuiteExecutor.java:106)
	at com.kms.katalon.core.main.TestCaseMain.startTestSuite(TestCaseMain.java:187)
	at com.kms.katalon.core.main.TestCaseMain$startTestSuite$0.call(Unknown Source)
	at TempTestSuite1696477503821.run(TempTestSuite1696477503821.groovy:36)
Caused by: com.kms.katalon.core.exception.StepFailedException: No alert found
	at com.kms.katalon.core.webui.keyword.internal.WebUIKeywordMain.stepFailed(WebUIKeywordMain.groovy:64)
	at com.kms.katalon.core.webui.keyword.builtin.AcceptAlertKeyword$_acceptAlert_closure1.doCall(AcceptAlertKeyword.groovy:78)
	at com.kms.katalon.core.webui.keyword.builtin.AcceptAlertKeyword$_acceptAlert_closure1.call(AcceptAlertKeyword.groovy)
	at com.kms.katalon.core.webui.keyword.internal.WebUIKeywordMain.runKeyword(WebUIKeywordMain.groovy:20)
	... 19 more
)
[[ATTACHMENT|C:\\FT2 XSIS\\Projek 2 MINI PROJEK\\Reports\\20231005_104503\\T13 Pembelian, Shipment dan Pembayaran\\T13 Pembelian, Shipment dan Pembayaran\\20231005_104503\\1696479008505.png]]]]></system-out>
         <system-err><![CDATA[2023-10-05 11:08:38 - [TEST_CASE][FAILED] - Test Cases/T13 Pembelian, Shipment dan Pembayaran/SA-002: Test Cases/T13 Pembelian, Shipment dan Pembayaran/SA-002 FAILED.
Reason:
com.kms.katalon.core.exception.StepFailedException: Unable to accept alert
	at com.kms.katalon.core.webui.keyword.internal.WebUIKeywordMain.stepFailed(WebUIKeywordMain.groovy:64)
	at com.kms.katalon.core.webui.keyword.internal.WebUIKeywordMain.runKeyword(WebUIKeywordMain.groovy:26)
	at com.kms.katalon.core.webui.keyword.builtin.AcceptAlertKeyword.acceptAlert(AcceptAlertKeyword.groovy:71)
	at com.kms.katalon.core.webui.keyword.builtin.AcceptAlertKeyword.execute(AcceptAlertKeyword.groovy:66)
	at com.kms.katalon.core.keyword.internal.KeywordExecutor.executeKeywordForPlatform(KeywordExecutor.groovy:74)
	at com.kms.katalon.core.webui.keyword.WebUiBuiltInKeywords.acceptAlert(WebUiBuiltInKeywords.groovy:1510)
	at com.kms.katalon.core.webui.keyword.WebUiBuiltInKeywords$acceptAlert$16.call(Unknown Source)
	at SA-002.run(SA-002:29)
	at com.kms.katalon.core.main.ScriptEngine.run(ScriptEngine.java:194)
	at com.kms.katalon.core.main.ScriptEngine.runScriptAsRawText(ScriptEngine.java:119)
	at com.kms.katalon.core.main.TestCaseExecutor.runScript(TestCaseExecutor.java:448)
	at com.kms.katalon.core.main.TestCaseExecutor.doExecute(TestCaseExecutor.java:439)
	at com.kms.katalon.core.main.TestCaseExecutor.processExecutionPhase(TestCaseExecutor.java:418)
	at com.kms.katalon.core.main.TestCaseExecutor.accessMainPhase(TestCaseExecutor.java:410)
	at com.kms.katalon.core.main.TestCaseExecutor.execute(TestCaseExecutor.java:285)
	at com.kms.katalon.core.common.CommonExecutor.accessTestCaseMainPhase(CommonExecutor.java:65)
	at com.kms.katalon.core.main.TestSuiteExecutor.accessTestSuiteMainPhase(TestSuiteExecutor.java:148)
	at com.kms.katalon.core.main.TestSuiteExecutor.execute(TestSuiteExecutor.java:106)
	at com.kms.katalon.core.main.TestCaseMain.startTestSuite(TestCaseMain.java:187)
	at com.kms.katalon.core.main.TestCaseMain$startTestSuite$0.call(Unknown Source)
	at TempTestSuite1696477503821.run(TempTestSuite1696477503821.groovy:36)
Caused by: com.kms.katalon.core.exception.StepFailedException: No alert found
	at com.kms.katalon.core.webui.keyword.internal.WebUIKeywordMain.stepFailed(WebUIKeywordMain.groovy:64)
	at com.kms.katalon.core.webui.keyword.builtin.AcceptAlertKeyword$_acceptAlert_closure1.doCall(AcceptAlertKeyword.groovy:78)
	at com.kms.katalon.core.webui.keyword.builtin.AcceptAlertKeyword$_acceptAlert_closure1.call(AcceptAlertKeyword.groovy)
	at com.kms.katalon.core.webui.keyword.internal.WebUIKeywordMain.runKeyword(WebUIKeywordMain.groovy:20)
	... 19 more]]></system-err>
      </testcase>
      <testcase name="Test Cases/T13 Pembelian, Shipment dan Pembayaran/SA-003" time="111.634" classname="Test Cases/T13 Pembelian, Shipment dan Pembayaran/SA-003" status="PASSED">
         <system-out><![CDATA[2023-10-05 11:10:08 - [TEST_CASE][PASSED] - Test Cases/T13 Pembelian, Shipment dan Pembayaran/SA-003: Test Cases/T13 Pembelian, Shipment dan Pembayaran/SA-003

2023-10-05 11:10:08 - [TEST_STEP][PASSED] - data = callTestCase(findTestCase("T13 Pembelian, Shipment dan Pembayaran/SA-002"), [:], STOP_ON_FAILURE): Call Test Case 'Test Cases/T13 Pembelian, Shipment dan Pembayaran/SA-002' successfully

2023-10-05 11:10:09 - [TEST_CASE][PASSED] - Test Cases/T13 Pembelian, Shipment dan Pembayaran/SA-002: Test Cases/T13 Pembelian, Shipment dan Pembayaran/SA-002

2023-10-05 11:10:09 - [TEST_STEP][PASSED] - data = callTestCase(findTestCase("T13 Pembelian, Shipment dan Pembayaran/SA-001"), [:], STOP_ON_FAILURE): Call Test Case 'Test Cases/T13 Pembelian, Shipment dan Pembayaran/SA-001' successfully

2023-10-05 11:10:09 - [TEST_CASE][PASSED] - Test Cases/T13 Pembelian, Shipment dan Pembayaran/SA-001: Test Cases/T13 Pembelian, Shipment dan Pembayaran/SA-001

2023-10-05 11:10:09 - [TEST_STEP][PASSED] - data = callTestCase(findTestCase("T13 Pembelian, Shipment dan Pembayaran/PBYA-001"), [:], STOP_ON_FAILURE): Call Test Case 'Test Cases/T13 Pembelian, Shipment dan Pembayaran/PBYA-001' successfully

2023-10-05 11:10:09 - [TEST_CASE][PASSED] - Test Cases/T13 Pembelian, Shipment dan Pembayaran/PBYA-001: Test Cases/T13 Pembelian, Shipment dan Pembayaran/PBYA-001

2023-10-05 11:10:09 - [TEST_STEP][PASSED] - data = callTestCase(findTestCase("T13 Pembelian, Shipment dan Pembayaran/PBY-004"), [:], STOP_ON_FAILURE): Call Test Case 'Test Cases/T13 Pembelian, Shipment dan Pembayaran/PBY-004' successfully

2023-10-05 11:10:09 - [TEST_CASE][PASSED] - Test Cases/T13 Pembelian, Shipment dan Pembayaran/PBY-004: Test Cases/T13 Pembelian, Shipment dan Pembayaran/PBY-004

2023-10-05 11:10:09 - [TEST_STEP][PASSED] - data = callTestCase(findTestCase("T13 Pembelian, Shipment dan Pembayaran/PBY-001"), [:], STOP_ON_FAILURE): Call Test Case 'Test Cases/T13 Pembelian, Shipment dan Pembayaran/PBY-001' successfully

2023-10-05 11:10:09 - [TEST_CASE][PASSED] - Test Cases/T13 Pembelian, Shipment dan Pembayaran/PBY-001: Test Cases/T13 Pembelian, Shipment dan Pembayaran/PBY-001

2023-10-05 11:10:09 - [TEST_STEP][PASSED] - data = callTestCase(findTestCase("T13 Pembelian, Shipment dan Pembayaran/PBL-004"), ["Kurir":"Roda 2"], STOP_ON_FAILURE): Call Test Case 'Test Cases/T13 Pembelian, Shipment dan Pembayaran/PBL-004' successfully

2023-10-05 11:10:09 - [TEST_CASE][PASSED] - Test Cases/T13 Pembelian, Shipment dan Pembayaran/PBL-004: Test Cases/T13 Pembelian, Shipment dan Pembayaran/PBL-004

2023-10-05 11:10:09 - [TEST_STEP][PASSED] - data = callTestCase(findTestCase("T13 Pembelian, Shipment dan Pembayaran/PBL-002"), [:], STOP_ON_FAILURE): Call Test Case 'Test Cases/T13 Pembelian, Shipment dan Pembayaran/PBL-002' successfully

2023-10-05 11:10:09 - [TEST_CASE][PASSED] - Test Cases/T13 Pembelian, Shipment dan Pembayaran/PBL-002: Test Cases/T13 Pembelian, Shipment dan Pembayaran/PBL-002

2023-10-05 11:10:09 - [TEST_STEP][PASSED] - data = callTestCase(findTestCase("T13 Pembelian, Shipment dan Pembayaran/PBL-001"), [:], STOP_ON_FAILURE): Call Test Case 'Test Cases/T13 Pembelian, Shipment dan Pembayaran/PBL-001' successfully

2023-10-05 11:10:09 - [TEST_CASE][PASSED] - Test Cases/T13 Pembelian, Shipment dan Pembayaran/PBL-001: Test Cases/T13 Pembelian, Shipment dan Pembayaran/PBL-001

2023-10-05 11:10:09 - [TEST_STEP][PASSED] - callTestCase(findTestCase("T13 Pembelian, Shipment dan Pembayaran/LU-001"), ["username":"irfanafandi", "password":"12345irfan"], STOP_ON_FAILURE): Call Test Case 'Test Cases/T13 Pembelian, Shipment dan Pembayaran/LU-001' successfully

2023-10-05 11:10:09 - [TEST_CASE][PASSED] - Test Cases/T13 Pembelian, Shipment dan Pembayaran/LU-001: Test Cases/T13 Pembelian, Shipment dan Pembayaran/LU-001

2023-10-05 11:10:09 - [TEST_STEP][PASSED] - openBrowser("https://10.9.2.63/ecommerce/"): Browser is opened with url: 'https://10.9.2.63/ecommerce/'

2023-10-05 11:10:09 - [MESSAGE][WARNING] - A browser is already opened. Closing browser and opening a new one

2023-10-05 11:10:10 - [MESSAGE][INFO] - Starting 'Edge Chromium' driver

2023-10-05 11:10:10 - [MESSAGE][INFO] - User set preference: ['acceptInsecureCerts', 'true']

2023-10-05 11:10:12 - [MESSAGE][INFO] - Action delay is set to 0 milliseconds

2023-10-05 11:10:16 - [MESSAGE][PASSED] - Browser is opened with url: 'https://10.9.2.63/ecommerce/'

2023-10-05 11:10:16 - [TEST_STEP][PASSED] - maximizeWindow(): Current window maximized

2023-10-05 11:10:16 - [MESSAGE][PASSED] - Current window maximized

2023-10-05 11:10:16 - [TEST_STEP][PASSED] - verifyElementPresent(findTestObject("Login/Home"), 0): Object 'Object Repository/Login/Home' is present

2023-10-05 11:10:16 - [MESSAGE][WARNING] - Timeout '0' is invalid. Using default page load timeout: '30'

2023-10-05 11:10:17 - [MESSAGE][PASSED] - Object 'Object Repository/Login/Home' is present

2023-10-05 11:10:17 - [TEST_STEP][PASSED] - click(findTestObject("Login/a_Login")): Object: 'Object Repository/Login/a_Login' is clicked on

2023-10-05 11:10:17 - [MESSAGE][PASSED] - Object: 'Object Repository/Login/a_Login' is clicked on

2023-10-05 11:10:17 - [TEST_STEP][PASSED] - verifyElementPresent(findTestObject("Login/Tittle Login"), 0): Object 'Object Repository/Login/Tittle Login' is present

2023-10-05 11:10:17 - [MESSAGE][WARNING] - Timeout '0' is invalid. Using default page load timeout: '30'

2023-10-05 11:10:18 - [MESSAGE][PASSED] - Object 'Object Repository/Login/Tittle Login' is present

2023-10-05 11:10:18 - [TEST_STEP][PASSED] - setText(findTestObject("Login/input_Username, Email atau No. Handphone_a"), username): Text 'irfanafandi' is set on object 'Object Repository/Login/input_Username, Email atau No. Handphone_a'

2023-10-05 11:10:19 - [MESSAGE][PASSED] - Text 'irfanafandi' is set on object 'Object Repository/Login/input_Username, Email atau No. Handphone_a'

2023-10-05 11:10:19 - [TEST_STEP][PASSED] - setText(findTestObject("Login/input_Password_b"), password): Text '12345irfan' is set on object 'Object Repository/Login/input_Password_b'

2023-10-05 11:10:20 - [MESSAGE][PASSED] - Text '12345irfan' is set on object 'Object Repository/Login/input_Password_b'

2023-10-05 11:10:20 - [TEST_STEP][PASSED] - click(findTestObject("Login/label_Ingat saya")): Object: 'Object Repository/Login/label_Ingat saya' is clicked on

2023-10-05 11:10:20 - [MESSAGE][PASSED] - Object: 'Object Repository/Login/label_Ingat saya' is clicked on

2023-10-05 11:10:20 - [TEST_STEP][PASSED] - click(findTestObject("Login/button_Masuk")): Object: 'Object Repository/Login/button_Masuk' is clicked on

2023-10-05 11:10:22 - [MESSAGE][PASSED] - Object: 'Object Repository/Login/button_Masuk' is clicked on

2023-10-05 11:10:22 - [TEST_STEP][PASSED] - verifyElementPresent(findTestObject("Login/li_Profile"), 0): Object 'Object Repository/Login/li_Profile' is present

2023-10-05 11:10:22 - [MESSAGE][WARNING] - Timeout '0' is invalid. Using default page load timeout: '30'

2023-10-05 11:10:23 - [MESSAGE][PASSED] - Object 'Object Repository/Login/li_Profile' is present

2023-10-05 11:10:23 - [MESSAGE][PASSED] - Call Test Case 'Test Cases/T13 Pembelian, Shipment dan Pembayaran/LU-001' successfully

2023-10-05 11:10:23 - [TEST_STEP][PASSED] - mouseOver(findTestObject("beli barang/i_Mulai Belanja_icon-menu")): Object: 'Object Repository/beli barang/i_Mulai Belanja_icon-menu' is hovered

2023-10-05 11:10:23 - [MESSAGE][PASSED] - Object: 'Object Repository/beli barang/i_Mulai Belanja_icon-menu' is hovered

2023-10-05 11:10:23 - [TEST_STEP][PASSED] - click(findTestObject("beli barang/a_Fashion  Busana Wanita")): Object: 'Object Repository/beli barang/a_Fashion  Busana Wanita' is clicked on

2023-10-05 11:10:25 - [MESSAGE][PASSED] - Object: 'Object Repository/beli barang/a_Fashion  Busana Wanita' is clicked on

2023-10-05 11:10:25 - [TEST_STEP][PASSED] - NamaSebelum = getText(findTestObject("verifikasi/Nama sebelum")): Text of object 'Object Repository/verifikasi/Nama sebelum' is: ''

2023-10-05 11:10:25 - [MESSAGE][PASSED] - Text of object 'Object Repository/verifikasi/Nama sebelum' is: ''

2023-10-05 11:10:25 - [TEST_STEP][PASSED] - HargaSebelum = getText(findTestObject("verifikasi/Harga sebelum")): Text of object 'Object Repository/verifikasi/Harga sebelum' is: 'Rp 1,299'

2023-10-05 11:10:26 - [MESSAGE][PASSED] - Text of object 'Object Repository/verifikasi/Harga sebelum' is: 'Rp 1,299'

2023-10-05 11:10:26 - [TEST_STEP][PASSED] - mouseOver(findTestObject("beli barang/barang mouse over")): Object: 'Object Repository/beli barang/barang mouse over' is hovered

2023-10-05 11:10:26 - [MESSAGE][PASSED] - Object: 'Object Repository/beli barang/barang mouse over' is hovered

2023-10-05 11:10:26 - [TEST_STEP][PASSED] - click(findTestObject("beli barang/buttom add to cart")): Object: 'Object Repository/beli barang/buttom add to cart' is clicked on

2023-10-05 11:10:28 - [MESSAGE][PASSED] - Object: 'Object Repository/beli barang/buttom add to cart' is clicked on

2023-10-05 11:10:28 - [TEST_STEP][PASSED] - NamaSesudah = getText(findTestObject("verifikasi/Nama sesudah")): Text of object 'Object Repository/verifikasi/Nama sesudah' is: 'Segitiga Instan Madeira - MDB5.3 Sunset'

2023-10-05 11:10:29 - [MESSAGE][PASSED] - Text of object 'Object Repository/verifikasi/Nama sesudah' is: 'Segitiga Instan Madeira - MDB5.3 Sunset'

2023-10-05 11:10:29 - [TEST_STEP][PASSED] - HargaSesudah = getText(findTestObject("verifikasi/Harga sesudah")): Text of object 'Object Repository/verifikasi/Harga sesudah' is: 'Rp 1,299'

2023-10-05 11:10:29 - [MESSAGE][PASSED] - Text of object 'Object Repository/verifikasi/Harga sesudah' is: 'Rp 1,299'

2023-10-05 11:10:29 - [TEST_STEP][PASSED] - assert NamaSesudah.contains(NamaSebelum): null

2023-10-05 11:10:29 - [TEST_STEP][PASSED] - assert HargaSesudah.contains(HargaSebelum): null

2023-10-05 11:10:29 - [TEST_STEP][PASSED] - click(findTestObject("beli barang/Tambah Keranjang busana wanita")): Object: 'Object Repository/beli barang/Tambah Keranjang busana wanita' is clicked on

2023-10-05 11:10:30 - [MESSAGE][PASSED] - Object: 'Object Repository/beli barang/Tambah Keranjang busana wanita' is clicked on

2023-10-05 11:10:30 - [TEST_STEP][PASSED] - verifyElementPresent(findTestObject("checkout/Notifikasi keranjang"), 1): Object 'Object Repository/checkout/Notifikasi keranjang' is present

2023-10-05 11:10:30 - [MESSAGE][PASSED] - Object 'Object Repository/checkout/Notifikasi keranjang' is present

2023-10-05 11:10:30 - [TEST_STEP][PASSED] - data = new java.util.HashMap(): null

2023-10-05 11:10:30 - [TEST_STEP][PASSED] - data.put("nama_barang", NamaSesudah): null

2023-10-05 11:10:30 - [TEST_STEP][PASSED] - data.put("price_barang", HargaSesudah): null

2023-10-05 11:10:30 - [TEST_STEP][PASSED] - return data: null

2023-10-05 11:10:30 - [MESSAGE][PASSED] - Call Test Case 'Test Cases/T13 Pembelian, Shipment dan Pembayaran/PBL-001' successfully

2023-10-05 11:10:30 - [TEST_STEP][PASSED] - mouseOver(findTestObject("beli barang/keranjang")): Object: 'Object Repository/beli barang/keranjang' is hovered

2023-10-05 11:10:31 - [MESSAGE][PASSED] - Object: 'Object Repository/beli barang/keranjang' is hovered

2023-10-05 11:10:31 - [TEST_STEP][PASSED] - click(findTestObject("beli barang/Lihat Sekarang")): Object: 'Object Repository/beli barang/Lihat Sekarang' is clicked on

2023-10-05 11:10:32 - [MESSAGE][PASSED] - Object: 'Object Repository/beli barang/Lihat Sekarang' is clicked on

2023-10-05 11:10:32 - [TEST_STEP][PASSED] - verifyElementPresent(findTestObject("keranjang/li_Keranjang Belanja"), 0): Object 'Object Repository/keranjang/li_Keranjang Belanja' is present

2023-10-05 11:10:32 - [MESSAGE][WARNING] - Timeout '0' is invalid. Using default page load timeout: '30'

2023-10-05 11:10:33 - [MESSAGE][PASSED] - Object 'Object Repository/keranjang/li_Keranjang Belanja' is present

2023-10-05 11:10:33 - [TEST_STEP][PASSED] - NamaKeranjang = getText(findTestObject("verifikasi/Nama keranjang")): Text of object 'Object Repository/verifikasi/Nama keranjang' is: 'Segitiga Instan Madeira - MDB5.3 Sunset'

2023-10-05 11:10:33 - [MESSAGE][PASSED] - Text of object 'Object Repository/verifikasi/Nama keranjang' is: 'Segitiga Instan Madeira - MDB5.3 Sunset'

2023-10-05 11:10:33 - [TEST_STEP][PASSED] - HargaKeranjang = getText(findTestObject("verifikasi/Harga Keranjang")): Text of object 'Object Repository/verifikasi/Harga Keranjang' is: 'Rp 1,299'

2023-10-05 11:10:34 - [MESSAGE][PASSED] - Text of object 'Object Repository/verifikasi/Harga Keranjang' is: 'Rp 1,299'

2023-10-05 11:10:34 - [TEST_STEP][PASSED] - if (toString().equalsIgnoreCase("Merah")): Object 'Object Repository/keranjang/input_Warna_variasi101' is checked

2023-10-05 11:10:34 - [TEST_STEP][PASSED] - check(findTestObject("Object Repository/keranjang/input_Warna_variasi101")): Object 'Object Repository/keranjang/input_Warna_variasi101' is checked

2023-10-05 11:10:34 - [MESSAGE][PASSED] - Object 'Object Repository/keranjang/input_Warna_variasi101' is checked

2023-10-05 11:10:34 - [TEST_STEP][PASSED] - if (toString().equalsIgnoreCase("Menengah")): Object 'Object Repository/keranjang/input_Ukuran_variasi201' is checked

2023-10-05 11:10:34 - [TEST_STEP][PASSED] - check(findTestObject("Object Repository/keranjang/input_Ukuran_variasi201")): Object 'Object Repository/keranjang/input_Ukuran_variasi201' is checked

2023-10-05 11:10:35 - [MESSAGE][PASSED] - Object 'Object Repository/keranjang/input_Ukuran_variasi201' is checked

2023-10-05 11:10:35 - [TEST_STEP][PASSED] - data.put("Warna", warna): null

2023-10-05 11:10:35 - [TEST_STEP][PASSED] - data.put("Ukuran", ukuran): null

2023-10-05 11:10:35 - [TEST_STEP][PASSED] - click(findTestObject("keranjang/button_Lanjut ke Pembayaran")): Object: 'Object Repository/keranjang/button_Lanjut ke Pembayaran' is clicked on

2023-10-05 11:10:36 - [MESSAGE][PASSED] - Object: 'Object Repository/keranjang/button_Lanjut ke Pembayaran' is clicked on

2023-10-05 11:10:36 - [TEST_STEP][PASSED] - verifyElementPresent(findTestObject("checkout/Tittle Checkout Order"), 0): Object 'Object Repository/checkout/Tittle Checkout Order' is present

2023-10-05 11:10:36 - [MESSAGE][WARNING] - Timeout '0' is invalid. Using default page load timeout: '30'

2023-10-05 11:10:37 - [MESSAGE][PASSED] - Object 'Object Repository/checkout/Tittle Checkout Order' is present

2023-10-05 11:10:37 - [TEST_STEP][PASSED] - name_product = data.get("nama_barang"): null

2023-10-05 11:10:37 - [TEST_STEP][PASSED] - price_product = data.get("price_barang"): null

2023-10-05 11:10:37 - [TEST_STEP][PASSED] - assert name_product == NamaKeranjang: null

2023-10-05 11:10:37 - [TEST_STEP][PASSED] - assert price_product == HargaKeranjang: null

2023-10-05 11:10:37 - [TEST_STEP][PASSED] - return data: null

2023-10-05 11:10:37 - [MESSAGE][PASSED] - Call Test Case 'Test Cases/T13 Pembelian, Shipment dan Pembayaran/PBL-002' successfully

2023-10-05 11:10:37 - [TEST_STEP][PASSED] - warnaa = getText(findTestObject("verifikasi/warna Merah")): Text of object 'Object Repository/verifikasi/warna Merah' is: 'Merah'

2023-10-05 11:10:37 - [MESSAGE][PASSED] - Text of object 'Object Repository/verifikasi/warna Merah' is: 'Merah'

2023-10-05 11:10:37 - [TEST_STEP][PASSED] - ukurann = getText(findTestObject("verifikasi/Ukuran Menengah")): Text of object 'Object Repository/verifikasi/Ukuran Menengah' is: 'Menengah'

2023-10-05 11:10:38 - [MESSAGE][PASSED] - Text of object 'Object Repository/verifikasi/Ukuran Menengah' is: 'Menengah'

2023-10-05 11:10:38 - [TEST_STEP][PASSED] - warna1 = data.get("Warna"): null

2023-10-05 11:10:38 - [TEST_STEP][PASSED] - ukuran1 = data.get("Ukuran"): null

2023-10-05 11:10:38 - [TEST_STEP][PASSED] - assert warnaa == warna1: null

2023-10-05 11:10:38 - [TEST_STEP][PASSED] - assert ukurann == ukuran1: null

2023-10-05 11:10:38 - [TEST_STEP][PASSED] - NamaCheckout = getText(findTestObject("verifikasi/NamaCheckout")): Text of object 'Object Repository/verifikasi/NamaCheckout' is: ''

2023-10-05 11:10:38 - [MESSAGE][PASSED] - Text of object 'Object Repository/verifikasi/NamaCheckout' is: ''

2023-10-05 11:10:38 - [TEST_STEP][PASSED] - HargaCheckout = getText(findTestObject("verifikasi/HargaCheckout")): Text of object 'Object Repository/verifikasi/HargaCheckout' is: '1,299'

2023-10-05 11:10:38 - [MESSAGE][PASSED] - Text of object 'Object Repository/verifikasi/HargaCheckout' is: '1,299'

2023-10-05 11:10:38 - [TEST_STEP][PASSED] - name_product = data.get("nama_barang"): null

2023-10-05 11:10:38 - [TEST_STEP][PASSED] - price_product = data.get("price_barang"): null

2023-10-05 11:10:38 - [TEST_STEP][PASSED] - assert name_product.contains(NamaCheckout): null

2023-10-05 11:10:38 - [TEST_STEP][PASSED] - assert price_product.contains(HargaCheckout): null

2023-10-05 11:10:38 - [TEST_STEP][PASSED] - selectOptionByLabel(findTestObject("checkout/select - Kirim via Kurir Lokal"), Kurir, false): All options with label 'Roda 2' are selected in object 'Object Repository/checkout/select - Kirim via Kurir Lokal' 

2023-10-05 11:10:39 - [MESSAGE][PASSED] - All options with label 'Roda 2' are selected in object 'Object Repository/checkout/select - Kirim via Kurir Lokal' 

2023-10-05 11:10:39 - [TEST_STEP][PASSED] - click(findTestObject("checkout/Kendaraan Kurir")): Object: 'Object Repository/checkout/Kendaraan Kurir' is clicked on

2023-10-05 11:10:40 - [MESSAGE][PASSED] - Object: 'Object Repository/checkout/Kendaraan Kurir' is clicked on

2023-10-05 11:10:40 - [TEST_STEP][PASSED] - OngkosKirim = getText(findTestObject("Object Repository/verifikasi/Ongkos Kirim checkout")): Text of object 'Object Repository/verifikasi/Ongkos Kirim checkout' is: 'Rp. 5,000'

2023-10-05 11:10:40 - [MESSAGE][PASSED] - Text of object 'Object Repository/verifikasi/Ongkos Kirim checkout' is: 'Rp. 5,000'

2023-10-05 11:10:40 - [TEST_STEP][PASSED] - Ongkos = OngkosKirim.substring(3, OngkosKirim.size()): null

2023-10-05 11:10:40 - [TEST_STEP][PASSED] - rep = Ongkos.replace(",", "."): null

2023-10-05 11:10:40 - [TEST_STEP][PASSED] - Ongkos_kirim = Double.parseDouble(rep): null

2023-10-05 11:10:40 - [TEST_STEP][PASSED] - println(Ongkos_kirim): null

2023-10-05 11:10:40 - [TEST_STEP][PASSED] - FeeAdmin = getText(findTestObject("verifikasi/Fee Admin checkout")): Text of object 'Object Repository/verifikasi/Fee Admin checkout' is: 'Fee Admin
Rp 1,500'

2023-10-05 11:10:41 - [MESSAGE][PASSED] - Text of object 'Object Repository/verifikasi/Fee Admin checkout' is: 'Fee Admin
Rp 1,500'

2023-10-05 11:10:41 - [TEST_STEP][PASSED] - Fee_Admin = FeeAdmin.substring(12, FeeAdmin.size()): null

2023-10-05 11:10:41 - [TEST_STEP][PASSED] - fee = Fee_Admin.replace(",", "."): null

2023-10-05 11:10:41 - [TEST_STEP][PASSED] - fee_admin = Double.parseDouble(fee): null

2023-10-05 11:10:41 - [TEST_STEP][PASSED] - println(fee_admin): null

2023-10-05 11:10:41 - [TEST_STEP][PASSED] - Subtotal = getText(findTestObject("verifikasi/subtotal checkout")): Text of object 'Object Repository/verifikasi/subtotal checkout' is: 'Subtotal
Rp 1,299'

2023-10-05 11:10:41 - [MESSAGE][PASSED] - Text of object 'Object Repository/verifikasi/subtotal checkout' is: 'Subtotal
Rp 1,299'

2023-10-05 11:10:41 - [TEST_STEP][PASSED] - sub_total = Subtotal.substring(12, Subtotal.size()): null

2023-10-05 11:10:41 - [TEST_STEP][PASSED] - sub = sub_total.replace(",", "."): null

2023-10-05 11:10:41 - [TEST_STEP][PASSED] - sub_total = Double.parseDouble(sub): null

2023-10-05 11:10:41 - [TEST_STEP][PASSED] - println(sub_total): null

2023-10-05 11:10:41 - [TEST_STEP][PASSED] - Total = getText(findTestObject("verifikasi/Total checkout")): Text of object 'Object Repository/verifikasi/Total checkout' is: 'Rp 7,799'

2023-10-05 11:10:42 - [MESSAGE][PASSED] - Text of object 'Object Repository/verifikasi/Total checkout' is: 'Rp 7,799'

2023-10-05 11:10:42 - [TEST_STEP][PASSED] - totall = Total.substring(3, Total.size()): null

2023-10-05 11:10:42 - [TEST_STEP][PASSED] - total = totall.replace(",", "."): null

2023-10-05 11:10:42 - [TEST_STEP][PASSED] - totall = Double.parseDouble(total): null

2023-10-05 11:10:42 - [TEST_STEP][PASSED] - println(totall): null

2023-10-05 11:10:42 - [TEST_STEP][PASSED] - Total_Harga = Ongkos_kirim + fee_admin + sub_total: null

2023-10-05 11:10:42 - [TEST_STEP][PASSED] - println(Total_Harga): null

2023-10-05 11:10:42 - [TEST_STEP][PASSED] - TotalHarga = Math.round(Total_Harga * 1000) / 1000: null

2023-10-05 11:10:42 - [TEST_STEP][PASSED] - println(TotalHarga): null

2023-10-05 11:10:42 - [TEST_STEP][PASSED] - assert totall == TotalHarga: null

2023-10-05 11:10:42 - [TEST_STEP][PASSED] - click(findTestObject("verifikasi/Metode Transfer")): Object: 'Object Repository/verifikasi/Metode Transfer' is clicked on

2023-10-05 11:10:42 - [MESSAGE][PASSED] - Object: 'Object Repository/verifikasi/Metode Transfer' is clicked on

2023-10-05 11:10:42 - [TEST_STEP][PASSED] - click(findTestObject("checkout/button_Proses Pembayaran")): Object: 'Object Repository/checkout/button_Proses Pembayaran' is clicked on

2023-10-05 11:10:52 - [MESSAGE][PASSED] - Object: 'Object Repository/checkout/button_Proses Pembayaran' is clicked on

2023-10-05 11:10:52 - [TEST_STEP][PASSED] - verifyElementPresent(findTestObject("pembayaran/Tittle nomor invoice"), 0): Object 'Object Repository/pembayaran/Tittle nomor invoice' is present

2023-10-05 11:10:52 - [MESSAGE][WARNING] - Timeout '0' is invalid. Using default page load timeout: '30'

2023-10-05 11:10:52 - [MESSAGE][PASSED] - Object 'Object Repository/pembayaran/Tittle nomor invoice' is present

2023-10-05 11:10:52 - [TEST_STEP][PASSED] - return data: null

2023-10-05 11:10:52 - [MESSAGE][PASSED] - Call Test Case 'Test Cases/T13 Pembelian, Shipment dan Pembayaran/PBL-004' successfully

2023-10-05 11:10:52 - [TEST_STEP][PASSED] - Invoice = getText(findTestObject("pembayaran/nomor invoice")): Text of object 'Object Repository/pembayaran/nomor invoice' is: 'TRX60.20231005111045'

2023-10-05 11:10:53 - [MESSAGE][PASSED] - Text of object 'Object Repository/pembayaran/nomor invoice' is: 'TRX60.20231005111045'

2023-10-05 11:10:53 - [TEST_STEP][PASSED] - data.put("invoice", Invoice): null

2023-10-05 11:10:53 - [TEST_STEP][PASSED] - NamaPemesan = getText(findTestObject("Konfirmasi pesanan shop/Nama pemesan")): Text of object 'Object Repository/Konfirmasi pesanan shop/Nama pemesan' is: 'irfan.afandi'

2023-10-05 11:10:53 - [MESSAGE][PASSED] - Text of object 'Object Repository/Konfirmasi pesanan shop/Nama pemesan' is: 'irfan.afandi'

2023-10-05 11:10:53 - [TEST_STEP][PASSED] - Nama = getText(findTestObject("pembayaran/Nama barang")): Text of object 'Object Repository/pembayaran/Nama barang' is: 'Segitiga Instan Madeira - MDB5.3 Sunset'

2023-10-05 11:10:54 - [MESSAGE][PASSED] - Text of object 'Object Repository/pembayaran/Nama barang' is: 'Segitiga Instan Madeira - MDB5.3 Sunset'

2023-10-05 11:10:54 - [TEST_STEP][PASSED] - Harga = getText(findTestObject("pembayaran/Harga barang")): Text of object 'Object Repository/pembayaran/Harga barang' is: '1,299'

2023-10-05 11:10:55 - [MESSAGE][PASSED] - Text of object 'Object Repository/pembayaran/Harga barang' is: '1,299'

2023-10-05 11:10:55 - [TEST_STEP][PASSED] - name_product = data.get("nama_barang"): null

2023-10-05 11:10:55 - [TEST_STEP][PASSED] - price_product = data.get("price_barang"): null

2023-10-05 11:10:55 - [TEST_STEP][PASSED] - assert name_product.contains(Nama): null

2023-10-05 11:10:55 - [TEST_STEP][PASSED] - assert price_product.contains(Harga): null

2023-10-05 11:10:55 - [TEST_STEP][PASSED] - warnaa = getText(findTestObject("pembayaran/warna")): Text of object 'Object Repository/pembayaran/warna' is: 'Merah'

2023-10-05 11:10:55 - [MESSAGE][PASSED] - Text of object 'Object Repository/pembayaran/warna' is: 'Merah'

2023-10-05 11:10:55 - [TEST_STEP][PASSED] - ukurann = getText(findTestObject("pembayaran/ukuran")): Text of object 'Object Repository/pembayaran/ukuran' is: 'Menengah'

2023-10-05 11:10:55 - [MESSAGE][PASSED] - Text of object 'Object Repository/pembayaran/ukuran' is: 'Menengah'

2023-10-05 11:10:55 - [TEST_STEP][PASSED] - warna1 = data.get("Warna"): null

2023-10-05 11:10:55 - [TEST_STEP][PASSED] - ukuran1 = data.get("Ukuran"): null

2023-10-05 11:10:55 - [TEST_STEP][PASSED] - assert warnaa == warna1: null

2023-10-05 11:10:55 - [TEST_STEP][PASSED] - assert ukurann == ukuran1: null

2023-10-05 11:10:55 - [TEST_STEP][PASSED] - statusPembelian = getText(findTestObject("verifikasi/Status pending di pembelian")): Text of object 'Object Repository/verifikasi/Status pending di pembelian' is: 'Pending'

2023-10-05 11:10:56 - [MESSAGE][PASSED] - Text of object 'Object Repository/verifikasi/Status pending di pembelian' is: 'Pending'

2023-10-05 11:10:56 - [TEST_STEP][PASSED] - data.put("statusPem", statusPembelian): null

2023-10-05 11:10:56 - [TEST_STEP][PASSED] - OngkosKirim = getText(findTestObject("pembayaran/ongkos kirim")): Text of object 'Object Repository/pembayaran/ongkos kirim' is: 'Rp 5,000'

2023-10-05 11:10:56 - [MESSAGE][PASSED] - Text of object 'Object Repository/pembayaran/ongkos kirim' is: 'Rp 5,000'

2023-10-05 11:10:56 - [TEST_STEP][PASSED] - Ongkos = OngkosKirim.substring(3, OngkosKirim.size()): null

2023-10-05 11:10:56 - [TEST_STEP][PASSED] - rep = Ongkos.replace(",", ""): null

2023-10-05 11:10:56 - [TEST_STEP][PASSED] - Ongkos_kirimm = Integer.parseInt(rep): null

2023-10-05 11:10:56 - [TEST_STEP][PASSED] - println(Ongkos_kirimm): null

2023-10-05 11:10:56 - [TEST_STEP][PASSED] - FeeAdmin = getText(findTestObject("pembayaran/fee admin")): Text of object 'Object Repository/pembayaran/fee admin' is: 'Rp 1,500'

2023-10-05 11:10:57 - [MESSAGE][PASSED] - Text of object 'Object Repository/pembayaran/fee admin' is: 'Rp 1,500'

2023-10-05 11:10:57 - [TEST_STEP][PASSED] - Fee_Admin = FeeAdmin.substring(3, FeeAdmin.size()): null

2023-10-05 11:10:57 - [TEST_STEP][PASSED] - fee = Fee_Admin.replace(",", ""): null

2023-10-05 11:10:57 - [TEST_STEP][PASSED] - fee_adminn = Integer.parseInt(fee): null

2023-10-05 11:10:57 - [TEST_STEP][PASSED] - println(fee_adminn): null

2023-10-05 11:10:57 - [TEST_STEP][PASSED] - Subtotal = getText(findTestObject("pembayaran/subtotal")): Text of object 'Object Repository/pembayaran/subtotal' is: 'Rp 1,299'

2023-10-05 11:10:57 - [MESSAGE][PASSED] - Text of object 'Object Repository/pembayaran/subtotal' is: 'Rp 1,299'

2023-10-05 11:10:57 - [TEST_STEP][PASSED] - sub_total = Subtotal.substring(3, Subtotal.size()): null

2023-10-05 11:10:57 - [TEST_STEP][PASSED] - sub = sub_total.replace(",", ""): null

2023-10-05 11:10:57 - [TEST_STEP][PASSED] - sub_totall = Integer.parseInt(sub): null

2023-10-05 11:10:57 - [TEST_STEP][PASSED] - println(sub_totall): null

2023-10-05 11:10:57 - [TEST_STEP][PASSED] - unik = getText(findTestObject("pembayaran/kode unik")): Text of object 'Object Repository/pembayaran/kode unik' is: '+045'

2023-10-05 11:10:58 - [MESSAGE][PASSED] - Text of object 'Object Repository/pembayaran/kode unik' is: '+045'

2023-10-05 11:10:58 - [TEST_STEP][PASSED] - unikk = unik.replace("+", ""): null

2023-10-05 11:10:58 - [TEST_STEP][PASSED] - kode_unik = Integer.parseInt(unikk): null

2023-10-05 11:10:58 - [TEST_STEP][PASSED] - println(kode_unik): null

2023-10-05 11:10:58 - [TEST_STEP][PASSED] - Total = getText(findTestObject("pembayaran/total")): Text of object 'Object Repository/pembayaran/total' is: '7,844'

2023-10-05 11:10:58 - [MESSAGE][PASSED] - Text of object 'Object Repository/pembayaran/total' is: '7,844'

2023-10-05 11:10:58 - [TEST_STEP][PASSED] - total = Total.replace(",", ""): null

2023-10-05 11:10:58 - [TEST_STEP][PASSED] - totalll = Integer.parseInt(total): null

2023-10-05 11:10:58 - [TEST_STEP][PASSED] - println(totalll): null

2023-10-05 11:10:58 - [TEST_STEP][PASSED] - Total_Hargaa = Ongkos_kirimm + fee_adminn + sub_totall + kode_unik: null

2023-10-05 11:10:58 - [TEST_STEP][PASSED] - println(Total_Hargaa): null

2023-10-05 11:10:58 - [TEST_STEP][PASSED] - assert totalll == Total_Hargaa: null

2023-10-05 11:10:58 - [TEST_STEP][PASSED] - data.put("total", Total): null

2023-10-05 11:10:58 - [TEST_STEP][PASSED] - data.put("nama", NamaPemesan): null

2023-10-05 11:10:58 - [TEST_STEP][PASSED] - return data: null

2023-10-05 11:10:58 - [MESSAGE][PASSED] - Call Test Case 'Test Cases/T13 Pembelian, Shipment dan Pembayaran/PBY-001' successfully

2023-10-05 11:10:58 - [TEST_STEP][PASSED] - inv = data.get("invoice"): null

2023-10-05 11:10:58 - [TEST_STEP][PASSED] - Total = data.get("total"): null

2023-10-05 11:10:58 - [TEST_STEP][PASSED] - NamaPemesan = data.get("nama"): null

2023-10-05 11:10:58 - [TEST_STEP][PASSED] - click(findTestObject("Konfirmasi pesanan shop/Menu Shop")): Object: 'Object Repository/Konfirmasi pesanan shop/Menu Shop' is clicked on

2023-10-05 11:11:00 - [MESSAGE][PASSED] - Object: 'Object Repository/Konfirmasi pesanan shop/Menu Shop' is clicked on

2023-10-05 11:11:00 - [TEST_STEP][PASSED] - click(findTestObject("Konfirmasi pesanan shop/Menu Shop")): Object: 'Object Repository/Konfirmasi pesanan shop/Menu Shop' is clicked on

2023-10-05 11:11:01 - [MESSAGE][PASSED] - Object: 'Object Repository/Konfirmasi pesanan shop/Menu Shop' is clicked on

2023-10-05 11:11:01 - [TEST_STEP][PASSED] - click(findTestObject("Konfirmasi pesanan shop/Konfirmasi Orders")): Object: 'Object Repository/Konfirmasi pesanan shop/Konfirmasi Orders' is clicked on

2023-10-05 11:11:02 - [MESSAGE][PASSED] - Object: 'Object Repository/Konfirmasi pesanan shop/Konfirmasi Orders' is clicked on

2023-10-05 11:11:02 - [TEST_STEP][PASSED] - verifyElementPresent(findTestObject("Konfirmasi pesanan shop/Tittle Konfirmasi Pesanan"), 0): Object 'Object Repository/Konfirmasi pesanan shop/Tittle Konfirmasi Pesanan' is present

2023-10-05 11:11:02 - [MESSAGE][WARNING] - Timeout '0' is invalid. Using default page load timeout: '30'

2023-10-05 11:11:03 - [MESSAGE][PASSED] - Object 'Object Repository/Konfirmasi pesanan shop/Tittle Konfirmasi Pesanan' is present

2023-10-05 11:11:03 - [TEST_STEP][PASSED] - setText(findTestObject("Konfirmasi pesanan shop/input_No Pesanan"), inv): Text 'TRX60.20231005111045' is set on object 'Object Repository/Konfirmasi pesanan shop/input_No Pesanan'

2023-10-05 11:11:03 - [MESSAGE][PASSED] - Text 'TRX60.20231005111045' is set on object 'Object Repository/Konfirmasi pesanan shop/input_No Pesanan'

2023-10-05 11:11:03 - [TEST_STEP][PASSED] - setText(findTestObject("Konfirmasi pesanan shop/input_Alamat E-mai"), "irfan@gmail.com"): Text 'irfan@gmail.com' is set on object 'Object Repository/Konfirmasi pesanan shop/input_Alamat E-mai'

2023-10-05 11:11:04 - [MESSAGE][PASSED] - Text 'irfan@gmail.com' is set on object 'Object Repository/Konfirmasi pesanan shop/input_Alamat E-mai'

2023-10-05 11:11:04 - [TEST_STEP][PASSED] - click(findTestObject("Konfirmasi pesanan shop/button_Submit")): Object: 'Object Repository/Konfirmasi pesanan shop/button_Submit' is clicked on

2023-10-05 11:11:05 - [MESSAGE][PASSED] - Object: 'Object Repository/Konfirmasi pesanan shop/button_Submit' is clicked on

2023-10-05 11:11:05 - [TEST_STEP][PASSED] - verifyElementPresent(findTestObject("Konfirmasi pesanan shop/Tittle nomor invoice"), 0): Object 'Object Repository/Konfirmasi pesanan shop/Tittle nomor invoice' is present

2023-10-05 11:11:05 - [MESSAGE][WARNING] - Timeout '0' is invalid. Using default page load timeout: '30'

2023-10-05 11:11:06 - [MESSAGE][PASSED] - Object 'Object Repository/Konfirmasi pesanan shop/Tittle nomor invoice' is present

2023-10-05 11:11:06 - [TEST_STEP][PASSED] - setText(findTestObject("Konfirmasi pesanan shop/input_Total TagihanTransfer_b"), Total): Text '7,844' is set on object 'Object Repository/Konfirmasi pesanan shop/input_Total TagihanTransfer_b'

2023-10-05 11:11:07 - [MESSAGE][PASSED] - Text '7,844' is set on object 'Object Repository/Konfirmasi pesanan shop/input_Total TagihanTransfer_b'

2023-10-05 11:11:07 - [TEST_STEP][PASSED] - selectOptionByValue(findTestObject("Konfirmasi pesanan shop/select_Bank"), "4", false): All options with value '4' are selected in object 'Object Repository/Konfirmasi pesanan shop/select_Bank' 

2023-10-05 11:11:08 - [MESSAGE][PASSED] - All options with value '4' are selected in object 'Object Repository/Konfirmasi pesanan shop/select_Bank' 

2023-10-05 11:11:08 - [TEST_STEP][PASSED] - setText(findTestObject("Konfirmasi pesanan shop/input_Nama Pengirim_d"), NamaPemesan): Text 'irfan.afandi' is set on object 'Object Repository/Konfirmasi pesanan shop/input_Nama Pengirim_d'

2023-10-05 11:11:09 - [MESSAGE][PASSED] - Text 'irfan.afandi' is set on object 'Object Repository/Konfirmasi pesanan shop/input_Nama Pengirim_d'

2023-10-05 11:11:09 - [TEST_STEP][PASSED] - uploadFile(findTestObject("keranjang/konfirmasi/input_Upload Bukti Transfer_f"), "C:\Users\IRFAN\Downloads\Berkas2.pdf"): File 'C:\Users\IRFAN\Downloads\Berkas2.pdf' sent to object: 'Object Repository/keranjang/konfirmasi/input_Upload Bukti Transfer_f'

2023-10-05 11:11:09 - [MESSAGE][PASSED] - File 'C:\Users\IRFAN\Downloads\Berkas2.pdf' sent to object: 'Object Repository/keranjang/konfirmasi/input_Upload Bukti Transfer_f'

2023-10-05 11:11:09 - [TEST_STEP][PASSED] - click(findTestObject("Konfirmasi pesanan shop/button_Konfirmasi Pembayaran")): Object: 'Object Repository/Konfirmasi pesanan shop/button_Konfirmasi Pembayaran' is clicked on

2023-10-05 11:11:10 - [MESSAGE][PASSED] - Object: 'Object Repository/Konfirmasi pesanan shop/button_Konfirmasi Pembayaran' is clicked on

2023-10-05 11:11:10 - [TEST_STEP][PASSED] - verifyElementPresent(findTestObject("Konfirmasi pesanan shop/Tittle Konfirmasi Pesanan"), 0): Object 'Object Repository/Konfirmasi pesanan shop/Tittle Konfirmasi Pesanan' is present

2023-10-05 11:11:11 - [MESSAGE][WARNING] - Timeout '0' is invalid. Using default page load timeout: '30'

2023-10-05 11:11:11 - [MESSAGE][PASSED] - Object 'Object Repository/Konfirmasi pesanan shop/Tittle Konfirmasi Pesanan' is present

2023-10-05 11:11:11 - [TEST_STEP][PASSED] - verifyElementPresent(findTestObject("Konfirmasi pesanan shop/Tittle massage succes Konfirmasi Pembayaran Pesanan"), 0): Object 'Object Repository/Konfirmasi pesanan shop/Tittle massage succes Konfirmasi Pembayaran Pesanan' is present

2023-10-05 11:11:11 - [MESSAGE][WARNING] - Timeout '0' is invalid. Using default page load timeout: '30'

2023-10-05 11:11:11 - [MESSAGE][PASSED] - Object 'Object Repository/Konfirmasi pesanan shop/Tittle massage succes Konfirmasi Pembayaran Pesanan' is present

2023-10-05 11:11:11 - [TEST_STEP][PASSED] - return data: null

2023-10-05 11:11:11 - [MESSAGE][PASSED] - Call Test Case 'Test Cases/T13 Pembelian, Shipment dan Pembayaran/PBY-004' successfully

2023-10-05 11:11:11 - [TEST_STEP][PASSED] - navigateToUrl("https://10.9.2.63/ecommerce/administrator/"): Navigate to 'https://10.9.2.63/ecommerce/administrator/' successfully

2023-10-05 11:11:12 - [MESSAGE][PASSED] - Navigate to 'https://10.9.2.63/ecommerce/administrator/' successfully

2023-10-05 11:11:12 - [TEST_STEP][PASSED] - verifyElementPresent(findTestObject("admin/Tittle ADMIN Login"), 0): Object 'Object Repository/admin/Tittle ADMIN Login' is present

2023-10-05 11:11:12 - [MESSAGE][WARNING] - Timeout '0' is invalid. Using default page load timeout: '30'

2023-10-05 11:11:13 - [MESSAGE][PASSED] - Object 'Object Repository/admin/Tittle ADMIN Login' is present

2023-10-05 11:11:13 - [TEST_STEP][PASSED] - setText(findTestObject("admin/Username"), "admin"): Text 'admin' is set on object 'Object Repository/admin/Username'

2023-10-05 11:11:13 - [MESSAGE][PASSED] - Text 'admin' is set on object 'Object Repository/admin/Username'

2023-10-05 11:11:13 - [TEST_STEP][PASSED] - setText(findTestObject("admin/Password"), "123admin123"): Text '123admin123' is set on object 'Object Repository/admin/Password'

2023-10-05 11:11:14 - [MESSAGE][PASSED] - Text '123admin123' is set on object 'Object Repository/admin/Password'

2023-10-05 11:11:14 - [TEST_STEP][PASSED] - click(findTestObject("admin/Remember Me")): Object: 'Object Repository/admin/Remember Me' is clicked on

2023-10-05 11:11:14 - [MESSAGE][PASSED] - Object: 'Object Repository/admin/Remember Me' is clicked on

2023-10-05 11:11:14 - [TEST_STEP][PASSED] - delay(10): Delayed 10 second(s)

2023-10-05 11:11:24 - [MESSAGE][PASSED] - Delayed 10 second(s)

2023-10-05 11:11:24 - [TEST_STEP][PASSED] - click(findTestObject("admin/buttom submit")): Object: 'Object Repository/admin/buttom submit' is clicked on

2023-10-05 11:11:26 - [MESSAGE][PASSED] - Object: 'Object Repository/admin/buttom submit' is clicked on

2023-10-05 11:11:26 - [TEST_STEP][PASSED] - verifyElementPresent(findTestObject("admin/Konf order konsumen/Tittle Dashboard"), 0): Object 'Object Repository/admin/Konf order konsumen/Tittle Dashboard' is present

2023-10-05 11:11:26 - [MESSAGE][WARNING] - Timeout '0' is invalid. Using default page load timeout: '30'

2023-10-05 11:11:27 - [MESSAGE][PASSED] - Object 'Object Repository/admin/Konf order konsumen/Tittle Dashboard' is present

2023-10-05 11:11:27 - [TEST_STEP][PASSED] - click(findTestObject("admin/Konf order konsumen/Menu Transaksi Market")): Object: 'Object Repository/admin/Konf order konsumen/Menu Transaksi Market' is clicked on

2023-10-05 11:11:27 - [MESSAGE][PASSED] - Object: 'Object Repository/admin/Konf order konsumen/Menu Transaksi Market' is clicked on

2023-10-05 11:11:27 - [TEST_STEP][PASSED] - click(findTestObject("admin/Konf order konsumen/Menu Konf. Order Konsumen")): Object: 'Object Repository/admin/Konf order konsumen/Menu Konf. Order Konsumen' is clicked on

2023-10-05 11:11:28 - [MESSAGE][PASSED] - Object: 'Object Repository/admin/Konf order konsumen/Menu Konf. Order Konsumen' is clicked on

2023-10-05 11:11:28 - [TEST_STEP][PASSED] - verifyElementPresent(findTestObject("admin/Konf order konsumen/Tittle Data Konfirmasi Pembayaran Konsumen"), 0): Object 'Object Repository/admin/Konf order konsumen/Tittle Data Konfirmasi Pembayaran Konsumen' is present

2023-10-05 11:11:28 - [MESSAGE][WARNING] - Timeout '0' is invalid. Using default page load timeout: '30'

2023-10-05 11:11:29 - [MESSAGE][PASSED] - Object 'Object Repository/admin/Konf order konsumen/Tittle Data Konfirmasi Pembayaran Konsumen' is present

2023-10-05 11:11:29 - [TEST_STEP][PASSED] - inv = data.get("invoice"): null

2023-10-05 11:11:29 - [TEST_STEP][PASSED] - setText(findTestObject("admin/Konf order konsumen/Search"), inv): Text 'TRX60.20231005111045' is set on object 'Object Repository/admin/Konf order konsumen/Search'

2023-10-05 11:11:30 - [MESSAGE][PASSED] - Text 'TRX60.20231005111045' is set on object 'Object Repository/admin/Konf order konsumen/Search'

2023-10-05 11:11:30 - [TEST_STEP][PASSED] - verifyElementText(findTestObject("admin/Konf order konsumen/Keterangan Lunas"), "Lunas"): Actual text and expected text of test object 'Object Repository/admin/Konf order konsumen/Keterangan Lunas' are matched.

2023-10-05 11:11:30 - [MESSAGE][PASSED] - Actual text and expected text of test object 'Object Repository/admin/Konf order konsumen/Keterangan Lunas' are matched.

2023-10-05 11:11:30 - [TEST_STEP][PASSED] - return data: null

2023-10-05 11:11:30 - [MESSAGE][PASSED] - Call Test Case 'Test Cases/T13 Pembelian, Shipment dan Pembayaran/PBYA-001' successfully

2023-10-05 11:11:30 - [TEST_STEP][PASSED] - click(findTestObject("admin/Penjualan ke konsumen/buttom Dashboard")): Object: 'Object Repository/admin/Penjualan ke konsumen/buttom Dashboard' is clicked on

2023-10-05 11:11:31 - [MESSAGE][PASSED] - Object: 'Object Repository/admin/Penjualan ke konsumen/buttom Dashboard' is clicked on

2023-10-05 11:11:31 - [TEST_STEP][PASSED] - click(findTestObject("admin/Konf order konsumen/Menu Transaksi Market")): Object: 'Object Repository/admin/Konf order konsumen/Menu Transaksi Market' is clicked on

2023-10-05 11:11:32 - [MESSAGE][PASSED] - Object: 'Object Repository/admin/Konf order konsumen/Menu Transaksi Market' is clicked on

2023-10-05 11:11:32 - [TEST_STEP][PASSED] - click(findTestObject("admin/Penjualan ke konsumen/a_Penjualan ke Konsumen")): Object: 'Object Repository/admin/Penjualan ke konsumen/a_Penjualan ke Konsumen' is clicked on

2023-10-05 11:11:34 - [MESSAGE][PASSED] - Object: 'Object Repository/admin/Penjualan ke konsumen/a_Penjualan ke Konsumen' is clicked on

2023-10-05 11:11:34 - [TEST_STEP][PASSED] - verifyElementPresent(findTestObject("admin/Tittle Data Transaksi Penjualan  Orderan Konsumen"), 0): Object 'Object Repository/admin/Tittle Data Transaksi Penjualan  Orderan Konsumen' is present

2023-10-05 11:11:34 - [MESSAGE][WARNING] - Timeout '0' is invalid. Using default page load timeout: '30'

2023-10-05 11:11:35 - [MESSAGE][PASSED] - Object 'Object Repository/admin/Tittle Data Transaksi Penjualan  Orderan Konsumen' is present

2023-10-05 11:11:35 - [TEST_STEP][PASSED] - return data: null

2023-10-05 11:11:35 - [MESSAGE][PASSED] - Call Test Case 'Test Cases/T13 Pembelian, Shipment dan Pembayaran/SA-001' successfully

2023-10-05 11:11:35 - [TEST_STEP][PASSED] - inv = data.get("invoice"): null

2023-10-05 11:11:35 - [TEST_STEP][PASSED] - setText(findTestObject("admin/Penjualan ke konsumen/Search"), inv): Text 'TRX60.20231005111045' is set on object 'Object Repository/admin/Penjualan ke konsumen/Search'

2023-10-05 11:11:36 - [MESSAGE][PASSED] - Text 'TRX60.20231005111045' is set on object 'Object Repository/admin/Penjualan ke konsumen/Search'

2023-10-05 11:11:36 - [TEST_STEP][PASSED] - click(findTestObject("admin/Penjualan ke konsumen/buttom konfirmasi pending payment")): Object: 'Object Repository/admin/Penjualan ke konsumen/buttom konfirmasi pending payment' is clicked on

2023-10-05 11:11:36 - [MESSAGE][PASSED] - Object: 'Object Repository/admin/Penjualan ke konsumen/buttom konfirmasi pending payment' is clicked on

2023-10-05 11:11:36 - [TEST_STEP][PASSED] - acceptAlert(STOP_ON_FAILURE): Alert accepted

2023-10-05 11:11:36 - [MESSAGE][PASSED] - Alert accepted

2023-10-05 11:11:36 - [TEST_STEP][PASSED] - setText(findTestObject("admin/Penjualan ke konsumen/Search"), inv): Text 'TRX60.20231005111045' is set on object 'Object Repository/admin/Penjualan ke konsumen/Search'

2023-10-05 11:11:45 - [MESSAGE][PASSED] - Text 'TRX60.20231005111045' is set on object 'Object Repository/admin/Penjualan ke konsumen/Search'

2023-10-05 11:11:45 - [TEST_STEP][PASSED] - verifyTextNotPresent("pending payment", false): Text 'pending payment' is not present on page

2023-10-05 11:11:46 - [MESSAGE][PASSED] - Text 'pending payment' is not present on page

2023-10-05 11:11:46 - [TEST_STEP][PASSED] - return data: null

2023-10-05 11:11:46 - [MESSAGE][PASSED] - Call Test Case 'Test Cases/T13 Pembelian, Shipment dan Pembayaran/SA-002' successfully

2023-10-05 11:11:46 - [TEST_STEP][PASSED] - click(findTestObject("admin/Penjualan ke konsumen/buttom scroldown")): Object: 'Object Repository/admin/Penjualan ke konsumen/buttom scroldown' is clicked on

2023-10-05 11:11:46 - [MESSAGE][PASSED] - Object: 'Object Repository/admin/Penjualan ke konsumen/buttom scroldown' is clicked on

2023-10-05 11:11:46 - [TEST_STEP][PASSED] - click(findTestObject("admin/Penjualan ke konsumen/Proses")): Object: 'Object Repository/admin/Penjualan ke konsumen/Proses' is clicked on

2023-10-05 11:11:46 - [MESSAGE][PASSED] - Object: 'Object Repository/admin/Penjualan ke konsumen/Proses' is clicked on

2023-10-05 11:11:46 - [TEST_STEP][PASSED] - acceptAlert(): Alert accepted

2023-10-05 11:11:46 - [MESSAGE][PASSED] - Alert accepted

2023-10-05 11:11:46 - [TEST_STEP][PASSED] - inv = data.get("invoice"): null

2023-10-05 11:11:46 - [TEST_STEP][PASSED] - setText(findTestObject("admin/Penjualan ke konsumen/Search"), inv): Text 'TRX60.20231005111045' is set on object 'Object Repository/admin/Penjualan ke konsumen/Search'

2023-10-05 11:11:59 - [MESSAGE][PASSED] - Text 'TRX60.20231005111045' is set on object 'Object Repository/admin/Penjualan ke konsumen/Search'

2023-10-05 11:11:59 - [TEST_STEP][PASSED] - verifyElementText(findTestObject("PROSES PENJUALAN/Proses"), "Proses"): Actual text and expected text of test object 'Object Repository/PROSES PENJUALAN/Proses' are matched.

2023-10-05 11:11:59 - [MESSAGE][PASSED] - Actual text and expected text of test object 'Object Repository/PROSES PENJUALAN/Proses' are matched.

2023-10-05 11:11:59 - [TEST_STEP][PASSED] - prosesadmin = getText(findTestObject("PROSES PENJUALAN/Proses")): Text of object 'Object Repository/PROSES PENJUALAN/Proses' is: 'Proses'

2023-10-05 11:12:00 - [MESSAGE][PASSED] - Text of object 'Object Repository/PROSES PENJUALAN/Proses' is: 'Proses'

2023-10-05 11:12:00 - [TEST_STEP][PASSED] - data.put("statusAdmin", prosesadmin): null

2023-10-05 11:12:00 - [TEST_STEP][PASSED] - return data: null]]></system-out>
         <system-err><![CDATA[]]></system-err>
      </testcase>
      <testcase name="Test Cases/T13 Pembelian, Shipment dan Pembayaran/SA-004" time="117.538" classname="Test Cases/T13 Pembelian, Shipment dan Pembayaran/SA-004" status="PASSED">
         <system-out><![CDATA[2023-10-05 11:12:00 - [TEST_CASE][PASSED] - Test Cases/T13 Pembelian, Shipment dan Pembayaran/SA-004: Test Cases/T13 Pembelian, Shipment dan Pembayaran/SA-004

2023-10-05 11:12:00 - [TEST_STEP][PASSED] - data = callTestCase(findTestCase("T13 Pembelian, Shipment dan Pembayaran/SA-002"), [:], STOP_ON_FAILURE): Call Test Case 'Test Cases/T13 Pembelian, Shipment dan Pembayaran/SA-002' successfully

2023-10-05 11:12:00 - [TEST_CASE][PASSED] - Test Cases/T13 Pembelian, Shipment dan Pembayaran/SA-002: Test Cases/T13 Pembelian, Shipment dan Pembayaran/SA-002

2023-10-05 11:12:00 - [TEST_STEP][PASSED] - data = callTestCase(findTestCase("T13 Pembelian, Shipment dan Pembayaran/SA-001"), [:], STOP_ON_FAILURE): Call Test Case 'Test Cases/T13 Pembelian, Shipment dan Pembayaran/SA-001' successfully

2023-10-05 11:12:00 - [TEST_CASE][PASSED] - Test Cases/T13 Pembelian, Shipment dan Pembayaran/SA-001: Test Cases/T13 Pembelian, Shipment dan Pembayaran/SA-001

2023-10-05 11:12:00 - [TEST_STEP][PASSED] - data = callTestCase(findTestCase("T13 Pembelian, Shipment dan Pembayaran/PBYA-001"), [:], STOP_ON_FAILURE): Call Test Case 'Test Cases/T13 Pembelian, Shipment dan Pembayaran/PBYA-001' successfully

2023-10-05 11:12:00 - [TEST_CASE][PASSED] - Test Cases/T13 Pembelian, Shipment dan Pembayaran/PBYA-001: Test Cases/T13 Pembelian, Shipment dan Pembayaran/PBYA-001

2023-10-05 11:12:00 - [TEST_STEP][PASSED] - data = callTestCase(findTestCase("T13 Pembelian, Shipment dan Pembayaran/PBY-004"), [:], STOP_ON_FAILURE): Call Test Case 'Test Cases/T13 Pembelian, Shipment dan Pembayaran/PBY-004' successfully

2023-10-05 11:12:00 - [TEST_CASE][PASSED] - Test Cases/T13 Pembelian, Shipment dan Pembayaran/PBY-004: Test Cases/T13 Pembelian, Shipment dan Pembayaran/PBY-004

2023-10-05 11:12:00 - [TEST_STEP][PASSED] - data = callTestCase(findTestCase("T13 Pembelian, Shipment dan Pembayaran/PBY-001"), [:], STOP_ON_FAILURE): Call Test Case 'Test Cases/T13 Pembelian, Shipment dan Pembayaran/PBY-001' successfully

2023-10-05 11:12:00 - [TEST_CASE][PASSED] - Test Cases/T13 Pembelian, Shipment dan Pembayaran/PBY-001: Test Cases/T13 Pembelian, Shipment dan Pembayaran/PBY-001

2023-10-05 11:12:00 - [TEST_STEP][PASSED] - data = callTestCase(findTestCase("T13 Pembelian, Shipment dan Pembayaran/PBL-004"), ["Kurir":"Roda 2"], STOP_ON_FAILURE): Call Test Case 'Test Cases/T13 Pembelian, Shipment dan Pembayaran/PBL-004' successfully

2023-10-05 11:12:01 - [TEST_CASE][PASSED] - Test Cases/T13 Pembelian, Shipment dan Pembayaran/PBL-004: Test Cases/T13 Pembelian, Shipment dan Pembayaran/PBL-004

2023-10-05 11:12:01 - [TEST_STEP][PASSED] - data = callTestCase(findTestCase("T13 Pembelian, Shipment dan Pembayaran/PBL-002"), [:], STOP_ON_FAILURE): Call Test Case 'Test Cases/T13 Pembelian, Shipment dan Pembayaran/PBL-002' successfully

2023-10-05 11:12:01 - [TEST_CASE][PASSED] - Test Cases/T13 Pembelian, Shipment dan Pembayaran/PBL-002: Test Cases/T13 Pembelian, Shipment dan Pembayaran/PBL-002

2023-10-05 11:12:01 - [TEST_STEP][PASSED] - data = callTestCase(findTestCase("T13 Pembelian, Shipment dan Pembayaran/PBL-001"), [:], STOP_ON_FAILURE): Call Test Case 'Test Cases/T13 Pembelian, Shipment dan Pembayaran/PBL-001' successfully

2023-10-05 11:12:01 - [TEST_CASE][PASSED] - Test Cases/T13 Pembelian, Shipment dan Pembayaran/PBL-001: Test Cases/T13 Pembelian, Shipment dan Pembayaran/PBL-001

2023-10-05 11:12:01 - [TEST_STEP][PASSED] - callTestCase(findTestCase("T13 Pembelian, Shipment dan Pembayaran/LU-001"), ["username":"irfanafandi", "password":"12345irfan"], STOP_ON_FAILURE): Call Test Case 'Test Cases/T13 Pembelian, Shipment dan Pembayaran/LU-001' successfully

2023-10-05 11:12:01 - [TEST_CASE][PASSED] - Test Cases/T13 Pembelian, Shipment dan Pembayaran/LU-001: Test Cases/T13 Pembelian, Shipment dan Pembayaran/LU-001

2023-10-05 11:12:01 - [TEST_STEP][PASSED] - openBrowser("https://10.9.2.63/ecommerce/"): Browser is opened with url: 'https://10.9.2.63/ecommerce/'

2023-10-05 11:12:01 - [MESSAGE][WARNING] - A browser is already opened. Closing browser and opening a new one

2023-10-05 11:12:01 - [MESSAGE][INFO] - Starting 'Edge Chromium' driver

2023-10-05 11:12:01 - [MESSAGE][INFO] - User set preference: ['acceptInsecureCerts', 'true']

2023-10-05 11:12:04 - [MESSAGE][INFO] - Action delay is set to 0 milliseconds

2023-10-05 11:12:07 - [MESSAGE][PASSED] - Browser is opened with url: 'https://10.9.2.63/ecommerce/'

2023-10-05 11:12:07 - [TEST_STEP][PASSED] - maximizeWindow(): Current window maximized

2023-10-05 11:12:08 - [MESSAGE][PASSED] - Current window maximized

2023-10-05 11:12:08 - [TEST_STEP][PASSED] - verifyElementPresent(findTestObject("Login/Home"), 0): Object 'Object Repository/Login/Home' is present

2023-10-05 11:12:08 - [MESSAGE][WARNING] - Timeout '0' is invalid. Using default page load timeout: '30'

2023-10-05 11:12:08 - [MESSAGE][PASSED] - Object 'Object Repository/Login/Home' is present

2023-10-05 11:12:08 - [TEST_STEP][PASSED] - click(findTestObject("Login/a_Login")): Object: 'Object Repository/Login/a_Login' is clicked on

2023-10-05 11:12:09 - [MESSAGE][PASSED] - Object: 'Object Repository/Login/a_Login' is clicked on

2023-10-05 11:12:09 - [TEST_STEP][PASSED] - verifyElementPresent(findTestObject("Login/Tittle Login"), 0): Object 'Object Repository/Login/Tittle Login' is present

2023-10-05 11:12:09 - [MESSAGE][WARNING] - Timeout '0' is invalid. Using default page load timeout: '30'

2023-10-05 11:12:09 - [MESSAGE][PASSED] - Object 'Object Repository/Login/Tittle Login' is present

2023-10-05 11:12:09 - [TEST_STEP][PASSED] - setText(findTestObject("Login/input_Username, Email atau No. Handphone_a"), username): Text 'irfanafandi' is set on object 'Object Repository/Login/input_Username, Email atau No. Handphone_a'

2023-10-05 11:12:10 - [MESSAGE][PASSED] - Text 'irfanafandi' is set on object 'Object Repository/Login/input_Username, Email atau No. Handphone_a'

2023-10-05 11:12:10 - [TEST_STEP][PASSED] - setText(findTestObject("Login/input_Password_b"), password): Text '12345irfan' is set on object 'Object Repository/Login/input_Password_b'

2023-10-05 11:12:11 - [MESSAGE][PASSED] - Text '12345irfan' is set on object 'Object Repository/Login/input_Password_b'

2023-10-05 11:12:11 - [TEST_STEP][PASSED] - click(findTestObject("Login/label_Ingat saya")): Object: 'Object Repository/Login/label_Ingat saya' is clicked on

2023-10-05 11:12:12 - [MESSAGE][PASSED] - Object: 'Object Repository/Login/label_Ingat saya' is clicked on

2023-10-05 11:12:12 - [TEST_STEP][PASSED] - click(findTestObject("Login/button_Masuk")): Object: 'Object Repository/Login/button_Masuk' is clicked on

2023-10-05 11:12:13 - [MESSAGE][PASSED] - Object: 'Object Repository/Login/button_Masuk' is clicked on

2023-10-05 11:12:13 - [TEST_STEP][PASSED] - verifyElementPresent(findTestObject("Login/li_Profile"), 0): Object 'Object Repository/Login/li_Profile' is present

2023-10-05 11:12:13 - [MESSAGE][WARNING] - Timeout '0' is invalid. Using default page load timeout: '30'

2023-10-05 11:12:14 - [MESSAGE][PASSED] - Object 'Object Repository/Login/li_Profile' is present

2023-10-05 11:12:14 - [MESSAGE][PASSED] - Call Test Case 'Test Cases/T13 Pembelian, Shipment dan Pembayaran/LU-001' successfully

2023-10-05 11:12:14 - [TEST_STEP][PASSED] - mouseOver(findTestObject("beli barang/i_Mulai Belanja_icon-menu")): Object: 'Object Repository/beli barang/i_Mulai Belanja_icon-menu' is hovered

2023-10-05 11:12:14 - [MESSAGE][PASSED] - Object: 'Object Repository/beli barang/i_Mulai Belanja_icon-menu' is hovered

2023-10-05 11:12:14 - [TEST_STEP][PASSED] - click(findTestObject("beli barang/a_Fashion  Busana Wanita")): Object: 'Object Repository/beli barang/a_Fashion  Busana Wanita' is clicked on

2023-10-05 11:12:16 - [MESSAGE][PASSED] - Object: 'Object Repository/beli barang/a_Fashion  Busana Wanita' is clicked on

2023-10-05 11:12:16 - [TEST_STEP][PASSED] - NamaSebelum = getText(findTestObject("verifikasi/Nama sebelum")): Text of object 'Object Repository/verifikasi/Nama sebelum' is: ''

2023-10-05 11:12:16 - [MESSAGE][PASSED] - Text of object 'Object Repository/verifikasi/Nama sebelum' is: ''

2023-10-05 11:12:16 - [TEST_STEP][PASSED] - HargaSebelum = getText(findTestObject("verifikasi/Harga sebelum")): Text of object 'Object Repository/verifikasi/Harga sebelum' is: 'Rp 1,299'

2023-10-05 11:12:17 - [MESSAGE][PASSED] - Text of object 'Object Repository/verifikasi/Harga sebelum' is: 'Rp 1,299'

2023-10-05 11:12:17 - [TEST_STEP][PASSED] - mouseOver(findTestObject("beli barang/barang mouse over")): Object: 'Object Repository/beli barang/barang mouse over' is hovered

2023-10-05 11:12:17 - [MESSAGE][PASSED] - Object: 'Object Repository/beli barang/barang mouse over' is hovered

2023-10-05 11:12:17 - [TEST_STEP][PASSED] - click(findTestObject("beli barang/buttom add to cart")): Object: 'Object Repository/beli barang/buttom add to cart' is clicked on

2023-10-05 11:12:19 - [MESSAGE][PASSED] - Object: 'Object Repository/beli barang/buttom add to cart' is clicked on

2023-10-05 11:12:19 - [TEST_STEP][PASSED] - NamaSesudah = getText(findTestObject("verifikasi/Nama sesudah")): Text of object 'Object Repository/verifikasi/Nama sesudah' is: 'Segitiga Instan Madeira - MDB5.3 Sunset'

2023-10-05 11:12:19 - [MESSAGE][PASSED] - Text of object 'Object Repository/verifikasi/Nama sesudah' is: 'Segitiga Instan Madeira - MDB5.3 Sunset'

2023-10-05 11:12:19 - [TEST_STEP][PASSED] - HargaSesudah = getText(findTestObject("verifikasi/Harga sesudah")): Text of object 'Object Repository/verifikasi/Harga sesudah' is: 'Rp 1,299'

2023-10-05 11:12:20 - [MESSAGE][PASSED] - Text of object 'Object Repository/verifikasi/Harga sesudah' is: 'Rp 1,299'

2023-10-05 11:12:20 - [TEST_STEP][PASSED] - assert NamaSesudah.contains(NamaSebelum): null

2023-10-05 11:12:20 - [TEST_STEP][PASSED] - assert HargaSesudah.contains(HargaSebelum): null

2023-10-05 11:12:20 - [TEST_STEP][PASSED] - click(findTestObject("beli barang/Tambah Keranjang busana wanita")): Object: 'Object Repository/beli barang/Tambah Keranjang busana wanita' is clicked on

2023-10-05 11:12:20 - [MESSAGE][PASSED] - Object: 'Object Repository/beli barang/Tambah Keranjang busana wanita' is clicked on

2023-10-05 11:12:20 - [TEST_STEP][PASSED] - verifyElementPresent(findTestObject("checkout/Notifikasi keranjang"), 1): Object 'Object Repository/checkout/Notifikasi keranjang' is present

2023-10-05 11:12:21 - [MESSAGE][PASSED] - Object 'Object Repository/checkout/Notifikasi keranjang' is present

2023-10-05 11:12:21 - [TEST_STEP][PASSED] - data = new java.util.HashMap(): null

2023-10-05 11:12:21 - [TEST_STEP][PASSED] - data.put("nama_barang", NamaSesudah): null

2023-10-05 11:12:21 - [TEST_STEP][PASSED] - data.put("price_barang", HargaSesudah): null

2023-10-05 11:12:21 - [TEST_STEP][PASSED] - return data: null

2023-10-05 11:12:21 - [MESSAGE][PASSED] - Call Test Case 'Test Cases/T13 Pembelian, Shipment dan Pembayaran/PBL-001' successfully

2023-10-05 11:12:21 - [TEST_STEP][PASSED] - mouseOver(findTestObject("beli barang/keranjang")): Object: 'Object Repository/beli barang/keranjang' is hovered

2023-10-05 11:12:22 - [MESSAGE][PASSED] - Object: 'Object Repository/beli barang/keranjang' is hovered

2023-10-05 11:12:22 - [TEST_STEP][PASSED] - click(findTestObject("beli barang/Lihat Sekarang")): Object: 'Object Repository/beli barang/Lihat Sekarang' is clicked on

2023-10-05 11:12:23 - [MESSAGE][PASSED] - Object: 'Object Repository/beli barang/Lihat Sekarang' is clicked on

2023-10-05 11:12:23 - [TEST_STEP][PASSED] - verifyElementPresent(findTestObject("keranjang/li_Keranjang Belanja"), 0): Object 'Object Repository/keranjang/li_Keranjang Belanja' is present

2023-10-05 11:12:23 - [MESSAGE][WARNING] - Timeout '0' is invalid. Using default page load timeout: '30'

2023-10-05 11:12:24 - [MESSAGE][PASSED] - Object 'Object Repository/keranjang/li_Keranjang Belanja' is present

2023-10-05 11:12:24 - [TEST_STEP][PASSED] - NamaKeranjang = getText(findTestObject("verifikasi/Nama keranjang")): Text of object 'Object Repository/verifikasi/Nama keranjang' is: 'Segitiga Instan Madeira - MDB5.3 Sunset'

2023-10-05 11:12:24 - [MESSAGE][PASSED] - Text of object 'Object Repository/verifikasi/Nama keranjang' is: 'Segitiga Instan Madeira - MDB5.3 Sunset'

2023-10-05 11:12:24 - [TEST_STEP][PASSED] - HargaKeranjang = getText(findTestObject("verifikasi/Harga Keranjang")): Text of object 'Object Repository/verifikasi/Harga Keranjang' is: 'Rp 1,299'

2023-10-05 11:12:25 - [MESSAGE][PASSED] - Text of object 'Object Repository/verifikasi/Harga Keranjang' is: 'Rp 1,299'

2023-10-05 11:12:25 - [TEST_STEP][PASSED] - if (toString().equalsIgnoreCase("Merah")): Object 'Object Repository/keranjang/input_Warna_variasi101' is checked

2023-10-05 11:12:25 - [TEST_STEP][PASSED] - check(findTestObject("Object Repository/keranjang/input_Warna_variasi101")): Object 'Object Repository/keranjang/input_Warna_variasi101' is checked

2023-10-05 11:12:25 - [MESSAGE][PASSED] - Object 'Object Repository/keranjang/input_Warna_variasi101' is checked

2023-10-05 11:12:25 - [TEST_STEP][PASSED] - if (toString().equalsIgnoreCase("Menengah")): Object 'Object Repository/keranjang/input_Ukuran_variasi201' is checked

2023-10-05 11:12:25 - [TEST_STEP][PASSED] - check(findTestObject("Object Repository/keranjang/input_Ukuran_variasi201")): Object 'Object Repository/keranjang/input_Ukuran_variasi201' is checked

2023-10-05 11:12:26 - [MESSAGE][PASSED] - Object 'Object Repository/keranjang/input_Ukuran_variasi201' is checked

2023-10-05 11:12:26 - [TEST_STEP][PASSED] - data.put("Warna", warna): null

2023-10-05 11:12:26 - [TEST_STEP][PASSED] - data.put("Ukuran", ukuran): null

2023-10-05 11:12:26 - [TEST_STEP][PASSED] - click(findTestObject("keranjang/button_Lanjut ke Pembayaran")): Object: 'Object Repository/keranjang/button_Lanjut ke Pembayaran' is clicked on

2023-10-05 11:12:27 - [MESSAGE][PASSED] - Object: 'Object Repository/keranjang/button_Lanjut ke Pembayaran' is clicked on

2023-10-05 11:12:27 - [TEST_STEP][PASSED] - verifyElementPresent(findTestObject("checkout/Tittle Checkout Order"), 0): Object 'Object Repository/checkout/Tittle Checkout Order' is present

2023-10-05 11:12:27 - [MESSAGE][WARNING] - Timeout '0' is invalid. Using default page load timeout: '30'

2023-10-05 11:12:28 - [MESSAGE][PASSED] - Object 'Object Repository/checkout/Tittle Checkout Order' is present

2023-10-05 11:12:28 - [TEST_STEP][PASSED] - name_product = data.get("nama_barang"): null

2023-10-05 11:12:28 - [TEST_STEP][PASSED] - price_product = data.get("price_barang"): null

2023-10-05 11:12:28 - [TEST_STEP][PASSED] - assert name_product == NamaKeranjang: null

2023-10-05 11:12:28 - [TEST_STEP][PASSED] - assert price_product == HargaKeranjang: null

2023-10-05 11:12:28 - [TEST_STEP][PASSED] - return data: null

2023-10-05 11:12:28 - [MESSAGE][PASSED] - Call Test Case 'Test Cases/T13 Pembelian, Shipment dan Pembayaran/PBL-002' successfully

2023-10-05 11:12:28 - [TEST_STEP][PASSED] - warnaa = getText(findTestObject("verifikasi/warna Merah")): Text of object 'Object Repository/verifikasi/warna Merah' is: 'Merah'

2023-10-05 11:12:28 - [MESSAGE][PASSED] - Text of object 'Object Repository/verifikasi/warna Merah' is: 'Merah'

2023-10-05 11:12:28 - [TEST_STEP][PASSED] - ukurann = getText(findTestObject("verifikasi/Ukuran Menengah")): Text of object 'Object Repository/verifikasi/Ukuran Menengah' is: 'Menengah'

2023-10-05 11:12:29 - [MESSAGE][PASSED] - Text of object 'Object Repository/verifikasi/Ukuran Menengah' is: 'Menengah'

2023-10-05 11:12:29 - [TEST_STEP][PASSED] - warna1 = data.get("Warna"): null

2023-10-05 11:12:29 - [TEST_STEP][PASSED] - ukuran1 = data.get("Ukuran"): null

2023-10-05 11:12:29 - [TEST_STEP][PASSED] - assert warnaa == warna1: null

2023-10-05 11:12:29 - [TEST_STEP][PASSED] - assert ukurann == ukuran1: null

2023-10-05 11:12:29 - [TEST_STEP][PASSED] - NamaCheckout = getText(findTestObject("verifikasi/NamaCheckout")): Text of object 'Object Repository/verifikasi/NamaCheckout' is: ''

2023-10-05 11:12:29 - [MESSAGE][PASSED] - Text of object 'Object Repository/verifikasi/NamaCheckout' is: ''

2023-10-05 11:12:29 - [TEST_STEP][PASSED] - HargaCheckout = getText(findTestObject("verifikasi/HargaCheckout")): Text of object 'Object Repository/verifikasi/HargaCheckout' is: '1,299'

2023-10-05 11:12:29 - [MESSAGE][PASSED] - Text of object 'Object Repository/verifikasi/HargaCheckout' is: '1,299'

2023-10-05 11:12:29 - [TEST_STEP][PASSED] - name_product = data.get("nama_barang"): null

2023-10-05 11:12:29 - [TEST_STEP][PASSED] - price_product = data.get("price_barang"): null

2023-10-05 11:12:29 - [TEST_STEP][PASSED] - assert name_product.contains(NamaCheckout): null

2023-10-05 11:12:29 - [TEST_STEP][PASSED] - assert price_product.contains(HargaCheckout): null

2023-10-05 11:12:29 - [TEST_STEP][PASSED] - selectOptionByLabel(findTestObject("checkout/select - Kirim via Kurir Lokal"), Kurir, false): All options with label 'Roda 2' are selected in object 'Object Repository/checkout/select - Kirim via Kurir Lokal' 

2023-10-05 11:12:30 - [MESSAGE][PASSED] - All options with label 'Roda 2' are selected in object 'Object Repository/checkout/select - Kirim via Kurir Lokal' 

2023-10-05 11:12:30 - [TEST_STEP][PASSED] - click(findTestObject("checkout/Kendaraan Kurir")): Object: 'Object Repository/checkout/Kendaraan Kurir' is clicked on

2023-10-05 11:12:31 - [MESSAGE][PASSED] - Object: 'Object Repository/checkout/Kendaraan Kurir' is clicked on

2023-10-05 11:12:31 - [TEST_STEP][PASSED] - OngkosKirim = getText(findTestObject("Object Repository/verifikasi/Ongkos Kirim checkout")): Text of object 'Object Repository/verifikasi/Ongkos Kirim checkout' is: 'Rp. 5,000'

2023-10-05 11:12:31 - [MESSAGE][PASSED] - Text of object 'Object Repository/verifikasi/Ongkos Kirim checkout' is: 'Rp. 5,000'

2023-10-05 11:12:31 - [TEST_STEP][PASSED] - Ongkos = OngkosKirim.substring(3, OngkosKirim.size()): null

2023-10-05 11:12:31 - [TEST_STEP][PASSED] - rep = Ongkos.replace(",", "."): null

2023-10-05 11:12:31 - [TEST_STEP][PASSED] - Ongkos_kirim = Double.parseDouble(rep): null

2023-10-05 11:12:31 - [TEST_STEP][PASSED] - println(Ongkos_kirim): null

2023-10-05 11:12:31 - [TEST_STEP][PASSED] - FeeAdmin = getText(findTestObject("verifikasi/Fee Admin checkout")): Text of object 'Object Repository/verifikasi/Fee Admin checkout' is: 'Fee Admin
Rp 1,500'

2023-10-05 11:12:32 - [MESSAGE][PASSED] - Text of object 'Object Repository/verifikasi/Fee Admin checkout' is: 'Fee Admin
Rp 1,500'

2023-10-05 11:12:32 - [TEST_STEP][PASSED] - Fee_Admin = FeeAdmin.substring(12, FeeAdmin.size()): null

2023-10-05 11:12:32 - [TEST_STEP][PASSED] - fee = Fee_Admin.replace(",", "."): null

2023-10-05 11:12:32 - [TEST_STEP][PASSED] - fee_admin = Double.parseDouble(fee): null

2023-10-05 11:12:32 - [TEST_STEP][PASSED] - println(fee_admin): null

2023-10-05 11:12:32 - [TEST_STEP][PASSED] - Subtotal = getText(findTestObject("verifikasi/subtotal checkout")): Text of object 'Object Repository/verifikasi/subtotal checkout' is: 'Subtotal
Rp 1,299'

2023-10-05 11:12:32 - [MESSAGE][PASSED] - Text of object 'Object Repository/verifikasi/subtotal checkout' is: 'Subtotal
Rp 1,299'

2023-10-05 11:12:32 - [TEST_STEP][PASSED] - sub_total = Subtotal.substring(12, Subtotal.size()): null

2023-10-05 11:12:32 - [TEST_STEP][PASSED] - sub = sub_total.replace(",", "."): null

2023-10-05 11:12:32 - [TEST_STEP][PASSED] - sub_total = Double.parseDouble(sub): null

2023-10-05 11:12:32 - [TEST_STEP][PASSED] - println(sub_total): null

2023-10-05 11:12:32 - [TEST_STEP][PASSED] - Total = getText(findTestObject("verifikasi/Total checkout")): Text of object 'Object Repository/verifikasi/Total checkout' is: 'Rp 7,799'

2023-10-05 11:12:33 - [MESSAGE][PASSED] - Text of object 'Object Repository/verifikasi/Total checkout' is: 'Rp 7,799'

2023-10-05 11:12:33 - [TEST_STEP][PASSED] - totall = Total.substring(3, Total.size()): null

2023-10-05 11:12:33 - [TEST_STEP][PASSED] - total = totall.replace(",", "."): null

2023-10-05 11:12:33 - [TEST_STEP][PASSED] - totall = Double.parseDouble(total): null

2023-10-05 11:12:33 - [TEST_STEP][PASSED] - println(totall): null

2023-10-05 11:12:33 - [TEST_STEP][PASSED] - Total_Harga = Ongkos_kirim + fee_admin + sub_total: null

2023-10-05 11:12:33 - [TEST_STEP][PASSED] - println(Total_Harga): null

2023-10-05 11:12:33 - [TEST_STEP][PASSED] - TotalHarga = Math.round(Total_Harga * 1000) / 1000: null

2023-10-05 11:12:33 - [TEST_STEP][PASSED] - println(TotalHarga): null

2023-10-05 11:12:33 - [TEST_STEP][PASSED] - assert totall == TotalHarga: null

2023-10-05 11:12:33 - [TEST_STEP][PASSED] - click(findTestObject("verifikasi/Metode Transfer")): Object: 'Object Repository/verifikasi/Metode Transfer' is clicked on

2023-10-05 11:12:33 - [MESSAGE][PASSED] - Object: 'Object Repository/verifikasi/Metode Transfer' is clicked on

2023-10-05 11:12:33 - [TEST_STEP][PASSED] - click(findTestObject("checkout/button_Proses Pembayaran")): Object: 'Object Repository/checkout/button_Proses Pembayaran' is clicked on

2023-10-05 11:12:42 - [MESSAGE][PASSED] - Object: 'Object Repository/checkout/button_Proses Pembayaran' is clicked on

2023-10-05 11:12:42 - [TEST_STEP][PASSED] - verifyElementPresent(findTestObject("pembayaran/Tittle nomor invoice"), 0): Object 'Object Repository/pembayaran/Tittle nomor invoice' is present

2023-10-05 11:12:42 - [MESSAGE][WARNING] - Timeout '0' is invalid. Using default page load timeout: '30'

2023-10-05 11:12:43 - [MESSAGE][PASSED] - Object 'Object Repository/pembayaran/Tittle nomor invoice' is present

2023-10-05 11:12:43 - [TEST_STEP][PASSED] - return data: null

2023-10-05 11:12:43 - [MESSAGE][PASSED] - Call Test Case 'Test Cases/T13 Pembelian, Shipment dan Pembayaran/PBL-004' successfully

2023-10-05 11:12:43 - [TEST_STEP][PASSED] - Invoice = getText(findTestObject("pembayaran/nomor invoice")): Text of object 'Object Repository/pembayaran/nomor invoice' is: 'TRX60.20231005111237'

2023-10-05 11:12:44 - [MESSAGE][PASSED] - Text of object 'Object Repository/pembayaran/nomor invoice' is: 'TRX60.20231005111237'

2023-10-05 11:12:44 - [TEST_STEP][PASSED] - data.put("invoice", Invoice): null

2023-10-05 11:12:44 - [TEST_STEP][PASSED] - NamaPemesan = getText(findTestObject("Konfirmasi pesanan shop/Nama pemesan")): Text of object 'Object Repository/Konfirmasi pesanan shop/Nama pemesan' is: 'irfan.afandi'

2023-10-05 11:12:44 - [MESSAGE][PASSED] - Text of object 'Object Repository/Konfirmasi pesanan shop/Nama pemesan' is: 'irfan.afandi'

2023-10-05 11:12:44 - [TEST_STEP][PASSED] - Nama = getText(findTestObject("pembayaran/Nama barang")): Text of object 'Object Repository/pembayaran/Nama barang' is: 'Segitiga Instan Madeira - MDB5.3 Sunset'

2023-10-05 11:12:45 - [MESSAGE][PASSED] - Text of object 'Object Repository/pembayaran/Nama barang' is: 'Segitiga Instan Madeira - MDB5.3 Sunset'

2023-10-05 11:12:45 - [TEST_STEP][PASSED] - Harga = getText(findTestObject("pembayaran/Harga barang")): Text of object 'Object Repository/pembayaran/Harga barang' is: '1,299'

2023-10-05 11:12:45 - [MESSAGE][PASSED] - Text of object 'Object Repository/pembayaran/Harga barang' is: '1,299'

2023-10-05 11:12:45 - [TEST_STEP][PASSED] - name_product = data.get("nama_barang"): null

2023-10-05 11:12:45 - [TEST_STEP][PASSED] - price_product = data.get("price_barang"): null

2023-10-05 11:12:45 - [TEST_STEP][PASSED] - assert name_product.contains(Nama): null

2023-10-05 11:12:45 - [TEST_STEP][PASSED] - assert price_product.contains(Harga): null

2023-10-05 11:12:45 - [TEST_STEP][PASSED] - warnaa = getText(findTestObject("pembayaran/warna")): Text of object 'Object Repository/pembayaran/warna' is: 'Merah'

2023-10-05 11:12:46 - [MESSAGE][PASSED] - Text of object 'Object Repository/pembayaran/warna' is: 'Merah'

2023-10-05 11:12:46 - [TEST_STEP][PASSED] - ukurann = getText(findTestObject("pembayaran/ukuran")): Text of object 'Object Repository/pembayaran/ukuran' is: 'Menengah'

2023-10-05 11:12:46 - [MESSAGE][PASSED] - Text of object 'Object Repository/pembayaran/ukuran' is: 'Menengah'

2023-10-05 11:12:46 - [TEST_STEP][PASSED] - warna1 = data.get("Warna"): null

2023-10-05 11:12:46 - [TEST_STEP][PASSED] - ukuran1 = data.get("Ukuran"): null

2023-10-05 11:12:46 - [TEST_STEP][PASSED] - assert warnaa == warna1: null

2023-10-05 11:12:46 - [TEST_STEP][PASSED] - assert ukurann == ukuran1: null

2023-10-05 11:12:46 - [TEST_STEP][PASSED] - statusPembelian = getText(findTestObject("verifikasi/Status pending di pembelian")): Text of object 'Object Repository/verifikasi/Status pending di pembelian' is: 'Pending'

2023-10-05 11:12:47 - [MESSAGE][PASSED] - Text of object 'Object Repository/verifikasi/Status pending di pembelian' is: 'Pending'

2023-10-05 11:12:47 - [TEST_STEP][PASSED] - data.put("statusPem", statusPembelian): null

2023-10-05 11:12:47 - [TEST_STEP][PASSED] - OngkosKirim = getText(findTestObject("pembayaran/ongkos kirim")): Text of object 'Object Repository/pembayaran/ongkos kirim' is: 'Rp 5,000'

2023-10-05 11:12:47 - [MESSAGE][PASSED] - Text of object 'Object Repository/pembayaran/ongkos kirim' is: 'Rp 5,000'

2023-10-05 11:12:47 - [TEST_STEP][PASSED] - Ongkos = OngkosKirim.substring(3, OngkosKirim.size()): null

2023-10-05 11:12:47 - [TEST_STEP][PASSED] - rep = Ongkos.replace(",", ""): null

2023-10-05 11:12:47 - [TEST_STEP][PASSED] - Ongkos_kirimm = Integer.parseInt(rep): null

2023-10-05 11:12:47 - [TEST_STEP][PASSED] - println(Ongkos_kirimm): null

2023-10-05 11:12:47 - [TEST_STEP][PASSED] - FeeAdmin = getText(findTestObject("pembayaran/fee admin")): Text of object 'Object Repository/pembayaran/fee admin' is: 'Rp 1,500'

2023-10-05 11:12:48 - [MESSAGE][PASSED] - Text of object 'Object Repository/pembayaran/fee admin' is: 'Rp 1,500'

2023-10-05 11:12:48 - [TEST_STEP][PASSED] - Fee_Admin = FeeAdmin.substring(3, FeeAdmin.size()): null

2023-10-05 11:12:48 - [TEST_STEP][PASSED] - fee = Fee_Admin.replace(",", ""): null

2023-10-05 11:12:48 - [TEST_STEP][PASSED] - fee_adminn = Integer.parseInt(fee): null

2023-10-05 11:12:48 - [TEST_STEP][PASSED] - println(fee_adminn): null

2023-10-05 11:12:48 - [TEST_STEP][PASSED] - Subtotal = getText(findTestObject("pembayaran/subtotal")): Text of object 'Object Repository/pembayaran/subtotal' is: 'Rp 1,299'

2023-10-05 11:12:48 - [MESSAGE][PASSED] - Text of object 'Object Repository/pembayaran/subtotal' is: 'Rp 1,299'

2023-10-05 11:12:48 - [TEST_STEP][PASSED] - sub_total = Subtotal.substring(3, Subtotal.size()): null

2023-10-05 11:12:48 - [TEST_STEP][PASSED] - sub = sub_total.replace(",", ""): null

2023-10-05 11:12:48 - [TEST_STEP][PASSED] - sub_totall = Integer.parseInt(sub): null

2023-10-05 11:12:48 - [TEST_STEP][PASSED] - println(sub_totall): null

2023-10-05 11:12:48 - [TEST_STEP][PASSED] - unik = getText(findTestObject("pembayaran/kode unik")): Text of object 'Object Repository/pembayaran/kode unik' is: '+237'

2023-10-05 11:12:49 - [MESSAGE][PASSED] - Text of object 'Object Repository/pembayaran/kode unik' is: '+237'

2023-10-05 11:12:49 - [TEST_STEP][PASSED] - unikk = unik.replace("+", ""): null

2023-10-05 11:12:49 - [TEST_STEP][PASSED] - kode_unik = Integer.parseInt(unikk): null

2023-10-05 11:12:49 - [TEST_STEP][PASSED] - println(kode_unik): null

2023-10-05 11:12:49 - [TEST_STEP][PASSED] - Total = getText(findTestObject("pembayaran/total")): Text of object 'Object Repository/pembayaran/total' is: '8,036'

2023-10-05 11:12:49 - [MESSAGE][PASSED] - Text of object 'Object Repository/pembayaran/total' is: '8,036'

2023-10-05 11:12:49 - [TEST_STEP][PASSED] - total = Total.replace(",", ""): null

2023-10-05 11:12:49 - [TEST_STEP][PASSED] - totalll = Integer.parseInt(total): null

2023-10-05 11:12:49 - [TEST_STEP][PASSED] - println(totalll): null

2023-10-05 11:12:49 - [TEST_STEP][PASSED] - Total_Hargaa = Ongkos_kirimm + fee_adminn + sub_totall + kode_unik: null

2023-10-05 11:12:49 - [TEST_STEP][PASSED] - println(Total_Hargaa): null

2023-10-05 11:12:49 - [TEST_STEP][PASSED] - assert totalll == Total_Hargaa: null

2023-10-05 11:12:49 - [TEST_STEP][PASSED] - data.put("total", Total): null

2023-10-05 11:12:49 - [TEST_STEP][PASSED] - data.put("nama", NamaPemesan): null

2023-10-05 11:12:49 - [TEST_STEP][PASSED] - return data: null

2023-10-05 11:12:49 - [MESSAGE][PASSED] - Call Test Case 'Test Cases/T13 Pembelian, Shipment dan Pembayaran/PBY-001' successfully

2023-10-05 11:12:49 - [TEST_STEP][PASSED] - inv = data.get("invoice"): null

2023-10-05 11:12:49 - [TEST_STEP][PASSED] - Total = data.get("total"): null

2023-10-05 11:12:49 - [TEST_STEP][PASSED] - NamaPemesan = data.get("nama"): null

2023-10-05 11:12:49 - [TEST_STEP][PASSED] - click(findTestObject("Konfirmasi pesanan shop/Menu Shop")): Object: 'Object Repository/Konfirmasi pesanan shop/Menu Shop' is clicked on

2023-10-05 11:12:51 - [MESSAGE][PASSED] - Object: 'Object Repository/Konfirmasi pesanan shop/Menu Shop' is clicked on

2023-10-05 11:12:51 - [TEST_STEP][PASSED] - click(findTestObject("Konfirmasi pesanan shop/Menu Shop")): Object: 'Object Repository/Konfirmasi pesanan shop/Menu Shop' is clicked on

2023-10-05 11:12:52 - [MESSAGE][PASSED] - Object: 'Object Repository/Konfirmasi pesanan shop/Menu Shop' is clicked on

2023-10-05 11:12:52 - [TEST_STEP][PASSED] - click(findTestObject("Konfirmasi pesanan shop/Konfirmasi Orders")): Object: 'Object Repository/Konfirmasi pesanan shop/Konfirmasi Orders' is clicked on

2023-10-05 11:12:53 - [MESSAGE][PASSED] - Object: 'Object Repository/Konfirmasi pesanan shop/Konfirmasi Orders' is clicked on

2023-10-05 11:12:53 - [TEST_STEP][PASSED] - verifyElementPresent(findTestObject("Konfirmasi pesanan shop/Tittle Konfirmasi Pesanan"), 0): Object 'Object Repository/Konfirmasi pesanan shop/Tittle Konfirmasi Pesanan' is present

2023-10-05 11:12:53 - [MESSAGE][WARNING] - Timeout '0' is invalid. Using default page load timeout: '30'

2023-10-05 11:12:54 - [MESSAGE][PASSED] - Object 'Object Repository/Konfirmasi pesanan shop/Tittle Konfirmasi Pesanan' is present

2023-10-05 11:12:54 - [TEST_STEP][PASSED] - setText(findTestObject("Konfirmasi pesanan shop/input_No Pesanan"), inv): Text 'TRX60.20231005111237' is set on object 'Object Repository/Konfirmasi pesanan shop/input_No Pesanan'

2023-10-05 11:12:55 - [MESSAGE][PASSED] - Text 'TRX60.20231005111237' is set on object 'Object Repository/Konfirmasi pesanan shop/input_No Pesanan'

2023-10-05 11:12:55 - [TEST_STEP][PASSED] - setText(findTestObject("Konfirmasi pesanan shop/input_Alamat E-mai"), "irfan@gmail.com"): Text 'irfan@gmail.com' is set on object 'Object Repository/Konfirmasi pesanan shop/input_Alamat E-mai'

2023-10-05 11:12:55 - [MESSAGE][PASSED] - Text 'irfan@gmail.com' is set on object 'Object Repository/Konfirmasi pesanan shop/input_Alamat E-mai'

2023-10-05 11:12:55 - [TEST_STEP][PASSED] - click(findTestObject("Konfirmasi pesanan shop/button_Submit")): Object: 'Object Repository/Konfirmasi pesanan shop/button_Submit' is clicked on

2023-10-05 11:12:56 - [MESSAGE][PASSED] - Object: 'Object Repository/Konfirmasi pesanan shop/button_Submit' is clicked on

2023-10-05 11:12:56 - [TEST_STEP][PASSED] - verifyElementPresent(findTestObject("Konfirmasi pesanan shop/Tittle nomor invoice"), 0): Object 'Object Repository/Konfirmasi pesanan shop/Tittle nomor invoice' is present

2023-10-05 11:12:56 - [MESSAGE][WARNING] - Timeout '0' is invalid. Using default page load timeout: '30'

2023-10-05 11:12:57 - [MESSAGE][PASSED] - Object 'Object Repository/Konfirmasi pesanan shop/Tittle nomor invoice' is present

2023-10-05 11:12:57 - [TEST_STEP][PASSED] - setText(findTestObject("Konfirmasi pesanan shop/input_Total TagihanTransfer_b"), Total): Text '8,036' is set on object 'Object Repository/Konfirmasi pesanan shop/input_Total TagihanTransfer_b'

2023-10-05 11:12:58 - [MESSAGE][PASSED] - Text '8,036' is set on object 'Object Repository/Konfirmasi pesanan shop/input_Total TagihanTransfer_b'

2023-10-05 11:12:58 - [TEST_STEP][PASSED] - selectOptionByValue(findTestObject("Konfirmasi pesanan shop/select_Bank"), "4", false): All options with value '4' are selected in object 'Object Repository/Konfirmasi pesanan shop/select_Bank' 

2023-10-05 11:12:59 - [MESSAGE][PASSED] - All options with value '4' are selected in object 'Object Repository/Konfirmasi pesanan shop/select_Bank' 

2023-10-05 11:12:59 - [TEST_STEP][PASSED] - setText(findTestObject("Konfirmasi pesanan shop/input_Nama Pengirim_d"), NamaPemesan): Text 'irfan.afandi' is set on object 'Object Repository/Konfirmasi pesanan shop/input_Nama Pengirim_d'

2023-10-05 11:13:00 - [MESSAGE][PASSED] - Text 'irfan.afandi' is set on object 'Object Repository/Konfirmasi pesanan shop/input_Nama Pengirim_d'

2023-10-05 11:13:00 - [TEST_STEP][PASSED] - uploadFile(findTestObject("keranjang/konfirmasi/input_Upload Bukti Transfer_f"), "C:\Users\IRFAN\Downloads\Berkas2.pdf"): File 'C:\Users\IRFAN\Downloads\Berkas2.pdf' sent to object: 'Object Repository/keranjang/konfirmasi/input_Upload Bukti Transfer_f'

2023-10-05 11:13:00 - [MESSAGE][PASSED] - File 'C:\Users\IRFAN\Downloads\Berkas2.pdf' sent to object: 'Object Repository/keranjang/konfirmasi/input_Upload Bukti Transfer_f'

2023-10-05 11:13:00 - [TEST_STEP][PASSED] - click(findTestObject("Konfirmasi pesanan shop/button_Konfirmasi Pembayaran")): Object: 'Object Repository/Konfirmasi pesanan shop/button_Konfirmasi Pembayaran' is clicked on

2023-10-05 11:13:02 - [MESSAGE][PASSED] - Object: 'Object Repository/Konfirmasi pesanan shop/button_Konfirmasi Pembayaran' is clicked on

2023-10-05 11:13:02 - [TEST_STEP][PASSED] - verifyElementPresent(findTestObject("Konfirmasi pesanan shop/Tittle Konfirmasi Pesanan"), 0): Object 'Object Repository/Konfirmasi pesanan shop/Tittle Konfirmasi Pesanan' is present

2023-10-05 11:13:02 - [MESSAGE][WARNING] - Timeout '0' is invalid. Using default page load timeout: '30'

2023-10-05 11:13:02 - [MESSAGE][PASSED] - Object 'Object Repository/Konfirmasi pesanan shop/Tittle Konfirmasi Pesanan' is present

2023-10-05 11:13:02 - [TEST_STEP][PASSED] - verifyElementPresent(findTestObject("Konfirmasi pesanan shop/Tittle massage succes Konfirmasi Pembayaran Pesanan"), 0): Object 'Object Repository/Konfirmasi pesanan shop/Tittle massage succes Konfirmasi Pembayaran Pesanan' is present

2023-10-05 11:13:02 - [MESSAGE][WARNING] - Timeout '0' is invalid. Using default page load timeout: '30'

2023-10-05 11:13:03 - [MESSAGE][PASSED] - Object 'Object Repository/Konfirmasi pesanan shop/Tittle massage succes Konfirmasi Pembayaran Pesanan' is present

2023-10-05 11:13:03 - [TEST_STEP][PASSED] - return data: null

2023-10-05 11:13:03 - [MESSAGE][PASSED] - Call Test Case 'Test Cases/T13 Pembelian, Shipment dan Pembayaran/PBY-004' successfully

2023-10-05 11:13:03 - [TEST_STEP][PASSED] - navigateToUrl("https://10.9.2.63/ecommerce/administrator/"): Navigate to 'https://10.9.2.63/ecommerce/administrator/' successfully

2023-10-05 11:13:03 - [MESSAGE][PASSED] - Navigate to 'https://10.9.2.63/ecommerce/administrator/' successfully

2023-10-05 11:13:03 - [TEST_STEP][PASSED] - verifyElementPresent(findTestObject("admin/Tittle ADMIN Login"), 0): Object 'Object Repository/admin/Tittle ADMIN Login' is present

2023-10-05 11:13:03 - [MESSAGE][WARNING] - Timeout '0' is invalid. Using default page load timeout: '30'

2023-10-05 11:13:04 - [MESSAGE][PASSED] - Object 'Object Repository/admin/Tittle ADMIN Login' is present

2023-10-05 11:13:04 - [TEST_STEP][PASSED] - setText(findTestObject("admin/Username"), "admin"): Text 'admin' is set on object 'Object Repository/admin/Username'

2023-10-05 11:13:04 - [MESSAGE][PASSED] - Text 'admin' is set on object 'Object Repository/admin/Username'

2023-10-05 11:13:04 - [TEST_STEP][PASSED] - setText(findTestObject("admin/Password"), "123admin123"): Text '123admin123' is set on object 'Object Repository/admin/Password'

2023-10-05 11:13:05 - [MESSAGE][PASSED] - Text '123admin123' is set on object 'Object Repository/admin/Password'

2023-10-05 11:13:05 - [TEST_STEP][PASSED] - click(findTestObject("admin/Remember Me")): Object: 'Object Repository/admin/Remember Me' is clicked on

2023-10-05 11:13:05 - [MESSAGE][PASSED] - Object: 'Object Repository/admin/Remember Me' is clicked on

2023-10-05 11:13:05 - [TEST_STEP][PASSED] - delay(10): Delayed 10 second(s)

2023-10-05 11:13:15 - [MESSAGE][PASSED] - Delayed 10 second(s)

2023-10-05 11:13:15 - [TEST_STEP][PASSED] - click(findTestObject("admin/buttom submit")): Object: 'Object Repository/admin/buttom submit' is clicked on

2023-10-05 11:13:17 - [MESSAGE][PASSED] - Object: 'Object Repository/admin/buttom submit' is clicked on

2023-10-05 11:13:17 - [TEST_STEP][PASSED] - verifyElementPresent(findTestObject("admin/Konf order konsumen/Tittle Dashboard"), 0): Object 'Object Repository/admin/Konf order konsumen/Tittle Dashboard' is present

2023-10-05 11:13:17 - [MESSAGE][WARNING] - Timeout '0' is invalid. Using default page load timeout: '30'

2023-10-05 11:13:18 - [MESSAGE][PASSED] - Object 'Object Repository/admin/Konf order konsumen/Tittle Dashboard' is present

2023-10-05 11:13:18 - [TEST_STEP][PASSED] - click(findTestObject("admin/Konf order konsumen/Menu Transaksi Market")): Object: 'Object Repository/admin/Konf order konsumen/Menu Transaksi Market' is clicked on

2023-10-05 11:13:18 - [MESSAGE][PASSED] - Object: 'Object Repository/admin/Konf order konsumen/Menu Transaksi Market' is clicked on

2023-10-05 11:13:18 - [TEST_STEP][PASSED] - click(findTestObject("admin/Konf order konsumen/Menu Konf. Order Konsumen")): Object: 'Object Repository/admin/Konf order konsumen/Menu Konf. Order Konsumen' is clicked on

2023-10-05 11:13:19 - [MESSAGE][PASSED] - Object: 'Object Repository/admin/Konf order konsumen/Menu Konf. Order Konsumen' is clicked on

2023-10-05 11:13:19 - [TEST_STEP][PASSED] - verifyElementPresent(findTestObject("admin/Konf order konsumen/Tittle Data Konfirmasi Pembayaran Konsumen"), 0): Object 'Object Repository/admin/Konf order konsumen/Tittle Data Konfirmasi Pembayaran Konsumen' is present

2023-10-05 11:13:19 - [MESSAGE][WARNING] - Timeout '0' is invalid. Using default page load timeout: '30'

2023-10-05 11:13:20 - [MESSAGE][PASSED] - Object 'Object Repository/admin/Konf order konsumen/Tittle Data Konfirmasi Pembayaran Konsumen' is present

2023-10-05 11:13:20 - [TEST_STEP][PASSED] - inv = data.get("invoice"): null

2023-10-05 11:13:20 - [TEST_STEP][PASSED] - setText(findTestObject("admin/Konf order konsumen/Search"), inv): Text 'TRX60.20231005111237' is set on object 'Object Repository/admin/Konf order konsumen/Search'

2023-10-05 11:13:21 - [MESSAGE][PASSED] - Text 'TRX60.20231005111237' is set on object 'Object Repository/admin/Konf order konsumen/Search'

2023-10-05 11:13:21 - [TEST_STEP][PASSED] - verifyElementText(findTestObject("admin/Konf order konsumen/Keterangan Lunas"), "Lunas"): Actual text and expected text of test object 'Object Repository/admin/Konf order konsumen/Keterangan Lunas' are matched.

2023-10-05 11:13:21 - [MESSAGE][PASSED] - Actual text and expected text of test object 'Object Repository/admin/Konf order konsumen/Keterangan Lunas' are matched.

2023-10-05 11:13:21 - [TEST_STEP][PASSED] - return data: null

2023-10-05 11:13:21 - [MESSAGE][PASSED] - Call Test Case 'Test Cases/T13 Pembelian, Shipment dan Pembayaran/PBYA-001' successfully

2023-10-05 11:13:21 - [TEST_STEP][PASSED] - click(findTestObject("admin/Penjualan ke konsumen/buttom Dashboard")): Object: 'Object Repository/admin/Penjualan ke konsumen/buttom Dashboard' is clicked on

2023-10-05 11:13:22 - [MESSAGE][PASSED] - Object: 'Object Repository/admin/Penjualan ke konsumen/buttom Dashboard' is clicked on

2023-10-05 11:13:22 - [TEST_STEP][PASSED] - click(findTestObject("admin/Konf order konsumen/Menu Transaksi Market")): Object: 'Object Repository/admin/Konf order konsumen/Menu Transaksi Market' is clicked on

2023-10-05 11:13:23 - [MESSAGE][PASSED] - Object: 'Object Repository/admin/Konf order konsumen/Menu Transaksi Market' is clicked on

2023-10-05 11:13:23 - [TEST_STEP][PASSED] - click(findTestObject("admin/Penjualan ke konsumen/a_Penjualan ke Konsumen")): Object: 'Object Repository/admin/Penjualan ke konsumen/a_Penjualan ke Konsumen' is clicked on

2023-10-05 11:13:26 - [MESSAGE][PASSED] - Object: 'Object Repository/admin/Penjualan ke konsumen/a_Penjualan ke Konsumen' is clicked on

2023-10-05 11:13:26 - [TEST_STEP][PASSED] - verifyElementPresent(findTestObject("admin/Tittle Data Transaksi Penjualan  Orderan Konsumen"), 0): Object 'Object Repository/admin/Tittle Data Transaksi Penjualan  Orderan Konsumen' is present

2023-10-05 11:13:26 - [MESSAGE][WARNING] - Timeout '0' is invalid. Using default page load timeout: '30'

2023-10-05 11:13:26 - [MESSAGE][PASSED] - Object 'Object Repository/admin/Tittle Data Transaksi Penjualan  Orderan Konsumen' is present

2023-10-05 11:13:26 - [TEST_STEP][PASSED] - return data: null

2023-10-05 11:13:26 - [MESSAGE][PASSED] - Call Test Case 'Test Cases/T13 Pembelian, Shipment dan Pembayaran/SA-001' successfully

2023-10-05 11:13:26 - [TEST_STEP][PASSED] - inv = data.get("invoice"): null

2023-10-05 11:13:26 - [TEST_STEP][PASSED] - setText(findTestObject("admin/Penjualan ke konsumen/Search"), inv): Text 'TRX60.20231005111237' is set on object 'Object Repository/admin/Penjualan ke konsumen/Search'

2023-10-05 11:13:27 - [MESSAGE][PASSED] - Text 'TRX60.20231005111237' is set on object 'Object Repository/admin/Penjualan ke konsumen/Search'

2023-10-05 11:13:27 - [TEST_STEP][PASSED] - click(findTestObject("admin/Penjualan ke konsumen/buttom konfirmasi pending payment")): Object: 'Object Repository/admin/Penjualan ke konsumen/buttom konfirmasi pending payment' is clicked on

2023-10-05 11:13:27 - [MESSAGE][PASSED] - Object: 'Object Repository/admin/Penjualan ke konsumen/buttom konfirmasi pending payment' is clicked on

2023-10-05 11:13:27 - [TEST_STEP][PASSED] - acceptAlert(STOP_ON_FAILURE): Alert accepted

2023-10-05 11:13:27 - [MESSAGE][PASSED] - Alert accepted

2023-10-05 11:13:27 - [TEST_STEP][PASSED] - setText(findTestObject("admin/Penjualan ke konsumen/Search"), inv): Text 'TRX60.20231005111237' is set on object 'Object Repository/admin/Penjualan ke konsumen/Search'

2023-10-05 11:13:37 - [MESSAGE][PASSED] - Text 'TRX60.20231005111237' is set on object 'Object Repository/admin/Penjualan ke konsumen/Search'

2023-10-05 11:13:37 - [TEST_STEP][PASSED] - verifyTextNotPresent("pending payment", false): Text 'pending payment' is not present on page

2023-10-05 11:13:37 - [MESSAGE][PASSED] - Text 'pending payment' is not present on page

2023-10-05 11:13:37 - [TEST_STEP][PASSED] - return data: null

2023-10-05 11:13:37 - [MESSAGE][PASSED] - Call Test Case 'Test Cases/T13 Pembelian, Shipment dan Pembayaran/SA-002' successfully

2023-10-05 11:13:37 - [TEST_STEP][PASSED] - click(findTestObject("admin/Penjualan ke konsumen/buttom scroldown")): Object: 'Object Repository/admin/Penjualan ke konsumen/buttom scroldown' is clicked on

2023-10-05 11:13:38 - [MESSAGE][PASSED] - Object: 'Object Repository/admin/Penjualan ke konsumen/buttom scroldown' is clicked on

2023-10-05 11:13:38 - [TEST_STEP][PASSED] - click(findTestObject("admin/Penjualan ke konsumen/Dikirim")): Object: 'Object Repository/admin/Penjualan ke konsumen/Dikirim' is clicked on

2023-10-05 11:13:38 - [MESSAGE][PASSED] - Object: 'Object Repository/admin/Penjualan ke konsumen/Dikirim' is clicked on

2023-10-05 11:13:38 - [TEST_STEP][PASSED] - acceptAlert(): Alert accepted

2023-10-05 11:13:38 - [MESSAGE][PASSED] - Alert accepted

2023-10-05 11:13:38 - [TEST_STEP][PASSED] - inv = data.get("invoice"): null

2023-10-05 11:13:38 - [TEST_STEP][PASSED] - setText(findTestObject("admin/Penjualan ke konsumen/Search"), inv): Text 'TRX60.20231005111237' is set on object 'Object Repository/admin/Penjualan ke konsumen/Search'

2023-10-05 11:13:47 - [MESSAGE][PASSED] - Text 'TRX60.20231005111237' is set on object 'Object Repository/admin/Penjualan ke konsumen/Search'

2023-10-05 11:13:47 - [TEST_STEP][PASSED] - delay(10): Delayed 10 second(s)

2023-10-05 11:13:57 - [MESSAGE][PASSED] - Delayed 10 second(s)

2023-10-05 11:13:57 - [TEST_STEP][PASSED] - verifyElementText(findTestObject("PROSES PENJUALAN/Dikirim"), "Dikirim"): Actual text and expected text of test object 'Object Repository/PROSES PENJUALAN/Dikirim' are matched.

2023-10-05 11:13:57 - [MESSAGE][PASSED] - Actual text and expected text of test object 'Object Repository/PROSES PENJUALAN/Dikirim' are matched.

2023-10-05 11:13:57 - [TEST_STEP][PASSED] - dikirim = getText(findTestObject("PROSES PENJUALAN/Dikirim")): Text of object 'Object Repository/PROSES PENJUALAN/Dikirim' is: 'Dikirim'

2023-10-05 11:13:57 - [MESSAGE][PASSED] - Text of object 'Object Repository/PROSES PENJUALAN/Dikirim' is: 'Dikirim'

2023-10-05 11:13:57 - [TEST_STEP][PASSED] - data.put("statuskirim", dikirim): null

2023-10-05 11:13:57 - [TEST_STEP][PASSED] - return data: null]]></system-out>
         <system-err><![CDATA[]]></system-err>
      </testcase>
      <testcase name="Test Cases/T13 Pembelian, Shipment dan Pembayaran/SA-005" time="92.409" classname="Test Cases/T13 Pembelian, Shipment dan Pembayaran/SA-005" status="FAILED">
         <failure type="FAILED" message="Test Cases/T13 Pembelian, Shipment dan Pembayaran/SA-005 FAILED.
Reason:
com.kms.katalon.core.exception.StepFailedException: Call Test Case 'Test Cases/T13 Pembelian, Shipment dan Pembayaran/SA-002' failed
	at com.kms.katalon.core.keyword.builtin.CallTestCaseKeyword$_callTestCase_closure1.doCall(CallTestCaseKeyword.groovy:63)
	at com.kms.katalon.core.keyword.builtin.CallTestCaseKeyword$_callTestCase_closure1.call(CallTestCaseKeyword.groovy)
	at com.kms.katalon.core.keyword.internal.KeywordMain.runKeyword(KeywordMain.groovy:75)
	at com.kms.katalon.core.keyword.builtin.CallTestCaseKeyword.callTestCase(CallTestCaseKeyword.groovy:81)
	at com.kms.katalon.core.keyword.builtin.CallTestCaseKeyword.execute(CallTestCaseKeyword.groovy:44)
	at com.kms.katalon.core.keyword.internal.KeywordExecutor.executeKeywordForPlatform(KeywordExecutor.groovy:74)
	at com.kms.katalon.core.keyword.BuiltinKeywords.callTestCase(BuiltinKeywords.groovy:310)
	at SA-005.run(SA-005:20)
	at com.kms.katalon.core.main.ScriptEngine.run(ScriptEngine.java:194)
	at com.kms.katalon.core.main.ScriptEngine.runScriptAsRawText(ScriptEngine.java:119)
	at com.kms.katalon.core.main.TestCaseExecutor.runScript(TestCaseExecutor.java:448)
	at com.kms.katalon.core.main.TestCaseExecutor.doExecute(TestCaseExecutor.java:439)
	at com.kms.katalon.core.main.TestCaseExecutor.processExecutionPhase(TestCaseExecutor.java:418)
	at com.kms.katalon.core.main.TestCaseExecutor.accessMainPhase(TestCaseExecutor.java:410)
	at com.kms.katalon.core.main.TestCaseExecutor.execute(TestCaseExecutor.java:285)
	at com.kms.katalon.core.common.CommonExecutor.accessTestCaseMainPhase(CommonExecutor.java:65)
	at com.kms.katalon.core.main.TestSuiteExecutor.accessTestSuiteMainPhase(TestSuiteExecutor.java:148)
	at com.kms.katalon.core.main.TestSuiteExecutor.execute(TestSuiteExecutor.java:106)
	at com.kms.katalon.core.main.TestCaseMain.startTestSuite(TestCaseMain.java:187)
	at com.kms.katalon.core.main.TestCaseMain$startTestSuite$0.call(Unknown Source)
	at TempTestSuite1696477503821.run(TempTestSuite1696477503821.groovy:36)
Caused by: com.kms.katalon.core.exception.StepFailedException: Unable to accept alert
	at com.kms.katalon.core.webui.keyword.internal.WebUIKeywordMain.stepFailed(WebUIKeywordMain.groovy:64)
	at com.kms.katalon.core.webui.keyword.internal.WebUIKeywordMain.runKeyword(WebUIKeywordMain.groovy:26)
	at com.kms.katalon.core.webui.keyword.builtin.AcceptAlertKeyword.acceptAlert(AcceptAlertKeyword.groovy:71)
	at com.kms.katalon.core.webui.keyword.builtin.AcceptAlertKeyword.execute(AcceptAlertKeyword.groovy:66)
	at com.kms.katalon.core.keyword.internal.KeywordExecutor.executeKeywordForPlatform(KeywordExecutor.groovy:74)
	at com.kms.katalon.core.webui.keyword.WebUiBuiltInKeywords.acceptAlert(WebUiBuiltInKeywords.groovy:1510)
	at com.kms.katalon.core.webui.keyword.WebUiBuiltInKeywords$acceptAlert$16.call(Unknown Source)
	at SA-002.run(SA-002:29)
	at com.kms.katalon.core.main.ScriptEngine.run(ScriptEngine.java:194)
	at com.kms.katalon.core.main.ScriptEngine.runScriptAsRawText(ScriptEngine.java:119)
	at com.kms.katalon.core.main.TestCaseExecutor.runScript(TestCaseExecutor.java:448)
	at com.kms.katalon.core.main.TestCaseExecutor.doExecute(TestCaseExecutor.java:439)
	at com.kms.katalon.core.main.TestCaseExecutor.processExecutionPhase(TestCaseExecutor.java:418)
	at com.kms.katalon.core.main.TestCaseExecutor.accessMainPhase(TestCaseExecutor.java:410)
	at com.kms.katalon.core.main.TestCaseExecutor.execute(TestCaseExecutor.java:285)
	at com.kms.katalon.core.main.TestCaseMain.runTestCase(TestCaseMain.java:144)
	at com.kms.katalon.core.keyword.builtin.CallTestCaseKeyword$_callTestCase_closure1.doCall(CallTestCaseKeyword.groovy:59)
	... 20 more
Caused by: org.openqa.selenium.NoAlertPresentException: no such alert
  (Session info: MicrosoftEdge=117.0.2045.43)
Build info: version: '3.141.59', revision: 'e82be7d358', time: '2018-11-14T08:25:53'
System info: host: 'DESKTOP-H62FVJ8', ip: '10.9.2.18', os.name: 'Windows 10', os.arch: 'amd64', os.version: '10.0', java.version: '1.8.0_362'
Driver info: com.kms.katalon.selenium.driver.CEdgeDriver
Capabilities {acceptInsecureCerts: true, browserName: msedge, browserVersion: 117.0.2045.43, fedcm:accounts: true, javascriptEnabled: true, ms:edgeOptions: {debuggerAddress: localhost:55317}, msedge: {msedgedriverVersion: 117.0.2045.47 (b75fe6866687..., userDataDir: C:\Users\IRFAN\AppData\Loca...}, networkConnectionEnabled: false, pageLoadStrategy: normal, platform: WINDOWS, platformName: WINDOWS, proxy: Proxy(), setWindowRect: true, strictFileInteractability: false, timeouts: {implicit: 0, pageLoad: 300000, script: 30000}, unhandledPromptBehavior: dismiss and notify, webauthn:extension:credBlob: true, webauthn:extension:largeBlob: true, webauthn:extension:minPinLength: true, webauthn:extension:prf: true, webauthn:virtualAuthenticators: true}
Session ID: f59cd8294d147d0ec79c2a4ef9791e5d
	at org.openqa.selenium.remote.http.W3CHttpResponseCodec.createException(W3CHttpResponseCodec.java:187)
	at org.openqa.selenium.remote.http.W3CHttpResponseCodec.decode(W3CHttpResponseCodec.java:122)
	at org.openqa.selenium.remote.http.W3CHttpResponseCodec.decode(W3CHttpResponseCodec.java:49)
	at org.openqa.selenium.remote.HttpCommandExecutor.execute(HttpCommandExecutor.java:158)
	at org.openqa.selenium.remote.service.DriverCommandExecutor.execute(DriverCommandExecutor.java:83)
	at org.openqa.selenium.remote.RemoteWebDriver.execute(RemoteWebDriver.java:552)
	at com.kms.katalon.selenium.driver.CEdgeDriver.execute(CEdgeDriver.java:20)
	at org.openqa.selenium.remote.RemoteWebDriver.execute(RemoteWebDriver.java:609)
	at org.openqa.selenium.remote.RemoteWebDriver$RemoteAlert.accept(RemoteWebDriver.java:947)
	at org.openqa.selenium.support.events.EventFiringWebDriver$EventFiringAlert.accept(EventFiringWebDriver.java:795)
	at com.kms.katalon.core.webui.keyword.builtin.AcceptAlertKeyword$_acceptAlert_closure1.doCall(AcceptAlertKeyword.groovy:75)
	at com.kms.katalon.core.webui.keyword.builtin.AcceptAlertKeyword$_acceptAlert_closure1.call(AcceptAlertKeyword.groovy)
	at com.kms.katalon.core.webui.keyword.internal.WebUIKeywordMain.runKeyword(WebUIKeywordMain.groovy:20)
	... 35 more
"/>
         <system-out><![CDATA[2023-10-05 11:13:57 - [TEST_CASE][FAILED] - Test Cases/T13 Pembelian, Shipment dan Pembayaran/SA-005: Test Cases/T13 Pembelian, Shipment dan Pembayaran/SA-005 FAILED.
Reason:
com.kms.katalon.core.exception.StepFailedException: Call Test Case 'Test Cases/T13 Pembelian, Shipment dan Pembayaran/SA-002' failed
	at com.kms.katalon.core.keyword.builtin.CallTestCaseKeyword$_callTestCase_closure1.doCall(CallTestCaseKeyword.groovy:63)
	at com.kms.katalon.core.keyword.builtin.CallTestCaseKeyword$_callTestCase_closure1.call(CallTestCaseKeyword.groovy)
	at com.kms.katalon.core.keyword.internal.KeywordMain.runKeyword(KeywordMain.groovy:75)
	at com.kms.katalon.core.keyword.builtin.CallTestCaseKeyword.callTestCase(CallTestCaseKeyword.groovy:81)
	at com.kms.katalon.core.keyword.builtin.CallTestCaseKeyword.execute(CallTestCaseKeyword.groovy:44)
	at com.kms.katalon.core.keyword.internal.KeywordExecutor.executeKeywordForPlatform(KeywordExecutor.groovy:74)
	at com.kms.katalon.core.keyword.BuiltinKeywords.callTestCase(BuiltinKeywords.groovy:310)
	at SA-005.run(SA-005:20)
	at com.kms.katalon.core.main.ScriptEngine.run(ScriptEngine.java:194)
	at com.kms.katalon.core.main.ScriptEngine.runScriptAsRawText(ScriptEngine.java:119)
	at com.kms.katalon.core.main.TestCaseExecutor.runScript(TestCaseExecutor.java:448)
	at com.kms.katalon.core.main.TestCaseExecutor.doExecute(TestCaseExecutor.java:439)
	at com.kms.katalon.core.main.TestCaseExecutor.processExecutionPhase(TestCaseExecutor.java:418)
	at com.kms.katalon.core.main.TestCaseExecutor.accessMainPhase(TestCaseExecutor.java:410)
	at com.kms.katalon.core.main.TestCaseExecutor.execute(TestCaseExecutor.java:285)
	at com.kms.katalon.core.common.CommonExecutor.accessTestCaseMainPhase(CommonExecutor.java:65)
	at com.kms.katalon.core.main.TestSuiteExecutor.accessTestSuiteMainPhase(TestSuiteExecutor.java:148)
	at com.kms.katalon.core.main.TestSuiteExecutor.execute(TestSuiteExecutor.java:106)
	at com.kms.katalon.core.main.TestCaseMain.startTestSuite(TestCaseMain.java:187)
	at com.kms.katalon.core.main.TestCaseMain$startTestSuite$0.call(Unknown Source)
	at TempTestSuite1696477503821.run(TempTestSuite1696477503821.groovy:36)
Caused by: com.kms.katalon.core.exception.StepFailedException: Unable to accept alert
	at com.kms.katalon.core.webui.keyword.internal.WebUIKeywordMain.stepFailed(WebUIKeywordMain.groovy:64)
	at com.kms.katalon.core.webui.keyword.internal.WebUIKeywordMain.runKeyword(WebUIKeywordMain.groovy:26)
	at com.kms.katalon.core.webui.keyword.builtin.AcceptAlertKeyword.acceptAlert(AcceptAlertKeyword.groovy:71)
	at com.kms.katalon.core.webui.keyword.builtin.AcceptAlertKeyword.execute(AcceptAlertKeyword.groovy:66)
	at com.kms.katalon.core.keyword.internal.KeywordExecutor.executeKeywordForPlatform(KeywordExecutor.groovy:74)
	at com.kms.katalon.core.webui.keyword.WebUiBuiltInKeywords.acceptAlert(WebUiBuiltInKeywords.groovy:1510)
	at com.kms.katalon.core.webui.keyword.WebUiBuiltInKeywords$acceptAlert$16.call(Unknown Source)
	at SA-002.run(SA-002:29)
	at com.kms.katalon.core.main.ScriptEngine.run(ScriptEngine.java:194)
	at com.kms.katalon.core.main.ScriptEngine.runScriptAsRawText(ScriptEngine.java:119)
	at com.kms.katalon.core.main.TestCaseExecutor.runScript(TestCaseExecutor.java:448)
	at com.kms.katalon.core.main.TestCaseExecutor.doExecute(TestCaseExecutor.java:439)
	at com.kms.katalon.core.main.TestCaseExecutor.processExecutionPhase(TestCaseExecutor.java:418)
	at com.kms.katalon.core.main.TestCaseExecutor.accessMainPhase(TestCaseExecutor.java:410)
	at com.kms.katalon.core.main.TestCaseExecutor.execute(TestCaseExecutor.java:285)
	at com.kms.katalon.core.main.TestCaseMain.runTestCase(TestCaseMain.java:144)
	at com.kms.katalon.core.keyword.builtin.CallTestCaseKeyword$_callTestCase_closure1.doCall(CallTestCaseKeyword.groovy:59)
	... 20 more
Caused by: org.openqa.selenium.NoAlertPresentException: no such alert
  (Session info: MicrosoftEdge=117.0.2045.43)
Build info: version: '3.141.59', revision: 'e82be7d358', time: '2018-11-14T08:25:53'
System info: host: 'DESKTOP-H62FVJ8', ip: '10.9.2.18', os.name: 'Windows 10', os.arch: 'amd64', os.version: '10.0', java.version: '1.8.0_362'
Driver info: com.kms.katalon.selenium.driver.CEdgeDriver
Capabilities {acceptInsecureCerts: true, browserName: msedge, browserVersion: 117.0.2045.43, fedcm:accounts: true, javascriptEnabled: true, ms:edgeOptions: {debuggerAddress: localhost:55317}, msedge: {msedgedriverVersion: 117.0.2045.47 (b75fe6866687..., userDataDir: C:\Users\IRFAN\AppData\Loca...}, networkConnectionEnabled: false, pageLoadStrategy: normal, platform: WINDOWS, platformName: WINDOWS, proxy: Proxy(), setWindowRect: true, strictFileInteractability: false, timeouts: {implicit: 0, pageLoad: 300000, script: 30000}, unhandledPromptBehavior: dismiss and notify, webauthn:extension:credBlob: true, webauthn:extension:largeBlob: true, webauthn:extension:minPinLength: true, webauthn:extension:prf: true, webauthn:virtualAuthenticators: true}
Session ID: f59cd8294d147d0ec79c2a4ef9791e5d
	at org.openqa.selenium.remote.http.W3CHttpResponseCodec.createException(W3CHttpResponseCodec.java:187)
	at org.openqa.selenium.remote.http.W3CHttpResponseCodec.decode(W3CHttpResponseCodec.java:122)
	at org.openqa.selenium.remote.http.W3CHttpResponseCodec.decode(W3CHttpResponseCodec.java:49)
	at org.openqa.selenium.remote.HttpCommandExecutor.execute(HttpCommandExecutor.java:158)
	at org.openqa.selenium.remote.service.DriverCommandExecutor.execute(DriverCommandExecutor.java:83)
	at org.openqa.selenium.remote.RemoteWebDriver.execute(RemoteWebDriver.java:552)
	at com.kms.katalon.selenium.driver.CEdgeDriver.execute(CEdgeDriver.java:20)
	at org.openqa.selenium.remote.RemoteWebDriver.execute(RemoteWebDriver.java:609)
	at org.openqa.selenium.remote.RemoteWebDriver$RemoteAlert.accept(RemoteWebDriver.java:947)
	at org.openqa.selenium.support.events.EventFiringWebDriver$EventFiringAlert.accept(EventFiringWebDriver.java:795)
	at com.kms.katalon.core.webui.keyword.builtin.AcceptAlertKeyword$_acceptAlert_closure1.doCall(AcceptAlertKeyword.groovy:75)
	at com.kms.katalon.core.webui.keyword.builtin.AcceptAlertKeyword$_acceptAlert_closure1.call(AcceptAlertKeyword.groovy)
	at com.kms.katalon.core.webui.keyword.internal.WebUIKeywordMain.runKeyword(WebUIKeywordMain.groovy:20)
	... 35 more


2023-10-05 11:13:58 - [TEST_STEP][FAILED] - data = callTestCase(findTestCase("T13 Pembelian, Shipment dan Pembayaran/SA-002"), [:], STOP_ON_FAILURE): Unable to call Test Case 'Test Cases/T13 Pembelian, Shipment dan Pembayaran/SA-002' (Root cause: com.kms.katalon.core.exception.StepFailedException: Call Test Case 'Test Cases/T13 Pembelian, Shipment dan Pembayaran/SA-002' failed
	at com.kms.katalon.core.keyword.builtin.CallTestCaseKeyword$_callTestCase_closure1.doCall(CallTestCaseKeyword.groovy:63)
	at com.kms.katalon.core.keyword.builtin.CallTestCaseKeyword$_callTestCase_closure1.call(CallTestCaseKeyword.groovy)
	at com.kms.katalon.core.keyword.internal.KeywordMain.runKeyword(KeywordMain.groovy:75)
	at com.kms.katalon.core.keyword.builtin.CallTestCaseKeyword.callTestCase(CallTestCaseKeyword.groovy:81)
	at com.kms.katalon.core.keyword.builtin.CallTestCaseKeyword.execute(CallTestCaseKeyword.groovy:44)
	at com.kms.katalon.core.keyword.internal.KeywordExecutor.executeKeywordForPlatform(KeywordExecutor.groovy:74)
	at com.kms.katalon.core.keyword.BuiltinKeywords.callTestCase(BuiltinKeywords.groovy:310)
	at SA-005.run(SA-005:20)
	at com.kms.katalon.core.main.ScriptEngine.run(ScriptEngine.java:194)
	at com.kms.katalon.core.main.ScriptEngine.runScriptAsRawText(ScriptEngine.java:119)
	at com.kms.katalon.core.main.TestCaseExecutor.runScript(TestCaseExecutor.java:448)
	at com.kms.katalon.core.main.TestCaseExecutor.doExecute(TestCaseExecutor.java:439)
	at com.kms.katalon.core.main.TestCaseExecutor.processExecutionPhase(TestCaseExecutor.java:418)
	at com.kms.katalon.core.main.TestCaseExecutor.accessMainPhase(TestCaseExecutor.java:410)
	at com.kms.katalon.core.main.TestCaseExecutor.execute(TestCaseExecutor.java:285)
	at com.kms.katalon.core.common.CommonExecutor.accessTestCaseMainPhase(CommonExecutor.java:65)
	at com.kms.katalon.core.main.TestSuiteExecutor.accessTestSuiteMainPhase(TestSuiteExecutor.java:148)
	at com.kms.katalon.core.main.TestSuiteExecutor.execute(TestSuiteExecutor.java:106)
	at com.kms.katalon.core.main.TestCaseMain.startTestSuite(TestCaseMain.java:187)
	at com.kms.katalon.core.main.TestCaseMain$startTestSuite$0.call(Unknown Source)
	at TempTestSuite1696477503821.run(TempTestSuite1696477503821.groovy:36)
Caused by: com.kms.katalon.core.exception.StepFailedException: Unable to accept alert
	at com.kms.katalon.core.webui.keyword.internal.WebUIKeywordMain.stepFailed(WebUIKeywordMain.groovy:64)
	at com.kms.katalon.core.webui.keyword.internal.WebUIKeywordMain.runKeyword(WebUIKeywordMain.groovy:26)
	at com.kms.katalon.core.webui.keyword.builtin.AcceptAlertKeyword.acceptAlert(AcceptAlertKeyword.groovy:71)
	at com.kms.katalon.core.webui.keyword.builtin.AcceptAlertKeyword.execute(AcceptAlertKeyword.groovy:66)
	at com.kms.katalon.core.keyword.internal.KeywordExecutor.executeKeywordForPlatform(KeywordExecutor.groovy:74)
	at com.kms.katalon.core.webui.keyword.WebUiBuiltInKeywords.acceptAlert(WebUiBuiltInKeywords.groovy:1510)
	at com.kms.katalon.core.webui.keyword.WebUiBuiltInKeywords$acceptAlert$16.call(Unknown Source)
	at SA-002.run(SA-002:29)
	at com.kms.katalon.core.main.ScriptEngine.run(ScriptEngine.java:194)
	at com.kms.katalon.core.main.ScriptEngine.runScriptAsRawText(ScriptEngine.java:119)
	at com.kms.katalon.core.main.TestCaseExecutor.runScript(TestCaseExecutor.java:448)
	at com.kms.katalon.core.main.TestCaseExecutor.doExecute(TestCaseExecutor.java:439)
	at com.kms.katalon.core.main.TestCaseExecutor.processExecutionPhase(TestCaseExecutor.java:418)
	at com.kms.katalon.core.main.TestCaseExecutor.accessMainPhase(TestCaseExecutor.java:410)
	at com.kms.katalon.core.main.TestCaseExecutor.execute(TestCaseExecutor.java:285)
	at com.kms.katalon.core.main.TestCaseMain.runTestCase(TestCaseMain.java:144)
	at com.kms.katalon.core.keyword.builtin.CallTestCaseKeyword$_callTestCase_closure1.doCall(CallTestCaseKeyword.groovy:59)
	... 20 more
Caused by: org.openqa.selenium.NoAlertPresentException: no such alert
  (Session info: MicrosoftEdge=117.0.2045.43)
Build info: version: '3.141.59', revision: 'e82be7d358', time: '2018-11-14T08:25:53'
System info: host: 'DESKTOP-H62FVJ8', ip: '10.9.2.18', os.name: 'Windows 10', os.arch: 'amd64', os.version: '10.0', java.version: '1.8.0_362'
Driver info: com.kms.katalon.selenium.driver.CEdgeDriver
Capabilities {acceptInsecureCerts: true, browserName: msedge, browserVersion: 117.0.2045.43, fedcm:accounts: true, javascriptEnabled: true, ms:edgeOptions: {debuggerAddress: localhost:55317}, msedge: {msedgedriverVersion: 117.0.2045.47 (b75fe6866687..., userDataDir: C:\Users\IRFAN\AppData\Loca...}, networkConnectionEnabled: false, pageLoadStrategy: normal, platform: WINDOWS, platformName: WINDOWS, proxy: Proxy(), setWindowRect: true, strictFileInteractability: false, timeouts: {implicit: 0, pageLoad: 300000, script: 30000}, unhandledPromptBehavior: dismiss and notify, webauthn:extension:credBlob: true, webauthn:extension:largeBlob: true, webauthn:extension:minPinLength: true, webauthn:extension:prf: true, webauthn:virtualAuthenticators: true}
Session ID: f59cd8294d147d0ec79c2a4ef9791e5d
	at org.openqa.selenium.remote.http.W3CHttpResponseCodec.createException(W3CHttpResponseCodec.java:187)
	at org.openqa.selenium.remote.http.W3CHttpResponseCodec.decode(W3CHttpResponseCodec.java:122)
	at org.openqa.selenium.remote.http.W3CHttpResponseCodec.decode(W3CHttpResponseCodec.java:49)
	at org.openqa.selenium.remote.HttpCommandExecutor.execute(HttpCommandExecutor.java:158)
	at org.openqa.selenium.remote.service.DriverCommandExecutor.execute(DriverCommandExecutor.java:83)
	at org.openqa.selenium.remote.RemoteWebDriver.execute(RemoteWebDriver.java:552)
	at com.kms.katalon.selenium.driver.CEdgeDriver.execute(CEdgeDriver.java:20)
	at org.openqa.selenium.remote.RemoteWebDriver.execute(RemoteWebDriver.java:609)
	at org.openqa.selenium.remote.RemoteWebDriver$RemoteAlert.accept(RemoteWebDriver.java:947)
	at org.openqa.selenium.support.events.EventFiringWebDriver$EventFiringAlert.accept(EventFiringWebDriver.java:795)
	at com.kms.katalon.core.webui.keyword.builtin.AcceptAlertKeyword$_acceptAlert_closure1.doCall(AcceptAlertKeyword.groovy:75)
	at com.kms.katalon.core.webui.keyword.builtin.AcceptAlertKeyword$_acceptAlert_closure1.call(AcceptAlertKeyword.groovy)
	at com.kms.katalon.core.webui.keyword.internal.WebUIKeywordMain.runKeyword(WebUIKeywordMain.groovy:20)
	... 35 more
)

2023-10-05 11:13:58 - [TEST_CASE][FAILED] - Test Cases/T13 Pembelian, Shipment dan Pembayaran/SA-002: Test Cases/T13 Pembelian, Shipment dan Pembayaran/SA-002 FAILED.
Reason:
com.kms.katalon.core.exception.StepFailedException: Unable to accept alert
	at com.kms.katalon.core.webui.keyword.internal.WebUIKeywordMain.stepFailed(WebUIKeywordMain.groovy:64)
	at com.kms.katalon.core.webui.keyword.internal.WebUIKeywordMain.runKeyword(WebUIKeywordMain.groovy:26)
	at com.kms.katalon.core.webui.keyword.builtin.AcceptAlertKeyword.acceptAlert(AcceptAlertKeyword.groovy:71)
	at com.kms.katalon.core.webui.keyword.builtin.AcceptAlertKeyword.execute(AcceptAlertKeyword.groovy:66)
	at com.kms.katalon.core.keyword.internal.KeywordExecutor.executeKeywordForPlatform(KeywordExecutor.groovy:74)
	at com.kms.katalon.core.webui.keyword.WebUiBuiltInKeywords.acceptAlert(WebUiBuiltInKeywords.groovy:1510)
	at com.kms.katalon.core.webui.keyword.WebUiBuiltInKeywords$acceptAlert$16.call(Unknown Source)
	at SA-002.run(SA-002:29)
	at com.kms.katalon.core.main.ScriptEngine.run(ScriptEngine.java:194)
	at com.kms.katalon.core.main.ScriptEngine.runScriptAsRawText(ScriptEngine.java:119)
	at com.kms.katalon.core.main.TestCaseExecutor.runScript(TestCaseExecutor.java:448)
	at com.kms.katalon.core.main.TestCaseExecutor.doExecute(TestCaseExecutor.java:439)
	at com.kms.katalon.core.main.TestCaseExecutor.processExecutionPhase(TestCaseExecutor.java:418)
	at com.kms.katalon.core.main.TestCaseExecutor.accessMainPhase(TestCaseExecutor.java:410)
	at com.kms.katalon.core.main.TestCaseExecutor.execute(TestCaseExecutor.java:285)
	at com.kms.katalon.core.main.TestCaseMain.runTestCase(TestCaseMain.java:144)
	at com.kms.katalon.core.keyword.builtin.CallTestCaseKeyword$_callTestCase_closure1.doCall(CallTestCaseKeyword.groovy:59)
	at com.kms.katalon.core.keyword.builtin.CallTestCaseKeyword$_callTestCase_closure1.call(CallTestCaseKeyword.groovy)
	at com.kms.katalon.core.keyword.internal.KeywordMain.runKeyword(KeywordMain.groovy:75)
	at com.kms.katalon.core.keyword.builtin.CallTestCaseKeyword.callTestCase(CallTestCaseKeyword.groovy:81)
	at com.kms.katalon.core.keyword.builtin.CallTestCaseKeyword.execute(CallTestCaseKeyword.groovy:44)
	at com.kms.katalon.core.keyword.internal.KeywordExecutor.executeKeywordForPlatform(KeywordExecutor.groovy:74)
	at com.kms.katalon.core.keyword.BuiltinKeywords.callTestCase(BuiltinKeywords.groovy:310)
	at SA-005.run(SA-005:20)
	at com.kms.katalon.core.main.ScriptEngine.run(ScriptEngine.java:194)
	at com.kms.katalon.core.main.ScriptEngine.runScriptAsRawText(ScriptEngine.java:119)
	at com.kms.katalon.core.main.TestCaseExecutor.runScript(TestCaseExecutor.java:448)
	at com.kms.katalon.core.main.TestCaseExecutor.doExecute(TestCaseExecutor.java:439)
	at com.kms.katalon.core.main.TestCaseExecutor.processExecutionPhase(TestCaseExecutor.java:418)
	at com.kms.katalon.core.main.TestCaseExecutor.accessMainPhase(TestCaseExecutor.java:410)
	at com.kms.katalon.core.main.TestCaseExecutor.execute(TestCaseExecutor.java:285)
	at com.kms.katalon.core.common.CommonExecutor.accessTestCaseMainPhase(CommonExecutor.java:65)
	at com.kms.katalon.core.main.TestSuiteExecutor.accessTestSuiteMainPhase(TestSuiteExecutor.java:148)
	at com.kms.katalon.core.main.TestSuiteExecutor.execute(TestSuiteExecutor.java:106)
	at com.kms.katalon.core.main.TestCaseMain.startTestSuite(TestCaseMain.java:187)
	at com.kms.katalon.core.main.TestCaseMain$startTestSuite$0.call(Unknown Source)
	at TempTestSuite1696477503821.run(TempTestSuite1696477503821.groovy:36)
Caused by: org.openqa.selenium.NoAlertPresentException: no such alert
  (Session info: MicrosoftEdge=117.0.2045.43)
Build info: version: '3.141.59', revision: 'e82be7d358', time: '2018-11-14T08:25:53'
System info: host: 'DESKTOP-H62FVJ8', ip: '10.9.2.18', os.name: 'Windows 10', os.arch: 'amd64', os.version: '10.0', java.version: '1.8.0_362'
Driver info: com.kms.katalon.selenium.driver.CEdgeDriver
Capabilities {acceptInsecureCerts: true, browserName: msedge, browserVersion: 117.0.2045.43, fedcm:accounts: true, javascriptEnabled: true, ms:edgeOptions: {debuggerAddress: localhost:55317}, msedge: {msedgedriverVersion: 117.0.2045.47 (b75fe6866687..., userDataDir: C:\Users\IRFAN\AppData\Loca...}, networkConnectionEnabled: false, pageLoadStrategy: normal, platform: WINDOWS, platformName: WINDOWS, proxy: Proxy(), setWindowRect: true, strictFileInteractability: false, timeouts: {implicit: 0, pageLoad: 300000, script: 30000}, unhandledPromptBehavior: dismiss and notify, webauthn:extension:credBlob: true, webauthn:extension:largeBlob: true, webauthn:extension:minPinLength: true, webauthn:extension:prf: true, webauthn:virtualAuthenticators: true}
Session ID: f59cd8294d147d0ec79c2a4ef9791e5d
	at org.openqa.selenium.remote.http.W3CHttpResponseCodec.createException(W3CHttpResponseCodec.java:187)
	at org.openqa.selenium.remote.http.W3CHttpResponseCodec.decode(W3CHttpResponseCodec.java:122)
	at org.openqa.selenium.remote.http.W3CHttpResponseCodec.decode(W3CHttpResponseCodec.java:49)
	at org.openqa.selenium.remote.HttpCommandExecutor.execute(HttpCommandExecutor.java:158)
	at org.openqa.selenium.remote.service.DriverCommandExecutor.execute(DriverCommandExecutor.java:83)
	at org.openqa.selenium.remote.RemoteWebDriver.execute(RemoteWebDriver.java:552)
	at com.kms.katalon.selenium.driver.CEdgeDriver.execute(CEdgeDriver.java:20)
	at org.openqa.selenium.remote.RemoteWebDriver.execute(RemoteWebDriver.java:609)
	at org.openqa.selenium.remote.RemoteWebDriver$RemoteAlert.accept(RemoteWebDriver.java:947)
	at org.openqa.selenium.support.events.EventFiringWebDriver$EventFiringAlert.accept(EventFiringWebDriver.java:795)
	at com.kms.katalon.core.webui.keyword.builtin.AcceptAlertKeyword$_acceptAlert_closure1.doCall(AcceptAlertKeyword.groovy:75)
	at com.kms.katalon.core.webui.keyword.builtin.AcceptAlertKeyword$_acceptAlert_closure1.call(AcceptAlertKeyword.groovy)
	at com.kms.katalon.core.webui.keyword.internal.WebUIKeywordMain.runKeyword(WebUIKeywordMain.groovy:20)
	... 35 more


2023-10-05 11:13:58 - [TEST_STEP][PASSED] - data = callTestCase(findTestCase("T13 Pembelian, Shipment dan Pembayaran/SA-001"), [:], STOP_ON_FAILURE): Call Test Case 'Test Cases/T13 Pembelian, Shipment dan Pembayaran/SA-001' successfully

2023-10-05 11:13:58 - [TEST_CASE][PASSED] - Test Cases/T13 Pembelian, Shipment dan Pembayaran/SA-001: Test Cases/T13 Pembelian, Shipment dan Pembayaran/SA-001

2023-10-05 11:13:58 - [TEST_STEP][PASSED] - data = callTestCase(findTestCase("T13 Pembelian, Shipment dan Pembayaran/PBYA-001"), [:], STOP_ON_FAILURE): Call Test Case 'Test Cases/T13 Pembelian, Shipment dan Pembayaran/PBYA-001' successfully

2023-10-05 11:13:58 - [TEST_CASE][PASSED] - Test Cases/T13 Pembelian, Shipment dan Pembayaran/PBYA-001: Test Cases/T13 Pembelian, Shipment dan Pembayaran/PBYA-001

2023-10-05 11:13:58 - [TEST_STEP][PASSED] - data = callTestCase(findTestCase("T13 Pembelian, Shipment dan Pembayaran/PBY-004"), [:], STOP_ON_FAILURE): Call Test Case 'Test Cases/T13 Pembelian, Shipment dan Pembayaran/PBY-004' successfully

2023-10-05 11:13:58 - [TEST_CASE][PASSED] - Test Cases/T13 Pembelian, Shipment dan Pembayaran/PBY-004: Test Cases/T13 Pembelian, Shipment dan Pembayaran/PBY-004

2023-10-05 11:13:58 - [TEST_STEP][PASSED] - data = callTestCase(findTestCase("T13 Pembelian, Shipment dan Pembayaran/PBY-001"), [:], STOP_ON_FAILURE): Call Test Case 'Test Cases/T13 Pembelian, Shipment dan Pembayaran/PBY-001' successfully

2023-10-05 11:13:58 - [TEST_CASE][PASSED] - Test Cases/T13 Pembelian, Shipment dan Pembayaran/PBY-001: Test Cases/T13 Pembelian, Shipment dan Pembayaran/PBY-001

2023-10-05 11:13:58 - [TEST_STEP][PASSED] - data = callTestCase(findTestCase("T13 Pembelian, Shipment dan Pembayaran/PBL-004"), ["Kurir":"Roda 2"], STOP_ON_FAILURE): Call Test Case 'Test Cases/T13 Pembelian, Shipment dan Pembayaran/PBL-004' successfully

2023-10-05 11:13:58 - [TEST_CASE][PASSED] - Test Cases/T13 Pembelian, Shipment dan Pembayaran/PBL-004: Test Cases/T13 Pembelian, Shipment dan Pembayaran/PBL-004

2023-10-05 11:13:58 - [TEST_STEP][PASSED] - data = callTestCase(findTestCase("T13 Pembelian, Shipment dan Pembayaran/PBL-002"), [:], STOP_ON_FAILURE): Call Test Case 'Test Cases/T13 Pembelian, Shipment dan Pembayaran/PBL-002' successfully

2023-10-05 11:13:58 - [TEST_CASE][PASSED] - Test Cases/T13 Pembelian, Shipment dan Pembayaran/PBL-002: Test Cases/T13 Pembelian, Shipment dan Pembayaran/PBL-002

2023-10-05 11:13:58 - [TEST_STEP][PASSED] - data = callTestCase(findTestCase("T13 Pembelian, Shipment dan Pembayaran/PBL-001"), [:], STOP_ON_FAILURE): Call Test Case 'Test Cases/T13 Pembelian, Shipment dan Pembayaran/PBL-001' successfully

2023-10-05 11:13:58 - [TEST_CASE][PASSED] - Test Cases/T13 Pembelian, Shipment dan Pembayaran/PBL-001: Test Cases/T13 Pembelian, Shipment dan Pembayaran/PBL-001

2023-10-05 11:13:58 - [TEST_STEP][PASSED] - callTestCase(findTestCase("T13 Pembelian, Shipment dan Pembayaran/LU-001"), ["username":"irfanafandi", "password":"12345irfan"], STOP_ON_FAILURE): Call Test Case 'Test Cases/T13 Pembelian, Shipment dan Pembayaran/LU-001' successfully

2023-10-05 11:13:58 - [TEST_CASE][PASSED] - Test Cases/T13 Pembelian, Shipment dan Pembayaran/LU-001: Test Cases/T13 Pembelian, Shipment dan Pembayaran/LU-001

2023-10-05 11:13:58 - [TEST_STEP][PASSED] - openBrowser("https://10.9.2.63/ecommerce/"): Browser is opened with url: 'https://10.9.2.63/ecommerce/'

2023-10-05 11:13:58 - [MESSAGE][WARNING] - A browser is already opened. Closing browser and opening a new one

2023-10-05 11:13:59 - [MESSAGE][INFO] - Starting 'Edge Chromium' driver

2023-10-05 11:13:59 - [MESSAGE][INFO] - User set preference: ['acceptInsecureCerts', 'true']

2023-10-05 11:14:01 - [MESSAGE][INFO] - Action delay is set to 0 milliseconds

2023-10-05 11:14:05 - [MESSAGE][PASSED] - Browser is opened with url: 'https://10.9.2.63/ecommerce/'

2023-10-05 11:14:05 - [TEST_STEP][PASSED] - maximizeWindow(): Current window maximized

2023-10-05 11:14:05 - [MESSAGE][PASSED] - Current window maximized

2023-10-05 11:14:05 - [TEST_STEP][PASSED] - verifyElementPresent(findTestObject("Login/Home"), 0): Object 'Object Repository/Login/Home' is present

2023-10-05 11:14:05 - [MESSAGE][WARNING] - Timeout '0' is invalid. Using default page load timeout: '30'

2023-10-05 11:14:06 - [MESSAGE][PASSED] - Object 'Object Repository/Login/Home' is present

2023-10-05 11:14:06 - [TEST_STEP][PASSED] - click(findTestObject("Login/a_Login")): Object: 'Object Repository/Login/a_Login' is clicked on

2023-10-05 11:14:06 - [MESSAGE][PASSED] - Object: 'Object Repository/Login/a_Login' is clicked on

2023-10-05 11:14:06 - [TEST_STEP][PASSED] - verifyElementPresent(findTestObject("Login/Tittle Login"), 0): Object 'Object Repository/Login/Tittle Login' is present

2023-10-05 11:14:07 - [MESSAGE][WARNING] - Timeout '0' is invalid. Using default page load timeout: '30'

2023-10-05 11:14:07 - [MESSAGE][PASSED] - Object 'Object Repository/Login/Tittle Login' is present

2023-10-05 11:14:07 - [TEST_STEP][PASSED] - setText(findTestObject("Login/input_Username, Email atau No. Handphone_a"), username): Text 'irfanafandi' is set on object 'Object Repository/Login/input_Username, Email atau No. Handphone_a'

2023-10-05 11:14:08 - [MESSAGE][PASSED] - Text 'irfanafandi' is set on object 'Object Repository/Login/input_Username, Email atau No. Handphone_a'

2023-10-05 11:14:08 - [TEST_STEP][PASSED] - setText(findTestObject("Login/input_Password_b"), password): Text '12345irfan' is set on object 'Object Repository/Login/input_Password_b'

2023-10-05 11:14:09 - [MESSAGE][PASSED] - Text '12345irfan' is set on object 'Object Repository/Login/input_Password_b'

2023-10-05 11:14:09 - [TEST_STEP][PASSED] - click(findTestObject("Login/label_Ingat saya")): Object: 'Object Repository/Login/label_Ingat saya' is clicked on

2023-10-05 11:14:09 - [MESSAGE][PASSED] - Object: 'Object Repository/Login/label_Ingat saya' is clicked on

2023-10-05 11:14:09 - [TEST_STEP][PASSED] - click(findTestObject("Login/button_Masuk")): Object: 'Object Repository/Login/button_Masuk' is clicked on

2023-10-05 11:14:11 - [MESSAGE][PASSED] - Object: 'Object Repository/Login/button_Masuk' is clicked on

2023-10-05 11:14:11 - [TEST_STEP][PASSED] - verifyElementPresent(findTestObject("Login/li_Profile"), 0): Object 'Object Repository/Login/li_Profile' is present

2023-10-05 11:14:11 - [MESSAGE][WARNING] - Timeout '0' is invalid. Using default page load timeout: '30'

2023-10-05 11:14:12 - [MESSAGE][PASSED] - Object 'Object Repository/Login/li_Profile' is present

2023-10-05 11:14:12 - [MESSAGE][PASSED] - Call Test Case 'Test Cases/T13 Pembelian, Shipment dan Pembayaran/LU-001' successfully

2023-10-05 11:14:12 - [TEST_STEP][PASSED] - mouseOver(findTestObject("beli barang/i_Mulai Belanja_icon-menu")): Object: 'Object Repository/beli barang/i_Mulai Belanja_icon-menu' is hovered

2023-10-05 11:14:12 - [MESSAGE][PASSED] - Object: 'Object Repository/beli barang/i_Mulai Belanja_icon-menu' is hovered

2023-10-05 11:14:12 - [TEST_STEP][PASSED] - click(findTestObject("beli barang/a_Fashion  Busana Wanita")): Object: 'Object Repository/beli barang/a_Fashion  Busana Wanita' is clicked on

2023-10-05 11:14:14 - [MESSAGE][PASSED] - Object: 'Object Repository/beli barang/a_Fashion  Busana Wanita' is clicked on

2023-10-05 11:14:14 - [TEST_STEP][PASSED] - NamaSebelum = getText(findTestObject("verifikasi/Nama sebelum")): Text of object 'Object Repository/verifikasi/Nama sebelum' is: ''

2023-10-05 11:14:14 - [MESSAGE][PASSED] - Text of object 'Object Repository/verifikasi/Nama sebelum' is: ''

2023-10-05 11:14:14 - [TEST_STEP][PASSED] - HargaSebelum = getText(findTestObject("verifikasi/Harga sebelum")): Text of object 'Object Repository/verifikasi/Harga sebelum' is: 'Rp 1,299'

2023-10-05 11:14:15 - [MESSAGE][PASSED] - Text of object 'Object Repository/verifikasi/Harga sebelum' is: 'Rp 1,299'

2023-10-05 11:14:15 - [TEST_STEP][PASSED] - mouseOver(findTestObject("beli barang/barang mouse over")): Object: 'Object Repository/beli barang/barang mouse over' is hovered

2023-10-05 11:14:16 - [MESSAGE][PASSED] - Object: 'Object Repository/beli barang/barang mouse over' is hovered

2023-10-05 11:14:16 - [TEST_STEP][PASSED] - click(findTestObject("beli barang/buttom add to cart")): Object: 'Object Repository/beli barang/buttom add to cart' is clicked on

2023-10-05 11:14:18 - [MESSAGE][PASSED] - Object: 'Object Repository/beli barang/buttom add to cart' is clicked on

2023-10-05 11:14:18 - [TEST_STEP][PASSED] - NamaSesudah = getText(findTestObject("verifikasi/Nama sesudah")): Text of object 'Object Repository/verifikasi/Nama sesudah' is: 'Segitiga Instan Madeira - MDB5.3 Sunset'

2023-10-05 11:14:19 - [MESSAGE][PASSED] - Text of object 'Object Repository/verifikasi/Nama sesudah' is: 'Segitiga Instan Madeira - MDB5.3 Sunset'

2023-10-05 11:14:19 - [TEST_STEP][PASSED] - HargaSesudah = getText(findTestObject("verifikasi/Harga sesudah")): Text of object 'Object Repository/verifikasi/Harga sesudah' is: 'Rp 1,299'

2023-10-05 11:14:20 - [MESSAGE][PASSED] - Text of object 'Object Repository/verifikasi/Harga sesudah' is: 'Rp 1,299'

2023-10-05 11:14:20 - [TEST_STEP][PASSED] - assert NamaSesudah.contains(NamaSebelum): null

2023-10-05 11:14:20 - [TEST_STEP][PASSED] - assert HargaSesudah.contains(HargaSebelum): null

2023-10-05 11:14:20 - [TEST_STEP][PASSED] - click(findTestObject("beli barang/Tambah Keranjang busana wanita")): Object: 'Object Repository/beli barang/Tambah Keranjang busana wanita' is clicked on

2023-10-05 11:14:20 - [MESSAGE][PASSED] - Object: 'Object Repository/beli barang/Tambah Keranjang busana wanita' is clicked on

2023-10-05 11:14:20 - [TEST_STEP][PASSED] - verifyElementPresent(findTestObject("checkout/Notifikasi keranjang"), 1): Object 'Object Repository/checkout/Notifikasi keranjang' is present

2023-10-05 11:14:21 - [MESSAGE][PASSED] - Object 'Object Repository/checkout/Notifikasi keranjang' is present

2023-10-05 11:14:21 - [TEST_STEP][PASSED] - data = new java.util.HashMap(): null

2023-10-05 11:14:21 - [TEST_STEP][PASSED] - data.put("nama_barang", NamaSesudah): null

2023-10-05 11:14:21 - [TEST_STEP][PASSED] - data.put("price_barang", HargaSesudah): null

2023-10-05 11:14:21 - [TEST_STEP][PASSED] - return data: null

2023-10-05 11:14:21 - [MESSAGE][PASSED] - Call Test Case 'Test Cases/T13 Pembelian, Shipment dan Pembayaran/PBL-001' successfully

2023-10-05 11:14:21 - [TEST_STEP][PASSED] - mouseOver(findTestObject("beli barang/keranjang")): Object: 'Object Repository/beli barang/keranjang' is hovered

2023-10-05 11:14:22 - [MESSAGE][PASSED] - Object: 'Object Repository/beli barang/keranjang' is hovered

2023-10-05 11:14:22 - [TEST_STEP][PASSED] - click(findTestObject("beli barang/Lihat Sekarang")): Object: 'Object Repository/beli barang/Lihat Sekarang' is clicked on

2023-10-05 11:14:23 - [MESSAGE][PASSED] - Object: 'Object Repository/beli barang/Lihat Sekarang' is clicked on

2023-10-05 11:14:23 - [TEST_STEP][PASSED] - verifyElementPresent(findTestObject("keranjang/li_Keranjang Belanja"), 0): Object 'Object Repository/keranjang/li_Keranjang Belanja' is present

2023-10-05 11:14:23 - [MESSAGE][WARNING] - Timeout '0' is invalid. Using default page load timeout: '30'

2023-10-05 11:14:24 - [MESSAGE][PASSED] - Object 'Object Repository/keranjang/li_Keranjang Belanja' is present

2023-10-05 11:14:24 - [TEST_STEP][PASSED] - NamaKeranjang = getText(findTestObject("verifikasi/Nama keranjang")): Text of object 'Object Repository/verifikasi/Nama keranjang' is: 'Segitiga Instan Madeira - MDB5.3 Sunset'

2023-10-05 11:14:24 - [MESSAGE][PASSED] - Text of object 'Object Repository/verifikasi/Nama keranjang' is: 'Segitiga Instan Madeira - MDB5.3 Sunset'

2023-10-05 11:14:24 - [TEST_STEP][PASSED] - HargaKeranjang = getText(findTestObject("verifikasi/Harga Keranjang")): Text of object 'Object Repository/verifikasi/Harga Keranjang' is: 'Rp 1,299'

2023-10-05 11:14:25 - [MESSAGE][PASSED] - Text of object 'Object Repository/verifikasi/Harga Keranjang' is: 'Rp 1,299'

2023-10-05 11:14:25 - [TEST_STEP][PASSED] - if (toString().equalsIgnoreCase("Merah")): Object 'Object Repository/keranjang/input_Warna_variasi101' is checked

2023-10-05 11:14:25 - [TEST_STEP][PASSED] - check(findTestObject("Object Repository/keranjang/input_Warna_variasi101")): Object 'Object Repository/keranjang/input_Warna_variasi101' is checked

2023-10-05 11:14:25 - [MESSAGE][PASSED] - Object 'Object Repository/keranjang/input_Warna_variasi101' is checked

2023-10-05 11:14:25 - [TEST_STEP][PASSED] - if (toString().equalsIgnoreCase("Menengah")): Object 'Object Repository/keranjang/input_Ukuran_variasi201' is checked

2023-10-05 11:14:25 - [TEST_STEP][PASSED] - check(findTestObject("Object Repository/keranjang/input_Ukuran_variasi201")): Object 'Object Repository/keranjang/input_Ukuran_variasi201' is checked

2023-10-05 11:14:25 - [MESSAGE][PASSED] - Object 'Object Repository/keranjang/input_Ukuran_variasi201' is checked

2023-10-05 11:14:25 - [TEST_STEP][PASSED] - data.put("Warna", warna): null

2023-10-05 11:14:25 - [TEST_STEP][PASSED] - data.put("Ukuran", ukuran): null

2023-10-05 11:14:25 - [TEST_STEP][PASSED] - click(findTestObject("keranjang/button_Lanjut ke Pembayaran")): Object: 'Object Repository/keranjang/button_Lanjut ke Pembayaran' is clicked on

2023-10-05 11:14:27 - [MESSAGE][PASSED] - Object: 'Object Repository/keranjang/button_Lanjut ke Pembayaran' is clicked on

2023-10-05 11:14:27 - [TEST_STEP][PASSED] - verifyElementPresent(findTestObject("checkout/Tittle Checkout Order"), 0): Object 'Object Repository/checkout/Tittle Checkout Order' is present

2023-10-05 11:14:27 - [MESSAGE][WARNING] - Timeout '0' is invalid. Using default page load timeout: '30'

2023-10-05 11:14:28 - [MESSAGE][PASSED] - Object 'Object Repository/checkout/Tittle Checkout Order' is present

2023-10-05 11:14:28 - [TEST_STEP][PASSED] - name_product = data.get("nama_barang"): null

2023-10-05 11:14:28 - [TEST_STEP][PASSED] - price_product = data.get("price_barang"): null

2023-10-05 11:14:28 - [TEST_STEP][PASSED] - assert name_product == NamaKeranjang: null

2023-10-05 11:14:28 - [TEST_STEP][PASSED] - assert price_product == HargaKeranjang: null

2023-10-05 11:14:28 - [TEST_STEP][PASSED] - return data: null

2023-10-05 11:14:28 - [MESSAGE][PASSED] - Call Test Case 'Test Cases/T13 Pembelian, Shipment dan Pembayaran/PBL-002' successfully

2023-10-05 11:14:28 - [TEST_STEP][PASSED] - warnaa = getText(findTestObject("verifikasi/warna Merah")): Text of object 'Object Repository/verifikasi/warna Merah' is: 'Merah'

2023-10-05 11:14:29 - [MESSAGE][PASSED] - Text of object 'Object Repository/verifikasi/warna Merah' is: 'Merah'

2023-10-05 11:14:29 - [TEST_STEP][PASSED] - ukurann = getText(findTestObject("verifikasi/Ukuran Menengah")): Text of object 'Object Repository/verifikasi/Ukuran Menengah' is: 'Menengah'

2023-10-05 11:14:29 - [MESSAGE][PASSED] - Text of object 'Object Repository/verifikasi/Ukuran Menengah' is: 'Menengah'

2023-10-05 11:14:29 - [TEST_STEP][PASSED] - warna1 = data.get("Warna"): null

2023-10-05 11:14:29 - [TEST_STEP][PASSED] - ukuran1 = data.get("Ukuran"): null

2023-10-05 11:14:29 - [TEST_STEP][PASSED] - assert warnaa == warna1: null

2023-10-05 11:14:29 - [TEST_STEP][PASSED] - assert ukurann == ukuran1: null

2023-10-05 11:14:29 - [TEST_STEP][PASSED] - NamaCheckout = getText(findTestObject("verifikasi/NamaCheckout")): Text of object 'Object Repository/verifikasi/NamaCheckout' is: ''

2023-10-05 11:14:29 - [MESSAGE][PASSED] - Text of object 'Object Repository/verifikasi/NamaCheckout' is: ''

2023-10-05 11:14:29 - [TEST_STEP][PASSED] - HargaCheckout = getText(findTestObject("verifikasi/HargaCheckout")): Text of object 'Object Repository/verifikasi/HargaCheckout' is: '1,299'

2023-10-05 11:14:30 - [MESSAGE][PASSED] - Text of object 'Object Repository/verifikasi/HargaCheckout' is: '1,299'

2023-10-05 11:14:30 - [TEST_STEP][PASSED] - name_product = data.get("nama_barang"): null

2023-10-05 11:14:30 - [TEST_STEP][PASSED] - price_product = data.get("price_barang"): null

2023-10-05 11:14:30 - [TEST_STEP][PASSED] - assert name_product.contains(NamaCheckout): null

2023-10-05 11:14:30 - [TEST_STEP][PASSED] - assert price_product.contains(HargaCheckout): null

2023-10-05 11:14:30 - [TEST_STEP][PASSED] - selectOptionByLabel(findTestObject("checkout/select - Kirim via Kurir Lokal"), Kurir, false): All options with label 'Roda 2' are selected in object 'Object Repository/checkout/select - Kirim via Kurir Lokal' 

2023-10-05 11:14:30 - [MESSAGE][PASSED] - All options with label 'Roda 2' are selected in object 'Object Repository/checkout/select - Kirim via Kurir Lokal' 

2023-10-05 11:14:30 - [TEST_STEP][PASSED] - click(findTestObject("checkout/Kendaraan Kurir")): Object: 'Object Repository/checkout/Kendaraan Kurir' is clicked on

2023-10-05 11:14:31 - [MESSAGE][PASSED] - Object: 'Object Repository/checkout/Kendaraan Kurir' is clicked on

2023-10-05 11:14:31 - [TEST_STEP][PASSED] - OngkosKirim = getText(findTestObject("Object Repository/verifikasi/Ongkos Kirim checkout")): Text of object 'Object Repository/verifikasi/Ongkos Kirim checkout' is: 'Rp. 5,000'

2023-10-05 11:14:32 - [MESSAGE][PASSED] - Text of object 'Object Repository/verifikasi/Ongkos Kirim checkout' is: 'Rp. 5,000'

2023-10-05 11:14:32 - [TEST_STEP][PASSED] - Ongkos = OngkosKirim.substring(3, OngkosKirim.size()): null

2023-10-05 11:14:32 - [TEST_STEP][PASSED] - rep = Ongkos.replace(",", "."): null

2023-10-05 11:14:32 - [TEST_STEP][PASSED] - Ongkos_kirim = Double.parseDouble(rep): null

2023-10-05 11:14:32 - [TEST_STEP][PASSED] - println(Ongkos_kirim): null

2023-10-05 11:14:32 - [TEST_STEP][PASSED] - FeeAdmin = getText(findTestObject("verifikasi/Fee Admin checkout")): Text of object 'Object Repository/verifikasi/Fee Admin checkout' is: 'Fee Admin
Rp 1,500'

2023-10-05 11:14:33 - [MESSAGE][PASSED] - Text of object 'Object Repository/verifikasi/Fee Admin checkout' is: 'Fee Admin
Rp 1,500'

2023-10-05 11:14:33 - [TEST_STEP][PASSED] - Fee_Admin = FeeAdmin.substring(12, FeeAdmin.size()): null

2023-10-05 11:14:33 - [TEST_STEP][PASSED] - fee = Fee_Admin.replace(",", "."): null

2023-10-05 11:14:33 - [TEST_STEP][PASSED] - fee_admin = Double.parseDouble(fee): null

2023-10-05 11:14:33 - [TEST_STEP][PASSED] - println(fee_admin): null

2023-10-05 11:14:33 - [TEST_STEP][PASSED] - Subtotal = getText(findTestObject("verifikasi/subtotal checkout")): Text of object 'Object Repository/verifikasi/subtotal checkout' is: 'Subtotal
Rp 1,299'

2023-10-05 11:14:33 - [MESSAGE][PASSED] - Text of object 'Object Repository/verifikasi/subtotal checkout' is: 'Subtotal
Rp 1,299'

2023-10-05 11:14:33 - [TEST_STEP][PASSED] - sub_total = Subtotal.substring(12, Subtotal.size()): null

2023-10-05 11:14:33 - [TEST_STEP][PASSED] - sub = sub_total.replace(",", "."): null

2023-10-05 11:14:33 - [TEST_STEP][PASSED] - sub_total = Double.parseDouble(sub): null

2023-10-05 11:14:33 - [TEST_STEP][PASSED] - println(sub_total): null

2023-10-05 11:14:33 - [TEST_STEP][PASSED] - Total = getText(findTestObject("verifikasi/Total checkout")): Text of object 'Object Repository/verifikasi/Total checkout' is: 'Rp 7,799'

2023-10-05 11:14:33 - [MESSAGE][PASSED] - Text of object 'Object Repository/verifikasi/Total checkout' is: 'Rp 7,799'

2023-10-05 11:14:33 - [TEST_STEP][PASSED] - totall = Total.substring(3, Total.size()): null

2023-10-05 11:14:33 - [TEST_STEP][PASSED] - total = totall.replace(",", "."): null

2023-10-05 11:14:33 - [TEST_STEP][PASSED] - totall = Double.parseDouble(total): null

2023-10-05 11:14:33 - [TEST_STEP][PASSED] - println(totall): null

2023-10-05 11:14:33 - [TEST_STEP][PASSED] - Total_Harga = Ongkos_kirim + fee_admin + sub_total: null

2023-10-05 11:14:33 - [TEST_STEP][PASSED] - println(Total_Harga): null

2023-10-05 11:14:33 - [TEST_STEP][PASSED] - TotalHarga = Math.round(Total_Harga * 1000) / 1000: null

2023-10-05 11:14:33 - [TEST_STEP][PASSED] - println(TotalHarga): null

2023-10-05 11:14:33 - [TEST_STEP][PASSED] - assert totall == TotalHarga: null

2023-10-05 11:14:33 - [TEST_STEP][PASSED] - click(findTestObject("verifikasi/Metode Transfer")): Object: 'Object Repository/verifikasi/Metode Transfer' is clicked on

2023-10-05 11:14:34 - [MESSAGE][PASSED] - Object: 'Object Repository/verifikasi/Metode Transfer' is clicked on

2023-10-05 11:14:34 - [TEST_STEP][PASSED] - click(findTestObject("checkout/button_Proses Pembayaran")): Object: 'Object Repository/checkout/button_Proses Pembayaran' is clicked on

2023-10-05 11:14:43 - [MESSAGE][PASSED] - Object: 'Object Repository/checkout/button_Proses Pembayaran' is clicked on

2023-10-05 11:14:43 - [TEST_STEP][PASSED] - verifyElementPresent(findTestObject("pembayaran/Tittle nomor invoice"), 0): Object 'Object Repository/pembayaran/Tittle nomor invoice' is present

2023-10-05 11:14:43 - [MESSAGE][WARNING] - Timeout '0' is invalid. Using default page load timeout: '30'

2023-10-05 11:14:44 - [MESSAGE][PASSED] - Object 'Object Repository/pembayaran/Tittle nomor invoice' is present

2023-10-05 11:14:44 - [TEST_STEP][PASSED] - return data: null

2023-10-05 11:14:44 - [MESSAGE][PASSED] - Call Test Case 'Test Cases/T13 Pembelian, Shipment dan Pembayaran/PBL-004' successfully

2023-10-05 11:14:44 - [TEST_STEP][PASSED] - Invoice = getText(findTestObject("pembayaran/nomor invoice")): Text of object 'Object Repository/pembayaran/nomor invoice' is: 'TRX60.20231005111437'

2023-10-05 11:14:44 - [MESSAGE][PASSED] - Text of object 'Object Repository/pembayaran/nomor invoice' is: 'TRX60.20231005111437'

2023-10-05 11:14:44 - [TEST_STEP][PASSED] - data.put("invoice", Invoice): null

2023-10-05 11:14:44 - [TEST_STEP][PASSED] - NamaPemesan = getText(findTestObject("Konfirmasi pesanan shop/Nama pemesan")): Text of object 'Object Repository/Konfirmasi pesanan shop/Nama pemesan' is: 'irfan.afandi'

2023-10-05 11:14:45 - [MESSAGE][PASSED] - Text of object 'Object Repository/Konfirmasi pesanan shop/Nama pemesan' is: 'irfan.afandi'

2023-10-05 11:14:45 - [TEST_STEP][PASSED] - Nama = getText(findTestObject("pembayaran/Nama barang")): Text of object 'Object Repository/pembayaran/Nama barang' is: 'Segitiga Instan Madeira - MDB5.3 Sunset'

2023-10-05 11:14:45 - [MESSAGE][PASSED] - Text of object 'Object Repository/pembayaran/Nama barang' is: 'Segitiga Instan Madeira - MDB5.3 Sunset'

2023-10-05 11:14:45 - [TEST_STEP][PASSED] - Harga = getText(findTestObject("pembayaran/Harga barang")): Text of object 'Object Repository/pembayaran/Harga barang' is: '1,299'

2023-10-05 11:14:46 - [MESSAGE][PASSED] - Text of object 'Object Repository/pembayaran/Harga barang' is: '1,299'

2023-10-05 11:14:46 - [TEST_STEP][PASSED] - name_product = data.get("nama_barang"): null

2023-10-05 11:14:46 - [TEST_STEP][PASSED] - price_product = data.get("price_barang"): null

2023-10-05 11:14:46 - [TEST_STEP][PASSED] - assert name_product.contains(Nama): null

2023-10-05 11:14:46 - [TEST_STEP][PASSED] - assert price_product.contains(Harga): null

2023-10-05 11:14:46 - [TEST_STEP][PASSED] - warnaa = getText(findTestObject("pembayaran/warna")): Text of object 'Object Repository/pembayaran/warna' is: 'Merah'

2023-10-05 11:14:46 - [MESSAGE][PASSED] - Text of object 'Object Repository/pembayaran/warna' is: 'Merah'

2023-10-05 11:14:46 - [TEST_STEP][PASSED] - ukurann = getText(findTestObject("pembayaran/ukuran")): Text of object 'Object Repository/pembayaran/ukuran' is: 'Menengah'

2023-10-05 11:14:47 - [MESSAGE][PASSED] - Text of object 'Object Repository/pembayaran/ukuran' is: 'Menengah'

2023-10-05 11:14:47 - [TEST_STEP][PASSED] - warna1 = data.get("Warna"): null

2023-10-05 11:14:47 - [TEST_STEP][PASSED] - ukuran1 = data.get("Ukuran"): null

2023-10-05 11:14:47 - [TEST_STEP][PASSED] - assert warnaa == warna1: null

2023-10-05 11:14:47 - [TEST_STEP][PASSED] - assert ukurann == ukuran1: null

2023-10-05 11:14:47 - [TEST_STEP][PASSED] - statusPembelian = getText(findTestObject("verifikasi/Status pending di pembelian")): Text of object 'Object Repository/verifikasi/Status pending di pembelian' is: 'Pending'

2023-10-05 11:14:47 - [MESSAGE][PASSED] - Text of object 'Object Repository/verifikasi/Status pending di pembelian' is: 'Pending'

2023-10-05 11:14:47 - [TEST_STEP][PASSED] - data.put("statusPem", statusPembelian): null

2023-10-05 11:14:47 - [TEST_STEP][PASSED] - OngkosKirim = getText(findTestObject("pembayaran/ongkos kirim")): Text of object 'Object Repository/pembayaran/ongkos kirim' is: 'Rp 5,000'

2023-10-05 11:14:48 - [MESSAGE][PASSED] - Text of object 'Object Repository/pembayaran/ongkos kirim' is: 'Rp 5,000'

2023-10-05 11:14:48 - [TEST_STEP][PASSED] - Ongkos = OngkosKirim.substring(3, OngkosKirim.size()): null

2023-10-05 11:14:48 - [TEST_STEP][PASSED] - rep = Ongkos.replace(",", ""): null

2023-10-05 11:14:48 - [TEST_STEP][PASSED] - Ongkos_kirimm = Integer.parseInt(rep): null

2023-10-05 11:14:48 - [TEST_STEP][PASSED] - println(Ongkos_kirimm): null

2023-10-05 11:14:48 - [TEST_STEP][PASSED] - FeeAdmin = getText(findTestObject("pembayaran/fee admin")): Text of object 'Object Repository/pembayaran/fee admin' is: 'Rp 1,500'

2023-10-05 11:14:48 - [MESSAGE][PASSED] - Text of object 'Object Repository/pembayaran/fee admin' is: 'Rp 1,500'

2023-10-05 11:14:48 - [TEST_STEP][PASSED] - Fee_Admin = FeeAdmin.substring(3, FeeAdmin.size()): null

2023-10-05 11:14:48 - [TEST_STEP][PASSED] - fee = Fee_Admin.replace(",", ""): null

2023-10-05 11:14:48 - [TEST_STEP][PASSED] - fee_adminn = Integer.parseInt(fee): null

2023-10-05 11:14:48 - [TEST_STEP][PASSED] - println(fee_adminn): null

2023-10-05 11:14:48 - [TEST_STEP][PASSED] - Subtotal = getText(findTestObject("pembayaran/subtotal")): Text of object 'Object Repository/pembayaran/subtotal' is: 'Rp 1,299'

2023-10-05 11:14:49 - [MESSAGE][PASSED] - Text of object 'Object Repository/pembayaran/subtotal' is: 'Rp 1,299'

2023-10-05 11:14:49 - [TEST_STEP][PASSED] - sub_total = Subtotal.substring(3, Subtotal.size()): null

2023-10-05 11:14:49 - [TEST_STEP][PASSED] - sub = sub_total.replace(",", ""): null

2023-10-05 11:14:49 - [TEST_STEP][PASSED] - sub_totall = Integer.parseInt(sub): null

2023-10-05 11:14:49 - [TEST_STEP][PASSED] - println(sub_totall): null

2023-10-05 11:14:49 - [TEST_STEP][PASSED] - unik = getText(findTestObject("pembayaran/kode unik")): Text of object 'Object Repository/pembayaran/kode unik' is: '+437'

2023-10-05 11:14:49 - [MESSAGE][PASSED] - Text of object 'Object Repository/pembayaran/kode unik' is: '+437'

2023-10-05 11:14:49 - [TEST_STEP][PASSED] - unikk = unik.replace("+", ""): null

2023-10-05 11:14:49 - [TEST_STEP][PASSED] - kode_unik = Integer.parseInt(unikk): null

2023-10-05 11:14:49 - [TEST_STEP][PASSED] - println(kode_unik): null

2023-10-05 11:14:49 - [TEST_STEP][PASSED] - Total = getText(findTestObject("pembayaran/total")): Text of object 'Object Repository/pembayaran/total' is: '8,236'

2023-10-05 11:14:50 - [MESSAGE][PASSED] - Text of object 'Object Repository/pembayaran/total' is: '8,236'

2023-10-05 11:14:50 - [TEST_STEP][PASSED] - total = Total.replace(",", ""): null

2023-10-05 11:14:50 - [TEST_STEP][PASSED] - totalll = Integer.parseInt(total): null

2023-10-05 11:14:50 - [TEST_STEP][PASSED] - println(totalll): null

2023-10-05 11:14:50 - [TEST_STEP][PASSED] - Total_Hargaa = Ongkos_kirimm + fee_adminn + sub_totall + kode_unik: null

2023-10-05 11:14:50 - [TEST_STEP][PASSED] - println(Total_Hargaa): null

2023-10-05 11:14:50 - [TEST_STEP][PASSED] - assert totalll == Total_Hargaa: null

2023-10-05 11:14:50 - [TEST_STEP][PASSED] - data.put("total", Total): null

2023-10-05 11:14:50 - [TEST_STEP][PASSED] - data.put("nama", NamaPemesan): null

2023-10-05 11:14:50 - [TEST_STEP][PASSED] - return data: null

2023-10-05 11:14:50 - [MESSAGE][PASSED] - Call Test Case 'Test Cases/T13 Pembelian, Shipment dan Pembayaran/PBY-001' successfully

2023-10-05 11:14:50 - [TEST_STEP][PASSED] - inv = data.get("invoice"): null

2023-10-05 11:14:50 - [TEST_STEP][PASSED] - Total = data.get("total"): null

2023-10-05 11:14:50 - [TEST_STEP][PASSED] - NamaPemesan = data.get("nama"): null

2023-10-05 11:14:50 - [TEST_STEP][PASSED] - click(findTestObject("Konfirmasi pesanan shop/Menu Shop")): Object: 'Object Repository/Konfirmasi pesanan shop/Menu Shop' is clicked on

2023-10-05 11:14:52 - [MESSAGE][PASSED] - Object: 'Object Repository/Konfirmasi pesanan shop/Menu Shop' is clicked on

2023-10-05 11:14:52 - [TEST_STEP][PASSED] - click(findTestObject("Konfirmasi pesanan shop/Menu Shop")): Object: 'Object Repository/Konfirmasi pesanan shop/Menu Shop' is clicked on

2023-10-05 11:14:52 - [MESSAGE][PASSED] - Object: 'Object Repository/Konfirmasi pesanan shop/Menu Shop' is clicked on

2023-10-05 11:14:52 - [TEST_STEP][PASSED] - click(findTestObject("Konfirmasi pesanan shop/Konfirmasi Orders")): Object: 'Object Repository/Konfirmasi pesanan shop/Konfirmasi Orders' is clicked on

2023-10-05 11:14:53 - [MESSAGE][PASSED] - Object: 'Object Repository/Konfirmasi pesanan shop/Konfirmasi Orders' is clicked on

2023-10-05 11:14:53 - [TEST_STEP][PASSED] - verifyElementPresent(findTestObject("Konfirmasi pesanan shop/Tittle Konfirmasi Pesanan"), 0): Object 'Object Repository/Konfirmasi pesanan shop/Tittle Konfirmasi Pesanan' is present

2023-10-05 11:14:53 - [MESSAGE][WARNING] - Timeout '0' is invalid. Using default page load timeout: '30'

2023-10-05 11:14:54 - [MESSAGE][PASSED] - Object 'Object Repository/Konfirmasi pesanan shop/Tittle Konfirmasi Pesanan' is present

2023-10-05 11:14:54 - [TEST_STEP][PASSED] - setText(findTestObject("Konfirmasi pesanan shop/input_No Pesanan"), inv): Text 'TRX60.20231005111437' is set on object 'Object Repository/Konfirmasi pesanan shop/input_No Pesanan'

2023-10-05 11:14:55 - [MESSAGE][PASSED] - Text 'TRX60.20231005111437' is set on object 'Object Repository/Konfirmasi pesanan shop/input_No Pesanan'

2023-10-05 11:14:55 - [TEST_STEP][PASSED] - setText(findTestObject("Konfirmasi pesanan shop/input_Alamat E-mai"), "irfan@gmail.com"): Text 'irfan@gmail.com' is set on object 'Object Repository/Konfirmasi pesanan shop/input_Alamat E-mai'

2023-10-05 11:14:56 - [MESSAGE][PASSED] - Text 'irfan@gmail.com' is set on object 'Object Repository/Konfirmasi pesanan shop/input_Alamat E-mai'

2023-10-05 11:14:56 - [TEST_STEP][PASSED] - click(findTestObject("Konfirmasi pesanan shop/button_Submit")): Object: 'Object Repository/Konfirmasi pesanan shop/button_Submit' is clicked on

2023-10-05 11:14:57 - [MESSAGE][PASSED] - Object: 'Object Repository/Konfirmasi pesanan shop/button_Submit' is clicked on

2023-10-05 11:14:57 - [TEST_STEP][PASSED] - verifyElementPresent(findTestObject("Konfirmasi pesanan shop/Tittle nomor invoice"), 0): Object 'Object Repository/Konfirmasi pesanan shop/Tittle nomor invoice' is present

2023-10-05 11:14:57 - [MESSAGE][WARNING] - Timeout '0' is invalid. Using default page load timeout: '30'

2023-10-05 11:14:58 - [MESSAGE][PASSED] - Object 'Object Repository/Konfirmasi pesanan shop/Tittle nomor invoice' is present

2023-10-05 11:14:58 - [TEST_STEP][PASSED] - setText(findTestObject("Konfirmasi pesanan shop/input_Total TagihanTransfer_b"), Total): Text '8,236' is set on object 'Object Repository/Konfirmasi pesanan shop/input_Total TagihanTransfer_b'

2023-10-05 11:14:59 - [MESSAGE][PASSED] - Text '8,236' is set on object 'Object Repository/Konfirmasi pesanan shop/input_Total TagihanTransfer_b'

2023-10-05 11:14:59 - [TEST_STEP][PASSED] - selectOptionByValue(findTestObject("Konfirmasi pesanan shop/select_Bank"), "4", false): All options with value '4' are selected in object 'Object Repository/Konfirmasi pesanan shop/select_Bank' 

2023-10-05 11:15:00 - [MESSAGE][PASSED] - All options with value '4' are selected in object 'Object Repository/Konfirmasi pesanan shop/select_Bank' 

2023-10-05 11:15:00 - [TEST_STEP][PASSED] - setText(findTestObject("Konfirmasi pesanan shop/input_Nama Pengirim_d"), NamaPemesan): Text 'irfan.afandi' is set on object 'Object Repository/Konfirmasi pesanan shop/input_Nama Pengirim_d'

2023-10-05 11:15:01 - [MESSAGE][PASSED] - Text 'irfan.afandi' is set on object 'Object Repository/Konfirmasi pesanan shop/input_Nama Pengirim_d'

2023-10-05 11:15:01 - [TEST_STEP][PASSED] - uploadFile(findTestObject("keranjang/konfirmasi/input_Upload Bukti Transfer_f"), "C:\Users\IRFAN\Downloads\Berkas2.pdf"): File 'C:\Users\IRFAN\Downloads\Berkas2.pdf' sent to object: 'Object Repository/keranjang/konfirmasi/input_Upload Bukti Transfer_f'

2023-10-05 11:15:01 - [MESSAGE][PASSED] - File 'C:\Users\IRFAN\Downloads\Berkas2.pdf' sent to object: 'Object Repository/keranjang/konfirmasi/input_Upload Bukti Transfer_f'

2023-10-05 11:15:01 - [TEST_STEP][PASSED] - click(findTestObject("Konfirmasi pesanan shop/button_Konfirmasi Pembayaran")): Object: 'Object Repository/Konfirmasi pesanan shop/button_Konfirmasi Pembayaran' is clicked on

2023-10-05 11:15:02 - [MESSAGE][PASSED] - Object: 'Object Repository/Konfirmasi pesanan shop/button_Konfirmasi Pembayaran' is clicked on

2023-10-05 11:15:02 - [TEST_STEP][PASSED] - verifyElementPresent(findTestObject("Konfirmasi pesanan shop/Tittle Konfirmasi Pesanan"), 0): Object 'Object Repository/Konfirmasi pesanan shop/Tittle Konfirmasi Pesanan' is present

2023-10-05 11:15:02 - [MESSAGE][WARNING] - Timeout '0' is invalid. Using default page load timeout: '30'

2023-10-05 11:15:03 - [MESSAGE][PASSED] - Object 'Object Repository/Konfirmasi pesanan shop/Tittle Konfirmasi Pesanan' is present

2023-10-05 11:15:03 - [TEST_STEP][PASSED] - verifyElementPresent(findTestObject("Konfirmasi pesanan shop/Tittle massage succes Konfirmasi Pembayaran Pesanan"), 0): Object 'Object Repository/Konfirmasi pesanan shop/Tittle massage succes Konfirmasi Pembayaran Pesanan' is present

2023-10-05 11:15:03 - [MESSAGE][WARNING] - Timeout '0' is invalid. Using default page load timeout: '30'

2023-10-05 11:15:03 - [MESSAGE][PASSED] - Object 'Object Repository/Konfirmasi pesanan shop/Tittle massage succes Konfirmasi Pembayaran Pesanan' is present

2023-10-05 11:15:03 - [TEST_STEP][PASSED] - return data: null

2023-10-05 11:15:03 - [MESSAGE][PASSED] - Call Test Case 'Test Cases/T13 Pembelian, Shipment dan Pembayaran/PBY-004' successfully

2023-10-05 11:15:03 - [TEST_STEP][PASSED] - navigateToUrl("https://10.9.2.63/ecommerce/administrator/"): Navigate to 'https://10.9.2.63/ecommerce/administrator/' successfully

2023-10-05 11:15:04 - [MESSAGE][PASSED] - Navigate to 'https://10.9.2.63/ecommerce/administrator/' successfully

2023-10-05 11:15:04 - [TEST_STEP][PASSED] - verifyElementPresent(findTestObject("admin/Tittle ADMIN Login"), 0): Object 'Object Repository/admin/Tittle ADMIN Login' is present

2023-10-05 11:15:04 - [MESSAGE][WARNING] - Timeout '0' is invalid. Using default page load timeout: '30'

2023-10-05 11:15:04 - [MESSAGE][PASSED] - Object 'Object Repository/admin/Tittle ADMIN Login' is present

2023-10-05 11:15:04 - [TEST_STEP][PASSED] - setText(findTestObject("admin/Username"), "admin"): Text 'admin' is set on object 'Object Repository/admin/Username'

2023-10-05 11:15:05 - [MESSAGE][PASSED] - Text 'admin' is set on object 'Object Repository/admin/Username'

2023-10-05 11:15:05 - [TEST_STEP][PASSED] - setText(findTestObject("admin/Password"), "123admin123"): Text '123admin123' is set on object 'Object Repository/admin/Password'

2023-10-05 11:15:06 - [MESSAGE][PASSED] - Text '123admin123' is set on object 'Object Repository/admin/Password'

2023-10-05 11:15:06 - [TEST_STEP][PASSED] - click(findTestObject("admin/Remember Me")): Object: 'Object Repository/admin/Remember Me' is clicked on

2023-10-05 11:15:06 - [MESSAGE][PASSED] - Object: 'Object Repository/admin/Remember Me' is clicked on

2023-10-05 11:15:06 - [TEST_STEP][PASSED] - delay(10): Delayed 10 second(s)

2023-10-05 11:15:16 - [MESSAGE][PASSED] - Delayed 10 second(s)

2023-10-05 11:15:16 - [TEST_STEP][PASSED] - click(findTestObject("admin/buttom submit")): Object: 'Object Repository/admin/buttom submit' is clicked on

2023-10-05 11:15:18 - [MESSAGE][PASSED] - Object: 'Object Repository/admin/buttom submit' is clicked on

2023-10-05 11:15:18 - [TEST_STEP][PASSED] - verifyElementPresent(findTestObject("admin/Konf order konsumen/Tittle Dashboard"), 0): Object 'Object Repository/admin/Konf order konsumen/Tittle Dashboard' is present

2023-10-05 11:15:18 - [MESSAGE][WARNING] - Timeout '0' is invalid. Using default page load timeout: '30'

2023-10-05 11:15:18 - [MESSAGE][PASSED] - Object 'Object Repository/admin/Konf order konsumen/Tittle Dashboard' is present

2023-10-05 11:15:18 - [TEST_STEP][PASSED] - click(findTestObject("admin/Konf order konsumen/Menu Transaksi Market")): Object: 'Object Repository/admin/Konf order konsumen/Menu Transaksi Market' is clicked on

2023-10-05 11:15:19 - [MESSAGE][PASSED] - Object: 'Object Repository/admin/Konf order konsumen/Menu Transaksi Market' is clicked on

2023-10-05 11:15:19 - [TEST_STEP][PASSED] - click(findTestObject("admin/Konf order konsumen/Menu Konf. Order Konsumen")): Object: 'Object Repository/admin/Konf order konsumen/Menu Konf. Order Konsumen' is clicked on

2023-10-05 11:15:20 - [MESSAGE][PASSED] - Object: 'Object Repository/admin/Konf order konsumen/Menu Konf. Order Konsumen' is clicked on

2023-10-05 11:15:20 - [TEST_STEP][PASSED] - verifyElementPresent(findTestObject("admin/Konf order konsumen/Tittle Data Konfirmasi Pembayaran Konsumen"), 0): Object 'Object Repository/admin/Konf order konsumen/Tittle Data Konfirmasi Pembayaran Konsumen' is present

2023-10-05 11:15:21 - [MESSAGE][WARNING] - Timeout '0' is invalid. Using default page load timeout: '30'

2023-10-05 11:15:21 - [MESSAGE][PASSED] - Object 'Object Repository/admin/Konf order konsumen/Tittle Data Konfirmasi Pembayaran Konsumen' is present

2023-10-05 11:15:21 - [TEST_STEP][PASSED] - inv = data.get("invoice"): null

2023-10-05 11:15:21 - [TEST_STEP][PASSED] - setText(findTestObject("admin/Konf order konsumen/Search"), inv): Text 'TRX60.20231005111437' is set on object 'Object Repository/admin/Konf order konsumen/Search'

2023-10-05 11:15:22 - [MESSAGE][PASSED] - Text 'TRX60.20231005111437' is set on object 'Object Repository/admin/Konf order konsumen/Search'

2023-10-05 11:15:22 - [TEST_STEP][PASSED] - verifyElementText(findTestObject("admin/Konf order konsumen/Keterangan Lunas"), "Lunas"): Actual text and expected text of test object 'Object Repository/admin/Konf order konsumen/Keterangan Lunas' are matched.

2023-10-05 11:15:22 - [MESSAGE][PASSED] - Actual text and expected text of test object 'Object Repository/admin/Konf order konsumen/Keterangan Lunas' are matched.

2023-10-05 11:15:22 - [TEST_STEP][PASSED] - return data: null

2023-10-05 11:15:22 - [MESSAGE][PASSED] - Call Test Case 'Test Cases/T13 Pembelian, Shipment dan Pembayaran/PBYA-001' successfully

2023-10-05 11:15:22 - [TEST_STEP][PASSED] - click(findTestObject("admin/Penjualan ke konsumen/buttom Dashboard")): Object: 'Object Repository/admin/Penjualan ke konsumen/buttom Dashboard' is clicked on

2023-10-05 11:15:24 - [MESSAGE][PASSED] - Object: 'Object Repository/admin/Penjualan ke konsumen/buttom Dashboard' is clicked on

2023-10-05 11:15:24 - [TEST_STEP][PASSED] - click(findTestObject("admin/Konf order konsumen/Menu Transaksi Market")): Object: 'Object Repository/admin/Konf order konsumen/Menu Transaksi Market' is clicked on

2023-10-05 11:15:24 - [MESSAGE][PASSED] - Object: 'Object Repository/admin/Konf order konsumen/Menu Transaksi Market' is clicked on

2023-10-05 11:15:24 - [TEST_STEP][PASSED] - click(findTestObject("admin/Penjualan ke konsumen/a_Penjualan ke Konsumen")): Object: 'Object Repository/admin/Penjualan ke konsumen/a_Penjualan ke Konsumen' is clicked on

2023-10-05 11:15:27 - [MESSAGE][PASSED] - Object: 'Object Repository/admin/Penjualan ke konsumen/a_Penjualan ke Konsumen' is clicked on

2023-10-05 11:15:27 - [TEST_STEP][PASSED] - verifyElementPresent(findTestObject("admin/Tittle Data Transaksi Penjualan  Orderan Konsumen"), 0): Object 'Object Repository/admin/Tittle Data Transaksi Penjualan  Orderan Konsumen' is present

2023-10-05 11:15:27 - [MESSAGE][WARNING] - Timeout '0' is invalid. Using default page load timeout: '30'

2023-10-05 11:15:28 - [MESSAGE][PASSED] - Object 'Object Repository/admin/Tittle Data Transaksi Penjualan  Orderan Konsumen' is present

2023-10-05 11:15:28 - [TEST_STEP][PASSED] - return data: null

2023-10-05 11:15:28 - [MESSAGE][PASSED] - Call Test Case 'Test Cases/T13 Pembelian, Shipment dan Pembayaran/SA-001' successfully

2023-10-05 11:15:28 - [TEST_STEP][PASSED] - inv = data.get("invoice"): null

2023-10-05 11:15:28 - [TEST_STEP][PASSED] - setText(findTestObject("admin/Penjualan ke konsumen/Search"), inv): Text 'TRX60.20231005111437' is set on object 'Object Repository/admin/Penjualan ke konsumen/Search'

2023-10-05 11:15:29 - [MESSAGE][PASSED] - Text 'TRX60.20231005111437' is set on object 'Object Repository/admin/Penjualan ke konsumen/Search'

2023-10-05 11:15:29 - [TEST_STEP][PASSED] - click(findTestObject("admin/Penjualan ke konsumen/buttom konfirmasi pending payment")): Object: 'Object Repository/admin/Penjualan ke konsumen/buttom konfirmasi pending payment' is clicked on

2023-10-05 11:15:29 - [MESSAGE][PASSED] - Object: 'Object Repository/admin/Penjualan ke konsumen/buttom konfirmasi pending payment' is clicked on

2023-10-05 11:15:29 - [TEST_STEP][FAILED] - acceptAlert(STOP_ON_FAILURE): Unable to accept alert (Root cause: com.kms.katalon.core.exception.StepFailedException: Unable to accept alert
	at com.kms.katalon.core.webui.keyword.internal.WebUIKeywordMain.stepFailed(WebUIKeywordMain.groovy:64)
	at com.kms.katalon.core.webui.keyword.internal.WebUIKeywordMain.runKeyword(WebUIKeywordMain.groovy:26)
	at com.kms.katalon.core.webui.keyword.builtin.AcceptAlertKeyword.acceptAlert(AcceptAlertKeyword.groovy:71)
	at com.kms.katalon.core.webui.keyword.builtin.AcceptAlertKeyword.execute(AcceptAlertKeyword.groovy:66)
	at com.kms.katalon.core.keyword.internal.KeywordExecutor.executeKeywordForPlatform(KeywordExecutor.groovy:74)
	at com.kms.katalon.core.webui.keyword.WebUiBuiltInKeywords.acceptAlert(WebUiBuiltInKeywords.groovy:1510)
	at com.kms.katalon.core.webui.keyword.WebUiBuiltInKeywords$acceptAlert$16.call(Unknown Source)
	at SA-002.run(SA-002:29)
	at com.kms.katalon.core.main.ScriptEngine.run(ScriptEngine.java:194)
	at com.kms.katalon.core.main.ScriptEngine.runScriptAsRawText(ScriptEngine.java:119)
	at com.kms.katalon.core.main.TestCaseExecutor.runScript(TestCaseExecutor.java:448)
	at com.kms.katalon.core.main.TestCaseExecutor.doExecute(TestCaseExecutor.java:439)
	at com.kms.katalon.core.main.TestCaseExecutor.processExecutionPhase(TestCaseExecutor.java:418)
	at com.kms.katalon.core.main.TestCaseExecutor.accessMainPhase(TestCaseExecutor.java:410)
	at com.kms.katalon.core.main.TestCaseExecutor.execute(TestCaseExecutor.java:285)
	at com.kms.katalon.core.main.TestCaseMain.runTestCase(TestCaseMain.java:144)
	at com.kms.katalon.core.keyword.builtin.CallTestCaseKeyword$_callTestCase_closure1.doCall(CallTestCaseKeyword.groovy:59)
	at com.kms.katalon.core.keyword.builtin.CallTestCaseKeyword$_callTestCase_closure1.call(CallTestCaseKeyword.groovy)
	at com.kms.katalon.core.keyword.internal.KeywordMain.runKeyword(KeywordMain.groovy:75)
	at com.kms.katalon.core.keyword.builtin.CallTestCaseKeyword.callTestCase(CallTestCaseKeyword.groovy:81)
	at com.kms.katalon.core.keyword.builtin.CallTestCaseKeyword.execute(CallTestCaseKeyword.groovy:44)
	at com.kms.katalon.core.keyword.internal.KeywordExecutor.executeKeywordForPlatform(KeywordExecutor.groovy:74)
	at com.kms.katalon.core.keyword.BuiltinKeywords.callTestCase(BuiltinKeywords.groovy:310)
	at SA-005.run(SA-005:20)
	at com.kms.katalon.core.main.ScriptEngine.run(ScriptEngine.java:194)
	at com.kms.katalon.core.main.ScriptEngine.runScriptAsRawText(ScriptEngine.java:119)
	at com.kms.katalon.core.main.TestCaseExecutor.runScript(TestCaseExecutor.java:448)
	at com.kms.katalon.core.main.TestCaseExecutor.doExecute(TestCaseExecutor.java:439)
	at com.kms.katalon.core.main.TestCaseExecutor.processExecutionPhase(TestCaseExecutor.java:418)
	at com.kms.katalon.core.main.TestCaseExecutor.accessMainPhase(TestCaseExecutor.java:410)
	at com.kms.katalon.core.main.TestCaseExecutor.execute(TestCaseExecutor.java:285)
	at com.kms.katalon.core.common.CommonExecutor.accessTestCaseMainPhase(CommonExecutor.java:65)
	at com.kms.katalon.core.main.TestSuiteExecutor.accessTestSuiteMainPhase(TestSuiteExecutor.java:148)
	at com.kms.katalon.core.main.TestSuiteExecutor.execute(TestSuiteExecutor.java:106)
	at com.kms.katalon.core.main.TestCaseMain.startTestSuite(TestCaseMain.java:187)
	at com.kms.katalon.core.main.TestCaseMain$startTestSuite$0.call(Unknown Source)
	at TempTestSuite1696477503821.run(TempTestSuite1696477503821.groovy:36)
Caused by: org.openqa.selenium.NoAlertPresentException: no such alert
  (Session info: MicrosoftEdge=117.0.2045.43)
Build info: version: '3.141.59', revision: 'e82be7d358', time: '2018-11-14T08:25:53'
System info: host: 'DESKTOP-H62FVJ8', ip: '10.9.2.18', os.name: 'Windows 10', os.arch: 'amd64', os.version: '10.0', java.version: '1.8.0_362'
Driver info: com.kms.katalon.selenium.driver.CEdgeDriver
Capabilities {acceptInsecureCerts: true, browserName: msedge, browserVersion: 117.0.2045.43, fedcm:accounts: true, javascriptEnabled: true, ms:edgeOptions: {debuggerAddress: localhost:55317}, msedge: {msedgedriverVersion: 117.0.2045.47 (b75fe6866687..., userDataDir: C:\Users\IRFAN\AppData\Loca...}, networkConnectionEnabled: false, pageLoadStrategy: normal, platform: WINDOWS, platformName: WINDOWS, proxy: Proxy(), setWindowRect: true, strictFileInteractability: false, timeouts: {implicit: 0, pageLoad: 300000, script: 30000}, unhandledPromptBehavior: dismiss and notify, webauthn:extension:credBlob: true, webauthn:extension:largeBlob: true, webauthn:extension:minPinLength: true, webauthn:extension:prf: true, webauthn:virtualAuthenticators: true}
Session ID: f59cd8294d147d0ec79c2a4ef9791e5d
	at org.openqa.selenium.remote.http.W3CHttpResponseCodec.createException(W3CHttpResponseCodec.java:187)
	at org.openqa.selenium.remote.http.W3CHttpResponseCodec.decode(W3CHttpResponseCodec.java:122)
	at org.openqa.selenium.remote.http.W3CHttpResponseCodec.decode(W3CHttpResponseCodec.java:49)
	at org.openqa.selenium.remote.HttpCommandExecutor.execute(HttpCommandExecutor.java:158)
	at org.openqa.selenium.remote.service.DriverCommandExecutor.execute(DriverCommandExecutor.java:83)
	at org.openqa.selenium.remote.RemoteWebDriver.execute(RemoteWebDriver.java:552)
	at com.kms.katalon.selenium.driver.CEdgeDriver.execute(CEdgeDriver.java:20)
	at org.openqa.selenium.remote.RemoteWebDriver.execute(RemoteWebDriver.java:609)
	at org.openqa.selenium.remote.RemoteWebDriver$RemoteAlert.accept(RemoteWebDriver.java:947)
	at org.openqa.selenium.support.events.EventFiringWebDriver$EventFiringAlert.accept(EventFiringWebDriver.java:795)
	at com.kms.katalon.core.webui.keyword.builtin.AcceptAlertKeyword$_acceptAlert_closure1.doCall(AcceptAlertKeyword.groovy:75)
	at com.kms.katalon.core.webui.keyword.builtin.AcceptAlertKeyword$_acceptAlert_closure1.call(AcceptAlertKeyword.groovy)
	at com.kms.katalon.core.webui.keyword.internal.WebUIKeywordMain.runKeyword(WebUIKeywordMain.groovy:20)
	at com.kms.katalon.core.webui.keyword.builtin.AcceptAlertKeyword.acceptAlert(AcceptAlertKeyword.groovy:71)
	at com.kms.katalon.core.webui.keyword.builtin.AcceptAlertKeyword.execute(AcceptAlertKeyword.groovy:66)
	at com.kms.katalon.core.keyword.internal.KeywordExecutor.executeKeywordForPlatform(KeywordExecutor.groovy:74)
	at com.kms.katalon.core.webui.keyword.WebUiBuiltInKeywords.acceptAlert(WebUiBuiltInKeywords.groovy:1510)
	at com.kms.katalon.core.webui.keyword.WebUiBuiltInKeywords$acceptAlert$16.call(Unknown Source)
	at Script1695958728937.run(Script1695958728937.groovy:29)
	at com.kms.katalon.core.main.ScriptEngine.run(ScriptEngine.java:194)
	at com.kms.katalon.core.main.ScriptEngine.runScriptAsRawText(ScriptEngine.java:119)
	at com.kms.katalon.core.main.TestCaseExecutor.runScript(TestCaseExecutor.java:448)
	at com.kms.katalon.core.main.TestCaseExecutor.doExecute(TestCaseExecutor.java:439)
	at com.kms.katalon.core.main.TestCaseExecutor.processExecutionPhase(TestCaseExecutor.java:418)
	at com.kms.katalon.core.main.TestCaseExecutor.accessMainPhase(TestCaseExecutor.java:410)
	at com.kms.katalon.core.main.TestCaseExecutor.execute(TestCaseExecutor.java:285)
	at com.kms.katalon.core.main.TestCaseMain.runTestCase(TestCaseMain.java:144)
	at com.kms.katalon.core.keyword.builtin.CallTestCaseKeyword$_callTestCase_closure1.doCall(CallTestCaseKeyword.groovy:59)
	at com.kms.katalon.core.keyword.builtin.CallTestCaseKeyword$_callTestCase_closure1.call(CallTestCaseKeyword.groovy)
	at com.kms.katalon.core.keyword.internal.KeywordMain.runKeyword(KeywordMain.groovy:75)
	at com.kms.katalon.core.keyword.builtin.CallTestCaseKeyword.callTestCase(CallTestCaseKeyword.groovy:81)
	at com.kms.katalon.core.keyword.builtin.CallTestCaseKeyword.execute(CallTestCaseKeyword.groovy:44)
	at com.kms.katalon.core.keyword.internal.KeywordExecutor.executeKeywordForPlatform(KeywordExecutor.groovy:74)
	at com.kms.katalon.core.keyword.BuiltinKeywords.callTestCase(BuiltinKeywords.groovy:310)
	at Script1695958752151.run(Script1695958752151.groovy:20)
	... 13 more
)

2023-10-05 11:15:30 - [MESSAGE][FAILED] - Unable to accept alert (Root cause: com.kms.katalon.core.exception.StepFailedException: Unable to accept alert
	at com.kms.katalon.core.webui.keyword.internal.WebUIKeywordMain.stepFailed(WebUIKeywordMain.groovy:64)
	at com.kms.katalon.core.webui.keyword.internal.WebUIKeywordMain.runKeyword(WebUIKeywordMain.groovy:26)
	at com.kms.katalon.core.webui.keyword.builtin.AcceptAlertKeyword.acceptAlert(AcceptAlertKeyword.groovy:71)
	at com.kms.katalon.core.webui.keyword.builtin.AcceptAlertKeyword.execute(AcceptAlertKeyword.groovy:66)
	at com.kms.katalon.core.keyword.internal.KeywordExecutor.executeKeywordForPlatform(KeywordExecutor.groovy:74)
	at com.kms.katalon.core.webui.keyword.WebUiBuiltInKeywords.acceptAlert(WebUiBuiltInKeywords.groovy:1510)
	at com.kms.katalon.core.webui.keyword.WebUiBuiltInKeywords$acceptAlert$16.call(Unknown Source)
	at SA-002.run(SA-002:29)
	at com.kms.katalon.core.main.ScriptEngine.run(ScriptEngine.java:194)
	at com.kms.katalon.core.main.ScriptEngine.runScriptAsRawText(ScriptEngine.java:119)
	at com.kms.katalon.core.main.TestCaseExecutor.runScript(TestCaseExecutor.java:448)
	at com.kms.katalon.core.main.TestCaseExecutor.doExecute(TestCaseExecutor.java:439)
	at com.kms.katalon.core.main.TestCaseExecutor.processExecutionPhase(TestCaseExecutor.java:418)
	at com.kms.katalon.core.main.TestCaseExecutor.accessMainPhase(TestCaseExecutor.java:410)
	at com.kms.katalon.core.main.TestCaseExecutor.execute(TestCaseExecutor.java:285)
	at com.kms.katalon.core.main.TestCaseMain.runTestCase(TestCaseMain.java:144)
	at com.kms.katalon.core.keyword.builtin.CallTestCaseKeyword$_callTestCase_closure1.doCall(CallTestCaseKeyword.groovy:59)
	at com.kms.katalon.core.keyword.builtin.CallTestCaseKeyword$_callTestCase_closure1.call(CallTestCaseKeyword.groovy)
	at com.kms.katalon.core.keyword.internal.KeywordMain.runKeyword(KeywordMain.groovy:75)
	at com.kms.katalon.core.keyword.builtin.CallTestCaseKeyword.callTestCase(CallTestCaseKeyword.groovy:81)
	at com.kms.katalon.core.keyword.builtin.CallTestCaseKeyword.execute(CallTestCaseKeyword.groovy:44)
	at com.kms.katalon.core.keyword.internal.KeywordExecutor.executeKeywordForPlatform(KeywordExecutor.groovy:74)
	at com.kms.katalon.core.keyword.BuiltinKeywords.callTestCase(BuiltinKeywords.groovy:310)
	at SA-005.run(SA-005:20)
	at com.kms.katalon.core.main.ScriptEngine.run(ScriptEngine.java:194)
	at com.kms.katalon.core.main.ScriptEngine.runScriptAsRawText(ScriptEngine.java:119)
	at com.kms.katalon.core.main.TestCaseExecutor.runScript(TestCaseExecutor.java:448)
	at com.kms.katalon.core.main.TestCaseExecutor.doExecute(TestCaseExecutor.java:439)
	at com.kms.katalon.core.main.TestCaseExecutor.processExecutionPhase(TestCaseExecutor.java:418)
	at com.kms.katalon.core.main.TestCaseExecutor.accessMainPhase(TestCaseExecutor.java:410)
	at com.kms.katalon.core.main.TestCaseExecutor.execute(TestCaseExecutor.java:285)
	at com.kms.katalon.core.common.CommonExecutor.accessTestCaseMainPhase(CommonExecutor.java:65)
	at com.kms.katalon.core.main.TestSuiteExecutor.accessTestSuiteMainPhase(TestSuiteExecutor.java:148)
	at com.kms.katalon.core.main.TestSuiteExecutor.execute(TestSuiteExecutor.java:106)
	at com.kms.katalon.core.main.TestCaseMain.startTestSuite(TestCaseMain.java:187)
	at com.kms.katalon.core.main.TestCaseMain$startTestSuite$0.call(Unknown Source)
	at TempTestSuite1696477503821.run(TempTestSuite1696477503821.groovy:36)
Caused by: org.openqa.selenium.NoAlertPresentException: no such alert
  (Session info: MicrosoftEdge=117.0.2045.43)
Build info: version: '3.141.59', revision: 'e82be7d358', time: '2018-11-14T08:25:53'
System info: host: 'DESKTOP-H62FVJ8', ip: '10.9.2.18', os.name: 'Windows 10', os.arch: 'amd64', os.version: '10.0', java.version: '1.8.0_362'
Driver info: com.kms.katalon.selenium.driver.CEdgeDriver
Capabilities {acceptInsecureCerts: true, browserName: msedge, browserVersion: 117.0.2045.43, fedcm:accounts: true, javascriptEnabled: true, ms:edgeOptions: {debuggerAddress: localhost:55317}, msedge: {msedgedriverVersion: 117.0.2045.47 (b75fe6866687..., userDataDir: C:\Users\IRFAN\AppData\Loca...}, networkConnectionEnabled: false, pageLoadStrategy: normal, platform: WINDOWS, platformName: WINDOWS, proxy: Proxy(), setWindowRect: true, strictFileInteractability: false, timeouts: {implicit: 0, pageLoad: 300000, script: 30000}, unhandledPromptBehavior: dismiss and notify, webauthn:extension:credBlob: true, webauthn:extension:largeBlob: true, webauthn:extension:minPinLength: true, webauthn:extension:prf: true, webauthn:virtualAuthenticators: true}
Session ID: f59cd8294d147d0ec79c2a4ef9791e5d
	at org.openqa.selenium.remote.http.W3CHttpResponseCodec.createException(W3CHttpResponseCodec.java:187)
	at org.openqa.selenium.remote.http.W3CHttpResponseCodec.decode(W3CHttpResponseCodec.java:122)
	at org.openqa.selenium.remote.http.W3CHttpResponseCodec.decode(W3CHttpResponseCodec.java:49)
	at org.openqa.selenium.remote.HttpCommandExecutor.execute(HttpCommandExecutor.java:158)
	at org.openqa.selenium.remote.service.DriverCommandExecutor.execute(DriverCommandExecutor.java:83)
	at org.openqa.selenium.remote.RemoteWebDriver.execute(RemoteWebDriver.java:552)
	at com.kms.katalon.selenium.driver.CEdgeDriver.execute(CEdgeDriver.java:20)
	at org.openqa.selenium.remote.RemoteWebDriver.execute(RemoteWebDriver.java:609)
	at org.openqa.selenium.remote.RemoteWebDriver$RemoteAlert.accept(RemoteWebDriver.java:947)
	at org.openqa.selenium.support.events.EventFiringWebDriver$EventFiringAlert.accept(EventFiringWebDriver.java:795)
	at com.kms.katalon.core.webui.keyword.builtin.AcceptAlertKeyword$_acceptAlert_closure1.doCall(AcceptAlertKeyword.groovy:75)
	at com.kms.katalon.core.webui.keyword.builtin.AcceptAlertKeyword$_acceptAlert_closure1.call(AcceptAlertKeyword.groovy)
	at com.kms.katalon.core.webui.keyword.internal.WebUIKeywordMain.runKeyword(WebUIKeywordMain.groovy:20)
	at com.kms.katalon.core.webui.keyword.builtin.AcceptAlertKeyword.acceptAlert(AcceptAlertKeyword.groovy:71)
	at com.kms.katalon.core.webui.keyword.builtin.AcceptAlertKeyword.execute(AcceptAlertKeyword.groovy:66)
	at com.kms.katalon.core.keyword.internal.KeywordExecutor.executeKeywordForPlatform(KeywordExecutor.groovy:74)
	at com.kms.katalon.core.webui.keyword.WebUiBuiltInKeywords.acceptAlert(WebUiBuiltInKeywords.groovy:1510)
	at com.kms.katalon.core.webui.keyword.WebUiBuiltInKeywords$acceptAlert$16.call(Unknown Source)
	at Script1695958728937.run(Script1695958728937.groovy:29)
	at com.kms.katalon.core.main.ScriptEngine.run(ScriptEngine.java:194)
	at com.kms.katalon.core.main.ScriptEngine.runScriptAsRawText(ScriptEngine.java:119)
	at com.kms.katalon.core.main.TestCaseExecutor.runScript(TestCaseExecutor.java:448)
	at com.kms.katalon.core.main.TestCaseExecutor.doExecute(TestCaseExecutor.java:439)
	at com.kms.katalon.core.main.TestCaseExecutor.processExecutionPhase(TestCaseExecutor.java:418)
	at com.kms.katalon.core.main.TestCaseExecutor.accessMainPhase(TestCaseExecutor.java:410)
	at com.kms.katalon.core.main.TestCaseExecutor.execute(TestCaseExecutor.java:285)
	at com.kms.katalon.core.main.TestCaseMain.runTestCase(TestCaseMain.java:144)
	at com.kms.katalon.core.keyword.builtin.CallTestCaseKeyword$_callTestCase_closure1.doCall(CallTestCaseKeyword.groovy:59)
	at com.kms.katalon.core.keyword.builtin.CallTestCaseKeyword$_callTestCase_closure1.call(CallTestCaseKeyword.groovy)
	at com.kms.katalon.core.keyword.internal.KeywordMain.runKeyword(KeywordMain.groovy:75)
	at com.kms.katalon.core.keyword.builtin.CallTestCaseKeyword.callTestCase(CallTestCaseKeyword.groovy:81)
	at com.kms.katalon.core.keyword.builtin.CallTestCaseKeyword.execute(CallTestCaseKeyword.groovy:44)
	at com.kms.katalon.core.keyword.internal.KeywordExecutor.executeKeywordForPlatform(KeywordExecutor.groovy:74)
	at com.kms.katalon.core.keyword.BuiltinKeywords.callTestCase(BuiltinKeywords.groovy:310)
	at Script1695958752151.run(Script1695958752151.groovy:20)
	... 13 more
)
[[ATTACHMENT|C:\\FT2 XSIS\\Projek 2 MINI PROJEK\\Reports\\20231005_104503\\T13 Pembelian, Shipment dan Pembayaran\\T13 Pembelian, Shipment dan Pembayaran\\20231005_104503\\1696479329927.png]]

2023-10-05 11:15:30 - [MESSAGE][FAILED] - Unable to call Test Case 'Test Cases/T13 Pembelian, Shipment dan Pembayaran/SA-002' (Root cause: com.kms.katalon.core.exception.StepFailedException: Call Test Case 'Test Cases/T13 Pembelian, Shipment dan Pembayaran/SA-002' failed
	at com.kms.katalon.core.keyword.builtin.CallTestCaseKeyword$_callTestCase_closure1.doCall(CallTestCaseKeyword.groovy:63)
	at com.kms.katalon.core.keyword.builtin.CallTestCaseKeyword$_callTestCase_closure1.call(CallTestCaseKeyword.groovy)
	at com.kms.katalon.core.keyword.internal.KeywordMain.runKeyword(KeywordMain.groovy:75)
	at com.kms.katalon.core.keyword.builtin.CallTestCaseKeyword.callTestCase(CallTestCaseKeyword.groovy:81)
	at com.kms.katalon.core.keyword.builtin.CallTestCaseKeyword.execute(CallTestCaseKeyword.groovy:44)
	at com.kms.katalon.core.keyword.internal.KeywordExecutor.executeKeywordForPlatform(KeywordExecutor.groovy:74)
	at com.kms.katalon.core.keyword.BuiltinKeywords.callTestCase(BuiltinKeywords.groovy:310)
	at SA-005.run(SA-005:20)
	at com.kms.katalon.core.main.ScriptEngine.run(ScriptEngine.java:194)
	at com.kms.katalon.core.main.ScriptEngine.runScriptAsRawText(ScriptEngine.java:119)
	at com.kms.katalon.core.main.TestCaseExecutor.runScript(TestCaseExecutor.java:448)
	at com.kms.katalon.core.main.TestCaseExecutor.doExecute(TestCaseExecutor.java:439)
	at com.kms.katalon.core.main.TestCaseExecutor.processExecutionPhase(TestCaseExecutor.java:418)
	at com.kms.katalon.core.main.TestCaseExecutor.accessMainPhase(TestCaseExecutor.java:410)
	at com.kms.katalon.core.main.TestCaseExecutor.execute(TestCaseExecutor.java:285)
	at com.kms.katalon.core.common.CommonExecutor.accessTestCaseMainPhase(CommonExecutor.java:65)
	at com.kms.katalon.core.main.TestSuiteExecutor.accessTestSuiteMainPhase(TestSuiteExecutor.java:148)
	at com.kms.katalon.core.main.TestSuiteExecutor.execute(TestSuiteExecutor.java:106)
	at com.kms.katalon.core.main.TestCaseMain.startTestSuite(TestCaseMain.java:187)
	at com.kms.katalon.core.main.TestCaseMain$startTestSuite$0.call(Unknown Source)
	at TempTestSuite1696477503821.run(TempTestSuite1696477503821.groovy:36)
Caused by: com.kms.katalon.core.exception.StepFailedException: Unable to accept alert
	at com.kms.katalon.core.webui.keyword.internal.WebUIKeywordMain.stepFailed(WebUIKeywordMain.groovy:64)
	at com.kms.katalon.core.webui.keyword.internal.WebUIKeywordMain.runKeyword(WebUIKeywordMain.groovy:26)
	at com.kms.katalon.core.webui.keyword.builtin.AcceptAlertKeyword.acceptAlert(AcceptAlertKeyword.groovy:71)
	at com.kms.katalon.core.webui.keyword.builtin.AcceptAlertKeyword.execute(AcceptAlertKeyword.groovy:66)
	at com.kms.katalon.core.keyword.internal.KeywordExecutor.executeKeywordForPlatform(KeywordExecutor.groovy:74)
	at com.kms.katalon.core.webui.keyword.WebUiBuiltInKeywords.acceptAlert(WebUiBuiltInKeywords.groovy:1510)
	at com.kms.katalon.core.webui.keyword.WebUiBuiltInKeywords$acceptAlert$16.call(Unknown Source)
	at SA-002.run(SA-002:29)
	at com.kms.katalon.core.main.ScriptEngine.run(ScriptEngine.java:194)
	at com.kms.katalon.core.main.ScriptEngine.runScriptAsRawText(ScriptEngine.java:119)
	at com.kms.katalon.core.main.TestCaseExecutor.runScript(TestCaseExecutor.java:448)
	at com.kms.katalon.core.main.TestCaseExecutor.doExecute(TestCaseExecutor.java:439)
	at com.kms.katalon.core.main.TestCaseExecutor.processExecutionPhase(TestCaseExecutor.java:418)
	at com.kms.katalon.core.main.TestCaseExecutor.accessMainPhase(TestCaseExecutor.java:410)
	at com.kms.katalon.core.main.TestCaseExecutor.execute(TestCaseExecutor.java:285)
	at com.kms.katalon.core.main.TestCaseMain.runTestCase(TestCaseMain.java:144)
	at com.kms.katalon.core.keyword.builtin.CallTestCaseKeyword$_callTestCase_closure1.doCall(CallTestCaseKeyword.groovy:59)
	... 20 more
Caused by: org.openqa.selenium.NoAlertPresentException: no such alert
  (Session info: MicrosoftEdge=117.0.2045.43)
Build info: version: '3.141.59', revision: 'e82be7d358', time: '2018-11-14T08:25:53'
System info: host: 'DESKTOP-H62FVJ8', ip: '10.9.2.18', os.name: 'Windows 10', os.arch: 'amd64', os.version: '10.0', java.version: '1.8.0_362'
Driver info: com.kms.katalon.selenium.driver.CEdgeDriver
Capabilities {acceptInsecureCerts: true, browserName: msedge, browserVersion: 117.0.2045.43, fedcm:accounts: true, javascriptEnabled: true, ms:edgeOptions: {debuggerAddress: localhost:55317}, msedge: {msedgedriverVersion: 117.0.2045.47 (b75fe6866687..., userDataDir: C:\Users\IRFAN\AppData\Loca...}, networkConnectionEnabled: false, pageLoadStrategy: normal, platform: WINDOWS, platformName: WINDOWS, proxy: Proxy(), setWindowRect: true, strictFileInteractability: false, timeouts: {implicit: 0, pageLoad: 300000, script: 30000}, unhandledPromptBehavior: dismiss and notify, webauthn:extension:credBlob: true, webauthn:extension:largeBlob: true, webauthn:extension:minPinLength: true, webauthn:extension:prf: true, webauthn:virtualAuthenticators: true}
Session ID: f59cd8294d147d0ec79c2a4ef9791e5d
	at org.openqa.selenium.remote.http.W3CHttpResponseCodec.createException(W3CHttpResponseCodec.java:187)
	at org.openqa.selenium.remote.http.W3CHttpResponseCodec.decode(W3CHttpResponseCodec.java:122)
	at org.openqa.selenium.remote.http.W3CHttpResponseCodec.decode(W3CHttpResponseCodec.java:49)
	at org.openqa.selenium.remote.HttpCommandExecutor.execute(HttpCommandExecutor.java:158)
	at org.openqa.selenium.remote.service.DriverCommandExecutor.execute(DriverCommandExecutor.java:83)
	at org.openqa.selenium.remote.RemoteWebDriver.execute(RemoteWebDriver.java:552)
	at com.kms.katalon.selenium.driver.CEdgeDriver.execute(CEdgeDriver.java:20)
	at org.openqa.selenium.remote.RemoteWebDriver.execute(RemoteWebDriver.java:609)
	at org.openqa.selenium.remote.RemoteWebDriver$RemoteAlert.accept(RemoteWebDriver.java:947)
	at org.openqa.selenium.support.events.EventFiringWebDriver$EventFiringAlert.accept(EventFiringWebDriver.java:795)
	at com.kms.katalon.core.webui.keyword.builtin.AcceptAlertKeyword$_acceptAlert_closure1.doCall(AcceptAlertKeyword.groovy:75)
	at com.kms.katalon.core.webui.keyword.builtin.AcceptAlertKeyword$_acceptAlert_closure1.call(AcceptAlertKeyword.groovy)
	at com.kms.katalon.core.webui.keyword.internal.WebUIKeywordMain.runKeyword(WebUIKeywordMain.groovy:20)
	... 35 more
)]]></system-out>
         <system-err><![CDATA[2023-10-05 11:13:57 - [TEST_CASE][FAILED] - Test Cases/T13 Pembelian, Shipment dan Pembayaran/SA-005: Test Cases/T13 Pembelian, Shipment dan Pembayaran/SA-005 FAILED.
Reason:
com.kms.katalon.core.exception.StepFailedException: Call Test Case 'Test Cases/T13 Pembelian, Shipment dan Pembayaran/SA-002' failed
	at com.kms.katalon.core.keyword.builtin.CallTestCaseKeyword$_callTestCase_closure1.doCall(CallTestCaseKeyword.groovy:63)
	at com.kms.katalon.core.keyword.builtin.CallTestCaseKeyword$_callTestCase_closure1.call(CallTestCaseKeyword.groovy)
	at com.kms.katalon.core.keyword.internal.KeywordMain.runKeyword(KeywordMain.groovy:75)
	at com.kms.katalon.core.keyword.builtin.CallTestCaseKeyword.callTestCase(CallTestCaseKeyword.groovy:81)
	at com.kms.katalon.core.keyword.builtin.CallTestCaseKeyword.execute(CallTestCaseKeyword.groovy:44)
	at com.kms.katalon.core.keyword.internal.KeywordExecutor.executeKeywordForPlatform(KeywordExecutor.groovy:74)
	at com.kms.katalon.core.keyword.BuiltinKeywords.callTestCase(BuiltinKeywords.groovy:310)
	at SA-005.run(SA-005:20)
	at com.kms.katalon.core.main.ScriptEngine.run(ScriptEngine.java:194)
	at com.kms.katalon.core.main.ScriptEngine.runScriptAsRawText(ScriptEngine.java:119)
	at com.kms.katalon.core.main.TestCaseExecutor.runScript(TestCaseExecutor.java:448)
	at com.kms.katalon.core.main.TestCaseExecutor.doExecute(TestCaseExecutor.java:439)
	at com.kms.katalon.core.main.TestCaseExecutor.processExecutionPhase(TestCaseExecutor.java:418)
	at com.kms.katalon.core.main.TestCaseExecutor.accessMainPhase(TestCaseExecutor.java:410)
	at com.kms.katalon.core.main.TestCaseExecutor.execute(TestCaseExecutor.java:285)
	at com.kms.katalon.core.common.CommonExecutor.accessTestCaseMainPhase(CommonExecutor.java:65)
	at com.kms.katalon.core.main.TestSuiteExecutor.accessTestSuiteMainPhase(TestSuiteExecutor.java:148)
	at com.kms.katalon.core.main.TestSuiteExecutor.execute(TestSuiteExecutor.java:106)
	at com.kms.katalon.core.main.TestCaseMain.startTestSuite(TestCaseMain.java:187)
	at com.kms.katalon.core.main.TestCaseMain$startTestSuite$0.call(Unknown Source)
	at TempTestSuite1696477503821.run(TempTestSuite1696477503821.groovy:36)
Caused by: com.kms.katalon.core.exception.StepFailedException: Unable to accept alert
	at com.kms.katalon.core.webui.keyword.internal.WebUIKeywordMain.stepFailed(WebUIKeywordMain.groovy:64)
	at com.kms.katalon.core.webui.keyword.internal.WebUIKeywordMain.runKeyword(WebUIKeywordMain.groovy:26)
	at com.kms.katalon.core.webui.keyword.builtin.AcceptAlertKeyword.acceptAlert(AcceptAlertKeyword.groovy:71)
	at com.kms.katalon.core.webui.keyword.builtin.AcceptAlertKeyword.execute(AcceptAlertKeyword.groovy:66)
	at com.kms.katalon.core.keyword.internal.KeywordExecutor.executeKeywordForPlatform(KeywordExecutor.groovy:74)
	at com.kms.katalon.core.webui.keyword.WebUiBuiltInKeywords.acceptAlert(WebUiBuiltInKeywords.groovy:1510)
	at com.kms.katalon.core.webui.keyword.WebUiBuiltInKeywords$acceptAlert$16.call(Unknown Source)
	at SA-002.run(SA-002:29)
	at com.kms.katalon.core.main.ScriptEngine.run(ScriptEngine.java:194)
	at com.kms.katalon.core.main.ScriptEngine.runScriptAsRawText(ScriptEngine.java:119)
	at com.kms.katalon.core.main.TestCaseExecutor.runScript(TestCaseExecutor.java:448)
	at com.kms.katalon.core.main.TestCaseExecutor.doExecute(TestCaseExecutor.java:439)
	at com.kms.katalon.core.main.TestCaseExecutor.processExecutionPhase(TestCaseExecutor.java:418)
	at com.kms.katalon.core.main.TestCaseExecutor.accessMainPhase(TestCaseExecutor.java:410)
	at com.kms.katalon.core.main.TestCaseExecutor.execute(TestCaseExecutor.java:285)
	at com.kms.katalon.core.main.TestCaseMain.runTestCase(TestCaseMain.java:144)
	at com.kms.katalon.core.keyword.builtin.CallTestCaseKeyword$_callTestCase_closure1.doCall(CallTestCaseKeyword.groovy:59)
	... 20 more
Caused by: org.openqa.selenium.NoAlertPresentException: no such alert
  (Session info: MicrosoftEdge=117.0.2045.43)
Build info: version: '3.141.59', revision: 'e82be7d358', time: '2018-11-14T08:25:53'
System info: host: 'DESKTOP-H62FVJ8', ip: '10.9.2.18', os.name: 'Windows 10', os.arch: 'amd64', os.version: '10.0', java.version: '1.8.0_362'
Driver info: com.kms.katalon.selenium.driver.CEdgeDriver
Capabilities {acceptInsecureCerts: true, browserName: msedge, browserVersion: 117.0.2045.43, fedcm:accounts: true, javascriptEnabled: true, ms:edgeOptions: {debuggerAddress: localhost:55317}, msedge: {msedgedriverVersion: 117.0.2045.47 (b75fe6866687..., userDataDir: C:\Users\IRFAN\AppData\Loca...}, networkConnectionEnabled: false, pageLoadStrategy: normal, platform: WINDOWS, platformName: WINDOWS, proxy: Proxy(), setWindowRect: true, strictFileInteractability: false, timeouts: {implicit: 0, pageLoad: 300000, script: 30000}, unhandledPromptBehavior: dismiss and notify, webauthn:extension:credBlob: true, webauthn:extension:largeBlob: true, webauthn:extension:minPinLength: true, webauthn:extension:prf: true, webauthn:virtualAuthenticators: true}
Session ID: f59cd8294d147d0ec79c2a4ef9791e5d
	at org.openqa.selenium.remote.http.W3CHttpResponseCodec.createException(W3CHttpResponseCodec.java:187)
	at org.openqa.selenium.remote.http.W3CHttpResponseCodec.decode(W3CHttpResponseCodec.java:122)
	at org.openqa.selenium.remote.http.W3CHttpResponseCodec.decode(W3CHttpResponseCodec.java:49)
	at org.openqa.selenium.remote.HttpCommandExecutor.execute(HttpCommandExecutor.java:158)
	at org.openqa.selenium.remote.service.DriverCommandExecutor.execute(DriverCommandExecutor.java:83)
	at org.openqa.selenium.remote.RemoteWebDriver.execute(RemoteWebDriver.java:552)
	at com.kms.katalon.selenium.driver.CEdgeDriver.execute(CEdgeDriver.java:20)
	at org.openqa.selenium.remote.RemoteWebDriver.execute(RemoteWebDriver.java:609)
	at org.openqa.selenium.remote.RemoteWebDriver$RemoteAlert.accept(RemoteWebDriver.java:947)
	at org.openqa.selenium.support.events.EventFiringWebDriver$EventFiringAlert.accept(EventFiringWebDriver.java:795)
	at com.kms.katalon.core.webui.keyword.builtin.AcceptAlertKeyword$_acceptAlert_closure1.doCall(AcceptAlertKeyword.groovy:75)
	at com.kms.katalon.core.webui.keyword.builtin.AcceptAlertKeyword$_acceptAlert_closure1.call(AcceptAlertKeyword.groovy)
	at com.kms.katalon.core.webui.keyword.internal.WebUIKeywordMain.runKeyword(WebUIKeywordMain.groovy:20)
	... 35 more]]></system-err>
      </testcase>
      <testcase name="Test Cases/T13 Pembelian, Shipment dan Pembayaran/SA-006" time="123.636" classname="Test Cases/T13 Pembelian, Shipment dan Pembayaran/SA-006" status="PASSED">
         <system-out><![CDATA[2023-10-05 11:15:30 - [TEST_CASE][PASSED] - Test Cases/T13 Pembelian, Shipment dan Pembayaran/SA-006: Test Cases/T13 Pembelian, Shipment dan Pembayaran/SA-006

2023-10-05 11:15:30 - [TEST_STEP][PASSED] - data = callTestCase(findTestCase("T13 Pembelian, Shipment dan Pembayaran/SA-002"), [:], STOP_ON_FAILURE): Call Test Case 'Test Cases/T13 Pembelian, Shipment dan Pembayaran/SA-002' successfully

2023-10-05 11:15:30 - [TEST_CASE][PASSED] - Test Cases/T13 Pembelian, Shipment dan Pembayaran/SA-002: Test Cases/T13 Pembelian, Shipment dan Pembayaran/SA-002

2023-10-05 11:15:30 - [TEST_STEP][PASSED] - data = callTestCase(findTestCase("T13 Pembelian, Shipment dan Pembayaran/SA-001"), [:], STOP_ON_FAILURE): Call Test Case 'Test Cases/T13 Pembelian, Shipment dan Pembayaran/SA-001' successfully

2023-10-05 11:15:30 - [TEST_CASE][PASSED] - Test Cases/T13 Pembelian, Shipment dan Pembayaran/SA-001: Test Cases/T13 Pembelian, Shipment dan Pembayaran/SA-001

2023-10-05 11:15:30 - [TEST_STEP][PASSED] - data = callTestCase(findTestCase("T13 Pembelian, Shipment dan Pembayaran/PBYA-001"), [:], STOP_ON_FAILURE): Call Test Case 'Test Cases/T13 Pembelian, Shipment dan Pembayaran/PBYA-001' successfully

2023-10-05 11:15:30 - [TEST_CASE][PASSED] - Test Cases/T13 Pembelian, Shipment dan Pembayaran/PBYA-001: Test Cases/T13 Pembelian, Shipment dan Pembayaran/PBYA-001

2023-10-05 11:15:30 - [TEST_STEP][PASSED] - data = callTestCase(findTestCase("T13 Pembelian, Shipment dan Pembayaran/PBY-004"), [:], STOP_ON_FAILURE): Call Test Case 'Test Cases/T13 Pembelian, Shipment dan Pembayaran/PBY-004' successfully

2023-10-05 11:15:30 - [TEST_CASE][PASSED] - Test Cases/T13 Pembelian, Shipment dan Pembayaran/PBY-004: Test Cases/T13 Pembelian, Shipment dan Pembayaran/PBY-004

2023-10-05 11:15:30 - [TEST_STEP][PASSED] - data = callTestCase(findTestCase("T13 Pembelian, Shipment dan Pembayaran/PBY-001"), [:], STOP_ON_FAILURE): Call Test Case 'Test Cases/T13 Pembelian, Shipment dan Pembayaran/PBY-001' successfully

2023-10-05 11:15:30 - [TEST_CASE][PASSED] - Test Cases/T13 Pembelian, Shipment dan Pembayaran/PBY-001: Test Cases/T13 Pembelian, Shipment dan Pembayaran/PBY-001

2023-10-05 11:15:30 - [TEST_STEP][PASSED] - data = callTestCase(findTestCase("T13 Pembelian, Shipment dan Pembayaran/PBL-004"), ["Kurir":"Roda 2"], STOP_ON_FAILURE): Call Test Case 'Test Cases/T13 Pembelian, Shipment dan Pembayaran/PBL-004' successfully

2023-10-05 11:15:30 - [TEST_CASE][PASSED] - Test Cases/T13 Pembelian, Shipment dan Pembayaran/PBL-004: Test Cases/T13 Pembelian, Shipment dan Pembayaran/PBL-004

2023-10-05 11:15:30 - [TEST_STEP][PASSED] - data = callTestCase(findTestCase("T13 Pembelian, Shipment dan Pembayaran/PBL-002"), [:], STOP_ON_FAILURE): Call Test Case 'Test Cases/T13 Pembelian, Shipment dan Pembayaran/PBL-002' successfully

2023-10-05 11:15:31 - [TEST_CASE][PASSED] - Test Cases/T13 Pembelian, Shipment dan Pembayaran/PBL-002: Test Cases/T13 Pembelian, Shipment dan Pembayaran/PBL-002

2023-10-05 11:15:31 - [TEST_STEP][PASSED] - data = callTestCase(findTestCase("T13 Pembelian, Shipment dan Pembayaran/PBL-001"), [:], STOP_ON_FAILURE): Call Test Case 'Test Cases/T13 Pembelian, Shipment dan Pembayaran/PBL-001' successfully

2023-10-05 11:15:31 - [TEST_CASE][PASSED] - Test Cases/T13 Pembelian, Shipment dan Pembayaran/PBL-001: Test Cases/T13 Pembelian, Shipment dan Pembayaran/PBL-001

2023-10-05 11:15:31 - [TEST_STEP][PASSED] - callTestCase(findTestCase("T13 Pembelian, Shipment dan Pembayaran/LU-001"), ["username":"irfanafandi", "password":"12345irfan"], STOP_ON_FAILURE): Call Test Case 'Test Cases/T13 Pembelian, Shipment dan Pembayaran/LU-001' successfully

2023-10-05 11:15:31 - [TEST_CASE][PASSED] - Test Cases/T13 Pembelian, Shipment dan Pembayaran/LU-001: Test Cases/T13 Pembelian, Shipment dan Pembayaran/LU-001

2023-10-05 11:15:31 - [TEST_STEP][PASSED] - openBrowser("https://10.9.2.63/ecommerce/"): Browser is opened with url: 'https://10.9.2.63/ecommerce/'

2023-10-05 11:15:31 - [MESSAGE][WARNING] - A browser is already opened. Closing browser and opening a new one

2023-10-05 11:15:31 - [MESSAGE][INFO] - Starting 'Edge Chromium' driver

2023-10-05 11:15:31 - [MESSAGE][INFO] - User set preference: ['acceptInsecureCerts', 'true']

2023-10-05 11:15:34 - [MESSAGE][INFO] - Action delay is set to 0 milliseconds

2023-10-05 11:15:37 - [MESSAGE][PASSED] - Browser is opened with url: 'https://10.9.2.63/ecommerce/'

2023-10-05 11:15:37 - [TEST_STEP][PASSED] - maximizeWindow(): Current window maximized

2023-10-05 11:15:37 - [MESSAGE][PASSED] - Current window maximized

2023-10-05 11:15:37 - [TEST_STEP][PASSED] - verifyElementPresent(findTestObject("Login/Home"), 0): Object 'Object Repository/Login/Home' is present

2023-10-05 11:15:37 - [MESSAGE][WARNING] - Timeout '0' is invalid. Using default page load timeout: '30'

2023-10-05 11:15:38 - [MESSAGE][PASSED] - Object 'Object Repository/Login/Home' is present

2023-10-05 11:15:38 - [TEST_STEP][PASSED] - click(findTestObject("Login/a_Login")): Object: 'Object Repository/Login/a_Login' is clicked on

2023-10-05 11:15:39 - [MESSAGE][PASSED] - Object: 'Object Repository/Login/a_Login' is clicked on

2023-10-05 11:15:39 - [TEST_STEP][PASSED] - verifyElementPresent(findTestObject("Login/Tittle Login"), 0): Object 'Object Repository/Login/Tittle Login' is present

2023-10-05 11:15:39 - [MESSAGE][WARNING] - Timeout '0' is invalid. Using default page load timeout: '30'

2023-10-05 11:15:39 - [MESSAGE][PASSED] - Object 'Object Repository/Login/Tittle Login' is present

2023-10-05 11:15:39 - [TEST_STEP][PASSED] - setText(findTestObject("Login/input_Username, Email atau No. Handphone_a"), username): Text 'irfanafandi' is set on object 'Object Repository/Login/input_Username, Email atau No. Handphone_a'

2023-10-05 11:15:40 - [MESSAGE][PASSED] - Text 'irfanafandi' is set on object 'Object Repository/Login/input_Username, Email atau No. Handphone_a'

2023-10-05 11:15:40 - [TEST_STEP][PASSED] - setText(findTestObject("Login/input_Password_b"), password): Text '12345irfan' is set on object 'Object Repository/Login/input_Password_b'

2023-10-05 11:15:41 - [MESSAGE][PASSED] - Text '12345irfan' is set on object 'Object Repository/Login/input_Password_b'

2023-10-05 11:15:41 - [TEST_STEP][PASSED] - click(findTestObject("Login/label_Ingat saya")): Object: 'Object Repository/Login/label_Ingat saya' is clicked on

2023-10-05 11:15:41 - [MESSAGE][PASSED] - Object: 'Object Repository/Login/label_Ingat saya' is clicked on

2023-10-05 11:15:41 - [TEST_STEP][PASSED] - click(findTestObject("Login/button_Masuk")): Object: 'Object Repository/Login/button_Masuk' is clicked on

2023-10-05 11:15:43 - [MESSAGE][PASSED] - Object: 'Object Repository/Login/button_Masuk' is clicked on

2023-10-05 11:15:43 - [TEST_STEP][PASSED] - verifyElementPresent(findTestObject("Login/li_Profile"), 0): Object 'Object Repository/Login/li_Profile' is present

2023-10-05 11:15:43 - [MESSAGE][WARNING] - Timeout '0' is invalid. Using default page load timeout: '30'

2023-10-05 11:15:44 - [MESSAGE][PASSED] - Object 'Object Repository/Login/li_Profile' is present

2023-10-05 11:15:44 - [MESSAGE][PASSED] - Call Test Case 'Test Cases/T13 Pembelian, Shipment dan Pembayaran/LU-001' successfully

2023-10-05 11:15:44 - [TEST_STEP][PASSED] - mouseOver(findTestObject("beli barang/i_Mulai Belanja_icon-menu")): Object: 'Object Repository/beli barang/i_Mulai Belanja_icon-menu' is hovered

2023-10-05 11:15:44 - [MESSAGE][PASSED] - Object: 'Object Repository/beli barang/i_Mulai Belanja_icon-menu' is hovered

2023-10-05 11:15:44 - [TEST_STEP][PASSED] - click(findTestObject("beli barang/a_Fashion  Busana Wanita")): Object: 'Object Repository/beli barang/a_Fashion  Busana Wanita' is clicked on

2023-10-05 11:15:45 - [MESSAGE][PASSED] - Object: 'Object Repository/beli barang/a_Fashion  Busana Wanita' is clicked on

2023-10-05 11:15:45 - [TEST_STEP][PASSED] - NamaSebelum = getText(findTestObject("verifikasi/Nama sebelum")): Text of object 'Object Repository/verifikasi/Nama sebelum' is: ''

2023-10-05 11:15:46 - [MESSAGE][PASSED] - Text of object 'Object Repository/verifikasi/Nama sebelum' is: ''

2023-10-05 11:15:46 - [TEST_STEP][PASSED] - HargaSebelum = getText(findTestObject("verifikasi/Harga sebelum")): Text of object 'Object Repository/verifikasi/Harga sebelum' is: 'Rp 1,299'

2023-10-05 11:15:46 - [MESSAGE][PASSED] - Text of object 'Object Repository/verifikasi/Harga sebelum' is: 'Rp 1,299'

2023-10-05 11:15:46 - [TEST_STEP][PASSED] - mouseOver(findTestObject("beli barang/barang mouse over")): Object: 'Object Repository/beli barang/barang mouse over' is hovered

2023-10-05 11:15:47 - [MESSAGE][PASSED] - Object: 'Object Repository/beli barang/barang mouse over' is hovered

2023-10-05 11:15:47 - [TEST_STEP][PASSED] - click(findTestObject("beli barang/buttom add to cart")): Object: 'Object Repository/beli barang/buttom add to cart' is clicked on

2023-10-05 11:15:49 - [MESSAGE][PASSED] - Object: 'Object Repository/beli barang/buttom add to cart' is clicked on

2023-10-05 11:15:49 - [TEST_STEP][PASSED] - NamaSesudah = getText(findTestObject("verifikasi/Nama sesudah")): Text of object 'Object Repository/verifikasi/Nama sesudah' is: 'Segitiga Instan Madeira - MDB5.3 Sunset'

2023-10-05 11:15:49 - [MESSAGE][PASSED] - Text of object 'Object Repository/verifikasi/Nama sesudah' is: 'Segitiga Instan Madeira - MDB5.3 Sunset'

2023-10-05 11:15:49 - [TEST_STEP][PASSED] - HargaSesudah = getText(findTestObject("verifikasi/Harga sesudah")): Text of object 'Object Repository/verifikasi/Harga sesudah' is: 'Rp 1,299'

2023-10-05 11:15:50 - [MESSAGE][PASSED] - Text of object 'Object Repository/verifikasi/Harga sesudah' is: 'Rp 1,299'

2023-10-05 11:15:50 - [TEST_STEP][PASSED] - assert NamaSesudah.contains(NamaSebelum): null

2023-10-05 11:15:50 - [TEST_STEP][PASSED] - assert HargaSesudah.contains(HargaSebelum): null

2023-10-05 11:15:50 - [TEST_STEP][PASSED] - click(findTestObject("beli barang/Tambah Keranjang busana wanita")): Object: 'Object Repository/beli barang/Tambah Keranjang busana wanita' is clicked on

2023-10-05 11:15:50 - [MESSAGE][PASSED] - Object: 'Object Repository/beli barang/Tambah Keranjang busana wanita' is clicked on

2023-10-05 11:15:50 - [TEST_STEP][PASSED] - verifyElementPresent(findTestObject("checkout/Notifikasi keranjang"), 1): Object 'Object Repository/checkout/Notifikasi keranjang' is present

2023-10-05 11:15:51 - [MESSAGE][PASSED] - Object 'Object Repository/checkout/Notifikasi keranjang' is present

2023-10-05 11:15:51 - [TEST_STEP][PASSED] - data = new java.util.HashMap(): null

2023-10-05 11:15:51 - [TEST_STEP][PASSED] - data.put("nama_barang", NamaSesudah): null

2023-10-05 11:15:51 - [TEST_STEP][PASSED] - data.put("price_barang", HargaSesudah): null

2023-10-05 11:15:51 - [TEST_STEP][PASSED] - return data: null

2023-10-05 11:15:51 - [MESSAGE][PASSED] - Call Test Case 'Test Cases/T13 Pembelian, Shipment dan Pembayaran/PBL-001' successfully

2023-10-05 11:15:51 - [TEST_STEP][PASSED] - mouseOver(findTestObject("beli barang/keranjang")): Object: 'Object Repository/beli barang/keranjang' is hovered

2023-10-05 11:15:51 - [MESSAGE][PASSED] - Object: 'Object Repository/beli barang/keranjang' is hovered

2023-10-05 11:15:51 - [TEST_STEP][PASSED] - click(findTestObject("beli barang/Lihat Sekarang")): Object: 'Object Repository/beli barang/Lihat Sekarang' is clicked on

2023-10-05 11:15:53 - [MESSAGE][PASSED] - Object: 'Object Repository/beli barang/Lihat Sekarang' is clicked on

2023-10-05 11:15:53 - [TEST_STEP][PASSED] - verifyElementPresent(findTestObject("keranjang/li_Keranjang Belanja"), 0): Object 'Object Repository/keranjang/li_Keranjang Belanja' is present

2023-10-05 11:15:53 - [MESSAGE][WARNING] - Timeout '0' is invalid. Using default page load timeout: '30'

2023-10-05 11:15:54 - [MESSAGE][PASSED] - Object 'Object Repository/keranjang/li_Keranjang Belanja' is present

2023-10-05 11:15:54 - [TEST_STEP][PASSED] - NamaKeranjang = getText(findTestObject("verifikasi/Nama keranjang")): Text of object 'Object Repository/verifikasi/Nama keranjang' is: 'Segitiga Instan Madeira - MDB5.3 Sunset'

2023-10-05 11:15:54 - [MESSAGE][PASSED] - Text of object 'Object Repository/verifikasi/Nama keranjang' is: 'Segitiga Instan Madeira - MDB5.3 Sunset'

2023-10-05 11:15:54 - [TEST_STEP][PASSED] - HargaKeranjang = getText(findTestObject("verifikasi/Harga Keranjang")): Text of object 'Object Repository/verifikasi/Harga Keranjang' is: 'Rp 1,299'

2023-10-05 11:15:55 - [MESSAGE][PASSED] - Text of object 'Object Repository/verifikasi/Harga Keranjang' is: 'Rp 1,299'

2023-10-05 11:15:55 - [TEST_STEP][PASSED] - if (toString().equalsIgnoreCase("Merah")): Object 'Object Repository/keranjang/input_Warna_variasi101' is checked

2023-10-05 11:15:55 - [TEST_STEP][PASSED] - check(findTestObject("Object Repository/keranjang/input_Warna_variasi101")): Object 'Object Repository/keranjang/input_Warna_variasi101' is checked

2023-10-05 11:15:55 - [MESSAGE][PASSED] - Object 'Object Repository/keranjang/input_Warna_variasi101' is checked

2023-10-05 11:15:55 - [TEST_STEP][PASSED] - if (toString().equalsIgnoreCase("Menengah")): Object 'Object Repository/keranjang/input_Ukuran_variasi201' is checked

2023-10-05 11:15:55 - [TEST_STEP][PASSED] - check(findTestObject("Object Repository/keranjang/input_Ukuran_variasi201")): Object 'Object Repository/keranjang/input_Ukuran_variasi201' is checked

2023-10-05 11:15:56 - [MESSAGE][PASSED] - Object 'Object Repository/keranjang/input_Ukuran_variasi201' is checked

2023-10-05 11:15:56 - [TEST_STEP][PASSED] - data.put("Warna", warna): null

2023-10-05 11:15:56 - [TEST_STEP][PASSED] - data.put("Ukuran", ukuran): null

2023-10-05 11:15:56 - [TEST_STEP][PASSED] - click(findTestObject("keranjang/button_Lanjut ke Pembayaran")): Object: 'Object Repository/keranjang/button_Lanjut ke Pembayaran' is clicked on

2023-10-05 11:15:57 - [MESSAGE][PASSED] - Object: 'Object Repository/keranjang/button_Lanjut ke Pembayaran' is clicked on

2023-10-05 11:15:57 - [TEST_STEP][PASSED] - verifyElementPresent(findTestObject("checkout/Tittle Checkout Order"), 0): Object 'Object Repository/checkout/Tittle Checkout Order' is present

2023-10-05 11:15:57 - [MESSAGE][WARNING] - Timeout '0' is invalid. Using default page load timeout: '30'

2023-10-05 11:15:58 - [MESSAGE][PASSED] - Object 'Object Repository/checkout/Tittle Checkout Order' is present

2023-10-05 11:15:58 - [TEST_STEP][PASSED] - name_product = data.get("nama_barang"): null

2023-10-05 11:15:58 - [TEST_STEP][PASSED] - price_product = data.get("price_barang"): null

2023-10-05 11:15:58 - [TEST_STEP][PASSED] - assert name_product == NamaKeranjang: null

2023-10-05 11:15:58 - [TEST_STEP][PASSED] - assert price_product == HargaKeranjang: null

2023-10-05 11:15:58 - [TEST_STEP][PASSED] - return data: null

2023-10-05 11:15:58 - [MESSAGE][PASSED] - Call Test Case 'Test Cases/T13 Pembelian, Shipment dan Pembayaran/PBL-002' successfully

2023-10-05 11:15:58 - [TEST_STEP][PASSED] - warnaa = getText(findTestObject("verifikasi/warna Merah")): Text of object 'Object Repository/verifikasi/warna Merah' is: 'Merah'

2023-10-05 11:15:58 - [MESSAGE][PASSED] - Text of object 'Object Repository/verifikasi/warna Merah' is: 'Merah'

2023-10-05 11:15:58 - [TEST_STEP][PASSED] - ukurann = getText(findTestObject("verifikasi/Ukuran Menengah")): Text of object 'Object Repository/verifikasi/Ukuran Menengah' is: 'Menengah'

2023-10-05 11:15:59 - [MESSAGE][PASSED] - Text of object 'Object Repository/verifikasi/Ukuran Menengah' is: 'Menengah'

2023-10-05 11:15:59 - [TEST_STEP][PASSED] - warna1 = data.get("Warna"): null

2023-10-05 11:15:59 - [TEST_STEP][PASSED] - ukuran1 = data.get("Ukuran"): null

2023-10-05 11:15:59 - [TEST_STEP][PASSED] - assert warnaa == warna1: null

2023-10-05 11:15:59 - [TEST_STEP][PASSED] - assert ukurann == ukuran1: null

2023-10-05 11:15:59 - [TEST_STEP][PASSED] - NamaCheckout = getText(findTestObject("verifikasi/NamaCheckout")): Text of object 'Object Repository/verifikasi/NamaCheckout' is: ''

2023-10-05 11:15:59 - [MESSAGE][PASSED] - Text of object 'Object Repository/verifikasi/NamaCheckout' is: ''

2023-10-05 11:15:59 - [TEST_STEP][PASSED] - HargaCheckout = getText(findTestObject("verifikasi/HargaCheckout")): Text of object 'Object Repository/verifikasi/HargaCheckout' is: '1,299'

2023-10-05 11:15:59 - [MESSAGE][PASSED] - Text of object 'Object Repository/verifikasi/HargaCheckout' is: '1,299'

2023-10-05 11:15:59 - [TEST_STEP][PASSED] - name_product = data.get("nama_barang"): null

2023-10-05 11:15:59 - [TEST_STEP][PASSED] - price_product = data.get("price_barang"): null

2023-10-05 11:15:59 - [TEST_STEP][PASSED] - assert name_product.contains(NamaCheckout): null

2023-10-05 11:15:59 - [TEST_STEP][PASSED] - assert price_product.contains(HargaCheckout): null

2023-10-05 11:15:59 - [TEST_STEP][PASSED] - selectOptionByLabel(findTestObject("checkout/select - Kirim via Kurir Lokal"), Kurir, false): All options with label 'Roda 2' are selected in object 'Object Repository/checkout/select - Kirim via Kurir Lokal' 

2023-10-05 11:16:00 - [MESSAGE][PASSED] - All options with label 'Roda 2' are selected in object 'Object Repository/checkout/select - Kirim via Kurir Lokal' 

2023-10-05 11:16:00 - [TEST_STEP][PASSED] - click(findTestObject("checkout/Kendaraan Kurir")): Object: 'Object Repository/checkout/Kendaraan Kurir' is clicked on

2023-10-05 11:16:01 - [MESSAGE][PASSED] - Object: 'Object Repository/checkout/Kendaraan Kurir' is clicked on

2023-10-05 11:16:01 - [TEST_STEP][PASSED] - OngkosKirim = getText(findTestObject("Object Repository/verifikasi/Ongkos Kirim checkout")): Text of object 'Object Repository/verifikasi/Ongkos Kirim checkout' is: 'Rp. 5,000'

2023-10-05 11:16:02 - [MESSAGE][PASSED] - Text of object 'Object Repository/verifikasi/Ongkos Kirim checkout' is: 'Rp. 5,000'

2023-10-05 11:16:02 - [TEST_STEP][PASSED] - Ongkos = OngkosKirim.substring(3, OngkosKirim.size()): null

2023-10-05 11:16:02 - [TEST_STEP][PASSED] - rep = Ongkos.replace(",", "."): null

2023-10-05 11:16:02 - [TEST_STEP][PASSED] - Ongkos_kirim = Double.parseDouble(rep): null

2023-10-05 11:16:02 - [TEST_STEP][PASSED] - println(Ongkos_kirim): null

2023-10-05 11:16:02 - [TEST_STEP][PASSED] - FeeAdmin = getText(findTestObject("verifikasi/Fee Admin checkout")): Text of object 'Object Repository/verifikasi/Fee Admin checkout' is: 'Fee Admin
Rp 1,500'

2023-10-05 11:16:02 - [MESSAGE][PASSED] - Text of object 'Object Repository/verifikasi/Fee Admin checkout' is: 'Fee Admin
Rp 1,500'

2023-10-05 11:16:02 - [TEST_STEP][PASSED] - Fee_Admin = FeeAdmin.substring(12, FeeAdmin.size()): null

2023-10-05 11:16:02 - [TEST_STEP][PASSED] - fee = Fee_Admin.replace(",", "."): null

2023-10-05 11:16:02 - [TEST_STEP][PASSED] - fee_admin = Double.parseDouble(fee): null

2023-10-05 11:16:02 - [TEST_STEP][PASSED] - println(fee_admin): null

2023-10-05 11:16:02 - [TEST_STEP][PASSED] - Subtotal = getText(findTestObject("verifikasi/subtotal checkout")): Text of object 'Object Repository/verifikasi/subtotal checkout' is: 'Subtotal
Rp 1,299'

2023-10-05 11:16:03 - [MESSAGE][PASSED] - Text of object 'Object Repository/verifikasi/subtotal checkout' is: 'Subtotal
Rp 1,299'

2023-10-05 11:16:03 - [TEST_STEP][PASSED] - sub_total = Subtotal.substring(12, Subtotal.size()): null

2023-10-05 11:16:03 - [TEST_STEP][PASSED] - sub = sub_total.replace(",", "."): null

2023-10-05 11:16:03 - [TEST_STEP][PASSED] - sub_total = Double.parseDouble(sub): null

2023-10-05 11:16:03 - [TEST_STEP][PASSED] - println(sub_total): null

2023-10-05 11:16:03 - [TEST_STEP][PASSED] - Total = getText(findTestObject("verifikasi/Total checkout")): Text of object 'Object Repository/verifikasi/Total checkout' is: 'Rp 7,799'

2023-10-05 11:16:03 - [MESSAGE][PASSED] - Text of object 'Object Repository/verifikasi/Total checkout' is: 'Rp 7,799'

2023-10-05 11:16:03 - [TEST_STEP][PASSED] - totall = Total.substring(3, Total.size()): null

2023-10-05 11:16:03 - [TEST_STEP][PASSED] - total = totall.replace(",", "."): null

2023-10-05 11:16:03 - [TEST_STEP][PASSED] - totall = Double.parseDouble(total): null

2023-10-05 11:16:03 - [TEST_STEP][PASSED] - println(totall): null

2023-10-05 11:16:03 - [TEST_STEP][PASSED] - Total_Harga = Ongkos_kirim + fee_admin + sub_total: null

2023-10-05 11:16:03 - [TEST_STEP][PASSED] - println(Total_Harga): null

2023-10-05 11:16:03 - [TEST_STEP][PASSED] - TotalHarga = Math.round(Total_Harga * 1000) / 1000: null

2023-10-05 11:16:03 - [TEST_STEP][PASSED] - println(TotalHarga): null

2023-10-05 11:16:03 - [TEST_STEP][PASSED] - assert totall == TotalHarga: null

2023-10-05 11:16:03 - [TEST_STEP][PASSED] - click(findTestObject("verifikasi/Metode Transfer")): Object: 'Object Repository/verifikasi/Metode Transfer' is clicked on

2023-10-05 11:16:03 - [MESSAGE][PASSED] - Object: 'Object Repository/verifikasi/Metode Transfer' is clicked on

2023-10-05 11:16:03 - [TEST_STEP][PASSED] - click(findTestObject("checkout/button_Proses Pembayaran")): Object: 'Object Repository/checkout/button_Proses Pembayaran' is clicked on

2023-10-05 11:16:14 - [MESSAGE][PASSED] - Object: 'Object Repository/checkout/button_Proses Pembayaran' is clicked on

2023-10-05 11:16:14 - [TEST_STEP][PASSED] - verifyElementPresent(findTestObject("pembayaran/Tittle nomor invoice"), 0): Object 'Object Repository/pembayaran/Tittle nomor invoice' is present

2023-10-05 11:16:14 - [MESSAGE][WARNING] - Timeout '0' is invalid. Using default page load timeout: '30'

2023-10-05 11:16:15 - [MESSAGE][PASSED] - Object 'Object Repository/pembayaran/Tittle nomor invoice' is present

2023-10-05 11:16:15 - [TEST_STEP][PASSED] - return data: null

2023-10-05 11:16:15 - [MESSAGE][PASSED] - Call Test Case 'Test Cases/T13 Pembelian, Shipment dan Pembayaran/PBL-004' successfully

2023-10-05 11:16:15 - [TEST_STEP][PASSED] - Invoice = getText(findTestObject("pembayaran/nomor invoice")): Text of object 'Object Repository/pembayaran/nomor invoice' is: 'TRX60.20231005111607'

2023-10-05 11:16:15 - [MESSAGE][PASSED] - Text of object 'Object Repository/pembayaran/nomor invoice' is: 'TRX60.20231005111607'

2023-10-05 11:16:15 - [TEST_STEP][PASSED] - data.put("invoice", Invoice): null

2023-10-05 11:16:15 - [TEST_STEP][PASSED] - NamaPemesan = getText(findTestObject("Konfirmasi pesanan shop/Nama pemesan")): Text of object 'Object Repository/Konfirmasi pesanan shop/Nama pemesan' is: 'irfan.afandi'

2023-10-05 11:16:16 - [MESSAGE][PASSED] - Text of object 'Object Repository/Konfirmasi pesanan shop/Nama pemesan' is: 'irfan.afandi'

2023-10-05 11:16:16 - [TEST_STEP][PASSED] - Nama = getText(findTestObject("pembayaran/Nama barang")): Text of object 'Object Repository/pembayaran/Nama barang' is: 'Segitiga Instan Madeira - MDB5.3 Sunset'

2023-10-05 11:16:17 - [MESSAGE][PASSED] - Text of object 'Object Repository/pembayaran/Nama barang' is: 'Segitiga Instan Madeira - MDB5.3 Sunset'

2023-10-05 11:16:17 - [TEST_STEP][PASSED] - Harga = getText(findTestObject("pembayaran/Harga barang")): Text of object 'Object Repository/pembayaran/Harga barang' is: '1,299'

2023-10-05 11:16:17 - [MESSAGE][PASSED] - Text of object 'Object Repository/pembayaran/Harga barang' is: '1,299'

2023-10-05 11:16:17 - [TEST_STEP][PASSED] - name_product = data.get("nama_barang"): null

2023-10-05 11:16:17 - [TEST_STEP][PASSED] - price_product = data.get("price_barang"): null

2023-10-05 11:16:17 - [TEST_STEP][PASSED] - assert name_product.contains(Nama): null

2023-10-05 11:16:17 - [TEST_STEP][PASSED] - assert price_product.contains(Harga): null

2023-10-05 11:16:17 - [TEST_STEP][PASSED] - warnaa = getText(findTestObject("pembayaran/warna")): Text of object 'Object Repository/pembayaran/warna' is: 'Merah'

2023-10-05 11:16:17 - [MESSAGE][PASSED] - Text of object 'Object Repository/pembayaran/warna' is: 'Merah'

2023-10-05 11:16:17 - [TEST_STEP][PASSED] - ukurann = getText(findTestObject("pembayaran/ukuran")): Text of object 'Object Repository/pembayaran/ukuran' is: 'Menengah'

2023-10-05 11:16:18 - [MESSAGE][PASSED] - Text of object 'Object Repository/pembayaran/ukuran' is: 'Menengah'

2023-10-05 11:16:18 - [TEST_STEP][PASSED] - warna1 = data.get("Warna"): null

2023-10-05 11:16:18 - [TEST_STEP][PASSED] - ukuran1 = data.get("Ukuran"): null

2023-10-05 11:16:18 - [TEST_STEP][PASSED] - assert warnaa == warna1: null

2023-10-05 11:16:18 - [TEST_STEP][PASSED] - assert ukurann == ukuran1: null

2023-10-05 11:16:18 - [TEST_STEP][PASSED] - statusPembelian = getText(findTestObject("verifikasi/Status pending di pembelian")): Text of object 'Object Repository/verifikasi/Status pending di pembelian' is: 'Pending'

2023-10-05 11:16:19 - [MESSAGE][PASSED] - Text of object 'Object Repository/verifikasi/Status pending di pembelian' is: 'Pending'

2023-10-05 11:16:19 - [TEST_STEP][PASSED] - data.put("statusPem", statusPembelian): null

2023-10-05 11:16:19 - [TEST_STEP][PASSED] - OngkosKirim = getText(findTestObject("pembayaran/ongkos kirim")): Text of object 'Object Repository/pembayaran/ongkos kirim' is: 'Rp 5,000'

2023-10-05 11:16:19 - [MESSAGE][PASSED] - Text of object 'Object Repository/pembayaran/ongkos kirim' is: 'Rp 5,000'

2023-10-05 11:16:19 - [TEST_STEP][PASSED] - Ongkos = OngkosKirim.substring(3, OngkosKirim.size()): null

2023-10-05 11:16:19 - [TEST_STEP][PASSED] - rep = Ongkos.replace(",", ""): null

2023-10-05 11:16:19 - [TEST_STEP][PASSED] - Ongkos_kirimm = Integer.parseInt(rep): null

2023-10-05 11:16:19 - [TEST_STEP][PASSED] - println(Ongkos_kirimm): null

2023-10-05 11:16:19 - [TEST_STEP][PASSED] - FeeAdmin = getText(findTestObject("pembayaran/fee admin")): Text of object 'Object Repository/pembayaran/fee admin' is: 'Rp 1,500'

2023-10-05 11:16:20 - [MESSAGE][PASSED] - Text of object 'Object Repository/pembayaran/fee admin' is: 'Rp 1,500'

2023-10-05 11:16:20 - [TEST_STEP][PASSED] - Fee_Admin = FeeAdmin.substring(3, FeeAdmin.size()): null

2023-10-05 11:16:20 - [TEST_STEP][PASSED] - fee = Fee_Admin.replace(",", ""): null

2023-10-05 11:16:20 - [TEST_STEP][PASSED] - fee_adminn = Integer.parseInt(fee): null

2023-10-05 11:16:20 - [TEST_STEP][PASSED] - println(fee_adminn): null

2023-10-05 11:16:20 - [TEST_STEP][PASSED] - Subtotal = getText(findTestObject("pembayaran/subtotal")): Text of object 'Object Repository/pembayaran/subtotal' is: 'Rp 1,299'

2023-10-05 11:16:20 - [MESSAGE][PASSED] - Text of object 'Object Repository/pembayaran/subtotal' is: 'Rp 1,299'

2023-10-05 11:16:20 - [TEST_STEP][PASSED] - sub_total = Subtotal.substring(3, Subtotal.size()): null

2023-10-05 11:16:20 - [TEST_STEP][PASSED] - sub = sub_total.replace(",", ""): null

2023-10-05 11:16:20 - [TEST_STEP][PASSED] - sub_totall = Integer.parseInt(sub): null

2023-10-05 11:16:20 - [TEST_STEP][PASSED] - println(sub_totall): null

2023-10-05 11:16:20 - [TEST_STEP][PASSED] - unik = getText(findTestObject("pembayaran/kode unik")): Text of object 'Object Repository/pembayaran/kode unik' is: '+607'

2023-10-05 11:16:21 - [MESSAGE][PASSED] - Text of object 'Object Repository/pembayaran/kode unik' is: '+607'

2023-10-05 11:16:21 - [TEST_STEP][PASSED] - unikk = unik.replace("+", ""): null

2023-10-05 11:16:21 - [TEST_STEP][PASSED] - kode_unik = Integer.parseInt(unikk): null

2023-10-05 11:16:21 - [TEST_STEP][PASSED] - println(kode_unik): null

2023-10-05 11:16:21 - [TEST_STEP][PASSED] - Total = getText(findTestObject("pembayaran/total")): Text of object 'Object Repository/pembayaran/total' is: '8,406'

2023-10-05 11:16:21 - [MESSAGE][PASSED] - Text of object 'Object Repository/pembayaran/total' is: '8,406'

2023-10-05 11:16:21 - [TEST_STEP][PASSED] - total = Total.replace(",", ""): null

2023-10-05 11:16:21 - [TEST_STEP][PASSED] - totalll = Integer.parseInt(total): null

2023-10-05 11:16:21 - [TEST_STEP][PASSED] - println(totalll): null

2023-10-05 11:16:21 - [TEST_STEP][PASSED] - Total_Hargaa = Ongkos_kirimm + fee_adminn + sub_totall + kode_unik: null

2023-10-05 11:16:21 - [TEST_STEP][PASSED] - println(Total_Hargaa): null

2023-10-05 11:16:21 - [TEST_STEP][PASSED] - assert totalll == Total_Hargaa: null

2023-10-05 11:16:21 - [TEST_STEP][PASSED] - data.put("total", Total): null

2023-10-05 11:16:21 - [TEST_STEP][PASSED] - data.put("nama", NamaPemesan): null

2023-10-05 11:16:21 - [TEST_STEP][PASSED] - return data: null

2023-10-05 11:16:21 - [MESSAGE][PASSED] - Call Test Case 'Test Cases/T13 Pembelian, Shipment dan Pembayaran/PBY-001' successfully

2023-10-05 11:16:21 - [TEST_STEP][PASSED] - inv = data.get("invoice"): null

2023-10-05 11:16:21 - [TEST_STEP][PASSED] - Total = data.get("total"): null

2023-10-05 11:16:21 - [TEST_STEP][PASSED] - NamaPemesan = data.get("nama"): null

2023-10-05 11:16:21 - [TEST_STEP][PASSED] - click(findTestObject("Konfirmasi pesanan shop/Menu Shop")): Object: 'Object Repository/Konfirmasi pesanan shop/Menu Shop' is clicked on

2023-10-05 11:16:23 - [MESSAGE][PASSED] - Object: 'Object Repository/Konfirmasi pesanan shop/Menu Shop' is clicked on

2023-10-05 11:16:23 - [TEST_STEP][PASSED] - click(findTestObject("Konfirmasi pesanan shop/Menu Shop")): Object: 'Object Repository/Konfirmasi pesanan shop/Menu Shop' is clicked on

2023-10-05 11:16:24 - [MESSAGE][PASSED] - Object: 'Object Repository/Konfirmasi pesanan shop/Menu Shop' is clicked on

2023-10-05 11:16:24 - [TEST_STEP][PASSED] - click(findTestObject("Konfirmasi pesanan shop/Konfirmasi Orders")): Object: 'Object Repository/Konfirmasi pesanan shop/Konfirmasi Orders' is clicked on

2023-10-05 11:16:25 - [MESSAGE][PASSED] - Object: 'Object Repository/Konfirmasi pesanan shop/Konfirmasi Orders' is clicked on

2023-10-05 11:16:25 - [TEST_STEP][PASSED] - verifyElementPresent(findTestObject("Konfirmasi pesanan shop/Tittle Konfirmasi Pesanan"), 0): Object 'Object Repository/Konfirmasi pesanan shop/Tittle Konfirmasi Pesanan' is present

2023-10-05 11:16:25 - [MESSAGE][WARNING] - Timeout '0' is invalid. Using default page load timeout: '30'

2023-10-05 11:16:25 - [MESSAGE][PASSED] - Object 'Object Repository/Konfirmasi pesanan shop/Tittle Konfirmasi Pesanan' is present

2023-10-05 11:16:25 - [TEST_STEP][PASSED] - setText(findTestObject("Konfirmasi pesanan shop/input_No Pesanan"), inv): Text 'TRX60.20231005111607' is set on object 'Object Repository/Konfirmasi pesanan shop/input_No Pesanan'

2023-10-05 11:16:26 - [MESSAGE][PASSED] - Text 'TRX60.20231005111607' is set on object 'Object Repository/Konfirmasi pesanan shop/input_No Pesanan'

2023-10-05 11:16:26 - [TEST_STEP][PASSED] - setText(findTestObject("Konfirmasi pesanan shop/input_Alamat E-mai"), "irfan@gmail.com"): Text 'irfan@gmail.com' is set on object 'Object Repository/Konfirmasi pesanan shop/input_Alamat E-mai'

2023-10-05 11:16:27 - [MESSAGE][PASSED] - Text 'irfan@gmail.com' is set on object 'Object Repository/Konfirmasi pesanan shop/input_Alamat E-mai'

2023-10-05 11:16:27 - [TEST_STEP][PASSED] - click(findTestObject("Konfirmasi pesanan shop/button_Submit")): Object: 'Object Repository/Konfirmasi pesanan shop/button_Submit' is clicked on

2023-10-05 11:16:28 - [MESSAGE][PASSED] - Object: 'Object Repository/Konfirmasi pesanan shop/button_Submit' is clicked on

2023-10-05 11:16:28 - [TEST_STEP][PASSED] - verifyElementPresent(findTestObject("Konfirmasi pesanan shop/Tittle nomor invoice"), 0): Object 'Object Repository/Konfirmasi pesanan shop/Tittle nomor invoice' is present

2023-10-05 11:16:29 - [MESSAGE][WARNING] - Timeout '0' is invalid. Using default page load timeout: '30'

2023-10-05 11:16:29 - [MESSAGE][PASSED] - Object 'Object Repository/Konfirmasi pesanan shop/Tittle nomor invoice' is present

2023-10-05 11:16:29 - [TEST_STEP][PASSED] - setText(findTestObject("Konfirmasi pesanan shop/input_Total TagihanTransfer_b"), Total): Text '8,406' is set on object 'Object Repository/Konfirmasi pesanan shop/input_Total TagihanTransfer_b'

2023-10-05 11:16:30 - [MESSAGE][PASSED] - Text '8,406' is set on object 'Object Repository/Konfirmasi pesanan shop/input_Total TagihanTransfer_b'

2023-10-05 11:16:30 - [TEST_STEP][PASSED] - selectOptionByValue(findTestObject("Konfirmasi pesanan shop/select_Bank"), "4", false): All options with value '4' are selected in object 'Object Repository/Konfirmasi pesanan shop/select_Bank' 

2023-10-05 11:16:31 - [MESSAGE][PASSED] - All options with value '4' are selected in object 'Object Repository/Konfirmasi pesanan shop/select_Bank' 

2023-10-05 11:16:31 - [TEST_STEP][PASSED] - setText(findTestObject("Konfirmasi pesanan shop/input_Nama Pengirim_d"), NamaPemesan): Text 'irfan.afandi' is set on object 'Object Repository/Konfirmasi pesanan shop/input_Nama Pengirim_d'

2023-10-05 11:16:32 - [MESSAGE][PASSED] - Text 'irfan.afandi' is set on object 'Object Repository/Konfirmasi pesanan shop/input_Nama Pengirim_d'

2023-10-05 11:16:32 - [TEST_STEP][PASSED] - uploadFile(findTestObject("keranjang/konfirmasi/input_Upload Bukti Transfer_f"), "C:\Users\IRFAN\Downloads\Berkas2.pdf"): File 'C:\Users\IRFAN\Downloads\Berkas2.pdf' sent to object: 'Object Repository/keranjang/konfirmasi/input_Upload Bukti Transfer_f'

2023-10-05 11:16:33 - [MESSAGE][PASSED] - File 'C:\Users\IRFAN\Downloads\Berkas2.pdf' sent to object: 'Object Repository/keranjang/konfirmasi/input_Upload Bukti Transfer_f'

2023-10-05 11:16:33 - [TEST_STEP][PASSED] - click(findTestObject("Konfirmasi pesanan shop/button_Konfirmasi Pembayaran")): Object: 'Object Repository/Konfirmasi pesanan shop/button_Konfirmasi Pembayaran' is clicked on

2023-10-05 11:16:34 - [MESSAGE][PASSED] - Object: 'Object Repository/Konfirmasi pesanan shop/button_Konfirmasi Pembayaran' is clicked on

2023-10-05 11:16:34 - [TEST_STEP][PASSED] - verifyElementPresent(findTestObject("Konfirmasi pesanan shop/Tittle Konfirmasi Pesanan"), 0): Object 'Object Repository/Konfirmasi pesanan shop/Tittle Konfirmasi Pesanan' is present

2023-10-05 11:16:34 - [MESSAGE][WARNING] - Timeout '0' is invalid. Using default page load timeout: '30'

2023-10-05 11:16:35 - [MESSAGE][PASSED] - Object 'Object Repository/Konfirmasi pesanan shop/Tittle Konfirmasi Pesanan' is present

2023-10-05 11:16:35 - [TEST_STEP][PASSED] - verifyElementPresent(findTestObject("Konfirmasi pesanan shop/Tittle massage succes Konfirmasi Pembayaran Pesanan"), 0): Object 'Object Repository/Konfirmasi pesanan shop/Tittle massage succes Konfirmasi Pembayaran Pesanan' is present

2023-10-05 11:16:35 - [MESSAGE][WARNING] - Timeout '0' is invalid. Using default page load timeout: '30'

2023-10-05 11:16:35 - [MESSAGE][PASSED] - Object 'Object Repository/Konfirmasi pesanan shop/Tittle massage succes Konfirmasi Pembayaran Pesanan' is present

2023-10-05 11:16:35 - [TEST_STEP][PASSED] - return data: null

2023-10-05 11:16:35 - [MESSAGE][PASSED] - Call Test Case 'Test Cases/T13 Pembelian, Shipment dan Pembayaran/PBY-004' successfully

2023-10-05 11:16:35 - [TEST_STEP][PASSED] - navigateToUrl("https://10.9.2.63/ecommerce/administrator/"): Navigate to 'https://10.9.2.63/ecommerce/administrator/' successfully

2023-10-05 11:16:36 - [MESSAGE][PASSED] - Navigate to 'https://10.9.2.63/ecommerce/administrator/' successfully

2023-10-05 11:16:36 - [TEST_STEP][PASSED] - verifyElementPresent(findTestObject("admin/Tittle ADMIN Login"), 0): Object 'Object Repository/admin/Tittle ADMIN Login' is present

2023-10-05 11:16:36 - [MESSAGE][WARNING] - Timeout '0' is invalid. Using default page load timeout: '30'

2023-10-05 11:16:36 - [MESSAGE][PASSED] - Object 'Object Repository/admin/Tittle ADMIN Login' is present

2023-10-05 11:16:36 - [TEST_STEP][PASSED] - setText(findTestObject("admin/Username"), "admin"): Text 'admin' is set on object 'Object Repository/admin/Username'

2023-10-05 11:16:37 - [MESSAGE][PASSED] - Text 'admin' is set on object 'Object Repository/admin/Username'

2023-10-05 11:16:37 - [TEST_STEP][PASSED] - setText(findTestObject("admin/Password"), "123admin123"): Text '123admin123' is set on object 'Object Repository/admin/Password'

2023-10-05 11:16:38 - [MESSAGE][PASSED] - Text '123admin123' is set on object 'Object Repository/admin/Password'

2023-10-05 11:16:38 - [TEST_STEP][PASSED] - click(findTestObject("admin/Remember Me")): Object: 'Object Repository/admin/Remember Me' is clicked on

2023-10-05 11:16:38 - [MESSAGE][PASSED] - Object: 'Object Repository/admin/Remember Me' is clicked on

2023-10-05 11:16:38 - [TEST_STEP][PASSED] - delay(10): Delayed 10 second(s)

2023-10-05 11:16:48 - [MESSAGE][PASSED] - Delayed 10 second(s)

2023-10-05 11:16:48 - [TEST_STEP][PASSED] - click(findTestObject("admin/buttom submit")): Object: 'Object Repository/admin/buttom submit' is clicked on

2023-10-05 11:16:50 - [MESSAGE][PASSED] - Object: 'Object Repository/admin/buttom submit' is clicked on

2023-10-05 11:16:50 - [TEST_STEP][PASSED] - verifyElementPresent(findTestObject("admin/Konf order konsumen/Tittle Dashboard"), 0): Object 'Object Repository/admin/Konf order konsumen/Tittle Dashboard' is present

2023-10-05 11:16:50 - [MESSAGE][WARNING] - Timeout '0' is invalid. Using default page load timeout: '30'

2023-10-05 11:16:51 - [MESSAGE][PASSED] - Object 'Object Repository/admin/Konf order konsumen/Tittle Dashboard' is present

2023-10-05 11:16:51 - [TEST_STEP][PASSED] - click(findTestObject("admin/Konf order konsumen/Menu Transaksi Market")): Object: 'Object Repository/admin/Konf order konsumen/Menu Transaksi Market' is clicked on

2023-10-05 11:16:51 - [MESSAGE][PASSED] - Object: 'Object Repository/admin/Konf order konsumen/Menu Transaksi Market' is clicked on

2023-10-05 11:16:51 - [TEST_STEP][PASSED] - click(findTestObject("admin/Konf order konsumen/Menu Konf. Order Konsumen")): Object: 'Object Repository/admin/Konf order konsumen/Menu Konf. Order Konsumen' is clicked on

2023-10-05 11:16:53 - [MESSAGE][PASSED] - Object: 'Object Repository/admin/Konf order konsumen/Menu Konf. Order Konsumen' is clicked on

2023-10-05 11:16:53 - [TEST_STEP][PASSED] - verifyElementPresent(findTestObject("admin/Konf order konsumen/Tittle Data Konfirmasi Pembayaran Konsumen"), 0): Object 'Object Repository/admin/Konf order konsumen/Tittle Data Konfirmasi Pembayaran Konsumen' is present

2023-10-05 11:16:53 - [MESSAGE][WARNING] - Timeout '0' is invalid. Using default page load timeout: '30'

2023-10-05 11:16:53 - [MESSAGE][PASSED] - Object 'Object Repository/admin/Konf order konsumen/Tittle Data Konfirmasi Pembayaran Konsumen' is present

2023-10-05 11:16:53 - [TEST_STEP][PASSED] - inv = data.get("invoice"): null

2023-10-05 11:16:53 - [TEST_STEP][PASSED] - setText(findTestObject("admin/Konf order konsumen/Search"), inv): Text 'TRX60.20231005111607' is set on object 'Object Repository/admin/Konf order konsumen/Search'

2023-10-05 11:16:54 - [MESSAGE][PASSED] - Text 'TRX60.20231005111607' is set on object 'Object Repository/admin/Konf order konsumen/Search'

2023-10-05 11:16:54 - [TEST_STEP][PASSED] - verifyElementText(findTestObject("admin/Konf order konsumen/Keterangan Lunas"), "Lunas"): Actual text and expected text of test object 'Object Repository/admin/Konf order konsumen/Keterangan Lunas' are matched.

2023-10-05 11:16:55 - [MESSAGE][PASSED] - Actual text and expected text of test object 'Object Repository/admin/Konf order konsumen/Keterangan Lunas' are matched.

2023-10-05 11:16:55 - [TEST_STEP][PASSED] - return data: null

2023-10-05 11:16:55 - [MESSAGE][PASSED] - Call Test Case 'Test Cases/T13 Pembelian, Shipment dan Pembayaran/PBYA-001' successfully

2023-10-05 11:16:55 - [TEST_STEP][PASSED] - click(findTestObject("admin/Penjualan ke konsumen/buttom Dashboard")): Object: 'Object Repository/admin/Penjualan ke konsumen/buttom Dashboard' is clicked on

2023-10-05 11:16:55 - [MESSAGE][PASSED] - Object: 'Object Repository/admin/Penjualan ke konsumen/buttom Dashboard' is clicked on

2023-10-05 11:16:55 - [TEST_STEP][PASSED] - click(findTestObject("admin/Konf order konsumen/Menu Transaksi Market")): Object: 'Object Repository/admin/Konf order konsumen/Menu Transaksi Market' is clicked on

2023-10-05 11:16:56 - [MESSAGE][PASSED] - Object: 'Object Repository/admin/Konf order konsumen/Menu Transaksi Market' is clicked on

2023-10-05 11:16:56 - [TEST_STEP][PASSED] - click(findTestObject("admin/Penjualan ke konsumen/a_Penjualan ke Konsumen")): Object: 'Object Repository/admin/Penjualan ke konsumen/a_Penjualan ke Konsumen' is clicked on

2023-10-05 11:16:59 - [MESSAGE][PASSED] - Object: 'Object Repository/admin/Penjualan ke konsumen/a_Penjualan ke Konsumen' is clicked on

2023-10-05 11:16:59 - [TEST_STEP][PASSED] - verifyElementPresent(findTestObject("admin/Tittle Data Transaksi Penjualan  Orderan Konsumen"), 0): Object 'Object Repository/admin/Tittle Data Transaksi Penjualan  Orderan Konsumen' is present

2023-10-05 11:16:59 - [MESSAGE][WARNING] - Timeout '0' is invalid. Using default page load timeout: '30'

2023-10-05 11:17:00 - [MESSAGE][PASSED] - Object 'Object Repository/admin/Tittle Data Transaksi Penjualan  Orderan Konsumen' is present

2023-10-05 11:17:00 - [TEST_STEP][PASSED] - return data: null

2023-10-05 11:17:00 - [MESSAGE][PASSED] - Call Test Case 'Test Cases/T13 Pembelian, Shipment dan Pembayaran/SA-001' successfully

2023-10-05 11:17:00 - [TEST_STEP][PASSED] - inv = data.get("invoice"): null

2023-10-05 11:17:00 - [TEST_STEP][PASSED] - setText(findTestObject("admin/Penjualan ke konsumen/Search"), inv): Text 'TRX60.20231005111607' is set on object 'Object Repository/admin/Penjualan ke konsumen/Search'

2023-10-05 11:17:01 - [MESSAGE][PASSED] - Text 'TRX60.20231005111607' is set on object 'Object Repository/admin/Penjualan ke konsumen/Search'

2023-10-05 11:17:01 - [TEST_STEP][PASSED] - click(findTestObject("admin/Penjualan ke konsumen/buttom konfirmasi pending payment")): Object: 'Object Repository/admin/Penjualan ke konsumen/buttom konfirmasi pending payment' is clicked on

2023-10-05 11:17:01 - [MESSAGE][PASSED] - Object: 'Object Repository/admin/Penjualan ke konsumen/buttom konfirmasi pending payment' is clicked on

2023-10-05 11:17:01 - [TEST_STEP][PASSED] - acceptAlert(STOP_ON_FAILURE): Alert accepted

2023-10-05 11:17:01 - [MESSAGE][PASSED] - Alert accepted

2023-10-05 11:17:01 - [TEST_STEP][PASSED] - setText(findTestObject("admin/Penjualan ke konsumen/Search"), inv): Text 'TRX60.20231005111607' is set on object 'Object Repository/admin/Penjualan ke konsumen/Search'

2023-10-05 11:17:11 - [MESSAGE][PASSED] - Text 'TRX60.20231005111607' is set on object 'Object Repository/admin/Penjualan ke konsumen/Search'

2023-10-05 11:17:11 - [TEST_STEP][PASSED] - verifyTextNotPresent("pending payment", false): Text 'pending payment' is not present on page

2023-10-05 11:17:11 - [MESSAGE][PASSED] - Text 'pending payment' is not present on page

2023-10-05 11:17:11 - [TEST_STEP][PASSED] - return data: null

2023-10-05 11:17:11 - [MESSAGE][PASSED] - Call Test Case 'Test Cases/T13 Pembelian, Shipment dan Pembayaran/SA-002' successfully

2023-10-05 11:17:11 - [TEST_STEP][PASSED] - click(findTestObject("admin/Penjualan ke konsumen/buttom scroldown")): Object: 'Object Repository/admin/Penjualan ke konsumen/buttom scroldown' is clicked on

2023-10-05 11:17:12 - [MESSAGE][PASSED] - Object: 'Object Repository/admin/Penjualan ke konsumen/buttom scroldown' is clicked on

2023-10-05 11:17:12 - [TEST_STEP][PASSED] - click(findTestObject("shipment/a_Pending")): Object: 'Object Repository/shipment/a_Pending' is clicked on

2023-10-05 11:17:12 - [MESSAGE][PASSED] - Object: 'Object Repository/shipment/a_Pending' is clicked on

2023-10-05 11:17:12 - [TEST_STEP][PASSED] - acceptAlert(): Alert accepted

2023-10-05 11:17:12 - [MESSAGE][PASSED] - Alert accepted

2023-10-05 11:17:12 - [TEST_STEP][PASSED] - inv = data.get("invoice"): null

2023-10-05 11:17:12 - [TEST_STEP][PASSED] - setText(findTestObject("admin/Penjualan ke konsumen/Search"), inv): Text 'TRX60.20231005111607' is set on object 'Object Repository/admin/Penjualan ke konsumen/Search'

2023-10-05 11:17:23 - [MESSAGE][PASSED] - Text 'TRX60.20231005111607' is set on object 'Object Repository/admin/Penjualan ke konsumen/Search'

2023-10-05 11:17:23 - [TEST_STEP][PASSED] - delay(10): Delayed 10 second(s)

2023-10-05 11:17:33 - [MESSAGE][PASSED] - Delayed 10 second(s)

2023-10-05 11:17:33 - [TEST_STEP][PASSED] - verifyElementText(findTestObject("PROSES PENJUALAN/Pending"), "Pending"): Actual text and expected text of test object 'Object Repository/PROSES PENJUALAN/Pending' are matched.

2023-10-05 11:17:33 - [MESSAGE][PASSED] - Actual text and expected text of test object 'Object Repository/PROSES PENJUALAN/Pending' are matched.

2023-10-05 11:17:33 - [TEST_STEP][PASSED] - pending = getText(findTestObject("PROSES PENJUALAN/Pending")): Text of object 'Object Repository/PROSES PENJUALAN/Pending' is: 'Pending'

2023-10-05 11:17:33 - [MESSAGE][PASSED] - Text of object 'Object Repository/PROSES PENJUALAN/Pending' is: 'Pending'

2023-10-05 11:17:33 - [TEST_STEP][PASSED] - data.put("statusPending", pending): null

2023-10-05 11:17:33 - [TEST_STEP][PASSED] - return data: null]]></system-out>
         <system-err><![CDATA[]]></system-err>
      </testcase>
      <testcase name="Test Cases/T13 Pembelian, Shipment dan Pembayaran/SA-007" time="123.572" classname="Test Cases/T13 Pembelian, Shipment dan Pembayaran/SA-007" status="PASSED">
         <system-out><![CDATA[2023-10-05 11:17:33 - [TEST_CASE][PASSED] - Test Cases/T13 Pembelian, Shipment dan Pembayaran/SA-007: Test Cases/T13 Pembelian, Shipment dan Pembayaran/SA-007

2023-10-05 11:17:34 - [TEST_STEP][PASSED] - data = callTestCase(findTestCase("T13 Pembelian, Shipment dan Pembayaran/SA-002"), [:], STOP_ON_FAILURE): Call Test Case 'Test Cases/T13 Pembelian, Shipment dan Pembayaran/SA-002' successfully

2023-10-05 11:17:34 - [TEST_CASE][PASSED] - Test Cases/T13 Pembelian, Shipment dan Pembayaran/SA-002: Test Cases/T13 Pembelian, Shipment dan Pembayaran/SA-002

2023-10-05 11:17:34 - [TEST_STEP][PASSED] - data = callTestCase(findTestCase("T13 Pembelian, Shipment dan Pembayaran/SA-001"), [:], STOP_ON_FAILURE): Call Test Case 'Test Cases/T13 Pembelian, Shipment dan Pembayaran/SA-001' successfully

2023-10-05 11:17:34 - [TEST_CASE][PASSED] - Test Cases/T13 Pembelian, Shipment dan Pembayaran/SA-001: Test Cases/T13 Pembelian, Shipment dan Pembayaran/SA-001

2023-10-05 11:17:34 - [TEST_STEP][PASSED] - data = callTestCase(findTestCase("T13 Pembelian, Shipment dan Pembayaran/PBYA-001"), [:], STOP_ON_FAILURE): Call Test Case 'Test Cases/T13 Pembelian, Shipment dan Pembayaran/PBYA-001' successfully

2023-10-05 11:17:34 - [TEST_CASE][PASSED] - Test Cases/T13 Pembelian, Shipment dan Pembayaran/PBYA-001: Test Cases/T13 Pembelian, Shipment dan Pembayaran/PBYA-001

2023-10-05 11:17:34 - [TEST_STEP][PASSED] - data = callTestCase(findTestCase("T13 Pembelian, Shipment dan Pembayaran/PBY-004"), [:], STOP_ON_FAILURE): Call Test Case 'Test Cases/T13 Pembelian, Shipment dan Pembayaran/PBY-004' successfully

2023-10-05 11:17:34 - [TEST_CASE][PASSED] - Test Cases/T13 Pembelian, Shipment dan Pembayaran/PBY-004: Test Cases/T13 Pembelian, Shipment dan Pembayaran/PBY-004

2023-10-05 11:17:34 - [TEST_STEP][PASSED] - data = callTestCase(findTestCase("T13 Pembelian, Shipment dan Pembayaran/PBY-001"), [:], STOP_ON_FAILURE): Call Test Case 'Test Cases/T13 Pembelian, Shipment dan Pembayaran/PBY-001' successfully

2023-10-05 11:17:34 - [TEST_CASE][PASSED] - Test Cases/T13 Pembelian, Shipment dan Pembayaran/PBY-001: Test Cases/T13 Pembelian, Shipment dan Pembayaran/PBY-001

2023-10-05 11:17:34 - [TEST_STEP][PASSED] - data = callTestCase(findTestCase("T13 Pembelian, Shipment dan Pembayaran/PBL-004"), ["Kurir":"Roda 2"], STOP_ON_FAILURE): Call Test Case 'Test Cases/T13 Pembelian, Shipment dan Pembayaran/PBL-004' successfully

2023-10-05 11:17:34 - [TEST_CASE][PASSED] - Test Cases/T13 Pembelian, Shipment dan Pembayaran/PBL-004: Test Cases/T13 Pembelian, Shipment dan Pembayaran/PBL-004

2023-10-05 11:17:34 - [TEST_STEP][PASSED] - data = callTestCase(findTestCase("T13 Pembelian, Shipment dan Pembayaran/PBL-002"), [:], STOP_ON_FAILURE): Call Test Case 'Test Cases/T13 Pembelian, Shipment dan Pembayaran/PBL-002' successfully

2023-10-05 11:17:34 - [TEST_CASE][PASSED] - Test Cases/T13 Pembelian, Shipment dan Pembayaran/PBL-002: Test Cases/T13 Pembelian, Shipment dan Pembayaran/PBL-002

2023-10-05 11:17:34 - [TEST_STEP][PASSED] - data = callTestCase(findTestCase("T13 Pembelian, Shipment dan Pembayaran/PBL-001"), [:], STOP_ON_FAILURE): Call Test Case 'Test Cases/T13 Pembelian, Shipment dan Pembayaran/PBL-001' successfully

2023-10-05 11:17:34 - [TEST_CASE][PASSED] - Test Cases/T13 Pembelian, Shipment dan Pembayaran/PBL-001: Test Cases/T13 Pembelian, Shipment dan Pembayaran/PBL-001

2023-10-05 11:17:34 - [TEST_STEP][PASSED] - callTestCase(findTestCase("T13 Pembelian, Shipment dan Pembayaran/LU-001"), ["username":"irfanafandi", "password":"12345irfan"], STOP_ON_FAILURE): Call Test Case 'Test Cases/T13 Pembelian, Shipment dan Pembayaran/LU-001' successfully

2023-10-05 11:17:34 - [TEST_CASE][PASSED] - Test Cases/T13 Pembelian, Shipment dan Pembayaran/LU-001: Test Cases/T13 Pembelian, Shipment dan Pembayaran/LU-001

2023-10-05 11:17:34 - [TEST_STEP][PASSED] - openBrowser("https://10.9.2.63/ecommerce/"): Browser is opened with url: 'https://10.9.2.63/ecommerce/'

2023-10-05 11:17:34 - [MESSAGE][WARNING] - A browser is already opened. Closing browser and opening a new one

2023-10-05 11:17:35 - [MESSAGE][INFO] - Starting 'Edge Chromium' driver

2023-10-05 11:17:35 - [MESSAGE][INFO] - User set preference: ['acceptInsecureCerts', 'true']

2023-10-05 11:17:37 - [MESSAGE][INFO] - Action delay is set to 0 milliseconds

2023-10-05 11:17:51 - [MESSAGE][PASSED] - Browser is opened with url: 'https://10.9.2.63/ecommerce/'

2023-10-05 11:17:51 - [TEST_STEP][PASSED] - maximizeWindow(): Current window maximized

2023-10-05 11:17:51 - [MESSAGE][PASSED] - Current window maximized

2023-10-05 11:17:51 - [TEST_STEP][PASSED] - verifyElementPresent(findTestObject("Login/Home"), 0): Object 'Object Repository/Login/Home' is present

2023-10-05 11:17:51 - [MESSAGE][WARNING] - Timeout '0' is invalid. Using default page load timeout: '30'

2023-10-05 11:17:52 - [MESSAGE][PASSED] - Object 'Object Repository/Login/Home' is present

2023-10-05 11:17:52 - [TEST_STEP][PASSED] - click(findTestObject("Login/a_Login")): Object: 'Object Repository/Login/a_Login' is clicked on

2023-10-05 11:17:52 - [MESSAGE][PASSED] - Object: 'Object Repository/Login/a_Login' is clicked on

2023-10-05 11:17:52 - [TEST_STEP][PASSED] - verifyElementPresent(findTestObject("Login/Tittle Login"), 0): Object 'Object Repository/Login/Tittle Login' is present

2023-10-05 11:17:52 - [MESSAGE][WARNING] - Timeout '0' is invalid. Using default page load timeout: '30'

2023-10-05 11:17:53 - [MESSAGE][PASSED] - Object 'Object Repository/Login/Tittle Login' is present

2023-10-05 11:17:53 - [TEST_STEP][PASSED] - setText(findTestObject("Login/input_Username, Email atau No. Handphone_a"), username): Text 'irfanafandi' is set on object 'Object Repository/Login/input_Username, Email atau No. Handphone_a'

2023-10-05 11:17:54 - [MESSAGE][PASSED] - Text 'irfanafandi' is set on object 'Object Repository/Login/input_Username, Email atau No. Handphone_a'

2023-10-05 11:17:54 - [TEST_STEP][PASSED] - setText(findTestObject("Login/input_Password_b"), password): Text '12345irfan' is set on object 'Object Repository/Login/input_Password_b'

2023-10-05 11:17:55 - [MESSAGE][PASSED] - Text '12345irfan' is set on object 'Object Repository/Login/input_Password_b'

2023-10-05 11:17:55 - [TEST_STEP][PASSED] - click(findTestObject("Login/label_Ingat saya")): Object: 'Object Repository/Login/label_Ingat saya' is clicked on

2023-10-05 11:17:55 - [MESSAGE][PASSED] - Object: 'Object Repository/Login/label_Ingat saya' is clicked on

2023-10-05 11:17:55 - [TEST_STEP][PASSED] - click(findTestObject("Login/button_Masuk")): Object: 'Object Repository/Login/button_Masuk' is clicked on

2023-10-05 11:17:57 - [MESSAGE][PASSED] - Object: 'Object Repository/Login/button_Masuk' is clicked on

2023-10-05 11:17:57 - [TEST_STEP][PASSED] - verifyElementPresent(findTestObject("Login/li_Profile"), 0): Object 'Object Repository/Login/li_Profile' is present

2023-10-05 11:17:57 - [MESSAGE][WARNING] - Timeout '0' is invalid. Using default page load timeout: '30'

2023-10-05 11:17:58 - [MESSAGE][PASSED] - Object 'Object Repository/Login/li_Profile' is present

2023-10-05 11:17:58 - [MESSAGE][PASSED] - Call Test Case 'Test Cases/T13 Pembelian, Shipment dan Pembayaran/LU-001' successfully

2023-10-05 11:17:58 - [TEST_STEP][PASSED] - mouseOver(findTestObject("beli barang/i_Mulai Belanja_icon-menu")): Object: 'Object Repository/beli barang/i_Mulai Belanja_icon-menu' is hovered

2023-10-05 11:17:58 - [MESSAGE][PASSED] - Object: 'Object Repository/beli barang/i_Mulai Belanja_icon-menu' is hovered

2023-10-05 11:17:58 - [TEST_STEP][PASSED] - click(findTestObject("beli barang/a_Fashion  Busana Wanita")): Object: 'Object Repository/beli barang/a_Fashion  Busana Wanita' is clicked on

2023-10-05 11:18:00 - [MESSAGE][PASSED] - Object: 'Object Repository/beli barang/a_Fashion  Busana Wanita' is clicked on

2023-10-05 11:18:00 - [TEST_STEP][PASSED] - NamaSebelum = getText(findTestObject("verifikasi/Nama sebelum")): Text of object 'Object Repository/verifikasi/Nama sebelum' is: ''

2023-10-05 11:18:00 - [MESSAGE][PASSED] - Text of object 'Object Repository/verifikasi/Nama sebelum' is: ''

2023-10-05 11:18:00 - [TEST_STEP][PASSED] - HargaSebelum = getText(findTestObject("verifikasi/Harga sebelum")): Text of object 'Object Repository/verifikasi/Harga sebelum' is: 'Rp 1,299'

2023-10-05 11:18:01 - [MESSAGE][PASSED] - Text of object 'Object Repository/verifikasi/Harga sebelum' is: 'Rp 1,299'

2023-10-05 11:18:01 - [TEST_STEP][PASSED] - mouseOver(findTestObject("beli barang/barang mouse over")): Object: 'Object Repository/beli barang/barang mouse over' is hovered

2023-10-05 11:18:01 - [MESSAGE][PASSED] - Object: 'Object Repository/beli barang/barang mouse over' is hovered

2023-10-05 11:18:01 - [TEST_STEP][PASSED] - click(findTestObject("beli barang/buttom add to cart")): Object: 'Object Repository/beli barang/buttom add to cart' is clicked on

2023-10-05 11:18:03 - [MESSAGE][PASSED] - Object: 'Object Repository/beli barang/buttom add to cart' is clicked on

2023-10-05 11:18:03 - [TEST_STEP][PASSED] - NamaSesudah = getText(findTestObject("verifikasi/Nama sesudah")): Text of object 'Object Repository/verifikasi/Nama sesudah' is: 'Segitiga Instan Madeira - MDB5.3 Sunset'

2023-10-05 11:18:03 - [MESSAGE][PASSED] - Text of object 'Object Repository/verifikasi/Nama sesudah' is: 'Segitiga Instan Madeira - MDB5.3 Sunset'

2023-10-05 11:18:03 - [TEST_STEP][PASSED] - HargaSesudah = getText(findTestObject("verifikasi/Harga sesudah")): Text of object 'Object Repository/verifikasi/Harga sesudah' is: 'Rp 1,299'

2023-10-05 11:18:04 - [MESSAGE][PASSED] - Text of object 'Object Repository/verifikasi/Harga sesudah' is: 'Rp 1,299'

2023-10-05 11:18:04 - [TEST_STEP][PASSED] - assert NamaSesudah.contains(NamaSebelum): null

2023-10-05 11:18:04 - [TEST_STEP][PASSED] - assert HargaSesudah.contains(HargaSebelum): null

2023-10-05 11:18:04 - [TEST_STEP][PASSED] - click(findTestObject("beli barang/Tambah Keranjang busana wanita")): Object: 'Object Repository/beli barang/Tambah Keranjang busana wanita' is clicked on

2023-10-05 11:18:04 - [MESSAGE][PASSED] - Object: 'Object Repository/beli barang/Tambah Keranjang busana wanita' is clicked on

2023-10-05 11:18:04 - [TEST_STEP][PASSED] - verifyElementPresent(findTestObject("checkout/Notifikasi keranjang"), 1): Object 'Object Repository/checkout/Notifikasi keranjang' is present

2023-10-05 11:18:05 - [MESSAGE][PASSED] - Object 'Object Repository/checkout/Notifikasi keranjang' is present

2023-10-05 11:18:05 - [TEST_STEP][PASSED] - data = new java.util.HashMap(): null

2023-10-05 11:18:05 - [TEST_STEP][PASSED] - data.put("nama_barang", NamaSesudah): null

2023-10-05 11:18:05 - [TEST_STEP][PASSED] - data.put("price_barang", HargaSesudah): null

2023-10-05 11:18:05 - [TEST_STEP][PASSED] - return data: null

2023-10-05 11:18:05 - [MESSAGE][PASSED] - Call Test Case 'Test Cases/T13 Pembelian, Shipment dan Pembayaran/PBL-001' successfully

2023-10-05 11:18:05 - [TEST_STEP][PASSED] - mouseOver(findTestObject("beli barang/keranjang")): Object: 'Object Repository/beli barang/keranjang' is hovered

2023-10-05 11:18:06 - [MESSAGE][PASSED] - Object: 'Object Repository/beli barang/keranjang' is hovered

2023-10-05 11:18:06 - [TEST_STEP][PASSED] - click(findTestObject("beli barang/Lihat Sekarang")): Object: 'Object Repository/beli barang/Lihat Sekarang' is clicked on

2023-10-05 11:18:07 - [MESSAGE][PASSED] - Object: 'Object Repository/beli barang/Lihat Sekarang' is clicked on

2023-10-05 11:18:07 - [TEST_STEP][PASSED] - verifyElementPresent(findTestObject("keranjang/li_Keranjang Belanja"), 0): Object 'Object Repository/keranjang/li_Keranjang Belanja' is present

2023-10-05 11:18:07 - [MESSAGE][WARNING] - Timeout '0' is invalid. Using default page load timeout: '30'

2023-10-05 11:18:08 - [MESSAGE][PASSED] - Object 'Object Repository/keranjang/li_Keranjang Belanja' is present

2023-10-05 11:18:08 - [TEST_STEP][PASSED] - NamaKeranjang = getText(findTestObject("verifikasi/Nama keranjang")): Text of object 'Object Repository/verifikasi/Nama keranjang' is: 'Segitiga Instan Madeira - MDB5.3 Sunset'

2023-10-05 11:18:09 - [MESSAGE][PASSED] - Text of object 'Object Repository/verifikasi/Nama keranjang' is: 'Segitiga Instan Madeira - MDB5.3 Sunset'

2023-10-05 11:18:09 - [TEST_STEP][PASSED] - HargaKeranjang = getText(findTestObject("verifikasi/Harga Keranjang")): Text of object 'Object Repository/verifikasi/Harga Keranjang' is: 'Rp 1,299'

2023-10-05 11:18:09 - [MESSAGE][PASSED] - Text of object 'Object Repository/verifikasi/Harga Keranjang' is: 'Rp 1,299'

2023-10-05 11:18:09 - [TEST_STEP][PASSED] - if (toString().equalsIgnoreCase("Merah")): Object 'Object Repository/keranjang/input_Warna_variasi101' is checked

2023-10-05 11:18:09 - [TEST_STEP][PASSED] - check(findTestObject("Object Repository/keranjang/input_Warna_variasi101")): Object 'Object Repository/keranjang/input_Warna_variasi101' is checked

2023-10-05 11:18:10 - [MESSAGE][PASSED] - Object 'Object Repository/keranjang/input_Warna_variasi101' is checked

2023-10-05 11:18:10 - [TEST_STEP][PASSED] - if (toString().equalsIgnoreCase("Menengah")): Object 'Object Repository/keranjang/input_Ukuran_variasi201' is checked

2023-10-05 11:18:10 - [TEST_STEP][PASSED] - check(findTestObject("Object Repository/keranjang/input_Ukuran_variasi201")): Object 'Object Repository/keranjang/input_Ukuran_variasi201' is checked

2023-10-05 11:18:10 - [MESSAGE][PASSED] - Object 'Object Repository/keranjang/input_Ukuran_variasi201' is checked

2023-10-05 11:18:10 - [TEST_STEP][PASSED] - data.put("Warna", warna): null

2023-10-05 11:18:10 - [TEST_STEP][PASSED] - data.put("Ukuran", ukuran): null

2023-10-05 11:18:10 - [TEST_STEP][PASSED] - click(findTestObject("keranjang/button_Lanjut ke Pembayaran")): Object: 'Object Repository/keranjang/button_Lanjut ke Pembayaran' is clicked on

2023-10-05 11:18:12 - [MESSAGE][PASSED] - Object: 'Object Repository/keranjang/button_Lanjut ke Pembayaran' is clicked on

2023-10-05 11:18:12 - [TEST_STEP][PASSED] - verifyElementPresent(findTestObject("checkout/Tittle Checkout Order"), 0): Object 'Object Repository/checkout/Tittle Checkout Order' is present

2023-10-05 11:18:12 - [MESSAGE][WARNING] - Timeout '0' is invalid. Using default page load timeout: '30'

2023-10-05 11:18:13 - [MESSAGE][PASSED] - Object 'Object Repository/checkout/Tittle Checkout Order' is present

2023-10-05 11:18:13 - [TEST_STEP][PASSED] - name_product = data.get("nama_barang"): null

2023-10-05 11:18:13 - [TEST_STEP][PASSED] - price_product = data.get("price_barang"): null

2023-10-05 11:18:13 - [TEST_STEP][PASSED] - assert name_product == NamaKeranjang: null

2023-10-05 11:18:13 - [TEST_STEP][PASSED] - assert price_product == HargaKeranjang: null

2023-10-05 11:18:13 - [TEST_STEP][PASSED] - return data: null

2023-10-05 11:18:13 - [MESSAGE][PASSED] - Call Test Case 'Test Cases/T13 Pembelian, Shipment dan Pembayaran/PBL-002' successfully

2023-10-05 11:18:13 - [TEST_STEP][PASSED] - warnaa = getText(findTestObject("verifikasi/warna Merah")): Text of object 'Object Repository/verifikasi/warna Merah' is: 'Merah'

2023-10-05 11:18:13 - [MESSAGE][PASSED] - Text of object 'Object Repository/verifikasi/warna Merah' is: 'Merah'

2023-10-05 11:18:13 - [TEST_STEP][PASSED] - ukurann = getText(findTestObject("verifikasi/Ukuran Menengah")): Text of object 'Object Repository/verifikasi/Ukuran Menengah' is: 'Menengah'

2023-10-05 11:18:13 - [MESSAGE][PASSED] - Text of object 'Object Repository/verifikasi/Ukuran Menengah' is: 'Menengah'

2023-10-05 11:18:13 - [TEST_STEP][PASSED] - warna1 = data.get("Warna"): null

2023-10-05 11:18:13 - [TEST_STEP][PASSED] - ukuran1 = data.get("Ukuran"): null

2023-10-05 11:18:13 - [TEST_STEP][PASSED] - assert warnaa == warna1: null

2023-10-05 11:18:13 - [TEST_STEP][PASSED] - assert ukurann == ukuran1: null

2023-10-05 11:18:13 - [TEST_STEP][PASSED] - NamaCheckout = getText(findTestObject("verifikasi/NamaCheckout")): Text of object 'Object Repository/verifikasi/NamaCheckout' is: ''

2023-10-05 11:18:14 - [MESSAGE][PASSED] - Text of object 'Object Repository/verifikasi/NamaCheckout' is: ''

2023-10-05 11:18:14 - [TEST_STEP][PASSED] - HargaCheckout = getText(findTestObject("verifikasi/HargaCheckout")): Text of object 'Object Repository/verifikasi/HargaCheckout' is: '1,299'

2023-10-05 11:18:14 - [MESSAGE][PASSED] - Text of object 'Object Repository/verifikasi/HargaCheckout' is: '1,299'

2023-10-05 11:18:14 - [TEST_STEP][PASSED] - name_product = data.get("nama_barang"): null

2023-10-05 11:18:14 - [TEST_STEP][PASSED] - price_product = data.get("price_barang"): null

2023-10-05 11:18:14 - [TEST_STEP][PASSED] - assert name_product.contains(NamaCheckout): null

2023-10-05 11:18:14 - [TEST_STEP][PASSED] - assert price_product.contains(HargaCheckout): null

2023-10-05 11:18:14 - [TEST_STEP][PASSED] - selectOptionByLabel(findTestObject("checkout/select - Kirim via Kurir Lokal"), Kurir, false): All options with label 'Roda 2' are selected in object 'Object Repository/checkout/select - Kirim via Kurir Lokal' 

2023-10-05 11:18:15 - [MESSAGE][PASSED] - All options with label 'Roda 2' are selected in object 'Object Repository/checkout/select - Kirim via Kurir Lokal' 

2023-10-05 11:18:15 - [TEST_STEP][PASSED] - click(findTestObject("checkout/Kendaraan Kurir")): Object: 'Object Repository/checkout/Kendaraan Kurir' is clicked on

2023-10-05 11:18:16 - [MESSAGE][PASSED] - Object: 'Object Repository/checkout/Kendaraan Kurir' is clicked on

2023-10-05 11:18:16 - [TEST_STEP][PASSED] - OngkosKirim = getText(findTestObject("Object Repository/verifikasi/Ongkos Kirim checkout")): Text of object 'Object Repository/verifikasi/Ongkos Kirim checkout' is: 'Rp. 5,000'

2023-10-05 11:18:16 - [MESSAGE][PASSED] - Text of object 'Object Repository/verifikasi/Ongkos Kirim checkout' is: 'Rp. 5,000'

2023-10-05 11:18:16 - [TEST_STEP][PASSED] - Ongkos = OngkosKirim.substring(3, OngkosKirim.size()): null

2023-10-05 11:18:16 - [TEST_STEP][PASSED] - rep = Ongkos.replace(",", "."): null

2023-10-05 11:18:16 - [TEST_STEP][PASSED] - Ongkos_kirim = Double.parseDouble(rep): null

2023-10-05 11:18:16 - [TEST_STEP][PASSED] - println(Ongkos_kirim): null

2023-10-05 11:18:16 - [TEST_STEP][PASSED] - FeeAdmin = getText(findTestObject("verifikasi/Fee Admin checkout")): Text of object 'Object Repository/verifikasi/Fee Admin checkout' is: 'Fee Admin
Rp 1,500'

2023-10-05 11:18:17 - [MESSAGE][PASSED] - Text of object 'Object Repository/verifikasi/Fee Admin checkout' is: 'Fee Admin
Rp 1,500'

2023-10-05 11:18:17 - [TEST_STEP][PASSED] - Fee_Admin = FeeAdmin.substring(12, FeeAdmin.size()): null

2023-10-05 11:18:17 - [TEST_STEP][PASSED] - fee = Fee_Admin.replace(",", "."): null

2023-10-05 11:18:17 - [TEST_STEP][PASSED] - fee_admin = Double.parseDouble(fee): null

2023-10-05 11:18:17 - [TEST_STEP][PASSED] - println(fee_admin): null

2023-10-05 11:18:17 - [TEST_STEP][PASSED] - Subtotal = getText(findTestObject("verifikasi/subtotal checkout")): Text of object 'Object Repository/verifikasi/subtotal checkout' is: 'Subtotal
Rp 1,299'

2023-10-05 11:18:17 - [MESSAGE][PASSED] - Text of object 'Object Repository/verifikasi/subtotal checkout' is: 'Subtotal
Rp 1,299'

2023-10-05 11:18:17 - [TEST_STEP][PASSED] - sub_total = Subtotal.substring(12, Subtotal.size()): null

2023-10-05 11:18:17 - [TEST_STEP][PASSED] - sub = sub_total.replace(",", "."): null

2023-10-05 11:18:17 - [TEST_STEP][PASSED] - sub_total = Double.parseDouble(sub): null

2023-10-05 11:18:17 - [TEST_STEP][PASSED] - println(sub_total): null

2023-10-05 11:18:17 - [TEST_STEP][PASSED] - Total = getText(findTestObject("verifikasi/Total checkout")): Text of object 'Object Repository/verifikasi/Total checkout' is: 'Rp 7,799'

2023-10-05 11:18:18 - [MESSAGE][PASSED] - Text of object 'Object Repository/verifikasi/Total checkout' is: 'Rp 7,799'

2023-10-05 11:18:18 - [TEST_STEP][PASSED] - totall = Total.substring(3, Total.size()): null

2023-10-05 11:18:18 - [TEST_STEP][PASSED] - total = totall.replace(",", "."): null

2023-10-05 11:18:18 - [TEST_STEP][PASSED] - totall = Double.parseDouble(total): null

2023-10-05 11:18:18 - [TEST_STEP][PASSED] - println(totall): null

2023-10-05 11:18:18 - [TEST_STEP][PASSED] - Total_Harga = Ongkos_kirim + fee_admin + sub_total: null

2023-10-05 11:18:18 - [TEST_STEP][PASSED] - println(Total_Harga): null

2023-10-05 11:18:18 - [TEST_STEP][PASSED] - TotalHarga = Math.round(Total_Harga * 1000) / 1000: null

2023-10-05 11:18:18 - [TEST_STEP][PASSED] - println(TotalHarga): null

2023-10-05 11:18:18 - [TEST_STEP][PASSED] - assert totall == TotalHarga: null

2023-10-05 11:18:18 - [TEST_STEP][PASSED] - click(findTestObject("verifikasi/Metode Transfer")): Object: 'Object Repository/verifikasi/Metode Transfer' is clicked on

2023-10-05 11:18:18 - [MESSAGE][PASSED] - Object: 'Object Repository/verifikasi/Metode Transfer' is clicked on

2023-10-05 11:18:18 - [TEST_STEP][PASSED] - click(findTestObject("checkout/button_Proses Pembayaran")): Object: 'Object Repository/checkout/button_Proses Pembayaran' is clicked on

2023-10-05 11:18:28 - [MESSAGE][PASSED] - Object: 'Object Repository/checkout/button_Proses Pembayaran' is clicked on

2023-10-05 11:18:28 - [TEST_STEP][PASSED] - verifyElementPresent(findTestObject("pembayaran/Tittle nomor invoice"), 0): Object 'Object Repository/pembayaran/Tittle nomor invoice' is present

2023-10-05 11:18:28 - [MESSAGE][WARNING] - Timeout '0' is invalid. Using default page load timeout: '30'

2023-10-05 11:18:29 - [MESSAGE][PASSED] - Object 'Object Repository/pembayaran/Tittle nomor invoice' is present

2023-10-05 11:18:29 - [TEST_STEP][PASSED] - return data: null

2023-10-05 11:18:29 - [MESSAGE][PASSED] - Call Test Case 'Test Cases/T13 Pembelian, Shipment dan Pembayaran/PBL-004' successfully

2023-10-05 11:18:29 - [TEST_STEP][PASSED] - Invoice = getText(findTestObject("pembayaran/nomor invoice")): Text of object 'Object Repository/pembayaran/nomor invoice' is: 'TRX60.20231005111822'

2023-10-05 11:18:29 - [MESSAGE][PASSED] - Text of object 'Object Repository/pembayaran/nomor invoice' is: 'TRX60.20231005111822'

2023-10-05 11:18:29 - [TEST_STEP][PASSED] - data.put("invoice", Invoice): null

2023-10-05 11:18:29 - [TEST_STEP][PASSED] - NamaPemesan = getText(findTestObject("Konfirmasi pesanan shop/Nama pemesan")): Text of object 'Object Repository/Konfirmasi pesanan shop/Nama pemesan' is: 'irfan.afandi'

2023-10-05 11:18:30 - [MESSAGE][PASSED] - Text of object 'Object Repository/Konfirmasi pesanan shop/Nama pemesan' is: 'irfan.afandi'

2023-10-05 11:18:30 - [TEST_STEP][PASSED] - Nama = getText(findTestObject("pembayaran/Nama barang")): Text of object 'Object Repository/pembayaran/Nama barang' is: 'Segitiga Instan Madeira - MDB5.3 Sunset'

2023-10-05 11:18:31 - [MESSAGE][PASSED] - Text of object 'Object Repository/pembayaran/Nama barang' is: 'Segitiga Instan Madeira - MDB5.3 Sunset'

2023-10-05 11:18:31 - [TEST_STEP][PASSED] - Harga = getText(findTestObject("pembayaran/Harga barang")): Text of object 'Object Repository/pembayaran/Harga barang' is: '1,299'

2023-10-05 11:18:31 - [MESSAGE][PASSED] - Text of object 'Object Repository/pembayaran/Harga barang' is: '1,299'

2023-10-05 11:18:31 - [TEST_STEP][PASSED] - name_product = data.get("nama_barang"): null

2023-10-05 11:18:31 - [TEST_STEP][PASSED] - price_product = data.get("price_barang"): null

2023-10-05 11:18:31 - [TEST_STEP][PASSED] - assert name_product.contains(Nama): null

2023-10-05 11:18:31 - [TEST_STEP][PASSED] - assert price_product.contains(Harga): null

2023-10-05 11:18:31 - [TEST_STEP][PASSED] - warnaa = getText(findTestObject("pembayaran/warna")): Text of object 'Object Repository/pembayaran/warna' is: 'Merah'

2023-10-05 11:18:32 - [MESSAGE][PASSED] - Text of object 'Object Repository/pembayaran/warna' is: 'Merah'

2023-10-05 11:18:32 - [TEST_STEP][PASSED] - ukurann = getText(findTestObject("pembayaran/ukuran")): Text of object 'Object Repository/pembayaran/ukuran' is: 'Menengah'

2023-10-05 11:18:32 - [MESSAGE][PASSED] - Text of object 'Object Repository/pembayaran/ukuran' is: 'Menengah'

2023-10-05 11:18:32 - [TEST_STEP][PASSED] - warna1 = data.get("Warna"): null

2023-10-05 11:18:32 - [TEST_STEP][PASSED] - ukuran1 = data.get("Ukuran"): null

2023-10-05 11:18:32 - [TEST_STEP][PASSED] - assert warnaa == warna1: null

2023-10-05 11:18:32 - [TEST_STEP][PASSED] - assert ukurann == ukuran1: null

2023-10-05 11:18:32 - [TEST_STEP][PASSED] - statusPembelian = getText(findTestObject("verifikasi/Status pending di pembelian")): Text of object 'Object Repository/verifikasi/Status pending di pembelian' is: 'Pending'

2023-10-05 11:18:33 - [MESSAGE][PASSED] - Text of object 'Object Repository/verifikasi/Status pending di pembelian' is: 'Pending'

2023-10-05 11:18:33 - [TEST_STEP][PASSED] - data.put("statusPem", statusPembelian): null

2023-10-05 11:18:33 - [TEST_STEP][PASSED] - OngkosKirim = getText(findTestObject("pembayaran/ongkos kirim")): Text of object 'Object Repository/pembayaran/ongkos kirim' is: 'Rp 5,000'

2023-10-05 11:18:33 - [MESSAGE][PASSED] - Text of object 'Object Repository/pembayaran/ongkos kirim' is: 'Rp 5,000'

2023-10-05 11:18:33 - [TEST_STEP][PASSED] - Ongkos = OngkosKirim.substring(3, OngkosKirim.size()): null

2023-10-05 11:18:33 - [TEST_STEP][PASSED] - rep = Ongkos.replace(",", ""): null

2023-10-05 11:18:33 - [TEST_STEP][PASSED] - Ongkos_kirimm = Integer.parseInt(rep): null

2023-10-05 11:18:33 - [TEST_STEP][PASSED] - println(Ongkos_kirimm): null

2023-10-05 11:18:33 - [TEST_STEP][PASSED] - FeeAdmin = getText(findTestObject("pembayaran/fee admin")): Text of object 'Object Repository/pembayaran/fee admin' is: 'Rp 1,500'

2023-10-05 11:18:34 - [MESSAGE][PASSED] - Text of object 'Object Repository/pembayaran/fee admin' is: 'Rp 1,500'

2023-10-05 11:18:34 - [TEST_STEP][PASSED] - Fee_Admin = FeeAdmin.substring(3, FeeAdmin.size()): null

2023-10-05 11:18:34 - [TEST_STEP][PASSED] - fee = Fee_Admin.replace(",", ""): null

2023-10-05 11:18:34 - [TEST_STEP][PASSED] - fee_adminn = Integer.parseInt(fee): null

2023-10-05 11:18:34 - [TEST_STEP][PASSED] - println(fee_adminn): null

2023-10-05 11:18:34 - [TEST_STEP][PASSED] - Subtotal = getText(findTestObject("pembayaran/subtotal")): Text of object 'Object Repository/pembayaran/subtotal' is: 'Rp 1,299'

2023-10-05 11:18:34 - [MESSAGE][PASSED] - Text of object 'Object Repository/pembayaran/subtotal' is: 'Rp 1,299'

2023-10-05 11:18:34 - [TEST_STEP][PASSED] - sub_total = Subtotal.substring(3, Subtotal.size()): null

2023-10-05 11:18:34 - [TEST_STEP][PASSED] - sub = sub_total.replace(",", ""): null

2023-10-05 11:18:34 - [TEST_STEP][PASSED] - sub_totall = Integer.parseInt(sub): null

2023-10-05 11:18:34 - [TEST_STEP][PASSED] - println(sub_totall): null

2023-10-05 11:18:34 - [TEST_STEP][PASSED] - unik = getText(findTestObject("pembayaran/kode unik")): Text of object 'Object Repository/pembayaran/kode unik' is: '+822'

2023-10-05 11:18:35 - [MESSAGE][PASSED] - Text of object 'Object Repository/pembayaran/kode unik' is: '+822'

2023-10-05 11:18:35 - [TEST_STEP][PASSED] - unikk = unik.replace("+", ""): null

2023-10-05 11:18:35 - [TEST_STEP][PASSED] - kode_unik = Integer.parseInt(unikk): null

2023-10-05 11:18:35 - [TEST_STEP][PASSED] - println(kode_unik): null

2023-10-05 11:18:35 - [TEST_STEP][PASSED] - Total = getText(findTestObject("pembayaran/total")): Text of object 'Object Repository/pembayaran/total' is: '8,621'

2023-10-05 11:18:35 - [MESSAGE][PASSED] - Text of object 'Object Repository/pembayaran/total' is: '8,621'

2023-10-05 11:18:35 - [TEST_STEP][PASSED] - total = Total.replace(",", ""): null

2023-10-05 11:18:35 - [TEST_STEP][PASSED] - totalll = Integer.parseInt(total): null

2023-10-05 11:18:35 - [TEST_STEP][PASSED] - println(totalll): null

2023-10-05 11:18:35 - [TEST_STEP][PASSED] - Total_Hargaa = Ongkos_kirimm + fee_adminn + sub_totall + kode_unik: null

2023-10-05 11:18:35 - [TEST_STEP][PASSED] - println(Total_Hargaa): null

2023-10-05 11:18:35 - [TEST_STEP][PASSED] - assert totalll == Total_Hargaa: null

2023-10-05 11:18:35 - [TEST_STEP][PASSED] - data.put("total", Total): null

2023-10-05 11:18:35 - [TEST_STEP][PASSED] - data.put("nama", NamaPemesan): null

2023-10-05 11:18:35 - [TEST_STEP][PASSED] - return data: null

2023-10-05 11:18:35 - [MESSAGE][PASSED] - Call Test Case 'Test Cases/T13 Pembelian, Shipment dan Pembayaran/PBY-001' successfully

2023-10-05 11:18:35 - [TEST_STEP][PASSED] - inv = data.get("invoice"): null

2023-10-05 11:18:35 - [TEST_STEP][PASSED] - Total = data.get("total"): null

2023-10-05 11:18:35 - [TEST_STEP][PASSED] - NamaPemesan = data.get("nama"): null

2023-10-05 11:18:35 - [TEST_STEP][PASSED] - click(findTestObject("Konfirmasi pesanan shop/Menu Shop")): Object: 'Object Repository/Konfirmasi pesanan shop/Menu Shop' is clicked on

2023-10-05 11:18:37 - [MESSAGE][PASSED] - Object: 'Object Repository/Konfirmasi pesanan shop/Menu Shop' is clicked on

2023-10-05 11:18:37 - [TEST_STEP][PASSED] - click(findTestObject("Konfirmasi pesanan shop/Menu Shop")): Object: 'Object Repository/Konfirmasi pesanan shop/Menu Shop' is clicked on

2023-10-05 11:18:37 - [MESSAGE][PASSED] - Object: 'Object Repository/Konfirmasi pesanan shop/Menu Shop' is clicked on

2023-10-05 11:18:37 - [TEST_STEP][PASSED] - click(findTestObject("Konfirmasi pesanan shop/Konfirmasi Orders")): Object: 'Object Repository/Konfirmasi pesanan shop/Konfirmasi Orders' is clicked on

2023-10-05 11:18:38 - [MESSAGE][PASSED] - Object: 'Object Repository/Konfirmasi pesanan shop/Konfirmasi Orders' is clicked on

2023-10-05 11:18:38 - [TEST_STEP][PASSED] - verifyElementPresent(findTestObject("Konfirmasi pesanan shop/Tittle Konfirmasi Pesanan"), 0): Object 'Object Repository/Konfirmasi pesanan shop/Tittle Konfirmasi Pesanan' is present

2023-10-05 11:18:39 - [MESSAGE][WARNING] - Timeout '0' is invalid. Using default page load timeout: '30'

2023-10-05 11:18:39 - [MESSAGE][PASSED] - Object 'Object Repository/Konfirmasi pesanan shop/Tittle Konfirmasi Pesanan' is present

2023-10-05 11:18:39 - [TEST_STEP][PASSED] - setText(findTestObject("Konfirmasi pesanan shop/input_No Pesanan"), inv): Text 'TRX60.20231005111822' is set on object 'Object Repository/Konfirmasi pesanan shop/input_No Pesanan'

2023-10-05 11:18:40 - [MESSAGE][PASSED] - Text 'TRX60.20231005111822' is set on object 'Object Repository/Konfirmasi pesanan shop/input_No Pesanan'

2023-10-05 11:18:40 - [TEST_STEP][PASSED] - setText(findTestObject("Konfirmasi pesanan shop/input_Alamat E-mai"), "irfan@gmail.com"): Text 'irfan@gmail.com' is set on object 'Object Repository/Konfirmasi pesanan shop/input_Alamat E-mai'

2023-10-05 11:18:41 - [MESSAGE][PASSED] - Text 'irfan@gmail.com' is set on object 'Object Repository/Konfirmasi pesanan shop/input_Alamat E-mai'

2023-10-05 11:18:41 - [TEST_STEP][PASSED] - click(findTestObject("Konfirmasi pesanan shop/button_Submit")): Object: 'Object Repository/Konfirmasi pesanan shop/button_Submit' is clicked on

2023-10-05 11:18:42 - [MESSAGE][PASSED] - Object: 'Object Repository/Konfirmasi pesanan shop/button_Submit' is clicked on

2023-10-05 11:18:42 - [TEST_STEP][PASSED] - verifyElementPresent(findTestObject("Konfirmasi pesanan shop/Tittle nomor invoice"), 0): Object 'Object Repository/Konfirmasi pesanan shop/Tittle nomor invoice' is present

2023-10-05 11:18:42 - [MESSAGE][WARNING] - Timeout '0' is invalid. Using default page load timeout: '30'

2023-10-05 11:18:43 - [MESSAGE][PASSED] - Object 'Object Repository/Konfirmasi pesanan shop/Tittle nomor invoice' is present

2023-10-05 11:18:43 - [TEST_STEP][PASSED] - setText(findTestObject("Konfirmasi pesanan shop/input_Total TagihanTransfer_b"), Total): Text '8,621' is set on object 'Object Repository/Konfirmasi pesanan shop/input_Total TagihanTransfer_b'

2023-10-05 11:18:44 - [MESSAGE][PASSED] - Text '8,621' is set on object 'Object Repository/Konfirmasi pesanan shop/input_Total TagihanTransfer_b'

2023-10-05 11:18:44 - [TEST_STEP][PASSED] - selectOptionByValue(findTestObject("Konfirmasi pesanan shop/select_Bank"), "4", false): All options with value '4' are selected in object 'Object Repository/Konfirmasi pesanan shop/select_Bank' 

2023-10-05 11:18:45 - [MESSAGE][PASSED] - All options with value '4' are selected in object 'Object Repository/Konfirmasi pesanan shop/select_Bank' 

2023-10-05 11:18:45 - [TEST_STEP][PASSED] - setText(findTestObject("Konfirmasi pesanan shop/input_Nama Pengirim_d"), NamaPemesan): Text 'irfan.afandi' is set on object 'Object Repository/Konfirmasi pesanan shop/input_Nama Pengirim_d'

2023-10-05 11:18:46 - [MESSAGE][PASSED] - Text 'irfan.afandi' is set on object 'Object Repository/Konfirmasi pesanan shop/input_Nama Pengirim_d'

2023-10-05 11:18:46 - [TEST_STEP][PASSED] - uploadFile(findTestObject("keranjang/konfirmasi/input_Upload Bukti Transfer_f"), "C:\Users\IRFAN\Downloads\Berkas2.pdf"): File 'C:\Users\IRFAN\Downloads\Berkas2.pdf' sent to object: 'Object Repository/keranjang/konfirmasi/input_Upload Bukti Transfer_f'

2023-10-05 11:18:46 - [MESSAGE][PASSED] - File 'C:\Users\IRFAN\Downloads\Berkas2.pdf' sent to object: 'Object Repository/keranjang/konfirmasi/input_Upload Bukti Transfer_f'

2023-10-05 11:18:46 - [TEST_STEP][PASSED] - click(findTestObject("Konfirmasi pesanan shop/button_Konfirmasi Pembayaran")): Object: 'Object Repository/Konfirmasi pesanan shop/button_Konfirmasi Pembayaran' is clicked on

2023-10-05 11:18:48 - [MESSAGE][PASSED] - Object: 'Object Repository/Konfirmasi pesanan shop/button_Konfirmasi Pembayaran' is clicked on

2023-10-05 11:18:48 - [TEST_STEP][PASSED] - verifyElementPresent(findTestObject("Konfirmasi pesanan shop/Tittle Konfirmasi Pesanan"), 0): Object 'Object Repository/Konfirmasi pesanan shop/Tittle Konfirmasi Pesanan' is present

2023-10-05 11:18:48 - [MESSAGE][WARNING] - Timeout '0' is invalid. Using default page load timeout: '30'

2023-10-05 11:18:49 - [MESSAGE][PASSED] - Object 'Object Repository/Konfirmasi pesanan shop/Tittle Konfirmasi Pesanan' is present

2023-10-05 11:18:49 - [TEST_STEP][PASSED] - verifyElementPresent(findTestObject("Konfirmasi pesanan shop/Tittle massage succes Konfirmasi Pembayaran Pesanan"), 0): Object 'Object Repository/Konfirmasi pesanan shop/Tittle massage succes Konfirmasi Pembayaran Pesanan' is present

2023-10-05 11:18:49 - [MESSAGE][WARNING] - Timeout '0' is invalid. Using default page load timeout: '30'

2023-10-05 11:18:49 - [MESSAGE][PASSED] - Object 'Object Repository/Konfirmasi pesanan shop/Tittle massage succes Konfirmasi Pembayaran Pesanan' is present

2023-10-05 11:18:49 - [TEST_STEP][PASSED] - return data: null

2023-10-05 11:18:49 - [MESSAGE][PASSED] - Call Test Case 'Test Cases/T13 Pembelian, Shipment dan Pembayaran/PBY-004' successfully

2023-10-05 11:18:49 - [TEST_STEP][PASSED] - navigateToUrl("https://10.9.2.63/ecommerce/administrator/"): Navigate to 'https://10.9.2.63/ecommerce/administrator/' successfully

2023-10-05 11:18:50 - [MESSAGE][PASSED] - Navigate to 'https://10.9.2.63/ecommerce/administrator/' successfully

2023-10-05 11:18:50 - [TEST_STEP][PASSED] - verifyElementPresent(findTestObject("admin/Tittle ADMIN Login"), 0): Object 'Object Repository/admin/Tittle ADMIN Login' is present

2023-10-05 11:18:50 - [MESSAGE][WARNING] - Timeout '0' is invalid. Using default page load timeout: '30'

2023-10-05 11:18:50 - [MESSAGE][PASSED] - Object 'Object Repository/admin/Tittle ADMIN Login' is present

2023-10-05 11:18:50 - [TEST_STEP][PASSED] - setText(findTestObject("admin/Username"), "admin"): Text 'admin' is set on object 'Object Repository/admin/Username'

2023-10-05 11:18:51 - [MESSAGE][PASSED] - Text 'admin' is set on object 'Object Repository/admin/Username'

2023-10-05 11:18:51 - [TEST_STEP][PASSED] - setText(findTestObject("admin/Password"), "123admin123"): Text '123admin123' is set on object 'Object Repository/admin/Password'

2023-10-05 11:18:52 - [MESSAGE][PASSED] - Text '123admin123' is set on object 'Object Repository/admin/Password'

2023-10-05 11:18:52 - [TEST_STEP][PASSED] - click(findTestObject("admin/Remember Me")): Object: 'Object Repository/admin/Remember Me' is clicked on

2023-10-05 11:18:52 - [MESSAGE][PASSED] - Object: 'Object Repository/admin/Remember Me' is clicked on

2023-10-05 11:18:52 - [TEST_STEP][PASSED] - delay(10): Delayed 10 second(s)

2023-10-05 11:19:02 - [MESSAGE][PASSED] - Delayed 10 second(s)

2023-10-05 11:19:02 - [TEST_STEP][PASSED] - click(findTestObject("admin/buttom submit")): Object: 'Object Repository/admin/buttom submit' is clicked on

2023-10-05 11:19:04 - [MESSAGE][PASSED] - Object: 'Object Repository/admin/buttom submit' is clicked on

2023-10-05 11:19:04 - [TEST_STEP][PASSED] - verifyElementPresent(findTestObject("admin/Konf order konsumen/Tittle Dashboard"), 0): Object 'Object Repository/admin/Konf order konsumen/Tittle Dashboard' is present

2023-10-05 11:19:04 - [MESSAGE][WARNING] - Timeout '0' is invalid. Using default page load timeout: '30'

2023-10-05 11:19:05 - [MESSAGE][PASSED] - Object 'Object Repository/admin/Konf order konsumen/Tittle Dashboard' is present

2023-10-05 11:19:05 - [TEST_STEP][PASSED] - click(findTestObject("admin/Konf order konsumen/Menu Transaksi Market")): Object: 'Object Repository/admin/Konf order konsumen/Menu Transaksi Market' is clicked on

2023-10-05 11:19:05 - [MESSAGE][PASSED] - Object: 'Object Repository/admin/Konf order konsumen/Menu Transaksi Market' is clicked on

2023-10-05 11:19:05 - [TEST_STEP][PASSED] - click(findTestObject("admin/Konf order konsumen/Menu Konf. Order Konsumen")): Object: 'Object Repository/admin/Konf order konsumen/Menu Konf. Order Konsumen' is clicked on

2023-10-05 11:19:07 - [MESSAGE][PASSED] - Object: 'Object Repository/admin/Konf order konsumen/Menu Konf. Order Konsumen' is clicked on

2023-10-05 11:19:07 - [TEST_STEP][PASSED] - verifyElementPresent(findTestObject("admin/Konf order konsumen/Tittle Data Konfirmasi Pembayaran Konsumen"), 0): Object 'Object Repository/admin/Konf order konsumen/Tittle Data Konfirmasi Pembayaran Konsumen' is present

2023-10-05 11:19:07 - [MESSAGE][WARNING] - Timeout '0' is invalid. Using default page load timeout: '30'

2023-10-05 11:19:07 - [MESSAGE][PASSED] - Object 'Object Repository/admin/Konf order konsumen/Tittle Data Konfirmasi Pembayaran Konsumen' is present

2023-10-05 11:19:07 - [TEST_STEP][PASSED] - inv = data.get("invoice"): null

2023-10-05 11:19:07 - [TEST_STEP][PASSED] - setText(findTestObject("admin/Konf order konsumen/Search"), inv): Text 'TRX60.20231005111822' is set on object 'Object Repository/admin/Konf order konsumen/Search'

2023-10-05 11:19:08 - [MESSAGE][PASSED] - Text 'TRX60.20231005111822' is set on object 'Object Repository/admin/Konf order konsumen/Search'

2023-10-05 11:19:08 - [TEST_STEP][PASSED] - verifyElementText(findTestObject("admin/Konf order konsumen/Keterangan Lunas"), "Lunas"): Actual text and expected text of test object 'Object Repository/admin/Konf order konsumen/Keterangan Lunas' are matched.

2023-10-05 11:19:09 - [MESSAGE][PASSED] - Actual text and expected text of test object 'Object Repository/admin/Konf order konsumen/Keterangan Lunas' are matched.

2023-10-05 11:19:09 - [TEST_STEP][PASSED] - return data: null

2023-10-05 11:19:09 - [MESSAGE][PASSED] - Call Test Case 'Test Cases/T13 Pembelian, Shipment dan Pembayaran/PBYA-001' successfully

2023-10-05 11:19:09 - [TEST_STEP][PASSED] - click(findTestObject("admin/Penjualan ke konsumen/buttom Dashboard")): Object: 'Object Repository/admin/Penjualan ke konsumen/buttom Dashboard' is clicked on

2023-10-05 11:19:10 - [MESSAGE][PASSED] - Object: 'Object Repository/admin/Penjualan ke konsumen/buttom Dashboard' is clicked on

2023-10-05 11:19:10 - [TEST_STEP][PASSED] - click(findTestObject("admin/Konf order konsumen/Menu Transaksi Market")): Object: 'Object Repository/admin/Konf order konsumen/Menu Transaksi Market' is clicked on

2023-10-05 11:19:10 - [MESSAGE][PASSED] - Object: 'Object Repository/admin/Konf order konsumen/Menu Transaksi Market' is clicked on

2023-10-05 11:19:10 - [TEST_STEP][PASSED] - click(findTestObject("admin/Penjualan ke konsumen/a_Penjualan ke Konsumen")): Object: 'Object Repository/admin/Penjualan ke konsumen/a_Penjualan ke Konsumen' is clicked on

2023-10-05 11:19:13 - [MESSAGE][PASSED] - Object: 'Object Repository/admin/Penjualan ke konsumen/a_Penjualan ke Konsumen' is clicked on

2023-10-05 11:19:13 - [TEST_STEP][PASSED] - verifyElementPresent(findTestObject("admin/Tittle Data Transaksi Penjualan  Orderan Konsumen"), 0): Object 'Object Repository/admin/Tittle Data Transaksi Penjualan  Orderan Konsumen' is present

2023-10-05 11:19:13 - [MESSAGE][WARNING] - Timeout '0' is invalid. Using default page load timeout: '30'

2023-10-05 11:19:13 - [MESSAGE][PASSED] - Object 'Object Repository/admin/Tittle Data Transaksi Penjualan  Orderan Konsumen' is present

2023-10-05 11:19:13 - [TEST_STEP][PASSED] - return data: null

2023-10-05 11:19:13 - [MESSAGE][PASSED] - Call Test Case 'Test Cases/T13 Pembelian, Shipment dan Pembayaran/SA-001' successfully

2023-10-05 11:19:13 - [TEST_STEP][PASSED] - inv = data.get("invoice"): null

2023-10-05 11:19:13 - [TEST_STEP][PASSED] - setText(findTestObject("admin/Penjualan ke konsumen/Search"), inv): Text 'TRX60.20231005111822' is set on object 'Object Repository/admin/Penjualan ke konsumen/Search'

2023-10-05 11:19:15 - [MESSAGE][PASSED] - Text 'TRX60.20231005111822' is set on object 'Object Repository/admin/Penjualan ke konsumen/Search'

2023-10-05 11:19:15 - [TEST_STEP][PASSED] - click(findTestObject("admin/Penjualan ke konsumen/buttom konfirmasi pending payment")): Object: 'Object Repository/admin/Penjualan ke konsumen/buttom konfirmasi pending payment' is clicked on

2023-10-05 11:19:15 - [MESSAGE][PASSED] - Object: 'Object Repository/admin/Penjualan ke konsumen/buttom konfirmasi pending payment' is clicked on

2023-10-05 11:19:15 - [TEST_STEP][PASSED] - acceptAlert(STOP_ON_FAILURE): Alert accepted

2023-10-05 11:19:15 - [MESSAGE][PASSED] - Alert accepted

2023-10-05 11:19:15 - [TEST_STEP][PASSED] - setText(findTestObject("admin/Penjualan ke konsumen/Search"), inv): Text 'TRX60.20231005111822' is set on object 'Object Repository/admin/Penjualan ke konsumen/Search'

2023-10-05 11:19:25 - [MESSAGE][PASSED] - Text 'TRX60.20231005111822' is set on object 'Object Repository/admin/Penjualan ke konsumen/Search'

2023-10-05 11:19:25 - [TEST_STEP][PASSED] - verifyTextNotPresent("pending payment", false): Text 'pending payment' is not present on page

2023-10-05 11:19:26 - [MESSAGE][PASSED] - Text 'pending payment' is not present on page

2023-10-05 11:19:26 - [TEST_STEP][PASSED] - return data: null

2023-10-05 11:19:26 - [MESSAGE][PASSED] - Call Test Case 'Test Cases/T13 Pembelian, Shipment dan Pembayaran/SA-002' successfully

2023-10-05 11:19:26 - [TEST_STEP][PASSED] - click(findTestObject("admin/Penjualan ke konsumen/buttom scroldown")): Object: 'Object Repository/admin/Penjualan ke konsumen/buttom scroldown' is clicked on

2023-10-05 11:19:26 - [MESSAGE][PASSED] - Object: 'Object Repository/admin/Penjualan ke konsumen/buttom scroldown' is clicked on

2023-10-05 11:19:26 - [TEST_STEP][PASSED] - click(findTestObject("shipment/a_BatalRefund")): Object: 'Object Repository/shipment/a_BatalRefund' is clicked on

2023-10-05 11:19:26 - [MESSAGE][PASSED] - Object: 'Object Repository/shipment/a_BatalRefund' is clicked on

2023-10-05 11:19:26 - [TEST_STEP][PASSED] - acceptAlert(): Alert accepted

2023-10-05 11:19:26 - [MESSAGE][PASSED] - Alert accepted

2023-10-05 11:19:26 - [TEST_STEP][PASSED] - inv = data.get("invoice"): null

2023-10-05 11:19:26 - [TEST_STEP][PASSED] - delay(10): Delayed 10 second(s)

2023-10-05 11:19:37 - [MESSAGE][PASSED] - Delayed 10 second(s)

2023-10-05 11:19:37 - [TEST_STEP][PASSED] - verifyTextNotPresent(inv, false): Text 'TRX60.20231005111822' is not present on page

2023-10-05 11:19:37 - [MESSAGE][PASSED] - Text 'TRX60.20231005111822' is not present on page

2023-10-05 11:19:37 - [TEST_STEP][PASSED] - return data: null]]></system-out>
         <system-err><![CDATA[]]></system-err>
      </testcase>
      <testcase name="Test Cases/T13 Pembelian, Shipment dan Pembayaran/SA-008" time="92.074" classname="Test Cases/T13 Pembelian, Shipment dan Pembayaran/SA-008" status="FAILED">
         <failure type="FAILED" message="Test Cases/T13 Pembelian, Shipment dan Pembayaran/SA-008 FAILED.
Reason:
com.kms.katalon.core.exception.StepFailedException: Call Test Case 'Test Cases/T13 Pembelian, Shipment dan Pembayaran/SA-002' failed
	at com.kms.katalon.core.keyword.builtin.CallTestCaseKeyword$_callTestCase_closure1.doCall(CallTestCaseKeyword.groovy:63)
	at com.kms.katalon.core.keyword.builtin.CallTestCaseKeyword$_callTestCase_closure1.call(CallTestCaseKeyword.groovy)
	at com.kms.katalon.core.keyword.internal.KeywordMain.runKeyword(KeywordMain.groovy:75)
	at com.kms.katalon.core.keyword.builtin.CallTestCaseKeyword.callTestCase(CallTestCaseKeyword.groovy:81)
	at com.kms.katalon.core.keyword.builtin.CallTestCaseKeyword.execute(CallTestCaseKeyword.groovy:44)
	at com.kms.katalon.core.keyword.internal.KeywordExecutor.executeKeywordForPlatform(KeywordExecutor.groovy:74)
	at com.kms.katalon.core.keyword.BuiltinKeywords.callTestCase(BuiltinKeywords.groovy:310)
	at SA-008.run(SA-008:20)
	at com.kms.katalon.core.main.ScriptEngine.run(ScriptEngine.java:194)
	at com.kms.katalon.core.main.ScriptEngine.runScriptAsRawText(ScriptEngine.java:119)
	at com.kms.katalon.core.main.TestCaseExecutor.runScript(TestCaseExecutor.java:448)
	at com.kms.katalon.core.main.TestCaseExecutor.doExecute(TestCaseExecutor.java:439)
	at com.kms.katalon.core.main.TestCaseExecutor.processExecutionPhase(TestCaseExecutor.java:418)
	at com.kms.katalon.core.main.TestCaseExecutor.accessMainPhase(TestCaseExecutor.java:410)
	at com.kms.katalon.core.main.TestCaseExecutor.execute(TestCaseExecutor.java:285)
	at com.kms.katalon.core.common.CommonExecutor.accessTestCaseMainPhase(CommonExecutor.java:65)
	at com.kms.katalon.core.main.TestSuiteExecutor.accessTestSuiteMainPhase(TestSuiteExecutor.java:148)
	at com.kms.katalon.core.main.TestSuiteExecutor.execute(TestSuiteExecutor.java:106)
	at com.kms.katalon.core.main.TestCaseMain.startTestSuite(TestCaseMain.java:187)
	at com.kms.katalon.core.main.TestCaseMain$startTestSuite$0.call(Unknown Source)
	at TempTestSuite1696477503821.run(TempTestSuite1696477503821.groovy:36)
Caused by: com.kms.katalon.core.exception.StepFailedException: Unable to accept alert
	at com.kms.katalon.core.webui.keyword.internal.WebUIKeywordMain.stepFailed(WebUIKeywordMain.groovy:64)
	at com.kms.katalon.core.webui.keyword.internal.WebUIKeywordMain.runKeyword(WebUIKeywordMain.groovy:26)
	at com.kms.katalon.core.webui.keyword.builtin.AcceptAlertKeyword.acceptAlert(AcceptAlertKeyword.groovy:71)
	at com.kms.katalon.core.webui.keyword.builtin.AcceptAlertKeyword.execute(AcceptAlertKeyword.groovy:66)
	at com.kms.katalon.core.keyword.internal.KeywordExecutor.executeKeywordForPlatform(KeywordExecutor.groovy:74)
	at com.kms.katalon.core.webui.keyword.WebUiBuiltInKeywords.acceptAlert(WebUiBuiltInKeywords.groovy:1510)
	at com.kms.katalon.core.webui.keyword.WebUiBuiltInKeywords$acceptAlert$16.call(Unknown Source)
	at SA-002.run(SA-002:29)
	at com.kms.katalon.core.main.ScriptEngine.run(ScriptEngine.java:194)
	at com.kms.katalon.core.main.ScriptEngine.runScriptAsRawText(ScriptEngine.java:119)
	at com.kms.katalon.core.main.TestCaseExecutor.runScript(TestCaseExecutor.java:448)
	at com.kms.katalon.core.main.TestCaseExecutor.doExecute(TestCaseExecutor.java:439)
	at com.kms.katalon.core.main.TestCaseExecutor.processExecutionPhase(TestCaseExecutor.java:418)
	at com.kms.katalon.core.main.TestCaseExecutor.accessMainPhase(TestCaseExecutor.java:410)
	at com.kms.katalon.core.main.TestCaseExecutor.execute(TestCaseExecutor.java:285)
	at com.kms.katalon.core.main.TestCaseMain.runTestCase(TestCaseMain.java:144)
	at com.kms.katalon.core.keyword.builtin.CallTestCaseKeyword$_callTestCase_closure1.doCall(CallTestCaseKeyword.groovy:59)
	... 20 more
Caused by: org.openqa.selenium.NoAlertPresentException: no such alert
  (Session info: MicrosoftEdge=117.0.2045.43)
Build info: version: '3.141.59', revision: 'e82be7d358', time: '2018-11-14T08:25:53'
System info: host: 'DESKTOP-H62FVJ8', ip: '10.9.2.18', os.name: 'Windows 10', os.arch: 'amd64', os.version: '10.0', java.version: '1.8.0_362'
Driver info: com.kms.katalon.selenium.driver.CEdgeDriver
Capabilities {acceptInsecureCerts: true, browserName: msedge, browserVersion: 117.0.2045.43, fedcm:accounts: true, javascriptEnabled: true, ms:edgeOptions: {debuggerAddress: localhost:55678}, msedge: {msedgedriverVersion: 117.0.2045.47 (b75fe6866687..., userDataDir: C:\Users\IRFAN\AppData\Loca...}, networkConnectionEnabled: false, pageLoadStrategy: normal, platform: WINDOWS, platformName: WINDOWS, proxy: Proxy(), setWindowRect: true, strictFileInteractability: false, timeouts: {implicit: 0, pageLoad: 300000, script: 30000}, unhandledPromptBehavior: dismiss and notify, webauthn:extension:credBlob: true, webauthn:extension:largeBlob: true, webauthn:extension:minPinLength: true, webauthn:extension:prf: true, webauthn:virtualAuthenticators: true}
Session ID: b85b79dfaef050a7fa6bc5103ec2d902
	at org.openqa.selenium.remote.http.W3CHttpResponseCodec.createException(W3CHttpResponseCodec.java:187)
	at org.openqa.selenium.remote.http.W3CHttpResponseCodec.decode(W3CHttpResponseCodec.java:122)
	at org.openqa.selenium.remote.http.W3CHttpResponseCodec.decode(W3CHttpResponseCodec.java:49)
	at org.openqa.selenium.remote.HttpCommandExecutor.execute(HttpCommandExecutor.java:158)
	at org.openqa.selenium.remote.service.DriverCommandExecutor.execute(DriverCommandExecutor.java:83)
	at org.openqa.selenium.remote.RemoteWebDriver.execute(RemoteWebDriver.java:552)
	at com.kms.katalon.selenium.driver.CEdgeDriver.execute(CEdgeDriver.java:20)
	at org.openqa.selenium.remote.RemoteWebDriver.execute(RemoteWebDriver.java:609)
	at org.openqa.selenium.remote.RemoteWebDriver$RemoteAlert.accept(RemoteWebDriver.java:947)
	at org.openqa.selenium.support.events.EventFiringWebDriver$EventFiringAlert.accept(EventFiringWebDriver.java:795)
	at com.kms.katalon.core.webui.keyword.builtin.AcceptAlertKeyword$_acceptAlert_closure1.doCall(AcceptAlertKeyword.groovy:75)
	at com.kms.katalon.core.webui.keyword.builtin.AcceptAlertKeyword$_acceptAlert_closure1.call(AcceptAlertKeyword.groovy)
	at com.kms.katalon.core.webui.keyword.internal.WebUIKeywordMain.runKeyword(WebUIKeywordMain.groovy:20)
	... 35 more
"/>
         <system-out><![CDATA[2023-10-05 11:19:37 - [TEST_CASE][FAILED] - Test Cases/T13 Pembelian, Shipment dan Pembayaran/SA-008: Test Cases/T13 Pembelian, Shipment dan Pembayaran/SA-008 FAILED.
Reason:
com.kms.katalon.core.exception.StepFailedException: Call Test Case 'Test Cases/T13 Pembelian, Shipment dan Pembayaran/SA-002' failed
	at com.kms.katalon.core.keyword.builtin.CallTestCaseKeyword$_callTestCase_closure1.doCall(CallTestCaseKeyword.groovy:63)
	at com.kms.katalon.core.keyword.builtin.CallTestCaseKeyword$_callTestCase_closure1.call(CallTestCaseKeyword.groovy)
	at com.kms.katalon.core.keyword.internal.KeywordMain.runKeyword(KeywordMain.groovy:75)
	at com.kms.katalon.core.keyword.builtin.CallTestCaseKeyword.callTestCase(CallTestCaseKeyword.groovy:81)
	at com.kms.katalon.core.keyword.builtin.CallTestCaseKeyword.execute(CallTestCaseKeyword.groovy:44)
	at com.kms.katalon.core.keyword.internal.KeywordExecutor.executeKeywordForPlatform(KeywordExecutor.groovy:74)
	at com.kms.katalon.core.keyword.BuiltinKeywords.callTestCase(BuiltinKeywords.groovy:310)
	at SA-008.run(SA-008:20)
	at com.kms.katalon.core.main.ScriptEngine.run(ScriptEngine.java:194)
	at com.kms.katalon.core.main.ScriptEngine.runScriptAsRawText(ScriptEngine.java:119)
	at com.kms.katalon.core.main.TestCaseExecutor.runScript(TestCaseExecutor.java:448)
	at com.kms.katalon.core.main.TestCaseExecutor.doExecute(TestCaseExecutor.java:439)
	at com.kms.katalon.core.main.TestCaseExecutor.processExecutionPhase(TestCaseExecutor.java:418)
	at com.kms.katalon.core.main.TestCaseExecutor.accessMainPhase(TestCaseExecutor.java:410)
	at com.kms.katalon.core.main.TestCaseExecutor.execute(TestCaseExecutor.java:285)
	at com.kms.katalon.core.common.CommonExecutor.accessTestCaseMainPhase(CommonExecutor.java:65)
	at com.kms.katalon.core.main.TestSuiteExecutor.accessTestSuiteMainPhase(TestSuiteExecutor.java:148)
	at com.kms.katalon.core.main.TestSuiteExecutor.execute(TestSuiteExecutor.java:106)
	at com.kms.katalon.core.main.TestCaseMain.startTestSuite(TestCaseMain.java:187)
	at com.kms.katalon.core.main.TestCaseMain$startTestSuite$0.call(Unknown Source)
	at TempTestSuite1696477503821.run(TempTestSuite1696477503821.groovy:36)
Caused by: com.kms.katalon.core.exception.StepFailedException: Unable to accept alert
	at com.kms.katalon.core.webui.keyword.internal.WebUIKeywordMain.stepFailed(WebUIKeywordMain.groovy:64)
	at com.kms.katalon.core.webui.keyword.internal.WebUIKeywordMain.runKeyword(WebUIKeywordMain.groovy:26)
	at com.kms.katalon.core.webui.keyword.builtin.AcceptAlertKeyword.acceptAlert(AcceptAlertKeyword.groovy:71)
	at com.kms.katalon.core.webui.keyword.builtin.AcceptAlertKeyword.execute(AcceptAlertKeyword.groovy:66)
	at com.kms.katalon.core.keyword.internal.KeywordExecutor.executeKeywordForPlatform(KeywordExecutor.groovy:74)
	at com.kms.katalon.core.webui.keyword.WebUiBuiltInKeywords.acceptAlert(WebUiBuiltInKeywords.groovy:1510)
	at com.kms.katalon.core.webui.keyword.WebUiBuiltInKeywords$acceptAlert$16.call(Unknown Source)
	at SA-002.run(SA-002:29)
	at com.kms.katalon.core.main.ScriptEngine.run(ScriptEngine.java:194)
	at com.kms.katalon.core.main.ScriptEngine.runScriptAsRawText(ScriptEngine.java:119)
	at com.kms.katalon.core.main.TestCaseExecutor.runScript(TestCaseExecutor.java:448)
	at com.kms.katalon.core.main.TestCaseExecutor.doExecute(TestCaseExecutor.java:439)
	at com.kms.katalon.core.main.TestCaseExecutor.processExecutionPhase(TestCaseExecutor.java:418)
	at com.kms.katalon.core.main.TestCaseExecutor.accessMainPhase(TestCaseExecutor.java:410)
	at com.kms.katalon.core.main.TestCaseExecutor.execute(TestCaseExecutor.java:285)
	at com.kms.katalon.core.main.TestCaseMain.runTestCase(TestCaseMain.java:144)
	at com.kms.katalon.core.keyword.builtin.CallTestCaseKeyword$_callTestCase_closure1.doCall(CallTestCaseKeyword.groovy:59)
	... 20 more
Caused by: org.openqa.selenium.NoAlertPresentException: no such alert
  (Session info: MicrosoftEdge=117.0.2045.43)
Build info: version: '3.141.59', revision: 'e82be7d358', time: '2018-11-14T08:25:53'
System info: host: 'DESKTOP-H62FVJ8', ip: '10.9.2.18', os.name: 'Windows 10', os.arch: 'amd64', os.version: '10.0', java.version: '1.8.0_362'
Driver info: com.kms.katalon.selenium.driver.CEdgeDriver
Capabilities {acceptInsecureCerts: true, browserName: msedge, browserVersion: 117.0.2045.43, fedcm:accounts: true, javascriptEnabled: true, ms:edgeOptions: {debuggerAddress: localhost:55678}, msedge: {msedgedriverVersion: 117.0.2045.47 (b75fe6866687..., userDataDir: C:\Users\IRFAN\AppData\Loca...}, networkConnectionEnabled: false, pageLoadStrategy: normal, platform: WINDOWS, platformName: WINDOWS, proxy: Proxy(), setWindowRect: true, strictFileInteractability: false, timeouts: {implicit: 0, pageLoad: 300000, script: 30000}, unhandledPromptBehavior: dismiss and notify, webauthn:extension:credBlob: true, webauthn:extension:largeBlob: true, webauthn:extension:minPinLength: true, webauthn:extension:prf: true, webauthn:virtualAuthenticators: true}
Session ID: b85b79dfaef050a7fa6bc5103ec2d902
	at org.openqa.selenium.remote.http.W3CHttpResponseCodec.createException(W3CHttpResponseCodec.java:187)
	at org.openqa.selenium.remote.http.W3CHttpResponseCodec.decode(W3CHttpResponseCodec.java:122)
	at org.openqa.selenium.remote.http.W3CHttpResponseCodec.decode(W3CHttpResponseCodec.java:49)
	at org.openqa.selenium.remote.HttpCommandExecutor.execute(HttpCommandExecutor.java:158)
	at org.openqa.selenium.remote.service.DriverCommandExecutor.execute(DriverCommandExecutor.java:83)
	at org.openqa.selenium.remote.RemoteWebDriver.execute(RemoteWebDriver.java:552)
	at com.kms.katalon.selenium.driver.CEdgeDriver.execute(CEdgeDriver.java:20)
	at org.openqa.selenium.remote.RemoteWebDriver.execute(RemoteWebDriver.java:609)
	at org.openqa.selenium.remote.RemoteWebDriver$RemoteAlert.accept(RemoteWebDriver.java:947)
	at org.openqa.selenium.support.events.EventFiringWebDriver$EventFiringAlert.accept(EventFiringWebDriver.java:795)
	at com.kms.katalon.core.webui.keyword.builtin.AcceptAlertKeyword$_acceptAlert_closure1.doCall(AcceptAlertKeyword.groovy:75)
	at com.kms.katalon.core.webui.keyword.builtin.AcceptAlertKeyword$_acceptAlert_closure1.call(AcceptAlertKeyword.groovy)
	at com.kms.katalon.core.webui.keyword.internal.WebUIKeywordMain.runKeyword(WebUIKeywordMain.groovy:20)
	... 35 more


2023-10-05 11:19:37 - [TEST_STEP][FAILED] - data = callTestCase(findTestCase("T13 Pembelian, Shipment dan Pembayaran/SA-002"), [:], STOP_ON_FAILURE): Unable to call Test Case 'Test Cases/T13 Pembelian, Shipment dan Pembayaran/SA-002' (Root cause: com.kms.katalon.core.exception.StepFailedException: Call Test Case 'Test Cases/T13 Pembelian, Shipment dan Pembayaran/SA-002' failed
	at com.kms.katalon.core.keyword.builtin.CallTestCaseKeyword$_callTestCase_closure1.doCall(CallTestCaseKeyword.groovy:63)
	at com.kms.katalon.core.keyword.builtin.CallTestCaseKeyword$_callTestCase_closure1.call(CallTestCaseKeyword.groovy)
	at com.kms.katalon.core.keyword.internal.KeywordMain.runKeyword(KeywordMain.groovy:75)
	at com.kms.katalon.core.keyword.builtin.CallTestCaseKeyword.callTestCase(CallTestCaseKeyword.groovy:81)
	at com.kms.katalon.core.keyword.builtin.CallTestCaseKeyword.execute(CallTestCaseKeyword.groovy:44)
	at com.kms.katalon.core.keyword.internal.KeywordExecutor.executeKeywordForPlatform(KeywordExecutor.groovy:74)
	at com.kms.katalon.core.keyword.BuiltinKeywords.callTestCase(BuiltinKeywords.groovy:310)
	at SA-008.run(SA-008:20)
	at com.kms.katalon.core.main.ScriptEngine.run(ScriptEngine.java:194)
	at com.kms.katalon.core.main.ScriptEngine.runScriptAsRawText(ScriptEngine.java:119)
	at com.kms.katalon.core.main.TestCaseExecutor.runScript(TestCaseExecutor.java:448)
	at com.kms.katalon.core.main.TestCaseExecutor.doExecute(TestCaseExecutor.java:439)
	at com.kms.katalon.core.main.TestCaseExecutor.processExecutionPhase(TestCaseExecutor.java:418)
	at com.kms.katalon.core.main.TestCaseExecutor.accessMainPhase(TestCaseExecutor.java:410)
	at com.kms.katalon.core.main.TestCaseExecutor.execute(TestCaseExecutor.java:285)
	at com.kms.katalon.core.common.CommonExecutor.accessTestCaseMainPhase(CommonExecutor.java:65)
	at com.kms.katalon.core.main.TestSuiteExecutor.accessTestSuiteMainPhase(TestSuiteExecutor.java:148)
	at com.kms.katalon.core.main.TestSuiteExecutor.execute(TestSuiteExecutor.java:106)
	at com.kms.katalon.core.main.TestCaseMain.startTestSuite(TestCaseMain.java:187)
	at com.kms.katalon.core.main.TestCaseMain$startTestSuite$0.call(Unknown Source)
	at TempTestSuite1696477503821.run(TempTestSuite1696477503821.groovy:36)
Caused by: com.kms.katalon.core.exception.StepFailedException: Unable to accept alert
	at com.kms.katalon.core.webui.keyword.internal.WebUIKeywordMain.stepFailed(WebUIKeywordMain.groovy:64)
	at com.kms.katalon.core.webui.keyword.internal.WebUIKeywordMain.runKeyword(WebUIKeywordMain.groovy:26)
	at com.kms.katalon.core.webui.keyword.builtin.AcceptAlertKeyword.acceptAlert(AcceptAlertKeyword.groovy:71)
	at com.kms.katalon.core.webui.keyword.builtin.AcceptAlertKeyword.execute(AcceptAlertKeyword.groovy:66)
	at com.kms.katalon.core.keyword.internal.KeywordExecutor.executeKeywordForPlatform(KeywordExecutor.groovy:74)
	at com.kms.katalon.core.webui.keyword.WebUiBuiltInKeywords.acceptAlert(WebUiBuiltInKeywords.groovy:1510)
	at com.kms.katalon.core.webui.keyword.WebUiBuiltInKeywords$acceptAlert$16.call(Unknown Source)
	at SA-002.run(SA-002:29)
	at com.kms.katalon.core.main.ScriptEngine.run(ScriptEngine.java:194)
	at com.kms.katalon.core.main.ScriptEngine.runScriptAsRawText(ScriptEngine.java:119)
	at com.kms.katalon.core.main.TestCaseExecutor.runScript(TestCaseExecutor.java:448)
	at com.kms.katalon.core.main.TestCaseExecutor.doExecute(TestCaseExecutor.java:439)
	at com.kms.katalon.core.main.TestCaseExecutor.processExecutionPhase(TestCaseExecutor.java:418)
	at com.kms.katalon.core.main.TestCaseExecutor.accessMainPhase(TestCaseExecutor.java:410)
	at com.kms.katalon.core.main.TestCaseExecutor.execute(TestCaseExecutor.java:285)
	at com.kms.katalon.core.main.TestCaseMain.runTestCase(TestCaseMain.java:144)
	at com.kms.katalon.core.keyword.builtin.CallTestCaseKeyword$_callTestCase_closure1.doCall(CallTestCaseKeyword.groovy:59)
	... 20 more
Caused by: org.openqa.selenium.NoAlertPresentException: no such alert
  (Session info: MicrosoftEdge=117.0.2045.43)
Build info: version: '3.141.59', revision: 'e82be7d358', time: '2018-11-14T08:25:53'
System info: host: 'DESKTOP-H62FVJ8', ip: '10.9.2.18', os.name: 'Windows 10', os.arch: 'amd64', os.version: '10.0', java.version: '1.8.0_362'
Driver info: com.kms.katalon.selenium.driver.CEdgeDriver
Capabilities {acceptInsecureCerts: true, browserName: msedge, browserVersion: 117.0.2045.43, fedcm:accounts: true, javascriptEnabled: true, ms:edgeOptions: {debuggerAddress: localhost:55678}, msedge: {msedgedriverVersion: 117.0.2045.47 (b75fe6866687..., userDataDir: C:\Users\IRFAN\AppData\Loca...}, networkConnectionEnabled: false, pageLoadStrategy: normal, platform: WINDOWS, platformName: WINDOWS, proxy: Proxy(), setWindowRect: true, strictFileInteractability: false, timeouts: {implicit: 0, pageLoad: 300000, script: 30000}, unhandledPromptBehavior: dismiss and notify, webauthn:extension:credBlob: true, webauthn:extension:largeBlob: true, webauthn:extension:minPinLength: true, webauthn:extension:prf: true, webauthn:virtualAuthenticators: true}
Session ID: b85b79dfaef050a7fa6bc5103ec2d902
	at org.openqa.selenium.remote.http.W3CHttpResponseCodec.createException(W3CHttpResponseCodec.java:187)
	at org.openqa.selenium.remote.http.W3CHttpResponseCodec.decode(W3CHttpResponseCodec.java:122)
	at org.openqa.selenium.remote.http.W3CHttpResponseCodec.decode(W3CHttpResponseCodec.java:49)
	at org.openqa.selenium.remote.HttpCommandExecutor.execute(HttpCommandExecutor.java:158)
	at org.openqa.selenium.remote.service.DriverCommandExecutor.execute(DriverCommandExecutor.java:83)
	at org.openqa.selenium.remote.RemoteWebDriver.execute(RemoteWebDriver.java:552)
	at com.kms.katalon.selenium.driver.CEdgeDriver.execute(CEdgeDriver.java:20)
	at org.openqa.selenium.remote.RemoteWebDriver.execute(RemoteWebDriver.java:609)
	at org.openqa.selenium.remote.RemoteWebDriver$RemoteAlert.accept(RemoteWebDriver.java:947)
	at org.openqa.selenium.support.events.EventFiringWebDriver$EventFiringAlert.accept(EventFiringWebDriver.java:795)
	at com.kms.katalon.core.webui.keyword.builtin.AcceptAlertKeyword$_acceptAlert_closure1.doCall(AcceptAlertKeyword.groovy:75)
	at com.kms.katalon.core.webui.keyword.builtin.AcceptAlertKeyword$_acceptAlert_closure1.call(AcceptAlertKeyword.groovy)
	at com.kms.katalon.core.webui.keyword.internal.WebUIKeywordMain.runKeyword(WebUIKeywordMain.groovy:20)
	... 35 more
)

2023-10-05 11:19:37 - [TEST_CASE][FAILED] - Test Cases/T13 Pembelian, Shipment dan Pembayaran/SA-002: Test Cases/T13 Pembelian, Shipment dan Pembayaran/SA-002 FAILED.
Reason:
com.kms.katalon.core.exception.StepFailedException: Unable to accept alert
	at com.kms.katalon.core.webui.keyword.internal.WebUIKeywordMain.stepFailed(WebUIKeywordMain.groovy:64)
	at com.kms.katalon.core.webui.keyword.internal.WebUIKeywordMain.runKeyword(WebUIKeywordMain.groovy:26)
	at com.kms.katalon.core.webui.keyword.builtin.AcceptAlertKeyword.acceptAlert(AcceptAlertKeyword.groovy:71)
	at com.kms.katalon.core.webui.keyword.builtin.AcceptAlertKeyword.execute(AcceptAlertKeyword.groovy:66)
	at com.kms.katalon.core.keyword.internal.KeywordExecutor.executeKeywordForPlatform(KeywordExecutor.groovy:74)
	at com.kms.katalon.core.webui.keyword.WebUiBuiltInKeywords.acceptAlert(WebUiBuiltInKeywords.groovy:1510)
	at com.kms.katalon.core.webui.keyword.WebUiBuiltInKeywords$acceptAlert$16.call(Unknown Source)
	at SA-002.run(SA-002:29)
	at com.kms.katalon.core.main.ScriptEngine.run(ScriptEngine.java:194)
	at com.kms.katalon.core.main.ScriptEngine.runScriptAsRawText(ScriptEngine.java:119)
	at com.kms.katalon.core.main.TestCaseExecutor.runScript(TestCaseExecutor.java:448)
	at com.kms.katalon.core.main.TestCaseExecutor.doExecute(TestCaseExecutor.java:439)
	at com.kms.katalon.core.main.TestCaseExecutor.processExecutionPhase(TestCaseExecutor.java:418)
	at com.kms.katalon.core.main.TestCaseExecutor.accessMainPhase(TestCaseExecutor.java:410)
	at com.kms.katalon.core.main.TestCaseExecutor.execute(TestCaseExecutor.java:285)
	at com.kms.katalon.core.main.TestCaseMain.runTestCase(TestCaseMain.java:144)
	at com.kms.katalon.core.keyword.builtin.CallTestCaseKeyword$_callTestCase_closure1.doCall(CallTestCaseKeyword.groovy:59)
	at com.kms.katalon.core.keyword.builtin.CallTestCaseKeyword$_callTestCase_closure1.call(CallTestCaseKeyword.groovy)
	at com.kms.katalon.core.keyword.internal.KeywordMain.runKeyword(KeywordMain.groovy:75)
	at com.kms.katalon.core.keyword.builtin.CallTestCaseKeyword.callTestCase(CallTestCaseKeyword.groovy:81)
	at com.kms.katalon.core.keyword.builtin.CallTestCaseKeyword.execute(CallTestCaseKeyword.groovy:44)
	at com.kms.katalon.core.keyword.internal.KeywordExecutor.executeKeywordForPlatform(KeywordExecutor.groovy:74)
	at com.kms.katalon.core.keyword.BuiltinKeywords.callTestCase(BuiltinKeywords.groovy:310)
	at SA-008.run(SA-008:20)
	at com.kms.katalon.core.main.ScriptEngine.run(ScriptEngine.java:194)
	at com.kms.katalon.core.main.ScriptEngine.runScriptAsRawText(ScriptEngine.java:119)
	at com.kms.katalon.core.main.TestCaseExecutor.runScript(TestCaseExecutor.java:448)
	at com.kms.katalon.core.main.TestCaseExecutor.doExecute(TestCaseExecutor.java:439)
	at com.kms.katalon.core.main.TestCaseExecutor.processExecutionPhase(TestCaseExecutor.java:418)
	at com.kms.katalon.core.main.TestCaseExecutor.accessMainPhase(TestCaseExecutor.java:410)
	at com.kms.katalon.core.main.TestCaseExecutor.execute(TestCaseExecutor.java:285)
	at com.kms.katalon.core.common.CommonExecutor.accessTestCaseMainPhase(CommonExecutor.java:65)
	at com.kms.katalon.core.main.TestSuiteExecutor.accessTestSuiteMainPhase(TestSuiteExecutor.java:148)
	at com.kms.katalon.core.main.TestSuiteExecutor.execute(TestSuiteExecutor.java:106)
	at com.kms.katalon.core.main.TestCaseMain.startTestSuite(TestCaseMain.java:187)
	at com.kms.katalon.core.main.TestCaseMain$startTestSuite$0.call(Unknown Source)
	at TempTestSuite1696477503821.run(TempTestSuite1696477503821.groovy:36)
Caused by: org.openqa.selenium.NoAlertPresentException: no such alert
  (Session info: MicrosoftEdge=117.0.2045.43)
Build info: version: '3.141.59', revision: 'e82be7d358', time: '2018-11-14T08:25:53'
System info: host: 'DESKTOP-H62FVJ8', ip: '10.9.2.18', os.name: 'Windows 10', os.arch: 'amd64', os.version: '10.0', java.version: '1.8.0_362'
Driver info: com.kms.katalon.selenium.driver.CEdgeDriver
Capabilities {acceptInsecureCerts: true, browserName: msedge, browserVersion: 117.0.2045.43, fedcm:accounts: true, javascriptEnabled: true, ms:edgeOptions: {debuggerAddress: localhost:55678}, msedge: {msedgedriverVersion: 117.0.2045.47 (b75fe6866687..., userDataDir: C:\Users\IRFAN\AppData\Loca...}, networkConnectionEnabled: false, pageLoadStrategy: normal, platform: WINDOWS, platformName: WINDOWS, proxy: Proxy(), setWindowRect: true, strictFileInteractability: false, timeouts: {implicit: 0, pageLoad: 300000, script: 30000}, unhandledPromptBehavior: dismiss and notify, webauthn:extension:credBlob: true, webauthn:extension:largeBlob: true, webauthn:extension:minPinLength: true, webauthn:extension:prf: true, webauthn:virtualAuthenticators: true}
Session ID: b85b79dfaef050a7fa6bc5103ec2d902
	at org.openqa.selenium.remote.http.W3CHttpResponseCodec.createException(W3CHttpResponseCodec.java:187)
	at org.openqa.selenium.remote.http.W3CHttpResponseCodec.decode(W3CHttpResponseCodec.java:122)
	at org.openqa.selenium.remote.http.W3CHttpResponseCodec.decode(W3CHttpResponseCodec.java:49)
	at org.openqa.selenium.remote.HttpCommandExecutor.execute(HttpCommandExecutor.java:158)
	at org.openqa.selenium.remote.service.DriverCommandExecutor.execute(DriverCommandExecutor.java:83)
	at org.openqa.selenium.remote.RemoteWebDriver.execute(RemoteWebDriver.java:552)
	at com.kms.katalon.selenium.driver.CEdgeDriver.execute(CEdgeDriver.java:20)
	at org.openqa.selenium.remote.RemoteWebDriver.execute(RemoteWebDriver.java:609)
	at org.openqa.selenium.remote.RemoteWebDriver$RemoteAlert.accept(RemoteWebDriver.java:947)
	at org.openqa.selenium.support.events.EventFiringWebDriver$EventFiringAlert.accept(EventFiringWebDriver.java:795)
	at com.kms.katalon.core.webui.keyword.builtin.AcceptAlertKeyword$_acceptAlert_closure1.doCall(AcceptAlertKeyword.groovy:75)
	at com.kms.katalon.core.webui.keyword.builtin.AcceptAlertKeyword$_acceptAlert_closure1.call(AcceptAlertKeyword.groovy)
	at com.kms.katalon.core.webui.keyword.internal.WebUIKeywordMain.runKeyword(WebUIKeywordMain.groovy:20)
	... 35 more


2023-10-05 11:19:37 - [TEST_STEP][PASSED] - data = callTestCase(findTestCase("T13 Pembelian, Shipment dan Pembayaran/SA-001"), [:], STOP_ON_FAILURE): Call Test Case 'Test Cases/T13 Pembelian, Shipment dan Pembayaran/SA-001' successfully

2023-10-05 11:19:37 - [TEST_CASE][PASSED] - Test Cases/T13 Pembelian, Shipment dan Pembayaran/SA-001: Test Cases/T13 Pembelian, Shipment dan Pembayaran/SA-001

2023-10-05 11:19:37 - [TEST_STEP][PASSED] - data = callTestCase(findTestCase("T13 Pembelian, Shipment dan Pembayaran/PBYA-001"), [:], STOP_ON_FAILURE): Call Test Case 'Test Cases/T13 Pembelian, Shipment dan Pembayaran/PBYA-001' successfully

2023-10-05 11:19:38 - [TEST_CASE][PASSED] - Test Cases/T13 Pembelian, Shipment dan Pembayaran/PBYA-001: Test Cases/T13 Pembelian, Shipment dan Pembayaran/PBYA-001

2023-10-05 11:19:38 - [TEST_STEP][PASSED] - data = callTestCase(findTestCase("T13 Pembelian, Shipment dan Pembayaran/PBY-004"), [:], STOP_ON_FAILURE): Call Test Case 'Test Cases/T13 Pembelian, Shipment dan Pembayaran/PBY-004' successfully

2023-10-05 11:19:38 - [TEST_CASE][PASSED] - Test Cases/T13 Pembelian, Shipment dan Pembayaran/PBY-004: Test Cases/T13 Pembelian, Shipment dan Pembayaran/PBY-004

2023-10-05 11:19:38 - [TEST_STEP][PASSED] - data = callTestCase(findTestCase("T13 Pembelian, Shipment dan Pembayaran/PBY-001"), [:], STOP_ON_FAILURE): Call Test Case 'Test Cases/T13 Pembelian, Shipment dan Pembayaran/PBY-001' successfully

2023-10-05 11:19:38 - [TEST_CASE][PASSED] - Test Cases/T13 Pembelian, Shipment dan Pembayaran/PBY-001: Test Cases/T13 Pembelian, Shipment dan Pembayaran/PBY-001

2023-10-05 11:19:38 - [TEST_STEP][PASSED] - data = callTestCase(findTestCase("T13 Pembelian, Shipment dan Pembayaran/PBL-004"), ["Kurir":"Roda 2"], STOP_ON_FAILURE): Call Test Case 'Test Cases/T13 Pembelian, Shipment dan Pembayaran/PBL-004' successfully

2023-10-05 11:19:38 - [TEST_CASE][PASSED] - Test Cases/T13 Pembelian, Shipment dan Pembayaran/PBL-004: Test Cases/T13 Pembelian, Shipment dan Pembayaran/PBL-004

2023-10-05 11:19:38 - [TEST_STEP][PASSED] - data = callTestCase(findTestCase("T13 Pembelian, Shipment dan Pembayaran/PBL-002"), [:], STOP_ON_FAILURE): Call Test Case 'Test Cases/T13 Pembelian, Shipment dan Pembayaran/PBL-002' successfully

2023-10-05 11:19:38 - [TEST_CASE][PASSED] - Test Cases/T13 Pembelian, Shipment dan Pembayaran/PBL-002: Test Cases/T13 Pembelian, Shipment dan Pembayaran/PBL-002

2023-10-05 11:19:38 - [TEST_STEP][PASSED] - data = callTestCase(findTestCase("T13 Pembelian, Shipment dan Pembayaran/PBL-001"), [:], STOP_ON_FAILURE): Call Test Case 'Test Cases/T13 Pembelian, Shipment dan Pembayaran/PBL-001' successfully

2023-10-05 11:19:38 - [TEST_CASE][PASSED] - Test Cases/T13 Pembelian, Shipment dan Pembayaran/PBL-001: Test Cases/T13 Pembelian, Shipment dan Pembayaran/PBL-001

2023-10-05 11:19:38 - [TEST_STEP][PASSED] - callTestCase(findTestCase("T13 Pembelian, Shipment dan Pembayaran/LU-001"), ["username":"irfanafandi", "password":"12345irfan"], STOP_ON_FAILURE): Call Test Case 'Test Cases/T13 Pembelian, Shipment dan Pembayaran/LU-001' successfully

2023-10-05 11:19:38 - [TEST_CASE][PASSED] - Test Cases/T13 Pembelian, Shipment dan Pembayaran/LU-001: Test Cases/T13 Pembelian, Shipment dan Pembayaran/LU-001

2023-10-05 11:19:38 - [TEST_STEP][PASSED] - openBrowser("https://10.9.2.63/ecommerce/"): Browser is opened with url: 'https://10.9.2.63/ecommerce/'

2023-10-05 11:19:38 - [MESSAGE][WARNING] - A browser is already opened. Closing browser and opening a new one

2023-10-05 11:19:39 - [MESSAGE][INFO] - Starting 'Edge Chromium' driver

2023-10-05 11:19:39 - [MESSAGE][INFO] - User set preference: ['acceptInsecureCerts', 'true']

2023-10-05 11:19:41 - [MESSAGE][INFO] - Action delay is set to 0 milliseconds

2023-10-05 11:19:46 - [MESSAGE][PASSED] - Browser is opened with url: 'https://10.9.2.63/ecommerce/'

2023-10-05 11:19:46 - [TEST_STEP][PASSED] - maximizeWindow(): Current window maximized

2023-10-05 11:19:46 - [MESSAGE][PASSED] - Current window maximized

2023-10-05 11:19:46 - [TEST_STEP][PASSED] - verifyElementPresent(findTestObject("Login/Home"), 0): Object 'Object Repository/Login/Home' is present

2023-10-05 11:19:46 - [MESSAGE][WARNING] - Timeout '0' is invalid. Using default page load timeout: '30'

2023-10-05 11:19:46 - [MESSAGE][PASSED] - Object 'Object Repository/Login/Home' is present

2023-10-05 11:19:46 - [TEST_STEP][PASSED] - click(findTestObject("Login/a_Login")): Object: 'Object Repository/Login/a_Login' is clicked on

2023-10-05 11:19:47 - [MESSAGE][PASSED] - Object: 'Object Repository/Login/a_Login' is clicked on

2023-10-05 11:19:47 - [TEST_STEP][PASSED] - verifyElementPresent(findTestObject("Login/Tittle Login"), 0): Object 'Object Repository/Login/Tittle Login' is present

2023-10-05 11:19:47 - [MESSAGE][WARNING] - Timeout '0' is invalid. Using default page load timeout: '30'

2023-10-05 11:19:48 - [MESSAGE][PASSED] - Object 'Object Repository/Login/Tittle Login' is present

2023-10-05 11:19:48 - [TEST_STEP][PASSED] - setText(findTestObject("Login/input_Username, Email atau No. Handphone_a"), username): Text 'irfanafandi' is set on object 'Object Repository/Login/input_Username, Email atau No. Handphone_a'

2023-10-05 11:19:48 - [MESSAGE][PASSED] - Text 'irfanafandi' is set on object 'Object Repository/Login/input_Username, Email atau No. Handphone_a'

2023-10-05 11:19:48 - [TEST_STEP][PASSED] - setText(findTestObject("Login/input_Password_b"), password): Text '12345irfan' is set on object 'Object Repository/Login/input_Password_b'

2023-10-05 11:19:49 - [MESSAGE][PASSED] - Text '12345irfan' is set on object 'Object Repository/Login/input_Password_b'

2023-10-05 11:19:49 - [TEST_STEP][PASSED] - click(findTestObject("Login/label_Ingat saya")): Object: 'Object Repository/Login/label_Ingat saya' is clicked on

2023-10-05 11:19:50 - [MESSAGE][PASSED] - Object: 'Object Repository/Login/label_Ingat saya' is clicked on

2023-10-05 11:19:50 - [TEST_STEP][PASSED] - click(findTestObject("Login/button_Masuk")): Object: 'Object Repository/Login/button_Masuk' is clicked on

2023-10-05 11:19:52 - [MESSAGE][PASSED] - Object: 'Object Repository/Login/button_Masuk' is clicked on

2023-10-05 11:19:52 - [TEST_STEP][PASSED] - verifyElementPresent(findTestObject("Login/li_Profile"), 0): Object 'Object Repository/Login/li_Profile' is present

2023-10-05 11:19:52 - [MESSAGE][WARNING] - Timeout '0' is invalid. Using default page load timeout: '30'

2023-10-05 11:19:53 - [MESSAGE][PASSED] - Object 'Object Repository/Login/li_Profile' is present

2023-10-05 11:19:53 - [MESSAGE][PASSED] - Call Test Case 'Test Cases/T13 Pembelian, Shipment dan Pembayaran/LU-001' successfully

2023-10-05 11:19:53 - [TEST_STEP][PASSED] - mouseOver(findTestObject("beli barang/i_Mulai Belanja_icon-menu")): Object: 'Object Repository/beli barang/i_Mulai Belanja_icon-menu' is hovered

2023-10-05 11:19:53 - [MESSAGE][PASSED] - Object: 'Object Repository/beli barang/i_Mulai Belanja_icon-menu' is hovered

2023-10-05 11:19:53 - [TEST_STEP][PASSED] - click(findTestObject("beli barang/a_Fashion  Busana Wanita")): Object: 'Object Repository/beli barang/a_Fashion  Busana Wanita' is clicked on

2023-10-05 11:19:54 - [MESSAGE][PASSED] - Object: 'Object Repository/beli barang/a_Fashion  Busana Wanita' is clicked on

2023-10-05 11:19:54 - [TEST_STEP][PASSED] - NamaSebelum = getText(findTestObject("verifikasi/Nama sebelum")): Text of object 'Object Repository/verifikasi/Nama sebelum' is: ''

2023-10-05 11:19:55 - [MESSAGE][PASSED] - Text of object 'Object Repository/verifikasi/Nama sebelum' is: ''

2023-10-05 11:19:55 - [TEST_STEP][PASSED] - HargaSebelum = getText(findTestObject("verifikasi/Harga sebelum")): Text of object 'Object Repository/verifikasi/Harga sebelum' is: 'Rp 1,299'

2023-10-05 11:19:56 - [MESSAGE][PASSED] - Text of object 'Object Repository/verifikasi/Harga sebelum' is: 'Rp 1,299'

2023-10-05 11:19:56 - [TEST_STEP][PASSED] - mouseOver(findTestObject("beli barang/barang mouse over")): Object: 'Object Repository/beli barang/barang mouse over' is hovered

2023-10-05 11:19:56 - [MESSAGE][PASSED] - Object: 'Object Repository/beli barang/barang mouse over' is hovered

2023-10-05 11:19:56 - [TEST_STEP][PASSED] - click(findTestObject("beli barang/buttom add to cart")): Object: 'Object Repository/beli barang/buttom add to cart' is clicked on

2023-10-05 11:19:58 - [MESSAGE][PASSED] - Object: 'Object Repository/beli barang/buttom add to cart' is clicked on

2023-10-05 11:19:58 - [TEST_STEP][PASSED] - NamaSesudah = getText(findTestObject("verifikasi/Nama sesudah")): Text of object 'Object Repository/verifikasi/Nama sesudah' is: 'Segitiga Instan Madeira - MDB5.3 Sunset'

2023-10-05 11:19:58 - [MESSAGE][PASSED] - Text of object 'Object Repository/verifikasi/Nama sesudah' is: 'Segitiga Instan Madeira - MDB5.3 Sunset'

2023-10-05 11:19:58 - [TEST_STEP][PASSED] - HargaSesudah = getText(findTestObject("verifikasi/Harga sesudah")): Text of object 'Object Repository/verifikasi/Harga sesudah' is: 'Rp 1,299'

2023-10-05 11:19:59 - [MESSAGE][PASSED] - Text of object 'Object Repository/verifikasi/Harga sesudah' is: 'Rp 1,299'

2023-10-05 11:19:59 - [TEST_STEP][PASSED] - assert NamaSesudah.contains(NamaSebelum): null

2023-10-05 11:19:59 - [TEST_STEP][PASSED] - assert HargaSesudah.contains(HargaSebelum): null

2023-10-05 11:19:59 - [TEST_STEP][PASSED] - click(findTestObject("beli barang/Tambah Keranjang busana wanita")): Object: 'Object Repository/beli barang/Tambah Keranjang busana wanita' is clicked on

2023-10-05 11:19:59 - [MESSAGE][PASSED] - Object: 'Object Repository/beli barang/Tambah Keranjang busana wanita' is clicked on

2023-10-05 11:19:59 - [TEST_STEP][PASSED] - verifyElementPresent(findTestObject("checkout/Notifikasi keranjang"), 1): Object 'Object Repository/checkout/Notifikasi keranjang' is present

2023-10-05 11:20:00 - [MESSAGE][PASSED] - Object 'Object Repository/checkout/Notifikasi keranjang' is present

2023-10-05 11:20:00 - [TEST_STEP][PASSED] - data = new java.util.HashMap(): null

2023-10-05 11:20:00 - [TEST_STEP][PASSED] - data.put("nama_barang", NamaSesudah): null

2023-10-05 11:20:00 - [TEST_STEP][PASSED] - data.put("price_barang", HargaSesudah): null

2023-10-05 11:20:00 - [TEST_STEP][PASSED] - return data: null

2023-10-05 11:20:00 - [MESSAGE][PASSED] - Call Test Case 'Test Cases/T13 Pembelian, Shipment dan Pembayaran/PBL-001' successfully

2023-10-05 11:20:00 - [TEST_STEP][PASSED] - mouseOver(findTestObject("beli barang/keranjang")): Object: 'Object Repository/beli barang/keranjang' is hovered

2023-10-05 11:20:01 - [MESSAGE][PASSED] - Object: 'Object Repository/beli barang/keranjang' is hovered

2023-10-05 11:20:01 - [TEST_STEP][PASSED] - click(findTestObject("beli barang/Lihat Sekarang")): Object: 'Object Repository/beli barang/Lihat Sekarang' is clicked on

2023-10-05 11:20:02 - [MESSAGE][PASSED] - Object: 'Object Repository/beli barang/Lihat Sekarang' is clicked on

2023-10-05 11:20:02 - [TEST_STEP][PASSED] - verifyElementPresent(findTestObject("keranjang/li_Keranjang Belanja"), 0): Object 'Object Repository/keranjang/li_Keranjang Belanja' is present

2023-10-05 11:20:02 - [MESSAGE][WARNING] - Timeout '0' is invalid. Using default page load timeout: '30'

2023-10-05 11:20:03 - [MESSAGE][PASSED] - Object 'Object Repository/keranjang/li_Keranjang Belanja' is present

2023-10-05 11:20:03 - [TEST_STEP][PASSED] - NamaKeranjang = getText(findTestObject("verifikasi/Nama keranjang")): Text of object 'Object Repository/verifikasi/Nama keranjang' is: 'Segitiga Instan Madeira - MDB5.3 Sunset'

2023-10-05 11:20:04 - [MESSAGE][PASSED] - Text of object 'Object Repository/verifikasi/Nama keranjang' is: 'Segitiga Instan Madeira - MDB5.3 Sunset'

2023-10-05 11:20:04 - [TEST_STEP][PASSED] - HargaKeranjang = getText(findTestObject("verifikasi/Harga Keranjang")): Text of object 'Object Repository/verifikasi/Harga Keranjang' is: 'Rp 1,299'

2023-10-05 11:20:04 - [MESSAGE][PASSED] - Text of object 'Object Repository/verifikasi/Harga Keranjang' is: 'Rp 1,299'

2023-10-05 11:20:04 - [TEST_STEP][PASSED] - if (toString().equalsIgnoreCase("Merah")): Object 'Object Repository/keranjang/input_Warna_variasi101' is checked

2023-10-05 11:20:04 - [TEST_STEP][PASSED] - check(findTestObject("Object Repository/keranjang/input_Warna_variasi101")): Object 'Object Repository/keranjang/input_Warna_variasi101' is checked

2023-10-05 11:20:04 - [MESSAGE][PASSED] - Object 'Object Repository/keranjang/input_Warna_variasi101' is checked

2023-10-05 11:20:04 - [TEST_STEP][PASSED] - if (toString().equalsIgnoreCase("Menengah")): Object 'Object Repository/keranjang/input_Ukuran_variasi201' is checked

2023-10-05 11:20:04 - [TEST_STEP][PASSED] - check(findTestObject("Object Repository/keranjang/input_Ukuran_variasi201")): Object 'Object Repository/keranjang/input_Ukuran_variasi201' is checked

2023-10-05 11:20:05 - [MESSAGE][PASSED] - Object 'Object Repository/keranjang/input_Ukuran_variasi201' is checked

2023-10-05 11:20:05 - [TEST_STEP][PASSED] - data.put("Warna", warna): null

2023-10-05 11:20:05 - [TEST_STEP][PASSED] - data.put("Ukuran", ukuran): null

2023-10-05 11:20:05 - [TEST_STEP][PASSED] - click(findTestObject("keranjang/button_Lanjut ke Pembayaran")): Object: 'Object Repository/keranjang/button_Lanjut ke Pembayaran' is clicked on

2023-10-05 11:20:06 - [MESSAGE][PASSED] - Object: 'Object Repository/keranjang/button_Lanjut ke Pembayaran' is clicked on

2023-10-05 11:20:06 - [TEST_STEP][PASSED] - verifyElementPresent(findTestObject("checkout/Tittle Checkout Order"), 0): Object 'Object Repository/checkout/Tittle Checkout Order' is present

2023-10-05 11:20:07 - [MESSAGE][WARNING] - Timeout '0' is invalid. Using default page load timeout: '30'

2023-10-05 11:20:07 - [MESSAGE][PASSED] - Object 'Object Repository/checkout/Tittle Checkout Order' is present

2023-10-05 11:20:07 - [TEST_STEP][PASSED] - name_product = data.get("nama_barang"): null

2023-10-05 11:20:07 - [TEST_STEP][PASSED] - price_product = data.get("price_barang"): null

2023-10-05 11:20:07 - [TEST_STEP][PASSED] - assert name_product == NamaKeranjang: null

2023-10-05 11:20:07 - [TEST_STEP][PASSED] - assert price_product == HargaKeranjang: null

2023-10-05 11:20:07 - [TEST_STEP][PASSED] - return data: null

2023-10-05 11:20:07 - [MESSAGE][PASSED] - Call Test Case 'Test Cases/T13 Pembelian, Shipment dan Pembayaran/PBL-002' successfully

2023-10-05 11:20:07 - [TEST_STEP][PASSED] - warnaa = getText(findTestObject("verifikasi/warna Merah")): Text of object 'Object Repository/verifikasi/warna Merah' is: 'Merah'

2023-10-05 11:20:08 - [MESSAGE][PASSED] - Text of object 'Object Repository/verifikasi/warna Merah' is: 'Merah'

2023-10-05 11:20:08 - [TEST_STEP][PASSED] - ukurann = getText(findTestObject("verifikasi/Ukuran Menengah")): Text of object 'Object Repository/verifikasi/Ukuran Menengah' is: 'Menengah'

2023-10-05 11:20:08 - [MESSAGE][PASSED] - Text of object 'Object Repository/verifikasi/Ukuran Menengah' is: 'Menengah'

2023-10-05 11:20:08 - [TEST_STEP][PASSED] - warna1 = data.get("Warna"): null

2023-10-05 11:20:08 - [TEST_STEP][PASSED] - ukuran1 = data.get("Ukuran"): null

2023-10-05 11:20:08 - [TEST_STEP][PASSED] - assert warnaa == warna1: null

2023-10-05 11:20:08 - [TEST_STEP][PASSED] - assert ukurann == ukuran1: null

2023-10-05 11:20:08 - [TEST_STEP][PASSED] - NamaCheckout = getText(findTestObject("verifikasi/NamaCheckout")): Text of object 'Object Repository/verifikasi/NamaCheckout' is: ''

2023-10-05 11:20:08 - [MESSAGE][PASSED] - Text of object 'Object Repository/verifikasi/NamaCheckout' is: ''

2023-10-05 11:20:08 - [TEST_STEP][PASSED] - HargaCheckout = getText(findTestObject("verifikasi/HargaCheckout")): Text of object 'Object Repository/verifikasi/HargaCheckout' is: '1,299'

2023-10-05 11:20:09 - [MESSAGE][PASSED] - Text of object 'Object Repository/verifikasi/HargaCheckout' is: '1,299'

2023-10-05 11:20:09 - [TEST_STEP][PASSED] - name_product = data.get("nama_barang"): null

2023-10-05 11:20:09 - [TEST_STEP][PASSED] - price_product = data.get("price_barang"): null

2023-10-05 11:20:09 - [TEST_STEP][PASSED] - assert name_product.contains(NamaCheckout): null

2023-10-05 11:20:09 - [TEST_STEP][PASSED] - assert price_product.contains(HargaCheckout): null

2023-10-05 11:20:09 - [TEST_STEP][PASSED] - selectOptionByLabel(findTestObject("checkout/select - Kirim via Kurir Lokal"), Kurir, false): All options with label 'Roda 2' are selected in object 'Object Repository/checkout/select - Kirim via Kurir Lokal' 

2023-10-05 11:20:10 - [MESSAGE][PASSED] - All options with label 'Roda 2' are selected in object 'Object Repository/checkout/select - Kirim via Kurir Lokal' 

2023-10-05 11:20:10 - [TEST_STEP][PASSED] - click(findTestObject("checkout/Kendaraan Kurir")): Object: 'Object Repository/checkout/Kendaraan Kurir' is clicked on

2023-10-05 11:20:10 - [MESSAGE][PASSED] - Object: 'Object Repository/checkout/Kendaraan Kurir' is clicked on

2023-10-05 11:20:10 - [TEST_STEP][PASSED] - OngkosKirim = getText(findTestObject("Object Repository/verifikasi/Ongkos Kirim checkout")): Text of object 'Object Repository/verifikasi/Ongkos Kirim checkout' is: 'Rp. 5,000'

2023-10-05 11:20:11 - [MESSAGE][PASSED] - Text of object 'Object Repository/verifikasi/Ongkos Kirim checkout' is: 'Rp. 5,000'

2023-10-05 11:20:11 - [TEST_STEP][PASSED] - Ongkos = OngkosKirim.substring(3, OngkosKirim.size()): null

2023-10-05 11:20:11 - [TEST_STEP][PASSED] - rep = Ongkos.replace(",", "."): null

2023-10-05 11:20:11 - [TEST_STEP][PASSED] - Ongkos_kirim = Double.parseDouble(rep): null

2023-10-05 11:20:11 - [TEST_STEP][PASSED] - println(Ongkos_kirim): null

2023-10-05 11:20:11 - [TEST_STEP][PASSED] - FeeAdmin = getText(findTestObject("verifikasi/Fee Admin checkout")): Text of object 'Object Repository/verifikasi/Fee Admin checkout' is: 'Fee Admin
Rp 1,500'

2023-10-05 11:20:11 - [MESSAGE][PASSED] - Text of object 'Object Repository/verifikasi/Fee Admin checkout' is: 'Fee Admin
Rp 1,500'

2023-10-05 11:20:11 - [TEST_STEP][PASSED] - Fee_Admin = FeeAdmin.substring(12, FeeAdmin.size()): null

2023-10-05 11:20:11 - [TEST_STEP][PASSED] - fee = Fee_Admin.replace(",", "."): null

2023-10-05 11:20:11 - [TEST_STEP][PASSED] - fee_admin = Double.parseDouble(fee): null

2023-10-05 11:20:11 - [TEST_STEP][PASSED] - println(fee_admin): null

2023-10-05 11:20:11 - [TEST_STEP][PASSED] - Subtotal = getText(findTestObject("verifikasi/subtotal checkout")): Text of object 'Object Repository/verifikasi/subtotal checkout' is: 'Subtotal
Rp 1,299'

2023-10-05 11:20:12 - [MESSAGE][PASSED] - Text of object 'Object Repository/verifikasi/subtotal checkout' is: 'Subtotal
Rp 1,299'

2023-10-05 11:20:12 - [TEST_STEP][PASSED] - sub_total = Subtotal.substring(12, Subtotal.size()): null

2023-10-05 11:20:12 - [TEST_STEP][PASSED] - sub = sub_total.replace(",", "."): null

2023-10-05 11:20:12 - [TEST_STEP][PASSED] - sub_total = Double.parseDouble(sub): null

2023-10-05 11:20:12 - [TEST_STEP][PASSED] - println(sub_total): null

2023-10-05 11:20:12 - [TEST_STEP][PASSED] - Total = getText(findTestObject("verifikasi/Total checkout")): Text of object 'Object Repository/verifikasi/Total checkout' is: 'Rp 7,799'

2023-10-05 11:20:12 - [MESSAGE][PASSED] - Text of object 'Object Repository/verifikasi/Total checkout' is: 'Rp 7,799'

2023-10-05 11:20:12 - [TEST_STEP][PASSED] - totall = Total.substring(3, Total.size()): null

2023-10-05 11:20:12 - [TEST_STEP][PASSED] - total = totall.replace(",", "."): null

2023-10-05 11:20:12 - [TEST_STEP][PASSED] - totall = Double.parseDouble(total): null

2023-10-05 11:20:12 - [TEST_STEP][PASSED] - println(totall): null

2023-10-05 11:20:12 - [TEST_STEP][PASSED] - Total_Harga = Ongkos_kirim + fee_admin + sub_total: null

2023-10-05 11:20:12 - [TEST_STEP][PASSED] - println(Total_Harga): null

2023-10-05 11:20:12 - [TEST_STEP][PASSED] - TotalHarga = Math.round(Total_Harga * 1000) / 1000: null

2023-10-05 11:20:12 - [TEST_STEP][PASSED] - println(TotalHarga): null

2023-10-05 11:20:12 - [TEST_STEP][PASSED] - assert totall == TotalHarga: null

2023-10-05 11:20:12 - [TEST_STEP][PASSED] - click(findTestObject("verifikasi/Metode Transfer")): Object: 'Object Repository/verifikasi/Metode Transfer' is clicked on

2023-10-05 11:20:13 - [MESSAGE][PASSED] - Object: 'Object Repository/verifikasi/Metode Transfer' is clicked on

2023-10-05 11:20:13 - [TEST_STEP][PASSED] - click(findTestObject("checkout/button_Proses Pembayaran")): Object: 'Object Repository/checkout/button_Proses Pembayaran' is clicked on

2023-10-05 11:20:22 - [MESSAGE][PASSED] - Object: 'Object Repository/checkout/button_Proses Pembayaran' is clicked on

2023-10-05 11:20:22 - [TEST_STEP][PASSED] - verifyElementPresent(findTestObject("pembayaran/Tittle nomor invoice"), 0): Object 'Object Repository/pembayaran/Tittle nomor invoice' is present

2023-10-05 11:20:22 - [MESSAGE][WARNING] - Timeout '0' is invalid. Using default page load timeout: '30'

2023-10-05 11:20:23 - [MESSAGE][PASSED] - Object 'Object Repository/pembayaran/Tittle nomor invoice' is present

2023-10-05 11:20:23 - [TEST_STEP][PASSED] - return data: null

2023-10-05 11:20:23 - [MESSAGE][PASSED] - Call Test Case 'Test Cases/T13 Pembelian, Shipment dan Pembayaran/PBL-004' successfully

2023-10-05 11:20:23 - [TEST_STEP][PASSED] - Invoice = getText(findTestObject("pembayaran/nomor invoice")): Text of object 'Object Repository/pembayaran/nomor invoice' is: 'TRX60.20231005112016'

2023-10-05 11:20:24 - [MESSAGE][PASSED] - Text of object 'Object Repository/pembayaran/nomor invoice' is: 'TRX60.20231005112016'

2023-10-05 11:20:24 - [TEST_STEP][PASSED] - data.put("invoice", Invoice): null

2023-10-05 11:20:24 - [TEST_STEP][PASSED] - NamaPemesan = getText(findTestObject("Konfirmasi pesanan shop/Nama pemesan")): Text of object 'Object Repository/Konfirmasi pesanan shop/Nama pemesan' is: 'irfan.afandi'

2023-10-05 11:20:24 - [MESSAGE][PASSED] - Text of object 'Object Repository/Konfirmasi pesanan shop/Nama pemesan' is: 'irfan.afandi'

2023-10-05 11:20:24 - [TEST_STEP][PASSED] - Nama = getText(findTestObject("pembayaran/Nama barang")): Text of object 'Object Repository/pembayaran/Nama barang' is: 'Segitiga Instan Madeira - MDB5.3 Sunset'

2023-10-05 11:20:25 - [MESSAGE][PASSED] - Text of object 'Object Repository/pembayaran/Nama barang' is: 'Segitiga Instan Madeira - MDB5.3 Sunset'

2023-10-05 11:20:25 - [TEST_STEP][PASSED] - Harga = getText(findTestObject("pembayaran/Harga barang")): Text of object 'Object Repository/pembayaran/Harga barang' is: '1,299'

2023-10-05 11:20:25 - [MESSAGE][PASSED] - Text of object 'Object Repository/pembayaran/Harga barang' is: '1,299'

2023-10-05 11:20:25 - [TEST_STEP][PASSED] - name_product = data.get("nama_barang"): null

2023-10-05 11:20:25 - [TEST_STEP][PASSED] - price_product = data.get("price_barang"): null

2023-10-05 11:20:25 - [TEST_STEP][PASSED] - assert name_product.contains(Nama): null

2023-10-05 11:20:25 - [TEST_STEP][PASSED] - assert price_product.contains(Harga): null

2023-10-05 11:20:25 - [TEST_STEP][PASSED] - warnaa = getText(findTestObject("pembayaran/warna")): Text of object 'Object Repository/pembayaran/warna' is: 'Merah'

2023-10-05 11:20:26 - [MESSAGE][PASSED] - Text of object 'Object Repository/pembayaran/warna' is: 'Merah'

2023-10-05 11:20:26 - [TEST_STEP][PASSED] - ukurann = getText(findTestObject("pembayaran/ukuran")): Text of object 'Object Repository/pembayaran/ukuran' is: 'Menengah'

2023-10-05 11:20:26 - [MESSAGE][PASSED] - Text of object 'Object Repository/pembayaran/ukuran' is: 'Menengah'

2023-10-05 11:20:26 - [TEST_STEP][PASSED] - warna1 = data.get("Warna"): null

2023-10-05 11:20:26 - [TEST_STEP][PASSED] - ukuran1 = data.get("Ukuran"): null

2023-10-05 11:20:26 - [TEST_STEP][PASSED] - assert warnaa == warna1: null

2023-10-05 11:20:26 - [TEST_STEP][PASSED] - assert ukurann == ukuran1: null

2023-10-05 11:20:26 - [TEST_STEP][PASSED] - statusPembelian = getText(findTestObject("verifikasi/Status pending di pembelian")): Text of object 'Object Repository/verifikasi/Status pending di pembelian' is: 'Pending'

2023-10-05 11:20:27 - [MESSAGE][PASSED] - Text of object 'Object Repository/verifikasi/Status pending di pembelian' is: 'Pending'

2023-10-05 11:20:27 - [TEST_STEP][PASSED] - data.put("statusPem", statusPembelian): null

2023-10-05 11:20:27 - [TEST_STEP][PASSED] - OngkosKirim = getText(findTestObject("pembayaran/ongkos kirim")): Text of object 'Object Repository/pembayaran/ongkos kirim' is: 'Rp 5,000'

2023-10-05 11:20:27 - [MESSAGE][PASSED] - Text of object 'Object Repository/pembayaran/ongkos kirim' is: 'Rp 5,000'

2023-10-05 11:20:27 - [TEST_STEP][PASSED] - Ongkos = OngkosKirim.substring(3, OngkosKirim.size()): null

2023-10-05 11:20:27 - [TEST_STEP][PASSED] - rep = Ongkos.replace(",", ""): null

2023-10-05 11:20:27 - [TEST_STEP][PASSED] - Ongkos_kirimm = Integer.parseInt(rep): null

2023-10-05 11:20:27 - [TEST_STEP][PASSED] - println(Ongkos_kirimm): null

2023-10-05 11:20:27 - [TEST_STEP][PASSED] - FeeAdmin = getText(findTestObject("pembayaran/fee admin")): Text of object 'Object Repository/pembayaran/fee admin' is: 'Rp 1,500'

2023-10-05 11:20:28 - [MESSAGE][PASSED] - Text of object 'Object Repository/pembayaran/fee admin' is: 'Rp 1,500'

2023-10-05 11:20:28 - [TEST_STEP][PASSED] - Fee_Admin = FeeAdmin.substring(3, FeeAdmin.size()): null

2023-10-05 11:20:28 - [TEST_STEP][PASSED] - fee = Fee_Admin.replace(",", ""): null

2023-10-05 11:20:28 - [TEST_STEP][PASSED] - fee_adminn = Integer.parseInt(fee): null

2023-10-05 11:20:28 - [TEST_STEP][PASSED] - println(fee_adminn): null

2023-10-05 11:20:28 - [TEST_STEP][PASSED] - Subtotal = getText(findTestObject("pembayaran/subtotal")): Text of object 'Object Repository/pembayaran/subtotal' is: 'Rp 1,299'

2023-10-05 11:20:28 - [MESSAGE][PASSED] - Text of object 'Object Repository/pembayaran/subtotal' is: 'Rp 1,299'

2023-10-05 11:20:28 - [TEST_STEP][PASSED] - sub_total = Subtotal.substring(3, Subtotal.size()): null

2023-10-05 11:20:28 - [TEST_STEP][PASSED] - sub = sub_total.replace(",", ""): null

2023-10-05 11:20:28 - [TEST_STEP][PASSED] - sub_totall = Integer.parseInt(sub): null

2023-10-05 11:20:28 - [TEST_STEP][PASSED] - println(sub_totall): null

2023-10-05 11:20:28 - [TEST_STEP][PASSED] - unik = getText(findTestObject("pembayaran/kode unik")): Text of object 'Object Repository/pembayaran/kode unik' is: '+016'

2023-10-05 11:20:29 - [MESSAGE][PASSED] - Text of object 'Object Repository/pembayaran/kode unik' is: '+016'

2023-10-05 11:20:29 - [TEST_STEP][PASSED] - unikk = unik.replace("+", ""): null

2023-10-05 11:20:29 - [TEST_STEP][PASSED] - kode_unik = Integer.parseInt(unikk): null

2023-10-05 11:20:29 - [TEST_STEP][PASSED] - println(kode_unik): null

2023-10-05 11:20:29 - [TEST_STEP][PASSED] - Total = getText(findTestObject("pembayaran/total")): Text of object 'Object Repository/pembayaran/total' is: '7,815'

2023-10-05 11:20:29 - [MESSAGE][PASSED] - Text of object 'Object Repository/pembayaran/total' is: '7,815'

2023-10-05 11:20:29 - [TEST_STEP][PASSED] - total = Total.replace(",", ""): null

2023-10-05 11:20:29 - [TEST_STEP][PASSED] - totalll = Integer.parseInt(total): null

2023-10-05 11:20:29 - [TEST_STEP][PASSED] - println(totalll): null

2023-10-05 11:20:29 - [TEST_STEP][PASSED] - Total_Hargaa = Ongkos_kirimm + fee_adminn + sub_totall + kode_unik: null

2023-10-05 11:20:29 - [TEST_STEP][PASSED] - println(Total_Hargaa): null

2023-10-05 11:20:29 - [TEST_STEP][PASSED] - assert totalll == Total_Hargaa: null

2023-10-05 11:20:29 - [TEST_STEP][PASSED] - data.put("total", Total): null

2023-10-05 11:20:29 - [TEST_STEP][PASSED] - data.put("nama", NamaPemesan): null

2023-10-05 11:20:29 - [TEST_STEP][PASSED] - return data: null

2023-10-05 11:20:29 - [MESSAGE][PASSED] - Call Test Case 'Test Cases/T13 Pembelian, Shipment dan Pembayaran/PBY-001' successfully

2023-10-05 11:20:29 - [TEST_STEP][PASSED] - inv = data.get("invoice"): null

2023-10-05 11:20:29 - [TEST_STEP][PASSED] - Total = data.get("total"): null

2023-10-05 11:20:29 - [TEST_STEP][PASSED] - NamaPemesan = data.get("nama"): null

2023-10-05 11:20:29 - [TEST_STEP][PASSED] - click(findTestObject("Konfirmasi pesanan shop/Menu Shop")): Object: 'Object Repository/Konfirmasi pesanan shop/Menu Shop' is clicked on

2023-10-05 11:20:31 - [MESSAGE][PASSED] - Object: 'Object Repository/Konfirmasi pesanan shop/Menu Shop' is clicked on

2023-10-05 11:20:31 - [TEST_STEP][PASSED] - click(findTestObject("Konfirmasi pesanan shop/Menu Shop")): Object: 'Object Repository/Konfirmasi pesanan shop/Menu Shop' is clicked on

2023-10-05 11:20:32 - [MESSAGE][PASSED] - Object: 'Object Repository/Konfirmasi pesanan shop/Menu Shop' is clicked on

2023-10-05 11:20:32 - [TEST_STEP][PASSED] - click(findTestObject("Konfirmasi pesanan shop/Konfirmasi Orders")): Object: 'Object Repository/Konfirmasi pesanan shop/Konfirmasi Orders' is clicked on

2023-10-05 11:20:33 - [MESSAGE][PASSED] - Object: 'Object Repository/Konfirmasi pesanan shop/Konfirmasi Orders' is clicked on

2023-10-05 11:20:33 - [TEST_STEP][PASSED] - verifyElementPresent(findTestObject("Konfirmasi pesanan shop/Tittle Konfirmasi Pesanan"), 0): Object 'Object Repository/Konfirmasi pesanan shop/Tittle Konfirmasi Pesanan' is present

2023-10-05 11:20:33 - [MESSAGE][WARNING] - Timeout '0' is invalid. Using default page load timeout: '30'

2023-10-05 11:20:34 - [MESSAGE][PASSED] - Object 'Object Repository/Konfirmasi pesanan shop/Tittle Konfirmasi Pesanan' is present

2023-10-05 11:20:34 - [TEST_STEP][PASSED] - setText(findTestObject("Konfirmasi pesanan shop/input_No Pesanan"), inv): Text 'TRX60.20231005112016' is set on object 'Object Repository/Konfirmasi pesanan shop/input_No Pesanan'

2023-10-05 11:20:35 - [MESSAGE][PASSED] - Text 'TRX60.20231005112016' is set on object 'Object Repository/Konfirmasi pesanan shop/input_No Pesanan'

2023-10-05 11:20:35 - [TEST_STEP][PASSED] - setText(findTestObject("Konfirmasi pesanan shop/input_Alamat E-mai"), "irfan@gmail.com"): Text 'irfan@gmail.com' is set on object 'Object Repository/Konfirmasi pesanan shop/input_Alamat E-mai'

2023-10-05 11:20:35 - [MESSAGE][PASSED] - Text 'irfan@gmail.com' is set on object 'Object Repository/Konfirmasi pesanan shop/input_Alamat E-mai'

2023-10-05 11:20:35 - [TEST_STEP][PASSED] - click(findTestObject("Konfirmasi pesanan shop/button_Submit")): Object: 'Object Repository/Konfirmasi pesanan shop/button_Submit' is clicked on

2023-10-05 11:20:37 - [MESSAGE][PASSED] - Object: 'Object Repository/Konfirmasi pesanan shop/button_Submit' is clicked on

2023-10-05 11:20:37 - [TEST_STEP][PASSED] - verifyElementPresent(findTestObject("Konfirmasi pesanan shop/Tittle nomor invoice"), 0): Object 'Object Repository/Konfirmasi pesanan shop/Tittle nomor invoice' is present

2023-10-05 11:20:37 - [MESSAGE][WARNING] - Timeout '0' is invalid. Using default page load timeout: '30'

2023-10-05 11:20:37 - [MESSAGE][PASSED] - Object 'Object Repository/Konfirmasi pesanan shop/Tittle nomor invoice' is present

2023-10-05 11:20:37 - [TEST_STEP][PASSED] - setText(findTestObject("Konfirmasi pesanan shop/input_Total TagihanTransfer_b"), Total): Text '7,815' is set on object 'Object Repository/Konfirmasi pesanan shop/input_Total TagihanTransfer_b'

2023-10-05 11:20:38 - [MESSAGE][PASSED] - Text '7,815' is set on object 'Object Repository/Konfirmasi pesanan shop/input_Total TagihanTransfer_b'

2023-10-05 11:20:38 - [TEST_STEP][PASSED] - selectOptionByValue(findTestObject("Konfirmasi pesanan shop/select_Bank"), "4", false): All options with value '4' are selected in object 'Object Repository/Konfirmasi pesanan shop/select_Bank' 

2023-10-05 11:20:39 - [MESSAGE][PASSED] - All options with value '4' are selected in object 'Object Repository/Konfirmasi pesanan shop/select_Bank' 

2023-10-05 11:20:39 - [TEST_STEP][PASSED] - setText(findTestObject("Konfirmasi pesanan shop/input_Nama Pengirim_d"), NamaPemesan): Text 'irfan.afandi' is set on object 'Object Repository/Konfirmasi pesanan shop/input_Nama Pengirim_d'

2023-10-05 11:20:40 - [MESSAGE][PASSED] - Text 'irfan.afandi' is set on object 'Object Repository/Konfirmasi pesanan shop/input_Nama Pengirim_d'

2023-10-05 11:20:40 - [TEST_STEP][PASSED] - uploadFile(findTestObject("keranjang/konfirmasi/input_Upload Bukti Transfer_f"), "C:\Users\IRFAN\Downloads\Berkas2.pdf"): File 'C:\Users\IRFAN\Downloads\Berkas2.pdf' sent to object: 'Object Repository/keranjang/konfirmasi/input_Upload Bukti Transfer_f'

2023-10-05 11:20:41 - [MESSAGE][PASSED] - File 'C:\Users\IRFAN\Downloads\Berkas2.pdf' sent to object: 'Object Repository/keranjang/konfirmasi/input_Upload Bukti Transfer_f'

2023-10-05 11:20:41 - [TEST_STEP][PASSED] - click(findTestObject("Konfirmasi pesanan shop/button_Konfirmasi Pembayaran")): Object: 'Object Repository/Konfirmasi pesanan shop/button_Konfirmasi Pembayaran' is clicked on

2023-10-05 11:20:42 - [MESSAGE][PASSED] - Object: 'Object Repository/Konfirmasi pesanan shop/button_Konfirmasi Pembayaran' is clicked on

2023-10-05 11:20:42 - [TEST_STEP][PASSED] - verifyElementPresent(findTestObject("Konfirmasi pesanan shop/Tittle Konfirmasi Pesanan"), 0): Object 'Object Repository/Konfirmasi pesanan shop/Tittle Konfirmasi Pesanan' is present

2023-10-05 11:20:42 - [MESSAGE][WARNING] - Timeout '0' is invalid. Using default page load timeout: '30'

2023-10-05 11:20:43 - [MESSAGE][PASSED] - Object 'Object Repository/Konfirmasi pesanan shop/Tittle Konfirmasi Pesanan' is present

2023-10-05 11:20:43 - [TEST_STEP][PASSED] - verifyElementPresent(findTestObject("Konfirmasi pesanan shop/Tittle massage succes Konfirmasi Pembayaran Pesanan"), 0): Object 'Object Repository/Konfirmasi pesanan shop/Tittle massage succes Konfirmasi Pembayaran Pesanan' is present

2023-10-05 11:20:43 - [MESSAGE][WARNING] - Timeout '0' is invalid. Using default page load timeout: '30'

2023-10-05 11:20:43 - [MESSAGE][PASSED] - Object 'Object Repository/Konfirmasi pesanan shop/Tittle massage succes Konfirmasi Pembayaran Pesanan' is present

2023-10-05 11:20:43 - [TEST_STEP][PASSED] - return data: null

2023-10-05 11:20:43 - [MESSAGE][PASSED] - Call Test Case 'Test Cases/T13 Pembelian, Shipment dan Pembayaran/PBY-004' successfully

2023-10-05 11:20:43 - [TEST_STEP][PASSED] - navigateToUrl("https://10.9.2.63/ecommerce/administrator/"): Navigate to 'https://10.9.2.63/ecommerce/administrator/' successfully

2023-10-05 11:20:44 - [MESSAGE][PASSED] - Navigate to 'https://10.9.2.63/ecommerce/administrator/' successfully

2023-10-05 11:20:44 - [TEST_STEP][PASSED] - verifyElementPresent(findTestObject("admin/Tittle ADMIN Login"), 0): Object 'Object Repository/admin/Tittle ADMIN Login' is present

2023-10-05 11:20:44 - [MESSAGE][WARNING] - Timeout '0' is invalid. Using default page load timeout: '30'

2023-10-05 11:20:44 - [MESSAGE][PASSED] - Object 'Object Repository/admin/Tittle ADMIN Login' is present

2023-10-05 11:20:44 - [TEST_STEP][PASSED] - setText(findTestObject("admin/Username"), "admin"): Text 'admin' is set on object 'Object Repository/admin/Username'

2023-10-05 11:20:45 - [MESSAGE][PASSED] - Text 'admin' is set on object 'Object Repository/admin/Username'

2023-10-05 11:20:45 - [TEST_STEP][PASSED] - setText(findTestObject("admin/Password"), "123admin123"): Text '123admin123' is set on object 'Object Repository/admin/Password'

2023-10-05 11:20:46 - [MESSAGE][PASSED] - Text '123admin123' is set on object 'Object Repository/admin/Password'

2023-10-05 11:20:46 - [TEST_STEP][PASSED] - click(findTestObject("admin/Remember Me")): Object: 'Object Repository/admin/Remember Me' is clicked on

2023-10-05 11:20:46 - [MESSAGE][PASSED] - Object: 'Object Repository/admin/Remember Me' is clicked on

2023-10-05 11:20:46 - [TEST_STEP][PASSED] - delay(10): Delayed 10 second(s)

2023-10-05 11:20:56 - [MESSAGE][PASSED] - Delayed 10 second(s)

2023-10-05 11:20:56 - [TEST_STEP][PASSED] - click(findTestObject("admin/buttom submit")): Object: 'Object Repository/admin/buttom submit' is clicked on

2023-10-05 11:20:58 - [MESSAGE][PASSED] - Object: 'Object Repository/admin/buttom submit' is clicked on

2023-10-05 11:20:58 - [TEST_STEP][PASSED] - verifyElementPresent(findTestObject("admin/Konf order konsumen/Tittle Dashboard"), 0): Object 'Object Repository/admin/Konf order konsumen/Tittle Dashboard' is present

2023-10-05 11:20:58 - [MESSAGE][WARNING] - Timeout '0' is invalid. Using default page load timeout: '30'

2023-10-05 11:20:58 - [MESSAGE][PASSED] - Object 'Object Repository/admin/Konf order konsumen/Tittle Dashboard' is present

2023-10-05 11:20:58 - [TEST_STEP][PASSED] - click(findTestObject("admin/Konf order konsumen/Menu Transaksi Market")): Object: 'Object Repository/admin/Konf order konsumen/Menu Transaksi Market' is clicked on

2023-10-05 11:20:59 - [MESSAGE][PASSED] - Object: 'Object Repository/admin/Konf order konsumen/Menu Transaksi Market' is clicked on

2023-10-05 11:20:59 - [TEST_STEP][PASSED] - click(findTestObject("admin/Konf order konsumen/Menu Konf. Order Konsumen")): Object: 'Object Repository/admin/Konf order konsumen/Menu Konf. Order Konsumen' is clicked on

2023-10-05 11:21:00 - [MESSAGE][PASSED] - Object: 'Object Repository/admin/Konf order konsumen/Menu Konf. Order Konsumen' is clicked on

2023-10-05 11:21:00 - [TEST_STEP][PASSED] - verifyElementPresent(findTestObject("admin/Konf order konsumen/Tittle Data Konfirmasi Pembayaran Konsumen"), 0): Object 'Object Repository/admin/Konf order konsumen/Tittle Data Konfirmasi Pembayaran Konsumen' is present

2023-10-05 11:21:00 - [MESSAGE][WARNING] - Timeout '0' is invalid. Using default page load timeout: '30'

2023-10-05 11:21:01 - [MESSAGE][PASSED] - Object 'Object Repository/admin/Konf order konsumen/Tittle Data Konfirmasi Pembayaran Konsumen' is present

2023-10-05 11:21:01 - [TEST_STEP][PASSED] - inv = data.get("invoice"): null

2023-10-05 11:21:01 - [TEST_STEP][PASSED] - setText(findTestObject("admin/Konf order konsumen/Search"), inv): Text 'TRX60.20231005112016' is set on object 'Object Repository/admin/Konf order konsumen/Search'

2023-10-05 11:21:02 - [MESSAGE][PASSED] - Text 'TRX60.20231005112016' is set on object 'Object Repository/admin/Konf order konsumen/Search'

2023-10-05 11:21:02 - [TEST_STEP][PASSED] - verifyElementText(findTestObject("admin/Konf order konsumen/Keterangan Lunas"), "Lunas"): Actual text and expected text of test object 'Object Repository/admin/Konf order konsumen/Keterangan Lunas' are matched.

2023-10-05 11:21:02 - [MESSAGE][PASSED] - Actual text and expected text of test object 'Object Repository/admin/Konf order konsumen/Keterangan Lunas' are matched.

2023-10-05 11:21:02 - [TEST_STEP][PASSED] - return data: null

2023-10-05 11:21:02 - [MESSAGE][PASSED] - Call Test Case 'Test Cases/T13 Pembelian, Shipment dan Pembayaran/PBYA-001' successfully

2023-10-05 11:21:02 - [TEST_STEP][PASSED] - click(findTestObject("admin/Penjualan ke konsumen/buttom Dashboard")): Object: 'Object Repository/admin/Penjualan ke konsumen/buttom Dashboard' is clicked on

2023-10-05 11:21:03 - [MESSAGE][PASSED] - Object: 'Object Repository/admin/Penjualan ke konsumen/buttom Dashboard' is clicked on

2023-10-05 11:21:03 - [TEST_STEP][PASSED] - click(findTestObject("admin/Konf order konsumen/Menu Transaksi Market")): Object: 'Object Repository/admin/Konf order konsumen/Menu Transaksi Market' is clicked on

2023-10-05 11:21:04 - [MESSAGE][PASSED] - Object: 'Object Repository/admin/Konf order konsumen/Menu Transaksi Market' is clicked on

2023-10-05 11:21:04 - [TEST_STEP][PASSED] - click(findTestObject("admin/Penjualan ke konsumen/a_Penjualan ke Konsumen")): Object: 'Object Repository/admin/Penjualan ke konsumen/a_Penjualan ke Konsumen' is clicked on

2023-10-05 11:21:07 - [MESSAGE][PASSED] - Object: 'Object Repository/admin/Penjualan ke konsumen/a_Penjualan ke Konsumen' is clicked on

2023-10-05 11:21:07 - [TEST_STEP][PASSED] - verifyElementPresent(findTestObject("admin/Tittle Data Transaksi Penjualan  Orderan Konsumen"), 0): Object 'Object Repository/admin/Tittle Data Transaksi Penjualan  Orderan Konsumen' is present

2023-10-05 11:21:07 - [MESSAGE][WARNING] - Timeout '0' is invalid. Using default page load timeout: '30'

2023-10-05 11:21:07 - [MESSAGE][PASSED] - Object 'Object Repository/admin/Tittle Data Transaksi Penjualan  Orderan Konsumen' is present

2023-10-05 11:21:07 - [TEST_STEP][PASSED] - return data: null

2023-10-05 11:21:07 - [MESSAGE][PASSED] - Call Test Case 'Test Cases/T13 Pembelian, Shipment dan Pembayaran/SA-001' successfully

2023-10-05 11:21:07 - [TEST_STEP][PASSED] - inv = data.get("invoice"): null

2023-10-05 11:21:07 - [TEST_STEP][PASSED] - setText(findTestObject("admin/Penjualan ke konsumen/Search"), inv): Text 'TRX60.20231005112016' is set on object 'Object Repository/admin/Penjualan ke konsumen/Search'

2023-10-05 11:21:08 - [MESSAGE][PASSED] - Text 'TRX60.20231005112016' is set on object 'Object Repository/admin/Penjualan ke konsumen/Search'

2023-10-05 11:21:08 - [TEST_STEP][PASSED] - click(findTestObject("admin/Penjualan ke konsumen/buttom konfirmasi pending payment")): Object: 'Object Repository/admin/Penjualan ke konsumen/buttom konfirmasi pending payment' is clicked on

2023-10-05 11:21:09 - [MESSAGE][PASSED] - Object: 'Object Repository/admin/Penjualan ke konsumen/buttom konfirmasi pending payment' is clicked on

2023-10-05 11:21:09 - [TEST_STEP][FAILED] - acceptAlert(STOP_ON_FAILURE): Unable to accept alert (Root cause: com.kms.katalon.core.exception.StepFailedException: Unable to accept alert
	at com.kms.katalon.core.webui.keyword.internal.WebUIKeywordMain.stepFailed(WebUIKeywordMain.groovy:64)
	at com.kms.katalon.core.webui.keyword.internal.WebUIKeywordMain.runKeyword(WebUIKeywordMain.groovy:26)
	at com.kms.katalon.core.webui.keyword.builtin.AcceptAlertKeyword.acceptAlert(AcceptAlertKeyword.groovy:71)
	at com.kms.katalon.core.webui.keyword.builtin.AcceptAlertKeyword.execute(AcceptAlertKeyword.groovy:66)
	at com.kms.katalon.core.keyword.internal.KeywordExecutor.executeKeywordForPlatform(KeywordExecutor.groovy:74)
	at com.kms.katalon.core.webui.keyword.WebUiBuiltInKeywords.acceptAlert(WebUiBuiltInKeywords.groovy:1510)
	at com.kms.katalon.core.webui.keyword.WebUiBuiltInKeywords$acceptAlert$16.call(Unknown Source)
	at SA-002.run(SA-002:29)
	at com.kms.katalon.core.main.ScriptEngine.run(ScriptEngine.java:194)
	at com.kms.katalon.core.main.ScriptEngine.runScriptAsRawText(ScriptEngine.java:119)
	at com.kms.katalon.core.main.TestCaseExecutor.runScript(TestCaseExecutor.java:448)
	at com.kms.katalon.core.main.TestCaseExecutor.doExecute(TestCaseExecutor.java:439)
	at com.kms.katalon.core.main.TestCaseExecutor.processExecutionPhase(TestCaseExecutor.java:418)
	at com.kms.katalon.core.main.TestCaseExecutor.accessMainPhase(TestCaseExecutor.java:410)
	at com.kms.katalon.core.main.TestCaseExecutor.execute(TestCaseExecutor.java:285)
	at com.kms.katalon.core.main.TestCaseMain.runTestCase(TestCaseMain.java:144)
	at com.kms.katalon.core.keyword.builtin.CallTestCaseKeyword$_callTestCase_closure1.doCall(CallTestCaseKeyword.groovy:59)
	at com.kms.katalon.core.keyword.builtin.CallTestCaseKeyword$_callTestCase_closure1.call(CallTestCaseKeyword.groovy)
	at com.kms.katalon.core.keyword.internal.KeywordMain.runKeyword(KeywordMain.groovy:75)
	at com.kms.katalon.core.keyword.builtin.CallTestCaseKeyword.callTestCase(CallTestCaseKeyword.groovy:81)
	at com.kms.katalon.core.keyword.builtin.CallTestCaseKeyword.execute(CallTestCaseKeyword.groovy:44)
	at com.kms.katalon.core.keyword.internal.KeywordExecutor.executeKeywordForPlatform(KeywordExecutor.groovy:74)
	at com.kms.katalon.core.keyword.BuiltinKeywords.callTestCase(BuiltinKeywords.groovy:310)
	at SA-008.run(SA-008:20)
	at com.kms.katalon.core.main.ScriptEngine.run(ScriptEngine.java:194)
	at com.kms.katalon.core.main.ScriptEngine.runScriptAsRawText(ScriptEngine.java:119)
	at com.kms.katalon.core.main.TestCaseExecutor.runScript(TestCaseExecutor.java:448)
	at com.kms.katalon.core.main.TestCaseExecutor.doExecute(TestCaseExecutor.java:439)
	at com.kms.katalon.core.main.TestCaseExecutor.processExecutionPhase(TestCaseExecutor.java:418)
	at com.kms.katalon.core.main.TestCaseExecutor.accessMainPhase(TestCaseExecutor.java:410)
	at com.kms.katalon.core.main.TestCaseExecutor.execute(TestCaseExecutor.java:285)
	at com.kms.katalon.core.common.CommonExecutor.accessTestCaseMainPhase(CommonExecutor.java:65)
	at com.kms.katalon.core.main.TestSuiteExecutor.accessTestSuiteMainPhase(TestSuiteExecutor.java:148)
	at com.kms.katalon.core.main.TestSuiteExecutor.execute(TestSuiteExecutor.java:106)
	at com.kms.katalon.core.main.TestCaseMain.startTestSuite(TestCaseMain.java:187)
	at com.kms.katalon.core.main.TestCaseMain$startTestSuite$0.call(Unknown Source)
	at TempTestSuite1696477503821.run(TempTestSuite1696477503821.groovy:36)
Caused by: org.openqa.selenium.NoAlertPresentException: no such alert
  (Session info: MicrosoftEdge=117.0.2045.43)
Build info: version: '3.141.59', revision: 'e82be7d358', time: '2018-11-14T08:25:53'
System info: host: 'DESKTOP-H62FVJ8', ip: '10.9.2.18', os.name: 'Windows 10', os.arch: 'amd64', os.version: '10.0', java.version: '1.8.0_362'
Driver info: com.kms.katalon.selenium.driver.CEdgeDriver
Capabilities {acceptInsecureCerts: true, browserName: msedge, browserVersion: 117.0.2045.43, fedcm:accounts: true, javascriptEnabled: true, ms:edgeOptions: {debuggerAddress: localhost:55678}, msedge: {msedgedriverVersion: 117.0.2045.47 (b75fe6866687..., userDataDir: C:\Users\IRFAN\AppData\Loca...}, networkConnectionEnabled: false, pageLoadStrategy: normal, platform: WINDOWS, platformName: WINDOWS, proxy: Proxy(), setWindowRect: true, strictFileInteractability: false, timeouts: {implicit: 0, pageLoad: 300000, script: 30000}, unhandledPromptBehavior: dismiss and notify, webauthn:extension:credBlob: true, webauthn:extension:largeBlob: true, webauthn:extension:minPinLength: true, webauthn:extension:prf: true, webauthn:virtualAuthenticators: true}
Session ID: b85b79dfaef050a7fa6bc5103ec2d902
	at org.openqa.selenium.remote.http.W3CHttpResponseCodec.createException(W3CHttpResponseCodec.java:187)
	at org.openqa.selenium.remote.http.W3CHttpResponseCodec.decode(W3CHttpResponseCodec.java:122)
	at org.openqa.selenium.remote.http.W3CHttpResponseCodec.decode(W3CHttpResponseCodec.java:49)
	at org.openqa.selenium.remote.HttpCommandExecutor.execute(HttpCommandExecutor.java:158)
	at org.openqa.selenium.remote.service.DriverCommandExecutor.execute(DriverCommandExecutor.java:83)
	at org.openqa.selenium.remote.RemoteWebDriver.execute(RemoteWebDriver.java:552)
	at com.kms.katalon.selenium.driver.CEdgeDriver.execute(CEdgeDriver.java:20)
	at org.openqa.selenium.remote.RemoteWebDriver.execute(RemoteWebDriver.java:609)
	at org.openqa.selenium.remote.RemoteWebDriver$RemoteAlert.accept(RemoteWebDriver.java:947)
	at org.openqa.selenium.support.events.EventFiringWebDriver$EventFiringAlert.accept(EventFiringWebDriver.java:795)
	at com.kms.katalon.core.webui.keyword.builtin.AcceptAlertKeyword$_acceptAlert_closure1.doCall(AcceptAlertKeyword.groovy:75)
	at com.kms.katalon.core.webui.keyword.builtin.AcceptAlertKeyword$_acceptAlert_closure1.call(AcceptAlertKeyword.groovy)
	at com.kms.katalon.core.webui.keyword.internal.WebUIKeywordMain.runKeyword(WebUIKeywordMain.groovy:20)
	at com.kms.katalon.core.webui.keyword.builtin.AcceptAlertKeyword.acceptAlert(AcceptAlertKeyword.groovy:71)
	at com.kms.katalon.core.webui.keyword.builtin.AcceptAlertKeyword.execute(AcceptAlertKeyword.groovy:66)
	at com.kms.katalon.core.keyword.internal.KeywordExecutor.executeKeywordForPlatform(KeywordExecutor.groovy:74)
	at com.kms.katalon.core.webui.keyword.WebUiBuiltInKeywords.acceptAlert(WebUiBuiltInKeywords.groovy:1510)
	at com.kms.katalon.core.webui.keyword.WebUiBuiltInKeywords$acceptAlert$16.call(Unknown Source)
	at Script1695958728937.run(Script1695958728937.groovy:29)
	at com.kms.katalon.core.main.ScriptEngine.run(ScriptEngine.java:194)
	at com.kms.katalon.core.main.ScriptEngine.runScriptAsRawText(ScriptEngine.java:119)
	at com.kms.katalon.core.main.TestCaseExecutor.runScript(TestCaseExecutor.java:448)
	at com.kms.katalon.core.main.TestCaseExecutor.doExecute(TestCaseExecutor.java:439)
	at com.kms.katalon.core.main.TestCaseExecutor.processExecutionPhase(TestCaseExecutor.java:418)
	at com.kms.katalon.core.main.TestCaseExecutor.accessMainPhase(TestCaseExecutor.java:410)
	at com.kms.katalon.core.main.TestCaseExecutor.execute(TestCaseExecutor.java:285)
	at com.kms.katalon.core.main.TestCaseMain.runTestCase(TestCaseMain.java:144)
	at com.kms.katalon.core.keyword.builtin.CallTestCaseKeyword$_callTestCase_closure1.doCall(CallTestCaseKeyword.groovy:59)
	at com.kms.katalon.core.keyword.builtin.CallTestCaseKeyword$_callTestCase_closure1.call(CallTestCaseKeyword.groovy)
	at com.kms.katalon.core.keyword.internal.KeywordMain.runKeyword(KeywordMain.groovy:75)
	at com.kms.katalon.core.keyword.builtin.CallTestCaseKeyword.callTestCase(CallTestCaseKeyword.groovy:81)
	at com.kms.katalon.core.keyword.builtin.CallTestCaseKeyword.execute(CallTestCaseKeyword.groovy:44)
	at com.kms.katalon.core.keyword.internal.KeywordExecutor.executeKeywordForPlatform(KeywordExecutor.groovy:74)
	at com.kms.katalon.core.keyword.BuiltinKeywords.callTestCase(BuiltinKeywords.groovy:310)
	at Script1696217569719.run(Script1696217569719.groovy:20)
	... 13 more
)

2023-10-05 11:21:09 - [MESSAGE][FAILED] - Unable to accept alert (Root cause: com.kms.katalon.core.exception.StepFailedException: Unable to accept alert
	at com.kms.katalon.core.webui.keyword.internal.WebUIKeywordMain.stepFailed(WebUIKeywordMain.groovy:64)
	at com.kms.katalon.core.webui.keyword.internal.WebUIKeywordMain.runKeyword(WebUIKeywordMain.groovy:26)
	at com.kms.katalon.core.webui.keyword.builtin.AcceptAlertKeyword.acceptAlert(AcceptAlertKeyword.groovy:71)
	at com.kms.katalon.core.webui.keyword.builtin.AcceptAlertKeyword.execute(AcceptAlertKeyword.groovy:66)
	at com.kms.katalon.core.keyword.internal.KeywordExecutor.executeKeywordForPlatform(KeywordExecutor.groovy:74)
	at com.kms.katalon.core.webui.keyword.WebUiBuiltInKeywords.acceptAlert(WebUiBuiltInKeywords.groovy:1510)
	at com.kms.katalon.core.webui.keyword.WebUiBuiltInKeywords$acceptAlert$16.call(Unknown Source)
	at SA-002.run(SA-002:29)
	at com.kms.katalon.core.main.ScriptEngine.run(ScriptEngine.java:194)
	at com.kms.katalon.core.main.ScriptEngine.runScriptAsRawText(ScriptEngine.java:119)
	at com.kms.katalon.core.main.TestCaseExecutor.runScript(TestCaseExecutor.java:448)
	at com.kms.katalon.core.main.TestCaseExecutor.doExecute(TestCaseExecutor.java:439)
	at com.kms.katalon.core.main.TestCaseExecutor.processExecutionPhase(TestCaseExecutor.java:418)
	at com.kms.katalon.core.main.TestCaseExecutor.accessMainPhase(TestCaseExecutor.java:410)
	at com.kms.katalon.core.main.TestCaseExecutor.execute(TestCaseExecutor.java:285)
	at com.kms.katalon.core.main.TestCaseMain.runTestCase(TestCaseMain.java:144)
	at com.kms.katalon.core.keyword.builtin.CallTestCaseKeyword$_callTestCase_closure1.doCall(CallTestCaseKeyword.groovy:59)
	at com.kms.katalon.core.keyword.builtin.CallTestCaseKeyword$_callTestCase_closure1.call(CallTestCaseKeyword.groovy)
	at com.kms.katalon.core.keyword.internal.KeywordMain.runKeyword(KeywordMain.groovy:75)
	at com.kms.katalon.core.keyword.builtin.CallTestCaseKeyword.callTestCase(CallTestCaseKeyword.groovy:81)
	at com.kms.katalon.core.keyword.builtin.CallTestCaseKeyword.execute(CallTestCaseKeyword.groovy:44)
	at com.kms.katalon.core.keyword.internal.KeywordExecutor.executeKeywordForPlatform(KeywordExecutor.groovy:74)
	at com.kms.katalon.core.keyword.BuiltinKeywords.callTestCase(BuiltinKeywords.groovy:310)
	at SA-008.run(SA-008:20)
	at com.kms.katalon.core.main.ScriptEngine.run(ScriptEngine.java:194)
	at com.kms.katalon.core.main.ScriptEngine.runScriptAsRawText(ScriptEngine.java:119)
	at com.kms.katalon.core.main.TestCaseExecutor.runScript(TestCaseExecutor.java:448)
	at com.kms.katalon.core.main.TestCaseExecutor.doExecute(TestCaseExecutor.java:439)
	at com.kms.katalon.core.main.TestCaseExecutor.processExecutionPhase(TestCaseExecutor.java:418)
	at com.kms.katalon.core.main.TestCaseExecutor.accessMainPhase(TestCaseExecutor.java:410)
	at com.kms.katalon.core.main.TestCaseExecutor.execute(TestCaseExecutor.java:285)
	at com.kms.katalon.core.common.CommonExecutor.accessTestCaseMainPhase(CommonExecutor.java:65)
	at com.kms.katalon.core.main.TestSuiteExecutor.accessTestSuiteMainPhase(TestSuiteExecutor.java:148)
	at com.kms.katalon.core.main.TestSuiteExecutor.execute(TestSuiteExecutor.java:106)
	at com.kms.katalon.core.main.TestCaseMain.startTestSuite(TestCaseMain.java:187)
	at com.kms.katalon.core.main.TestCaseMain$startTestSuite$0.call(Unknown Source)
	at TempTestSuite1696477503821.run(TempTestSuite1696477503821.groovy:36)
Caused by: org.openqa.selenium.NoAlertPresentException: no such alert
  (Session info: MicrosoftEdge=117.0.2045.43)
Build info: version: '3.141.59', revision: 'e82be7d358', time: '2018-11-14T08:25:53'
System info: host: 'DESKTOP-H62FVJ8', ip: '10.9.2.18', os.name: 'Windows 10', os.arch: 'amd64', os.version: '10.0', java.version: '1.8.0_362'
Driver info: com.kms.katalon.selenium.driver.CEdgeDriver
Capabilities {acceptInsecureCerts: true, browserName: msedge, browserVersion: 117.0.2045.43, fedcm:accounts: true, javascriptEnabled: true, ms:edgeOptions: {debuggerAddress: localhost:55678}, msedge: {msedgedriverVersion: 117.0.2045.47 (b75fe6866687..., userDataDir: C:\Users\IRFAN\AppData\Loca...}, networkConnectionEnabled: false, pageLoadStrategy: normal, platform: WINDOWS, platformName: WINDOWS, proxy: Proxy(), setWindowRect: true, strictFileInteractability: false, timeouts: {implicit: 0, pageLoad: 300000, script: 30000}, unhandledPromptBehavior: dismiss and notify, webauthn:extension:credBlob: true, webauthn:extension:largeBlob: true, webauthn:extension:minPinLength: true, webauthn:extension:prf: true, webauthn:virtualAuthenticators: true}
Session ID: b85b79dfaef050a7fa6bc5103ec2d902
	at org.openqa.selenium.remote.http.W3CHttpResponseCodec.createException(W3CHttpResponseCodec.java:187)
	at org.openqa.selenium.remote.http.W3CHttpResponseCodec.decode(W3CHttpResponseCodec.java:122)
	at org.openqa.selenium.remote.http.W3CHttpResponseCodec.decode(W3CHttpResponseCodec.java:49)
	at org.openqa.selenium.remote.HttpCommandExecutor.execute(HttpCommandExecutor.java:158)
	at org.openqa.selenium.remote.service.DriverCommandExecutor.execute(DriverCommandExecutor.java:83)
	at org.openqa.selenium.remote.RemoteWebDriver.execute(RemoteWebDriver.java:552)
	at com.kms.katalon.selenium.driver.CEdgeDriver.execute(CEdgeDriver.java:20)
	at org.openqa.selenium.remote.RemoteWebDriver.execute(RemoteWebDriver.java:609)
	at org.openqa.selenium.remote.RemoteWebDriver$RemoteAlert.accept(RemoteWebDriver.java:947)
	at org.openqa.selenium.support.events.EventFiringWebDriver$EventFiringAlert.accept(EventFiringWebDriver.java:795)
	at com.kms.katalon.core.webui.keyword.builtin.AcceptAlertKeyword$_acceptAlert_closure1.doCall(AcceptAlertKeyword.groovy:75)
	at com.kms.katalon.core.webui.keyword.builtin.AcceptAlertKeyword$_acceptAlert_closure1.call(AcceptAlertKeyword.groovy)
	at com.kms.katalon.core.webui.keyword.internal.WebUIKeywordMain.runKeyword(WebUIKeywordMain.groovy:20)
	at com.kms.katalon.core.webui.keyword.builtin.AcceptAlertKeyword.acceptAlert(AcceptAlertKeyword.groovy:71)
	at com.kms.katalon.core.webui.keyword.builtin.AcceptAlertKeyword.execute(AcceptAlertKeyword.groovy:66)
	at com.kms.katalon.core.keyword.internal.KeywordExecutor.executeKeywordForPlatform(KeywordExecutor.groovy:74)
	at com.kms.katalon.core.webui.keyword.WebUiBuiltInKeywords.acceptAlert(WebUiBuiltInKeywords.groovy:1510)
	at com.kms.katalon.core.webui.keyword.WebUiBuiltInKeywords$acceptAlert$16.call(Unknown Source)
	at Script1695958728937.run(Script1695958728937.groovy:29)
	at com.kms.katalon.core.main.ScriptEngine.run(ScriptEngine.java:194)
	at com.kms.katalon.core.main.ScriptEngine.runScriptAsRawText(ScriptEngine.java:119)
	at com.kms.katalon.core.main.TestCaseExecutor.runScript(TestCaseExecutor.java:448)
	at com.kms.katalon.core.main.TestCaseExecutor.doExecute(TestCaseExecutor.java:439)
	at com.kms.katalon.core.main.TestCaseExecutor.processExecutionPhase(TestCaseExecutor.java:418)
	at com.kms.katalon.core.main.TestCaseExecutor.accessMainPhase(TestCaseExecutor.java:410)
	at com.kms.katalon.core.main.TestCaseExecutor.execute(TestCaseExecutor.java:285)
	at com.kms.katalon.core.main.TestCaseMain.runTestCase(TestCaseMain.java:144)
	at com.kms.katalon.core.keyword.builtin.CallTestCaseKeyword$_callTestCase_closure1.doCall(CallTestCaseKeyword.groovy:59)
	at com.kms.katalon.core.keyword.builtin.CallTestCaseKeyword$_callTestCase_closure1.call(CallTestCaseKeyword.groovy)
	at com.kms.katalon.core.keyword.internal.KeywordMain.runKeyword(KeywordMain.groovy:75)
	at com.kms.katalon.core.keyword.builtin.CallTestCaseKeyword.callTestCase(CallTestCaseKeyword.groovy:81)
	at com.kms.katalon.core.keyword.builtin.CallTestCaseKeyword.execute(CallTestCaseKeyword.groovy:44)
	at com.kms.katalon.core.keyword.internal.KeywordExecutor.executeKeywordForPlatform(KeywordExecutor.groovy:74)
	at com.kms.katalon.core.keyword.BuiltinKeywords.callTestCase(BuiltinKeywords.groovy:310)
	at Script1696217569719.run(Script1696217569719.groovy:20)
	... 13 more
)
[[ATTACHMENT|C:\\FT2 XSIS\\Projek 2 MINI PROJEK\\Reports\\20231005_104503\\T13 Pembelian, Shipment dan Pembayaran\\T13 Pembelian, Shipment dan Pembayaran\\20231005_104503\\1696479669398.png]]

2023-10-05 11:21:09 - [MESSAGE][FAILED] - Unable to call Test Case 'Test Cases/T13 Pembelian, Shipment dan Pembayaran/SA-002' (Root cause: com.kms.katalon.core.exception.StepFailedException: Call Test Case 'Test Cases/T13 Pembelian, Shipment dan Pembayaran/SA-002' failed
	at com.kms.katalon.core.keyword.builtin.CallTestCaseKeyword$_callTestCase_closure1.doCall(CallTestCaseKeyword.groovy:63)
	at com.kms.katalon.core.keyword.builtin.CallTestCaseKeyword$_callTestCase_closure1.call(CallTestCaseKeyword.groovy)
	at com.kms.katalon.core.keyword.internal.KeywordMain.runKeyword(KeywordMain.groovy:75)
	at com.kms.katalon.core.keyword.builtin.CallTestCaseKeyword.callTestCase(CallTestCaseKeyword.groovy:81)
	at com.kms.katalon.core.keyword.builtin.CallTestCaseKeyword.execute(CallTestCaseKeyword.groovy:44)
	at com.kms.katalon.core.keyword.internal.KeywordExecutor.executeKeywordForPlatform(KeywordExecutor.groovy:74)
	at com.kms.katalon.core.keyword.BuiltinKeywords.callTestCase(BuiltinKeywords.groovy:310)
	at SA-008.run(SA-008:20)
	at com.kms.katalon.core.main.ScriptEngine.run(ScriptEngine.java:194)
	at com.kms.katalon.core.main.ScriptEngine.runScriptAsRawText(ScriptEngine.java:119)
	at com.kms.katalon.core.main.TestCaseExecutor.runScript(TestCaseExecutor.java:448)
	at com.kms.katalon.core.main.TestCaseExecutor.doExecute(TestCaseExecutor.java:439)
	at com.kms.katalon.core.main.TestCaseExecutor.processExecutionPhase(TestCaseExecutor.java:418)
	at com.kms.katalon.core.main.TestCaseExecutor.accessMainPhase(TestCaseExecutor.java:410)
	at com.kms.katalon.core.main.TestCaseExecutor.execute(TestCaseExecutor.java:285)
	at com.kms.katalon.core.common.CommonExecutor.accessTestCaseMainPhase(CommonExecutor.java:65)
	at com.kms.katalon.core.main.TestSuiteExecutor.accessTestSuiteMainPhase(TestSuiteExecutor.java:148)
	at com.kms.katalon.core.main.TestSuiteExecutor.execute(TestSuiteExecutor.java:106)
	at com.kms.katalon.core.main.TestCaseMain.startTestSuite(TestCaseMain.java:187)
	at com.kms.katalon.core.main.TestCaseMain$startTestSuite$0.call(Unknown Source)
	at TempTestSuite1696477503821.run(TempTestSuite1696477503821.groovy:36)
Caused by: com.kms.katalon.core.exception.StepFailedException: Unable to accept alert
	at com.kms.katalon.core.webui.keyword.internal.WebUIKeywordMain.stepFailed(WebUIKeywordMain.groovy:64)
	at com.kms.katalon.core.webui.keyword.internal.WebUIKeywordMain.runKeyword(WebUIKeywordMain.groovy:26)
	at com.kms.katalon.core.webui.keyword.builtin.AcceptAlertKeyword.acceptAlert(AcceptAlertKeyword.groovy:71)
	at com.kms.katalon.core.webui.keyword.builtin.AcceptAlertKeyword.execute(AcceptAlertKeyword.groovy:66)
	at com.kms.katalon.core.keyword.internal.KeywordExecutor.executeKeywordForPlatform(KeywordExecutor.groovy:74)
	at com.kms.katalon.core.webui.keyword.WebUiBuiltInKeywords.acceptAlert(WebUiBuiltInKeywords.groovy:1510)
	at com.kms.katalon.core.webui.keyword.WebUiBuiltInKeywords$acceptAlert$16.call(Unknown Source)
	at SA-002.run(SA-002:29)
	at com.kms.katalon.core.main.ScriptEngine.run(ScriptEngine.java:194)
	at com.kms.katalon.core.main.ScriptEngine.runScriptAsRawText(ScriptEngine.java:119)
	at com.kms.katalon.core.main.TestCaseExecutor.runScript(TestCaseExecutor.java:448)
	at com.kms.katalon.core.main.TestCaseExecutor.doExecute(TestCaseExecutor.java:439)
	at com.kms.katalon.core.main.TestCaseExecutor.processExecutionPhase(TestCaseExecutor.java:418)
	at com.kms.katalon.core.main.TestCaseExecutor.accessMainPhase(TestCaseExecutor.java:410)
	at com.kms.katalon.core.main.TestCaseExecutor.execute(TestCaseExecutor.java:285)
	at com.kms.katalon.core.main.TestCaseMain.runTestCase(TestCaseMain.java:144)
	at com.kms.katalon.core.keyword.builtin.CallTestCaseKeyword$_callTestCase_closure1.doCall(CallTestCaseKeyword.groovy:59)
	... 20 more
Caused by: org.openqa.selenium.NoAlertPresentException: no such alert
  (Session info: MicrosoftEdge=117.0.2045.43)
Build info: version: '3.141.59', revision: 'e82be7d358', time: '2018-11-14T08:25:53'
System info: host: 'DESKTOP-H62FVJ8', ip: '10.9.2.18', os.name: 'Windows 10', os.arch: 'amd64', os.version: '10.0', java.version: '1.8.0_362'
Driver info: com.kms.katalon.selenium.driver.CEdgeDriver
Capabilities {acceptInsecureCerts: true, browserName: msedge, browserVersion: 117.0.2045.43, fedcm:accounts: true, javascriptEnabled: true, ms:edgeOptions: {debuggerAddress: localhost:55678}, msedge: {msedgedriverVersion: 117.0.2045.47 (b75fe6866687..., userDataDir: C:\Users\IRFAN\AppData\Loca...}, networkConnectionEnabled: false, pageLoadStrategy: normal, platform: WINDOWS, platformName: WINDOWS, proxy: Proxy(), setWindowRect: true, strictFileInteractability: false, timeouts: {implicit: 0, pageLoad: 300000, script: 30000}, unhandledPromptBehavior: dismiss and notify, webauthn:extension:credBlob: true, webauthn:extension:largeBlob: true, webauthn:extension:minPinLength: true, webauthn:extension:prf: true, webauthn:virtualAuthenticators: true}
Session ID: b85b79dfaef050a7fa6bc5103ec2d902
	at org.openqa.selenium.remote.http.W3CHttpResponseCodec.createException(W3CHttpResponseCodec.java:187)
	at org.openqa.selenium.remote.http.W3CHttpResponseCodec.decode(W3CHttpResponseCodec.java:122)
	at org.openqa.selenium.remote.http.W3CHttpResponseCodec.decode(W3CHttpResponseCodec.java:49)
	at org.openqa.selenium.remote.HttpCommandExecutor.execute(HttpCommandExecutor.java:158)
	at org.openqa.selenium.remote.service.DriverCommandExecutor.execute(DriverCommandExecutor.java:83)
	at org.openqa.selenium.remote.RemoteWebDriver.execute(RemoteWebDriver.java:552)
	at com.kms.katalon.selenium.driver.CEdgeDriver.execute(CEdgeDriver.java:20)
	at org.openqa.selenium.remote.RemoteWebDriver.execute(RemoteWebDriver.java:609)
	at org.openqa.selenium.remote.RemoteWebDriver$RemoteAlert.accept(RemoteWebDriver.java:947)
	at org.openqa.selenium.support.events.EventFiringWebDriver$EventFiringAlert.accept(EventFiringWebDriver.java:795)
	at com.kms.katalon.core.webui.keyword.builtin.AcceptAlertKeyword$_acceptAlert_closure1.doCall(AcceptAlertKeyword.groovy:75)
	at com.kms.katalon.core.webui.keyword.builtin.AcceptAlertKeyword$_acceptAlert_closure1.call(AcceptAlertKeyword.groovy)
	at com.kms.katalon.core.webui.keyword.internal.WebUIKeywordMain.runKeyword(WebUIKeywordMain.groovy:20)
	... 35 more
)]]></system-out>
         <system-err><![CDATA[2023-10-05 11:19:37 - [TEST_CASE][FAILED] - Test Cases/T13 Pembelian, Shipment dan Pembayaran/SA-008: Test Cases/T13 Pembelian, Shipment dan Pembayaran/SA-008 FAILED.
Reason:
com.kms.katalon.core.exception.StepFailedException: Call Test Case 'Test Cases/T13 Pembelian, Shipment dan Pembayaran/SA-002' failed
	at com.kms.katalon.core.keyword.builtin.CallTestCaseKeyword$_callTestCase_closure1.doCall(CallTestCaseKeyword.groovy:63)
	at com.kms.katalon.core.keyword.builtin.CallTestCaseKeyword$_callTestCase_closure1.call(CallTestCaseKeyword.groovy)
	at com.kms.katalon.core.keyword.internal.KeywordMain.runKeyword(KeywordMain.groovy:75)
	at com.kms.katalon.core.keyword.builtin.CallTestCaseKeyword.callTestCase(CallTestCaseKeyword.groovy:81)
	at com.kms.katalon.core.keyword.builtin.CallTestCaseKeyword.execute(CallTestCaseKeyword.groovy:44)
	at com.kms.katalon.core.keyword.internal.KeywordExecutor.executeKeywordForPlatform(KeywordExecutor.groovy:74)
	at com.kms.katalon.core.keyword.BuiltinKeywords.callTestCase(BuiltinKeywords.groovy:310)
	at SA-008.run(SA-008:20)
	at com.kms.katalon.core.main.ScriptEngine.run(ScriptEngine.java:194)
	at com.kms.katalon.core.main.ScriptEngine.runScriptAsRawText(ScriptEngine.java:119)
	at com.kms.katalon.core.main.TestCaseExecutor.runScript(TestCaseExecutor.java:448)
	at com.kms.katalon.core.main.TestCaseExecutor.doExecute(TestCaseExecutor.java:439)
	at com.kms.katalon.core.main.TestCaseExecutor.processExecutionPhase(TestCaseExecutor.java:418)
	at com.kms.katalon.core.main.TestCaseExecutor.accessMainPhase(TestCaseExecutor.java:410)
	at com.kms.katalon.core.main.TestCaseExecutor.execute(TestCaseExecutor.java:285)
	at com.kms.katalon.core.common.CommonExecutor.accessTestCaseMainPhase(CommonExecutor.java:65)
	at com.kms.katalon.core.main.TestSuiteExecutor.accessTestSuiteMainPhase(TestSuiteExecutor.java:148)
	at com.kms.katalon.core.main.TestSuiteExecutor.execute(TestSuiteExecutor.java:106)
	at com.kms.katalon.core.main.TestCaseMain.startTestSuite(TestCaseMain.java:187)
	at com.kms.katalon.core.main.TestCaseMain$startTestSuite$0.call(Unknown Source)
	at TempTestSuite1696477503821.run(TempTestSuite1696477503821.groovy:36)
Caused by: com.kms.katalon.core.exception.StepFailedException: Unable to accept alert
	at com.kms.katalon.core.webui.keyword.internal.WebUIKeywordMain.stepFailed(WebUIKeywordMain.groovy:64)
	at com.kms.katalon.core.webui.keyword.internal.WebUIKeywordMain.runKeyword(WebUIKeywordMain.groovy:26)
	at com.kms.katalon.core.webui.keyword.builtin.AcceptAlertKeyword.acceptAlert(AcceptAlertKeyword.groovy:71)
	at com.kms.katalon.core.webui.keyword.builtin.AcceptAlertKeyword.execute(AcceptAlertKeyword.groovy:66)
	at com.kms.katalon.core.keyword.internal.KeywordExecutor.executeKeywordForPlatform(KeywordExecutor.groovy:74)
	at com.kms.katalon.core.webui.keyword.WebUiBuiltInKeywords.acceptAlert(WebUiBuiltInKeywords.groovy:1510)
	at com.kms.katalon.core.webui.keyword.WebUiBuiltInKeywords$acceptAlert$16.call(Unknown Source)
	at SA-002.run(SA-002:29)
	at com.kms.katalon.core.main.ScriptEngine.run(ScriptEngine.java:194)
	at com.kms.katalon.core.main.ScriptEngine.runScriptAsRawText(ScriptEngine.java:119)
	at com.kms.katalon.core.main.TestCaseExecutor.runScript(TestCaseExecutor.java:448)
	at com.kms.katalon.core.main.TestCaseExecutor.doExecute(TestCaseExecutor.java:439)
	at com.kms.katalon.core.main.TestCaseExecutor.processExecutionPhase(TestCaseExecutor.java:418)
	at com.kms.katalon.core.main.TestCaseExecutor.accessMainPhase(TestCaseExecutor.java:410)
	at com.kms.katalon.core.main.TestCaseExecutor.execute(TestCaseExecutor.java:285)
	at com.kms.katalon.core.main.TestCaseMain.runTestCase(TestCaseMain.java:144)
	at com.kms.katalon.core.keyword.builtin.CallTestCaseKeyword$_callTestCase_closure1.doCall(CallTestCaseKeyword.groovy:59)
	... 20 more
Caused by: org.openqa.selenium.NoAlertPresentException: no such alert
  (Session info: MicrosoftEdge=117.0.2045.43)
Build info: version: '3.141.59', revision: 'e82be7d358', time: '2018-11-14T08:25:53'
System info: host: 'DESKTOP-H62FVJ8', ip: '10.9.2.18', os.name: 'Windows 10', os.arch: 'amd64', os.version: '10.0', java.version: '1.8.0_362'
Driver info: com.kms.katalon.selenium.driver.CEdgeDriver
Capabilities {acceptInsecureCerts: true, browserName: msedge, browserVersion: 117.0.2045.43, fedcm:accounts: true, javascriptEnabled: true, ms:edgeOptions: {debuggerAddress: localhost:55678}, msedge: {msedgedriverVersion: 117.0.2045.47 (b75fe6866687..., userDataDir: C:\Users\IRFAN\AppData\Loca...}, networkConnectionEnabled: false, pageLoadStrategy: normal, platform: WINDOWS, platformName: WINDOWS, proxy: Proxy(), setWindowRect: true, strictFileInteractability: false, timeouts: {implicit: 0, pageLoad: 300000, script: 30000}, unhandledPromptBehavior: dismiss and notify, webauthn:extension:credBlob: true, webauthn:extension:largeBlob: true, webauthn:extension:minPinLength: true, webauthn:extension:prf: true, webauthn:virtualAuthenticators: true}
Session ID: b85b79dfaef050a7fa6bc5103ec2d902
	at org.openqa.selenium.remote.http.W3CHttpResponseCodec.createException(W3CHttpResponseCodec.java:187)
	at org.openqa.selenium.remote.http.W3CHttpResponseCodec.decode(W3CHttpResponseCodec.java:122)
	at org.openqa.selenium.remote.http.W3CHttpResponseCodec.decode(W3CHttpResponseCodec.java:49)
	at org.openqa.selenium.remote.HttpCommandExecutor.execute(HttpCommandExecutor.java:158)
	at org.openqa.selenium.remote.service.DriverCommandExecutor.execute(DriverCommandExecutor.java:83)
	at org.openqa.selenium.remote.RemoteWebDriver.execute(RemoteWebDriver.java:552)
	at com.kms.katalon.selenium.driver.CEdgeDriver.execute(CEdgeDriver.java:20)
	at org.openqa.selenium.remote.RemoteWebDriver.execute(RemoteWebDriver.java:609)
	at org.openqa.selenium.remote.RemoteWebDriver$RemoteAlert.accept(RemoteWebDriver.java:947)
	at org.openqa.selenium.support.events.EventFiringWebDriver$EventFiringAlert.accept(EventFiringWebDriver.java:795)
	at com.kms.katalon.core.webui.keyword.builtin.AcceptAlertKeyword$_acceptAlert_closure1.doCall(AcceptAlertKeyword.groovy:75)
	at com.kms.katalon.core.webui.keyword.builtin.AcceptAlertKeyword$_acceptAlert_closure1.call(AcceptAlertKeyword.groovy)
	at com.kms.katalon.core.webui.keyword.internal.WebUIKeywordMain.runKeyword(WebUIKeywordMain.groovy:20)
	... 35 more]]></system-err>
      </testcase>
      <testcase name="Test Cases/T13 Pembelian, Shipment dan Pembayaran/SA-009" time="104.35" classname="Test Cases/T13 Pembelian, Shipment dan Pembayaran/SA-009" status="PASSED">
         <system-out><![CDATA[2023-10-05 11:21:09 - [TEST_CASE][PASSED] - Test Cases/T13 Pembelian, Shipment dan Pembayaran/SA-009: Test Cases/T13 Pembelian, Shipment dan Pembayaran/SA-009

2023-10-05 11:21:09 - [TEST_STEP][PASSED] - data = callTestCase(findTestCase("T13 Pembelian, Shipment dan Pembayaran/SA-002"), [:], STOP_ON_FAILURE): Call Test Case 'Test Cases/T13 Pembelian, Shipment dan Pembayaran/SA-002' successfully

2023-10-05 11:21:10 - [TEST_CASE][PASSED] - Test Cases/T13 Pembelian, Shipment dan Pembayaran/SA-002: Test Cases/T13 Pembelian, Shipment dan Pembayaran/SA-002

2023-10-05 11:21:10 - [TEST_STEP][PASSED] - data = callTestCase(findTestCase("T13 Pembelian, Shipment dan Pembayaran/SA-001"), [:], STOP_ON_FAILURE): Call Test Case 'Test Cases/T13 Pembelian, Shipment dan Pembayaran/SA-001' successfully

2023-10-05 11:21:10 - [TEST_CASE][PASSED] - Test Cases/T13 Pembelian, Shipment dan Pembayaran/SA-001: Test Cases/T13 Pembelian, Shipment dan Pembayaran/SA-001

2023-10-05 11:21:10 - [TEST_STEP][PASSED] - data = callTestCase(findTestCase("T13 Pembelian, Shipment dan Pembayaran/PBYA-001"), [:], STOP_ON_FAILURE): Call Test Case 'Test Cases/T13 Pembelian, Shipment dan Pembayaran/PBYA-001' successfully

2023-10-05 11:21:10 - [TEST_CASE][PASSED] - Test Cases/T13 Pembelian, Shipment dan Pembayaran/PBYA-001: Test Cases/T13 Pembelian, Shipment dan Pembayaran/PBYA-001

2023-10-05 11:21:10 - [TEST_STEP][PASSED] - data = callTestCase(findTestCase("T13 Pembelian, Shipment dan Pembayaran/PBY-004"), [:], STOP_ON_FAILURE): Call Test Case 'Test Cases/T13 Pembelian, Shipment dan Pembayaran/PBY-004' successfully

2023-10-05 11:21:10 - [TEST_CASE][PASSED] - Test Cases/T13 Pembelian, Shipment dan Pembayaran/PBY-004: Test Cases/T13 Pembelian, Shipment dan Pembayaran/PBY-004

2023-10-05 11:21:10 - [TEST_STEP][PASSED] - data = callTestCase(findTestCase("T13 Pembelian, Shipment dan Pembayaran/PBY-001"), [:], STOP_ON_FAILURE): Call Test Case 'Test Cases/T13 Pembelian, Shipment dan Pembayaran/PBY-001' successfully

2023-10-05 11:21:10 - [TEST_CASE][PASSED] - Test Cases/T13 Pembelian, Shipment dan Pembayaran/PBY-001: Test Cases/T13 Pembelian, Shipment dan Pembayaran/PBY-001

2023-10-05 11:21:10 - [TEST_STEP][PASSED] - data = callTestCase(findTestCase("T13 Pembelian, Shipment dan Pembayaran/PBL-004"), ["Kurir":"Roda 2"], STOP_ON_FAILURE): Call Test Case 'Test Cases/T13 Pembelian, Shipment dan Pembayaran/PBL-004' successfully

2023-10-05 11:21:10 - [TEST_CASE][PASSED] - Test Cases/T13 Pembelian, Shipment dan Pembayaran/PBL-004: Test Cases/T13 Pembelian, Shipment dan Pembayaran/PBL-004

2023-10-05 11:21:10 - [TEST_STEP][PASSED] - data = callTestCase(findTestCase("T13 Pembelian, Shipment dan Pembayaran/PBL-002"), [:], STOP_ON_FAILURE): Call Test Case 'Test Cases/T13 Pembelian, Shipment dan Pembayaran/PBL-002' successfully

2023-10-05 11:21:10 - [TEST_CASE][PASSED] - Test Cases/T13 Pembelian, Shipment dan Pembayaran/PBL-002: Test Cases/T13 Pembelian, Shipment dan Pembayaran/PBL-002

2023-10-05 11:21:10 - [TEST_STEP][PASSED] - data = callTestCase(findTestCase("T13 Pembelian, Shipment dan Pembayaran/PBL-001"), [:], STOP_ON_FAILURE): Call Test Case 'Test Cases/T13 Pembelian, Shipment dan Pembayaran/PBL-001' successfully

2023-10-05 11:21:10 - [TEST_CASE][PASSED] - Test Cases/T13 Pembelian, Shipment dan Pembayaran/PBL-001: Test Cases/T13 Pembelian, Shipment dan Pembayaran/PBL-001

2023-10-05 11:21:10 - [TEST_STEP][PASSED] - callTestCase(findTestCase("T13 Pembelian, Shipment dan Pembayaran/LU-001"), ["username":"irfanafandi", "password":"12345irfan"], STOP_ON_FAILURE): Call Test Case 'Test Cases/T13 Pembelian, Shipment dan Pembayaran/LU-001' successfully

2023-10-05 11:21:10 - [TEST_CASE][PASSED] - Test Cases/T13 Pembelian, Shipment dan Pembayaran/LU-001: Test Cases/T13 Pembelian, Shipment dan Pembayaran/LU-001

2023-10-05 11:21:10 - [TEST_STEP][PASSED] - openBrowser("https://10.9.2.63/ecommerce/"): Browser is opened with url: 'https://10.9.2.63/ecommerce/'

2023-10-05 11:21:10 - [MESSAGE][WARNING] - A browser is already opened. Closing browser and opening a new one

2023-10-05 11:21:11 - [MESSAGE][INFO] - Starting 'Edge Chromium' driver

2023-10-05 11:21:11 - [MESSAGE][INFO] - User set preference: ['acceptInsecureCerts', 'true']

2023-10-05 11:21:13 - [MESSAGE][INFO] - Action delay is set to 0 milliseconds

2023-10-05 11:21:17 - [MESSAGE][PASSED] - Browser is opened with url: 'https://10.9.2.63/ecommerce/'

2023-10-05 11:21:17 - [TEST_STEP][PASSED] - maximizeWindow(): Current window maximized

2023-10-05 11:21:17 - [MESSAGE][PASSED] - Current window maximized

2023-10-05 11:21:17 - [TEST_STEP][PASSED] - verifyElementPresent(findTestObject("Login/Home"), 0): Object 'Object Repository/Login/Home' is present

2023-10-05 11:21:17 - [MESSAGE][WARNING] - Timeout '0' is invalid. Using default page load timeout: '30'

2023-10-05 11:21:18 - [MESSAGE][PASSED] - Object 'Object Repository/Login/Home' is present

2023-10-05 11:21:18 - [TEST_STEP][PASSED] - click(findTestObject("Login/a_Login")): Object: 'Object Repository/Login/a_Login' is clicked on

2023-10-05 11:21:18 - [MESSAGE][PASSED] - Object: 'Object Repository/Login/a_Login' is clicked on

2023-10-05 11:21:18 - [TEST_STEP][PASSED] - verifyElementPresent(findTestObject("Login/Tittle Login"), 0): Object 'Object Repository/Login/Tittle Login' is present

2023-10-05 11:21:18 - [MESSAGE][WARNING] - Timeout '0' is invalid. Using default page load timeout: '30'

2023-10-05 11:21:19 - [MESSAGE][PASSED] - Object 'Object Repository/Login/Tittle Login' is present

2023-10-05 11:21:19 - [TEST_STEP][PASSED] - setText(findTestObject("Login/input_Username, Email atau No. Handphone_a"), username): Text 'irfanafandi' is set on object 'Object Repository/Login/input_Username, Email atau No. Handphone_a'

2023-10-05 11:21:20 - [MESSAGE][PASSED] - Text 'irfanafandi' is set on object 'Object Repository/Login/input_Username, Email atau No. Handphone_a'

2023-10-05 11:21:20 - [TEST_STEP][PASSED] - setText(findTestObject("Login/input_Password_b"), password): Text '12345irfan' is set on object 'Object Repository/Login/input_Password_b'

2023-10-05 11:21:20 - [MESSAGE][PASSED] - Text '12345irfan' is set on object 'Object Repository/Login/input_Password_b'

2023-10-05 11:21:20 - [TEST_STEP][PASSED] - click(findTestObject("Login/label_Ingat saya")): Object: 'Object Repository/Login/label_Ingat saya' is clicked on

2023-10-05 11:21:21 - [MESSAGE][PASSED] - Object: 'Object Repository/Login/label_Ingat saya' is clicked on

2023-10-05 11:21:21 - [TEST_STEP][PASSED] - click(findTestObject("Login/button_Masuk")): Object: 'Object Repository/Login/button_Masuk' is clicked on

2023-10-05 11:21:23 - [MESSAGE][PASSED] - Object: 'Object Repository/Login/button_Masuk' is clicked on

2023-10-05 11:21:23 - [TEST_STEP][PASSED] - verifyElementPresent(findTestObject("Login/li_Profile"), 0): Object 'Object Repository/Login/li_Profile' is present

2023-10-05 11:21:23 - [MESSAGE][WARNING] - Timeout '0' is invalid. Using default page load timeout: '30'

2023-10-05 11:21:24 - [MESSAGE][PASSED] - Object 'Object Repository/Login/li_Profile' is present

2023-10-05 11:21:24 - [MESSAGE][PASSED] - Call Test Case 'Test Cases/T13 Pembelian, Shipment dan Pembayaran/LU-001' successfully

2023-10-05 11:21:24 - [TEST_STEP][PASSED] - mouseOver(findTestObject("beli barang/i_Mulai Belanja_icon-menu")): Object: 'Object Repository/beli barang/i_Mulai Belanja_icon-menu' is hovered

2023-10-05 11:21:24 - [MESSAGE][PASSED] - Object: 'Object Repository/beli barang/i_Mulai Belanja_icon-menu' is hovered

2023-10-05 11:21:24 - [TEST_STEP][PASSED] - click(findTestObject("beli barang/a_Fashion  Busana Wanita")): Object: 'Object Repository/beli barang/a_Fashion  Busana Wanita' is clicked on

2023-10-05 11:21:25 - [MESSAGE][PASSED] - Object: 'Object Repository/beli barang/a_Fashion  Busana Wanita' is clicked on

2023-10-05 11:21:25 - [TEST_STEP][PASSED] - NamaSebelum = getText(findTestObject("verifikasi/Nama sebelum")): Text of object 'Object Repository/verifikasi/Nama sebelum' is: ''

2023-10-05 11:21:26 - [MESSAGE][PASSED] - Text of object 'Object Repository/verifikasi/Nama sebelum' is: ''

2023-10-05 11:21:26 - [TEST_STEP][PASSED] - HargaSebelum = getText(findTestObject("verifikasi/Harga sebelum")): Text of object 'Object Repository/verifikasi/Harga sebelum' is: 'Rp 1,299'

2023-10-05 11:21:26 - [MESSAGE][PASSED] - Text of object 'Object Repository/verifikasi/Harga sebelum' is: 'Rp 1,299'

2023-10-05 11:21:26 - [TEST_STEP][PASSED] - mouseOver(findTestObject("beli barang/barang mouse over")): Object: 'Object Repository/beli barang/barang mouse over' is hovered

2023-10-05 11:21:27 - [MESSAGE][PASSED] - Object: 'Object Repository/beli barang/barang mouse over' is hovered

2023-10-05 11:21:27 - [TEST_STEP][PASSED] - click(findTestObject("beli barang/buttom add to cart")): Object: 'Object Repository/beli barang/buttom add to cart' is clicked on

2023-10-05 11:21:29 - [MESSAGE][PASSED] - Object: 'Object Repository/beli barang/buttom add to cart' is clicked on

2023-10-05 11:21:29 - [TEST_STEP][PASSED] - NamaSesudah = getText(findTestObject("verifikasi/Nama sesudah")): Text of object 'Object Repository/verifikasi/Nama sesudah' is: 'Segitiga Instan Madeira - MDB5.3 Sunset'

2023-10-05 11:21:30 - [MESSAGE][PASSED] - Text of object 'Object Repository/verifikasi/Nama sesudah' is: 'Segitiga Instan Madeira - MDB5.3 Sunset'

2023-10-05 11:21:30 - [TEST_STEP][PASSED] - HargaSesudah = getText(findTestObject("verifikasi/Harga sesudah")): Text of object 'Object Repository/verifikasi/Harga sesudah' is: 'Rp 1,299'

2023-10-05 11:21:30 - [MESSAGE][PASSED] - Text of object 'Object Repository/verifikasi/Harga sesudah' is: 'Rp 1,299'

2023-10-05 11:21:30 - [TEST_STEP][PASSED] - assert NamaSesudah.contains(NamaSebelum): null

2023-10-05 11:21:30 - [TEST_STEP][PASSED] - assert HargaSesudah.contains(HargaSebelum): null

2023-10-05 11:21:30 - [TEST_STEP][PASSED] - click(findTestObject("beli barang/Tambah Keranjang busana wanita")): Object: 'Object Repository/beli barang/Tambah Keranjang busana wanita' is clicked on

2023-10-05 11:21:30 - [MESSAGE][PASSED] - Object: 'Object Repository/beli barang/Tambah Keranjang busana wanita' is clicked on

2023-10-05 11:21:30 - [TEST_STEP][PASSED] - verifyElementPresent(findTestObject("checkout/Notifikasi keranjang"), 1): Object 'Object Repository/checkout/Notifikasi keranjang' is present

2023-10-05 11:21:32 - [MESSAGE][PASSED] - Object 'Object Repository/checkout/Notifikasi keranjang' is present

2023-10-05 11:21:32 - [TEST_STEP][PASSED] - data = new java.util.HashMap(): null

2023-10-05 11:21:32 - [TEST_STEP][PASSED] - data.put("nama_barang", NamaSesudah): null

2023-10-05 11:21:32 - [TEST_STEP][PASSED] - data.put("price_barang", HargaSesudah): null

2023-10-05 11:21:32 - [TEST_STEP][PASSED] - return data: null

2023-10-05 11:21:32 - [MESSAGE][PASSED] - Call Test Case 'Test Cases/T13 Pembelian, Shipment dan Pembayaran/PBL-001' successfully

2023-10-05 11:21:32 - [TEST_STEP][PASSED] - mouseOver(findTestObject("beli barang/keranjang")): Object: 'Object Repository/beli barang/keranjang' is hovered

2023-10-05 11:21:32 - [MESSAGE][PASSED] - Object: 'Object Repository/beli barang/keranjang' is hovered

2023-10-05 11:21:32 - [TEST_STEP][PASSED] - click(findTestObject("beli barang/Lihat Sekarang")): Object: 'Object Repository/beli barang/Lihat Sekarang' is clicked on

2023-10-05 11:21:33 - [MESSAGE][PASSED] - Object: 'Object Repository/beli barang/Lihat Sekarang' is clicked on

2023-10-05 11:21:33 - [TEST_STEP][PASSED] - verifyElementPresent(findTestObject("keranjang/li_Keranjang Belanja"), 0): Object 'Object Repository/keranjang/li_Keranjang Belanja' is present

2023-10-05 11:21:33 - [MESSAGE][WARNING] - Timeout '0' is invalid. Using default page load timeout: '30'

2023-10-05 11:21:34 - [MESSAGE][PASSED] - Object 'Object Repository/keranjang/li_Keranjang Belanja' is present

2023-10-05 11:21:34 - [TEST_STEP][PASSED] - NamaKeranjang = getText(findTestObject("verifikasi/Nama keranjang")): Text of object 'Object Repository/verifikasi/Nama keranjang' is: 'Segitiga Instan Madeira - MDB5.3 Sunset'

2023-10-05 11:21:35 - [MESSAGE][PASSED] - Text of object 'Object Repository/verifikasi/Nama keranjang' is: 'Segitiga Instan Madeira - MDB5.3 Sunset'

2023-10-05 11:21:35 - [TEST_STEP][PASSED] - HargaKeranjang = getText(findTestObject("verifikasi/Harga Keranjang")): Text of object 'Object Repository/verifikasi/Harga Keranjang' is: 'Rp 1,299'

2023-10-05 11:21:35 - [MESSAGE][PASSED] - Text of object 'Object Repository/verifikasi/Harga Keranjang' is: 'Rp 1,299'

2023-10-05 11:21:35 - [TEST_STEP][PASSED] - if (toString().equalsIgnoreCase("Merah")): Object 'Object Repository/keranjang/input_Warna_variasi101' is checked

2023-10-05 11:21:35 - [TEST_STEP][PASSED] - check(findTestObject("Object Repository/keranjang/input_Warna_variasi101")): Object 'Object Repository/keranjang/input_Warna_variasi101' is checked

2023-10-05 11:21:36 - [MESSAGE][PASSED] - Object 'Object Repository/keranjang/input_Warna_variasi101' is checked

2023-10-05 11:21:36 - [TEST_STEP][PASSED] - if (toString().equalsIgnoreCase("Menengah")): Object 'Object Repository/keranjang/input_Ukuran_variasi201' is checked

2023-10-05 11:21:36 - [TEST_STEP][PASSED] - check(findTestObject("Object Repository/keranjang/input_Ukuran_variasi201")): Object 'Object Repository/keranjang/input_Ukuran_variasi201' is checked

2023-10-05 11:21:36 - [MESSAGE][PASSED] - Object 'Object Repository/keranjang/input_Ukuran_variasi201' is checked

2023-10-05 11:21:36 - [TEST_STEP][PASSED] - data.put("Warna", warna): null

2023-10-05 11:21:36 - [TEST_STEP][PASSED] - data.put("Ukuran", ukuran): null

2023-10-05 11:21:36 - [TEST_STEP][PASSED] - click(findTestObject("keranjang/button_Lanjut ke Pembayaran")): Object: 'Object Repository/keranjang/button_Lanjut ke Pembayaran' is clicked on

2023-10-05 11:21:38 - [MESSAGE][PASSED] - Object: 'Object Repository/keranjang/button_Lanjut ke Pembayaran' is clicked on

2023-10-05 11:21:38 - [TEST_STEP][PASSED] - verifyElementPresent(findTestObject("checkout/Tittle Checkout Order"), 0): Object 'Object Repository/checkout/Tittle Checkout Order' is present

2023-10-05 11:21:38 - [MESSAGE][WARNING] - Timeout '0' is invalid. Using default page load timeout: '30'

2023-10-05 11:21:39 - [MESSAGE][PASSED] - Object 'Object Repository/checkout/Tittle Checkout Order' is present

2023-10-05 11:21:39 - [TEST_STEP][PASSED] - name_product = data.get("nama_barang"): null

2023-10-05 11:21:39 - [TEST_STEP][PASSED] - price_product = data.get("price_barang"): null

2023-10-05 11:21:39 - [TEST_STEP][PASSED] - assert name_product == NamaKeranjang: null

2023-10-05 11:21:39 - [TEST_STEP][PASSED] - assert price_product == HargaKeranjang: null

2023-10-05 11:21:39 - [TEST_STEP][PASSED] - return data: null

2023-10-05 11:21:39 - [MESSAGE][PASSED] - Call Test Case 'Test Cases/T13 Pembelian, Shipment dan Pembayaran/PBL-002' successfully

2023-10-05 11:21:39 - [TEST_STEP][PASSED] - warnaa = getText(findTestObject("verifikasi/warna Merah")): Text of object 'Object Repository/verifikasi/warna Merah' is: 'Merah'

2023-10-05 11:21:39 - [MESSAGE][PASSED] - Text of object 'Object Repository/verifikasi/warna Merah' is: 'Merah'

2023-10-05 11:21:39 - [TEST_STEP][PASSED] - ukurann = getText(findTestObject("verifikasi/Ukuran Menengah")): Text of object 'Object Repository/verifikasi/Ukuran Menengah' is: 'Menengah'

2023-10-05 11:21:40 - [MESSAGE][PASSED] - Text of object 'Object Repository/verifikasi/Ukuran Menengah' is: 'Menengah'

2023-10-05 11:21:40 - [TEST_STEP][PASSED] - warna1 = data.get("Warna"): null

2023-10-05 11:21:40 - [TEST_STEP][PASSED] - ukuran1 = data.get("Ukuran"): null

2023-10-05 11:21:40 - [TEST_STEP][PASSED] - assert warnaa == warna1: null

2023-10-05 11:21:40 - [TEST_STEP][PASSED] - assert ukurann == ukuran1: null

2023-10-05 11:21:40 - [TEST_STEP][PASSED] - NamaCheckout = getText(findTestObject("verifikasi/NamaCheckout")): Text of object 'Object Repository/verifikasi/NamaCheckout' is: ''

2023-10-05 11:21:40 - [MESSAGE][PASSED] - Text of object 'Object Repository/verifikasi/NamaCheckout' is: ''

2023-10-05 11:21:40 - [TEST_STEP][PASSED] - HargaCheckout = getText(findTestObject("verifikasi/HargaCheckout")): Text of object 'Object Repository/verifikasi/HargaCheckout' is: '1,299'

2023-10-05 11:21:40 - [MESSAGE][PASSED] - Text of object 'Object Repository/verifikasi/HargaCheckout' is: '1,299'

2023-10-05 11:21:40 - [TEST_STEP][PASSED] - name_product = data.get("nama_barang"): null

2023-10-05 11:21:40 - [TEST_STEP][PASSED] - price_product = data.get("price_barang"): null

2023-10-05 11:21:40 - [TEST_STEP][PASSED] - assert name_product.contains(NamaCheckout): null

2023-10-05 11:21:40 - [TEST_STEP][PASSED] - assert price_product.contains(HargaCheckout): null

2023-10-05 11:21:40 - [TEST_STEP][PASSED] - selectOptionByLabel(findTestObject("checkout/select - Kirim via Kurir Lokal"), Kurir, false): All options with label 'Roda 2' are selected in object 'Object Repository/checkout/select - Kirim via Kurir Lokal' 

2023-10-05 11:21:41 - [MESSAGE][PASSED] - All options with label 'Roda 2' are selected in object 'Object Repository/checkout/select - Kirim via Kurir Lokal' 

2023-10-05 11:21:41 - [TEST_STEP][PASSED] - click(findTestObject("checkout/Kendaraan Kurir")): Object: 'Object Repository/checkout/Kendaraan Kurir' is clicked on

2023-10-05 11:21:42 - [MESSAGE][PASSED] - Object: 'Object Repository/checkout/Kendaraan Kurir' is clicked on

2023-10-05 11:21:42 - [TEST_STEP][PASSED] - OngkosKirim = getText(findTestObject("Object Repository/verifikasi/Ongkos Kirim checkout")): Text of object 'Object Repository/verifikasi/Ongkos Kirim checkout' is: 'Rp. 5,000'

2023-10-05 11:21:42 - [MESSAGE][PASSED] - Text of object 'Object Repository/verifikasi/Ongkos Kirim checkout' is: 'Rp. 5,000'

2023-10-05 11:21:42 - [TEST_STEP][PASSED] - Ongkos = OngkosKirim.substring(3, OngkosKirim.size()): null

2023-10-05 11:21:42 - [TEST_STEP][PASSED] - rep = Ongkos.replace(",", "."): null

2023-10-05 11:21:42 - [TEST_STEP][PASSED] - Ongkos_kirim = Double.parseDouble(rep): null

2023-10-05 11:21:42 - [TEST_STEP][PASSED] - println(Ongkos_kirim): null

2023-10-05 11:21:42 - [TEST_STEP][PASSED] - FeeAdmin = getText(findTestObject("verifikasi/Fee Admin checkout")): Text of object 'Object Repository/verifikasi/Fee Admin checkout' is: 'Fee Admin
Rp 1,500'

2023-10-05 11:21:43 - [MESSAGE][PASSED] - Text of object 'Object Repository/verifikasi/Fee Admin checkout' is: 'Fee Admin
Rp 1,500'

2023-10-05 11:21:43 - [TEST_STEP][PASSED] - Fee_Admin = FeeAdmin.substring(12, FeeAdmin.size()): null

2023-10-05 11:21:43 - [TEST_STEP][PASSED] - fee = Fee_Admin.replace(",", "."): null

2023-10-05 11:21:43 - [TEST_STEP][PASSED] - fee_admin = Double.parseDouble(fee): null

2023-10-05 11:21:43 - [TEST_STEP][PASSED] - println(fee_admin): null

2023-10-05 11:21:43 - [TEST_STEP][PASSED] - Subtotal = getText(findTestObject("verifikasi/subtotal checkout")): Text of object 'Object Repository/verifikasi/subtotal checkout' is: 'Subtotal
Rp 1,299'

2023-10-05 11:21:43 - [MESSAGE][PASSED] - Text of object 'Object Repository/verifikasi/subtotal checkout' is: 'Subtotal
Rp 1,299'

2023-10-05 11:21:43 - [TEST_STEP][PASSED] - sub_total = Subtotal.substring(12, Subtotal.size()): null

2023-10-05 11:21:43 - [TEST_STEP][PASSED] - sub = sub_total.replace(",", "."): null

2023-10-05 11:21:43 - [TEST_STEP][PASSED] - sub_total = Double.parseDouble(sub): null

2023-10-05 11:21:43 - [TEST_STEP][PASSED] - println(sub_total): null

2023-10-05 11:21:43 - [TEST_STEP][PASSED] - Total = getText(findTestObject("verifikasi/Total checkout")): Text of object 'Object Repository/verifikasi/Total checkout' is: 'Rp 7,799'

2023-10-05 11:21:43 - [MESSAGE][PASSED] - Text of object 'Object Repository/verifikasi/Total checkout' is: 'Rp 7,799'

2023-10-05 11:21:43 - [TEST_STEP][PASSED] - totall = Total.substring(3, Total.size()): null

2023-10-05 11:21:43 - [TEST_STEP][PASSED] - total = totall.replace(",", "."): null

2023-10-05 11:21:43 - [TEST_STEP][PASSED] - totall = Double.parseDouble(total): null

2023-10-05 11:21:43 - [TEST_STEP][PASSED] - println(totall): null

2023-10-05 11:21:43 - [TEST_STEP][PASSED] - Total_Harga = Ongkos_kirim + fee_admin + sub_total: null

2023-10-05 11:21:43 - [TEST_STEP][PASSED] - println(Total_Harga): null

2023-10-05 11:21:43 - [TEST_STEP][PASSED] - TotalHarga = Math.round(Total_Harga * 1000) / 1000: null

2023-10-05 11:21:43 - [TEST_STEP][PASSED] - println(TotalHarga): null

2023-10-05 11:21:43 - [TEST_STEP][PASSED] - assert totall == TotalHarga: null

2023-10-05 11:21:43 - [TEST_STEP][PASSED] - click(findTestObject("verifikasi/Metode Transfer")): Object: 'Object Repository/verifikasi/Metode Transfer' is clicked on

2023-10-05 11:21:44 - [MESSAGE][PASSED] - Object: 'Object Repository/verifikasi/Metode Transfer' is clicked on

2023-10-05 11:21:44 - [TEST_STEP][PASSED] - click(findTestObject("checkout/button_Proses Pembayaran")): Object: 'Object Repository/checkout/button_Proses Pembayaran' is clicked on

2023-10-05 11:21:53 - [MESSAGE][PASSED] - Object: 'Object Repository/checkout/button_Proses Pembayaran' is clicked on

2023-10-05 11:21:53 - [TEST_STEP][PASSED] - verifyElementPresent(findTestObject("pembayaran/Tittle nomor invoice"), 0): Object 'Object Repository/pembayaran/Tittle nomor invoice' is present

2023-10-05 11:21:54 - [MESSAGE][WARNING] - Timeout '0' is invalid. Using default page load timeout: '30'

2023-10-05 11:21:54 - [MESSAGE][PASSED] - Object 'Object Repository/pembayaran/Tittle nomor invoice' is present

2023-10-05 11:21:54 - [TEST_STEP][PASSED] - return data: null

2023-10-05 11:21:54 - [MESSAGE][PASSED] - Call Test Case 'Test Cases/T13 Pembelian, Shipment dan Pembayaran/PBL-004' successfully

2023-10-05 11:21:54 - [TEST_STEP][PASSED] - Invoice = getText(findTestObject("pembayaran/nomor invoice")): Text of object 'Object Repository/pembayaran/nomor invoice' is: 'TRX60.20231005112147'

2023-10-05 11:21:55 - [MESSAGE][PASSED] - Text of object 'Object Repository/pembayaran/nomor invoice' is: 'TRX60.20231005112147'

2023-10-05 11:21:55 - [TEST_STEP][PASSED] - data.put("invoice", Invoice): null

2023-10-05 11:21:55 - [TEST_STEP][PASSED] - NamaPemesan = getText(findTestObject("Konfirmasi pesanan shop/Nama pemesan")): Text of object 'Object Repository/Konfirmasi pesanan shop/Nama pemesan' is: 'irfan.afandi'

2023-10-05 11:21:55 - [MESSAGE][PASSED] - Text of object 'Object Repository/Konfirmasi pesanan shop/Nama pemesan' is: 'irfan.afandi'

2023-10-05 11:21:55 - [TEST_STEP][PASSED] - Nama = getText(findTestObject("pembayaran/Nama barang")): Text of object 'Object Repository/pembayaran/Nama barang' is: 'Segitiga Instan Madeira - MDB5.3 Sunset'

2023-10-05 11:21:56 - [MESSAGE][PASSED] - Text of object 'Object Repository/pembayaran/Nama barang' is: 'Segitiga Instan Madeira - MDB5.3 Sunset'

2023-10-05 11:21:56 - [TEST_STEP][PASSED] - Harga = getText(findTestObject("pembayaran/Harga barang")): Text of object 'Object Repository/pembayaran/Harga barang' is: '1,299'

2023-10-05 11:21:56 - [MESSAGE][PASSED] - Text of object 'Object Repository/pembayaran/Harga barang' is: '1,299'

2023-10-05 11:21:56 - [TEST_STEP][PASSED] - name_product = data.get("nama_barang"): null

2023-10-05 11:21:56 - [TEST_STEP][PASSED] - price_product = data.get("price_barang"): null

2023-10-05 11:21:56 - [TEST_STEP][PASSED] - assert name_product.contains(Nama): null

2023-10-05 11:21:56 - [TEST_STEP][PASSED] - assert price_product.contains(Harga): null

2023-10-05 11:21:56 - [TEST_STEP][PASSED] - warnaa = getText(findTestObject("pembayaran/warna")): Text of object 'Object Repository/pembayaran/warna' is: 'Merah'

2023-10-05 11:21:57 - [MESSAGE][PASSED] - Text of object 'Object Repository/pembayaran/warna' is: 'Merah'

2023-10-05 11:21:57 - [TEST_STEP][PASSED] - ukurann = getText(findTestObject("pembayaran/ukuran")): Text of object 'Object Repository/pembayaran/ukuran' is: 'Menengah'

2023-10-05 11:21:57 - [MESSAGE][PASSED] - Text of object 'Object Repository/pembayaran/ukuran' is: 'Menengah'

2023-10-05 11:21:57 - [TEST_STEP][PASSED] - warna1 = data.get("Warna"): null

2023-10-05 11:21:57 - [TEST_STEP][PASSED] - ukuran1 = data.get("Ukuran"): null

2023-10-05 11:21:57 - [TEST_STEP][PASSED] - assert warnaa == warna1: null

2023-10-05 11:21:57 - [TEST_STEP][PASSED] - assert ukurann == ukuran1: null

2023-10-05 11:21:57 - [TEST_STEP][PASSED] - statusPembelian = getText(findTestObject("verifikasi/Status pending di pembelian")): Text of object 'Object Repository/verifikasi/Status pending di pembelian' is: 'Pending'

2023-10-05 11:21:58 - [MESSAGE][PASSED] - Text of object 'Object Repository/verifikasi/Status pending di pembelian' is: 'Pending'

2023-10-05 11:21:58 - [TEST_STEP][PASSED] - data.put("statusPem", statusPembelian): null

2023-10-05 11:21:58 - [TEST_STEP][PASSED] - OngkosKirim = getText(findTestObject("pembayaran/ongkos kirim")): Text of object 'Object Repository/pembayaran/ongkos kirim' is: 'Rp 5,000'

2023-10-05 11:21:58 - [MESSAGE][PASSED] - Text of object 'Object Repository/pembayaran/ongkos kirim' is: 'Rp 5,000'

2023-10-05 11:21:58 - [TEST_STEP][PASSED] - Ongkos = OngkosKirim.substring(3, OngkosKirim.size()): null

2023-10-05 11:21:58 - [TEST_STEP][PASSED] - rep = Ongkos.replace(",", ""): null

2023-10-05 11:21:58 - [TEST_STEP][PASSED] - Ongkos_kirimm = Integer.parseInt(rep): null

2023-10-05 11:21:58 - [TEST_STEP][PASSED] - println(Ongkos_kirimm): null

2023-10-05 11:21:58 - [TEST_STEP][PASSED] - FeeAdmin = getText(findTestObject("pembayaran/fee admin")): Text of object 'Object Repository/pembayaran/fee admin' is: 'Rp 1,500'

2023-10-05 11:21:59 - [MESSAGE][PASSED] - Text of object 'Object Repository/pembayaran/fee admin' is: 'Rp 1,500'

2023-10-05 11:21:59 - [TEST_STEP][PASSED] - Fee_Admin = FeeAdmin.substring(3, FeeAdmin.size()): null

2023-10-05 11:21:59 - [TEST_STEP][PASSED] - fee = Fee_Admin.replace(",", ""): null

2023-10-05 11:21:59 - [TEST_STEP][PASSED] - fee_adminn = Integer.parseInt(fee): null

2023-10-05 11:21:59 - [TEST_STEP][PASSED] - println(fee_adminn): null

2023-10-05 11:21:59 - [TEST_STEP][PASSED] - Subtotal = getText(findTestObject("pembayaran/subtotal")): Text of object 'Object Repository/pembayaran/subtotal' is: 'Rp 1,299'

2023-10-05 11:21:59 - [MESSAGE][PASSED] - Text of object 'Object Repository/pembayaran/subtotal' is: 'Rp 1,299'

2023-10-05 11:21:59 - [TEST_STEP][PASSED] - sub_total = Subtotal.substring(3, Subtotal.size()): null

2023-10-05 11:21:59 - [TEST_STEP][PASSED] - sub = sub_total.replace(",", ""): null

2023-10-05 11:21:59 - [TEST_STEP][PASSED] - sub_totall = Integer.parseInt(sub): null

2023-10-05 11:21:59 - [TEST_STEP][PASSED] - println(sub_totall): null

2023-10-05 11:21:59 - [TEST_STEP][PASSED] - unik = getText(findTestObject("pembayaran/kode unik")): Text of object 'Object Repository/pembayaran/kode unik' is: '+147'

2023-10-05 11:22:00 - [MESSAGE][PASSED] - Text of object 'Object Repository/pembayaran/kode unik' is: '+147'

2023-10-05 11:22:00 - [TEST_STEP][PASSED] - unikk = unik.replace("+", ""): null

2023-10-05 11:22:00 - [TEST_STEP][PASSED] - kode_unik = Integer.parseInt(unikk): null

2023-10-05 11:22:00 - [TEST_STEP][PASSED] - println(kode_unik): null

2023-10-05 11:22:00 - [TEST_STEP][PASSED] - Total = getText(findTestObject("pembayaran/total")): Text of object 'Object Repository/pembayaran/total' is: '7,946'

2023-10-05 11:22:00 - [MESSAGE][PASSED] - Text of object 'Object Repository/pembayaran/total' is: '7,946'

2023-10-05 11:22:00 - [TEST_STEP][PASSED] - total = Total.replace(",", ""): null

2023-10-05 11:22:00 - [TEST_STEP][PASSED] - totalll = Integer.parseInt(total): null

2023-10-05 11:22:00 - [TEST_STEP][PASSED] - println(totalll): null

2023-10-05 11:22:00 - [TEST_STEP][PASSED] - Total_Hargaa = Ongkos_kirimm + fee_adminn + sub_totall + kode_unik: null

2023-10-05 11:22:00 - [TEST_STEP][PASSED] - println(Total_Hargaa): null

2023-10-05 11:22:00 - [TEST_STEP][PASSED] - assert totalll == Total_Hargaa: null

2023-10-05 11:22:00 - [TEST_STEP][PASSED] - data.put("total", Total): null

2023-10-05 11:22:00 - [TEST_STEP][PASSED] - data.put("nama", NamaPemesan): null

2023-10-05 11:22:00 - [TEST_STEP][PASSED] - return data: null

2023-10-05 11:22:00 - [MESSAGE][PASSED] - Call Test Case 'Test Cases/T13 Pembelian, Shipment dan Pembayaran/PBY-001' successfully

2023-10-05 11:22:00 - [TEST_STEP][PASSED] - inv = data.get("invoice"): null

2023-10-05 11:22:00 - [TEST_STEP][PASSED] - Total = data.get("total"): null

2023-10-05 11:22:00 - [TEST_STEP][PASSED] - NamaPemesan = data.get("nama"): null

2023-10-05 11:22:00 - [TEST_STEP][PASSED] - click(findTestObject("Konfirmasi pesanan shop/Menu Shop")): Object: 'Object Repository/Konfirmasi pesanan shop/Menu Shop' is clicked on

2023-10-05 11:22:02 - [MESSAGE][PASSED] - Object: 'Object Repository/Konfirmasi pesanan shop/Menu Shop' is clicked on

2023-10-05 11:22:02 - [TEST_STEP][PASSED] - click(findTestObject("Konfirmasi pesanan shop/Menu Shop")): Object: 'Object Repository/Konfirmasi pesanan shop/Menu Shop' is clicked on

2023-10-05 11:22:03 - [MESSAGE][PASSED] - Object: 'Object Repository/Konfirmasi pesanan shop/Menu Shop' is clicked on

2023-10-05 11:22:03 - [TEST_STEP][PASSED] - click(findTestObject("Konfirmasi pesanan shop/Konfirmasi Orders")): Object: 'Object Repository/Konfirmasi pesanan shop/Konfirmasi Orders' is clicked on

2023-10-05 11:22:04 - [MESSAGE][PASSED] - Object: 'Object Repository/Konfirmasi pesanan shop/Konfirmasi Orders' is clicked on

2023-10-05 11:22:04 - [TEST_STEP][PASSED] - verifyElementPresent(findTestObject("Konfirmasi pesanan shop/Tittle Konfirmasi Pesanan"), 0): Object 'Object Repository/Konfirmasi pesanan shop/Tittle Konfirmasi Pesanan' is present

2023-10-05 11:22:04 - [MESSAGE][WARNING] - Timeout '0' is invalid. Using default page load timeout: '30'

2023-10-05 11:22:04 - [MESSAGE][PASSED] - Object 'Object Repository/Konfirmasi pesanan shop/Tittle Konfirmasi Pesanan' is present

2023-10-05 11:22:04 - [TEST_STEP][PASSED] - setText(findTestObject("Konfirmasi pesanan shop/input_No Pesanan"), inv): Text 'TRX60.20231005112147' is set on object 'Object Repository/Konfirmasi pesanan shop/input_No Pesanan'

2023-10-05 11:22:05 - [MESSAGE][PASSED] - Text 'TRX60.20231005112147' is set on object 'Object Repository/Konfirmasi pesanan shop/input_No Pesanan'

2023-10-05 11:22:05 - [TEST_STEP][PASSED] - setText(findTestObject("Konfirmasi pesanan shop/input_Alamat E-mai"), "irfan@gmail.com"): Text 'irfan@gmail.com' is set on object 'Object Repository/Konfirmasi pesanan shop/input_Alamat E-mai'

2023-10-05 11:22:06 - [MESSAGE][PASSED] - Text 'irfan@gmail.com' is set on object 'Object Repository/Konfirmasi pesanan shop/input_Alamat E-mai'

2023-10-05 11:22:06 - [TEST_STEP][PASSED] - click(findTestObject("Konfirmasi pesanan shop/button_Submit")): Object: 'Object Repository/Konfirmasi pesanan shop/button_Submit' is clicked on

2023-10-05 11:22:07 - [MESSAGE][PASSED] - Object: 'Object Repository/Konfirmasi pesanan shop/button_Submit' is clicked on

2023-10-05 11:22:07 - [TEST_STEP][PASSED] - verifyElementPresent(findTestObject("Konfirmasi pesanan shop/Tittle nomor invoice"), 0): Object 'Object Repository/Konfirmasi pesanan shop/Tittle nomor invoice' is present

2023-10-05 11:22:07 - [MESSAGE][WARNING] - Timeout '0' is invalid. Using default page load timeout: '30'

2023-10-05 11:22:08 - [MESSAGE][PASSED] - Object 'Object Repository/Konfirmasi pesanan shop/Tittle nomor invoice' is present

2023-10-05 11:22:08 - [TEST_STEP][PASSED] - setText(findTestObject("Konfirmasi pesanan shop/input_Total TagihanTransfer_b"), Total): Text '7,946' is set on object 'Object Repository/Konfirmasi pesanan shop/input_Total TagihanTransfer_b'

2023-10-05 11:22:09 - [MESSAGE][PASSED] - Text '7,946' is set on object 'Object Repository/Konfirmasi pesanan shop/input_Total TagihanTransfer_b'

2023-10-05 11:22:09 - [TEST_STEP][PASSED] - selectOptionByValue(findTestObject("Konfirmasi pesanan shop/select_Bank"), "4", false): All options with value '4' are selected in object 'Object Repository/Konfirmasi pesanan shop/select_Bank' 

2023-10-05 11:22:09 - [MESSAGE][PASSED] - All options with value '4' are selected in object 'Object Repository/Konfirmasi pesanan shop/select_Bank' 

2023-10-05 11:22:09 - [TEST_STEP][PASSED] - setText(findTestObject("Konfirmasi pesanan shop/input_Nama Pengirim_d"), NamaPemesan): Text 'irfan.afandi' is set on object 'Object Repository/Konfirmasi pesanan shop/input_Nama Pengirim_d'

2023-10-05 11:22:10 - [MESSAGE][PASSED] - Text 'irfan.afandi' is set on object 'Object Repository/Konfirmasi pesanan shop/input_Nama Pengirim_d'

2023-10-05 11:22:10 - [TEST_STEP][PASSED] - uploadFile(findTestObject("keranjang/konfirmasi/input_Upload Bukti Transfer_f"), "C:\Users\IRFAN\Downloads\Berkas2.pdf"): File 'C:\Users\IRFAN\Downloads\Berkas2.pdf' sent to object: 'Object Repository/keranjang/konfirmasi/input_Upload Bukti Transfer_f'

2023-10-05 11:22:11 - [MESSAGE][PASSED] - File 'C:\Users\IRFAN\Downloads\Berkas2.pdf' sent to object: 'Object Repository/keranjang/konfirmasi/input_Upload Bukti Transfer_f'

2023-10-05 11:22:11 - [TEST_STEP][PASSED] - click(findTestObject("Konfirmasi pesanan shop/button_Konfirmasi Pembayaran")): Object: 'Object Repository/Konfirmasi pesanan shop/button_Konfirmasi Pembayaran' is clicked on

2023-10-05 11:22:12 - [MESSAGE][PASSED] - Object: 'Object Repository/Konfirmasi pesanan shop/button_Konfirmasi Pembayaran' is clicked on

2023-10-05 11:22:12 - [TEST_STEP][PASSED] - verifyElementPresent(findTestObject("Konfirmasi pesanan shop/Tittle Konfirmasi Pesanan"), 0): Object 'Object Repository/Konfirmasi pesanan shop/Tittle Konfirmasi Pesanan' is present

2023-10-05 11:22:12 - [MESSAGE][WARNING] - Timeout '0' is invalid. Using default page load timeout: '30'

2023-10-05 11:22:13 - [MESSAGE][PASSED] - Object 'Object Repository/Konfirmasi pesanan shop/Tittle Konfirmasi Pesanan' is present

2023-10-05 11:22:13 - [TEST_STEP][PASSED] - verifyElementPresent(findTestObject("Konfirmasi pesanan shop/Tittle massage succes Konfirmasi Pembayaran Pesanan"), 0): Object 'Object Repository/Konfirmasi pesanan shop/Tittle massage succes Konfirmasi Pembayaran Pesanan' is present

2023-10-05 11:22:13 - [MESSAGE][WARNING] - Timeout '0' is invalid. Using default page load timeout: '30'

2023-10-05 11:22:13 - [MESSAGE][PASSED] - Object 'Object Repository/Konfirmasi pesanan shop/Tittle massage succes Konfirmasi Pembayaran Pesanan' is present

2023-10-05 11:22:13 - [TEST_STEP][PASSED] - return data: null

2023-10-05 11:22:13 - [MESSAGE][PASSED] - Call Test Case 'Test Cases/T13 Pembelian, Shipment dan Pembayaran/PBY-004' successfully

2023-10-05 11:22:13 - [TEST_STEP][PASSED] - navigateToUrl("https://10.9.2.63/ecommerce/administrator/"): Navigate to 'https://10.9.2.63/ecommerce/administrator/' successfully

2023-10-05 11:22:14 - [MESSAGE][PASSED] - Navigate to 'https://10.9.2.63/ecommerce/administrator/' successfully

2023-10-05 11:22:14 - [TEST_STEP][PASSED] - verifyElementPresent(findTestObject("admin/Tittle ADMIN Login"), 0): Object 'Object Repository/admin/Tittle ADMIN Login' is present

2023-10-05 11:22:14 - [MESSAGE][WARNING] - Timeout '0' is invalid. Using default page load timeout: '30'

2023-10-05 11:22:14 - [MESSAGE][PASSED] - Object 'Object Repository/admin/Tittle ADMIN Login' is present

2023-10-05 11:22:14 - [TEST_STEP][PASSED] - setText(findTestObject("admin/Username"), "admin"): Text 'admin' is set on object 'Object Repository/admin/Username'

2023-10-05 11:22:15 - [MESSAGE][PASSED] - Text 'admin' is set on object 'Object Repository/admin/Username'

2023-10-05 11:22:15 - [TEST_STEP][PASSED] - setText(findTestObject("admin/Password"), "123admin123"): Text '123admin123' is set on object 'Object Repository/admin/Password'

2023-10-05 11:22:16 - [MESSAGE][PASSED] - Text '123admin123' is set on object 'Object Repository/admin/Password'

2023-10-05 11:22:16 - [TEST_STEP][PASSED] - click(findTestObject("admin/Remember Me")): Object: 'Object Repository/admin/Remember Me' is clicked on

2023-10-05 11:22:16 - [MESSAGE][PASSED] - Object: 'Object Repository/admin/Remember Me' is clicked on

2023-10-05 11:22:16 - [TEST_STEP][PASSED] - delay(10): Delayed 10 second(s)

2023-10-05 11:22:26 - [MESSAGE][PASSED] - Delayed 10 second(s)

2023-10-05 11:22:26 - [TEST_STEP][PASSED] - click(findTestObject("admin/buttom submit")): Object: 'Object Repository/admin/buttom submit' is clicked on

2023-10-05 11:22:28 - [MESSAGE][PASSED] - Object: 'Object Repository/admin/buttom submit' is clicked on

2023-10-05 11:22:28 - [TEST_STEP][PASSED] - verifyElementPresent(findTestObject("admin/Konf order konsumen/Tittle Dashboard"), 0): Object 'Object Repository/admin/Konf order konsumen/Tittle Dashboard' is present

2023-10-05 11:22:28 - [MESSAGE][WARNING] - Timeout '0' is invalid. Using default page load timeout: '30'

2023-10-05 11:22:29 - [MESSAGE][PASSED] - Object 'Object Repository/admin/Konf order konsumen/Tittle Dashboard' is present

2023-10-05 11:22:29 - [TEST_STEP][PASSED] - click(findTestObject("admin/Konf order konsumen/Menu Transaksi Market")): Object: 'Object Repository/admin/Konf order konsumen/Menu Transaksi Market' is clicked on

2023-10-05 11:22:29 - [MESSAGE][PASSED] - Object: 'Object Repository/admin/Konf order konsumen/Menu Transaksi Market' is clicked on

2023-10-05 11:22:29 - [TEST_STEP][PASSED] - click(findTestObject("admin/Konf order konsumen/Menu Konf. Order Konsumen")): Object: 'Object Repository/admin/Konf order konsumen/Menu Konf. Order Konsumen' is clicked on

2023-10-05 11:22:30 - [MESSAGE][PASSED] - Object: 'Object Repository/admin/Konf order konsumen/Menu Konf. Order Konsumen' is clicked on

2023-10-05 11:22:30 - [TEST_STEP][PASSED] - verifyElementPresent(findTestObject("admin/Konf order konsumen/Tittle Data Konfirmasi Pembayaran Konsumen"), 0): Object 'Object Repository/admin/Konf order konsumen/Tittle Data Konfirmasi Pembayaran Konsumen' is present

2023-10-05 11:22:30 - [MESSAGE][WARNING] - Timeout '0' is invalid. Using default page load timeout: '30'

2023-10-05 11:22:31 - [MESSAGE][PASSED] - Object 'Object Repository/admin/Konf order konsumen/Tittle Data Konfirmasi Pembayaran Konsumen' is present

2023-10-05 11:22:31 - [TEST_STEP][PASSED] - inv = data.get("invoice"): null

2023-10-05 11:22:31 - [TEST_STEP][PASSED] - setText(findTestObject("admin/Konf order konsumen/Search"), inv): Text 'TRX60.20231005112147' is set on object 'Object Repository/admin/Konf order konsumen/Search'

2023-10-05 11:22:32 - [MESSAGE][PASSED] - Text 'TRX60.20231005112147' is set on object 'Object Repository/admin/Konf order konsumen/Search'

2023-10-05 11:22:32 - [TEST_STEP][PASSED] - verifyElementText(findTestObject("admin/Konf order konsumen/Keterangan Lunas"), "Lunas"): Actual text and expected text of test object 'Object Repository/admin/Konf order konsumen/Keterangan Lunas' are matched.

2023-10-05 11:22:32 - [MESSAGE][PASSED] - Actual text and expected text of test object 'Object Repository/admin/Konf order konsumen/Keterangan Lunas' are matched.

2023-10-05 11:22:32 - [TEST_STEP][PASSED] - return data: null

2023-10-05 11:22:32 - [MESSAGE][PASSED] - Call Test Case 'Test Cases/T13 Pembelian, Shipment dan Pembayaran/PBYA-001' successfully

2023-10-05 11:22:32 - [TEST_STEP][PASSED] - click(findTestObject("admin/Penjualan ke konsumen/buttom Dashboard")): Object: 'Object Repository/admin/Penjualan ke konsumen/buttom Dashboard' is clicked on

2023-10-05 11:22:33 - [MESSAGE][PASSED] - Object: 'Object Repository/admin/Penjualan ke konsumen/buttom Dashboard' is clicked on

2023-10-05 11:22:33 - [TEST_STEP][PASSED] - click(findTestObject("admin/Konf order konsumen/Menu Transaksi Market")): Object: 'Object Repository/admin/Konf order konsumen/Menu Transaksi Market' is clicked on

2023-10-05 11:22:34 - [MESSAGE][PASSED] - Object: 'Object Repository/admin/Konf order konsumen/Menu Transaksi Market' is clicked on

2023-10-05 11:22:34 - [TEST_STEP][PASSED] - click(findTestObject("admin/Penjualan ke konsumen/a_Penjualan ke Konsumen")): Object: 'Object Repository/admin/Penjualan ke konsumen/a_Penjualan ke Konsumen' is clicked on

2023-10-05 11:22:37 - [MESSAGE][PASSED] - Object: 'Object Repository/admin/Penjualan ke konsumen/a_Penjualan ke Konsumen' is clicked on

2023-10-05 11:22:37 - [TEST_STEP][PASSED] - verifyElementPresent(findTestObject("admin/Tittle Data Transaksi Penjualan  Orderan Konsumen"), 0): Object 'Object Repository/admin/Tittle Data Transaksi Penjualan  Orderan Konsumen' is present

2023-10-05 11:22:37 - [MESSAGE][WARNING] - Timeout '0' is invalid. Using default page load timeout: '30'

2023-10-05 11:22:37 - [MESSAGE][PASSED] - Object 'Object Repository/admin/Tittle Data Transaksi Penjualan  Orderan Konsumen' is present

2023-10-05 11:22:37 - [TEST_STEP][PASSED] - return data: null

2023-10-05 11:22:37 - [MESSAGE][PASSED] - Call Test Case 'Test Cases/T13 Pembelian, Shipment dan Pembayaran/SA-001' successfully

2023-10-05 11:22:37 - [TEST_STEP][PASSED] - inv = data.get("invoice"): null

2023-10-05 11:22:37 - [TEST_STEP][PASSED] - setText(findTestObject("admin/Penjualan ke konsumen/Search"), inv): Text 'TRX60.20231005112147' is set on object 'Object Repository/admin/Penjualan ke konsumen/Search'

2023-10-05 11:22:38 - [MESSAGE][PASSED] - Text 'TRX60.20231005112147' is set on object 'Object Repository/admin/Penjualan ke konsumen/Search'

2023-10-05 11:22:38 - [TEST_STEP][PASSED] - click(findTestObject("admin/Penjualan ke konsumen/buttom konfirmasi pending payment")): Object: 'Object Repository/admin/Penjualan ke konsumen/buttom konfirmasi pending payment' is clicked on

2023-10-05 11:22:39 - [MESSAGE][PASSED] - Object: 'Object Repository/admin/Penjualan ke konsumen/buttom konfirmasi pending payment' is clicked on

2023-10-05 11:22:39 - [TEST_STEP][PASSED] - acceptAlert(STOP_ON_FAILURE): Alert accepted

2023-10-05 11:22:39 - [MESSAGE][PASSED] - Alert accepted

2023-10-05 11:22:39 - [TEST_STEP][PASSED] - setText(findTestObject("admin/Penjualan ke konsumen/Search"), inv): Text 'TRX60.20231005112147' is set on object 'Object Repository/admin/Penjualan ke konsumen/Search'

2023-10-05 11:22:48 - [MESSAGE][PASSED] - Text 'TRX60.20231005112147' is set on object 'Object Repository/admin/Penjualan ke konsumen/Search'

2023-10-05 11:22:48 - [TEST_STEP][PASSED] - verifyTextNotPresent("pending payment", false): Text 'pending payment' is not present on page

2023-10-05 11:22:49 - [MESSAGE][PASSED] - Text 'pending payment' is not present on page

2023-10-05 11:22:49 - [TEST_STEP][PASSED] - return data: null

2023-10-05 11:22:49 - [MESSAGE][PASSED] - Call Test Case 'Test Cases/T13 Pembelian, Shipment dan Pembayaran/SA-002' successfully

2023-10-05 11:22:49 - [TEST_STEP][PASSED] - click(findTestObject("admin/Penjualan ke konsumen/buttom scroldown")): Object: 'Object Repository/admin/Penjualan ke konsumen/buttom scroldown' is clicked on

2023-10-05 11:22:49 - [MESSAGE][PASSED] - Object: 'Object Repository/admin/Penjualan ke konsumen/buttom scroldown' is clicked on

2023-10-05 11:22:49 - [TEST_STEP][PASSED] - click(findTestObject("Edit Detail Data Transaksi/buttom edit")): Object: 'Object Repository/Edit Detail Data Transaksi/buttom edit' is clicked on

2023-10-05 11:22:50 - [MESSAGE][PASSED] - Object: 'Object Repository/Edit Detail Data Transaksi/buttom edit' is clicked on

2023-10-05 11:22:50 - [TEST_STEP][PASSED] - verifyElementPresent(findTestObject("Edit Detail Data Transaksi/Edit Detail Transaksi Penjualan"), 0): Object 'Object Repository/Edit Detail Data Transaksi/Edit Detail Transaksi Penjualan' is present

2023-10-05 11:22:50 - [MESSAGE][WARNING] - Timeout '0' is invalid. Using default page load timeout: '30'

2023-10-05 11:22:51 - [MESSAGE][PASSED] - Object 'Object Repository/Edit Detail Data Transaksi/Edit Detail Transaksi Penjualan' is present

2023-10-05 11:22:51 - [TEST_STEP][PASSED] - click(findTestObject("Edit Detail Data Transaksi/buttom edit detail")): Object: 'Object Repository/Edit Detail Data Transaksi/buttom edit detail' is clicked on

2023-10-05 11:22:52 - [MESSAGE][PASSED] - Object: 'Object Repository/Edit Detail Data Transaksi/buttom edit detail' is clicked on

2023-10-05 11:22:52 - [TEST_STEP][PASSED] - setText(findTestObject("Edit Detail Data Transaksi/input_Action_dd"), jumlah): Text 'e' is set on object 'Object Repository/Edit Detail Data Transaksi/input_Action_dd'

2023-10-05 11:22:53 - [MESSAGE][PASSED] - Text 'e' is set on object 'Object Repository/Edit Detail Data Transaksi/input_Action_dd'

2023-10-05 11:22:53 - [TEST_STEP][PASSED] - click(findTestObject("Edit Detail Data Transaksi/button_Action_centang")): Object: 'Object Repository/Edit Detail Data Transaksi/button_Action_centang' is clicked on

2023-10-05 11:22:53 - [MESSAGE][PASSED] - Object: 'Object Repository/Edit Detail Data Transaksi/button_Action_centang' is clicked on

2023-10-05 11:22:53 - [TEST_STEP][PASSED] - webDriver = getWebDriver(): null

2023-10-05 11:22:53 - [TEST_STEP][PASSED] - field_jumlah = webDriver.findElement(By.xpath("//input[@name="dd"]")): null

2023-10-05 11:22:53 - [TEST_STEP][PASSED] - error_message = webDriver.executeScript("return arguments[0].validationMessage", field_jumlah): null

2023-10-05 11:22:53 - [TEST_STEP][PASSED] - println(error_message): null

2023-10-05 11:22:53 - [TEST_STEP][PASSED] - assert error_message == "Please enter a number.": null

2023-10-05 11:22:53 - [TEST_STEP][PASSED] - return data: null]]></system-out>
         <system-err><![CDATA[]]></system-err>
      </testcase>
      <testcase name="Test Cases/T13 Pembelian, Shipment dan Pembayaran/SU-001" time="60.852" classname="Test Cases/T13 Pembelian, Shipment dan Pembayaran/SU-001" status="PASSED">
         <system-out><![CDATA[2023-10-05 11:22:53 - [TEST_CASE][PASSED] - Test Cases/T13 Pembelian, Shipment dan Pembayaran/SU-001: Test Cases/T13 Pembelian, Shipment dan Pembayaran/SU-001

2023-10-05 11:22:54 - [TEST_STEP][PASSED] - data = callTestCase(findTestCase("T13 Pembelian, Shipment dan Pembayaran/PBY-002"), [:], STOP_ON_FAILURE): Call Test Case 'Test Cases/T13 Pembelian, Shipment dan Pembayaran/PBY-002' successfully

2023-10-05 11:22:54 - [TEST_CASE][PASSED] - Test Cases/T13 Pembelian, Shipment dan Pembayaran/PBY-002: Test Cases/T13 Pembelian, Shipment dan Pembayaran/PBY-002

2023-10-05 11:22:54 - [TEST_STEP][PASSED] - data = callTestCase(findTestCase("T13 Pembelian, Shipment dan Pembayaran/PBL-005"), ["Kurir":"Roda 2", "tf":"transfer"], STOP_ON_FAILURE): Call Test Case 'Test Cases/T13 Pembelian, Shipment dan Pembayaran/PBL-005' successfully

2023-10-05 11:22:54 - [TEST_CASE][PASSED] - Test Cases/T13 Pembelian, Shipment dan Pembayaran/PBL-005: Test Cases/T13 Pembelian, Shipment dan Pembayaran/PBL-005

2023-10-05 11:22:54 - [TEST_STEP][PASSED] - data = callTestCase(findTestCase("T13 Pembelian, Shipment dan Pembayaran/PBL-002"), [:], STOP_ON_FAILURE): Call Test Case 'Test Cases/T13 Pembelian, Shipment dan Pembayaran/PBL-002' successfully

2023-10-05 11:22:54 - [TEST_CASE][PASSED] - Test Cases/T13 Pembelian, Shipment dan Pembayaran/PBL-002: Test Cases/T13 Pembelian, Shipment dan Pembayaran/PBL-002

2023-10-05 11:22:54 - [TEST_STEP][PASSED] - data = callTestCase(findTestCase("T13 Pembelian, Shipment dan Pembayaran/PBL-001"), [:], STOP_ON_FAILURE): Call Test Case 'Test Cases/T13 Pembelian, Shipment dan Pembayaran/PBL-001' successfully

2023-10-05 11:22:54 - [TEST_CASE][PASSED] - Test Cases/T13 Pembelian, Shipment dan Pembayaran/PBL-001: Test Cases/T13 Pembelian, Shipment dan Pembayaran/PBL-001

2023-10-05 11:22:54 - [TEST_STEP][PASSED] - callTestCase(findTestCase("T13 Pembelian, Shipment dan Pembayaran/LU-001"), ["username":"irfanafandi", "password":"12345irfan"], STOP_ON_FAILURE): Call Test Case 'Test Cases/T13 Pembelian, Shipment dan Pembayaran/LU-001' successfully

2023-10-05 11:22:54 - [TEST_CASE][PASSED] - Test Cases/T13 Pembelian, Shipment dan Pembayaran/LU-001: Test Cases/T13 Pembelian, Shipment dan Pembayaran/LU-001

2023-10-05 11:22:54 - [TEST_STEP][PASSED] - openBrowser("https://10.9.2.63/ecommerce/"): Browser is opened with url: 'https://10.9.2.63/ecommerce/'

2023-10-05 11:22:54 - [MESSAGE][WARNING] - A browser is already opened. Closing browser and opening a new one

2023-10-05 11:22:55 - [MESSAGE][INFO] - Starting 'Edge Chromium' driver

2023-10-05 11:22:55 - [MESSAGE][INFO] - User set preference: ['acceptInsecureCerts', 'true']

2023-10-05 11:22:57 - [MESSAGE][INFO] - Action delay is set to 0 milliseconds

2023-10-05 11:23:01 - [MESSAGE][PASSED] - Browser is opened with url: 'https://10.9.2.63/ecommerce/'

2023-10-05 11:23:01 - [TEST_STEP][PASSED] - maximizeWindow(): Current window maximized

2023-10-05 11:23:01 - [MESSAGE][PASSED] - Current window maximized

2023-10-05 11:23:01 - [TEST_STEP][PASSED] - verifyElementPresent(findTestObject("Login/Home"), 0): Object 'Object Repository/Login/Home' is present

2023-10-05 11:23:01 - [MESSAGE][WARNING] - Timeout '0' is invalid. Using default page load timeout: '30'

2023-10-05 11:23:02 - [MESSAGE][PASSED] - Object 'Object Repository/Login/Home' is present

2023-10-05 11:23:02 - [TEST_STEP][PASSED] - click(findTestObject("Login/a_Login")): Object: 'Object Repository/Login/a_Login' is clicked on

2023-10-05 11:23:02 - [MESSAGE][PASSED] - Object: 'Object Repository/Login/a_Login' is clicked on

2023-10-05 11:23:02 - [TEST_STEP][PASSED] - verifyElementPresent(findTestObject("Login/Tittle Login"), 0): Object 'Object Repository/Login/Tittle Login' is present

2023-10-05 11:23:02 - [MESSAGE][WARNING] - Timeout '0' is invalid. Using default page load timeout: '30'

2023-10-05 11:23:03 - [MESSAGE][PASSED] - Object 'Object Repository/Login/Tittle Login' is present

2023-10-05 11:23:03 - [TEST_STEP][PASSED] - setText(findTestObject("Login/input_Username, Email atau No. Handphone_a"), username): Text 'irfanafandi' is set on object 'Object Repository/Login/input_Username, Email atau No. Handphone_a'

2023-10-05 11:23:04 - [MESSAGE][PASSED] - Text 'irfanafandi' is set on object 'Object Repository/Login/input_Username, Email atau No. Handphone_a'

2023-10-05 11:23:04 - [TEST_STEP][PASSED] - setText(findTestObject("Login/input_Password_b"), password): Text '12345irfan' is set on object 'Object Repository/Login/input_Password_b'

2023-10-05 11:23:04 - [MESSAGE][PASSED] - Text '12345irfan' is set on object 'Object Repository/Login/input_Password_b'

2023-10-05 11:23:04 - [TEST_STEP][PASSED] - click(findTestObject("Login/label_Ingat saya")): Object: 'Object Repository/Login/label_Ingat saya' is clicked on

2023-10-05 11:23:05 - [MESSAGE][PASSED] - Object: 'Object Repository/Login/label_Ingat saya' is clicked on

2023-10-05 11:23:05 - [TEST_STEP][PASSED] - click(findTestObject("Login/button_Masuk")): Object: 'Object Repository/Login/button_Masuk' is clicked on

2023-10-05 11:23:06 - [MESSAGE][PASSED] - Object: 'Object Repository/Login/button_Masuk' is clicked on

2023-10-05 11:23:06 - [TEST_STEP][PASSED] - verifyElementPresent(findTestObject("Login/li_Profile"), 0): Object 'Object Repository/Login/li_Profile' is present

2023-10-05 11:23:06 - [MESSAGE][WARNING] - Timeout '0' is invalid. Using default page load timeout: '30'

2023-10-05 11:23:07 - [MESSAGE][PASSED] - Object 'Object Repository/Login/li_Profile' is present

2023-10-05 11:23:07 - [MESSAGE][PASSED] - Call Test Case 'Test Cases/T13 Pembelian, Shipment dan Pembayaran/LU-001' successfully

2023-10-05 11:23:07 - [TEST_STEP][PASSED] - mouseOver(findTestObject("beli barang/i_Mulai Belanja_icon-menu")): Object: 'Object Repository/beli barang/i_Mulai Belanja_icon-menu' is hovered

2023-10-05 11:23:08 - [MESSAGE][PASSED] - Object: 'Object Repository/beli barang/i_Mulai Belanja_icon-menu' is hovered

2023-10-05 11:23:08 - [TEST_STEP][PASSED] - click(findTestObject("beli barang/a_Fashion  Busana Wanita")): Object: 'Object Repository/beli barang/a_Fashion  Busana Wanita' is clicked on

2023-10-05 11:23:09 - [MESSAGE][PASSED] - Object: 'Object Repository/beli barang/a_Fashion  Busana Wanita' is clicked on

2023-10-05 11:23:09 - [TEST_STEP][PASSED] - NamaSebelum = getText(findTestObject("verifikasi/Nama sebelum")): Text of object 'Object Repository/verifikasi/Nama sebelum' is: ''

2023-10-05 11:23:10 - [MESSAGE][PASSED] - Text of object 'Object Repository/verifikasi/Nama sebelum' is: ''

2023-10-05 11:23:10 - [TEST_STEP][PASSED] - HargaSebelum = getText(findTestObject("verifikasi/Harga sebelum")): Text of object 'Object Repository/verifikasi/Harga sebelum' is: 'Rp 1,299'

2023-10-05 11:23:10 - [MESSAGE][PASSED] - Text of object 'Object Repository/verifikasi/Harga sebelum' is: 'Rp 1,299'

2023-10-05 11:23:10 - [TEST_STEP][PASSED] - mouseOver(findTestObject("beli barang/barang mouse over")): Object: 'Object Repository/beli barang/barang mouse over' is hovered

2023-10-05 11:23:11 - [MESSAGE][PASSED] - Object: 'Object Repository/beli barang/barang mouse over' is hovered

2023-10-05 11:23:11 - [TEST_STEP][PASSED] - click(findTestObject("beli barang/buttom add to cart")): Object: 'Object Repository/beli barang/buttom add to cart' is clicked on

2023-10-05 11:23:12 - [MESSAGE][PASSED] - Object: 'Object Repository/beli barang/buttom add to cart' is clicked on

2023-10-05 11:23:12 - [TEST_STEP][PASSED] - NamaSesudah = getText(findTestObject("verifikasi/Nama sesudah")): Text of object 'Object Repository/verifikasi/Nama sesudah' is: 'Segitiga Instan Madeira - MDB5.3 Sunset'

2023-10-05 11:23:13 - [MESSAGE][PASSED] - Text of object 'Object Repository/verifikasi/Nama sesudah' is: 'Segitiga Instan Madeira - MDB5.3 Sunset'

2023-10-05 11:23:13 - [TEST_STEP][PASSED] - HargaSesudah = getText(findTestObject("verifikasi/Harga sesudah")): Text of object 'Object Repository/verifikasi/Harga sesudah' is: 'Rp 1,299'

2023-10-05 11:23:13 - [MESSAGE][PASSED] - Text of object 'Object Repository/verifikasi/Harga sesudah' is: 'Rp 1,299'

2023-10-05 11:23:13 - [TEST_STEP][PASSED] - assert NamaSesudah.contains(NamaSebelum): null

2023-10-05 11:23:13 - [TEST_STEP][PASSED] - assert HargaSesudah.contains(HargaSebelum): null

2023-10-05 11:23:13 - [TEST_STEP][PASSED] - click(findTestObject("beli barang/Tambah Keranjang busana wanita")): Object: 'Object Repository/beli barang/Tambah Keranjang busana wanita' is clicked on

2023-10-05 11:23:14 - [MESSAGE][PASSED] - Object: 'Object Repository/beli barang/Tambah Keranjang busana wanita' is clicked on

2023-10-05 11:23:14 - [TEST_STEP][PASSED] - verifyElementPresent(findTestObject("checkout/Notifikasi keranjang"), 1): Object 'Object Repository/checkout/Notifikasi keranjang' is present

2023-10-05 11:23:15 - [MESSAGE][PASSED] - Object 'Object Repository/checkout/Notifikasi keranjang' is present

2023-10-05 11:23:15 - [TEST_STEP][PASSED] - data = new java.util.HashMap(): null

2023-10-05 11:23:15 - [TEST_STEP][PASSED] - data.put("nama_barang", NamaSesudah): null

2023-10-05 11:23:15 - [TEST_STEP][PASSED] - data.put("price_barang", HargaSesudah): null

2023-10-05 11:23:15 - [TEST_STEP][PASSED] - return data: null

2023-10-05 11:23:15 - [MESSAGE][PASSED] - Call Test Case 'Test Cases/T13 Pembelian, Shipment dan Pembayaran/PBL-001' successfully

2023-10-05 11:23:15 - [TEST_STEP][PASSED] - mouseOver(findTestObject("beli barang/keranjang")): Object: 'Object Repository/beli barang/keranjang' is hovered

2023-10-05 11:23:15 - [MESSAGE][PASSED] - Object: 'Object Repository/beli barang/keranjang' is hovered

2023-10-05 11:23:15 - [TEST_STEP][PASSED] - click(findTestObject("beli barang/Lihat Sekarang")): Object: 'Object Repository/beli barang/Lihat Sekarang' is clicked on

2023-10-05 11:23:17 - [MESSAGE][PASSED] - Object: 'Object Repository/beli barang/Lihat Sekarang' is clicked on

2023-10-05 11:23:17 - [TEST_STEP][PASSED] - verifyElementPresent(findTestObject("keranjang/li_Keranjang Belanja"), 0): Object 'Object Repository/keranjang/li_Keranjang Belanja' is present

2023-10-05 11:23:17 - [MESSAGE][WARNING] - Timeout '0' is invalid. Using default page load timeout: '30'

2023-10-05 11:23:18 - [MESSAGE][PASSED] - Object 'Object Repository/keranjang/li_Keranjang Belanja' is present

2023-10-05 11:23:18 - [TEST_STEP][PASSED] - NamaKeranjang = getText(findTestObject("verifikasi/Nama keranjang")): Text of object 'Object Repository/verifikasi/Nama keranjang' is: 'Segitiga Instan Madeira - MDB5.3 Sunset'

2023-10-05 11:23:18 - [MESSAGE][PASSED] - Text of object 'Object Repository/verifikasi/Nama keranjang' is: 'Segitiga Instan Madeira - MDB5.3 Sunset'

2023-10-05 11:23:18 - [TEST_STEP][PASSED] - HargaKeranjang = getText(findTestObject("verifikasi/Harga Keranjang")): Text of object 'Object Repository/verifikasi/Harga Keranjang' is: 'Rp 1,299'

2023-10-05 11:23:19 - [MESSAGE][PASSED] - Text of object 'Object Repository/verifikasi/Harga Keranjang' is: 'Rp 1,299'

2023-10-05 11:23:19 - [TEST_STEP][PASSED] - if (toString().equalsIgnoreCase("Merah")): Object 'Object Repository/keranjang/input_Warna_variasi101' is checked

2023-10-05 11:23:19 - [TEST_STEP][PASSED] - check(findTestObject("Object Repository/keranjang/input_Warna_variasi101")): Object 'Object Repository/keranjang/input_Warna_variasi101' is checked

2023-10-05 11:23:19 - [MESSAGE][PASSED] - Object 'Object Repository/keranjang/input_Warna_variasi101' is checked

2023-10-05 11:23:19 - [TEST_STEP][PASSED] - if (toString().equalsIgnoreCase("Menengah")): Object 'Object Repository/keranjang/input_Ukuran_variasi201' is checked

2023-10-05 11:23:19 - [TEST_STEP][PASSED] - check(findTestObject("Object Repository/keranjang/input_Ukuran_variasi201")): Object 'Object Repository/keranjang/input_Ukuran_variasi201' is checked

2023-10-05 11:23:20 - [MESSAGE][PASSED] - Object 'Object Repository/keranjang/input_Ukuran_variasi201' is checked

2023-10-05 11:23:20 - [TEST_STEP][PASSED] - data.put("Warna", warna): null

2023-10-05 11:23:20 - [TEST_STEP][PASSED] - data.put("Ukuran", ukuran): null

2023-10-05 11:23:20 - [TEST_STEP][PASSED] - click(findTestObject("keranjang/button_Lanjut ke Pembayaran")): Object: 'Object Repository/keranjang/button_Lanjut ke Pembayaran' is clicked on

2023-10-05 11:23:21 - [MESSAGE][PASSED] - Object: 'Object Repository/keranjang/button_Lanjut ke Pembayaran' is clicked on

2023-10-05 11:23:21 - [TEST_STEP][PASSED] - verifyElementPresent(findTestObject("checkout/Tittle Checkout Order"), 0): Object 'Object Repository/checkout/Tittle Checkout Order' is present

2023-10-05 11:23:21 - [MESSAGE][WARNING] - Timeout '0' is invalid. Using default page load timeout: '30'

2023-10-05 11:23:22 - [MESSAGE][PASSED] - Object 'Object Repository/checkout/Tittle Checkout Order' is present

2023-10-05 11:23:22 - [TEST_STEP][PASSED] - name_product = data.get("nama_barang"): null

2023-10-05 11:23:22 - [TEST_STEP][PASSED] - price_product = data.get("price_barang"): null

2023-10-05 11:23:22 - [TEST_STEP][PASSED] - assert name_product == NamaKeranjang: null

2023-10-05 11:23:22 - [TEST_STEP][PASSED] - assert price_product == HargaKeranjang: null

2023-10-05 11:23:22 - [TEST_STEP][PASSED] - return data: null

2023-10-05 11:23:22 - [MESSAGE][PASSED] - Call Test Case 'Test Cases/T13 Pembelian, Shipment dan Pembayaran/PBL-002' successfully

2023-10-05 11:23:22 - [TEST_STEP][PASSED] - warnaa = getText(findTestObject("verifikasi/warna Merah")): Text of object 'Object Repository/verifikasi/warna Merah' is: 'Merah'

2023-10-05 11:23:22 - [MESSAGE][PASSED] - Text of object 'Object Repository/verifikasi/warna Merah' is: 'Merah'

2023-10-05 11:23:22 - [TEST_STEP][PASSED] - ukurann = getText(findTestObject("verifikasi/Ukuran Menengah")): Text of object 'Object Repository/verifikasi/Ukuran Menengah' is: 'Menengah'

2023-10-05 11:23:23 - [MESSAGE][PASSED] - Text of object 'Object Repository/verifikasi/Ukuran Menengah' is: 'Menengah'

2023-10-05 11:23:23 - [TEST_STEP][PASSED] - warna1 = data.get("Warna"): null

2023-10-05 11:23:23 - [TEST_STEP][PASSED] - ukuran1 = data.get("Ukuran"): null

2023-10-05 11:23:23 - [TEST_STEP][PASSED] - assert warnaa == warna1: null

2023-10-05 11:23:23 - [TEST_STEP][PASSED] - assert ukurann == ukuran1: null

2023-10-05 11:23:23 - [TEST_STEP][PASSED] - NamaCheckout = getText(findTestObject("verifikasi/NamaCheckout")): Text of object 'Object Repository/verifikasi/NamaCheckout' is: ''

2023-10-05 11:23:23 - [MESSAGE][PASSED] - Text of object 'Object Repository/verifikasi/NamaCheckout' is: ''

2023-10-05 11:23:23 - [TEST_STEP][PASSED] - HargaCheckout = getText(findTestObject("verifikasi/HargaCheckout")): Text of object 'Object Repository/verifikasi/HargaCheckout' is: '1,299'

2023-10-05 11:23:24 - [MESSAGE][PASSED] - Text of object 'Object Repository/verifikasi/HargaCheckout' is: '1,299'

2023-10-05 11:23:24 - [TEST_STEP][PASSED] - name_product = data.get("nama_barang"): null

2023-10-05 11:23:24 - [TEST_STEP][PASSED] - price_product = data.get("price_barang"): null

2023-10-05 11:23:24 - [TEST_STEP][PASSED] - assert name_product.contains(NamaCheckout): null

2023-10-05 11:23:24 - [TEST_STEP][PASSED] - assert price_product.contains(HargaCheckout): null

2023-10-05 11:23:24 - [TEST_STEP][PASSED] - selectOptionByLabel(findTestObject("checkout/select - Kirim via Kurir Lokal"), Kurir, false): All options with label 'Roda 2' are selected in object 'Object Repository/checkout/select - Kirim via Kurir Lokal' 

2023-10-05 11:23:24 - [MESSAGE][PASSED] - All options with label 'Roda 2' are selected in object 'Object Repository/checkout/select - Kirim via Kurir Lokal' 

2023-10-05 11:23:24 - [TEST_STEP][PASSED] - click(findTestObject("checkout/Kendaraan Kurir")): Object: 'Object Repository/checkout/Kendaraan Kurir' is clicked on

2023-10-05 11:23:25 - [MESSAGE][PASSED] - Object: 'Object Repository/checkout/Kendaraan Kurir' is clicked on

2023-10-05 11:23:25 - [TEST_STEP][PASSED] - OngkosKirim = getText(findTestObject("Object Repository/verifikasi/Ongkos Kirim checkout")): Text of object 'Object Repository/verifikasi/Ongkos Kirim checkout' is: 'Rp. 5,000'

2023-10-05 11:23:25 - [MESSAGE][PASSED] - Text of object 'Object Repository/verifikasi/Ongkos Kirim checkout' is: 'Rp. 5,000'

2023-10-05 11:23:25 - [TEST_STEP][PASSED] - Ongkos = OngkosKirim.substring(3, OngkosKirim.size()): null

2023-10-05 11:23:25 - [TEST_STEP][PASSED] - rep = Ongkos.replace(",", "."): null

2023-10-05 11:23:25 - [TEST_STEP][PASSED] - Ongkos_kirim = Double.parseDouble(rep): null

2023-10-05 11:23:25 - [TEST_STEP][PASSED] - println(Ongkos_kirim): null

2023-10-05 11:23:25 - [TEST_STEP][PASSED] - FeeAdmin = getText(findTestObject("verifikasi/Fee Admin checkout")): Text of object 'Object Repository/verifikasi/Fee Admin checkout' is: 'Fee Admin
Rp 1,500'

2023-10-05 11:23:26 - [MESSAGE][PASSED] - Text of object 'Object Repository/verifikasi/Fee Admin checkout' is: 'Fee Admin
Rp 1,500'

2023-10-05 11:23:26 - [TEST_STEP][PASSED] - Fee_Admin = FeeAdmin.substring(12, FeeAdmin.size()): null

2023-10-05 11:23:26 - [TEST_STEP][PASSED] - fee = Fee_Admin.replace(",", "."): null

2023-10-05 11:23:26 - [TEST_STEP][PASSED] - fee_admin = Double.parseDouble(fee): null

2023-10-05 11:23:26 - [TEST_STEP][PASSED] - println(fee_admin): null

2023-10-05 11:23:26 - [TEST_STEP][PASSED] - Subtotal = getText(findTestObject("verifikasi/subtotal checkout")): Text of object 'Object Repository/verifikasi/subtotal checkout' is: 'Subtotal
Rp 1,299'

2023-10-05 11:23:27 - [MESSAGE][PASSED] - Text of object 'Object Repository/verifikasi/subtotal checkout' is: 'Subtotal
Rp 1,299'

2023-10-05 11:23:27 - [TEST_STEP][PASSED] - sub_total = Subtotal.substring(12, Subtotal.size()): null

2023-10-05 11:23:27 - [TEST_STEP][PASSED] - sub = sub_total.replace(",", "."): null

2023-10-05 11:23:27 - [TEST_STEP][PASSED] - sub_total = Double.parseDouble(sub): null

2023-10-05 11:23:27 - [TEST_STEP][PASSED] - println(sub_total): null

2023-10-05 11:23:27 - [TEST_STEP][PASSED] - Total = getText(findTestObject("verifikasi/Total checkout")): Text of object 'Object Repository/verifikasi/Total checkout' is: 'Rp 7,799'

2023-10-05 11:23:27 - [MESSAGE][PASSED] - Text of object 'Object Repository/verifikasi/Total checkout' is: 'Rp 7,799'

2023-10-05 11:23:27 - [TEST_STEP][PASSED] - totall = Total.substring(3, Total.size()): null

2023-10-05 11:23:27 - [TEST_STEP][PASSED] - total = totall.replace(",", "."): null

2023-10-05 11:23:27 - [TEST_STEP][PASSED] - totall = Double.parseDouble(total): null

2023-10-05 11:23:27 - [TEST_STEP][PASSED] - println(totall): null

2023-10-05 11:23:27 - [TEST_STEP][PASSED] - Total_Harga = Ongkos_kirim + fee_admin + sub_total: null

2023-10-05 11:23:27 - [TEST_STEP][PASSED] - println(Total_Harga): null

2023-10-05 11:23:27 - [TEST_STEP][PASSED] - TotalHarga = Math.round(Total_Harga * 1000) / 1000: null

2023-10-05 11:23:27 - [TEST_STEP][PASSED] - println(TotalHarga): null

2023-10-05 11:23:27 - [TEST_STEP][PASSED] - assert totall == TotalHarga: null

2023-10-05 11:23:27 - [TEST_STEP][PASSED] - click(findTestObject("Object Repository/checkout/metode pembayaran")): Object: 'Object Repository/checkout/metode pembayaran' is clicked on

2023-10-05 11:23:27 - [MESSAGE][PASSED] - Object: 'Object Repository/checkout/metode pembayaran' is clicked on

2023-10-05 11:23:27 - [TEST_STEP][PASSED] - click(findTestObject("checkout/button_Proses Pembayaran")): Object: 'Object Repository/checkout/button_Proses Pembayaran' is clicked on

2023-10-05 11:23:37 - [MESSAGE][PASSED] - Object: 'Object Repository/checkout/button_Proses Pembayaran' is clicked on

2023-10-05 11:23:37 - [TEST_STEP][PASSED] - verifyElementPresent(findTestObject("pembayaran/Tittle nomor invoice"), 0): Object 'Object Repository/pembayaran/Tittle nomor invoice' is present

2023-10-05 11:23:37 - [MESSAGE][WARNING] - Timeout '0' is invalid. Using default page load timeout: '30'

2023-10-05 11:23:38 - [MESSAGE][PASSED] - Object 'Object Repository/pembayaran/Tittle nomor invoice' is present

2023-10-05 11:23:38 - [TEST_STEP][PASSED] - return data: null

2023-10-05 11:23:38 - [MESSAGE][PASSED] - Call Test Case 'Test Cases/T13 Pembelian, Shipment dan Pembayaran/PBL-005' successfully

2023-10-05 11:23:38 - [TEST_STEP][PASSED] - Invoice = getText(findTestObject("pembayaran/nomor invoice")): Text of object 'Object Repository/pembayaran/nomor invoice' is: 'TRX60.20231005112331'

2023-10-05 11:23:38 - [MESSAGE][PASSED] - Text of object 'Object Repository/pembayaran/nomor invoice' is: 'TRX60.20231005112331'

2023-10-05 11:23:38 - [TEST_STEP][PASSED] - NamaPemesan = getText(findTestObject("Konfirmasi pesanan shop/Nama pemesan")): Text of object 'Object Repository/Konfirmasi pesanan shop/Nama pemesan' is: 'irfan.afandi'

2023-10-05 11:23:39 - [MESSAGE][PASSED] - Text of object 'Object Repository/Konfirmasi pesanan shop/Nama pemesan' is: 'irfan.afandi'

2023-10-05 11:23:39 - [TEST_STEP][PASSED] - data.put("invoice", Invoice): null

2023-10-05 11:23:39 - [TEST_STEP][PASSED] - Nama = getText(findTestObject("pembayaran/Nama barang")): Text of object 'Object Repository/pembayaran/Nama barang' is: 'Segitiga Instan Madeira - MDB5.3 Sunset'

2023-10-05 11:23:39 - [MESSAGE][PASSED] - Text of object 'Object Repository/pembayaran/Nama barang' is: 'Segitiga Instan Madeira - MDB5.3 Sunset'

2023-10-05 11:23:39 - [TEST_STEP][PASSED] - Harga = getText(findTestObject("pembayaran/Harga barang")): Text of object 'Object Repository/pembayaran/Harga barang' is: '1,299'

2023-10-05 11:23:39 - [MESSAGE][PASSED] - Text of object 'Object Repository/pembayaran/Harga barang' is: '1,299'

2023-10-05 11:23:39 - [TEST_STEP][PASSED] - name_product = data.get("nama_barang"): null

2023-10-05 11:23:39 - [TEST_STEP][PASSED] - price_product = data.get("price_barang"): null

2023-10-05 11:23:39 - [TEST_STEP][PASSED] - assert name_product.contains(Nama): null

2023-10-05 11:23:39 - [TEST_STEP][PASSED] - assert price_product.contains(Harga): null

2023-10-05 11:23:39 - [TEST_STEP][PASSED] - warnaa = getText(findTestObject("pembayaran/warna")): Text of object 'Object Repository/pembayaran/warna' is: 'Merah'

2023-10-05 11:23:40 - [MESSAGE][PASSED] - Text of object 'Object Repository/pembayaran/warna' is: 'Merah'

2023-10-05 11:23:40 - [TEST_STEP][PASSED] - ukurann = getText(findTestObject("pembayaran/ukuran")): Text of object 'Object Repository/pembayaran/ukuran' is: 'Menengah'

2023-10-05 11:23:40 - [MESSAGE][PASSED] - Text of object 'Object Repository/pembayaran/ukuran' is: 'Menengah'

2023-10-05 11:23:40 - [TEST_STEP][PASSED] - warna1 = data.get("Warna"): null

2023-10-05 11:23:40 - [TEST_STEP][PASSED] - ukuran1 = data.get("Ukuran"): null

2023-10-05 11:23:40 - [TEST_STEP][PASSED] - assert warnaa == warna1: null

2023-10-05 11:23:40 - [TEST_STEP][PASSED] - assert ukurann == ukuran1: null

2023-10-05 11:23:40 - [TEST_STEP][PASSED] - OngkosKirim = getText(findTestObject("pembayaran/ongkos kirim")): Text of object 'Object Repository/pembayaran/ongkos kirim' is: 'Rp 5,000'

2023-10-05 11:23:41 - [MESSAGE][PASSED] - Text of object 'Object Repository/pembayaran/ongkos kirim' is: 'Rp 5,000'

2023-10-05 11:23:41 - [TEST_STEP][PASSED] - Ongkos = OngkosKirim.substring(3, OngkosKirim.size()): null

2023-10-05 11:23:41 - [TEST_STEP][PASSED] - rep = Ongkos.replace(",", ""): null

2023-10-05 11:23:41 - [TEST_STEP][PASSED] - Ongkos_kirimm = Integer.parseInt(rep): null

2023-10-05 11:23:41 - [TEST_STEP][PASSED] - println(Ongkos_kirimm): null

2023-10-05 11:23:41 - [TEST_STEP][PASSED] - FeeAdmin = getText(findTestObject("pembayaran/fee admin")): Text of object 'Object Repository/pembayaran/fee admin' is: 'Rp 1,500'

2023-10-05 11:23:41 - [MESSAGE][PASSED] - Text of object 'Object Repository/pembayaran/fee admin' is: 'Rp 1,500'

2023-10-05 11:23:41 - [TEST_STEP][PASSED] - Fee_Admin = FeeAdmin.substring(3, FeeAdmin.size()): null

2023-10-05 11:23:41 - [TEST_STEP][PASSED] - fee = Fee_Admin.replace(",", ""): null

2023-10-05 11:23:41 - [TEST_STEP][PASSED] - fee_adminn = Integer.parseInt(fee): null

2023-10-05 11:23:41 - [TEST_STEP][PASSED] - println(fee_adminn): null

2023-10-05 11:23:41 - [TEST_STEP][PASSED] - Subtotal = getText(findTestObject("pembayaran/subtotal")): Text of object 'Object Repository/pembayaran/subtotal' is: 'Rp 1,299'

2023-10-05 11:23:41 - [MESSAGE][PASSED] - Text of object 'Object Repository/pembayaran/subtotal' is: 'Rp 1,299'

2023-10-05 11:23:41 - [TEST_STEP][PASSED] - sub_total = Subtotal.substring(3, Subtotal.size()): null

2023-10-05 11:23:41 - [TEST_STEP][PASSED] - sub = sub_total.replace(",", ""): null

2023-10-05 11:23:41 - [TEST_STEP][PASSED] - sub_totall = Integer.parseInt(sub): null

2023-10-05 11:23:41 - [TEST_STEP][PASSED] - println(sub_totall): null

2023-10-05 11:23:41 - [TEST_STEP][PASSED] - unik = getText(findTestObject("pembayaran/kode unik")): Text of object 'Object Repository/pembayaran/kode unik' is: '+331'

2023-10-05 11:23:42 - [MESSAGE][PASSED] - Text of object 'Object Repository/pembayaran/kode unik' is: '+331'

2023-10-05 11:23:42 - [TEST_STEP][PASSED] - unikk = unik.replace("+", ""): null

2023-10-05 11:23:42 - [TEST_STEP][PASSED] - kode_unik = Integer.parseInt(unikk): null

2023-10-05 11:23:42 - [TEST_STEP][PASSED] - println(kode_unik): null

2023-10-05 11:23:42 - [TEST_STEP][PASSED] - Total = getText(findTestObject("pembayaran/total")): Text of object 'Object Repository/pembayaran/total' is: '8,130'

2023-10-05 11:23:42 - [MESSAGE][PASSED] - Text of object 'Object Repository/pembayaran/total' is: '8,130'

2023-10-05 11:23:42 - [TEST_STEP][PASSED] - total = Total.replace(",", ""): null

2023-10-05 11:23:42 - [TEST_STEP][PASSED] - totalll = Integer.parseInt(total): null

2023-10-05 11:23:42 - [TEST_STEP][PASSED] - println(totalll): null

2023-10-05 11:23:42 - [TEST_STEP][PASSED] - Total_Hargaa = Ongkos_kirimm + fee_adminn + sub_totall + kode_unik: null

2023-10-05 11:23:42 - [TEST_STEP][PASSED] - println(Total_Hargaa): null

2023-10-05 11:23:42 - [TEST_STEP][PASSED] - assert totalll == Total_Hargaa: null

2023-10-05 11:23:42 - [TEST_STEP][PASSED] - data.put("total", Total): null

2023-10-05 11:23:42 - [TEST_STEP][PASSED] - data.put("nama", NamaPemesan): null

2023-10-05 11:23:42 - [TEST_STEP][PASSED] - return data: null

2023-10-05 11:23:42 - [MESSAGE][PASSED] - Call Test Case 'Test Cases/T13 Pembelian, Shipment dan Pembayaran/PBY-002' successfully

2023-10-05 11:23:42 - [TEST_STEP][PASSED] - click(findTestObject("Konfirmasi pesanan shop/Menu Shop")): Object: 'Object Repository/Konfirmasi pesanan shop/Menu Shop' is clicked on

2023-10-05 11:23:44 - [MESSAGE][PASSED] - Object: 'Object Repository/Konfirmasi pesanan shop/Menu Shop' is clicked on

2023-10-05 11:23:44 - [TEST_STEP][PASSED] - click(findTestObject("Konfirmasi pesanan shop/Menu Shop")): Object: 'Object Repository/Konfirmasi pesanan shop/Menu Shop' is clicked on

2023-10-05 11:23:44 - [MESSAGE][PASSED] - Object: 'Object Repository/Konfirmasi pesanan shop/Menu Shop' is clicked on

2023-10-05 11:23:44 - [TEST_STEP][PASSED] - click(findTestObject("Traking Order/a_Tracking Orders")): Object: 'Object Repository/Traking Order/a_Tracking Orders' is clicked on

2023-10-05 11:23:45 - [MESSAGE][PASSED] - Object: 'Object Repository/Traking Order/a_Tracking Orders' is clicked on

2023-10-05 11:23:45 - [TEST_STEP][PASSED] - verifyElementPresent(findTestObject("Traking Order/Tittle Tracking Order"), 0): Object 'Object Repository/Traking Order/Tittle Tracking Order' is present

2023-10-05 11:23:45 - [MESSAGE][WARNING] - Timeout '0' is invalid. Using default page load timeout: '30'

2023-10-05 11:23:46 - [MESSAGE][PASSED] - Object 'Object Repository/Traking Order/Tittle Tracking Order' is present

2023-10-05 11:23:46 - [TEST_STEP][PASSED] - inv = data.get("invoice"): null

2023-10-05 11:23:46 - [TEST_STEP][PASSED] - setText(findTestObject("Traking Order/input_No Pesanan_a"), inv): Text 'TRX60.20231005112331' is set on object 'Object Repository/Traking Order/input_No Pesanan_a'

2023-10-05 11:23:47 - [MESSAGE][PASSED] - Text 'TRX60.20231005112331' is set on object 'Object Repository/Traking Order/input_No Pesanan_a'

2023-10-05 11:23:47 - [TEST_STEP][PASSED] - setText(findTestObject("Traking Order/input_Alamat E-mail_form-control"), "irfan@gmail.com"): Text 'irfan@gmail.com' is set on object 'Object Repository/Traking Order/input_Alamat E-mail_form-control'

2023-10-05 11:23:47 - [MESSAGE][PASSED] - Text 'irfan@gmail.com' is set on object 'Object Repository/Traking Order/input_Alamat E-mail_form-control'

2023-10-05 11:23:47 - [TEST_STEP][PASSED] - click(findTestObject("Traking Order/button_Lacak Pesanan")): Object: 'Object Repository/Traking Order/button_Lacak Pesanan' is clicked on

2023-10-05 11:23:52 - [MESSAGE][PASSED] - Object: 'Object Repository/Traking Order/button_Lacak Pesanan' is clicked on

2023-10-05 11:23:52 - [TEST_STEP][PASSED] - verifyElementPresent(findTestObject("Traking Order/Tittle nomor transaksi"), 0): Object 'Object Repository/Traking Order/Tittle nomor transaksi' is present

2023-10-05 11:23:52 - [MESSAGE][WARNING] - Timeout '0' is invalid. Using default page load timeout: '30'

2023-10-05 11:23:52 - [MESSAGE][PASSED] - Object 'Object Repository/Traking Order/Tittle nomor transaksi' is present

2023-10-05 11:23:52 - [TEST_STEP][PASSED] - verifyElementPresent(findTestObject("Traking Order/status traking/Status Konfirmasi"), 0): Object 'Object Repository/Traking Order/status traking/Status Konfirmasi' is present

2023-10-05 11:23:53 - [MESSAGE][WARNING] - Timeout '0' is invalid. Using default page load timeout: '30'

2023-10-05 11:23:53 - [MESSAGE][PASSED] - Object 'Object Repository/Traking Order/status traking/Status Konfirmasi' is present

2023-10-05 11:23:53 - [TEST_STEP][PASSED] - Nama = getText(findTestObject("Object Repository/Traking Order/status traking/Nama Barang tracking order")): Text of object 'Object Repository/Traking Order/status traking/Nama Barang tracking order' is: 'Segitiga Instan Madeira - MDB5.3 Sunset'

2023-10-05 11:23:53 - [MESSAGE][PASSED] - Text of object 'Object Repository/Traking Order/status traking/Nama Barang tracking order' is: 'Segitiga Instan Madeira - MDB5.3 Sunset'

2023-10-05 11:23:53 - [TEST_STEP][PASSED] - Harga = getText(findTestObject("Object Repository/Traking Order/status traking/Harga Barang")): Text of object 'Object Repository/Traking Order/status traking/Harga Barang' is: '1,299'

2023-10-05 11:23:54 - [MESSAGE][PASSED] - Text of object 'Object Repository/Traking Order/status traking/Harga Barang' is: '1,299'

2023-10-05 11:23:54 - [TEST_STEP][PASSED] - name_product = data.get("nama_barang"): null

2023-10-05 11:23:54 - [TEST_STEP][PASSED] - price_product = data.get("price_barang"): null

2023-10-05 11:23:54 - [TEST_STEP][PASSED] - assert name_product.contains(Nama): null

2023-10-05 11:23:54 - [TEST_STEP][PASSED] - assert price_product.contains(Harga): null

2023-10-05 11:23:54 - [TEST_STEP][PASSED] - warnaa = getText(findTestObject("Object Repository/Traking Order/status traking/warna")): Text of object 'Object Repository/Traking Order/status traking/warna' is: 'Merah'

2023-10-05 11:23:54 - [MESSAGE][PASSED] - Text of object 'Object Repository/Traking Order/status traking/warna' is: 'Merah'

2023-10-05 11:23:54 - [TEST_STEP][PASSED] - ukurann = getText(findTestObject("Object Repository/Traking Order/status traking/Ukuruan")): Text of object 'Object Repository/Traking Order/status traking/Ukuruan' is: 'Menengah'

2023-10-05 11:23:54 - [MESSAGE][PASSED] - Text of object 'Object Repository/Traking Order/status traking/Ukuruan' is: 'Menengah'

2023-10-05 11:23:54 - [TEST_STEP][PASSED] - warna1 = data.get("Warna"): null

2023-10-05 11:23:54 - [TEST_STEP][PASSED] - ukuran1 = data.get("Ukuran"): null

2023-10-05 11:23:54 - [TEST_STEP][PASSED] - assert warnaa == warna1: null

2023-10-05 11:23:54 - [TEST_STEP][PASSED] - assert ukurann == ukuran1: null

2023-10-05 11:23:54 - [TEST_STEP][PASSED] - return data: null]]></system-out>
         <system-err><![CDATA[]]></system-err>
      </testcase>
      <testcase name="Test Cases/T13 Pembelian, Shipment dan Pembayaran/SU-002" time="148.219" classname="Test Cases/T13 Pembelian, Shipment dan Pembayaran/SU-002" status="PASSED">
         <system-out><![CDATA[2023-10-05 11:23:54 - [TEST_CASE][PASSED] - Test Cases/T13 Pembelian, Shipment dan Pembayaran/SU-002: Test Cases/T13 Pembelian, Shipment dan Pembayaran/SU-002

2023-10-05 11:23:55 - [TEST_STEP][PASSED] - data = callTestCase(findTestCase("T13 Pembelian, Shipment dan Pembayaran/SA-003"), [:], STOP_ON_FAILURE): Call Test Case 'Test Cases/T13 Pembelian, Shipment dan Pembayaran/SA-003' successfully

2023-10-05 11:23:55 - [TEST_CASE][PASSED] - Test Cases/T13 Pembelian, Shipment dan Pembayaran/SA-003: Test Cases/T13 Pembelian, Shipment dan Pembayaran/SA-003

2023-10-05 11:23:55 - [TEST_STEP][PASSED] - data = callTestCase(findTestCase("T13 Pembelian, Shipment dan Pembayaran/SA-002"), [:], STOP_ON_FAILURE): Call Test Case 'Test Cases/T13 Pembelian, Shipment dan Pembayaran/SA-002' successfully

2023-10-05 11:23:55 - [TEST_CASE][PASSED] - Test Cases/T13 Pembelian, Shipment dan Pembayaran/SA-002: Test Cases/T13 Pembelian, Shipment dan Pembayaran/SA-002

2023-10-05 11:23:55 - [TEST_STEP][PASSED] - data = callTestCase(findTestCase("T13 Pembelian, Shipment dan Pembayaran/SA-001"), [:], STOP_ON_FAILURE): Call Test Case 'Test Cases/T13 Pembelian, Shipment dan Pembayaran/SA-001' successfully

2023-10-05 11:23:55 - [TEST_CASE][PASSED] - Test Cases/T13 Pembelian, Shipment dan Pembayaran/SA-001: Test Cases/T13 Pembelian, Shipment dan Pembayaran/SA-001

2023-10-05 11:23:55 - [TEST_STEP][PASSED] - data = callTestCase(findTestCase("T13 Pembelian, Shipment dan Pembayaran/PBYA-001"), [:], STOP_ON_FAILURE): Call Test Case 'Test Cases/T13 Pembelian, Shipment dan Pembayaran/PBYA-001' successfully

2023-10-05 11:23:55 - [TEST_CASE][PASSED] - Test Cases/T13 Pembelian, Shipment dan Pembayaran/PBYA-001: Test Cases/T13 Pembelian, Shipment dan Pembayaran/PBYA-001

2023-10-05 11:23:55 - [TEST_STEP][PASSED] - data = callTestCase(findTestCase("T13 Pembelian, Shipment dan Pembayaran/PBY-004"), [:], STOP_ON_FAILURE): Call Test Case 'Test Cases/T13 Pembelian, Shipment dan Pembayaran/PBY-004' successfully

2023-10-05 11:23:55 - [TEST_CASE][PASSED] - Test Cases/T13 Pembelian, Shipment dan Pembayaran/PBY-004: Test Cases/T13 Pembelian, Shipment dan Pembayaran/PBY-004

2023-10-05 11:23:55 - [TEST_STEP][PASSED] - data = callTestCase(findTestCase("T13 Pembelian, Shipment dan Pembayaran/PBY-001"), [:], STOP_ON_FAILURE): Call Test Case 'Test Cases/T13 Pembelian, Shipment dan Pembayaran/PBY-001' successfully

2023-10-05 11:23:55 - [TEST_CASE][PASSED] - Test Cases/T13 Pembelian, Shipment dan Pembayaran/PBY-001: Test Cases/T13 Pembelian, Shipment dan Pembayaran/PBY-001

2023-10-05 11:23:55 - [TEST_STEP][PASSED] - data = callTestCase(findTestCase("T13 Pembelian, Shipment dan Pembayaran/PBL-004"), ["Kurir":"Roda 2"], STOP_ON_FAILURE): Call Test Case 'Test Cases/T13 Pembelian, Shipment dan Pembayaran/PBL-004' successfully

2023-10-05 11:23:55 - [TEST_CASE][PASSED] - Test Cases/T13 Pembelian, Shipment dan Pembayaran/PBL-004: Test Cases/T13 Pembelian, Shipment dan Pembayaran/PBL-004

2023-10-05 11:23:55 - [TEST_STEP][PASSED] - data = callTestCase(findTestCase("T13 Pembelian, Shipment dan Pembayaran/PBL-002"), [:], STOP_ON_FAILURE): Call Test Case 'Test Cases/T13 Pembelian, Shipment dan Pembayaran/PBL-002' successfully

2023-10-05 11:23:55 - [TEST_CASE][PASSED] - Test Cases/T13 Pembelian, Shipment dan Pembayaran/PBL-002: Test Cases/T13 Pembelian, Shipment dan Pembayaran/PBL-002

2023-10-05 11:23:55 - [TEST_STEP][PASSED] - data = callTestCase(findTestCase("T13 Pembelian, Shipment dan Pembayaran/PBL-001"), [:], STOP_ON_FAILURE): Call Test Case 'Test Cases/T13 Pembelian, Shipment dan Pembayaran/PBL-001' successfully

2023-10-05 11:23:55 - [TEST_CASE][PASSED] - Test Cases/T13 Pembelian, Shipment dan Pembayaran/PBL-001: Test Cases/T13 Pembelian, Shipment dan Pembayaran/PBL-001

2023-10-05 11:23:55 - [TEST_STEP][PASSED] - callTestCase(findTestCase("T13 Pembelian, Shipment dan Pembayaran/LU-001"), ["username":"irfanafandi", "password":"12345irfan"], STOP_ON_FAILURE): Call Test Case 'Test Cases/T13 Pembelian, Shipment dan Pembayaran/LU-001' successfully

2023-10-05 11:23:55 - [TEST_CASE][PASSED] - Test Cases/T13 Pembelian, Shipment dan Pembayaran/LU-001: Test Cases/T13 Pembelian, Shipment dan Pembayaran/LU-001

2023-10-05 11:23:55 - [TEST_STEP][PASSED] - openBrowser("https://10.9.2.63/ecommerce/"): Browser is opened with url: 'https://10.9.2.63/ecommerce/'

2023-10-05 11:23:55 - [MESSAGE][WARNING] - A browser is already opened. Closing browser and opening a new one

2023-10-05 11:23:56 - [MESSAGE][INFO] - Starting 'Edge Chromium' driver

2023-10-05 11:23:56 - [MESSAGE][INFO] - User set preference: ['acceptInsecureCerts', 'true']

2023-10-05 11:23:58 - [MESSAGE][INFO] - Action delay is set to 0 milliseconds

2023-10-05 11:24:02 - [MESSAGE][PASSED] - Browser is opened with url: 'https://10.9.2.63/ecommerce/'

2023-10-05 11:24:02 - [TEST_STEP][PASSED] - maximizeWindow(): Current window maximized

2023-10-05 11:24:02 - [MESSAGE][PASSED] - Current window maximized

2023-10-05 11:24:02 - [TEST_STEP][PASSED] - verifyElementPresent(findTestObject("Login/Home"), 0): Object 'Object Repository/Login/Home' is present

2023-10-05 11:24:03 - [MESSAGE][WARNING] - Timeout '0' is invalid. Using default page load timeout: '30'

2023-10-05 11:24:03 - [MESSAGE][PASSED] - Object 'Object Repository/Login/Home' is present

2023-10-05 11:24:03 - [TEST_STEP][PASSED] - click(findTestObject("Login/a_Login")): Object: 'Object Repository/Login/a_Login' is clicked on

2023-10-05 11:24:04 - [MESSAGE][PASSED] - Object: 'Object Repository/Login/a_Login' is clicked on

2023-10-05 11:24:04 - [TEST_STEP][PASSED] - verifyElementPresent(findTestObject("Login/Tittle Login"), 0): Object 'Object Repository/Login/Tittle Login' is present

2023-10-05 11:24:04 - [MESSAGE][WARNING] - Timeout '0' is invalid. Using default page load timeout: '30'

2023-10-05 11:24:04 - [MESSAGE][PASSED] - Object 'Object Repository/Login/Tittle Login' is present

2023-10-05 11:24:04 - [TEST_STEP][PASSED] - setText(findTestObject("Login/input_Username, Email atau No. Handphone_a"), username): Text 'irfanafandi' is set on object 'Object Repository/Login/input_Username, Email atau No. Handphone_a'

2023-10-05 11:24:05 - [MESSAGE][PASSED] - Text 'irfanafandi' is set on object 'Object Repository/Login/input_Username, Email atau No. Handphone_a'

2023-10-05 11:24:05 - [TEST_STEP][PASSED] - setText(findTestObject("Login/input_Password_b"), password): Text '12345irfan' is set on object 'Object Repository/Login/input_Password_b'

2023-10-05 11:24:06 - [MESSAGE][PASSED] - Text '12345irfan' is set on object 'Object Repository/Login/input_Password_b'

2023-10-05 11:24:06 - [TEST_STEP][PASSED] - click(findTestObject("Login/label_Ingat saya")): Object: 'Object Repository/Login/label_Ingat saya' is clicked on

2023-10-05 11:24:07 - [MESSAGE][PASSED] - Object: 'Object Repository/Login/label_Ingat saya' is clicked on

2023-10-05 11:24:07 - [TEST_STEP][PASSED] - click(findTestObject("Login/button_Masuk")): Object: 'Object Repository/Login/button_Masuk' is clicked on

2023-10-05 11:24:08 - [MESSAGE][PASSED] - Object: 'Object Repository/Login/button_Masuk' is clicked on

2023-10-05 11:24:08 - [TEST_STEP][PASSED] - verifyElementPresent(findTestObject("Login/li_Profile"), 0): Object 'Object Repository/Login/li_Profile' is present

2023-10-05 11:24:08 - [MESSAGE][WARNING] - Timeout '0' is invalid. Using default page load timeout: '30'

2023-10-05 11:24:09 - [MESSAGE][PASSED] - Object 'Object Repository/Login/li_Profile' is present

2023-10-05 11:24:09 - [MESSAGE][PASSED] - Call Test Case 'Test Cases/T13 Pembelian, Shipment dan Pembayaran/LU-001' successfully

2023-10-05 11:24:09 - [TEST_STEP][PASSED] - mouseOver(findTestObject("beli barang/i_Mulai Belanja_icon-menu")): Object: 'Object Repository/beli barang/i_Mulai Belanja_icon-menu' is hovered

2023-10-05 11:24:09 - [MESSAGE][PASSED] - Object: 'Object Repository/beli barang/i_Mulai Belanja_icon-menu' is hovered

2023-10-05 11:24:09 - [TEST_STEP][PASSED] - click(findTestObject("beli barang/a_Fashion  Busana Wanita")): Object: 'Object Repository/beli barang/a_Fashion  Busana Wanita' is clicked on

2023-10-05 11:24:11 - [MESSAGE][PASSED] - Object: 'Object Repository/beli barang/a_Fashion  Busana Wanita' is clicked on

2023-10-05 11:24:11 - [TEST_STEP][PASSED] - NamaSebelum = getText(findTestObject("verifikasi/Nama sebelum")): Text of object 'Object Repository/verifikasi/Nama sebelum' is: ''

2023-10-05 11:24:12 - [MESSAGE][PASSED] - Text of object 'Object Repository/verifikasi/Nama sebelum' is: ''

2023-10-05 11:24:12 - [TEST_STEP][PASSED] - HargaSebelum = getText(findTestObject("verifikasi/Harga sebelum")): Text of object 'Object Repository/verifikasi/Harga sebelum' is: 'Rp 1,299'

2023-10-05 11:24:12 - [MESSAGE][PASSED] - Text of object 'Object Repository/verifikasi/Harga sebelum' is: 'Rp 1,299'

2023-10-05 11:24:12 - [TEST_STEP][PASSED] - mouseOver(findTestObject("beli barang/barang mouse over")): Object: 'Object Repository/beli barang/barang mouse over' is hovered

2023-10-05 11:24:13 - [MESSAGE][PASSED] - Object: 'Object Repository/beli barang/barang mouse over' is hovered

2023-10-05 11:24:13 - [TEST_STEP][PASSED] - click(findTestObject("beli barang/buttom add to cart")): Object: 'Object Repository/beli barang/buttom add to cart' is clicked on

2023-10-05 11:24:14 - [MESSAGE][PASSED] - Object: 'Object Repository/beli barang/buttom add to cart' is clicked on

2023-10-05 11:24:14 - [TEST_STEP][PASSED] - NamaSesudah = getText(findTestObject("verifikasi/Nama sesudah")): Text of object 'Object Repository/verifikasi/Nama sesudah' is: 'Segitiga Instan Madeira - MDB5.3 Sunset'

2023-10-05 11:24:15 - [MESSAGE][PASSED] - Text of object 'Object Repository/verifikasi/Nama sesudah' is: 'Segitiga Instan Madeira - MDB5.3 Sunset'

2023-10-05 11:24:15 - [TEST_STEP][PASSED] - HargaSesudah = getText(findTestObject("verifikasi/Harga sesudah")): Text of object 'Object Repository/verifikasi/Harga sesudah' is: 'Rp 1,299'

2023-10-05 11:24:15 - [MESSAGE][PASSED] - Text of object 'Object Repository/verifikasi/Harga sesudah' is: 'Rp 1,299'

2023-10-05 11:24:15 - [TEST_STEP][PASSED] - assert NamaSesudah.contains(NamaSebelum): null

2023-10-05 11:24:15 - [TEST_STEP][PASSED] - assert HargaSesudah.contains(HargaSebelum): null

2023-10-05 11:24:15 - [TEST_STEP][PASSED] - click(findTestObject("beli barang/Tambah Keranjang busana wanita")): Object: 'Object Repository/beli barang/Tambah Keranjang busana wanita' is clicked on

2023-10-05 11:24:16 - [MESSAGE][PASSED] - Object: 'Object Repository/beli barang/Tambah Keranjang busana wanita' is clicked on

2023-10-05 11:24:16 - [TEST_STEP][PASSED] - verifyElementPresent(findTestObject("checkout/Notifikasi keranjang"), 1): Object 'Object Repository/checkout/Notifikasi keranjang' is present

2023-10-05 11:24:17 - [MESSAGE][PASSED] - Object 'Object Repository/checkout/Notifikasi keranjang' is present

2023-10-05 11:24:17 - [TEST_STEP][PASSED] - data = new java.util.HashMap(): null

2023-10-05 11:24:17 - [TEST_STEP][PASSED] - data.put("nama_barang", NamaSesudah): null

2023-10-05 11:24:17 - [TEST_STEP][PASSED] - data.put("price_barang", HargaSesudah): null

2023-10-05 11:24:17 - [TEST_STEP][PASSED] - return data: null

2023-10-05 11:24:17 - [MESSAGE][PASSED] - Call Test Case 'Test Cases/T13 Pembelian, Shipment dan Pembayaran/PBL-001' successfully

2023-10-05 11:24:17 - [TEST_STEP][PASSED] - mouseOver(findTestObject("beli barang/keranjang")): Object: 'Object Repository/beli barang/keranjang' is hovered

2023-10-05 11:24:17 - [MESSAGE][PASSED] - Object: 'Object Repository/beli barang/keranjang' is hovered

2023-10-05 11:24:17 - [TEST_STEP][PASSED] - click(findTestObject("beli barang/Lihat Sekarang")): Object: 'Object Repository/beli barang/Lihat Sekarang' is clicked on

2023-10-05 11:24:18 - [MESSAGE][PASSED] - Object: 'Object Repository/beli barang/Lihat Sekarang' is clicked on

2023-10-05 11:24:18 - [TEST_STEP][PASSED] - verifyElementPresent(findTestObject("keranjang/li_Keranjang Belanja"), 0): Object 'Object Repository/keranjang/li_Keranjang Belanja' is present

2023-10-05 11:24:19 - [MESSAGE][WARNING] - Timeout '0' is invalid. Using default page load timeout: '30'

2023-10-05 11:24:20 - [MESSAGE][PASSED] - Object 'Object Repository/keranjang/li_Keranjang Belanja' is present

2023-10-05 11:24:20 - [TEST_STEP][PASSED] - NamaKeranjang = getText(findTestObject("verifikasi/Nama keranjang")): Text of object 'Object Repository/verifikasi/Nama keranjang' is: 'Segitiga Instan Madeira - MDB5.3 Sunset'

2023-10-05 11:24:20 - [MESSAGE][PASSED] - Text of object 'Object Repository/verifikasi/Nama keranjang' is: 'Segitiga Instan Madeira - MDB5.3 Sunset'

2023-10-05 11:24:20 - [TEST_STEP][PASSED] - HargaKeranjang = getText(findTestObject("verifikasi/Harga Keranjang")): Text of object 'Object Repository/verifikasi/Harga Keranjang' is: 'Rp 1,299'

2023-10-05 11:24:21 - [MESSAGE][PASSED] - Text of object 'Object Repository/verifikasi/Harga Keranjang' is: 'Rp 1,299'

2023-10-05 11:24:21 - [TEST_STEP][PASSED] - if (toString().equalsIgnoreCase("Merah")): Object 'Object Repository/keranjang/input_Warna_variasi101' is checked

2023-10-05 11:24:21 - [TEST_STEP][PASSED] - check(findTestObject("Object Repository/keranjang/input_Warna_variasi101")): Object 'Object Repository/keranjang/input_Warna_variasi101' is checked

2023-10-05 11:24:21 - [MESSAGE][PASSED] - Object 'Object Repository/keranjang/input_Warna_variasi101' is checked

2023-10-05 11:24:21 - [TEST_STEP][PASSED] - if (toString().equalsIgnoreCase("Menengah")): Object 'Object Repository/keranjang/input_Ukuran_variasi201' is checked

2023-10-05 11:24:21 - [TEST_STEP][PASSED] - check(findTestObject("Object Repository/keranjang/input_Ukuran_variasi201")): Object 'Object Repository/keranjang/input_Ukuran_variasi201' is checked

2023-10-05 11:24:21 - [MESSAGE][PASSED] - Object 'Object Repository/keranjang/input_Ukuran_variasi201' is checked

2023-10-05 11:24:21 - [TEST_STEP][PASSED] - data.put("Warna", warna): null

2023-10-05 11:24:21 - [TEST_STEP][PASSED] - data.put("Ukuran", ukuran): null

2023-10-05 11:24:21 - [TEST_STEP][PASSED] - click(findTestObject("keranjang/button_Lanjut ke Pembayaran")): Object: 'Object Repository/keranjang/button_Lanjut ke Pembayaran' is clicked on

2023-10-05 11:24:23 - [MESSAGE][PASSED] - Object: 'Object Repository/keranjang/button_Lanjut ke Pembayaran' is clicked on

2023-10-05 11:24:23 - [TEST_STEP][PASSED] - verifyElementPresent(findTestObject("checkout/Tittle Checkout Order"), 0): Object 'Object Repository/checkout/Tittle Checkout Order' is present

2023-10-05 11:24:23 - [MESSAGE][WARNING] - Timeout '0' is invalid. Using default page load timeout: '30'

2023-10-05 11:24:24 - [MESSAGE][PASSED] - Object 'Object Repository/checkout/Tittle Checkout Order' is present

2023-10-05 11:24:24 - [TEST_STEP][PASSED] - name_product = data.get("nama_barang"): null

2023-10-05 11:24:24 - [TEST_STEP][PASSED] - price_product = data.get("price_barang"): null

2023-10-05 11:24:24 - [TEST_STEP][PASSED] - assert name_product == NamaKeranjang: null

2023-10-05 11:24:24 - [TEST_STEP][PASSED] - assert price_product == HargaKeranjang: null

2023-10-05 11:24:24 - [TEST_STEP][PASSED] - return data: null

2023-10-05 11:24:24 - [MESSAGE][PASSED] - Call Test Case 'Test Cases/T13 Pembelian, Shipment dan Pembayaran/PBL-002' successfully

2023-10-05 11:24:24 - [TEST_STEP][PASSED] - warnaa = getText(findTestObject("verifikasi/warna Merah")): Text of object 'Object Repository/verifikasi/warna Merah' is: 'Merah'

2023-10-05 11:24:24 - [MESSAGE][PASSED] - Text of object 'Object Repository/verifikasi/warna Merah' is: 'Merah'

2023-10-05 11:24:24 - [TEST_STEP][PASSED] - ukurann = getText(findTestObject("verifikasi/Ukuran Menengah")): Text of object 'Object Repository/verifikasi/Ukuran Menengah' is: 'Menengah'

2023-10-05 11:24:25 - [MESSAGE][PASSED] - Text of object 'Object Repository/verifikasi/Ukuran Menengah' is: 'Menengah'

2023-10-05 11:24:25 - [TEST_STEP][PASSED] - warna1 = data.get("Warna"): null

2023-10-05 11:24:25 - [TEST_STEP][PASSED] - ukuran1 = data.get("Ukuran"): null

2023-10-05 11:24:25 - [TEST_STEP][PASSED] - assert warnaa == warna1: null

2023-10-05 11:24:25 - [TEST_STEP][PASSED] - assert ukurann == ukuran1: null

2023-10-05 11:24:25 - [TEST_STEP][PASSED] - NamaCheckout = getText(findTestObject("verifikasi/NamaCheckout")): Text of object 'Object Repository/verifikasi/NamaCheckout' is: ''

2023-10-05 11:24:25 - [MESSAGE][PASSED] - Text of object 'Object Repository/verifikasi/NamaCheckout' is: ''

2023-10-05 11:24:25 - [TEST_STEP][PASSED] - HargaCheckout = getText(findTestObject("verifikasi/HargaCheckout")): Text of object 'Object Repository/verifikasi/HargaCheckout' is: '1,299'

2023-10-05 11:24:25 - [MESSAGE][PASSED] - Text of object 'Object Repository/verifikasi/HargaCheckout' is: '1,299'

2023-10-05 11:24:25 - [TEST_STEP][PASSED] - name_product = data.get("nama_barang"): null

2023-10-05 11:24:25 - [TEST_STEP][PASSED] - price_product = data.get("price_barang"): null

2023-10-05 11:24:25 - [TEST_STEP][PASSED] - assert name_product.contains(NamaCheckout): null

2023-10-05 11:24:25 - [TEST_STEP][PASSED] - assert price_product.contains(HargaCheckout): null

2023-10-05 11:24:25 - [TEST_STEP][PASSED] - selectOptionByLabel(findTestObject("checkout/select - Kirim via Kurir Lokal"), Kurir, false): All options with label 'Roda 2' are selected in object 'Object Repository/checkout/select - Kirim via Kurir Lokal' 

2023-10-05 11:24:26 - [MESSAGE][PASSED] - All options with label 'Roda 2' are selected in object 'Object Repository/checkout/select - Kirim via Kurir Lokal' 

2023-10-05 11:24:26 - [TEST_STEP][PASSED] - click(findTestObject("checkout/Kendaraan Kurir")): Object: 'Object Repository/checkout/Kendaraan Kurir' is clicked on

2023-10-05 11:24:27 - [MESSAGE][PASSED] - Object: 'Object Repository/checkout/Kendaraan Kurir' is clicked on

2023-10-05 11:24:27 - [TEST_STEP][PASSED] - OngkosKirim = getText(findTestObject("Object Repository/verifikasi/Ongkos Kirim checkout")): Text of object 'Object Repository/verifikasi/Ongkos Kirim checkout' is: 'Rp. 5,000'

2023-10-05 11:24:27 - [MESSAGE][PASSED] - Text of object 'Object Repository/verifikasi/Ongkos Kirim checkout' is: 'Rp. 5,000'

2023-10-05 11:24:27 - [TEST_STEP][PASSED] - Ongkos = OngkosKirim.substring(3, OngkosKirim.size()): null

2023-10-05 11:24:27 - [TEST_STEP][PASSED] - rep = Ongkos.replace(",", "."): null

2023-10-05 11:24:27 - [TEST_STEP][PASSED] - Ongkos_kirim = Double.parseDouble(rep): null

2023-10-05 11:24:27 - [TEST_STEP][PASSED] - println(Ongkos_kirim): null

2023-10-05 11:24:27 - [TEST_STEP][PASSED] - FeeAdmin = getText(findTestObject("verifikasi/Fee Admin checkout")): Text of object 'Object Repository/verifikasi/Fee Admin checkout' is: 'Fee Admin
Rp 1,500'

2023-10-05 11:24:28 - [MESSAGE][PASSED] - Text of object 'Object Repository/verifikasi/Fee Admin checkout' is: 'Fee Admin
Rp 1,500'

2023-10-05 11:24:28 - [TEST_STEP][PASSED] - Fee_Admin = FeeAdmin.substring(12, FeeAdmin.size()): null

2023-10-05 11:24:28 - [TEST_STEP][PASSED] - fee = Fee_Admin.replace(",", "."): null

2023-10-05 11:24:28 - [TEST_STEP][PASSED] - fee_admin = Double.parseDouble(fee): null

2023-10-05 11:24:28 - [TEST_STEP][PASSED] - println(fee_admin): null

2023-10-05 11:24:28 - [TEST_STEP][PASSED] - Subtotal = getText(findTestObject("verifikasi/subtotal checkout")): Text of object 'Object Repository/verifikasi/subtotal checkout' is: 'Subtotal
Rp 1,299'

2023-10-05 11:24:29 - [MESSAGE][PASSED] - Text of object 'Object Repository/verifikasi/subtotal checkout' is: 'Subtotal
Rp 1,299'

2023-10-05 11:24:29 - [TEST_STEP][PASSED] - sub_total = Subtotal.substring(12, Subtotal.size()): null

2023-10-05 11:24:29 - [TEST_STEP][PASSED] - sub = sub_total.replace(",", "."): null

2023-10-05 11:24:29 - [TEST_STEP][PASSED] - sub_total = Double.parseDouble(sub): null

2023-10-05 11:24:29 - [TEST_STEP][PASSED] - println(sub_total): null

2023-10-05 11:24:29 - [TEST_STEP][PASSED] - Total = getText(findTestObject("verifikasi/Total checkout")): Text of object 'Object Repository/verifikasi/Total checkout' is: 'Rp 7,799'

2023-10-05 11:24:29 - [MESSAGE][PASSED] - Text of object 'Object Repository/verifikasi/Total checkout' is: 'Rp 7,799'

2023-10-05 11:24:29 - [TEST_STEP][PASSED] - totall = Total.substring(3, Total.size()): null

2023-10-05 11:24:29 - [TEST_STEP][PASSED] - total = totall.replace(",", "."): null

2023-10-05 11:24:29 - [TEST_STEP][PASSED] - totall = Double.parseDouble(total): null

2023-10-05 11:24:29 - [TEST_STEP][PASSED] - println(totall): null

2023-10-05 11:24:29 - [TEST_STEP][PASSED] - Total_Harga = Ongkos_kirim + fee_admin + sub_total: null

2023-10-05 11:24:29 - [TEST_STEP][PASSED] - println(Total_Harga): null

2023-10-05 11:24:29 - [TEST_STEP][PASSED] - TotalHarga = Math.round(Total_Harga * 1000) / 1000: null

2023-10-05 11:24:29 - [TEST_STEP][PASSED] - println(TotalHarga): null

2023-10-05 11:24:29 - [TEST_STEP][PASSED] - assert totall == TotalHarga: null

2023-10-05 11:24:29 - [TEST_STEP][PASSED] - click(findTestObject("verifikasi/Metode Transfer")): Object: 'Object Repository/verifikasi/Metode Transfer' is clicked on

2023-10-05 11:24:29 - [MESSAGE][PASSED] - Object: 'Object Repository/verifikasi/Metode Transfer' is clicked on

2023-10-05 11:24:29 - [TEST_STEP][PASSED] - click(findTestObject("checkout/button_Proses Pembayaran")): Object: 'Object Repository/checkout/button_Proses Pembayaran' is clicked on

2023-10-05 11:24:40 - [MESSAGE][PASSED] - Object: 'Object Repository/checkout/button_Proses Pembayaran' is clicked on

2023-10-05 11:24:40 - [TEST_STEP][PASSED] - verifyElementPresent(findTestObject("pembayaran/Tittle nomor invoice"), 0): Object 'Object Repository/pembayaran/Tittle nomor invoice' is present

2023-10-05 11:24:40 - [MESSAGE][WARNING] - Timeout '0' is invalid. Using default page load timeout: '30'

2023-10-05 11:24:41 - [MESSAGE][PASSED] - Object 'Object Repository/pembayaran/Tittle nomor invoice' is present

2023-10-05 11:24:41 - [TEST_STEP][PASSED] - return data: null

2023-10-05 11:24:41 - [MESSAGE][PASSED] - Call Test Case 'Test Cases/T13 Pembelian, Shipment dan Pembayaran/PBL-004' successfully

2023-10-05 11:24:41 - [TEST_STEP][PASSED] - Invoice = getText(findTestObject("pembayaran/nomor invoice")): Text of object 'Object Repository/pembayaran/nomor invoice' is: 'TRX60.20231005112433'

2023-10-05 11:24:41 - [MESSAGE][PASSED] - Text of object 'Object Repository/pembayaran/nomor invoice' is: 'TRX60.20231005112433'

2023-10-05 11:24:41 - [TEST_STEP][PASSED] - data.put("invoice", Invoice): null

2023-10-05 11:24:41 - [TEST_STEP][PASSED] - NamaPemesan = getText(findTestObject("Konfirmasi pesanan shop/Nama pemesan")): Text of object 'Object Repository/Konfirmasi pesanan shop/Nama pemesan' is: 'irfan.afandi'

2023-10-05 11:24:42 - [MESSAGE][PASSED] - Text of object 'Object Repository/Konfirmasi pesanan shop/Nama pemesan' is: 'irfan.afandi'

2023-10-05 11:24:42 - [TEST_STEP][PASSED] - Nama = getText(findTestObject("pembayaran/Nama barang")): Text of object 'Object Repository/pembayaran/Nama barang' is: 'Segitiga Instan Madeira - MDB5.3 Sunset'

2023-10-05 11:24:42 - [MESSAGE][PASSED] - Text of object 'Object Repository/pembayaran/Nama barang' is: 'Segitiga Instan Madeira - MDB5.3 Sunset'

2023-10-05 11:24:42 - [TEST_STEP][PASSED] - Harga = getText(findTestObject("pembayaran/Harga barang")): Text of object 'Object Repository/pembayaran/Harga barang' is: '1,299'

2023-10-05 11:24:43 - [MESSAGE][PASSED] - Text of object 'Object Repository/pembayaran/Harga barang' is: '1,299'

2023-10-05 11:24:43 - [TEST_STEP][PASSED] - name_product = data.get("nama_barang"): null

2023-10-05 11:24:43 - [TEST_STEP][PASSED] - price_product = data.get("price_barang"): null

2023-10-05 11:24:43 - [TEST_STEP][PASSED] - assert name_product.contains(Nama): null

2023-10-05 11:24:43 - [TEST_STEP][PASSED] - assert price_product.contains(Harga): null

2023-10-05 11:24:43 - [TEST_STEP][PASSED] - warnaa = getText(findTestObject("pembayaran/warna")): Text of object 'Object Repository/pembayaran/warna' is: 'Merah'

2023-10-05 11:24:43 - [MESSAGE][PASSED] - Text of object 'Object Repository/pembayaran/warna' is: 'Merah'

2023-10-05 11:24:43 - [TEST_STEP][PASSED] - ukurann = getText(findTestObject("pembayaran/ukuran")): Text of object 'Object Repository/pembayaran/ukuran' is: 'Menengah'

2023-10-05 11:24:44 - [MESSAGE][PASSED] - Text of object 'Object Repository/pembayaran/ukuran' is: 'Menengah'

2023-10-05 11:24:44 - [TEST_STEP][PASSED] - warna1 = data.get("Warna"): null

2023-10-05 11:24:44 - [TEST_STEP][PASSED] - ukuran1 = data.get("Ukuran"): null

2023-10-05 11:24:44 - [TEST_STEP][PASSED] - assert warnaa == warna1: null

2023-10-05 11:24:44 - [TEST_STEP][PASSED] - assert ukurann == ukuran1: null

2023-10-05 11:24:44 - [TEST_STEP][PASSED] - statusPembelian = getText(findTestObject("verifikasi/Status pending di pembelian")): Text of object 'Object Repository/verifikasi/Status pending di pembelian' is: 'Pending'

2023-10-05 11:24:44 - [MESSAGE][PASSED] - Text of object 'Object Repository/verifikasi/Status pending di pembelian' is: 'Pending'

2023-10-05 11:24:44 - [TEST_STEP][PASSED] - data.put("statusPem", statusPembelian): null

2023-10-05 11:24:44 - [TEST_STEP][PASSED] - OngkosKirim = getText(findTestObject("pembayaran/ongkos kirim")): Text of object 'Object Repository/pembayaran/ongkos kirim' is: 'Rp 5,000'

2023-10-05 11:24:45 - [MESSAGE][PASSED] - Text of object 'Object Repository/pembayaran/ongkos kirim' is: 'Rp 5,000'

2023-10-05 11:24:45 - [TEST_STEP][PASSED] - Ongkos = OngkosKirim.substring(3, OngkosKirim.size()): null

2023-10-05 11:24:45 - [TEST_STEP][PASSED] - rep = Ongkos.replace(",", ""): null

2023-10-05 11:24:45 - [TEST_STEP][PASSED] - Ongkos_kirimm = Integer.parseInt(rep): null

2023-10-05 11:24:45 - [TEST_STEP][PASSED] - println(Ongkos_kirimm): null

2023-10-05 11:24:45 - [TEST_STEP][PASSED] - FeeAdmin = getText(findTestObject("pembayaran/fee admin")): Text of object 'Object Repository/pembayaran/fee admin' is: 'Rp 1,500'

2023-10-05 11:24:45 - [MESSAGE][PASSED] - Text of object 'Object Repository/pembayaran/fee admin' is: 'Rp 1,500'

2023-10-05 11:24:45 - [TEST_STEP][PASSED] - Fee_Admin = FeeAdmin.substring(3, FeeAdmin.size()): null

2023-10-05 11:24:45 - [TEST_STEP][PASSED] - fee = Fee_Admin.replace(",", ""): null

2023-10-05 11:24:45 - [TEST_STEP][PASSED] - fee_adminn = Integer.parseInt(fee): null

2023-10-05 11:24:45 - [TEST_STEP][PASSED] - println(fee_adminn): null

2023-10-05 11:24:45 - [TEST_STEP][PASSED] - Subtotal = getText(findTestObject("pembayaran/subtotal")): Text of object 'Object Repository/pembayaran/subtotal' is: 'Rp 1,299'

2023-10-05 11:24:46 - [MESSAGE][PASSED] - Text of object 'Object Repository/pembayaran/subtotal' is: 'Rp 1,299'

2023-10-05 11:24:46 - [TEST_STEP][PASSED] - sub_total = Subtotal.substring(3, Subtotal.size()): null

2023-10-05 11:24:46 - [TEST_STEP][PASSED] - sub = sub_total.replace(",", ""): null

2023-10-05 11:24:46 - [TEST_STEP][PASSED] - sub_totall = Integer.parseInt(sub): null

2023-10-05 11:24:46 - [TEST_STEP][PASSED] - println(sub_totall): null

2023-10-05 11:24:46 - [TEST_STEP][PASSED] - unik = getText(findTestObject("pembayaran/kode unik")): Text of object 'Object Repository/pembayaran/kode unik' is: '+433'

2023-10-05 11:24:46 - [MESSAGE][PASSED] - Text of object 'Object Repository/pembayaran/kode unik' is: '+433'

2023-10-05 11:24:46 - [TEST_STEP][PASSED] - unikk = unik.replace("+", ""): null

2023-10-05 11:24:46 - [TEST_STEP][PASSED] - kode_unik = Integer.parseInt(unikk): null

2023-10-05 11:24:46 - [TEST_STEP][PASSED] - println(kode_unik): null

2023-10-05 11:24:46 - [TEST_STEP][PASSED] - Total = getText(findTestObject("pembayaran/total")): Text of object 'Object Repository/pembayaran/total' is: '8,232'

2023-10-05 11:24:47 - [MESSAGE][PASSED] - Text of object 'Object Repository/pembayaran/total' is: '8,232'

2023-10-05 11:24:47 - [TEST_STEP][PASSED] - total = Total.replace(",", ""): null

2023-10-05 11:24:47 - [TEST_STEP][PASSED] - totalll = Integer.parseInt(total): null

2023-10-05 11:24:47 - [TEST_STEP][PASSED] - println(totalll): null

2023-10-05 11:24:47 - [TEST_STEP][PASSED] - Total_Hargaa = Ongkos_kirimm + fee_adminn + sub_totall + kode_unik: null

2023-10-05 11:24:47 - [TEST_STEP][PASSED] - println(Total_Hargaa): null

2023-10-05 11:24:47 - [TEST_STEP][PASSED] - assert totalll == Total_Hargaa: null

2023-10-05 11:24:47 - [TEST_STEP][PASSED] - data.put("total", Total): null

2023-10-05 11:24:47 - [TEST_STEP][PASSED] - data.put("nama", NamaPemesan): null

2023-10-05 11:24:47 - [TEST_STEP][PASSED] - return data: null

2023-10-05 11:24:47 - [MESSAGE][PASSED] - Call Test Case 'Test Cases/T13 Pembelian, Shipment dan Pembayaran/PBY-001' successfully

2023-10-05 11:24:47 - [TEST_STEP][PASSED] - inv = data.get("invoice"): null

2023-10-05 11:24:47 - [TEST_STEP][PASSED] - Total = data.get("total"): null

2023-10-05 11:24:47 - [TEST_STEP][PASSED] - NamaPemesan = data.get("nama"): null

2023-10-05 11:24:47 - [TEST_STEP][PASSED] - click(findTestObject("Konfirmasi pesanan shop/Menu Shop")): Object: 'Object Repository/Konfirmasi pesanan shop/Menu Shop' is clicked on

2023-10-05 11:24:49 - [MESSAGE][PASSED] - Object: 'Object Repository/Konfirmasi pesanan shop/Menu Shop' is clicked on

2023-10-05 11:24:49 - [TEST_STEP][PASSED] - click(findTestObject("Konfirmasi pesanan shop/Menu Shop")): Object: 'Object Repository/Konfirmasi pesanan shop/Menu Shop' is clicked on

2023-10-05 11:24:50 - [MESSAGE][PASSED] - Object: 'Object Repository/Konfirmasi pesanan shop/Menu Shop' is clicked on

2023-10-05 11:24:50 - [TEST_STEP][PASSED] - click(findTestObject("Konfirmasi pesanan shop/Konfirmasi Orders")): Object: 'Object Repository/Konfirmasi pesanan shop/Konfirmasi Orders' is clicked on

2023-10-05 11:24:51 - [MESSAGE][PASSED] - Object: 'Object Repository/Konfirmasi pesanan shop/Konfirmasi Orders' is clicked on

2023-10-05 11:24:51 - [TEST_STEP][PASSED] - verifyElementPresent(findTestObject("Konfirmasi pesanan shop/Tittle Konfirmasi Pesanan"), 0): Object 'Object Repository/Konfirmasi pesanan shop/Tittle Konfirmasi Pesanan' is present

2023-10-05 11:24:51 - [MESSAGE][WARNING] - Timeout '0' is invalid. Using default page load timeout: '30'

2023-10-05 11:24:52 - [MESSAGE][PASSED] - Object 'Object Repository/Konfirmasi pesanan shop/Tittle Konfirmasi Pesanan' is present

2023-10-05 11:24:52 - [TEST_STEP][PASSED] - setText(findTestObject("Konfirmasi pesanan shop/input_No Pesanan"), inv): Text 'TRX60.20231005112433' is set on object 'Object Repository/Konfirmasi pesanan shop/input_No Pesanan'

2023-10-05 11:24:52 - [MESSAGE][PASSED] - Text 'TRX60.20231005112433' is set on object 'Object Repository/Konfirmasi pesanan shop/input_No Pesanan'

2023-10-05 11:24:52 - [TEST_STEP][PASSED] - setText(findTestObject("Konfirmasi pesanan shop/input_Alamat E-mai"), "irfan@gmail.com"): Text 'irfan@gmail.com' is set on object 'Object Repository/Konfirmasi pesanan shop/input_Alamat E-mai'

2023-10-05 11:24:53 - [MESSAGE][PASSED] - Text 'irfan@gmail.com' is set on object 'Object Repository/Konfirmasi pesanan shop/input_Alamat E-mai'

2023-10-05 11:24:53 - [TEST_STEP][PASSED] - click(findTestObject("Konfirmasi pesanan shop/button_Submit")): Object: 'Object Repository/Konfirmasi pesanan shop/button_Submit' is clicked on

2023-10-05 11:24:54 - [MESSAGE][PASSED] - Object: 'Object Repository/Konfirmasi pesanan shop/button_Submit' is clicked on

2023-10-05 11:24:54 - [TEST_STEP][PASSED] - verifyElementPresent(findTestObject("Konfirmasi pesanan shop/Tittle nomor invoice"), 0): Object 'Object Repository/Konfirmasi pesanan shop/Tittle nomor invoice' is present

2023-10-05 11:24:54 - [MESSAGE][WARNING] - Timeout '0' is invalid. Using default page load timeout: '30'

2023-10-05 11:24:55 - [MESSAGE][PASSED] - Object 'Object Repository/Konfirmasi pesanan shop/Tittle nomor invoice' is present

2023-10-05 11:24:55 - [TEST_STEP][PASSED] - setText(findTestObject("Konfirmasi pesanan shop/input_Total TagihanTransfer_b"), Total): Text '8,232' is set on object 'Object Repository/Konfirmasi pesanan shop/input_Total TagihanTransfer_b'

2023-10-05 11:24:56 - [MESSAGE][PASSED] - Text '8,232' is set on object 'Object Repository/Konfirmasi pesanan shop/input_Total TagihanTransfer_b'

2023-10-05 11:24:56 - [TEST_STEP][PASSED] - selectOptionByValue(findTestObject("Konfirmasi pesanan shop/select_Bank"), "4", false): All options with value '4' are selected in object 'Object Repository/Konfirmasi pesanan shop/select_Bank' 

2023-10-05 11:24:57 - [MESSAGE][PASSED] - All options with value '4' are selected in object 'Object Repository/Konfirmasi pesanan shop/select_Bank' 

2023-10-05 11:24:57 - [TEST_STEP][PASSED] - setText(findTestObject("Konfirmasi pesanan shop/input_Nama Pengirim_d"), NamaPemesan): Text 'irfan.afandi' is set on object 'Object Repository/Konfirmasi pesanan shop/input_Nama Pengirim_d'

2023-10-05 11:24:57 - [MESSAGE][PASSED] - Text 'irfan.afandi' is set on object 'Object Repository/Konfirmasi pesanan shop/input_Nama Pengirim_d'

2023-10-05 11:24:57 - [TEST_STEP][PASSED] - uploadFile(findTestObject("keranjang/konfirmasi/input_Upload Bukti Transfer_f"), "C:\Users\IRFAN\Downloads\Berkas2.pdf"): File 'C:\Users\IRFAN\Downloads\Berkas2.pdf' sent to object: 'Object Repository/keranjang/konfirmasi/input_Upload Bukti Transfer_f'

2023-10-05 11:24:58 - [MESSAGE][PASSED] - File 'C:\Users\IRFAN\Downloads\Berkas2.pdf' sent to object: 'Object Repository/keranjang/konfirmasi/input_Upload Bukti Transfer_f'

2023-10-05 11:24:58 - [TEST_STEP][PASSED] - click(findTestObject("Konfirmasi pesanan shop/button_Konfirmasi Pembayaran")): Object: 'Object Repository/Konfirmasi pesanan shop/button_Konfirmasi Pembayaran' is clicked on

2023-10-05 11:24:59 - [MESSAGE][PASSED] - Object: 'Object Repository/Konfirmasi pesanan shop/button_Konfirmasi Pembayaran' is clicked on

2023-10-05 11:24:59 - [TEST_STEP][PASSED] - verifyElementPresent(findTestObject("Konfirmasi pesanan shop/Tittle Konfirmasi Pesanan"), 0): Object 'Object Repository/Konfirmasi pesanan shop/Tittle Konfirmasi Pesanan' is present

2023-10-05 11:24:59 - [MESSAGE][WARNING] - Timeout '0' is invalid. Using default page load timeout: '30'

2023-10-05 11:25:00 - [MESSAGE][PASSED] - Object 'Object Repository/Konfirmasi pesanan shop/Tittle Konfirmasi Pesanan' is present

2023-10-05 11:25:00 - [TEST_STEP][PASSED] - verifyElementPresent(findTestObject("Konfirmasi pesanan shop/Tittle massage succes Konfirmasi Pembayaran Pesanan"), 0): Object 'Object Repository/Konfirmasi pesanan shop/Tittle massage succes Konfirmasi Pembayaran Pesanan' is present

2023-10-05 11:25:00 - [MESSAGE][WARNING] - Timeout '0' is invalid. Using default page load timeout: '30'

2023-10-05 11:25:00 - [MESSAGE][PASSED] - Object 'Object Repository/Konfirmasi pesanan shop/Tittle massage succes Konfirmasi Pembayaran Pesanan' is present

2023-10-05 11:25:00 - [TEST_STEP][PASSED] - return data: null

2023-10-05 11:25:00 - [MESSAGE][PASSED] - Call Test Case 'Test Cases/T13 Pembelian, Shipment dan Pembayaran/PBY-004' successfully

2023-10-05 11:25:00 - [TEST_STEP][PASSED] - navigateToUrl("https://10.9.2.63/ecommerce/administrator/"): Navigate to 'https://10.9.2.63/ecommerce/administrator/' successfully

2023-10-05 11:25:01 - [MESSAGE][PASSED] - Navigate to 'https://10.9.2.63/ecommerce/administrator/' successfully

2023-10-05 11:25:01 - [TEST_STEP][PASSED] - verifyElementPresent(findTestObject("admin/Tittle ADMIN Login"), 0): Object 'Object Repository/admin/Tittle ADMIN Login' is present

2023-10-05 11:25:01 - [MESSAGE][WARNING] - Timeout '0' is invalid. Using default page load timeout: '30'

2023-10-05 11:25:02 - [MESSAGE][PASSED] - Object 'Object Repository/admin/Tittle ADMIN Login' is present

2023-10-05 11:25:02 - [TEST_STEP][PASSED] - setText(findTestObject("admin/Username"), "admin"): Text 'admin' is set on object 'Object Repository/admin/Username'

2023-10-05 11:25:02 - [MESSAGE][PASSED] - Text 'admin' is set on object 'Object Repository/admin/Username'

2023-10-05 11:25:02 - [TEST_STEP][PASSED] - setText(findTestObject("admin/Password"), "123admin123"): Text '123admin123' is set on object 'Object Repository/admin/Password'

2023-10-05 11:25:03 - [MESSAGE][PASSED] - Text '123admin123' is set on object 'Object Repository/admin/Password'

2023-10-05 11:25:03 - [TEST_STEP][PASSED] - click(findTestObject("admin/Remember Me")): Object: 'Object Repository/admin/Remember Me' is clicked on

2023-10-05 11:25:04 - [MESSAGE][PASSED] - Object: 'Object Repository/admin/Remember Me' is clicked on

2023-10-05 11:25:04 - [TEST_STEP][PASSED] - delay(10): Delayed 10 second(s)

2023-10-05 11:25:14 - [MESSAGE][PASSED] - Delayed 10 second(s)

2023-10-05 11:25:14 - [TEST_STEP][PASSED] - click(findTestObject("admin/buttom submit")): Object: 'Object Repository/admin/buttom submit' is clicked on

2023-10-05 11:25:16 - [MESSAGE][PASSED] - Object: 'Object Repository/admin/buttom submit' is clicked on

2023-10-05 11:25:16 - [TEST_STEP][PASSED] - verifyElementPresent(findTestObject("admin/Konf order konsumen/Tittle Dashboard"), 0): Object 'Object Repository/admin/Konf order konsumen/Tittle Dashboard' is present

2023-10-05 11:25:16 - [MESSAGE][WARNING] - Timeout '0' is invalid. Using default page load timeout: '30'

2023-10-05 11:25:16 - [MESSAGE][PASSED] - Object 'Object Repository/admin/Konf order konsumen/Tittle Dashboard' is present

2023-10-05 11:25:16 - [TEST_STEP][PASSED] - click(findTestObject("admin/Konf order konsumen/Menu Transaksi Market")): Object: 'Object Repository/admin/Konf order konsumen/Menu Transaksi Market' is clicked on

2023-10-05 11:25:16 - [MESSAGE][PASSED] - Object: 'Object Repository/admin/Konf order konsumen/Menu Transaksi Market' is clicked on

2023-10-05 11:25:16 - [TEST_STEP][PASSED] - click(findTestObject("admin/Konf order konsumen/Menu Konf. Order Konsumen")): Object: 'Object Repository/admin/Konf order konsumen/Menu Konf. Order Konsumen' is clicked on

2023-10-05 11:25:18 - [MESSAGE][PASSED] - Object: 'Object Repository/admin/Konf order konsumen/Menu Konf. Order Konsumen' is clicked on

2023-10-05 11:25:18 - [TEST_STEP][PASSED] - verifyElementPresent(findTestObject("admin/Konf order konsumen/Tittle Data Konfirmasi Pembayaran Konsumen"), 0): Object 'Object Repository/admin/Konf order konsumen/Tittle Data Konfirmasi Pembayaran Konsumen' is present

2023-10-05 11:25:18 - [MESSAGE][WARNING] - Timeout '0' is invalid. Using default page load timeout: '30'

2023-10-05 11:25:18 - [MESSAGE][PASSED] - Object 'Object Repository/admin/Konf order konsumen/Tittle Data Konfirmasi Pembayaran Konsumen' is present

2023-10-05 11:25:18 - [TEST_STEP][PASSED] - inv = data.get("invoice"): null

2023-10-05 11:25:18 - [TEST_STEP][PASSED] - setText(findTestObject("admin/Konf order konsumen/Search"), inv): Text 'TRX60.20231005112433' is set on object 'Object Repository/admin/Konf order konsumen/Search'

2023-10-05 11:25:20 - [MESSAGE][PASSED] - Text 'TRX60.20231005112433' is set on object 'Object Repository/admin/Konf order konsumen/Search'

2023-10-05 11:25:20 - [TEST_STEP][PASSED] - verifyElementText(findTestObject("admin/Konf order konsumen/Keterangan Lunas"), "Lunas"): Actual text and expected text of test object 'Object Repository/admin/Konf order konsumen/Keterangan Lunas' are matched.

2023-10-05 11:25:20 - [MESSAGE][PASSED] - Actual text and expected text of test object 'Object Repository/admin/Konf order konsumen/Keterangan Lunas' are matched.

2023-10-05 11:25:20 - [TEST_STEP][PASSED] - return data: null

2023-10-05 11:25:20 - [MESSAGE][PASSED] - Call Test Case 'Test Cases/T13 Pembelian, Shipment dan Pembayaran/PBYA-001' successfully

2023-10-05 11:25:20 - [TEST_STEP][PASSED] - click(findTestObject("admin/Penjualan ke konsumen/buttom Dashboard")): Object: 'Object Repository/admin/Penjualan ke konsumen/buttom Dashboard' is clicked on

2023-10-05 11:25:21 - [MESSAGE][PASSED] - Object: 'Object Repository/admin/Penjualan ke konsumen/buttom Dashboard' is clicked on

2023-10-05 11:25:21 - [TEST_STEP][PASSED] - click(findTestObject("admin/Konf order konsumen/Menu Transaksi Market")): Object: 'Object Repository/admin/Konf order konsumen/Menu Transaksi Market' is clicked on

2023-10-05 11:25:22 - [MESSAGE][PASSED] - Object: 'Object Repository/admin/Konf order konsumen/Menu Transaksi Market' is clicked on

2023-10-05 11:25:22 - [TEST_STEP][PASSED] - click(findTestObject("admin/Penjualan ke konsumen/a_Penjualan ke Konsumen")): Object: 'Object Repository/admin/Penjualan ke konsumen/a_Penjualan ke Konsumen' is clicked on

2023-10-05 11:25:25 - [MESSAGE][PASSED] - Object: 'Object Repository/admin/Penjualan ke konsumen/a_Penjualan ke Konsumen' is clicked on

2023-10-05 11:25:25 - [TEST_STEP][PASSED] - verifyElementPresent(findTestObject("admin/Tittle Data Transaksi Penjualan  Orderan Konsumen"), 0): Object 'Object Repository/admin/Tittle Data Transaksi Penjualan  Orderan Konsumen' is present

2023-10-05 11:25:25 - [MESSAGE][WARNING] - Timeout '0' is invalid. Using default page load timeout: '30'

2023-10-05 11:25:26 - [MESSAGE][PASSED] - Object 'Object Repository/admin/Tittle Data Transaksi Penjualan  Orderan Konsumen' is present

2023-10-05 11:25:26 - [TEST_STEP][PASSED] - return data: null

2023-10-05 11:25:26 - [MESSAGE][PASSED] - Call Test Case 'Test Cases/T13 Pembelian, Shipment dan Pembayaran/SA-001' successfully

2023-10-05 11:25:26 - [TEST_STEP][PASSED] - inv = data.get("invoice"): null

2023-10-05 11:25:26 - [TEST_STEP][PASSED] - setText(findTestObject("admin/Penjualan ke konsumen/Search"), inv): Text 'TRX60.20231005112433' is set on object 'Object Repository/admin/Penjualan ke konsumen/Search'

2023-10-05 11:25:27 - [MESSAGE][PASSED] - Text 'TRX60.20231005112433' is set on object 'Object Repository/admin/Penjualan ke konsumen/Search'

2023-10-05 11:25:27 - [TEST_STEP][PASSED] - click(findTestObject("admin/Penjualan ke konsumen/buttom konfirmasi pending payment")): Object: 'Object Repository/admin/Penjualan ke konsumen/buttom konfirmasi pending payment' is clicked on

2023-10-05 11:25:27 - [MESSAGE][PASSED] - Object: 'Object Repository/admin/Penjualan ke konsumen/buttom konfirmasi pending payment' is clicked on

2023-10-05 11:25:27 - [TEST_STEP][PASSED] - acceptAlert(STOP_ON_FAILURE): Alert accepted

2023-10-05 11:25:27 - [MESSAGE][PASSED] - Alert accepted

2023-10-05 11:25:27 - [TEST_STEP][PASSED] - setText(findTestObject("admin/Penjualan ke konsumen/Search"), inv): Text 'TRX60.20231005112433' is set on object 'Object Repository/admin/Penjualan ke konsumen/Search'

2023-10-05 11:25:38 - [MESSAGE][PASSED] - Text 'TRX60.20231005112433' is set on object 'Object Repository/admin/Penjualan ke konsumen/Search'

2023-10-05 11:25:38 - [TEST_STEP][PASSED] - verifyTextNotPresent("pending payment", false): Text 'pending payment' is not present on page

2023-10-05 11:25:38 - [MESSAGE][PASSED] - Text 'pending payment' is not present on page

2023-10-05 11:25:38 - [TEST_STEP][PASSED] - return data: null

2023-10-05 11:25:38 - [MESSAGE][PASSED] - Call Test Case 'Test Cases/T13 Pembelian, Shipment dan Pembayaran/SA-002' successfully

2023-10-05 11:25:38 - [TEST_STEP][PASSED] - click(findTestObject("admin/Penjualan ke konsumen/buttom scroldown")): Object: 'Object Repository/admin/Penjualan ke konsumen/buttom scroldown' is clicked on

2023-10-05 11:25:39 - [MESSAGE][PASSED] - Object: 'Object Repository/admin/Penjualan ke konsumen/buttom scroldown' is clicked on

2023-10-05 11:25:39 - [TEST_STEP][PASSED] - click(findTestObject("admin/Penjualan ke konsumen/Proses")): Object: 'Object Repository/admin/Penjualan ke konsumen/Proses' is clicked on

2023-10-05 11:25:39 - [MESSAGE][PASSED] - Object: 'Object Repository/admin/Penjualan ke konsumen/Proses' is clicked on

2023-10-05 11:25:39 - [TEST_STEP][PASSED] - acceptAlert(): Alert accepted

2023-10-05 11:25:39 - [MESSAGE][PASSED] - Alert accepted

2023-10-05 11:25:39 - [TEST_STEP][PASSED] - inv = data.get("invoice"): null

2023-10-05 11:25:39 - [TEST_STEP][PASSED] - setText(findTestObject("admin/Penjualan ke konsumen/Search"), inv): Text 'TRX60.20231005112433' is set on object 'Object Repository/admin/Penjualan ke konsumen/Search'

2023-10-05 11:25:53 - [MESSAGE][PASSED] - Text 'TRX60.20231005112433' is set on object 'Object Repository/admin/Penjualan ke konsumen/Search'

2023-10-05 11:25:53 - [TEST_STEP][PASSED] - verifyElementText(findTestObject("PROSES PENJUALAN/Proses"), "Proses"): Actual text and expected text of test object 'Object Repository/PROSES PENJUALAN/Proses' are matched.

2023-10-05 11:25:54 - [MESSAGE][PASSED] - Actual text and expected text of test object 'Object Repository/PROSES PENJUALAN/Proses' are matched.

2023-10-05 11:25:54 - [TEST_STEP][PASSED] - prosesadmin = getText(findTestObject("PROSES PENJUALAN/Proses")): Text of object 'Object Repository/PROSES PENJUALAN/Proses' is: 'Proses'

2023-10-05 11:25:54 - [MESSAGE][PASSED] - Text of object 'Object Repository/PROSES PENJUALAN/Proses' is: 'Proses'

2023-10-05 11:25:54 - [TEST_STEP][PASSED] - data.put("statusAdmin", prosesadmin): null

2023-10-05 11:25:54 - [TEST_STEP][PASSED] - return data: null

2023-10-05 11:25:54 - [MESSAGE][PASSED] - Call Test Case 'Test Cases/T13 Pembelian, Shipment dan Pembayaran/SA-003' successfully

2023-10-05 11:25:54 - [TEST_STEP][PASSED] - openBrowser("https://10.9.2.63/ecommerce/"): Browser is opened with url: 'https://10.9.2.63/ecommerce/'

2023-10-05 11:25:54 - [MESSAGE][WARNING] - A browser is already opened. Closing browser and opening a new one

2023-10-05 11:25:55 - [MESSAGE][INFO] - Starting 'Edge Chromium' driver

2023-10-05 11:25:55 - [MESSAGE][INFO] - User set preference: ['acceptInsecureCerts', 'true']

2023-10-05 11:25:57 - [MESSAGE][INFO] - Action delay is set to 0 milliseconds

2023-10-05 11:26:03 - [MESSAGE][PASSED] - Browser is opened with url: 'https://10.9.2.63/ecommerce/'

2023-10-05 11:26:03 - [TEST_STEP][PASSED] - maximizeWindow(): Current window maximized

2023-10-05 11:26:03 - [MESSAGE][PASSED] - Current window maximized

2023-10-05 11:26:03 - [TEST_STEP][PASSED] - verifyElementPresent(findTestObject("Login/Home"), 0): Object 'Object Repository/Login/Home' is present

2023-10-05 11:26:03 - [MESSAGE][WARNING] - Timeout '0' is invalid. Using default page load timeout: '30'

2023-10-05 11:26:04 - [MESSAGE][PASSED] - Object 'Object Repository/Login/Home' is present

2023-10-05 11:26:04 - [TEST_STEP][PASSED] - click(findTestObject("Login/a_Login")): Object: 'Object Repository/Login/a_Login' is clicked on

2023-10-05 11:26:04 - [MESSAGE][PASSED] - Object: 'Object Repository/Login/a_Login' is clicked on

2023-10-05 11:26:04 - [TEST_STEP][PASSED] - verifyElementPresent(findTestObject("Login/Tittle Login"), 0): Object 'Object Repository/Login/Tittle Login' is present

2023-10-05 11:26:04 - [MESSAGE][WARNING] - Timeout '0' is invalid. Using default page load timeout: '30'

2023-10-05 11:26:05 - [MESSAGE][PASSED] - Object 'Object Repository/Login/Tittle Login' is present

2023-10-05 11:26:05 - [TEST_STEP][PASSED] - setText(findTestObject("Login/input_Username, Email atau No. Handphone_a"), "irfanafandi"): Text 'irfanafandi' is set on object 'Object Repository/Login/input_Username, Email atau No. Handphone_a'

2023-10-05 11:26:06 - [MESSAGE][PASSED] - Text 'irfanafandi' is set on object 'Object Repository/Login/input_Username, Email atau No. Handphone_a'

2023-10-05 11:26:06 - [TEST_STEP][PASSED] - setText(findTestObject("Login/input_Password_b"), "12345irfan"): Text '12345irfan' is set on object 'Object Repository/Login/input_Password_b'

2023-10-05 11:26:07 - [MESSAGE][PASSED] - Text '12345irfan' is set on object 'Object Repository/Login/input_Password_b'

2023-10-05 11:26:07 - [TEST_STEP][PASSED] - click(findTestObject("Login/button_Masuk")): Object: 'Object Repository/Login/button_Masuk' is clicked on

2023-10-05 11:26:09 - [MESSAGE][PASSED] - Object: 'Object Repository/Login/button_Masuk' is clicked on

2023-10-05 11:26:09 - [TEST_STEP][PASSED] - verifyElementPresent(findTestObject("Login/li_Profile"), 0): Object 'Object Repository/Login/li_Profile' is present

2023-10-05 11:26:09 - [MESSAGE][WARNING] - Timeout '0' is invalid. Using default page load timeout: '30'

2023-10-05 11:26:10 - [MESSAGE][PASSED] - Object 'Object Repository/Login/li_Profile' is present

2023-10-05 11:26:10 - [TEST_STEP][PASSED] - click(findTestObject("Konfirmasi pesanan shop/Menu Shop")): Object: 'Object Repository/Konfirmasi pesanan shop/Menu Shop' is clicked on

2023-10-05 11:26:12 - [MESSAGE][PASSED] - Object: 'Object Repository/Konfirmasi pesanan shop/Menu Shop' is clicked on

2023-10-05 11:26:12 - [TEST_STEP][PASSED] - click(findTestObject("Konfirmasi pesanan shop/Menu Shop")): Object: 'Object Repository/Konfirmasi pesanan shop/Menu Shop' is clicked on

2023-10-05 11:26:13 - [MESSAGE][PASSED] - Object: 'Object Repository/Konfirmasi pesanan shop/Menu Shop' is clicked on

2023-10-05 11:26:13 - [TEST_STEP][PASSED] - click(findTestObject("Traking Order/a_Tracking Orders")): Object: 'Object Repository/Traking Order/a_Tracking Orders' is clicked on

2023-10-05 11:26:14 - [MESSAGE][PASSED] - Object: 'Object Repository/Traking Order/a_Tracking Orders' is clicked on

2023-10-05 11:26:14 - [TEST_STEP][PASSED] - verifyElementPresent(findTestObject("Traking Order/Tittle Tracking Order"), 0): Object 'Object Repository/Traking Order/Tittle Tracking Order' is present

2023-10-05 11:26:14 - [MESSAGE][WARNING] - Timeout '0' is invalid. Using default page load timeout: '30'

2023-10-05 11:26:14 - [MESSAGE][PASSED] - Object 'Object Repository/Traking Order/Tittle Tracking Order' is present

2023-10-05 11:26:14 - [TEST_STEP][PASSED] - inv = data.get("invoice"): null

2023-10-05 11:26:14 - [TEST_STEP][PASSED] - setText(findTestObject("Traking Order/input_No Pesanan_a"), inv): Text 'TRX60.20231005112433' is set on object 'Object Repository/Traking Order/input_No Pesanan_a'

2023-10-05 11:26:15 - [MESSAGE][PASSED] - Text 'TRX60.20231005112433' is set on object 'Object Repository/Traking Order/input_No Pesanan_a'

2023-10-05 11:26:15 - [TEST_STEP][PASSED] - setText(findTestObject("Traking Order/input_Alamat E-mail_form-control"), "irfan@gmail.com"): Text 'irfan@gmail.com' is set on object 'Object Repository/Traking Order/input_Alamat E-mail_form-control'

2023-10-05 11:26:16 - [MESSAGE][PASSED] - Text 'irfan@gmail.com' is set on object 'Object Repository/Traking Order/input_Alamat E-mail_form-control'

2023-10-05 11:26:16 - [TEST_STEP][PASSED] - click(findTestObject("Traking Order/button_Lacak Pesanan")): Object: 'Object Repository/Traking Order/button_Lacak Pesanan' is clicked on

2023-10-05 11:26:20 - [MESSAGE][PASSED] - Object: 'Object Repository/Traking Order/button_Lacak Pesanan' is clicked on

2023-10-05 11:26:20 - [TEST_STEP][PASSED] - verifyElementPresent(findTestObject("Traking Order/Tittle nomor transaksi"), 0): Object 'Object Repository/Traking Order/Tittle nomor transaksi' is present

2023-10-05 11:26:20 - [MESSAGE][WARNING] - Timeout '0' is invalid. Using default page load timeout: '30'

2023-10-05 11:26:21 - [MESSAGE][PASSED] - Object 'Object Repository/Traking Order/Tittle nomor transaksi' is present

2023-10-05 11:26:21 - [TEST_STEP][PASSED] - Nama = getText(findTestObject("Object Repository/Traking Order/status traking/Nama Barang tracking order")): Text of object 'Object Repository/Traking Order/status traking/Nama Barang tracking order' is: 'Segitiga Instan Madeira - MDB5.3 Sunset'

2023-10-05 11:26:21 - [MESSAGE][PASSED] - Text of object 'Object Repository/Traking Order/status traking/Nama Barang tracking order' is: 'Segitiga Instan Madeira - MDB5.3 Sunset'

2023-10-05 11:26:21 - [TEST_STEP][PASSED] - Harga = getText(findTestObject("Object Repository/Traking Order/status traking/Harga Barang")): Text of object 'Object Repository/Traking Order/status traking/Harga Barang' is: '1,299'

2023-10-05 11:26:21 - [MESSAGE][PASSED] - Text of object 'Object Repository/Traking Order/status traking/Harga Barang' is: '1,299'

2023-10-05 11:26:21 - [TEST_STEP][PASSED] - name_product = data.get("nama_barang"): null

2023-10-05 11:26:21 - [TEST_STEP][PASSED] - price_product = data.get("price_barang"): null

2023-10-05 11:26:21 - [TEST_STEP][PASSED] - assert name_product.contains(Nama): null

2023-10-05 11:26:21 - [TEST_STEP][PASSED] - assert price_product.contains(Harga): null

2023-10-05 11:26:21 - [TEST_STEP][PASSED] - warnaa = getText(findTestObject("Object Repository/Traking Order/status traking/warna")): Text of object 'Object Repository/Traking Order/status traking/warna' is: 'Merah'

2023-10-05 11:26:22 - [MESSAGE][PASSED] - Text of object 'Object Repository/Traking Order/status traking/warna' is: 'Merah'

2023-10-05 11:26:22 - [TEST_STEP][PASSED] - ukurann = getText(findTestObject("Object Repository/Traking Order/status traking/Ukuruan")): Text of object 'Object Repository/Traking Order/status traking/Ukuruan' is: 'Menengah'

2023-10-05 11:26:22 - [MESSAGE][PASSED] - Text of object 'Object Repository/Traking Order/status traking/Ukuruan' is: 'Menengah'

2023-10-05 11:26:22 - [TEST_STEP][PASSED] - warna1 = data.get("Warna"): null

2023-10-05 11:26:22 - [TEST_STEP][PASSED] - ukuran1 = data.get("Ukuran"): null

2023-10-05 11:26:22 - [TEST_STEP][PASSED] - assert warnaa == warna1: null

2023-10-05 11:26:22 - [TEST_STEP][PASSED] - assert ukurann == ukuran1: null

2023-10-05 11:26:22 - [TEST_STEP][PASSED] - proses = getText(findTestObject("Object Repository/Traking Order/status traking/status Traking Proses")): Text of object 'Object Repository/Traking Order/status traking/status Traking Proses' is: 'Proses'

2023-10-05 11:26:22 - [MESSAGE][PASSED] - Text of object 'Object Repository/Traking Order/status traking/status Traking Proses' is: 'Proses'

2023-10-05 11:26:22 - [TEST_STEP][PASSED] - statusProses = data.get("statusAdmin"): null

2023-10-05 11:26:22 - [TEST_STEP][PASSED] - assert proses == statusProses: null

2023-10-05 11:26:22 - [TEST_STEP][PASSED] - return data: null]]></system-out>
         <system-err><![CDATA[]]></system-err>
      </testcase>
      <testcase name="Test Cases/T13 Pembelian, Shipment dan Pembayaran/SU-003" time="155.783" classname="Test Cases/T13 Pembelian, Shipment dan Pembayaran/SU-003" status="PASSED">
         <system-out><![CDATA[2023-10-05 11:26:22 - [TEST_CASE][PASSED] - Test Cases/T13 Pembelian, Shipment dan Pembayaran/SU-003: Test Cases/T13 Pembelian, Shipment dan Pembayaran/SU-003

2023-10-05 11:26:23 - [TEST_STEP][PASSED] - data = callTestCase(findTestCase("T13 Pembelian, Shipment dan Pembayaran/SA-004"), [:], STOP_ON_FAILURE): Call Test Case 'Test Cases/T13 Pembelian, Shipment dan Pembayaran/SA-004' successfully

2023-10-05 11:26:23 - [TEST_CASE][PASSED] - Test Cases/T13 Pembelian, Shipment dan Pembayaran/SA-004: Test Cases/T13 Pembelian, Shipment dan Pembayaran/SA-004

2023-10-05 11:26:23 - [TEST_STEP][PASSED] - data = callTestCase(findTestCase("T13 Pembelian, Shipment dan Pembayaran/SA-002"), [:], STOP_ON_FAILURE): Call Test Case 'Test Cases/T13 Pembelian, Shipment dan Pembayaran/SA-002' successfully

2023-10-05 11:26:23 - [TEST_CASE][PASSED] - Test Cases/T13 Pembelian, Shipment dan Pembayaran/SA-002: Test Cases/T13 Pembelian, Shipment dan Pembayaran/SA-002

2023-10-05 11:26:23 - [TEST_STEP][PASSED] - data = callTestCase(findTestCase("T13 Pembelian, Shipment dan Pembayaran/SA-001"), [:], STOP_ON_FAILURE): Call Test Case 'Test Cases/T13 Pembelian, Shipment dan Pembayaran/SA-001' successfully

2023-10-05 11:26:23 - [TEST_CASE][PASSED] - Test Cases/T13 Pembelian, Shipment dan Pembayaran/SA-001: Test Cases/T13 Pembelian, Shipment dan Pembayaran/SA-001

2023-10-05 11:26:23 - [TEST_STEP][PASSED] - data = callTestCase(findTestCase("T13 Pembelian, Shipment dan Pembayaran/PBYA-001"), [:], STOP_ON_FAILURE): Call Test Case 'Test Cases/T13 Pembelian, Shipment dan Pembayaran/PBYA-001' successfully

2023-10-05 11:26:23 - [TEST_CASE][PASSED] - Test Cases/T13 Pembelian, Shipment dan Pembayaran/PBYA-001: Test Cases/T13 Pembelian, Shipment dan Pembayaran/PBYA-001

2023-10-05 11:26:23 - [TEST_STEP][PASSED] - data = callTestCase(findTestCase("T13 Pembelian, Shipment dan Pembayaran/PBY-004"), [:], STOP_ON_FAILURE): Call Test Case 'Test Cases/T13 Pembelian, Shipment dan Pembayaran/PBY-004' successfully

2023-10-05 11:26:23 - [TEST_CASE][PASSED] - Test Cases/T13 Pembelian, Shipment dan Pembayaran/PBY-004: Test Cases/T13 Pembelian, Shipment dan Pembayaran/PBY-004

2023-10-05 11:26:23 - [TEST_STEP][PASSED] - data = callTestCase(findTestCase("T13 Pembelian, Shipment dan Pembayaran/PBY-001"), [:], STOP_ON_FAILURE): Call Test Case 'Test Cases/T13 Pembelian, Shipment dan Pembayaran/PBY-001' successfully

2023-10-05 11:26:23 - [TEST_CASE][PASSED] - Test Cases/T13 Pembelian, Shipment dan Pembayaran/PBY-001: Test Cases/T13 Pembelian, Shipment dan Pembayaran/PBY-001

2023-10-05 11:26:23 - [TEST_STEP][PASSED] - data = callTestCase(findTestCase("T13 Pembelian, Shipment dan Pembayaran/PBL-004"), ["Kurir":"Roda 2"], STOP_ON_FAILURE): Call Test Case 'Test Cases/T13 Pembelian, Shipment dan Pembayaran/PBL-004' successfully

2023-10-05 11:26:23 - [TEST_CASE][PASSED] - Test Cases/T13 Pembelian, Shipment dan Pembayaran/PBL-004: Test Cases/T13 Pembelian, Shipment dan Pembayaran/PBL-004

2023-10-05 11:26:23 - [TEST_STEP][PASSED] - data = callTestCase(findTestCase("T13 Pembelian, Shipment dan Pembayaran/PBL-002"), [:], STOP_ON_FAILURE): Call Test Case 'Test Cases/T13 Pembelian, Shipment dan Pembayaran/PBL-002' successfully

2023-10-05 11:26:23 - [TEST_CASE][PASSED] - Test Cases/T13 Pembelian, Shipment dan Pembayaran/PBL-002: Test Cases/T13 Pembelian, Shipment dan Pembayaran/PBL-002

2023-10-05 11:26:23 - [TEST_STEP][PASSED] - data = callTestCase(findTestCase("T13 Pembelian, Shipment dan Pembayaran/PBL-001"), [:], STOP_ON_FAILURE): Call Test Case 'Test Cases/T13 Pembelian, Shipment dan Pembayaran/PBL-001' successfully

2023-10-05 11:26:24 - [TEST_CASE][PASSED] - Test Cases/T13 Pembelian, Shipment dan Pembayaran/PBL-001: Test Cases/T13 Pembelian, Shipment dan Pembayaran/PBL-001

2023-10-05 11:26:24 - [TEST_STEP][PASSED] - callTestCase(findTestCase("T13 Pembelian, Shipment dan Pembayaran/LU-001"), ["username":"irfanafandi", "password":"12345irfan"], STOP_ON_FAILURE): Call Test Case 'Test Cases/T13 Pembelian, Shipment dan Pembayaran/LU-001' successfully

2023-10-05 11:26:24 - [TEST_CASE][PASSED] - Test Cases/T13 Pembelian, Shipment dan Pembayaran/LU-001: Test Cases/T13 Pembelian, Shipment dan Pembayaran/LU-001

2023-10-05 11:26:24 - [TEST_STEP][PASSED] - openBrowser("https://10.9.2.63/ecommerce/"): Browser is opened with url: 'https://10.9.2.63/ecommerce/'

2023-10-05 11:26:24 - [MESSAGE][WARNING] - A browser is already opened. Closing browser and opening a new one

2023-10-05 11:26:24 - [MESSAGE][INFO] - Starting 'Edge Chromium' driver

2023-10-05 11:26:24 - [MESSAGE][INFO] - User set preference: ['acceptInsecureCerts', 'true']

2023-10-05 11:26:27 - [MESSAGE][INFO] - Action delay is set to 0 milliseconds

2023-10-05 11:26:30 - [MESSAGE][PASSED] - Browser is opened with url: 'https://10.9.2.63/ecommerce/'

2023-10-05 11:26:30 - [TEST_STEP][PASSED] - maximizeWindow(): Current window maximized

2023-10-05 11:26:31 - [MESSAGE][PASSED] - Current window maximized

2023-10-05 11:26:31 - [TEST_STEP][PASSED] - verifyElementPresent(findTestObject("Login/Home"), 0): Object 'Object Repository/Login/Home' is present

2023-10-05 11:26:31 - [MESSAGE][WARNING] - Timeout '0' is invalid. Using default page load timeout: '30'

2023-10-05 11:26:31 - [MESSAGE][PASSED] - Object 'Object Repository/Login/Home' is present

2023-10-05 11:26:31 - [TEST_STEP][PASSED] - click(findTestObject("Login/a_Login")): Object: 'Object Repository/Login/a_Login' is clicked on

2023-10-05 11:26:32 - [MESSAGE][PASSED] - Object: 'Object Repository/Login/a_Login' is clicked on

2023-10-05 11:26:32 - [TEST_STEP][PASSED] - verifyElementPresent(findTestObject("Login/Tittle Login"), 0): Object 'Object Repository/Login/Tittle Login' is present

2023-10-05 11:26:32 - [MESSAGE][WARNING] - Timeout '0' is invalid. Using default page load timeout: '30'

2023-10-05 11:26:32 - [MESSAGE][PASSED] - Object 'Object Repository/Login/Tittle Login' is present

2023-10-05 11:26:32 - [TEST_STEP][PASSED] - setText(findTestObject("Login/input_Username, Email atau No. Handphone_a"), username): Text 'irfanafandi' is set on object 'Object Repository/Login/input_Username, Email atau No. Handphone_a'

2023-10-05 11:26:34 - [MESSAGE][PASSED] - Text 'irfanafandi' is set on object 'Object Repository/Login/input_Username, Email atau No. Handphone_a'

2023-10-05 11:26:34 - [TEST_STEP][PASSED] - setText(findTestObject("Login/input_Password_b"), password): Text '12345irfan' is set on object 'Object Repository/Login/input_Password_b'

2023-10-05 11:26:35 - [MESSAGE][PASSED] - Text '12345irfan' is set on object 'Object Repository/Login/input_Password_b'

2023-10-05 11:26:35 - [TEST_STEP][PASSED] - click(findTestObject("Login/label_Ingat saya")): Object: 'Object Repository/Login/label_Ingat saya' is clicked on

2023-10-05 11:26:35 - [MESSAGE][PASSED] - Object: 'Object Repository/Login/label_Ingat saya' is clicked on

2023-10-05 11:26:35 - [TEST_STEP][PASSED] - click(findTestObject("Login/button_Masuk")): Object: 'Object Repository/Login/button_Masuk' is clicked on

2023-10-05 11:26:37 - [MESSAGE][PASSED] - Object: 'Object Repository/Login/button_Masuk' is clicked on

2023-10-05 11:26:37 - [TEST_STEP][PASSED] - verifyElementPresent(findTestObject("Login/li_Profile"), 0): Object 'Object Repository/Login/li_Profile' is present

2023-10-05 11:26:37 - [MESSAGE][WARNING] - Timeout '0' is invalid. Using default page load timeout: '30'

2023-10-05 11:26:38 - [MESSAGE][PASSED] - Object 'Object Repository/Login/li_Profile' is present

2023-10-05 11:26:38 - [MESSAGE][PASSED] - Call Test Case 'Test Cases/T13 Pembelian, Shipment dan Pembayaran/LU-001' successfully

2023-10-05 11:26:38 - [TEST_STEP][PASSED] - mouseOver(findTestObject("beli barang/i_Mulai Belanja_icon-menu")): Object: 'Object Repository/beli barang/i_Mulai Belanja_icon-menu' is hovered

2023-10-05 11:26:38 - [MESSAGE][PASSED] - Object: 'Object Repository/beli barang/i_Mulai Belanja_icon-menu' is hovered

2023-10-05 11:26:38 - [TEST_STEP][PASSED] - click(findTestObject("beli barang/a_Fashion  Busana Wanita")): Object: 'Object Repository/beli barang/a_Fashion  Busana Wanita' is clicked on

2023-10-05 11:26:39 - [MESSAGE][PASSED] - Object: 'Object Repository/beli barang/a_Fashion  Busana Wanita' is clicked on

2023-10-05 11:26:39 - [TEST_STEP][PASSED] - NamaSebelum = getText(findTestObject("verifikasi/Nama sebelum")): Text of object 'Object Repository/verifikasi/Nama sebelum' is: ''

2023-10-05 11:26:40 - [MESSAGE][PASSED] - Text of object 'Object Repository/verifikasi/Nama sebelum' is: ''

2023-10-05 11:26:40 - [TEST_STEP][PASSED] - HargaSebelum = getText(findTestObject("verifikasi/Harga sebelum")): Text of object 'Object Repository/verifikasi/Harga sebelum' is: 'Rp 1,299'

2023-10-05 11:26:41 - [MESSAGE][PASSED] - Text of object 'Object Repository/verifikasi/Harga sebelum' is: 'Rp 1,299'

2023-10-05 11:26:41 - [TEST_STEP][PASSED] - mouseOver(findTestObject("beli barang/barang mouse over")): Object: 'Object Repository/beli barang/barang mouse over' is hovered

2023-10-05 11:26:41 - [MESSAGE][PASSED] - Object: 'Object Repository/beli barang/barang mouse over' is hovered

2023-10-05 11:26:41 - [TEST_STEP][PASSED] - click(findTestObject("beli barang/buttom add to cart")): Object: 'Object Repository/beli barang/buttom add to cart' is clicked on

2023-10-05 11:26:43 - [MESSAGE][PASSED] - Object: 'Object Repository/beli barang/buttom add to cart' is clicked on

2023-10-05 11:26:43 - [TEST_STEP][PASSED] - NamaSesudah = getText(findTestObject("verifikasi/Nama sesudah")): Text of object 'Object Repository/verifikasi/Nama sesudah' is: 'Segitiga Instan Madeira - MDB5.3 Sunset'

2023-10-05 11:26:43 - [MESSAGE][PASSED] - Text of object 'Object Repository/verifikasi/Nama sesudah' is: 'Segitiga Instan Madeira - MDB5.3 Sunset'

2023-10-05 11:26:43 - [TEST_STEP][PASSED] - HargaSesudah = getText(findTestObject("verifikasi/Harga sesudah")): Text of object 'Object Repository/verifikasi/Harga sesudah' is: 'Rp 1,299'

2023-10-05 11:26:44 - [MESSAGE][PASSED] - Text of object 'Object Repository/verifikasi/Harga sesudah' is: 'Rp 1,299'

2023-10-05 11:26:44 - [TEST_STEP][PASSED] - assert NamaSesudah.contains(NamaSebelum): null

2023-10-05 11:26:44 - [TEST_STEP][PASSED] - assert HargaSesudah.contains(HargaSebelum): null

2023-10-05 11:26:44 - [TEST_STEP][PASSED] - click(findTestObject("beli barang/Tambah Keranjang busana wanita")): Object: 'Object Repository/beli barang/Tambah Keranjang busana wanita' is clicked on

2023-10-05 11:26:44 - [MESSAGE][PASSED] - Object: 'Object Repository/beli barang/Tambah Keranjang busana wanita' is clicked on

2023-10-05 11:26:44 - [TEST_STEP][PASSED] - verifyElementPresent(findTestObject("checkout/Notifikasi keranjang"), 1): Object 'Object Repository/checkout/Notifikasi keranjang' is present

2023-10-05 11:26:45 - [MESSAGE][PASSED] - Object 'Object Repository/checkout/Notifikasi keranjang' is present

2023-10-05 11:26:45 - [TEST_STEP][PASSED] - data = new java.util.HashMap(): null

2023-10-05 11:26:45 - [TEST_STEP][PASSED] - data.put("nama_barang", NamaSesudah): null

2023-10-05 11:26:45 - [TEST_STEP][PASSED] - data.put("price_barang", HargaSesudah): null

2023-10-05 11:26:45 - [TEST_STEP][PASSED] - return data: null

2023-10-05 11:26:45 - [MESSAGE][PASSED] - Call Test Case 'Test Cases/T13 Pembelian, Shipment dan Pembayaran/PBL-001' successfully

2023-10-05 11:26:45 - [TEST_STEP][PASSED] - mouseOver(findTestObject("beli barang/keranjang")): Object: 'Object Repository/beli barang/keranjang' is hovered

2023-10-05 11:26:46 - [MESSAGE][PASSED] - Object: 'Object Repository/beli barang/keranjang' is hovered

2023-10-05 11:26:46 - [TEST_STEP][PASSED] - click(findTestObject("beli barang/Lihat Sekarang")): Object: 'Object Repository/beli barang/Lihat Sekarang' is clicked on

2023-10-05 11:26:47 - [MESSAGE][PASSED] - Object: 'Object Repository/beli barang/Lihat Sekarang' is clicked on

2023-10-05 11:26:47 - [TEST_STEP][PASSED] - verifyElementPresent(findTestObject("keranjang/li_Keranjang Belanja"), 0): Object 'Object Repository/keranjang/li_Keranjang Belanja' is present

2023-10-05 11:26:47 - [MESSAGE][WARNING] - Timeout '0' is invalid. Using default page load timeout: '30'

2023-10-05 11:26:48 - [MESSAGE][PASSED] - Object 'Object Repository/keranjang/li_Keranjang Belanja' is present

2023-10-05 11:26:48 - [TEST_STEP][PASSED] - NamaKeranjang = getText(findTestObject("verifikasi/Nama keranjang")): Text of object 'Object Repository/verifikasi/Nama keranjang' is: 'Segitiga Instan Madeira - MDB5.3 Sunset'

2023-10-05 11:26:49 - [MESSAGE][PASSED] - Text of object 'Object Repository/verifikasi/Nama keranjang' is: 'Segitiga Instan Madeira - MDB5.3 Sunset'

2023-10-05 11:26:49 - [TEST_STEP][PASSED] - HargaKeranjang = getText(findTestObject("verifikasi/Harga Keranjang")): Text of object 'Object Repository/verifikasi/Harga Keranjang' is: 'Rp 1,299'

2023-10-05 11:26:49 - [MESSAGE][PASSED] - Text of object 'Object Repository/verifikasi/Harga Keranjang' is: 'Rp 1,299'

2023-10-05 11:26:49 - [TEST_STEP][PASSED] - if (toString().equalsIgnoreCase("Merah")): Object 'Object Repository/keranjang/input_Warna_variasi101' is checked

2023-10-05 11:26:49 - [TEST_STEP][PASSED] - check(findTestObject("Object Repository/keranjang/input_Warna_variasi101")): Object 'Object Repository/keranjang/input_Warna_variasi101' is checked

2023-10-05 11:26:49 - [MESSAGE][PASSED] - Object 'Object Repository/keranjang/input_Warna_variasi101' is checked

2023-10-05 11:26:49 - [TEST_STEP][PASSED] - if (toString().equalsIgnoreCase("Menengah")): Object 'Object Repository/keranjang/input_Ukuran_variasi201' is checked

2023-10-05 11:26:49 - [TEST_STEP][PASSED] - check(findTestObject("Object Repository/keranjang/input_Ukuran_variasi201")): Object 'Object Repository/keranjang/input_Ukuran_variasi201' is checked

2023-10-05 11:26:50 - [MESSAGE][PASSED] - Object 'Object Repository/keranjang/input_Ukuran_variasi201' is checked

2023-10-05 11:26:50 - [TEST_STEP][PASSED] - data.put("Warna", warna): null

2023-10-05 11:26:50 - [TEST_STEP][PASSED] - data.put("Ukuran", ukuran): null

2023-10-05 11:26:50 - [TEST_STEP][PASSED] - click(findTestObject("keranjang/button_Lanjut ke Pembayaran")): Object: 'Object Repository/keranjang/button_Lanjut ke Pembayaran' is clicked on

2023-10-05 11:26:52 - [MESSAGE][PASSED] - Object: 'Object Repository/keranjang/button_Lanjut ke Pembayaran' is clicked on

2023-10-05 11:26:52 - [TEST_STEP][PASSED] - verifyElementPresent(findTestObject("checkout/Tittle Checkout Order"), 0): Object 'Object Repository/checkout/Tittle Checkout Order' is present

2023-10-05 11:26:52 - [MESSAGE][WARNING] - Timeout '0' is invalid. Using default page load timeout: '30'

2023-10-05 11:26:52 - [MESSAGE][PASSED] - Object 'Object Repository/checkout/Tittle Checkout Order' is present

2023-10-05 11:26:52 - [TEST_STEP][PASSED] - name_product = data.get("nama_barang"): null

2023-10-05 11:26:52 - [TEST_STEP][PASSED] - price_product = data.get("price_barang"): null

2023-10-05 11:26:52 - [TEST_STEP][PASSED] - assert name_product == NamaKeranjang: null

2023-10-05 11:26:52 - [TEST_STEP][PASSED] - assert price_product == HargaKeranjang: null

2023-10-05 11:26:52 - [TEST_STEP][PASSED] - return data: null

2023-10-05 11:26:52 - [MESSAGE][PASSED] - Call Test Case 'Test Cases/T13 Pembelian, Shipment dan Pembayaran/PBL-002' successfully

2023-10-05 11:26:52 - [TEST_STEP][PASSED] - warnaa = getText(findTestObject("verifikasi/warna Merah")): Text of object 'Object Repository/verifikasi/warna Merah' is: 'Merah'

2023-10-05 11:26:53 - [MESSAGE][PASSED] - Text of object 'Object Repository/verifikasi/warna Merah' is: 'Merah'

2023-10-05 11:26:53 - [TEST_STEP][PASSED] - ukurann = getText(findTestObject("verifikasi/Ukuran Menengah")): Text of object 'Object Repository/verifikasi/Ukuran Menengah' is: 'Menengah'

2023-10-05 11:26:53 - [MESSAGE][PASSED] - Text of object 'Object Repository/verifikasi/Ukuran Menengah' is: 'Menengah'

2023-10-05 11:26:53 - [TEST_STEP][PASSED] - warna1 = data.get("Warna"): null

2023-10-05 11:26:53 - [TEST_STEP][PASSED] - ukuran1 = data.get("Ukuran"): null

2023-10-05 11:26:53 - [TEST_STEP][PASSED] - assert warnaa == warna1: null

2023-10-05 11:26:53 - [TEST_STEP][PASSED] - assert ukurann == ukuran1: null

2023-10-05 11:26:53 - [TEST_STEP][PASSED] - NamaCheckout = getText(findTestObject("verifikasi/NamaCheckout")): Text of object 'Object Repository/verifikasi/NamaCheckout' is: ''

2023-10-05 11:26:54 - [MESSAGE][PASSED] - Text of object 'Object Repository/verifikasi/NamaCheckout' is: ''

2023-10-05 11:26:54 - [TEST_STEP][PASSED] - HargaCheckout = getText(findTestObject("verifikasi/HargaCheckout")): Text of object 'Object Repository/verifikasi/HargaCheckout' is: '1,299'

2023-10-05 11:26:54 - [MESSAGE][PASSED] - Text of object 'Object Repository/verifikasi/HargaCheckout' is: '1,299'

2023-10-05 11:26:54 - [TEST_STEP][PASSED] - name_product = data.get("nama_barang"): null

2023-10-05 11:26:54 - [TEST_STEP][PASSED] - price_product = data.get("price_barang"): null

2023-10-05 11:26:54 - [TEST_STEP][PASSED] - assert name_product.contains(NamaCheckout): null

2023-10-05 11:26:54 - [TEST_STEP][PASSED] - assert price_product.contains(HargaCheckout): null

2023-10-05 11:26:54 - [TEST_STEP][PASSED] - selectOptionByLabel(findTestObject("checkout/select - Kirim via Kurir Lokal"), Kurir, false): All options with label 'Roda 2' are selected in object 'Object Repository/checkout/select - Kirim via Kurir Lokal' 

2023-10-05 11:26:55 - [MESSAGE][PASSED] - All options with label 'Roda 2' are selected in object 'Object Repository/checkout/select - Kirim via Kurir Lokal' 

2023-10-05 11:26:55 - [TEST_STEP][PASSED] - click(findTestObject("checkout/Kendaraan Kurir")): Object: 'Object Repository/checkout/Kendaraan Kurir' is clicked on

2023-10-05 11:26:55 - [MESSAGE][PASSED] - Object: 'Object Repository/checkout/Kendaraan Kurir' is clicked on

2023-10-05 11:26:55 - [TEST_STEP][PASSED] - OngkosKirim = getText(findTestObject("Object Repository/verifikasi/Ongkos Kirim checkout")): Text of object 'Object Repository/verifikasi/Ongkos Kirim checkout' is: 'Rp. 5,000'

2023-10-05 11:26:56 - [MESSAGE][PASSED] - Text of object 'Object Repository/verifikasi/Ongkos Kirim checkout' is: 'Rp. 5,000'

2023-10-05 11:26:56 - [TEST_STEP][PASSED] - Ongkos = OngkosKirim.substring(3, OngkosKirim.size()): null

2023-10-05 11:26:56 - [TEST_STEP][PASSED] - rep = Ongkos.replace(",", "."): null

2023-10-05 11:26:56 - [TEST_STEP][PASSED] - Ongkos_kirim = Double.parseDouble(rep): null

2023-10-05 11:26:56 - [TEST_STEP][PASSED] - println(Ongkos_kirim): null

2023-10-05 11:26:56 - [TEST_STEP][PASSED] - FeeAdmin = getText(findTestObject("verifikasi/Fee Admin checkout")): Text of object 'Object Repository/verifikasi/Fee Admin checkout' is: 'Fee Admin
Rp 1,500'

2023-10-05 11:26:56 - [MESSAGE][PASSED] - Text of object 'Object Repository/verifikasi/Fee Admin checkout' is: 'Fee Admin
Rp 1,500'

2023-10-05 11:26:56 - [TEST_STEP][PASSED] - Fee_Admin = FeeAdmin.substring(12, FeeAdmin.size()): null

2023-10-05 11:26:56 - [TEST_STEP][PASSED] - fee = Fee_Admin.replace(",", "."): null

2023-10-05 11:26:56 - [TEST_STEP][PASSED] - fee_admin = Double.parseDouble(fee): null

2023-10-05 11:26:56 - [TEST_STEP][PASSED] - println(fee_admin): null

2023-10-05 11:26:56 - [TEST_STEP][PASSED] - Subtotal = getText(findTestObject("verifikasi/subtotal checkout")): Text of object 'Object Repository/verifikasi/subtotal checkout' is: 'Subtotal
Rp 1,299'

2023-10-05 11:26:57 - [MESSAGE][PASSED] - Text of object 'Object Repository/verifikasi/subtotal checkout' is: 'Subtotal
Rp 1,299'

2023-10-05 11:26:57 - [TEST_STEP][PASSED] - sub_total = Subtotal.substring(12, Subtotal.size()): null

2023-10-05 11:26:57 - [TEST_STEP][PASSED] - sub = sub_total.replace(",", "."): null

2023-10-05 11:26:57 - [TEST_STEP][PASSED] - sub_total = Double.parseDouble(sub): null

2023-10-05 11:26:57 - [TEST_STEP][PASSED] - println(sub_total): null

2023-10-05 11:26:57 - [TEST_STEP][PASSED] - Total = getText(findTestObject("verifikasi/Total checkout")): Text of object 'Object Repository/verifikasi/Total checkout' is: 'Rp 7,799'

2023-10-05 11:26:57 - [MESSAGE][PASSED] - Text of object 'Object Repository/verifikasi/Total checkout' is: 'Rp 7,799'

2023-10-05 11:26:57 - [TEST_STEP][PASSED] - totall = Total.substring(3, Total.size()): null

2023-10-05 11:26:57 - [TEST_STEP][PASSED] - total = totall.replace(",", "."): null

2023-10-05 11:26:57 - [TEST_STEP][PASSED] - totall = Double.parseDouble(total): null

2023-10-05 11:26:57 - [TEST_STEP][PASSED] - println(totall): null

2023-10-05 11:26:57 - [TEST_STEP][PASSED] - Total_Harga = Ongkos_kirim + fee_admin + sub_total: null

2023-10-05 11:26:57 - [TEST_STEP][PASSED] - println(Total_Harga): null

2023-10-05 11:26:57 - [TEST_STEP][PASSED] - TotalHarga = Math.round(Total_Harga * 1000) / 1000: null

2023-10-05 11:26:57 - [TEST_STEP][PASSED] - println(TotalHarga): null

2023-10-05 11:26:57 - [TEST_STEP][PASSED] - assert totall == TotalHarga: null

2023-10-05 11:26:57 - [TEST_STEP][PASSED] - click(findTestObject("verifikasi/Metode Transfer")): Object: 'Object Repository/verifikasi/Metode Transfer' is clicked on

2023-10-05 11:26:58 - [MESSAGE][PASSED] - Object: 'Object Repository/verifikasi/Metode Transfer' is clicked on

2023-10-05 11:26:58 - [TEST_STEP][PASSED] - click(findTestObject("checkout/button_Proses Pembayaran")): Object: 'Object Repository/checkout/button_Proses Pembayaran' is clicked on

2023-10-05 11:27:08 - [MESSAGE][PASSED] - Object: 'Object Repository/checkout/button_Proses Pembayaran' is clicked on

2023-10-05 11:27:08 - [TEST_STEP][PASSED] - verifyElementPresent(findTestObject("pembayaran/Tittle nomor invoice"), 0): Object 'Object Repository/pembayaran/Tittle nomor invoice' is present

2023-10-05 11:27:08 - [MESSAGE][WARNING] - Timeout '0' is invalid. Using default page load timeout: '30'

2023-10-05 11:27:09 - [MESSAGE][PASSED] - Object 'Object Repository/pembayaran/Tittle nomor invoice' is present

2023-10-05 11:27:09 - [TEST_STEP][PASSED] - return data: null

2023-10-05 11:27:09 - [MESSAGE][PASSED] - Call Test Case 'Test Cases/T13 Pembelian, Shipment dan Pembayaran/PBL-004' successfully

2023-10-05 11:27:09 - [TEST_STEP][PASSED] - Invoice = getText(findTestObject("pembayaran/nomor invoice")): Text of object 'Object Repository/pembayaran/nomor invoice' is: 'TRX60.20231005112701'

2023-10-05 11:27:09 - [MESSAGE][PASSED] - Text of object 'Object Repository/pembayaran/nomor invoice' is: 'TRX60.20231005112701'

2023-10-05 11:27:09 - [TEST_STEP][PASSED] - data.put("invoice", Invoice): null

2023-10-05 11:27:09 - [TEST_STEP][PASSED] - NamaPemesan = getText(findTestObject("Konfirmasi pesanan shop/Nama pemesan")): Text of object 'Object Repository/Konfirmasi pesanan shop/Nama pemesan' is: 'irfan.afandi'

2023-10-05 11:27:10 - [MESSAGE][PASSED] - Text of object 'Object Repository/Konfirmasi pesanan shop/Nama pemesan' is: 'irfan.afandi'

2023-10-05 11:27:10 - [TEST_STEP][PASSED] - Nama = getText(findTestObject("pembayaran/Nama barang")): Text of object 'Object Repository/pembayaran/Nama barang' is: 'Segitiga Instan Madeira - MDB5.3 Sunset'

2023-10-05 11:27:10 - [MESSAGE][PASSED] - Text of object 'Object Repository/pembayaran/Nama barang' is: 'Segitiga Instan Madeira - MDB5.3 Sunset'

2023-10-05 11:27:10 - [TEST_STEP][PASSED] - Harga = getText(findTestObject("pembayaran/Harga barang")): Text of object 'Object Repository/pembayaran/Harga barang' is: '1,299'

2023-10-05 11:27:11 - [MESSAGE][PASSED] - Text of object 'Object Repository/pembayaran/Harga barang' is: '1,299'

2023-10-05 11:27:11 - [TEST_STEP][PASSED] - name_product = data.get("nama_barang"): null

2023-10-05 11:27:11 - [TEST_STEP][PASSED] - price_product = data.get("price_barang"): null

2023-10-05 11:27:11 - [TEST_STEP][PASSED] - assert name_product.contains(Nama): null

2023-10-05 11:27:11 - [TEST_STEP][PASSED] - assert price_product.contains(Harga): null

2023-10-05 11:27:11 - [TEST_STEP][PASSED] - warnaa = getText(findTestObject("pembayaran/warna")): Text of object 'Object Repository/pembayaran/warna' is: 'Merah'

2023-10-05 11:27:11 - [MESSAGE][PASSED] - Text of object 'Object Repository/pembayaran/warna' is: 'Merah'

2023-10-05 11:27:11 - [TEST_STEP][PASSED] - ukurann = getText(findTestObject("pembayaran/ukuran")): Text of object 'Object Repository/pembayaran/ukuran' is: 'Menengah'

2023-10-05 11:27:12 - [MESSAGE][PASSED] - Text of object 'Object Repository/pembayaran/ukuran' is: 'Menengah'

2023-10-05 11:27:12 - [TEST_STEP][PASSED] - warna1 = data.get("Warna"): null

2023-10-05 11:27:12 - [TEST_STEP][PASSED] - ukuran1 = data.get("Ukuran"): null

2023-10-05 11:27:12 - [TEST_STEP][PASSED] - assert warnaa == warna1: null

2023-10-05 11:27:12 - [TEST_STEP][PASSED] - assert ukurann == ukuran1: null

2023-10-05 11:27:12 - [TEST_STEP][PASSED] - statusPembelian = getText(findTestObject("verifikasi/Status pending di pembelian")): Text of object 'Object Repository/verifikasi/Status pending di pembelian' is: 'Pending'

2023-10-05 11:27:12 - [MESSAGE][PASSED] - Text of object 'Object Repository/verifikasi/Status pending di pembelian' is: 'Pending'

2023-10-05 11:27:12 - [TEST_STEP][PASSED] - data.put("statusPem", statusPembelian): null

2023-10-05 11:27:12 - [TEST_STEP][PASSED] - OngkosKirim = getText(findTestObject("pembayaran/ongkos kirim")): Text of object 'Object Repository/pembayaran/ongkos kirim' is: 'Rp 5,000'

2023-10-05 11:27:13 - [MESSAGE][PASSED] - Text of object 'Object Repository/pembayaran/ongkos kirim' is: 'Rp 5,000'

2023-10-05 11:27:13 - [TEST_STEP][PASSED] - Ongkos = OngkosKirim.substring(3, OngkosKirim.size()): null

2023-10-05 11:27:13 - [TEST_STEP][PASSED] - rep = Ongkos.replace(",", ""): null

2023-10-05 11:27:13 - [TEST_STEP][PASSED] - Ongkos_kirimm = Integer.parseInt(rep): null

2023-10-05 11:27:13 - [TEST_STEP][PASSED] - println(Ongkos_kirimm): null

2023-10-05 11:27:13 - [TEST_STEP][PASSED] - FeeAdmin = getText(findTestObject("pembayaran/fee admin")): Text of object 'Object Repository/pembayaran/fee admin' is: 'Rp 1,500'

2023-10-05 11:27:13 - [MESSAGE][PASSED] - Text of object 'Object Repository/pembayaran/fee admin' is: 'Rp 1,500'

2023-10-05 11:27:13 - [TEST_STEP][PASSED] - Fee_Admin = FeeAdmin.substring(3, FeeAdmin.size()): null

2023-10-05 11:27:13 - [TEST_STEP][PASSED] - fee = Fee_Admin.replace(",", ""): null

2023-10-05 11:27:13 - [TEST_STEP][PASSED] - fee_adminn = Integer.parseInt(fee): null

2023-10-05 11:27:13 - [TEST_STEP][PASSED] - println(fee_adminn): null

2023-10-05 11:27:13 - [TEST_STEP][PASSED] - Subtotal = getText(findTestObject("pembayaran/subtotal")): Text of object 'Object Repository/pembayaran/subtotal' is: 'Rp 1,299'

2023-10-05 11:27:14 - [MESSAGE][PASSED] - Text of object 'Object Repository/pembayaran/subtotal' is: 'Rp 1,299'

2023-10-05 11:27:14 - [TEST_STEP][PASSED] - sub_total = Subtotal.substring(3, Subtotal.size()): null

2023-10-05 11:27:14 - [TEST_STEP][PASSED] - sub = sub_total.replace(",", ""): null

2023-10-05 11:27:14 - [TEST_STEP][PASSED] - sub_totall = Integer.parseInt(sub): null

2023-10-05 11:27:14 - [TEST_STEP][PASSED] - println(sub_totall): null

2023-10-05 11:27:14 - [TEST_STEP][PASSED] - unik = getText(findTestObject("pembayaran/kode unik")): Text of object 'Object Repository/pembayaran/kode unik' is: '+701'

2023-10-05 11:27:15 - [MESSAGE][PASSED] - Text of object 'Object Repository/pembayaran/kode unik' is: '+701'

2023-10-05 11:27:15 - [TEST_STEP][PASSED] - unikk = unik.replace("+", ""): null

2023-10-05 11:27:15 - [TEST_STEP][PASSED] - kode_unik = Integer.parseInt(unikk): null

2023-10-05 11:27:15 - [TEST_STEP][PASSED] - println(kode_unik): null

2023-10-05 11:27:15 - [TEST_STEP][PASSED] - Total = getText(findTestObject("pembayaran/total")): Text of object 'Object Repository/pembayaran/total' is: '8,500'

2023-10-05 11:27:15 - [MESSAGE][PASSED] - Text of object 'Object Repository/pembayaran/total' is: '8,500'

2023-10-05 11:27:15 - [TEST_STEP][PASSED] - total = Total.replace(",", ""): null

2023-10-05 11:27:15 - [TEST_STEP][PASSED] - totalll = Integer.parseInt(total): null

2023-10-05 11:27:15 - [TEST_STEP][PASSED] - println(totalll): null

2023-10-05 11:27:15 - [TEST_STEP][PASSED] - Total_Hargaa = Ongkos_kirimm + fee_adminn + sub_totall + kode_unik: null

2023-10-05 11:27:15 - [TEST_STEP][PASSED] - println(Total_Hargaa): null

2023-10-05 11:27:15 - [TEST_STEP][PASSED] - assert totalll == Total_Hargaa: null

2023-10-05 11:27:15 - [TEST_STEP][PASSED] - data.put("total", Total): null

2023-10-05 11:27:15 - [TEST_STEP][PASSED] - data.put("nama", NamaPemesan): null

2023-10-05 11:27:15 - [TEST_STEP][PASSED] - return data: null

2023-10-05 11:27:15 - [MESSAGE][PASSED] - Call Test Case 'Test Cases/T13 Pembelian, Shipment dan Pembayaran/PBY-001' successfully

2023-10-05 11:27:15 - [TEST_STEP][PASSED] - inv = data.get("invoice"): null

2023-10-05 11:27:15 - [TEST_STEP][PASSED] - Total = data.get("total"): null

2023-10-05 11:27:15 - [TEST_STEP][PASSED] - NamaPemesan = data.get("nama"): null

2023-10-05 11:27:15 - [TEST_STEP][PASSED] - click(findTestObject("Konfirmasi pesanan shop/Menu Shop")): Object: 'Object Repository/Konfirmasi pesanan shop/Menu Shop' is clicked on

2023-10-05 11:27:17 - [MESSAGE][PASSED] - Object: 'Object Repository/Konfirmasi pesanan shop/Menu Shop' is clicked on

2023-10-05 11:27:17 - [TEST_STEP][PASSED] - click(findTestObject("Konfirmasi pesanan shop/Menu Shop")): Object: 'Object Repository/Konfirmasi pesanan shop/Menu Shop' is clicked on

2023-10-05 11:27:18 - [MESSAGE][PASSED] - Object: 'Object Repository/Konfirmasi pesanan shop/Menu Shop' is clicked on

2023-10-05 11:27:18 - [TEST_STEP][PASSED] - click(findTestObject("Konfirmasi pesanan shop/Konfirmasi Orders")): Object: 'Object Repository/Konfirmasi pesanan shop/Konfirmasi Orders' is clicked on

2023-10-05 11:27:19 - [MESSAGE][PASSED] - Object: 'Object Repository/Konfirmasi pesanan shop/Konfirmasi Orders' is clicked on

2023-10-05 11:27:19 - [TEST_STEP][PASSED] - verifyElementPresent(findTestObject("Konfirmasi pesanan shop/Tittle Konfirmasi Pesanan"), 0): Object 'Object Repository/Konfirmasi pesanan shop/Tittle Konfirmasi Pesanan' is present

2023-10-05 11:27:19 - [MESSAGE][WARNING] - Timeout '0' is invalid. Using default page load timeout: '30'

2023-10-05 11:27:19 - [MESSAGE][PASSED] - Object 'Object Repository/Konfirmasi pesanan shop/Tittle Konfirmasi Pesanan' is present

2023-10-05 11:27:19 - [TEST_STEP][PASSED] - setText(findTestObject("Konfirmasi pesanan shop/input_No Pesanan"), inv): Text 'TRX60.20231005112701' is set on object 'Object Repository/Konfirmasi pesanan shop/input_No Pesanan'

2023-10-05 11:27:20 - [MESSAGE][PASSED] - Text 'TRX60.20231005112701' is set on object 'Object Repository/Konfirmasi pesanan shop/input_No Pesanan'

2023-10-05 11:27:20 - [TEST_STEP][PASSED] - setText(findTestObject("Konfirmasi pesanan shop/input_Alamat E-mai"), "irfan@gmail.com"): Text 'irfan@gmail.com' is set on object 'Object Repository/Konfirmasi pesanan shop/input_Alamat E-mai'

2023-10-05 11:27:21 - [MESSAGE][PASSED] - Text 'irfan@gmail.com' is set on object 'Object Repository/Konfirmasi pesanan shop/input_Alamat E-mai'

2023-10-05 11:27:21 - [TEST_STEP][PASSED] - click(findTestObject("Konfirmasi pesanan shop/button_Submit")): Object: 'Object Repository/Konfirmasi pesanan shop/button_Submit' is clicked on

2023-10-05 11:27:22 - [MESSAGE][PASSED] - Object: 'Object Repository/Konfirmasi pesanan shop/button_Submit' is clicked on

2023-10-05 11:27:22 - [TEST_STEP][PASSED] - verifyElementPresent(findTestObject("Konfirmasi pesanan shop/Tittle nomor invoice"), 0): Object 'Object Repository/Konfirmasi pesanan shop/Tittle nomor invoice' is present

2023-10-05 11:27:22 - [MESSAGE][WARNING] - Timeout '0' is invalid. Using default page load timeout: '30'

2023-10-05 11:27:23 - [MESSAGE][PASSED] - Object 'Object Repository/Konfirmasi pesanan shop/Tittle nomor invoice' is present

2023-10-05 11:27:23 - [TEST_STEP][PASSED] - setText(findTestObject("Konfirmasi pesanan shop/input_Total TagihanTransfer_b"), Total): Text '8,500' is set on object 'Object Repository/Konfirmasi pesanan shop/input_Total TagihanTransfer_b'

2023-10-05 11:27:25 - [MESSAGE][PASSED] - Text '8,500' is set on object 'Object Repository/Konfirmasi pesanan shop/input_Total TagihanTransfer_b'

2023-10-05 11:27:25 - [TEST_STEP][PASSED] - selectOptionByValue(findTestObject("Konfirmasi pesanan shop/select_Bank"), "4", false): All options with value '4' are selected in object 'Object Repository/Konfirmasi pesanan shop/select_Bank' 

2023-10-05 11:27:25 - [MESSAGE][PASSED] - All options with value '4' are selected in object 'Object Repository/Konfirmasi pesanan shop/select_Bank' 

2023-10-05 11:27:25 - [TEST_STEP][PASSED] - setText(findTestObject("Konfirmasi pesanan shop/input_Nama Pengirim_d"), NamaPemesan): Text 'irfan.afandi' is set on object 'Object Repository/Konfirmasi pesanan shop/input_Nama Pengirim_d'

2023-10-05 11:27:26 - [MESSAGE][PASSED] - Text 'irfan.afandi' is set on object 'Object Repository/Konfirmasi pesanan shop/input_Nama Pengirim_d'

2023-10-05 11:27:26 - [TEST_STEP][PASSED] - uploadFile(findTestObject("keranjang/konfirmasi/input_Upload Bukti Transfer_f"), "C:\Users\IRFAN\Downloads\Berkas2.pdf"): File 'C:\Users\IRFAN\Downloads\Berkas2.pdf' sent to object: 'Object Repository/keranjang/konfirmasi/input_Upload Bukti Transfer_f'

2023-10-05 11:27:27 - [MESSAGE][PASSED] - File 'C:\Users\IRFAN\Downloads\Berkas2.pdf' sent to object: 'Object Repository/keranjang/konfirmasi/input_Upload Bukti Transfer_f'

2023-10-05 11:27:27 - [TEST_STEP][PASSED] - click(findTestObject("Konfirmasi pesanan shop/button_Konfirmasi Pembayaran")): Object: 'Object Repository/Konfirmasi pesanan shop/button_Konfirmasi Pembayaran' is clicked on

2023-10-05 11:27:29 - [MESSAGE][PASSED] - Object: 'Object Repository/Konfirmasi pesanan shop/button_Konfirmasi Pembayaran' is clicked on

2023-10-05 11:27:29 - [TEST_STEP][PASSED] - verifyElementPresent(findTestObject("Konfirmasi pesanan shop/Tittle Konfirmasi Pesanan"), 0): Object 'Object Repository/Konfirmasi pesanan shop/Tittle Konfirmasi Pesanan' is present

2023-10-05 11:27:29 - [MESSAGE][WARNING] - Timeout '0' is invalid. Using default page load timeout: '30'

2023-10-05 11:27:30 - [MESSAGE][PASSED] - Object 'Object Repository/Konfirmasi pesanan shop/Tittle Konfirmasi Pesanan' is present

2023-10-05 11:27:30 - [TEST_STEP][PASSED] - verifyElementPresent(findTestObject("Konfirmasi pesanan shop/Tittle massage succes Konfirmasi Pembayaran Pesanan"), 0): Object 'Object Repository/Konfirmasi pesanan shop/Tittle massage succes Konfirmasi Pembayaran Pesanan' is present

2023-10-05 11:27:30 - [MESSAGE][WARNING] - Timeout '0' is invalid. Using default page load timeout: '30'

2023-10-05 11:27:31 - [MESSAGE][PASSED] - Object 'Object Repository/Konfirmasi pesanan shop/Tittle massage succes Konfirmasi Pembayaran Pesanan' is present

2023-10-05 11:27:31 - [TEST_STEP][PASSED] - return data: null

2023-10-05 11:27:31 - [MESSAGE][PASSED] - Call Test Case 'Test Cases/T13 Pembelian, Shipment dan Pembayaran/PBY-004' successfully

2023-10-05 11:27:31 - [TEST_STEP][PASSED] - navigateToUrl("https://10.9.2.63/ecommerce/administrator/"): Navigate to 'https://10.9.2.63/ecommerce/administrator/' successfully

2023-10-05 11:27:32 - [MESSAGE][PASSED] - Navigate to 'https://10.9.2.63/ecommerce/administrator/' successfully

2023-10-05 11:27:32 - [TEST_STEP][PASSED] - verifyElementPresent(findTestObject("admin/Tittle ADMIN Login"), 0): Object 'Object Repository/admin/Tittle ADMIN Login' is present

2023-10-05 11:27:32 - [MESSAGE][WARNING] - Timeout '0' is invalid. Using default page load timeout: '30'

2023-10-05 11:27:32 - [MESSAGE][PASSED] - Object 'Object Repository/admin/Tittle ADMIN Login' is present

2023-10-05 11:27:32 - [TEST_STEP][PASSED] - setText(findTestObject("admin/Username"), "admin"): Text 'admin' is set on object 'Object Repository/admin/Username'

2023-10-05 11:27:33 - [MESSAGE][PASSED] - Text 'admin' is set on object 'Object Repository/admin/Username'

2023-10-05 11:27:33 - [TEST_STEP][PASSED] - setText(findTestObject("admin/Password"), "123admin123"): Text '123admin123' is set on object 'Object Repository/admin/Password'

2023-10-05 11:27:34 - [MESSAGE][PASSED] - Text '123admin123' is set on object 'Object Repository/admin/Password'

2023-10-05 11:27:34 - [TEST_STEP][PASSED] - click(findTestObject("admin/Remember Me")): Object: 'Object Repository/admin/Remember Me' is clicked on

2023-10-05 11:27:34 - [MESSAGE][PASSED] - Object: 'Object Repository/admin/Remember Me' is clicked on

2023-10-05 11:27:34 - [TEST_STEP][PASSED] - delay(10): Delayed 10 second(s)

2023-10-05 11:27:44 - [MESSAGE][PASSED] - Delayed 10 second(s)

2023-10-05 11:27:44 - [TEST_STEP][PASSED] - click(findTestObject("admin/buttom submit")): Object: 'Object Repository/admin/buttom submit' is clicked on

2023-10-05 11:27:46 - [MESSAGE][PASSED] - Object: 'Object Repository/admin/buttom submit' is clicked on

2023-10-05 11:27:46 - [TEST_STEP][PASSED] - verifyElementPresent(findTestObject("admin/Konf order konsumen/Tittle Dashboard"), 0): Object 'Object Repository/admin/Konf order konsumen/Tittle Dashboard' is present

2023-10-05 11:27:46 - [MESSAGE][WARNING] - Timeout '0' is invalid. Using default page load timeout: '30'

2023-10-05 11:27:46 - [MESSAGE][PASSED] - Object 'Object Repository/admin/Konf order konsumen/Tittle Dashboard' is present

2023-10-05 11:27:46 - [TEST_STEP][PASSED] - click(findTestObject("admin/Konf order konsumen/Menu Transaksi Market")): Object: 'Object Repository/admin/Konf order konsumen/Menu Transaksi Market' is clicked on

2023-10-05 11:27:47 - [MESSAGE][PASSED] - Object: 'Object Repository/admin/Konf order konsumen/Menu Transaksi Market' is clicked on

2023-10-05 11:27:47 - [TEST_STEP][PASSED] - click(findTestObject("admin/Konf order konsumen/Menu Konf. Order Konsumen")): Object: 'Object Repository/admin/Konf order konsumen/Menu Konf. Order Konsumen' is clicked on

2023-10-05 11:27:48 - [MESSAGE][PASSED] - Object: 'Object Repository/admin/Konf order konsumen/Menu Konf. Order Konsumen' is clicked on

2023-10-05 11:27:48 - [TEST_STEP][PASSED] - verifyElementPresent(findTestObject("admin/Konf order konsumen/Tittle Data Konfirmasi Pembayaran Konsumen"), 0): Object 'Object Repository/admin/Konf order konsumen/Tittle Data Konfirmasi Pembayaran Konsumen' is present

2023-10-05 11:27:48 - [MESSAGE][WARNING] - Timeout '0' is invalid. Using default page load timeout: '30'

2023-10-05 11:27:49 - [MESSAGE][PASSED] - Object 'Object Repository/admin/Konf order konsumen/Tittle Data Konfirmasi Pembayaran Konsumen' is present

2023-10-05 11:27:49 - [TEST_STEP][PASSED] - inv = data.get("invoice"): null

2023-10-05 11:27:49 - [TEST_STEP][PASSED] - setText(findTestObject("admin/Konf order konsumen/Search"), inv): Text 'TRX60.20231005112701' is set on object 'Object Repository/admin/Konf order konsumen/Search'

2023-10-05 11:27:50 - [MESSAGE][PASSED] - Text 'TRX60.20231005112701' is set on object 'Object Repository/admin/Konf order konsumen/Search'

2023-10-05 11:27:50 - [TEST_STEP][PASSED] - verifyElementText(findTestObject("admin/Konf order konsumen/Keterangan Lunas"), "Lunas"): Actual text and expected text of test object 'Object Repository/admin/Konf order konsumen/Keterangan Lunas' are matched.

2023-10-05 11:27:50 - [MESSAGE][PASSED] - Actual text and expected text of test object 'Object Repository/admin/Konf order konsumen/Keterangan Lunas' are matched.

2023-10-05 11:27:50 - [TEST_STEP][PASSED] - return data: null

2023-10-05 11:27:50 - [MESSAGE][PASSED] - Call Test Case 'Test Cases/T13 Pembelian, Shipment dan Pembayaran/PBYA-001' successfully

2023-10-05 11:27:50 - [TEST_STEP][PASSED] - click(findTestObject("admin/Penjualan ke konsumen/buttom Dashboard")): Object: 'Object Repository/admin/Penjualan ke konsumen/buttom Dashboard' is clicked on

2023-10-05 11:27:51 - [MESSAGE][PASSED] - Object: 'Object Repository/admin/Penjualan ke konsumen/buttom Dashboard' is clicked on

2023-10-05 11:27:51 - [TEST_STEP][PASSED] - click(findTestObject("admin/Konf order konsumen/Menu Transaksi Market")): Object: 'Object Repository/admin/Konf order konsumen/Menu Transaksi Market' is clicked on

2023-10-05 11:27:52 - [MESSAGE][PASSED] - Object: 'Object Repository/admin/Konf order konsumen/Menu Transaksi Market' is clicked on

2023-10-05 11:27:52 - [TEST_STEP][PASSED] - click(findTestObject("admin/Penjualan ke konsumen/a_Penjualan ke Konsumen")): Object: 'Object Repository/admin/Penjualan ke konsumen/a_Penjualan ke Konsumen' is clicked on

2023-10-05 11:27:55 - [MESSAGE][PASSED] - Object: 'Object Repository/admin/Penjualan ke konsumen/a_Penjualan ke Konsumen' is clicked on

2023-10-05 11:27:55 - [TEST_STEP][PASSED] - verifyElementPresent(findTestObject("admin/Tittle Data Transaksi Penjualan  Orderan Konsumen"), 0): Object 'Object Repository/admin/Tittle Data Transaksi Penjualan  Orderan Konsumen' is present

2023-10-05 11:27:55 - [MESSAGE][WARNING] - Timeout '0' is invalid. Using default page load timeout: '30'

2023-10-05 11:27:56 - [MESSAGE][PASSED] - Object 'Object Repository/admin/Tittle Data Transaksi Penjualan  Orderan Konsumen' is present

2023-10-05 11:27:56 - [TEST_STEP][PASSED] - return data: null

2023-10-05 11:27:56 - [MESSAGE][PASSED] - Call Test Case 'Test Cases/T13 Pembelian, Shipment dan Pembayaran/SA-001' successfully

2023-10-05 11:27:56 - [TEST_STEP][PASSED] - inv = data.get("invoice"): null

2023-10-05 11:27:56 - [TEST_STEP][PASSED] - setText(findTestObject("admin/Penjualan ke konsumen/Search"), inv): Text 'TRX60.20231005112701' is set on object 'Object Repository/admin/Penjualan ke konsumen/Search'

2023-10-05 11:27:57 - [MESSAGE][PASSED] - Text 'TRX60.20231005112701' is set on object 'Object Repository/admin/Penjualan ke konsumen/Search'

2023-10-05 11:27:57 - [TEST_STEP][PASSED] - click(findTestObject("admin/Penjualan ke konsumen/buttom konfirmasi pending payment")): Object: 'Object Repository/admin/Penjualan ke konsumen/buttom konfirmasi pending payment' is clicked on

2023-10-05 11:27:57 - [MESSAGE][PASSED] - Object: 'Object Repository/admin/Penjualan ke konsumen/buttom konfirmasi pending payment' is clicked on

2023-10-05 11:27:57 - [TEST_STEP][PASSED] - acceptAlert(STOP_ON_FAILURE): Alert accepted

2023-10-05 11:27:57 - [MESSAGE][PASSED] - Alert accepted

2023-10-05 11:27:57 - [TEST_STEP][PASSED] - setText(findTestObject("admin/Penjualan ke konsumen/Search"), inv): Text 'TRX60.20231005112701' is set on object 'Object Repository/admin/Penjualan ke konsumen/Search'

2023-10-05 11:28:08 - [MESSAGE][PASSED] - Text 'TRX60.20231005112701' is set on object 'Object Repository/admin/Penjualan ke konsumen/Search'

2023-10-05 11:28:08 - [TEST_STEP][PASSED] - verifyTextNotPresent("pending payment", false): Text 'pending payment' is not present on page

2023-10-05 11:28:08 - [MESSAGE][PASSED] - Text 'pending payment' is not present on page

2023-10-05 11:28:08 - [TEST_STEP][PASSED] - return data: null

2023-10-05 11:28:08 - [MESSAGE][PASSED] - Call Test Case 'Test Cases/T13 Pembelian, Shipment dan Pembayaran/SA-002' successfully

2023-10-05 11:28:08 - [TEST_STEP][PASSED] - click(findTestObject("admin/Penjualan ke konsumen/buttom scroldown")): Object: 'Object Repository/admin/Penjualan ke konsumen/buttom scroldown' is clicked on

2023-10-05 11:28:09 - [MESSAGE][PASSED] - Object: 'Object Repository/admin/Penjualan ke konsumen/buttom scroldown' is clicked on

2023-10-05 11:28:09 - [TEST_STEP][PASSED] - click(findTestObject("admin/Penjualan ke konsumen/Dikirim")): Object: 'Object Repository/admin/Penjualan ke konsumen/Dikirim' is clicked on

2023-10-05 11:28:09 - [MESSAGE][PASSED] - Object: 'Object Repository/admin/Penjualan ke konsumen/Dikirim' is clicked on

2023-10-05 11:28:09 - [TEST_STEP][PASSED] - acceptAlert(): Alert accepted

2023-10-05 11:28:09 - [MESSAGE][PASSED] - Alert accepted

2023-10-05 11:28:09 - [TEST_STEP][PASSED] - inv = data.get("invoice"): null

2023-10-05 11:28:09 - [TEST_STEP][PASSED] - setText(findTestObject("admin/Penjualan ke konsumen/Search"), inv): Text 'TRX60.20231005112701' is set on object 'Object Repository/admin/Penjualan ke konsumen/Search'

2023-10-05 11:28:19 - [MESSAGE][PASSED] - Text 'TRX60.20231005112701' is set on object 'Object Repository/admin/Penjualan ke konsumen/Search'

2023-10-05 11:28:19 - [TEST_STEP][PASSED] - delay(10): Delayed 10 second(s)

2023-10-05 11:28:29 - [MESSAGE][PASSED] - Delayed 10 second(s)

2023-10-05 11:28:29 - [TEST_STEP][PASSED] - verifyElementText(findTestObject("PROSES PENJUALAN/Dikirim"), "Dikirim"): Actual text and expected text of test object 'Object Repository/PROSES PENJUALAN/Dikirim' are matched.

2023-10-05 11:28:29 - [MESSAGE][PASSED] - Actual text and expected text of test object 'Object Repository/PROSES PENJUALAN/Dikirim' are matched.

2023-10-05 11:28:29 - [TEST_STEP][PASSED] - dikirim = getText(findTestObject("PROSES PENJUALAN/Dikirim")): Text of object 'Object Repository/PROSES PENJUALAN/Dikirim' is: 'Dikirim'

2023-10-05 11:28:30 - [MESSAGE][PASSED] - Text of object 'Object Repository/PROSES PENJUALAN/Dikirim' is: 'Dikirim'

2023-10-05 11:28:30 - [TEST_STEP][PASSED] - data.put("statuskirim", dikirim): null

2023-10-05 11:28:30 - [TEST_STEP][PASSED] - return data: null

2023-10-05 11:28:30 - [MESSAGE][PASSED] - Call Test Case 'Test Cases/T13 Pembelian, Shipment dan Pembayaran/SA-004' successfully

2023-10-05 11:28:30 - [TEST_STEP][PASSED] - openBrowser("https://10.9.2.63/ecommerce/"): Browser is opened with url: 'https://10.9.2.63/ecommerce/'

2023-10-05 11:28:30 - [MESSAGE][WARNING] - A browser is already opened. Closing browser and opening a new one

2023-10-05 11:28:31 - [MESSAGE][INFO] - Starting 'Edge Chromium' driver

2023-10-05 11:28:31 - [MESSAGE][INFO] - User set preference: ['acceptInsecureCerts', 'true']

2023-10-05 11:28:33 - [MESSAGE][INFO] - Action delay is set to 0 milliseconds

2023-10-05 11:28:38 - [MESSAGE][PASSED] - Browser is opened with url: 'https://10.9.2.63/ecommerce/'

2023-10-05 11:28:38 - [TEST_STEP][PASSED] - maximizeWindow(): Current window maximized

2023-10-05 11:28:38 - [MESSAGE][PASSED] - Current window maximized

2023-10-05 11:28:38 - [TEST_STEP][PASSED] - verifyElementPresent(findTestObject("Login/Home"), 0): Object 'Object Repository/Login/Home' is present

2023-10-05 11:28:38 - [MESSAGE][WARNING] - Timeout '0' is invalid. Using default page load timeout: '30'

2023-10-05 11:28:39 - [MESSAGE][PASSED] - Object 'Object Repository/Login/Home' is present

2023-10-05 11:28:39 - [TEST_STEP][PASSED] - click(findTestObject("Login/a_Login")): Object: 'Object Repository/Login/a_Login' is clicked on

2023-10-05 11:28:39 - [MESSAGE][PASSED] - Object: 'Object Repository/Login/a_Login' is clicked on

2023-10-05 11:28:39 - [TEST_STEP][PASSED] - verifyElementPresent(findTestObject("Login/Tittle Login"), 0): Object 'Object Repository/Login/Tittle Login' is present

2023-10-05 11:28:40 - [MESSAGE][WARNING] - Timeout '0' is invalid. Using default page load timeout: '30'

2023-10-05 11:28:40 - [MESSAGE][PASSED] - Object 'Object Repository/Login/Tittle Login' is present

2023-10-05 11:28:40 - [TEST_STEP][PASSED] - setText(findTestObject("Login/input_Username, Email atau No. Handphone_a"), "irfanafandi"): Text 'irfanafandi' is set on object 'Object Repository/Login/input_Username, Email atau No. Handphone_a'

2023-10-05 11:28:41 - [MESSAGE][PASSED] - Text 'irfanafandi' is set on object 'Object Repository/Login/input_Username, Email atau No. Handphone_a'

2023-10-05 11:28:41 - [TEST_STEP][PASSED] - setText(findTestObject("Login/input_Password_b"), "12345irfan"): Text '12345irfan' is set on object 'Object Repository/Login/input_Password_b'

2023-10-05 11:28:42 - [MESSAGE][PASSED] - Text '12345irfan' is set on object 'Object Repository/Login/input_Password_b'

2023-10-05 11:28:42 - [TEST_STEP][PASSED] - click(findTestObject("Login/button_Masuk")): Object: 'Object Repository/Login/button_Masuk' is clicked on

2023-10-05 11:28:44 - [MESSAGE][PASSED] - Object: 'Object Repository/Login/button_Masuk' is clicked on

2023-10-05 11:28:44 - [TEST_STEP][PASSED] - verifyElementPresent(findTestObject("Login/li_Profile"), 0): Object 'Object Repository/Login/li_Profile' is present

2023-10-05 11:28:44 - [MESSAGE][WARNING] - Timeout '0' is invalid. Using default page load timeout: '30'

2023-10-05 11:28:45 - [MESSAGE][PASSED] - Object 'Object Repository/Login/li_Profile' is present

2023-10-05 11:28:45 - [TEST_STEP][PASSED] - click(findTestObject("Konfirmasi pesanan shop/Menu Shop")): Object: 'Object Repository/Konfirmasi pesanan shop/Menu Shop' is clicked on

2023-10-05 11:28:47 - [MESSAGE][PASSED] - Object: 'Object Repository/Konfirmasi pesanan shop/Menu Shop' is clicked on

2023-10-05 11:28:47 - [TEST_STEP][PASSED] - click(findTestObject("Konfirmasi pesanan shop/Menu Shop")): Object: 'Object Repository/Konfirmasi pesanan shop/Menu Shop' is clicked on

2023-10-05 11:28:48 - [MESSAGE][PASSED] - Object: 'Object Repository/Konfirmasi pesanan shop/Menu Shop' is clicked on

2023-10-05 11:28:48 - [TEST_STEP][PASSED] - click(findTestObject("Traking Order/a_Tracking Orders")): Object: 'Object Repository/Traking Order/a_Tracking Orders' is clicked on

2023-10-05 11:28:49 - [MESSAGE][PASSED] - Object: 'Object Repository/Traking Order/a_Tracking Orders' is clicked on

2023-10-05 11:28:49 - [TEST_STEP][PASSED] - verifyElementPresent(findTestObject("Traking Order/Tittle Tracking Order"), 0): Object 'Object Repository/Traking Order/Tittle Tracking Order' is present

2023-10-05 11:28:49 - [MESSAGE][WARNING] - Timeout '0' is invalid. Using default page load timeout: '30'

2023-10-05 11:28:50 - [MESSAGE][PASSED] - Object 'Object Repository/Traking Order/Tittle Tracking Order' is present

2023-10-05 11:28:50 - [TEST_STEP][PASSED] - inv = data.get("invoice"): null

2023-10-05 11:28:50 - [TEST_STEP][PASSED] - setText(findTestObject("Traking Order/input_No Pesanan_a"), inv): Text 'TRX60.20231005112701' is set on object 'Object Repository/Traking Order/input_No Pesanan_a'

2023-10-05 11:28:50 - [MESSAGE][PASSED] - Text 'TRX60.20231005112701' is set on object 'Object Repository/Traking Order/input_No Pesanan_a'

2023-10-05 11:28:50 - [TEST_STEP][PASSED] - setText(findTestObject("Traking Order/input_Alamat E-mail_form-control"), "irfan@gmail.com"): Text 'irfan@gmail.com' is set on object 'Object Repository/Traking Order/input_Alamat E-mail_form-control'

2023-10-05 11:28:51 - [MESSAGE][PASSED] - Text 'irfan@gmail.com' is set on object 'Object Repository/Traking Order/input_Alamat E-mail_form-control'

2023-10-05 11:28:51 - [TEST_STEP][PASSED] - click(findTestObject("Traking Order/button_Lacak Pesanan")): Object: 'Object Repository/Traking Order/button_Lacak Pesanan' is clicked on

2023-10-05 11:28:56 - [MESSAGE][PASSED] - Object: 'Object Repository/Traking Order/button_Lacak Pesanan' is clicked on

2023-10-05 11:28:56 - [TEST_STEP][PASSED] - verifyElementPresent(findTestObject("Traking Order/Tittle nomor transaksi"), 0): Object 'Object Repository/Traking Order/Tittle nomor transaksi' is present

2023-10-05 11:28:56 - [MESSAGE][WARNING] - Timeout '0' is invalid. Using default page load timeout: '30'

2023-10-05 11:28:56 - [MESSAGE][PASSED] - Object 'Object Repository/Traking Order/Tittle nomor transaksi' is present

2023-10-05 11:28:56 - [TEST_STEP][PASSED] - Nama = getText(findTestObject("Object Repository/Traking Order/status traking/Nama Barang tracking order")): Text of object 'Object Repository/Traking Order/status traking/Nama Barang tracking order' is: 'Segitiga Instan Madeira - MDB5.3 Sunset'

2023-10-05 11:28:57 - [MESSAGE][PASSED] - Text of object 'Object Repository/Traking Order/status traking/Nama Barang tracking order' is: 'Segitiga Instan Madeira - MDB5.3 Sunset'

2023-10-05 11:28:57 - [TEST_STEP][PASSED] - Harga = getText(findTestObject("Object Repository/Traking Order/status traking/Harga Barang")): Text of object 'Object Repository/Traking Order/status traking/Harga Barang' is: '1,299'

2023-10-05 11:28:57 - [MESSAGE][PASSED] - Text of object 'Object Repository/Traking Order/status traking/Harga Barang' is: '1,299'

2023-10-05 11:28:57 - [TEST_STEP][PASSED] - name_product = data.get("nama_barang"): null

2023-10-05 11:28:57 - [TEST_STEP][PASSED] - price_product = data.get("price_barang"): null

2023-10-05 11:28:57 - [TEST_STEP][PASSED] - assert name_product.contains(Nama): null

2023-10-05 11:28:57 - [TEST_STEP][PASSED] - assert price_product.contains(Harga): null

2023-10-05 11:28:57 - [TEST_STEP][PASSED] - warnaa = getText(findTestObject("Object Repository/Traking Order/status traking/warna")): Text of object 'Object Repository/Traking Order/status traking/warna' is: 'Merah'

2023-10-05 11:28:58 - [MESSAGE][PASSED] - Text of object 'Object Repository/Traking Order/status traking/warna' is: 'Merah'

2023-10-05 11:28:58 - [TEST_STEP][PASSED] - ukurann = getText(findTestObject("Object Repository/Traking Order/status traking/Ukuruan")): Text of object 'Object Repository/Traking Order/status traking/Ukuruan' is: 'Menengah'

2023-10-05 11:28:58 - [MESSAGE][PASSED] - Text of object 'Object Repository/Traking Order/status traking/Ukuruan' is: 'Menengah'

2023-10-05 11:28:58 - [TEST_STEP][PASSED] - warna1 = data.get("Warna"): null

2023-10-05 11:28:58 - [TEST_STEP][PASSED] - ukuran1 = data.get("Ukuran"): null

2023-10-05 11:28:58 - [TEST_STEP][PASSED] - assert warnaa == warna1: null

2023-10-05 11:28:58 - [TEST_STEP][PASSED] - assert ukurann == ukuran1: null

2023-10-05 11:28:58 - [TEST_STEP][PASSED] - dikirim = getText(findTestObject("Object Repository/Traking Order/status traking/Status traking Dikirim")): Text of object 'Object Repository/Traking Order/status traking/Status traking Dikirim' is: 'Dikirim'

2023-10-05 11:28:58 - [MESSAGE][PASSED] - Text of object 'Object Repository/Traking Order/status traking/Status traking Dikirim' is: 'Dikirim'

2023-10-05 11:28:58 - [TEST_STEP][PASSED] - statusDikirim = data.get("statuskirim"): null

2023-10-05 11:28:58 - [TEST_STEP][PASSED] - assert dikirim == statusDikirim: null]]></system-out>
         <system-err><![CDATA[]]></system-err>
      </testcase>
      <testcase name="Test Cases/T13 Pembelian, Shipment dan Pembayaran/SU-004" time="90.218" classname="Test Cases/T13 Pembelian, Shipment dan Pembayaran/SU-004" status="FAILED">
         <failure type="FAILED" message="Test Cases/T13 Pembelian, Shipment dan Pembayaran/SU-004 FAILED.
Reason:
com.kms.katalon.core.exception.StepFailedException: Call Test Case 'Test Cases/T13 Pembelian, Shipment dan Pembayaran/SA-005' failed
	at com.kms.katalon.core.keyword.builtin.CallTestCaseKeyword$_callTestCase_closure1.doCall(CallTestCaseKeyword.groovy:63)
	at com.kms.katalon.core.keyword.builtin.CallTestCaseKeyword$_callTestCase_closure1.call(CallTestCaseKeyword.groovy)
	at com.kms.katalon.core.keyword.internal.KeywordMain.runKeyword(KeywordMain.groovy:75)
	at com.kms.katalon.core.keyword.builtin.CallTestCaseKeyword.callTestCase(CallTestCaseKeyword.groovy:81)
	at com.kms.katalon.core.keyword.builtin.CallTestCaseKeyword.execute(CallTestCaseKeyword.groovy:44)
	at com.kms.katalon.core.keyword.internal.KeywordExecutor.executeKeywordForPlatform(KeywordExecutor.groovy:74)
	at com.kms.katalon.core.keyword.BuiltinKeywords.callTestCase(BuiltinKeywords.groovy:310)
	at SU-004.run(SU-004:20)
	at com.kms.katalon.core.main.ScriptEngine.run(ScriptEngine.java:194)
	at com.kms.katalon.core.main.ScriptEngine.runScriptAsRawText(ScriptEngine.java:119)
	at com.kms.katalon.core.main.TestCaseExecutor.runScript(TestCaseExecutor.java:448)
	at com.kms.katalon.core.main.TestCaseExecutor.doExecute(TestCaseExecutor.java:439)
	at com.kms.katalon.core.main.TestCaseExecutor.processExecutionPhase(TestCaseExecutor.java:418)
	at com.kms.katalon.core.main.TestCaseExecutor.accessMainPhase(TestCaseExecutor.java:410)
	at com.kms.katalon.core.main.TestCaseExecutor.execute(TestCaseExecutor.java:285)
	at com.kms.katalon.core.common.CommonExecutor.accessTestCaseMainPhase(CommonExecutor.java:65)
	at com.kms.katalon.core.main.TestSuiteExecutor.accessTestSuiteMainPhase(TestSuiteExecutor.java:148)
	at com.kms.katalon.core.main.TestSuiteExecutor.execute(TestSuiteExecutor.java:106)
	at com.kms.katalon.core.main.TestCaseMain.startTestSuite(TestCaseMain.java:187)
	at com.kms.katalon.core.main.TestCaseMain$startTestSuite$0.call(Unknown Source)
	at TempTestSuite1696477503821.run(TempTestSuite1696477503821.groovy:36)
Caused by: com.kms.katalon.core.exception.StepFailedException: Call Test Case 'Test Cases/T13 Pembelian, Shipment dan Pembayaran/SA-002' failed
	at com.kms.katalon.core.keyword.builtin.CallTestCaseKeyword$_callTestCase_closure1.doCall(CallTestCaseKeyword.groovy:63)
	at com.kms.katalon.core.keyword.builtin.CallTestCaseKeyword$_callTestCase_closure1.call(CallTestCaseKeyword.groovy)
	at com.kms.katalon.core.keyword.internal.KeywordMain.runKeyword(KeywordMain.groovy:75)
	at com.kms.katalon.core.keyword.builtin.CallTestCaseKeyword.callTestCase(CallTestCaseKeyword.groovy:81)
	at com.kms.katalon.core.keyword.builtin.CallTestCaseKeyword.execute(CallTestCaseKeyword.groovy:44)
	at com.kms.katalon.core.keyword.internal.KeywordExecutor.executeKeywordForPlatform(KeywordExecutor.groovy:74)
	at com.kms.katalon.core.keyword.BuiltinKeywords.callTestCase(BuiltinKeywords.groovy:310)
	at SA-005.run(SA-005:20)
	at com.kms.katalon.core.main.ScriptEngine.run(ScriptEngine.java:194)
	at com.kms.katalon.core.main.ScriptEngine.runScriptAsRawText(ScriptEngine.java:119)
	at com.kms.katalon.core.main.TestCaseExecutor.runScript(TestCaseExecutor.java:448)
	at com.kms.katalon.core.main.TestCaseExecutor.doExecute(TestCaseExecutor.java:439)
	at com.kms.katalon.core.main.TestCaseExecutor.processExecutionPhase(TestCaseExecutor.java:418)
	at com.kms.katalon.core.main.TestCaseExecutor.accessMainPhase(TestCaseExecutor.java:410)
	at com.kms.katalon.core.main.TestCaseExecutor.execute(TestCaseExecutor.java:285)
	at com.kms.katalon.core.main.TestCaseMain.runTestCase(TestCaseMain.java:144)
	at com.kms.katalon.core.keyword.builtin.CallTestCaseKeyword$_callTestCase_closure1.doCall(CallTestCaseKeyword.groovy:59)
	... 20 more
Caused by: com.kms.katalon.core.exception.StepFailedException: Unable to accept alert
	at com.kms.katalon.core.webui.keyword.internal.WebUIKeywordMain.stepFailed(WebUIKeywordMain.groovy:64)
	at com.kms.katalon.core.webui.keyword.internal.WebUIKeywordMain.runKeyword(WebUIKeywordMain.groovy:26)
	at com.kms.katalon.core.webui.keyword.builtin.AcceptAlertKeyword.acceptAlert(AcceptAlertKeyword.groovy:71)
	at com.kms.katalon.core.webui.keyword.builtin.AcceptAlertKeyword.execute(AcceptAlertKeyword.groovy:66)
	at com.kms.katalon.core.keyword.internal.KeywordExecutor.executeKeywordForPlatform(KeywordExecutor.groovy:74)
	at com.kms.katalon.core.webui.keyword.WebUiBuiltInKeywords.acceptAlert(WebUiBuiltInKeywords.groovy:1510)
	at com.kms.katalon.core.webui.keyword.WebUiBuiltInKeywords$acceptAlert$16.call(Unknown Source)
	at SA-002.run(SA-002:29)
	at com.kms.katalon.core.main.ScriptEngine.run(ScriptEngine.java:194)
	at com.kms.katalon.core.main.ScriptEngine.runScriptAsRawText(ScriptEngine.java:119)
	at com.kms.katalon.core.main.TestCaseExecutor.runScript(TestCaseExecutor.java:448)
	at com.kms.katalon.core.main.TestCaseExecutor.doExecute(TestCaseExecutor.java:439)
	at com.kms.katalon.core.main.TestCaseExecutor.processExecutionPhase(TestCaseExecutor.java:418)
	at com.kms.katalon.core.main.TestCaseExecutor.accessMainPhase(TestCaseExecutor.java:410)
	at com.kms.katalon.core.main.TestCaseExecutor.execute(TestCaseExecutor.java:285)
	at com.kms.katalon.core.main.TestCaseMain.runTestCase(TestCaseMain.java:144)
	at com.kms.katalon.core.keyword.builtin.CallTestCaseKeyword$_callTestCase_closure1.doCall(CallTestCaseKeyword.groovy:59)
	... 36 more
Caused by: com.kms.katalon.core.exception.StepFailedException: No alert found
	at com.kms.katalon.core.webui.keyword.internal.WebUIKeywordMain.stepFailed(WebUIKeywordMain.groovy:64)
	at com.kms.katalon.core.webui.keyword.builtin.AcceptAlertKeyword$_acceptAlert_closure1.doCall(AcceptAlertKeyword.groovy:78)
	at com.kms.katalon.core.webui.keyword.builtin.AcceptAlertKeyword$_acceptAlert_closure1.call(AcceptAlertKeyword.groovy)
	at com.kms.katalon.core.webui.keyword.internal.WebUIKeywordMain.runKeyword(WebUIKeywordMain.groovy:20)
	... 51 more
"/>
         <system-out><![CDATA[2023-10-05 11:28:58 - [TEST_CASE][FAILED] - Test Cases/T13 Pembelian, Shipment dan Pembayaran/SU-004: Test Cases/T13 Pembelian, Shipment dan Pembayaran/SU-004 FAILED.
Reason:
com.kms.katalon.core.exception.StepFailedException: Call Test Case 'Test Cases/T13 Pembelian, Shipment dan Pembayaran/SA-005' failed
	at com.kms.katalon.core.keyword.builtin.CallTestCaseKeyword$_callTestCase_closure1.doCall(CallTestCaseKeyword.groovy:63)
	at com.kms.katalon.core.keyword.builtin.CallTestCaseKeyword$_callTestCase_closure1.call(CallTestCaseKeyword.groovy)
	at com.kms.katalon.core.keyword.internal.KeywordMain.runKeyword(KeywordMain.groovy:75)
	at com.kms.katalon.core.keyword.builtin.CallTestCaseKeyword.callTestCase(CallTestCaseKeyword.groovy:81)
	at com.kms.katalon.core.keyword.builtin.CallTestCaseKeyword.execute(CallTestCaseKeyword.groovy:44)
	at com.kms.katalon.core.keyword.internal.KeywordExecutor.executeKeywordForPlatform(KeywordExecutor.groovy:74)
	at com.kms.katalon.core.keyword.BuiltinKeywords.callTestCase(BuiltinKeywords.groovy:310)
	at SU-004.run(SU-004:20)
	at com.kms.katalon.core.main.ScriptEngine.run(ScriptEngine.java:194)
	at com.kms.katalon.core.main.ScriptEngine.runScriptAsRawText(ScriptEngine.java:119)
	at com.kms.katalon.core.main.TestCaseExecutor.runScript(TestCaseExecutor.java:448)
	at com.kms.katalon.core.main.TestCaseExecutor.doExecute(TestCaseExecutor.java:439)
	at com.kms.katalon.core.main.TestCaseExecutor.processExecutionPhase(TestCaseExecutor.java:418)
	at com.kms.katalon.core.main.TestCaseExecutor.accessMainPhase(TestCaseExecutor.java:410)
	at com.kms.katalon.core.main.TestCaseExecutor.execute(TestCaseExecutor.java:285)
	at com.kms.katalon.core.common.CommonExecutor.accessTestCaseMainPhase(CommonExecutor.java:65)
	at com.kms.katalon.core.main.TestSuiteExecutor.accessTestSuiteMainPhase(TestSuiteExecutor.java:148)
	at com.kms.katalon.core.main.TestSuiteExecutor.execute(TestSuiteExecutor.java:106)
	at com.kms.katalon.core.main.TestCaseMain.startTestSuite(TestCaseMain.java:187)
	at com.kms.katalon.core.main.TestCaseMain$startTestSuite$0.call(Unknown Source)
	at TempTestSuite1696477503821.run(TempTestSuite1696477503821.groovy:36)
Caused by: com.kms.katalon.core.exception.StepFailedException: Call Test Case 'Test Cases/T13 Pembelian, Shipment dan Pembayaran/SA-002' failed
	at com.kms.katalon.core.keyword.builtin.CallTestCaseKeyword$_callTestCase_closure1.doCall(CallTestCaseKeyword.groovy:63)
	at com.kms.katalon.core.keyword.builtin.CallTestCaseKeyword$_callTestCase_closure1.call(CallTestCaseKeyword.groovy)
	at com.kms.katalon.core.keyword.internal.KeywordMain.runKeyword(KeywordMain.groovy:75)
	at com.kms.katalon.core.keyword.builtin.CallTestCaseKeyword.callTestCase(CallTestCaseKeyword.groovy:81)
	at com.kms.katalon.core.keyword.builtin.CallTestCaseKeyword.execute(CallTestCaseKeyword.groovy:44)
	at com.kms.katalon.core.keyword.internal.KeywordExecutor.executeKeywordForPlatform(KeywordExecutor.groovy:74)
	at com.kms.katalon.core.keyword.BuiltinKeywords.callTestCase(BuiltinKeywords.groovy:310)
	at SA-005.run(SA-005:20)
	at com.kms.katalon.core.main.ScriptEngine.run(ScriptEngine.java:194)
	at com.kms.katalon.core.main.ScriptEngine.runScriptAsRawText(ScriptEngine.java:119)
	at com.kms.katalon.core.main.TestCaseExecutor.runScript(TestCaseExecutor.java:448)
	at com.kms.katalon.core.main.TestCaseExecutor.doExecute(TestCaseExecutor.java:439)
	at com.kms.katalon.core.main.TestCaseExecutor.processExecutionPhase(TestCaseExecutor.java:418)
	at com.kms.katalon.core.main.TestCaseExecutor.accessMainPhase(TestCaseExecutor.java:410)
	at com.kms.katalon.core.main.TestCaseExecutor.execute(TestCaseExecutor.java:285)
	at com.kms.katalon.core.main.TestCaseMain.runTestCase(TestCaseMain.java:144)
	at com.kms.katalon.core.keyword.builtin.CallTestCaseKeyword$_callTestCase_closure1.doCall(CallTestCaseKeyword.groovy:59)
	... 20 more
Caused by: com.kms.katalon.core.exception.StepFailedException: Unable to accept alert
	at com.kms.katalon.core.webui.keyword.internal.WebUIKeywordMain.stepFailed(WebUIKeywordMain.groovy:64)
	at com.kms.katalon.core.webui.keyword.internal.WebUIKeywordMain.runKeyword(WebUIKeywordMain.groovy:26)
	at com.kms.katalon.core.webui.keyword.builtin.AcceptAlertKeyword.acceptAlert(AcceptAlertKeyword.groovy:71)
	at com.kms.katalon.core.webui.keyword.builtin.AcceptAlertKeyword.execute(AcceptAlertKeyword.groovy:66)
	at com.kms.katalon.core.keyword.internal.KeywordExecutor.executeKeywordForPlatform(KeywordExecutor.groovy:74)
	at com.kms.katalon.core.webui.keyword.WebUiBuiltInKeywords.acceptAlert(WebUiBuiltInKeywords.groovy:1510)
	at com.kms.katalon.core.webui.keyword.WebUiBuiltInKeywords$acceptAlert$16.call(Unknown Source)
	at SA-002.run(SA-002:29)
	at com.kms.katalon.core.main.ScriptEngine.run(ScriptEngine.java:194)
	at com.kms.katalon.core.main.ScriptEngine.runScriptAsRawText(ScriptEngine.java:119)
	at com.kms.katalon.core.main.TestCaseExecutor.runScript(TestCaseExecutor.java:448)
	at com.kms.katalon.core.main.TestCaseExecutor.doExecute(TestCaseExecutor.java:439)
	at com.kms.katalon.core.main.TestCaseExecutor.processExecutionPhase(TestCaseExecutor.java:418)
	at com.kms.katalon.core.main.TestCaseExecutor.accessMainPhase(TestCaseExecutor.java:410)
	at com.kms.katalon.core.main.TestCaseExecutor.execute(TestCaseExecutor.java:285)
	at com.kms.katalon.core.main.TestCaseMain.runTestCase(TestCaseMain.java:144)
	at com.kms.katalon.core.keyword.builtin.CallTestCaseKeyword$_callTestCase_closure1.doCall(CallTestCaseKeyword.groovy:59)
	... 36 more
Caused by: com.kms.katalon.core.exception.StepFailedException: No alert found
	at com.kms.katalon.core.webui.keyword.internal.WebUIKeywordMain.stepFailed(WebUIKeywordMain.groovy:64)
	at com.kms.katalon.core.webui.keyword.builtin.AcceptAlertKeyword$_acceptAlert_closure1.doCall(AcceptAlertKeyword.groovy:78)
	at com.kms.katalon.core.webui.keyword.builtin.AcceptAlertKeyword$_acceptAlert_closure1.call(AcceptAlertKeyword.groovy)
	at com.kms.katalon.core.webui.keyword.internal.WebUIKeywordMain.runKeyword(WebUIKeywordMain.groovy:20)
	... 51 more


2023-10-05 11:28:59 - [TEST_STEP][FAILED] - data = callTestCase(findTestCase("T13 Pembelian, Shipment dan Pembayaran/SA-005"), [:], STOP_ON_FAILURE): Unable to call Test Case 'Test Cases/T13 Pembelian, Shipment dan Pembayaran/SA-005' (Root cause: com.kms.katalon.core.exception.StepFailedException: Call Test Case 'Test Cases/T13 Pembelian, Shipment dan Pembayaran/SA-005' failed
	at com.kms.katalon.core.keyword.builtin.CallTestCaseKeyword$_callTestCase_closure1.doCall(CallTestCaseKeyword.groovy:63)
	at com.kms.katalon.core.keyword.builtin.CallTestCaseKeyword$_callTestCase_closure1.call(CallTestCaseKeyword.groovy)
	at com.kms.katalon.core.keyword.internal.KeywordMain.runKeyword(KeywordMain.groovy:75)
	at com.kms.katalon.core.keyword.builtin.CallTestCaseKeyword.callTestCase(CallTestCaseKeyword.groovy:81)
	at com.kms.katalon.core.keyword.builtin.CallTestCaseKeyword.execute(CallTestCaseKeyword.groovy:44)
	at com.kms.katalon.core.keyword.internal.KeywordExecutor.executeKeywordForPlatform(KeywordExecutor.groovy:74)
	at com.kms.katalon.core.keyword.BuiltinKeywords.callTestCase(BuiltinKeywords.groovy:310)
	at SU-004.run(SU-004:20)
	at com.kms.katalon.core.main.ScriptEngine.run(ScriptEngine.java:194)
	at com.kms.katalon.core.main.ScriptEngine.runScriptAsRawText(ScriptEngine.java:119)
	at com.kms.katalon.core.main.TestCaseExecutor.runScript(TestCaseExecutor.java:448)
	at com.kms.katalon.core.main.TestCaseExecutor.doExecute(TestCaseExecutor.java:439)
	at com.kms.katalon.core.main.TestCaseExecutor.processExecutionPhase(TestCaseExecutor.java:418)
	at com.kms.katalon.core.main.TestCaseExecutor.accessMainPhase(TestCaseExecutor.java:410)
	at com.kms.katalon.core.main.TestCaseExecutor.execute(TestCaseExecutor.java:285)
	at com.kms.katalon.core.common.CommonExecutor.accessTestCaseMainPhase(CommonExecutor.java:65)
	at com.kms.katalon.core.main.TestSuiteExecutor.accessTestSuiteMainPhase(TestSuiteExecutor.java:148)
	at com.kms.katalon.core.main.TestSuiteExecutor.execute(TestSuiteExecutor.java:106)
	at com.kms.katalon.core.main.TestCaseMain.startTestSuite(TestCaseMain.java:187)
	at com.kms.katalon.core.main.TestCaseMain$startTestSuite$0.call(Unknown Source)
	at TempTestSuite1696477503821.run(TempTestSuite1696477503821.groovy:36)
Caused by: com.kms.katalon.core.exception.StepFailedException: Call Test Case 'Test Cases/T13 Pembelian, Shipment dan Pembayaran/SA-002' failed
	at com.kms.katalon.core.keyword.builtin.CallTestCaseKeyword$_callTestCase_closure1.doCall(CallTestCaseKeyword.groovy:63)
	at com.kms.katalon.core.keyword.builtin.CallTestCaseKeyword$_callTestCase_closure1.call(CallTestCaseKeyword.groovy)
	at com.kms.katalon.core.keyword.internal.KeywordMain.runKeyword(KeywordMain.groovy:75)
	at com.kms.katalon.core.keyword.builtin.CallTestCaseKeyword.callTestCase(CallTestCaseKeyword.groovy:81)
	at com.kms.katalon.core.keyword.builtin.CallTestCaseKeyword.execute(CallTestCaseKeyword.groovy:44)
	at com.kms.katalon.core.keyword.internal.KeywordExecutor.executeKeywordForPlatform(KeywordExecutor.groovy:74)
	at com.kms.katalon.core.keyword.BuiltinKeywords.callTestCase(BuiltinKeywords.groovy:310)
	at SA-005.run(SA-005:20)
	at com.kms.katalon.core.main.ScriptEngine.run(ScriptEngine.java:194)
	at com.kms.katalon.core.main.ScriptEngine.runScriptAsRawText(ScriptEngine.java:119)
	at com.kms.katalon.core.main.TestCaseExecutor.runScript(TestCaseExecutor.java:448)
	at com.kms.katalon.core.main.TestCaseExecutor.doExecute(TestCaseExecutor.java:439)
	at com.kms.katalon.core.main.TestCaseExecutor.processExecutionPhase(TestCaseExecutor.java:418)
	at com.kms.katalon.core.main.TestCaseExecutor.accessMainPhase(TestCaseExecutor.java:410)
	at com.kms.katalon.core.main.TestCaseExecutor.execute(TestCaseExecutor.java:285)
	at com.kms.katalon.core.main.TestCaseMain.runTestCase(TestCaseMain.java:144)
	at com.kms.katalon.core.keyword.builtin.CallTestCaseKeyword$_callTestCase_closure1.doCall(CallTestCaseKeyword.groovy:59)
	... 20 more
Caused by: com.kms.katalon.core.exception.StepFailedException: Unable to accept alert
	at com.kms.katalon.core.webui.keyword.internal.WebUIKeywordMain.stepFailed(WebUIKeywordMain.groovy:64)
	at com.kms.katalon.core.webui.keyword.internal.WebUIKeywordMain.runKeyword(WebUIKeywordMain.groovy:26)
	at com.kms.katalon.core.webui.keyword.builtin.AcceptAlertKeyword.acceptAlert(AcceptAlertKeyword.groovy:71)
	at com.kms.katalon.core.webui.keyword.builtin.AcceptAlertKeyword.execute(AcceptAlertKeyword.groovy:66)
	at com.kms.katalon.core.keyword.internal.KeywordExecutor.executeKeywordForPlatform(KeywordExecutor.groovy:74)
	at com.kms.katalon.core.webui.keyword.WebUiBuiltInKeywords.acceptAlert(WebUiBuiltInKeywords.groovy:1510)
	at com.kms.katalon.core.webui.keyword.WebUiBuiltInKeywords$acceptAlert$16.call(Unknown Source)
	at SA-002.run(SA-002:29)
	at com.kms.katalon.core.main.ScriptEngine.run(ScriptEngine.java:194)
	at com.kms.katalon.core.main.ScriptEngine.runScriptAsRawText(ScriptEngine.java:119)
	at com.kms.katalon.core.main.TestCaseExecutor.runScript(TestCaseExecutor.java:448)
	at com.kms.katalon.core.main.TestCaseExecutor.doExecute(TestCaseExecutor.java:439)
	at com.kms.katalon.core.main.TestCaseExecutor.processExecutionPhase(TestCaseExecutor.java:418)
	at com.kms.katalon.core.main.TestCaseExecutor.accessMainPhase(TestCaseExecutor.java:410)
	at com.kms.katalon.core.main.TestCaseExecutor.execute(TestCaseExecutor.java:285)
	at com.kms.katalon.core.main.TestCaseMain.runTestCase(TestCaseMain.java:144)
	at com.kms.katalon.core.keyword.builtin.CallTestCaseKeyword$_callTestCase_closure1.doCall(CallTestCaseKeyword.groovy:59)
	... 36 more
Caused by: com.kms.katalon.core.exception.StepFailedException: No alert found
	at com.kms.katalon.core.webui.keyword.internal.WebUIKeywordMain.stepFailed(WebUIKeywordMain.groovy:64)
	at com.kms.katalon.core.webui.keyword.builtin.AcceptAlertKeyword$_acceptAlert_closure1.doCall(AcceptAlertKeyword.groovy:78)
	at com.kms.katalon.core.webui.keyword.builtin.AcceptAlertKeyword$_acceptAlert_closure1.call(AcceptAlertKeyword.groovy)
	at com.kms.katalon.core.webui.keyword.internal.WebUIKeywordMain.runKeyword(WebUIKeywordMain.groovy:20)
	... 51 more
)

2023-10-05 11:28:59 - [TEST_CASE][FAILED] - Test Cases/T13 Pembelian, Shipment dan Pembayaran/SA-005: Test Cases/T13 Pembelian, Shipment dan Pembayaran/SA-005 FAILED.
Reason:
com.kms.katalon.core.exception.StepFailedException: Call Test Case 'Test Cases/T13 Pembelian, Shipment dan Pembayaran/SA-002' failed
	at com.kms.katalon.core.keyword.builtin.CallTestCaseKeyword$_callTestCase_closure1.doCall(CallTestCaseKeyword.groovy:63)
	at com.kms.katalon.core.keyword.builtin.CallTestCaseKeyword$_callTestCase_closure1.call(CallTestCaseKeyword.groovy)
	at com.kms.katalon.core.keyword.internal.KeywordMain.runKeyword(KeywordMain.groovy:75)
	at com.kms.katalon.core.keyword.builtin.CallTestCaseKeyword.callTestCase(CallTestCaseKeyword.groovy:81)
	at com.kms.katalon.core.keyword.builtin.CallTestCaseKeyword.execute(CallTestCaseKeyword.groovy:44)
	at com.kms.katalon.core.keyword.internal.KeywordExecutor.executeKeywordForPlatform(KeywordExecutor.groovy:74)
	at com.kms.katalon.core.keyword.BuiltinKeywords.callTestCase(BuiltinKeywords.groovy:310)
	at SA-005.run(SA-005:20)
	at com.kms.katalon.core.main.ScriptEngine.run(ScriptEngine.java:194)
	at com.kms.katalon.core.main.ScriptEngine.runScriptAsRawText(ScriptEngine.java:119)
	at com.kms.katalon.core.main.TestCaseExecutor.runScript(TestCaseExecutor.java:448)
	at com.kms.katalon.core.main.TestCaseExecutor.doExecute(TestCaseExecutor.java:439)
	at com.kms.katalon.core.main.TestCaseExecutor.processExecutionPhase(TestCaseExecutor.java:418)
	at com.kms.katalon.core.main.TestCaseExecutor.accessMainPhase(TestCaseExecutor.java:410)
	at com.kms.katalon.core.main.TestCaseExecutor.execute(TestCaseExecutor.java:285)
	at com.kms.katalon.core.main.TestCaseMain.runTestCase(TestCaseMain.java:144)
	at com.kms.katalon.core.keyword.builtin.CallTestCaseKeyword$_callTestCase_closure1.doCall(CallTestCaseKeyword.groovy:59)
	at com.kms.katalon.core.keyword.builtin.CallTestCaseKeyword$_callTestCase_closure1.call(CallTestCaseKeyword.groovy)
	at com.kms.katalon.core.keyword.internal.KeywordMain.runKeyword(KeywordMain.groovy:75)
	at com.kms.katalon.core.keyword.builtin.CallTestCaseKeyword.callTestCase(CallTestCaseKeyword.groovy:81)
	at com.kms.katalon.core.keyword.builtin.CallTestCaseKeyword.execute(CallTestCaseKeyword.groovy:44)
	at com.kms.katalon.core.keyword.internal.KeywordExecutor.executeKeywordForPlatform(KeywordExecutor.groovy:74)
	at com.kms.katalon.core.keyword.BuiltinKeywords.callTestCase(BuiltinKeywords.groovy:310)
	at SU-004.run(SU-004:20)
	at com.kms.katalon.core.main.ScriptEngine.run(ScriptEngine.java:194)
	at com.kms.katalon.core.main.ScriptEngine.runScriptAsRawText(ScriptEngine.java:119)
	at com.kms.katalon.core.main.TestCaseExecutor.runScript(TestCaseExecutor.java:448)
	at com.kms.katalon.core.main.TestCaseExecutor.doExecute(TestCaseExecutor.java:439)
	at com.kms.katalon.core.main.TestCaseExecutor.processExecutionPhase(TestCaseExecutor.java:418)
	at com.kms.katalon.core.main.TestCaseExecutor.accessMainPhase(TestCaseExecutor.java:410)
	at com.kms.katalon.core.main.TestCaseExecutor.execute(TestCaseExecutor.java:285)
	at com.kms.katalon.core.common.CommonExecutor.accessTestCaseMainPhase(CommonExecutor.java:65)
	at com.kms.katalon.core.main.TestSuiteExecutor.accessTestSuiteMainPhase(TestSuiteExecutor.java:148)
	at com.kms.katalon.core.main.TestSuiteExecutor.execute(TestSuiteExecutor.java:106)
	at com.kms.katalon.core.main.TestCaseMain.startTestSuite(TestCaseMain.java:187)
	at com.kms.katalon.core.main.TestCaseMain$startTestSuite$0.call(Unknown Source)
	at TempTestSuite1696477503821.run(TempTestSuite1696477503821.groovy:36)
Caused by: com.kms.katalon.core.exception.StepFailedException: Unable to accept alert
	at com.kms.katalon.core.webui.keyword.internal.WebUIKeywordMain.stepFailed(WebUIKeywordMain.groovy:64)
	at com.kms.katalon.core.webui.keyword.internal.WebUIKeywordMain.runKeyword(WebUIKeywordMain.groovy:26)
	at com.kms.katalon.core.webui.keyword.builtin.AcceptAlertKeyword.acceptAlert(AcceptAlertKeyword.groovy:71)
	at com.kms.katalon.core.webui.keyword.builtin.AcceptAlertKeyword.execute(AcceptAlertKeyword.groovy:66)
	at com.kms.katalon.core.keyword.internal.KeywordExecutor.executeKeywordForPlatform(KeywordExecutor.groovy:74)
	at com.kms.katalon.core.webui.keyword.WebUiBuiltInKeywords.acceptAlert(WebUiBuiltInKeywords.groovy:1510)
	at com.kms.katalon.core.webui.keyword.WebUiBuiltInKeywords$acceptAlert$16.call(Unknown Source)
	at SA-002.run(SA-002:29)
	at com.kms.katalon.core.main.ScriptEngine.run(ScriptEngine.java:194)
	at com.kms.katalon.core.main.ScriptEngine.runScriptAsRawText(ScriptEngine.java:119)
	at com.kms.katalon.core.main.TestCaseExecutor.runScript(TestCaseExecutor.java:448)
	at com.kms.katalon.core.main.TestCaseExecutor.doExecute(TestCaseExecutor.java:439)
	at com.kms.katalon.core.main.TestCaseExecutor.processExecutionPhase(TestCaseExecutor.java:418)
	at com.kms.katalon.core.main.TestCaseExecutor.accessMainPhase(TestCaseExecutor.java:410)
	at com.kms.katalon.core.main.TestCaseExecutor.execute(TestCaseExecutor.java:285)
	at com.kms.katalon.core.main.TestCaseMain.runTestCase(TestCaseMain.java:144)
	at com.kms.katalon.core.keyword.builtin.CallTestCaseKeyword$_callTestCase_closure1.doCall(CallTestCaseKeyword.groovy:59)
	... 36 more
Caused by: com.kms.katalon.core.exception.StepFailedException: No alert found
	at com.kms.katalon.core.webui.keyword.internal.WebUIKeywordMain.stepFailed(WebUIKeywordMain.groovy:64)
	at com.kms.katalon.core.webui.keyword.builtin.AcceptAlertKeyword$_acceptAlert_closure1.doCall(AcceptAlertKeyword.groovy:78)
	at com.kms.katalon.core.webui.keyword.builtin.AcceptAlertKeyword$_acceptAlert_closure1.call(AcceptAlertKeyword.groovy)
	at com.kms.katalon.core.webui.keyword.internal.WebUIKeywordMain.runKeyword(WebUIKeywordMain.groovy:20)
	... 51 more


2023-10-05 11:28:59 - [TEST_STEP][FAILED] - data = callTestCase(findTestCase("T13 Pembelian, Shipment dan Pembayaran/SA-002"), [:], STOP_ON_FAILURE): Unable to call Test Case 'Test Cases/T13 Pembelian, Shipment dan Pembayaran/SA-002' (Root cause: com.kms.katalon.core.exception.StepFailedException: Call Test Case 'Test Cases/T13 Pembelian, Shipment dan Pembayaran/SA-002' failed
	at com.kms.katalon.core.keyword.builtin.CallTestCaseKeyword$_callTestCase_closure1.doCall(CallTestCaseKeyword.groovy:63)
	at com.kms.katalon.core.keyword.builtin.CallTestCaseKeyword$_callTestCase_closure1.call(CallTestCaseKeyword.groovy)
	at com.kms.katalon.core.keyword.internal.KeywordMain.runKeyword(KeywordMain.groovy:75)
	at com.kms.katalon.core.keyword.builtin.CallTestCaseKeyword.callTestCase(CallTestCaseKeyword.groovy:81)
	at com.kms.katalon.core.keyword.builtin.CallTestCaseKeyword.execute(CallTestCaseKeyword.groovy:44)
	at com.kms.katalon.core.keyword.internal.KeywordExecutor.executeKeywordForPlatform(KeywordExecutor.groovy:74)
	at com.kms.katalon.core.keyword.BuiltinKeywords.callTestCase(BuiltinKeywords.groovy:310)
	at SA-005.run(SA-005:20)
	at com.kms.katalon.core.main.ScriptEngine.run(ScriptEngine.java:194)
	at com.kms.katalon.core.main.ScriptEngine.runScriptAsRawText(ScriptEngine.java:119)
	at com.kms.katalon.core.main.TestCaseExecutor.runScript(TestCaseExecutor.java:448)
	at com.kms.katalon.core.main.TestCaseExecutor.doExecute(TestCaseExecutor.java:439)
	at com.kms.katalon.core.main.TestCaseExecutor.processExecutionPhase(TestCaseExecutor.java:418)
	at com.kms.katalon.core.main.TestCaseExecutor.accessMainPhase(TestCaseExecutor.java:410)
	at com.kms.katalon.core.main.TestCaseExecutor.execute(TestCaseExecutor.java:285)
	at com.kms.katalon.core.main.TestCaseMain.runTestCase(TestCaseMain.java:144)
	at com.kms.katalon.core.keyword.builtin.CallTestCaseKeyword$_callTestCase_closure1.doCall(CallTestCaseKeyword.groovy:59)
	at com.kms.katalon.core.keyword.builtin.CallTestCaseKeyword$_callTestCase_closure1.call(CallTestCaseKeyword.groovy)
	at com.kms.katalon.core.keyword.internal.KeywordMain.runKeyword(KeywordMain.groovy:75)
	at com.kms.katalon.core.keyword.builtin.CallTestCaseKeyword.callTestCase(CallTestCaseKeyword.groovy:81)
	at com.kms.katalon.core.keyword.builtin.CallTestCaseKeyword.execute(CallTestCaseKeyword.groovy:44)
	at com.kms.katalon.core.keyword.internal.KeywordExecutor.executeKeywordForPlatform(KeywordExecutor.groovy:74)
	at com.kms.katalon.core.keyword.BuiltinKeywords.callTestCase(BuiltinKeywords.groovy:310)
	at SU-004.run(SU-004:20)
	at com.kms.katalon.core.main.ScriptEngine.run(ScriptEngine.java:194)
	at com.kms.katalon.core.main.ScriptEngine.runScriptAsRawText(ScriptEngine.java:119)
	at com.kms.katalon.core.main.TestCaseExecutor.runScript(TestCaseExecutor.java:448)
	at com.kms.katalon.core.main.TestCaseExecutor.doExecute(TestCaseExecutor.java:439)
	at com.kms.katalon.core.main.TestCaseExecutor.processExecutionPhase(TestCaseExecutor.java:418)
	at com.kms.katalon.core.main.TestCaseExecutor.accessMainPhase(TestCaseExecutor.java:410)
	at com.kms.katalon.core.main.TestCaseExecutor.execute(TestCaseExecutor.java:285)
	at com.kms.katalon.core.common.CommonExecutor.accessTestCaseMainPhase(CommonExecutor.java:65)
	at com.kms.katalon.core.main.TestSuiteExecutor.accessTestSuiteMainPhase(TestSuiteExecutor.java:148)
	at com.kms.katalon.core.main.TestSuiteExecutor.execute(TestSuiteExecutor.java:106)
	at com.kms.katalon.core.main.TestCaseMain.startTestSuite(TestCaseMain.java:187)
	at com.kms.katalon.core.main.TestCaseMain$startTestSuite$0.call(Unknown Source)
	at TempTestSuite1696477503821.run(TempTestSuite1696477503821.groovy:36)
Caused by: com.kms.katalon.core.exception.StepFailedException: Unable to accept alert
	at com.kms.katalon.core.webui.keyword.internal.WebUIKeywordMain.stepFailed(WebUIKeywordMain.groovy:64)
	at com.kms.katalon.core.webui.keyword.internal.WebUIKeywordMain.runKeyword(WebUIKeywordMain.groovy:26)
	at com.kms.katalon.core.webui.keyword.builtin.AcceptAlertKeyword.acceptAlert(AcceptAlertKeyword.groovy:71)
	at com.kms.katalon.core.webui.keyword.builtin.AcceptAlertKeyword.execute(AcceptAlertKeyword.groovy:66)
	at com.kms.katalon.core.keyword.internal.KeywordExecutor.executeKeywordForPlatform(KeywordExecutor.groovy:74)
	at com.kms.katalon.core.webui.keyword.WebUiBuiltInKeywords.acceptAlert(WebUiBuiltInKeywords.groovy:1510)
	at com.kms.katalon.core.webui.keyword.WebUiBuiltInKeywords$acceptAlert$16.call(Unknown Source)
	at SA-002.run(SA-002:29)
	at com.kms.katalon.core.main.ScriptEngine.run(ScriptEngine.java:194)
	at com.kms.katalon.core.main.ScriptEngine.runScriptAsRawText(ScriptEngine.java:119)
	at com.kms.katalon.core.main.TestCaseExecutor.runScript(TestCaseExecutor.java:448)
	at com.kms.katalon.core.main.TestCaseExecutor.doExecute(TestCaseExecutor.java:439)
	at com.kms.katalon.core.main.TestCaseExecutor.processExecutionPhase(TestCaseExecutor.java:418)
	at com.kms.katalon.core.main.TestCaseExecutor.accessMainPhase(TestCaseExecutor.java:410)
	at com.kms.katalon.core.main.TestCaseExecutor.execute(TestCaseExecutor.java:285)
	at com.kms.katalon.core.main.TestCaseMain.runTestCase(TestCaseMain.java:144)
	at com.kms.katalon.core.keyword.builtin.CallTestCaseKeyword$_callTestCase_closure1.doCall(CallTestCaseKeyword.groovy:59)
	... 36 more
Caused by: com.kms.katalon.core.exception.StepFailedException: No alert found
	at com.kms.katalon.core.webui.keyword.internal.WebUIKeywordMain.stepFailed(WebUIKeywordMain.groovy:64)
	at com.kms.katalon.core.webui.keyword.builtin.AcceptAlertKeyword$_acceptAlert_closure1.doCall(AcceptAlertKeyword.groovy:78)
	at com.kms.katalon.core.webui.keyword.builtin.AcceptAlertKeyword$_acceptAlert_closure1.call(AcceptAlertKeyword.groovy)
	at com.kms.katalon.core.webui.keyword.internal.WebUIKeywordMain.runKeyword(WebUIKeywordMain.groovy:20)
	... 51 more
)

2023-10-05 11:28:59 - [TEST_CASE][FAILED] - Test Cases/T13 Pembelian, Shipment dan Pembayaran/SA-002: Test Cases/T13 Pembelian, Shipment dan Pembayaran/SA-002 FAILED.
Reason:
com.kms.katalon.core.exception.StepFailedException: Unable to accept alert
	at com.kms.katalon.core.webui.keyword.internal.WebUIKeywordMain.stepFailed(WebUIKeywordMain.groovy:64)
	at com.kms.katalon.core.webui.keyword.internal.WebUIKeywordMain.runKeyword(WebUIKeywordMain.groovy:26)
	at com.kms.katalon.core.webui.keyword.builtin.AcceptAlertKeyword.acceptAlert(AcceptAlertKeyword.groovy:71)
	at com.kms.katalon.core.webui.keyword.builtin.AcceptAlertKeyword.execute(AcceptAlertKeyword.groovy:66)
	at com.kms.katalon.core.keyword.internal.KeywordExecutor.executeKeywordForPlatform(KeywordExecutor.groovy:74)
	at com.kms.katalon.core.webui.keyword.WebUiBuiltInKeywords.acceptAlert(WebUiBuiltInKeywords.groovy:1510)
	at com.kms.katalon.core.webui.keyword.WebUiBuiltInKeywords$acceptAlert$16.call(Unknown Source)
	at SA-002.run(SA-002:29)
	at com.kms.katalon.core.main.ScriptEngine.run(ScriptEngine.java:194)
	at com.kms.katalon.core.main.ScriptEngine.runScriptAsRawText(ScriptEngine.java:119)
	at com.kms.katalon.core.main.TestCaseExecutor.runScript(TestCaseExecutor.java:448)
	at com.kms.katalon.core.main.TestCaseExecutor.doExecute(TestCaseExecutor.java:439)
	at com.kms.katalon.core.main.TestCaseExecutor.processExecutionPhase(TestCaseExecutor.java:418)
	at com.kms.katalon.core.main.TestCaseExecutor.accessMainPhase(TestCaseExecutor.java:410)
	at com.kms.katalon.core.main.TestCaseExecutor.execute(TestCaseExecutor.java:285)
	at com.kms.katalon.core.main.TestCaseMain.runTestCase(TestCaseMain.java:144)
	at com.kms.katalon.core.keyword.builtin.CallTestCaseKeyword$_callTestCase_closure1.doCall(CallTestCaseKeyword.groovy:59)
	at com.kms.katalon.core.keyword.builtin.CallTestCaseKeyword$_callTestCase_closure1.call(CallTestCaseKeyword.groovy)
	at com.kms.katalon.core.keyword.internal.KeywordMain.runKeyword(KeywordMain.groovy:75)
	at com.kms.katalon.core.keyword.builtin.CallTestCaseKeyword.callTestCase(CallTestCaseKeyword.groovy:81)
	at com.kms.katalon.core.keyword.builtin.CallTestCaseKeyword.execute(CallTestCaseKeyword.groovy:44)
	at com.kms.katalon.core.keyword.internal.KeywordExecutor.executeKeywordForPlatform(KeywordExecutor.groovy:74)
	at com.kms.katalon.core.keyword.BuiltinKeywords.callTestCase(BuiltinKeywords.groovy:310)
	at SA-005.run(SA-005:20)
	at com.kms.katalon.core.main.ScriptEngine.run(ScriptEngine.java:194)
	at com.kms.katalon.core.main.ScriptEngine.runScriptAsRawText(ScriptEngine.java:119)
	at com.kms.katalon.core.main.TestCaseExecutor.runScript(TestCaseExecutor.java:448)
	at com.kms.katalon.core.main.TestCaseExecutor.doExecute(TestCaseExecutor.java:439)
	at com.kms.katalon.core.main.TestCaseExecutor.processExecutionPhase(TestCaseExecutor.java:418)
	at com.kms.katalon.core.main.TestCaseExecutor.accessMainPhase(TestCaseExecutor.java:410)
	at com.kms.katalon.core.main.TestCaseExecutor.execute(TestCaseExecutor.java:285)
	at com.kms.katalon.core.main.TestCaseMain.runTestCase(TestCaseMain.java:144)
	at com.kms.katalon.core.keyword.builtin.CallTestCaseKeyword$_callTestCase_closure1.doCall(CallTestCaseKeyword.groovy:59)
	at com.kms.katalon.core.keyword.builtin.CallTestCaseKeyword$_callTestCase_closure1.call(CallTestCaseKeyword.groovy)
	at com.kms.katalon.core.keyword.internal.KeywordMain.runKeyword(KeywordMain.groovy:75)
	at com.kms.katalon.core.keyword.builtin.CallTestCaseKeyword.callTestCase(CallTestCaseKeyword.groovy:81)
	at com.kms.katalon.core.keyword.builtin.CallTestCaseKeyword.execute(CallTestCaseKeyword.groovy:44)
	at com.kms.katalon.core.keyword.internal.KeywordExecutor.executeKeywordForPlatform(KeywordExecutor.groovy:74)
	at com.kms.katalon.core.keyword.BuiltinKeywords.callTestCase(BuiltinKeywords.groovy:310)
	at SU-004.run(SU-004:20)
	at com.kms.katalon.core.main.ScriptEngine.run(ScriptEngine.java:194)
	at com.kms.katalon.core.main.ScriptEngine.runScriptAsRawText(ScriptEngine.java:119)
	at com.kms.katalon.core.main.TestCaseExecutor.runScript(TestCaseExecutor.java:448)
	at com.kms.katalon.core.main.TestCaseExecutor.doExecute(TestCaseExecutor.java:439)
	at com.kms.katalon.core.main.TestCaseExecutor.processExecutionPhase(TestCaseExecutor.java:418)
	at com.kms.katalon.core.main.TestCaseExecutor.accessMainPhase(TestCaseExecutor.java:410)
	at com.kms.katalon.core.main.TestCaseExecutor.execute(TestCaseExecutor.java:285)
	at com.kms.katalon.core.common.CommonExecutor.accessTestCaseMainPhase(CommonExecutor.java:65)
	at com.kms.katalon.core.main.TestSuiteExecutor.accessTestSuiteMainPhase(TestSuiteExecutor.java:148)
	at com.kms.katalon.core.main.TestSuiteExecutor.execute(TestSuiteExecutor.java:106)
	at com.kms.katalon.core.main.TestCaseMain.startTestSuite(TestCaseMain.java:187)
	at com.kms.katalon.core.main.TestCaseMain$startTestSuite$0.call(Unknown Source)
	at TempTestSuite1696477503821.run(TempTestSuite1696477503821.groovy:36)
Caused by: com.kms.katalon.core.exception.StepFailedException: No alert found
	at com.kms.katalon.core.webui.keyword.internal.WebUIKeywordMain.stepFailed(WebUIKeywordMain.groovy:64)
	at com.kms.katalon.core.webui.keyword.builtin.AcceptAlertKeyword$_acceptAlert_closure1.doCall(AcceptAlertKeyword.groovy:78)
	at com.kms.katalon.core.webui.keyword.builtin.AcceptAlertKeyword$_acceptAlert_closure1.call(AcceptAlertKeyword.groovy)
	at com.kms.katalon.core.webui.keyword.internal.WebUIKeywordMain.runKeyword(WebUIKeywordMain.groovy:20)
	... 51 more


2023-10-05 11:28:59 - [TEST_STEP][PASSED] - data = callTestCase(findTestCase("T13 Pembelian, Shipment dan Pembayaran/SA-001"), [:], STOP_ON_FAILURE): Call Test Case 'Test Cases/T13 Pembelian, Shipment dan Pembayaran/SA-001' successfully

2023-10-05 11:28:59 - [TEST_CASE][PASSED] - Test Cases/T13 Pembelian, Shipment dan Pembayaran/SA-001: Test Cases/T13 Pembelian, Shipment dan Pembayaran/SA-001

2023-10-05 11:28:59 - [TEST_STEP][PASSED] - data = callTestCase(findTestCase("T13 Pembelian, Shipment dan Pembayaran/PBYA-001"), [:], STOP_ON_FAILURE): Call Test Case 'Test Cases/T13 Pembelian, Shipment dan Pembayaran/PBYA-001' successfully

2023-10-05 11:28:59 - [TEST_CASE][PASSED] - Test Cases/T13 Pembelian, Shipment dan Pembayaran/PBYA-001: Test Cases/T13 Pembelian, Shipment dan Pembayaran/PBYA-001

2023-10-05 11:28:59 - [TEST_STEP][PASSED] - data = callTestCase(findTestCase("T13 Pembelian, Shipment dan Pembayaran/PBY-004"), [:], STOP_ON_FAILURE): Call Test Case 'Test Cases/T13 Pembelian, Shipment dan Pembayaran/PBY-004' successfully

2023-10-05 11:28:59 - [TEST_CASE][PASSED] - Test Cases/T13 Pembelian, Shipment dan Pembayaran/PBY-004: Test Cases/T13 Pembelian, Shipment dan Pembayaran/PBY-004

2023-10-05 11:28:59 - [TEST_STEP][PASSED] - data = callTestCase(findTestCase("T13 Pembelian, Shipment dan Pembayaran/PBY-001"), [:], STOP_ON_FAILURE): Call Test Case 'Test Cases/T13 Pembelian, Shipment dan Pembayaran/PBY-001' successfully

2023-10-05 11:28:59 - [TEST_CASE][PASSED] - Test Cases/T13 Pembelian, Shipment dan Pembayaran/PBY-001: Test Cases/T13 Pembelian, Shipment dan Pembayaran/PBY-001

2023-10-05 11:28:59 - [TEST_STEP][PASSED] - data = callTestCase(findTestCase("T13 Pembelian, Shipment dan Pembayaran/PBL-004"), ["Kurir":"Roda 2"], STOP_ON_FAILURE): Call Test Case 'Test Cases/T13 Pembelian, Shipment dan Pembayaran/PBL-004' successfully

2023-10-05 11:28:59 - [TEST_CASE][PASSED] - Test Cases/T13 Pembelian, Shipment dan Pembayaran/PBL-004: Test Cases/T13 Pembelian, Shipment dan Pembayaran/PBL-004

2023-10-05 11:28:59 - [TEST_STEP][PASSED] - data = callTestCase(findTestCase("T13 Pembelian, Shipment dan Pembayaran/PBL-002"), [:], STOP_ON_FAILURE): Call Test Case 'Test Cases/T13 Pembelian, Shipment dan Pembayaran/PBL-002' successfully

2023-10-05 11:28:59 - [TEST_CASE][PASSED] - Test Cases/T13 Pembelian, Shipment dan Pembayaran/PBL-002: Test Cases/T13 Pembelian, Shipment dan Pembayaran/PBL-002

2023-10-05 11:28:59 - [TEST_STEP][PASSED] - data = callTestCase(findTestCase("T13 Pembelian, Shipment dan Pembayaran/PBL-001"), [:], STOP_ON_FAILURE): Call Test Case 'Test Cases/T13 Pembelian, Shipment dan Pembayaran/PBL-001' successfully

2023-10-05 11:28:59 - [TEST_CASE][PASSED] - Test Cases/T13 Pembelian, Shipment dan Pembayaran/PBL-001: Test Cases/T13 Pembelian, Shipment dan Pembayaran/PBL-001

2023-10-05 11:28:59 - [TEST_STEP][PASSED] - callTestCase(findTestCase("T13 Pembelian, Shipment dan Pembayaran/LU-001"), ["username":"irfanafandi", "password":"12345irfan"], STOP_ON_FAILURE): Call Test Case 'Test Cases/T13 Pembelian, Shipment dan Pembayaran/LU-001' successfully

2023-10-05 11:28:59 - [TEST_CASE][PASSED] - Test Cases/T13 Pembelian, Shipment dan Pembayaran/LU-001: Test Cases/T13 Pembelian, Shipment dan Pembayaran/LU-001

2023-10-05 11:28:59 - [TEST_STEP][PASSED] - openBrowser("https://10.9.2.63/ecommerce/"): Browser is opened with url: 'https://10.9.2.63/ecommerce/'

2023-10-05 11:28:59 - [MESSAGE][WARNING] - A browser is already opened. Closing browser and opening a new one

2023-10-05 11:29:00 - [MESSAGE][INFO] - Starting 'Edge Chromium' driver

2023-10-05 11:29:00 - [MESSAGE][INFO] - User set preference: ['acceptInsecureCerts', 'true']

2023-10-05 11:29:02 - [MESSAGE][INFO] - Action delay is set to 0 milliseconds

2023-10-05 11:29:07 - [MESSAGE][PASSED] - Browser is opened with url: 'https://10.9.2.63/ecommerce/'

2023-10-05 11:29:07 - [TEST_STEP][PASSED] - maximizeWindow(): Current window maximized

2023-10-05 11:29:07 - [MESSAGE][PASSED] - Current window maximized

2023-10-05 11:29:07 - [TEST_STEP][PASSED] - verifyElementPresent(findTestObject("Login/Home"), 0): Object 'Object Repository/Login/Home' is present

2023-10-05 11:29:07 - [MESSAGE][WARNING] - Timeout '0' is invalid. Using default page load timeout: '30'

2023-10-05 11:29:08 - [MESSAGE][PASSED] - Object 'Object Repository/Login/Home' is present

2023-10-05 11:29:08 - [TEST_STEP][PASSED] - click(findTestObject("Login/a_Login")): Object: 'Object Repository/Login/a_Login' is clicked on

2023-10-05 11:29:08 - [MESSAGE][PASSED] - Object: 'Object Repository/Login/a_Login' is clicked on

2023-10-05 11:29:08 - [TEST_STEP][PASSED] - verifyElementPresent(findTestObject("Login/Tittle Login"), 0): Object 'Object Repository/Login/Tittle Login' is present

2023-10-05 11:29:08 - [MESSAGE][WARNING] - Timeout '0' is invalid. Using default page load timeout: '30'

2023-10-05 11:29:09 - [MESSAGE][PASSED] - Object 'Object Repository/Login/Tittle Login' is present

2023-10-05 11:29:09 - [TEST_STEP][PASSED] - setText(findTestObject("Login/input_Username, Email atau No. Handphone_a"), username): Text 'irfanafandi' is set on object 'Object Repository/Login/input_Username, Email atau No. Handphone_a'

2023-10-05 11:29:10 - [MESSAGE][PASSED] - Text 'irfanafandi' is set on object 'Object Repository/Login/input_Username, Email atau No. Handphone_a'

2023-10-05 11:29:10 - [TEST_STEP][PASSED] - setText(findTestObject("Login/input_Password_b"), password): Text '12345irfan' is set on object 'Object Repository/Login/input_Password_b'

2023-10-05 11:29:11 - [MESSAGE][PASSED] - Text '12345irfan' is set on object 'Object Repository/Login/input_Password_b'

2023-10-05 11:29:11 - [TEST_STEP][PASSED] - click(findTestObject("Login/label_Ingat saya")): Object: 'Object Repository/Login/label_Ingat saya' is clicked on

2023-10-05 11:29:11 - [MESSAGE][PASSED] - Object: 'Object Repository/Login/label_Ingat saya' is clicked on

2023-10-05 11:29:11 - [TEST_STEP][PASSED] - click(findTestObject("Login/button_Masuk")): Object: 'Object Repository/Login/button_Masuk' is clicked on

2023-10-05 11:29:12 - [MESSAGE][PASSED] - Object: 'Object Repository/Login/button_Masuk' is clicked on

2023-10-05 11:29:12 - [TEST_STEP][PASSED] - verifyElementPresent(findTestObject("Login/li_Profile"), 0): Object 'Object Repository/Login/li_Profile' is present

2023-10-05 11:29:13 - [MESSAGE][WARNING] - Timeout '0' is invalid. Using default page load timeout: '30'

2023-10-05 11:29:13 - [MESSAGE][PASSED] - Object 'Object Repository/Login/li_Profile' is present

2023-10-05 11:29:13 - [MESSAGE][PASSED] - Call Test Case 'Test Cases/T13 Pembelian, Shipment dan Pembayaran/LU-001' successfully

2023-10-05 11:29:13 - [TEST_STEP][PASSED] - mouseOver(findTestObject("beli barang/i_Mulai Belanja_icon-menu")): Object: 'Object Repository/beli barang/i_Mulai Belanja_icon-menu' is hovered

2023-10-05 11:29:14 - [MESSAGE][PASSED] - Object: 'Object Repository/beli barang/i_Mulai Belanja_icon-menu' is hovered

2023-10-05 11:29:14 - [TEST_STEP][PASSED] - click(findTestObject("beli barang/a_Fashion  Busana Wanita")): Object: 'Object Repository/beli barang/a_Fashion  Busana Wanita' is clicked on

2023-10-05 11:29:15 - [MESSAGE][PASSED] - Object: 'Object Repository/beli barang/a_Fashion  Busana Wanita' is clicked on

2023-10-05 11:29:15 - [TEST_STEP][PASSED] - NamaSebelum = getText(findTestObject("verifikasi/Nama sebelum")): Text of object 'Object Repository/verifikasi/Nama sebelum' is: ''

2023-10-05 11:29:16 - [MESSAGE][PASSED] - Text of object 'Object Repository/verifikasi/Nama sebelum' is: ''

2023-10-05 11:29:16 - [TEST_STEP][PASSED] - HargaSebelum = getText(findTestObject("verifikasi/Harga sebelum")): Text of object 'Object Repository/verifikasi/Harga sebelum' is: 'Rp 1,299'

2023-10-05 11:29:16 - [MESSAGE][PASSED] - Text of object 'Object Repository/verifikasi/Harga sebelum' is: 'Rp 1,299'

2023-10-05 11:29:16 - [TEST_STEP][PASSED] - mouseOver(findTestObject("beli barang/barang mouse over")): Object: 'Object Repository/beli barang/barang mouse over' is hovered

2023-10-05 11:29:17 - [MESSAGE][PASSED] - Object: 'Object Repository/beli barang/barang mouse over' is hovered

2023-10-05 11:29:17 - [TEST_STEP][PASSED] - click(findTestObject("beli barang/buttom add to cart")): Object: 'Object Repository/beli barang/buttom add to cart' is clicked on

2023-10-05 11:29:18 - [MESSAGE][PASSED] - Object: 'Object Repository/beli barang/buttom add to cart' is clicked on

2023-10-05 11:29:18 - [TEST_STEP][PASSED] - NamaSesudah = getText(findTestObject("verifikasi/Nama sesudah")): Text of object 'Object Repository/verifikasi/Nama sesudah' is: 'Segitiga Instan Madeira - MDB5.3 Sunset'

2023-10-05 11:29:19 - [MESSAGE][PASSED] - Text of object 'Object Repository/verifikasi/Nama sesudah' is: 'Segitiga Instan Madeira - MDB5.3 Sunset'

2023-10-05 11:29:19 - [TEST_STEP][PASSED] - HargaSesudah = getText(findTestObject("verifikasi/Harga sesudah")): Text of object 'Object Repository/verifikasi/Harga sesudah' is: 'Rp 1,299'

2023-10-05 11:29:19 - [MESSAGE][PASSED] - Text of object 'Object Repository/verifikasi/Harga sesudah' is: 'Rp 1,299'

2023-10-05 11:29:19 - [TEST_STEP][PASSED] - assert NamaSesudah.contains(NamaSebelum): null

2023-10-05 11:29:19 - [TEST_STEP][PASSED] - assert HargaSesudah.contains(HargaSebelum): null

2023-10-05 11:29:19 - [TEST_STEP][PASSED] - click(findTestObject("beli barang/Tambah Keranjang busana wanita")): Object: 'Object Repository/beli barang/Tambah Keranjang busana wanita' is clicked on

2023-10-05 11:29:20 - [MESSAGE][PASSED] - Object: 'Object Repository/beli barang/Tambah Keranjang busana wanita' is clicked on

2023-10-05 11:29:20 - [TEST_STEP][PASSED] - verifyElementPresent(findTestObject("checkout/Notifikasi keranjang"), 1): Object 'Object Repository/checkout/Notifikasi keranjang' is present

2023-10-05 11:29:21 - [MESSAGE][PASSED] - Object 'Object Repository/checkout/Notifikasi keranjang' is present

2023-10-05 11:29:21 - [TEST_STEP][PASSED] - data = new java.util.HashMap(): null

2023-10-05 11:29:21 - [TEST_STEP][PASSED] - data.put("nama_barang", NamaSesudah): null

2023-10-05 11:29:21 - [TEST_STEP][PASSED] - data.put("price_barang", HargaSesudah): null

2023-10-05 11:29:21 - [TEST_STEP][PASSED] - return data: null

2023-10-05 11:29:21 - [MESSAGE][PASSED] - Call Test Case 'Test Cases/T13 Pembelian, Shipment dan Pembayaran/PBL-001' successfully

2023-10-05 11:29:21 - [TEST_STEP][PASSED] - mouseOver(findTestObject("beli barang/keranjang")): Object: 'Object Repository/beli barang/keranjang' is hovered

2023-10-05 11:29:21 - [MESSAGE][PASSED] - Object: 'Object Repository/beli barang/keranjang' is hovered

2023-10-05 11:29:21 - [TEST_STEP][PASSED] - click(findTestObject("beli barang/Lihat Sekarang")): Object: 'Object Repository/beli barang/Lihat Sekarang' is clicked on

2023-10-05 11:29:22 - [MESSAGE][PASSED] - Object: 'Object Repository/beli barang/Lihat Sekarang' is clicked on

2023-10-05 11:29:22 - [TEST_STEP][PASSED] - verifyElementPresent(findTestObject("keranjang/li_Keranjang Belanja"), 0): Object 'Object Repository/keranjang/li_Keranjang Belanja' is present

2023-10-05 11:29:22 - [MESSAGE][WARNING] - Timeout '0' is invalid. Using default page load timeout: '30'

2023-10-05 11:29:24 - [MESSAGE][PASSED] - Object 'Object Repository/keranjang/li_Keranjang Belanja' is present

2023-10-05 11:29:24 - [TEST_STEP][PASSED] - NamaKeranjang = getText(findTestObject("verifikasi/Nama keranjang")): Text of object 'Object Repository/verifikasi/Nama keranjang' is: 'Segitiga Instan Madeira - MDB5.3 Sunset'

2023-10-05 11:29:24 - [MESSAGE][PASSED] - Text of object 'Object Repository/verifikasi/Nama keranjang' is: 'Segitiga Instan Madeira - MDB5.3 Sunset'

2023-10-05 11:29:24 - [TEST_STEP][PASSED] - HargaKeranjang = getText(findTestObject("verifikasi/Harga Keranjang")): Text of object 'Object Repository/verifikasi/Harga Keranjang' is: 'Rp 1,299'

2023-10-05 11:29:24 - [MESSAGE][PASSED] - Text of object 'Object Repository/verifikasi/Harga Keranjang' is: 'Rp 1,299'

2023-10-05 11:29:24 - [TEST_STEP][PASSED] - if (toString().equalsIgnoreCase("Merah")): Object 'Object Repository/keranjang/input_Warna_variasi101' is checked

2023-10-05 11:29:24 - [TEST_STEP][PASSED] - check(findTestObject("Object Repository/keranjang/input_Warna_variasi101")): Object 'Object Repository/keranjang/input_Warna_variasi101' is checked

2023-10-05 11:29:25 - [MESSAGE][PASSED] - Object 'Object Repository/keranjang/input_Warna_variasi101' is checked

2023-10-05 11:29:25 - [TEST_STEP][PASSED] - if (toString().equalsIgnoreCase("Menengah")): Object 'Object Repository/keranjang/input_Ukuran_variasi201' is checked

2023-10-05 11:29:25 - [TEST_STEP][PASSED] - check(findTestObject("Object Repository/keranjang/input_Ukuran_variasi201")): Object 'Object Repository/keranjang/input_Ukuran_variasi201' is checked

2023-10-05 11:29:25 - [MESSAGE][PASSED] - Object 'Object Repository/keranjang/input_Ukuran_variasi201' is checked

2023-10-05 11:29:25 - [TEST_STEP][PASSED] - data.put("Warna", warna): null

2023-10-05 11:29:25 - [TEST_STEP][PASSED] - data.put("Ukuran", ukuran): null

2023-10-05 11:29:25 - [TEST_STEP][PASSED] - click(findTestObject("keranjang/button_Lanjut ke Pembayaran")): Object: 'Object Repository/keranjang/button_Lanjut ke Pembayaran' is clicked on

2023-10-05 11:29:27 - [MESSAGE][PASSED] - Object: 'Object Repository/keranjang/button_Lanjut ke Pembayaran' is clicked on

2023-10-05 11:29:27 - [TEST_STEP][PASSED] - verifyElementPresent(findTestObject("checkout/Tittle Checkout Order"), 0): Object 'Object Repository/checkout/Tittle Checkout Order' is present

2023-10-05 11:29:27 - [MESSAGE][WARNING] - Timeout '0' is invalid. Using default page load timeout: '30'

2023-10-05 11:29:28 - [MESSAGE][PASSED] - Object 'Object Repository/checkout/Tittle Checkout Order' is present

2023-10-05 11:29:28 - [TEST_STEP][PASSED] - name_product = data.get("nama_barang"): null

2023-10-05 11:29:28 - [TEST_STEP][PASSED] - price_product = data.get("price_barang"): null

2023-10-05 11:29:28 - [TEST_STEP][PASSED] - assert name_product == NamaKeranjang: null

2023-10-05 11:29:28 - [TEST_STEP][PASSED] - assert price_product == HargaKeranjang: null

2023-10-05 11:29:28 - [TEST_STEP][PASSED] - return data: null

2023-10-05 11:29:28 - [MESSAGE][PASSED] - Call Test Case 'Test Cases/T13 Pembelian, Shipment dan Pembayaran/PBL-002' successfully

2023-10-05 11:29:28 - [TEST_STEP][PASSED] - warnaa = getText(findTestObject("verifikasi/warna Merah")): Text of object 'Object Repository/verifikasi/warna Merah' is: 'Merah'

2023-10-05 11:29:28 - [MESSAGE][PASSED] - Text of object 'Object Repository/verifikasi/warna Merah' is: 'Merah'

2023-10-05 11:29:28 - [TEST_STEP][PASSED] - ukurann = getText(findTestObject("verifikasi/Ukuran Menengah")): Text of object 'Object Repository/verifikasi/Ukuran Menengah' is: 'Menengah'

2023-10-05 11:29:28 - [MESSAGE][PASSED] - Text of object 'Object Repository/verifikasi/Ukuran Menengah' is: 'Menengah'

2023-10-05 11:29:28 - [TEST_STEP][PASSED] - warna1 = data.get("Warna"): null

2023-10-05 11:29:28 - [TEST_STEP][PASSED] - ukuran1 = data.get("Ukuran"): null

2023-10-05 11:29:28 - [TEST_STEP][PASSED] - assert warnaa == warna1: null

2023-10-05 11:29:28 - [TEST_STEP][PASSED] - assert ukurann == ukuran1: null

2023-10-05 11:29:28 - [TEST_STEP][PASSED] - NamaCheckout = getText(findTestObject("verifikasi/NamaCheckout")): Text of object 'Object Repository/verifikasi/NamaCheckout' is: ''

2023-10-05 11:29:29 - [MESSAGE][PASSED] - Text of object 'Object Repository/verifikasi/NamaCheckout' is: ''

2023-10-05 11:29:29 - [TEST_STEP][PASSED] - HargaCheckout = getText(findTestObject("verifikasi/HargaCheckout")): Text of object 'Object Repository/verifikasi/HargaCheckout' is: '1,299'

2023-10-05 11:29:29 - [MESSAGE][PASSED] - Text of object 'Object Repository/verifikasi/HargaCheckout' is: '1,299'

2023-10-05 11:29:29 - [TEST_STEP][PASSED] - name_product = data.get("nama_barang"): null

2023-10-05 11:29:29 - [TEST_STEP][PASSED] - price_product = data.get("price_barang"): null

2023-10-05 11:29:29 - [TEST_STEP][PASSED] - assert name_product.contains(NamaCheckout): null

2023-10-05 11:29:29 - [TEST_STEP][PASSED] - assert price_product.contains(HargaCheckout): null

2023-10-05 11:29:29 - [TEST_STEP][PASSED] - selectOptionByLabel(findTestObject("checkout/select - Kirim via Kurir Lokal"), Kurir, false): All options with label 'Roda 2' are selected in object 'Object Repository/checkout/select - Kirim via Kurir Lokal' 

2023-10-05 11:29:30 - [MESSAGE][PASSED] - All options with label 'Roda 2' are selected in object 'Object Repository/checkout/select - Kirim via Kurir Lokal' 

2023-10-05 11:29:30 - [TEST_STEP][PASSED] - click(findTestObject("checkout/Kendaraan Kurir")): Object: 'Object Repository/checkout/Kendaraan Kurir' is clicked on

2023-10-05 11:29:31 - [MESSAGE][PASSED] - Object: 'Object Repository/checkout/Kendaraan Kurir' is clicked on

2023-10-05 11:29:31 - [TEST_STEP][PASSED] - OngkosKirim = getText(findTestObject("Object Repository/verifikasi/Ongkos Kirim checkout")): Text of object 'Object Repository/verifikasi/Ongkos Kirim checkout' is: 'Rp. 5,000'

2023-10-05 11:29:31 - [MESSAGE][PASSED] - Text of object 'Object Repository/verifikasi/Ongkos Kirim checkout' is: 'Rp. 5,000'

2023-10-05 11:29:31 - [TEST_STEP][PASSED] - Ongkos = OngkosKirim.substring(3, OngkosKirim.size()): null

2023-10-05 11:29:31 - [TEST_STEP][PASSED] - rep = Ongkos.replace(",", "."): null

2023-10-05 11:29:31 - [TEST_STEP][PASSED] - Ongkos_kirim = Double.parseDouble(rep): null

2023-10-05 11:29:31 - [TEST_STEP][PASSED] - println(Ongkos_kirim): null

2023-10-05 11:29:31 - [TEST_STEP][PASSED] - FeeAdmin = getText(findTestObject("verifikasi/Fee Admin checkout")): Text of object 'Object Repository/verifikasi/Fee Admin checkout' is: 'Fee Admin
Rp 1,500'

2023-10-05 11:29:31 - [MESSAGE][PASSED] - Text of object 'Object Repository/verifikasi/Fee Admin checkout' is: 'Fee Admin
Rp 1,500'

2023-10-05 11:29:31 - [TEST_STEP][PASSED] - Fee_Admin = FeeAdmin.substring(12, FeeAdmin.size()): null

2023-10-05 11:29:31 - [TEST_STEP][PASSED] - fee = Fee_Admin.replace(",", "."): null

2023-10-05 11:29:31 - [TEST_STEP][PASSED] - fee_admin = Double.parseDouble(fee): null

2023-10-05 11:29:31 - [TEST_STEP][PASSED] - println(fee_admin): null

2023-10-05 11:29:31 - [TEST_STEP][PASSED] - Subtotal = getText(findTestObject("verifikasi/subtotal checkout")): Text of object 'Object Repository/verifikasi/subtotal checkout' is: 'Subtotal
Rp 1,299'

2023-10-05 11:29:32 - [MESSAGE][PASSED] - Text of object 'Object Repository/verifikasi/subtotal checkout' is: 'Subtotal
Rp 1,299'

2023-10-05 11:29:32 - [TEST_STEP][PASSED] - sub_total = Subtotal.substring(12, Subtotal.size()): null

2023-10-05 11:29:32 - [TEST_STEP][PASSED] - sub = sub_total.replace(",", "."): null

2023-10-05 11:29:32 - [TEST_STEP][PASSED] - sub_total = Double.parseDouble(sub): null

2023-10-05 11:29:32 - [TEST_STEP][PASSED] - println(sub_total): null

2023-10-05 11:29:32 - [TEST_STEP][PASSED] - Total = getText(findTestObject("verifikasi/Total checkout")): Text of object 'Object Repository/verifikasi/Total checkout' is: 'Rp 7,799'

2023-10-05 11:29:32 - [MESSAGE][PASSED] - Text of object 'Object Repository/verifikasi/Total checkout' is: 'Rp 7,799'

2023-10-05 11:29:32 - [TEST_STEP][PASSED] - totall = Total.substring(3, Total.size()): null

2023-10-05 11:29:32 - [TEST_STEP][PASSED] - total = totall.replace(",", "."): null

2023-10-05 11:29:32 - [TEST_STEP][PASSED] - totall = Double.parseDouble(total): null

2023-10-05 11:29:32 - [TEST_STEP][PASSED] - println(totall): null

2023-10-05 11:29:32 - [TEST_STEP][PASSED] - Total_Harga = Ongkos_kirim + fee_admin + sub_total: null

2023-10-05 11:29:32 - [TEST_STEP][PASSED] - println(Total_Harga): null

2023-10-05 11:29:32 - [TEST_STEP][PASSED] - TotalHarga = Math.round(Total_Harga * 1000) / 1000: null

2023-10-05 11:29:32 - [TEST_STEP][PASSED] - println(TotalHarga): null

2023-10-05 11:29:32 - [TEST_STEP][PASSED] - assert totall == TotalHarga: null

2023-10-05 11:29:32 - [TEST_STEP][PASSED] - click(findTestObject("verifikasi/Metode Transfer")): Object: 'Object Repository/verifikasi/Metode Transfer' is clicked on

2023-10-05 11:29:33 - [MESSAGE][PASSED] - Object: 'Object Repository/verifikasi/Metode Transfer' is clicked on

2023-10-05 11:29:33 - [TEST_STEP][PASSED] - click(findTestObject("checkout/button_Proses Pembayaran")): Object: 'Object Repository/checkout/button_Proses Pembayaran' is clicked on

2023-10-05 11:29:42 - [MESSAGE][PASSED] - Object: 'Object Repository/checkout/button_Proses Pembayaran' is clicked on

2023-10-05 11:29:42 - [TEST_STEP][PASSED] - verifyElementPresent(findTestObject("pembayaran/Tittle nomor invoice"), 0): Object 'Object Repository/pembayaran/Tittle nomor invoice' is present

2023-10-05 11:29:42 - [MESSAGE][WARNING] - Timeout '0' is invalid. Using default page load timeout: '30'

2023-10-05 11:29:43 - [MESSAGE][PASSED] - Object 'Object Repository/pembayaran/Tittle nomor invoice' is present

2023-10-05 11:29:43 - [TEST_STEP][PASSED] - return data: null

2023-10-05 11:29:43 - [MESSAGE][PASSED] - Call Test Case 'Test Cases/T13 Pembelian, Shipment dan Pembayaran/PBL-004' successfully

2023-10-05 11:29:43 - [TEST_STEP][PASSED] - Invoice = getText(findTestObject("pembayaran/nomor invoice")): Text of object 'Object Repository/pembayaran/nomor invoice' is: 'TRX60.20231005112936'

2023-10-05 11:29:43 - [MESSAGE][PASSED] - Text of object 'Object Repository/pembayaran/nomor invoice' is: 'TRX60.20231005112936'

2023-10-05 11:29:43 - [TEST_STEP][PASSED] - data.put("invoice", Invoice): null

2023-10-05 11:29:43 - [TEST_STEP][PASSED] - NamaPemesan = getText(findTestObject("Konfirmasi pesanan shop/Nama pemesan")): Text of object 'Object Repository/Konfirmasi pesanan shop/Nama pemesan' is: 'irfan.afandi'

2023-10-05 11:29:43 - [MESSAGE][PASSED] - Text of object 'Object Repository/Konfirmasi pesanan shop/Nama pemesan' is: 'irfan.afandi'

2023-10-05 11:29:43 - [TEST_STEP][PASSED] - Nama = getText(findTestObject("pembayaran/Nama barang")): Text of object 'Object Repository/pembayaran/Nama barang' is: 'Segitiga Instan Madeira - MDB5.3 Sunset'

2023-10-05 11:29:44 - [MESSAGE][PASSED] - Text of object 'Object Repository/pembayaran/Nama barang' is: 'Segitiga Instan Madeira - MDB5.3 Sunset'

2023-10-05 11:29:44 - [TEST_STEP][PASSED] - Harga = getText(findTestObject("pembayaran/Harga barang")): Text of object 'Object Repository/pembayaran/Harga barang' is: '1,299'

2023-10-05 11:29:44 - [MESSAGE][PASSED] - Text of object 'Object Repository/pembayaran/Harga barang' is: '1,299'

2023-10-05 11:29:44 - [TEST_STEP][PASSED] - name_product = data.get("nama_barang"): null

2023-10-05 11:29:44 - [TEST_STEP][PASSED] - price_product = data.get("price_barang"): null

2023-10-05 11:29:44 - [TEST_STEP][PASSED] - assert name_product.contains(Nama): null

2023-10-05 11:29:44 - [TEST_STEP][PASSED] - assert price_product.contains(Harga): null

2023-10-05 11:29:44 - [TEST_STEP][PASSED] - warnaa = getText(findTestObject("pembayaran/warna")): Text of object 'Object Repository/pembayaran/warna' is: 'Merah'

2023-10-05 11:29:45 - [MESSAGE][PASSED] - Text of object 'Object Repository/pembayaran/warna' is: 'Merah'

2023-10-05 11:29:45 - [TEST_STEP][PASSED] - ukurann = getText(findTestObject("pembayaran/ukuran")): Text of object 'Object Repository/pembayaran/ukuran' is: 'Menengah'

2023-10-05 11:29:45 - [MESSAGE][PASSED] - Text of object 'Object Repository/pembayaran/ukuran' is: 'Menengah'

2023-10-05 11:29:45 - [TEST_STEP][PASSED] - warna1 = data.get("Warna"): null

2023-10-05 11:29:45 - [TEST_STEP][PASSED] - ukuran1 = data.get("Ukuran"): null

2023-10-05 11:29:45 - [TEST_STEP][PASSED] - assert warnaa == warna1: null

2023-10-05 11:29:45 - [TEST_STEP][PASSED] - assert ukurann == ukuran1: null

2023-10-05 11:29:45 - [TEST_STEP][PASSED] - statusPembelian = getText(findTestObject("verifikasi/Status pending di pembelian")): Text of object 'Object Repository/verifikasi/Status pending di pembelian' is: 'Pending'

2023-10-05 11:29:46 - [MESSAGE][PASSED] - Text of object 'Object Repository/verifikasi/Status pending di pembelian' is: 'Pending'

2023-10-05 11:29:46 - [TEST_STEP][PASSED] - data.put("statusPem", statusPembelian): null

2023-10-05 11:29:46 - [TEST_STEP][PASSED] - OngkosKirim = getText(findTestObject("pembayaran/ongkos kirim")): Text of object 'Object Repository/pembayaran/ongkos kirim' is: 'Rp 5,000'

2023-10-05 11:29:46 - [MESSAGE][PASSED] - Text of object 'Object Repository/pembayaran/ongkos kirim' is: 'Rp 5,000'

2023-10-05 11:29:46 - [TEST_STEP][PASSED] - Ongkos = OngkosKirim.substring(3, OngkosKirim.size()): null

2023-10-05 11:29:46 - [TEST_STEP][PASSED] - rep = Ongkos.replace(",", ""): null

2023-10-05 11:29:46 - [TEST_STEP][PASSED] - Ongkos_kirimm = Integer.parseInt(rep): null

2023-10-05 11:29:46 - [TEST_STEP][PASSED] - println(Ongkos_kirimm): null

2023-10-05 11:29:46 - [TEST_STEP][PASSED] - FeeAdmin = getText(findTestObject("pembayaran/fee admin")): Text of object 'Object Repository/pembayaran/fee admin' is: 'Rp 1,500'

2023-10-05 11:29:47 - [MESSAGE][PASSED] - Text of object 'Object Repository/pembayaran/fee admin' is: 'Rp 1,500'

2023-10-05 11:29:47 - [TEST_STEP][PASSED] - Fee_Admin = FeeAdmin.substring(3, FeeAdmin.size()): null

2023-10-05 11:29:47 - [TEST_STEP][PASSED] - fee = Fee_Admin.replace(",", ""): null

2023-10-05 11:29:47 - [TEST_STEP][PASSED] - fee_adminn = Integer.parseInt(fee): null

2023-10-05 11:29:47 - [TEST_STEP][PASSED] - println(fee_adminn): null

2023-10-05 11:29:47 - [TEST_STEP][PASSED] - Subtotal = getText(findTestObject("pembayaran/subtotal")): Text of object 'Object Repository/pembayaran/subtotal' is: 'Rp 1,299'

2023-10-05 11:29:47 - [MESSAGE][PASSED] - Text of object 'Object Repository/pembayaran/subtotal' is: 'Rp 1,299'

2023-10-05 11:29:47 - [TEST_STEP][PASSED] - sub_total = Subtotal.substring(3, Subtotal.size()): null

2023-10-05 11:29:47 - [TEST_STEP][PASSED] - sub = sub_total.replace(",", ""): null

2023-10-05 11:29:47 - [TEST_STEP][PASSED] - sub_totall = Integer.parseInt(sub): null

2023-10-05 11:29:47 - [TEST_STEP][PASSED] - println(sub_totall): null

2023-10-05 11:29:47 - [TEST_STEP][PASSED] - unik = getText(findTestObject("pembayaran/kode unik")): Text of object 'Object Repository/pembayaran/kode unik' is: '+936'

2023-10-05 11:29:48 - [MESSAGE][PASSED] - Text of object 'Object Repository/pembayaran/kode unik' is: '+936'

2023-10-05 11:29:48 - [TEST_STEP][PASSED] - unikk = unik.replace("+", ""): null

2023-10-05 11:29:48 - [TEST_STEP][PASSED] - kode_unik = Integer.parseInt(unikk): null

2023-10-05 11:29:48 - [TEST_STEP][PASSED] - println(kode_unik): null

2023-10-05 11:29:48 - [TEST_STEP][PASSED] - Total = getText(findTestObject("pembayaran/total")): Text of object 'Object Repository/pembayaran/total' is: '8,735'

2023-10-05 11:29:49 - [MESSAGE][PASSED] - Text of object 'Object Repository/pembayaran/total' is: '8,735'

2023-10-05 11:29:49 - [TEST_STEP][PASSED] - total = Total.replace(",", ""): null

2023-10-05 11:29:49 - [TEST_STEP][PASSED] - totalll = Integer.parseInt(total): null

2023-10-05 11:29:49 - [TEST_STEP][PASSED] - println(totalll): null

2023-10-05 11:29:49 - [TEST_STEP][PASSED] - Total_Hargaa = Ongkos_kirimm + fee_adminn + sub_totall + kode_unik: null

2023-10-05 11:29:49 - [TEST_STEP][PASSED] - println(Total_Hargaa): null

2023-10-05 11:29:49 - [TEST_STEP][PASSED] - assert totalll == Total_Hargaa: null

2023-10-05 11:29:49 - [TEST_STEP][PASSED] - data.put("total", Total): null

2023-10-05 11:29:49 - [TEST_STEP][PASSED] - data.put("nama", NamaPemesan): null

2023-10-05 11:29:49 - [TEST_STEP][PASSED] - return data: null

2023-10-05 11:29:49 - [MESSAGE][PASSED] - Call Test Case 'Test Cases/T13 Pembelian, Shipment dan Pembayaran/PBY-001' successfully

2023-10-05 11:29:49 - [TEST_STEP][PASSED] - inv = data.get("invoice"): null

2023-10-05 11:29:49 - [TEST_STEP][PASSED] - Total = data.get("total"): null

2023-10-05 11:29:49 - [TEST_STEP][PASSED] - NamaPemesan = data.get("nama"): null

2023-10-05 11:29:49 - [TEST_STEP][PASSED] - click(findTestObject("Konfirmasi pesanan shop/Menu Shop")): Object: 'Object Repository/Konfirmasi pesanan shop/Menu Shop' is clicked on

2023-10-05 11:29:50 - [MESSAGE][PASSED] - Object: 'Object Repository/Konfirmasi pesanan shop/Menu Shop' is clicked on

2023-10-05 11:29:50 - [TEST_STEP][PASSED] - click(findTestObject("Konfirmasi pesanan shop/Menu Shop")): Object: 'Object Repository/Konfirmasi pesanan shop/Menu Shop' is clicked on

2023-10-05 11:29:51 - [MESSAGE][PASSED] - Object: 'Object Repository/Konfirmasi pesanan shop/Menu Shop' is clicked on

2023-10-05 11:29:51 - [TEST_STEP][PASSED] - click(findTestObject("Konfirmasi pesanan shop/Konfirmasi Orders")): Object: 'Object Repository/Konfirmasi pesanan shop/Konfirmasi Orders' is clicked on

2023-10-05 11:29:52 - [MESSAGE][PASSED] - Object: 'Object Repository/Konfirmasi pesanan shop/Konfirmasi Orders' is clicked on

2023-10-05 11:29:52 - [TEST_STEP][PASSED] - verifyElementPresent(findTestObject("Konfirmasi pesanan shop/Tittle Konfirmasi Pesanan"), 0): Object 'Object Repository/Konfirmasi pesanan shop/Tittle Konfirmasi Pesanan' is present

2023-10-05 11:29:52 - [MESSAGE][WARNING] - Timeout '0' is invalid. Using default page load timeout: '30'

2023-10-05 11:29:53 - [MESSAGE][PASSED] - Object 'Object Repository/Konfirmasi pesanan shop/Tittle Konfirmasi Pesanan' is present

2023-10-05 11:29:53 - [TEST_STEP][PASSED] - setText(findTestObject("Konfirmasi pesanan shop/input_No Pesanan"), inv): Text 'TRX60.20231005112936' is set on object 'Object Repository/Konfirmasi pesanan shop/input_No Pesanan'

2023-10-05 11:29:54 - [MESSAGE][PASSED] - Text 'TRX60.20231005112936' is set on object 'Object Repository/Konfirmasi pesanan shop/input_No Pesanan'

2023-10-05 11:29:54 - [TEST_STEP][PASSED] - setText(findTestObject("Konfirmasi pesanan shop/input_Alamat E-mai"), "irfan@gmail.com"): Text 'irfan@gmail.com' is set on object 'Object Repository/Konfirmasi pesanan shop/input_Alamat E-mai'

2023-10-05 11:29:55 - [MESSAGE][PASSED] - Text 'irfan@gmail.com' is set on object 'Object Repository/Konfirmasi pesanan shop/input_Alamat E-mai'

2023-10-05 11:29:55 - [TEST_STEP][PASSED] - click(findTestObject("Konfirmasi pesanan shop/button_Submit")): Object: 'Object Repository/Konfirmasi pesanan shop/button_Submit' is clicked on

2023-10-05 11:29:56 - [MESSAGE][PASSED] - Object: 'Object Repository/Konfirmasi pesanan shop/button_Submit' is clicked on

2023-10-05 11:29:56 - [TEST_STEP][PASSED] - verifyElementPresent(findTestObject("Konfirmasi pesanan shop/Tittle nomor invoice"), 0): Object 'Object Repository/Konfirmasi pesanan shop/Tittle nomor invoice' is present

2023-10-05 11:29:56 - [MESSAGE][WARNING] - Timeout '0' is invalid. Using default page load timeout: '30'

2023-10-05 11:29:56 - [MESSAGE][PASSED] - Object 'Object Repository/Konfirmasi pesanan shop/Tittle nomor invoice' is present

2023-10-05 11:29:56 - [TEST_STEP][PASSED] - setText(findTestObject("Konfirmasi pesanan shop/input_Total TagihanTransfer_b"), Total): Text '8,735' is set on object 'Object Repository/Konfirmasi pesanan shop/input_Total TagihanTransfer_b'

2023-10-05 11:29:57 - [MESSAGE][PASSED] - Text '8,735' is set on object 'Object Repository/Konfirmasi pesanan shop/input_Total TagihanTransfer_b'

2023-10-05 11:29:57 - [TEST_STEP][PASSED] - selectOptionByValue(findTestObject("Konfirmasi pesanan shop/select_Bank"), "4", false): All options with value '4' are selected in object 'Object Repository/Konfirmasi pesanan shop/select_Bank' 

2023-10-05 11:29:58 - [MESSAGE][PASSED] - All options with value '4' are selected in object 'Object Repository/Konfirmasi pesanan shop/select_Bank' 

2023-10-05 11:29:58 - [TEST_STEP][PASSED] - setText(findTestObject("Konfirmasi pesanan shop/input_Nama Pengirim_d"), NamaPemesan): Text 'irfan.afandi' is set on object 'Object Repository/Konfirmasi pesanan shop/input_Nama Pengirim_d'

2023-10-05 11:29:59 - [MESSAGE][PASSED] - Text 'irfan.afandi' is set on object 'Object Repository/Konfirmasi pesanan shop/input_Nama Pengirim_d'

2023-10-05 11:29:59 - [TEST_STEP][PASSED] - uploadFile(findTestObject("keranjang/konfirmasi/input_Upload Bukti Transfer_f"), "C:\Users\IRFAN\Downloads\Berkas2.pdf"): File 'C:\Users\IRFAN\Downloads\Berkas2.pdf' sent to object: 'Object Repository/keranjang/konfirmasi/input_Upload Bukti Transfer_f'

2023-10-05 11:29:59 - [MESSAGE][PASSED] - File 'C:\Users\IRFAN\Downloads\Berkas2.pdf' sent to object: 'Object Repository/keranjang/konfirmasi/input_Upload Bukti Transfer_f'

2023-10-05 11:29:59 - [TEST_STEP][PASSED] - click(findTestObject("Konfirmasi pesanan shop/button_Konfirmasi Pembayaran")): Object: 'Object Repository/Konfirmasi pesanan shop/button_Konfirmasi Pembayaran' is clicked on

2023-10-05 11:30:01 - [MESSAGE][PASSED] - Object: 'Object Repository/Konfirmasi pesanan shop/button_Konfirmasi Pembayaran' is clicked on

2023-10-05 11:30:01 - [TEST_STEP][PASSED] - verifyElementPresent(findTestObject("Konfirmasi pesanan shop/Tittle Konfirmasi Pesanan"), 0): Object 'Object Repository/Konfirmasi pesanan shop/Tittle Konfirmasi Pesanan' is present

2023-10-05 11:30:01 - [MESSAGE][WARNING] - Timeout '0' is invalid. Using default page load timeout: '30'

2023-10-05 11:30:01 - [MESSAGE][PASSED] - Object 'Object Repository/Konfirmasi pesanan shop/Tittle Konfirmasi Pesanan' is present

2023-10-05 11:30:01 - [TEST_STEP][PASSED] - verifyElementPresent(findTestObject("Konfirmasi pesanan shop/Tittle massage succes Konfirmasi Pembayaran Pesanan"), 0): Object 'Object Repository/Konfirmasi pesanan shop/Tittle massage succes Konfirmasi Pembayaran Pesanan' is present

2023-10-05 11:30:01 - [MESSAGE][WARNING] - Timeout '0' is invalid. Using default page load timeout: '30'

2023-10-05 11:30:02 - [MESSAGE][PASSED] - Object 'Object Repository/Konfirmasi pesanan shop/Tittle massage succes Konfirmasi Pembayaran Pesanan' is present

2023-10-05 11:30:02 - [TEST_STEP][PASSED] - return data: null

2023-10-05 11:30:02 - [MESSAGE][PASSED] - Call Test Case 'Test Cases/T13 Pembelian, Shipment dan Pembayaran/PBY-004' successfully

2023-10-05 11:30:02 - [TEST_STEP][PASSED] - navigateToUrl("https://10.9.2.63/ecommerce/administrator/"): Navigate to 'https://10.9.2.63/ecommerce/administrator/' successfully

2023-10-05 11:30:03 - [MESSAGE][PASSED] - Navigate to 'https://10.9.2.63/ecommerce/administrator/' successfully

2023-10-05 11:30:03 - [TEST_STEP][PASSED] - verifyElementPresent(findTestObject("admin/Tittle ADMIN Login"), 0): Object 'Object Repository/admin/Tittle ADMIN Login' is present

2023-10-05 11:30:03 - [MESSAGE][WARNING] - Timeout '0' is invalid. Using default page load timeout: '30'

2023-10-05 11:30:03 - [MESSAGE][PASSED] - Object 'Object Repository/admin/Tittle ADMIN Login' is present

2023-10-05 11:30:03 - [TEST_STEP][PASSED] - setText(findTestObject("admin/Username"), "admin"): Text 'admin' is set on object 'Object Repository/admin/Username'

2023-10-05 11:30:04 - [MESSAGE][PASSED] - Text 'admin' is set on object 'Object Repository/admin/Username'

2023-10-05 11:30:04 - [TEST_STEP][PASSED] - setText(findTestObject("admin/Password"), "123admin123"): Text '123admin123' is set on object 'Object Repository/admin/Password'

2023-10-05 11:30:05 - [MESSAGE][PASSED] - Text '123admin123' is set on object 'Object Repository/admin/Password'

2023-10-05 11:30:05 - [TEST_STEP][PASSED] - click(findTestObject("admin/Remember Me")): Object: 'Object Repository/admin/Remember Me' is clicked on

2023-10-05 11:30:05 - [MESSAGE][PASSED] - Object: 'Object Repository/admin/Remember Me' is clicked on

2023-10-05 11:30:05 - [TEST_STEP][PASSED] - delay(10): Delayed 10 second(s)

2023-10-05 11:30:15 - [MESSAGE][PASSED] - Delayed 10 second(s)

2023-10-05 11:30:15 - [TEST_STEP][PASSED] - click(findTestObject("admin/buttom submit")): Object: 'Object Repository/admin/buttom submit' is clicked on

2023-10-05 11:30:17 - [MESSAGE][PASSED] - Object: 'Object Repository/admin/buttom submit' is clicked on

2023-10-05 11:30:17 - [TEST_STEP][PASSED] - verifyElementPresent(findTestObject("admin/Konf order konsumen/Tittle Dashboard"), 0): Object 'Object Repository/admin/Konf order konsumen/Tittle Dashboard' is present

2023-10-05 11:30:17 - [MESSAGE][WARNING] - Timeout '0' is invalid. Using default page load timeout: '30'

2023-10-05 11:30:18 - [MESSAGE][PASSED] - Object 'Object Repository/admin/Konf order konsumen/Tittle Dashboard' is present

2023-10-05 11:30:18 - [TEST_STEP][PASSED] - click(findTestObject("admin/Konf order konsumen/Menu Transaksi Market")): Object: 'Object Repository/admin/Konf order konsumen/Menu Transaksi Market' is clicked on

2023-10-05 11:30:18 - [MESSAGE][PASSED] - Object: 'Object Repository/admin/Konf order konsumen/Menu Transaksi Market' is clicked on

2023-10-05 11:30:18 - [TEST_STEP][PASSED] - click(findTestObject("admin/Konf order konsumen/Menu Konf. Order Konsumen")): Object: 'Object Repository/admin/Konf order konsumen/Menu Konf. Order Konsumen' is clicked on

2023-10-05 11:30:19 - [MESSAGE][PASSED] - Object: 'Object Repository/admin/Konf order konsumen/Menu Konf. Order Konsumen' is clicked on

2023-10-05 11:30:19 - [TEST_STEP][PASSED] - verifyElementPresent(findTestObject("admin/Konf order konsumen/Tittle Data Konfirmasi Pembayaran Konsumen"), 0): Object 'Object Repository/admin/Konf order konsumen/Tittle Data Konfirmasi Pembayaran Konsumen' is present

2023-10-05 11:30:19 - [MESSAGE][WARNING] - Timeout '0' is invalid. Using default page load timeout: '30'

2023-10-05 11:30:20 - [MESSAGE][PASSED] - Object 'Object Repository/admin/Konf order konsumen/Tittle Data Konfirmasi Pembayaran Konsumen' is present

2023-10-05 11:30:20 - [TEST_STEP][PASSED] - inv = data.get("invoice"): null

2023-10-05 11:30:20 - [TEST_STEP][PASSED] - setText(findTestObject("admin/Konf order konsumen/Search"), inv): Text 'TRX60.20231005112936' is set on object 'Object Repository/admin/Konf order konsumen/Search'

2023-10-05 11:30:21 - [MESSAGE][PASSED] - Text 'TRX60.20231005112936' is set on object 'Object Repository/admin/Konf order konsumen/Search'

2023-10-05 11:30:21 - [TEST_STEP][PASSED] - verifyElementText(findTestObject("admin/Konf order konsumen/Keterangan Lunas"), "Lunas"): Actual text and expected text of test object 'Object Repository/admin/Konf order konsumen/Keterangan Lunas' are matched.

2023-10-05 11:30:21 - [MESSAGE][PASSED] - Actual text and expected text of test object 'Object Repository/admin/Konf order konsumen/Keterangan Lunas' are matched.

2023-10-05 11:30:21 - [TEST_STEP][PASSED] - return data: null

2023-10-05 11:30:21 - [MESSAGE][PASSED] - Call Test Case 'Test Cases/T13 Pembelian, Shipment dan Pembayaran/PBYA-001' successfully

2023-10-05 11:30:21 - [TEST_STEP][PASSED] - click(findTestObject("admin/Penjualan ke konsumen/buttom Dashboard")): Object: 'Object Repository/admin/Penjualan ke konsumen/buttom Dashboard' is clicked on

2023-10-05 11:30:22 - [MESSAGE][PASSED] - Object: 'Object Repository/admin/Penjualan ke konsumen/buttom Dashboard' is clicked on

2023-10-05 11:30:22 - [TEST_STEP][PASSED] - click(findTestObject("admin/Konf order konsumen/Menu Transaksi Market")): Object: 'Object Repository/admin/Konf order konsumen/Menu Transaksi Market' is clicked on

2023-10-05 11:30:23 - [MESSAGE][PASSED] - Object: 'Object Repository/admin/Konf order konsumen/Menu Transaksi Market' is clicked on

2023-10-05 11:30:23 - [TEST_STEP][PASSED] - click(findTestObject("admin/Penjualan ke konsumen/a_Penjualan ke Konsumen")): Object: 'Object Repository/admin/Penjualan ke konsumen/a_Penjualan ke Konsumen' is clicked on

2023-10-05 11:30:26 - [MESSAGE][PASSED] - Object: 'Object Repository/admin/Penjualan ke konsumen/a_Penjualan ke Konsumen' is clicked on

2023-10-05 11:30:26 - [TEST_STEP][PASSED] - verifyElementPresent(findTestObject("admin/Tittle Data Transaksi Penjualan  Orderan Konsumen"), 0): Object 'Object Repository/admin/Tittle Data Transaksi Penjualan  Orderan Konsumen' is present

2023-10-05 11:30:26 - [MESSAGE][WARNING] - Timeout '0' is invalid. Using default page load timeout: '30'

2023-10-05 11:30:27 - [MESSAGE][PASSED] - Object 'Object Repository/admin/Tittle Data Transaksi Penjualan  Orderan Konsumen' is present

2023-10-05 11:30:27 - [TEST_STEP][PASSED] - return data: null

2023-10-05 11:30:27 - [MESSAGE][PASSED] - Call Test Case 'Test Cases/T13 Pembelian, Shipment dan Pembayaran/SA-001' successfully

2023-10-05 11:30:27 - [TEST_STEP][PASSED] - inv = data.get("invoice"): null

2023-10-05 11:30:27 - [TEST_STEP][PASSED] - setText(findTestObject("admin/Penjualan ke konsumen/Search"), inv): Text 'TRX60.20231005112936' is set on object 'Object Repository/admin/Penjualan ke konsumen/Search'

2023-10-05 11:30:28 - [MESSAGE][PASSED] - Text 'TRX60.20231005112936' is set on object 'Object Repository/admin/Penjualan ke konsumen/Search'

2023-10-05 11:30:28 - [TEST_STEP][PASSED] - click(findTestObject("admin/Penjualan ke konsumen/buttom konfirmasi pending payment")): Object: 'Object Repository/admin/Penjualan ke konsumen/buttom konfirmasi pending payment' is clicked on

2023-10-05 11:30:28 - [MESSAGE][PASSED] - Object: 'Object Repository/admin/Penjualan ke konsumen/buttom konfirmasi pending payment' is clicked on

2023-10-05 11:30:28 - [TEST_STEP][FAILED] - acceptAlert(STOP_ON_FAILURE): Unable to accept alert (Root cause: com.kms.katalon.core.exception.StepFailedException: Unable to accept alert
	at com.kms.katalon.core.webui.keyword.internal.WebUIKeywordMain.stepFailed(WebUIKeywordMain.groovy:64)
	at com.kms.katalon.core.webui.keyword.internal.WebUIKeywordMain.runKeyword(WebUIKeywordMain.groovy:26)
	at com.kms.katalon.core.webui.keyword.builtin.AcceptAlertKeyword.acceptAlert(AcceptAlertKeyword.groovy:71)
	at com.kms.katalon.core.webui.keyword.builtin.AcceptAlertKeyword.execute(AcceptAlertKeyword.groovy:66)
	at com.kms.katalon.core.keyword.internal.KeywordExecutor.executeKeywordForPlatform(KeywordExecutor.groovy:74)
	at com.kms.katalon.core.webui.keyword.WebUiBuiltInKeywords.acceptAlert(WebUiBuiltInKeywords.groovy:1510)
	at com.kms.katalon.core.webui.keyword.WebUiBuiltInKeywords$acceptAlert$16.call(Unknown Source)
	at SA-002.run(SA-002:29)
	at com.kms.katalon.core.main.ScriptEngine.run(ScriptEngine.java:194)
	at com.kms.katalon.core.main.ScriptEngine.runScriptAsRawText(ScriptEngine.java:119)
	at com.kms.katalon.core.main.TestCaseExecutor.runScript(TestCaseExecutor.java:448)
	at com.kms.katalon.core.main.TestCaseExecutor.doExecute(TestCaseExecutor.java:439)
	at com.kms.katalon.core.main.TestCaseExecutor.processExecutionPhase(TestCaseExecutor.java:418)
	at com.kms.katalon.core.main.TestCaseExecutor.accessMainPhase(TestCaseExecutor.java:410)
	at com.kms.katalon.core.main.TestCaseExecutor.execute(TestCaseExecutor.java:285)
	at com.kms.katalon.core.main.TestCaseMain.runTestCase(TestCaseMain.java:144)
	at com.kms.katalon.core.keyword.builtin.CallTestCaseKeyword$_callTestCase_closure1.doCall(CallTestCaseKeyword.groovy:59)
	at com.kms.katalon.core.keyword.builtin.CallTestCaseKeyword$_callTestCase_closure1.call(CallTestCaseKeyword.groovy)
	at com.kms.katalon.core.keyword.internal.KeywordMain.runKeyword(KeywordMain.groovy:75)
	at com.kms.katalon.core.keyword.builtin.CallTestCaseKeyword.callTestCase(CallTestCaseKeyword.groovy:81)
	at com.kms.katalon.core.keyword.builtin.CallTestCaseKeyword.execute(CallTestCaseKeyword.groovy:44)
	at com.kms.katalon.core.keyword.internal.KeywordExecutor.executeKeywordForPlatform(KeywordExecutor.groovy:74)
	at com.kms.katalon.core.keyword.BuiltinKeywords.callTestCase(BuiltinKeywords.groovy:310)
	at SA-005.run(SA-005:20)
	at com.kms.katalon.core.main.ScriptEngine.run(ScriptEngine.java:194)
	at com.kms.katalon.core.main.ScriptEngine.runScriptAsRawText(ScriptEngine.java:119)
	at com.kms.katalon.core.main.TestCaseExecutor.runScript(TestCaseExecutor.java:448)
	at com.kms.katalon.core.main.TestCaseExecutor.doExecute(TestCaseExecutor.java:439)
	at com.kms.katalon.core.main.TestCaseExecutor.processExecutionPhase(TestCaseExecutor.java:418)
	at com.kms.katalon.core.main.TestCaseExecutor.accessMainPhase(TestCaseExecutor.java:410)
	at com.kms.katalon.core.main.TestCaseExecutor.execute(TestCaseExecutor.java:285)
	at com.kms.katalon.core.main.TestCaseMain.runTestCase(TestCaseMain.java:144)
	at com.kms.katalon.core.keyword.builtin.CallTestCaseKeyword$_callTestCase_closure1.doCall(CallTestCaseKeyword.groovy:59)
	at com.kms.katalon.core.keyword.builtin.CallTestCaseKeyword$_callTestCase_closure1.call(CallTestCaseKeyword.groovy)
	at com.kms.katalon.core.keyword.internal.KeywordMain.runKeyword(KeywordMain.groovy:75)
	at com.kms.katalon.core.keyword.builtin.CallTestCaseKeyword.callTestCase(CallTestCaseKeyword.groovy:81)
	at com.kms.katalon.core.keyword.builtin.CallTestCaseKeyword.execute(CallTestCaseKeyword.groovy:44)
	at com.kms.katalon.core.keyword.internal.KeywordExecutor.executeKeywordForPlatform(KeywordExecutor.groovy:74)
	at com.kms.katalon.core.keyword.BuiltinKeywords.callTestCase(BuiltinKeywords.groovy:310)
	at SU-004.run(SU-004:20)
	at com.kms.katalon.core.main.ScriptEngine.run(ScriptEngine.java:194)
	at com.kms.katalon.core.main.ScriptEngine.runScriptAsRawText(ScriptEngine.java:119)
	at com.kms.katalon.core.main.TestCaseExecutor.runScript(TestCaseExecutor.java:448)
	at com.kms.katalon.core.main.TestCaseExecutor.doExecute(TestCaseExecutor.java:439)
	at com.kms.katalon.core.main.TestCaseExecutor.processExecutionPhase(TestCaseExecutor.java:418)
	at com.kms.katalon.core.main.TestCaseExecutor.accessMainPhase(TestCaseExecutor.java:410)
	at com.kms.katalon.core.main.TestCaseExecutor.execute(TestCaseExecutor.java:285)
	at com.kms.katalon.core.common.CommonExecutor.accessTestCaseMainPhase(CommonExecutor.java:65)
	at com.kms.katalon.core.main.TestSuiteExecutor.accessTestSuiteMainPhase(TestSuiteExecutor.java:148)
	at com.kms.katalon.core.main.TestSuiteExecutor.execute(TestSuiteExecutor.java:106)
	at com.kms.katalon.core.main.TestCaseMain.startTestSuite(TestCaseMain.java:187)
	at com.kms.katalon.core.main.TestCaseMain$startTestSuite$0.call(Unknown Source)
	at TempTestSuite1696477503821.run(TempTestSuite1696477503821.groovy:36)
Caused by: com.kms.katalon.core.exception.StepFailedException: No alert found
	at com.kms.katalon.core.webui.keyword.internal.WebUIKeywordMain.stepFailed(WebUIKeywordMain.groovy:64)
	at com.kms.katalon.core.webui.keyword.builtin.AcceptAlertKeyword$_acceptAlert_closure1.doCall(AcceptAlertKeyword.groovy:78)
	at com.kms.katalon.core.webui.keyword.builtin.AcceptAlertKeyword$_acceptAlert_closure1.call(AcceptAlertKeyword.groovy)
	at com.kms.katalon.core.webui.keyword.internal.WebUIKeywordMain.runKeyword(WebUIKeywordMain.groovy:20)
	... 51 more
)

2023-10-05 11:30:28 - [MESSAGE][FAILED] - No alert found (Root cause: com.kms.katalon.core.exception.StepFailedException: No alert found
	at com.kms.katalon.core.webui.keyword.internal.WebUIKeywordMain.stepFailed(WebUIKeywordMain.groovy:64)
	at com.kms.katalon.core.webui.keyword.builtin.AcceptAlertKeyword$_acceptAlert_closure1.doCall(AcceptAlertKeyword.groovy:78)
	at com.kms.katalon.core.webui.keyword.builtin.AcceptAlertKeyword$_acceptAlert_closure1.call(AcceptAlertKeyword.groovy)
	at com.kms.katalon.core.webui.keyword.internal.WebUIKeywordMain.runKeyword(WebUIKeywordMain.groovy:20)
	at com.kms.katalon.core.webui.keyword.builtin.AcceptAlertKeyword.acceptAlert(AcceptAlertKeyword.groovy:71)
	at com.kms.katalon.core.webui.keyword.builtin.AcceptAlertKeyword.execute(AcceptAlertKeyword.groovy:66)
	at com.kms.katalon.core.keyword.internal.KeywordExecutor.executeKeywordForPlatform(KeywordExecutor.groovy:74)
	at com.kms.katalon.core.webui.keyword.WebUiBuiltInKeywords.acceptAlert(WebUiBuiltInKeywords.groovy:1510)
	at com.kms.katalon.core.webui.keyword.WebUiBuiltInKeywords$acceptAlert$16.call(Unknown Source)
	at SA-002.run(SA-002:29)
	at com.kms.katalon.core.main.ScriptEngine.run(ScriptEngine.java:194)
	at com.kms.katalon.core.main.ScriptEngine.runScriptAsRawText(ScriptEngine.java:119)
	at com.kms.katalon.core.main.TestCaseExecutor.runScript(TestCaseExecutor.java:448)
	at com.kms.katalon.core.main.TestCaseExecutor.doExecute(TestCaseExecutor.java:439)
	at com.kms.katalon.core.main.TestCaseExecutor.processExecutionPhase(TestCaseExecutor.java:418)
	at com.kms.katalon.core.main.TestCaseExecutor.accessMainPhase(TestCaseExecutor.java:410)
	at com.kms.katalon.core.main.TestCaseExecutor.execute(TestCaseExecutor.java:285)
	at com.kms.katalon.core.main.TestCaseMain.runTestCase(TestCaseMain.java:144)
	at com.kms.katalon.core.keyword.builtin.CallTestCaseKeyword$_callTestCase_closure1.doCall(CallTestCaseKeyword.groovy:59)
	at com.kms.katalon.core.keyword.builtin.CallTestCaseKeyword$_callTestCase_closure1.call(CallTestCaseKeyword.groovy)
	at com.kms.katalon.core.keyword.internal.KeywordMain.runKeyword(KeywordMain.groovy:75)
	at com.kms.katalon.core.keyword.builtin.CallTestCaseKeyword.callTestCase(CallTestCaseKeyword.groovy:81)
	at com.kms.katalon.core.keyword.builtin.CallTestCaseKeyword.execute(CallTestCaseKeyword.groovy:44)
	at com.kms.katalon.core.keyword.internal.KeywordExecutor.executeKeywordForPlatform(KeywordExecutor.groovy:74)
	at com.kms.katalon.core.keyword.BuiltinKeywords.callTestCase(BuiltinKeywords.groovy:310)
	at SA-005.run(SA-005:20)
	at com.kms.katalon.core.main.ScriptEngine.run(ScriptEngine.java:194)
	at com.kms.katalon.core.main.ScriptEngine.runScriptAsRawText(ScriptEngine.java:119)
	at com.kms.katalon.core.main.TestCaseExecutor.runScript(TestCaseExecutor.java:448)
	at com.kms.katalon.core.main.TestCaseExecutor.doExecute(TestCaseExecutor.java:439)
	at com.kms.katalon.core.main.TestCaseExecutor.processExecutionPhase(TestCaseExecutor.java:418)
	at com.kms.katalon.core.main.TestCaseExecutor.accessMainPhase(TestCaseExecutor.java:410)
	at com.kms.katalon.core.main.TestCaseExecutor.execute(TestCaseExecutor.java:285)
	at com.kms.katalon.core.main.TestCaseMain.runTestCase(TestCaseMain.java:144)
	at com.kms.katalon.core.keyword.builtin.CallTestCaseKeyword$_callTestCase_closure1.doCall(CallTestCaseKeyword.groovy:59)
	at com.kms.katalon.core.keyword.builtin.CallTestCaseKeyword$_callTestCase_closure1.call(CallTestCaseKeyword.groovy)
	at com.kms.katalon.core.keyword.internal.KeywordMain.runKeyword(KeywordMain.groovy:75)
	at com.kms.katalon.core.keyword.builtin.CallTestCaseKeyword.callTestCase(CallTestCaseKeyword.groovy:81)
	at com.kms.katalon.core.keyword.builtin.CallTestCaseKeyword.execute(CallTestCaseKeyword.groovy:44)
	at com.kms.katalon.core.keyword.internal.KeywordExecutor.executeKeywordForPlatform(KeywordExecutor.groovy:74)
	at com.kms.katalon.core.keyword.BuiltinKeywords.callTestCase(BuiltinKeywords.groovy:310)
	at SU-004.run(SU-004:20)
	at com.kms.katalon.core.main.ScriptEngine.run(ScriptEngine.java:194)
	at com.kms.katalon.core.main.ScriptEngine.runScriptAsRawText(ScriptEngine.java:119)
	at com.kms.katalon.core.main.TestCaseExecutor.runScript(TestCaseExecutor.java:448)
	at com.kms.katalon.core.main.TestCaseExecutor.doExecute(TestCaseExecutor.java:439)
	at com.kms.katalon.core.main.TestCaseExecutor.processExecutionPhase(TestCaseExecutor.java:418)
	at com.kms.katalon.core.main.TestCaseExecutor.accessMainPhase(TestCaseExecutor.java:410)
	at com.kms.katalon.core.main.TestCaseExecutor.execute(TestCaseExecutor.java:285)
	at com.kms.katalon.core.common.CommonExecutor.accessTestCaseMainPhase(CommonExecutor.java:65)
	at com.kms.katalon.core.main.TestSuiteExecutor.accessTestSuiteMainPhase(TestSuiteExecutor.java:148)
	at com.kms.katalon.core.main.TestSuiteExecutor.execute(TestSuiteExecutor.java:106)
	at com.kms.katalon.core.main.TestCaseMain.startTestSuite(TestCaseMain.java:187)
	at com.kms.katalon.core.main.TestCaseMain$startTestSuite$0.call(Unknown Source)
	at TempTestSuite1696477503821.run(TempTestSuite1696477503821.groovy:36)
)
[[ATTACHMENT|C:\\FT2 XSIS\\Projek 2 MINI PROJEK\\Reports\\20231005_104503\\T13 Pembelian, Shipment dan Pembayaran\\T13 Pembelian, Shipment dan Pembayaran\\20231005_104503\\1696480228681.png]]

2023-10-05 11:30:28 - [MESSAGE][FAILED] - Unable to accept alert (Root cause: com.kms.katalon.core.exception.StepFailedException: Unable to accept alert
	at com.kms.katalon.core.webui.keyword.internal.WebUIKeywordMain.stepFailed(WebUIKeywordMain.groovy:64)
	at com.kms.katalon.core.webui.keyword.internal.WebUIKeywordMain.runKeyword(WebUIKeywordMain.groovy:26)
	at com.kms.katalon.core.webui.keyword.builtin.AcceptAlertKeyword.acceptAlert(AcceptAlertKeyword.groovy:71)
	at com.kms.katalon.core.webui.keyword.builtin.AcceptAlertKeyword.execute(AcceptAlertKeyword.groovy:66)
	at com.kms.katalon.core.keyword.internal.KeywordExecutor.executeKeywordForPlatform(KeywordExecutor.groovy:74)
	at com.kms.katalon.core.webui.keyword.WebUiBuiltInKeywords.acceptAlert(WebUiBuiltInKeywords.groovy:1510)
	at com.kms.katalon.core.webui.keyword.WebUiBuiltInKeywords$acceptAlert$16.call(Unknown Source)
	at SA-002.run(SA-002:29)
	at com.kms.katalon.core.main.ScriptEngine.run(ScriptEngine.java:194)
	at com.kms.katalon.core.main.ScriptEngine.runScriptAsRawText(ScriptEngine.java:119)
	at com.kms.katalon.core.main.TestCaseExecutor.runScript(TestCaseExecutor.java:448)
	at com.kms.katalon.core.main.TestCaseExecutor.doExecute(TestCaseExecutor.java:439)
	at com.kms.katalon.core.main.TestCaseExecutor.processExecutionPhase(TestCaseExecutor.java:418)
	at com.kms.katalon.core.main.TestCaseExecutor.accessMainPhase(TestCaseExecutor.java:410)
	at com.kms.katalon.core.main.TestCaseExecutor.execute(TestCaseExecutor.java:285)
	at com.kms.katalon.core.main.TestCaseMain.runTestCase(TestCaseMain.java:144)
	at com.kms.katalon.core.keyword.builtin.CallTestCaseKeyword$_callTestCase_closure1.doCall(CallTestCaseKeyword.groovy:59)
	at com.kms.katalon.core.keyword.builtin.CallTestCaseKeyword$_callTestCase_closure1.call(CallTestCaseKeyword.groovy)
	at com.kms.katalon.core.keyword.internal.KeywordMain.runKeyword(KeywordMain.groovy:75)
	at com.kms.katalon.core.keyword.builtin.CallTestCaseKeyword.callTestCase(CallTestCaseKeyword.groovy:81)
	at com.kms.katalon.core.keyword.builtin.CallTestCaseKeyword.execute(CallTestCaseKeyword.groovy:44)
	at com.kms.katalon.core.keyword.internal.KeywordExecutor.executeKeywordForPlatform(KeywordExecutor.groovy:74)
	at com.kms.katalon.core.keyword.BuiltinKeywords.callTestCase(BuiltinKeywords.groovy:310)
	at SA-005.run(SA-005:20)
	at com.kms.katalon.core.main.ScriptEngine.run(ScriptEngine.java:194)
	at com.kms.katalon.core.main.ScriptEngine.runScriptAsRawText(ScriptEngine.java:119)
	at com.kms.katalon.core.main.TestCaseExecutor.runScript(TestCaseExecutor.java:448)
	at com.kms.katalon.core.main.TestCaseExecutor.doExecute(TestCaseExecutor.java:439)
	at com.kms.katalon.core.main.TestCaseExecutor.processExecutionPhase(TestCaseExecutor.java:418)
	at com.kms.katalon.core.main.TestCaseExecutor.accessMainPhase(TestCaseExecutor.java:410)
	at com.kms.katalon.core.main.TestCaseExecutor.execute(TestCaseExecutor.java:285)
	at com.kms.katalon.core.main.TestCaseMain.runTestCase(TestCaseMain.java:144)
	at com.kms.katalon.core.keyword.builtin.CallTestCaseKeyword$_callTestCase_closure1.doCall(CallTestCaseKeyword.groovy:59)
	at com.kms.katalon.core.keyword.builtin.CallTestCaseKeyword$_callTestCase_closure1.call(CallTestCaseKeyword.groovy)
	at com.kms.katalon.core.keyword.internal.KeywordMain.runKeyword(KeywordMain.groovy:75)
	at com.kms.katalon.core.keyword.builtin.CallTestCaseKeyword.callTestCase(CallTestCaseKeyword.groovy:81)
	at com.kms.katalon.core.keyword.builtin.CallTestCaseKeyword.execute(CallTestCaseKeyword.groovy:44)
	at com.kms.katalon.core.keyword.internal.KeywordExecutor.executeKeywordForPlatform(KeywordExecutor.groovy:74)
	at com.kms.katalon.core.keyword.BuiltinKeywords.callTestCase(BuiltinKeywords.groovy:310)
	at SU-004.run(SU-004:20)
	at com.kms.katalon.core.main.ScriptEngine.run(ScriptEngine.java:194)
	at com.kms.katalon.core.main.ScriptEngine.runScriptAsRawText(ScriptEngine.java:119)
	at com.kms.katalon.core.main.TestCaseExecutor.runScript(TestCaseExecutor.java:448)
	at com.kms.katalon.core.main.TestCaseExecutor.doExecute(TestCaseExecutor.java:439)
	at com.kms.katalon.core.main.TestCaseExecutor.processExecutionPhase(TestCaseExecutor.java:418)
	at com.kms.katalon.core.main.TestCaseExecutor.accessMainPhase(TestCaseExecutor.java:410)
	at com.kms.katalon.core.main.TestCaseExecutor.execute(TestCaseExecutor.java:285)
	at com.kms.katalon.core.common.CommonExecutor.accessTestCaseMainPhase(CommonExecutor.java:65)
	at com.kms.katalon.core.main.TestSuiteExecutor.accessTestSuiteMainPhase(TestSuiteExecutor.java:148)
	at com.kms.katalon.core.main.TestSuiteExecutor.execute(TestSuiteExecutor.java:106)
	at com.kms.katalon.core.main.TestCaseMain.startTestSuite(TestCaseMain.java:187)
	at com.kms.katalon.core.main.TestCaseMain$startTestSuite$0.call(Unknown Source)
	at TempTestSuite1696477503821.run(TempTestSuite1696477503821.groovy:36)
Caused by: com.kms.katalon.core.exception.StepFailedException: No alert found
	at com.kms.katalon.core.webui.keyword.internal.WebUIKeywordMain.stepFailed(WebUIKeywordMain.groovy:64)
	at com.kms.katalon.core.webui.keyword.builtin.AcceptAlertKeyword$_acceptAlert_closure1.doCall(AcceptAlertKeyword.groovy:78)
	at com.kms.katalon.core.webui.keyword.builtin.AcceptAlertKeyword$_acceptAlert_closure1.call(AcceptAlertKeyword.groovy)
	at com.kms.katalon.core.webui.keyword.internal.WebUIKeywordMain.runKeyword(WebUIKeywordMain.groovy:20)
	... 51 more
)
[[ATTACHMENT|C:\\FT2 XSIS\\Projek 2 MINI PROJEK\\Reports\\20231005_104503\\T13 Pembelian, Shipment dan Pembayaran\\T13 Pembelian, Shipment dan Pembayaran\\20231005_104503\\1696480228846.png]]

2023-10-05 11:30:28 - [MESSAGE][FAILED] - Unable to call Test Case 'Test Cases/T13 Pembelian, Shipment dan Pembayaran/SA-002' (Root cause: com.kms.katalon.core.exception.StepFailedException: Call Test Case 'Test Cases/T13 Pembelian, Shipment dan Pembayaran/SA-002' failed
	at com.kms.katalon.core.keyword.builtin.CallTestCaseKeyword$_callTestCase_closure1.doCall(CallTestCaseKeyword.groovy:63)
	at com.kms.katalon.core.keyword.builtin.CallTestCaseKeyword$_callTestCase_closure1.call(CallTestCaseKeyword.groovy)
	at com.kms.katalon.core.keyword.internal.KeywordMain.runKeyword(KeywordMain.groovy:75)
	at com.kms.katalon.core.keyword.builtin.CallTestCaseKeyword.callTestCase(CallTestCaseKeyword.groovy:81)
	at com.kms.katalon.core.keyword.builtin.CallTestCaseKeyword.execute(CallTestCaseKeyword.groovy:44)
	at com.kms.katalon.core.keyword.internal.KeywordExecutor.executeKeywordForPlatform(KeywordExecutor.groovy:74)
	at com.kms.katalon.core.keyword.BuiltinKeywords.callTestCase(BuiltinKeywords.groovy:310)
	at SA-005.run(SA-005:20)
	at com.kms.katalon.core.main.ScriptEngine.run(ScriptEngine.java:194)
	at com.kms.katalon.core.main.ScriptEngine.runScriptAsRawText(ScriptEngine.java:119)
	at com.kms.katalon.core.main.TestCaseExecutor.runScript(TestCaseExecutor.java:448)
	at com.kms.katalon.core.main.TestCaseExecutor.doExecute(TestCaseExecutor.java:439)
	at com.kms.katalon.core.main.TestCaseExecutor.processExecutionPhase(TestCaseExecutor.java:418)
	at com.kms.katalon.core.main.TestCaseExecutor.accessMainPhase(TestCaseExecutor.java:410)
	at com.kms.katalon.core.main.TestCaseExecutor.execute(TestCaseExecutor.java:285)
	at com.kms.katalon.core.main.TestCaseMain.runTestCase(TestCaseMain.java:144)
	at com.kms.katalon.core.keyword.builtin.CallTestCaseKeyword$_callTestCase_closure1.doCall(CallTestCaseKeyword.groovy:59)
	at com.kms.katalon.core.keyword.builtin.CallTestCaseKeyword$_callTestCase_closure1.call(CallTestCaseKeyword.groovy)
	at com.kms.katalon.core.keyword.internal.KeywordMain.runKeyword(KeywordMain.groovy:75)
	at com.kms.katalon.core.keyword.builtin.CallTestCaseKeyword.callTestCase(CallTestCaseKeyword.groovy:81)
	at com.kms.katalon.core.keyword.builtin.CallTestCaseKeyword.execute(CallTestCaseKeyword.groovy:44)
	at com.kms.katalon.core.keyword.internal.KeywordExecutor.executeKeywordForPlatform(KeywordExecutor.groovy:74)
	at com.kms.katalon.core.keyword.BuiltinKeywords.callTestCase(BuiltinKeywords.groovy:310)
	at SU-004.run(SU-004:20)
	at com.kms.katalon.core.main.ScriptEngine.run(ScriptEngine.java:194)
	at com.kms.katalon.core.main.ScriptEngine.runScriptAsRawText(ScriptEngine.java:119)
	at com.kms.katalon.core.main.TestCaseExecutor.runScript(TestCaseExecutor.java:448)
	at com.kms.katalon.core.main.TestCaseExecutor.doExecute(TestCaseExecutor.java:439)
	at com.kms.katalon.core.main.TestCaseExecutor.processExecutionPhase(TestCaseExecutor.java:418)
	at com.kms.katalon.core.main.TestCaseExecutor.accessMainPhase(TestCaseExecutor.java:410)
	at com.kms.katalon.core.main.TestCaseExecutor.execute(TestCaseExecutor.java:285)
	at com.kms.katalon.core.common.CommonExecutor.accessTestCaseMainPhase(CommonExecutor.java:65)
	at com.kms.katalon.core.main.TestSuiteExecutor.accessTestSuiteMainPhase(TestSuiteExecutor.java:148)
	at com.kms.katalon.core.main.TestSuiteExecutor.execute(TestSuiteExecutor.java:106)
	at com.kms.katalon.core.main.TestCaseMain.startTestSuite(TestCaseMain.java:187)
	at com.kms.katalon.core.main.TestCaseMain$startTestSuite$0.call(Unknown Source)
	at TempTestSuite1696477503821.run(TempTestSuite1696477503821.groovy:36)
Caused by: com.kms.katalon.core.exception.StepFailedException: Unable to accept alert
	at com.kms.katalon.core.webui.keyword.internal.WebUIKeywordMain.stepFailed(WebUIKeywordMain.groovy:64)
	at com.kms.katalon.core.webui.keyword.internal.WebUIKeywordMain.runKeyword(WebUIKeywordMain.groovy:26)
	at com.kms.katalon.core.webui.keyword.builtin.AcceptAlertKeyword.acceptAlert(AcceptAlertKeyword.groovy:71)
	at com.kms.katalon.core.webui.keyword.builtin.AcceptAlertKeyword.execute(AcceptAlertKeyword.groovy:66)
	at com.kms.katalon.core.keyword.internal.KeywordExecutor.executeKeywordForPlatform(KeywordExecutor.groovy:74)
	at com.kms.katalon.core.webui.keyword.WebUiBuiltInKeywords.acceptAlert(WebUiBuiltInKeywords.groovy:1510)
	at com.kms.katalon.core.webui.keyword.WebUiBuiltInKeywords$acceptAlert$16.call(Unknown Source)
	at SA-002.run(SA-002:29)
	at com.kms.katalon.core.main.ScriptEngine.run(ScriptEngine.java:194)
	at com.kms.katalon.core.main.ScriptEngine.runScriptAsRawText(ScriptEngine.java:119)
	at com.kms.katalon.core.main.TestCaseExecutor.runScript(TestCaseExecutor.java:448)
	at com.kms.katalon.core.main.TestCaseExecutor.doExecute(TestCaseExecutor.java:439)
	at com.kms.katalon.core.main.TestCaseExecutor.processExecutionPhase(TestCaseExecutor.java:418)
	at com.kms.katalon.core.main.TestCaseExecutor.accessMainPhase(TestCaseExecutor.java:410)
	at com.kms.katalon.core.main.TestCaseExecutor.execute(TestCaseExecutor.java:285)
	at com.kms.katalon.core.main.TestCaseMain.runTestCase(TestCaseMain.java:144)
	at com.kms.katalon.core.keyword.builtin.CallTestCaseKeyword$_callTestCase_closure1.doCall(CallTestCaseKeyword.groovy:59)
	... 36 more
Caused by: com.kms.katalon.core.exception.StepFailedException: No alert found
	at com.kms.katalon.core.webui.keyword.internal.WebUIKeywordMain.stepFailed(WebUIKeywordMain.groovy:64)
	at com.kms.katalon.core.webui.keyword.builtin.AcceptAlertKeyword$_acceptAlert_closure1.doCall(AcceptAlertKeyword.groovy:78)
	at com.kms.katalon.core.webui.keyword.builtin.AcceptAlertKeyword$_acceptAlert_closure1.call(AcceptAlertKeyword.groovy)
	at com.kms.katalon.core.webui.keyword.internal.WebUIKeywordMain.runKeyword(WebUIKeywordMain.groovy:20)
	... 51 more
)

2023-10-05 11:30:28 - [MESSAGE][FAILED] - Unable to call Test Case 'Test Cases/T13 Pembelian, Shipment dan Pembayaran/SA-005' (Root cause: com.kms.katalon.core.exception.StepFailedException: Call Test Case 'Test Cases/T13 Pembelian, Shipment dan Pembayaran/SA-005' failed
	at com.kms.katalon.core.keyword.builtin.CallTestCaseKeyword$_callTestCase_closure1.doCall(CallTestCaseKeyword.groovy:63)
	at com.kms.katalon.core.keyword.builtin.CallTestCaseKeyword$_callTestCase_closure1.call(CallTestCaseKeyword.groovy)
	at com.kms.katalon.core.keyword.internal.KeywordMain.runKeyword(KeywordMain.groovy:75)
	at com.kms.katalon.core.keyword.builtin.CallTestCaseKeyword.callTestCase(CallTestCaseKeyword.groovy:81)
	at com.kms.katalon.core.keyword.builtin.CallTestCaseKeyword.execute(CallTestCaseKeyword.groovy:44)
	at com.kms.katalon.core.keyword.internal.KeywordExecutor.executeKeywordForPlatform(KeywordExecutor.groovy:74)
	at com.kms.katalon.core.keyword.BuiltinKeywords.callTestCase(BuiltinKeywords.groovy:310)
	at SU-004.run(SU-004:20)
	at com.kms.katalon.core.main.ScriptEngine.run(ScriptEngine.java:194)
	at com.kms.katalon.core.main.ScriptEngine.runScriptAsRawText(ScriptEngine.java:119)
	at com.kms.katalon.core.main.TestCaseExecutor.runScript(TestCaseExecutor.java:448)
	at com.kms.katalon.core.main.TestCaseExecutor.doExecute(TestCaseExecutor.java:439)
	at com.kms.katalon.core.main.TestCaseExecutor.processExecutionPhase(TestCaseExecutor.java:418)
	at com.kms.katalon.core.main.TestCaseExecutor.accessMainPhase(TestCaseExecutor.java:410)
	at com.kms.katalon.core.main.TestCaseExecutor.execute(TestCaseExecutor.java:285)
	at com.kms.katalon.core.common.CommonExecutor.accessTestCaseMainPhase(CommonExecutor.java:65)
	at com.kms.katalon.core.main.TestSuiteExecutor.accessTestSuiteMainPhase(TestSuiteExecutor.java:148)
	at com.kms.katalon.core.main.TestSuiteExecutor.execute(TestSuiteExecutor.java:106)
	at com.kms.katalon.core.main.TestCaseMain.startTestSuite(TestCaseMain.java:187)
	at com.kms.katalon.core.main.TestCaseMain$startTestSuite$0.call(Unknown Source)
	at TempTestSuite1696477503821.run(TempTestSuite1696477503821.groovy:36)
Caused by: com.kms.katalon.core.exception.StepFailedException: Call Test Case 'Test Cases/T13 Pembelian, Shipment dan Pembayaran/SA-002' failed
	at com.kms.katalon.core.keyword.builtin.CallTestCaseKeyword$_callTestCase_closure1.doCall(CallTestCaseKeyword.groovy:63)
	at com.kms.katalon.core.keyword.builtin.CallTestCaseKeyword$_callTestCase_closure1.call(CallTestCaseKeyword.groovy)
	at com.kms.katalon.core.keyword.internal.KeywordMain.runKeyword(KeywordMain.groovy:75)
	at com.kms.katalon.core.keyword.builtin.CallTestCaseKeyword.callTestCase(CallTestCaseKeyword.groovy:81)
	at com.kms.katalon.core.keyword.builtin.CallTestCaseKeyword.execute(CallTestCaseKeyword.groovy:44)
	at com.kms.katalon.core.keyword.internal.KeywordExecutor.executeKeywordForPlatform(KeywordExecutor.groovy:74)
	at com.kms.katalon.core.keyword.BuiltinKeywords.callTestCase(BuiltinKeywords.groovy:310)
	at SA-005.run(SA-005:20)
	at com.kms.katalon.core.main.ScriptEngine.run(ScriptEngine.java:194)
	at com.kms.katalon.core.main.ScriptEngine.runScriptAsRawText(ScriptEngine.java:119)
	at com.kms.katalon.core.main.TestCaseExecutor.runScript(TestCaseExecutor.java:448)
	at com.kms.katalon.core.main.TestCaseExecutor.doExecute(TestCaseExecutor.java:439)
	at com.kms.katalon.core.main.TestCaseExecutor.processExecutionPhase(TestCaseExecutor.java:418)
	at com.kms.katalon.core.main.TestCaseExecutor.accessMainPhase(TestCaseExecutor.java:410)
	at com.kms.katalon.core.main.TestCaseExecutor.execute(TestCaseExecutor.java:285)
	at com.kms.katalon.core.main.TestCaseMain.runTestCase(TestCaseMain.java:144)
	at com.kms.katalon.core.keyword.builtin.CallTestCaseKeyword$_callTestCase_closure1.doCall(CallTestCaseKeyword.groovy:59)
	... 20 more
Caused by: com.kms.katalon.core.exception.StepFailedException: Unable to accept alert
	at com.kms.katalon.core.webui.keyword.internal.WebUIKeywordMain.stepFailed(WebUIKeywordMain.groovy:64)
	at com.kms.katalon.core.webui.keyword.internal.WebUIKeywordMain.runKeyword(WebUIKeywordMain.groovy:26)
	at com.kms.katalon.core.webui.keyword.builtin.AcceptAlertKeyword.acceptAlert(AcceptAlertKeyword.groovy:71)
	at com.kms.katalon.core.webui.keyword.builtin.AcceptAlertKeyword.execute(AcceptAlertKeyword.groovy:66)
	at com.kms.katalon.core.keyword.internal.KeywordExecutor.executeKeywordForPlatform(KeywordExecutor.groovy:74)
	at com.kms.katalon.core.webui.keyword.WebUiBuiltInKeywords.acceptAlert(WebUiBuiltInKeywords.groovy:1510)
	at com.kms.katalon.core.webui.keyword.WebUiBuiltInKeywords$acceptAlert$16.call(Unknown Source)
	at SA-002.run(SA-002:29)
	at com.kms.katalon.core.main.ScriptEngine.run(ScriptEngine.java:194)
	at com.kms.katalon.core.main.ScriptEngine.runScriptAsRawText(ScriptEngine.java:119)
	at com.kms.katalon.core.main.TestCaseExecutor.runScript(TestCaseExecutor.java:448)
	at com.kms.katalon.core.main.TestCaseExecutor.doExecute(TestCaseExecutor.java:439)
	at com.kms.katalon.core.main.TestCaseExecutor.processExecutionPhase(TestCaseExecutor.java:418)
	at com.kms.katalon.core.main.TestCaseExecutor.accessMainPhase(TestCaseExecutor.java:410)
	at com.kms.katalon.core.main.TestCaseExecutor.execute(TestCaseExecutor.java:285)
	at com.kms.katalon.core.main.TestCaseMain.runTestCase(TestCaseMain.java:144)
	at com.kms.katalon.core.keyword.builtin.CallTestCaseKeyword$_callTestCase_closure1.doCall(CallTestCaseKeyword.groovy:59)
	... 36 more
Caused by: com.kms.katalon.core.exception.StepFailedException: No alert found
	at com.kms.katalon.core.webui.keyword.internal.WebUIKeywordMain.stepFailed(WebUIKeywordMain.groovy:64)
	at com.kms.katalon.core.webui.keyword.builtin.AcceptAlertKeyword$_acceptAlert_closure1.doCall(AcceptAlertKeyword.groovy:78)
	at com.kms.katalon.core.webui.keyword.builtin.AcceptAlertKeyword$_acceptAlert_closure1.call(AcceptAlertKeyword.groovy)
	at com.kms.katalon.core.webui.keyword.internal.WebUIKeywordMain.runKeyword(WebUIKeywordMain.groovy:20)
	... 51 more
)]]></system-out>
         <system-err><![CDATA[2023-10-05 11:28:58 - [TEST_CASE][FAILED] - Test Cases/T13 Pembelian, Shipment dan Pembayaran/SU-004: Test Cases/T13 Pembelian, Shipment dan Pembayaran/SU-004 FAILED.
Reason:
com.kms.katalon.core.exception.StepFailedException: Call Test Case 'Test Cases/T13 Pembelian, Shipment dan Pembayaran/SA-005' failed
	at com.kms.katalon.core.keyword.builtin.CallTestCaseKeyword$_callTestCase_closure1.doCall(CallTestCaseKeyword.groovy:63)
	at com.kms.katalon.core.keyword.builtin.CallTestCaseKeyword$_callTestCase_closure1.call(CallTestCaseKeyword.groovy)
	at com.kms.katalon.core.keyword.internal.KeywordMain.runKeyword(KeywordMain.groovy:75)
	at com.kms.katalon.core.keyword.builtin.CallTestCaseKeyword.callTestCase(CallTestCaseKeyword.groovy:81)
	at com.kms.katalon.core.keyword.builtin.CallTestCaseKeyword.execute(CallTestCaseKeyword.groovy:44)
	at com.kms.katalon.core.keyword.internal.KeywordExecutor.executeKeywordForPlatform(KeywordExecutor.groovy:74)
	at com.kms.katalon.core.keyword.BuiltinKeywords.callTestCase(BuiltinKeywords.groovy:310)
	at SU-004.run(SU-004:20)
	at com.kms.katalon.core.main.ScriptEngine.run(ScriptEngine.java:194)
	at com.kms.katalon.core.main.ScriptEngine.runScriptAsRawText(ScriptEngine.java:119)
	at com.kms.katalon.core.main.TestCaseExecutor.runScript(TestCaseExecutor.java:448)
	at com.kms.katalon.core.main.TestCaseExecutor.doExecute(TestCaseExecutor.java:439)
	at com.kms.katalon.core.main.TestCaseExecutor.processExecutionPhase(TestCaseExecutor.java:418)
	at com.kms.katalon.core.main.TestCaseExecutor.accessMainPhase(TestCaseExecutor.java:410)
	at com.kms.katalon.core.main.TestCaseExecutor.execute(TestCaseExecutor.java:285)
	at com.kms.katalon.core.common.CommonExecutor.accessTestCaseMainPhase(CommonExecutor.java:65)
	at com.kms.katalon.core.main.TestSuiteExecutor.accessTestSuiteMainPhase(TestSuiteExecutor.java:148)
	at com.kms.katalon.core.main.TestSuiteExecutor.execute(TestSuiteExecutor.java:106)
	at com.kms.katalon.core.main.TestCaseMain.startTestSuite(TestCaseMain.java:187)
	at com.kms.katalon.core.main.TestCaseMain$startTestSuite$0.call(Unknown Source)
	at TempTestSuite1696477503821.run(TempTestSuite1696477503821.groovy:36)
Caused by: com.kms.katalon.core.exception.StepFailedException: Call Test Case 'Test Cases/T13 Pembelian, Shipment dan Pembayaran/SA-002' failed
	at com.kms.katalon.core.keyword.builtin.CallTestCaseKeyword$_callTestCase_closure1.doCall(CallTestCaseKeyword.groovy:63)
	at com.kms.katalon.core.keyword.builtin.CallTestCaseKeyword$_callTestCase_closure1.call(CallTestCaseKeyword.groovy)
	at com.kms.katalon.core.keyword.internal.KeywordMain.runKeyword(KeywordMain.groovy:75)
	at com.kms.katalon.core.keyword.builtin.CallTestCaseKeyword.callTestCase(CallTestCaseKeyword.groovy:81)
	at com.kms.katalon.core.keyword.builtin.CallTestCaseKeyword.execute(CallTestCaseKeyword.groovy:44)
	at com.kms.katalon.core.keyword.internal.KeywordExecutor.executeKeywordForPlatform(KeywordExecutor.groovy:74)
	at com.kms.katalon.core.keyword.BuiltinKeywords.callTestCase(BuiltinKeywords.groovy:310)
	at SA-005.run(SA-005:20)
	at com.kms.katalon.core.main.ScriptEngine.run(ScriptEngine.java:194)
	at com.kms.katalon.core.main.ScriptEngine.runScriptAsRawText(ScriptEngine.java:119)
	at com.kms.katalon.core.main.TestCaseExecutor.runScript(TestCaseExecutor.java:448)
	at com.kms.katalon.core.main.TestCaseExecutor.doExecute(TestCaseExecutor.java:439)
	at com.kms.katalon.core.main.TestCaseExecutor.processExecutionPhase(TestCaseExecutor.java:418)
	at com.kms.katalon.core.main.TestCaseExecutor.accessMainPhase(TestCaseExecutor.java:410)
	at com.kms.katalon.core.main.TestCaseExecutor.execute(TestCaseExecutor.java:285)
	at com.kms.katalon.core.main.TestCaseMain.runTestCase(TestCaseMain.java:144)
	at com.kms.katalon.core.keyword.builtin.CallTestCaseKeyword$_callTestCase_closure1.doCall(CallTestCaseKeyword.groovy:59)
	... 20 more
Caused by: com.kms.katalon.core.exception.StepFailedException: Unable to accept alert
	at com.kms.katalon.core.webui.keyword.internal.WebUIKeywordMain.stepFailed(WebUIKeywordMain.groovy:64)
	at com.kms.katalon.core.webui.keyword.internal.WebUIKeywordMain.runKeyword(WebUIKeywordMain.groovy:26)
	at com.kms.katalon.core.webui.keyword.builtin.AcceptAlertKeyword.acceptAlert(AcceptAlertKeyword.groovy:71)
	at com.kms.katalon.core.webui.keyword.builtin.AcceptAlertKeyword.execute(AcceptAlertKeyword.groovy:66)
	at com.kms.katalon.core.keyword.internal.KeywordExecutor.executeKeywordForPlatform(KeywordExecutor.groovy:74)
	at com.kms.katalon.core.webui.keyword.WebUiBuiltInKeywords.acceptAlert(WebUiBuiltInKeywords.groovy:1510)
	at com.kms.katalon.core.webui.keyword.WebUiBuiltInKeywords$acceptAlert$16.call(Unknown Source)
	at SA-002.run(SA-002:29)
	at com.kms.katalon.core.main.ScriptEngine.run(ScriptEngine.java:194)
	at com.kms.katalon.core.main.ScriptEngine.runScriptAsRawText(ScriptEngine.java:119)
	at com.kms.katalon.core.main.TestCaseExecutor.runScript(TestCaseExecutor.java:448)
	at com.kms.katalon.core.main.TestCaseExecutor.doExecute(TestCaseExecutor.java:439)
	at com.kms.katalon.core.main.TestCaseExecutor.processExecutionPhase(TestCaseExecutor.java:418)
	at com.kms.katalon.core.main.TestCaseExecutor.accessMainPhase(TestCaseExecutor.java:410)
	at com.kms.katalon.core.main.TestCaseExecutor.execute(TestCaseExecutor.java:285)
	at com.kms.katalon.core.main.TestCaseMain.runTestCase(TestCaseMain.java:144)
	at com.kms.katalon.core.keyword.builtin.CallTestCaseKeyword$_callTestCase_closure1.doCall(CallTestCaseKeyword.groovy:59)
	... 36 more
Caused by: com.kms.katalon.core.exception.StepFailedException: No alert found
	at com.kms.katalon.core.webui.keyword.internal.WebUIKeywordMain.stepFailed(WebUIKeywordMain.groovy:64)
	at com.kms.katalon.core.webui.keyword.builtin.AcceptAlertKeyword$_acceptAlert_closure1.doCall(AcceptAlertKeyword.groovy:78)
	at com.kms.katalon.core.webui.keyword.builtin.AcceptAlertKeyword$_acceptAlert_closure1.call(AcceptAlertKeyword.groovy)
	at com.kms.katalon.core.webui.keyword.internal.WebUIKeywordMain.runKeyword(WebUIKeywordMain.groovy:20)
	... 51 more]]></system-err>
      </testcase>
      <testcase name="Test Cases/T13 Pembelian, Shipment dan Pembayaran/SU-005" time="157.811" classname="Test Cases/T13 Pembelian, Shipment dan Pembayaran/SU-005" status="PASSED">
         <system-out><![CDATA[2023-10-05 11:30:28 - [TEST_CASE][PASSED] - Test Cases/T13 Pembelian, Shipment dan Pembayaran/SU-005: Test Cases/T13 Pembelian, Shipment dan Pembayaran/SU-005

2023-10-05 11:30:29 - [TEST_STEP][PASSED] - data = callTestCase(findTestCase("T13 Pembelian, Shipment dan Pembayaran/SA-006"), [:], STOP_ON_FAILURE): Call Test Case 'Test Cases/T13 Pembelian, Shipment dan Pembayaran/SA-006' successfully

2023-10-05 11:30:29 - [TEST_CASE][PASSED] - Test Cases/T13 Pembelian, Shipment dan Pembayaran/SA-006: Test Cases/T13 Pembelian, Shipment dan Pembayaran/SA-006

2023-10-05 11:30:29 - [TEST_STEP][PASSED] - data = callTestCase(findTestCase("T13 Pembelian, Shipment dan Pembayaran/SA-002"), [:], STOP_ON_FAILURE): Call Test Case 'Test Cases/T13 Pembelian, Shipment dan Pembayaran/SA-002' successfully

2023-10-05 11:30:29 - [TEST_CASE][PASSED] - Test Cases/T13 Pembelian, Shipment dan Pembayaran/SA-002: Test Cases/T13 Pembelian, Shipment dan Pembayaran/SA-002

2023-10-05 11:30:29 - [TEST_STEP][PASSED] - data = callTestCase(findTestCase("T13 Pembelian, Shipment dan Pembayaran/SA-001"), [:], STOP_ON_FAILURE): Call Test Case 'Test Cases/T13 Pembelian, Shipment dan Pembayaran/SA-001' successfully

2023-10-05 11:30:29 - [TEST_CASE][PASSED] - Test Cases/T13 Pembelian, Shipment dan Pembayaran/SA-001: Test Cases/T13 Pembelian, Shipment dan Pembayaran/SA-001

2023-10-05 11:30:29 - [TEST_STEP][PASSED] - data = callTestCase(findTestCase("T13 Pembelian, Shipment dan Pembayaran/PBYA-001"), [:], STOP_ON_FAILURE): Call Test Case 'Test Cases/T13 Pembelian, Shipment dan Pembayaran/PBYA-001' successfully

2023-10-05 11:30:29 - [TEST_CASE][PASSED] - Test Cases/T13 Pembelian, Shipment dan Pembayaran/PBYA-001: Test Cases/T13 Pembelian, Shipment dan Pembayaran/PBYA-001

2023-10-05 11:30:29 - [TEST_STEP][PASSED] - data = callTestCase(findTestCase("T13 Pembelian, Shipment dan Pembayaran/PBY-004"), [:], STOP_ON_FAILURE): Call Test Case 'Test Cases/T13 Pembelian, Shipment dan Pembayaran/PBY-004' successfully

2023-10-05 11:30:29 - [TEST_CASE][PASSED] - Test Cases/T13 Pembelian, Shipment dan Pembayaran/PBY-004: Test Cases/T13 Pembelian, Shipment dan Pembayaran/PBY-004

2023-10-05 11:30:29 - [TEST_STEP][PASSED] - data = callTestCase(findTestCase("T13 Pembelian, Shipment dan Pembayaran/PBY-001"), [:], STOP_ON_FAILURE): Call Test Case 'Test Cases/T13 Pembelian, Shipment dan Pembayaran/PBY-001' successfully

2023-10-05 11:30:29 - [TEST_CASE][PASSED] - Test Cases/T13 Pembelian, Shipment dan Pembayaran/PBY-001: Test Cases/T13 Pembelian, Shipment dan Pembayaran/PBY-001

2023-10-05 11:30:29 - [TEST_STEP][PASSED] - data = callTestCase(findTestCase("T13 Pembelian, Shipment dan Pembayaran/PBL-004"), ["Kurir":"Roda 2"], STOP_ON_FAILURE): Call Test Case 'Test Cases/T13 Pembelian, Shipment dan Pembayaran/PBL-004' successfully

2023-10-05 11:30:29 - [TEST_CASE][PASSED] - Test Cases/T13 Pembelian, Shipment dan Pembayaran/PBL-004: Test Cases/T13 Pembelian, Shipment dan Pembayaran/PBL-004

2023-10-05 11:30:29 - [TEST_STEP][PASSED] - data = callTestCase(findTestCase("T13 Pembelian, Shipment dan Pembayaran/PBL-002"), [:], STOP_ON_FAILURE): Call Test Case 'Test Cases/T13 Pembelian, Shipment dan Pembayaran/PBL-002' successfully

2023-10-05 11:30:29 - [TEST_CASE][PASSED] - Test Cases/T13 Pembelian, Shipment dan Pembayaran/PBL-002: Test Cases/T13 Pembelian, Shipment dan Pembayaran/PBL-002

2023-10-05 11:30:29 - [TEST_STEP][PASSED] - data = callTestCase(findTestCase("T13 Pembelian, Shipment dan Pembayaran/PBL-001"), [:], STOP_ON_FAILURE): Call Test Case 'Test Cases/T13 Pembelian, Shipment dan Pembayaran/PBL-001' successfully

2023-10-05 11:30:30 - [TEST_CASE][PASSED] - Test Cases/T13 Pembelian, Shipment dan Pembayaran/PBL-001: Test Cases/T13 Pembelian, Shipment dan Pembayaran/PBL-001

2023-10-05 11:30:30 - [TEST_STEP][PASSED] - callTestCase(findTestCase("T13 Pembelian, Shipment dan Pembayaran/LU-001"), ["username":"irfanafandi", "password":"12345irfan"], STOP_ON_FAILURE): Call Test Case 'Test Cases/T13 Pembelian, Shipment dan Pembayaran/LU-001' successfully

2023-10-05 11:30:30 - [TEST_CASE][PASSED] - Test Cases/T13 Pembelian, Shipment dan Pembayaran/LU-001: Test Cases/T13 Pembelian, Shipment dan Pembayaran/LU-001

2023-10-05 11:30:30 - [TEST_STEP][PASSED] - openBrowser("https://10.9.2.63/ecommerce/"): Browser is opened with url: 'https://10.9.2.63/ecommerce/'

2023-10-05 11:30:30 - [MESSAGE][WARNING] - A browser is already opened. Closing browser and opening a new one

2023-10-05 11:30:30 - [MESSAGE][INFO] - Starting 'Edge Chromium' driver

2023-10-05 11:30:30 - [MESSAGE][INFO] - User set preference: ['acceptInsecureCerts', 'true']

2023-10-05 11:30:32 - [MESSAGE][INFO] - Action delay is set to 0 milliseconds

2023-10-05 11:30:36 - [MESSAGE][PASSED] - Browser is opened with url: 'https://10.9.2.63/ecommerce/'

2023-10-05 11:30:36 - [TEST_STEP][PASSED] - maximizeWindow(): Current window maximized

2023-10-05 11:30:36 - [MESSAGE][PASSED] - Current window maximized

2023-10-05 11:30:36 - [TEST_STEP][PASSED] - verifyElementPresent(findTestObject("Login/Home"), 0): Object 'Object Repository/Login/Home' is present

2023-10-05 11:30:37 - [MESSAGE][WARNING] - Timeout '0' is invalid. Using default page load timeout: '30'

2023-10-05 11:30:37 - [MESSAGE][PASSED] - Object 'Object Repository/Login/Home' is present

2023-10-05 11:30:37 - [TEST_STEP][PASSED] - click(findTestObject("Login/a_Login")): Object: 'Object Repository/Login/a_Login' is clicked on

2023-10-05 11:30:38 - [MESSAGE][PASSED] - Object: 'Object Repository/Login/a_Login' is clicked on

2023-10-05 11:30:38 - [TEST_STEP][PASSED] - verifyElementPresent(findTestObject("Login/Tittle Login"), 0): Object 'Object Repository/Login/Tittle Login' is present

2023-10-05 11:30:38 - [MESSAGE][WARNING] - Timeout '0' is invalid. Using default page load timeout: '30'

2023-10-05 11:30:38 - [MESSAGE][PASSED] - Object 'Object Repository/Login/Tittle Login' is present

2023-10-05 11:30:38 - [TEST_STEP][PASSED] - setText(findTestObject("Login/input_Username, Email atau No. Handphone_a"), username): Text 'irfanafandi' is set on object 'Object Repository/Login/input_Username, Email atau No. Handphone_a'

2023-10-05 11:30:39 - [MESSAGE][PASSED] - Text 'irfanafandi' is set on object 'Object Repository/Login/input_Username, Email atau No. Handphone_a'

2023-10-05 11:30:39 - [TEST_STEP][PASSED] - setText(findTestObject("Login/input_Password_b"), password): Text '12345irfan' is set on object 'Object Repository/Login/input_Password_b'

2023-10-05 11:30:40 - [MESSAGE][PASSED] - Text '12345irfan' is set on object 'Object Repository/Login/input_Password_b'

2023-10-05 11:30:40 - [TEST_STEP][PASSED] - click(findTestObject("Login/label_Ingat saya")): Object: 'Object Repository/Login/label_Ingat saya' is clicked on

2023-10-05 11:30:40 - [MESSAGE][PASSED] - Object: 'Object Repository/Login/label_Ingat saya' is clicked on

2023-10-05 11:30:40 - [TEST_STEP][PASSED] - click(findTestObject("Login/button_Masuk")): Object: 'Object Repository/Login/button_Masuk' is clicked on

2023-10-05 11:30:42 - [MESSAGE][PASSED] - Object: 'Object Repository/Login/button_Masuk' is clicked on

2023-10-05 11:30:42 - [TEST_STEP][PASSED] - verifyElementPresent(findTestObject("Login/li_Profile"), 0): Object 'Object Repository/Login/li_Profile' is present

2023-10-05 11:30:42 - [MESSAGE][WARNING] - Timeout '0' is invalid. Using default page load timeout: '30'

2023-10-05 11:30:42 - [MESSAGE][PASSED] - Object 'Object Repository/Login/li_Profile' is present

2023-10-05 11:30:42 - [MESSAGE][PASSED] - Call Test Case 'Test Cases/T13 Pembelian, Shipment dan Pembayaran/LU-001' successfully

2023-10-05 11:30:42 - [TEST_STEP][PASSED] - mouseOver(findTestObject("beli barang/i_Mulai Belanja_icon-menu")): Object: 'Object Repository/beli barang/i_Mulai Belanja_icon-menu' is hovered

2023-10-05 11:30:43 - [MESSAGE][PASSED] - Object: 'Object Repository/beli barang/i_Mulai Belanja_icon-menu' is hovered

2023-10-05 11:30:43 - [TEST_STEP][PASSED] - click(findTestObject("beli barang/a_Fashion  Busana Wanita")): Object: 'Object Repository/beli barang/a_Fashion  Busana Wanita' is clicked on

2023-10-05 11:30:45 - [MESSAGE][PASSED] - Object: 'Object Repository/beli barang/a_Fashion  Busana Wanita' is clicked on

2023-10-05 11:30:45 - [TEST_STEP][PASSED] - NamaSebelum = getText(findTestObject("verifikasi/Nama sebelum")): Text of object 'Object Repository/verifikasi/Nama sebelum' is: ''

2023-10-05 11:30:45 - [MESSAGE][PASSED] - Text of object 'Object Repository/verifikasi/Nama sebelum' is: ''

2023-10-05 11:30:45 - [TEST_STEP][PASSED] - HargaSebelum = getText(findTestObject("verifikasi/Harga sebelum")): Text of object 'Object Repository/verifikasi/Harga sebelum' is: 'Rp 1,299'

2023-10-05 11:30:46 - [MESSAGE][PASSED] - Text of object 'Object Repository/verifikasi/Harga sebelum' is: 'Rp 1,299'

2023-10-05 11:30:46 - [TEST_STEP][PASSED] - mouseOver(findTestObject("beli barang/barang mouse over")): Object: 'Object Repository/beli barang/barang mouse over' is hovered

2023-10-05 11:30:46 - [MESSAGE][PASSED] - Object: 'Object Repository/beli barang/barang mouse over' is hovered

2023-10-05 11:30:46 - [TEST_STEP][PASSED] - click(findTestObject("beli barang/buttom add to cart")): Object: 'Object Repository/beli barang/buttom add to cart' is clicked on

2023-10-05 11:30:48 - [MESSAGE][PASSED] - Object: 'Object Repository/beli barang/buttom add to cart' is clicked on

2023-10-05 11:30:48 - [TEST_STEP][PASSED] - NamaSesudah = getText(findTestObject("verifikasi/Nama sesudah")): Text of object 'Object Repository/verifikasi/Nama sesudah' is: 'Segitiga Instan Madeira - MDB5.3 Sunset'

2023-10-05 11:30:49 - [MESSAGE][PASSED] - Text of object 'Object Repository/verifikasi/Nama sesudah' is: 'Segitiga Instan Madeira - MDB5.3 Sunset'

2023-10-05 11:30:49 - [TEST_STEP][PASSED] - HargaSesudah = getText(findTestObject("verifikasi/Harga sesudah")): Text of object 'Object Repository/verifikasi/Harga sesudah' is: 'Rp 1,299'

2023-10-05 11:30:49 - [MESSAGE][PASSED] - Text of object 'Object Repository/verifikasi/Harga sesudah' is: 'Rp 1,299'

2023-10-05 11:30:49 - [TEST_STEP][PASSED] - assert NamaSesudah.contains(NamaSebelum): null

2023-10-05 11:30:49 - [TEST_STEP][PASSED] - assert HargaSesudah.contains(HargaSebelum): null

2023-10-05 11:30:49 - [TEST_STEP][PASSED] - click(findTestObject("beli barang/Tambah Keranjang busana wanita")): Object: 'Object Repository/beli barang/Tambah Keranjang busana wanita' is clicked on

2023-10-05 11:30:49 - [MESSAGE][PASSED] - Object: 'Object Repository/beli barang/Tambah Keranjang busana wanita' is clicked on

2023-10-05 11:30:49 - [TEST_STEP][PASSED] - verifyElementPresent(findTestObject("checkout/Notifikasi keranjang"), 1): Object 'Object Repository/checkout/Notifikasi keranjang' is present

2023-10-05 11:30:51 - [MESSAGE][PASSED] - Object 'Object Repository/checkout/Notifikasi keranjang' is present

2023-10-05 11:30:51 - [TEST_STEP][PASSED] - data = new java.util.HashMap(): null

2023-10-05 11:30:51 - [TEST_STEP][PASSED] - data.put("nama_barang", NamaSesudah): null

2023-10-05 11:30:51 - [TEST_STEP][PASSED] - data.put("price_barang", HargaSesudah): null

2023-10-05 11:30:51 - [TEST_STEP][PASSED] - return data: null

2023-10-05 11:30:51 - [MESSAGE][PASSED] - Call Test Case 'Test Cases/T13 Pembelian, Shipment dan Pembayaran/PBL-001' successfully

2023-10-05 11:30:51 - [TEST_STEP][PASSED] - mouseOver(findTestObject("beli barang/keranjang")): Object: 'Object Repository/beli barang/keranjang' is hovered

2023-10-05 11:30:51 - [MESSAGE][PASSED] - Object: 'Object Repository/beli barang/keranjang' is hovered

2023-10-05 11:30:51 - [TEST_STEP][PASSED] - click(findTestObject("beli barang/Lihat Sekarang")): Object: 'Object Repository/beli barang/Lihat Sekarang' is clicked on

2023-10-05 11:30:52 - [MESSAGE][PASSED] - Object: 'Object Repository/beli barang/Lihat Sekarang' is clicked on

2023-10-05 11:30:52 - [TEST_STEP][PASSED] - verifyElementPresent(findTestObject("keranjang/li_Keranjang Belanja"), 0): Object 'Object Repository/keranjang/li_Keranjang Belanja' is present

2023-10-05 11:30:52 - [MESSAGE][WARNING] - Timeout '0' is invalid. Using default page load timeout: '30'

2023-10-05 11:30:54 - [MESSAGE][PASSED] - Object 'Object Repository/keranjang/li_Keranjang Belanja' is present

2023-10-05 11:30:54 - [TEST_STEP][PASSED] - NamaKeranjang = getText(findTestObject("verifikasi/Nama keranjang")): Text of object 'Object Repository/verifikasi/Nama keranjang' is: 'Segitiga Instan Madeira - MDB5.3 Sunset'

2023-10-05 11:30:54 - [MESSAGE][PASSED] - Text of object 'Object Repository/verifikasi/Nama keranjang' is: 'Segitiga Instan Madeira - MDB5.3 Sunset'

2023-10-05 11:30:54 - [TEST_STEP][PASSED] - HargaKeranjang = getText(findTestObject("verifikasi/Harga Keranjang")): Text of object 'Object Repository/verifikasi/Harga Keranjang' is: 'Rp 1,299'

2023-10-05 11:30:54 - [MESSAGE][PASSED] - Text of object 'Object Repository/verifikasi/Harga Keranjang' is: 'Rp 1,299'

2023-10-05 11:30:54 - [TEST_STEP][PASSED] - if (toString().equalsIgnoreCase("Merah")): Object 'Object Repository/keranjang/input_Warna_variasi101' is checked

2023-10-05 11:30:54 - [TEST_STEP][PASSED] - check(findTestObject("Object Repository/keranjang/input_Warna_variasi101")): Object 'Object Repository/keranjang/input_Warna_variasi101' is checked

2023-10-05 11:30:55 - [MESSAGE][PASSED] - Object 'Object Repository/keranjang/input_Warna_variasi101' is checked

2023-10-05 11:30:55 - [TEST_STEP][PASSED] - if (toString().equalsIgnoreCase("Menengah")): Object 'Object Repository/keranjang/input_Ukuran_variasi201' is checked

2023-10-05 11:30:55 - [TEST_STEP][PASSED] - check(findTestObject("Object Repository/keranjang/input_Ukuran_variasi201")): Object 'Object Repository/keranjang/input_Ukuran_variasi201' is checked

2023-10-05 11:30:55 - [MESSAGE][PASSED] - Object 'Object Repository/keranjang/input_Ukuran_variasi201' is checked

2023-10-05 11:30:55 - [TEST_STEP][PASSED] - data.put("Warna", warna): null

2023-10-05 11:30:55 - [TEST_STEP][PASSED] - data.put("Ukuran", ukuran): null

2023-10-05 11:30:55 - [TEST_STEP][PASSED] - click(findTestObject("keranjang/button_Lanjut ke Pembayaran")): Object: 'Object Repository/keranjang/button_Lanjut ke Pembayaran' is clicked on

2023-10-05 11:30:57 - [MESSAGE][PASSED] - Object: 'Object Repository/keranjang/button_Lanjut ke Pembayaran' is clicked on

2023-10-05 11:30:57 - [TEST_STEP][PASSED] - verifyElementPresent(findTestObject("checkout/Tittle Checkout Order"), 0): Object 'Object Repository/checkout/Tittle Checkout Order' is present

2023-10-05 11:30:57 - [MESSAGE][WARNING] - Timeout '0' is invalid. Using default page load timeout: '30'

2023-10-05 11:30:57 - [MESSAGE][PASSED] - Object 'Object Repository/checkout/Tittle Checkout Order' is present

2023-10-05 11:30:57 - [TEST_STEP][PASSED] - name_product = data.get("nama_barang"): null

2023-10-05 11:30:57 - [TEST_STEP][PASSED] - price_product = data.get("price_barang"): null

2023-10-05 11:30:57 - [TEST_STEP][PASSED] - assert name_product == NamaKeranjang: null

2023-10-05 11:30:57 - [TEST_STEP][PASSED] - assert price_product == HargaKeranjang: null

2023-10-05 11:30:57 - [TEST_STEP][PASSED] - return data: null

2023-10-05 11:30:57 - [MESSAGE][PASSED] - Call Test Case 'Test Cases/T13 Pembelian, Shipment dan Pembayaran/PBL-002' successfully

2023-10-05 11:30:57 - [TEST_STEP][PASSED] - warnaa = getText(findTestObject("verifikasi/warna Merah")): Text of object 'Object Repository/verifikasi/warna Merah' is: 'Merah'

2023-10-05 11:30:58 - [MESSAGE][PASSED] - Text of object 'Object Repository/verifikasi/warna Merah' is: 'Merah'

2023-10-05 11:30:58 - [TEST_STEP][PASSED] - ukurann = getText(findTestObject("verifikasi/Ukuran Menengah")): Text of object 'Object Repository/verifikasi/Ukuran Menengah' is: 'Menengah'

2023-10-05 11:30:58 - [MESSAGE][PASSED] - Text of object 'Object Repository/verifikasi/Ukuran Menengah' is: 'Menengah'

2023-10-05 11:30:58 - [TEST_STEP][PASSED] - warna1 = data.get("Warna"): null

2023-10-05 11:30:58 - [TEST_STEP][PASSED] - ukuran1 = data.get("Ukuran"): null

2023-10-05 11:30:58 - [TEST_STEP][PASSED] - assert warnaa == warna1: null

2023-10-05 11:30:58 - [TEST_STEP][PASSED] - assert ukurann == ukuran1: null

2023-10-05 11:30:58 - [TEST_STEP][PASSED] - NamaCheckout = getText(findTestObject("verifikasi/NamaCheckout")): Text of object 'Object Repository/verifikasi/NamaCheckout' is: ''

2023-10-05 11:30:59 - [MESSAGE][PASSED] - Text of object 'Object Repository/verifikasi/NamaCheckout' is: ''

2023-10-05 11:30:59 - [TEST_STEP][PASSED] - HargaCheckout = getText(findTestObject("verifikasi/HargaCheckout")): Text of object 'Object Repository/verifikasi/HargaCheckout' is: '1,299'

2023-10-05 11:30:59 - [MESSAGE][PASSED] - Text of object 'Object Repository/verifikasi/HargaCheckout' is: '1,299'

2023-10-05 11:30:59 - [TEST_STEP][PASSED] - name_product = data.get("nama_barang"): null

2023-10-05 11:30:59 - [TEST_STEP][PASSED] - price_product = data.get("price_barang"): null

2023-10-05 11:30:59 - [TEST_STEP][PASSED] - assert name_product.contains(NamaCheckout): null

2023-10-05 11:30:59 - [TEST_STEP][PASSED] - assert price_product.contains(HargaCheckout): null

2023-10-05 11:30:59 - [TEST_STEP][PASSED] - selectOptionByLabel(findTestObject("checkout/select - Kirim via Kurir Lokal"), Kurir, false): All options with label 'Roda 2' are selected in object 'Object Repository/checkout/select - Kirim via Kurir Lokal' 

2023-10-05 11:31:00 - [MESSAGE][PASSED] - All options with label 'Roda 2' are selected in object 'Object Repository/checkout/select - Kirim via Kurir Lokal' 

2023-10-05 11:31:00 - [TEST_STEP][PASSED] - click(findTestObject("checkout/Kendaraan Kurir")): Object: 'Object Repository/checkout/Kendaraan Kurir' is clicked on

2023-10-05 11:31:00 - [MESSAGE][PASSED] - Object: 'Object Repository/checkout/Kendaraan Kurir' is clicked on

2023-10-05 11:31:00 - [TEST_STEP][PASSED] - OngkosKirim = getText(findTestObject("Object Repository/verifikasi/Ongkos Kirim checkout")): Text of object 'Object Repository/verifikasi/Ongkos Kirim checkout' is: 'Rp. 5,000'

2023-10-05 11:31:01 - [MESSAGE][PASSED] - Text of object 'Object Repository/verifikasi/Ongkos Kirim checkout' is: 'Rp. 5,000'

2023-10-05 11:31:01 - [TEST_STEP][PASSED] - Ongkos = OngkosKirim.substring(3, OngkosKirim.size()): null

2023-10-05 11:31:01 - [TEST_STEP][PASSED] - rep = Ongkos.replace(",", "."): null

2023-10-05 11:31:01 - [TEST_STEP][PASSED] - Ongkos_kirim = Double.parseDouble(rep): null

2023-10-05 11:31:01 - [TEST_STEP][PASSED] - println(Ongkos_kirim): null

2023-10-05 11:31:01 - [TEST_STEP][PASSED] - FeeAdmin = getText(findTestObject("verifikasi/Fee Admin checkout")): Text of object 'Object Repository/verifikasi/Fee Admin checkout' is: 'Fee Admin
Rp 1,500'

2023-10-05 11:31:01 - [MESSAGE][PASSED] - Text of object 'Object Repository/verifikasi/Fee Admin checkout' is: 'Fee Admin
Rp 1,500'

2023-10-05 11:31:01 - [TEST_STEP][PASSED] - Fee_Admin = FeeAdmin.substring(12, FeeAdmin.size()): null

2023-10-05 11:31:01 - [TEST_STEP][PASSED] - fee = Fee_Admin.replace(",", "."): null

2023-10-05 11:31:01 - [TEST_STEP][PASSED] - fee_admin = Double.parseDouble(fee): null

2023-10-05 11:31:01 - [TEST_STEP][PASSED] - println(fee_admin): null

2023-10-05 11:31:01 - [TEST_STEP][PASSED] - Subtotal = getText(findTestObject("verifikasi/subtotal checkout")): Text of object 'Object Repository/verifikasi/subtotal checkout' is: 'Subtotal
Rp 1,299'

2023-10-05 11:31:02 - [MESSAGE][PASSED] - Text of object 'Object Repository/verifikasi/subtotal checkout' is: 'Subtotal
Rp 1,299'

2023-10-05 11:31:02 - [TEST_STEP][PASSED] - sub_total = Subtotal.substring(12, Subtotal.size()): null

2023-10-05 11:31:02 - [TEST_STEP][PASSED] - sub = sub_total.replace(",", "."): null

2023-10-05 11:31:02 - [TEST_STEP][PASSED] - sub_total = Double.parseDouble(sub): null

2023-10-05 11:31:02 - [TEST_STEP][PASSED] - println(sub_total): null

2023-10-05 11:31:02 - [TEST_STEP][PASSED] - Total = getText(findTestObject("verifikasi/Total checkout")): Text of object 'Object Repository/verifikasi/Total checkout' is: 'Rp 7,799'

2023-10-05 11:31:02 - [MESSAGE][PASSED] - Text of object 'Object Repository/verifikasi/Total checkout' is: 'Rp 7,799'

2023-10-05 11:31:02 - [TEST_STEP][PASSED] - totall = Total.substring(3, Total.size()): null

2023-10-05 11:31:02 - [TEST_STEP][PASSED] - total = totall.replace(",", "."): null

2023-10-05 11:31:02 - [TEST_STEP][PASSED] - totall = Double.parseDouble(total): null

2023-10-05 11:31:02 - [TEST_STEP][PASSED] - println(totall): null

2023-10-05 11:31:02 - [TEST_STEP][PASSED] - Total_Harga = Ongkos_kirim + fee_admin + sub_total: null

2023-10-05 11:31:02 - [TEST_STEP][PASSED] - println(Total_Harga): null

2023-10-05 11:31:02 - [TEST_STEP][PASSED] - TotalHarga = Math.round(Total_Harga * 1000) / 1000: null

2023-10-05 11:31:02 - [TEST_STEP][PASSED] - println(TotalHarga): null

2023-10-05 11:31:02 - [TEST_STEP][PASSED] - assert totall == TotalHarga: null

2023-10-05 11:31:02 - [TEST_STEP][PASSED] - click(findTestObject("verifikasi/Metode Transfer")): Object: 'Object Repository/verifikasi/Metode Transfer' is clicked on

2023-10-05 11:31:03 - [MESSAGE][PASSED] - Object: 'Object Repository/verifikasi/Metode Transfer' is clicked on

2023-10-05 11:31:03 - [TEST_STEP][PASSED] - click(findTestObject("checkout/button_Proses Pembayaran")): Object: 'Object Repository/checkout/button_Proses Pembayaran' is clicked on

2023-10-05 11:31:13 - [MESSAGE][PASSED] - Object: 'Object Repository/checkout/button_Proses Pembayaran' is clicked on

2023-10-05 11:31:13 - [TEST_STEP][PASSED] - verifyElementPresent(findTestObject("pembayaran/Tittle nomor invoice"), 0): Object 'Object Repository/pembayaran/Tittle nomor invoice' is present

2023-10-05 11:31:13 - [MESSAGE][WARNING] - Timeout '0' is invalid. Using default page load timeout: '30'

2023-10-05 11:31:14 - [MESSAGE][PASSED] - Object 'Object Repository/pembayaran/Tittle nomor invoice' is present

2023-10-05 11:31:14 - [TEST_STEP][PASSED] - return data: null

2023-10-05 11:31:14 - [MESSAGE][PASSED] - Call Test Case 'Test Cases/T13 Pembelian, Shipment dan Pembayaran/PBL-004' successfully

2023-10-05 11:31:14 - [TEST_STEP][PASSED] - Invoice = getText(findTestObject("pembayaran/nomor invoice")): Text of object 'Object Repository/pembayaran/nomor invoice' is: 'TRX60.20231005113106'

2023-10-05 11:31:14 - [MESSAGE][PASSED] - Text of object 'Object Repository/pembayaran/nomor invoice' is: 'TRX60.20231005113106'

2023-10-05 11:31:14 - [TEST_STEP][PASSED] - data.put("invoice", Invoice): null

2023-10-05 11:31:14 - [TEST_STEP][PASSED] - NamaPemesan = getText(findTestObject("Konfirmasi pesanan shop/Nama pemesan")): Text of object 'Object Repository/Konfirmasi pesanan shop/Nama pemesan' is: 'irfan.afandi'

2023-10-05 11:31:15 - [MESSAGE][PASSED] - Text of object 'Object Repository/Konfirmasi pesanan shop/Nama pemesan' is: 'irfan.afandi'

2023-10-05 11:31:15 - [TEST_STEP][PASSED] - Nama = getText(findTestObject("pembayaran/Nama barang")): Text of object 'Object Repository/pembayaran/Nama barang' is: 'Segitiga Instan Madeira - MDB5.3 Sunset'

2023-10-05 11:31:16 - [MESSAGE][PASSED] - Text of object 'Object Repository/pembayaran/Nama barang' is: 'Segitiga Instan Madeira - MDB5.3 Sunset'

2023-10-05 11:31:16 - [TEST_STEP][PASSED] - Harga = getText(findTestObject("pembayaran/Harga barang")): Text of object 'Object Repository/pembayaran/Harga barang' is: '1,299'

2023-10-05 11:31:16 - [MESSAGE][PASSED] - Text of object 'Object Repository/pembayaran/Harga barang' is: '1,299'

2023-10-05 11:31:16 - [TEST_STEP][PASSED] - name_product = data.get("nama_barang"): null

2023-10-05 11:31:16 - [TEST_STEP][PASSED] - price_product = data.get("price_barang"): null

2023-10-05 11:31:16 - [TEST_STEP][PASSED] - assert name_product.contains(Nama): null

2023-10-05 11:31:16 - [TEST_STEP][PASSED] - assert price_product.contains(Harga): null

2023-10-05 11:31:16 - [TEST_STEP][PASSED] - warnaa = getText(findTestObject("pembayaran/warna")): Text of object 'Object Repository/pembayaran/warna' is: 'Merah'

2023-10-05 11:31:16 - [MESSAGE][PASSED] - Text of object 'Object Repository/pembayaran/warna' is: 'Merah'

2023-10-05 11:31:16 - [TEST_STEP][PASSED] - ukurann = getText(findTestObject("pembayaran/ukuran")): Text of object 'Object Repository/pembayaran/ukuran' is: 'Menengah'

2023-10-05 11:31:17 - [MESSAGE][PASSED] - Text of object 'Object Repository/pembayaran/ukuran' is: 'Menengah'

2023-10-05 11:31:17 - [TEST_STEP][PASSED] - warna1 = data.get("Warna"): null

2023-10-05 11:31:17 - [TEST_STEP][PASSED] - ukuran1 = data.get("Ukuran"): null

2023-10-05 11:31:17 - [TEST_STEP][PASSED] - assert warnaa == warna1: null

2023-10-05 11:31:17 - [TEST_STEP][PASSED] - assert ukurann == ukuran1: null

2023-10-05 11:31:17 - [TEST_STEP][PASSED] - statusPembelian = getText(findTestObject("verifikasi/Status pending di pembelian")): Text of object 'Object Repository/verifikasi/Status pending di pembelian' is: 'Pending'

2023-10-05 11:31:17 - [MESSAGE][PASSED] - Text of object 'Object Repository/verifikasi/Status pending di pembelian' is: 'Pending'

2023-10-05 11:31:17 - [TEST_STEP][PASSED] - data.put("statusPem", statusPembelian): null

2023-10-05 11:31:17 - [TEST_STEP][PASSED] - OngkosKirim = getText(findTestObject("pembayaran/ongkos kirim")): Text of object 'Object Repository/pembayaran/ongkos kirim' is: 'Rp 5,000'

2023-10-05 11:31:18 - [MESSAGE][PASSED] - Text of object 'Object Repository/pembayaran/ongkos kirim' is: 'Rp 5,000'

2023-10-05 11:31:18 - [TEST_STEP][PASSED] - Ongkos = OngkosKirim.substring(3, OngkosKirim.size()): null

2023-10-05 11:31:18 - [TEST_STEP][PASSED] - rep = Ongkos.replace(",", ""): null

2023-10-05 11:31:18 - [TEST_STEP][PASSED] - Ongkos_kirimm = Integer.parseInt(rep): null

2023-10-05 11:31:18 - [TEST_STEP][PASSED] - println(Ongkos_kirimm): null

2023-10-05 11:31:18 - [TEST_STEP][PASSED] - FeeAdmin = getText(findTestObject("pembayaran/fee admin")): Text of object 'Object Repository/pembayaran/fee admin' is: 'Rp 1,500'

2023-10-05 11:31:18 - [MESSAGE][PASSED] - Text of object 'Object Repository/pembayaran/fee admin' is: 'Rp 1,500'

2023-10-05 11:31:18 - [TEST_STEP][PASSED] - Fee_Admin = FeeAdmin.substring(3, FeeAdmin.size()): null

2023-10-05 11:31:18 - [TEST_STEP][PASSED] - fee = Fee_Admin.replace(",", ""): null

2023-10-05 11:31:18 - [TEST_STEP][PASSED] - fee_adminn = Integer.parseInt(fee): null

2023-10-05 11:31:18 - [TEST_STEP][PASSED] - println(fee_adminn): null

2023-10-05 11:31:18 - [TEST_STEP][PASSED] - Subtotal = getText(findTestObject("pembayaran/subtotal")): Text of object 'Object Repository/pembayaran/subtotal' is: 'Rp 1,299'

2023-10-05 11:31:19 - [MESSAGE][PASSED] - Text of object 'Object Repository/pembayaran/subtotal' is: 'Rp 1,299'

2023-10-05 11:31:19 - [TEST_STEP][PASSED] - sub_total = Subtotal.substring(3, Subtotal.size()): null

2023-10-05 11:31:19 - [TEST_STEP][PASSED] - sub = sub_total.replace(",", ""): null

2023-10-05 11:31:19 - [TEST_STEP][PASSED] - sub_totall = Integer.parseInt(sub): null

2023-10-05 11:31:19 - [TEST_STEP][PASSED] - println(sub_totall): null

2023-10-05 11:31:19 - [TEST_STEP][PASSED] - unik = getText(findTestObject("pembayaran/kode unik")): Text of object 'Object Repository/pembayaran/kode unik' is: '+106'

2023-10-05 11:31:19 - [MESSAGE][PASSED] - Text of object 'Object Repository/pembayaran/kode unik' is: '+106'

2023-10-05 11:31:19 - [TEST_STEP][PASSED] - unikk = unik.replace("+", ""): null

2023-10-05 11:31:19 - [TEST_STEP][PASSED] - kode_unik = Integer.parseInt(unikk): null

2023-10-05 11:31:19 - [TEST_STEP][PASSED] - println(kode_unik): null

2023-10-05 11:31:19 - [TEST_STEP][PASSED] - Total = getText(findTestObject("pembayaran/total")): Text of object 'Object Repository/pembayaran/total' is: '7,905'

2023-10-05 11:31:20 - [MESSAGE][PASSED] - Text of object 'Object Repository/pembayaran/total' is: '7,905'

2023-10-05 11:31:20 - [TEST_STEP][PASSED] - total = Total.replace(",", ""): null

2023-10-05 11:31:20 - [TEST_STEP][PASSED] - totalll = Integer.parseInt(total): null

2023-10-05 11:31:20 - [TEST_STEP][PASSED] - println(totalll): null

2023-10-05 11:31:20 - [TEST_STEP][PASSED] - Total_Hargaa = Ongkos_kirimm + fee_adminn + sub_totall + kode_unik: null

2023-10-05 11:31:20 - [TEST_STEP][PASSED] - println(Total_Hargaa): null

2023-10-05 11:31:20 - [TEST_STEP][PASSED] - assert totalll == Total_Hargaa: null

2023-10-05 11:31:20 - [TEST_STEP][PASSED] - data.put("total", Total): null

2023-10-05 11:31:20 - [TEST_STEP][PASSED] - data.put("nama", NamaPemesan): null

2023-10-05 11:31:20 - [TEST_STEP][PASSED] - return data: null

2023-10-05 11:31:20 - [MESSAGE][PASSED] - Call Test Case 'Test Cases/T13 Pembelian, Shipment dan Pembayaran/PBY-001' successfully

2023-10-05 11:31:20 - [TEST_STEP][PASSED] - inv = data.get("invoice"): null

2023-10-05 11:31:20 - [TEST_STEP][PASSED] - Total = data.get("total"): null

2023-10-05 11:31:20 - [TEST_STEP][PASSED] - NamaPemesan = data.get("nama"): null

2023-10-05 11:31:20 - [TEST_STEP][PASSED] - click(findTestObject("Konfirmasi pesanan shop/Menu Shop")): Object: 'Object Repository/Konfirmasi pesanan shop/Menu Shop' is clicked on

2023-10-05 11:31:22 - [MESSAGE][PASSED] - Object: 'Object Repository/Konfirmasi pesanan shop/Menu Shop' is clicked on

2023-10-05 11:31:22 - [TEST_STEP][PASSED] - click(findTestObject("Konfirmasi pesanan shop/Menu Shop")): Object: 'Object Repository/Konfirmasi pesanan shop/Menu Shop' is clicked on

2023-10-05 11:31:22 - [MESSAGE][PASSED] - Object: 'Object Repository/Konfirmasi pesanan shop/Menu Shop' is clicked on

2023-10-05 11:31:22 - [TEST_STEP][PASSED] - click(findTestObject("Konfirmasi pesanan shop/Konfirmasi Orders")): Object: 'Object Repository/Konfirmasi pesanan shop/Konfirmasi Orders' is clicked on

2023-10-05 11:31:24 - [MESSAGE][PASSED] - Object: 'Object Repository/Konfirmasi pesanan shop/Konfirmasi Orders' is clicked on

2023-10-05 11:31:24 - [TEST_STEP][PASSED] - verifyElementPresent(findTestObject("Konfirmasi pesanan shop/Tittle Konfirmasi Pesanan"), 0): Object 'Object Repository/Konfirmasi pesanan shop/Tittle Konfirmasi Pesanan' is present

2023-10-05 11:31:24 - [MESSAGE][WARNING] - Timeout '0' is invalid. Using default page load timeout: '30'

2023-10-05 11:31:24 - [MESSAGE][PASSED] - Object 'Object Repository/Konfirmasi pesanan shop/Tittle Konfirmasi Pesanan' is present

2023-10-05 11:31:24 - [TEST_STEP][PASSED] - setText(findTestObject("Konfirmasi pesanan shop/input_No Pesanan"), inv): Text 'TRX60.20231005113106' is set on object 'Object Repository/Konfirmasi pesanan shop/input_No Pesanan'

2023-10-05 11:31:25 - [MESSAGE][PASSED] - Text 'TRX60.20231005113106' is set on object 'Object Repository/Konfirmasi pesanan shop/input_No Pesanan'

2023-10-05 11:31:25 - [TEST_STEP][PASSED] - setText(findTestObject("Konfirmasi pesanan shop/input_Alamat E-mai"), "irfan@gmail.com"): Text 'irfan@gmail.com' is set on object 'Object Repository/Konfirmasi pesanan shop/input_Alamat E-mai'

2023-10-05 11:31:26 - [MESSAGE][PASSED] - Text 'irfan@gmail.com' is set on object 'Object Repository/Konfirmasi pesanan shop/input_Alamat E-mai'

2023-10-05 11:31:26 - [TEST_STEP][PASSED] - click(findTestObject("Konfirmasi pesanan shop/button_Submit")): Object: 'Object Repository/Konfirmasi pesanan shop/button_Submit' is clicked on

2023-10-05 11:31:27 - [MESSAGE][PASSED] - Object: 'Object Repository/Konfirmasi pesanan shop/button_Submit' is clicked on

2023-10-05 11:31:27 - [TEST_STEP][PASSED] - verifyElementPresent(findTestObject("Konfirmasi pesanan shop/Tittle nomor invoice"), 0): Object 'Object Repository/Konfirmasi pesanan shop/Tittle nomor invoice' is present

2023-10-05 11:31:27 - [MESSAGE][WARNING] - Timeout '0' is invalid. Using default page load timeout: '30'

2023-10-05 11:31:28 - [MESSAGE][PASSED] - Object 'Object Repository/Konfirmasi pesanan shop/Tittle nomor invoice' is present

2023-10-05 11:31:28 - [TEST_STEP][PASSED] - setText(findTestObject("Konfirmasi pesanan shop/input_Total TagihanTransfer_b"), Total): Text '7,905' is set on object 'Object Repository/Konfirmasi pesanan shop/input_Total TagihanTransfer_b'

2023-10-05 11:31:29 - [MESSAGE][PASSED] - Text '7,905' is set on object 'Object Repository/Konfirmasi pesanan shop/input_Total TagihanTransfer_b'

2023-10-05 11:31:29 - [TEST_STEP][PASSED] - selectOptionByValue(findTestObject("Konfirmasi pesanan shop/select_Bank"), "4", false): All options with value '4' are selected in object 'Object Repository/Konfirmasi pesanan shop/select_Bank' 

2023-10-05 11:31:29 - [MESSAGE][PASSED] - All options with value '4' are selected in object 'Object Repository/Konfirmasi pesanan shop/select_Bank' 

2023-10-05 11:31:29 - [TEST_STEP][PASSED] - setText(findTestObject("Konfirmasi pesanan shop/input_Nama Pengirim_d"), NamaPemesan): Text 'irfan.afandi' is set on object 'Object Repository/Konfirmasi pesanan shop/input_Nama Pengirim_d'

2023-10-05 11:31:30 - [MESSAGE][PASSED] - Text 'irfan.afandi' is set on object 'Object Repository/Konfirmasi pesanan shop/input_Nama Pengirim_d'

2023-10-05 11:31:30 - [TEST_STEP][PASSED] - uploadFile(findTestObject("keranjang/konfirmasi/input_Upload Bukti Transfer_f"), "C:\Users\IRFAN\Downloads\Berkas2.pdf"): File 'C:\Users\IRFAN\Downloads\Berkas2.pdf' sent to object: 'Object Repository/keranjang/konfirmasi/input_Upload Bukti Transfer_f'

2023-10-05 11:31:31 - [MESSAGE][PASSED] - File 'C:\Users\IRFAN\Downloads\Berkas2.pdf' sent to object: 'Object Repository/keranjang/konfirmasi/input_Upload Bukti Transfer_f'

2023-10-05 11:31:31 - [TEST_STEP][PASSED] - click(findTestObject("Konfirmasi pesanan shop/button_Konfirmasi Pembayaran")): Object: 'Object Repository/Konfirmasi pesanan shop/button_Konfirmasi Pembayaran' is clicked on

2023-10-05 11:31:32 - [MESSAGE][PASSED] - Object: 'Object Repository/Konfirmasi pesanan shop/button_Konfirmasi Pembayaran' is clicked on

2023-10-05 11:31:32 - [TEST_STEP][PASSED] - verifyElementPresent(findTestObject("Konfirmasi pesanan shop/Tittle Konfirmasi Pesanan"), 0): Object 'Object Repository/Konfirmasi pesanan shop/Tittle Konfirmasi Pesanan' is present

2023-10-05 11:31:32 - [MESSAGE][WARNING] - Timeout '0' is invalid. Using default page load timeout: '30'

2023-10-05 11:31:33 - [MESSAGE][PASSED] - Object 'Object Repository/Konfirmasi pesanan shop/Tittle Konfirmasi Pesanan' is present

2023-10-05 11:31:33 - [TEST_STEP][PASSED] - verifyElementPresent(findTestObject("Konfirmasi pesanan shop/Tittle massage succes Konfirmasi Pembayaran Pesanan"), 0): Object 'Object Repository/Konfirmasi pesanan shop/Tittle massage succes Konfirmasi Pembayaran Pesanan' is present

2023-10-05 11:31:33 - [MESSAGE][WARNING] - Timeout '0' is invalid. Using default page load timeout: '30'

2023-10-05 11:31:34 - [MESSAGE][PASSED] - Object 'Object Repository/Konfirmasi pesanan shop/Tittle massage succes Konfirmasi Pembayaran Pesanan' is present

2023-10-05 11:31:34 - [TEST_STEP][PASSED] - return data: null

2023-10-05 11:31:34 - [MESSAGE][PASSED] - Call Test Case 'Test Cases/T13 Pembelian, Shipment dan Pembayaran/PBY-004' successfully

2023-10-05 11:31:34 - [TEST_STEP][PASSED] - navigateToUrl("https://10.9.2.63/ecommerce/administrator/"): Navigate to 'https://10.9.2.63/ecommerce/administrator/' successfully

2023-10-05 11:31:34 - [MESSAGE][PASSED] - Navigate to 'https://10.9.2.63/ecommerce/administrator/' successfully

2023-10-05 11:31:34 - [TEST_STEP][PASSED] - verifyElementPresent(findTestObject("admin/Tittle ADMIN Login"), 0): Object 'Object Repository/admin/Tittle ADMIN Login' is present

2023-10-05 11:31:34 - [MESSAGE][WARNING] - Timeout '0' is invalid. Using default page load timeout: '30'

2023-10-05 11:31:35 - [MESSAGE][PASSED] - Object 'Object Repository/admin/Tittle ADMIN Login' is present

2023-10-05 11:31:35 - [TEST_STEP][PASSED] - setText(findTestObject("admin/Username"), "admin"): Text 'admin' is set on object 'Object Repository/admin/Username'

2023-10-05 11:31:36 - [MESSAGE][PASSED] - Text 'admin' is set on object 'Object Repository/admin/Username'

2023-10-05 11:31:36 - [TEST_STEP][PASSED] - setText(findTestObject("admin/Password"), "123admin123"): Text '123admin123' is set on object 'Object Repository/admin/Password'

2023-10-05 11:31:36 - [MESSAGE][PASSED] - Text '123admin123' is set on object 'Object Repository/admin/Password'

2023-10-05 11:31:36 - [TEST_STEP][PASSED] - click(findTestObject("admin/Remember Me")): Object: 'Object Repository/admin/Remember Me' is clicked on

2023-10-05 11:31:37 - [MESSAGE][PASSED] - Object: 'Object Repository/admin/Remember Me' is clicked on

2023-10-05 11:31:37 - [TEST_STEP][PASSED] - delay(10): Delayed 10 second(s)

2023-10-05 11:31:47 - [MESSAGE][PASSED] - Delayed 10 second(s)

2023-10-05 11:31:47 - [TEST_STEP][PASSED] - click(findTestObject("admin/buttom submit")): Object: 'Object Repository/admin/buttom submit' is clicked on

2023-10-05 11:31:49 - [MESSAGE][PASSED] - Object: 'Object Repository/admin/buttom submit' is clicked on

2023-10-05 11:31:49 - [TEST_STEP][PASSED] - verifyElementPresent(findTestObject("admin/Konf order konsumen/Tittle Dashboard"), 0): Object 'Object Repository/admin/Konf order konsumen/Tittle Dashboard' is present

2023-10-05 11:31:49 - [MESSAGE][WARNING] - Timeout '0' is invalid. Using default page load timeout: '30'

2023-10-05 11:31:50 - [MESSAGE][PASSED] - Object 'Object Repository/admin/Konf order konsumen/Tittle Dashboard' is present

2023-10-05 11:31:50 - [TEST_STEP][PASSED] - click(findTestObject("admin/Konf order konsumen/Menu Transaksi Market")): Object: 'Object Repository/admin/Konf order konsumen/Menu Transaksi Market' is clicked on

2023-10-05 11:31:50 - [MESSAGE][PASSED] - Object: 'Object Repository/admin/Konf order konsumen/Menu Transaksi Market' is clicked on

2023-10-05 11:31:50 - [TEST_STEP][PASSED] - click(findTestObject("admin/Konf order konsumen/Menu Konf. Order Konsumen")): Object: 'Object Repository/admin/Konf order konsumen/Menu Konf. Order Konsumen' is clicked on

2023-10-05 11:31:51 - [MESSAGE][PASSED] - Object: 'Object Repository/admin/Konf order konsumen/Menu Konf. Order Konsumen' is clicked on

2023-10-05 11:31:51 - [TEST_STEP][PASSED] - verifyElementPresent(findTestObject("admin/Konf order konsumen/Tittle Data Konfirmasi Pembayaran Konsumen"), 0): Object 'Object Repository/admin/Konf order konsumen/Tittle Data Konfirmasi Pembayaran Konsumen' is present

2023-10-05 11:31:51 - [MESSAGE][WARNING] - Timeout '0' is invalid. Using default page load timeout: '30'

2023-10-05 11:31:52 - [MESSAGE][PASSED] - Object 'Object Repository/admin/Konf order konsumen/Tittle Data Konfirmasi Pembayaran Konsumen' is present

2023-10-05 11:31:52 - [TEST_STEP][PASSED] - inv = data.get("invoice"): null

2023-10-05 11:31:52 - [TEST_STEP][PASSED] - setText(findTestObject("admin/Konf order konsumen/Search"), inv): Text 'TRX60.20231005113106' is set on object 'Object Repository/admin/Konf order konsumen/Search'

2023-10-05 11:31:53 - [MESSAGE][PASSED] - Text 'TRX60.20231005113106' is set on object 'Object Repository/admin/Konf order konsumen/Search'

2023-10-05 11:31:53 - [TEST_STEP][PASSED] - verifyElementText(findTestObject("admin/Konf order konsumen/Keterangan Lunas"), "Lunas"): Actual text and expected text of test object 'Object Repository/admin/Konf order konsumen/Keterangan Lunas' are matched.

2023-10-05 11:31:53 - [MESSAGE][PASSED] - Actual text and expected text of test object 'Object Repository/admin/Konf order konsumen/Keterangan Lunas' are matched.

2023-10-05 11:31:53 - [TEST_STEP][PASSED] - return data: null

2023-10-05 11:31:53 - [MESSAGE][PASSED] - Call Test Case 'Test Cases/T13 Pembelian, Shipment dan Pembayaran/PBYA-001' successfully

2023-10-05 11:31:53 - [TEST_STEP][PASSED] - click(findTestObject("admin/Penjualan ke konsumen/buttom Dashboard")): Object: 'Object Repository/admin/Penjualan ke konsumen/buttom Dashboard' is clicked on

2023-10-05 11:31:54 - [MESSAGE][PASSED] - Object: 'Object Repository/admin/Penjualan ke konsumen/buttom Dashboard' is clicked on

2023-10-05 11:31:54 - [TEST_STEP][PASSED] - click(findTestObject("admin/Konf order konsumen/Menu Transaksi Market")): Object: 'Object Repository/admin/Konf order konsumen/Menu Transaksi Market' is clicked on

2023-10-05 11:31:55 - [MESSAGE][PASSED] - Object: 'Object Repository/admin/Konf order konsumen/Menu Transaksi Market' is clicked on

2023-10-05 11:31:55 - [TEST_STEP][PASSED] - click(findTestObject("admin/Penjualan ke konsumen/a_Penjualan ke Konsumen")): Object: 'Object Repository/admin/Penjualan ke konsumen/a_Penjualan ke Konsumen' is clicked on

2023-10-05 11:31:58 - [MESSAGE][PASSED] - Object: 'Object Repository/admin/Penjualan ke konsumen/a_Penjualan ke Konsumen' is clicked on

2023-10-05 11:31:58 - [TEST_STEP][PASSED] - verifyElementPresent(findTestObject("admin/Tittle Data Transaksi Penjualan  Orderan Konsumen"), 0): Object 'Object Repository/admin/Tittle Data Transaksi Penjualan  Orderan Konsumen' is present

2023-10-05 11:31:58 - [MESSAGE][WARNING] - Timeout '0' is invalid. Using default page load timeout: '30'

2023-10-05 11:31:59 - [MESSAGE][PASSED] - Object 'Object Repository/admin/Tittle Data Transaksi Penjualan  Orderan Konsumen' is present

2023-10-05 11:31:59 - [TEST_STEP][PASSED] - return data: null

2023-10-05 11:31:59 - [MESSAGE][PASSED] - Call Test Case 'Test Cases/T13 Pembelian, Shipment dan Pembayaran/SA-001' successfully

2023-10-05 11:31:59 - [TEST_STEP][PASSED] - inv = data.get("invoice"): null

2023-10-05 11:31:59 - [TEST_STEP][PASSED] - setText(findTestObject("admin/Penjualan ke konsumen/Search"), inv): Text 'TRX60.20231005113106' is set on object 'Object Repository/admin/Penjualan ke konsumen/Search'

2023-10-05 11:32:00 - [MESSAGE][PASSED] - Text 'TRX60.20231005113106' is set on object 'Object Repository/admin/Penjualan ke konsumen/Search'

2023-10-05 11:32:00 - [TEST_STEP][PASSED] - click(findTestObject("admin/Penjualan ke konsumen/buttom konfirmasi pending payment")): Object: 'Object Repository/admin/Penjualan ke konsumen/buttom konfirmasi pending payment' is clicked on

2023-10-05 11:32:00 - [MESSAGE][PASSED] - Object: 'Object Repository/admin/Penjualan ke konsumen/buttom konfirmasi pending payment' is clicked on

2023-10-05 11:32:00 - [TEST_STEP][PASSED] - acceptAlert(STOP_ON_FAILURE): Alert accepted

2023-10-05 11:32:00 - [MESSAGE][PASSED] - Alert accepted

2023-10-05 11:32:00 - [TEST_STEP][PASSED] - setText(findTestObject("admin/Penjualan ke konsumen/Search"), inv): Text 'TRX60.20231005113106' is set on object 'Object Repository/admin/Penjualan ke konsumen/Search'

2023-10-05 11:32:13 - [MESSAGE][PASSED] - Text 'TRX60.20231005113106' is set on object 'Object Repository/admin/Penjualan ke konsumen/Search'

2023-10-05 11:32:13 - [TEST_STEP][PASSED] - verifyTextNotPresent("pending payment", false): Text 'pending payment' is not present on page

2023-10-05 11:32:14 - [MESSAGE][PASSED] - Text 'pending payment' is not present on page

2023-10-05 11:32:14 - [TEST_STEP][PASSED] - return data: null

2023-10-05 11:32:14 - [MESSAGE][PASSED] - Call Test Case 'Test Cases/T13 Pembelian, Shipment dan Pembayaran/SA-002' successfully

2023-10-05 11:32:14 - [TEST_STEP][PASSED] - click(findTestObject("admin/Penjualan ke konsumen/buttom scroldown")): Object: 'Object Repository/admin/Penjualan ke konsumen/buttom scroldown' is clicked on

2023-10-05 11:32:14 - [MESSAGE][PASSED] - Object: 'Object Repository/admin/Penjualan ke konsumen/buttom scroldown' is clicked on

2023-10-05 11:32:14 - [TEST_STEP][PASSED] - click(findTestObject("shipment/a_Pending")): Object: 'Object Repository/shipment/a_Pending' is clicked on

2023-10-05 11:32:14 - [MESSAGE][PASSED] - Object: 'Object Repository/shipment/a_Pending' is clicked on

2023-10-05 11:32:14 - [TEST_STEP][PASSED] - acceptAlert(): Alert accepted

2023-10-05 11:32:14 - [MESSAGE][PASSED] - Alert accepted

2023-10-05 11:32:14 - [TEST_STEP][PASSED] - inv = data.get("invoice"): null

2023-10-05 11:32:14 - [TEST_STEP][PASSED] - setText(findTestObject("admin/Penjualan ke konsumen/Search"), inv): Text 'TRX60.20231005113106' is set on object 'Object Repository/admin/Penjualan ke konsumen/Search'

2023-10-05 11:32:26 - [MESSAGE][PASSED] - Text 'TRX60.20231005113106' is set on object 'Object Repository/admin/Penjualan ke konsumen/Search'

2023-10-05 11:32:26 - [TEST_STEP][PASSED] - delay(10): Delayed 10 second(s)

2023-10-05 11:32:36 - [MESSAGE][PASSED] - Delayed 10 second(s)

2023-10-05 11:32:36 - [TEST_STEP][PASSED] - verifyElementText(findTestObject("PROSES PENJUALAN/Pending"), "Pending"): Actual text and expected text of test object 'Object Repository/PROSES PENJUALAN/Pending' are matched.

2023-10-05 11:32:36 - [MESSAGE][PASSED] - Actual text and expected text of test object 'Object Repository/PROSES PENJUALAN/Pending' are matched.

2023-10-05 11:32:36 - [TEST_STEP][PASSED] - pending = getText(findTestObject("PROSES PENJUALAN/Pending")): Text of object 'Object Repository/PROSES PENJUALAN/Pending' is: 'Pending'

2023-10-05 11:32:37 - [MESSAGE][PASSED] - Text of object 'Object Repository/PROSES PENJUALAN/Pending' is: 'Pending'

2023-10-05 11:32:37 - [TEST_STEP][PASSED] - data.put("statusPending", pending): null

2023-10-05 11:32:37 - [TEST_STEP][PASSED] - return data: null

2023-10-05 11:32:37 - [MESSAGE][PASSED] - Call Test Case 'Test Cases/T13 Pembelian, Shipment dan Pembayaran/SA-006' successfully

2023-10-05 11:32:37 - [TEST_STEP][PASSED] - openBrowser("https://10.9.2.63/ecommerce/"): Browser is opened with url: 'https://10.9.2.63/ecommerce/'

2023-10-05 11:32:37 - [MESSAGE][WARNING] - A browser is already opened. Closing browser and opening a new one

2023-10-05 11:32:37 - [MESSAGE][INFO] - Starting 'Edge Chromium' driver

2023-10-05 11:32:37 - [MESSAGE][INFO] - User set preference: ['acceptInsecureCerts', 'true']

2023-10-05 11:32:40 - [MESSAGE][INFO] - Action delay is set to 0 milliseconds

2023-10-05 11:32:46 - [MESSAGE][PASSED] - Browser is opened with url: 'https://10.9.2.63/ecommerce/'

2023-10-05 11:32:46 - [TEST_STEP][PASSED] - maximizeWindow(): Current window maximized

2023-10-05 11:32:46 - [MESSAGE][PASSED] - Current window maximized

2023-10-05 11:32:46 - [TEST_STEP][PASSED] - verifyElementPresent(findTestObject("Login/Home"), 0): Object 'Object Repository/Login/Home' is present

2023-10-05 11:32:46 - [MESSAGE][WARNING] - Timeout '0' is invalid. Using default page load timeout: '30'

2023-10-05 11:32:47 - [MESSAGE][PASSED] - Object 'Object Repository/Login/Home' is present

2023-10-05 11:32:47 - [TEST_STEP][PASSED] - click(findTestObject("Login/a_Login")): Object: 'Object Repository/Login/a_Login' is clicked on

2023-10-05 11:32:47 - [MESSAGE][PASSED] - Object: 'Object Repository/Login/a_Login' is clicked on

2023-10-05 11:32:47 - [TEST_STEP][PASSED] - verifyElementPresent(findTestObject("Login/Tittle Login"), 0): Object 'Object Repository/Login/Tittle Login' is present

2023-10-05 11:32:48 - [MESSAGE][WARNING] - Timeout '0' is invalid. Using default page load timeout: '30'

2023-10-05 11:32:48 - [MESSAGE][PASSED] - Object 'Object Repository/Login/Tittle Login' is present

2023-10-05 11:32:48 - [TEST_STEP][PASSED] - setText(findTestObject("Login/input_Username, Email atau No. Handphone_a"), "irfanafandi"): Text 'irfanafandi' is set on object 'Object Repository/Login/input_Username, Email atau No. Handphone_a'

2023-10-05 11:32:49 - [MESSAGE][PASSED] - Text 'irfanafandi' is set on object 'Object Repository/Login/input_Username, Email atau No. Handphone_a'

2023-10-05 11:32:49 - [TEST_STEP][PASSED] - setText(findTestObject("Login/input_Password_b"), "12345irfan"): Text '12345irfan' is set on object 'Object Repository/Login/input_Password_b'

2023-10-05 11:32:50 - [MESSAGE][PASSED] - Text '12345irfan' is set on object 'Object Repository/Login/input_Password_b'

2023-10-05 11:32:50 - [TEST_STEP][PASSED] - click(findTestObject("Login/button_Masuk")): Object: 'Object Repository/Login/button_Masuk' is clicked on

2023-10-05 11:32:52 - [MESSAGE][PASSED] - Object: 'Object Repository/Login/button_Masuk' is clicked on

2023-10-05 11:32:52 - [TEST_STEP][PASSED] - verifyElementPresent(findTestObject("Login/li_Profile"), 0): Object 'Object Repository/Login/li_Profile' is present

2023-10-05 11:32:52 - [MESSAGE][WARNING] - Timeout '0' is invalid. Using default page load timeout: '30'

2023-10-05 11:32:54 - [MESSAGE][PASSED] - Object 'Object Repository/Login/li_Profile' is present

2023-10-05 11:32:54 - [TEST_STEP][PASSED] - click(findTestObject("Konfirmasi pesanan shop/Menu Shop")): Object: 'Object Repository/Konfirmasi pesanan shop/Menu Shop' is clicked on

2023-10-05 11:32:56 - [MESSAGE][PASSED] - Object: 'Object Repository/Konfirmasi pesanan shop/Menu Shop' is clicked on

2023-10-05 11:32:56 - [TEST_STEP][PASSED] - click(findTestObject("Konfirmasi pesanan shop/Menu Shop")): Object: 'Object Repository/Konfirmasi pesanan shop/Menu Shop' is clicked on

2023-10-05 11:32:57 - [MESSAGE][PASSED] - Object: 'Object Repository/Konfirmasi pesanan shop/Menu Shop' is clicked on

2023-10-05 11:32:57 - [TEST_STEP][PASSED] - click(findTestObject("Traking Order/a_Tracking Orders")): Object: 'Object Repository/Traking Order/a_Tracking Orders' is clicked on

2023-10-05 11:32:58 - [MESSAGE][PASSED] - Object: 'Object Repository/Traking Order/a_Tracking Orders' is clicked on

2023-10-05 11:32:58 - [TEST_STEP][PASSED] - verifyElementPresent(findTestObject("Traking Order/Tittle Tracking Order"), 0): Object 'Object Repository/Traking Order/Tittle Tracking Order' is present

2023-10-05 11:32:58 - [MESSAGE][WARNING] - Timeout '0' is invalid. Using default page load timeout: '30'

2023-10-05 11:32:59 - [MESSAGE][PASSED] - Object 'Object Repository/Traking Order/Tittle Tracking Order' is present

2023-10-05 11:32:59 - [TEST_STEP][PASSED] - inv = data.get("invoice"): null

2023-10-05 11:32:59 - [TEST_STEP][PASSED] - setText(findTestObject("Traking Order/input_No Pesanan_a"), inv): Text 'TRX60.20231005113106' is set on object 'Object Repository/Traking Order/input_No Pesanan_a'

2023-10-05 11:32:59 - [MESSAGE][PASSED] - Text 'TRX60.20231005113106' is set on object 'Object Repository/Traking Order/input_No Pesanan_a'

2023-10-05 11:32:59 - [TEST_STEP][PASSED] - setText(findTestObject("Traking Order/input_Alamat E-mail_form-control"), "irfan@gmail.com"): Text 'irfan@gmail.com' is set on object 'Object Repository/Traking Order/input_Alamat E-mail_form-control'

2023-10-05 11:33:00 - [MESSAGE][PASSED] - Text 'irfan@gmail.com' is set on object 'Object Repository/Traking Order/input_Alamat E-mail_form-control'

2023-10-05 11:33:00 - [TEST_STEP][PASSED] - click(findTestObject("Traking Order/button_Lacak Pesanan")): Object: 'Object Repository/Traking Order/button_Lacak Pesanan' is clicked on

2023-10-05 11:33:04 - [MESSAGE][PASSED] - Object: 'Object Repository/Traking Order/button_Lacak Pesanan' is clicked on

2023-10-05 11:33:04 - [TEST_STEP][PASSED] - verifyElementPresent(findTestObject("Traking Order/Tittle nomor transaksi"), 0): Object 'Object Repository/Traking Order/Tittle nomor transaksi' is present

2023-10-05 11:33:04 - [MESSAGE][WARNING] - Timeout '0' is invalid. Using default page load timeout: '30'

2023-10-05 11:33:04 - [MESSAGE][PASSED] - Object 'Object Repository/Traking Order/Tittle nomor transaksi' is present

2023-10-05 11:33:04 - [TEST_STEP][PASSED] - Nama = getText(findTestObject("Object Repository/Traking Order/status traking/Nama Barang tracking order")): Text of object 'Object Repository/Traking Order/status traking/Nama Barang tracking order' is: 'Segitiga Instan Madeira - MDB5.3 Sunset'

2023-10-05 11:33:05 - [MESSAGE][PASSED] - Text of object 'Object Repository/Traking Order/status traking/Nama Barang tracking order' is: 'Segitiga Instan Madeira - MDB5.3 Sunset'

2023-10-05 11:33:05 - [TEST_STEP][PASSED] - Harga = getText(findTestObject("Object Repository/Traking Order/status traking/Harga Barang")): Text of object 'Object Repository/Traking Order/status traking/Harga Barang' is: '1,299'

2023-10-05 11:33:05 - [MESSAGE][PASSED] - Text of object 'Object Repository/Traking Order/status traking/Harga Barang' is: '1,299'

2023-10-05 11:33:05 - [TEST_STEP][PASSED] - name_product = data.get("nama_barang"): null

2023-10-05 11:33:05 - [TEST_STEP][PASSED] - price_product = data.get("price_barang"): null

2023-10-05 11:33:05 - [TEST_STEP][PASSED] - assert name_product.contains(Nama): null

2023-10-05 11:33:05 - [TEST_STEP][PASSED] - assert price_product.contains(Harga): null

2023-10-05 11:33:05 - [TEST_STEP][PASSED] - warnaa = getText(findTestObject("Object Repository/Traking Order/status traking/warna")): Text of object 'Object Repository/Traking Order/status traking/warna' is: 'Merah'

2023-10-05 11:33:06 - [MESSAGE][PASSED] - Text of object 'Object Repository/Traking Order/status traking/warna' is: 'Merah'

2023-10-05 11:33:06 - [TEST_STEP][PASSED] - ukurann = getText(findTestObject("Object Repository/Traking Order/status traking/Ukuruan")): Text of object 'Object Repository/Traking Order/status traking/Ukuruan' is: 'Menengah'

2023-10-05 11:33:06 - [MESSAGE][PASSED] - Text of object 'Object Repository/Traking Order/status traking/Ukuruan' is: 'Menengah'

2023-10-05 11:33:06 - [TEST_STEP][PASSED] - warna1 = data.get("Warna"): null

2023-10-05 11:33:06 - [TEST_STEP][PASSED] - ukuran1 = data.get("Ukuran"): null

2023-10-05 11:33:06 - [TEST_STEP][PASSED] - assert warnaa == warna1: null

2023-10-05 11:33:06 - [TEST_STEP][PASSED] - assert ukurann == ukuran1: null

2023-10-05 11:33:06 - [TEST_STEP][PASSED] - Pending = getText(findTestObject("Beli tanpa akun/Pending")): Text of object 'Object Repository/Beli tanpa akun/Pending' is: 'Pending'

2023-10-05 11:33:06 - [MESSAGE][PASSED] - Text of object 'Object Repository/Beli tanpa akun/Pending' is: 'Pending'

2023-10-05 11:33:06 - [TEST_STEP][PASSED] - statusPembayaran = data.get("statusPending"): null

2023-10-05 11:33:06 - [TEST_STEP][PASSED] - assert Pending == statusPembayaran: null]]></system-out>
         <system-err><![CDATA[]]></system-err>
      </testcase>
      <testcase name="Test Cases/T13 Pembelian, Shipment dan Pembayaran/SU-006" time="135.716" classname="Test Cases/T13 Pembelian, Shipment dan Pembayaran/SU-006" status="PASSED">
         <system-out><![CDATA[2023-10-05 11:33:06 - [TEST_CASE][PASSED] - Test Cases/T13 Pembelian, Shipment dan Pembayaran/SU-006: Test Cases/T13 Pembelian, Shipment dan Pembayaran/SU-006

2023-10-05 11:33:07 - [TEST_STEP][PASSED] - data = callTestCase(findTestCase("T13 Pembelian, Shipment dan Pembayaran/SA-005"), [:], STOP_ON_FAILURE): Call Test Case 'Test Cases/T13 Pembelian, Shipment dan Pembayaran/SA-005' successfully

2023-10-05 11:33:07 - [TEST_CASE][PASSED] - Test Cases/T13 Pembelian, Shipment dan Pembayaran/SA-005: Test Cases/T13 Pembelian, Shipment dan Pembayaran/SA-005

2023-10-05 11:33:07 - [TEST_STEP][PASSED] - data = callTestCase(findTestCase("T13 Pembelian, Shipment dan Pembayaran/SA-002"), [:], STOP_ON_FAILURE): Call Test Case 'Test Cases/T13 Pembelian, Shipment dan Pembayaran/SA-002' successfully

2023-10-05 11:33:07 - [TEST_CASE][PASSED] - Test Cases/T13 Pembelian, Shipment dan Pembayaran/SA-002: Test Cases/T13 Pembelian, Shipment dan Pembayaran/SA-002

2023-10-05 11:33:07 - [TEST_STEP][PASSED] - data = callTestCase(findTestCase("T13 Pembelian, Shipment dan Pembayaran/SA-001"), [:], STOP_ON_FAILURE): Call Test Case 'Test Cases/T13 Pembelian, Shipment dan Pembayaran/SA-001' successfully

2023-10-05 11:33:07 - [TEST_CASE][PASSED] - Test Cases/T13 Pembelian, Shipment dan Pembayaran/SA-001: Test Cases/T13 Pembelian, Shipment dan Pembayaran/SA-001

2023-10-05 11:33:07 - [TEST_STEP][PASSED] - data = callTestCase(findTestCase("T13 Pembelian, Shipment dan Pembayaran/PBYA-001"), [:], STOP_ON_FAILURE): Call Test Case 'Test Cases/T13 Pembelian, Shipment dan Pembayaran/PBYA-001' successfully

2023-10-05 11:33:07 - [TEST_CASE][PASSED] - Test Cases/T13 Pembelian, Shipment dan Pembayaran/PBYA-001: Test Cases/T13 Pembelian, Shipment dan Pembayaran/PBYA-001

2023-10-05 11:33:07 - [TEST_STEP][PASSED] - data = callTestCase(findTestCase("T13 Pembelian, Shipment dan Pembayaran/PBY-004"), [:], STOP_ON_FAILURE): Call Test Case 'Test Cases/T13 Pembelian, Shipment dan Pembayaran/PBY-004' successfully

2023-10-05 11:33:07 - [TEST_CASE][PASSED] - Test Cases/T13 Pembelian, Shipment dan Pembayaran/PBY-004: Test Cases/T13 Pembelian, Shipment dan Pembayaran/PBY-004

2023-10-05 11:33:07 - [TEST_STEP][PASSED] - data = callTestCase(findTestCase("T13 Pembelian, Shipment dan Pembayaran/PBY-001"), [:], STOP_ON_FAILURE): Call Test Case 'Test Cases/T13 Pembelian, Shipment dan Pembayaran/PBY-001' successfully

2023-10-05 11:33:07 - [TEST_CASE][PASSED] - Test Cases/T13 Pembelian, Shipment dan Pembayaran/PBY-001: Test Cases/T13 Pembelian, Shipment dan Pembayaran/PBY-001

2023-10-05 11:33:07 - [TEST_STEP][PASSED] - data = callTestCase(findTestCase("T13 Pembelian, Shipment dan Pembayaran/PBL-004"), ["Kurir":"Roda 2"], STOP_ON_FAILURE): Call Test Case 'Test Cases/T13 Pembelian, Shipment dan Pembayaran/PBL-004' successfully

2023-10-05 11:33:07 - [TEST_CASE][PASSED] - Test Cases/T13 Pembelian, Shipment dan Pembayaran/PBL-004: Test Cases/T13 Pembelian, Shipment dan Pembayaran/PBL-004

2023-10-05 11:33:07 - [TEST_STEP][PASSED] - data = callTestCase(findTestCase("T13 Pembelian, Shipment dan Pembayaran/PBL-002"), [:], STOP_ON_FAILURE): Call Test Case 'Test Cases/T13 Pembelian, Shipment dan Pembayaran/PBL-002' successfully

2023-10-05 11:33:07 - [TEST_CASE][PASSED] - Test Cases/T13 Pembelian, Shipment dan Pembayaran/PBL-002: Test Cases/T13 Pembelian, Shipment dan Pembayaran/PBL-002

2023-10-05 11:33:07 - [TEST_STEP][PASSED] - data = callTestCase(findTestCase("T13 Pembelian, Shipment dan Pembayaran/PBL-001"), [:], STOP_ON_FAILURE): Call Test Case 'Test Cases/T13 Pembelian, Shipment dan Pembayaran/PBL-001' successfully

2023-10-05 11:33:07 - [TEST_CASE][PASSED] - Test Cases/T13 Pembelian, Shipment dan Pembayaran/PBL-001: Test Cases/T13 Pembelian, Shipment dan Pembayaran/PBL-001

2023-10-05 11:33:07 - [TEST_STEP][PASSED] - callTestCase(findTestCase("T13 Pembelian, Shipment dan Pembayaran/LU-001"), ["username":"irfanafandi", "password":"12345irfan"], STOP_ON_FAILURE): Call Test Case 'Test Cases/T13 Pembelian, Shipment dan Pembayaran/LU-001' successfully

2023-10-05 11:33:07 - [TEST_CASE][PASSED] - Test Cases/T13 Pembelian, Shipment dan Pembayaran/LU-001: Test Cases/T13 Pembelian, Shipment dan Pembayaran/LU-001

2023-10-05 11:33:07 - [TEST_STEP][PASSED] - openBrowser("https://10.9.2.63/ecommerce/"): Browser is opened with url: 'https://10.9.2.63/ecommerce/'

2023-10-05 11:33:07 - [MESSAGE][WARNING] - A browser is already opened. Closing browser and opening a new one

2023-10-05 11:33:08 - [MESSAGE][INFO] - Starting 'Edge Chromium' driver

2023-10-05 11:33:08 - [MESSAGE][INFO] - User set preference: ['acceptInsecureCerts', 'true']

2023-10-05 11:33:10 - [MESSAGE][INFO] - Action delay is set to 0 milliseconds

2023-10-05 11:33:13 - [MESSAGE][PASSED] - Browser is opened with url: 'https://10.9.2.63/ecommerce/'

2023-10-05 11:33:13 - [TEST_STEP][PASSED] - maximizeWindow(): Current window maximized

2023-10-05 11:33:14 - [MESSAGE][PASSED] - Current window maximized

2023-10-05 11:33:14 - [TEST_STEP][PASSED] - verifyElementPresent(findTestObject("Login/Home"), 0): Object 'Object Repository/Login/Home' is present

2023-10-05 11:33:14 - [MESSAGE][WARNING] - Timeout '0' is invalid. Using default page load timeout: '30'

2023-10-05 11:33:14 - [MESSAGE][PASSED] - Object 'Object Repository/Login/Home' is present

2023-10-05 11:33:14 - [TEST_STEP][PASSED] - click(findTestObject("Login/a_Login")): Object: 'Object Repository/Login/a_Login' is clicked on

2023-10-05 11:33:15 - [MESSAGE][PASSED] - Object: 'Object Repository/Login/a_Login' is clicked on

2023-10-05 11:33:15 - [TEST_STEP][PASSED] - verifyElementPresent(findTestObject("Login/Tittle Login"), 0): Object 'Object Repository/Login/Tittle Login' is present

2023-10-05 11:33:15 - [MESSAGE][WARNING] - Timeout '0' is invalid. Using default page load timeout: '30'

2023-10-05 11:33:15 - [MESSAGE][PASSED] - Object 'Object Repository/Login/Tittle Login' is present

2023-10-05 11:33:15 - [TEST_STEP][PASSED] - setText(findTestObject("Login/input_Username, Email atau No. Handphone_a"), username): Text 'irfanafandi' is set on object 'Object Repository/Login/input_Username, Email atau No. Handphone_a'

2023-10-05 11:33:16 - [MESSAGE][PASSED] - Text 'irfanafandi' is set on object 'Object Repository/Login/input_Username, Email atau No. Handphone_a'

2023-10-05 11:33:16 - [TEST_STEP][PASSED] - setText(findTestObject("Login/input_Password_b"), password): Text '12345irfan' is set on object 'Object Repository/Login/input_Password_b'

2023-10-05 11:33:17 - [MESSAGE][PASSED] - Text '12345irfan' is set on object 'Object Repository/Login/input_Password_b'

2023-10-05 11:33:17 - [TEST_STEP][PASSED] - click(findTestObject("Login/label_Ingat saya")): Object: 'Object Repository/Login/label_Ingat saya' is clicked on

2023-10-05 11:33:18 - [MESSAGE][PASSED] - Object: 'Object Repository/Login/label_Ingat saya' is clicked on

2023-10-05 11:33:18 - [TEST_STEP][PASSED] - click(findTestObject("Login/button_Masuk")): Object: 'Object Repository/Login/button_Masuk' is clicked on

2023-10-05 11:33:19 - [MESSAGE][PASSED] - Object: 'Object Repository/Login/button_Masuk' is clicked on

2023-10-05 11:33:19 - [TEST_STEP][PASSED] - verifyElementPresent(findTestObject("Login/li_Profile"), 0): Object 'Object Repository/Login/li_Profile' is present

2023-10-05 11:33:19 - [MESSAGE][WARNING] - Timeout '0' is invalid. Using default page load timeout: '30'

2023-10-05 11:33:20 - [MESSAGE][PASSED] - Object 'Object Repository/Login/li_Profile' is present

2023-10-05 11:33:20 - [MESSAGE][PASSED] - Call Test Case 'Test Cases/T13 Pembelian, Shipment dan Pembayaran/LU-001' successfully

2023-10-05 11:33:20 - [TEST_STEP][PASSED] - mouseOver(findTestObject("beli barang/i_Mulai Belanja_icon-menu")): Object: 'Object Repository/beli barang/i_Mulai Belanja_icon-menu' is hovered

2023-10-05 11:33:20 - [MESSAGE][PASSED] - Object: 'Object Repository/beli barang/i_Mulai Belanja_icon-menu' is hovered

2023-10-05 11:33:20 - [TEST_STEP][PASSED] - click(findTestObject("beli barang/a_Fashion  Busana Wanita")): Object: 'Object Repository/beli barang/a_Fashion  Busana Wanita' is clicked on

2023-10-05 11:33:21 - [MESSAGE][PASSED] - Object: 'Object Repository/beli barang/a_Fashion  Busana Wanita' is clicked on

2023-10-05 11:33:21 - [TEST_STEP][PASSED] - NamaSebelum = getText(findTestObject("verifikasi/Nama sebelum")): Text of object 'Object Repository/verifikasi/Nama sebelum' is: ''

2023-10-05 11:33:22 - [MESSAGE][PASSED] - Text of object 'Object Repository/verifikasi/Nama sebelum' is: ''

2023-10-05 11:33:22 - [TEST_STEP][PASSED] - HargaSebelum = getText(findTestObject("verifikasi/Harga sebelum")): Text of object 'Object Repository/verifikasi/Harga sebelum' is: 'Rp 1,299'

2023-10-05 11:33:22 - [MESSAGE][PASSED] - Text of object 'Object Repository/verifikasi/Harga sebelum' is: 'Rp 1,299'

2023-10-05 11:33:22 - [TEST_STEP][PASSED] - mouseOver(findTestObject("beli barang/barang mouse over")): Object: 'Object Repository/beli barang/barang mouse over' is hovered

2023-10-05 11:33:23 - [MESSAGE][PASSED] - Object: 'Object Repository/beli barang/barang mouse over' is hovered

2023-10-05 11:33:23 - [TEST_STEP][PASSED] - click(findTestObject("beli barang/buttom add to cart")): Object: 'Object Repository/beli barang/buttom add to cart' is clicked on

2023-10-05 11:33:25 - [MESSAGE][PASSED] - Object: 'Object Repository/beli barang/buttom add to cart' is clicked on

2023-10-05 11:33:25 - [TEST_STEP][PASSED] - NamaSesudah = getText(findTestObject("verifikasi/Nama sesudah")): Text of object 'Object Repository/verifikasi/Nama sesudah' is: 'Segitiga Instan Madeira - MDB5.3 Sunset'

2023-10-05 11:33:26 - [MESSAGE][PASSED] - Text of object 'Object Repository/verifikasi/Nama sesudah' is: 'Segitiga Instan Madeira - MDB5.3 Sunset'

2023-10-05 11:33:26 - [TEST_STEP][PASSED] - HargaSesudah = getText(findTestObject("verifikasi/Harga sesudah")): Text of object 'Object Repository/verifikasi/Harga sesudah' is: 'Rp 1,299'

2023-10-05 11:33:26 - [MESSAGE][PASSED] - Text of object 'Object Repository/verifikasi/Harga sesudah' is: 'Rp 1,299'

2023-10-05 11:33:26 - [TEST_STEP][PASSED] - assert NamaSesudah.contains(NamaSebelum): null

2023-10-05 11:33:26 - [TEST_STEP][PASSED] - assert HargaSesudah.contains(HargaSebelum): null

2023-10-05 11:33:26 - [TEST_STEP][PASSED] - click(findTestObject("beli barang/Tambah Keranjang busana wanita")): Object: 'Object Repository/beli barang/Tambah Keranjang busana wanita' is clicked on

2023-10-05 11:33:26 - [MESSAGE][PASSED] - Object: 'Object Repository/beli barang/Tambah Keranjang busana wanita' is clicked on

2023-10-05 11:33:26 - [TEST_STEP][PASSED] - verifyElementPresent(findTestObject("checkout/Notifikasi keranjang"), 1): Object 'Object Repository/checkout/Notifikasi keranjang' is present

2023-10-05 11:33:27 - [MESSAGE][PASSED] - Object 'Object Repository/checkout/Notifikasi keranjang' is present

2023-10-05 11:33:27 - [TEST_STEP][PASSED] - data = new java.util.HashMap(): null

2023-10-05 11:33:27 - [TEST_STEP][PASSED] - data.put("nama_barang", NamaSesudah): null

2023-10-05 11:33:27 - [TEST_STEP][PASSED] - data.put("price_barang", HargaSesudah): null

2023-10-05 11:33:27 - [TEST_STEP][PASSED] - return data: null

2023-10-05 11:33:27 - [MESSAGE][PASSED] - Call Test Case 'Test Cases/T13 Pembelian, Shipment dan Pembayaran/PBL-001' successfully

2023-10-05 11:33:27 - [TEST_STEP][PASSED] - mouseOver(findTestObject("beli barang/keranjang")): Object: 'Object Repository/beli barang/keranjang' is hovered

2023-10-05 11:33:28 - [MESSAGE][PASSED] - Object: 'Object Repository/beli barang/keranjang' is hovered

2023-10-05 11:33:28 - [TEST_STEP][PASSED] - click(findTestObject("beli barang/Lihat Sekarang")): Object: 'Object Repository/beli barang/Lihat Sekarang' is clicked on

2023-10-05 11:33:29 - [MESSAGE][PASSED] - Object: 'Object Repository/beli barang/Lihat Sekarang' is clicked on

2023-10-05 11:33:29 - [TEST_STEP][PASSED] - verifyElementPresent(findTestObject("keranjang/li_Keranjang Belanja"), 0): Object 'Object Repository/keranjang/li_Keranjang Belanja' is present

2023-10-05 11:33:29 - [MESSAGE][WARNING] - Timeout '0' is invalid. Using default page load timeout: '30'

2023-10-05 11:33:30 - [MESSAGE][PASSED] - Object 'Object Repository/keranjang/li_Keranjang Belanja' is present

2023-10-05 11:33:30 - [TEST_STEP][PASSED] - NamaKeranjang = getText(findTestObject("verifikasi/Nama keranjang")): Text of object 'Object Repository/verifikasi/Nama keranjang' is: 'Segitiga Instan Madeira - MDB5.3 Sunset'

2023-10-05 11:33:31 - [MESSAGE][PASSED] - Text of object 'Object Repository/verifikasi/Nama keranjang' is: 'Segitiga Instan Madeira - MDB5.3 Sunset'

2023-10-05 11:33:31 - [TEST_STEP][PASSED] - HargaKeranjang = getText(findTestObject("verifikasi/Harga Keranjang")): Text of object 'Object Repository/verifikasi/Harga Keranjang' is: 'Rp 1,299'

2023-10-05 11:33:31 - [MESSAGE][PASSED] - Text of object 'Object Repository/verifikasi/Harga Keranjang' is: 'Rp 1,299'

2023-10-05 11:33:31 - [TEST_STEP][PASSED] - if (toString().equalsIgnoreCase("Merah")): Object 'Object Repository/keranjang/input_Warna_variasi101' is checked

2023-10-05 11:33:31 - [TEST_STEP][PASSED] - check(findTestObject("Object Repository/keranjang/input_Warna_variasi101")): Object 'Object Repository/keranjang/input_Warna_variasi101' is checked

2023-10-05 11:33:32 - [MESSAGE][PASSED] - Object 'Object Repository/keranjang/input_Warna_variasi101' is checked

2023-10-05 11:33:32 - [TEST_STEP][PASSED] - if (toString().equalsIgnoreCase("Menengah")): Object 'Object Repository/keranjang/input_Ukuran_variasi201' is checked

2023-10-05 11:33:32 - [TEST_STEP][PASSED] - check(findTestObject("Object Repository/keranjang/input_Ukuran_variasi201")): Object 'Object Repository/keranjang/input_Ukuran_variasi201' is checked

2023-10-05 11:33:32 - [MESSAGE][PASSED] - Object 'Object Repository/keranjang/input_Ukuran_variasi201' is checked

2023-10-05 11:33:32 - [TEST_STEP][PASSED] - data.put("Warna", warna): null

2023-10-05 11:33:32 - [TEST_STEP][PASSED] - data.put("Ukuran", ukuran): null

2023-10-05 11:33:32 - [TEST_STEP][PASSED] - click(findTestObject("keranjang/button_Lanjut ke Pembayaran")): Object: 'Object Repository/keranjang/button_Lanjut ke Pembayaran' is clicked on

2023-10-05 11:33:33 - [MESSAGE][PASSED] - Object: 'Object Repository/keranjang/button_Lanjut ke Pembayaran' is clicked on

2023-10-05 11:33:33 - [TEST_STEP][PASSED] - verifyElementPresent(findTestObject("checkout/Tittle Checkout Order"), 0): Object 'Object Repository/checkout/Tittle Checkout Order' is present

2023-10-05 11:33:33 - [MESSAGE][WARNING] - Timeout '0' is invalid. Using default page load timeout: '30'

2023-10-05 11:33:34 - [MESSAGE][PASSED] - Object 'Object Repository/checkout/Tittle Checkout Order' is present

2023-10-05 11:33:34 - [TEST_STEP][PASSED] - name_product = data.get("nama_barang"): null

2023-10-05 11:33:34 - [TEST_STEP][PASSED] - price_product = data.get("price_barang"): null

2023-10-05 11:33:34 - [TEST_STEP][PASSED] - assert name_product == NamaKeranjang: null

2023-10-05 11:33:34 - [TEST_STEP][PASSED] - assert price_product == HargaKeranjang: null

2023-10-05 11:33:34 - [TEST_STEP][PASSED] - return data: null

2023-10-05 11:33:34 - [MESSAGE][PASSED] - Call Test Case 'Test Cases/T13 Pembelian, Shipment dan Pembayaran/PBL-002' successfully

2023-10-05 11:33:34 - [TEST_STEP][PASSED] - warnaa = getText(findTestObject("verifikasi/warna Merah")): Text of object 'Object Repository/verifikasi/warna Merah' is: 'Merah'

2023-10-05 11:33:35 - [MESSAGE][PASSED] - Text of object 'Object Repository/verifikasi/warna Merah' is: 'Merah'

2023-10-05 11:33:35 - [TEST_STEP][PASSED] - ukurann = getText(findTestObject("verifikasi/Ukuran Menengah")): Text of object 'Object Repository/verifikasi/Ukuran Menengah' is: 'Menengah'

2023-10-05 11:33:35 - [MESSAGE][PASSED] - Text of object 'Object Repository/verifikasi/Ukuran Menengah' is: 'Menengah'

2023-10-05 11:33:35 - [TEST_STEP][PASSED] - warna1 = data.get("Warna"): null

2023-10-05 11:33:35 - [TEST_STEP][PASSED] - ukuran1 = data.get("Ukuran"): null

2023-10-05 11:33:35 - [TEST_STEP][PASSED] - assert warnaa == warna1: null

2023-10-05 11:33:35 - [TEST_STEP][PASSED] - assert ukurann == ukuran1: null

2023-10-05 11:33:35 - [TEST_STEP][PASSED] - NamaCheckout = getText(findTestObject("verifikasi/NamaCheckout")): Text of object 'Object Repository/verifikasi/NamaCheckout' is: ''

2023-10-05 11:33:35 - [MESSAGE][PASSED] - Text of object 'Object Repository/verifikasi/NamaCheckout' is: ''

2023-10-05 11:33:35 - [TEST_STEP][PASSED] - HargaCheckout = getText(findTestObject("verifikasi/HargaCheckout")): Text of object 'Object Repository/verifikasi/HargaCheckout' is: '1,299'

2023-10-05 11:33:36 - [MESSAGE][PASSED] - Text of object 'Object Repository/verifikasi/HargaCheckout' is: '1,299'

2023-10-05 11:33:36 - [TEST_STEP][PASSED] - name_product = data.get("nama_barang"): null

2023-10-05 11:33:36 - [TEST_STEP][PASSED] - price_product = data.get("price_barang"): null

2023-10-05 11:33:36 - [TEST_STEP][PASSED] - assert name_product.contains(NamaCheckout): null

2023-10-05 11:33:36 - [TEST_STEP][PASSED] - assert price_product.contains(HargaCheckout): null

2023-10-05 11:33:36 - [TEST_STEP][PASSED] - selectOptionByLabel(findTestObject("checkout/select - Kirim via Kurir Lokal"), Kurir, false): All options with label 'Roda 2' are selected in object 'Object Repository/checkout/select - Kirim via Kurir Lokal' 

2023-10-05 11:33:36 - [MESSAGE][PASSED] - All options with label 'Roda 2' are selected in object 'Object Repository/checkout/select - Kirim via Kurir Lokal' 

2023-10-05 11:33:36 - [TEST_STEP][PASSED] - click(findTestObject("checkout/Kendaraan Kurir")): Object: 'Object Repository/checkout/Kendaraan Kurir' is clicked on

2023-10-05 11:33:37 - [MESSAGE][PASSED] - Object: 'Object Repository/checkout/Kendaraan Kurir' is clicked on

2023-10-05 11:33:37 - [TEST_STEP][PASSED] - OngkosKirim = getText(findTestObject("Object Repository/verifikasi/Ongkos Kirim checkout")): Text of object 'Object Repository/verifikasi/Ongkos Kirim checkout' is: 'Rp. 5,000'

2023-10-05 11:33:38 - [MESSAGE][PASSED] - Text of object 'Object Repository/verifikasi/Ongkos Kirim checkout' is: 'Rp. 5,000'

2023-10-05 11:33:38 - [TEST_STEP][PASSED] - Ongkos = OngkosKirim.substring(3, OngkosKirim.size()): null

2023-10-05 11:33:38 - [TEST_STEP][PASSED] - rep = Ongkos.replace(",", "."): null

2023-10-05 11:33:38 - [TEST_STEP][PASSED] - Ongkos_kirim = Double.parseDouble(rep): null

2023-10-05 11:33:38 - [TEST_STEP][PASSED] - println(Ongkos_kirim): null

2023-10-05 11:33:38 - [TEST_STEP][PASSED] - FeeAdmin = getText(findTestObject("verifikasi/Fee Admin checkout")): Text of object 'Object Repository/verifikasi/Fee Admin checkout' is: 'Fee Admin
Rp 1,500'

2023-10-05 11:33:39 - [MESSAGE][PASSED] - Text of object 'Object Repository/verifikasi/Fee Admin checkout' is: 'Fee Admin
Rp 1,500'

2023-10-05 11:33:39 - [TEST_STEP][PASSED] - Fee_Admin = FeeAdmin.substring(12, FeeAdmin.size()): null

2023-10-05 11:33:39 - [TEST_STEP][PASSED] - fee = Fee_Admin.replace(",", "."): null

2023-10-05 11:33:39 - [TEST_STEP][PASSED] - fee_admin = Double.parseDouble(fee): null

2023-10-05 11:33:39 - [TEST_STEP][PASSED] - println(fee_admin): null

2023-10-05 11:33:39 - [TEST_STEP][PASSED] - Subtotal = getText(findTestObject("verifikasi/subtotal checkout")): Text of object 'Object Repository/verifikasi/subtotal checkout' is: 'Subtotal
Rp 1,299'

2023-10-05 11:33:39 - [MESSAGE][PASSED] - Text of object 'Object Repository/verifikasi/subtotal checkout' is: 'Subtotal
Rp 1,299'

2023-10-05 11:33:39 - [TEST_STEP][PASSED] - sub_total = Subtotal.substring(12, Subtotal.size()): null

2023-10-05 11:33:39 - [TEST_STEP][PASSED] - sub = sub_total.replace(",", "."): null

2023-10-05 11:33:39 - [TEST_STEP][PASSED] - sub_total = Double.parseDouble(sub): null

2023-10-05 11:33:39 - [TEST_STEP][PASSED] - println(sub_total): null

2023-10-05 11:33:39 - [TEST_STEP][PASSED] - Total = getText(findTestObject("verifikasi/Total checkout")): Text of object 'Object Repository/verifikasi/Total checkout' is: 'Rp 7,799'

2023-10-05 11:33:40 - [MESSAGE][PASSED] - Text of object 'Object Repository/verifikasi/Total checkout' is: 'Rp 7,799'

2023-10-05 11:33:40 - [TEST_STEP][PASSED] - totall = Total.substring(3, Total.size()): null

2023-10-05 11:33:40 - [TEST_STEP][PASSED] - total = totall.replace(",", "."): null

2023-10-05 11:33:40 - [TEST_STEP][PASSED] - totall = Double.parseDouble(total): null

2023-10-05 11:33:40 - [TEST_STEP][PASSED] - println(totall): null

2023-10-05 11:33:40 - [TEST_STEP][PASSED] - Total_Harga = Ongkos_kirim + fee_admin + sub_total: null

2023-10-05 11:33:40 - [TEST_STEP][PASSED] - println(Total_Harga): null

2023-10-05 11:33:40 - [TEST_STEP][PASSED] - TotalHarga = Math.round(Total_Harga * 1000) / 1000: null

2023-10-05 11:33:40 - [TEST_STEP][PASSED] - println(TotalHarga): null

2023-10-05 11:33:40 - [TEST_STEP][PASSED] - assert totall == TotalHarga: null

2023-10-05 11:33:40 - [TEST_STEP][PASSED] - click(findTestObject("verifikasi/Metode Transfer")): Object: 'Object Repository/verifikasi/Metode Transfer' is clicked on

2023-10-05 11:33:40 - [MESSAGE][PASSED] - Object: 'Object Repository/verifikasi/Metode Transfer' is clicked on

2023-10-05 11:33:40 - [TEST_STEP][PASSED] - click(findTestObject("checkout/button_Proses Pembayaran")): Object: 'Object Repository/checkout/button_Proses Pembayaran' is clicked on

2023-10-05 11:33:50 - [MESSAGE][PASSED] - Object: 'Object Repository/checkout/button_Proses Pembayaran' is clicked on

2023-10-05 11:33:50 - [TEST_STEP][PASSED] - verifyElementPresent(findTestObject("pembayaran/Tittle nomor invoice"), 0): Object 'Object Repository/pembayaran/Tittle nomor invoice' is present

2023-10-05 11:33:50 - [MESSAGE][WARNING] - Timeout '0' is invalid. Using default page load timeout: '30'

2023-10-05 11:33:51 - [MESSAGE][PASSED] - Object 'Object Repository/pembayaran/Tittle nomor invoice' is present

2023-10-05 11:33:51 - [TEST_STEP][PASSED] - return data: null

2023-10-05 11:33:51 - [MESSAGE][PASSED] - Call Test Case 'Test Cases/T13 Pembelian, Shipment dan Pembayaran/PBL-004' successfully

2023-10-05 11:33:51 - [TEST_STEP][PASSED] - Invoice = getText(findTestObject("pembayaran/nomor invoice")): Text of object 'Object Repository/pembayaran/nomor invoice' is: 'TRX60.20231005113344'

2023-10-05 11:33:51 - [MESSAGE][PASSED] - Text of object 'Object Repository/pembayaran/nomor invoice' is: 'TRX60.20231005113344'

2023-10-05 11:33:51 - [TEST_STEP][PASSED] - data.put("invoice", Invoice): null

2023-10-05 11:33:51 - [TEST_STEP][PASSED] - NamaPemesan = getText(findTestObject("Konfirmasi pesanan shop/Nama pemesan")): Text of object 'Object Repository/Konfirmasi pesanan shop/Nama pemesan' is: 'irfan.afandi'

2023-10-05 11:33:52 - [MESSAGE][PASSED] - Text of object 'Object Repository/Konfirmasi pesanan shop/Nama pemesan' is: 'irfan.afandi'

2023-10-05 11:33:52 - [TEST_STEP][PASSED] - Nama = getText(findTestObject("pembayaran/Nama barang")): Text of object 'Object Repository/pembayaran/Nama barang' is: 'Segitiga Instan Madeira - MDB5.3 Sunset'

2023-10-05 11:33:53 - [MESSAGE][PASSED] - Text of object 'Object Repository/pembayaran/Nama barang' is: 'Segitiga Instan Madeira - MDB5.3 Sunset'

2023-10-05 11:33:53 - [TEST_STEP][PASSED] - Harga = getText(findTestObject("pembayaran/Harga barang")): Text of object 'Object Repository/pembayaran/Harga barang' is: '1,299'

2023-10-05 11:33:53 - [MESSAGE][PASSED] - Text of object 'Object Repository/pembayaran/Harga barang' is: '1,299'

2023-10-05 11:33:53 - [TEST_STEP][PASSED] - name_product = data.get("nama_barang"): null

2023-10-05 11:33:53 - [TEST_STEP][PASSED] - price_product = data.get("price_barang"): null

2023-10-05 11:33:53 - [TEST_STEP][PASSED] - assert name_product.contains(Nama): null

2023-10-05 11:33:53 - [TEST_STEP][PASSED] - assert price_product.contains(Harga): null

2023-10-05 11:33:53 - [TEST_STEP][PASSED] - warnaa = getText(findTestObject("pembayaran/warna")): Text of object 'Object Repository/pembayaran/warna' is: 'Merah'

2023-10-05 11:33:53 - [MESSAGE][PASSED] - Text of object 'Object Repository/pembayaran/warna' is: 'Merah'

2023-10-05 11:33:53 - [TEST_STEP][PASSED] - ukurann = getText(findTestObject("pembayaran/ukuran")): Text of object 'Object Repository/pembayaran/ukuran' is: 'Menengah'

2023-10-05 11:33:54 - [MESSAGE][PASSED] - Text of object 'Object Repository/pembayaran/ukuran' is: 'Menengah'

2023-10-05 11:33:54 - [TEST_STEP][PASSED] - warna1 = data.get("Warna"): null

2023-10-05 11:33:54 - [TEST_STEP][PASSED] - ukuran1 = data.get("Ukuran"): null

2023-10-05 11:33:54 - [TEST_STEP][PASSED] - assert warnaa == warna1: null

2023-10-05 11:33:54 - [TEST_STEP][PASSED] - assert ukurann == ukuran1: null

2023-10-05 11:33:54 - [TEST_STEP][PASSED] - statusPembelian = getText(findTestObject("verifikasi/Status pending di pembelian")): Text of object 'Object Repository/verifikasi/Status pending di pembelian' is: 'Pending'

2023-10-05 11:33:54 - [MESSAGE][PASSED] - Text of object 'Object Repository/verifikasi/Status pending di pembelian' is: 'Pending'

2023-10-05 11:33:54 - [TEST_STEP][PASSED] - data.put("statusPem", statusPembelian): null

2023-10-05 11:33:54 - [TEST_STEP][PASSED] - OngkosKirim = getText(findTestObject("pembayaran/ongkos kirim")): Text of object 'Object Repository/pembayaran/ongkos kirim' is: 'Rp 5,000'

2023-10-05 11:33:55 - [MESSAGE][PASSED] - Text of object 'Object Repository/pembayaran/ongkos kirim' is: 'Rp 5,000'

2023-10-05 11:33:55 - [TEST_STEP][PASSED] - Ongkos = OngkosKirim.substring(3, OngkosKirim.size()): null

2023-10-05 11:33:55 - [TEST_STEP][PASSED] - rep = Ongkos.replace(",", ""): null

2023-10-05 11:33:55 - [TEST_STEP][PASSED] - Ongkos_kirimm = Integer.parseInt(rep): null

2023-10-05 11:33:55 - [TEST_STEP][PASSED] - println(Ongkos_kirimm): null

2023-10-05 11:33:55 - [TEST_STEP][PASSED] - FeeAdmin = getText(findTestObject("pembayaran/fee admin")): Text of object 'Object Repository/pembayaran/fee admin' is: 'Rp 1,500'

2023-10-05 11:33:56 - [MESSAGE][PASSED] - Text of object 'Object Repository/pembayaran/fee admin' is: 'Rp 1,500'

2023-10-05 11:33:56 - [TEST_STEP][PASSED] - Fee_Admin = FeeAdmin.substring(3, FeeAdmin.size()): null

2023-10-05 11:33:56 - [TEST_STEP][PASSED] - fee = Fee_Admin.replace(",", ""): null

2023-10-05 11:33:56 - [TEST_STEP][PASSED] - fee_adminn = Integer.parseInt(fee): null

2023-10-05 11:33:56 - [TEST_STEP][PASSED] - println(fee_adminn): null

2023-10-05 11:33:56 - [TEST_STEP][PASSED] - Subtotal = getText(findTestObject("pembayaran/subtotal")): Text of object 'Object Repository/pembayaran/subtotal' is: 'Rp 1,299'

2023-10-05 11:33:56 - [MESSAGE][PASSED] - Text of object 'Object Repository/pembayaran/subtotal' is: 'Rp 1,299'

2023-10-05 11:33:56 - [TEST_STEP][PASSED] - sub_total = Subtotal.substring(3, Subtotal.size()): null

2023-10-05 11:33:56 - [TEST_STEP][PASSED] - sub = sub_total.replace(",", ""): null

2023-10-05 11:33:56 - [TEST_STEP][PASSED] - sub_totall = Integer.parseInt(sub): null

2023-10-05 11:33:56 - [TEST_STEP][PASSED] - println(sub_totall): null

2023-10-05 11:33:56 - [TEST_STEP][PASSED] - unik = getText(findTestObject("pembayaran/kode unik")): Text of object 'Object Repository/pembayaran/kode unik' is: '+344'

2023-10-05 11:33:57 - [MESSAGE][PASSED] - Text of object 'Object Repository/pembayaran/kode unik' is: '+344'

2023-10-05 11:33:57 - [TEST_STEP][PASSED] - unikk = unik.replace("+", ""): null

2023-10-05 11:33:57 - [TEST_STEP][PASSED] - kode_unik = Integer.parseInt(unikk): null

2023-10-05 11:33:57 - [TEST_STEP][PASSED] - println(kode_unik): null

2023-10-05 11:33:57 - [TEST_STEP][PASSED] - Total = getText(findTestObject("pembayaran/total")): Text of object 'Object Repository/pembayaran/total' is: '8,143'

2023-10-05 11:33:57 - [MESSAGE][PASSED] - Text of object 'Object Repository/pembayaran/total' is: '8,143'

2023-10-05 11:33:57 - [TEST_STEP][PASSED] - total = Total.replace(",", ""): null

2023-10-05 11:33:57 - [TEST_STEP][PASSED] - totalll = Integer.parseInt(total): null

2023-10-05 11:33:57 - [TEST_STEP][PASSED] - println(totalll): null

2023-10-05 11:33:57 - [TEST_STEP][PASSED] - Total_Hargaa = Ongkos_kirimm + fee_adminn + sub_totall + kode_unik: null

2023-10-05 11:33:57 - [TEST_STEP][PASSED] - println(Total_Hargaa): null

2023-10-05 11:33:57 - [TEST_STEP][PASSED] - assert totalll == Total_Hargaa: null

2023-10-05 11:33:57 - [TEST_STEP][PASSED] - data.put("total", Total): null

2023-10-05 11:33:57 - [TEST_STEP][PASSED] - data.put("nama", NamaPemesan): null

2023-10-05 11:33:57 - [TEST_STEP][PASSED] - return data: null

2023-10-05 11:33:57 - [MESSAGE][PASSED] - Call Test Case 'Test Cases/T13 Pembelian, Shipment dan Pembayaran/PBY-001' successfully

2023-10-05 11:33:57 - [TEST_STEP][PASSED] - inv = data.get("invoice"): null

2023-10-05 11:33:57 - [TEST_STEP][PASSED] - Total = data.get("total"): null

2023-10-05 11:33:57 - [TEST_STEP][PASSED] - NamaPemesan = data.get("nama"): null

2023-10-05 11:33:57 - [TEST_STEP][PASSED] - click(findTestObject("Konfirmasi pesanan shop/Menu Shop")): Object: 'Object Repository/Konfirmasi pesanan shop/Menu Shop' is clicked on

2023-10-05 11:33:59 - [MESSAGE][PASSED] - Object: 'Object Repository/Konfirmasi pesanan shop/Menu Shop' is clicked on

2023-10-05 11:33:59 - [TEST_STEP][PASSED] - click(findTestObject("Konfirmasi pesanan shop/Menu Shop")): Object: 'Object Repository/Konfirmasi pesanan shop/Menu Shop' is clicked on

2023-10-05 11:33:59 - [MESSAGE][PASSED] - Object: 'Object Repository/Konfirmasi pesanan shop/Menu Shop' is clicked on

2023-10-05 11:33:59 - [TEST_STEP][PASSED] - click(findTestObject("Konfirmasi pesanan shop/Konfirmasi Orders")): Object: 'Object Repository/Konfirmasi pesanan shop/Konfirmasi Orders' is clicked on

2023-10-05 11:34:00 - [MESSAGE][PASSED] - Object: 'Object Repository/Konfirmasi pesanan shop/Konfirmasi Orders' is clicked on

2023-10-05 11:34:00 - [TEST_STEP][PASSED] - verifyElementPresent(findTestObject("Konfirmasi pesanan shop/Tittle Konfirmasi Pesanan"), 0): Object 'Object Repository/Konfirmasi pesanan shop/Tittle Konfirmasi Pesanan' is present

2023-10-05 11:34:01 - [MESSAGE][WARNING] - Timeout '0' is invalid. Using default page load timeout: '30'

2023-10-05 11:34:01 - [MESSAGE][PASSED] - Object 'Object Repository/Konfirmasi pesanan shop/Tittle Konfirmasi Pesanan' is present

2023-10-05 11:34:01 - [TEST_STEP][PASSED] - setText(findTestObject("Konfirmasi pesanan shop/input_No Pesanan"), inv): Text 'TRX60.20231005113344' is set on object 'Object Repository/Konfirmasi pesanan shop/input_No Pesanan'

2023-10-05 11:34:02 - [MESSAGE][PASSED] - Text 'TRX60.20231005113344' is set on object 'Object Repository/Konfirmasi pesanan shop/input_No Pesanan'

2023-10-05 11:34:02 - [TEST_STEP][PASSED] - setText(findTestObject("Konfirmasi pesanan shop/input_Alamat E-mai"), "irfan@gmail.com"): Text 'irfan@gmail.com' is set on object 'Object Repository/Konfirmasi pesanan shop/input_Alamat E-mai'

2023-10-05 11:34:03 - [MESSAGE][PASSED] - Text 'irfan@gmail.com' is set on object 'Object Repository/Konfirmasi pesanan shop/input_Alamat E-mai'

2023-10-05 11:34:03 - [TEST_STEP][PASSED] - click(findTestObject("Konfirmasi pesanan shop/button_Submit")): Object: 'Object Repository/Konfirmasi pesanan shop/button_Submit' is clicked on

2023-10-05 11:34:04 - [MESSAGE][PASSED] - Object: 'Object Repository/Konfirmasi pesanan shop/button_Submit' is clicked on

2023-10-05 11:34:04 - [TEST_STEP][PASSED] - verifyElementPresent(findTestObject("Konfirmasi pesanan shop/Tittle nomor invoice"), 0): Object 'Object Repository/Konfirmasi pesanan shop/Tittle nomor invoice' is present

2023-10-05 11:34:04 - [MESSAGE][WARNING] - Timeout '0' is invalid. Using default page load timeout: '30'

2023-10-05 11:34:05 - [MESSAGE][PASSED] - Object 'Object Repository/Konfirmasi pesanan shop/Tittle nomor invoice' is present

2023-10-05 11:34:05 - [TEST_STEP][PASSED] - setText(findTestObject("Konfirmasi pesanan shop/input_Total TagihanTransfer_b"), Total): Text '8,143' is set on object 'Object Repository/Konfirmasi pesanan shop/input_Total TagihanTransfer_b'

2023-10-05 11:34:06 - [MESSAGE][PASSED] - Text '8,143' is set on object 'Object Repository/Konfirmasi pesanan shop/input_Total TagihanTransfer_b'

2023-10-05 11:34:06 - [TEST_STEP][PASSED] - selectOptionByValue(findTestObject("Konfirmasi pesanan shop/select_Bank"), "4", false): All options with value '4' are selected in object 'Object Repository/Konfirmasi pesanan shop/select_Bank' 

2023-10-05 11:34:07 - [MESSAGE][PASSED] - All options with value '4' are selected in object 'Object Repository/Konfirmasi pesanan shop/select_Bank' 

2023-10-05 11:34:07 - [TEST_STEP][PASSED] - setText(findTestObject("Konfirmasi pesanan shop/input_Nama Pengirim_d"), NamaPemesan): Text 'irfan.afandi' is set on object 'Object Repository/Konfirmasi pesanan shop/input_Nama Pengirim_d'

2023-10-05 11:34:08 - [MESSAGE][PASSED] - Text 'irfan.afandi' is set on object 'Object Repository/Konfirmasi pesanan shop/input_Nama Pengirim_d'

2023-10-05 11:34:08 - [TEST_STEP][PASSED] - uploadFile(findTestObject("keranjang/konfirmasi/input_Upload Bukti Transfer_f"), "C:\Users\IRFAN\Downloads\Berkas2.pdf"): File 'C:\Users\IRFAN\Downloads\Berkas2.pdf' sent to object: 'Object Repository/keranjang/konfirmasi/input_Upload Bukti Transfer_f'

2023-10-05 11:34:08 - [MESSAGE][PASSED] - File 'C:\Users\IRFAN\Downloads\Berkas2.pdf' sent to object: 'Object Repository/keranjang/konfirmasi/input_Upload Bukti Transfer_f'

2023-10-05 11:34:08 - [TEST_STEP][PASSED] - click(findTestObject("Konfirmasi pesanan shop/button_Konfirmasi Pembayaran")): Object: 'Object Repository/Konfirmasi pesanan shop/button_Konfirmasi Pembayaran' is clicked on

2023-10-05 11:34:10 - [MESSAGE][PASSED] - Object: 'Object Repository/Konfirmasi pesanan shop/button_Konfirmasi Pembayaran' is clicked on

2023-10-05 11:34:10 - [TEST_STEP][PASSED] - verifyElementPresent(findTestObject("Konfirmasi pesanan shop/Tittle Konfirmasi Pesanan"), 0): Object 'Object Repository/Konfirmasi pesanan shop/Tittle Konfirmasi Pesanan' is present

2023-10-05 11:34:10 - [MESSAGE][WARNING] - Timeout '0' is invalid. Using default page load timeout: '30'

2023-10-05 11:34:10 - [MESSAGE][PASSED] - Object 'Object Repository/Konfirmasi pesanan shop/Tittle Konfirmasi Pesanan' is present

2023-10-05 11:34:10 - [TEST_STEP][PASSED] - verifyElementPresent(findTestObject("Konfirmasi pesanan shop/Tittle massage succes Konfirmasi Pembayaran Pesanan"), 0): Object 'Object Repository/Konfirmasi pesanan shop/Tittle massage succes Konfirmasi Pembayaran Pesanan' is present

2023-10-05 11:34:10 - [MESSAGE][WARNING] - Timeout '0' is invalid. Using default page load timeout: '30'

2023-10-05 11:34:11 - [MESSAGE][PASSED] - Object 'Object Repository/Konfirmasi pesanan shop/Tittle massage succes Konfirmasi Pembayaran Pesanan' is present

2023-10-05 11:34:11 - [TEST_STEP][PASSED] - return data: null

2023-10-05 11:34:11 - [MESSAGE][PASSED] - Call Test Case 'Test Cases/T13 Pembelian, Shipment dan Pembayaran/PBY-004' successfully

2023-10-05 11:34:11 - [TEST_STEP][PASSED] - navigateToUrl("https://10.9.2.63/ecommerce/administrator/"): Navigate to 'https://10.9.2.63/ecommerce/administrator/' successfully

2023-10-05 11:34:12 - [MESSAGE][PASSED] - Navigate to 'https://10.9.2.63/ecommerce/administrator/' successfully

2023-10-05 11:34:12 - [TEST_STEP][PASSED] - verifyElementPresent(findTestObject("admin/Tittle ADMIN Login"), 0): Object 'Object Repository/admin/Tittle ADMIN Login' is present

2023-10-05 11:34:12 - [MESSAGE][WARNING] - Timeout '0' is invalid. Using default page load timeout: '30'

2023-10-05 11:34:12 - [MESSAGE][PASSED] - Object 'Object Repository/admin/Tittle ADMIN Login' is present

2023-10-05 11:34:12 - [TEST_STEP][PASSED] - setText(findTestObject("admin/Username"), "admin"): Text 'admin' is set on object 'Object Repository/admin/Username'

2023-10-05 11:34:13 - [MESSAGE][PASSED] - Text 'admin' is set on object 'Object Repository/admin/Username'

2023-10-05 11:34:13 - [TEST_STEP][PASSED] - setText(findTestObject("admin/Password"), "123admin123"): Text '123admin123' is set on object 'Object Repository/admin/Password'

2023-10-05 11:34:14 - [MESSAGE][PASSED] - Text '123admin123' is set on object 'Object Repository/admin/Password'

2023-10-05 11:34:14 - [TEST_STEP][PASSED] - click(findTestObject("admin/Remember Me")): Object: 'Object Repository/admin/Remember Me' is clicked on

2023-10-05 11:34:14 - [MESSAGE][PASSED] - Object: 'Object Repository/admin/Remember Me' is clicked on

2023-10-05 11:34:14 - [TEST_STEP][PASSED] - delay(10): Delayed 10 second(s)

2023-10-05 11:34:24 - [MESSAGE][PASSED] - Delayed 10 second(s)

2023-10-05 11:34:24 - [TEST_STEP][PASSED] - click(findTestObject("admin/buttom submit")): Object: 'Object Repository/admin/buttom submit' is clicked on

2023-10-05 11:34:26 - [MESSAGE][PASSED] - Object: 'Object Repository/admin/buttom submit' is clicked on

2023-10-05 11:34:26 - [TEST_STEP][PASSED] - verifyElementPresent(findTestObject("admin/Konf order konsumen/Tittle Dashboard"), 0): Object 'Object Repository/admin/Konf order konsumen/Tittle Dashboard' is present

2023-10-05 11:34:26 - [MESSAGE][WARNING] - Timeout '0' is invalid. Using default page load timeout: '30'

2023-10-05 11:34:26 - [MESSAGE][PASSED] - Object 'Object Repository/admin/Konf order konsumen/Tittle Dashboard' is present

2023-10-05 11:34:26 - [TEST_STEP][PASSED] - click(findTestObject("admin/Konf order konsumen/Menu Transaksi Market")): Object: 'Object Repository/admin/Konf order konsumen/Menu Transaksi Market' is clicked on

2023-10-05 11:34:27 - [MESSAGE][PASSED] - Object: 'Object Repository/admin/Konf order konsumen/Menu Transaksi Market' is clicked on

2023-10-05 11:34:27 - [TEST_STEP][PASSED] - click(findTestObject("admin/Konf order konsumen/Menu Konf. Order Konsumen")): Object: 'Object Repository/admin/Konf order konsumen/Menu Konf. Order Konsumen' is clicked on

2023-10-05 11:34:28 - [MESSAGE][PASSED] - Object: 'Object Repository/admin/Konf order konsumen/Menu Konf. Order Konsumen' is clicked on

2023-10-05 11:34:28 - [TEST_STEP][PASSED] - verifyElementPresent(findTestObject("admin/Konf order konsumen/Tittle Data Konfirmasi Pembayaran Konsumen"), 0): Object 'Object Repository/admin/Konf order konsumen/Tittle Data Konfirmasi Pembayaran Konsumen' is present

2023-10-05 11:34:28 - [MESSAGE][WARNING] - Timeout '0' is invalid. Using default page load timeout: '30'

2023-10-05 11:34:29 - [MESSAGE][PASSED] - Object 'Object Repository/admin/Konf order konsumen/Tittle Data Konfirmasi Pembayaran Konsumen' is present

2023-10-05 11:34:29 - [TEST_STEP][PASSED] - inv = data.get("invoice"): null

2023-10-05 11:34:29 - [TEST_STEP][PASSED] - setText(findTestObject("admin/Konf order konsumen/Search"), inv): Text 'TRX60.20231005113344' is set on object 'Object Repository/admin/Konf order konsumen/Search'

2023-10-05 11:34:30 - [MESSAGE][PASSED] - Text 'TRX60.20231005113344' is set on object 'Object Repository/admin/Konf order konsumen/Search'

2023-10-05 11:34:30 - [TEST_STEP][PASSED] - verifyElementText(findTestObject("admin/Konf order konsumen/Keterangan Lunas"), "Lunas"): Actual text and expected text of test object 'Object Repository/admin/Konf order konsumen/Keterangan Lunas' are matched.

2023-10-05 11:34:30 - [MESSAGE][PASSED] - Actual text and expected text of test object 'Object Repository/admin/Konf order konsumen/Keterangan Lunas' are matched.

2023-10-05 11:34:30 - [TEST_STEP][PASSED] - return data: null

2023-10-05 11:34:30 - [MESSAGE][PASSED] - Call Test Case 'Test Cases/T13 Pembelian, Shipment dan Pembayaran/PBYA-001' successfully

2023-10-05 11:34:30 - [TEST_STEP][PASSED] - click(findTestObject("admin/Penjualan ke konsumen/buttom Dashboard")): Object: 'Object Repository/admin/Penjualan ke konsumen/buttom Dashboard' is clicked on

2023-10-05 11:34:31 - [MESSAGE][PASSED] - Object: 'Object Repository/admin/Penjualan ke konsumen/buttom Dashboard' is clicked on

2023-10-05 11:34:31 - [TEST_STEP][PASSED] - click(findTestObject("admin/Konf order konsumen/Menu Transaksi Market")): Object: 'Object Repository/admin/Konf order konsumen/Menu Transaksi Market' is clicked on

2023-10-05 11:34:32 - [MESSAGE][PASSED] - Object: 'Object Repository/admin/Konf order konsumen/Menu Transaksi Market' is clicked on

2023-10-05 11:34:32 - [TEST_STEP][PASSED] - click(findTestObject("admin/Penjualan ke konsumen/a_Penjualan ke Konsumen")): Object: 'Object Repository/admin/Penjualan ke konsumen/a_Penjualan ke Konsumen' is clicked on

2023-10-05 11:34:35 - [MESSAGE][PASSED] - Object: 'Object Repository/admin/Penjualan ke konsumen/a_Penjualan ke Konsumen' is clicked on

2023-10-05 11:34:35 - [TEST_STEP][PASSED] - verifyElementPresent(findTestObject("admin/Tittle Data Transaksi Penjualan  Orderan Konsumen"), 0): Object 'Object Repository/admin/Tittle Data Transaksi Penjualan  Orderan Konsumen' is present

2023-10-05 11:34:35 - [MESSAGE][WARNING] - Timeout '0' is invalid. Using default page load timeout: '30'

2023-10-05 11:34:35 - [MESSAGE][PASSED] - Object 'Object Repository/admin/Tittle Data Transaksi Penjualan  Orderan Konsumen' is present

2023-10-05 11:34:35 - [TEST_STEP][PASSED] - return data: null

2023-10-05 11:34:35 - [MESSAGE][PASSED] - Call Test Case 'Test Cases/T13 Pembelian, Shipment dan Pembayaran/SA-001' successfully

2023-10-05 11:34:35 - [TEST_STEP][PASSED] - inv = data.get("invoice"): null

2023-10-05 11:34:35 - [TEST_STEP][PASSED] - setText(findTestObject("admin/Penjualan ke konsumen/Search"), inv): Text 'TRX60.20231005113344' is set on object 'Object Repository/admin/Penjualan ke konsumen/Search'

2023-10-05 11:34:36 - [MESSAGE][PASSED] - Text 'TRX60.20231005113344' is set on object 'Object Repository/admin/Penjualan ke konsumen/Search'

2023-10-05 11:34:36 - [TEST_STEP][PASSED] - click(findTestObject("admin/Penjualan ke konsumen/buttom konfirmasi pending payment")): Object: 'Object Repository/admin/Penjualan ke konsumen/buttom konfirmasi pending payment' is clicked on

2023-10-05 11:34:37 - [MESSAGE][PASSED] - Object: 'Object Repository/admin/Penjualan ke konsumen/buttom konfirmasi pending payment' is clicked on

2023-10-05 11:34:37 - [TEST_STEP][PASSED] - acceptAlert(STOP_ON_FAILURE): Alert accepted

2023-10-05 11:34:37 - [MESSAGE][PASSED] - Alert accepted

2023-10-05 11:34:37 - [TEST_STEP][PASSED] - setText(findTestObject("admin/Penjualan ke konsumen/Search"), inv): Text 'TRX60.20231005113344' is set on object 'Object Repository/admin/Penjualan ke konsumen/Search'

2023-10-05 11:34:47 - [MESSAGE][PASSED] - Text 'TRX60.20231005113344' is set on object 'Object Repository/admin/Penjualan ke konsumen/Search'

2023-10-05 11:34:47 - [TEST_STEP][PASSED] - verifyTextNotPresent("pending payment", false): Text 'pending payment' is not present on page

2023-10-05 11:34:47 - [MESSAGE][PASSED] - Text 'pending payment' is not present on page

2023-10-05 11:34:47 - [TEST_STEP][PASSED] - return data: null

2023-10-05 11:34:47 - [MESSAGE][PASSED] - Call Test Case 'Test Cases/T13 Pembelian, Shipment dan Pembayaran/SA-002' successfully

2023-10-05 11:34:47 - [TEST_STEP][PASSED] - click(findTestObject("admin/Penjualan ke konsumen/buttom scroldown")): Object: 'Object Repository/admin/Penjualan ke konsumen/buttom scroldown' is clicked on

2023-10-05 11:34:48 - [MESSAGE][PASSED] - Object: 'Object Repository/admin/Penjualan ke konsumen/buttom scroldown' is clicked on

2023-10-05 11:34:48 - [TEST_STEP][PASSED] - click(findTestObject("admin/Penjualan ke konsumen/Selesai")): Object: 'Object Repository/admin/Penjualan ke konsumen/Selesai' is clicked on

2023-10-05 11:34:48 - [MESSAGE][PASSED] - Object: 'Object Repository/admin/Penjualan ke konsumen/Selesai' is clicked on

2023-10-05 11:34:48 - [TEST_STEP][PASSED] - acceptAlert(): Alert accepted

2023-10-05 11:34:48 - [MESSAGE][PASSED] - Alert accepted

2023-10-05 11:34:48 - [TEST_STEP][PASSED] - inv = data.get("invoice"): null

2023-10-05 11:34:48 - [TEST_STEP][PASSED] - setText(findTestObject("admin/Penjualan ke konsumen/Search"), inv): Text 'TRX60.20231005113344' is set on object 'Object Repository/admin/Penjualan ke konsumen/Search'

2023-10-05 11:34:53 - [MESSAGE][PASSED] - Text 'TRX60.20231005113344' is set on object 'Object Repository/admin/Penjualan ke konsumen/Search'

2023-10-05 11:34:53 - [TEST_STEP][PASSED] - delay(10): Delayed 10 second(s)

2023-10-05 11:35:03 - [MESSAGE][PASSED] - Delayed 10 second(s)

2023-10-05 11:35:03 - [TEST_STEP][PASSED] - verifyTextPresent("Selesai", false): Text 'Selesai' is present on page 

2023-10-05 11:35:03 - [MESSAGE][PASSED] - Text 'Selesai' is present on page 

2023-10-05 11:35:03 - [TEST_STEP][PASSED] - selesaiAdmin = getText(findTestObject("admin/Selesai")): Text of object 'Object Repository/admin/Selesai' is: 'Selesai'

2023-10-05 11:35:03 - [MESSAGE][PASSED] - Text of object 'Object Repository/admin/Selesai' is: 'Selesai'

2023-10-05 11:35:03 - [TEST_STEP][PASSED] - data.put("statusSelesai", selesaiAdmin): null

2023-10-05 11:35:03 - [TEST_STEP][PASSED] - return data: null

2023-10-05 11:35:03 - [MESSAGE][PASSED] - Call Test Case 'Test Cases/T13 Pembelian, Shipment dan Pembayaran/SA-005' successfully

2023-10-05 11:35:03 - [TEST_STEP][PASSED] - openBrowser("https://10.9.2.63/ecommerce/"): Browser is opened with url: 'https://10.9.2.63/ecommerce/'

2023-10-05 11:35:03 - [MESSAGE][WARNING] - A browser is already opened. Closing browser and opening a new one

2023-10-05 11:35:04 - [MESSAGE][INFO] - Starting 'Edge Chromium' driver

2023-10-05 11:35:04 - [MESSAGE][INFO] - User set preference: ['acceptInsecureCerts', 'true']

2023-10-05 11:35:06 - [MESSAGE][INFO] - Action delay is set to 0 milliseconds

2023-10-05 11:35:10 - [MESSAGE][PASSED] - Browser is opened with url: 'https://10.9.2.63/ecommerce/'

2023-10-05 11:35:10 - [TEST_STEP][PASSED] - maximizeWindow(): Current window maximized

2023-10-05 11:35:10 - [MESSAGE][PASSED] - Current window maximized

2023-10-05 11:35:10 - [TEST_STEP][PASSED] - verifyElementPresent(findTestObject("Login/Home"), 0): Object 'Object Repository/Login/Home' is present

2023-10-05 11:35:10 - [MESSAGE][WARNING] - Timeout '0' is invalid. Using default page load timeout: '30'

2023-10-05 11:35:11 - [MESSAGE][PASSED] - Object 'Object Repository/Login/Home' is present

2023-10-05 11:35:11 - [TEST_STEP][PASSED] - click(findTestObject("Login/a_Login")): Object: 'Object Repository/Login/a_Login' is clicked on

2023-10-05 11:35:12 - [MESSAGE][PASSED] - Object: 'Object Repository/Login/a_Login' is clicked on

2023-10-05 11:35:12 - [TEST_STEP][PASSED] - verifyElementPresent(findTestObject("Login/Tittle Login"), 0): Object 'Object Repository/Login/Tittle Login' is present

2023-10-05 11:35:12 - [MESSAGE][WARNING] - Timeout '0' is invalid. Using default page load timeout: '30'

2023-10-05 11:35:12 - [MESSAGE][PASSED] - Object 'Object Repository/Login/Tittle Login' is present

2023-10-05 11:35:12 - [TEST_STEP][PASSED] - setText(findTestObject("Login/input_Username, Email atau No. Handphone_a"), "irfanafandi"): Text 'irfanafandi' is set on object 'Object Repository/Login/input_Username, Email atau No. Handphone_a'

2023-10-05 11:35:13 - [MESSAGE][PASSED] - Text 'irfanafandi' is set on object 'Object Repository/Login/input_Username, Email atau No. Handphone_a'

2023-10-05 11:35:13 - [TEST_STEP][PASSED] - setText(findTestObject("Login/input_Password_b"), "12345irfan"): Text '12345irfan' is set on object 'Object Repository/Login/input_Password_b'

2023-10-05 11:35:14 - [MESSAGE][PASSED] - Text '12345irfan' is set on object 'Object Repository/Login/input_Password_b'

2023-10-05 11:35:14 - [TEST_STEP][PASSED] - click(findTestObject("Login/button_Masuk")): Object: 'Object Repository/Login/button_Masuk' is clicked on

2023-10-05 11:35:15 - [MESSAGE][PASSED] - Object: 'Object Repository/Login/button_Masuk' is clicked on

2023-10-05 11:35:15 - [TEST_STEP][PASSED] - verifyElementPresent(findTestObject("Login/li_Profile"), 0): Object 'Object Repository/Login/li_Profile' is present

2023-10-05 11:35:15 - [MESSAGE][WARNING] - Timeout '0' is invalid. Using default page load timeout: '30'

2023-10-05 11:35:16 - [MESSAGE][PASSED] - Object 'Object Repository/Login/li_Profile' is present

2023-10-05 11:35:16 - [TEST_STEP][PASSED] - click(findTestObject("Konfirmasi pesanan shop/Menu Shop")): Object: 'Object Repository/Konfirmasi pesanan shop/Menu Shop' is clicked on

2023-10-05 11:35:18 - [MESSAGE][PASSED] - Object: 'Object Repository/Konfirmasi pesanan shop/Menu Shop' is clicked on

2023-10-05 11:35:18 - [TEST_STEP][PASSED] - click(findTestObject("Konfirmasi pesanan shop/Menu Shop")): Object: 'Object Repository/Konfirmasi pesanan shop/Menu Shop' is clicked on

2023-10-05 11:35:18 - [MESSAGE][PASSED] - Object: 'Object Repository/Konfirmasi pesanan shop/Menu Shop' is clicked on

2023-10-05 11:35:18 - [TEST_STEP][PASSED] - click(findTestObject("Traking Order/a_Tracking Orders")): Object: 'Object Repository/Traking Order/a_Tracking Orders' is clicked on

2023-10-05 11:35:19 - [MESSAGE][PASSED] - Object: 'Object Repository/Traking Order/a_Tracking Orders' is clicked on

2023-10-05 11:35:19 - [TEST_STEP][PASSED] - verifyElementPresent(findTestObject("Traking Order/Tittle Tracking Order"), 0): Object 'Object Repository/Traking Order/Tittle Tracking Order' is present

2023-10-05 11:35:20 - [MESSAGE][WARNING] - Timeout '0' is invalid. Using default page load timeout: '30'

2023-10-05 11:35:20 - [MESSAGE][PASSED] - Object 'Object Repository/Traking Order/Tittle Tracking Order' is present

2023-10-05 11:35:20 - [TEST_STEP][PASSED] - inv = data.get("invoice"): null

2023-10-05 11:35:20 - [TEST_STEP][PASSED] - clearText(findTestObject("Traking Order/input_No Pesanan_a"), STOP_ON_FAILURE): Text of object 'Object Repository/Traking Order/input_No Pesanan_a' is cleared

2023-10-05 11:35:21 - [MESSAGE][PASSED] - Text of object 'Object Repository/Traking Order/input_No Pesanan_a' is cleared

2023-10-05 11:35:21 - [TEST_STEP][PASSED] - clearText(findTestObject("Traking Order/input_Alamat E-mail_form-control"), STOP_ON_FAILURE): Text of object 'Object Repository/Traking Order/input_Alamat E-mail_form-control' is cleared

2023-10-05 11:35:21 - [MESSAGE][PASSED] - Text of object 'Object Repository/Traking Order/input_Alamat E-mail_form-control' is cleared

2023-10-05 11:35:21 - [TEST_STEP][PASSED] - click(findTestObject("Traking Order/button_Lacak Pesanan")): Object: 'Object Repository/Traking Order/button_Lacak Pesanan' is clicked on

2023-10-05 11:35:22 - [MESSAGE][PASSED] - Object: 'Object Repository/Traking Order/button_Lacak Pesanan' is clicked on

2023-10-05 11:35:22 - [TEST_STEP][PASSED] - webDriver = getWebDriver(): null

2023-10-05 11:35:22 - [TEST_STEP][PASSED] - field_tracking = webDriver.findElement(By.xpath("(//input[@name="a"])[3]")): null

2023-10-05 11:35:22 - [TEST_STEP][PASSED] - error_message = webDriver.executeScript("return arguments[0].validationMessage", field_tracking): null

2023-10-05 11:35:22 - [TEST_STEP][PASSED] - println(error_message): null

2023-10-05 11:35:22 - [TEST_STEP][PASSED] - assert error_message == "Please fill out this field.": null]]></system-out>
         <system-err><![CDATA[]]></system-err>
      </testcase>
      <testcase name="Test Cases/T13 Pembelian, Shipment dan Pembayaran/SU-007" time="143.106" classname="Test Cases/T13 Pembelian, Shipment dan Pembayaran/SU-007" status="FAILED">
         <failure type="FAILED" message="Test Cases/T13 Pembelian, Shipment dan Pembayaran/SU-007 FAILED.
Reason:
com.kms.katalon.core.exception.StepFailedException: Unable to verify text 'Email not valid' is present 
	at com.kms.katalon.core.webui.keyword.internal.WebUIKeywordMain.stepFailed(WebUIKeywordMain.groovy:64)
	at com.kms.katalon.core.webui.keyword.internal.WebUIKeywordMain.runKeyword(WebUIKeywordMain.groovy:26)
	at com.kms.katalon.core.webui.keyword.builtin.VerifyTextPresentKeyword.verifyTextPresent(VerifyTextPresentKeyword.groovy:83)
	at com.kms.katalon.core.webui.keyword.builtin.VerifyTextPresentKeyword.execute(VerifyTextPresentKeyword.groovy:68)
	at com.kms.katalon.core.keyword.internal.KeywordExecutor.executeKeywordForPlatform(KeywordExecutor.groovy:74)
	at com.kms.katalon.core.webui.keyword.WebUiBuiltInKeywords.verifyTextPresent(WebUiBuiltInKeywords.groovy:1723)
	at com.kms.katalon.core.webui.keyword.WebUiBuiltInKeywords$verifyTextPresent$7.call(Unknown Source)
	at SU-007.run(SU-007:60)
	at com.kms.katalon.core.main.ScriptEngine.run(ScriptEngine.java:194)
	at com.kms.katalon.core.main.ScriptEngine.runScriptAsRawText(ScriptEngine.java:119)
	at com.kms.katalon.core.main.TestCaseExecutor.runScript(TestCaseExecutor.java:448)
	at com.kms.katalon.core.main.TestCaseExecutor.doExecute(TestCaseExecutor.java:439)
	at com.kms.katalon.core.main.TestCaseExecutor.processExecutionPhase(TestCaseExecutor.java:418)
	at com.kms.katalon.core.main.TestCaseExecutor.accessMainPhase(TestCaseExecutor.java:410)
	at com.kms.katalon.core.main.TestCaseExecutor.execute(TestCaseExecutor.java:285)
	at com.kms.katalon.core.common.CommonExecutor.accessTestCaseMainPhase(CommonExecutor.java:65)
	at com.kms.katalon.core.main.TestSuiteExecutor.accessTestSuiteMainPhase(TestSuiteExecutor.java:148)
	at com.kms.katalon.core.main.TestSuiteExecutor.execute(TestSuiteExecutor.java:106)
	at com.kms.katalon.core.main.TestCaseMain.startTestSuite(TestCaseMain.java:187)
	at com.kms.katalon.core.main.TestCaseMain$startTestSuite$0.call(Unknown Source)
	at TempTestSuite1696477503821.run(TempTestSuite1696477503821.groovy:36)
Caused by: com.kms.katalon.core.exception.StepFailedException: Text 'Email not valid' is not present on page 
	at com.kms.katalon.core.webui.keyword.internal.WebUIKeywordMain.stepFailed(WebUIKeywordMain.groovy:64)
	at com.kms.katalon.core.webui.keyword.builtin.VerifyTextPresentKeyword$_verifyTextPresent_closure1.doCall(VerifyTextPresentKeyword.groovy:79)
	at com.kms.katalon.core.webui.keyword.builtin.VerifyTextPresentKeyword$_verifyTextPresent_closure1.call(VerifyTextPresentKeyword.groovy)
	at com.kms.katalon.core.webui.keyword.internal.WebUIKeywordMain.runKeyword(WebUIKeywordMain.groovy:20)
	... 19 more
"/>
         <system-out><![CDATA[2023-10-05 11:35:22 - [TEST_CASE][FAILED] - Test Cases/T13 Pembelian, Shipment dan Pembayaran/SU-007: Test Cases/T13 Pembelian, Shipment dan Pembayaran/SU-007 FAILED.
Reason:
com.kms.katalon.core.exception.StepFailedException: Unable to verify text 'Email not valid' is present 
	at com.kms.katalon.core.webui.keyword.internal.WebUIKeywordMain.stepFailed(WebUIKeywordMain.groovy:64)
	at com.kms.katalon.core.webui.keyword.internal.WebUIKeywordMain.runKeyword(WebUIKeywordMain.groovy:26)
	at com.kms.katalon.core.webui.keyword.builtin.VerifyTextPresentKeyword.verifyTextPresent(VerifyTextPresentKeyword.groovy:83)
	at com.kms.katalon.core.webui.keyword.builtin.VerifyTextPresentKeyword.execute(VerifyTextPresentKeyword.groovy:68)
	at com.kms.katalon.core.keyword.internal.KeywordExecutor.executeKeywordForPlatform(KeywordExecutor.groovy:74)
	at com.kms.katalon.core.webui.keyword.WebUiBuiltInKeywords.verifyTextPresent(WebUiBuiltInKeywords.groovy:1723)
	at com.kms.katalon.core.webui.keyword.WebUiBuiltInKeywords$verifyTextPresent$7.call(Unknown Source)
	at SU-007.run(SU-007:60)
	at com.kms.katalon.core.main.ScriptEngine.run(ScriptEngine.java:194)
	at com.kms.katalon.core.main.ScriptEngine.runScriptAsRawText(ScriptEngine.java:119)
	at com.kms.katalon.core.main.TestCaseExecutor.runScript(TestCaseExecutor.java:448)
	at com.kms.katalon.core.main.TestCaseExecutor.doExecute(TestCaseExecutor.java:439)
	at com.kms.katalon.core.main.TestCaseExecutor.processExecutionPhase(TestCaseExecutor.java:418)
	at com.kms.katalon.core.main.TestCaseExecutor.accessMainPhase(TestCaseExecutor.java:410)
	at com.kms.katalon.core.main.TestCaseExecutor.execute(TestCaseExecutor.java:285)
	at com.kms.katalon.core.common.CommonExecutor.accessTestCaseMainPhase(CommonExecutor.java:65)
	at com.kms.katalon.core.main.TestSuiteExecutor.accessTestSuiteMainPhase(TestSuiteExecutor.java:148)
	at com.kms.katalon.core.main.TestSuiteExecutor.execute(TestSuiteExecutor.java:106)
	at com.kms.katalon.core.main.TestCaseMain.startTestSuite(TestCaseMain.java:187)
	at com.kms.katalon.core.main.TestCaseMain$startTestSuite$0.call(Unknown Source)
	at TempTestSuite1696477503821.run(TempTestSuite1696477503821.groovy:36)
Caused by: com.kms.katalon.core.exception.StepFailedException: Text 'Email not valid' is not present on page 
	at com.kms.katalon.core.webui.keyword.internal.WebUIKeywordMain.stepFailed(WebUIKeywordMain.groovy:64)
	at com.kms.katalon.core.webui.keyword.builtin.VerifyTextPresentKeyword$_verifyTextPresent_closure1.doCall(VerifyTextPresentKeyword.groovy:79)
	at com.kms.katalon.core.webui.keyword.builtin.VerifyTextPresentKeyword$_verifyTextPresent_closure1.call(VerifyTextPresentKeyword.groovy)
	at com.kms.katalon.core.webui.keyword.internal.WebUIKeywordMain.runKeyword(WebUIKeywordMain.groovy:20)
	... 19 more


2023-10-05 11:35:22 - [TEST_STEP][PASSED] - data = callTestCase(findTestCase("T13 Pembelian, Shipment dan Pembayaran/SA-005"), [:], STOP_ON_FAILURE): Call Test Case 'Test Cases/T13 Pembelian, Shipment dan Pembayaran/SA-005' successfully

2023-10-05 11:35:23 - [TEST_CASE][PASSED] - Test Cases/T13 Pembelian, Shipment dan Pembayaran/SA-005: Test Cases/T13 Pembelian, Shipment dan Pembayaran/SA-005

2023-10-05 11:35:23 - [TEST_STEP][PASSED] - data = callTestCase(findTestCase("T13 Pembelian, Shipment dan Pembayaran/SA-002"), [:], STOP_ON_FAILURE): Call Test Case 'Test Cases/T13 Pembelian, Shipment dan Pembayaran/SA-002' successfully

2023-10-05 11:35:23 - [TEST_CASE][PASSED] - Test Cases/T13 Pembelian, Shipment dan Pembayaran/SA-002: Test Cases/T13 Pembelian, Shipment dan Pembayaran/SA-002

2023-10-05 11:35:23 - [TEST_STEP][PASSED] - data = callTestCase(findTestCase("T13 Pembelian, Shipment dan Pembayaran/SA-001"), [:], STOP_ON_FAILURE): Call Test Case 'Test Cases/T13 Pembelian, Shipment dan Pembayaran/SA-001' successfully

2023-10-05 11:35:23 - [TEST_CASE][PASSED] - Test Cases/T13 Pembelian, Shipment dan Pembayaran/SA-001: Test Cases/T13 Pembelian, Shipment dan Pembayaran/SA-001

2023-10-05 11:35:23 - [TEST_STEP][PASSED] - data = callTestCase(findTestCase("T13 Pembelian, Shipment dan Pembayaran/PBYA-001"), [:], STOP_ON_FAILURE): Call Test Case 'Test Cases/T13 Pembelian, Shipment dan Pembayaran/PBYA-001' successfully

2023-10-05 11:35:23 - [TEST_CASE][PASSED] - Test Cases/T13 Pembelian, Shipment dan Pembayaran/PBYA-001: Test Cases/T13 Pembelian, Shipment dan Pembayaran/PBYA-001

2023-10-05 11:35:23 - [TEST_STEP][PASSED] - data = callTestCase(findTestCase("T13 Pembelian, Shipment dan Pembayaran/PBY-004"), [:], STOP_ON_FAILURE): Call Test Case 'Test Cases/T13 Pembelian, Shipment dan Pembayaran/PBY-004' successfully

2023-10-05 11:35:23 - [TEST_CASE][PASSED] - Test Cases/T13 Pembelian, Shipment dan Pembayaran/PBY-004: Test Cases/T13 Pembelian, Shipment dan Pembayaran/PBY-004

2023-10-05 11:35:23 - [TEST_STEP][PASSED] - data = callTestCase(findTestCase("T13 Pembelian, Shipment dan Pembayaran/PBY-001"), [:], STOP_ON_FAILURE): Call Test Case 'Test Cases/T13 Pembelian, Shipment dan Pembayaran/PBY-001' successfully

2023-10-05 11:35:23 - [TEST_CASE][PASSED] - Test Cases/T13 Pembelian, Shipment dan Pembayaran/PBY-001: Test Cases/T13 Pembelian, Shipment dan Pembayaran/PBY-001

2023-10-05 11:35:23 - [TEST_STEP][PASSED] - data = callTestCase(findTestCase("T13 Pembelian, Shipment dan Pembayaran/PBL-004"), ["Kurir":"Roda 2"], STOP_ON_FAILURE): Call Test Case 'Test Cases/T13 Pembelian, Shipment dan Pembayaran/PBL-004' successfully

2023-10-05 11:35:23 - [TEST_CASE][PASSED] - Test Cases/T13 Pembelian, Shipment dan Pembayaran/PBL-004: Test Cases/T13 Pembelian, Shipment dan Pembayaran/PBL-004

2023-10-05 11:35:23 - [TEST_STEP][PASSED] - data = callTestCase(findTestCase("T13 Pembelian, Shipment dan Pembayaran/PBL-002"), [:], STOP_ON_FAILURE): Call Test Case 'Test Cases/T13 Pembelian, Shipment dan Pembayaran/PBL-002' successfully

2023-10-05 11:35:23 - [TEST_CASE][PASSED] - Test Cases/T13 Pembelian, Shipment dan Pembayaran/PBL-002: Test Cases/T13 Pembelian, Shipment dan Pembayaran/PBL-002

2023-10-05 11:35:23 - [TEST_STEP][PASSED] - data = callTestCase(findTestCase("T13 Pembelian, Shipment dan Pembayaran/PBL-001"), [:], STOP_ON_FAILURE): Call Test Case 'Test Cases/T13 Pembelian, Shipment dan Pembayaran/PBL-001' successfully

2023-10-05 11:35:23 - [TEST_CASE][PASSED] - Test Cases/T13 Pembelian, Shipment dan Pembayaran/PBL-001: Test Cases/T13 Pembelian, Shipment dan Pembayaran/PBL-001

2023-10-05 11:35:23 - [TEST_STEP][PASSED] - callTestCase(findTestCase("T13 Pembelian, Shipment dan Pembayaran/LU-001"), ["username":"irfanafandi", "password":"12345irfan"], STOP_ON_FAILURE): Call Test Case 'Test Cases/T13 Pembelian, Shipment dan Pembayaran/LU-001' successfully

2023-10-05 11:35:23 - [TEST_CASE][PASSED] - Test Cases/T13 Pembelian, Shipment dan Pembayaran/LU-001: Test Cases/T13 Pembelian, Shipment dan Pembayaran/LU-001

2023-10-05 11:35:23 - [TEST_STEP][PASSED] - openBrowser("https://10.9.2.63/ecommerce/"): Browser is opened with url: 'https://10.9.2.63/ecommerce/'

2023-10-05 11:35:23 - [MESSAGE][WARNING] - A browser is already opened. Closing browser and opening a new one

2023-10-05 11:35:24 - [MESSAGE][INFO] - Starting 'Edge Chromium' driver

2023-10-05 11:35:24 - [MESSAGE][INFO] - User set preference: ['acceptInsecureCerts', 'true']

2023-10-05 11:35:26 - [MESSAGE][INFO] - Action delay is set to 0 milliseconds

2023-10-05 11:35:30 - [MESSAGE][PASSED] - Browser is opened with url: 'https://10.9.2.63/ecommerce/'

2023-10-05 11:35:30 - [TEST_STEP][PASSED] - maximizeWindow(): Current window maximized

2023-10-05 11:35:30 - [MESSAGE][PASSED] - Current window maximized

2023-10-05 11:35:30 - [TEST_STEP][PASSED] - verifyElementPresent(findTestObject("Login/Home"), 0): Object 'Object Repository/Login/Home' is present

2023-10-05 11:35:30 - [MESSAGE][WARNING] - Timeout '0' is invalid. Using default page load timeout: '30'

2023-10-05 11:35:31 - [MESSAGE][PASSED] - Object 'Object Repository/Login/Home' is present

2023-10-05 11:35:31 - [TEST_STEP][PASSED] - click(findTestObject("Login/a_Login")): Object: 'Object Repository/Login/a_Login' is clicked on

2023-10-05 11:35:32 - [MESSAGE][PASSED] - Object: 'Object Repository/Login/a_Login' is clicked on

2023-10-05 11:35:32 - [TEST_STEP][PASSED] - verifyElementPresent(findTestObject("Login/Tittle Login"), 0): Object 'Object Repository/Login/Tittle Login' is present

2023-10-05 11:35:32 - [MESSAGE][WARNING] - Timeout '0' is invalid. Using default page load timeout: '30'

2023-10-05 11:35:32 - [MESSAGE][PASSED] - Object 'Object Repository/Login/Tittle Login' is present

2023-10-05 11:35:32 - [TEST_STEP][PASSED] - setText(findTestObject("Login/input_Username, Email atau No. Handphone_a"), username): Text 'irfanafandi' is set on object 'Object Repository/Login/input_Username, Email atau No. Handphone_a'

2023-10-05 11:35:33 - [MESSAGE][PASSED] - Text 'irfanafandi' is set on object 'Object Repository/Login/input_Username, Email atau No. Handphone_a'

2023-10-05 11:35:33 - [TEST_STEP][PASSED] - setText(findTestObject("Login/input_Password_b"), password): Text '12345irfan' is set on object 'Object Repository/Login/input_Password_b'

2023-10-05 11:35:34 - [MESSAGE][PASSED] - Text '12345irfan' is set on object 'Object Repository/Login/input_Password_b'

2023-10-05 11:35:34 - [TEST_STEP][PASSED] - click(findTestObject("Login/label_Ingat saya")): Object: 'Object Repository/Login/label_Ingat saya' is clicked on

2023-10-05 11:35:34 - [MESSAGE][PASSED] - Object: 'Object Repository/Login/label_Ingat saya' is clicked on

2023-10-05 11:35:34 - [TEST_STEP][PASSED] - click(findTestObject("Login/button_Masuk")): Object: 'Object Repository/Login/button_Masuk' is clicked on

2023-10-05 11:35:36 - [MESSAGE][PASSED] - Object: 'Object Repository/Login/button_Masuk' is clicked on

2023-10-05 11:35:36 - [TEST_STEP][PASSED] - verifyElementPresent(findTestObject("Login/li_Profile"), 0): Object 'Object Repository/Login/li_Profile' is present

2023-10-05 11:35:36 - [MESSAGE][WARNING] - Timeout '0' is invalid. Using default page load timeout: '30'

2023-10-05 11:35:37 - [MESSAGE][PASSED] - Object 'Object Repository/Login/li_Profile' is present

2023-10-05 11:35:37 - [MESSAGE][PASSED] - Call Test Case 'Test Cases/T13 Pembelian, Shipment dan Pembayaran/LU-001' successfully

2023-10-05 11:35:37 - [TEST_STEP][PASSED] - mouseOver(findTestObject("beli barang/i_Mulai Belanja_icon-menu")): Object: 'Object Repository/beli barang/i_Mulai Belanja_icon-menu' is hovered

2023-10-05 11:35:37 - [MESSAGE][PASSED] - Object: 'Object Repository/beli barang/i_Mulai Belanja_icon-menu' is hovered

2023-10-05 11:35:37 - [TEST_STEP][PASSED] - click(findTestObject("beli barang/a_Fashion  Busana Wanita")): Object: 'Object Repository/beli barang/a_Fashion  Busana Wanita' is clicked on

2023-10-05 11:35:38 - [MESSAGE][PASSED] - Object: 'Object Repository/beli barang/a_Fashion  Busana Wanita' is clicked on

2023-10-05 11:35:38 - [TEST_STEP][PASSED] - NamaSebelum = getText(findTestObject("verifikasi/Nama sebelum")): Text of object 'Object Repository/verifikasi/Nama sebelum' is: ''

2023-10-05 11:35:39 - [MESSAGE][PASSED] - Text of object 'Object Repository/verifikasi/Nama sebelum' is: ''

2023-10-05 11:35:39 - [TEST_STEP][PASSED] - HargaSebelum = getText(findTestObject("verifikasi/Harga sebelum")): Text of object 'Object Repository/verifikasi/Harga sebelum' is: 'Rp 1,299'

2023-10-05 11:35:39 - [MESSAGE][PASSED] - Text of object 'Object Repository/verifikasi/Harga sebelum' is: 'Rp 1,299'

2023-10-05 11:35:39 - [TEST_STEP][PASSED] - mouseOver(findTestObject("beli barang/barang mouse over")): Object: 'Object Repository/beli barang/barang mouse over' is hovered

2023-10-05 11:35:40 - [MESSAGE][PASSED] - Object: 'Object Repository/beli barang/barang mouse over' is hovered

2023-10-05 11:35:40 - [TEST_STEP][PASSED] - click(findTestObject("beli barang/buttom add to cart")): Object: 'Object Repository/beli barang/buttom add to cart' is clicked on

2023-10-05 11:35:42 - [MESSAGE][PASSED] - Object: 'Object Repository/beli barang/buttom add to cart' is clicked on

2023-10-05 11:35:42 - [TEST_STEP][PASSED] - NamaSesudah = getText(findTestObject("verifikasi/Nama sesudah")): Text of object 'Object Repository/verifikasi/Nama sesudah' is: 'Segitiga Instan Madeira - MDB5.3 Sunset'

2023-10-05 11:35:42 - [MESSAGE][PASSED] - Text of object 'Object Repository/verifikasi/Nama sesudah' is: 'Segitiga Instan Madeira - MDB5.3 Sunset'

2023-10-05 11:35:42 - [TEST_STEP][PASSED] - HargaSesudah = getText(findTestObject("verifikasi/Harga sesudah")): Text of object 'Object Repository/verifikasi/Harga sesudah' is: 'Rp 1,299'

2023-10-05 11:35:43 - [MESSAGE][PASSED] - Text of object 'Object Repository/verifikasi/Harga sesudah' is: 'Rp 1,299'

2023-10-05 11:35:43 - [TEST_STEP][PASSED] - assert NamaSesudah.contains(NamaSebelum): null

2023-10-05 11:35:43 - [TEST_STEP][PASSED] - assert HargaSesudah.contains(HargaSebelum): null

2023-10-05 11:35:43 - [TEST_STEP][PASSED] - click(findTestObject("beli barang/Tambah Keranjang busana wanita")): Object: 'Object Repository/beli barang/Tambah Keranjang busana wanita' is clicked on

2023-10-05 11:35:43 - [MESSAGE][PASSED] - Object: 'Object Repository/beli barang/Tambah Keranjang busana wanita' is clicked on

2023-10-05 11:35:43 - [TEST_STEP][PASSED] - verifyElementPresent(findTestObject("checkout/Notifikasi keranjang"), 1): Object 'Object Repository/checkout/Notifikasi keranjang' is present

2023-10-05 11:35:44 - [MESSAGE][PASSED] - Object 'Object Repository/checkout/Notifikasi keranjang' is present

2023-10-05 11:35:44 - [TEST_STEP][PASSED] - data = new java.util.HashMap(): null

2023-10-05 11:35:44 - [TEST_STEP][PASSED] - data.put("nama_barang", NamaSesudah): null

2023-10-05 11:35:44 - [TEST_STEP][PASSED] - data.put("price_barang", HargaSesudah): null

2023-10-05 11:35:44 - [TEST_STEP][PASSED] - return data: null

2023-10-05 11:35:44 - [MESSAGE][PASSED] - Call Test Case 'Test Cases/T13 Pembelian, Shipment dan Pembayaran/PBL-001' successfully

2023-10-05 11:35:44 - [TEST_STEP][PASSED] - mouseOver(findTestObject("beli barang/keranjang")): Object: 'Object Repository/beli barang/keranjang' is hovered

2023-10-05 11:35:45 - [MESSAGE][PASSED] - Object: 'Object Repository/beli barang/keranjang' is hovered

2023-10-05 11:35:45 - [TEST_STEP][PASSED] - click(findTestObject("beli barang/Lihat Sekarang")): Object: 'Object Repository/beli barang/Lihat Sekarang' is clicked on

2023-10-05 11:35:46 - [MESSAGE][PASSED] - Object: 'Object Repository/beli barang/Lihat Sekarang' is clicked on

2023-10-05 11:35:46 - [TEST_STEP][PASSED] - verifyElementPresent(findTestObject("keranjang/li_Keranjang Belanja"), 0): Object 'Object Repository/keranjang/li_Keranjang Belanja' is present

2023-10-05 11:35:46 - [MESSAGE][WARNING] - Timeout '0' is invalid. Using default page load timeout: '30'

2023-10-05 11:35:47 - [MESSAGE][PASSED] - Object 'Object Repository/keranjang/li_Keranjang Belanja' is present

2023-10-05 11:35:47 - [TEST_STEP][PASSED] - NamaKeranjang = getText(findTestObject("verifikasi/Nama keranjang")): Text of object 'Object Repository/verifikasi/Nama keranjang' is: 'Segitiga Instan Madeira - MDB5.3 Sunset'

2023-10-05 11:35:48 - [MESSAGE][PASSED] - Text of object 'Object Repository/verifikasi/Nama keranjang' is: 'Segitiga Instan Madeira - MDB5.3 Sunset'

2023-10-05 11:35:48 - [TEST_STEP][PASSED] - HargaKeranjang = getText(findTestObject("verifikasi/Harga Keranjang")): Text of object 'Object Repository/verifikasi/Harga Keranjang' is: 'Rp 1,299'

2023-10-05 11:35:48 - [MESSAGE][PASSED] - Text of object 'Object Repository/verifikasi/Harga Keranjang' is: 'Rp 1,299'

2023-10-05 11:35:48 - [TEST_STEP][PASSED] - if (toString().equalsIgnoreCase("Merah")): Object 'Object Repository/keranjang/input_Warna_variasi101' is checked

2023-10-05 11:35:48 - [TEST_STEP][PASSED] - check(findTestObject("Object Repository/keranjang/input_Warna_variasi101")): Object 'Object Repository/keranjang/input_Warna_variasi101' is checked

2023-10-05 11:35:49 - [MESSAGE][PASSED] - Object 'Object Repository/keranjang/input_Warna_variasi101' is checked

2023-10-05 11:35:49 - [TEST_STEP][PASSED] - if (toString().equalsIgnoreCase("Menengah")): Object 'Object Repository/keranjang/input_Ukuran_variasi201' is checked

2023-10-05 11:35:49 - [TEST_STEP][PASSED] - check(findTestObject("Object Repository/keranjang/input_Ukuran_variasi201")): Object 'Object Repository/keranjang/input_Ukuran_variasi201' is checked

2023-10-05 11:35:49 - [MESSAGE][PASSED] - Object 'Object Repository/keranjang/input_Ukuran_variasi201' is checked

2023-10-05 11:35:49 - [TEST_STEP][PASSED] - data.put("Warna", warna): null

2023-10-05 11:35:49 - [TEST_STEP][PASSED] - data.put("Ukuran", ukuran): null

2023-10-05 11:35:49 - [TEST_STEP][PASSED] - click(findTestObject("keranjang/button_Lanjut ke Pembayaran")): Object: 'Object Repository/keranjang/button_Lanjut ke Pembayaran' is clicked on

2023-10-05 11:35:51 - [MESSAGE][PASSED] - Object: 'Object Repository/keranjang/button_Lanjut ke Pembayaran' is clicked on

2023-10-05 11:35:51 - [TEST_STEP][PASSED] - verifyElementPresent(findTestObject("checkout/Tittle Checkout Order"), 0): Object 'Object Repository/checkout/Tittle Checkout Order' is present

2023-10-05 11:35:51 - [MESSAGE][WARNING] - Timeout '0' is invalid. Using default page load timeout: '30'

2023-10-05 11:35:51 - [MESSAGE][PASSED] - Object 'Object Repository/checkout/Tittle Checkout Order' is present

2023-10-05 11:35:51 - [TEST_STEP][PASSED] - name_product = data.get("nama_barang"): null

2023-10-05 11:35:51 - [TEST_STEP][PASSED] - price_product = data.get("price_barang"): null

2023-10-05 11:35:51 - [TEST_STEP][PASSED] - assert name_product == NamaKeranjang: null

2023-10-05 11:35:51 - [TEST_STEP][PASSED] - assert price_product == HargaKeranjang: null

2023-10-05 11:35:51 - [TEST_STEP][PASSED] - return data: null

2023-10-05 11:35:51 - [MESSAGE][PASSED] - Call Test Case 'Test Cases/T13 Pembelian, Shipment dan Pembayaran/PBL-002' successfully

2023-10-05 11:35:51 - [TEST_STEP][PASSED] - warnaa = getText(findTestObject("verifikasi/warna Merah")): Text of object 'Object Repository/verifikasi/warna Merah' is: 'Merah'

2023-10-05 11:35:52 - [MESSAGE][PASSED] - Text of object 'Object Repository/verifikasi/warna Merah' is: 'Merah'

2023-10-05 11:35:52 - [TEST_STEP][PASSED] - ukurann = getText(findTestObject("verifikasi/Ukuran Menengah")): Text of object 'Object Repository/verifikasi/Ukuran Menengah' is: 'Menengah'

2023-10-05 11:35:52 - [MESSAGE][PASSED] - Text of object 'Object Repository/verifikasi/Ukuran Menengah' is: 'Menengah'

2023-10-05 11:35:52 - [TEST_STEP][PASSED] - warna1 = data.get("Warna"): null

2023-10-05 11:35:52 - [TEST_STEP][PASSED] - ukuran1 = data.get("Ukuran"): null

2023-10-05 11:35:52 - [TEST_STEP][PASSED] - assert warnaa == warna1: null

2023-10-05 11:35:52 - [TEST_STEP][PASSED] - assert ukurann == ukuran1: null

2023-10-05 11:35:52 - [TEST_STEP][PASSED] - NamaCheckout = getText(findTestObject("verifikasi/NamaCheckout")): Text of object 'Object Repository/verifikasi/NamaCheckout' is: ''

2023-10-05 11:35:52 - [MESSAGE][PASSED] - Text of object 'Object Repository/verifikasi/NamaCheckout' is: ''

2023-10-05 11:35:52 - [TEST_STEP][PASSED] - HargaCheckout = getText(findTestObject("verifikasi/HargaCheckout")): Text of object 'Object Repository/verifikasi/HargaCheckout' is: '1,299'

2023-10-05 11:35:53 - [MESSAGE][PASSED] - Text of object 'Object Repository/verifikasi/HargaCheckout' is: '1,299'

2023-10-05 11:35:53 - [TEST_STEP][PASSED] - name_product = data.get("nama_barang"): null

2023-10-05 11:35:53 - [TEST_STEP][PASSED] - price_product = data.get("price_barang"): null

2023-10-05 11:35:53 - [TEST_STEP][PASSED] - assert name_product.contains(NamaCheckout): null

2023-10-05 11:35:53 - [TEST_STEP][PASSED] - assert price_product.contains(HargaCheckout): null

2023-10-05 11:35:53 - [TEST_STEP][PASSED] - selectOptionByLabel(findTestObject("checkout/select - Kirim via Kurir Lokal"), Kurir, false): All options with label 'Roda 2' are selected in object 'Object Repository/checkout/select - Kirim via Kurir Lokal' 

2023-10-05 11:35:53 - [MESSAGE][PASSED] - All options with label 'Roda 2' are selected in object 'Object Repository/checkout/select - Kirim via Kurir Lokal' 

2023-10-05 11:35:53 - [TEST_STEP][PASSED] - click(findTestObject("checkout/Kendaraan Kurir")): Object: 'Object Repository/checkout/Kendaraan Kurir' is clicked on

2023-10-05 11:35:55 - [MESSAGE][PASSED] - Object: 'Object Repository/checkout/Kendaraan Kurir' is clicked on

2023-10-05 11:35:55 - [TEST_STEP][PASSED] - OngkosKirim = getText(findTestObject("Object Repository/verifikasi/Ongkos Kirim checkout")): Text of object 'Object Repository/verifikasi/Ongkos Kirim checkout' is: 'Rp. 5,000'

2023-10-05 11:35:55 - [MESSAGE][PASSED] - Text of object 'Object Repository/verifikasi/Ongkos Kirim checkout' is: 'Rp. 5,000'

2023-10-05 11:35:55 - [TEST_STEP][PASSED] - Ongkos = OngkosKirim.substring(3, OngkosKirim.size()): null

2023-10-05 11:35:55 - [TEST_STEP][PASSED] - rep = Ongkos.replace(",", "."): null

2023-10-05 11:35:55 - [TEST_STEP][PASSED] - Ongkos_kirim = Double.parseDouble(rep): null

2023-10-05 11:35:55 - [TEST_STEP][PASSED] - println(Ongkos_kirim): null

2023-10-05 11:35:55 - [TEST_STEP][PASSED] - FeeAdmin = getText(findTestObject("verifikasi/Fee Admin checkout")): Text of object 'Object Repository/verifikasi/Fee Admin checkout' is: 'Fee Admin
Rp 1,500'

2023-10-05 11:35:55 - [MESSAGE][PASSED] - Text of object 'Object Repository/verifikasi/Fee Admin checkout' is: 'Fee Admin
Rp 1,500'

2023-10-05 11:35:55 - [TEST_STEP][PASSED] - Fee_Admin = FeeAdmin.substring(12, FeeAdmin.size()): null

2023-10-05 11:35:55 - [TEST_STEP][PASSED] - fee = Fee_Admin.replace(",", "."): null

2023-10-05 11:35:55 - [TEST_STEP][PASSED] - fee_admin = Double.parseDouble(fee): null

2023-10-05 11:35:55 - [TEST_STEP][PASSED] - println(fee_admin): null

2023-10-05 11:35:55 - [TEST_STEP][PASSED] - Subtotal = getText(findTestObject("verifikasi/subtotal checkout")): Text of object 'Object Repository/verifikasi/subtotal checkout' is: 'Subtotal
Rp 1,299'

2023-10-05 11:35:56 - [MESSAGE][PASSED] - Text of object 'Object Repository/verifikasi/subtotal checkout' is: 'Subtotal
Rp 1,299'

2023-10-05 11:35:56 - [TEST_STEP][PASSED] - sub_total = Subtotal.substring(12, Subtotal.size()): null

2023-10-05 11:35:56 - [TEST_STEP][PASSED] - sub = sub_total.replace(",", "."): null

2023-10-05 11:35:56 - [TEST_STEP][PASSED] - sub_total = Double.parseDouble(sub): null

2023-10-05 11:35:56 - [TEST_STEP][PASSED] - println(sub_total): null

2023-10-05 11:35:56 - [TEST_STEP][PASSED] - Total = getText(findTestObject("verifikasi/Total checkout")): Text of object 'Object Repository/verifikasi/Total checkout' is: 'Rp 7,799'

2023-10-05 11:35:56 - [MESSAGE][PASSED] - Text of object 'Object Repository/verifikasi/Total checkout' is: 'Rp 7,799'

2023-10-05 11:35:56 - [TEST_STEP][PASSED] - totall = Total.substring(3, Total.size()): null

2023-10-05 11:35:56 - [TEST_STEP][PASSED] - total = totall.replace(",", "."): null

2023-10-05 11:35:56 - [TEST_STEP][PASSED] - totall = Double.parseDouble(total): null

2023-10-05 11:35:56 - [TEST_STEP][PASSED] - println(totall): null

2023-10-05 11:35:56 - [TEST_STEP][PASSED] - Total_Harga = Ongkos_kirim + fee_admin + sub_total: null

2023-10-05 11:35:56 - [TEST_STEP][PASSED] - println(Total_Harga): null

2023-10-05 11:35:56 - [TEST_STEP][PASSED] - TotalHarga = Math.round(Total_Harga * 1000) / 1000: null

2023-10-05 11:35:56 - [TEST_STEP][PASSED] - println(TotalHarga): null

2023-10-05 11:35:56 - [TEST_STEP][PASSED] - assert totall == TotalHarga: null

2023-10-05 11:35:56 - [TEST_STEP][PASSED] - click(findTestObject("verifikasi/Metode Transfer")): Object: 'Object Repository/verifikasi/Metode Transfer' is clicked on

2023-10-05 11:35:57 - [MESSAGE][PASSED] - Object: 'Object Repository/verifikasi/Metode Transfer' is clicked on

2023-10-05 11:35:57 - [TEST_STEP][PASSED] - click(findTestObject("checkout/button_Proses Pembayaran")): Object: 'Object Repository/checkout/button_Proses Pembayaran' is clicked on

2023-10-05 11:36:06 - [MESSAGE][PASSED] - Object: 'Object Repository/checkout/button_Proses Pembayaran' is clicked on

2023-10-05 11:36:06 - [TEST_STEP][PASSED] - verifyElementPresent(findTestObject("pembayaran/Tittle nomor invoice"), 0): Object 'Object Repository/pembayaran/Tittle nomor invoice' is present

2023-10-05 11:36:06 - [MESSAGE][WARNING] - Timeout '0' is invalid. Using default page load timeout: '30'

2023-10-05 11:36:07 - [MESSAGE][PASSED] - Object 'Object Repository/pembayaran/Tittle nomor invoice' is present

2023-10-05 11:36:07 - [TEST_STEP][PASSED] - return data: null

2023-10-05 11:36:07 - [MESSAGE][PASSED] - Call Test Case 'Test Cases/T13 Pembelian, Shipment dan Pembayaran/PBL-004' successfully

2023-10-05 11:36:07 - [TEST_STEP][PASSED] - Invoice = getText(findTestObject("pembayaran/nomor invoice")): Text of object 'Object Repository/pembayaran/nomor invoice' is: 'TRX60.20231005113600'

2023-10-05 11:36:08 - [MESSAGE][PASSED] - Text of object 'Object Repository/pembayaran/nomor invoice' is: 'TRX60.20231005113600'

2023-10-05 11:36:08 - [TEST_STEP][PASSED] - data.put("invoice", Invoice): null

2023-10-05 11:36:08 - [TEST_STEP][PASSED] - NamaPemesan = getText(findTestObject("Konfirmasi pesanan shop/Nama pemesan")): Text of object 'Object Repository/Konfirmasi pesanan shop/Nama pemesan' is: 'irfan.afandi'

2023-10-05 11:36:08 - [MESSAGE][PASSED] - Text of object 'Object Repository/Konfirmasi pesanan shop/Nama pemesan' is: 'irfan.afandi'

2023-10-05 11:36:08 - [TEST_STEP][PASSED] - Nama = getText(findTestObject("pembayaran/Nama barang")): Text of object 'Object Repository/pembayaran/Nama barang' is: 'Segitiga Instan Madeira - MDB5.3 Sunset'

2023-10-05 11:36:09 - [MESSAGE][PASSED] - Text of object 'Object Repository/pembayaran/Nama barang' is: 'Segitiga Instan Madeira - MDB5.3 Sunset'

2023-10-05 11:36:09 - [TEST_STEP][PASSED] - Harga = getText(findTestObject("pembayaran/Harga barang")): Text of object 'Object Repository/pembayaran/Harga barang' is: '1,299'

2023-10-05 11:36:09 - [MESSAGE][PASSED] - Text of object 'Object Repository/pembayaran/Harga barang' is: '1,299'

2023-10-05 11:36:09 - [TEST_STEP][PASSED] - name_product = data.get("nama_barang"): null

2023-10-05 11:36:09 - [TEST_STEP][PASSED] - price_product = data.get("price_barang"): null

2023-10-05 11:36:09 - [TEST_STEP][PASSED] - assert name_product.contains(Nama): null

2023-10-05 11:36:09 - [TEST_STEP][PASSED] - assert price_product.contains(Harga): null

2023-10-05 11:36:09 - [TEST_STEP][PASSED] - warnaa = getText(findTestObject("pembayaran/warna")): Text of object 'Object Repository/pembayaran/warna' is: 'Merah'

2023-10-05 11:36:10 - [MESSAGE][PASSED] - Text of object 'Object Repository/pembayaran/warna' is: 'Merah'

2023-10-05 11:36:10 - [TEST_STEP][PASSED] - ukurann = getText(findTestObject("pembayaran/ukuran")): Text of object 'Object Repository/pembayaran/ukuran' is: 'Menengah'

2023-10-05 11:36:10 - [MESSAGE][PASSED] - Text of object 'Object Repository/pembayaran/ukuran' is: 'Menengah'

2023-10-05 11:36:10 - [TEST_STEP][PASSED] - warna1 = data.get("Warna"): null

2023-10-05 11:36:10 - [TEST_STEP][PASSED] - ukuran1 = data.get("Ukuran"): null

2023-10-05 11:36:10 - [TEST_STEP][PASSED] - assert warnaa == warna1: null

2023-10-05 11:36:10 - [TEST_STEP][PASSED] - assert ukurann == ukuran1: null

2023-10-05 11:36:10 - [TEST_STEP][PASSED] - statusPembelian = getText(findTestObject("verifikasi/Status pending di pembelian")): Text of object 'Object Repository/verifikasi/Status pending di pembelian' is: 'Pending'

2023-10-05 11:36:11 - [MESSAGE][PASSED] - Text of object 'Object Repository/verifikasi/Status pending di pembelian' is: 'Pending'

2023-10-05 11:36:11 - [TEST_STEP][PASSED] - data.put("statusPem", statusPembelian): null

2023-10-05 11:36:11 - [TEST_STEP][PASSED] - OngkosKirim = getText(findTestObject("pembayaran/ongkos kirim")): Text of object 'Object Repository/pembayaran/ongkos kirim' is: 'Rp 5,000'

2023-10-05 11:36:11 - [MESSAGE][PASSED] - Text of object 'Object Repository/pembayaran/ongkos kirim' is: 'Rp 5,000'

2023-10-05 11:36:11 - [TEST_STEP][PASSED] - Ongkos = OngkosKirim.substring(3, OngkosKirim.size()): null

2023-10-05 11:36:11 - [TEST_STEP][PASSED] - rep = Ongkos.replace(",", ""): null

2023-10-05 11:36:11 - [TEST_STEP][PASSED] - Ongkos_kirimm = Integer.parseInt(rep): null

2023-10-05 11:36:11 - [TEST_STEP][PASSED] - println(Ongkos_kirimm): null

2023-10-05 11:36:11 - [TEST_STEP][PASSED] - FeeAdmin = getText(findTestObject("pembayaran/fee admin")): Text of object 'Object Repository/pembayaran/fee admin' is: 'Rp 1,500'

2023-10-05 11:36:12 - [MESSAGE][PASSED] - Text of object 'Object Repository/pembayaran/fee admin' is: 'Rp 1,500'

2023-10-05 11:36:12 - [TEST_STEP][PASSED] - Fee_Admin = FeeAdmin.substring(3, FeeAdmin.size()): null

2023-10-05 11:36:12 - [TEST_STEP][PASSED] - fee = Fee_Admin.replace(",", ""): null

2023-10-05 11:36:12 - [TEST_STEP][PASSED] - fee_adminn = Integer.parseInt(fee): null

2023-10-05 11:36:12 - [TEST_STEP][PASSED] - println(fee_adminn): null

2023-10-05 11:36:12 - [TEST_STEP][PASSED] - Subtotal = getText(findTestObject("pembayaran/subtotal")): Text of object 'Object Repository/pembayaran/subtotal' is: 'Rp 1,299'

2023-10-05 11:36:12 - [MESSAGE][PASSED] - Text of object 'Object Repository/pembayaran/subtotal' is: 'Rp 1,299'

2023-10-05 11:36:12 - [TEST_STEP][PASSED] - sub_total = Subtotal.substring(3, Subtotal.size()): null

2023-10-05 11:36:12 - [TEST_STEP][PASSED] - sub = sub_total.replace(",", ""): null

2023-10-05 11:36:12 - [TEST_STEP][PASSED] - sub_totall = Integer.parseInt(sub): null

2023-10-05 11:36:12 - [TEST_STEP][PASSED] - println(sub_totall): null

2023-10-05 11:36:12 - [TEST_STEP][PASSED] - unik = getText(findTestObject("pembayaran/kode unik")): Text of object 'Object Repository/pembayaran/kode unik' is: '+600'

2023-10-05 11:36:13 - [MESSAGE][PASSED] - Text of object 'Object Repository/pembayaran/kode unik' is: '+600'

2023-10-05 11:36:13 - [TEST_STEP][PASSED] - unikk = unik.replace("+", ""): null

2023-10-05 11:36:13 - [TEST_STEP][PASSED] - kode_unik = Integer.parseInt(unikk): null

2023-10-05 11:36:13 - [TEST_STEP][PASSED] - println(kode_unik): null

2023-10-05 11:36:13 - [TEST_STEP][PASSED] - Total = getText(findTestObject("pembayaran/total")): Text of object 'Object Repository/pembayaran/total' is: '8,399'

2023-10-05 11:36:13 - [MESSAGE][PASSED] - Text of object 'Object Repository/pembayaran/total' is: '8,399'

2023-10-05 11:36:13 - [TEST_STEP][PASSED] - total = Total.replace(",", ""): null

2023-10-05 11:36:13 - [TEST_STEP][PASSED] - totalll = Integer.parseInt(total): null

2023-10-05 11:36:13 - [TEST_STEP][PASSED] - println(totalll): null

2023-10-05 11:36:13 - [TEST_STEP][PASSED] - Total_Hargaa = Ongkos_kirimm + fee_adminn + sub_totall + kode_unik: null

2023-10-05 11:36:13 - [TEST_STEP][PASSED] - println(Total_Hargaa): null

2023-10-05 11:36:13 - [TEST_STEP][PASSED] - assert totalll == Total_Hargaa: null

2023-10-05 11:36:13 - [TEST_STEP][PASSED] - data.put("total", Total): null

2023-10-05 11:36:13 - [TEST_STEP][PASSED] - data.put("nama", NamaPemesan): null

2023-10-05 11:36:13 - [TEST_STEP][PASSED] - return data: null

2023-10-05 11:36:13 - [MESSAGE][PASSED] - Call Test Case 'Test Cases/T13 Pembelian, Shipment dan Pembayaran/PBY-001' successfully

2023-10-05 11:36:13 - [TEST_STEP][PASSED] - inv = data.get("invoice"): null

2023-10-05 11:36:13 - [TEST_STEP][PASSED] - Total = data.get("total"): null

2023-10-05 11:36:13 - [TEST_STEP][PASSED] - NamaPemesan = data.get("nama"): null

2023-10-05 11:36:13 - [TEST_STEP][PASSED] - click(findTestObject("Konfirmasi pesanan shop/Menu Shop")): Object: 'Object Repository/Konfirmasi pesanan shop/Menu Shop' is clicked on

2023-10-05 11:36:15 - [MESSAGE][PASSED] - Object: 'Object Repository/Konfirmasi pesanan shop/Menu Shop' is clicked on

2023-10-05 11:36:15 - [TEST_STEP][PASSED] - click(findTestObject("Konfirmasi pesanan shop/Menu Shop")): Object: 'Object Repository/Konfirmasi pesanan shop/Menu Shop' is clicked on

2023-10-05 11:36:16 - [MESSAGE][PASSED] - Object: 'Object Repository/Konfirmasi pesanan shop/Menu Shop' is clicked on

2023-10-05 11:36:16 - [TEST_STEP][PASSED] - click(findTestObject("Konfirmasi pesanan shop/Konfirmasi Orders")): Object: 'Object Repository/Konfirmasi pesanan shop/Konfirmasi Orders' is clicked on

2023-10-05 11:36:17 - [MESSAGE][PASSED] - Object: 'Object Repository/Konfirmasi pesanan shop/Konfirmasi Orders' is clicked on

2023-10-05 11:36:17 - [TEST_STEP][PASSED] - verifyElementPresent(findTestObject("Konfirmasi pesanan shop/Tittle Konfirmasi Pesanan"), 0): Object 'Object Repository/Konfirmasi pesanan shop/Tittle Konfirmasi Pesanan' is present

2023-10-05 11:36:17 - [MESSAGE][WARNING] - Timeout '0' is invalid. Using default page load timeout: '30'

2023-10-05 11:36:18 - [MESSAGE][PASSED] - Object 'Object Repository/Konfirmasi pesanan shop/Tittle Konfirmasi Pesanan' is present

2023-10-05 11:36:18 - [TEST_STEP][PASSED] - setText(findTestObject("Konfirmasi pesanan shop/input_No Pesanan"), inv): Text 'TRX60.20231005113600' is set on object 'Object Repository/Konfirmasi pesanan shop/input_No Pesanan'

2023-10-05 11:36:18 - [MESSAGE][PASSED] - Text 'TRX60.20231005113600' is set on object 'Object Repository/Konfirmasi pesanan shop/input_No Pesanan'

2023-10-05 11:36:18 - [TEST_STEP][PASSED] - setText(findTestObject("Konfirmasi pesanan shop/input_Alamat E-mai"), "irfan@gmail.com"): Text 'irfan@gmail.com' is set on object 'Object Repository/Konfirmasi pesanan shop/input_Alamat E-mai'

2023-10-05 11:36:19 - [MESSAGE][PASSED] - Text 'irfan@gmail.com' is set on object 'Object Repository/Konfirmasi pesanan shop/input_Alamat E-mai'

2023-10-05 11:36:19 - [TEST_STEP][PASSED] - click(findTestObject("Konfirmasi pesanan shop/button_Submit")): Object: 'Object Repository/Konfirmasi pesanan shop/button_Submit' is clicked on

2023-10-05 11:36:20 - [MESSAGE][PASSED] - Object: 'Object Repository/Konfirmasi pesanan shop/button_Submit' is clicked on

2023-10-05 11:36:20 - [TEST_STEP][PASSED] - verifyElementPresent(findTestObject("Konfirmasi pesanan shop/Tittle nomor invoice"), 0): Object 'Object Repository/Konfirmasi pesanan shop/Tittle nomor invoice' is present

2023-10-05 11:36:21 - [MESSAGE][WARNING] - Timeout '0' is invalid. Using default page load timeout: '30'

2023-10-05 11:36:21 - [MESSAGE][PASSED] - Object 'Object Repository/Konfirmasi pesanan shop/Tittle nomor invoice' is present

2023-10-05 11:36:21 - [TEST_STEP][PASSED] - setText(findTestObject("Konfirmasi pesanan shop/input_Total TagihanTransfer_b"), Total): Text '8,399' is set on object 'Object Repository/Konfirmasi pesanan shop/input_Total TagihanTransfer_b'

2023-10-05 11:36:22 - [MESSAGE][PASSED] - Text '8,399' is set on object 'Object Repository/Konfirmasi pesanan shop/input_Total TagihanTransfer_b'

2023-10-05 11:36:22 - [TEST_STEP][PASSED] - selectOptionByValue(findTestObject("Konfirmasi pesanan shop/select_Bank"), "4", false): All options with value '4' are selected in object 'Object Repository/Konfirmasi pesanan shop/select_Bank' 

2023-10-05 11:36:23 - [MESSAGE][PASSED] - All options with value '4' are selected in object 'Object Repository/Konfirmasi pesanan shop/select_Bank' 

2023-10-05 11:36:23 - [TEST_STEP][PASSED] - setText(findTestObject("Konfirmasi pesanan shop/input_Nama Pengirim_d"), NamaPemesan): Text 'irfan.afandi' is set on object 'Object Repository/Konfirmasi pesanan shop/input_Nama Pengirim_d'

2023-10-05 11:36:24 - [MESSAGE][PASSED] - Text 'irfan.afandi' is set on object 'Object Repository/Konfirmasi pesanan shop/input_Nama Pengirim_d'

2023-10-05 11:36:24 - [TEST_STEP][PASSED] - uploadFile(findTestObject("keranjang/konfirmasi/input_Upload Bukti Transfer_f"), "C:\Users\IRFAN\Downloads\Berkas2.pdf"): File 'C:\Users\IRFAN\Downloads\Berkas2.pdf' sent to object: 'Object Repository/keranjang/konfirmasi/input_Upload Bukti Transfer_f'

2023-10-05 11:36:24 - [MESSAGE][PASSED] - File 'C:\Users\IRFAN\Downloads\Berkas2.pdf' sent to object: 'Object Repository/keranjang/konfirmasi/input_Upload Bukti Transfer_f'

2023-10-05 11:36:24 - [TEST_STEP][PASSED] - click(findTestObject("Konfirmasi pesanan shop/button_Konfirmasi Pembayaran")): Object: 'Object Repository/Konfirmasi pesanan shop/button_Konfirmasi Pembayaran' is clicked on

2023-10-05 11:36:25 - [MESSAGE][PASSED] - Object: 'Object Repository/Konfirmasi pesanan shop/button_Konfirmasi Pembayaran' is clicked on

2023-10-05 11:36:25 - [TEST_STEP][PASSED] - verifyElementPresent(findTestObject("Konfirmasi pesanan shop/Tittle Konfirmasi Pesanan"), 0): Object 'Object Repository/Konfirmasi pesanan shop/Tittle Konfirmasi Pesanan' is present

2023-10-05 11:36:26 - [MESSAGE][WARNING] - Timeout '0' is invalid. Using default page load timeout: '30'

2023-10-05 11:36:26 - [MESSAGE][PASSED] - Object 'Object Repository/Konfirmasi pesanan shop/Tittle Konfirmasi Pesanan' is present

2023-10-05 11:36:26 - [TEST_STEP][PASSED] - verifyElementPresent(findTestObject("Konfirmasi pesanan shop/Tittle massage succes Konfirmasi Pembayaran Pesanan"), 0): Object 'Object Repository/Konfirmasi pesanan shop/Tittle massage succes Konfirmasi Pembayaran Pesanan' is present

2023-10-05 11:36:26 - [MESSAGE][WARNING] - Timeout '0' is invalid. Using default page load timeout: '30'

2023-10-05 11:36:26 - [MESSAGE][PASSED] - Object 'Object Repository/Konfirmasi pesanan shop/Tittle massage succes Konfirmasi Pembayaran Pesanan' is present

2023-10-05 11:36:26 - [TEST_STEP][PASSED] - return data: null

2023-10-05 11:36:26 - [MESSAGE][PASSED] - Call Test Case 'Test Cases/T13 Pembelian, Shipment dan Pembayaran/PBY-004' successfully

2023-10-05 11:36:26 - [TEST_STEP][PASSED] - navigateToUrl("https://10.9.2.63/ecommerce/administrator/"): Navigate to 'https://10.9.2.63/ecommerce/administrator/' successfully

2023-10-05 11:36:27 - [MESSAGE][PASSED] - Navigate to 'https://10.9.2.63/ecommerce/administrator/' successfully

2023-10-05 11:36:27 - [TEST_STEP][PASSED] - verifyElementPresent(findTestObject("admin/Tittle ADMIN Login"), 0): Object 'Object Repository/admin/Tittle ADMIN Login' is present

2023-10-05 11:36:27 - [MESSAGE][WARNING] - Timeout '0' is invalid. Using default page load timeout: '30'

2023-10-05 11:36:28 - [MESSAGE][PASSED] - Object 'Object Repository/admin/Tittle ADMIN Login' is present

2023-10-05 11:36:28 - [TEST_STEP][PASSED] - setText(findTestObject("admin/Username"), "admin"): Text 'admin' is set on object 'Object Repository/admin/Username'

2023-10-05 11:36:28 - [MESSAGE][PASSED] - Text 'admin' is set on object 'Object Repository/admin/Username'

2023-10-05 11:36:28 - [TEST_STEP][PASSED] - setText(findTestObject("admin/Password"), "123admin123"): Text '123admin123' is set on object 'Object Repository/admin/Password'

2023-10-05 11:36:29 - [MESSAGE][PASSED] - Text '123admin123' is set on object 'Object Repository/admin/Password'

2023-10-05 11:36:29 - [TEST_STEP][PASSED] - click(findTestObject("admin/Remember Me")): Object: 'Object Repository/admin/Remember Me' is clicked on

2023-10-05 11:36:30 - [MESSAGE][PASSED] - Object: 'Object Repository/admin/Remember Me' is clicked on

2023-10-05 11:36:30 - [TEST_STEP][PASSED] - delay(10): Delayed 10 second(s)

2023-10-05 11:36:40 - [MESSAGE][PASSED] - Delayed 10 second(s)

2023-10-05 11:36:40 - [TEST_STEP][PASSED] - click(findTestObject("admin/buttom submit")): Object: 'Object Repository/admin/buttom submit' is clicked on

2023-10-05 11:36:41 - [MESSAGE][PASSED] - Object: 'Object Repository/admin/buttom submit' is clicked on

2023-10-05 11:36:41 - [TEST_STEP][PASSED] - verifyElementPresent(findTestObject("admin/Konf order konsumen/Tittle Dashboard"), 0): Object 'Object Repository/admin/Konf order konsumen/Tittle Dashboard' is present

2023-10-05 11:36:41 - [MESSAGE][WARNING] - Timeout '0' is invalid. Using default page load timeout: '30'

2023-10-05 11:36:42 - [MESSAGE][PASSED] - Object 'Object Repository/admin/Konf order konsumen/Tittle Dashboard' is present

2023-10-05 11:36:42 - [TEST_STEP][PASSED] - click(findTestObject("admin/Konf order konsumen/Menu Transaksi Market")): Object: 'Object Repository/admin/Konf order konsumen/Menu Transaksi Market' is clicked on

2023-10-05 11:36:42 - [MESSAGE][PASSED] - Object: 'Object Repository/admin/Konf order konsumen/Menu Transaksi Market' is clicked on

2023-10-05 11:36:42 - [TEST_STEP][PASSED] - click(findTestObject("admin/Konf order konsumen/Menu Konf. Order Konsumen")): Object: 'Object Repository/admin/Konf order konsumen/Menu Konf. Order Konsumen' is clicked on

2023-10-05 11:36:44 - [MESSAGE][PASSED] - Object: 'Object Repository/admin/Konf order konsumen/Menu Konf. Order Konsumen' is clicked on

2023-10-05 11:36:44 - [TEST_STEP][PASSED] - verifyElementPresent(findTestObject("admin/Konf order konsumen/Tittle Data Konfirmasi Pembayaran Konsumen"), 0): Object 'Object Repository/admin/Konf order konsumen/Tittle Data Konfirmasi Pembayaran Konsumen' is present

2023-10-05 11:36:44 - [MESSAGE][WARNING] - Timeout '0' is invalid. Using default page load timeout: '30'

2023-10-05 11:36:44 - [MESSAGE][PASSED] - Object 'Object Repository/admin/Konf order konsumen/Tittle Data Konfirmasi Pembayaran Konsumen' is present

2023-10-05 11:36:44 - [TEST_STEP][PASSED] - inv = data.get("invoice"): null

2023-10-05 11:36:44 - [TEST_STEP][PASSED] - setText(findTestObject("admin/Konf order konsumen/Search"), inv): Text 'TRX60.20231005113600' is set on object 'Object Repository/admin/Konf order konsumen/Search'

2023-10-05 11:36:45 - [MESSAGE][PASSED] - Text 'TRX60.20231005113600' is set on object 'Object Repository/admin/Konf order konsumen/Search'

2023-10-05 11:36:45 - [TEST_STEP][PASSED] - verifyElementText(findTestObject("admin/Konf order konsumen/Keterangan Lunas"), "Lunas"): Actual text and expected text of test object 'Object Repository/admin/Konf order konsumen/Keterangan Lunas' are matched.

2023-10-05 11:36:46 - [MESSAGE][PASSED] - Actual text and expected text of test object 'Object Repository/admin/Konf order konsumen/Keterangan Lunas' are matched.

2023-10-05 11:36:46 - [TEST_STEP][PASSED] - return data: null

2023-10-05 11:36:46 - [MESSAGE][PASSED] - Call Test Case 'Test Cases/T13 Pembelian, Shipment dan Pembayaran/PBYA-001' successfully

2023-10-05 11:36:46 - [TEST_STEP][PASSED] - click(findTestObject("admin/Penjualan ke konsumen/buttom Dashboard")): Object: 'Object Repository/admin/Penjualan ke konsumen/buttom Dashboard' is clicked on

2023-10-05 11:36:46 - [MESSAGE][PASSED] - Object: 'Object Repository/admin/Penjualan ke konsumen/buttom Dashboard' is clicked on

2023-10-05 11:36:46 - [TEST_STEP][PASSED] - click(findTestObject("admin/Konf order konsumen/Menu Transaksi Market")): Object: 'Object Repository/admin/Konf order konsumen/Menu Transaksi Market' is clicked on

2023-10-05 11:36:47 - [MESSAGE][PASSED] - Object: 'Object Repository/admin/Konf order konsumen/Menu Transaksi Market' is clicked on

2023-10-05 11:36:47 - [TEST_STEP][PASSED] - click(findTestObject("admin/Penjualan ke konsumen/a_Penjualan ke Konsumen")): Object: 'Object Repository/admin/Penjualan ke konsumen/a_Penjualan ke Konsumen' is clicked on

2023-10-05 11:36:50 - [MESSAGE][PASSED] - Object: 'Object Repository/admin/Penjualan ke konsumen/a_Penjualan ke Konsumen' is clicked on

2023-10-05 11:36:50 - [TEST_STEP][PASSED] - verifyElementPresent(findTestObject("admin/Tittle Data Transaksi Penjualan  Orderan Konsumen"), 0): Object 'Object Repository/admin/Tittle Data Transaksi Penjualan  Orderan Konsumen' is present

2023-10-05 11:36:50 - [MESSAGE][WARNING] - Timeout '0' is invalid. Using default page load timeout: '30'

2023-10-05 11:36:50 - [MESSAGE][PASSED] - Object 'Object Repository/admin/Tittle Data Transaksi Penjualan  Orderan Konsumen' is present

2023-10-05 11:36:50 - [TEST_STEP][PASSED] - return data: null

2023-10-05 11:36:50 - [MESSAGE][PASSED] - Call Test Case 'Test Cases/T13 Pembelian, Shipment dan Pembayaran/SA-001' successfully

2023-10-05 11:36:50 - [TEST_STEP][PASSED] - inv = data.get("invoice"): null

2023-10-05 11:36:50 - [TEST_STEP][PASSED] - setText(findTestObject("admin/Penjualan ke konsumen/Search"), inv): Text 'TRX60.20231005113600' is set on object 'Object Repository/admin/Penjualan ke konsumen/Search'

2023-10-05 11:36:51 - [MESSAGE][PASSED] - Text 'TRX60.20231005113600' is set on object 'Object Repository/admin/Penjualan ke konsumen/Search'

2023-10-05 11:36:51 - [TEST_STEP][PASSED] - click(findTestObject("admin/Penjualan ke konsumen/buttom konfirmasi pending payment")): Object: 'Object Repository/admin/Penjualan ke konsumen/buttom konfirmasi pending payment' is clicked on

2023-10-05 11:36:52 - [MESSAGE][PASSED] - Object: 'Object Repository/admin/Penjualan ke konsumen/buttom konfirmasi pending payment' is clicked on

2023-10-05 11:36:52 - [TEST_STEP][PASSED] - acceptAlert(STOP_ON_FAILURE): Alert accepted

2023-10-05 11:36:52 - [MESSAGE][PASSED] - Alert accepted

2023-10-05 11:36:52 - [TEST_STEP][PASSED] - setText(findTestObject("admin/Penjualan ke konsumen/Search"), inv): Text 'TRX60.20231005113600' is set on object 'Object Repository/admin/Penjualan ke konsumen/Search'

2023-10-05 11:37:02 - [MESSAGE][PASSED] - Text 'TRX60.20231005113600' is set on object 'Object Repository/admin/Penjualan ke konsumen/Search'

2023-10-05 11:37:02 - [TEST_STEP][PASSED] - verifyTextNotPresent("pending payment", false): Text 'pending payment' is not present on page

2023-10-05 11:37:03 - [MESSAGE][PASSED] - Text 'pending payment' is not present on page

2023-10-05 11:37:03 - [TEST_STEP][PASSED] - return data: null

2023-10-05 11:37:03 - [MESSAGE][PASSED] - Call Test Case 'Test Cases/T13 Pembelian, Shipment dan Pembayaran/SA-002' successfully

2023-10-05 11:37:03 - [TEST_STEP][PASSED] - click(findTestObject("admin/Penjualan ke konsumen/buttom scroldown")): Object: 'Object Repository/admin/Penjualan ke konsumen/buttom scroldown' is clicked on

2023-10-05 11:37:03 - [MESSAGE][PASSED] - Object: 'Object Repository/admin/Penjualan ke konsumen/buttom scroldown' is clicked on

2023-10-05 11:37:03 - [TEST_STEP][PASSED] - click(findTestObject("admin/Penjualan ke konsumen/Selesai")): Object: 'Object Repository/admin/Penjualan ke konsumen/Selesai' is clicked on

2023-10-05 11:37:04 - [MESSAGE][PASSED] - Object: 'Object Repository/admin/Penjualan ke konsumen/Selesai' is clicked on

2023-10-05 11:37:04 - [TEST_STEP][PASSED] - acceptAlert(): Alert accepted

2023-10-05 11:37:04 - [MESSAGE][PASSED] - Alert accepted

2023-10-05 11:37:04 - [TEST_STEP][PASSED] - inv = data.get("invoice"): null

2023-10-05 11:37:04 - [TEST_STEP][PASSED] - setText(findTestObject("admin/Penjualan ke konsumen/Search"), inv): Text 'TRX60.20231005113600' is set on object 'Object Repository/admin/Penjualan ke konsumen/Search'

2023-10-05 11:37:08 - [MESSAGE][PASSED] - Text 'TRX60.20231005113600' is set on object 'Object Repository/admin/Penjualan ke konsumen/Search'

2023-10-05 11:37:08 - [TEST_STEP][PASSED] - delay(10): Delayed 10 second(s)

2023-10-05 11:37:18 - [MESSAGE][PASSED] - Delayed 10 second(s)

2023-10-05 11:37:18 - [TEST_STEP][PASSED] - verifyTextPresent("Selesai", false): Text 'Selesai' is present on page 

2023-10-05 11:37:18 - [MESSAGE][PASSED] - Text 'Selesai' is present on page 

2023-10-05 11:37:18 - [TEST_STEP][PASSED] - selesaiAdmin = getText(findTestObject("admin/Selesai")): Text of object 'Object Repository/admin/Selesai' is: 'Selesai'

2023-10-05 11:37:18 - [MESSAGE][PASSED] - Text of object 'Object Repository/admin/Selesai' is: 'Selesai'

2023-10-05 11:37:18 - [TEST_STEP][PASSED] - data.put("statusSelesai", selesaiAdmin): null

2023-10-05 11:37:18 - [TEST_STEP][PASSED] - return data: null

2023-10-05 11:37:18 - [MESSAGE][PASSED] - Call Test Case 'Test Cases/T13 Pembelian, Shipment dan Pembayaran/SA-005' successfully

2023-10-05 11:37:18 - [TEST_STEP][PASSED] - openBrowser("https://10.9.2.63/ecommerce/"): Browser is opened with url: 'https://10.9.2.63/ecommerce/'

2023-10-05 11:37:18 - [MESSAGE][WARNING] - A browser is already opened. Closing browser and opening a new one

2023-10-05 11:37:19 - [MESSAGE][INFO] - Starting 'Edge Chromium' driver

2023-10-05 11:37:19 - [MESSAGE][INFO] - User set preference: ['acceptInsecureCerts', 'true']

2023-10-05 11:37:21 - [MESSAGE][INFO] - Action delay is set to 0 milliseconds

2023-10-05 11:37:29 - [MESSAGE][PASSED] - Browser is opened with url: 'https://10.9.2.63/ecommerce/'

2023-10-05 11:37:29 - [TEST_STEP][PASSED] - maximizeWindow(): Current window maximized

2023-10-05 11:37:29 - [MESSAGE][PASSED] - Current window maximized

2023-10-05 11:37:29 - [TEST_STEP][PASSED] - verifyElementPresent(findTestObject("Login/Home"), 0): Object 'Object Repository/Login/Home' is present

2023-10-05 11:37:29 - [MESSAGE][WARNING] - Timeout '0' is invalid. Using default page load timeout: '30'

2023-10-05 11:37:29 - [MESSAGE][PASSED] - Object 'Object Repository/Login/Home' is present

2023-10-05 11:37:29 - [TEST_STEP][PASSED] - click(findTestObject("Login/a_Login")): Object: 'Object Repository/Login/a_Login' is clicked on

2023-10-05 11:37:30 - [MESSAGE][PASSED] - Object: 'Object Repository/Login/a_Login' is clicked on

2023-10-05 11:37:30 - [TEST_STEP][PASSED] - verifyElementPresent(findTestObject("Login/Tittle Login"), 0): Object 'Object Repository/Login/Tittle Login' is present

2023-10-05 11:37:30 - [MESSAGE][WARNING] - Timeout '0' is invalid. Using default page load timeout: '30'

2023-10-05 11:37:31 - [MESSAGE][PASSED] - Object 'Object Repository/Login/Tittle Login' is present

2023-10-05 11:37:31 - [TEST_STEP][PASSED] - setText(findTestObject("Login/input_Username, Email atau No. Handphone_a"), "irfanafandi"): Text 'irfanafandi' is set on object 'Object Repository/Login/input_Username, Email atau No. Handphone_a'

2023-10-05 11:37:31 - [MESSAGE][PASSED] - Text 'irfanafandi' is set on object 'Object Repository/Login/input_Username, Email atau No. Handphone_a'

2023-10-05 11:37:31 - [TEST_STEP][PASSED] - setText(findTestObject("Login/input_Password_b"), "12345irfan"): Text '12345irfan' is set on object 'Object Repository/Login/input_Password_b'

2023-10-05 11:37:32 - [MESSAGE][PASSED] - Text '12345irfan' is set on object 'Object Repository/Login/input_Password_b'

2023-10-05 11:37:32 - [TEST_STEP][PASSED] - click(findTestObject("Login/button_Masuk")): Object: 'Object Repository/Login/button_Masuk' is clicked on

2023-10-05 11:37:34 - [MESSAGE][PASSED] - Object: 'Object Repository/Login/button_Masuk' is clicked on

2023-10-05 11:37:34 - [TEST_STEP][PASSED] - verifyElementPresent(findTestObject("Login/li_Profile"), 0): Object 'Object Repository/Login/li_Profile' is present

2023-10-05 11:37:34 - [MESSAGE][WARNING] - Timeout '0' is invalid. Using default page load timeout: '30'

2023-10-05 11:37:34 - [MESSAGE][PASSED] - Object 'Object Repository/Login/li_Profile' is present

2023-10-05 11:37:34 - [TEST_STEP][PASSED] - click(findTestObject("Konfirmasi pesanan shop/Menu Shop")): Object: 'Object Repository/Konfirmasi pesanan shop/Menu Shop' is clicked on

2023-10-05 11:37:36 - [MESSAGE][PASSED] - Object: 'Object Repository/Konfirmasi pesanan shop/Menu Shop' is clicked on

2023-10-05 11:37:36 - [TEST_STEP][PASSED] - click(findTestObject("Konfirmasi pesanan shop/Menu Shop")): Object: 'Object Repository/Konfirmasi pesanan shop/Menu Shop' is clicked on

2023-10-05 11:37:37 - [MESSAGE][PASSED] - Object: 'Object Repository/Konfirmasi pesanan shop/Menu Shop' is clicked on

2023-10-05 11:37:37 - [TEST_STEP][PASSED] - click(findTestObject("Traking Order/a_Tracking Orders")): Object: 'Object Repository/Traking Order/a_Tracking Orders' is clicked on

2023-10-05 11:37:38 - [MESSAGE][PASSED] - Object: 'Object Repository/Traking Order/a_Tracking Orders' is clicked on

2023-10-05 11:37:38 - [TEST_STEP][PASSED] - verifyElementPresent(findTestObject("Traking Order/Tittle Tracking Order"), 0): Object 'Object Repository/Traking Order/Tittle Tracking Order' is present

2023-10-05 11:37:38 - [MESSAGE][WARNING] - Timeout '0' is invalid. Using default page load timeout: '30'

2023-10-05 11:37:39 - [MESSAGE][PASSED] - Object 'Object Repository/Traking Order/Tittle Tracking Order' is present

2023-10-05 11:37:39 - [TEST_STEP][PASSED] - inv = data.get("invoice"): null

2023-10-05 11:37:39 - [TEST_STEP][PASSED] - setText(findTestObject("Traking Order/input_No Pesanan_a"), inv): Text 'TRX60.20231005113600' is set on object 'Object Repository/Traking Order/input_No Pesanan_a'

2023-10-05 11:37:39 - [MESSAGE][PASSED] - Text 'TRX60.20231005113600' is set on object 'Object Repository/Traking Order/input_No Pesanan_a'

2023-10-05 11:37:39 - [TEST_STEP][PASSED] - setText(findTestObject("Traking Order/input_Alamat E-mail_form-control"), "irfan"): Text 'irfan' is set on object 'Object Repository/Traking Order/input_Alamat E-mail_form-control'

2023-10-05 11:37:40 - [MESSAGE][PASSED] - Text 'irfan' is set on object 'Object Repository/Traking Order/input_Alamat E-mail_form-control'

2023-10-05 11:37:40 - [TEST_STEP][PASSED] - click(findTestObject("Traking Order/button_Lacak Pesanan")): Object: 'Object Repository/Traking Order/button_Lacak Pesanan' is clicked on

2023-10-05 11:37:44 - [MESSAGE][PASSED] - Object: 'Object Repository/Traking Order/button_Lacak Pesanan' is clicked on

2023-10-05 11:37:44 - [TEST_STEP][FAILED] - verifyTextPresent("Email not valid", false): Unable to verify text 'Email not valid' is present  (Root cause: com.kms.katalon.core.exception.StepFailedException: Unable to verify text 'Email not valid' is present 
	at com.kms.katalon.core.webui.keyword.internal.WebUIKeywordMain.stepFailed(WebUIKeywordMain.groovy:64)
	at com.kms.katalon.core.webui.keyword.internal.WebUIKeywordMain.runKeyword(WebUIKeywordMain.groovy:26)
	at com.kms.katalon.core.webui.keyword.builtin.VerifyTextPresentKeyword.verifyTextPresent(VerifyTextPresentKeyword.groovy:83)
	at com.kms.katalon.core.webui.keyword.builtin.VerifyTextPresentKeyword.execute(VerifyTextPresentKeyword.groovy:68)
	at com.kms.katalon.core.keyword.internal.KeywordExecutor.executeKeywordForPlatform(KeywordExecutor.groovy:74)
	at com.kms.katalon.core.webui.keyword.WebUiBuiltInKeywords.verifyTextPresent(WebUiBuiltInKeywords.groovy:1723)
	at com.kms.katalon.core.webui.keyword.WebUiBuiltInKeywords$verifyTextPresent$7.call(Unknown Source)
	at SU-007.run(SU-007:60)
	at com.kms.katalon.core.main.ScriptEngine.run(ScriptEngine.java:194)
	at com.kms.katalon.core.main.ScriptEngine.runScriptAsRawText(ScriptEngine.java:119)
	at com.kms.katalon.core.main.TestCaseExecutor.runScript(TestCaseExecutor.java:448)
	at com.kms.katalon.core.main.TestCaseExecutor.doExecute(TestCaseExecutor.java:439)
	at com.kms.katalon.core.main.TestCaseExecutor.processExecutionPhase(TestCaseExecutor.java:418)
	at com.kms.katalon.core.main.TestCaseExecutor.accessMainPhase(TestCaseExecutor.java:410)
	at com.kms.katalon.core.main.TestCaseExecutor.execute(TestCaseExecutor.java:285)
	at com.kms.katalon.core.common.CommonExecutor.accessTestCaseMainPhase(CommonExecutor.java:65)
	at com.kms.katalon.core.main.TestSuiteExecutor.accessTestSuiteMainPhase(TestSuiteExecutor.java:148)
	at com.kms.katalon.core.main.TestSuiteExecutor.execute(TestSuiteExecutor.java:106)
	at com.kms.katalon.core.main.TestCaseMain.startTestSuite(TestCaseMain.java:187)
	at com.kms.katalon.core.main.TestCaseMain$startTestSuite$0.call(Unknown Source)
	at TempTestSuite1696477503821.run(TempTestSuite1696477503821.groovy:36)
Caused by: com.kms.katalon.core.exception.StepFailedException: Text 'Email not valid' is not present on page 
	at com.kms.katalon.core.webui.keyword.internal.WebUIKeywordMain.stepFailed(WebUIKeywordMain.groovy:64)
	at com.kms.katalon.core.webui.keyword.builtin.VerifyTextPresentKeyword$_verifyTextPresent_closure1.doCall(VerifyTextPresentKeyword.groovy:79)
	at com.kms.katalon.core.webui.keyword.builtin.VerifyTextPresentKeyword$_verifyTextPresent_closure1.call(VerifyTextPresentKeyword.groovy)
	at com.kms.katalon.core.webui.keyword.internal.WebUIKeywordMain.runKeyword(WebUIKeywordMain.groovy:20)
	... 19 more
)

2023-10-05 11:37:45 - [MESSAGE][FAILED] - Text 'Email not valid' is not present on page  (Root cause: com.kms.katalon.core.exception.StepFailedException: Text 'Email not valid' is not present on page 
	at com.kms.katalon.core.webui.keyword.internal.WebUIKeywordMain.stepFailed(WebUIKeywordMain.groovy:64)
	at com.kms.katalon.core.webui.keyword.builtin.VerifyTextPresentKeyword$_verifyTextPresent_closure1.doCall(VerifyTextPresentKeyword.groovy:79)
	at com.kms.katalon.core.webui.keyword.builtin.VerifyTextPresentKeyword$_verifyTextPresent_closure1.call(VerifyTextPresentKeyword.groovy)
	at com.kms.katalon.core.webui.keyword.internal.WebUIKeywordMain.runKeyword(WebUIKeywordMain.groovy:20)
	at com.kms.katalon.core.webui.keyword.builtin.VerifyTextPresentKeyword.verifyTextPresent(VerifyTextPresentKeyword.groovy:83)
	at com.kms.katalon.core.webui.keyword.builtin.VerifyTextPresentKeyword.execute(VerifyTextPresentKeyword.groovy:68)
	at com.kms.katalon.core.keyword.internal.KeywordExecutor.executeKeywordForPlatform(KeywordExecutor.groovy:74)
	at com.kms.katalon.core.webui.keyword.WebUiBuiltInKeywords.verifyTextPresent(WebUiBuiltInKeywords.groovy:1723)
	at com.kms.katalon.core.webui.keyword.WebUiBuiltInKeywords$verifyTextPresent$7.call(Unknown Source)
	at SU-007.run(SU-007:60)
	at com.kms.katalon.core.main.ScriptEngine.run(ScriptEngine.java:194)
	at com.kms.katalon.core.main.ScriptEngine.runScriptAsRawText(ScriptEngine.java:119)
	at com.kms.katalon.core.main.TestCaseExecutor.runScript(TestCaseExecutor.java:448)
	at com.kms.katalon.core.main.TestCaseExecutor.doExecute(TestCaseExecutor.java:439)
	at com.kms.katalon.core.main.TestCaseExecutor.processExecutionPhase(TestCaseExecutor.java:418)
	at com.kms.katalon.core.main.TestCaseExecutor.accessMainPhase(TestCaseExecutor.java:410)
	at com.kms.katalon.core.main.TestCaseExecutor.execute(TestCaseExecutor.java:285)
	at com.kms.katalon.core.common.CommonExecutor.accessTestCaseMainPhase(CommonExecutor.java:65)
	at com.kms.katalon.core.main.TestSuiteExecutor.accessTestSuiteMainPhase(TestSuiteExecutor.java:148)
	at com.kms.katalon.core.main.TestSuiteExecutor.execute(TestSuiteExecutor.java:106)
	at com.kms.katalon.core.main.TestCaseMain.startTestSuite(TestCaseMain.java:187)
	at com.kms.katalon.core.main.TestCaseMain$startTestSuite$0.call(Unknown Source)
	at TempTestSuite1696477503821.run(TempTestSuite1696477503821.groovy:36)
)

2023-10-05 11:37:45 - [MESSAGE][FAILED] - Unable to verify text 'Email not valid' is present  (Root cause: com.kms.katalon.core.exception.StepFailedException: Unable to verify text 'Email not valid' is present 
	at com.kms.katalon.core.webui.keyword.internal.WebUIKeywordMain.stepFailed(WebUIKeywordMain.groovy:64)
	at com.kms.katalon.core.webui.keyword.internal.WebUIKeywordMain.runKeyword(WebUIKeywordMain.groovy:26)
	at com.kms.katalon.core.webui.keyword.builtin.VerifyTextPresentKeyword.verifyTextPresent(VerifyTextPresentKeyword.groovy:83)
	at com.kms.katalon.core.webui.keyword.builtin.VerifyTextPresentKeyword.execute(VerifyTextPresentKeyword.groovy:68)
	at com.kms.katalon.core.keyword.internal.KeywordExecutor.executeKeywordForPlatform(KeywordExecutor.groovy:74)
	at com.kms.katalon.core.webui.keyword.WebUiBuiltInKeywords.verifyTextPresent(WebUiBuiltInKeywords.groovy:1723)
	at com.kms.katalon.core.webui.keyword.WebUiBuiltInKeywords$verifyTextPresent$7.call(Unknown Source)
	at SU-007.run(SU-007:60)
	at com.kms.katalon.core.main.ScriptEngine.run(ScriptEngine.java:194)
	at com.kms.katalon.core.main.ScriptEngine.runScriptAsRawText(ScriptEngine.java:119)
	at com.kms.katalon.core.main.TestCaseExecutor.runScript(TestCaseExecutor.java:448)
	at com.kms.katalon.core.main.TestCaseExecutor.doExecute(TestCaseExecutor.java:439)
	at com.kms.katalon.core.main.TestCaseExecutor.processExecutionPhase(TestCaseExecutor.java:418)
	at com.kms.katalon.core.main.TestCaseExecutor.accessMainPhase(TestCaseExecutor.java:410)
	at com.kms.katalon.core.main.TestCaseExecutor.execute(TestCaseExecutor.java:285)
	at com.kms.katalon.core.common.CommonExecutor.accessTestCaseMainPhase(CommonExecutor.java:65)
	at com.kms.katalon.core.main.TestSuiteExecutor.accessTestSuiteMainPhase(TestSuiteExecutor.java:148)
	at com.kms.katalon.core.main.TestSuiteExecutor.execute(TestSuiteExecutor.java:106)
	at com.kms.katalon.core.main.TestCaseMain.startTestSuite(TestCaseMain.java:187)
	at com.kms.katalon.core.main.TestCaseMain$startTestSuite$0.call(Unknown Source)
	at TempTestSuite1696477503821.run(TempTestSuite1696477503821.groovy:36)
Caused by: com.kms.katalon.core.exception.StepFailedException: Text 'Email not valid' is not present on page 
	at com.kms.katalon.core.webui.keyword.internal.WebUIKeywordMain.stepFailed(WebUIKeywordMain.groovy:64)
	at com.kms.katalon.core.webui.keyword.builtin.VerifyTextPresentKeyword$_verifyTextPresent_closure1.doCall(VerifyTextPresentKeyword.groovy:79)
	at com.kms.katalon.core.webui.keyword.builtin.VerifyTextPresentKeyword$_verifyTextPresent_closure1.call(VerifyTextPresentKeyword.groovy)
	at com.kms.katalon.core.webui.keyword.internal.WebUIKeywordMain.runKeyword(WebUIKeywordMain.groovy:20)
	... 19 more
)
[[ATTACHMENT|C:\\FT2 XSIS\\Projek 2 MINI PROJEK\\Reports\\20231005_104503\\T13 Pembelian, Shipment dan Pembayaran\\T13 Pembelian, Shipment dan Pembayaran\\20231005_104503\\1696480665466.png]]]]></system-out>
         <system-err><![CDATA[2023-10-05 11:35:22 - [TEST_CASE][FAILED] - Test Cases/T13 Pembelian, Shipment dan Pembayaran/SU-007: Test Cases/T13 Pembelian, Shipment dan Pembayaran/SU-007 FAILED.
Reason:
com.kms.katalon.core.exception.StepFailedException: Unable to verify text 'Email not valid' is present 
	at com.kms.katalon.core.webui.keyword.internal.WebUIKeywordMain.stepFailed(WebUIKeywordMain.groovy:64)
	at com.kms.katalon.core.webui.keyword.internal.WebUIKeywordMain.runKeyword(WebUIKeywordMain.groovy:26)
	at com.kms.katalon.core.webui.keyword.builtin.VerifyTextPresentKeyword.verifyTextPresent(VerifyTextPresentKeyword.groovy:83)
	at com.kms.katalon.core.webui.keyword.builtin.VerifyTextPresentKeyword.execute(VerifyTextPresentKeyword.groovy:68)
	at com.kms.katalon.core.keyword.internal.KeywordExecutor.executeKeywordForPlatform(KeywordExecutor.groovy:74)
	at com.kms.katalon.core.webui.keyword.WebUiBuiltInKeywords.verifyTextPresent(WebUiBuiltInKeywords.groovy:1723)
	at com.kms.katalon.core.webui.keyword.WebUiBuiltInKeywords$verifyTextPresent$7.call(Unknown Source)
	at SU-007.run(SU-007:60)
	at com.kms.katalon.core.main.ScriptEngine.run(ScriptEngine.java:194)
	at com.kms.katalon.core.main.ScriptEngine.runScriptAsRawText(ScriptEngine.java:119)
	at com.kms.katalon.core.main.TestCaseExecutor.runScript(TestCaseExecutor.java:448)
	at com.kms.katalon.core.main.TestCaseExecutor.doExecute(TestCaseExecutor.java:439)
	at com.kms.katalon.core.main.TestCaseExecutor.processExecutionPhase(TestCaseExecutor.java:418)
	at com.kms.katalon.core.main.TestCaseExecutor.accessMainPhase(TestCaseExecutor.java:410)
	at com.kms.katalon.core.main.TestCaseExecutor.execute(TestCaseExecutor.java:285)
	at com.kms.katalon.core.common.CommonExecutor.accessTestCaseMainPhase(CommonExecutor.java:65)
	at com.kms.katalon.core.main.TestSuiteExecutor.accessTestSuiteMainPhase(TestSuiteExecutor.java:148)
	at com.kms.katalon.core.main.TestSuiteExecutor.execute(TestSuiteExecutor.java:106)
	at com.kms.katalon.core.main.TestCaseMain.startTestSuite(TestCaseMain.java:187)
	at com.kms.katalon.core.main.TestCaseMain$startTestSuite$0.call(Unknown Source)
	at TempTestSuite1696477503821.run(TempTestSuite1696477503821.groovy:36)
Caused by: com.kms.katalon.core.exception.StepFailedException: Text 'Email not valid' is not present on page 
	at com.kms.katalon.core.webui.keyword.internal.WebUIKeywordMain.stepFailed(WebUIKeywordMain.groovy:64)
	at com.kms.katalon.core.webui.keyword.builtin.VerifyTextPresentKeyword$_verifyTextPresent_closure1.doCall(VerifyTextPresentKeyword.groovy:79)
	at com.kms.katalon.core.webui.keyword.builtin.VerifyTextPresentKeyword$_verifyTextPresent_closure1.call(VerifyTextPresentKeyword.groovy)
	at com.kms.katalon.core.webui.keyword.internal.WebUIKeywordMain.runKeyword(WebUIKeywordMain.groovy:20)
	... 19 more]]></system-err>
      </testcase>
      <testcase name="Test Cases/T13 Pembelian, Shipment dan Pembayaran/SU-008" time="137.255" classname="Test Cases/T13 Pembelian, Shipment dan Pembayaran/SU-008" status="FAILED">
         <failure type="FAILED" message="Test Cases/T13 Pembelian, Shipment dan Pembayaran/SU-008 FAILED.
Reason:
com.kms.katalon.core.exception.StepFailedException: Unable to verify text 'number invoice not valid' is present 
	at com.kms.katalon.core.webui.keyword.internal.WebUIKeywordMain.stepFailed(WebUIKeywordMain.groovy:64)
	at com.kms.katalon.core.webui.keyword.internal.WebUIKeywordMain.runKeyword(WebUIKeywordMain.groovy:26)
	at com.kms.katalon.core.webui.keyword.builtin.VerifyTextPresentKeyword.verifyTextPresent(VerifyTextPresentKeyword.groovy:83)
	at com.kms.katalon.core.webui.keyword.builtin.VerifyTextPresentKeyword.execute(VerifyTextPresentKeyword.groovy:68)
	at com.kms.katalon.core.keyword.internal.KeywordExecutor.executeKeywordForPlatform(KeywordExecutor.groovy:74)
	at com.kms.katalon.core.webui.keyword.WebUiBuiltInKeywords.verifyTextPresent(WebUiBuiltInKeywords.groovy:1723)
	at com.kms.katalon.core.webui.keyword.WebUiBuiltInKeywords$verifyTextPresent$7.call(Unknown Source)
	at SU-008.run(SU-008:60)
	at com.kms.katalon.core.main.ScriptEngine.run(ScriptEngine.java:194)
	at com.kms.katalon.core.main.ScriptEngine.runScriptAsRawText(ScriptEngine.java:119)
	at com.kms.katalon.core.main.TestCaseExecutor.runScript(TestCaseExecutor.java:448)
	at com.kms.katalon.core.main.TestCaseExecutor.doExecute(TestCaseExecutor.java:439)
	at com.kms.katalon.core.main.TestCaseExecutor.processExecutionPhase(TestCaseExecutor.java:418)
	at com.kms.katalon.core.main.TestCaseExecutor.accessMainPhase(TestCaseExecutor.java:410)
	at com.kms.katalon.core.main.TestCaseExecutor.execute(TestCaseExecutor.java:285)
	at com.kms.katalon.core.common.CommonExecutor.accessTestCaseMainPhase(CommonExecutor.java:65)
	at com.kms.katalon.core.main.TestSuiteExecutor.accessTestSuiteMainPhase(TestSuiteExecutor.java:148)
	at com.kms.katalon.core.main.TestSuiteExecutor.execute(TestSuiteExecutor.java:106)
	at com.kms.katalon.core.main.TestCaseMain.startTestSuite(TestCaseMain.java:187)
	at com.kms.katalon.core.main.TestCaseMain$startTestSuite$0.call(Unknown Source)
	at TempTestSuite1696477503821.run(TempTestSuite1696477503821.groovy:36)
Caused by: com.kms.katalon.core.exception.StepFailedException: Text 'number invoice not valid' is not present on page 
	at com.kms.katalon.core.webui.keyword.internal.WebUIKeywordMain.stepFailed(WebUIKeywordMain.groovy:64)
	at com.kms.katalon.core.webui.keyword.builtin.VerifyTextPresentKeyword$_verifyTextPresent_closure1.doCall(VerifyTextPresentKeyword.groovy:79)
	at com.kms.katalon.core.webui.keyword.builtin.VerifyTextPresentKeyword$_verifyTextPresent_closure1.call(VerifyTextPresentKeyword.groovy)
	at com.kms.katalon.core.webui.keyword.internal.WebUIKeywordMain.runKeyword(WebUIKeywordMain.groovy:20)
	... 19 more
"/>
         <system-out><![CDATA[2023-10-05 11:37:45 - [TEST_CASE][FAILED] - Test Cases/T13 Pembelian, Shipment dan Pembayaran/SU-008: Test Cases/T13 Pembelian, Shipment dan Pembayaran/SU-008 FAILED.
Reason:
com.kms.katalon.core.exception.StepFailedException: Unable to verify text 'number invoice not valid' is present 
	at com.kms.katalon.core.webui.keyword.internal.WebUIKeywordMain.stepFailed(WebUIKeywordMain.groovy:64)
	at com.kms.katalon.core.webui.keyword.internal.WebUIKeywordMain.runKeyword(WebUIKeywordMain.groovy:26)
	at com.kms.katalon.core.webui.keyword.builtin.VerifyTextPresentKeyword.verifyTextPresent(VerifyTextPresentKeyword.groovy:83)
	at com.kms.katalon.core.webui.keyword.builtin.VerifyTextPresentKeyword.execute(VerifyTextPresentKeyword.groovy:68)
	at com.kms.katalon.core.keyword.internal.KeywordExecutor.executeKeywordForPlatform(KeywordExecutor.groovy:74)
	at com.kms.katalon.core.webui.keyword.WebUiBuiltInKeywords.verifyTextPresent(WebUiBuiltInKeywords.groovy:1723)
	at com.kms.katalon.core.webui.keyword.WebUiBuiltInKeywords$verifyTextPresent$7.call(Unknown Source)
	at SU-008.run(SU-008:60)
	at com.kms.katalon.core.main.ScriptEngine.run(ScriptEngine.java:194)
	at com.kms.katalon.core.main.ScriptEngine.runScriptAsRawText(ScriptEngine.java:119)
	at com.kms.katalon.core.main.TestCaseExecutor.runScript(TestCaseExecutor.java:448)
	at com.kms.katalon.core.main.TestCaseExecutor.doExecute(TestCaseExecutor.java:439)
	at com.kms.katalon.core.main.TestCaseExecutor.processExecutionPhase(TestCaseExecutor.java:418)
	at com.kms.katalon.core.main.TestCaseExecutor.accessMainPhase(TestCaseExecutor.java:410)
	at com.kms.katalon.core.main.TestCaseExecutor.execute(TestCaseExecutor.java:285)
	at com.kms.katalon.core.common.CommonExecutor.accessTestCaseMainPhase(CommonExecutor.java:65)
	at com.kms.katalon.core.main.TestSuiteExecutor.accessTestSuiteMainPhase(TestSuiteExecutor.java:148)
	at com.kms.katalon.core.main.TestSuiteExecutor.execute(TestSuiteExecutor.java:106)
	at com.kms.katalon.core.main.TestCaseMain.startTestSuite(TestCaseMain.java:187)
	at com.kms.katalon.core.main.TestCaseMain$startTestSuite$0.call(Unknown Source)
	at TempTestSuite1696477503821.run(TempTestSuite1696477503821.groovy:36)
Caused by: com.kms.katalon.core.exception.StepFailedException: Text 'number invoice not valid' is not present on page 
	at com.kms.katalon.core.webui.keyword.internal.WebUIKeywordMain.stepFailed(WebUIKeywordMain.groovy:64)
	at com.kms.katalon.core.webui.keyword.builtin.VerifyTextPresentKeyword$_verifyTextPresent_closure1.doCall(VerifyTextPresentKeyword.groovy:79)
	at com.kms.katalon.core.webui.keyword.builtin.VerifyTextPresentKeyword$_verifyTextPresent_closure1.call(VerifyTextPresentKeyword.groovy)
	at com.kms.katalon.core.webui.keyword.internal.WebUIKeywordMain.runKeyword(WebUIKeywordMain.groovy:20)
	... 19 more


2023-10-05 11:37:46 - [TEST_STEP][PASSED] - data = callTestCase(findTestCase("T13 Pembelian, Shipment dan Pembayaran/SA-005"), [:], STOP_ON_FAILURE): Call Test Case 'Test Cases/T13 Pembelian, Shipment dan Pembayaran/SA-005' successfully

2023-10-05 11:37:46 - [TEST_CASE][PASSED] - Test Cases/T13 Pembelian, Shipment dan Pembayaran/SA-005: Test Cases/T13 Pembelian, Shipment dan Pembayaran/SA-005

2023-10-05 11:37:46 - [TEST_STEP][PASSED] - data = callTestCase(findTestCase("T13 Pembelian, Shipment dan Pembayaran/SA-002"), [:], STOP_ON_FAILURE): Call Test Case 'Test Cases/T13 Pembelian, Shipment dan Pembayaran/SA-002' successfully

2023-10-05 11:37:46 - [TEST_CASE][PASSED] - Test Cases/T13 Pembelian, Shipment dan Pembayaran/SA-002: Test Cases/T13 Pembelian, Shipment dan Pembayaran/SA-002

2023-10-05 11:37:46 - [TEST_STEP][PASSED] - data = callTestCase(findTestCase("T13 Pembelian, Shipment dan Pembayaran/SA-001"), [:], STOP_ON_FAILURE): Call Test Case 'Test Cases/T13 Pembelian, Shipment dan Pembayaran/SA-001' successfully

2023-10-05 11:37:46 - [TEST_CASE][PASSED] - Test Cases/T13 Pembelian, Shipment dan Pembayaran/SA-001: Test Cases/T13 Pembelian, Shipment dan Pembayaran/SA-001

2023-10-05 11:37:46 - [TEST_STEP][PASSED] - data = callTestCase(findTestCase("T13 Pembelian, Shipment dan Pembayaran/PBYA-001"), [:], STOP_ON_FAILURE): Call Test Case 'Test Cases/T13 Pembelian, Shipment dan Pembayaran/PBYA-001' successfully

2023-10-05 11:37:46 - [TEST_CASE][PASSED] - Test Cases/T13 Pembelian, Shipment dan Pembayaran/PBYA-001: Test Cases/T13 Pembelian, Shipment dan Pembayaran/PBYA-001

2023-10-05 11:37:46 - [TEST_STEP][PASSED] - data = callTestCase(findTestCase("T13 Pembelian, Shipment dan Pembayaran/PBY-004"), [:], STOP_ON_FAILURE): Call Test Case 'Test Cases/T13 Pembelian, Shipment dan Pembayaran/PBY-004' successfully

2023-10-05 11:37:46 - [TEST_CASE][PASSED] - Test Cases/T13 Pembelian, Shipment dan Pembayaran/PBY-004: Test Cases/T13 Pembelian, Shipment dan Pembayaran/PBY-004

2023-10-05 11:37:46 - [TEST_STEP][PASSED] - data = callTestCase(findTestCase("T13 Pembelian, Shipment dan Pembayaran/PBY-001"), [:], STOP_ON_FAILURE): Call Test Case 'Test Cases/T13 Pembelian, Shipment dan Pembayaran/PBY-001' successfully

2023-10-05 11:37:46 - [TEST_CASE][PASSED] - Test Cases/T13 Pembelian, Shipment dan Pembayaran/PBY-001: Test Cases/T13 Pembelian, Shipment dan Pembayaran/PBY-001

2023-10-05 11:37:46 - [TEST_STEP][PASSED] - data = callTestCase(findTestCase("T13 Pembelian, Shipment dan Pembayaran/PBL-004"), ["Kurir":"Roda 2"], STOP_ON_FAILURE): Call Test Case 'Test Cases/T13 Pembelian, Shipment dan Pembayaran/PBL-004' successfully

2023-10-05 11:37:46 - [TEST_CASE][PASSED] - Test Cases/T13 Pembelian, Shipment dan Pembayaran/PBL-004: Test Cases/T13 Pembelian, Shipment dan Pembayaran/PBL-004

2023-10-05 11:37:46 - [TEST_STEP][PASSED] - data = callTestCase(findTestCase("T13 Pembelian, Shipment dan Pembayaran/PBL-002"), [:], STOP_ON_FAILURE): Call Test Case 'Test Cases/T13 Pembelian, Shipment dan Pembayaran/PBL-002' successfully

2023-10-05 11:37:46 - [TEST_CASE][PASSED] - Test Cases/T13 Pembelian, Shipment dan Pembayaran/PBL-002: Test Cases/T13 Pembelian, Shipment dan Pembayaran/PBL-002

2023-10-05 11:37:46 - [TEST_STEP][PASSED] - data = callTestCase(findTestCase("T13 Pembelian, Shipment dan Pembayaran/PBL-001"), [:], STOP_ON_FAILURE): Call Test Case 'Test Cases/T13 Pembelian, Shipment dan Pembayaran/PBL-001' successfully

2023-10-05 11:37:46 - [TEST_CASE][PASSED] - Test Cases/T13 Pembelian, Shipment dan Pembayaran/PBL-001: Test Cases/T13 Pembelian, Shipment dan Pembayaran/PBL-001

2023-10-05 11:37:46 - [TEST_STEP][PASSED] - callTestCase(findTestCase("T13 Pembelian, Shipment dan Pembayaran/LU-001"), ["username":"irfanafandi", "password":"12345irfan"], STOP_ON_FAILURE): Call Test Case 'Test Cases/T13 Pembelian, Shipment dan Pembayaran/LU-001' successfully

2023-10-05 11:37:46 - [TEST_CASE][PASSED] - Test Cases/T13 Pembelian, Shipment dan Pembayaran/LU-001: Test Cases/T13 Pembelian, Shipment dan Pembayaran/LU-001

2023-10-05 11:37:46 - [TEST_STEP][PASSED] - openBrowser("https://10.9.2.63/ecommerce/"): Browser is opened with url: 'https://10.9.2.63/ecommerce/'

2023-10-05 11:37:46 - [MESSAGE][WARNING] - A browser is already opened. Closing browser and opening a new one

2023-10-05 11:37:47 - [MESSAGE][INFO] - Starting 'Edge Chromium' driver

2023-10-05 11:37:47 - [MESSAGE][INFO] - User set preference: ['acceptInsecureCerts', 'true']

2023-10-05 11:37:49 - [MESSAGE][INFO] - Action delay is set to 0 milliseconds

2023-10-05 11:37:52 - [MESSAGE][PASSED] - Browser is opened with url: 'https://10.9.2.63/ecommerce/'

2023-10-05 11:37:52 - [TEST_STEP][PASSED] - maximizeWindow(): Current window maximized

2023-10-05 11:37:52 - [MESSAGE][PASSED] - Current window maximized

2023-10-05 11:37:52 - [TEST_STEP][PASSED] - verifyElementPresent(findTestObject("Login/Home"), 0): Object 'Object Repository/Login/Home' is present

2023-10-05 11:37:53 - [MESSAGE][WARNING] - Timeout '0' is invalid. Using default page load timeout: '30'

2023-10-05 11:37:53 - [MESSAGE][PASSED] - Object 'Object Repository/Login/Home' is present

2023-10-05 11:37:53 - [TEST_STEP][PASSED] - click(findTestObject("Login/a_Login")): Object: 'Object Repository/Login/a_Login' is clicked on

2023-10-05 11:37:54 - [MESSAGE][PASSED] - Object: 'Object Repository/Login/a_Login' is clicked on

2023-10-05 11:37:54 - [TEST_STEP][PASSED] - verifyElementPresent(findTestObject("Login/Tittle Login"), 0): Object 'Object Repository/Login/Tittle Login' is present

2023-10-05 11:37:54 - [MESSAGE][WARNING] - Timeout '0' is invalid. Using default page load timeout: '30'

2023-10-05 11:37:54 - [MESSAGE][PASSED] - Object 'Object Repository/Login/Tittle Login' is present

2023-10-05 11:37:54 - [TEST_STEP][PASSED] - setText(findTestObject("Login/input_Username, Email atau No. Handphone_a"), username): Text 'irfanafandi' is set on object 'Object Repository/Login/input_Username, Email atau No. Handphone_a'

2023-10-05 11:37:55 - [MESSAGE][PASSED] - Text 'irfanafandi' is set on object 'Object Repository/Login/input_Username, Email atau No. Handphone_a'

2023-10-05 11:37:55 - [TEST_STEP][PASSED] - setText(findTestObject("Login/input_Password_b"), password): Text '12345irfan' is set on object 'Object Repository/Login/input_Password_b'

2023-10-05 11:37:56 - [MESSAGE][PASSED] - Text '12345irfan' is set on object 'Object Repository/Login/input_Password_b'

2023-10-05 11:37:56 - [TEST_STEP][PASSED] - click(findTestObject("Login/label_Ingat saya")): Object: 'Object Repository/Login/label_Ingat saya' is clicked on

2023-10-05 11:37:56 - [MESSAGE][PASSED] - Object: 'Object Repository/Login/label_Ingat saya' is clicked on

2023-10-05 11:37:56 - [TEST_STEP][PASSED] - click(findTestObject("Login/button_Masuk")): Object: 'Object Repository/Login/button_Masuk' is clicked on

2023-10-05 11:37:58 - [MESSAGE][PASSED] - Object: 'Object Repository/Login/button_Masuk' is clicked on

2023-10-05 11:37:58 - [TEST_STEP][PASSED] - verifyElementPresent(findTestObject("Login/li_Profile"), 0): Object 'Object Repository/Login/li_Profile' is present

2023-10-05 11:37:58 - [MESSAGE][WARNING] - Timeout '0' is invalid. Using default page load timeout: '30'

2023-10-05 11:37:58 - [MESSAGE][PASSED] - Object 'Object Repository/Login/li_Profile' is present

2023-10-05 11:37:58 - [MESSAGE][PASSED] - Call Test Case 'Test Cases/T13 Pembelian, Shipment dan Pembayaran/LU-001' successfully

2023-10-05 11:37:58 - [TEST_STEP][PASSED] - mouseOver(findTestObject("beli barang/i_Mulai Belanja_icon-menu")): Object: 'Object Repository/beli barang/i_Mulai Belanja_icon-menu' is hovered

2023-10-05 11:37:59 - [MESSAGE][PASSED] - Object: 'Object Repository/beli barang/i_Mulai Belanja_icon-menu' is hovered

2023-10-05 11:37:59 - [TEST_STEP][PASSED] - click(findTestObject("beli barang/a_Fashion  Busana Wanita")): Object: 'Object Repository/beli barang/a_Fashion  Busana Wanita' is clicked on

2023-10-05 11:38:00 - [MESSAGE][PASSED] - Object: 'Object Repository/beli barang/a_Fashion  Busana Wanita' is clicked on

2023-10-05 11:38:00 - [TEST_STEP][PASSED] - NamaSebelum = getText(findTestObject("verifikasi/Nama sebelum")): Text of object 'Object Repository/verifikasi/Nama sebelum' is: ''

2023-10-05 11:38:01 - [MESSAGE][PASSED] - Text of object 'Object Repository/verifikasi/Nama sebelum' is: ''

2023-10-05 11:38:01 - [TEST_STEP][PASSED] - HargaSebelum = getText(findTestObject("verifikasi/Harga sebelum")): Text of object 'Object Repository/verifikasi/Harga sebelum' is: 'Rp 1,299'

2023-10-05 11:38:01 - [MESSAGE][PASSED] - Text of object 'Object Repository/verifikasi/Harga sebelum' is: 'Rp 1,299'

2023-10-05 11:38:01 - [TEST_STEP][PASSED] - mouseOver(findTestObject("beli barang/barang mouse over")): Object: 'Object Repository/beli barang/barang mouse over' is hovered

2023-10-05 11:38:02 - [MESSAGE][PASSED] - Object: 'Object Repository/beli barang/barang mouse over' is hovered

2023-10-05 11:38:02 - [TEST_STEP][PASSED] - click(findTestObject("beli barang/buttom add to cart")): Object: 'Object Repository/beli barang/buttom add to cart' is clicked on

2023-10-05 11:38:04 - [MESSAGE][PASSED] - Object: 'Object Repository/beli barang/buttom add to cart' is clicked on

2023-10-05 11:38:04 - [TEST_STEP][PASSED] - NamaSesudah = getText(findTestObject("verifikasi/Nama sesudah")): Text of object 'Object Repository/verifikasi/Nama sesudah' is: 'Segitiga Instan Madeira - MDB5.3 Sunset'

2023-10-05 11:38:04 - [MESSAGE][PASSED] - Text of object 'Object Repository/verifikasi/Nama sesudah' is: 'Segitiga Instan Madeira - MDB5.3 Sunset'

2023-10-05 11:38:04 - [TEST_STEP][PASSED] - HargaSesudah = getText(findTestObject("verifikasi/Harga sesudah")): Text of object 'Object Repository/verifikasi/Harga sesudah' is: 'Rp 1,299'

2023-10-05 11:38:05 - [MESSAGE][PASSED] - Text of object 'Object Repository/verifikasi/Harga sesudah' is: 'Rp 1,299'

2023-10-05 11:38:05 - [TEST_STEP][PASSED] - assert NamaSesudah.contains(NamaSebelum): null

2023-10-05 11:38:05 - [TEST_STEP][PASSED] - assert HargaSesudah.contains(HargaSebelum): null

2023-10-05 11:38:05 - [TEST_STEP][PASSED] - click(findTestObject("beli barang/Tambah Keranjang busana wanita")): Object: 'Object Repository/beli barang/Tambah Keranjang busana wanita' is clicked on

2023-10-05 11:38:05 - [MESSAGE][PASSED] - Object: 'Object Repository/beli barang/Tambah Keranjang busana wanita' is clicked on

2023-10-05 11:38:05 - [TEST_STEP][PASSED] - verifyElementPresent(findTestObject("checkout/Notifikasi keranjang"), 1): Object 'Object Repository/checkout/Notifikasi keranjang' is present

2023-10-05 11:38:06 - [MESSAGE][PASSED] - Object 'Object Repository/checkout/Notifikasi keranjang' is present

2023-10-05 11:38:06 - [TEST_STEP][PASSED] - data = new java.util.HashMap(): null

2023-10-05 11:38:06 - [TEST_STEP][PASSED] - data.put("nama_barang", NamaSesudah): null

2023-10-05 11:38:06 - [TEST_STEP][PASSED] - data.put("price_barang", HargaSesudah): null

2023-10-05 11:38:06 - [TEST_STEP][PASSED] - return data: null

2023-10-05 11:38:06 - [MESSAGE][PASSED] - Call Test Case 'Test Cases/T13 Pembelian, Shipment dan Pembayaran/PBL-001' successfully

2023-10-05 11:38:06 - [TEST_STEP][PASSED] - mouseOver(findTestObject("beli barang/keranjang")): Object: 'Object Repository/beli barang/keranjang' is hovered

2023-10-05 11:38:06 - [MESSAGE][PASSED] - Object: 'Object Repository/beli barang/keranjang' is hovered

2023-10-05 11:38:06 - [TEST_STEP][PASSED] - click(findTestObject("beli barang/Lihat Sekarang")): Object: 'Object Repository/beli barang/Lihat Sekarang' is clicked on

2023-10-05 11:38:08 - [MESSAGE][PASSED] - Object: 'Object Repository/beli barang/Lihat Sekarang' is clicked on

2023-10-05 11:38:08 - [TEST_STEP][PASSED] - verifyElementPresent(findTestObject("keranjang/li_Keranjang Belanja"), 0): Object 'Object Repository/keranjang/li_Keranjang Belanja' is present

2023-10-05 11:38:08 - [MESSAGE][WARNING] - Timeout '0' is invalid. Using default page load timeout: '30'

2023-10-05 11:38:09 - [MESSAGE][PASSED] - Object 'Object Repository/keranjang/li_Keranjang Belanja' is present

2023-10-05 11:38:09 - [TEST_STEP][PASSED] - NamaKeranjang = getText(findTestObject("verifikasi/Nama keranjang")): Text of object 'Object Repository/verifikasi/Nama keranjang' is: 'Segitiga Instan Madeira - MDB5.3 Sunset'

2023-10-05 11:38:10 - [MESSAGE][PASSED] - Text of object 'Object Repository/verifikasi/Nama keranjang' is: 'Segitiga Instan Madeira - MDB5.3 Sunset'

2023-10-05 11:38:10 - [TEST_STEP][PASSED] - HargaKeranjang = getText(findTestObject("verifikasi/Harga Keranjang")): Text of object 'Object Repository/verifikasi/Harga Keranjang' is: 'Rp 1,299'

2023-10-05 11:38:10 - [MESSAGE][PASSED] - Text of object 'Object Repository/verifikasi/Harga Keranjang' is: 'Rp 1,299'

2023-10-05 11:38:10 - [TEST_STEP][PASSED] - if (toString().equalsIgnoreCase("Merah")): Object 'Object Repository/keranjang/input_Warna_variasi101' is checked

2023-10-05 11:38:10 - [TEST_STEP][PASSED] - check(findTestObject("Object Repository/keranjang/input_Warna_variasi101")): Object 'Object Repository/keranjang/input_Warna_variasi101' is checked

2023-10-05 11:38:10 - [MESSAGE][PASSED] - Object 'Object Repository/keranjang/input_Warna_variasi101' is checked

2023-10-05 11:38:10 - [TEST_STEP][PASSED] - if (toString().equalsIgnoreCase("Menengah")): Object 'Object Repository/keranjang/input_Ukuran_variasi201' is checked

2023-10-05 11:38:10 - [TEST_STEP][PASSED] - check(findTestObject("Object Repository/keranjang/input_Ukuran_variasi201")): Object 'Object Repository/keranjang/input_Ukuran_variasi201' is checked

2023-10-05 11:38:11 - [MESSAGE][PASSED] - Object 'Object Repository/keranjang/input_Ukuran_variasi201' is checked

2023-10-05 11:38:11 - [TEST_STEP][PASSED] - data.put("Warna", warna): null

2023-10-05 11:38:11 - [TEST_STEP][PASSED] - data.put("Ukuran", ukuran): null

2023-10-05 11:38:11 - [TEST_STEP][PASSED] - click(findTestObject("keranjang/button_Lanjut ke Pembayaran")): Object: 'Object Repository/keranjang/button_Lanjut ke Pembayaran' is clicked on

2023-10-05 11:38:12 - [MESSAGE][PASSED] - Object: 'Object Repository/keranjang/button_Lanjut ke Pembayaran' is clicked on

2023-10-05 11:38:12 - [TEST_STEP][PASSED] - verifyElementPresent(findTestObject("checkout/Tittle Checkout Order"), 0): Object 'Object Repository/checkout/Tittle Checkout Order' is present

2023-10-05 11:38:12 - [MESSAGE][WARNING] - Timeout '0' is invalid. Using default page load timeout: '30'

2023-10-05 11:38:13 - [MESSAGE][PASSED] - Object 'Object Repository/checkout/Tittle Checkout Order' is present

2023-10-05 11:38:13 - [TEST_STEP][PASSED] - name_product = data.get("nama_barang"): null

2023-10-05 11:38:13 - [TEST_STEP][PASSED] - price_product = data.get("price_barang"): null

2023-10-05 11:38:13 - [TEST_STEP][PASSED] - assert name_product == NamaKeranjang: null

2023-10-05 11:38:13 - [TEST_STEP][PASSED] - assert price_product == HargaKeranjang: null

2023-10-05 11:38:13 - [TEST_STEP][PASSED] - return data: null

2023-10-05 11:38:13 - [MESSAGE][PASSED] - Call Test Case 'Test Cases/T13 Pembelian, Shipment dan Pembayaran/PBL-002' successfully

2023-10-05 11:38:13 - [TEST_STEP][PASSED] - warnaa = getText(findTestObject("verifikasi/warna Merah")): Text of object 'Object Repository/verifikasi/warna Merah' is: 'Merah'

2023-10-05 11:38:13 - [MESSAGE][PASSED] - Text of object 'Object Repository/verifikasi/warna Merah' is: 'Merah'

2023-10-05 11:38:13 - [TEST_STEP][PASSED] - ukurann = getText(findTestObject("verifikasi/Ukuran Menengah")): Text of object 'Object Repository/verifikasi/Ukuran Menengah' is: 'Menengah'

2023-10-05 11:38:14 - [MESSAGE][PASSED] - Text of object 'Object Repository/verifikasi/Ukuran Menengah' is: 'Menengah'

2023-10-05 11:38:14 - [TEST_STEP][PASSED] - warna1 = data.get("Warna"): null

2023-10-05 11:38:14 - [TEST_STEP][PASSED] - ukuran1 = data.get("Ukuran"): null

2023-10-05 11:38:14 - [TEST_STEP][PASSED] - assert warnaa == warna1: null

2023-10-05 11:38:14 - [TEST_STEP][PASSED] - assert ukurann == ukuran1: null

2023-10-05 11:38:14 - [TEST_STEP][PASSED] - NamaCheckout = getText(findTestObject("verifikasi/NamaCheckout")): Text of object 'Object Repository/verifikasi/NamaCheckout' is: ''

2023-10-05 11:38:14 - [MESSAGE][PASSED] - Text of object 'Object Repository/verifikasi/NamaCheckout' is: ''

2023-10-05 11:38:14 - [TEST_STEP][PASSED] - HargaCheckout = getText(findTestObject("verifikasi/HargaCheckout")): Text of object 'Object Repository/verifikasi/HargaCheckout' is: '1,299'

2023-10-05 11:38:14 - [MESSAGE][PASSED] - Text of object 'Object Repository/verifikasi/HargaCheckout' is: '1,299'

2023-10-05 11:38:14 - [TEST_STEP][PASSED] - name_product = data.get("nama_barang"): null

2023-10-05 11:38:14 - [TEST_STEP][PASSED] - price_product = data.get("price_barang"): null

2023-10-05 11:38:14 - [TEST_STEP][PASSED] - assert name_product.contains(NamaCheckout): null

2023-10-05 11:38:14 - [TEST_STEP][PASSED] - assert price_product.contains(HargaCheckout): null

2023-10-05 11:38:14 - [TEST_STEP][PASSED] - selectOptionByLabel(findTestObject("checkout/select - Kirim via Kurir Lokal"), Kurir, false): All options with label 'Roda 2' are selected in object 'Object Repository/checkout/select - Kirim via Kurir Lokal' 

2023-10-05 11:38:15 - [MESSAGE][PASSED] - All options with label 'Roda 2' are selected in object 'Object Repository/checkout/select - Kirim via Kurir Lokal' 

2023-10-05 11:38:15 - [TEST_STEP][PASSED] - click(findTestObject("checkout/Kendaraan Kurir")): Object: 'Object Repository/checkout/Kendaraan Kurir' is clicked on

2023-10-05 11:38:16 - [MESSAGE][PASSED] - Object: 'Object Repository/checkout/Kendaraan Kurir' is clicked on

2023-10-05 11:38:16 - [TEST_STEP][PASSED] - OngkosKirim = getText(findTestObject("Object Repository/verifikasi/Ongkos Kirim checkout")): Text of object 'Object Repository/verifikasi/Ongkos Kirim checkout' is: 'Rp. 5,000'

2023-10-05 11:38:16 - [MESSAGE][PASSED] - Text of object 'Object Repository/verifikasi/Ongkos Kirim checkout' is: 'Rp. 5,000'

2023-10-05 11:38:16 - [TEST_STEP][PASSED] - Ongkos = OngkosKirim.substring(3, OngkosKirim.size()): null

2023-10-05 11:38:16 - [TEST_STEP][PASSED] - rep = Ongkos.replace(",", "."): null

2023-10-05 11:38:16 - [TEST_STEP][PASSED] - Ongkos_kirim = Double.parseDouble(rep): null

2023-10-05 11:38:16 - [TEST_STEP][PASSED] - println(Ongkos_kirim): null

2023-10-05 11:38:16 - [TEST_STEP][PASSED] - FeeAdmin = getText(findTestObject("verifikasi/Fee Admin checkout")): Text of object 'Object Repository/verifikasi/Fee Admin checkout' is: 'Fee Admin
Rp 1,500'

2023-10-05 11:38:17 - [MESSAGE][PASSED] - Text of object 'Object Repository/verifikasi/Fee Admin checkout' is: 'Fee Admin
Rp 1,500'

2023-10-05 11:38:17 - [TEST_STEP][PASSED] - Fee_Admin = FeeAdmin.substring(12, FeeAdmin.size()): null

2023-10-05 11:38:17 - [TEST_STEP][PASSED] - fee = Fee_Admin.replace(",", "."): null

2023-10-05 11:38:17 - [TEST_STEP][PASSED] - fee_admin = Double.parseDouble(fee): null

2023-10-05 11:38:17 - [TEST_STEP][PASSED] - println(fee_admin): null

2023-10-05 11:38:17 - [TEST_STEP][PASSED] - Subtotal = getText(findTestObject("verifikasi/subtotal checkout")): Text of object 'Object Repository/verifikasi/subtotal checkout' is: 'Subtotal
Rp 1,299'

2023-10-05 11:38:18 - [MESSAGE][PASSED] - Text of object 'Object Repository/verifikasi/subtotal checkout' is: 'Subtotal
Rp 1,299'

2023-10-05 11:38:18 - [TEST_STEP][PASSED] - sub_total = Subtotal.substring(12, Subtotal.size()): null

2023-10-05 11:38:18 - [TEST_STEP][PASSED] - sub = sub_total.replace(",", "."): null

2023-10-05 11:38:18 - [TEST_STEP][PASSED] - sub_total = Double.parseDouble(sub): null

2023-10-05 11:38:18 - [TEST_STEP][PASSED] - println(sub_total): null

2023-10-05 11:38:18 - [TEST_STEP][PASSED] - Total = getText(findTestObject("verifikasi/Total checkout")): Text of object 'Object Repository/verifikasi/Total checkout' is: 'Rp 7,799'

2023-10-05 11:38:18 - [MESSAGE][PASSED] - Text of object 'Object Repository/verifikasi/Total checkout' is: 'Rp 7,799'

2023-10-05 11:38:18 - [TEST_STEP][PASSED] - totall = Total.substring(3, Total.size()): null

2023-10-05 11:38:18 - [TEST_STEP][PASSED] - total = totall.replace(",", "."): null

2023-10-05 11:38:18 - [TEST_STEP][PASSED] - totall = Double.parseDouble(total): null

2023-10-05 11:38:18 - [TEST_STEP][PASSED] - println(totall): null

2023-10-05 11:38:18 - [TEST_STEP][PASSED] - Total_Harga = Ongkos_kirim + fee_admin + sub_total: null

2023-10-05 11:38:18 - [TEST_STEP][PASSED] - println(Total_Harga): null

2023-10-05 11:38:18 - [TEST_STEP][PASSED] - TotalHarga = Math.round(Total_Harga * 1000) / 1000: null

2023-10-05 11:38:18 - [TEST_STEP][PASSED] - println(TotalHarga): null

2023-10-05 11:38:18 - [TEST_STEP][PASSED] - assert totall == TotalHarga: null

2023-10-05 11:38:18 - [TEST_STEP][PASSED] - click(findTestObject("verifikasi/Metode Transfer")): Object: 'Object Repository/verifikasi/Metode Transfer' is clicked on

2023-10-05 11:38:18 - [MESSAGE][PASSED] - Object: 'Object Repository/verifikasi/Metode Transfer' is clicked on

2023-10-05 11:38:18 - [TEST_STEP][PASSED] - click(findTestObject("checkout/button_Proses Pembayaran")): Object: 'Object Repository/checkout/button_Proses Pembayaran' is clicked on

2023-10-05 11:38:28 - [MESSAGE][PASSED] - Object: 'Object Repository/checkout/button_Proses Pembayaran' is clicked on

2023-10-05 11:38:28 - [TEST_STEP][PASSED] - verifyElementPresent(findTestObject("pembayaran/Tittle nomor invoice"), 0): Object 'Object Repository/pembayaran/Tittle nomor invoice' is present

2023-10-05 11:38:28 - [MESSAGE][WARNING] - Timeout '0' is invalid. Using default page load timeout: '30'

2023-10-05 11:38:29 - [MESSAGE][PASSED] - Object 'Object Repository/pembayaran/Tittle nomor invoice' is present

2023-10-05 11:38:29 - [TEST_STEP][PASSED] - return data: null

2023-10-05 11:38:29 - [MESSAGE][PASSED] - Call Test Case 'Test Cases/T13 Pembelian, Shipment dan Pembayaran/PBL-004' successfully

2023-10-05 11:38:29 - [TEST_STEP][PASSED] - Invoice = getText(findTestObject("pembayaran/nomor invoice")): Text of object 'Object Repository/pembayaran/nomor invoice' is: 'TRX60.20231005113822'

2023-10-05 11:38:29 - [MESSAGE][PASSED] - Text of object 'Object Repository/pembayaran/nomor invoice' is: 'TRX60.20231005113822'

2023-10-05 11:38:29 - [TEST_STEP][PASSED] - data.put("invoice", Invoice): null

2023-10-05 11:38:29 - [TEST_STEP][PASSED] - NamaPemesan = getText(findTestObject("Konfirmasi pesanan shop/Nama pemesan")): Text of object 'Object Repository/Konfirmasi pesanan shop/Nama pemesan' is: 'irfan.afandi'

2023-10-05 11:38:30 - [MESSAGE][PASSED] - Text of object 'Object Repository/Konfirmasi pesanan shop/Nama pemesan' is: 'irfan.afandi'

2023-10-05 11:38:30 - [TEST_STEP][PASSED] - Nama = getText(findTestObject("pembayaran/Nama barang")): Text of object 'Object Repository/pembayaran/Nama barang' is: 'Segitiga Instan Madeira - MDB5.3 Sunset'

2023-10-05 11:38:30 - [MESSAGE][PASSED] - Text of object 'Object Repository/pembayaran/Nama barang' is: 'Segitiga Instan Madeira - MDB5.3 Sunset'

2023-10-05 11:38:30 - [TEST_STEP][PASSED] - Harga = getText(findTestObject("pembayaran/Harga barang")): Text of object 'Object Repository/pembayaran/Harga barang' is: '1,299'

2023-10-05 11:38:31 - [MESSAGE][PASSED] - Text of object 'Object Repository/pembayaran/Harga barang' is: '1,299'

2023-10-05 11:38:31 - [TEST_STEP][PASSED] - name_product = data.get("nama_barang"): null

2023-10-05 11:38:31 - [TEST_STEP][PASSED] - price_product = data.get("price_barang"): null

2023-10-05 11:38:31 - [TEST_STEP][PASSED] - assert name_product.contains(Nama): null

2023-10-05 11:38:31 - [TEST_STEP][PASSED] - assert price_product.contains(Harga): null

2023-10-05 11:38:31 - [TEST_STEP][PASSED] - warnaa = getText(findTestObject("pembayaran/warna")): Text of object 'Object Repository/pembayaran/warna' is: 'Merah'

2023-10-05 11:38:31 - [MESSAGE][PASSED] - Text of object 'Object Repository/pembayaran/warna' is: 'Merah'

2023-10-05 11:38:31 - [TEST_STEP][PASSED] - ukurann = getText(findTestObject("pembayaran/ukuran")): Text of object 'Object Repository/pembayaran/ukuran' is: 'Menengah'

2023-10-05 11:38:32 - [MESSAGE][PASSED] - Text of object 'Object Repository/pembayaran/ukuran' is: 'Menengah'

2023-10-05 11:38:32 - [TEST_STEP][PASSED] - warna1 = data.get("Warna"): null

2023-10-05 11:38:32 - [TEST_STEP][PASSED] - ukuran1 = data.get("Ukuran"): null

2023-10-05 11:38:32 - [TEST_STEP][PASSED] - assert warnaa == warna1: null

2023-10-05 11:38:32 - [TEST_STEP][PASSED] - assert ukurann == ukuran1: null

2023-10-05 11:38:32 - [TEST_STEP][PASSED] - statusPembelian = getText(findTestObject("verifikasi/Status pending di pembelian")): Text of object 'Object Repository/verifikasi/Status pending di pembelian' is: 'Pending'

2023-10-05 11:38:32 - [MESSAGE][PASSED] - Text of object 'Object Repository/verifikasi/Status pending di pembelian' is: 'Pending'

2023-10-05 11:38:32 - [TEST_STEP][PASSED] - data.put("statusPem", statusPembelian): null

2023-10-05 11:38:32 - [TEST_STEP][PASSED] - OngkosKirim = getText(findTestObject("pembayaran/ongkos kirim")): Text of object 'Object Repository/pembayaran/ongkos kirim' is: 'Rp 5,000'

2023-10-05 11:38:33 - [MESSAGE][PASSED] - Text of object 'Object Repository/pembayaran/ongkos kirim' is: 'Rp 5,000'

2023-10-05 11:38:33 - [TEST_STEP][PASSED] - Ongkos = OngkosKirim.substring(3, OngkosKirim.size()): null

2023-10-05 11:38:33 - [TEST_STEP][PASSED] - rep = Ongkos.replace(",", ""): null

2023-10-05 11:38:33 - [TEST_STEP][PASSED] - Ongkos_kirimm = Integer.parseInt(rep): null

2023-10-05 11:38:33 - [TEST_STEP][PASSED] - println(Ongkos_kirimm): null

2023-10-05 11:38:33 - [TEST_STEP][PASSED] - FeeAdmin = getText(findTestObject("pembayaran/fee admin")): Text of object 'Object Repository/pembayaran/fee admin' is: 'Rp 1,500'

2023-10-05 11:38:33 - [MESSAGE][PASSED] - Text of object 'Object Repository/pembayaran/fee admin' is: 'Rp 1,500'

2023-10-05 11:38:33 - [TEST_STEP][PASSED] - Fee_Admin = FeeAdmin.substring(3, FeeAdmin.size()): null

2023-10-05 11:38:33 - [TEST_STEP][PASSED] - fee = Fee_Admin.replace(",", ""): null

2023-10-05 11:38:33 - [TEST_STEP][PASSED] - fee_adminn = Integer.parseInt(fee): null

2023-10-05 11:38:33 - [TEST_STEP][PASSED] - println(fee_adminn): null

2023-10-05 11:38:33 - [TEST_STEP][PASSED] - Subtotal = getText(findTestObject("pembayaran/subtotal")): Text of object 'Object Repository/pembayaran/subtotal' is: 'Rp 1,299'

2023-10-05 11:38:34 - [MESSAGE][PASSED] - Text of object 'Object Repository/pembayaran/subtotal' is: 'Rp 1,299'

2023-10-05 11:38:34 - [TEST_STEP][PASSED] - sub_total = Subtotal.substring(3, Subtotal.size()): null

2023-10-05 11:38:34 - [TEST_STEP][PASSED] - sub = sub_total.replace(",", ""): null

2023-10-05 11:38:34 - [TEST_STEP][PASSED] - sub_totall = Integer.parseInt(sub): null

2023-10-05 11:38:34 - [TEST_STEP][PASSED] - println(sub_totall): null

2023-10-05 11:38:34 - [TEST_STEP][PASSED] - unik = getText(findTestObject("pembayaran/kode unik")): Text of object 'Object Repository/pembayaran/kode unik' is: '+822'

2023-10-05 11:38:34 - [MESSAGE][PASSED] - Text of object 'Object Repository/pembayaran/kode unik' is: '+822'

2023-10-05 11:38:34 - [TEST_STEP][PASSED] - unikk = unik.replace("+", ""): null

2023-10-05 11:38:34 - [TEST_STEP][PASSED] - kode_unik = Integer.parseInt(unikk): null

2023-10-05 11:38:34 - [TEST_STEP][PASSED] - println(kode_unik): null

2023-10-05 11:38:34 - [TEST_STEP][PASSED] - Total = getText(findTestObject("pembayaran/total")): Text of object 'Object Repository/pembayaran/total' is: '8,621'

2023-10-05 11:38:35 - [MESSAGE][PASSED] - Text of object 'Object Repository/pembayaran/total' is: '8,621'

2023-10-05 11:38:35 - [TEST_STEP][PASSED] - total = Total.replace(",", ""): null

2023-10-05 11:38:35 - [TEST_STEP][PASSED] - totalll = Integer.parseInt(total): null

2023-10-05 11:38:35 - [TEST_STEP][PASSED] - println(totalll): null

2023-10-05 11:38:35 - [TEST_STEP][PASSED] - Total_Hargaa = Ongkos_kirimm + fee_adminn + sub_totall + kode_unik: null

2023-10-05 11:38:35 - [TEST_STEP][PASSED] - println(Total_Hargaa): null

2023-10-05 11:38:35 - [TEST_STEP][PASSED] - assert totalll == Total_Hargaa: null

2023-10-05 11:38:35 - [TEST_STEP][PASSED] - data.put("total", Total): null

2023-10-05 11:38:35 - [TEST_STEP][PASSED] - data.put("nama", NamaPemesan): null

2023-10-05 11:38:35 - [TEST_STEP][PASSED] - return data: null

2023-10-05 11:38:35 - [MESSAGE][PASSED] - Call Test Case 'Test Cases/T13 Pembelian, Shipment dan Pembayaran/PBY-001' successfully

2023-10-05 11:38:35 - [TEST_STEP][PASSED] - inv = data.get("invoice"): null

2023-10-05 11:38:35 - [TEST_STEP][PASSED] - Total = data.get("total"): null

2023-10-05 11:38:35 - [TEST_STEP][PASSED] - NamaPemesan = data.get("nama"): null

2023-10-05 11:38:35 - [TEST_STEP][PASSED] - click(findTestObject("Konfirmasi pesanan shop/Menu Shop")): Object: 'Object Repository/Konfirmasi pesanan shop/Menu Shop' is clicked on

2023-10-05 11:38:37 - [MESSAGE][PASSED] - Object: 'Object Repository/Konfirmasi pesanan shop/Menu Shop' is clicked on

2023-10-05 11:38:37 - [TEST_STEP][PASSED] - click(findTestObject("Konfirmasi pesanan shop/Menu Shop")): Object: 'Object Repository/Konfirmasi pesanan shop/Menu Shop' is clicked on

2023-10-05 11:38:37 - [MESSAGE][PASSED] - Object: 'Object Repository/Konfirmasi pesanan shop/Menu Shop' is clicked on

2023-10-05 11:38:37 - [TEST_STEP][PASSED] - click(findTestObject("Konfirmasi pesanan shop/Konfirmasi Orders")): Object: 'Object Repository/Konfirmasi pesanan shop/Konfirmasi Orders' is clicked on

2023-10-05 11:38:38 - [MESSAGE][PASSED] - Object: 'Object Repository/Konfirmasi pesanan shop/Konfirmasi Orders' is clicked on

2023-10-05 11:38:38 - [TEST_STEP][PASSED] - verifyElementPresent(findTestObject("Konfirmasi pesanan shop/Tittle Konfirmasi Pesanan"), 0): Object 'Object Repository/Konfirmasi pesanan shop/Tittle Konfirmasi Pesanan' is present

2023-10-05 11:38:38 - [MESSAGE][WARNING] - Timeout '0' is invalid. Using default page load timeout: '30'

2023-10-05 11:38:40 - [MESSAGE][PASSED] - Object 'Object Repository/Konfirmasi pesanan shop/Tittle Konfirmasi Pesanan' is present

2023-10-05 11:38:40 - [TEST_STEP][PASSED] - setText(findTestObject("Konfirmasi pesanan shop/input_No Pesanan"), inv): Text 'TRX60.20231005113822' is set on object 'Object Repository/Konfirmasi pesanan shop/input_No Pesanan'

2023-10-05 11:38:40 - [MESSAGE][PASSED] - Text 'TRX60.20231005113822' is set on object 'Object Repository/Konfirmasi pesanan shop/input_No Pesanan'

2023-10-05 11:38:40 - [TEST_STEP][PASSED] - setText(findTestObject("Konfirmasi pesanan shop/input_Alamat E-mai"), "irfan@gmail.com"): Text 'irfan@gmail.com' is set on object 'Object Repository/Konfirmasi pesanan shop/input_Alamat E-mai'

2023-10-05 11:38:41 - [MESSAGE][PASSED] - Text 'irfan@gmail.com' is set on object 'Object Repository/Konfirmasi pesanan shop/input_Alamat E-mai'

2023-10-05 11:38:41 - [TEST_STEP][PASSED] - click(findTestObject("Konfirmasi pesanan shop/button_Submit")): Object: 'Object Repository/Konfirmasi pesanan shop/button_Submit' is clicked on

2023-10-05 11:38:42 - [MESSAGE][PASSED] - Object: 'Object Repository/Konfirmasi pesanan shop/button_Submit' is clicked on

2023-10-05 11:38:42 - [TEST_STEP][PASSED] - verifyElementPresent(findTestObject("Konfirmasi pesanan shop/Tittle nomor invoice"), 0): Object 'Object Repository/Konfirmasi pesanan shop/Tittle nomor invoice' is present

2023-10-05 11:38:42 - [MESSAGE][WARNING] - Timeout '0' is invalid. Using default page load timeout: '30'

2023-10-05 11:38:43 - [MESSAGE][PASSED] - Object 'Object Repository/Konfirmasi pesanan shop/Tittle nomor invoice' is present

2023-10-05 11:38:43 - [TEST_STEP][PASSED] - setText(findTestObject("Konfirmasi pesanan shop/input_Total TagihanTransfer_b"), Total): Text '8,621' is set on object 'Object Repository/Konfirmasi pesanan shop/input_Total TagihanTransfer_b'

2023-10-05 11:38:44 - [MESSAGE][PASSED] - Text '8,621' is set on object 'Object Repository/Konfirmasi pesanan shop/input_Total TagihanTransfer_b'

2023-10-05 11:38:44 - [TEST_STEP][PASSED] - selectOptionByValue(findTestObject("Konfirmasi pesanan shop/select_Bank"), "4", false): All options with value '4' are selected in object 'Object Repository/Konfirmasi pesanan shop/select_Bank' 

2023-10-05 11:38:45 - [MESSAGE][PASSED] - All options with value '4' are selected in object 'Object Repository/Konfirmasi pesanan shop/select_Bank' 

2023-10-05 11:38:45 - [TEST_STEP][PASSED] - setText(findTestObject("Konfirmasi pesanan shop/input_Nama Pengirim_d"), NamaPemesan): Text 'irfan.afandi' is set on object 'Object Repository/Konfirmasi pesanan shop/input_Nama Pengirim_d'

2023-10-05 11:38:46 - [MESSAGE][PASSED] - Text 'irfan.afandi' is set on object 'Object Repository/Konfirmasi pesanan shop/input_Nama Pengirim_d'

2023-10-05 11:38:46 - [TEST_STEP][PASSED] - uploadFile(findTestObject("keranjang/konfirmasi/input_Upload Bukti Transfer_f"), "C:\Users\IRFAN\Downloads\Berkas2.pdf"): File 'C:\Users\IRFAN\Downloads\Berkas2.pdf' sent to object: 'Object Repository/keranjang/konfirmasi/input_Upload Bukti Transfer_f'

2023-10-05 11:38:46 - [MESSAGE][PASSED] - File 'C:\Users\IRFAN\Downloads\Berkas2.pdf' sent to object: 'Object Repository/keranjang/konfirmasi/input_Upload Bukti Transfer_f'

2023-10-05 11:38:46 - [TEST_STEP][PASSED] - click(findTestObject("Konfirmasi pesanan shop/button_Konfirmasi Pembayaran")): Object: 'Object Repository/Konfirmasi pesanan shop/button_Konfirmasi Pembayaran' is clicked on

2023-10-05 11:38:47 - [MESSAGE][PASSED] - Object: 'Object Repository/Konfirmasi pesanan shop/button_Konfirmasi Pembayaran' is clicked on

2023-10-05 11:38:47 - [TEST_STEP][PASSED] - verifyElementPresent(findTestObject("Konfirmasi pesanan shop/Tittle Konfirmasi Pesanan"), 0): Object 'Object Repository/Konfirmasi pesanan shop/Tittle Konfirmasi Pesanan' is present

2023-10-05 11:38:47 - [MESSAGE][WARNING] - Timeout '0' is invalid. Using default page load timeout: '30'

2023-10-05 11:38:48 - [MESSAGE][PASSED] - Object 'Object Repository/Konfirmasi pesanan shop/Tittle Konfirmasi Pesanan' is present

2023-10-05 11:38:48 - [TEST_STEP][PASSED] - verifyElementPresent(findTestObject("Konfirmasi pesanan shop/Tittle massage succes Konfirmasi Pembayaran Pesanan"), 0): Object 'Object Repository/Konfirmasi pesanan shop/Tittle massage succes Konfirmasi Pembayaran Pesanan' is present

2023-10-05 11:38:48 - [MESSAGE][WARNING] - Timeout '0' is invalid. Using default page load timeout: '30'

2023-10-05 11:38:48 - [MESSAGE][PASSED] - Object 'Object Repository/Konfirmasi pesanan shop/Tittle massage succes Konfirmasi Pembayaran Pesanan' is present

2023-10-05 11:38:48 - [TEST_STEP][PASSED] - return data: null

2023-10-05 11:38:48 - [MESSAGE][PASSED] - Call Test Case 'Test Cases/T13 Pembelian, Shipment dan Pembayaran/PBY-004' successfully

2023-10-05 11:38:48 - [TEST_STEP][PASSED] - navigateToUrl("https://10.9.2.63/ecommerce/administrator/"): Navigate to 'https://10.9.2.63/ecommerce/administrator/' successfully

2023-10-05 11:38:49 - [MESSAGE][PASSED] - Navigate to 'https://10.9.2.63/ecommerce/administrator/' successfully

2023-10-05 11:38:49 - [TEST_STEP][PASSED] - verifyElementPresent(findTestObject("admin/Tittle ADMIN Login"), 0): Object 'Object Repository/admin/Tittle ADMIN Login' is present

2023-10-05 11:38:49 - [MESSAGE][WARNING] - Timeout '0' is invalid. Using default page load timeout: '30'

2023-10-05 11:38:50 - [MESSAGE][PASSED] - Object 'Object Repository/admin/Tittle ADMIN Login' is present

2023-10-05 11:38:50 - [TEST_STEP][PASSED] - setText(findTestObject("admin/Username"), "admin"): Text 'admin' is set on object 'Object Repository/admin/Username'

2023-10-05 11:38:50 - [MESSAGE][PASSED] - Text 'admin' is set on object 'Object Repository/admin/Username'

2023-10-05 11:38:50 - [TEST_STEP][PASSED] - setText(findTestObject("admin/Password"), "123admin123"): Text '123admin123' is set on object 'Object Repository/admin/Password'

2023-10-05 11:38:51 - [MESSAGE][PASSED] - Text '123admin123' is set on object 'Object Repository/admin/Password'

2023-10-05 11:38:51 - [TEST_STEP][PASSED] - click(findTestObject("admin/Remember Me")): Object: 'Object Repository/admin/Remember Me' is clicked on

2023-10-05 11:38:52 - [MESSAGE][PASSED] - Object: 'Object Repository/admin/Remember Me' is clicked on

2023-10-05 11:38:52 - [TEST_STEP][PASSED] - delay(10): Delayed 10 second(s)

2023-10-05 11:39:02 - [MESSAGE][PASSED] - Delayed 10 second(s)

2023-10-05 11:39:02 - [TEST_STEP][PASSED] - click(findTestObject("admin/buttom submit")): Object: 'Object Repository/admin/buttom submit' is clicked on

2023-10-05 11:39:03 - [MESSAGE][PASSED] - Object: 'Object Repository/admin/buttom submit' is clicked on

2023-10-05 11:39:03 - [TEST_STEP][PASSED] - verifyElementPresent(findTestObject("admin/Konf order konsumen/Tittle Dashboard"), 0): Object 'Object Repository/admin/Konf order konsumen/Tittle Dashboard' is present

2023-10-05 11:39:03 - [MESSAGE][WARNING] - Timeout '0' is invalid. Using default page load timeout: '30'

2023-10-05 11:39:04 - [MESSAGE][PASSED] - Object 'Object Repository/admin/Konf order konsumen/Tittle Dashboard' is present

2023-10-05 11:39:04 - [TEST_STEP][PASSED] - click(findTestObject("admin/Konf order konsumen/Menu Transaksi Market")): Object: 'Object Repository/admin/Konf order konsumen/Menu Transaksi Market' is clicked on

2023-10-05 11:39:04 - [MESSAGE][PASSED] - Object: 'Object Repository/admin/Konf order konsumen/Menu Transaksi Market' is clicked on

2023-10-05 11:39:04 - [TEST_STEP][PASSED] - click(findTestObject("admin/Konf order konsumen/Menu Konf. Order Konsumen")): Object: 'Object Repository/admin/Konf order konsumen/Menu Konf. Order Konsumen' is clicked on

2023-10-05 11:39:06 - [MESSAGE][PASSED] - Object: 'Object Repository/admin/Konf order konsumen/Menu Konf. Order Konsumen' is clicked on

2023-10-05 11:39:06 - [TEST_STEP][PASSED] - verifyElementPresent(findTestObject("admin/Konf order konsumen/Tittle Data Konfirmasi Pembayaran Konsumen"), 0): Object 'Object Repository/admin/Konf order konsumen/Tittle Data Konfirmasi Pembayaran Konsumen' is present

2023-10-05 11:39:06 - [MESSAGE][WARNING] - Timeout '0' is invalid. Using default page load timeout: '30'

2023-10-05 11:39:06 - [MESSAGE][PASSED] - Object 'Object Repository/admin/Konf order konsumen/Tittle Data Konfirmasi Pembayaran Konsumen' is present

2023-10-05 11:39:06 - [TEST_STEP][PASSED] - inv = data.get("invoice"): null

2023-10-05 11:39:06 - [TEST_STEP][PASSED] - setText(findTestObject("admin/Konf order konsumen/Search"), inv): Text 'TRX60.20231005113822' is set on object 'Object Repository/admin/Konf order konsumen/Search'

2023-10-05 11:39:07 - [MESSAGE][PASSED] - Text 'TRX60.20231005113822' is set on object 'Object Repository/admin/Konf order konsumen/Search'

2023-10-05 11:39:07 - [TEST_STEP][PASSED] - verifyElementText(findTestObject("admin/Konf order konsumen/Keterangan Lunas"), "Lunas"): Actual text and expected text of test object 'Object Repository/admin/Konf order konsumen/Keterangan Lunas' are matched.

2023-10-05 11:39:08 - [MESSAGE][PASSED] - Actual text and expected text of test object 'Object Repository/admin/Konf order konsumen/Keterangan Lunas' are matched.

2023-10-05 11:39:08 - [TEST_STEP][PASSED] - return data: null

2023-10-05 11:39:08 - [MESSAGE][PASSED] - Call Test Case 'Test Cases/T13 Pembelian, Shipment dan Pembayaran/PBYA-001' successfully

2023-10-05 11:39:08 - [TEST_STEP][PASSED] - click(findTestObject("admin/Penjualan ke konsumen/buttom Dashboard")): Object: 'Object Repository/admin/Penjualan ke konsumen/buttom Dashboard' is clicked on

2023-10-05 11:39:08 - [MESSAGE][PASSED] - Object: 'Object Repository/admin/Penjualan ke konsumen/buttom Dashboard' is clicked on

2023-10-05 11:39:08 - [TEST_STEP][PASSED] - click(findTestObject("admin/Konf order konsumen/Menu Transaksi Market")): Object: 'Object Repository/admin/Konf order konsumen/Menu Transaksi Market' is clicked on

2023-10-05 11:39:09 - [MESSAGE][PASSED] - Object: 'Object Repository/admin/Konf order konsumen/Menu Transaksi Market' is clicked on

2023-10-05 11:39:09 - [TEST_STEP][PASSED] - click(findTestObject("admin/Penjualan ke konsumen/a_Penjualan ke Konsumen")): Object: 'Object Repository/admin/Penjualan ke konsumen/a_Penjualan ke Konsumen' is clicked on

2023-10-05 11:39:12 - [MESSAGE][PASSED] - Object: 'Object Repository/admin/Penjualan ke konsumen/a_Penjualan ke Konsumen' is clicked on

2023-10-05 11:39:12 - [TEST_STEP][PASSED] - verifyElementPresent(findTestObject("admin/Tittle Data Transaksi Penjualan  Orderan Konsumen"), 0): Object 'Object Repository/admin/Tittle Data Transaksi Penjualan  Orderan Konsumen' is present

2023-10-05 11:39:12 - [MESSAGE][WARNING] - Timeout '0' is invalid. Using default page load timeout: '30'

2023-10-05 11:39:12 - [MESSAGE][PASSED] - Object 'Object Repository/admin/Tittle Data Transaksi Penjualan  Orderan Konsumen' is present

2023-10-05 11:39:12 - [TEST_STEP][PASSED] - return data: null

2023-10-05 11:39:12 - [MESSAGE][PASSED] - Call Test Case 'Test Cases/T13 Pembelian, Shipment dan Pembayaran/SA-001' successfully

2023-10-05 11:39:12 - [TEST_STEP][PASSED] - inv = data.get("invoice"): null

2023-10-05 11:39:12 - [TEST_STEP][PASSED] - setText(findTestObject("admin/Penjualan ke konsumen/Search"), inv): Text 'TRX60.20231005113822' is set on object 'Object Repository/admin/Penjualan ke konsumen/Search'

2023-10-05 11:39:13 - [MESSAGE][PASSED] - Text 'TRX60.20231005113822' is set on object 'Object Repository/admin/Penjualan ke konsumen/Search'

2023-10-05 11:39:13 - [TEST_STEP][PASSED] - click(findTestObject("admin/Penjualan ke konsumen/buttom konfirmasi pending payment")): Object: 'Object Repository/admin/Penjualan ke konsumen/buttom konfirmasi pending payment' is clicked on

2023-10-05 11:39:14 - [MESSAGE][PASSED] - Object: 'Object Repository/admin/Penjualan ke konsumen/buttom konfirmasi pending payment' is clicked on

2023-10-05 11:39:14 - [TEST_STEP][PASSED] - acceptAlert(STOP_ON_FAILURE): Alert accepted

2023-10-05 11:39:14 - [MESSAGE][PASSED] - Alert accepted

2023-10-05 11:39:14 - [TEST_STEP][PASSED] - setText(findTestObject("admin/Penjualan ke konsumen/Search"), inv): Text 'TRX60.20231005113822' is set on object 'Object Repository/admin/Penjualan ke konsumen/Search'

2023-10-05 11:39:24 - [MESSAGE][PASSED] - Text 'TRX60.20231005113822' is set on object 'Object Repository/admin/Penjualan ke konsumen/Search'

2023-10-05 11:39:24 - [TEST_STEP][PASSED] - verifyTextNotPresent("pending payment", false): Text 'pending payment' is not present on page

2023-10-05 11:39:24 - [MESSAGE][PASSED] - Text 'pending payment' is not present on page

2023-10-05 11:39:24 - [TEST_STEP][PASSED] - return data: null

2023-10-05 11:39:24 - [MESSAGE][PASSED] - Call Test Case 'Test Cases/T13 Pembelian, Shipment dan Pembayaran/SA-002' successfully

2023-10-05 11:39:24 - [TEST_STEP][PASSED] - click(findTestObject("admin/Penjualan ke konsumen/buttom scroldown")): Object: 'Object Repository/admin/Penjualan ke konsumen/buttom scroldown' is clicked on

2023-10-05 11:39:25 - [MESSAGE][PASSED] - Object: 'Object Repository/admin/Penjualan ke konsumen/buttom scroldown' is clicked on

2023-10-05 11:39:25 - [TEST_STEP][PASSED] - click(findTestObject("admin/Penjualan ke konsumen/Selesai")): Object: 'Object Repository/admin/Penjualan ke konsumen/Selesai' is clicked on

2023-10-05 11:39:25 - [MESSAGE][PASSED] - Object: 'Object Repository/admin/Penjualan ke konsumen/Selesai' is clicked on

2023-10-05 11:39:25 - [TEST_STEP][PASSED] - acceptAlert(): Alert accepted

2023-10-05 11:39:25 - [MESSAGE][PASSED] - Alert accepted

2023-10-05 11:39:25 - [TEST_STEP][PASSED] - inv = data.get("invoice"): null

2023-10-05 11:39:25 - [TEST_STEP][PASSED] - setText(findTestObject("admin/Penjualan ke konsumen/Search"), inv): Text 'TRX60.20231005113822' is set on object 'Object Repository/admin/Penjualan ke konsumen/Search'

2023-10-05 11:39:29 - [MESSAGE][PASSED] - Text 'TRX60.20231005113822' is set on object 'Object Repository/admin/Penjualan ke konsumen/Search'

2023-10-05 11:39:29 - [TEST_STEP][PASSED] - delay(10): Delayed 10 second(s)

2023-10-05 11:39:39 - [MESSAGE][PASSED] - Delayed 10 second(s)

2023-10-05 11:39:39 - [TEST_STEP][PASSED] - verifyTextPresent("Selesai", false): Text 'Selesai' is present on page 

2023-10-05 11:39:40 - [MESSAGE][PASSED] - Text 'Selesai' is present on page 

2023-10-05 11:39:40 - [TEST_STEP][PASSED] - selesaiAdmin = getText(findTestObject("admin/Selesai")): Text of object 'Object Repository/admin/Selesai' is: 'Selesai'

2023-10-05 11:39:40 - [MESSAGE][PASSED] - Text of object 'Object Repository/admin/Selesai' is: 'Selesai'

2023-10-05 11:39:40 - [TEST_STEP][PASSED] - data.put("statusSelesai", selesaiAdmin): null

2023-10-05 11:39:40 - [TEST_STEP][PASSED] - return data: null

2023-10-05 11:39:40 - [MESSAGE][PASSED] - Call Test Case 'Test Cases/T13 Pembelian, Shipment dan Pembayaran/SA-005' successfully

2023-10-05 11:39:40 - [TEST_STEP][PASSED] - openBrowser("https://10.9.2.63/ecommerce/"): Browser is opened with url: 'https://10.9.2.63/ecommerce/'

2023-10-05 11:39:40 - [MESSAGE][WARNING] - A browser is already opened. Closing browser and opening a new one

2023-10-05 11:39:41 - [MESSAGE][INFO] - Starting 'Edge Chromium' driver

2023-10-05 11:39:41 - [MESSAGE][INFO] - User set preference: ['acceptInsecureCerts', 'true']

2023-10-05 11:39:43 - [MESSAGE][INFO] - Action delay is set to 0 milliseconds

2023-10-05 11:39:48 - [MESSAGE][PASSED] - Browser is opened with url: 'https://10.9.2.63/ecommerce/'

2023-10-05 11:39:48 - [TEST_STEP][PASSED] - maximizeWindow(): Current window maximized

2023-10-05 11:39:49 - [MESSAGE][PASSED] - Current window maximized

2023-10-05 11:39:49 - [TEST_STEP][PASSED] - verifyElementPresent(findTestObject("Login/Home"), 0): Object 'Object Repository/Login/Home' is present

2023-10-05 11:39:49 - [MESSAGE][WARNING] - Timeout '0' is invalid. Using default page load timeout: '30'

2023-10-05 11:39:49 - [MESSAGE][PASSED] - Object 'Object Repository/Login/Home' is present

2023-10-05 11:39:49 - [TEST_STEP][PASSED] - click(findTestObject("Login/a_Login")): Object: 'Object Repository/Login/a_Login' is clicked on

2023-10-05 11:39:50 - [MESSAGE][PASSED] - Object: 'Object Repository/Login/a_Login' is clicked on

2023-10-05 11:39:50 - [TEST_STEP][PASSED] - verifyElementPresent(findTestObject("Login/Tittle Login"), 0): Object 'Object Repository/Login/Tittle Login' is present

2023-10-05 11:39:50 - [MESSAGE][WARNING] - Timeout '0' is invalid. Using default page load timeout: '30'

2023-10-05 11:39:50 - [MESSAGE][PASSED] - Object 'Object Repository/Login/Tittle Login' is present

2023-10-05 11:39:50 - [TEST_STEP][PASSED] - setText(findTestObject("Login/input_Username, Email atau No. Handphone_a"), "irfanafandi"): Text 'irfanafandi' is set on object 'Object Repository/Login/input_Username, Email atau No. Handphone_a'

2023-10-05 11:39:51 - [MESSAGE][PASSED] - Text 'irfanafandi' is set on object 'Object Repository/Login/input_Username, Email atau No. Handphone_a'

2023-10-05 11:39:51 - [TEST_STEP][PASSED] - setText(findTestObject("Login/input_Password_b"), "12345irfan"): Text '12345irfan' is set on object 'Object Repository/Login/input_Password_b'

2023-10-05 11:39:52 - [MESSAGE][PASSED] - Text '12345irfan' is set on object 'Object Repository/Login/input_Password_b'

2023-10-05 11:39:52 - [TEST_STEP][PASSED] - click(findTestObject("Login/button_Masuk")): Object: 'Object Repository/Login/button_Masuk' is clicked on

2023-10-05 11:39:54 - [MESSAGE][PASSED] - Object: 'Object Repository/Login/button_Masuk' is clicked on

2023-10-05 11:39:54 - [TEST_STEP][PASSED] - verifyElementPresent(findTestObject("Login/li_Profile"), 0): Object 'Object Repository/Login/li_Profile' is present

2023-10-05 11:39:54 - [MESSAGE][WARNING] - Timeout '0' is invalid. Using default page load timeout: '30'

2023-10-05 11:39:54 - [MESSAGE][PASSED] - Object 'Object Repository/Login/li_Profile' is present

2023-10-05 11:39:54 - [TEST_STEP][PASSED] - click(findTestObject("Konfirmasi pesanan shop/Menu Shop")): Object: 'Object Repository/Konfirmasi pesanan shop/Menu Shop' is clicked on

2023-10-05 11:39:56 - [MESSAGE][PASSED] - Object: 'Object Repository/Konfirmasi pesanan shop/Menu Shop' is clicked on

2023-10-05 11:39:56 - [TEST_STEP][PASSED] - click(findTestObject("Konfirmasi pesanan shop/Menu Shop")): Object: 'Object Repository/Konfirmasi pesanan shop/Menu Shop' is clicked on

2023-10-05 11:39:57 - [MESSAGE][PASSED] - Object: 'Object Repository/Konfirmasi pesanan shop/Menu Shop' is clicked on

2023-10-05 11:39:57 - [TEST_STEP][PASSED] - click(findTestObject("Traking Order/a_Tracking Orders")): Object: 'Object Repository/Traking Order/a_Tracking Orders' is clicked on

2023-10-05 11:39:58 - [MESSAGE][PASSED] - Object: 'Object Repository/Traking Order/a_Tracking Orders' is clicked on

2023-10-05 11:39:58 - [TEST_STEP][PASSED] - verifyElementPresent(findTestObject("Traking Order/Tittle Tracking Order"), 0): Object 'Object Repository/Traking Order/Tittle Tracking Order' is present

2023-10-05 11:39:58 - [MESSAGE][WARNING] - Timeout '0' is invalid. Using default page load timeout: '30'

2023-10-05 11:39:59 - [MESSAGE][PASSED] - Object 'Object Repository/Traking Order/Tittle Tracking Order' is present

2023-10-05 11:39:59 - [TEST_STEP][PASSED] - inv = data.get("invoice"): null

2023-10-05 11:39:59 - [TEST_STEP][PASSED] - setText(findTestObject("Traking Order/input_No Pesanan_a"), "TRX-001"): Text 'TRX-001' is set on object 'Object Repository/Traking Order/input_No Pesanan_a'

2023-10-05 11:39:59 - [MESSAGE][PASSED] - Text 'TRX-001' is set on object 'Object Repository/Traking Order/input_No Pesanan_a'

2023-10-05 11:39:59 - [TEST_STEP][PASSED] - setText(findTestObject("Traking Order/input_Alamat E-mail_form-control"), "irfan"): Text 'irfan' is set on object 'Object Repository/Traking Order/input_Alamat E-mail_form-control'

2023-10-05 11:40:00 - [MESSAGE][PASSED] - Text 'irfan' is set on object 'Object Repository/Traking Order/input_Alamat E-mail_form-control'

2023-10-05 11:40:00 - [TEST_STEP][PASSED] - click(findTestObject("Traking Order/button_Lacak Pesanan")): Object: 'Object Repository/Traking Order/button_Lacak Pesanan' is clicked on

2023-10-05 11:40:01 - [MESSAGE][PASSED] - Object: 'Object Repository/Traking Order/button_Lacak Pesanan' is clicked on

2023-10-05 11:40:01 - [TEST_STEP][FAILED] - verifyTextPresent("number invoice not valid", false): Unable to verify text 'number invoice not valid' is present  (Root cause: com.kms.katalon.core.exception.StepFailedException: Unable to verify text 'number invoice not valid' is present 
	at com.kms.katalon.core.webui.keyword.internal.WebUIKeywordMain.stepFailed(WebUIKeywordMain.groovy:64)
	at com.kms.katalon.core.webui.keyword.internal.WebUIKeywordMain.runKeyword(WebUIKeywordMain.groovy:26)
	at com.kms.katalon.core.webui.keyword.builtin.VerifyTextPresentKeyword.verifyTextPresent(VerifyTextPresentKeyword.groovy:83)
	at com.kms.katalon.core.webui.keyword.builtin.VerifyTextPresentKeyword.execute(VerifyTextPresentKeyword.groovy:68)
	at com.kms.katalon.core.keyword.internal.KeywordExecutor.executeKeywordForPlatform(KeywordExecutor.groovy:74)
	at com.kms.katalon.core.webui.keyword.WebUiBuiltInKeywords.verifyTextPresent(WebUiBuiltInKeywords.groovy:1723)
	at com.kms.katalon.core.webui.keyword.WebUiBuiltInKeywords$verifyTextPresent$7.call(Unknown Source)
	at SU-008.run(SU-008:60)
	at com.kms.katalon.core.main.ScriptEngine.run(ScriptEngine.java:194)
	at com.kms.katalon.core.main.ScriptEngine.runScriptAsRawText(ScriptEngine.java:119)
	at com.kms.katalon.core.main.TestCaseExecutor.runScript(TestCaseExecutor.java:448)
	at com.kms.katalon.core.main.TestCaseExecutor.doExecute(TestCaseExecutor.java:439)
	at com.kms.katalon.core.main.TestCaseExecutor.processExecutionPhase(TestCaseExecutor.java:418)
	at com.kms.katalon.core.main.TestCaseExecutor.accessMainPhase(TestCaseExecutor.java:410)
	at com.kms.katalon.core.main.TestCaseExecutor.execute(TestCaseExecutor.java:285)
	at com.kms.katalon.core.common.CommonExecutor.accessTestCaseMainPhase(CommonExecutor.java:65)
	at com.kms.katalon.core.main.TestSuiteExecutor.accessTestSuiteMainPhase(TestSuiteExecutor.java:148)
	at com.kms.katalon.core.main.TestSuiteExecutor.execute(TestSuiteExecutor.java:106)
	at com.kms.katalon.core.main.TestCaseMain.startTestSuite(TestCaseMain.java:187)
	at com.kms.katalon.core.main.TestCaseMain$startTestSuite$0.call(Unknown Source)
	at TempTestSuite1696477503821.run(TempTestSuite1696477503821.groovy:36)
Caused by: com.kms.katalon.core.exception.StepFailedException: Text 'number invoice not valid' is not present on page 
	at com.kms.katalon.core.webui.keyword.internal.WebUIKeywordMain.stepFailed(WebUIKeywordMain.groovy:64)
	at com.kms.katalon.core.webui.keyword.builtin.VerifyTextPresentKeyword$_verifyTextPresent_closure1.doCall(VerifyTextPresentKeyword.groovy:79)
	at com.kms.katalon.core.webui.keyword.builtin.VerifyTextPresentKeyword$_verifyTextPresent_closure1.call(VerifyTextPresentKeyword.groovy)
	at com.kms.katalon.core.webui.keyword.internal.WebUIKeywordMain.runKeyword(WebUIKeywordMain.groovy:20)
	... 19 more
)

2023-10-05 11:40:02 - [MESSAGE][FAILED] - Text 'number invoice not valid' is not present on page  (Root cause: com.kms.katalon.core.exception.StepFailedException: Text 'number invoice not valid' is not present on page 
	at com.kms.katalon.core.webui.keyword.internal.WebUIKeywordMain.stepFailed(WebUIKeywordMain.groovy:64)
	at com.kms.katalon.core.webui.keyword.builtin.VerifyTextPresentKeyword$_verifyTextPresent_closure1.doCall(VerifyTextPresentKeyword.groovy:79)
	at com.kms.katalon.core.webui.keyword.builtin.VerifyTextPresentKeyword$_verifyTextPresent_closure1.call(VerifyTextPresentKeyword.groovy)
	at com.kms.katalon.core.webui.keyword.internal.WebUIKeywordMain.runKeyword(WebUIKeywordMain.groovy:20)
	at com.kms.katalon.core.webui.keyword.builtin.VerifyTextPresentKeyword.verifyTextPresent(VerifyTextPresentKeyword.groovy:83)
	at com.kms.katalon.core.webui.keyword.builtin.VerifyTextPresentKeyword.execute(VerifyTextPresentKeyword.groovy:68)
	at com.kms.katalon.core.keyword.internal.KeywordExecutor.executeKeywordForPlatform(KeywordExecutor.groovy:74)
	at com.kms.katalon.core.webui.keyword.WebUiBuiltInKeywords.verifyTextPresent(WebUiBuiltInKeywords.groovy:1723)
	at com.kms.katalon.core.webui.keyword.WebUiBuiltInKeywords$verifyTextPresent$7.call(Unknown Source)
	at SU-008.run(SU-008:60)
	at com.kms.katalon.core.main.ScriptEngine.run(ScriptEngine.java:194)
	at com.kms.katalon.core.main.ScriptEngine.runScriptAsRawText(ScriptEngine.java:119)
	at com.kms.katalon.core.main.TestCaseExecutor.runScript(TestCaseExecutor.java:448)
	at com.kms.katalon.core.main.TestCaseExecutor.doExecute(TestCaseExecutor.java:439)
	at com.kms.katalon.core.main.TestCaseExecutor.processExecutionPhase(TestCaseExecutor.java:418)
	at com.kms.katalon.core.main.TestCaseExecutor.accessMainPhase(TestCaseExecutor.java:410)
	at com.kms.katalon.core.main.TestCaseExecutor.execute(TestCaseExecutor.java:285)
	at com.kms.katalon.core.common.CommonExecutor.accessTestCaseMainPhase(CommonExecutor.java:65)
	at com.kms.katalon.core.main.TestSuiteExecutor.accessTestSuiteMainPhase(TestSuiteExecutor.java:148)
	at com.kms.katalon.core.main.TestSuiteExecutor.execute(TestSuiteExecutor.java:106)
	at com.kms.katalon.core.main.TestCaseMain.startTestSuite(TestCaseMain.java:187)
	at com.kms.katalon.core.main.TestCaseMain$startTestSuite$0.call(Unknown Source)
	at TempTestSuite1696477503821.run(TempTestSuite1696477503821.groovy:36)
)

2023-10-05 11:40:02 - [MESSAGE][FAILED] - Unable to verify text 'number invoice not valid' is present  (Root cause: com.kms.katalon.core.exception.StepFailedException: Unable to verify text 'number invoice not valid' is present 
	at com.kms.katalon.core.webui.keyword.internal.WebUIKeywordMain.stepFailed(WebUIKeywordMain.groovy:64)
	at com.kms.katalon.core.webui.keyword.internal.WebUIKeywordMain.runKeyword(WebUIKeywordMain.groovy:26)
	at com.kms.katalon.core.webui.keyword.builtin.VerifyTextPresentKeyword.verifyTextPresent(VerifyTextPresentKeyword.groovy:83)
	at com.kms.katalon.core.webui.keyword.builtin.VerifyTextPresentKeyword.execute(VerifyTextPresentKeyword.groovy:68)
	at com.kms.katalon.core.keyword.internal.KeywordExecutor.executeKeywordForPlatform(KeywordExecutor.groovy:74)
	at com.kms.katalon.core.webui.keyword.WebUiBuiltInKeywords.verifyTextPresent(WebUiBuiltInKeywords.groovy:1723)
	at com.kms.katalon.core.webui.keyword.WebUiBuiltInKeywords$verifyTextPresent$7.call(Unknown Source)
	at SU-008.run(SU-008:60)
	at com.kms.katalon.core.main.ScriptEngine.run(ScriptEngine.java:194)
	at com.kms.katalon.core.main.ScriptEngine.runScriptAsRawText(ScriptEngine.java:119)
	at com.kms.katalon.core.main.TestCaseExecutor.runScript(TestCaseExecutor.java:448)
	at com.kms.katalon.core.main.TestCaseExecutor.doExecute(TestCaseExecutor.java:439)
	at com.kms.katalon.core.main.TestCaseExecutor.processExecutionPhase(TestCaseExecutor.java:418)
	at com.kms.katalon.core.main.TestCaseExecutor.accessMainPhase(TestCaseExecutor.java:410)
	at com.kms.katalon.core.main.TestCaseExecutor.execute(TestCaseExecutor.java:285)
	at com.kms.katalon.core.common.CommonExecutor.accessTestCaseMainPhase(CommonExecutor.java:65)
	at com.kms.katalon.core.main.TestSuiteExecutor.accessTestSuiteMainPhase(TestSuiteExecutor.java:148)
	at com.kms.katalon.core.main.TestSuiteExecutor.execute(TestSuiteExecutor.java:106)
	at com.kms.katalon.core.main.TestCaseMain.startTestSuite(TestCaseMain.java:187)
	at com.kms.katalon.core.main.TestCaseMain$startTestSuite$0.call(Unknown Source)
	at TempTestSuite1696477503821.run(TempTestSuite1696477503821.groovy:36)
Caused by: com.kms.katalon.core.exception.StepFailedException: Text 'number invoice not valid' is not present on page 
	at com.kms.katalon.core.webui.keyword.internal.WebUIKeywordMain.stepFailed(WebUIKeywordMain.groovy:64)
	at com.kms.katalon.core.webui.keyword.builtin.VerifyTextPresentKeyword$_verifyTextPresent_closure1.doCall(VerifyTextPresentKeyword.groovy:79)
	at com.kms.katalon.core.webui.keyword.builtin.VerifyTextPresentKeyword$_verifyTextPresent_closure1.call(VerifyTextPresentKeyword.groovy)
	at com.kms.katalon.core.webui.keyword.internal.WebUIKeywordMain.runKeyword(WebUIKeywordMain.groovy:20)
	... 19 more
)
[[ATTACHMENT|C:\\FT2 XSIS\\Projek 2 MINI PROJEK\\Reports\\20231005_104503\\T13 Pembelian, Shipment dan Pembayaran\\T13 Pembelian, Shipment dan Pembayaran\\20231005_104503\\1696480802763.png]]]]></system-out>
         <system-err><![CDATA[2023-10-05 11:37:45 - [TEST_CASE][FAILED] - Test Cases/T13 Pembelian, Shipment dan Pembayaran/SU-008: Test Cases/T13 Pembelian, Shipment dan Pembayaran/SU-008 FAILED.
Reason:
com.kms.katalon.core.exception.StepFailedException: Unable to verify text 'number invoice not valid' is present 
	at com.kms.katalon.core.webui.keyword.internal.WebUIKeywordMain.stepFailed(WebUIKeywordMain.groovy:64)
	at com.kms.katalon.core.webui.keyword.internal.WebUIKeywordMain.runKeyword(WebUIKeywordMain.groovy:26)
	at com.kms.katalon.core.webui.keyword.builtin.VerifyTextPresentKeyword.verifyTextPresent(VerifyTextPresentKeyword.groovy:83)
	at com.kms.katalon.core.webui.keyword.builtin.VerifyTextPresentKeyword.execute(VerifyTextPresentKeyword.groovy:68)
	at com.kms.katalon.core.keyword.internal.KeywordExecutor.executeKeywordForPlatform(KeywordExecutor.groovy:74)
	at com.kms.katalon.core.webui.keyword.WebUiBuiltInKeywords.verifyTextPresent(WebUiBuiltInKeywords.groovy:1723)
	at com.kms.katalon.core.webui.keyword.WebUiBuiltInKeywords$verifyTextPresent$7.call(Unknown Source)
	at SU-008.run(SU-008:60)
	at com.kms.katalon.core.main.ScriptEngine.run(ScriptEngine.java:194)
	at com.kms.katalon.core.main.ScriptEngine.runScriptAsRawText(ScriptEngine.java:119)
	at com.kms.katalon.core.main.TestCaseExecutor.runScript(TestCaseExecutor.java:448)
	at com.kms.katalon.core.main.TestCaseExecutor.doExecute(TestCaseExecutor.java:439)
	at com.kms.katalon.core.main.TestCaseExecutor.processExecutionPhase(TestCaseExecutor.java:418)
	at com.kms.katalon.core.main.TestCaseExecutor.accessMainPhase(TestCaseExecutor.java:410)
	at com.kms.katalon.core.main.TestCaseExecutor.execute(TestCaseExecutor.java:285)
	at com.kms.katalon.core.common.CommonExecutor.accessTestCaseMainPhase(CommonExecutor.java:65)
	at com.kms.katalon.core.main.TestSuiteExecutor.accessTestSuiteMainPhase(TestSuiteExecutor.java:148)
	at com.kms.katalon.core.main.TestSuiteExecutor.execute(TestSuiteExecutor.java:106)
	at com.kms.katalon.core.main.TestCaseMain.startTestSuite(TestCaseMain.java:187)
	at com.kms.katalon.core.main.TestCaseMain$startTestSuite$0.call(Unknown Source)
	at TempTestSuite1696477503821.run(TempTestSuite1696477503821.groovy:36)
Caused by: com.kms.katalon.core.exception.StepFailedException: Text 'number invoice not valid' is not present on page 
	at com.kms.katalon.core.webui.keyword.internal.WebUIKeywordMain.stepFailed(WebUIKeywordMain.groovy:64)
	at com.kms.katalon.core.webui.keyword.builtin.VerifyTextPresentKeyword$_verifyTextPresent_closure1.doCall(VerifyTextPresentKeyword.groovy:79)
	at com.kms.katalon.core.webui.keyword.builtin.VerifyTextPresentKeyword$_verifyTextPresent_closure1.call(VerifyTextPresentKeyword.groovy)
	at com.kms.katalon.core.webui.keyword.internal.WebUIKeywordMain.runKeyword(WebUIKeywordMain.groovy:20)
	... 19 more]]></system-err>
      </testcase>
      <testcase name="Test Cases/T13 Pembelian, Shipment dan Pembayaran/SU-009" time="55.642" classname="Test Cases/T13 Pembelian, Shipment dan Pembayaran/SU-009" status="PASSED">
         <system-out><![CDATA[2023-10-05 11:40:02 - [TEST_CASE][PASSED] - Test Cases/T13 Pembelian, Shipment dan Pembayaran/SU-009: Test Cases/T13 Pembelian, Shipment dan Pembayaran/SU-009

2023-10-05 11:40:03 - [TEST_STEP][PASSED] - data = callTestCase(findTestCase("T13 Pembelian, Shipment dan Pembayaran/PBY-001"), [:], STOP_ON_FAILURE): Call Test Case 'Test Cases/T13 Pembelian, Shipment dan Pembayaran/PBY-001' successfully

2023-10-05 11:40:03 - [TEST_CASE][PASSED] - Test Cases/T13 Pembelian, Shipment dan Pembayaran/PBY-001: Test Cases/T13 Pembelian, Shipment dan Pembayaran/PBY-001

2023-10-05 11:40:03 - [TEST_STEP][PASSED] - data = callTestCase(findTestCase("T13 Pembelian, Shipment dan Pembayaran/PBL-004"), ["Kurir":"Roda 2"], STOP_ON_FAILURE): Call Test Case 'Test Cases/T13 Pembelian, Shipment dan Pembayaran/PBL-004' successfully

2023-10-05 11:40:03 - [TEST_CASE][PASSED] - Test Cases/T13 Pembelian, Shipment dan Pembayaran/PBL-004: Test Cases/T13 Pembelian, Shipment dan Pembayaran/PBL-004

2023-10-05 11:40:03 - [TEST_STEP][PASSED] - data = callTestCase(findTestCase("T13 Pembelian, Shipment dan Pembayaran/PBL-002"), [:], STOP_ON_FAILURE): Call Test Case 'Test Cases/T13 Pembelian, Shipment dan Pembayaran/PBL-002' successfully

2023-10-05 11:40:03 - [TEST_CASE][PASSED] - Test Cases/T13 Pembelian, Shipment dan Pembayaran/PBL-002: Test Cases/T13 Pembelian, Shipment dan Pembayaran/PBL-002

2023-10-05 11:40:03 - [TEST_STEP][PASSED] - data = callTestCase(findTestCase("T13 Pembelian, Shipment dan Pembayaran/PBL-001"), [:], STOP_ON_FAILURE): Call Test Case 'Test Cases/T13 Pembelian, Shipment dan Pembayaran/PBL-001' successfully

2023-10-05 11:40:03 - [TEST_CASE][PASSED] - Test Cases/T13 Pembelian, Shipment dan Pembayaran/PBL-001: Test Cases/T13 Pembelian, Shipment dan Pembayaran/PBL-001

2023-10-05 11:40:03 - [TEST_STEP][PASSED] - callTestCase(findTestCase("T13 Pembelian, Shipment dan Pembayaran/LU-001"), ["username":"irfanafandi", "password":"12345irfan"], STOP_ON_FAILURE): Call Test Case 'Test Cases/T13 Pembelian, Shipment dan Pembayaran/LU-001' successfully

2023-10-05 11:40:03 - [TEST_CASE][PASSED] - Test Cases/T13 Pembelian, Shipment dan Pembayaran/LU-001: Test Cases/T13 Pembelian, Shipment dan Pembayaran/LU-001

2023-10-05 11:40:03 - [TEST_STEP][PASSED] - openBrowser("https://10.9.2.63/ecommerce/"): Browser is opened with url: 'https://10.9.2.63/ecommerce/'

2023-10-05 11:40:03 - [MESSAGE][WARNING] - A browser is already opened. Closing browser and opening a new one

2023-10-05 11:40:04 - [MESSAGE][INFO] - Starting 'Edge Chromium' driver

2023-10-05 11:40:04 - [MESSAGE][INFO] - User set preference: ['acceptInsecureCerts', 'true']

2023-10-05 11:40:06 - [MESSAGE][INFO] - Action delay is set to 0 milliseconds

2023-10-05 11:40:10 - [MESSAGE][PASSED] - Browser is opened with url: 'https://10.9.2.63/ecommerce/'

2023-10-05 11:40:10 - [TEST_STEP][PASSED] - maximizeWindow(): Current window maximized

2023-10-05 11:40:10 - [MESSAGE][PASSED] - Current window maximized

2023-10-05 11:40:10 - [TEST_STEP][PASSED] - verifyElementPresent(findTestObject("Login/Home"), 0): Object 'Object Repository/Login/Home' is present

2023-10-05 11:40:10 - [MESSAGE][WARNING] - Timeout '0' is invalid. Using default page load timeout: '30'

2023-10-05 11:40:10 - [MESSAGE][PASSED] - Object 'Object Repository/Login/Home' is present

2023-10-05 11:40:10 - [TEST_STEP][PASSED] - click(findTestObject("Login/a_Login")): Object: 'Object Repository/Login/a_Login' is clicked on

2023-10-05 11:40:11 - [MESSAGE][PASSED] - Object: 'Object Repository/Login/a_Login' is clicked on

2023-10-05 11:40:11 - [TEST_STEP][PASSED] - verifyElementPresent(findTestObject("Login/Tittle Login"), 0): Object 'Object Repository/Login/Tittle Login' is present

2023-10-05 11:40:11 - [MESSAGE][WARNING] - Timeout '0' is invalid. Using default page load timeout: '30'

2023-10-05 11:40:12 - [MESSAGE][PASSED] - Object 'Object Repository/Login/Tittle Login' is present

2023-10-05 11:40:12 - [TEST_STEP][PASSED] - setText(findTestObject("Login/input_Username, Email atau No. Handphone_a"), username): Text 'irfanafandi' is set on object 'Object Repository/Login/input_Username, Email atau No. Handphone_a'

2023-10-05 11:40:13 - [MESSAGE][PASSED] - Text 'irfanafandi' is set on object 'Object Repository/Login/input_Username, Email atau No. Handphone_a'

2023-10-05 11:40:13 - [TEST_STEP][PASSED] - setText(findTestObject("Login/input_Password_b"), password): Text '12345irfan' is set on object 'Object Repository/Login/input_Password_b'

2023-10-05 11:40:13 - [MESSAGE][PASSED] - Text '12345irfan' is set on object 'Object Repository/Login/input_Password_b'

2023-10-05 11:40:13 - [TEST_STEP][PASSED] - click(findTestObject("Login/label_Ingat saya")): Object: 'Object Repository/Login/label_Ingat saya' is clicked on

2023-10-05 11:40:14 - [MESSAGE][PASSED] - Object: 'Object Repository/Login/label_Ingat saya' is clicked on

2023-10-05 11:40:14 - [TEST_STEP][PASSED] - click(findTestObject("Login/button_Masuk")): Object: 'Object Repository/Login/button_Masuk' is clicked on

2023-10-05 11:40:15 - [MESSAGE][PASSED] - Object: 'Object Repository/Login/button_Masuk' is clicked on

2023-10-05 11:40:15 - [TEST_STEP][PASSED] - verifyElementPresent(findTestObject("Login/li_Profile"), 0): Object 'Object Repository/Login/li_Profile' is present

2023-10-05 11:40:15 - [MESSAGE][WARNING] - Timeout '0' is invalid. Using default page load timeout: '30'

2023-10-05 11:40:16 - [MESSAGE][PASSED] - Object 'Object Repository/Login/li_Profile' is present

2023-10-05 11:40:16 - [MESSAGE][PASSED] - Call Test Case 'Test Cases/T13 Pembelian, Shipment dan Pembayaran/LU-001' successfully

2023-10-05 11:40:16 - [TEST_STEP][PASSED] - mouseOver(findTestObject("beli barang/i_Mulai Belanja_icon-menu")): Object: 'Object Repository/beli barang/i_Mulai Belanja_icon-menu' is hovered

2023-10-05 11:40:16 - [MESSAGE][PASSED] - Object: 'Object Repository/beli barang/i_Mulai Belanja_icon-menu' is hovered

2023-10-05 11:40:16 - [TEST_STEP][PASSED] - click(findTestObject("beli barang/a_Fashion  Busana Wanita")): Object: 'Object Repository/beli barang/a_Fashion  Busana Wanita' is clicked on

2023-10-05 11:40:18 - [MESSAGE][PASSED] - Object: 'Object Repository/beli barang/a_Fashion  Busana Wanita' is clicked on

2023-10-05 11:40:18 - [TEST_STEP][PASSED] - NamaSebelum = getText(findTestObject("verifikasi/Nama sebelum")): Text of object 'Object Repository/verifikasi/Nama sebelum' is: ''

2023-10-05 11:40:18 - [MESSAGE][PASSED] - Text of object 'Object Repository/verifikasi/Nama sebelum' is: ''

2023-10-05 11:40:18 - [TEST_STEP][PASSED] - HargaSebelum = getText(findTestObject("verifikasi/Harga sebelum")): Text of object 'Object Repository/verifikasi/Harga sebelum' is: 'Rp 1,299'

2023-10-05 11:40:19 - [MESSAGE][PASSED] - Text of object 'Object Repository/verifikasi/Harga sebelum' is: 'Rp 1,299'

2023-10-05 11:40:19 - [TEST_STEP][PASSED] - mouseOver(findTestObject("beli barang/barang mouse over")): Object: 'Object Repository/beli barang/barang mouse over' is hovered

2023-10-05 11:40:19 - [MESSAGE][PASSED] - Object: 'Object Repository/beli barang/barang mouse over' is hovered

2023-10-05 11:40:19 - [TEST_STEP][PASSED] - click(findTestObject("beli barang/buttom add to cart")): Object: 'Object Repository/beli barang/buttom add to cart' is clicked on

2023-10-05 11:40:21 - [MESSAGE][PASSED] - Object: 'Object Repository/beli barang/buttom add to cart' is clicked on

2023-10-05 11:40:21 - [TEST_STEP][PASSED] - NamaSesudah = getText(findTestObject("verifikasi/Nama sesudah")): Text of object 'Object Repository/verifikasi/Nama sesudah' is: 'Segitiga Instan Madeira - MDB5.3 Sunset'

2023-10-05 11:40:22 - [MESSAGE][PASSED] - Text of object 'Object Repository/verifikasi/Nama sesudah' is: 'Segitiga Instan Madeira - MDB5.3 Sunset'

2023-10-05 11:40:22 - [TEST_STEP][PASSED] - HargaSesudah = getText(findTestObject("verifikasi/Harga sesudah")): Text of object 'Object Repository/verifikasi/Harga sesudah' is: 'Rp 1,299'

2023-10-05 11:40:22 - [MESSAGE][PASSED] - Text of object 'Object Repository/verifikasi/Harga sesudah' is: 'Rp 1,299'

2023-10-05 11:40:22 - [TEST_STEP][PASSED] - assert NamaSesudah.contains(NamaSebelum): null

2023-10-05 11:40:22 - [TEST_STEP][PASSED] - assert HargaSesudah.contains(HargaSebelum): null

2023-10-05 11:40:22 - [TEST_STEP][PASSED] - click(findTestObject("beli barang/Tambah Keranjang busana wanita")): Object: 'Object Repository/beli barang/Tambah Keranjang busana wanita' is clicked on

2023-10-05 11:40:22 - [MESSAGE][PASSED] - Object: 'Object Repository/beli barang/Tambah Keranjang busana wanita' is clicked on

2023-10-05 11:40:22 - [TEST_STEP][PASSED] - verifyElementPresent(findTestObject("checkout/Notifikasi keranjang"), 1): Object 'Object Repository/checkout/Notifikasi keranjang' is present

2023-10-05 11:40:24 - [MESSAGE][PASSED] - Object 'Object Repository/checkout/Notifikasi keranjang' is present

2023-10-05 11:40:24 - [TEST_STEP][PASSED] - data = new java.util.HashMap(): null

2023-10-05 11:40:24 - [TEST_STEP][PASSED] - data.put("nama_barang", NamaSesudah): null

2023-10-05 11:40:24 - [TEST_STEP][PASSED] - data.put("price_barang", HargaSesudah): null

2023-10-05 11:40:24 - [TEST_STEP][PASSED] - return data: null

2023-10-05 11:40:24 - [MESSAGE][PASSED] - Call Test Case 'Test Cases/T13 Pembelian, Shipment dan Pembayaran/PBL-001' successfully

2023-10-05 11:40:24 - [TEST_STEP][PASSED] - mouseOver(findTestObject("beli barang/keranjang")): Object: 'Object Repository/beli barang/keranjang' is hovered

2023-10-05 11:40:24 - [MESSAGE][PASSED] - Object: 'Object Repository/beli barang/keranjang' is hovered

2023-10-05 11:40:24 - [TEST_STEP][PASSED] - click(findTestObject("beli barang/Lihat Sekarang")): Object: 'Object Repository/beli barang/Lihat Sekarang' is clicked on

2023-10-05 11:40:25 - [MESSAGE][PASSED] - Object: 'Object Repository/beli barang/Lihat Sekarang' is clicked on

2023-10-05 11:40:25 - [TEST_STEP][PASSED] - verifyElementPresent(findTestObject("keranjang/li_Keranjang Belanja"), 0): Object 'Object Repository/keranjang/li_Keranjang Belanja' is present

2023-10-05 11:40:25 - [MESSAGE][WARNING] - Timeout '0' is invalid. Using default page load timeout: '30'

2023-10-05 11:40:26 - [MESSAGE][PASSED] - Object 'Object Repository/keranjang/li_Keranjang Belanja' is present

2023-10-05 11:40:26 - [TEST_STEP][PASSED] - NamaKeranjang = getText(findTestObject("verifikasi/Nama keranjang")): Text of object 'Object Repository/verifikasi/Nama keranjang' is: 'Segitiga Instan Madeira - MDB5.3 Sunset'

2023-10-05 11:40:27 - [MESSAGE][PASSED] - Text of object 'Object Repository/verifikasi/Nama keranjang' is: 'Segitiga Instan Madeira - MDB5.3 Sunset'

2023-10-05 11:40:27 - [TEST_STEP][PASSED] - HargaKeranjang = getText(findTestObject("verifikasi/Harga Keranjang")): Text of object 'Object Repository/verifikasi/Harga Keranjang' is: 'Rp 1,299'

2023-10-05 11:40:27 - [MESSAGE][PASSED] - Text of object 'Object Repository/verifikasi/Harga Keranjang' is: 'Rp 1,299'

2023-10-05 11:40:27 - [TEST_STEP][PASSED] - if (toString().equalsIgnoreCase("Merah")): Object 'Object Repository/keranjang/input_Warna_variasi101' is checked

2023-10-05 11:40:27 - [TEST_STEP][PASSED] - check(findTestObject("Object Repository/keranjang/input_Warna_variasi101")): Object 'Object Repository/keranjang/input_Warna_variasi101' is checked

2023-10-05 11:40:27 - [MESSAGE][PASSED] - Object 'Object Repository/keranjang/input_Warna_variasi101' is checked

2023-10-05 11:40:27 - [TEST_STEP][PASSED] - if (toString().equalsIgnoreCase("Menengah")): Object 'Object Repository/keranjang/input_Ukuran_variasi201' is checked

2023-10-05 11:40:27 - [TEST_STEP][PASSED] - check(findTestObject("Object Repository/keranjang/input_Ukuran_variasi201")): Object 'Object Repository/keranjang/input_Ukuran_variasi201' is checked

2023-10-05 11:40:28 - [MESSAGE][PASSED] - Object 'Object Repository/keranjang/input_Ukuran_variasi201' is checked

2023-10-05 11:40:28 - [TEST_STEP][PASSED] - data.put("Warna", warna): null

2023-10-05 11:40:28 - [TEST_STEP][PASSED] - data.put("Ukuran", ukuran): null

2023-10-05 11:40:28 - [TEST_STEP][PASSED] - click(findTestObject("keranjang/button_Lanjut ke Pembayaran")): Object: 'Object Repository/keranjang/button_Lanjut ke Pembayaran' is clicked on

2023-10-05 11:40:29 - [MESSAGE][PASSED] - Object: 'Object Repository/keranjang/button_Lanjut ke Pembayaran' is clicked on

2023-10-05 11:40:29 - [TEST_STEP][PASSED] - verifyElementPresent(findTestObject("checkout/Tittle Checkout Order"), 0): Object 'Object Repository/checkout/Tittle Checkout Order' is present

2023-10-05 11:40:29 - [MESSAGE][WARNING] - Timeout '0' is invalid. Using default page load timeout: '30'

2023-10-05 11:40:30 - [MESSAGE][PASSED] - Object 'Object Repository/checkout/Tittle Checkout Order' is present

2023-10-05 11:40:30 - [TEST_STEP][PASSED] - name_product = data.get("nama_barang"): null

2023-10-05 11:40:30 - [TEST_STEP][PASSED] - price_product = data.get("price_barang"): null

2023-10-05 11:40:30 - [TEST_STEP][PASSED] - assert name_product == NamaKeranjang: null

2023-10-05 11:40:30 - [TEST_STEP][PASSED] - assert price_product == HargaKeranjang: null

2023-10-05 11:40:30 - [TEST_STEP][PASSED] - return data: null

2023-10-05 11:40:30 - [MESSAGE][PASSED] - Call Test Case 'Test Cases/T13 Pembelian, Shipment dan Pembayaran/PBL-002' successfully

2023-10-05 11:40:30 - [TEST_STEP][PASSED] - warnaa = getText(findTestObject("verifikasi/warna Merah")): Text of object 'Object Repository/verifikasi/warna Merah' is: 'Merah'

2023-10-05 11:40:31 - [MESSAGE][PASSED] - Text of object 'Object Repository/verifikasi/warna Merah' is: 'Merah'

2023-10-05 11:40:31 - [TEST_STEP][PASSED] - ukurann = getText(findTestObject("verifikasi/Ukuran Menengah")): Text of object 'Object Repository/verifikasi/Ukuran Menengah' is: 'Menengah'

2023-10-05 11:40:31 - [MESSAGE][PASSED] - Text of object 'Object Repository/verifikasi/Ukuran Menengah' is: 'Menengah'

2023-10-05 11:40:31 - [TEST_STEP][PASSED] - warna1 = data.get("Warna"): null

2023-10-05 11:40:31 - [TEST_STEP][PASSED] - ukuran1 = data.get("Ukuran"): null

2023-10-05 11:40:31 - [TEST_STEP][PASSED] - assert warnaa == warna1: null

2023-10-05 11:40:31 - [TEST_STEP][PASSED] - assert ukurann == ukuran1: null

2023-10-05 11:40:31 - [TEST_STEP][PASSED] - NamaCheckout = getText(findTestObject("verifikasi/NamaCheckout")): Text of object 'Object Repository/verifikasi/NamaCheckout' is: ''

2023-10-05 11:40:31 - [MESSAGE][PASSED] - Text of object 'Object Repository/verifikasi/NamaCheckout' is: ''

2023-10-05 11:40:31 - [TEST_STEP][PASSED] - HargaCheckout = getText(findTestObject("verifikasi/HargaCheckout")): Text of object 'Object Repository/verifikasi/HargaCheckout' is: '1,299'

2023-10-05 11:40:32 - [MESSAGE][PASSED] - Text of object 'Object Repository/verifikasi/HargaCheckout' is: '1,299'

2023-10-05 11:40:32 - [TEST_STEP][PASSED] - name_product = data.get("nama_barang"): null

2023-10-05 11:40:32 - [TEST_STEP][PASSED] - price_product = data.get("price_barang"): null

2023-10-05 11:40:32 - [TEST_STEP][PASSED] - assert name_product.contains(NamaCheckout): null

2023-10-05 11:40:32 - [TEST_STEP][PASSED] - assert price_product.contains(HargaCheckout): null

2023-10-05 11:40:32 - [TEST_STEP][PASSED] - selectOptionByLabel(findTestObject("checkout/select - Kirim via Kurir Lokal"), Kurir, false): All options with label 'Roda 2' are selected in object 'Object Repository/checkout/select - Kirim via Kurir Lokal' 

2023-10-05 11:40:32 - [MESSAGE][PASSED] - All options with label 'Roda 2' are selected in object 'Object Repository/checkout/select - Kirim via Kurir Lokal' 

2023-10-05 11:40:32 - [TEST_STEP][PASSED] - click(findTestObject("checkout/Kendaraan Kurir")): Object: 'Object Repository/checkout/Kendaraan Kurir' is clicked on

2023-10-05 11:40:33 - [MESSAGE][PASSED] - Object: 'Object Repository/checkout/Kendaraan Kurir' is clicked on

2023-10-05 11:40:33 - [TEST_STEP][PASSED] - OngkosKirim = getText(findTestObject("Object Repository/verifikasi/Ongkos Kirim checkout")): Text of object 'Object Repository/verifikasi/Ongkos Kirim checkout' is: 'Rp. 5,000'

2023-10-05 11:40:34 - [MESSAGE][PASSED] - Text of object 'Object Repository/verifikasi/Ongkos Kirim checkout' is: 'Rp. 5,000'

2023-10-05 11:40:34 - [TEST_STEP][PASSED] - Ongkos = OngkosKirim.substring(3, OngkosKirim.size()): null

2023-10-05 11:40:34 - [TEST_STEP][PASSED] - rep = Ongkos.replace(",", "."): null

2023-10-05 11:40:34 - [TEST_STEP][PASSED] - Ongkos_kirim = Double.parseDouble(rep): null

2023-10-05 11:40:34 - [TEST_STEP][PASSED] - println(Ongkos_kirim): null

2023-10-05 11:40:34 - [TEST_STEP][PASSED] - FeeAdmin = getText(findTestObject("verifikasi/Fee Admin checkout")): Text of object 'Object Repository/verifikasi/Fee Admin checkout' is: 'Fee Admin
Rp 1,500'

2023-10-05 11:40:34 - [MESSAGE][PASSED] - Text of object 'Object Repository/verifikasi/Fee Admin checkout' is: 'Fee Admin
Rp 1,500'

2023-10-05 11:40:34 - [TEST_STEP][PASSED] - Fee_Admin = FeeAdmin.substring(12, FeeAdmin.size()): null

2023-10-05 11:40:34 - [TEST_STEP][PASSED] - fee = Fee_Admin.replace(",", "."): null

2023-10-05 11:40:34 - [TEST_STEP][PASSED] - fee_admin = Double.parseDouble(fee): null

2023-10-05 11:40:34 - [TEST_STEP][PASSED] - println(fee_admin): null

2023-10-05 11:40:34 - [TEST_STEP][PASSED] - Subtotal = getText(findTestObject("verifikasi/subtotal checkout")): Text of object 'Object Repository/verifikasi/subtotal checkout' is: 'Subtotal
Rp 1,299'

2023-10-05 11:40:35 - [MESSAGE][PASSED] - Text of object 'Object Repository/verifikasi/subtotal checkout' is: 'Subtotal
Rp 1,299'

2023-10-05 11:40:35 - [TEST_STEP][PASSED] - sub_total = Subtotal.substring(12, Subtotal.size()): null

2023-10-05 11:40:35 - [TEST_STEP][PASSED] - sub = sub_total.replace(",", "."): null

2023-10-05 11:40:35 - [TEST_STEP][PASSED] - sub_total = Double.parseDouble(sub): null

2023-10-05 11:40:35 - [TEST_STEP][PASSED] - println(sub_total): null

2023-10-05 11:40:35 - [TEST_STEP][PASSED] - Total = getText(findTestObject("verifikasi/Total checkout")): Text of object 'Object Repository/verifikasi/Total checkout' is: 'Rp 7,799'

2023-10-05 11:40:35 - [MESSAGE][PASSED] - Text of object 'Object Repository/verifikasi/Total checkout' is: 'Rp 7,799'

2023-10-05 11:40:35 - [TEST_STEP][PASSED] - totall = Total.substring(3, Total.size()): null

2023-10-05 11:40:35 - [TEST_STEP][PASSED] - total = totall.replace(",", "."): null

2023-10-05 11:40:35 - [TEST_STEP][PASSED] - totall = Double.parseDouble(total): null

2023-10-05 11:40:35 - [TEST_STEP][PASSED] - println(totall): null

2023-10-05 11:40:35 - [TEST_STEP][PASSED] - Total_Harga = Ongkos_kirim + fee_admin + sub_total: null

2023-10-05 11:40:35 - [TEST_STEP][PASSED] - println(Total_Harga): null

2023-10-05 11:40:35 - [TEST_STEP][PASSED] - TotalHarga = Math.round(Total_Harga * 1000) / 1000: null

2023-10-05 11:40:35 - [TEST_STEP][PASSED] - println(TotalHarga): null

2023-10-05 11:40:35 - [TEST_STEP][PASSED] - assert totall == TotalHarga: null

2023-10-05 11:40:35 - [TEST_STEP][PASSED] - click(findTestObject("verifikasi/Metode Transfer")): Object: 'Object Repository/verifikasi/Metode Transfer' is clicked on

2023-10-05 11:40:35 - [MESSAGE][PASSED] - Object: 'Object Repository/verifikasi/Metode Transfer' is clicked on

2023-10-05 11:40:35 - [TEST_STEP][PASSED] - click(findTestObject("checkout/button_Proses Pembayaran")): Object: 'Object Repository/checkout/button_Proses Pembayaran' is clicked on

2023-10-05 11:40:45 - [MESSAGE][PASSED] - Object: 'Object Repository/checkout/button_Proses Pembayaran' is clicked on

2023-10-05 11:40:45 - [TEST_STEP][PASSED] - verifyElementPresent(findTestObject("pembayaran/Tittle nomor invoice"), 0): Object 'Object Repository/pembayaran/Tittle nomor invoice' is present

2023-10-05 11:40:45 - [MESSAGE][WARNING] - Timeout '0' is invalid. Using default page load timeout: '30'

2023-10-05 11:40:46 - [MESSAGE][PASSED] - Object 'Object Repository/pembayaran/Tittle nomor invoice' is present

2023-10-05 11:40:46 - [TEST_STEP][PASSED] - return data: null

2023-10-05 11:40:46 - [MESSAGE][PASSED] - Call Test Case 'Test Cases/T13 Pembelian, Shipment dan Pembayaran/PBL-004' successfully

2023-10-05 11:40:46 - [TEST_STEP][PASSED] - Invoice = getText(findTestObject("pembayaran/nomor invoice")): Text of object 'Object Repository/pembayaran/nomor invoice' is: 'TRX60.20231005114039'

2023-10-05 11:40:47 - [MESSAGE][PASSED] - Text of object 'Object Repository/pembayaran/nomor invoice' is: 'TRX60.20231005114039'

2023-10-05 11:40:47 - [TEST_STEP][PASSED] - data.put("invoice", Invoice): null

2023-10-05 11:40:47 - [TEST_STEP][PASSED] - NamaPemesan = getText(findTestObject("Konfirmasi pesanan shop/Nama pemesan")): Text of object 'Object Repository/Konfirmasi pesanan shop/Nama pemesan' is: 'irfan.afandi'

2023-10-05 11:40:47 - [MESSAGE][PASSED] - Text of object 'Object Repository/Konfirmasi pesanan shop/Nama pemesan' is: 'irfan.afandi'

2023-10-05 11:40:47 - [TEST_STEP][PASSED] - Nama = getText(findTestObject("pembayaran/Nama barang")): Text of object 'Object Repository/pembayaran/Nama barang' is: 'Segitiga Instan Madeira - MDB5.3 Sunset'

2023-10-05 11:40:48 - [MESSAGE][PASSED] - Text of object 'Object Repository/pembayaran/Nama barang' is: 'Segitiga Instan Madeira - MDB5.3 Sunset'

2023-10-05 11:40:48 - [TEST_STEP][PASSED] - Harga = getText(findTestObject("pembayaran/Harga barang")): Text of object 'Object Repository/pembayaran/Harga barang' is: '1,299'

2023-10-05 11:40:48 - [MESSAGE][PASSED] - Text of object 'Object Repository/pembayaran/Harga barang' is: '1,299'

2023-10-05 11:40:48 - [TEST_STEP][PASSED] - name_product = data.get("nama_barang"): null

2023-10-05 11:40:48 - [TEST_STEP][PASSED] - price_product = data.get("price_barang"): null

2023-10-05 11:40:48 - [TEST_STEP][PASSED] - assert name_product.contains(Nama): null

2023-10-05 11:40:48 - [TEST_STEP][PASSED] - assert price_product.contains(Harga): null

2023-10-05 11:40:48 - [TEST_STEP][PASSED] - warnaa = getText(findTestObject("pembayaran/warna")): Text of object 'Object Repository/pembayaran/warna' is: 'Merah'

2023-10-05 11:40:49 - [MESSAGE][PASSED] - Text of object 'Object Repository/pembayaran/warna' is: 'Merah'

2023-10-05 11:40:49 - [TEST_STEP][PASSED] - ukurann = getText(findTestObject("pembayaran/ukuran")): Text of object 'Object Repository/pembayaran/ukuran' is: 'Menengah'

2023-10-05 11:40:49 - [MESSAGE][PASSED] - Text of object 'Object Repository/pembayaran/ukuran' is: 'Menengah'

2023-10-05 11:40:49 - [TEST_STEP][PASSED] - warna1 = data.get("Warna"): null

2023-10-05 11:40:49 - [TEST_STEP][PASSED] - ukuran1 = data.get("Ukuran"): null

2023-10-05 11:40:49 - [TEST_STEP][PASSED] - assert warnaa == warna1: null

2023-10-05 11:40:49 - [TEST_STEP][PASSED] - assert ukurann == ukuran1: null

2023-10-05 11:40:49 - [TEST_STEP][PASSED] - statusPembelian = getText(findTestObject("verifikasi/Status pending di pembelian")): Text of object 'Object Repository/verifikasi/Status pending di pembelian' is: 'Pending'

2023-10-05 11:40:50 - [MESSAGE][PASSED] - Text of object 'Object Repository/verifikasi/Status pending di pembelian' is: 'Pending'

2023-10-05 11:40:50 - [TEST_STEP][PASSED] - data.put("statusPem", statusPembelian): null

2023-10-05 11:40:50 - [TEST_STEP][PASSED] - OngkosKirim = getText(findTestObject("pembayaran/ongkos kirim")): Text of object 'Object Repository/pembayaran/ongkos kirim' is: 'Rp 5,000'

2023-10-05 11:40:50 - [MESSAGE][PASSED] - Text of object 'Object Repository/pembayaran/ongkos kirim' is: 'Rp 5,000'

2023-10-05 11:40:50 - [TEST_STEP][PASSED] - Ongkos = OngkosKirim.substring(3, OngkosKirim.size()): null

2023-10-05 11:40:50 - [TEST_STEP][PASSED] - rep = Ongkos.replace(",", ""): null

2023-10-05 11:40:50 - [TEST_STEP][PASSED] - Ongkos_kirimm = Integer.parseInt(rep): null

2023-10-05 11:40:50 - [TEST_STEP][PASSED] - println(Ongkos_kirimm): null

2023-10-05 11:40:50 - [TEST_STEP][PASSED] - FeeAdmin = getText(findTestObject("pembayaran/fee admin")): Text of object 'Object Repository/pembayaran/fee admin' is: 'Rp 1,500'

2023-10-05 11:40:51 - [MESSAGE][PASSED] - Text of object 'Object Repository/pembayaran/fee admin' is: 'Rp 1,500'

2023-10-05 11:40:51 - [TEST_STEP][PASSED] - Fee_Admin = FeeAdmin.substring(3, FeeAdmin.size()): null

2023-10-05 11:40:51 - [TEST_STEP][PASSED] - fee = Fee_Admin.replace(",", ""): null

2023-10-05 11:40:51 - [TEST_STEP][PASSED] - fee_adminn = Integer.parseInt(fee): null

2023-10-05 11:40:51 - [TEST_STEP][PASSED] - println(fee_adminn): null

2023-10-05 11:40:51 - [TEST_STEP][PASSED] - Subtotal = getText(findTestObject("pembayaran/subtotal")): Text of object 'Object Repository/pembayaran/subtotal' is: 'Rp 1,299'

2023-10-05 11:40:51 - [MESSAGE][PASSED] - Text of object 'Object Repository/pembayaran/subtotal' is: 'Rp 1,299'

2023-10-05 11:40:51 - [TEST_STEP][PASSED] - sub_total = Subtotal.substring(3, Subtotal.size()): null

2023-10-05 11:40:51 - [TEST_STEP][PASSED] - sub = sub_total.replace(",", ""): null

2023-10-05 11:40:51 - [TEST_STEP][PASSED] - sub_totall = Integer.parseInt(sub): null

2023-10-05 11:40:51 - [TEST_STEP][PASSED] - println(sub_totall): null

2023-10-05 11:40:51 - [TEST_STEP][PASSED] - unik = getText(findTestObject("pembayaran/kode unik")): Text of object 'Object Repository/pembayaran/kode unik' is: '+039'

2023-10-05 11:40:52 - [MESSAGE][PASSED] - Text of object 'Object Repository/pembayaran/kode unik' is: '+039'

2023-10-05 11:40:52 - [TEST_STEP][PASSED] - unikk = unik.replace("+", ""): null

2023-10-05 11:40:52 - [TEST_STEP][PASSED] - kode_unik = Integer.parseInt(unikk): null

2023-10-05 11:40:52 - [TEST_STEP][PASSED] - println(kode_unik): null

2023-10-05 11:40:52 - [TEST_STEP][PASSED] - Total = getText(findTestObject("pembayaran/total")): Text of object 'Object Repository/pembayaran/total' is: '7,838'

2023-10-05 11:40:52 - [MESSAGE][PASSED] - Text of object 'Object Repository/pembayaran/total' is: '7,838'

2023-10-05 11:40:52 - [TEST_STEP][PASSED] - total = Total.replace(",", ""): null

2023-10-05 11:40:52 - [TEST_STEP][PASSED] - totalll = Integer.parseInt(total): null

2023-10-05 11:40:52 - [TEST_STEP][PASSED] - println(totalll): null

2023-10-05 11:40:52 - [TEST_STEP][PASSED] - Total_Hargaa = Ongkos_kirimm + fee_adminn + sub_totall + kode_unik: null

2023-10-05 11:40:52 - [TEST_STEP][PASSED] - println(Total_Hargaa): null

2023-10-05 11:40:52 - [TEST_STEP][PASSED] - assert totalll == Total_Hargaa: null

2023-10-05 11:40:52 - [TEST_STEP][PASSED] - data.put("total", Total): null

2023-10-05 11:40:52 - [TEST_STEP][PASSED] - data.put("nama", NamaPemesan): null

2023-10-05 11:40:52 - [TEST_STEP][PASSED] - return data: null

2023-10-05 11:40:52 - [MESSAGE][PASSED] - Call Test Case 'Test Cases/T13 Pembelian, Shipment dan Pembayaran/PBY-001' successfully

2023-10-05 11:40:52 - [TEST_STEP][PASSED] - click(findTestObject("Konfirmasi pesanan shop/Menu Shop")): Object: 'Object Repository/Konfirmasi pesanan shop/Menu Shop' is clicked on

2023-10-05 11:40:54 - [MESSAGE][PASSED] - Object: 'Object Repository/Konfirmasi pesanan shop/Menu Shop' is clicked on

2023-10-05 11:40:54 - [TEST_STEP][PASSED] - click(findTestObject("Konfirmasi pesanan shop/Menu Shop")): Object: 'Object Repository/Konfirmasi pesanan shop/Menu Shop' is clicked on

2023-10-05 11:40:55 - [MESSAGE][PASSED] - Object: 'Object Repository/Konfirmasi pesanan shop/Menu Shop' is clicked on

2023-10-05 11:40:55 - [TEST_STEP][PASSED] - click(findTestObject("verifikasi/Orders Report")): Object: 'Object Repository/verifikasi/Orders Report' is clicked on

2023-10-05 11:40:56 - [MESSAGE][PASSED] - Object: 'Object Repository/verifikasi/Orders Report' is clicked on

2023-10-05 11:40:56 - [TEST_STEP][PASSED] - verifyElementPresent(findTestObject("Login/li_Profile"), 0): Object 'Object Repository/Login/li_Profile' is present

2023-10-05 11:40:56 - [MESSAGE][WARNING] - Timeout '0' is invalid. Using default page load timeout: '30'

2023-10-05 11:40:57 - [MESSAGE][PASSED] - Object 'Object Repository/Login/li_Profile' is present

2023-10-05 11:40:57 - [TEST_STEP][PASSED] - click(findTestObject("verifikasi/Menunggu Pembayaran")): Object: 'Object Repository/verifikasi/Menunggu Pembayaran' is clicked on

2023-10-05 11:40:57 - [MESSAGE][PASSED] - Object: 'Object Repository/verifikasi/Menunggu Pembayaran' is clicked on

2023-10-05 11:40:57 - [TEST_STEP][PASSED] - verifyElementPresent(findTestObject("verifikasi/Notifikasi angka"), 1): Object 'Object Repository/verifikasi/Notifikasi angka' is present

2023-10-05 11:40:58 - [MESSAGE][PASSED] - Object 'Object Repository/verifikasi/Notifikasi angka' is present

2023-10-05 11:40:58 - [TEST_STEP][PASSED] - statusMenunggu = getText(findTestObject("verifikasi/Status Pending di menunggu pembayaran")): Text of object 'Object Repository/verifikasi/Status Pending di menunggu pembayaran' is: 'Pending'

2023-10-05 11:40:58 - [MESSAGE][PASSED] - Text of object 'Object Repository/verifikasi/Status Pending di menunggu pembayaran' is: 'Pending'

2023-10-05 11:40:58 - [TEST_STEP][PASSED] - statusPembayaran = data.get("statusPem"): null

2023-10-05 11:40:58 - [TEST_STEP][PASSED] - assert statusMenunggu == statusPembayaran: null

2023-10-05 11:40:58 - [TEST_STEP][PASSED] - return data: null]]></system-out>
         <system-err><![CDATA[]]></system-err>
      </testcase>
      <testcase name="Test Cases/T13 Pembelian, Shipment dan Pembayaran/SU-010" time="132.285" classname="Test Cases/T13 Pembelian, Shipment dan Pembayaran/SU-010" status="PASSED">
         <system-out><![CDATA[2023-10-05 11:40:58 - [TEST_CASE][PASSED] - Test Cases/T13 Pembelian, Shipment dan Pembayaran/SU-010: Test Cases/T13 Pembelian, Shipment dan Pembayaran/SU-010

2023-10-05 11:40:58 - [TEST_STEP][PASSED] - data = callTestCase(findTestCase("T13 Pembelian, Shipment dan Pembayaran/SA-003"), [:], STOP_ON_FAILURE): Call Test Case 'Test Cases/T13 Pembelian, Shipment dan Pembayaran/SA-003' successfully

2023-10-05 11:40:58 - [TEST_CASE][PASSED] - Test Cases/T13 Pembelian, Shipment dan Pembayaran/SA-003: Test Cases/T13 Pembelian, Shipment dan Pembayaran/SA-003

2023-10-05 11:40:58 - [TEST_STEP][PASSED] - data = callTestCase(findTestCase("T13 Pembelian, Shipment dan Pembayaran/SA-002"), [:], STOP_ON_FAILURE): Call Test Case 'Test Cases/T13 Pembelian, Shipment dan Pembayaran/SA-002' successfully

2023-10-05 11:40:58 - [TEST_CASE][PASSED] - Test Cases/T13 Pembelian, Shipment dan Pembayaran/SA-002: Test Cases/T13 Pembelian, Shipment dan Pembayaran/SA-002

2023-10-05 11:40:58 - [TEST_STEP][PASSED] - data = callTestCase(findTestCase("T13 Pembelian, Shipment dan Pembayaran/SA-001"), [:], STOP_ON_FAILURE): Call Test Case 'Test Cases/T13 Pembelian, Shipment dan Pembayaran/SA-001' successfully

2023-10-05 11:40:59 - [TEST_CASE][PASSED] - Test Cases/T13 Pembelian, Shipment dan Pembayaran/SA-001: Test Cases/T13 Pembelian, Shipment dan Pembayaran/SA-001

2023-10-05 11:40:59 - [TEST_STEP][PASSED] - data = callTestCase(findTestCase("T13 Pembelian, Shipment dan Pembayaran/PBYA-001"), [:], STOP_ON_FAILURE): Call Test Case 'Test Cases/T13 Pembelian, Shipment dan Pembayaran/PBYA-001' successfully

2023-10-05 11:40:59 - [TEST_CASE][PASSED] - Test Cases/T13 Pembelian, Shipment dan Pembayaran/PBYA-001: Test Cases/T13 Pembelian, Shipment dan Pembayaran/PBYA-001

2023-10-05 11:40:59 - [TEST_STEP][PASSED] - data = callTestCase(findTestCase("T13 Pembelian, Shipment dan Pembayaran/PBY-004"), [:], STOP_ON_FAILURE): Call Test Case 'Test Cases/T13 Pembelian, Shipment dan Pembayaran/PBY-004' successfully

2023-10-05 11:40:59 - [TEST_CASE][PASSED] - Test Cases/T13 Pembelian, Shipment dan Pembayaran/PBY-004: Test Cases/T13 Pembelian, Shipment dan Pembayaran/PBY-004

2023-10-05 11:40:59 - [TEST_STEP][PASSED] - data = callTestCase(findTestCase("T13 Pembelian, Shipment dan Pembayaran/PBY-001"), [:], STOP_ON_FAILURE): Call Test Case 'Test Cases/T13 Pembelian, Shipment dan Pembayaran/PBY-001' successfully

2023-10-05 11:40:59 - [TEST_CASE][PASSED] - Test Cases/T13 Pembelian, Shipment dan Pembayaran/PBY-001: Test Cases/T13 Pembelian, Shipment dan Pembayaran/PBY-001

2023-10-05 11:40:59 - [TEST_STEP][PASSED] - data = callTestCase(findTestCase("T13 Pembelian, Shipment dan Pembayaran/PBL-004"), ["Kurir":"Roda 2"], STOP_ON_FAILURE): Call Test Case 'Test Cases/T13 Pembelian, Shipment dan Pembayaran/PBL-004' successfully

2023-10-05 11:40:59 - [TEST_CASE][PASSED] - Test Cases/T13 Pembelian, Shipment dan Pembayaran/PBL-004: Test Cases/T13 Pembelian, Shipment dan Pembayaran/PBL-004

2023-10-05 11:40:59 - [TEST_STEP][PASSED] - data = callTestCase(findTestCase("T13 Pembelian, Shipment dan Pembayaran/PBL-002"), [:], STOP_ON_FAILURE): Call Test Case 'Test Cases/T13 Pembelian, Shipment dan Pembayaran/PBL-002' successfully

2023-10-05 11:40:59 - [TEST_CASE][PASSED] - Test Cases/T13 Pembelian, Shipment dan Pembayaran/PBL-002: Test Cases/T13 Pembelian, Shipment dan Pembayaran/PBL-002

2023-10-05 11:40:59 - [TEST_STEP][PASSED] - data = callTestCase(findTestCase("T13 Pembelian, Shipment dan Pembayaran/PBL-001"), [:], STOP_ON_FAILURE): Call Test Case 'Test Cases/T13 Pembelian, Shipment dan Pembayaran/PBL-001' successfully

2023-10-05 11:40:59 - [TEST_CASE][PASSED] - Test Cases/T13 Pembelian, Shipment dan Pembayaran/PBL-001: Test Cases/T13 Pembelian, Shipment dan Pembayaran/PBL-001

2023-10-05 11:40:59 - [TEST_STEP][PASSED] - callTestCase(findTestCase("T13 Pembelian, Shipment dan Pembayaran/LU-001"), ["username":"irfanafandi", "password":"12345irfan"], STOP_ON_FAILURE): Call Test Case 'Test Cases/T13 Pembelian, Shipment dan Pembayaran/LU-001' successfully

2023-10-05 11:40:59 - [TEST_CASE][PASSED] - Test Cases/T13 Pembelian, Shipment dan Pembayaran/LU-001: Test Cases/T13 Pembelian, Shipment dan Pembayaran/LU-001

2023-10-05 11:40:59 - [TEST_STEP][PASSED] - openBrowser("https://10.9.2.63/ecommerce/"): Browser is opened with url: 'https://10.9.2.63/ecommerce/'

2023-10-05 11:40:59 - [MESSAGE][WARNING] - A browser is already opened. Closing browser and opening a new one

2023-10-05 11:41:00 - [MESSAGE][INFO] - Starting 'Edge Chromium' driver

2023-10-05 11:41:00 - [MESSAGE][INFO] - User set preference: ['acceptInsecureCerts', 'true']

2023-10-05 11:41:02 - [MESSAGE][INFO] - Action delay is set to 0 milliseconds

2023-10-05 11:41:05 - [MESSAGE][PASSED] - Browser is opened with url: 'https://10.9.2.63/ecommerce/'

2023-10-05 11:41:05 - [TEST_STEP][PASSED] - maximizeWindow(): Current window maximized

2023-10-05 11:41:05 - [MESSAGE][PASSED] - Current window maximized

2023-10-05 11:41:05 - [TEST_STEP][PASSED] - verifyElementPresent(findTestObject("Login/Home"), 0): Object 'Object Repository/Login/Home' is present

2023-10-05 11:41:06 - [MESSAGE][WARNING] - Timeout '0' is invalid. Using default page load timeout: '30'

2023-10-05 11:41:06 - [MESSAGE][PASSED] - Object 'Object Repository/Login/Home' is present

2023-10-05 11:41:06 - [TEST_STEP][PASSED] - click(findTestObject("Login/a_Login")): Object: 'Object Repository/Login/a_Login' is clicked on

2023-10-05 11:41:07 - [MESSAGE][PASSED] - Object: 'Object Repository/Login/a_Login' is clicked on

2023-10-05 11:41:07 - [TEST_STEP][PASSED] - verifyElementPresent(findTestObject("Login/Tittle Login"), 0): Object 'Object Repository/Login/Tittle Login' is present

2023-10-05 11:41:07 - [MESSAGE][WARNING] - Timeout '0' is invalid. Using default page load timeout: '30'

2023-10-05 11:41:07 - [MESSAGE][PASSED] - Object 'Object Repository/Login/Tittle Login' is present

2023-10-05 11:41:07 - [TEST_STEP][PASSED] - setText(findTestObject("Login/input_Username, Email atau No. Handphone_a"), username): Text 'irfanafandi' is set on object 'Object Repository/Login/input_Username, Email atau No. Handphone_a'

2023-10-05 11:41:08 - [MESSAGE][PASSED] - Text 'irfanafandi' is set on object 'Object Repository/Login/input_Username, Email atau No. Handphone_a'

2023-10-05 11:41:08 - [TEST_STEP][PASSED] - setText(findTestObject("Login/input_Password_b"), password): Text '12345irfan' is set on object 'Object Repository/Login/input_Password_b'

2023-10-05 11:41:09 - [MESSAGE][PASSED] - Text '12345irfan' is set on object 'Object Repository/Login/input_Password_b'

2023-10-05 11:41:09 - [TEST_STEP][PASSED] - click(findTestObject("Login/label_Ingat saya")): Object: 'Object Repository/Login/label_Ingat saya' is clicked on

2023-10-05 11:41:10 - [MESSAGE][PASSED] - Object: 'Object Repository/Login/label_Ingat saya' is clicked on

2023-10-05 11:41:10 - [TEST_STEP][PASSED] - click(findTestObject("Login/button_Masuk")): Object: 'Object Repository/Login/button_Masuk' is clicked on

2023-10-05 11:41:11 - [MESSAGE][PASSED] - Object: 'Object Repository/Login/button_Masuk' is clicked on

2023-10-05 11:41:11 - [TEST_STEP][PASSED] - verifyElementPresent(findTestObject("Login/li_Profile"), 0): Object 'Object Repository/Login/li_Profile' is present

2023-10-05 11:41:11 - [MESSAGE][WARNING] - Timeout '0' is invalid. Using default page load timeout: '30'

2023-10-05 11:41:12 - [MESSAGE][PASSED] - Object 'Object Repository/Login/li_Profile' is present

2023-10-05 11:41:12 - [MESSAGE][PASSED] - Call Test Case 'Test Cases/T13 Pembelian, Shipment dan Pembayaran/LU-001' successfully

2023-10-05 11:41:12 - [TEST_STEP][PASSED] - mouseOver(findTestObject("beli barang/i_Mulai Belanja_icon-menu")): Object: 'Object Repository/beli barang/i_Mulai Belanja_icon-menu' is hovered

2023-10-05 11:41:12 - [MESSAGE][PASSED] - Object: 'Object Repository/beli barang/i_Mulai Belanja_icon-menu' is hovered

2023-10-05 11:41:12 - [TEST_STEP][PASSED] - click(findTestObject("beli barang/a_Fashion  Busana Wanita")): Object: 'Object Repository/beli barang/a_Fashion  Busana Wanita' is clicked on

2023-10-05 11:41:13 - [MESSAGE][PASSED] - Object: 'Object Repository/beli barang/a_Fashion  Busana Wanita' is clicked on

2023-10-05 11:41:13 - [TEST_STEP][PASSED] - NamaSebelum = getText(findTestObject("verifikasi/Nama sebelum")): Text of object 'Object Repository/verifikasi/Nama sebelum' is: ''

2023-10-05 11:41:14 - [MESSAGE][PASSED] - Text of object 'Object Repository/verifikasi/Nama sebelum' is: ''

2023-10-05 11:41:14 - [TEST_STEP][PASSED] - HargaSebelum = getText(findTestObject("verifikasi/Harga sebelum")): Text of object 'Object Repository/verifikasi/Harga sebelum' is: 'Rp 1,299'

2023-10-05 11:41:14 - [MESSAGE][PASSED] - Text of object 'Object Repository/verifikasi/Harga sebelum' is: 'Rp 1,299'

2023-10-05 11:41:14 - [TEST_STEP][PASSED] - mouseOver(findTestObject("beli barang/barang mouse over")): Object: 'Object Repository/beli barang/barang mouse over' is hovered

2023-10-05 11:41:15 - [MESSAGE][PASSED] - Object: 'Object Repository/beli barang/barang mouse over' is hovered

2023-10-05 11:41:15 - [TEST_STEP][PASSED] - click(findTestObject("beli barang/buttom add to cart")): Object: 'Object Repository/beli barang/buttom add to cart' is clicked on

2023-10-05 11:41:17 - [MESSAGE][PASSED] - Object: 'Object Repository/beli barang/buttom add to cart' is clicked on

2023-10-05 11:41:17 - [TEST_STEP][PASSED] - NamaSesudah = getText(findTestObject("verifikasi/Nama sesudah")): Text of object 'Object Repository/verifikasi/Nama sesudah' is: 'Segitiga Instan Madeira - MDB5.3 Sunset'

2023-10-05 11:41:17 - [MESSAGE][PASSED] - Text of object 'Object Repository/verifikasi/Nama sesudah' is: 'Segitiga Instan Madeira - MDB5.3 Sunset'

2023-10-05 11:41:17 - [TEST_STEP][PASSED] - HargaSesudah = getText(findTestObject("verifikasi/Harga sesudah")): Text of object 'Object Repository/verifikasi/Harga sesudah' is: 'Rp 1,299'

2023-10-05 11:41:18 - [MESSAGE][PASSED] - Text of object 'Object Repository/verifikasi/Harga sesudah' is: 'Rp 1,299'

2023-10-05 11:41:18 - [TEST_STEP][PASSED] - assert NamaSesudah.contains(NamaSebelum): null

2023-10-05 11:41:18 - [TEST_STEP][PASSED] - assert HargaSesudah.contains(HargaSebelum): null

2023-10-05 11:41:18 - [TEST_STEP][PASSED] - click(findTestObject("beli barang/Tambah Keranjang busana wanita")): Object: 'Object Repository/beli barang/Tambah Keranjang busana wanita' is clicked on

2023-10-05 11:41:18 - [MESSAGE][PASSED] - Object: 'Object Repository/beli barang/Tambah Keranjang busana wanita' is clicked on

2023-10-05 11:41:18 - [TEST_STEP][PASSED] - verifyElementPresent(findTestObject("checkout/Notifikasi keranjang"), 1): Object 'Object Repository/checkout/Notifikasi keranjang' is present

2023-10-05 11:41:19 - [MESSAGE][PASSED] - Object 'Object Repository/checkout/Notifikasi keranjang' is present

2023-10-05 11:41:19 - [TEST_STEP][PASSED] - data = new java.util.HashMap(): null

2023-10-05 11:41:19 - [TEST_STEP][PASSED] - data.put("nama_barang", NamaSesudah): null

2023-10-05 11:41:19 - [TEST_STEP][PASSED] - data.put("price_barang", HargaSesudah): null

2023-10-05 11:41:19 - [TEST_STEP][PASSED] - return data: null

2023-10-05 11:41:19 - [MESSAGE][PASSED] - Call Test Case 'Test Cases/T13 Pembelian, Shipment dan Pembayaran/PBL-001' successfully

2023-10-05 11:41:19 - [TEST_STEP][PASSED] - mouseOver(findTestObject("beli barang/keranjang")): Object: 'Object Repository/beli barang/keranjang' is hovered

2023-10-05 11:41:20 - [MESSAGE][PASSED] - Object: 'Object Repository/beli barang/keranjang' is hovered

2023-10-05 11:41:20 - [TEST_STEP][PASSED] - click(findTestObject("beli barang/Lihat Sekarang")): Object: 'Object Repository/beli barang/Lihat Sekarang' is clicked on

2023-10-05 11:41:20 - [MESSAGE][PASSED] - Object: 'Object Repository/beli barang/Lihat Sekarang' is clicked on

2023-10-05 11:41:20 - [TEST_STEP][PASSED] - verifyElementPresent(findTestObject("keranjang/li_Keranjang Belanja"), 0): Object 'Object Repository/keranjang/li_Keranjang Belanja' is present

2023-10-05 11:41:21 - [MESSAGE][WARNING] - Timeout '0' is invalid. Using default page load timeout: '30'

2023-10-05 11:41:22 - [MESSAGE][PASSED] - Object 'Object Repository/keranjang/li_Keranjang Belanja' is present

2023-10-05 11:41:22 - [TEST_STEP][PASSED] - NamaKeranjang = getText(findTestObject("verifikasi/Nama keranjang")): Text of object 'Object Repository/verifikasi/Nama keranjang' is: 'Segitiga Instan Madeira - MDB5.3 Sunset'

2023-10-05 11:41:22 - [MESSAGE][PASSED] - Text of object 'Object Repository/verifikasi/Nama keranjang' is: 'Segitiga Instan Madeira - MDB5.3 Sunset'

2023-10-05 11:41:22 - [TEST_STEP][PASSED] - HargaKeranjang = getText(findTestObject("verifikasi/Harga Keranjang")): Text of object 'Object Repository/verifikasi/Harga Keranjang' is: 'Rp 1,299'

2023-10-05 11:41:23 - [MESSAGE][PASSED] - Text of object 'Object Repository/verifikasi/Harga Keranjang' is: 'Rp 1,299'

2023-10-05 11:41:23 - [TEST_STEP][PASSED] - if (toString().equalsIgnoreCase("Merah")): Object 'Object Repository/keranjang/input_Warna_variasi101' is checked

2023-10-05 11:41:23 - [TEST_STEP][PASSED] - check(findTestObject("Object Repository/keranjang/input_Warna_variasi101")): Object 'Object Repository/keranjang/input_Warna_variasi101' is checked

2023-10-05 11:41:23 - [MESSAGE][PASSED] - Object 'Object Repository/keranjang/input_Warna_variasi101' is checked

2023-10-05 11:41:23 - [TEST_STEP][PASSED] - if (toString().equalsIgnoreCase("Menengah")): Object 'Object Repository/keranjang/input_Ukuran_variasi201' is checked

2023-10-05 11:41:23 - [TEST_STEP][PASSED] - check(findTestObject("Object Repository/keranjang/input_Ukuran_variasi201")): Object 'Object Repository/keranjang/input_Ukuran_variasi201' is checked

2023-10-05 11:41:23 - [MESSAGE][PASSED] - Object 'Object Repository/keranjang/input_Ukuran_variasi201' is checked

2023-10-05 11:41:23 - [TEST_STEP][PASSED] - data.put("Warna", warna): null

2023-10-05 11:41:23 - [TEST_STEP][PASSED] - data.put("Ukuran", ukuran): null

2023-10-05 11:41:23 - [TEST_STEP][PASSED] - click(findTestObject("keranjang/button_Lanjut ke Pembayaran")): Object: 'Object Repository/keranjang/button_Lanjut ke Pembayaran' is clicked on

2023-10-05 11:41:25 - [MESSAGE][PASSED] - Object: 'Object Repository/keranjang/button_Lanjut ke Pembayaran' is clicked on

2023-10-05 11:41:25 - [TEST_STEP][PASSED] - verifyElementPresent(findTestObject("checkout/Tittle Checkout Order"), 0): Object 'Object Repository/checkout/Tittle Checkout Order' is present

2023-10-05 11:41:25 - [MESSAGE][WARNING] - Timeout '0' is invalid. Using default page load timeout: '30'

2023-10-05 11:41:26 - [MESSAGE][PASSED] - Object 'Object Repository/checkout/Tittle Checkout Order' is present

2023-10-05 11:41:26 - [TEST_STEP][PASSED] - name_product = data.get("nama_barang"): null

2023-10-05 11:41:26 - [TEST_STEP][PASSED] - price_product = data.get("price_barang"): null

2023-10-05 11:41:26 - [TEST_STEP][PASSED] - assert name_product == NamaKeranjang: null

2023-10-05 11:41:26 - [TEST_STEP][PASSED] - assert price_product == HargaKeranjang: null

2023-10-05 11:41:26 - [TEST_STEP][PASSED] - return data: null

2023-10-05 11:41:26 - [MESSAGE][PASSED] - Call Test Case 'Test Cases/T13 Pembelian, Shipment dan Pembayaran/PBL-002' successfully

2023-10-05 11:41:26 - [TEST_STEP][PASSED] - warnaa = getText(findTestObject("verifikasi/warna Merah")): Text of object 'Object Repository/verifikasi/warna Merah' is: 'Merah'

2023-10-05 11:41:26 - [MESSAGE][PASSED] - Text of object 'Object Repository/verifikasi/warna Merah' is: 'Merah'

2023-10-05 11:41:26 - [TEST_STEP][PASSED] - ukurann = getText(findTestObject("verifikasi/Ukuran Menengah")): Text of object 'Object Repository/verifikasi/Ukuran Menengah' is: 'Menengah'

2023-10-05 11:41:26 - [MESSAGE][PASSED] - Text of object 'Object Repository/verifikasi/Ukuran Menengah' is: 'Menengah'

2023-10-05 11:41:26 - [TEST_STEP][PASSED] - warna1 = data.get("Warna"): null

2023-10-05 11:41:26 - [TEST_STEP][PASSED] - ukuran1 = data.get("Ukuran"): null

2023-10-05 11:41:26 - [TEST_STEP][PASSED] - assert warnaa == warna1: null

2023-10-05 11:41:26 - [TEST_STEP][PASSED] - assert ukurann == ukuran1: null

2023-10-05 11:41:26 - [TEST_STEP][PASSED] - NamaCheckout = getText(findTestObject("verifikasi/NamaCheckout")): Text of object 'Object Repository/verifikasi/NamaCheckout' is: ''

2023-10-05 11:41:27 - [MESSAGE][PASSED] - Text of object 'Object Repository/verifikasi/NamaCheckout' is: ''

2023-10-05 11:41:27 - [TEST_STEP][PASSED] - HargaCheckout = getText(findTestObject("verifikasi/HargaCheckout")): Text of object 'Object Repository/verifikasi/HargaCheckout' is: '1,299'

2023-10-05 11:41:27 - [MESSAGE][PASSED] - Text of object 'Object Repository/verifikasi/HargaCheckout' is: '1,299'

2023-10-05 11:41:27 - [TEST_STEP][PASSED] - name_product = data.get("nama_barang"): null

2023-10-05 11:41:27 - [TEST_STEP][PASSED] - price_product = data.get("price_barang"): null

2023-10-05 11:41:27 - [TEST_STEP][PASSED] - assert name_product.contains(NamaCheckout): null

2023-10-05 11:41:27 - [TEST_STEP][PASSED] - assert price_product.contains(HargaCheckout): null

2023-10-05 11:41:27 - [TEST_STEP][PASSED] - selectOptionByLabel(findTestObject("checkout/select - Kirim via Kurir Lokal"), Kurir, false): All options with label 'Roda 2' are selected in object 'Object Repository/checkout/select - Kirim via Kurir Lokal' 

2023-10-05 11:41:28 - [MESSAGE][PASSED] - All options with label 'Roda 2' are selected in object 'Object Repository/checkout/select - Kirim via Kurir Lokal' 

2023-10-05 11:41:28 - [TEST_STEP][PASSED] - click(findTestObject("checkout/Kendaraan Kurir")): Object: 'Object Repository/checkout/Kendaraan Kurir' is clicked on

2023-10-05 11:41:29 - [MESSAGE][PASSED] - Object: 'Object Repository/checkout/Kendaraan Kurir' is clicked on

2023-10-05 11:41:29 - [TEST_STEP][PASSED] - OngkosKirim = getText(findTestObject("Object Repository/verifikasi/Ongkos Kirim checkout")): Text of object 'Object Repository/verifikasi/Ongkos Kirim checkout' is: 'Rp. 5,000'

2023-10-05 11:41:29 - [MESSAGE][PASSED] - Text of object 'Object Repository/verifikasi/Ongkos Kirim checkout' is: 'Rp. 5,000'

2023-10-05 11:41:29 - [TEST_STEP][PASSED] - Ongkos = OngkosKirim.substring(3, OngkosKirim.size()): null

2023-10-05 11:41:29 - [TEST_STEP][PASSED] - rep = Ongkos.replace(",", "."): null

2023-10-05 11:41:29 - [TEST_STEP][PASSED] - Ongkos_kirim = Double.parseDouble(rep): null

2023-10-05 11:41:29 - [TEST_STEP][PASSED] - println(Ongkos_kirim): null

2023-10-05 11:41:29 - [TEST_STEP][PASSED] - FeeAdmin = getText(findTestObject("verifikasi/Fee Admin checkout")): Text of object 'Object Repository/verifikasi/Fee Admin checkout' is: 'Fee Admin
Rp 1,500'

2023-10-05 11:41:30 - [MESSAGE][PASSED] - Text of object 'Object Repository/verifikasi/Fee Admin checkout' is: 'Fee Admin
Rp 1,500'

2023-10-05 11:41:30 - [TEST_STEP][PASSED] - Fee_Admin = FeeAdmin.substring(12, FeeAdmin.size()): null

2023-10-05 11:41:30 - [TEST_STEP][PASSED] - fee = Fee_Admin.replace(",", "."): null

2023-10-05 11:41:30 - [TEST_STEP][PASSED] - fee_admin = Double.parseDouble(fee): null

2023-10-05 11:41:30 - [TEST_STEP][PASSED] - println(fee_admin): null

2023-10-05 11:41:30 - [TEST_STEP][PASSED] - Subtotal = getText(findTestObject("verifikasi/subtotal checkout")): Text of object 'Object Repository/verifikasi/subtotal checkout' is: 'Subtotal
Rp 1,299'

2023-10-05 11:41:30 - [MESSAGE][PASSED] - Text of object 'Object Repository/verifikasi/subtotal checkout' is: 'Subtotal
Rp 1,299'

2023-10-05 11:41:30 - [TEST_STEP][PASSED] - sub_total = Subtotal.substring(12, Subtotal.size()): null

2023-10-05 11:41:30 - [TEST_STEP][PASSED] - sub = sub_total.replace(",", "."): null

2023-10-05 11:41:30 - [TEST_STEP][PASSED] - sub_total = Double.parseDouble(sub): null

2023-10-05 11:41:30 - [TEST_STEP][PASSED] - println(sub_total): null

2023-10-05 11:41:30 - [TEST_STEP][PASSED] - Total = getText(findTestObject("verifikasi/Total checkout")): Text of object 'Object Repository/verifikasi/Total checkout' is: 'Rp 7,799'

2023-10-05 11:41:31 - [MESSAGE][PASSED] - Text of object 'Object Repository/verifikasi/Total checkout' is: 'Rp 7,799'

2023-10-05 11:41:31 - [TEST_STEP][PASSED] - totall = Total.substring(3, Total.size()): null

2023-10-05 11:41:31 - [TEST_STEP][PASSED] - total = totall.replace(",", "."): null

2023-10-05 11:41:31 - [TEST_STEP][PASSED] - totall = Double.parseDouble(total): null

2023-10-05 11:41:31 - [TEST_STEP][PASSED] - println(totall): null

2023-10-05 11:41:31 - [TEST_STEP][PASSED] - Total_Harga = Ongkos_kirim + fee_admin + sub_total: null

2023-10-05 11:41:31 - [TEST_STEP][PASSED] - println(Total_Harga): null

2023-10-05 11:41:31 - [TEST_STEP][PASSED] - TotalHarga = Math.round(Total_Harga * 1000) / 1000: null

2023-10-05 11:41:31 - [TEST_STEP][PASSED] - println(TotalHarga): null

2023-10-05 11:41:31 - [TEST_STEP][PASSED] - assert totall == TotalHarga: null

2023-10-05 11:41:31 - [TEST_STEP][PASSED] - click(findTestObject("verifikasi/Metode Transfer")): Object: 'Object Repository/verifikasi/Metode Transfer' is clicked on

2023-10-05 11:41:31 - [MESSAGE][PASSED] - Object: 'Object Repository/verifikasi/Metode Transfer' is clicked on

2023-10-05 11:41:31 - [TEST_STEP][PASSED] - click(findTestObject("checkout/button_Proses Pembayaran")): Object: 'Object Repository/checkout/button_Proses Pembayaran' is clicked on

2023-10-05 11:41:41 - [MESSAGE][PASSED] - Object: 'Object Repository/checkout/button_Proses Pembayaran' is clicked on

2023-10-05 11:41:41 - [TEST_STEP][PASSED] - verifyElementPresent(findTestObject("pembayaran/Tittle nomor invoice"), 0): Object 'Object Repository/pembayaran/Tittle nomor invoice' is present

2023-10-05 11:41:41 - [MESSAGE][WARNING] - Timeout '0' is invalid. Using default page load timeout: '30'

2023-10-05 11:41:42 - [MESSAGE][PASSED] - Object 'Object Repository/pembayaran/Tittle nomor invoice' is present

2023-10-05 11:41:42 - [TEST_STEP][PASSED] - return data: null

2023-10-05 11:41:42 - [MESSAGE][PASSED] - Call Test Case 'Test Cases/T13 Pembelian, Shipment dan Pembayaran/PBL-004' successfully

2023-10-05 11:41:42 - [TEST_STEP][PASSED] - Invoice = getText(findTestObject("pembayaran/nomor invoice")): Text of object 'Object Repository/pembayaran/nomor invoice' is: 'TRX60.20231005114135'

2023-10-05 11:41:42 - [MESSAGE][PASSED] - Text of object 'Object Repository/pembayaran/nomor invoice' is: 'TRX60.20231005114135'

2023-10-05 11:41:42 - [TEST_STEP][PASSED] - data.put("invoice", Invoice): null

2023-10-05 11:41:42 - [TEST_STEP][PASSED] - NamaPemesan = getText(findTestObject("Konfirmasi pesanan shop/Nama pemesan")): Text of object 'Object Repository/Konfirmasi pesanan shop/Nama pemesan' is: 'irfan.afandi'

2023-10-05 11:41:43 - [MESSAGE][PASSED] - Text of object 'Object Repository/Konfirmasi pesanan shop/Nama pemesan' is: 'irfan.afandi'

2023-10-05 11:41:43 - [TEST_STEP][PASSED] - Nama = getText(findTestObject("pembayaran/Nama barang")): Text of object 'Object Repository/pembayaran/Nama barang' is: 'Segitiga Instan Madeira - MDB5.3 Sunset'

2023-10-05 11:41:43 - [MESSAGE][PASSED] - Text of object 'Object Repository/pembayaran/Nama barang' is: 'Segitiga Instan Madeira - MDB5.3 Sunset'

2023-10-05 11:41:43 - [TEST_STEP][PASSED] - Harga = getText(findTestObject("pembayaran/Harga barang")): Text of object 'Object Repository/pembayaran/Harga barang' is: '1,299'

2023-10-05 11:41:44 - [MESSAGE][PASSED] - Text of object 'Object Repository/pembayaran/Harga barang' is: '1,299'

2023-10-05 11:41:44 - [TEST_STEP][PASSED] - name_product = data.get("nama_barang"): null

2023-10-05 11:41:44 - [TEST_STEP][PASSED] - price_product = data.get("price_barang"): null

2023-10-05 11:41:44 - [TEST_STEP][PASSED] - assert name_product.contains(Nama): null

2023-10-05 11:41:44 - [TEST_STEP][PASSED] - assert price_product.contains(Harga): null

2023-10-05 11:41:44 - [TEST_STEP][PASSED] - warnaa = getText(findTestObject("pembayaran/warna")): Text of object 'Object Repository/pembayaran/warna' is: 'Merah'

2023-10-05 11:41:44 - [MESSAGE][PASSED] - Text of object 'Object Repository/pembayaran/warna' is: 'Merah'

2023-10-05 11:41:44 - [TEST_STEP][PASSED] - ukurann = getText(findTestObject("pembayaran/ukuran")): Text of object 'Object Repository/pembayaran/ukuran' is: 'Menengah'

2023-10-05 11:41:45 - [MESSAGE][PASSED] - Text of object 'Object Repository/pembayaran/ukuran' is: 'Menengah'

2023-10-05 11:41:45 - [TEST_STEP][PASSED] - warna1 = data.get("Warna"): null

2023-10-05 11:41:45 - [TEST_STEP][PASSED] - ukuran1 = data.get("Ukuran"): null

2023-10-05 11:41:45 - [TEST_STEP][PASSED] - assert warnaa == warna1: null

2023-10-05 11:41:45 - [TEST_STEP][PASSED] - assert ukurann == ukuran1: null

2023-10-05 11:41:45 - [TEST_STEP][PASSED] - statusPembelian = getText(findTestObject("verifikasi/Status pending di pembelian")): Text of object 'Object Repository/verifikasi/Status pending di pembelian' is: 'Pending'

2023-10-05 11:41:45 - [MESSAGE][PASSED] - Text of object 'Object Repository/verifikasi/Status pending di pembelian' is: 'Pending'

2023-10-05 11:41:45 - [TEST_STEP][PASSED] - data.put("statusPem", statusPembelian): null

2023-10-05 11:41:45 - [TEST_STEP][PASSED] - OngkosKirim = getText(findTestObject("pembayaran/ongkos kirim")): Text of object 'Object Repository/pembayaran/ongkos kirim' is: 'Rp 5,000'

2023-10-05 11:41:46 - [MESSAGE][PASSED] - Text of object 'Object Repository/pembayaran/ongkos kirim' is: 'Rp 5,000'

2023-10-05 11:41:46 - [TEST_STEP][PASSED] - Ongkos = OngkosKirim.substring(3, OngkosKirim.size()): null

2023-10-05 11:41:46 - [TEST_STEP][PASSED] - rep = Ongkos.replace(",", ""): null

2023-10-05 11:41:46 - [TEST_STEP][PASSED] - Ongkos_kirimm = Integer.parseInt(rep): null

2023-10-05 11:41:46 - [TEST_STEP][PASSED] - println(Ongkos_kirimm): null

2023-10-05 11:41:46 - [TEST_STEP][PASSED] - FeeAdmin = getText(findTestObject("pembayaran/fee admin")): Text of object 'Object Repository/pembayaran/fee admin' is: 'Rp 1,500'

2023-10-05 11:41:46 - [MESSAGE][PASSED] - Text of object 'Object Repository/pembayaran/fee admin' is: 'Rp 1,500'

2023-10-05 11:41:46 - [TEST_STEP][PASSED] - Fee_Admin = FeeAdmin.substring(3, FeeAdmin.size()): null

2023-10-05 11:41:46 - [TEST_STEP][PASSED] - fee = Fee_Admin.replace(",", ""): null

2023-10-05 11:41:46 - [TEST_STEP][PASSED] - fee_adminn = Integer.parseInt(fee): null

2023-10-05 11:41:46 - [TEST_STEP][PASSED] - println(fee_adminn): null

2023-10-05 11:41:46 - [TEST_STEP][PASSED] - Subtotal = getText(findTestObject("pembayaran/subtotal")): Text of object 'Object Repository/pembayaran/subtotal' is: 'Rp 1,299'

2023-10-05 11:41:47 - [MESSAGE][PASSED] - Text of object 'Object Repository/pembayaran/subtotal' is: 'Rp 1,299'

2023-10-05 11:41:47 - [TEST_STEP][PASSED] - sub_total = Subtotal.substring(3, Subtotal.size()): null

2023-10-05 11:41:47 - [TEST_STEP][PASSED] - sub = sub_total.replace(",", ""): null

2023-10-05 11:41:47 - [TEST_STEP][PASSED] - sub_totall = Integer.parseInt(sub): null

2023-10-05 11:41:47 - [TEST_STEP][PASSED] - println(sub_totall): null

2023-10-05 11:41:47 - [TEST_STEP][PASSED] - unik = getText(findTestObject("pembayaran/kode unik")): Text of object 'Object Repository/pembayaran/kode unik' is: '+135'

2023-10-05 11:41:47 - [MESSAGE][PASSED] - Text of object 'Object Repository/pembayaran/kode unik' is: '+135'

2023-10-05 11:41:47 - [TEST_STEP][PASSED] - unikk = unik.replace("+", ""): null

2023-10-05 11:41:47 - [TEST_STEP][PASSED] - kode_unik = Integer.parseInt(unikk): null

2023-10-05 11:41:47 - [TEST_STEP][PASSED] - println(kode_unik): null

2023-10-05 11:41:47 - [TEST_STEP][PASSED] - Total = getText(findTestObject("pembayaran/total")): Text of object 'Object Repository/pembayaran/total' is: '7,934'

2023-10-05 11:41:48 - [MESSAGE][PASSED] - Text of object 'Object Repository/pembayaran/total' is: '7,934'

2023-10-05 11:41:48 - [TEST_STEP][PASSED] - total = Total.replace(",", ""): null

2023-10-05 11:41:48 - [TEST_STEP][PASSED] - totalll = Integer.parseInt(total): null

2023-10-05 11:41:48 - [TEST_STEP][PASSED] - println(totalll): null

2023-10-05 11:41:48 - [TEST_STEP][PASSED] - Total_Hargaa = Ongkos_kirimm + fee_adminn + sub_totall + kode_unik: null

2023-10-05 11:41:48 - [TEST_STEP][PASSED] - println(Total_Hargaa): null

2023-10-05 11:41:48 - [TEST_STEP][PASSED] - assert totalll == Total_Hargaa: null

2023-10-05 11:41:48 - [TEST_STEP][PASSED] - data.put("total", Total): null

2023-10-05 11:41:48 - [TEST_STEP][PASSED] - data.put("nama", NamaPemesan): null

2023-10-05 11:41:48 - [TEST_STEP][PASSED] - return data: null

2023-10-05 11:41:48 - [MESSAGE][PASSED] - Call Test Case 'Test Cases/T13 Pembelian, Shipment dan Pembayaran/PBY-001' successfully

2023-10-05 11:41:48 - [TEST_STEP][PASSED] - inv = data.get("invoice"): null

2023-10-05 11:41:48 - [TEST_STEP][PASSED] - Total = data.get("total"): null

2023-10-05 11:41:48 - [TEST_STEP][PASSED] - NamaPemesan = data.get("nama"): null

2023-10-05 11:41:48 - [TEST_STEP][PASSED] - click(findTestObject("Konfirmasi pesanan shop/Menu Shop")): Object: 'Object Repository/Konfirmasi pesanan shop/Menu Shop' is clicked on

2023-10-05 11:41:50 - [MESSAGE][PASSED] - Object: 'Object Repository/Konfirmasi pesanan shop/Menu Shop' is clicked on

2023-10-05 11:41:50 - [TEST_STEP][PASSED] - click(findTestObject("Konfirmasi pesanan shop/Menu Shop")): Object: 'Object Repository/Konfirmasi pesanan shop/Menu Shop' is clicked on

2023-10-05 11:41:50 - [MESSAGE][PASSED] - Object: 'Object Repository/Konfirmasi pesanan shop/Menu Shop' is clicked on

2023-10-05 11:41:50 - [TEST_STEP][PASSED] - click(findTestObject("Konfirmasi pesanan shop/Konfirmasi Orders")): Object: 'Object Repository/Konfirmasi pesanan shop/Konfirmasi Orders' is clicked on

2023-10-05 11:41:52 - [MESSAGE][PASSED] - Object: 'Object Repository/Konfirmasi pesanan shop/Konfirmasi Orders' is clicked on

2023-10-05 11:41:52 - [TEST_STEP][PASSED] - verifyElementPresent(findTestObject("Konfirmasi pesanan shop/Tittle Konfirmasi Pesanan"), 0): Object 'Object Repository/Konfirmasi pesanan shop/Tittle Konfirmasi Pesanan' is present

2023-10-05 11:41:52 - [MESSAGE][WARNING] - Timeout '0' is invalid. Using default page load timeout: '30'

2023-10-05 11:41:52 - [MESSAGE][PASSED] - Object 'Object Repository/Konfirmasi pesanan shop/Tittle Konfirmasi Pesanan' is present

2023-10-05 11:41:52 - [TEST_STEP][PASSED] - setText(findTestObject("Konfirmasi pesanan shop/input_No Pesanan"), inv): Text 'TRX60.20231005114135' is set on object 'Object Repository/Konfirmasi pesanan shop/input_No Pesanan'

2023-10-05 11:41:53 - [MESSAGE][PASSED] - Text 'TRX60.20231005114135' is set on object 'Object Repository/Konfirmasi pesanan shop/input_No Pesanan'

2023-10-05 11:41:53 - [TEST_STEP][PASSED] - setText(findTestObject("Konfirmasi pesanan shop/input_Alamat E-mai"), "irfan@gmail.com"): Text 'irfan@gmail.com' is set on object 'Object Repository/Konfirmasi pesanan shop/input_Alamat E-mai'

2023-10-05 11:41:54 - [MESSAGE][PASSED] - Text 'irfan@gmail.com' is set on object 'Object Repository/Konfirmasi pesanan shop/input_Alamat E-mai'

2023-10-05 11:41:54 - [TEST_STEP][PASSED] - click(findTestObject("Konfirmasi pesanan shop/button_Submit")): Object: 'Object Repository/Konfirmasi pesanan shop/button_Submit' is clicked on

2023-10-05 11:41:55 - [MESSAGE][PASSED] - Object: 'Object Repository/Konfirmasi pesanan shop/button_Submit' is clicked on

2023-10-05 11:41:55 - [TEST_STEP][PASSED] - verifyElementPresent(findTestObject("Konfirmasi pesanan shop/Tittle nomor invoice"), 0): Object 'Object Repository/Konfirmasi pesanan shop/Tittle nomor invoice' is present

2023-10-05 11:41:55 - [MESSAGE][WARNING] - Timeout '0' is invalid. Using default page load timeout: '30'

2023-10-05 11:41:56 - [MESSAGE][PASSED] - Object 'Object Repository/Konfirmasi pesanan shop/Tittle nomor invoice' is present

2023-10-05 11:41:56 - [TEST_STEP][PASSED] - setText(findTestObject("Konfirmasi pesanan shop/input_Total TagihanTransfer_b"), Total): Text '7,934' is set on object 'Object Repository/Konfirmasi pesanan shop/input_Total TagihanTransfer_b'

2023-10-05 11:41:57 - [MESSAGE][PASSED] - Text '7,934' is set on object 'Object Repository/Konfirmasi pesanan shop/input_Total TagihanTransfer_b'

2023-10-05 11:41:57 - [TEST_STEP][PASSED] - selectOptionByValue(findTestObject("Konfirmasi pesanan shop/select_Bank"), "4", false): All options with value '4' are selected in object 'Object Repository/Konfirmasi pesanan shop/select_Bank' 

2023-10-05 11:41:58 - [MESSAGE][PASSED] - All options with value '4' are selected in object 'Object Repository/Konfirmasi pesanan shop/select_Bank' 

2023-10-05 11:41:58 - [TEST_STEP][PASSED] - setText(findTestObject("Konfirmasi pesanan shop/input_Nama Pengirim_d"), NamaPemesan): Text 'irfan.afandi' is set on object 'Object Repository/Konfirmasi pesanan shop/input_Nama Pengirim_d'

2023-10-05 11:41:59 - [MESSAGE][PASSED] - Text 'irfan.afandi' is set on object 'Object Repository/Konfirmasi pesanan shop/input_Nama Pengirim_d'

2023-10-05 11:41:59 - [TEST_STEP][PASSED] - uploadFile(findTestObject("keranjang/konfirmasi/input_Upload Bukti Transfer_f"), "C:\Users\IRFAN\Downloads\Berkas2.pdf"): File 'C:\Users\IRFAN\Downloads\Berkas2.pdf' sent to object: 'Object Repository/keranjang/konfirmasi/input_Upload Bukti Transfer_f'

2023-10-05 11:41:59 - [MESSAGE][PASSED] - File 'C:\Users\IRFAN\Downloads\Berkas2.pdf' sent to object: 'Object Repository/keranjang/konfirmasi/input_Upload Bukti Transfer_f'

2023-10-05 11:41:59 - [TEST_STEP][PASSED] - click(findTestObject("Konfirmasi pesanan shop/button_Konfirmasi Pembayaran")): Object: 'Object Repository/Konfirmasi pesanan shop/button_Konfirmasi Pembayaran' is clicked on

2023-10-05 11:42:01 - [MESSAGE][PASSED] - Object: 'Object Repository/Konfirmasi pesanan shop/button_Konfirmasi Pembayaran' is clicked on

2023-10-05 11:42:01 - [TEST_STEP][PASSED] - verifyElementPresent(findTestObject("Konfirmasi pesanan shop/Tittle Konfirmasi Pesanan"), 0): Object 'Object Repository/Konfirmasi pesanan shop/Tittle Konfirmasi Pesanan' is present

2023-10-05 11:42:01 - [MESSAGE][WARNING] - Timeout '0' is invalid. Using default page load timeout: '30'

2023-10-05 11:42:01 - [MESSAGE][PASSED] - Object 'Object Repository/Konfirmasi pesanan shop/Tittle Konfirmasi Pesanan' is present

2023-10-05 11:42:01 - [TEST_STEP][PASSED] - verifyElementPresent(findTestObject("Konfirmasi pesanan shop/Tittle massage succes Konfirmasi Pembayaran Pesanan"), 0): Object 'Object Repository/Konfirmasi pesanan shop/Tittle massage succes Konfirmasi Pembayaran Pesanan' is present

2023-10-05 11:42:01 - [MESSAGE][WARNING] - Timeout '0' is invalid. Using default page load timeout: '30'

2023-10-05 11:42:02 - [MESSAGE][PASSED] - Object 'Object Repository/Konfirmasi pesanan shop/Tittle massage succes Konfirmasi Pembayaran Pesanan' is present

2023-10-05 11:42:02 - [TEST_STEP][PASSED] - return data: null

2023-10-05 11:42:02 - [MESSAGE][PASSED] - Call Test Case 'Test Cases/T13 Pembelian, Shipment dan Pembayaran/PBY-004' successfully

2023-10-05 11:42:02 - [TEST_STEP][PASSED] - navigateToUrl("https://10.9.2.63/ecommerce/administrator/"): Navigate to 'https://10.9.2.63/ecommerce/administrator/' successfully

2023-10-05 11:42:03 - [MESSAGE][PASSED] - Navigate to 'https://10.9.2.63/ecommerce/administrator/' successfully

2023-10-05 11:42:03 - [TEST_STEP][PASSED] - verifyElementPresent(findTestObject("admin/Tittle ADMIN Login"), 0): Object 'Object Repository/admin/Tittle ADMIN Login' is present

2023-10-05 11:42:03 - [MESSAGE][WARNING] - Timeout '0' is invalid. Using default page load timeout: '30'

2023-10-05 11:42:03 - [MESSAGE][PASSED] - Object 'Object Repository/admin/Tittle ADMIN Login' is present

2023-10-05 11:42:03 - [TEST_STEP][PASSED] - setText(findTestObject("admin/Username"), "admin"): Text 'admin' is set on object 'Object Repository/admin/Username'

2023-10-05 11:42:04 - [MESSAGE][PASSED] - Text 'admin' is set on object 'Object Repository/admin/Username'

2023-10-05 11:42:04 - [TEST_STEP][PASSED] - setText(findTestObject("admin/Password"), "123admin123"): Text '123admin123' is set on object 'Object Repository/admin/Password'

2023-10-05 11:42:05 - [MESSAGE][PASSED] - Text '123admin123' is set on object 'Object Repository/admin/Password'

2023-10-05 11:42:05 - [TEST_STEP][PASSED] - click(findTestObject("admin/Remember Me")): Object: 'Object Repository/admin/Remember Me' is clicked on

2023-10-05 11:42:05 - [MESSAGE][PASSED] - Object: 'Object Repository/admin/Remember Me' is clicked on

2023-10-05 11:42:05 - [TEST_STEP][PASSED] - delay(10): Delayed 10 second(s)

2023-10-05 11:42:15 - [MESSAGE][PASSED] - Delayed 10 second(s)

2023-10-05 11:42:15 - [TEST_STEP][PASSED] - click(findTestObject("admin/buttom submit")): Object: 'Object Repository/admin/buttom submit' is clicked on

2023-10-05 11:42:17 - [MESSAGE][PASSED] - Object: 'Object Repository/admin/buttom submit' is clicked on

2023-10-05 11:42:17 - [TEST_STEP][PASSED] - verifyElementPresent(findTestObject("admin/Konf order konsumen/Tittle Dashboard"), 0): Object 'Object Repository/admin/Konf order konsumen/Tittle Dashboard' is present

2023-10-05 11:42:17 - [MESSAGE][WARNING] - Timeout '0' is invalid. Using default page load timeout: '30'

2023-10-05 11:42:17 - [MESSAGE][PASSED] - Object 'Object Repository/admin/Konf order konsumen/Tittle Dashboard' is present

2023-10-05 11:42:17 - [TEST_STEP][PASSED] - click(findTestObject("admin/Konf order konsumen/Menu Transaksi Market")): Object: 'Object Repository/admin/Konf order konsumen/Menu Transaksi Market' is clicked on

2023-10-05 11:42:18 - [MESSAGE][PASSED] - Object: 'Object Repository/admin/Konf order konsumen/Menu Transaksi Market' is clicked on

2023-10-05 11:42:18 - [TEST_STEP][PASSED] - click(findTestObject("admin/Konf order konsumen/Menu Konf. Order Konsumen")): Object: 'Object Repository/admin/Konf order konsumen/Menu Konf. Order Konsumen' is clicked on

2023-10-05 11:42:19 - [MESSAGE][PASSED] - Object: 'Object Repository/admin/Konf order konsumen/Menu Konf. Order Konsumen' is clicked on

2023-10-05 11:42:19 - [TEST_STEP][PASSED] - verifyElementPresent(findTestObject("admin/Konf order konsumen/Tittle Data Konfirmasi Pembayaran Konsumen"), 0): Object 'Object Repository/admin/Konf order konsumen/Tittle Data Konfirmasi Pembayaran Konsumen' is present

2023-10-05 11:42:19 - [MESSAGE][WARNING] - Timeout '0' is invalid. Using default page load timeout: '30'

2023-10-05 11:42:20 - [MESSAGE][PASSED] - Object 'Object Repository/admin/Konf order konsumen/Tittle Data Konfirmasi Pembayaran Konsumen' is present

2023-10-05 11:42:20 - [TEST_STEP][PASSED] - inv = data.get("invoice"): null

2023-10-05 11:42:20 - [TEST_STEP][PASSED] - setText(findTestObject("admin/Konf order konsumen/Search"), inv): Text 'TRX60.20231005114135' is set on object 'Object Repository/admin/Konf order konsumen/Search'

2023-10-05 11:42:20 - [MESSAGE][PASSED] - Text 'TRX60.20231005114135' is set on object 'Object Repository/admin/Konf order konsumen/Search'

2023-10-05 11:42:20 - [TEST_STEP][PASSED] - verifyElementText(findTestObject("admin/Konf order konsumen/Keterangan Lunas"), "Lunas"): Actual text and expected text of test object 'Object Repository/admin/Konf order konsumen/Keterangan Lunas' are matched.

2023-10-05 11:42:21 - [MESSAGE][PASSED] - Actual text and expected text of test object 'Object Repository/admin/Konf order konsumen/Keterangan Lunas' are matched.

2023-10-05 11:42:21 - [TEST_STEP][PASSED] - return data: null

2023-10-05 11:42:21 - [MESSAGE][PASSED] - Call Test Case 'Test Cases/T13 Pembelian, Shipment dan Pembayaran/PBYA-001' successfully

2023-10-05 11:42:21 - [TEST_STEP][PASSED] - click(findTestObject("admin/Penjualan ke konsumen/buttom Dashboard")): Object: 'Object Repository/admin/Penjualan ke konsumen/buttom Dashboard' is clicked on

2023-10-05 11:42:22 - [MESSAGE][PASSED] - Object: 'Object Repository/admin/Penjualan ke konsumen/buttom Dashboard' is clicked on

2023-10-05 11:42:22 - [TEST_STEP][PASSED] - click(findTestObject("admin/Konf order konsumen/Menu Transaksi Market")): Object: 'Object Repository/admin/Konf order konsumen/Menu Transaksi Market' is clicked on

2023-10-05 11:42:22 - [MESSAGE][PASSED] - Object: 'Object Repository/admin/Konf order konsumen/Menu Transaksi Market' is clicked on

2023-10-05 11:42:22 - [TEST_STEP][PASSED] - click(findTestObject("admin/Penjualan ke konsumen/a_Penjualan ke Konsumen")): Object: 'Object Repository/admin/Penjualan ke konsumen/a_Penjualan ke Konsumen' is clicked on

2023-10-05 11:42:25 - [MESSAGE][PASSED] - Object: 'Object Repository/admin/Penjualan ke konsumen/a_Penjualan ke Konsumen' is clicked on

2023-10-05 11:42:25 - [TEST_STEP][PASSED] - verifyElementPresent(findTestObject("admin/Tittle Data Transaksi Penjualan  Orderan Konsumen"), 0): Object 'Object Repository/admin/Tittle Data Transaksi Penjualan  Orderan Konsumen' is present

2023-10-05 11:42:25 - [MESSAGE][WARNING] - Timeout '0' is invalid. Using default page load timeout: '30'

2023-10-05 11:42:26 - [MESSAGE][PASSED] - Object 'Object Repository/admin/Tittle Data Transaksi Penjualan  Orderan Konsumen' is present

2023-10-05 11:42:26 - [TEST_STEP][PASSED] - return data: null

2023-10-05 11:42:26 - [MESSAGE][PASSED] - Call Test Case 'Test Cases/T13 Pembelian, Shipment dan Pembayaran/SA-001' successfully

2023-10-05 11:42:26 - [TEST_STEP][PASSED] - inv = data.get("invoice"): null

2023-10-05 11:42:26 - [TEST_STEP][PASSED] - setText(findTestObject("admin/Penjualan ke konsumen/Search"), inv): Text 'TRX60.20231005114135' is set on object 'Object Repository/admin/Penjualan ke konsumen/Search'

2023-10-05 11:42:27 - [MESSAGE][PASSED] - Text 'TRX60.20231005114135' is set on object 'Object Repository/admin/Penjualan ke konsumen/Search'

2023-10-05 11:42:27 - [TEST_STEP][PASSED] - click(findTestObject("admin/Penjualan ke konsumen/buttom konfirmasi pending payment")): Object: 'Object Repository/admin/Penjualan ke konsumen/buttom konfirmasi pending payment' is clicked on

2023-10-05 11:42:27 - [MESSAGE][PASSED] - Object: 'Object Repository/admin/Penjualan ke konsumen/buttom konfirmasi pending payment' is clicked on

2023-10-05 11:42:27 - [TEST_STEP][PASSED] - acceptAlert(STOP_ON_FAILURE): Alert accepted

2023-10-05 11:42:27 - [MESSAGE][PASSED] - Alert accepted

2023-10-05 11:42:27 - [TEST_STEP][PASSED] - setText(findTestObject("admin/Penjualan ke konsumen/Search"), inv): Text 'TRX60.20231005114135' is set on object 'Object Repository/admin/Penjualan ke konsumen/Search'

2023-10-05 11:42:37 - [MESSAGE][PASSED] - Text 'TRX60.20231005114135' is set on object 'Object Repository/admin/Penjualan ke konsumen/Search'

2023-10-05 11:42:37 - [TEST_STEP][PASSED] - verifyTextNotPresent("pending payment", false): Text 'pending payment' is not present on page

2023-10-05 11:42:38 - [MESSAGE][PASSED] - Text 'pending payment' is not present on page

2023-10-05 11:42:38 - [TEST_STEP][PASSED] - return data: null

2023-10-05 11:42:38 - [MESSAGE][PASSED] - Call Test Case 'Test Cases/T13 Pembelian, Shipment dan Pembayaran/SA-002' successfully

2023-10-05 11:42:38 - [TEST_STEP][PASSED] - click(findTestObject("admin/Penjualan ke konsumen/buttom scroldown")): Object: 'Object Repository/admin/Penjualan ke konsumen/buttom scroldown' is clicked on

2023-10-05 11:42:38 - [MESSAGE][PASSED] - Object: 'Object Repository/admin/Penjualan ke konsumen/buttom scroldown' is clicked on

2023-10-05 11:42:38 - [TEST_STEP][PASSED] - click(findTestObject("admin/Penjualan ke konsumen/Proses")): Object: 'Object Repository/admin/Penjualan ke konsumen/Proses' is clicked on

2023-10-05 11:42:39 - [MESSAGE][PASSED] - Object: 'Object Repository/admin/Penjualan ke konsumen/Proses' is clicked on

2023-10-05 11:42:39 - [TEST_STEP][PASSED] - acceptAlert(): Alert accepted

2023-10-05 11:42:39 - [MESSAGE][PASSED] - Alert accepted

2023-10-05 11:42:39 - [TEST_STEP][PASSED] - inv = data.get("invoice"): null

2023-10-05 11:42:39 - [TEST_STEP][PASSED] - setText(findTestObject("admin/Penjualan ke konsumen/Search"), inv): Text 'TRX60.20231005114135' is set on object 'Object Repository/admin/Penjualan ke konsumen/Search'

2023-10-05 11:42:52 - [MESSAGE][PASSED] - Text 'TRX60.20231005114135' is set on object 'Object Repository/admin/Penjualan ke konsumen/Search'

2023-10-05 11:42:52 - [TEST_STEP][PASSED] - verifyElementText(findTestObject("PROSES PENJUALAN/Proses"), "Proses"): Actual text and expected text of test object 'Object Repository/PROSES PENJUALAN/Proses' are matched.

2023-10-05 11:42:52 - [MESSAGE][PASSED] - Actual text and expected text of test object 'Object Repository/PROSES PENJUALAN/Proses' are matched.

2023-10-05 11:42:52 - [TEST_STEP][PASSED] - prosesadmin = getText(findTestObject("PROSES PENJUALAN/Proses")): Text of object 'Object Repository/PROSES PENJUALAN/Proses' is: 'Proses'

2023-10-05 11:42:53 - [MESSAGE][PASSED] - Text of object 'Object Repository/PROSES PENJUALAN/Proses' is: 'Proses'

2023-10-05 11:42:53 - [TEST_STEP][PASSED] - data.put("statusAdmin", prosesadmin): null

2023-10-05 11:42:53 - [TEST_STEP][PASSED] - return data: null

2023-10-05 11:42:53 - [MESSAGE][PASSED] - Call Test Case 'Test Cases/T13 Pembelian, Shipment dan Pembayaran/SA-003' successfully

2023-10-05 11:42:53 - [TEST_STEP][PASSED] - openBrowser("https://10.9.2.63/ecommerce/"): Browser is opened with url: 'https://10.9.2.63/ecommerce/'

2023-10-05 11:42:53 - [MESSAGE][WARNING] - A browser is already opened. Closing browser and opening a new one

2023-10-05 11:42:53 - [MESSAGE][INFO] - Starting 'Edge Chromium' driver

2023-10-05 11:42:53 - [MESSAGE][INFO] - User set preference: ['acceptInsecureCerts', 'true']

2023-10-05 11:42:56 - [MESSAGE][INFO] - Action delay is set to 0 milliseconds

2023-10-05 11:42:59 - [MESSAGE][PASSED] - Browser is opened with url: 'https://10.9.2.63/ecommerce/'

2023-10-05 11:42:59 - [TEST_STEP][PASSED] - maximizeWindow(): Current window maximized

2023-10-05 11:42:59 - [MESSAGE][PASSED] - Current window maximized

2023-10-05 11:42:59 - [TEST_STEP][PASSED] - verifyElementPresent(findTestObject("Login/Home"), 0): Object 'Object Repository/Login/Home' is present

2023-10-05 11:42:59 - [MESSAGE][WARNING] - Timeout '0' is invalid. Using default page load timeout: '30'

2023-10-05 11:43:00 - [MESSAGE][PASSED] - Object 'Object Repository/Login/Home' is present

2023-10-05 11:43:00 - [TEST_STEP][PASSED] - click(findTestObject("Login/a_Login")): Object: 'Object Repository/Login/a_Login' is clicked on

2023-10-05 11:43:00 - [MESSAGE][PASSED] - Object: 'Object Repository/Login/a_Login' is clicked on

2023-10-05 11:43:00 - [TEST_STEP][PASSED] - verifyElementPresent(findTestObject("Login/Tittle Login"), 0): Object 'Object Repository/Login/Tittle Login' is present

2023-10-05 11:43:00 - [MESSAGE][WARNING] - Timeout '0' is invalid. Using default page load timeout: '30'

2023-10-05 11:43:01 - [MESSAGE][PASSED] - Object 'Object Repository/Login/Tittle Login' is present

2023-10-05 11:43:01 - [TEST_STEP][PASSED] - setText(findTestObject("Login/input_Username, Email atau No. Handphone_a"), "irfanafandi"): Text 'irfanafandi' is set on object 'Object Repository/Login/input_Username, Email atau No. Handphone_a'

2023-10-05 11:43:01 - [MESSAGE][PASSED] - Text 'irfanafandi' is set on object 'Object Repository/Login/input_Username, Email atau No. Handphone_a'

2023-10-05 11:43:01 - [TEST_STEP][PASSED] - setText(findTestObject("Login/input_Password_b"), "12345irfan"): Text '12345irfan' is set on object 'Object Repository/Login/input_Password_b'

2023-10-05 11:43:02 - [MESSAGE][PASSED] - Text '12345irfan' is set on object 'Object Repository/Login/input_Password_b'

2023-10-05 11:43:02 - [TEST_STEP][PASSED] - click(findTestObject("Login/button_Masuk")): Object: 'Object Repository/Login/button_Masuk' is clicked on

2023-10-05 11:43:04 - [MESSAGE][PASSED] - Object: 'Object Repository/Login/button_Masuk' is clicked on

2023-10-05 11:43:04 - [TEST_STEP][PASSED] - verifyElementPresent(findTestObject("Login/li_Profile"), 0): Object 'Object Repository/Login/li_Profile' is present

2023-10-05 11:43:04 - [MESSAGE][WARNING] - Timeout '0' is invalid. Using default page load timeout: '30'

2023-10-05 11:43:04 - [MESSAGE][PASSED] - Object 'Object Repository/Login/li_Profile' is present

2023-10-05 11:43:04 - [TEST_STEP][PASSED] - click(findTestObject("Konfirmasi pesanan shop/Menu Shop")): Object: 'Object Repository/Konfirmasi pesanan shop/Menu Shop' is clicked on

2023-10-05 11:43:06 - [MESSAGE][PASSED] - Object: 'Object Repository/Konfirmasi pesanan shop/Menu Shop' is clicked on

2023-10-05 11:43:06 - [TEST_STEP][PASSED] - click(findTestObject("Konfirmasi pesanan shop/Menu Shop")): Object: 'Object Repository/Konfirmasi pesanan shop/Menu Shop' is clicked on

2023-10-05 11:43:07 - [MESSAGE][PASSED] - Object: 'Object Repository/Konfirmasi pesanan shop/Menu Shop' is clicked on

2023-10-05 11:43:07 - [TEST_STEP][PASSED] - click(findTestObject("verifikasi/Orders Report")): Object: 'Object Repository/verifikasi/Orders Report' is clicked on

2023-10-05 11:43:08 - [MESSAGE][PASSED] - Object: 'Object Repository/verifikasi/Orders Report' is clicked on

2023-10-05 11:43:08 - [TEST_STEP][PASSED] - verifyElementPresent(findTestObject("Login/li_Profile"), 0): Object 'Object Repository/Login/li_Profile' is present

2023-10-05 11:43:08 - [MESSAGE][WARNING] - Timeout '0' is invalid. Using default page load timeout: '30'

2023-10-05 11:43:09 - [MESSAGE][PASSED] - Object 'Object Repository/Login/li_Profile' is present

2023-10-05 11:43:09 - [TEST_STEP][PASSED] - click(findTestObject("verifikasi/Pesanan Diproses")): Object: 'Object Repository/verifikasi/Pesanan Diproses' is clicked on

2023-10-05 11:43:09 - [MESSAGE][PASSED] - Object: 'Object Repository/verifikasi/Pesanan Diproses' is clicked on

2023-10-05 11:43:09 - [TEST_STEP][PASSED] - proses = getText(findTestObject("verifikasi/status Proses di user")): Text of object 'Object Repository/verifikasi/status Proses di user' is: 'Proses'

2023-10-05 11:43:10 - [MESSAGE][PASSED] - Text of object 'Object Repository/verifikasi/status Proses di user' is: 'Proses'

2023-10-05 11:43:10 - [TEST_STEP][PASSED] - statusProses = data.get("statusAdmin"): null

2023-10-05 11:43:10 - [TEST_STEP][PASSED] - assert proses == statusProses: null

2023-10-05 11:43:10 - [TEST_STEP][PASSED] - verifyElementPresent(findTestObject("verifikasi/Notifikasi angka"), 1): Object 'Object Repository/verifikasi/Notifikasi angka' is present

2023-10-05 11:43:10 - [MESSAGE][PASSED] - Object 'Object Repository/verifikasi/Notifikasi angka' is present

2023-10-05 11:43:10 - [TEST_STEP][PASSED] - return data: null]]></system-out>
         <system-err><![CDATA[]]></system-err>
      </testcase>
      <testcase name="Test Cases/T13 Pembelian, Shipment dan Pembayaran/SU-011" time="142.294" classname="Test Cases/T13 Pembelian, Shipment dan Pembayaran/SU-011" status="PASSED">
         <system-out><![CDATA[2023-10-05 11:43:10 - [TEST_CASE][PASSED] - Test Cases/T13 Pembelian, Shipment dan Pembayaran/SU-011: Test Cases/T13 Pembelian, Shipment dan Pembayaran/SU-011

2023-10-05 11:43:11 - [TEST_STEP][PASSED] - data = callTestCase(findTestCase("T13 Pembelian, Shipment dan Pembayaran/SA-004"), [:], STOP_ON_FAILURE): Call Test Case 'Test Cases/T13 Pembelian, Shipment dan Pembayaran/SA-004' successfully

2023-10-05 11:43:11 - [TEST_CASE][PASSED] - Test Cases/T13 Pembelian, Shipment dan Pembayaran/SA-004: Test Cases/T13 Pembelian, Shipment dan Pembayaran/SA-004

2023-10-05 11:43:11 - [TEST_STEP][PASSED] - data = callTestCase(findTestCase("T13 Pembelian, Shipment dan Pembayaran/SA-002"), [:], STOP_ON_FAILURE): Call Test Case 'Test Cases/T13 Pembelian, Shipment dan Pembayaran/SA-002' successfully

2023-10-05 11:43:11 - [TEST_CASE][PASSED] - Test Cases/T13 Pembelian, Shipment dan Pembayaran/SA-002: Test Cases/T13 Pembelian, Shipment dan Pembayaran/SA-002

2023-10-05 11:43:11 - [TEST_STEP][PASSED] - data = callTestCase(findTestCase("T13 Pembelian, Shipment dan Pembayaran/SA-001"), [:], STOP_ON_FAILURE): Call Test Case 'Test Cases/T13 Pembelian, Shipment dan Pembayaran/SA-001' successfully

2023-10-05 11:43:11 - [TEST_CASE][PASSED] - Test Cases/T13 Pembelian, Shipment dan Pembayaran/SA-001: Test Cases/T13 Pembelian, Shipment dan Pembayaran/SA-001

2023-10-05 11:43:11 - [TEST_STEP][PASSED] - data = callTestCase(findTestCase("T13 Pembelian, Shipment dan Pembayaran/PBYA-001"), [:], STOP_ON_FAILURE): Call Test Case 'Test Cases/T13 Pembelian, Shipment dan Pembayaran/PBYA-001' successfully

2023-10-05 11:43:11 - [TEST_CASE][PASSED] - Test Cases/T13 Pembelian, Shipment dan Pembayaran/PBYA-001: Test Cases/T13 Pembelian, Shipment dan Pembayaran/PBYA-001

2023-10-05 11:43:11 - [TEST_STEP][PASSED] - data = callTestCase(findTestCase("T13 Pembelian, Shipment dan Pembayaran/PBY-004"), [:], STOP_ON_FAILURE): Call Test Case 'Test Cases/T13 Pembelian, Shipment dan Pembayaran/PBY-004' successfully

2023-10-05 11:43:11 - [TEST_CASE][PASSED] - Test Cases/T13 Pembelian, Shipment dan Pembayaran/PBY-004: Test Cases/T13 Pembelian, Shipment dan Pembayaran/PBY-004

2023-10-05 11:43:11 - [TEST_STEP][PASSED] - data = callTestCase(findTestCase("T13 Pembelian, Shipment dan Pembayaran/PBY-001"), [:], STOP_ON_FAILURE): Call Test Case 'Test Cases/T13 Pembelian, Shipment dan Pembayaran/PBY-001' successfully

2023-10-05 11:43:11 - [TEST_CASE][PASSED] - Test Cases/T13 Pembelian, Shipment dan Pembayaran/PBY-001: Test Cases/T13 Pembelian, Shipment dan Pembayaran/PBY-001

2023-10-05 11:43:11 - [TEST_STEP][PASSED] - data = callTestCase(findTestCase("T13 Pembelian, Shipment dan Pembayaran/PBL-004"), ["Kurir":"Roda 2"], STOP_ON_FAILURE): Call Test Case 'Test Cases/T13 Pembelian, Shipment dan Pembayaran/PBL-004' successfully

2023-10-05 11:43:11 - [TEST_CASE][PASSED] - Test Cases/T13 Pembelian, Shipment dan Pembayaran/PBL-004: Test Cases/T13 Pembelian, Shipment dan Pembayaran/PBL-004

2023-10-05 11:43:11 - [TEST_STEP][PASSED] - data = callTestCase(findTestCase("T13 Pembelian, Shipment dan Pembayaran/PBL-002"), [:], STOP_ON_FAILURE): Call Test Case 'Test Cases/T13 Pembelian, Shipment dan Pembayaran/PBL-002' successfully

2023-10-05 11:43:11 - [TEST_CASE][PASSED] - Test Cases/T13 Pembelian, Shipment dan Pembayaran/PBL-002: Test Cases/T13 Pembelian, Shipment dan Pembayaran/PBL-002

2023-10-05 11:43:11 - [TEST_STEP][PASSED] - data = callTestCase(findTestCase("T13 Pembelian, Shipment dan Pembayaran/PBL-001"), [:], STOP_ON_FAILURE): Call Test Case 'Test Cases/T13 Pembelian, Shipment dan Pembayaran/PBL-001' successfully

2023-10-05 11:43:11 - [TEST_CASE][PASSED] - Test Cases/T13 Pembelian, Shipment dan Pembayaran/PBL-001: Test Cases/T13 Pembelian, Shipment dan Pembayaran/PBL-001

2023-10-05 11:43:11 - [TEST_STEP][PASSED] - callTestCase(findTestCase("T13 Pembelian, Shipment dan Pembayaran/LU-001"), ["username":"irfanafandi", "password":"12345irfan"], STOP_ON_FAILURE): Call Test Case 'Test Cases/T13 Pembelian, Shipment dan Pembayaran/LU-001' successfully

2023-10-05 11:43:11 - [TEST_CASE][PASSED] - Test Cases/T13 Pembelian, Shipment dan Pembayaran/LU-001: Test Cases/T13 Pembelian, Shipment dan Pembayaran/LU-001

2023-10-05 11:43:11 - [TEST_STEP][PASSED] - openBrowser("https://10.9.2.63/ecommerce/"): Browser is opened with url: 'https://10.9.2.63/ecommerce/'

2023-10-05 11:43:11 - [MESSAGE][WARNING] - A browser is already opened. Closing browser and opening a new one

2023-10-05 11:43:12 - [MESSAGE][INFO] - Starting 'Edge Chromium' driver

2023-10-05 11:43:12 - [MESSAGE][INFO] - User set preference: ['acceptInsecureCerts', 'true']

2023-10-05 11:43:14 - [MESSAGE][INFO] - Action delay is set to 0 milliseconds

2023-10-05 11:43:17 - [MESSAGE][PASSED] - Browser is opened with url: 'https://10.9.2.63/ecommerce/'

2023-10-05 11:43:17 - [TEST_STEP][PASSED] - maximizeWindow(): Current window maximized

2023-10-05 11:43:17 - [MESSAGE][PASSED] - Current window maximized

2023-10-05 11:43:17 - [TEST_STEP][PASSED] - verifyElementPresent(findTestObject("Login/Home"), 0): Object 'Object Repository/Login/Home' is present

2023-10-05 11:43:17 - [MESSAGE][WARNING] - Timeout '0' is invalid. Using default page load timeout: '30'

2023-10-05 11:43:18 - [MESSAGE][PASSED] - Object 'Object Repository/Login/Home' is present

2023-10-05 11:43:18 - [TEST_STEP][PASSED] - click(findTestObject("Login/a_Login")): Object: 'Object Repository/Login/a_Login' is clicked on

2023-10-05 11:43:18 - [MESSAGE][PASSED] - Object: 'Object Repository/Login/a_Login' is clicked on

2023-10-05 11:43:18 - [TEST_STEP][PASSED] - verifyElementPresent(findTestObject("Login/Tittle Login"), 0): Object 'Object Repository/Login/Tittle Login' is present

2023-10-05 11:43:18 - [MESSAGE][WARNING] - Timeout '0' is invalid. Using default page load timeout: '30'

2023-10-05 11:43:19 - [MESSAGE][PASSED] - Object 'Object Repository/Login/Tittle Login' is present

2023-10-05 11:43:19 - [TEST_STEP][PASSED] - setText(findTestObject("Login/input_Username, Email atau No. Handphone_a"), username): Text 'irfanafandi' is set on object 'Object Repository/Login/input_Username, Email atau No. Handphone_a'

2023-10-05 11:43:20 - [MESSAGE][PASSED] - Text 'irfanafandi' is set on object 'Object Repository/Login/input_Username, Email atau No. Handphone_a'

2023-10-05 11:43:20 - [TEST_STEP][PASSED] - setText(findTestObject("Login/input_Password_b"), password): Text '12345irfan' is set on object 'Object Repository/Login/input_Password_b'

2023-10-05 11:43:21 - [MESSAGE][PASSED] - Text '12345irfan' is set on object 'Object Repository/Login/input_Password_b'

2023-10-05 11:43:21 - [TEST_STEP][PASSED] - click(findTestObject("Login/label_Ingat saya")): Object: 'Object Repository/Login/label_Ingat saya' is clicked on

2023-10-05 11:43:21 - [MESSAGE][PASSED] - Object: 'Object Repository/Login/label_Ingat saya' is clicked on

2023-10-05 11:43:21 - [TEST_STEP][PASSED] - click(findTestObject("Login/button_Masuk")): Object: 'Object Repository/Login/button_Masuk' is clicked on

2023-10-05 11:43:23 - [MESSAGE][PASSED] - Object: 'Object Repository/Login/button_Masuk' is clicked on

2023-10-05 11:43:23 - [TEST_STEP][PASSED] - verifyElementPresent(findTestObject("Login/li_Profile"), 0): Object 'Object Repository/Login/li_Profile' is present

2023-10-05 11:43:23 - [MESSAGE][WARNING] - Timeout '0' is invalid. Using default page load timeout: '30'

2023-10-05 11:43:23 - [MESSAGE][PASSED] - Object 'Object Repository/Login/li_Profile' is present

2023-10-05 11:43:23 - [MESSAGE][PASSED] - Call Test Case 'Test Cases/T13 Pembelian, Shipment dan Pembayaran/LU-001' successfully

2023-10-05 11:43:23 - [TEST_STEP][PASSED] - mouseOver(findTestObject("beli barang/i_Mulai Belanja_icon-menu")): Object: 'Object Repository/beli barang/i_Mulai Belanja_icon-menu' is hovered

2023-10-05 11:43:24 - [MESSAGE][PASSED] - Object: 'Object Repository/beli barang/i_Mulai Belanja_icon-menu' is hovered

2023-10-05 11:43:24 - [TEST_STEP][PASSED] - click(findTestObject("beli barang/a_Fashion  Busana Wanita")): Object: 'Object Repository/beli barang/a_Fashion  Busana Wanita' is clicked on

2023-10-05 11:43:25 - [MESSAGE][PASSED] - Object: 'Object Repository/beli barang/a_Fashion  Busana Wanita' is clicked on

2023-10-05 11:43:25 - [TEST_STEP][PASSED] - NamaSebelum = getText(findTestObject("verifikasi/Nama sebelum")): Text of object 'Object Repository/verifikasi/Nama sebelum' is: ''

2023-10-05 11:43:26 - [MESSAGE][PASSED] - Text of object 'Object Repository/verifikasi/Nama sebelum' is: ''

2023-10-05 11:43:26 - [TEST_STEP][PASSED] - HargaSebelum = getText(findTestObject("verifikasi/Harga sebelum")): Text of object 'Object Repository/verifikasi/Harga sebelum' is: 'Rp 1,299'

2023-10-05 11:43:27 - [MESSAGE][PASSED] - Text of object 'Object Repository/verifikasi/Harga sebelum' is: 'Rp 1,299'

2023-10-05 11:43:27 - [TEST_STEP][PASSED] - mouseOver(findTestObject("beli barang/barang mouse over")): Object: 'Object Repository/beli barang/barang mouse over' is hovered

2023-10-05 11:43:27 - [MESSAGE][PASSED] - Object: 'Object Repository/beli barang/barang mouse over' is hovered

2023-10-05 11:43:27 - [TEST_STEP][PASSED] - click(findTestObject("beli barang/buttom add to cart")): Object: 'Object Repository/beli barang/buttom add to cart' is clicked on

2023-10-05 11:43:29 - [MESSAGE][PASSED] - Object: 'Object Repository/beli barang/buttom add to cart' is clicked on

2023-10-05 11:43:29 - [TEST_STEP][PASSED] - NamaSesudah = getText(findTestObject("verifikasi/Nama sesudah")): Text of object 'Object Repository/verifikasi/Nama sesudah' is: 'Segitiga Instan Madeira - MDB5.3 Sunset'

2023-10-05 11:43:30 - [MESSAGE][PASSED] - Text of object 'Object Repository/verifikasi/Nama sesudah' is: 'Segitiga Instan Madeira - MDB5.3 Sunset'

2023-10-05 11:43:30 - [TEST_STEP][PASSED] - HargaSesudah = getText(findTestObject("verifikasi/Harga sesudah")): Text of object 'Object Repository/verifikasi/Harga sesudah' is: 'Rp 1,299'

2023-10-05 11:43:30 - [MESSAGE][PASSED] - Text of object 'Object Repository/verifikasi/Harga sesudah' is: 'Rp 1,299'

2023-10-05 11:43:30 - [TEST_STEP][PASSED] - assert NamaSesudah.contains(NamaSebelum): null

2023-10-05 11:43:30 - [TEST_STEP][PASSED] - assert HargaSesudah.contains(HargaSebelum): null

2023-10-05 11:43:30 - [TEST_STEP][PASSED] - click(findTestObject("beli barang/Tambah Keranjang busana wanita")): Object: 'Object Repository/beli barang/Tambah Keranjang busana wanita' is clicked on

2023-10-05 11:43:30 - [MESSAGE][PASSED] - Object: 'Object Repository/beli barang/Tambah Keranjang busana wanita' is clicked on

2023-10-05 11:43:30 - [TEST_STEP][PASSED] - verifyElementPresent(findTestObject("checkout/Notifikasi keranjang"), 1): Object 'Object Repository/checkout/Notifikasi keranjang' is present

2023-10-05 11:43:31 - [MESSAGE][PASSED] - Object 'Object Repository/checkout/Notifikasi keranjang' is present

2023-10-05 11:43:31 - [TEST_STEP][PASSED] - data = new java.util.HashMap(): null

2023-10-05 11:43:31 - [TEST_STEP][PASSED] - data.put("nama_barang", NamaSesudah): null

2023-10-05 11:43:31 - [TEST_STEP][PASSED] - data.put("price_barang", HargaSesudah): null

2023-10-05 11:43:31 - [TEST_STEP][PASSED] - return data: null

2023-10-05 11:43:31 - [MESSAGE][PASSED] - Call Test Case 'Test Cases/T13 Pembelian, Shipment dan Pembayaran/PBL-001' successfully

2023-10-05 11:43:31 - [TEST_STEP][PASSED] - mouseOver(findTestObject("beli barang/keranjang")): Object: 'Object Repository/beli barang/keranjang' is hovered

2023-10-05 11:43:32 - [MESSAGE][PASSED] - Object: 'Object Repository/beli barang/keranjang' is hovered

2023-10-05 11:43:32 - [TEST_STEP][PASSED] - click(findTestObject("beli barang/Lihat Sekarang")): Object: 'Object Repository/beli barang/Lihat Sekarang' is clicked on

2023-10-05 11:43:33 - [MESSAGE][PASSED] - Object: 'Object Repository/beli barang/Lihat Sekarang' is clicked on

2023-10-05 11:43:33 - [TEST_STEP][PASSED] - verifyElementPresent(findTestObject("keranjang/li_Keranjang Belanja"), 0): Object 'Object Repository/keranjang/li_Keranjang Belanja' is present

2023-10-05 11:43:33 - [MESSAGE][WARNING] - Timeout '0' is invalid. Using default page load timeout: '30'

2023-10-05 11:43:34 - [MESSAGE][PASSED] - Object 'Object Repository/keranjang/li_Keranjang Belanja' is present

2023-10-05 11:43:34 - [TEST_STEP][PASSED] - NamaKeranjang = getText(findTestObject("verifikasi/Nama keranjang")): Text of object 'Object Repository/verifikasi/Nama keranjang' is: 'Segitiga Instan Madeira - MDB5.3 Sunset'

2023-10-05 11:43:35 - [MESSAGE][PASSED] - Text of object 'Object Repository/verifikasi/Nama keranjang' is: 'Segitiga Instan Madeira - MDB5.3 Sunset'

2023-10-05 11:43:35 - [TEST_STEP][PASSED] - HargaKeranjang = getText(findTestObject("verifikasi/Harga Keranjang")): Text of object 'Object Repository/verifikasi/Harga Keranjang' is: 'Rp 1,299'

2023-10-05 11:43:35 - [MESSAGE][PASSED] - Text of object 'Object Repository/verifikasi/Harga Keranjang' is: 'Rp 1,299'

2023-10-05 11:43:35 - [TEST_STEP][PASSED] - if (toString().equalsIgnoreCase("Merah")): Object 'Object Repository/keranjang/input_Warna_variasi101' is checked

2023-10-05 11:43:35 - [TEST_STEP][PASSED] - check(findTestObject("Object Repository/keranjang/input_Warna_variasi101")): Object 'Object Repository/keranjang/input_Warna_variasi101' is checked

2023-10-05 11:43:36 - [MESSAGE][PASSED] - Object 'Object Repository/keranjang/input_Warna_variasi101' is checked

2023-10-05 11:43:36 - [TEST_STEP][PASSED] - if (toString().equalsIgnoreCase("Menengah")): Object 'Object Repository/keranjang/input_Ukuran_variasi201' is checked

2023-10-05 11:43:36 - [TEST_STEP][PASSED] - check(findTestObject("Object Repository/keranjang/input_Ukuran_variasi201")): Object 'Object Repository/keranjang/input_Ukuran_variasi201' is checked

2023-10-05 11:43:36 - [MESSAGE][PASSED] - Object 'Object Repository/keranjang/input_Ukuran_variasi201' is checked

2023-10-05 11:43:36 - [TEST_STEP][PASSED] - data.put("Warna", warna): null

2023-10-05 11:43:36 - [TEST_STEP][PASSED] - data.put("Ukuran", ukuran): null

2023-10-05 11:43:36 - [TEST_STEP][PASSED] - click(findTestObject("keranjang/button_Lanjut ke Pembayaran")): Object: 'Object Repository/keranjang/button_Lanjut ke Pembayaran' is clicked on

2023-10-05 11:43:38 - [MESSAGE][PASSED] - Object: 'Object Repository/keranjang/button_Lanjut ke Pembayaran' is clicked on

2023-10-05 11:43:38 - [TEST_STEP][PASSED] - verifyElementPresent(findTestObject("checkout/Tittle Checkout Order"), 0): Object 'Object Repository/checkout/Tittle Checkout Order' is present

2023-10-05 11:43:38 - [MESSAGE][WARNING] - Timeout '0' is invalid. Using default page load timeout: '30'

2023-10-05 11:43:39 - [MESSAGE][PASSED] - Object 'Object Repository/checkout/Tittle Checkout Order' is present

2023-10-05 11:43:39 - [TEST_STEP][PASSED] - name_product = data.get("nama_barang"): null

2023-10-05 11:43:39 - [TEST_STEP][PASSED] - price_product = data.get("price_barang"): null

2023-10-05 11:43:39 - [TEST_STEP][PASSED] - assert name_product == NamaKeranjang: null

2023-10-05 11:43:39 - [TEST_STEP][PASSED] - assert price_product == HargaKeranjang: null

2023-10-05 11:43:39 - [TEST_STEP][PASSED] - return data: null

2023-10-05 11:43:39 - [MESSAGE][PASSED] - Call Test Case 'Test Cases/T13 Pembelian, Shipment dan Pembayaran/PBL-002' successfully

2023-10-05 11:43:39 - [TEST_STEP][PASSED] - warnaa = getText(findTestObject("verifikasi/warna Merah")): Text of object 'Object Repository/verifikasi/warna Merah' is: 'Merah'

2023-10-05 11:43:39 - [MESSAGE][PASSED] - Text of object 'Object Repository/verifikasi/warna Merah' is: 'Merah'

2023-10-05 11:43:39 - [TEST_STEP][PASSED] - ukurann = getText(findTestObject("verifikasi/Ukuran Menengah")): Text of object 'Object Repository/verifikasi/Ukuran Menengah' is: 'Menengah'

2023-10-05 11:43:39 - [MESSAGE][PASSED] - Text of object 'Object Repository/verifikasi/Ukuran Menengah' is: 'Menengah'

2023-10-05 11:43:39 - [TEST_STEP][PASSED] - warna1 = data.get("Warna"): null

2023-10-05 11:43:39 - [TEST_STEP][PASSED] - ukuran1 = data.get("Ukuran"): null

2023-10-05 11:43:39 - [TEST_STEP][PASSED] - assert warnaa == warna1: null

2023-10-05 11:43:39 - [TEST_STEP][PASSED] - assert ukurann == ukuran1: null

2023-10-05 11:43:39 - [TEST_STEP][PASSED] - NamaCheckout = getText(findTestObject("verifikasi/NamaCheckout")): Text of object 'Object Repository/verifikasi/NamaCheckout' is: ''

2023-10-05 11:43:40 - [MESSAGE][PASSED] - Text of object 'Object Repository/verifikasi/NamaCheckout' is: ''

2023-10-05 11:43:40 - [TEST_STEP][PASSED] - HargaCheckout = getText(findTestObject("verifikasi/HargaCheckout")): Text of object 'Object Repository/verifikasi/HargaCheckout' is: '1,299'

2023-10-05 11:43:40 - [MESSAGE][PASSED] - Text of object 'Object Repository/verifikasi/HargaCheckout' is: '1,299'

2023-10-05 11:43:40 - [TEST_STEP][PASSED] - name_product = data.get("nama_barang"): null

2023-10-05 11:43:40 - [TEST_STEP][PASSED] - price_product = data.get("price_barang"): null

2023-10-05 11:43:40 - [TEST_STEP][PASSED] - assert name_product.contains(NamaCheckout): null

2023-10-05 11:43:40 - [TEST_STEP][PASSED] - assert price_product.contains(HargaCheckout): null

2023-10-05 11:43:40 - [TEST_STEP][PASSED] - selectOptionByLabel(findTestObject("checkout/select - Kirim via Kurir Lokal"), Kurir, false): All options with label 'Roda 2' are selected in object 'Object Repository/checkout/select - Kirim via Kurir Lokal' 

2023-10-05 11:43:41 - [MESSAGE][PASSED] - All options with label 'Roda 2' are selected in object 'Object Repository/checkout/select - Kirim via Kurir Lokal' 

2023-10-05 11:43:41 - [TEST_STEP][PASSED] - click(findTestObject("checkout/Kendaraan Kurir")): Object: 'Object Repository/checkout/Kendaraan Kurir' is clicked on

2023-10-05 11:43:41 - [MESSAGE][PASSED] - Object: 'Object Repository/checkout/Kendaraan Kurir' is clicked on

2023-10-05 11:43:41 - [TEST_STEP][PASSED] - OngkosKirim = getText(findTestObject("Object Repository/verifikasi/Ongkos Kirim checkout")): Text of object 'Object Repository/verifikasi/Ongkos Kirim checkout' is: 'Rp. 5,000'

2023-10-05 11:43:42 - [MESSAGE][PASSED] - Text of object 'Object Repository/verifikasi/Ongkos Kirim checkout' is: 'Rp. 5,000'

2023-10-05 11:43:42 - [TEST_STEP][PASSED] - Ongkos = OngkosKirim.substring(3, OngkosKirim.size()): null

2023-10-05 11:43:42 - [TEST_STEP][PASSED] - rep = Ongkos.replace(",", "."): null

2023-10-05 11:43:42 - [TEST_STEP][PASSED] - Ongkos_kirim = Double.parseDouble(rep): null

2023-10-05 11:43:42 - [TEST_STEP][PASSED] - println(Ongkos_kirim): null

2023-10-05 11:43:42 - [TEST_STEP][PASSED] - FeeAdmin = getText(findTestObject("verifikasi/Fee Admin checkout")): Text of object 'Object Repository/verifikasi/Fee Admin checkout' is: 'Fee Admin
Rp 1,500'

2023-10-05 11:43:42 - [MESSAGE][PASSED] - Text of object 'Object Repository/verifikasi/Fee Admin checkout' is: 'Fee Admin
Rp 1,500'

2023-10-05 11:43:42 - [TEST_STEP][PASSED] - Fee_Admin = FeeAdmin.substring(12, FeeAdmin.size()): null

2023-10-05 11:43:42 - [TEST_STEP][PASSED] - fee = Fee_Admin.replace(",", "."): null

2023-10-05 11:43:42 - [TEST_STEP][PASSED] - fee_admin = Double.parseDouble(fee): null

2023-10-05 11:43:42 - [TEST_STEP][PASSED] - println(fee_admin): null

2023-10-05 11:43:42 - [TEST_STEP][PASSED] - Subtotal = getText(findTestObject("verifikasi/subtotal checkout")): Text of object 'Object Repository/verifikasi/subtotal checkout' is: 'Subtotal
Rp 1,299'

2023-10-05 11:43:43 - [MESSAGE][PASSED] - Text of object 'Object Repository/verifikasi/subtotal checkout' is: 'Subtotal
Rp 1,299'

2023-10-05 11:43:43 - [TEST_STEP][PASSED] - sub_total = Subtotal.substring(12, Subtotal.size()): null

2023-10-05 11:43:43 - [TEST_STEP][PASSED] - sub = sub_total.replace(",", "."): null

2023-10-05 11:43:43 - [TEST_STEP][PASSED] - sub_total = Double.parseDouble(sub): null

2023-10-05 11:43:43 - [TEST_STEP][PASSED] - println(sub_total): null

2023-10-05 11:43:43 - [TEST_STEP][PASSED] - Total = getText(findTestObject("verifikasi/Total checkout")): Text of object 'Object Repository/verifikasi/Total checkout' is: 'Rp 7,799'

2023-10-05 11:43:43 - [MESSAGE][PASSED] - Text of object 'Object Repository/verifikasi/Total checkout' is: 'Rp 7,799'

2023-10-05 11:43:43 - [TEST_STEP][PASSED] - totall = Total.substring(3, Total.size()): null

2023-10-05 11:43:43 - [TEST_STEP][PASSED] - total = totall.replace(",", "."): null

2023-10-05 11:43:43 - [TEST_STEP][PASSED] - totall = Double.parseDouble(total): null

2023-10-05 11:43:43 - [TEST_STEP][PASSED] - println(totall): null

2023-10-05 11:43:43 - [TEST_STEP][PASSED] - Total_Harga = Ongkos_kirim + fee_admin + sub_total: null

2023-10-05 11:43:43 - [TEST_STEP][PASSED] - println(Total_Harga): null

2023-10-05 11:43:43 - [TEST_STEP][PASSED] - TotalHarga = Math.round(Total_Harga * 1000) / 1000: null

2023-10-05 11:43:43 - [TEST_STEP][PASSED] - println(TotalHarga): null

2023-10-05 11:43:43 - [TEST_STEP][PASSED] - assert totall == TotalHarga: null

2023-10-05 11:43:43 - [TEST_STEP][PASSED] - click(findTestObject("verifikasi/Metode Transfer")): Object: 'Object Repository/verifikasi/Metode Transfer' is clicked on

2023-10-05 11:43:44 - [MESSAGE][PASSED] - Object: 'Object Repository/verifikasi/Metode Transfer' is clicked on

2023-10-05 11:43:44 - [TEST_STEP][PASSED] - click(findTestObject("checkout/button_Proses Pembayaran")): Object: 'Object Repository/checkout/button_Proses Pembayaran' is clicked on

2023-10-05 11:43:54 - [MESSAGE][PASSED] - Object: 'Object Repository/checkout/button_Proses Pembayaran' is clicked on

2023-10-05 11:43:54 - [TEST_STEP][PASSED] - verifyElementPresent(findTestObject("pembayaran/Tittle nomor invoice"), 0): Object 'Object Repository/pembayaran/Tittle nomor invoice' is present

2023-10-05 11:43:54 - [MESSAGE][WARNING] - Timeout '0' is invalid. Using default page load timeout: '30'

2023-10-05 11:43:54 - [MESSAGE][PASSED] - Object 'Object Repository/pembayaran/Tittle nomor invoice' is present

2023-10-05 11:43:54 - [TEST_STEP][PASSED] - return data: null

2023-10-05 11:43:54 - [MESSAGE][PASSED] - Call Test Case 'Test Cases/T13 Pembelian, Shipment dan Pembayaran/PBL-004' successfully

2023-10-05 11:43:54 - [TEST_STEP][PASSED] - Invoice = getText(findTestObject("pembayaran/nomor invoice")): Text of object 'Object Repository/pembayaran/nomor invoice' is: 'TRX60.20231005114347'

2023-10-05 11:43:55 - [MESSAGE][PASSED] - Text of object 'Object Repository/pembayaran/nomor invoice' is: 'TRX60.20231005114347'

2023-10-05 11:43:55 - [TEST_STEP][PASSED] - data.put("invoice", Invoice): null

2023-10-05 11:43:55 - [TEST_STEP][PASSED] - NamaPemesan = getText(findTestObject("Konfirmasi pesanan shop/Nama pemesan")): Text of object 'Object Repository/Konfirmasi pesanan shop/Nama pemesan' is: 'irfan.afandi'

2023-10-05 11:43:55 - [MESSAGE][PASSED] - Text of object 'Object Repository/Konfirmasi pesanan shop/Nama pemesan' is: 'irfan.afandi'

2023-10-05 11:43:55 - [TEST_STEP][PASSED] - Nama = getText(findTestObject("pembayaran/Nama barang")): Text of object 'Object Repository/pembayaran/Nama barang' is: 'Segitiga Instan Madeira - MDB5.3 Sunset'

2023-10-05 11:43:56 - [MESSAGE][PASSED] - Text of object 'Object Repository/pembayaran/Nama barang' is: 'Segitiga Instan Madeira - MDB5.3 Sunset'

2023-10-05 11:43:56 - [TEST_STEP][PASSED] - Harga = getText(findTestObject("pembayaran/Harga barang")): Text of object 'Object Repository/pembayaran/Harga barang' is: '1,299'

2023-10-05 11:43:56 - [MESSAGE][PASSED] - Text of object 'Object Repository/pembayaran/Harga barang' is: '1,299'

2023-10-05 11:43:56 - [TEST_STEP][PASSED] - name_product = data.get("nama_barang"): null

2023-10-05 11:43:56 - [TEST_STEP][PASSED] - price_product = data.get("price_barang"): null

2023-10-05 11:43:56 - [TEST_STEP][PASSED] - assert name_product.contains(Nama): null

2023-10-05 11:43:56 - [TEST_STEP][PASSED] - assert price_product.contains(Harga): null

2023-10-05 11:43:56 - [TEST_STEP][PASSED] - warnaa = getText(findTestObject("pembayaran/warna")): Text of object 'Object Repository/pembayaran/warna' is: 'Merah'

2023-10-05 11:43:57 - [MESSAGE][PASSED] - Text of object 'Object Repository/pembayaran/warna' is: 'Merah'

2023-10-05 11:43:57 - [TEST_STEP][PASSED] - ukurann = getText(findTestObject("pembayaran/ukuran")): Text of object 'Object Repository/pembayaran/ukuran' is: 'Menengah'

2023-10-05 11:43:57 - [MESSAGE][PASSED] - Text of object 'Object Repository/pembayaran/ukuran' is: 'Menengah'

2023-10-05 11:43:57 - [TEST_STEP][PASSED] - warna1 = data.get("Warna"): null

2023-10-05 11:43:57 - [TEST_STEP][PASSED] - ukuran1 = data.get("Ukuran"): null

2023-10-05 11:43:57 - [TEST_STEP][PASSED] - assert warnaa == warna1: null

2023-10-05 11:43:57 - [TEST_STEP][PASSED] - assert ukurann == ukuran1: null

2023-10-05 11:43:57 - [TEST_STEP][PASSED] - statusPembelian = getText(findTestObject("verifikasi/Status pending di pembelian")): Text of object 'Object Repository/verifikasi/Status pending di pembelian' is: 'Pending'

2023-10-05 11:43:58 - [MESSAGE][PASSED] - Text of object 'Object Repository/verifikasi/Status pending di pembelian' is: 'Pending'

2023-10-05 11:43:58 - [TEST_STEP][PASSED] - data.put("statusPem", statusPembelian): null

2023-10-05 11:43:58 - [TEST_STEP][PASSED] - OngkosKirim = getText(findTestObject("pembayaran/ongkos kirim")): Text of object 'Object Repository/pembayaran/ongkos kirim' is: 'Rp 5,000'

2023-10-05 11:43:58 - [MESSAGE][PASSED] - Text of object 'Object Repository/pembayaran/ongkos kirim' is: 'Rp 5,000'

2023-10-05 11:43:58 - [TEST_STEP][PASSED] - Ongkos = OngkosKirim.substring(3, OngkosKirim.size()): null

2023-10-05 11:43:58 - [TEST_STEP][PASSED] - rep = Ongkos.replace(",", ""): null

2023-10-05 11:43:58 - [TEST_STEP][PASSED] - Ongkos_kirimm = Integer.parseInt(rep): null

2023-10-05 11:43:58 - [TEST_STEP][PASSED] - println(Ongkos_kirimm): null

2023-10-05 11:43:58 - [TEST_STEP][PASSED] - FeeAdmin = getText(findTestObject("pembayaran/fee admin")): Text of object 'Object Repository/pembayaran/fee admin' is: 'Rp 1,500'

2023-10-05 11:43:59 - [MESSAGE][PASSED] - Text of object 'Object Repository/pembayaran/fee admin' is: 'Rp 1,500'

2023-10-05 11:43:59 - [TEST_STEP][PASSED] - Fee_Admin = FeeAdmin.substring(3, FeeAdmin.size()): null

2023-10-05 11:43:59 - [TEST_STEP][PASSED] - fee = Fee_Admin.replace(",", ""): null

2023-10-05 11:43:59 - [TEST_STEP][PASSED] - fee_adminn = Integer.parseInt(fee): null

2023-10-05 11:43:59 - [TEST_STEP][PASSED] - println(fee_adminn): null

2023-10-05 11:43:59 - [TEST_STEP][PASSED] - Subtotal = getText(findTestObject("pembayaran/subtotal")): Text of object 'Object Repository/pembayaran/subtotal' is: 'Rp 1,299'

2023-10-05 11:43:59 - [MESSAGE][PASSED] - Text of object 'Object Repository/pembayaran/subtotal' is: 'Rp 1,299'

2023-10-05 11:43:59 - [TEST_STEP][PASSED] - sub_total = Subtotal.substring(3, Subtotal.size()): null

2023-10-05 11:43:59 - [TEST_STEP][PASSED] - sub = sub_total.replace(",", ""): null

2023-10-05 11:43:59 - [TEST_STEP][PASSED] - sub_totall = Integer.parseInt(sub): null

2023-10-05 11:43:59 - [TEST_STEP][PASSED] - println(sub_totall): null

2023-10-05 11:43:59 - [TEST_STEP][PASSED] - unik = getText(findTestObject("pembayaran/kode unik")): Text of object 'Object Repository/pembayaran/kode unik' is: '+347'

2023-10-05 11:44:00 - [MESSAGE][PASSED] - Text of object 'Object Repository/pembayaran/kode unik' is: '+347'

2023-10-05 11:44:00 - [TEST_STEP][PASSED] - unikk = unik.replace("+", ""): null

2023-10-05 11:44:00 - [TEST_STEP][PASSED] - kode_unik = Integer.parseInt(unikk): null

2023-10-05 11:44:00 - [TEST_STEP][PASSED] - println(kode_unik): null

2023-10-05 11:44:00 - [TEST_STEP][PASSED] - Total = getText(findTestObject("pembayaran/total")): Text of object 'Object Repository/pembayaran/total' is: '8,146'

2023-10-05 11:44:00 - [MESSAGE][PASSED] - Text of object 'Object Repository/pembayaran/total' is: '8,146'

2023-10-05 11:44:00 - [TEST_STEP][PASSED] - total = Total.replace(",", ""): null

2023-10-05 11:44:00 - [TEST_STEP][PASSED] - totalll = Integer.parseInt(total): null

2023-10-05 11:44:00 - [TEST_STEP][PASSED] - println(totalll): null

2023-10-05 11:44:00 - [TEST_STEP][PASSED] - Total_Hargaa = Ongkos_kirimm + fee_adminn + sub_totall + kode_unik: null

2023-10-05 11:44:00 - [TEST_STEP][PASSED] - println(Total_Hargaa): null

2023-10-05 11:44:00 - [TEST_STEP][PASSED] - assert totalll == Total_Hargaa: null

2023-10-05 11:44:00 - [TEST_STEP][PASSED] - data.put("total", Total): null

2023-10-05 11:44:00 - [TEST_STEP][PASSED] - data.put("nama", NamaPemesan): null

2023-10-05 11:44:00 - [TEST_STEP][PASSED] - return data: null

2023-10-05 11:44:00 - [MESSAGE][PASSED] - Call Test Case 'Test Cases/T13 Pembelian, Shipment dan Pembayaran/PBY-001' successfully

2023-10-05 11:44:00 - [TEST_STEP][PASSED] - inv = data.get("invoice"): null

2023-10-05 11:44:00 - [TEST_STEP][PASSED] - Total = data.get("total"): null

2023-10-05 11:44:00 - [TEST_STEP][PASSED] - NamaPemesan = data.get("nama"): null

2023-10-05 11:44:00 - [TEST_STEP][PASSED] - click(findTestObject("Konfirmasi pesanan shop/Menu Shop")): Object: 'Object Repository/Konfirmasi pesanan shop/Menu Shop' is clicked on

2023-10-05 11:44:02 - [MESSAGE][PASSED] - Object: 'Object Repository/Konfirmasi pesanan shop/Menu Shop' is clicked on

2023-10-05 11:44:02 - [TEST_STEP][PASSED] - click(findTestObject("Konfirmasi pesanan shop/Menu Shop")): Object: 'Object Repository/Konfirmasi pesanan shop/Menu Shop' is clicked on

2023-10-05 11:44:03 - [MESSAGE][PASSED] - Object: 'Object Repository/Konfirmasi pesanan shop/Menu Shop' is clicked on

2023-10-05 11:44:03 - [TEST_STEP][PASSED] - click(findTestObject("Konfirmasi pesanan shop/Konfirmasi Orders")): Object: 'Object Repository/Konfirmasi pesanan shop/Konfirmasi Orders' is clicked on

2023-10-05 11:44:04 - [MESSAGE][PASSED] - Object: 'Object Repository/Konfirmasi pesanan shop/Konfirmasi Orders' is clicked on

2023-10-05 11:44:04 - [TEST_STEP][PASSED] - verifyElementPresent(findTestObject("Konfirmasi pesanan shop/Tittle Konfirmasi Pesanan"), 0): Object 'Object Repository/Konfirmasi pesanan shop/Tittle Konfirmasi Pesanan' is present

2023-10-05 11:44:04 - [MESSAGE][WARNING] - Timeout '0' is invalid. Using default page load timeout: '30'

2023-10-05 11:44:05 - [MESSAGE][PASSED] - Object 'Object Repository/Konfirmasi pesanan shop/Tittle Konfirmasi Pesanan' is present

2023-10-05 11:44:05 - [TEST_STEP][PASSED] - setText(findTestObject("Konfirmasi pesanan shop/input_No Pesanan"), inv): Text 'TRX60.20231005114347' is set on object 'Object Repository/Konfirmasi pesanan shop/input_No Pesanan'

2023-10-05 11:44:05 - [MESSAGE][PASSED] - Text 'TRX60.20231005114347' is set on object 'Object Repository/Konfirmasi pesanan shop/input_No Pesanan'

2023-10-05 11:44:05 - [TEST_STEP][PASSED] - setText(findTestObject("Konfirmasi pesanan shop/input_Alamat E-mai"), "irfan@gmail.com"): Text 'irfan@gmail.com' is set on object 'Object Repository/Konfirmasi pesanan shop/input_Alamat E-mai'

2023-10-05 11:44:06 - [MESSAGE][PASSED] - Text 'irfan@gmail.com' is set on object 'Object Repository/Konfirmasi pesanan shop/input_Alamat E-mai'

2023-10-05 11:44:06 - [TEST_STEP][PASSED] - click(findTestObject("Konfirmasi pesanan shop/button_Submit")): Object: 'Object Repository/Konfirmasi pesanan shop/button_Submit' is clicked on

2023-10-05 11:44:07 - [MESSAGE][PASSED] - Object: 'Object Repository/Konfirmasi pesanan shop/button_Submit' is clicked on

2023-10-05 11:44:07 - [TEST_STEP][PASSED] - verifyElementPresent(findTestObject("Konfirmasi pesanan shop/Tittle nomor invoice"), 0): Object 'Object Repository/Konfirmasi pesanan shop/Tittle nomor invoice' is present

2023-10-05 11:44:07 - [MESSAGE][WARNING] - Timeout '0' is invalid. Using default page load timeout: '30'

2023-10-05 11:44:08 - [MESSAGE][PASSED] - Object 'Object Repository/Konfirmasi pesanan shop/Tittle nomor invoice' is present

2023-10-05 11:44:08 - [TEST_STEP][PASSED] - setText(findTestObject("Konfirmasi pesanan shop/input_Total TagihanTransfer_b"), Total): Text '8,146' is set on object 'Object Repository/Konfirmasi pesanan shop/input_Total TagihanTransfer_b'

2023-10-05 11:44:09 - [MESSAGE][PASSED] - Text '8,146' is set on object 'Object Repository/Konfirmasi pesanan shop/input_Total TagihanTransfer_b'

2023-10-05 11:44:09 - [TEST_STEP][PASSED] - selectOptionByValue(findTestObject("Konfirmasi pesanan shop/select_Bank"), "4", false): All options with value '4' are selected in object 'Object Repository/Konfirmasi pesanan shop/select_Bank' 

2023-10-05 11:44:10 - [MESSAGE][PASSED] - All options with value '4' are selected in object 'Object Repository/Konfirmasi pesanan shop/select_Bank' 

2023-10-05 11:44:10 - [TEST_STEP][PASSED] - setText(findTestObject("Konfirmasi pesanan shop/input_Nama Pengirim_d"), NamaPemesan): Text 'irfan.afandi' is set on object 'Object Repository/Konfirmasi pesanan shop/input_Nama Pengirim_d'

2023-10-05 11:44:11 - [MESSAGE][PASSED] - Text 'irfan.afandi' is set on object 'Object Repository/Konfirmasi pesanan shop/input_Nama Pengirim_d'

2023-10-05 11:44:11 - [TEST_STEP][PASSED] - uploadFile(findTestObject("keranjang/konfirmasi/input_Upload Bukti Transfer_f"), "C:\Users\IRFAN\Downloads\Berkas2.pdf"): File 'C:\Users\IRFAN\Downloads\Berkas2.pdf' sent to object: 'Object Repository/keranjang/konfirmasi/input_Upload Bukti Transfer_f'

2023-10-05 11:44:11 - [MESSAGE][PASSED] - File 'C:\Users\IRFAN\Downloads\Berkas2.pdf' sent to object: 'Object Repository/keranjang/konfirmasi/input_Upload Bukti Transfer_f'

2023-10-05 11:44:11 - [TEST_STEP][PASSED] - click(findTestObject("Konfirmasi pesanan shop/button_Konfirmasi Pembayaran")): Object: 'Object Repository/Konfirmasi pesanan shop/button_Konfirmasi Pembayaran' is clicked on

2023-10-05 11:44:12 - [MESSAGE][PASSED] - Object: 'Object Repository/Konfirmasi pesanan shop/button_Konfirmasi Pembayaran' is clicked on

2023-10-05 11:44:12 - [TEST_STEP][PASSED] - verifyElementPresent(findTestObject("Konfirmasi pesanan shop/Tittle Konfirmasi Pesanan"), 0): Object 'Object Repository/Konfirmasi pesanan shop/Tittle Konfirmasi Pesanan' is present

2023-10-05 11:44:12 - [MESSAGE][WARNING] - Timeout '0' is invalid. Using default page load timeout: '30'

2023-10-05 11:44:13 - [MESSAGE][PASSED] - Object 'Object Repository/Konfirmasi pesanan shop/Tittle Konfirmasi Pesanan' is present

2023-10-05 11:44:13 - [TEST_STEP][PASSED] - verifyElementPresent(findTestObject("Konfirmasi pesanan shop/Tittle massage succes Konfirmasi Pembayaran Pesanan"), 0): Object 'Object Repository/Konfirmasi pesanan shop/Tittle massage succes Konfirmasi Pembayaran Pesanan' is present

2023-10-05 11:44:13 - [MESSAGE][WARNING] - Timeout '0' is invalid. Using default page load timeout: '30'

2023-10-05 11:44:13 - [MESSAGE][PASSED] - Object 'Object Repository/Konfirmasi pesanan shop/Tittle massage succes Konfirmasi Pembayaran Pesanan' is present

2023-10-05 11:44:13 - [TEST_STEP][PASSED] - return data: null

2023-10-05 11:44:13 - [MESSAGE][PASSED] - Call Test Case 'Test Cases/T13 Pembelian, Shipment dan Pembayaran/PBY-004' successfully

2023-10-05 11:44:13 - [TEST_STEP][PASSED] - navigateToUrl("https://10.9.2.63/ecommerce/administrator/"): Navigate to 'https://10.9.2.63/ecommerce/administrator/' successfully

2023-10-05 11:44:14 - [MESSAGE][PASSED] - Navigate to 'https://10.9.2.63/ecommerce/administrator/' successfully

2023-10-05 11:44:14 - [TEST_STEP][PASSED] - verifyElementPresent(findTestObject("admin/Tittle ADMIN Login"), 0): Object 'Object Repository/admin/Tittle ADMIN Login' is present

2023-10-05 11:44:14 - [MESSAGE][WARNING] - Timeout '0' is invalid. Using default page load timeout: '30'

2023-10-05 11:44:15 - [MESSAGE][PASSED] - Object 'Object Repository/admin/Tittle ADMIN Login' is present

2023-10-05 11:44:15 - [TEST_STEP][PASSED] - setText(findTestObject("admin/Username"), "admin"): Text 'admin' is set on object 'Object Repository/admin/Username'

2023-10-05 11:44:16 - [MESSAGE][PASSED] - Text 'admin' is set on object 'Object Repository/admin/Username'

2023-10-05 11:44:16 - [TEST_STEP][PASSED] - setText(findTestObject("admin/Password"), "123admin123"): Text '123admin123' is set on object 'Object Repository/admin/Password'

2023-10-05 11:44:16 - [MESSAGE][PASSED] - Text '123admin123' is set on object 'Object Repository/admin/Password'

2023-10-05 11:44:16 - [TEST_STEP][PASSED] - click(findTestObject("admin/Remember Me")): Object: 'Object Repository/admin/Remember Me' is clicked on

2023-10-05 11:44:17 - [MESSAGE][PASSED] - Object: 'Object Repository/admin/Remember Me' is clicked on

2023-10-05 11:44:17 - [TEST_STEP][PASSED] - delay(10): Delayed 10 second(s)

2023-10-05 11:44:27 - [MESSAGE][PASSED] - Delayed 10 second(s)

2023-10-05 11:44:27 - [TEST_STEP][PASSED] - click(findTestObject("admin/buttom submit")): Object: 'Object Repository/admin/buttom submit' is clicked on

2023-10-05 11:44:29 - [MESSAGE][PASSED] - Object: 'Object Repository/admin/buttom submit' is clicked on

2023-10-05 11:44:29 - [TEST_STEP][PASSED] - verifyElementPresent(findTestObject("admin/Konf order konsumen/Tittle Dashboard"), 0): Object 'Object Repository/admin/Konf order konsumen/Tittle Dashboard' is present

2023-10-05 11:44:29 - [MESSAGE][WARNING] - Timeout '0' is invalid. Using default page load timeout: '30'

2023-10-05 11:44:29 - [MESSAGE][PASSED] - Object 'Object Repository/admin/Konf order konsumen/Tittle Dashboard' is present

2023-10-05 11:44:29 - [TEST_STEP][PASSED] - click(findTestObject("admin/Konf order konsumen/Menu Transaksi Market")): Object: 'Object Repository/admin/Konf order konsumen/Menu Transaksi Market' is clicked on

2023-10-05 11:44:30 - [MESSAGE][PASSED] - Object: 'Object Repository/admin/Konf order konsumen/Menu Transaksi Market' is clicked on

2023-10-05 11:44:30 - [TEST_STEP][PASSED] - click(findTestObject("admin/Konf order konsumen/Menu Konf. Order Konsumen")): Object: 'Object Repository/admin/Konf order konsumen/Menu Konf. Order Konsumen' is clicked on

2023-10-05 11:44:31 - [MESSAGE][PASSED] - Object: 'Object Repository/admin/Konf order konsumen/Menu Konf. Order Konsumen' is clicked on

2023-10-05 11:44:31 - [TEST_STEP][PASSED] - verifyElementPresent(findTestObject("admin/Konf order konsumen/Tittle Data Konfirmasi Pembayaran Konsumen"), 0): Object 'Object Repository/admin/Konf order konsumen/Tittle Data Konfirmasi Pembayaran Konsumen' is present

2023-10-05 11:44:31 - [MESSAGE][WARNING] - Timeout '0' is invalid. Using default page load timeout: '30'

2023-10-05 11:44:32 - [MESSAGE][PASSED] - Object 'Object Repository/admin/Konf order konsumen/Tittle Data Konfirmasi Pembayaran Konsumen' is present

2023-10-05 11:44:32 - [TEST_STEP][PASSED] - inv = data.get("invoice"): null

2023-10-05 11:44:32 - [TEST_STEP][PASSED] - setText(findTestObject("admin/Konf order konsumen/Search"), inv): Text 'TRX60.20231005114347' is set on object 'Object Repository/admin/Konf order konsumen/Search'

2023-10-05 11:44:33 - [MESSAGE][PASSED] - Text 'TRX60.20231005114347' is set on object 'Object Repository/admin/Konf order konsumen/Search'

2023-10-05 11:44:33 - [TEST_STEP][PASSED] - verifyElementText(findTestObject("admin/Konf order konsumen/Keterangan Lunas"), "Lunas"): Actual text and expected text of test object 'Object Repository/admin/Konf order konsumen/Keterangan Lunas' are matched.

2023-10-05 11:44:33 - [MESSAGE][PASSED] - Actual text and expected text of test object 'Object Repository/admin/Konf order konsumen/Keterangan Lunas' are matched.

2023-10-05 11:44:33 - [TEST_STEP][PASSED] - return data: null

2023-10-05 11:44:33 - [MESSAGE][PASSED] - Call Test Case 'Test Cases/T13 Pembelian, Shipment dan Pembayaran/PBYA-001' successfully

2023-10-05 11:44:33 - [TEST_STEP][PASSED] - click(findTestObject("admin/Penjualan ke konsumen/buttom Dashboard")): Object: 'Object Repository/admin/Penjualan ke konsumen/buttom Dashboard' is clicked on

2023-10-05 11:44:34 - [MESSAGE][PASSED] - Object: 'Object Repository/admin/Penjualan ke konsumen/buttom Dashboard' is clicked on

2023-10-05 11:44:34 - [TEST_STEP][PASSED] - click(findTestObject("admin/Konf order konsumen/Menu Transaksi Market")): Object: 'Object Repository/admin/Konf order konsumen/Menu Transaksi Market' is clicked on

2023-10-05 11:44:34 - [MESSAGE][PASSED] - Object: 'Object Repository/admin/Konf order konsumen/Menu Transaksi Market' is clicked on

2023-10-05 11:44:34 - [TEST_STEP][PASSED] - click(findTestObject("admin/Penjualan ke konsumen/a_Penjualan ke Konsumen")): Object: 'Object Repository/admin/Penjualan ke konsumen/a_Penjualan ke Konsumen' is clicked on

2023-10-05 11:44:37 - [MESSAGE][PASSED] - Object: 'Object Repository/admin/Penjualan ke konsumen/a_Penjualan ke Konsumen' is clicked on

2023-10-05 11:44:37 - [TEST_STEP][PASSED] - verifyElementPresent(findTestObject("admin/Tittle Data Transaksi Penjualan  Orderan Konsumen"), 0): Object 'Object Repository/admin/Tittle Data Transaksi Penjualan  Orderan Konsumen' is present

2023-10-05 11:44:37 - [MESSAGE][WARNING] - Timeout '0' is invalid. Using default page load timeout: '30'

2023-10-05 11:44:38 - [MESSAGE][PASSED] - Object 'Object Repository/admin/Tittle Data Transaksi Penjualan  Orderan Konsumen' is present

2023-10-05 11:44:38 - [TEST_STEP][PASSED] - return data: null

2023-10-05 11:44:38 - [MESSAGE][PASSED] - Call Test Case 'Test Cases/T13 Pembelian, Shipment dan Pembayaran/SA-001' successfully

2023-10-05 11:44:38 - [TEST_STEP][PASSED] - inv = data.get("invoice"): null

2023-10-05 11:44:38 - [TEST_STEP][PASSED] - setText(findTestObject("admin/Penjualan ke konsumen/Search"), inv): Text 'TRX60.20231005114347' is set on object 'Object Repository/admin/Penjualan ke konsumen/Search'

2023-10-05 11:44:39 - [MESSAGE][PASSED] - Text 'TRX60.20231005114347' is set on object 'Object Repository/admin/Penjualan ke konsumen/Search'

2023-10-05 11:44:39 - [TEST_STEP][PASSED] - click(findTestObject("admin/Penjualan ke konsumen/buttom konfirmasi pending payment")): Object: 'Object Repository/admin/Penjualan ke konsumen/buttom konfirmasi pending payment' is clicked on

2023-10-05 11:44:39 - [MESSAGE][PASSED] - Object: 'Object Repository/admin/Penjualan ke konsumen/buttom konfirmasi pending payment' is clicked on

2023-10-05 11:44:39 - [TEST_STEP][PASSED] - acceptAlert(STOP_ON_FAILURE): Alert accepted

2023-10-05 11:44:39 - [MESSAGE][PASSED] - Alert accepted

2023-10-05 11:44:39 - [TEST_STEP][PASSED] - setText(findTestObject("admin/Penjualan ke konsumen/Search"), inv): Text 'TRX60.20231005114347' is set on object 'Object Repository/admin/Penjualan ke konsumen/Search'

2023-10-05 11:44:49 - [MESSAGE][PASSED] - Text 'TRX60.20231005114347' is set on object 'Object Repository/admin/Penjualan ke konsumen/Search'

2023-10-05 11:44:49 - [TEST_STEP][PASSED] - verifyTextNotPresent("pending payment", false): Text 'pending payment' is not present on page

2023-10-05 11:44:49 - [MESSAGE][PASSED] - Text 'pending payment' is not present on page

2023-10-05 11:44:49 - [TEST_STEP][PASSED] - return data: null

2023-10-05 11:44:49 - [MESSAGE][PASSED] - Call Test Case 'Test Cases/T13 Pembelian, Shipment dan Pembayaran/SA-002' successfully

2023-10-05 11:44:49 - [TEST_STEP][PASSED] - click(findTestObject("admin/Penjualan ke konsumen/buttom scroldown")): Object: 'Object Repository/admin/Penjualan ke konsumen/buttom scroldown' is clicked on

2023-10-05 11:44:50 - [MESSAGE][PASSED] - Object: 'Object Repository/admin/Penjualan ke konsumen/buttom scroldown' is clicked on

2023-10-05 11:44:50 - [TEST_STEP][PASSED] - click(findTestObject("admin/Penjualan ke konsumen/Dikirim")): Object: 'Object Repository/admin/Penjualan ke konsumen/Dikirim' is clicked on

2023-10-05 11:44:50 - [MESSAGE][PASSED] - Object: 'Object Repository/admin/Penjualan ke konsumen/Dikirim' is clicked on

2023-10-05 11:44:50 - [TEST_STEP][PASSED] - acceptAlert(): Alert accepted

2023-10-05 11:44:50 - [MESSAGE][PASSED] - Alert accepted

2023-10-05 11:44:50 - [TEST_STEP][PASSED] - inv = data.get("invoice"): null

2023-10-05 11:44:50 - [TEST_STEP][PASSED] - setText(findTestObject("admin/Penjualan ke konsumen/Search"), inv): Text 'TRX60.20231005114347' is set on object 'Object Repository/admin/Penjualan ke konsumen/Search'

2023-10-05 11:45:05 - [MESSAGE][PASSED] - Text 'TRX60.20231005114347' is set on object 'Object Repository/admin/Penjualan ke konsumen/Search'

2023-10-05 11:45:05 - [TEST_STEP][PASSED] - delay(10): Delayed 10 second(s)

2023-10-05 11:45:15 - [MESSAGE][PASSED] - Delayed 10 second(s)

2023-10-05 11:45:15 - [TEST_STEP][PASSED] - verifyElementText(findTestObject("PROSES PENJUALAN/Dikirim"), "Dikirim"): Actual text and expected text of test object 'Object Repository/PROSES PENJUALAN/Dikirim' are matched.

2023-10-05 11:45:15 - [MESSAGE][PASSED] - Actual text and expected text of test object 'Object Repository/PROSES PENJUALAN/Dikirim' are matched.

2023-10-05 11:45:15 - [TEST_STEP][PASSED] - dikirim = getText(findTestObject("PROSES PENJUALAN/Dikirim")): Text of object 'Object Repository/PROSES PENJUALAN/Dikirim' is: 'Dikirim'

2023-10-05 11:45:15 - [MESSAGE][PASSED] - Text of object 'Object Repository/PROSES PENJUALAN/Dikirim' is: 'Dikirim'

2023-10-05 11:45:15 - [TEST_STEP][PASSED] - data.put("statuskirim", dikirim): null

2023-10-05 11:45:15 - [TEST_STEP][PASSED] - return data: null

2023-10-05 11:45:15 - [MESSAGE][PASSED] - Call Test Case 'Test Cases/T13 Pembelian, Shipment dan Pembayaran/SA-004' successfully

2023-10-05 11:45:15 - [TEST_STEP][PASSED] - openBrowser("https://10.9.2.63/ecommerce/"): Browser is opened with url: 'https://10.9.2.63/ecommerce/'

2023-10-05 11:45:15 - [MESSAGE][WARNING] - A browser is already opened. Closing browser and opening a new one

2023-10-05 11:45:16 - [MESSAGE][INFO] - Starting 'Edge Chromium' driver

2023-10-05 11:45:16 - [MESSAGE][INFO] - User set preference: ['acceptInsecureCerts', 'true']

2023-10-05 11:45:18 - [MESSAGE][INFO] - Action delay is set to 0 milliseconds

2023-10-05 11:45:22 - [MESSAGE][PASSED] - Browser is opened with url: 'https://10.9.2.63/ecommerce/'

2023-10-05 11:45:22 - [TEST_STEP][PASSED] - maximizeWindow(): Current window maximized

2023-10-05 11:45:22 - [MESSAGE][PASSED] - Current window maximized

2023-10-05 11:45:22 - [TEST_STEP][PASSED] - verifyElementPresent(findTestObject("Login/Home"), 0): Object 'Object Repository/Login/Home' is present

2023-10-05 11:45:22 - [MESSAGE][WARNING] - Timeout '0' is invalid. Using default page load timeout: '30'

2023-10-05 11:45:22 - [MESSAGE][PASSED] - Object 'Object Repository/Login/Home' is present

2023-10-05 11:45:22 - [TEST_STEP][PASSED] - click(findTestObject("Login/a_Login")): Object: 'Object Repository/Login/a_Login' is clicked on

2023-10-05 11:45:23 - [MESSAGE][PASSED] - Object: 'Object Repository/Login/a_Login' is clicked on

2023-10-05 11:45:23 - [TEST_STEP][PASSED] - verifyElementPresent(findTestObject("Login/Tittle Login"), 0): Object 'Object Repository/Login/Tittle Login' is present

2023-10-05 11:45:23 - [MESSAGE][WARNING] - Timeout '0' is invalid. Using default page load timeout: '30'

2023-10-05 11:45:24 - [MESSAGE][PASSED] - Object 'Object Repository/Login/Tittle Login' is present

2023-10-05 11:45:24 - [TEST_STEP][PASSED] - setText(findTestObject("Login/input_Username, Email atau No. Handphone_a"), "irfanafandi"): Text 'irfanafandi' is set on object 'Object Repository/Login/input_Username, Email atau No. Handphone_a'

2023-10-05 11:45:25 - [MESSAGE][PASSED] - Text 'irfanafandi' is set on object 'Object Repository/Login/input_Username, Email atau No. Handphone_a'

2023-10-05 11:45:25 - [TEST_STEP][PASSED] - setText(findTestObject("Login/input_Password_b"), "12345irfan"): Text '12345irfan' is set on object 'Object Repository/Login/input_Password_b'

2023-10-05 11:45:25 - [MESSAGE][PASSED] - Text '12345irfan' is set on object 'Object Repository/Login/input_Password_b'

2023-10-05 11:45:25 - [TEST_STEP][PASSED] - click(findTestObject("Login/button_Masuk")): Object: 'Object Repository/Login/button_Masuk' is clicked on

2023-10-05 11:45:26 - [MESSAGE][PASSED] - Object: 'Object Repository/Login/button_Masuk' is clicked on

2023-10-05 11:45:26 - [TEST_STEP][PASSED] - verifyElementPresent(findTestObject("Login/li_Profile"), 0): Object 'Object Repository/Login/li_Profile' is present

2023-10-05 11:45:27 - [MESSAGE][WARNING] - Timeout '0' is invalid. Using default page load timeout: '30'

2023-10-05 11:45:27 - [MESSAGE][PASSED] - Object 'Object Repository/Login/li_Profile' is present

2023-10-05 11:45:27 - [TEST_STEP][PASSED] - click(findTestObject("Konfirmasi pesanan shop/Menu Shop")): Object: 'Object Repository/Konfirmasi pesanan shop/Menu Shop' is clicked on

2023-10-05 11:45:29 - [MESSAGE][PASSED] - Object: 'Object Repository/Konfirmasi pesanan shop/Menu Shop' is clicked on

2023-10-05 11:45:29 - [TEST_STEP][PASSED] - click(findTestObject("Konfirmasi pesanan shop/Menu Shop")): Object: 'Object Repository/Konfirmasi pesanan shop/Menu Shop' is clicked on

2023-10-05 11:45:29 - [MESSAGE][PASSED] - Object: 'Object Repository/Konfirmasi pesanan shop/Menu Shop' is clicked on

2023-10-05 11:45:29 - [TEST_STEP][PASSED] - click(findTestObject("verifikasi/Orders Report")): Object: 'Object Repository/verifikasi/Orders Report' is clicked on

2023-10-05 11:45:31 - [MESSAGE][PASSED] - Object: 'Object Repository/verifikasi/Orders Report' is clicked on

2023-10-05 11:45:31 - [TEST_STEP][PASSED] - verifyElementPresent(findTestObject("Login/li_Profile"), 0): Object 'Object Repository/Login/li_Profile' is present

2023-10-05 11:45:31 - [MESSAGE][WARNING] - Timeout '0' is invalid. Using default page load timeout: '30'

2023-10-05 11:45:31 - [MESSAGE][PASSED] - Object 'Object Repository/Login/li_Profile' is present

2023-10-05 11:45:31 - [TEST_STEP][PASSED] - click(findTestObject("verifikasi/Sedang Dikirim")): Object: 'Object Repository/verifikasi/Sedang Dikirim' is clicked on

2023-10-05 11:45:32 - [MESSAGE][PASSED] - Object: 'Object Repository/verifikasi/Sedang Dikirim' is clicked on

2023-10-05 11:45:32 - [TEST_STEP][PASSED] - verifyElementPresent(findTestObject("verifikasi/Notifikasi angka"), 1): Object 'Object Repository/verifikasi/Notifikasi angka' is present

2023-10-05 11:45:32 - [MESSAGE][PASSED] - Object 'Object Repository/verifikasi/Notifikasi angka' is present

2023-10-05 11:45:32 - [TEST_STEP][PASSED] - dikirim = getText(findTestObject("verifikasi/status Dikirim di user"), STOP_ON_FAILURE): Text of object 'Object Repository/verifikasi/status Dikirim di user' is: 'Dikirim'

2023-10-05 11:45:33 - [MESSAGE][PASSED] - Text of object 'Object Repository/verifikasi/status Dikirim di user' is: 'Dikirim'

2023-10-05 11:45:33 - [TEST_STEP][PASSED] - statusDikirim = data.get("statuskirim"): null

2023-10-05 11:45:33 - [TEST_STEP][PASSED] - assert dikirim == statusDikirim: null]]></system-out>
         <system-err><![CDATA[]]></system-err>
      </testcase>
      <testcase name="Test Cases/T13 Pembelian, Shipment dan Pembayaran/SU-012" time="129.12" classname="Test Cases/T13 Pembelian, Shipment dan Pembayaran/SU-012" status="PASSED">
         <system-out><![CDATA[2023-10-05 11:45:33 - [TEST_CASE][PASSED] - Test Cases/T13 Pembelian, Shipment dan Pembayaran/SU-012: Test Cases/T13 Pembelian, Shipment dan Pembayaran/SU-012

2023-10-05 11:45:33 - [TEST_STEP][PASSED] - data = callTestCase(findTestCase("T13 Pembelian, Shipment dan Pembayaran/SA-005"), [:], STOP_ON_FAILURE): Call Test Case 'Test Cases/T13 Pembelian, Shipment dan Pembayaran/SA-005' successfully

2023-10-05 11:45:33 - [TEST_CASE][PASSED] - Test Cases/T13 Pembelian, Shipment dan Pembayaran/SA-005: Test Cases/T13 Pembelian, Shipment dan Pembayaran/SA-005

2023-10-05 11:45:33 - [TEST_STEP][PASSED] - data = callTestCase(findTestCase("T13 Pembelian, Shipment dan Pembayaran/SA-002"), [:], STOP_ON_FAILURE): Call Test Case 'Test Cases/T13 Pembelian, Shipment dan Pembayaran/SA-002' successfully

2023-10-05 11:45:33 - [TEST_CASE][PASSED] - Test Cases/T13 Pembelian, Shipment dan Pembayaran/SA-002: Test Cases/T13 Pembelian, Shipment dan Pembayaran/SA-002

2023-10-05 11:45:33 - [TEST_STEP][PASSED] - data = callTestCase(findTestCase("T13 Pembelian, Shipment dan Pembayaran/SA-001"), [:], STOP_ON_FAILURE): Call Test Case 'Test Cases/T13 Pembelian, Shipment dan Pembayaran/SA-001' successfully

2023-10-05 11:45:33 - [TEST_CASE][PASSED] - Test Cases/T13 Pembelian, Shipment dan Pembayaran/SA-001: Test Cases/T13 Pembelian, Shipment dan Pembayaran/SA-001

2023-10-05 11:45:33 - [TEST_STEP][PASSED] - data = callTestCase(findTestCase("T13 Pembelian, Shipment dan Pembayaran/PBYA-001"), [:], STOP_ON_FAILURE): Call Test Case 'Test Cases/T13 Pembelian, Shipment dan Pembayaran/PBYA-001' successfully

2023-10-05 11:45:33 - [TEST_CASE][PASSED] - Test Cases/T13 Pembelian, Shipment dan Pembayaran/PBYA-001: Test Cases/T13 Pembelian, Shipment dan Pembayaran/PBYA-001

2023-10-05 11:45:33 - [TEST_STEP][PASSED] - data = callTestCase(findTestCase("T13 Pembelian, Shipment dan Pembayaran/PBY-004"), [:], STOP_ON_FAILURE): Call Test Case 'Test Cases/T13 Pembelian, Shipment dan Pembayaran/PBY-004' successfully

2023-10-05 11:45:33 - [TEST_CASE][PASSED] - Test Cases/T13 Pembelian, Shipment dan Pembayaran/PBY-004: Test Cases/T13 Pembelian, Shipment dan Pembayaran/PBY-004

2023-10-05 11:45:33 - [TEST_STEP][PASSED] - data = callTestCase(findTestCase("T13 Pembelian, Shipment dan Pembayaran/PBY-001"), [:], STOP_ON_FAILURE): Call Test Case 'Test Cases/T13 Pembelian, Shipment dan Pembayaran/PBY-001' successfully

2023-10-05 11:45:33 - [TEST_CASE][PASSED] - Test Cases/T13 Pembelian, Shipment dan Pembayaran/PBY-001: Test Cases/T13 Pembelian, Shipment dan Pembayaran/PBY-001

2023-10-05 11:45:33 - [TEST_STEP][PASSED] - data = callTestCase(findTestCase("T13 Pembelian, Shipment dan Pembayaran/PBL-004"), ["Kurir":"Roda 2"], STOP_ON_FAILURE): Call Test Case 'Test Cases/T13 Pembelian, Shipment dan Pembayaran/PBL-004' successfully

2023-10-05 11:45:33 - [TEST_CASE][PASSED] - Test Cases/T13 Pembelian, Shipment dan Pembayaran/PBL-004: Test Cases/T13 Pembelian, Shipment dan Pembayaran/PBL-004

2023-10-05 11:45:33 - [TEST_STEP][PASSED] - data = callTestCase(findTestCase("T13 Pembelian, Shipment dan Pembayaran/PBL-002"), [:], STOP_ON_FAILURE): Call Test Case 'Test Cases/T13 Pembelian, Shipment dan Pembayaran/PBL-002' successfully

2023-10-05 11:45:33 - [TEST_CASE][PASSED] - Test Cases/T13 Pembelian, Shipment dan Pembayaran/PBL-002: Test Cases/T13 Pembelian, Shipment dan Pembayaran/PBL-002

2023-10-05 11:45:34 - [TEST_STEP][PASSED] - data = callTestCase(findTestCase("T13 Pembelian, Shipment dan Pembayaran/PBL-001"), [:], STOP_ON_FAILURE): Call Test Case 'Test Cases/T13 Pembelian, Shipment dan Pembayaran/PBL-001' successfully

2023-10-05 11:45:34 - [TEST_CASE][PASSED] - Test Cases/T13 Pembelian, Shipment dan Pembayaran/PBL-001: Test Cases/T13 Pembelian, Shipment dan Pembayaran/PBL-001

2023-10-05 11:45:34 - [TEST_STEP][PASSED] - callTestCase(findTestCase("T13 Pembelian, Shipment dan Pembayaran/LU-001"), ["username":"irfanafandi", "password":"12345irfan"], STOP_ON_FAILURE): Call Test Case 'Test Cases/T13 Pembelian, Shipment dan Pembayaran/LU-001' successfully

2023-10-05 11:45:34 - [TEST_CASE][PASSED] - Test Cases/T13 Pembelian, Shipment dan Pembayaran/LU-001: Test Cases/T13 Pembelian, Shipment dan Pembayaran/LU-001

2023-10-05 11:45:34 - [TEST_STEP][PASSED] - openBrowser("https://10.9.2.63/ecommerce/"): Browser is opened with url: 'https://10.9.2.63/ecommerce/'

2023-10-05 11:45:34 - [MESSAGE][WARNING] - A browser is already opened. Closing browser and opening a new one

2023-10-05 11:45:34 - [MESSAGE][INFO] - Starting 'Edge Chromium' driver

2023-10-05 11:45:34 - [MESSAGE][INFO] - User set preference: ['acceptInsecureCerts', 'true']

2023-10-05 11:45:37 - [MESSAGE][INFO] - Action delay is set to 0 milliseconds

2023-10-05 11:45:41 - [MESSAGE][PASSED] - Browser is opened with url: 'https://10.9.2.63/ecommerce/'

2023-10-05 11:45:41 - [TEST_STEP][PASSED] - maximizeWindow(): Current window maximized

2023-10-05 11:45:41 - [MESSAGE][PASSED] - Current window maximized

2023-10-05 11:45:41 - [TEST_STEP][PASSED] - verifyElementPresent(findTestObject("Login/Home"), 0): Object 'Object Repository/Login/Home' is present

2023-10-05 11:45:41 - [MESSAGE][WARNING] - Timeout '0' is invalid. Using default page load timeout: '30'

2023-10-05 11:45:42 - [MESSAGE][PASSED] - Object 'Object Repository/Login/Home' is present

2023-10-05 11:45:42 - [TEST_STEP][PASSED] - click(findTestObject("Login/a_Login")): Object: 'Object Repository/Login/a_Login' is clicked on

2023-10-05 11:45:42 - [MESSAGE][PASSED] - Object: 'Object Repository/Login/a_Login' is clicked on

2023-10-05 11:45:42 - [TEST_STEP][PASSED] - verifyElementPresent(findTestObject("Login/Tittle Login"), 0): Object 'Object Repository/Login/Tittle Login' is present

2023-10-05 11:45:42 - [MESSAGE][WARNING] - Timeout '0' is invalid. Using default page load timeout: '30'

2023-10-05 11:45:43 - [MESSAGE][PASSED] - Object 'Object Repository/Login/Tittle Login' is present

2023-10-05 11:45:43 - [TEST_STEP][PASSED] - setText(findTestObject("Login/input_Username, Email atau No. Handphone_a"), username): Text 'irfanafandi' is set on object 'Object Repository/Login/input_Username, Email atau No. Handphone_a'

2023-10-05 11:45:44 - [MESSAGE][PASSED] - Text 'irfanafandi' is set on object 'Object Repository/Login/input_Username, Email atau No. Handphone_a'

2023-10-05 11:45:44 - [TEST_STEP][PASSED] - setText(findTestObject("Login/input_Password_b"), password): Text '12345irfan' is set on object 'Object Repository/Login/input_Password_b'

2023-10-05 11:45:45 - [MESSAGE][PASSED] - Text '12345irfan' is set on object 'Object Repository/Login/input_Password_b'

2023-10-05 11:45:45 - [TEST_STEP][PASSED] - click(findTestObject("Login/label_Ingat saya")): Object: 'Object Repository/Login/label_Ingat saya' is clicked on

2023-10-05 11:45:45 - [MESSAGE][PASSED] - Object: 'Object Repository/Login/label_Ingat saya' is clicked on

2023-10-05 11:45:45 - [TEST_STEP][PASSED] - click(findTestObject("Login/button_Masuk")): Object: 'Object Repository/Login/button_Masuk' is clicked on

2023-10-05 11:45:47 - [MESSAGE][PASSED] - Object: 'Object Repository/Login/button_Masuk' is clicked on

2023-10-05 11:45:47 - [TEST_STEP][PASSED] - verifyElementPresent(findTestObject("Login/li_Profile"), 0): Object 'Object Repository/Login/li_Profile' is present

2023-10-05 11:45:47 - [MESSAGE][WARNING] - Timeout '0' is invalid. Using default page load timeout: '30'

2023-10-05 11:45:48 - [MESSAGE][PASSED] - Object 'Object Repository/Login/li_Profile' is present

2023-10-05 11:45:48 - [MESSAGE][PASSED] - Call Test Case 'Test Cases/T13 Pembelian, Shipment dan Pembayaran/LU-001' successfully

2023-10-05 11:45:48 - [TEST_STEP][PASSED] - mouseOver(findTestObject("beli barang/i_Mulai Belanja_icon-menu")): Object: 'Object Repository/beli barang/i_Mulai Belanja_icon-menu' is hovered

2023-10-05 11:45:48 - [MESSAGE][PASSED] - Object: 'Object Repository/beli barang/i_Mulai Belanja_icon-menu' is hovered

2023-10-05 11:45:48 - [TEST_STEP][PASSED] - click(findTestObject("beli barang/a_Fashion  Busana Wanita")): Object: 'Object Repository/beli barang/a_Fashion  Busana Wanita' is clicked on

2023-10-05 11:45:49 - [MESSAGE][PASSED] - Object: 'Object Repository/beli barang/a_Fashion  Busana Wanita' is clicked on

2023-10-05 11:45:49 - [TEST_STEP][PASSED] - NamaSebelum = getText(findTestObject("verifikasi/Nama sebelum")): Text of object 'Object Repository/verifikasi/Nama sebelum' is: ''

2023-10-05 11:45:50 - [MESSAGE][PASSED] - Text of object 'Object Repository/verifikasi/Nama sebelum' is: ''

2023-10-05 11:45:50 - [TEST_STEP][PASSED] - HargaSebelum = getText(findTestObject("verifikasi/Harga sebelum")): Text of object 'Object Repository/verifikasi/Harga sebelum' is: 'Rp 1,299'

2023-10-05 11:45:51 - [MESSAGE][PASSED] - Text of object 'Object Repository/verifikasi/Harga sebelum' is: 'Rp 1,299'

2023-10-05 11:45:51 - [TEST_STEP][PASSED] - mouseOver(findTestObject("beli barang/barang mouse over")): Object: 'Object Repository/beli barang/barang mouse over' is hovered

2023-10-05 11:45:51 - [MESSAGE][PASSED] - Object: 'Object Repository/beli barang/barang mouse over' is hovered

2023-10-05 11:45:51 - [TEST_STEP][PASSED] - click(findTestObject("beli barang/buttom add to cart")): Object: 'Object Repository/beli barang/buttom add to cart' is clicked on

2023-10-05 11:45:53 - [MESSAGE][PASSED] - Object: 'Object Repository/beli barang/buttom add to cart' is clicked on

2023-10-05 11:45:53 - [TEST_STEP][PASSED] - NamaSesudah = getText(findTestObject("verifikasi/Nama sesudah")): Text of object 'Object Repository/verifikasi/Nama sesudah' is: 'Segitiga Instan Madeira - MDB5.3 Sunset'

2023-10-05 11:45:53 - [MESSAGE][PASSED] - Text of object 'Object Repository/verifikasi/Nama sesudah' is: 'Segitiga Instan Madeira - MDB5.3 Sunset'

2023-10-05 11:45:53 - [TEST_STEP][PASSED] - HargaSesudah = getText(findTestObject("verifikasi/Harga sesudah")): Text of object 'Object Repository/verifikasi/Harga sesudah' is: 'Rp 1,299'

2023-10-05 11:45:54 - [MESSAGE][PASSED] - Text of object 'Object Repository/verifikasi/Harga sesudah' is: 'Rp 1,299'

2023-10-05 11:45:54 - [TEST_STEP][PASSED] - assert NamaSesudah.contains(NamaSebelum): null

2023-10-05 11:45:54 - [TEST_STEP][PASSED] - assert HargaSesudah.contains(HargaSebelum): null

2023-10-05 11:45:54 - [TEST_STEP][PASSED] - click(findTestObject("beli barang/Tambah Keranjang busana wanita")): Object: 'Object Repository/beli barang/Tambah Keranjang busana wanita' is clicked on

2023-10-05 11:45:54 - [MESSAGE][PASSED] - Object: 'Object Repository/beli barang/Tambah Keranjang busana wanita' is clicked on

2023-10-05 11:45:54 - [TEST_STEP][PASSED] - verifyElementPresent(findTestObject("checkout/Notifikasi keranjang"), 1): Object 'Object Repository/checkout/Notifikasi keranjang' is present

2023-10-05 11:45:55 - [MESSAGE][PASSED] - Object 'Object Repository/checkout/Notifikasi keranjang' is present

2023-10-05 11:45:55 - [TEST_STEP][PASSED] - data = new java.util.HashMap(): null

2023-10-05 11:45:55 - [TEST_STEP][PASSED] - data.put("nama_barang", NamaSesudah): null

2023-10-05 11:45:55 - [TEST_STEP][PASSED] - data.put("price_barang", HargaSesudah): null

2023-10-05 11:45:55 - [TEST_STEP][PASSED] - return data: null

2023-10-05 11:45:55 - [MESSAGE][PASSED] - Call Test Case 'Test Cases/T13 Pembelian, Shipment dan Pembayaran/PBL-001' successfully

2023-10-05 11:45:55 - [TEST_STEP][PASSED] - mouseOver(findTestObject("beli barang/keranjang")): Object: 'Object Repository/beli barang/keranjang' is hovered

2023-10-05 11:45:56 - [MESSAGE][PASSED] - Object: 'Object Repository/beli barang/keranjang' is hovered

2023-10-05 11:45:56 - [TEST_STEP][PASSED] - click(findTestObject("beli barang/Lihat Sekarang")): Object: 'Object Repository/beli barang/Lihat Sekarang' is clicked on

2023-10-05 11:45:57 - [MESSAGE][PASSED] - Object: 'Object Repository/beli barang/Lihat Sekarang' is clicked on

2023-10-05 11:45:57 - [TEST_STEP][PASSED] - verifyElementPresent(findTestObject("keranjang/li_Keranjang Belanja"), 0): Object 'Object Repository/keranjang/li_Keranjang Belanja' is present

2023-10-05 11:45:57 - [MESSAGE][WARNING] - Timeout '0' is invalid. Using default page load timeout: '30'

2023-10-05 11:45:58 - [MESSAGE][PASSED] - Object 'Object Repository/keranjang/li_Keranjang Belanja' is present

2023-10-05 11:45:58 - [TEST_STEP][PASSED] - NamaKeranjang = getText(findTestObject("verifikasi/Nama keranjang")): Text of object 'Object Repository/verifikasi/Nama keranjang' is: 'Segitiga Instan Madeira - MDB5.3 Sunset'

2023-10-05 11:45:58 - [MESSAGE][PASSED] - Text of object 'Object Repository/verifikasi/Nama keranjang' is: 'Segitiga Instan Madeira - MDB5.3 Sunset'

2023-10-05 11:45:58 - [TEST_STEP][PASSED] - HargaKeranjang = getText(findTestObject("verifikasi/Harga Keranjang")): Text of object 'Object Repository/verifikasi/Harga Keranjang' is: 'Rp 1,299'

2023-10-05 11:45:59 - [MESSAGE][PASSED] - Text of object 'Object Repository/verifikasi/Harga Keranjang' is: 'Rp 1,299'

2023-10-05 11:45:59 - [TEST_STEP][PASSED] - if (toString().equalsIgnoreCase("Merah")): Object 'Object Repository/keranjang/input_Warna_variasi101' is checked

2023-10-05 11:45:59 - [TEST_STEP][PASSED] - check(findTestObject("Object Repository/keranjang/input_Warna_variasi101")): Object 'Object Repository/keranjang/input_Warna_variasi101' is checked

2023-10-05 11:45:59 - [MESSAGE][PASSED] - Object 'Object Repository/keranjang/input_Warna_variasi101' is checked

2023-10-05 11:45:59 - [TEST_STEP][PASSED] - if (toString().equalsIgnoreCase("Menengah")): Object 'Object Repository/keranjang/input_Ukuran_variasi201' is checked

2023-10-05 11:45:59 - [TEST_STEP][PASSED] - check(findTestObject("Object Repository/keranjang/input_Ukuran_variasi201")): Object 'Object Repository/keranjang/input_Ukuran_variasi201' is checked

2023-10-05 11:45:59 - [MESSAGE][PASSED] - Object 'Object Repository/keranjang/input_Ukuran_variasi201' is checked

2023-10-05 11:45:59 - [TEST_STEP][PASSED] - data.put("Warna", warna): null

2023-10-05 11:45:59 - [TEST_STEP][PASSED] - data.put("Ukuran", ukuran): null

2023-10-05 11:45:59 - [TEST_STEP][PASSED] - click(findTestObject("keranjang/button_Lanjut ke Pembayaran")): Object: 'Object Repository/keranjang/button_Lanjut ke Pembayaran' is clicked on

2023-10-05 11:46:01 - [MESSAGE][PASSED] - Object: 'Object Repository/keranjang/button_Lanjut ke Pembayaran' is clicked on

2023-10-05 11:46:01 - [TEST_STEP][PASSED] - verifyElementPresent(findTestObject("checkout/Tittle Checkout Order"), 0): Object 'Object Repository/checkout/Tittle Checkout Order' is present

2023-10-05 11:46:01 - [MESSAGE][WARNING] - Timeout '0' is invalid. Using default page load timeout: '30'

2023-10-05 11:46:02 - [MESSAGE][PASSED] - Object 'Object Repository/checkout/Tittle Checkout Order' is present

2023-10-05 11:46:02 - [TEST_STEP][PASSED] - name_product = data.get("nama_barang"): null

2023-10-05 11:46:02 - [TEST_STEP][PASSED] - price_product = data.get("price_barang"): null

2023-10-05 11:46:02 - [TEST_STEP][PASSED] - assert name_product == NamaKeranjang: null

2023-10-05 11:46:02 - [TEST_STEP][PASSED] - assert price_product == HargaKeranjang: null

2023-10-05 11:46:02 - [TEST_STEP][PASSED] - return data: null

2023-10-05 11:46:02 - [MESSAGE][PASSED] - Call Test Case 'Test Cases/T13 Pembelian, Shipment dan Pembayaran/PBL-002' successfully

2023-10-05 11:46:02 - [TEST_STEP][PASSED] - warnaa = getText(findTestObject("verifikasi/warna Merah")): Text of object 'Object Repository/verifikasi/warna Merah' is: 'Merah'

2023-10-05 11:46:02 - [MESSAGE][PASSED] - Text of object 'Object Repository/verifikasi/warna Merah' is: 'Merah'

2023-10-05 11:46:02 - [TEST_STEP][PASSED] - ukurann = getText(findTestObject("verifikasi/Ukuran Menengah")): Text of object 'Object Repository/verifikasi/Ukuran Menengah' is: 'Menengah'

2023-10-05 11:46:02 - [MESSAGE][PASSED] - Text of object 'Object Repository/verifikasi/Ukuran Menengah' is: 'Menengah'

2023-10-05 11:46:02 - [TEST_STEP][PASSED] - warna1 = data.get("Warna"): null

2023-10-05 11:46:02 - [TEST_STEP][PASSED] - ukuran1 = data.get("Ukuran"): null

2023-10-05 11:46:02 - [TEST_STEP][PASSED] - assert warnaa == warna1: null

2023-10-05 11:46:02 - [TEST_STEP][PASSED] - assert ukurann == ukuran1: null

2023-10-05 11:46:02 - [TEST_STEP][PASSED] - NamaCheckout = getText(findTestObject("verifikasi/NamaCheckout")): Text of object 'Object Repository/verifikasi/NamaCheckout' is: ''

2023-10-05 11:46:03 - [MESSAGE][PASSED] - Text of object 'Object Repository/verifikasi/NamaCheckout' is: ''

2023-10-05 11:46:03 - [TEST_STEP][PASSED] - HargaCheckout = getText(findTestObject("verifikasi/HargaCheckout")): Text of object 'Object Repository/verifikasi/HargaCheckout' is: '1,299'

2023-10-05 11:46:03 - [MESSAGE][PASSED] - Text of object 'Object Repository/verifikasi/HargaCheckout' is: '1,299'

2023-10-05 11:46:03 - [TEST_STEP][PASSED] - name_product = data.get("nama_barang"): null

2023-10-05 11:46:03 - [TEST_STEP][PASSED] - price_product = data.get("price_barang"): null

2023-10-05 11:46:03 - [TEST_STEP][PASSED] - assert name_product.contains(NamaCheckout): null

2023-10-05 11:46:03 - [TEST_STEP][PASSED] - assert price_product.contains(HargaCheckout): null

2023-10-05 11:46:03 - [TEST_STEP][PASSED] - selectOptionByLabel(findTestObject("checkout/select - Kirim via Kurir Lokal"), Kurir, false): All options with label 'Roda 2' are selected in object 'Object Repository/checkout/select - Kirim via Kurir Lokal' 

2023-10-05 11:46:04 - [MESSAGE][PASSED] - All options with label 'Roda 2' are selected in object 'Object Repository/checkout/select - Kirim via Kurir Lokal' 

2023-10-05 11:46:04 - [TEST_STEP][PASSED] - click(findTestObject("checkout/Kendaraan Kurir")): Object: 'Object Repository/checkout/Kendaraan Kurir' is clicked on

2023-10-05 11:46:05 - [MESSAGE][PASSED] - Object: 'Object Repository/checkout/Kendaraan Kurir' is clicked on

2023-10-05 11:46:05 - [TEST_STEP][PASSED] - OngkosKirim = getText(findTestObject("Object Repository/verifikasi/Ongkos Kirim checkout")): Text of object 'Object Repository/verifikasi/Ongkos Kirim checkout' is: 'Rp. 5,000'

2023-10-05 11:46:05 - [MESSAGE][PASSED] - Text of object 'Object Repository/verifikasi/Ongkos Kirim checkout' is: 'Rp. 5,000'

2023-10-05 11:46:05 - [TEST_STEP][PASSED] - Ongkos = OngkosKirim.substring(3, OngkosKirim.size()): null

2023-10-05 11:46:05 - [TEST_STEP][PASSED] - rep = Ongkos.replace(",", "."): null

2023-10-05 11:46:05 - [TEST_STEP][PASSED] - Ongkos_kirim = Double.parseDouble(rep): null

2023-10-05 11:46:05 - [TEST_STEP][PASSED] - println(Ongkos_kirim): null

2023-10-05 11:46:05 - [TEST_STEP][PASSED] - FeeAdmin = getText(findTestObject("verifikasi/Fee Admin checkout")): Text of object 'Object Repository/verifikasi/Fee Admin checkout' is: 'Fee Admin
Rp 1,500'

2023-10-05 11:46:06 - [MESSAGE][PASSED] - Text of object 'Object Repository/verifikasi/Fee Admin checkout' is: 'Fee Admin
Rp 1,500'

2023-10-05 11:46:06 - [TEST_STEP][PASSED] - Fee_Admin = FeeAdmin.substring(12, FeeAdmin.size()): null

2023-10-05 11:46:06 - [TEST_STEP][PASSED] - fee = Fee_Admin.replace(",", "."): null

2023-10-05 11:46:06 - [TEST_STEP][PASSED] - fee_admin = Double.parseDouble(fee): null

2023-10-05 11:46:06 - [TEST_STEP][PASSED] - println(fee_admin): null

2023-10-05 11:46:06 - [TEST_STEP][PASSED] - Subtotal = getText(findTestObject("verifikasi/subtotal checkout")): Text of object 'Object Repository/verifikasi/subtotal checkout' is: 'Subtotal
Rp 1,299'

2023-10-05 11:46:06 - [MESSAGE][PASSED] - Text of object 'Object Repository/verifikasi/subtotal checkout' is: 'Subtotal
Rp 1,299'

2023-10-05 11:46:06 - [TEST_STEP][PASSED] - sub_total = Subtotal.substring(12, Subtotal.size()): null

2023-10-05 11:46:06 - [TEST_STEP][PASSED] - sub = sub_total.replace(",", "."): null

2023-10-05 11:46:06 - [TEST_STEP][PASSED] - sub_total = Double.parseDouble(sub): null

2023-10-05 11:46:06 - [TEST_STEP][PASSED] - println(sub_total): null

2023-10-05 11:46:06 - [TEST_STEP][PASSED] - Total = getText(findTestObject("verifikasi/Total checkout")): Text of object 'Object Repository/verifikasi/Total checkout' is: 'Rp 7,799'

2023-10-05 11:46:07 - [MESSAGE][PASSED] - Text of object 'Object Repository/verifikasi/Total checkout' is: 'Rp 7,799'

2023-10-05 11:46:07 - [TEST_STEP][PASSED] - totall = Total.substring(3, Total.size()): null

2023-10-05 11:46:07 - [TEST_STEP][PASSED] - total = totall.replace(",", "."): null

2023-10-05 11:46:07 - [TEST_STEP][PASSED] - totall = Double.parseDouble(total): null

2023-10-05 11:46:07 - [TEST_STEP][PASSED] - println(totall): null

2023-10-05 11:46:07 - [TEST_STEP][PASSED] - Total_Harga = Ongkos_kirim + fee_admin + sub_total: null

2023-10-05 11:46:07 - [TEST_STEP][PASSED] - println(Total_Harga): null

2023-10-05 11:46:07 - [TEST_STEP][PASSED] - TotalHarga = Math.round(Total_Harga * 1000) / 1000: null

2023-10-05 11:46:07 - [TEST_STEP][PASSED] - println(TotalHarga): null

2023-10-05 11:46:07 - [TEST_STEP][PASSED] - assert totall == TotalHarga: null

2023-10-05 11:46:07 - [TEST_STEP][PASSED] - click(findTestObject("verifikasi/Metode Transfer")): Object: 'Object Repository/verifikasi/Metode Transfer' is clicked on

2023-10-05 11:46:07 - [MESSAGE][PASSED] - Object: 'Object Repository/verifikasi/Metode Transfer' is clicked on

2023-10-05 11:46:07 - [TEST_STEP][PASSED] - click(findTestObject("checkout/button_Proses Pembayaran")): Object: 'Object Repository/checkout/button_Proses Pembayaran' is clicked on

2023-10-05 11:46:16 - [MESSAGE][PASSED] - Object: 'Object Repository/checkout/button_Proses Pembayaran' is clicked on

2023-10-05 11:46:16 - [TEST_STEP][PASSED] - verifyElementPresent(findTestObject("pembayaran/Tittle nomor invoice"), 0): Object 'Object Repository/pembayaran/Tittle nomor invoice' is present

2023-10-05 11:46:16 - [MESSAGE][WARNING] - Timeout '0' is invalid. Using default page load timeout: '30'

2023-10-05 11:46:16 - [MESSAGE][PASSED] - Object 'Object Repository/pembayaran/Tittle nomor invoice' is present

2023-10-05 11:46:16 - [TEST_STEP][PASSED] - return data: null

2023-10-05 11:46:16 - [MESSAGE][PASSED] - Call Test Case 'Test Cases/T13 Pembelian, Shipment dan Pembayaran/PBL-004' successfully

2023-10-05 11:46:16 - [TEST_STEP][PASSED] - Invoice = getText(findTestObject("pembayaran/nomor invoice")): Text of object 'Object Repository/pembayaran/nomor invoice' is: 'TRX60.20231005114610'

2023-10-05 11:46:17 - [MESSAGE][PASSED] - Text of object 'Object Repository/pembayaran/nomor invoice' is: 'TRX60.20231005114610'

2023-10-05 11:46:17 - [TEST_STEP][PASSED] - data.put("invoice", Invoice): null

2023-10-05 11:46:17 - [TEST_STEP][PASSED] - NamaPemesan = getText(findTestObject("Konfirmasi pesanan shop/Nama pemesan")): Text of object 'Object Repository/Konfirmasi pesanan shop/Nama pemesan' is: 'irfan.afandi'

2023-10-05 11:46:17 - [MESSAGE][PASSED] - Text of object 'Object Repository/Konfirmasi pesanan shop/Nama pemesan' is: 'irfan.afandi'

2023-10-05 11:46:17 - [TEST_STEP][PASSED] - Nama = getText(findTestObject("pembayaran/Nama barang")): Text of object 'Object Repository/pembayaran/Nama barang' is: 'Segitiga Instan Madeira - MDB5.3 Sunset'

2023-10-05 11:46:18 - [MESSAGE][PASSED] - Text of object 'Object Repository/pembayaran/Nama barang' is: 'Segitiga Instan Madeira - MDB5.3 Sunset'

2023-10-05 11:46:18 - [TEST_STEP][PASSED] - Harga = getText(findTestObject("pembayaran/Harga barang")): Text of object 'Object Repository/pembayaran/Harga barang' is: '1,299'

2023-10-05 11:46:19 - [MESSAGE][PASSED] - Text of object 'Object Repository/pembayaran/Harga barang' is: '1,299'

2023-10-05 11:46:19 - [TEST_STEP][PASSED] - name_product = data.get("nama_barang"): null

2023-10-05 11:46:19 - [TEST_STEP][PASSED] - price_product = data.get("price_barang"): null

2023-10-05 11:46:19 - [TEST_STEP][PASSED] - assert name_product.contains(Nama): null

2023-10-05 11:46:19 - [TEST_STEP][PASSED] - assert price_product.contains(Harga): null

2023-10-05 11:46:19 - [TEST_STEP][PASSED] - warnaa = getText(findTestObject("pembayaran/warna")): Text of object 'Object Repository/pembayaran/warna' is: 'Merah'

2023-10-05 11:46:19 - [MESSAGE][PASSED] - Text of object 'Object Repository/pembayaran/warna' is: 'Merah'

2023-10-05 11:46:19 - [TEST_STEP][PASSED] - ukurann = getText(findTestObject("pembayaran/ukuran")): Text of object 'Object Repository/pembayaran/ukuran' is: 'Menengah'

2023-10-05 11:46:19 - [MESSAGE][PASSED] - Text of object 'Object Repository/pembayaran/ukuran' is: 'Menengah'

2023-10-05 11:46:19 - [TEST_STEP][PASSED] - warna1 = data.get("Warna"): null

2023-10-05 11:46:19 - [TEST_STEP][PASSED] - ukuran1 = data.get("Ukuran"): null

2023-10-05 11:46:19 - [TEST_STEP][PASSED] - assert warnaa == warna1: null

2023-10-05 11:46:19 - [TEST_STEP][PASSED] - assert ukurann == ukuran1: null

2023-10-05 11:46:19 - [TEST_STEP][PASSED] - statusPembelian = getText(findTestObject("verifikasi/Status pending di pembelian")): Text of object 'Object Repository/verifikasi/Status pending di pembelian' is: 'Pending'

2023-10-05 11:46:20 - [MESSAGE][PASSED] - Text of object 'Object Repository/verifikasi/Status pending di pembelian' is: 'Pending'

2023-10-05 11:46:20 - [TEST_STEP][PASSED] - data.put("statusPem", statusPembelian): null

2023-10-05 11:46:20 - [TEST_STEP][PASSED] - OngkosKirim = getText(findTestObject("pembayaran/ongkos kirim")): Text of object 'Object Repository/pembayaran/ongkos kirim' is: 'Rp 5,000'

2023-10-05 11:46:20 - [MESSAGE][PASSED] - Text of object 'Object Repository/pembayaran/ongkos kirim' is: 'Rp 5,000'

2023-10-05 11:46:20 - [TEST_STEP][PASSED] - Ongkos = OngkosKirim.substring(3, OngkosKirim.size()): null

2023-10-05 11:46:20 - [TEST_STEP][PASSED] - rep = Ongkos.replace(",", ""): null

2023-10-05 11:46:20 - [TEST_STEP][PASSED] - Ongkos_kirimm = Integer.parseInt(rep): null

2023-10-05 11:46:20 - [TEST_STEP][PASSED] - println(Ongkos_kirimm): null

2023-10-05 11:46:20 - [TEST_STEP][PASSED] - FeeAdmin = getText(findTestObject("pembayaran/fee admin")): Text of object 'Object Repository/pembayaran/fee admin' is: 'Rp 1,500'

2023-10-05 11:46:21 - [MESSAGE][PASSED] - Text of object 'Object Repository/pembayaran/fee admin' is: 'Rp 1,500'

2023-10-05 11:46:21 - [TEST_STEP][PASSED] - Fee_Admin = FeeAdmin.substring(3, FeeAdmin.size()): null

2023-10-05 11:46:21 - [TEST_STEP][PASSED] - fee = Fee_Admin.replace(",", ""): null

2023-10-05 11:46:21 - [TEST_STEP][PASSED] - fee_adminn = Integer.parseInt(fee): null

2023-10-05 11:46:21 - [TEST_STEP][PASSED] - println(fee_adminn): null

2023-10-05 11:46:21 - [TEST_STEP][PASSED] - Subtotal = getText(findTestObject("pembayaran/subtotal")): Text of object 'Object Repository/pembayaran/subtotal' is: 'Rp 1,299'

2023-10-05 11:46:21 - [MESSAGE][PASSED] - Text of object 'Object Repository/pembayaran/subtotal' is: 'Rp 1,299'

2023-10-05 11:46:21 - [TEST_STEP][PASSED] - sub_total = Subtotal.substring(3, Subtotal.size()): null

2023-10-05 11:46:21 - [TEST_STEP][PASSED] - sub = sub_total.replace(",", ""): null

2023-10-05 11:46:21 - [TEST_STEP][PASSED] - sub_totall = Integer.parseInt(sub): null

2023-10-05 11:46:21 - [TEST_STEP][PASSED] - println(sub_totall): null

2023-10-05 11:46:21 - [TEST_STEP][PASSED] - unik = getText(findTestObject("pembayaran/kode unik")): Text of object 'Object Repository/pembayaran/kode unik' is: '+610'

2023-10-05 11:46:22 - [MESSAGE][PASSED] - Text of object 'Object Repository/pembayaran/kode unik' is: '+610'

2023-10-05 11:46:22 - [TEST_STEP][PASSED] - unikk = unik.replace("+", ""): null

2023-10-05 11:46:22 - [TEST_STEP][PASSED] - kode_unik = Integer.parseInt(unikk): null

2023-10-05 11:46:22 - [TEST_STEP][PASSED] - println(kode_unik): null

2023-10-05 11:46:22 - [TEST_STEP][PASSED] - Total = getText(findTestObject("pembayaran/total")): Text of object 'Object Repository/pembayaran/total' is: '8,409'

2023-10-05 11:46:22 - [MESSAGE][PASSED] - Text of object 'Object Repository/pembayaran/total' is: '8,409'

2023-10-05 11:46:22 - [TEST_STEP][PASSED] - total = Total.replace(",", ""): null

2023-10-05 11:46:22 - [TEST_STEP][PASSED] - totalll = Integer.parseInt(total): null

2023-10-05 11:46:22 - [TEST_STEP][PASSED] - println(totalll): null

2023-10-05 11:46:22 - [TEST_STEP][PASSED] - Total_Hargaa = Ongkos_kirimm + fee_adminn + sub_totall + kode_unik: null

2023-10-05 11:46:22 - [TEST_STEP][PASSED] - println(Total_Hargaa): null

2023-10-05 11:46:22 - [TEST_STEP][PASSED] - assert totalll == Total_Hargaa: null

2023-10-05 11:46:22 - [TEST_STEP][PASSED] - data.put("total", Total): null

2023-10-05 11:46:22 - [TEST_STEP][PASSED] - data.put("nama", NamaPemesan): null

2023-10-05 11:46:22 - [TEST_STEP][PASSED] - return data: null

2023-10-05 11:46:22 - [MESSAGE][PASSED] - Call Test Case 'Test Cases/T13 Pembelian, Shipment dan Pembayaran/PBY-001' successfully

2023-10-05 11:46:22 - [TEST_STEP][PASSED] - inv = data.get("invoice"): null

2023-10-05 11:46:22 - [TEST_STEP][PASSED] - Total = data.get("total"): null

2023-10-05 11:46:22 - [TEST_STEP][PASSED] - NamaPemesan = data.get("nama"): null

2023-10-05 11:46:22 - [TEST_STEP][PASSED] - click(findTestObject("Konfirmasi pesanan shop/Menu Shop")): Object: 'Object Repository/Konfirmasi pesanan shop/Menu Shop' is clicked on

2023-10-05 11:46:24 - [MESSAGE][PASSED] - Object: 'Object Repository/Konfirmasi pesanan shop/Menu Shop' is clicked on

2023-10-05 11:46:24 - [TEST_STEP][PASSED] - click(findTestObject("Konfirmasi pesanan shop/Menu Shop")): Object: 'Object Repository/Konfirmasi pesanan shop/Menu Shop' is clicked on

2023-10-05 11:46:25 - [MESSAGE][PASSED] - Object: 'Object Repository/Konfirmasi pesanan shop/Menu Shop' is clicked on

2023-10-05 11:46:25 - [TEST_STEP][PASSED] - click(findTestObject("Konfirmasi pesanan shop/Konfirmasi Orders")): Object: 'Object Repository/Konfirmasi pesanan shop/Konfirmasi Orders' is clicked on

2023-10-05 11:46:26 - [MESSAGE][PASSED] - Object: 'Object Repository/Konfirmasi pesanan shop/Konfirmasi Orders' is clicked on

2023-10-05 11:46:26 - [TEST_STEP][PASSED] - verifyElementPresent(findTestObject("Konfirmasi pesanan shop/Tittle Konfirmasi Pesanan"), 0): Object 'Object Repository/Konfirmasi pesanan shop/Tittle Konfirmasi Pesanan' is present

2023-10-05 11:46:26 - [MESSAGE][WARNING] - Timeout '0' is invalid. Using default page load timeout: '30'

2023-10-05 11:46:27 - [MESSAGE][PASSED] - Object 'Object Repository/Konfirmasi pesanan shop/Tittle Konfirmasi Pesanan' is present

2023-10-05 11:46:27 - [TEST_STEP][PASSED] - setText(findTestObject("Konfirmasi pesanan shop/input_No Pesanan"), inv): Text 'TRX60.20231005114610' is set on object 'Object Repository/Konfirmasi pesanan shop/input_No Pesanan'

2023-10-05 11:46:27 - [MESSAGE][PASSED] - Text 'TRX60.20231005114610' is set on object 'Object Repository/Konfirmasi pesanan shop/input_No Pesanan'

2023-10-05 11:46:27 - [TEST_STEP][PASSED] - setText(findTestObject("Konfirmasi pesanan shop/input_Alamat E-mai"), "irfan@gmail.com"): Text 'irfan@gmail.com' is set on object 'Object Repository/Konfirmasi pesanan shop/input_Alamat E-mai'

2023-10-05 11:46:28 - [MESSAGE][PASSED] - Text 'irfan@gmail.com' is set on object 'Object Repository/Konfirmasi pesanan shop/input_Alamat E-mai'

2023-10-05 11:46:28 - [TEST_STEP][PASSED] - click(findTestObject("Konfirmasi pesanan shop/button_Submit")): Object: 'Object Repository/Konfirmasi pesanan shop/button_Submit' is clicked on

2023-10-05 11:46:29 - [MESSAGE][PASSED] - Object: 'Object Repository/Konfirmasi pesanan shop/button_Submit' is clicked on

2023-10-05 11:46:29 - [TEST_STEP][PASSED] - verifyElementPresent(findTestObject("Konfirmasi pesanan shop/Tittle nomor invoice"), 0): Object 'Object Repository/Konfirmasi pesanan shop/Tittle nomor invoice' is present

2023-10-05 11:46:29 - [MESSAGE][WARNING] - Timeout '0' is invalid. Using default page load timeout: '30'

2023-10-05 11:46:30 - [MESSAGE][PASSED] - Object 'Object Repository/Konfirmasi pesanan shop/Tittle nomor invoice' is present

2023-10-05 11:46:30 - [TEST_STEP][PASSED] - setText(findTestObject("Konfirmasi pesanan shop/input_Total TagihanTransfer_b"), Total): Text '8,409' is set on object 'Object Repository/Konfirmasi pesanan shop/input_Total TagihanTransfer_b'

2023-10-05 11:46:31 - [MESSAGE][PASSED] - Text '8,409' is set on object 'Object Repository/Konfirmasi pesanan shop/input_Total TagihanTransfer_b'

2023-10-05 11:46:31 - [TEST_STEP][PASSED] - selectOptionByValue(findTestObject("Konfirmasi pesanan shop/select_Bank"), "4", false): All options with value '4' are selected in object 'Object Repository/Konfirmasi pesanan shop/select_Bank' 

2023-10-05 11:46:32 - [MESSAGE][PASSED] - All options with value '4' are selected in object 'Object Repository/Konfirmasi pesanan shop/select_Bank' 

2023-10-05 11:46:32 - [TEST_STEP][PASSED] - setText(findTestObject("Konfirmasi pesanan shop/input_Nama Pengirim_d"), NamaPemesan): Text 'irfan.afandi' is set on object 'Object Repository/Konfirmasi pesanan shop/input_Nama Pengirim_d'

2023-10-05 11:46:33 - [MESSAGE][PASSED] - Text 'irfan.afandi' is set on object 'Object Repository/Konfirmasi pesanan shop/input_Nama Pengirim_d'

2023-10-05 11:46:33 - [TEST_STEP][PASSED] - uploadFile(findTestObject("keranjang/konfirmasi/input_Upload Bukti Transfer_f"), "C:\Users\IRFAN\Downloads\Berkas2.pdf"): File 'C:\Users\IRFAN\Downloads\Berkas2.pdf' sent to object: 'Object Repository/keranjang/konfirmasi/input_Upload Bukti Transfer_f'

2023-10-05 11:46:33 - [MESSAGE][PASSED] - File 'C:\Users\IRFAN\Downloads\Berkas2.pdf' sent to object: 'Object Repository/keranjang/konfirmasi/input_Upload Bukti Transfer_f'

2023-10-05 11:46:33 - [TEST_STEP][PASSED] - click(findTestObject("Konfirmasi pesanan shop/button_Konfirmasi Pembayaran")): Object: 'Object Repository/Konfirmasi pesanan shop/button_Konfirmasi Pembayaran' is clicked on

2023-10-05 11:46:34 - [MESSAGE][PASSED] - Object: 'Object Repository/Konfirmasi pesanan shop/button_Konfirmasi Pembayaran' is clicked on

2023-10-05 11:46:34 - [TEST_STEP][PASSED] - verifyElementPresent(findTestObject("Konfirmasi pesanan shop/Tittle Konfirmasi Pesanan"), 0): Object 'Object Repository/Konfirmasi pesanan shop/Tittle Konfirmasi Pesanan' is present

2023-10-05 11:46:34 - [MESSAGE][WARNING] - Timeout '0' is invalid. Using default page load timeout: '30'

2023-10-05 11:46:35 - [MESSAGE][PASSED] - Object 'Object Repository/Konfirmasi pesanan shop/Tittle Konfirmasi Pesanan' is present

2023-10-05 11:46:35 - [TEST_STEP][PASSED] - verifyElementPresent(findTestObject("Konfirmasi pesanan shop/Tittle massage succes Konfirmasi Pembayaran Pesanan"), 0): Object 'Object Repository/Konfirmasi pesanan shop/Tittle massage succes Konfirmasi Pembayaran Pesanan' is present

2023-10-05 11:46:35 - [MESSAGE][WARNING] - Timeout '0' is invalid. Using default page load timeout: '30'

2023-10-05 11:46:35 - [MESSAGE][PASSED] - Object 'Object Repository/Konfirmasi pesanan shop/Tittle massage succes Konfirmasi Pembayaran Pesanan' is present

2023-10-05 11:46:35 - [TEST_STEP][PASSED] - return data: null

2023-10-05 11:46:35 - [MESSAGE][PASSED] - Call Test Case 'Test Cases/T13 Pembelian, Shipment dan Pembayaran/PBY-004' successfully

2023-10-05 11:46:35 - [TEST_STEP][PASSED] - navigateToUrl("https://10.9.2.63/ecommerce/administrator/"): Navigate to 'https://10.9.2.63/ecommerce/administrator/' successfully

2023-10-05 11:46:36 - [MESSAGE][PASSED] - Navigate to 'https://10.9.2.63/ecommerce/administrator/' successfully

2023-10-05 11:46:36 - [TEST_STEP][PASSED] - verifyElementPresent(findTestObject("admin/Tittle ADMIN Login"), 0): Object 'Object Repository/admin/Tittle ADMIN Login' is present

2023-10-05 11:46:36 - [MESSAGE][WARNING] - Timeout '0' is invalid. Using default page load timeout: '30'

2023-10-05 11:46:37 - [MESSAGE][PASSED] - Object 'Object Repository/admin/Tittle ADMIN Login' is present

2023-10-05 11:46:37 - [TEST_STEP][PASSED] - setText(findTestObject("admin/Username"), "admin"): Text 'admin' is set on object 'Object Repository/admin/Username'

2023-10-05 11:46:37 - [MESSAGE][PASSED] - Text 'admin' is set on object 'Object Repository/admin/Username'

2023-10-05 11:46:37 - [TEST_STEP][PASSED] - setText(findTestObject("admin/Password"), "123admin123"): Text '123admin123' is set on object 'Object Repository/admin/Password'

2023-10-05 11:46:38 - [MESSAGE][PASSED] - Text '123admin123' is set on object 'Object Repository/admin/Password'

2023-10-05 11:46:38 - [TEST_STEP][PASSED] - click(findTestObject("admin/Remember Me")): Object: 'Object Repository/admin/Remember Me' is clicked on

2023-10-05 11:46:38 - [MESSAGE][PASSED] - Object: 'Object Repository/admin/Remember Me' is clicked on

2023-10-05 11:46:38 - [TEST_STEP][PASSED] - delay(10): Delayed 10 second(s)

2023-10-05 11:46:48 - [MESSAGE][PASSED] - Delayed 10 second(s)

2023-10-05 11:46:48 - [TEST_STEP][PASSED] - click(findTestObject("admin/buttom submit")): Object: 'Object Repository/admin/buttom submit' is clicked on

2023-10-05 11:46:50 - [MESSAGE][PASSED] - Object: 'Object Repository/admin/buttom submit' is clicked on

2023-10-05 11:46:50 - [TEST_STEP][PASSED] - verifyElementPresent(findTestObject("admin/Konf order konsumen/Tittle Dashboard"), 0): Object 'Object Repository/admin/Konf order konsumen/Tittle Dashboard' is present

2023-10-05 11:46:50 - [MESSAGE][WARNING] - Timeout '0' is invalid. Using default page load timeout: '30'

2023-10-05 11:46:50 - [MESSAGE][PASSED] - Object 'Object Repository/admin/Konf order konsumen/Tittle Dashboard' is present

2023-10-05 11:46:50 - [TEST_STEP][PASSED] - click(findTestObject("admin/Konf order konsumen/Menu Transaksi Market")): Object: 'Object Repository/admin/Konf order konsumen/Menu Transaksi Market' is clicked on

2023-10-05 11:46:51 - [MESSAGE][PASSED] - Object: 'Object Repository/admin/Konf order konsumen/Menu Transaksi Market' is clicked on

2023-10-05 11:46:51 - [TEST_STEP][PASSED] - click(findTestObject("admin/Konf order konsumen/Menu Konf. Order Konsumen")): Object: 'Object Repository/admin/Konf order konsumen/Menu Konf. Order Konsumen' is clicked on

2023-10-05 11:46:52 - [MESSAGE][PASSED] - Object: 'Object Repository/admin/Konf order konsumen/Menu Konf. Order Konsumen' is clicked on

2023-10-05 11:46:52 - [TEST_STEP][PASSED] - verifyElementPresent(findTestObject("admin/Konf order konsumen/Tittle Data Konfirmasi Pembayaran Konsumen"), 0): Object 'Object Repository/admin/Konf order konsumen/Tittle Data Konfirmasi Pembayaran Konsumen' is present

2023-10-05 11:46:52 - [MESSAGE][WARNING] - Timeout '0' is invalid. Using default page load timeout: '30'

2023-10-05 11:46:53 - [MESSAGE][PASSED] - Object 'Object Repository/admin/Konf order konsumen/Tittle Data Konfirmasi Pembayaran Konsumen' is present

2023-10-05 11:46:53 - [TEST_STEP][PASSED] - inv = data.get("invoice"): null

2023-10-05 11:46:53 - [TEST_STEP][PASSED] - setText(findTestObject("admin/Konf order konsumen/Search"), inv): Text 'TRX60.20231005114610' is set on object 'Object Repository/admin/Konf order konsumen/Search'

2023-10-05 11:46:54 - [MESSAGE][PASSED] - Text 'TRX60.20231005114610' is set on object 'Object Repository/admin/Konf order konsumen/Search'

2023-10-05 11:46:54 - [TEST_STEP][PASSED] - verifyElementText(findTestObject("admin/Konf order konsumen/Keterangan Lunas"), "Lunas"): Actual text and expected text of test object 'Object Repository/admin/Konf order konsumen/Keterangan Lunas' are matched.

2023-10-05 11:46:54 - [MESSAGE][PASSED] - Actual text and expected text of test object 'Object Repository/admin/Konf order konsumen/Keterangan Lunas' are matched.

2023-10-05 11:46:54 - [TEST_STEP][PASSED] - return data: null

2023-10-05 11:46:54 - [MESSAGE][PASSED] - Call Test Case 'Test Cases/T13 Pembelian, Shipment dan Pembayaran/PBYA-001' successfully

2023-10-05 11:46:54 - [TEST_STEP][PASSED] - click(findTestObject("admin/Penjualan ke konsumen/buttom Dashboard")): Object: 'Object Repository/admin/Penjualan ke konsumen/buttom Dashboard' is clicked on

2023-10-05 11:46:55 - [MESSAGE][PASSED] - Object: 'Object Repository/admin/Penjualan ke konsumen/buttom Dashboard' is clicked on

2023-10-05 11:46:55 - [TEST_STEP][PASSED] - click(findTestObject("admin/Konf order konsumen/Menu Transaksi Market")): Object: 'Object Repository/admin/Konf order konsumen/Menu Transaksi Market' is clicked on

2023-10-05 11:46:55 - [MESSAGE][PASSED] - Object: 'Object Repository/admin/Konf order konsumen/Menu Transaksi Market' is clicked on

2023-10-05 11:46:55 - [TEST_STEP][PASSED] - click(findTestObject("admin/Penjualan ke konsumen/a_Penjualan ke Konsumen")): Object: 'Object Repository/admin/Penjualan ke konsumen/a_Penjualan ke Konsumen' is clicked on

2023-10-05 11:46:58 - [MESSAGE][PASSED] - Object: 'Object Repository/admin/Penjualan ke konsumen/a_Penjualan ke Konsumen' is clicked on

2023-10-05 11:46:58 - [TEST_STEP][PASSED] - verifyElementPresent(findTestObject("admin/Tittle Data Transaksi Penjualan  Orderan Konsumen"), 0): Object 'Object Repository/admin/Tittle Data Transaksi Penjualan  Orderan Konsumen' is present

2023-10-05 11:46:58 - [MESSAGE][WARNING] - Timeout '0' is invalid. Using default page load timeout: '30'

2023-10-05 11:46:59 - [MESSAGE][PASSED] - Object 'Object Repository/admin/Tittle Data Transaksi Penjualan  Orderan Konsumen' is present

2023-10-05 11:46:59 - [TEST_STEP][PASSED] - return data: null

2023-10-05 11:46:59 - [MESSAGE][PASSED] - Call Test Case 'Test Cases/T13 Pembelian, Shipment dan Pembayaran/SA-001' successfully

2023-10-05 11:46:59 - [TEST_STEP][PASSED] - inv = data.get("invoice"): null

2023-10-05 11:46:59 - [TEST_STEP][PASSED] - setText(findTestObject("admin/Penjualan ke konsumen/Search"), inv): Text 'TRX60.20231005114610' is set on object 'Object Repository/admin/Penjualan ke konsumen/Search'

2023-10-05 11:47:00 - [MESSAGE][PASSED] - Text 'TRX60.20231005114610' is set on object 'Object Repository/admin/Penjualan ke konsumen/Search'

2023-10-05 11:47:00 - [TEST_STEP][PASSED] - click(findTestObject("admin/Penjualan ke konsumen/buttom konfirmasi pending payment")): Object: 'Object Repository/admin/Penjualan ke konsumen/buttom konfirmasi pending payment' is clicked on

2023-10-05 11:47:00 - [MESSAGE][PASSED] - Object: 'Object Repository/admin/Penjualan ke konsumen/buttom konfirmasi pending payment' is clicked on

2023-10-05 11:47:00 - [TEST_STEP][PASSED] - acceptAlert(STOP_ON_FAILURE): Alert accepted

2023-10-05 11:47:00 - [MESSAGE][PASSED] - Alert accepted

2023-10-05 11:47:00 - [TEST_STEP][PASSED] - setText(findTestObject("admin/Penjualan ke konsumen/Search"), inv): Text 'TRX60.20231005114610' is set on object 'Object Repository/admin/Penjualan ke konsumen/Search'

2023-10-05 11:47:09 - [MESSAGE][PASSED] - Text 'TRX60.20231005114610' is set on object 'Object Repository/admin/Penjualan ke konsumen/Search'

2023-10-05 11:47:09 - [TEST_STEP][PASSED] - verifyTextNotPresent("pending payment", false): Text 'pending payment' is not present on page

2023-10-05 11:47:09 - [MESSAGE][PASSED] - Text 'pending payment' is not present on page

2023-10-05 11:47:09 - [TEST_STEP][PASSED] - return data: null

2023-10-05 11:47:09 - [MESSAGE][PASSED] - Call Test Case 'Test Cases/T13 Pembelian, Shipment dan Pembayaran/SA-002' successfully

2023-10-05 11:47:09 - [TEST_STEP][PASSED] - click(findTestObject("admin/Penjualan ke konsumen/buttom scroldown")): Object: 'Object Repository/admin/Penjualan ke konsumen/buttom scroldown' is clicked on

2023-10-05 11:47:10 - [MESSAGE][PASSED] - Object: 'Object Repository/admin/Penjualan ke konsumen/buttom scroldown' is clicked on

2023-10-05 11:47:10 - [TEST_STEP][PASSED] - click(findTestObject("admin/Penjualan ke konsumen/Selesai")): Object: 'Object Repository/admin/Penjualan ke konsumen/Selesai' is clicked on

2023-10-05 11:47:10 - [MESSAGE][PASSED] - Object: 'Object Repository/admin/Penjualan ke konsumen/Selesai' is clicked on

2023-10-05 11:47:10 - [TEST_STEP][PASSED] - acceptAlert(): Alert accepted

2023-10-05 11:47:10 - [MESSAGE][PASSED] - Alert accepted

2023-10-05 11:47:10 - [TEST_STEP][PASSED] - inv = data.get("invoice"): null

2023-10-05 11:47:10 - [TEST_STEP][PASSED] - setText(findTestObject("admin/Penjualan ke konsumen/Search"), inv): Text 'TRX60.20231005114610' is set on object 'Object Repository/admin/Penjualan ke konsumen/Search'

2023-10-05 11:47:14 - [MESSAGE][PASSED] - Text 'TRX60.20231005114610' is set on object 'Object Repository/admin/Penjualan ke konsumen/Search'

2023-10-05 11:47:14 - [TEST_STEP][PASSED] - delay(10): Delayed 10 second(s)

2023-10-05 11:47:24 - [MESSAGE][PASSED] - Delayed 10 second(s)

2023-10-05 11:47:24 - [TEST_STEP][PASSED] - verifyTextPresent("Selesai", false): Text 'Selesai' is present on page 

2023-10-05 11:47:24 - [MESSAGE][PASSED] - Text 'Selesai' is present on page 

2023-10-05 11:47:24 - [TEST_STEP][PASSED] - selesaiAdmin = getText(findTestObject("admin/Selesai")): Text of object 'Object Repository/admin/Selesai' is: 'Selesai'

2023-10-05 11:47:25 - [MESSAGE][PASSED] - Text of object 'Object Repository/admin/Selesai' is: 'Selesai'

2023-10-05 11:47:25 - [TEST_STEP][PASSED] - data.put("statusSelesai", selesaiAdmin): null

2023-10-05 11:47:25 - [TEST_STEP][PASSED] - return data: null

2023-10-05 11:47:25 - [MESSAGE][PASSED] - Call Test Case 'Test Cases/T13 Pembelian, Shipment dan Pembayaran/SA-005' successfully

2023-10-05 11:47:25 - [TEST_STEP][PASSED] - openBrowser("https://10.9.2.63/ecommerce/"): Browser is opened with url: 'https://10.9.2.63/ecommerce/'

2023-10-05 11:47:25 - [MESSAGE][WARNING] - A browser is already opened. Closing browser and opening a new one

2023-10-05 11:47:25 - [MESSAGE][INFO] - Starting 'Edge Chromium' driver

2023-10-05 11:47:25 - [MESSAGE][INFO] - User set preference: ['acceptInsecureCerts', 'true']

2023-10-05 11:47:28 - [MESSAGE][INFO] - Action delay is set to 0 milliseconds

2023-10-05 11:47:31 - [MESSAGE][PASSED] - Browser is opened with url: 'https://10.9.2.63/ecommerce/'

2023-10-05 11:47:31 - [TEST_STEP][PASSED] - maximizeWindow(): Current window maximized

2023-10-05 11:47:31 - [MESSAGE][PASSED] - Current window maximized

2023-10-05 11:47:31 - [TEST_STEP][PASSED] - verifyElementPresent(findTestObject("Login/Home"), 0): Object 'Object Repository/Login/Home' is present

2023-10-05 11:47:31 - [MESSAGE][WARNING] - Timeout '0' is invalid. Using default page load timeout: '30'

2023-10-05 11:47:32 - [MESSAGE][PASSED] - Object 'Object Repository/Login/Home' is present

2023-10-05 11:47:32 - [TEST_STEP][PASSED] - click(findTestObject("Login/a_Login")): Object: 'Object Repository/Login/a_Login' is clicked on

2023-10-05 11:47:32 - [MESSAGE][PASSED] - Object: 'Object Repository/Login/a_Login' is clicked on

2023-10-05 11:47:32 - [TEST_STEP][PASSED] - verifyElementPresent(findTestObject("Login/Tittle Login"), 0): Object 'Object Repository/Login/Tittle Login' is present

2023-10-05 11:47:32 - [MESSAGE][WARNING] - Timeout '0' is invalid. Using default page load timeout: '30'

2023-10-05 11:47:33 - [MESSAGE][PASSED] - Object 'Object Repository/Login/Tittle Login' is present

2023-10-05 11:47:33 - [TEST_STEP][PASSED] - setText(findTestObject("Login/input_Username, Email atau No. Handphone_a"), "irfanafandi"): Text 'irfanafandi' is set on object 'Object Repository/Login/input_Username, Email atau No. Handphone_a'

2023-10-05 11:47:34 - [MESSAGE][PASSED] - Text 'irfanafandi' is set on object 'Object Repository/Login/input_Username, Email atau No. Handphone_a'

2023-10-05 11:47:34 - [TEST_STEP][PASSED] - setText(findTestObject("Login/input_Password_b"), "12345irfan"): Text '12345irfan' is set on object 'Object Repository/Login/input_Password_b'

2023-10-05 11:47:34 - [MESSAGE][PASSED] - Text '12345irfan' is set on object 'Object Repository/Login/input_Password_b'

2023-10-05 11:47:34 - [TEST_STEP][PASSED] - click(findTestObject("Login/button_Masuk")): Object: 'Object Repository/Login/button_Masuk' is clicked on

2023-10-05 11:47:36 - [MESSAGE][PASSED] - Object: 'Object Repository/Login/button_Masuk' is clicked on

2023-10-05 11:47:36 - [TEST_STEP][PASSED] - verifyElementPresent(findTestObject("Login/li_Profile"), 0): Object 'Object Repository/Login/li_Profile' is present

2023-10-05 11:47:36 - [MESSAGE][WARNING] - Timeout '0' is invalid. Using default page load timeout: '30'

2023-10-05 11:47:36 - [MESSAGE][PASSED] - Object 'Object Repository/Login/li_Profile' is present

2023-10-05 11:47:36 - [TEST_STEP][PASSED] - click(findTestObject("Konfirmasi pesanan shop/Menu Shop")): Object: 'Object Repository/Konfirmasi pesanan shop/Menu Shop' is clicked on

2023-10-05 11:47:38 - [MESSAGE][PASSED] - Object: 'Object Repository/Konfirmasi pesanan shop/Menu Shop' is clicked on

2023-10-05 11:47:38 - [TEST_STEP][PASSED] - click(findTestObject("Konfirmasi pesanan shop/Menu Shop")): Object: 'Object Repository/Konfirmasi pesanan shop/Menu Shop' is clicked on

2023-10-05 11:47:39 - [MESSAGE][PASSED] - Object: 'Object Repository/Konfirmasi pesanan shop/Menu Shop' is clicked on

2023-10-05 11:47:39 - [TEST_STEP][PASSED] - click(findTestObject("verifikasi/Orders Report")): Object: 'Object Repository/verifikasi/Orders Report' is clicked on

2023-10-05 11:47:40 - [MESSAGE][PASSED] - Object: 'Object Repository/verifikasi/Orders Report' is clicked on

2023-10-05 11:47:40 - [TEST_STEP][PASSED] - verifyElementPresent(findTestObject("Login/li_Profile"), 0): Object 'Object Repository/Login/li_Profile' is present

2023-10-05 11:47:40 - [MESSAGE][WARNING] - Timeout '0' is invalid. Using default page load timeout: '30'

2023-10-05 11:47:40 - [MESSAGE][PASSED] - Object 'Object Repository/Login/li_Profile' is present

2023-10-05 11:47:40 - [TEST_STEP][PASSED] - click(findTestObject("verifikasi/Sampai Tujuan")): Object: 'Object Repository/verifikasi/Sampai Tujuan' is clicked on

2023-10-05 11:47:41 - [MESSAGE][PASSED] - Object: 'Object Repository/verifikasi/Sampai Tujuan' is clicked on

2023-10-05 11:47:41 - [TEST_STEP][PASSED] - verifyElementPresent(findTestObject("verifikasi/Notifikasi angka"), 1): Object 'Object Repository/verifikasi/Notifikasi angka' is present

2023-10-05 11:47:41 - [MESSAGE][PASSED] - Object 'Object Repository/verifikasi/Notifikasi angka' is present

2023-10-05 11:47:41 - [TEST_STEP][PASSED] - selesai = getText(findTestObject("verifikasi/Status Selesai di user")): Text of object 'Object Repository/verifikasi/Status Selesai di user' is: 'Selesai'

2023-10-05 11:47:42 - [MESSAGE][PASSED] - Text of object 'Object Repository/verifikasi/Status Selesai di user' is: 'Selesai'

2023-10-05 11:47:42 - [TEST_STEP][PASSED] - statusPembayaran = data.get("statusSelesai"): null

2023-10-05 11:47:42 - [TEST_STEP][PASSED] - assert selesai == statusPembayaran: null]]></system-out>
         <system-err><![CDATA[]]></system-err>
      </testcase>
      <system-out><![CDATA[2023-10-05 10:45:06 - [TEST_SUITE][FAILED] - T13 Pembelian, Shipment dan Pembayaran: Test Cases/T13 Pembelian, Shipment dan Pembayaran/PBL-003 FAILED.
Reason:
com.kms.katalon.core.exception.StepFailedException: Unable to verify text 'Silakan pilih warna dan ukuran produk' is present 
	at com.kms.katalon.core.webui.keyword.internal.WebUIKeywordMain.stepFailed(WebUIKeywordMain.groovy:64)
	at com.kms.katalon.core.webui.keyword.internal.WebUIKeywordMain.runKeyword(WebUIKeywordMain.groovy:26)
	at com.kms.katalon.core.webui.keyword.builtin.VerifyTextPresentKeyword.verifyTextPresent(VerifyTextPresentKeyword.groovy:83)
	at com.kms.katalon.core.webui.keyword.builtin.VerifyTextPresentKeyword.execute(VerifyTextPresentKeyword.groovy:68)
	at com.kms.katalon.core.keyword.internal.KeywordExecutor.executeKeywordForPlatform(KeywordExecutor.groovy:74)
	at com.kms.katalon.core.webui.keyword.WebUiBuiltInKeywords.verifyTextPresent(WebUiBuiltInKeywords.groovy:1723)
	at com.kms.katalon.core.webui.keyword.WebUiBuiltInKeywords$verifyTextPresent$7.call(Unknown Source)
	at PBL-003.run(PBL-003:55)
	at com.kms.katalon.core.main.ScriptEngine.run(ScriptEngine.java:194)
	at com.kms.katalon.core.main.ScriptEngine.runScriptAsRawText(ScriptEngine.java:119)
	at com.kms.katalon.core.main.TestCaseExecutor.runScript(TestCaseExecutor.java:448)
	at com.kms.katalon.core.main.TestCaseExecutor.doExecute(TestCaseExecutor.java:439)
	at com.kms.katalon.core.main.TestCaseExecutor.processExecutionPhase(TestCaseExecutor.java:418)
	at com.kms.katalon.core.main.TestCaseExecutor.accessMainPhase(TestCaseExecutor.java:410)
	at com.kms.katalon.core.main.TestCaseExecutor.execute(TestCaseExecutor.java:285)
	at com.kms.katalon.core.common.CommonExecutor.accessTestCaseMainPhase(CommonExecutor.java:65)
	at com.kms.katalon.core.main.TestSuiteExecutor.accessTestSuiteMainPhase(TestSuiteExecutor.java:148)
	at com.kms.katalon.core.main.TestSuiteExecutor.execute(TestSuiteExecutor.java:106)
	at com.kms.katalon.core.main.TestCaseMain.startTestSuite(TestCaseMain.java:187)
	at com.kms.katalon.core.main.TestCaseMain$startTestSuite$0.call(Unknown Source)
	at TempTestSuite1696477503821.run(TempTestSuite1696477503821.groovy:36)
Caused by: com.kms.katalon.core.exception.StepFailedException: Text 'Silakan pilih warna dan ukuran produk' is not present on page 
	at com.kms.katalon.core.webui.keyword.internal.WebUIKeywordMain.stepFailed(WebUIKeywordMain.groovy:64)
	at com.kms.katalon.core.webui.keyword.builtin.VerifyTextPresentKeyword$_verifyTextPresent_closure1.doCall(VerifyTextPresentKeyword.groovy:79)
	at com.kms.katalon.core.webui.keyword.builtin.VerifyTextPresentKeyword$_verifyTextPresent_closure1.call(VerifyTextPresentKeyword.groovy)
	at com.kms.katalon.core.webui.keyword.internal.WebUIKeywordMain.runKeyword(WebUIKeywordMain.groovy:20)
	... 19 more]]></system-out>
      <system-err><![CDATA[2023-10-05 10:45:06 - [TEST_SUITE][FAILED] - T13 Pembelian, Shipment dan Pembayaran: Test Cases/T13 Pembelian, Shipment dan Pembayaran/PBL-003 FAILED.
Reason:
com.kms.katalon.core.exception.StepFailedException: Unable to verify text 'Silakan pilih warna dan ukuran produk' is present 
	at com.kms.katalon.core.webui.keyword.internal.WebUIKeywordMain.stepFailed(WebUIKeywordMain.groovy:64)
	at com.kms.katalon.core.webui.keyword.internal.WebUIKeywordMain.runKeyword(WebUIKeywordMain.groovy:26)
	at com.kms.katalon.core.webui.keyword.builtin.VerifyTextPresentKeyword.verifyTextPresent(VerifyTextPresentKeyword.groovy:83)
	at com.kms.katalon.core.webui.keyword.builtin.VerifyTextPresentKeyword.execute(VerifyTextPresentKeyword.groovy:68)
	at com.kms.katalon.core.keyword.internal.KeywordExecutor.executeKeywordForPlatform(KeywordExecutor.groovy:74)
	at com.kms.katalon.core.webui.keyword.WebUiBuiltInKeywords.verifyTextPresent(WebUiBuiltInKeywords.groovy:1723)
	at com.kms.katalon.core.webui.keyword.WebUiBuiltInKeywords$verifyTextPresent$7.call(Unknown Source)
	at PBL-003.run(PBL-003:55)
	at com.kms.katalon.core.main.ScriptEngine.run(ScriptEngine.java:194)
	at com.kms.katalon.core.main.ScriptEngine.runScriptAsRawText(ScriptEngine.java:119)
	at com.kms.katalon.core.main.TestCaseExecutor.runScript(TestCaseExecutor.java:448)
	at com.kms.katalon.core.main.TestCaseExecutor.doExecute(TestCaseExecutor.java:439)
	at com.kms.katalon.core.main.TestCaseExecutor.processExecutionPhase(TestCaseExecutor.java:418)
	at com.kms.katalon.core.main.TestCaseExecutor.accessMainPhase(TestCaseExecutor.java:410)
	at com.kms.katalon.core.main.TestCaseExecutor.execute(TestCaseExecutor.java:285)
	at com.kms.katalon.core.common.CommonExecutor.accessTestCaseMainPhase(CommonExecutor.java:65)
	at com.kms.katalon.core.main.TestSuiteExecutor.accessTestSuiteMainPhase(TestSuiteExecutor.java:148)
	at com.kms.katalon.core.main.TestSuiteExecutor.execute(TestSuiteExecutor.java:106)
	at com.kms.katalon.core.main.TestCaseMain.startTestSuite(TestCaseMain.java:187)
	at com.kms.katalon.core.main.TestCaseMain$startTestSuite$0.call(Unknown Source)
	at TempTestSuite1696477503821.run(TempTestSuite1696477503821.groovy:36)
Caused by: com.kms.katalon.core.exception.StepFailedException: Text 'Silakan pilih warna dan ukuran produk' is not present on page 
	at com.kms.katalon.core.webui.keyword.internal.WebUIKeywordMain.stepFailed(WebUIKeywordMain.groovy:64)
	at com.kms.katalon.core.webui.keyword.builtin.VerifyTextPresentKeyword$_verifyTextPresent_closure1.doCall(VerifyTextPresentKeyword.groovy:79)
	at com.kms.katalon.core.webui.keyword.builtin.VerifyTextPresentKeyword$_verifyTextPresent_closure1.call(VerifyTextPresentKeyword.groovy)
	at com.kms.katalon.core.webui.keyword.internal.WebUIKeywordMain.runKeyword(WebUIKeywordMain.groovy:20)
	... 19 more]]></system-err>
   </testsuite>
</testsuites>
