<?xml version="1.0" encoding="UTF-8"?>
<testsuites name="T13 Pembelian, Shipment dan Pembayaran" time="3848.812" tests="48" failures="13" errors="0">
   <testsuite name="T13 Pembelian, Shipment dan Pembayaran" tests="48" failures="13" errors="0" time="3848.812" skipped="0" timestamp="2023-10-05 14:41:20" hostname="IRFAN - DESKTOP-H62FVJ8" id="Test Suites/T13 Pembelian, Shipment dan Pembayaran/T13 Pembelian, Shipment dan Pembayaran">
      <properties>
         <property name="deviceName" value=""/>
         <property name="devicePlatform" value=""/>
         <property name="logFolder" value="C:\\FT2 XSIS\\Projek 2 MINI PROJEK\\Reports\\20231005_144117\\T13 Pembelian, Shipment dan Pembayaran\\T13 Pembelian, Shipment dan Pembayaran\\20231005_144117"/>
         <property name="logFiles" value="C:\\FT2 XSIS\\Projek 2 MINI PROJEK\\Reports\\20231005_144117\\T13 Pembelian, Shipment dan Pembayaran\\T13 Pembelian, Shipment dan Pembayaran\\20231005_144117\\execution0.log, C:\\FT2 XSIS\\Projek 2 MINI PROJEK\\Reports\\20231005_144117\\T13 Pembelian, Shipment dan Pembayaran\\T13 Pembelian, Shipment dan Pembayaran\\20231005_144117\\execution1.log"/>
         <property name="attachments" value="C:\\FT2 XSIS\\Projek 2 MINI PROJEK\\Reports\\20231005_144117\\T13 Pembelian, Shipment dan Pembayaran\\T13 Pembelian, Shipment dan Pembayaran\\20231005_144117\\1696491774627.png, C:\\FT2 XSIS\\Projek 2 MINI PROJEK\\Reports\\20231005_144117\\T13 Pembelian, Shipment dan Pembayaran\\T13 Pembelian, Shipment dan Pembayaran\\20231005_144117\\1696491933135.png, C:\\FT2 XSIS\\Projek 2 MINI PROJEK\\Reports\\20231005_144117\\T13 Pembelian, Shipment dan Pembayaran\\T13 Pembelian, Shipment dan Pembayaran\\20231005_144117\\1696491968889.png, C:\\FT2 XSIS\\Projek 2 MINI PROJEK\\Reports\\20231005_144117\\T13 Pembelian, Shipment dan Pembayaran\\T13 Pembelian, Shipment dan Pembayaran\\20231005_144117\\1696492062108.png, C:\\FT2 XSIS\\Projek 2 MINI PROJEK\\Reports\\20231005_144117\\T13 Pembelian, Shipment dan Pembayaran\\T13 Pembelian, Shipment dan Pembayaran\\20231005_144117\\1696492404774.png, C:\\FT2 XSIS\\Projek 2 MINI PROJEK\\Reports\\20231005_144117\\T13 Pembelian, Shipment dan Pembayaran\\T13 Pembelian, Shipment dan Pembayaran\\20231005_144117\\1696492529615.png, C:\\FT2 XSIS\\Projek 2 MINI PROJEK\\Reports\\20231005_144117\\T13 Pembelian, Shipment dan Pembayaran\\T13 Pembelian, Shipment dan Pembayaran\\20231005_144117\\1696492657714.png, C:\\FT2 XSIS\\Projek 2 MINI PROJEK\\Reports\\20231005_144117\\T13 Pembelian, Shipment dan Pembayaran\\T13 Pembelian, Shipment dan Pembayaran\\20231005_144117\\1696492719948.png, C:\\FT2 XSIS\\Projek 2 MINI PROJEK\\Reports\\20231005_144117\\T13 Pembelian, Shipment dan Pembayaran\\T13 Pembelian, Shipment dan Pembayaran\\20231005_144117\\1696492834351.png, C:\\FT2 XSIS\\Projek 2 MINI PROJEK\\Reports\\20231005_144117\\T13 Pembelian, Shipment dan Pembayaran\\T13 Pembelian, Shipment dan Pembayaran\\20231005_144117\\1696492892535.png, C:\\FT2 XSIS\\Projek 2 MINI PROJEK\\Reports\\20231005_144117\\T13 Pembelian, Shipment dan Pembayaran\\T13 Pembelian, Shipment dan Pembayaran\\20231005_144117\\1696493253151.png, C:\\FT2 XSIS\\Projek 2 MINI PROJEK\\Reports\\20231005_144117\\T13 Pembelian, Shipment dan Pembayaran\\T13 Pembelian, Shipment dan Pembayaran\\20231005_144117\\1696493253272.png, C:\\FT2 XSIS\\Projek 2 MINI PROJEK\\Reports\\20231005_144117\\T13 Pembelian, Shipment dan Pembayaran\\T13 Pembelian, Shipment dan Pembayaran\\20231005_144117\\1696494968585.png, C:\\FT2 XSIS\\Projek 2 MINI PROJEK\\Reports\\20231005_144117\\T13 Pembelian, Shipment dan Pembayaran\\T13 Pembelian, Shipment dan Pembayaran\\20231005_144117\\1696495082604.png"/>
         <property name="hostName" value="IRFAN - DESKTOP-H62FVJ8"/>
         <property name="os" value="Windows 10 64bit"/>
         <property name="katalonVersion" value="8.6.5.208"/>
         <property name="browser" value="Edge Chromium 117"/>
         <property name="hostAddress" value="10.9.2.18"/>
         <property name="sessionId" value="cebc8bfdd8145c1df902e46c9ebbd226"/>
         <property name="seleniumVersion" value="3.141.59"/>
         <property name="proxyInformation" value="ProxyInformation { proxyOption=NO_PROXY, proxyServerType=HTTP, username=, password=********, proxyServerAddress=, proxyServerPort=0, executionList=&quot;&quot;, isApplyToDesiredCapabilities=true }"/>
         <property name="platform" value="Windows 10"/>
      </properties>
      <testcase name="Test Cases/T13 Pembelian, Shipment dan Pembayaran/LU-001" time="14.928" classname="Test Cases/T13 Pembelian, Shipment dan Pembayaran/LU-001" status="PASSED">
         <system-out><![CDATA[2023-10-05 14:41:20 - [TEST_CASE][PASSED] - Test Cases/T13 Pembelian, Shipment dan Pembayaran/LU-001: Test Cases/T13 Pembelian, Shipment dan Pembayaran/LU-001

2023-10-05 14:41:20 - [TEST_STEP][PASSED] - openBrowser("https://10.9.2.63/ecommerce/"): Browser is opened with url: 'https://10.9.2.63/ecommerce/'

2023-10-05 14:41:21 - [MESSAGE][INFO] - Starting 'Edge Chromium' driver

2023-10-05 14:41:21 - [MESSAGE][INFO] - User set preference: ['acceptInsecureCerts', 'true']

2023-10-05 14:41:23 - [MESSAGE][INFO] - Action delay is set to 0 milliseconds

2023-10-05 14:41:28 - [MESSAGE][PASSED] - Browser is opened with url: 'https://10.9.2.63/ecommerce/'

2023-10-05 14:41:28 - [TEST_STEP][PASSED] - maximizeWindow(): Current window maximized

2023-10-05 14:41:28 - [MESSAGE][PASSED] - Current window maximized

2023-10-05 14:41:28 - [TEST_STEP][PASSED] - verifyElementPresent(findTestObject("Login/Home"), 0): Object 'Object Repository/Login/Home' is present

2023-10-05 14:41:28 - [MESSAGE][WARNING] - Timeout '0' is invalid. Using default page load timeout: '30'

2023-10-05 14:41:29 - [MESSAGE][PASSED] - Object 'Object Repository/Login/Home' is present

2023-10-05 14:41:29 - [TEST_STEP][PASSED] - click(findTestObject("Login/a_Login")): Object: 'Object Repository/Login/a_Login' is clicked on

2023-10-05 14:41:30 - [MESSAGE][PASSED] - Object: 'Object Repository/Login/a_Login' is clicked on

2023-10-05 14:41:30 - [TEST_STEP][PASSED] - verifyElementPresent(findTestObject("Login/Tittle Login"), 0): Object 'Object Repository/Login/Tittle Login' is present

2023-10-05 14:41:30 - [MESSAGE][WARNING] - Timeout '0' is invalid. Using default page load timeout: '30'

2023-10-05 14:41:30 - [MESSAGE][PASSED] - Object 'Object Repository/Login/Tittle Login' is present

2023-10-05 14:41:30 - [TEST_STEP][PASSED] - setText(findTestObject("Login/input_Username, Email atau No. Handphone_a"), username): Text 'irfanafandi' is set on object 'Object Repository/Login/input_Username, Email atau No. Handphone_a'

2023-10-05 14:41:31 - [MESSAGE][PASSED] - Text 'irfanafandi' is set on object 'Object Repository/Login/input_Username, Email atau No. Handphone_a'

2023-10-05 14:41:31 - [TEST_STEP][PASSED] - setText(findTestObject("Login/input_Password_b"), password): Text '12345irfan' is set on object 'Object Repository/Login/input_Password_b'

2023-10-05 14:41:32 - [MESSAGE][PASSED] - Text '12345irfan' is set on object 'Object Repository/Login/input_Password_b'

2023-10-05 14:41:32 - [TEST_STEP][PASSED] - click(findTestObject("Login/label_Ingat saya")): Object: 'Object Repository/Login/label_Ingat saya' is clicked on

2023-10-05 14:41:33 - [MESSAGE][PASSED] - Object: 'Object Repository/Login/label_Ingat saya' is clicked on

2023-10-05 14:41:33 - [TEST_STEP][PASSED] - click(findTestObject("Login/button_Masuk")): Object: 'Object Repository/Login/button_Masuk' is clicked on

2023-10-05 14:41:34 - [MESSAGE][PASSED] - Object: 'Object Repository/Login/button_Masuk' is clicked on

2023-10-05 14:41:34 - [TEST_STEP][PASSED] - verifyElementPresent(findTestObject("Login/li_Profile"), 0): Object 'Object Repository/Login/li_Profile' is present

2023-10-05 14:41:34 - [MESSAGE][WARNING] - Timeout '0' is invalid. Using default page load timeout: '30'

2023-10-05 14:41:35 - [MESSAGE][PASSED] - Object 'Object Repository/Login/li_Profile' is present]]></system-out>
         <system-err><![CDATA[]]></system-err>
      </testcase>
      <testcase name="Test Cases/T13 Pembelian, Shipment dan Pembayaran/PBL-001" time="21.816" classname="Test Cases/T13 Pembelian, Shipment dan Pembayaran/PBL-001" status="PASSED">
         <system-out><![CDATA[2023-10-05 14:41:35 - [TEST_CASE][PASSED] - Test Cases/T13 Pembelian, Shipment dan Pembayaran/PBL-001: Test Cases/T13 Pembelian, Shipment dan Pembayaran/PBL-001

2023-10-05 14:41:35 - [TEST_STEP][PASSED] - callTestCase(findTestCase("T13 Pembelian, Shipment dan Pembayaran/LU-001"), ["username":"irfanafandi", "password":"12345irfan"], STOP_ON_FAILURE): Call Test Case 'Test Cases/T13 Pembelian, Shipment dan Pembayaran/LU-001' successfully

2023-10-05 14:41:35 - [TEST_CASE][PASSED] - Test Cases/T13 Pembelian, Shipment dan Pembayaran/LU-001: Test Cases/T13 Pembelian, Shipment dan Pembayaran/LU-001

2023-10-05 14:41:35 - [TEST_STEP][PASSED] - openBrowser("https://10.9.2.63/ecommerce/"): Browser is opened with url: 'https://10.9.2.63/ecommerce/'

2023-10-05 14:41:35 - [MESSAGE][WARNING] - A browser is already opened. Closing browser and opening a new one

2023-10-05 14:41:36 - [MESSAGE][INFO] - Starting 'Edge Chromium' driver

2023-10-05 14:41:36 - [MESSAGE][INFO] - User set preference: ['acceptInsecureCerts', 'true']

2023-10-05 14:41:38 - [MESSAGE][INFO] - Action delay is set to 0 milliseconds

2023-10-05 14:41:42 - [MESSAGE][PASSED] - Browser is opened with url: 'https://10.9.2.63/ecommerce/'

2023-10-05 14:41:42 - [TEST_STEP][PASSED] - maximizeWindow(): Current window maximized

2023-10-05 14:41:43 - [MESSAGE][PASSED] - Current window maximized

2023-10-05 14:41:43 - [TEST_STEP][PASSED] - verifyElementPresent(findTestObject("Login/Home"), 0): Object 'Object Repository/Login/Home' is present

2023-10-05 14:41:43 - [MESSAGE][WARNING] - Timeout '0' is invalid. Using default page load timeout: '30'

2023-10-05 14:41:43 - [MESSAGE][PASSED] - Object 'Object Repository/Login/Home' is present

2023-10-05 14:41:43 - [TEST_STEP][PASSED] - click(findTestObject("Login/a_Login")): Object: 'Object Repository/Login/a_Login' is clicked on

2023-10-05 14:41:44 - [MESSAGE][PASSED] - Object: 'Object Repository/Login/a_Login' is clicked on

2023-10-05 14:41:44 - [TEST_STEP][PASSED] - verifyElementPresent(findTestObject("Login/Tittle Login"), 0): Object 'Object Repository/Login/Tittle Login' is present

2023-10-05 14:41:44 - [MESSAGE][WARNING] - Timeout '0' is invalid. Using default page load timeout: '30'

2023-10-05 14:41:44 - [MESSAGE][PASSED] - Object 'Object Repository/Login/Tittle Login' is present

2023-10-05 14:41:44 - [TEST_STEP][PASSED] - setText(findTestObject("Login/input_Username, Email atau No. Handphone_a"), username): Text 'irfanafandi' is set on object 'Object Repository/Login/input_Username, Email atau No. Handphone_a'

2023-10-05 14:41:45 - [MESSAGE][PASSED] - Text 'irfanafandi' is set on object 'Object Repository/Login/input_Username, Email atau No. Handphone_a'

2023-10-05 14:41:45 - [TEST_STEP][PASSED] - setText(findTestObject("Login/input_Password_b"), password): Text '12345irfan' is set on object 'Object Repository/Login/input_Password_b'

2023-10-05 14:41:46 - [MESSAGE][PASSED] - Text '12345irfan' is set on object 'Object Repository/Login/input_Password_b'

2023-10-05 14:41:46 - [TEST_STEP][PASSED] - click(findTestObject("Login/label_Ingat saya")): Object: 'Object Repository/Login/label_Ingat saya' is clicked on

2023-10-05 14:41:46 - [MESSAGE][PASSED] - Object: 'Object Repository/Login/label_Ingat saya' is clicked on

2023-10-05 14:41:46 - [TEST_STEP][PASSED] - click(findTestObject("Login/button_Masuk")): Object: 'Object Repository/Login/button_Masuk' is clicked on

2023-10-05 14:41:48 - [MESSAGE][PASSED] - Object: 'Object Repository/Login/button_Masuk' is clicked on

2023-10-05 14:41:48 - [TEST_STEP][PASSED] - verifyElementPresent(findTestObject("Login/li_Profile"), 0): Object 'Object Repository/Login/li_Profile' is present

2023-10-05 14:41:48 - [MESSAGE][WARNING] - Timeout '0' is invalid. Using default page load timeout: '30'

2023-10-05 14:41:49 - [MESSAGE][PASSED] - Object 'Object Repository/Login/li_Profile' is present

2023-10-05 14:41:49 - [MESSAGE][PASSED] - Call Test Case 'Test Cases/T13 Pembelian, Shipment dan Pembayaran/LU-001' successfully

2023-10-05 14:41:49 - [TEST_STEP][PASSED] - mouseOver(findTestObject("beli barang/i_Mulai Belanja_icon-menu")): Object: 'Object Repository/beli barang/i_Mulai Belanja_icon-menu' is hovered

2023-10-05 14:41:50 - [MESSAGE][PASSED] - Object: 'Object Repository/beli barang/i_Mulai Belanja_icon-menu' is hovered

2023-10-05 14:41:50 - [TEST_STEP][PASSED] - click(findTestObject("beli barang/a_Fashion  Busana Wanita")): Object: 'Object Repository/beli barang/a_Fashion  Busana Wanita' is clicked on

2023-10-05 14:41:51 - [MESSAGE][PASSED] - Object: 'Object Repository/beli barang/a_Fashion  Busana Wanita' is clicked on

2023-10-05 14:41:51 - [TEST_STEP][PASSED] - NamaSebelum = getText(findTestObject("verifikasi/Nama sebelum")): Text of object 'Object Repository/verifikasi/Nama sebelum' is: ''

2023-10-05 14:41:52 - [MESSAGE][PASSED] - Text of object 'Object Repository/verifikasi/Nama sebelum' is: ''

2023-10-05 14:41:52 - [TEST_STEP][PASSED] - HargaSebelum = getText(findTestObject("verifikasi/Harga sebelum")): Text of object 'Object Repository/verifikasi/Harga sebelum' is: 'Rp 1,299'

2023-10-05 14:41:52 - [MESSAGE][PASSED] - Text of object 'Object Repository/verifikasi/Harga sebelum' is: 'Rp 1,299'

2023-10-05 14:41:52 - [TEST_STEP][PASSED] - mouseOver(findTestObject("beli barang/barang mouse over")): Object: 'Object Repository/beli barang/barang mouse over' is hovered

2023-10-05 14:41:53 - [MESSAGE][PASSED] - Object: 'Object Repository/beli barang/barang mouse over' is hovered

2023-10-05 14:41:53 - [TEST_STEP][PASSED] - click(findTestObject("beli barang/buttom add to cart")): Object: 'Object Repository/beli barang/buttom add to cart' is clicked on

2023-10-05 14:41:54 - [MESSAGE][PASSED] - Object: 'Object Repository/beli barang/buttom add to cart' is clicked on

2023-10-05 14:41:54 - [TEST_STEP][PASSED] - NamaSesudah = getText(findTestObject("verifikasi/Nama sesudah")): Text of object 'Object Repository/verifikasi/Nama sesudah' is: 'Segitiga Instan Madeira - MDB5.3 Sunset'

2023-10-05 14:41:55 - [MESSAGE][PASSED] - Text of object 'Object Repository/verifikasi/Nama sesudah' is: 'Segitiga Instan Madeira - MDB5.3 Sunset'

2023-10-05 14:41:55 - [TEST_STEP][PASSED] - HargaSesudah = getText(findTestObject("verifikasi/Harga sesudah")): Text of object 'Object Repository/verifikasi/Harga sesudah' is: 'Rp 1,299'

2023-10-05 14:41:55 - [MESSAGE][PASSED] - Text of object 'Object Repository/verifikasi/Harga sesudah' is: 'Rp 1,299'

2023-10-05 14:41:55 - [TEST_STEP][PASSED] - assert NamaSesudah.contains(NamaSebelum): null

2023-10-05 14:41:55 - [TEST_STEP][PASSED] - assert HargaSesudah.contains(HargaSebelum): null

2023-10-05 14:41:55 - [TEST_STEP][PASSED] - click(findTestObject("beli barang/Tambah Keranjang busana wanita")): Object: 'Object Repository/beli barang/Tambah Keranjang busana wanita' is clicked on

2023-10-05 14:41:56 - [MESSAGE][PASSED] - Object: 'Object Repository/beli barang/Tambah Keranjang busana wanita' is clicked on

2023-10-05 14:41:56 - [TEST_STEP][PASSED] - verifyElementPresent(findTestObject("checkout/Notifikasi keranjang"), 1): Object 'Object Repository/checkout/Notifikasi keranjang' is present

2023-10-05 14:41:57 - [MESSAGE][PASSED] - Object 'Object Repository/checkout/Notifikasi keranjang' is present

2023-10-05 14:41:57 - [TEST_STEP][PASSED] - data = new java.util.HashMap(): null

2023-10-05 14:41:57 - [TEST_STEP][PASSED] - data.put("nama_barang", NamaSesudah): null

2023-10-05 14:41:57 - [TEST_STEP][PASSED] - data.put("price_barang", HargaSesudah): null

2023-10-05 14:41:57 - [TEST_STEP][PASSED] - return data: null]]></system-out>
         <system-err><![CDATA[]]></system-err>
      </testcase>
      <testcase name="Test Cases/T13 Pembelian, Shipment dan Pembayaran/PBL-002" time="26.834" classname="Test Cases/T13 Pembelian, Shipment dan Pembayaran/PBL-002" status="PASSED">
         <system-out><![CDATA[2023-10-05 14:41:57 - [TEST_CASE][PASSED] - Test Cases/T13 Pembelian, Shipment dan Pembayaran/PBL-002: Test Cases/T13 Pembelian, Shipment dan Pembayaran/PBL-002

2023-10-05 14:41:57 - [TEST_STEP][PASSED] - data = callTestCase(findTestCase("T13 Pembelian, Shipment dan Pembayaran/PBL-001"), [:], STOP_ON_FAILURE): Call Test Case 'Test Cases/T13 Pembelian, Shipment dan Pembayaran/PBL-001' successfully

2023-10-05 14:41:57 - [TEST_CASE][PASSED] - Test Cases/T13 Pembelian, Shipment dan Pembayaran/PBL-001: Test Cases/T13 Pembelian, Shipment dan Pembayaran/PBL-001

2023-10-05 14:41:57 - [TEST_STEP][PASSED] - callTestCase(findTestCase("T13 Pembelian, Shipment dan Pembayaran/LU-001"), ["username":"irfanafandi", "password":"12345irfan"], STOP_ON_FAILURE): Call Test Case 'Test Cases/T13 Pembelian, Shipment dan Pembayaran/LU-001' successfully

2023-10-05 14:41:57 - [TEST_CASE][PASSED] - Test Cases/T13 Pembelian, Shipment dan Pembayaran/LU-001: Test Cases/T13 Pembelian, Shipment dan Pembayaran/LU-001

2023-10-05 14:41:57 - [TEST_STEP][PASSED] - openBrowser("https://10.9.2.63/ecommerce/"): Browser is opened with url: 'https://10.9.2.63/ecommerce/'

2023-10-05 14:41:57 - [MESSAGE][WARNING] - A browser is already opened. Closing browser and opening a new one

2023-10-05 14:41:58 - [MESSAGE][INFO] - Starting 'Edge Chromium' driver

2023-10-05 14:41:58 - [MESSAGE][INFO] - User set preference: ['acceptInsecureCerts', 'true']

2023-10-05 14:42:00 - [MESSAGE][INFO] - Action delay is set to 0 milliseconds

2023-10-05 14:42:03 - [MESSAGE][PASSED] - Browser is opened with url: 'https://10.9.2.63/ecommerce/'

2023-10-05 14:42:03 - [TEST_STEP][PASSED] - maximizeWindow(): Current window maximized

2023-10-05 14:42:03 - [MESSAGE][PASSED] - Current window maximized

2023-10-05 14:42:03 - [TEST_STEP][PASSED] - verifyElementPresent(findTestObject("Login/Home"), 0): Object 'Object Repository/Login/Home' is present

2023-10-05 14:42:04 - [MESSAGE][WARNING] - Timeout '0' is invalid. Using default page load timeout: '30'

2023-10-05 14:42:04 - [MESSAGE][PASSED] - Object 'Object Repository/Login/Home' is present

2023-10-05 14:42:04 - [TEST_STEP][PASSED] - click(findTestObject("Login/a_Login")): Object: 'Object Repository/Login/a_Login' is clicked on

2023-10-05 14:42:05 - [MESSAGE][PASSED] - Object: 'Object Repository/Login/a_Login' is clicked on

2023-10-05 14:42:05 - [TEST_STEP][PASSED] - verifyElementPresent(findTestObject("Login/Tittle Login"), 0): Object 'Object Repository/Login/Tittle Login' is present

2023-10-05 14:42:05 - [MESSAGE][WARNING] - Timeout '0' is invalid. Using default page load timeout: '30'

2023-10-05 14:42:05 - [MESSAGE][PASSED] - Object 'Object Repository/Login/Tittle Login' is present

2023-10-05 14:42:05 - [TEST_STEP][PASSED] - setText(findTestObject("Login/input_Username, Email atau No. Handphone_a"), username): Text 'irfanafandi' is set on object 'Object Repository/Login/input_Username, Email atau No. Handphone_a'

2023-10-05 14:42:06 - [MESSAGE][PASSED] - Text 'irfanafandi' is set on object 'Object Repository/Login/input_Username, Email atau No. Handphone_a'

2023-10-05 14:42:06 - [TEST_STEP][PASSED] - setText(findTestObject("Login/input_Password_b"), password): Text '12345irfan' is set on object 'Object Repository/Login/input_Password_b'

2023-10-05 14:42:07 - [MESSAGE][PASSED] - Text '12345irfan' is set on object 'Object Repository/Login/input_Password_b'

2023-10-05 14:42:07 - [TEST_STEP][PASSED] - click(findTestObject("Login/label_Ingat saya")): Object: 'Object Repository/Login/label_Ingat saya' is clicked on

2023-10-05 14:42:07 - [MESSAGE][PASSED] - Object: 'Object Repository/Login/label_Ingat saya' is clicked on

2023-10-05 14:42:07 - [TEST_STEP][PASSED] - click(findTestObject("Login/button_Masuk")): Object: 'Object Repository/Login/button_Masuk' is clicked on

2023-10-05 14:42:09 - [MESSAGE][PASSED] - Object: 'Object Repository/Login/button_Masuk' is clicked on

2023-10-05 14:42:09 - [TEST_STEP][PASSED] - verifyElementPresent(findTestObject("Login/li_Profile"), 0): Object 'Object Repository/Login/li_Profile' is present

2023-10-05 14:42:09 - [MESSAGE][WARNING] - Timeout '0' is invalid. Using default page load timeout: '30'

2023-10-05 14:42:10 - [MESSAGE][PASSED] - Object 'Object Repository/Login/li_Profile' is present

2023-10-05 14:42:10 - [MESSAGE][PASSED] - Call Test Case 'Test Cases/T13 Pembelian, Shipment dan Pembayaran/LU-001' successfully

2023-10-05 14:42:10 - [TEST_STEP][PASSED] - mouseOver(findTestObject("beli barang/i_Mulai Belanja_icon-menu")): Object: 'Object Repository/beli barang/i_Mulai Belanja_icon-menu' is hovered

2023-10-05 14:42:10 - [MESSAGE][PASSED] - Object: 'Object Repository/beli barang/i_Mulai Belanja_icon-menu' is hovered

2023-10-05 14:42:10 - [TEST_STEP][PASSED] - click(findTestObject("beli barang/a_Fashion  Busana Wanita")): Object: 'Object Repository/beli barang/a_Fashion  Busana Wanita' is clicked on

2023-10-05 14:42:11 - [MESSAGE][PASSED] - Object: 'Object Repository/beli barang/a_Fashion  Busana Wanita' is clicked on

2023-10-05 14:42:11 - [TEST_STEP][PASSED] - NamaSebelum = getText(findTestObject("verifikasi/Nama sebelum")): Text of object 'Object Repository/verifikasi/Nama sebelum' is: ''

2023-10-05 14:42:12 - [MESSAGE][PASSED] - Text of object 'Object Repository/verifikasi/Nama sebelum' is: ''

2023-10-05 14:42:12 - [TEST_STEP][PASSED] - HargaSebelum = getText(findTestObject("verifikasi/Harga sebelum")): Text of object 'Object Repository/verifikasi/Harga sebelum' is: ''

2023-10-05 14:42:12 - [MESSAGE][PASSED] - Text of object 'Object Repository/verifikasi/Harga sebelum' is: ''

2023-10-05 14:42:12 - [TEST_STEP][PASSED] - mouseOver(findTestObject("beli barang/barang mouse over")): Object: 'Object Repository/beli barang/barang mouse over' is hovered

2023-10-05 14:42:13 - [MESSAGE][PASSED] - Object: 'Object Repository/beli barang/barang mouse over' is hovered

2023-10-05 14:42:13 - [TEST_STEP][PASSED] - click(findTestObject("beli barang/buttom add to cart")): Object: 'Object Repository/beli barang/buttom add to cart' is clicked on

2023-10-05 14:42:14 - [MESSAGE][PASSED] - Object: 'Object Repository/beli barang/buttom add to cart' is clicked on

2023-10-05 14:42:14 - [TEST_STEP][PASSED] - NamaSesudah = getText(findTestObject("verifikasi/Nama sesudah")): Text of object 'Object Repository/verifikasi/Nama sesudah' is: 'Segitiga Instan Madeira - MDB5.3 Sunset'

2023-10-05 14:42:15 - [MESSAGE][PASSED] - Text of object 'Object Repository/verifikasi/Nama sesudah' is: 'Segitiga Instan Madeira - MDB5.3 Sunset'

2023-10-05 14:42:15 - [TEST_STEP][PASSED] - HargaSesudah = getText(findTestObject("verifikasi/Harga sesudah")): Text of object 'Object Repository/verifikasi/Harga sesudah' is: 'Rp 1,299'

2023-10-05 14:42:15 - [MESSAGE][PASSED] - Text of object 'Object Repository/verifikasi/Harga sesudah' is: 'Rp 1,299'

2023-10-05 14:42:15 - [TEST_STEP][PASSED] - assert NamaSesudah.contains(NamaSebelum): null

2023-10-05 14:42:15 - [TEST_STEP][PASSED] - assert HargaSesudah.contains(HargaSebelum): null

2023-10-05 14:42:15 - [TEST_STEP][PASSED] - click(findTestObject("beli barang/Tambah Keranjang busana wanita")): Object: 'Object Repository/beli barang/Tambah Keranjang busana wanita' is clicked on

2023-10-05 14:42:16 - [MESSAGE][PASSED] - Object: 'Object Repository/beli barang/Tambah Keranjang busana wanita' is clicked on

2023-10-05 14:42:16 - [TEST_STEP][PASSED] - verifyElementPresent(findTestObject("checkout/Notifikasi keranjang"), 1): Object 'Object Repository/checkout/Notifikasi keranjang' is present

2023-10-05 14:42:17 - [MESSAGE][PASSED] - Object 'Object Repository/checkout/Notifikasi keranjang' is present

2023-10-05 14:42:17 - [TEST_STEP][PASSED] - data = new java.util.HashMap(): null

2023-10-05 14:42:17 - [TEST_STEP][PASSED] - data.put("nama_barang", NamaSesudah): null

2023-10-05 14:42:17 - [TEST_STEP][PASSED] - data.put("price_barang", HargaSesudah): null

2023-10-05 14:42:17 - [TEST_STEP][PASSED] - return data: null

2023-10-05 14:42:17 - [MESSAGE][PASSED] - Call Test Case 'Test Cases/T13 Pembelian, Shipment dan Pembayaran/PBL-001' successfully

2023-10-05 14:42:17 - [TEST_STEP][PASSED] - mouseOver(findTestObject("beli barang/keranjang")): Object: 'Object Repository/beli barang/keranjang' is hovered

2023-10-05 14:42:17 - [MESSAGE][PASSED] - Object: 'Object Repository/beli barang/keranjang' is hovered

2023-10-05 14:42:17 - [TEST_STEP][PASSED] - click(findTestObject("beli barang/Lihat Sekarang")): Object: 'Object Repository/beli barang/Lihat Sekarang' is clicked on

2023-10-05 14:42:18 - [MESSAGE][PASSED] - Object: 'Object Repository/beli barang/Lihat Sekarang' is clicked on

2023-10-05 14:42:18 - [TEST_STEP][PASSED] - verifyElementPresent(findTestObject("keranjang/li_Keranjang Belanja"), 0): Object 'Object Repository/keranjang/li_Keranjang Belanja' is present

2023-10-05 14:42:18 - [MESSAGE][WARNING] - Timeout '0' is invalid. Using default page load timeout: '30'

2023-10-05 14:42:20 - [MESSAGE][PASSED] - Object 'Object Repository/keranjang/li_Keranjang Belanja' is present

2023-10-05 14:42:20 - [TEST_STEP][PASSED] - NamaKeranjang = getText(findTestObject("verifikasi/Nama keranjang")): Text of object 'Object Repository/verifikasi/Nama keranjang' is: 'Segitiga Instan Madeira - MDB5.3 Sunset'

2023-10-05 14:42:20 - [MESSAGE][PASSED] - Text of object 'Object Repository/verifikasi/Nama keranjang' is: 'Segitiga Instan Madeira - MDB5.3 Sunset'

2023-10-05 14:42:20 - [TEST_STEP][PASSED] - HargaKeranjang = getText(findTestObject("verifikasi/Harga Keranjang")): Text of object 'Object Repository/verifikasi/Harga Keranjang' is: 'Rp 1,299'

2023-10-05 14:42:20 - [MESSAGE][PASSED] - Text of object 'Object Repository/verifikasi/Harga Keranjang' is: 'Rp 1,299'

2023-10-05 14:42:20 - [TEST_STEP][PASSED] - if (toString().equalsIgnoreCase("Merah")): Object 'Object Repository/keranjang/input_Warna_variasi101' is checked

2023-10-05 14:42:20 - [TEST_STEP][PASSED] - check(findTestObject("Object Repository/keranjang/input_Warna_variasi101")): Object 'Object Repository/keranjang/input_Warna_variasi101' is checked

2023-10-05 14:42:21 - [MESSAGE][PASSED] - Object 'Object Repository/keranjang/input_Warna_variasi101' is checked

2023-10-05 14:42:21 - [TEST_STEP][PASSED] - if (toString().equalsIgnoreCase("Menengah")): Object 'Object Repository/keranjang/input_Ukuran_variasi201' is checked

2023-10-05 14:42:21 - [TEST_STEP][PASSED] - check(findTestObject("Object Repository/keranjang/input_Ukuran_variasi201")): Object 'Object Repository/keranjang/input_Ukuran_variasi201' is checked

2023-10-05 14:42:21 - [MESSAGE][PASSED] - Object 'Object Repository/keranjang/input_Ukuran_variasi201' is checked

2023-10-05 14:42:21 - [TEST_STEP][PASSED] - data.put("Warna", warna): null

2023-10-05 14:42:21 - [TEST_STEP][PASSED] - data.put("Ukuran", ukuran): null

2023-10-05 14:42:21 - [TEST_STEP][PASSED] - click(findTestObject("keranjang/button_Lanjut ke Pembayaran")): Object: 'Object Repository/keranjang/button_Lanjut ke Pembayaran' is clicked on

2023-10-05 14:42:23 - [MESSAGE][PASSED] - Object: 'Object Repository/keranjang/button_Lanjut ke Pembayaran' is clicked on

2023-10-05 14:42:23 - [TEST_STEP][PASSED] - verifyElementPresent(findTestObject("checkout/Tittle Checkout Order"), 0): Object 'Object Repository/checkout/Tittle Checkout Order' is present

2023-10-05 14:42:23 - [MESSAGE][WARNING] - Timeout '0' is invalid. Using default page load timeout: '30'

2023-10-05 14:42:23 - [MESSAGE][PASSED] - Object 'Object Repository/checkout/Tittle Checkout Order' is present

2023-10-05 14:42:23 - [TEST_STEP][PASSED] - name_product = data.get("nama_barang"): null

2023-10-05 14:42:23 - [TEST_STEP][PASSED] - price_product = data.get("price_barang"): null

2023-10-05 14:42:23 - [TEST_STEP][PASSED] - assert name_product == NamaKeranjang: null

2023-10-05 14:42:23 - [TEST_STEP][PASSED] - assert price_product == HargaKeranjang: null

2023-10-05 14:42:23 - [TEST_STEP][PASSED] - return data: null]]></system-out>
         <system-err><![CDATA[]]></system-err>
      </testcase>
      <testcase name="Test Cases/T13 Pembelian, Shipment dan Pembayaran/PBL-003" time="30.759" classname="Test Cases/T13 Pembelian, Shipment dan Pembayaran/PBL-003" status="FAILED">
         <failure type="FAILED" message="Test Cases/T13 Pembelian, Shipment dan Pembayaran/PBL-003 FAILED.
Reason:
com.kms.katalon.core.exception.StepFailedException: Unable to verify text 'Silakan pilih warna dan ukuran produk' is present 
	at com.kms.katalon.core.webui.keyword.internal.WebUIKeywordMain.stepFailed(WebUIKeywordMain.groovy:64)
	at com.kms.katalon.core.webui.keyword.internal.WebUIKeywordMain.runKeyword(WebUIKeywordMain.groovy:26)
	at com.kms.katalon.core.webui.keyword.builtin.VerifyTextPresentKeyword.verifyTextPresent(VerifyTextPresentKeyword.groovy:83)
	at com.kms.katalon.core.webui.keyword.builtin.VerifyTextPresentKeyword.execute(VerifyTextPresentKeyword.groovy:68)
	at com.kms.katalon.core.keyword.internal.KeywordExecutor.executeKeywordForPlatform(KeywordExecutor.groovy:74)
	at com.kms.katalon.core.webui.keyword.WebUiBuiltInKeywords.verifyTextPresent(WebUiBuiltInKeywords.groovy:1723)
	at com.kms.katalon.core.webui.keyword.WebUiBuiltInKeywords$verifyTextPresent$7.call(Unknown Source)
	at PBL-003.run(PBL-003:55)
	at com.kms.katalon.core.main.ScriptEngine.run(ScriptEngine.java:194)
	at com.kms.katalon.core.main.ScriptEngine.runScriptAsRawText(ScriptEngine.java:119)
	at com.kms.katalon.core.main.TestCaseExecutor.runScript(TestCaseExecutor.java:448)
	at com.kms.katalon.core.main.TestCaseExecutor.doExecute(TestCaseExecutor.java:439)
	at com.kms.katalon.core.main.TestCaseExecutor.processExecutionPhase(TestCaseExecutor.java:418)
	at com.kms.katalon.core.main.TestCaseExecutor.accessMainPhase(TestCaseExecutor.java:410)
	at com.kms.katalon.core.main.TestCaseExecutor.execute(TestCaseExecutor.java:285)
	at com.kms.katalon.core.common.CommonExecutor.accessTestCaseMainPhase(CommonExecutor.java:65)
	at com.kms.katalon.core.main.TestSuiteExecutor.accessTestSuiteMainPhase(TestSuiteExecutor.java:148)
	at com.kms.katalon.core.main.TestSuiteExecutor.execute(TestSuiteExecutor.java:106)
	at com.kms.katalon.core.main.TestCaseMain.startTestSuite(TestCaseMain.java:187)
	at com.kms.katalon.core.main.TestCaseMain$startTestSuite$0.call(Unknown Source)
	at TempTestSuite1696491677292.run(TempTestSuite1696491677292.groovy:36)
Caused by: com.kms.katalon.core.exception.StepFailedException: Text 'Silakan pilih warna dan ukuran produk' is not present on page 
	at com.kms.katalon.core.webui.keyword.internal.WebUIKeywordMain.stepFailed(WebUIKeywordMain.groovy:64)
	at com.kms.katalon.core.webui.keyword.builtin.VerifyTextPresentKeyword$_verifyTextPresent_closure1.doCall(VerifyTextPresentKeyword.groovy:79)
	at com.kms.katalon.core.webui.keyword.builtin.VerifyTextPresentKeyword$_verifyTextPresent_closure1.call(VerifyTextPresentKeyword.groovy)
	at com.kms.katalon.core.webui.keyword.internal.WebUIKeywordMain.runKeyword(WebUIKeywordMain.groovy:20)
	... 19 more
"/>
         <system-out><![CDATA[2023-10-05 14:42:23 - [TEST_CASE][FAILED] - Test Cases/T13 Pembelian, Shipment dan Pembayaran/PBL-003: Test Cases/T13 Pembelian, Shipment dan Pembayaran/PBL-003 FAILED.
Reason:
com.kms.katalon.core.exception.StepFailedException: Unable to verify text 'Silakan pilih warna dan ukuran produk' is present 
	at com.kms.katalon.core.webui.keyword.internal.WebUIKeywordMain.stepFailed(WebUIKeywordMain.groovy:64)
	at com.kms.katalon.core.webui.keyword.internal.WebUIKeywordMain.runKeyword(WebUIKeywordMain.groovy:26)
	at com.kms.katalon.core.webui.keyword.builtin.VerifyTextPresentKeyword.verifyTextPresent(VerifyTextPresentKeyword.groovy:83)
	at com.kms.katalon.core.webui.keyword.builtin.VerifyTextPresentKeyword.execute(VerifyTextPresentKeyword.groovy:68)
	at com.kms.katalon.core.keyword.internal.KeywordExecutor.executeKeywordForPlatform(KeywordExecutor.groovy:74)
	at com.kms.katalon.core.webui.keyword.WebUiBuiltInKeywords.verifyTextPresent(WebUiBuiltInKeywords.groovy:1723)
	at com.kms.katalon.core.webui.keyword.WebUiBuiltInKeywords$verifyTextPresent$7.call(Unknown Source)
	at PBL-003.run(PBL-003:55)
	at com.kms.katalon.core.main.ScriptEngine.run(ScriptEngine.java:194)
	at com.kms.katalon.core.main.ScriptEngine.runScriptAsRawText(ScriptEngine.java:119)
	at com.kms.katalon.core.main.TestCaseExecutor.runScript(TestCaseExecutor.java:448)
	at com.kms.katalon.core.main.TestCaseExecutor.doExecute(TestCaseExecutor.java:439)
	at com.kms.katalon.core.main.TestCaseExecutor.processExecutionPhase(TestCaseExecutor.java:418)
	at com.kms.katalon.core.main.TestCaseExecutor.accessMainPhase(TestCaseExecutor.java:410)
	at com.kms.katalon.core.main.TestCaseExecutor.execute(TestCaseExecutor.java:285)
	at com.kms.katalon.core.common.CommonExecutor.accessTestCaseMainPhase(CommonExecutor.java:65)
	at com.kms.katalon.core.main.TestSuiteExecutor.accessTestSuiteMainPhase(TestSuiteExecutor.java:148)
	at com.kms.katalon.core.main.TestSuiteExecutor.execute(TestSuiteExecutor.java:106)
	at com.kms.katalon.core.main.TestCaseMain.startTestSuite(TestCaseMain.java:187)
	at com.kms.katalon.core.main.TestCaseMain$startTestSuite$0.call(Unknown Source)
	at TempTestSuite1696491677292.run(TempTestSuite1696491677292.groovy:36)
Caused by: com.kms.katalon.core.exception.StepFailedException: Text 'Silakan pilih warna dan ukuran produk' is not present on page 
	at com.kms.katalon.core.webui.keyword.internal.WebUIKeywordMain.stepFailed(WebUIKeywordMain.groovy:64)
	at com.kms.katalon.core.webui.keyword.builtin.VerifyTextPresentKeyword$_verifyTextPresent_closure1.doCall(VerifyTextPresentKeyword.groovy:79)
	at com.kms.katalon.core.webui.keyword.builtin.VerifyTextPresentKeyword$_verifyTextPresent_closure1.call(VerifyTextPresentKeyword.groovy)
	at com.kms.katalon.core.webui.keyword.internal.WebUIKeywordMain.runKeyword(WebUIKeywordMain.groovy:20)
	... 19 more


2023-10-05 14:42:24 - [TEST_STEP][PASSED] - data = callTestCase(findTestCase("T13 Pembelian, Shipment dan Pembayaran/PBL-001"), [:], STOP_ON_FAILURE): Call Test Case 'Test Cases/T13 Pembelian, Shipment dan Pembayaran/PBL-001' successfully

2023-10-05 14:42:24 - [TEST_CASE][PASSED] - Test Cases/T13 Pembelian, Shipment dan Pembayaran/PBL-001: Test Cases/T13 Pembelian, Shipment dan Pembayaran/PBL-001

2023-10-05 14:42:24 - [TEST_STEP][PASSED] - callTestCase(findTestCase("T13 Pembelian, Shipment dan Pembayaran/LU-001"), ["username":"irfanafandi", "password":"12345irfan"], STOP_ON_FAILURE): Call Test Case 'Test Cases/T13 Pembelian, Shipment dan Pembayaran/LU-001' successfully

2023-10-05 14:42:24 - [TEST_CASE][PASSED] - Test Cases/T13 Pembelian, Shipment dan Pembayaran/LU-001: Test Cases/T13 Pembelian, Shipment dan Pembayaran/LU-001

2023-10-05 14:42:24 - [TEST_STEP][PASSED] - openBrowser("https://10.9.2.63/ecommerce/"): Browser is opened with url: 'https://10.9.2.63/ecommerce/'

2023-10-05 14:42:24 - [MESSAGE][WARNING] - A browser is already opened. Closing browser and opening a new one

2023-10-05 14:42:25 - [MESSAGE][INFO] - Starting 'Edge Chromium' driver

2023-10-05 14:42:25 - [MESSAGE][INFO] - User set preference: ['acceptInsecureCerts', 'true']

2023-10-05 14:42:27 - [MESSAGE][INFO] - Action delay is set to 0 milliseconds

2023-10-05 14:42:31 - [MESSAGE][PASSED] - Browser is opened with url: 'https://10.9.2.63/ecommerce/'

2023-10-05 14:42:31 - [TEST_STEP][PASSED] - maximizeWindow(): Current window maximized

2023-10-05 14:42:31 - [MESSAGE][PASSED] - Current window maximized

2023-10-05 14:42:31 - [TEST_STEP][PASSED] - verifyElementPresent(findTestObject("Login/Home"), 0): Object 'Object Repository/Login/Home' is present

2023-10-05 14:42:31 - [MESSAGE][WARNING] - Timeout '0' is invalid. Using default page load timeout: '30'

2023-10-05 14:42:32 - [MESSAGE][PASSED] - Object 'Object Repository/Login/Home' is present

2023-10-05 14:42:32 - [TEST_STEP][PASSED] - click(findTestObject("Login/a_Login")): Object: 'Object Repository/Login/a_Login' is clicked on

2023-10-05 14:42:32 - [MESSAGE][PASSED] - Object: 'Object Repository/Login/a_Login' is clicked on

2023-10-05 14:42:32 - [TEST_STEP][PASSED] - verifyElementPresent(findTestObject("Login/Tittle Login"), 0): Object 'Object Repository/Login/Tittle Login' is present

2023-10-05 14:42:32 - [MESSAGE][WARNING] - Timeout '0' is invalid. Using default page load timeout: '30'

2023-10-05 14:42:33 - [MESSAGE][PASSED] - Object 'Object Repository/Login/Tittle Login' is present

2023-10-05 14:42:33 - [TEST_STEP][PASSED] - setText(findTestObject("Login/input_Username, Email atau No. Handphone_a"), username): Text 'irfanafandi' is set on object 'Object Repository/Login/input_Username, Email atau No. Handphone_a'

2023-10-05 14:42:34 - [MESSAGE][PASSED] - Text 'irfanafandi' is set on object 'Object Repository/Login/input_Username, Email atau No. Handphone_a'

2023-10-05 14:42:34 - [TEST_STEP][PASSED] - setText(findTestObject("Login/input_Password_b"), password): Text '12345irfan' is set on object 'Object Repository/Login/input_Password_b'

2023-10-05 14:42:35 - [MESSAGE][PASSED] - Text '12345irfan' is set on object 'Object Repository/Login/input_Password_b'

2023-10-05 14:42:35 - [TEST_STEP][PASSED] - click(findTestObject("Login/label_Ingat saya")): Object: 'Object Repository/Login/label_Ingat saya' is clicked on

2023-10-05 14:42:35 - [MESSAGE][PASSED] - Object: 'Object Repository/Login/label_Ingat saya' is clicked on

2023-10-05 14:42:35 - [TEST_STEP][PASSED] - click(findTestObject("Login/button_Masuk")): Object: 'Object Repository/Login/button_Masuk' is clicked on

2023-10-05 14:42:37 - [MESSAGE][PASSED] - Object: 'Object Repository/Login/button_Masuk' is clicked on

2023-10-05 14:42:37 - [TEST_STEP][PASSED] - verifyElementPresent(findTestObject("Login/li_Profile"), 0): Object 'Object Repository/Login/li_Profile' is present

2023-10-05 14:42:37 - [MESSAGE][WARNING] - Timeout '0' is invalid. Using default page load timeout: '30'

2023-10-05 14:42:38 - [MESSAGE][PASSED] - Object 'Object Repository/Login/li_Profile' is present

2023-10-05 14:42:38 - [MESSAGE][PASSED] - Call Test Case 'Test Cases/T13 Pembelian, Shipment dan Pembayaran/LU-001' successfully

2023-10-05 14:42:38 - [TEST_STEP][PASSED] - mouseOver(findTestObject("beli barang/i_Mulai Belanja_icon-menu")): Object: 'Object Repository/beli barang/i_Mulai Belanja_icon-menu' is hovered

2023-10-05 14:42:38 - [MESSAGE][PASSED] - Object: 'Object Repository/beli barang/i_Mulai Belanja_icon-menu' is hovered

2023-10-05 14:42:38 - [TEST_STEP][PASSED] - click(findTestObject("beli barang/a_Fashion  Busana Wanita")): Object: 'Object Repository/beli barang/a_Fashion  Busana Wanita' is clicked on

2023-10-05 14:42:39 - [MESSAGE][PASSED] - Object: 'Object Repository/beli barang/a_Fashion  Busana Wanita' is clicked on

2023-10-05 14:42:39 - [TEST_STEP][PASSED] - NamaSebelum = getText(findTestObject("verifikasi/Nama sebelum")): Text of object 'Object Repository/verifikasi/Nama sebelum' is: ''

2023-10-05 14:42:40 - [MESSAGE][PASSED] - Text of object 'Object Repository/verifikasi/Nama sebelum' is: ''

2023-10-05 14:42:40 - [TEST_STEP][PASSED] - HargaSebelum = getText(findTestObject("verifikasi/Harga sebelum")): Text of object 'Object Repository/verifikasi/Harga sebelum' is: ''

2023-10-05 14:42:40 - [MESSAGE][PASSED] - Text of object 'Object Repository/verifikasi/Harga sebelum' is: ''

2023-10-05 14:42:40 - [TEST_STEP][PASSED] - mouseOver(findTestObject("beli barang/barang mouse over")): Object: 'Object Repository/beli barang/barang mouse over' is hovered

2023-10-05 14:42:41 - [MESSAGE][PASSED] - Object: 'Object Repository/beli barang/barang mouse over' is hovered

2023-10-05 14:42:41 - [TEST_STEP][PASSED] - click(findTestObject("beli barang/buttom add to cart")): Object: 'Object Repository/beli barang/buttom add to cart' is clicked on

2023-10-05 14:42:43 - [MESSAGE][PASSED] - Object: 'Object Repository/beli barang/buttom add to cart' is clicked on

2023-10-05 14:42:43 - [TEST_STEP][PASSED] - NamaSesudah = getText(findTestObject("verifikasi/Nama sesudah")): Text of object 'Object Repository/verifikasi/Nama sesudah' is: 'Segitiga Instan Madeira - MDB5.3 Sunset'

2023-10-05 14:42:43 - [MESSAGE][PASSED] - Text of object 'Object Repository/verifikasi/Nama sesudah' is: 'Segitiga Instan Madeira - MDB5.3 Sunset'

2023-10-05 14:42:43 - [TEST_STEP][PASSED] - HargaSesudah = getText(findTestObject("verifikasi/Harga sesudah")): Text of object 'Object Repository/verifikasi/Harga sesudah' is: 'Rp 1,299'

2023-10-05 14:42:44 - [MESSAGE][PASSED] - Text of object 'Object Repository/verifikasi/Harga sesudah' is: 'Rp 1,299'

2023-10-05 14:42:44 - [TEST_STEP][PASSED] - assert NamaSesudah.contains(NamaSebelum): null

2023-10-05 14:42:44 - [TEST_STEP][PASSED] - assert HargaSesudah.contains(HargaSebelum): null

2023-10-05 14:42:44 - [TEST_STEP][PASSED] - click(findTestObject("beli barang/Tambah Keranjang busana wanita")): Object: 'Object Repository/beli barang/Tambah Keranjang busana wanita' is clicked on

2023-10-05 14:42:44 - [MESSAGE][PASSED] - Object: 'Object Repository/beli barang/Tambah Keranjang busana wanita' is clicked on

2023-10-05 14:42:44 - [TEST_STEP][PASSED] - verifyElementPresent(findTestObject("checkout/Notifikasi keranjang"), 1): Object 'Object Repository/checkout/Notifikasi keranjang' is present

2023-10-05 14:42:45 - [MESSAGE][PASSED] - Object 'Object Repository/checkout/Notifikasi keranjang' is present

2023-10-05 14:42:45 - [TEST_STEP][PASSED] - data = new java.util.HashMap(): null

2023-10-05 14:42:45 - [TEST_STEP][PASSED] - data.put("nama_barang", NamaSesudah): null

2023-10-05 14:42:45 - [TEST_STEP][PASSED] - data.put("price_barang", HargaSesudah): null

2023-10-05 14:42:45 - [TEST_STEP][PASSED] - return data: null

2023-10-05 14:42:45 - [MESSAGE][PASSED] - Call Test Case 'Test Cases/T13 Pembelian, Shipment dan Pembayaran/PBL-001' successfully

2023-10-05 14:42:45 - [TEST_STEP][PASSED] - mouseOver(findTestObject("beli barang/keranjang")): Object: 'Object Repository/beli barang/keranjang' is hovered

2023-10-05 14:42:46 - [MESSAGE][PASSED] - Object: 'Object Repository/beli barang/keranjang' is hovered

2023-10-05 14:42:46 - [TEST_STEP][PASSED] - click(findTestObject("beli barang/Lihat Sekarang")): Object: 'Object Repository/beli barang/Lihat Sekarang' is clicked on

2023-10-05 14:42:47 - [MESSAGE][PASSED] - Object: 'Object Repository/beli barang/Lihat Sekarang' is clicked on

2023-10-05 14:42:47 - [TEST_STEP][PASSED] - verifyElementPresent(findTestObject("keranjang/li_Keranjang Belanja"), 0): Object 'Object Repository/keranjang/li_Keranjang Belanja' is present

2023-10-05 14:42:47 - [MESSAGE][WARNING] - Timeout '0' is invalid. Using default page load timeout: '30'

2023-10-05 14:42:48 - [MESSAGE][PASSED] - Object 'Object Repository/keranjang/li_Keranjang Belanja' is present

2023-10-05 14:42:48 - [TEST_STEP][PASSED] - click(findTestObject("keranjang/button_Lanjut ke Pembayaran")): Object: 'Object Repository/keranjang/button_Lanjut ke Pembayaran' is clicked on

2023-10-05 14:42:50 - [MESSAGE][PASSED] - Object: 'Object Repository/keranjang/button_Lanjut ke Pembayaran' is clicked on

2023-10-05 14:42:50 - [TEST_STEP][PASSED] - mouseOver(findTestObject("beli barang/keranjang")): Object: 'Object Repository/beli barang/keranjang' is hovered

2023-10-05 14:42:50 - [MESSAGE][PASSED] - Object: 'Object Repository/beli barang/keranjang' is hovered

2023-10-05 14:42:50 - [TEST_STEP][PASSED] - click(findTestObject("hapus barang/buttom x")): Object: 'Object Repository/hapus barang/buttom x' is clicked on

2023-10-05 14:42:51 - [MESSAGE][PASSED] - Object: 'Object Repository/hapus barang/buttom x' is clicked on

2023-10-05 14:42:51 - [TEST_STEP][PASSED] - click(findTestObject("hapus barang/button_Hapus Barang")): Object: 'Object Repository/hapus barang/button_Hapus Barang' is clicked on

2023-10-05 14:42:52 - [MESSAGE][PASSED] - Object: 'Object Repository/hapus barang/button_Hapus Barang' is clicked on

2023-10-05 14:42:52 - [TEST_STEP][FAILED] - verifyTextPresent("Silakan pilih warna dan ukuran produk", false): Unable to verify text 'Silakan pilih warna dan ukuran produk' is present  (Root cause: com.kms.katalon.core.exception.StepFailedException: Unable to verify text 'Silakan pilih warna dan ukuran produk' is present 
	at com.kms.katalon.core.webui.keyword.internal.WebUIKeywordMain.stepFailed(WebUIKeywordMain.groovy:64)
	at com.kms.katalon.core.webui.keyword.internal.WebUIKeywordMain.runKeyword(WebUIKeywordMain.groovy:26)
	at com.kms.katalon.core.webui.keyword.builtin.VerifyTextPresentKeyword.verifyTextPresent(VerifyTextPresentKeyword.groovy:83)
	at com.kms.katalon.core.webui.keyword.builtin.VerifyTextPresentKeyword.execute(VerifyTextPresentKeyword.groovy:68)
	at com.kms.katalon.core.keyword.internal.KeywordExecutor.executeKeywordForPlatform(KeywordExecutor.groovy:74)
	at com.kms.katalon.core.webui.keyword.WebUiBuiltInKeywords.verifyTextPresent(WebUiBuiltInKeywords.groovy:1723)
	at com.kms.katalon.core.webui.keyword.WebUiBuiltInKeywords$verifyTextPresent$7.call(Unknown Source)
	at PBL-003.run(PBL-003:55)
	at com.kms.katalon.core.main.ScriptEngine.run(ScriptEngine.java:194)
	at com.kms.katalon.core.main.ScriptEngine.runScriptAsRawText(ScriptEngine.java:119)
	at com.kms.katalon.core.main.TestCaseExecutor.runScript(TestCaseExecutor.java:448)
	at com.kms.katalon.core.main.TestCaseExecutor.doExecute(TestCaseExecutor.java:439)
	at com.kms.katalon.core.main.TestCaseExecutor.processExecutionPhase(TestCaseExecutor.java:418)
	at com.kms.katalon.core.main.TestCaseExecutor.accessMainPhase(TestCaseExecutor.java:410)
	at com.kms.katalon.core.main.TestCaseExecutor.execute(TestCaseExecutor.java:285)
	at com.kms.katalon.core.common.CommonExecutor.accessTestCaseMainPhase(CommonExecutor.java:65)
	at com.kms.katalon.core.main.TestSuiteExecutor.accessTestSuiteMainPhase(TestSuiteExecutor.java:148)
	at com.kms.katalon.core.main.TestSuiteExecutor.execute(TestSuiteExecutor.java:106)
	at com.kms.katalon.core.main.TestCaseMain.startTestSuite(TestCaseMain.java:187)
	at com.kms.katalon.core.main.TestCaseMain$startTestSuite$0.call(Unknown Source)
	at TempTestSuite1696491677292.run(TempTestSuite1696491677292.groovy:36)
Caused by: com.kms.katalon.core.exception.StepFailedException: Text 'Silakan pilih warna dan ukuran produk' is not present on page 
	at com.kms.katalon.core.webui.keyword.internal.WebUIKeywordMain.stepFailed(WebUIKeywordMain.groovy:64)
	at com.kms.katalon.core.webui.keyword.builtin.VerifyTextPresentKeyword$_verifyTextPresent_closure1.doCall(VerifyTextPresentKeyword.groovy:79)
	at com.kms.katalon.core.webui.keyword.builtin.VerifyTextPresentKeyword$_verifyTextPresent_closure1.call(VerifyTextPresentKeyword.groovy)
	at com.kms.katalon.core.webui.keyword.internal.WebUIKeywordMain.runKeyword(WebUIKeywordMain.groovy:20)
	... 19 more
)

2023-10-05 14:42:54 - [MESSAGE][FAILED] - Text 'Silakan pilih warna dan ukuran produk' is not present on page  (Root cause: com.kms.katalon.core.exception.StepFailedException: Text 'Silakan pilih warna dan ukuran produk' is not present on page 
	at com.kms.katalon.core.webui.keyword.internal.WebUIKeywordMain.stepFailed(WebUIKeywordMain.groovy:64)
	at com.kms.katalon.core.webui.keyword.builtin.VerifyTextPresentKeyword$_verifyTextPresent_closure1.doCall(VerifyTextPresentKeyword.groovy:79)
	at com.kms.katalon.core.webui.keyword.builtin.VerifyTextPresentKeyword$_verifyTextPresent_closure1.call(VerifyTextPresentKeyword.groovy)
	at com.kms.katalon.core.webui.keyword.internal.WebUIKeywordMain.runKeyword(WebUIKeywordMain.groovy:20)
	at com.kms.katalon.core.webui.keyword.builtin.VerifyTextPresentKeyword.verifyTextPresent(VerifyTextPresentKeyword.groovy:83)
	at com.kms.katalon.core.webui.keyword.builtin.VerifyTextPresentKeyword.execute(VerifyTextPresentKeyword.groovy:68)
	at com.kms.katalon.core.keyword.internal.KeywordExecutor.executeKeywordForPlatform(KeywordExecutor.groovy:74)
	at com.kms.katalon.core.webui.keyword.WebUiBuiltInKeywords.verifyTextPresent(WebUiBuiltInKeywords.groovy:1723)
	at com.kms.katalon.core.webui.keyword.WebUiBuiltInKeywords$verifyTextPresent$7.call(Unknown Source)
	at PBL-003.run(PBL-003:55)
	at com.kms.katalon.core.main.ScriptEngine.run(ScriptEngine.java:194)
	at com.kms.katalon.core.main.ScriptEngine.runScriptAsRawText(ScriptEngine.java:119)
	at com.kms.katalon.core.main.TestCaseExecutor.runScript(TestCaseExecutor.java:448)
	at com.kms.katalon.core.main.TestCaseExecutor.doExecute(TestCaseExecutor.java:439)
	at com.kms.katalon.core.main.TestCaseExecutor.processExecutionPhase(TestCaseExecutor.java:418)
	at com.kms.katalon.core.main.TestCaseExecutor.accessMainPhase(TestCaseExecutor.java:410)
	at com.kms.katalon.core.main.TestCaseExecutor.execute(TestCaseExecutor.java:285)
	at com.kms.katalon.core.common.CommonExecutor.accessTestCaseMainPhase(CommonExecutor.java:65)
	at com.kms.katalon.core.main.TestSuiteExecutor.accessTestSuiteMainPhase(TestSuiteExecutor.java:148)
	at com.kms.katalon.core.main.TestSuiteExecutor.execute(TestSuiteExecutor.java:106)
	at com.kms.katalon.core.main.TestCaseMain.startTestSuite(TestCaseMain.java:187)
	at com.kms.katalon.core.main.TestCaseMain$startTestSuite$0.call(Unknown Source)
	at TempTestSuite1696491677292.run(TempTestSuite1696491677292.groovy:36)
)

2023-10-05 14:42:54 - [MESSAGE][FAILED] - Unable to verify text 'Silakan pilih warna dan ukuran produk' is present  (Root cause: com.kms.katalon.core.exception.StepFailedException: Unable to verify text 'Silakan pilih warna dan ukuran produk' is present 
	at com.kms.katalon.core.webui.keyword.internal.WebUIKeywordMain.stepFailed(WebUIKeywordMain.groovy:64)
	at com.kms.katalon.core.webui.keyword.internal.WebUIKeywordMain.runKeyword(WebUIKeywordMain.groovy:26)
	at com.kms.katalon.core.webui.keyword.builtin.VerifyTextPresentKeyword.verifyTextPresent(VerifyTextPresentKeyword.groovy:83)
	at com.kms.katalon.core.webui.keyword.builtin.VerifyTextPresentKeyword.execute(VerifyTextPresentKeyword.groovy:68)
	at com.kms.katalon.core.keyword.internal.KeywordExecutor.executeKeywordForPlatform(KeywordExecutor.groovy:74)
	at com.kms.katalon.core.webui.keyword.WebUiBuiltInKeywords.verifyTextPresent(WebUiBuiltInKeywords.groovy:1723)
	at com.kms.katalon.core.webui.keyword.WebUiBuiltInKeywords$verifyTextPresent$7.call(Unknown Source)
	at PBL-003.run(PBL-003:55)
	at com.kms.katalon.core.main.ScriptEngine.run(ScriptEngine.java:194)
	at com.kms.katalon.core.main.ScriptEngine.runScriptAsRawText(ScriptEngine.java:119)
	at com.kms.katalon.core.main.TestCaseExecutor.runScript(TestCaseExecutor.java:448)
	at com.kms.katalon.core.main.TestCaseExecutor.doExecute(TestCaseExecutor.java:439)
	at com.kms.katalon.core.main.TestCaseExecutor.processExecutionPhase(TestCaseExecutor.java:418)
	at com.kms.katalon.core.main.TestCaseExecutor.accessMainPhase(TestCaseExecutor.java:410)
	at com.kms.katalon.core.main.TestCaseExecutor.execute(TestCaseExecutor.java:285)
	at com.kms.katalon.core.common.CommonExecutor.accessTestCaseMainPhase(CommonExecutor.java:65)
	at com.kms.katalon.core.main.TestSuiteExecutor.accessTestSuiteMainPhase(TestSuiteExecutor.java:148)
	at com.kms.katalon.core.main.TestSuiteExecutor.execute(TestSuiteExecutor.java:106)
	at com.kms.katalon.core.main.TestCaseMain.startTestSuite(TestCaseMain.java:187)
	at com.kms.katalon.core.main.TestCaseMain$startTestSuite$0.call(Unknown Source)
	at TempTestSuite1696491677292.run(TempTestSuite1696491677292.groovy:36)
Caused by: com.kms.katalon.core.exception.StepFailedException: Text 'Silakan pilih warna dan ukuran produk' is not present on page 
	at com.kms.katalon.core.webui.keyword.internal.WebUIKeywordMain.stepFailed(WebUIKeywordMain.groovy:64)
	at com.kms.katalon.core.webui.keyword.builtin.VerifyTextPresentKeyword$_verifyTextPresent_closure1.doCall(VerifyTextPresentKeyword.groovy:79)
	at com.kms.katalon.core.webui.keyword.builtin.VerifyTextPresentKeyword$_verifyTextPresent_closure1.call(VerifyTextPresentKeyword.groovy)
	at com.kms.katalon.core.webui.keyword.internal.WebUIKeywordMain.runKeyword(WebUIKeywordMain.groovy:20)
	... 19 more
)
[[ATTACHMENT|C:\\FT2 XSIS\\Projek 2 MINI PROJEK\\Reports\\20231005_144117\\T13 Pembelian, Shipment dan Pembayaran\\T13 Pembelian, Shipment dan Pembayaran\\20231005_144117\\1696491774627.png]]]]></system-out>
         <system-err><![CDATA[2023-10-05 14:42:23 - [TEST_CASE][FAILED] - Test Cases/T13 Pembelian, Shipment dan Pembayaran/PBL-003: Test Cases/T13 Pembelian, Shipment dan Pembayaran/PBL-003 FAILED.
Reason:
com.kms.katalon.core.exception.StepFailedException: Unable to verify text 'Silakan pilih warna dan ukuran produk' is present 
	at com.kms.katalon.core.webui.keyword.internal.WebUIKeywordMain.stepFailed(WebUIKeywordMain.groovy:64)
	at com.kms.katalon.core.webui.keyword.internal.WebUIKeywordMain.runKeyword(WebUIKeywordMain.groovy:26)
	at com.kms.katalon.core.webui.keyword.builtin.VerifyTextPresentKeyword.verifyTextPresent(VerifyTextPresentKeyword.groovy:83)
	at com.kms.katalon.core.webui.keyword.builtin.VerifyTextPresentKeyword.execute(VerifyTextPresentKeyword.groovy:68)
	at com.kms.katalon.core.keyword.internal.KeywordExecutor.executeKeywordForPlatform(KeywordExecutor.groovy:74)
	at com.kms.katalon.core.webui.keyword.WebUiBuiltInKeywords.verifyTextPresent(WebUiBuiltInKeywords.groovy:1723)
	at com.kms.katalon.core.webui.keyword.WebUiBuiltInKeywords$verifyTextPresent$7.call(Unknown Source)
	at PBL-003.run(PBL-003:55)
	at com.kms.katalon.core.main.ScriptEngine.run(ScriptEngine.java:194)
	at com.kms.katalon.core.main.ScriptEngine.runScriptAsRawText(ScriptEngine.java:119)
	at com.kms.katalon.core.main.TestCaseExecutor.runScript(TestCaseExecutor.java:448)
	at com.kms.katalon.core.main.TestCaseExecutor.doExecute(TestCaseExecutor.java:439)
	at com.kms.katalon.core.main.TestCaseExecutor.processExecutionPhase(TestCaseExecutor.java:418)
	at com.kms.katalon.core.main.TestCaseExecutor.accessMainPhase(TestCaseExecutor.java:410)
	at com.kms.katalon.core.main.TestCaseExecutor.execute(TestCaseExecutor.java:285)
	at com.kms.katalon.core.common.CommonExecutor.accessTestCaseMainPhase(CommonExecutor.java:65)
	at com.kms.katalon.core.main.TestSuiteExecutor.accessTestSuiteMainPhase(TestSuiteExecutor.java:148)
	at com.kms.katalon.core.main.TestSuiteExecutor.execute(TestSuiteExecutor.java:106)
	at com.kms.katalon.core.main.TestCaseMain.startTestSuite(TestCaseMain.java:187)
	at com.kms.katalon.core.main.TestCaseMain$startTestSuite$0.call(Unknown Source)
	at TempTestSuite1696491677292.run(TempTestSuite1696491677292.groovy:36)
Caused by: com.kms.katalon.core.exception.StepFailedException: Text 'Silakan pilih warna dan ukuran produk' is not present on page 
	at com.kms.katalon.core.webui.keyword.internal.WebUIKeywordMain.stepFailed(WebUIKeywordMain.groovy:64)
	at com.kms.katalon.core.webui.keyword.builtin.VerifyTextPresentKeyword$_verifyTextPresent_closure1.doCall(VerifyTextPresentKeyword.groovy:79)
	at com.kms.katalon.core.webui.keyword.builtin.VerifyTextPresentKeyword$_verifyTextPresent_closure1.call(VerifyTextPresentKeyword.groovy)
	at com.kms.katalon.core.webui.keyword.internal.WebUIKeywordMain.runKeyword(WebUIKeywordMain.groovy:20)
	... 19 more]]></system-err>
      </testcase>
      <testcase name="Test Cases/T13 Pembelian, Shipment dan Pembayaran/PBL-004" time="44.032" classname="Test Cases/T13 Pembelian, Shipment dan Pembayaran/PBL-004" status="PASSED">
         <system-out><![CDATA[2023-10-05 14:42:54 - [TEST_CASE][PASSED] - Test Cases/T13 Pembelian, Shipment dan Pembayaran/PBL-004: Test Cases/T13 Pembelian, Shipment dan Pembayaran/PBL-004

2023-10-05 14:42:55 - [TEST_STEP][PASSED] - data = callTestCase(findTestCase("T13 Pembelian, Shipment dan Pembayaran/PBL-002"), [:], STOP_ON_FAILURE): Call Test Case 'Test Cases/T13 Pembelian, Shipment dan Pembayaran/PBL-002' successfully

2023-10-05 14:42:55 - [TEST_CASE][PASSED] - Test Cases/T13 Pembelian, Shipment dan Pembayaran/PBL-002: Test Cases/T13 Pembelian, Shipment dan Pembayaran/PBL-002

2023-10-05 14:42:55 - [TEST_STEP][PASSED] - data = callTestCase(findTestCase("T13 Pembelian, Shipment dan Pembayaran/PBL-001"), [:], STOP_ON_FAILURE): Call Test Case 'Test Cases/T13 Pembelian, Shipment dan Pembayaran/PBL-001' successfully

2023-10-05 14:42:55 - [TEST_CASE][PASSED] - Test Cases/T13 Pembelian, Shipment dan Pembayaran/PBL-001: Test Cases/T13 Pembelian, Shipment dan Pembayaran/PBL-001

2023-10-05 14:42:55 - [TEST_STEP][PASSED] - callTestCase(findTestCase("T13 Pembelian, Shipment dan Pembayaran/LU-001"), ["username":"irfanafandi", "password":"12345irfan"], STOP_ON_FAILURE): Call Test Case 'Test Cases/T13 Pembelian, Shipment dan Pembayaran/LU-001' successfully

2023-10-05 14:42:55 - [TEST_CASE][PASSED] - Test Cases/T13 Pembelian, Shipment dan Pembayaran/LU-001: Test Cases/T13 Pembelian, Shipment dan Pembayaran/LU-001

2023-10-05 14:42:55 - [TEST_STEP][PASSED] - openBrowser("https://10.9.2.63/ecommerce/"): Browser is opened with url: 'https://10.9.2.63/ecommerce/'

2023-10-05 14:42:55 - [MESSAGE][WARNING] - A browser is already opened. Closing browser and opening a new one

2023-10-05 14:42:56 - [MESSAGE][INFO] - Starting 'Edge Chromium' driver

2023-10-05 14:42:56 - [MESSAGE][INFO] - User set preference: ['acceptInsecureCerts', 'true']

2023-10-05 14:42:58 - [MESSAGE][INFO] - Action delay is set to 0 milliseconds

2023-10-05 14:43:01 - [MESSAGE][PASSED] - Browser is opened with url: 'https://10.9.2.63/ecommerce/'

2023-10-05 14:43:01 - [TEST_STEP][PASSED] - maximizeWindow(): Current window maximized

2023-10-05 14:43:01 - [MESSAGE][PASSED] - Current window maximized

2023-10-05 14:43:01 - [TEST_STEP][PASSED] - verifyElementPresent(findTestObject("Login/Home"), 0): Object 'Object Repository/Login/Home' is present

2023-10-05 14:43:01 - [MESSAGE][WARNING] - Timeout '0' is invalid. Using default page load timeout: '30'

2023-10-05 14:43:02 - [MESSAGE][PASSED] - Object 'Object Repository/Login/Home' is present

2023-10-05 14:43:02 - [TEST_STEP][PASSED] - click(findTestObject("Login/a_Login")): Object: 'Object Repository/Login/a_Login' is clicked on

2023-10-05 14:43:03 - [MESSAGE][PASSED] - Object: 'Object Repository/Login/a_Login' is clicked on

2023-10-05 14:43:03 - [TEST_STEP][PASSED] - verifyElementPresent(findTestObject("Login/Tittle Login"), 0): Object 'Object Repository/Login/Tittle Login' is present

2023-10-05 14:43:03 - [MESSAGE][WARNING] - Timeout '0' is invalid. Using default page load timeout: '30'

2023-10-05 14:43:03 - [MESSAGE][PASSED] - Object 'Object Repository/Login/Tittle Login' is present

2023-10-05 14:43:03 - [TEST_STEP][PASSED] - setText(findTestObject("Login/input_Username, Email atau No. Handphone_a"), username): Text 'irfanafandi' is set on object 'Object Repository/Login/input_Username, Email atau No. Handphone_a'

2023-10-05 14:43:04 - [MESSAGE][PASSED] - Text 'irfanafandi' is set on object 'Object Repository/Login/input_Username, Email atau No. Handphone_a'

2023-10-05 14:43:04 - [TEST_STEP][PASSED] - setText(findTestObject("Login/input_Password_b"), password): Text '12345irfan' is set on object 'Object Repository/Login/input_Password_b'

2023-10-05 14:43:05 - [MESSAGE][PASSED] - Text '12345irfan' is set on object 'Object Repository/Login/input_Password_b'

2023-10-05 14:43:05 - [TEST_STEP][PASSED] - click(findTestObject("Login/label_Ingat saya")): Object: 'Object Repository/Login/label_Ingat saya' is clicked on

2023-10-05 14:43:06 - [MESSAGE][PASSED] - Object: 'Object Repository/Login/label_Ingat saya' is clicked on

2023-10-05 14:43:06 - [TEST_STEP][PASSED] - click(findTestObject("Login/button_Masuk")): Object: 'Object Repository/Login/button_Masuk' is clicked on

2023-10-05 14:43:07 - [MESSAGE][PASSED] - Object: 'Object Repository/Login/button_Masuk' is clicked on

2023-10-05 14:43:07 - [TEST_STEP][PASSED] - verifyElementPresent(findTestObject("Login/li_Profile"), 0): Object 'Object Repository/Login/li_Profile' is present

2023-10-05 14:43:08 - [MESSAGE][WARNING] - Timeout '0' is invalid. Using default page load timeout: '30'

2023-10-05 14:43:08 - [MESSAGE][PASSED] - Object 'Object Repository/Login/li_Profile' is present

2023-10-05 14:43:08 - [MESSAGE][PASSED] - Call Test Case 'Test Cases/T13 Pembelian, Shipment dan Pembayaran/LU-001' successfully

2023-10-05 14:43:08 - [TEST_STEP][PASSED] - mouseOver(findTestObject("beli barang/i_Mulai Belanja_icon-menu")): Object: 'Object Repository/beli barang/i_Mulai Belanja_icon-menu' is hovered

2023-10-05 14:43:09 - [MESSAGE][PASSED] - Object: 'Object Repository/beli barang/i_Mulai Belanja_icon-menu' is hovered

2023-10-05 14:43:09 - [TEST_STEP][PASSED] - click(findTestObject("beli barang/a_Fashion  Busana Wanita")): Object: 'Object Repository/beli barang/a_Fashion  Busana Wanita' is clicked on

2023-10-05 14:43:10 - [MESSAGE][PASSED] - Object: 'Object Repository/beli barang/a_Fashion  Busana Wanita' is clicked on

2023-10-05 14:43:10 - [TEST_STEP][PASSED] - NamaSebelum = getText(findTestObject("verifikasi/Nama sebelum")): Text of object 'Object Repository/verifikasi/Nama sebelum' is: ''

2023-10-05 14:43:11 - [MESSAGE][PASSED] - Text of object 'Object Repository/verifikasi/Nama sebelum' is: ''

2023-10-05 14:43:11 - [TEST_STEP][PASSED] - HargaSebelum = getText(findTestObject("verifikasi/Harga sebelum")): Text of object 'Object Repository/verifikasi/Harga sebelum' is: 'Rp 1,299'

2023-10-05 14:43:11 - [MESSAGE][PASSED] - Text of object 'Object Repository/verifikasi/Harga sebelum' is: 'Rp 1,299'

2023-10-05 14:43:11 - [TEST_STEP][PASSED] - mouseOver(findTestObject("beli barang/barang mouse over")): Object: 'Object Repository/beli barang/barang mouse over' is hovered

2023-10-05 14:43:12 - [MESSAGE][PASSED] - Object: 'Object Repository/beli barang/barang mouse over' is hovered

2023-10-05 14:43:12 - [TEST_STEP][PASSED] - click(findTestObject("beli barang/buttom add to cart")): Object: 'Object Repository/beli barang/buttom add to cart' is clicked on

2023-10-05 14:43:13 - [MESSAGE][PASSED] - Object: 'Object Repository/beli barang/buttom add to cart' is clicked on

2023-10-05 14:43:13 - [TEST_STEP][PASSED] - NamaSesudah = getText(findTestObject("verifikasi/Nama sesudah")): Text of object 'Object Repository/verifikasi/Nama sesudah' is: 'Segitiga Instan Madeira - MDB5.3 Sunset'

2023-10-05 14:43:14 - [MESSAGE][PASSED] - Text of object 'Object Repository/verifikasi/Nama sesudah' is: 'Segitiga Instan Madeira - MDB5.3 Sunset'

2023-10-05 14:43:14 - [TEST_STEP][PASSED] - HargaSesudah = getText(findTestObject("verifikasi/Harga sesudah")): Text of object 'Object Repository/verifikasi/Harga sesudah' is: 'Rp 1,299'

2023-10-05 14:43:14 - [MESSAGE][PASSED] - Text of object 'Object Repository/verifikasi/Harga sesudah' is: 'Rp 1,299'

2023-10-05 14:43:14 - [TEST_STEP][PASSED] - assert NamaSesudah.contains(NamaSebelum): null

2023-10-05 14:43:14 - [TEST_STEP][PASSED] - assert HargaSesudah.contains(HargaSebelum): null

2023-10-05 14:43:14 - [TEST_STEP][PASSED] - click(findTestObject("beli barang/Tambah Keranjang busana wanita")): Object: 'Object Repository/beli barang/Tambah Keranjang busana wanita' is clicked on

2023-10-05 14:43:15 - [MESSAGE][PASSED] - Object: 'Object Repository/beli barang/Tambah Keranjang busana wanita' is clicked on

2023-10-05 14:43:15 - [TEST_STEP][PASSED] - verifyElementPresent(findTestObject("checkout/Notifikasi keranjang"), 1): Object 'Object Repository/checkout/Notifikasi keranjang' is present

2023-10-05 14:43:16 - [MESSAGE][PASSED] - Object 'Object Repository/checkout/Notifikasi keranjang' is present

2023-10-05 14:43:16 - [TEST_STEP][PASSED] - data = new java.util.HashMap(): null

2023-10-05 14:43:16 - [TEST_STEP][PASSED] - data.put("nama_barang", NamaSesudah): null

2023-10-05 14:43:16 - [TEST_STEP][PASSED] - data.put("price_barang", HargaSesudah): null

2023-10-05 14:43:16 - [TEST_STEP][PASSED] - return data: null

2023-10-05 14:43:16 - [MESSAGE][PASSED] - Call Test Case 'Test Cases/T13 Pembelian, Shipment dan Pembayaran/PBL-001' successfully

2023-10-05 14:43:16 - [TEST_STEP][PASSED] - mouseOver(findTestObject("beli barang/keranjang")): Object: 'Object Repository/beli barang/keranjang' is hovered

2023-10-05 14:43:16 - [MESSAGE][PASSED] - Object: 'Object Repository/beli barang/keranjang' is hovered

2023-10-05 14:43:16 - [TEST_STEP][PASSED] - click(findTestObject("beli barang/Lihat Sekarang")): Object: 'Object Repository/beli barang/Lihat Sekarang' is clicked on

2023-10-05 14:43:17 - [MESSAGE][PASSED] - Object: 'Object Repository/beli barang/Lihat Sekarang' is clicked on

2023-10-05 14:43:17 - [TEST_STEP][PASSED] - verifyElementPresent(findTestObject("keranjang/li_Keranjang Belanja"), 0): Object 'Object Repository/keranjang/li_Keranjang Belanja' is present

2023-10-05 14:43:17 - [MESSAGE][WARNING] - Timeout '0' is invalid. Using default page load timeout: '30'

2023-10-05 14:43:19 - [MESSAGE][PASSED] - Object 'Object Repository/keranjang/li_Keranjang Belanja' is present

2023-10-05 14:43:19 - [TEST_STEP][PASSED] - NamaKeranjang = getText(findTestObject("verifikasi/Nama keranjang")): Text of object 'Object Repository/verifikasi/Nama keranjang' is: 'Segitiga Instan Madeira - MDB5.3 Sunset'

2023-10-05 14:43:19 - [MESSAGE][PASSED] - Text of object 'Object Repository/verifikasi/Nama keranjang' is: 'Segitiga Instan Madeira - MDB5.3 Sunset'

2023-10-05 14:43:19 - [TEST_STEP][PASSED] - HargaKeranjang = getText(findTestObject("verifikasi/Harga Keranjang")): Text of object 'Object Repository/verifikasi/Harga Keranjang' is: 'Rp 1,299'

2023-10-05 14:43:19 - [MESSAGE][PASSED] - Text of object 'Object Repository/verifikasi/Harga Keranjang' is: 'Rp 1,299'

2023-10-05 14:43:19 - [TEST_STEP][PASSED] - if (toString().equalsIgnoreCase("Merah")): Object 'Object Repository/keranjang/input_Warna_variasi101' is checked

2023-10-05 14:43:19 - [TEST_STEP][PASSED] - check(findTestObject("Object Repository/keranjang/input_Warna_variasi101")): Object 'Object Repository/keranjang/input_Warna_variasi101' is checked

2023-10-05 14:43:20 - [MESSAGE][PASSED] - Object 'Object Repository/keranjang/input_Warna_variasi101' is checked

2023-10-05 14:43:20 - [TEST_STEP][PASSED] - if (toString().equalsIgnoreCase("Menengah")): Object 'Object Repository/keranjang/input_Ukuran_variasi201' is checked

2023-10-05 14:43:20 - [TEST_STEP][PASSED] - check(findTestObject("Object Repository/keranjang/input_Ukuran_variasi201")): Object 'Object Repository/keranjang/input_Ukuran_variasi201' is checked

2023-10-05 14:43:20 - [MESSAGE][PASSED] - Object 'Object Repository/keranjang/input_Ukuran_variasi201' is checked

2023-10-05 14:43:20 - [TEST_STEP][PASSED] - data.put("Warna", warna): null

2023-10-05 14:43:20 - [TEST_STEP][PASSED] - data.put("Ukuran", ukuran): null

2023-10-05 14:43:20 - [TEST_STEP][PASSED] - click(findTestObject("keranjang/button_Lanjut ke Pembayaran")): Object: 'Object Repository/keranjang/button_Lanjut ke Pembayaran' is clicked on

2023-10-05 14:43:22 - [MESSAGE][PASSED] - Object: 'Object Repository/keranjang/button_Lanjut ke Pembayaran' is clicked on

2023-10-05 14:43:22 - [TEST_STEP][PASSED] - verifyElementPresent(findTestObject("checkout/Tittle Checkout Order"), 0): Object 'Object Repository/checkout/Tittle Checkout Order' is present

2023-10-05 14:43:22 - [MESSAGE][WARNING] - Timeout '0' is invalid. Using default page load timeout: '30'

2023-10-05 14:43:22 - [MESSAGE][PASSED] - Object 'Object Repository/checkout/Tittle Checkout Order' is present

2023-10-05 14:43:22 - [TEST_STEP][PASSED] - name_product = data.get("nama_barang"): null

2023-10-05 14:43:22 - [TEST_STEP][PASSED] - price_product = data.get("price_barang"): null

2023-10-05 14:43:22 - [TEST_STEP][PASSED] - assert name_product == NamaKeranjang: null

2023-10-05 14:43:22 - [TEST_STEP][PASSED] - assert price_product == HargaKeranjang: null

2023-10-05 14:43:22 - [TEST_STEP][PASSED] - return data: null

2023-10-05 14:43:22 - [MESSAGE][PASSED] - Call Test Case 'Test Cases/T13 Pembelian, Shipment dan Pembayaran/PBL-002' successfully

2023-10-05 14:43:22 - [TEST_STEP][PASSED] - warnaa = getText(findTestObject("verifikasi/warna Merah")): Text of object 'Object Repository/verifikasi/warna Merah' is: 'Merah'

2023-10-05 14:43:23 - [MESSAGE][PASSED] - Text of object 'Object Repository/verifikasi/warna Merah' is: 'Merah'

2023-10-05 14:43:23 - [TEST_STEP][PASSED] - ukurann = getText(findTestObject("verifikasi/Ukuran Menengah")): Text of object 'Object Repository/verifikasi/Ukuran Menengah' is: 'Menengah'

2023-10-05 14:43:23 - [MESSAGE][PASSED] - Text of object 'Object Repository/verifikasi/Ukuran Menengah' is: 'Menengah'

2023-10-05 14:43:23 - [TEST_STEP][PASSED] - warna1 = data.get("Warna"): null

2023-10-05 14:43:23 - [TEST_STEP][PASSED] - ukuran1 = data.get("Ukuran"): null

2023-10-05 14:43:23 - [TEST_STEP][PASSED] - assert warnaa == warna1: null

2023-10-05 14:43:23 - [TEST_STEP][PASSED] - assert ukurann == ukuran1: null

2023-10-05 14:43:23 - [TEST_STEP][PASSED] - NamaCheckout = getText(findTestObject("verifikasi/NamaCheckout")): Text of object 'Object Repository/verifikasi/NamaCheckout' is: ''

2023-10-05 14:43:23 - [MESSAGE][PASSED] - Text of object 'Object Repository/verifikasi/NamaCheckout' is: ''

2023-10-05 14:43:23 - [TEST_STEP][PASSED] - HargaCheckout = getText(findTestObject("verifikasi/HargaCheckout")): Text of object 'Object Repository/verifikasi/HargaCheckout' is: '1,299'

2023-10-05 14:43:24 - [MESSAGE][PASSED] - Text of object 'Object Repository/verifikasi/HargaCheckout' is: '1,299'

2023-10-05 14:43:24 - [TEST_STEP][PASSED] - name_product = data.get("nama_barang"): null

2023-10-05 14:43:24 - [TEST_STEP][PASSED] - price_product = data.get("price_barang"): null

2023-10-05 14:43:24 - [TEST_STEP][PASSED] - assert name_product.contains(NamaCheckout): null

2023-10-05 14:43:24 - [TEST_STEP][PASSED] - assert price_product.contains(HargaCheckout): null

2023-10-05 14:43:24 - [TEST_STEP][PASSED] - selectOptionByLabel(findTestObject("checkout/select - Kirim via Kurir Lokal"), Kurir, false): All options with label 'Roda 2' are selected in object 'Object Repository/checkout/select - Kirim via Kurir Lokal' 

2023-10-05 14:43:25 - [MESSAGE][PASSED] - All options with label 'Roda 2' are selected in object 'Object Repository/checkout/select - Kirim via Kurir Lokal' 

2023-10-05 14:43:25 - [TEST_STEP][PASSED] - click(findTestObject("checkout/Kendaraan Kurir")): Object: 'Object Repository/checkout/Kendaraan Kurir' is clicked on

2023-10-05 14:43:25 - [MESSAGE][PASSED] - Object: 'Object Repository/checkout/Kendaraan Kurir' is clicked on

2023-10-05 14:43:25 - [TEST_STEP][PASSED] - OngkosKirim = getText(findTestObject("Object Repository/verifikasi/Ongkos Kirim checkout")): Text of object 'Object Repository/verifikasi/Ongkos Kirim checkout' is: 'Rp. 5,000'

2023-10-05 14:43:26 - [MESSAGE][PASSED] - Text of object 'Object Repository/verifikasi/Ongkos Kirim checkout' is: 'Rp. 5,000'

2023-10-05 14:43:26 - [TEST_STEP][PASSED] - Ongkos = OngkosKirim.substring(3, OngkosKirim.size()): null

2023-10-05 14:43:26 - [TEST_STEP][PASSED] - rep = Ongkos.replace(",", "."): null

2023-10-05 14:43:26 - [TEST_STEP][PASSED] - Ongkos_kirim = Double.parseDouble(rep): null

2023-10-05 14:43:26 - [TEST_STEP][PASSED] - println(Ongkos_kirim): null

2023-10-05 14:43:26 - [TEST_STEP][PASSED] - FeeAdmin = getText(findTestObject("verifikasi/Fee Admin checkout")): Text of object 'Object Repository/verifikasi/Fee Admin checkout' is: 'Fee Admin
Rp 1,500'

2023-10-05 14:43:26 - [MESSAGE][PASSED] - Text of object 'Object Repository/verifikasi/Fee Admin checkout' is: 'Fee Admin
Rp 1,500'

2023-10-05 14:43:26 - [TEST_STEP][PASSED] - Fee_Admin = FeeAdmin.substring(12, FeeAdmin.size()): null

2023-10-05 14:43:26 - [TEST_STEP][PASSED] - fee = Fee_Admin.replace(",", "."): null

2023-10-05 14:43:26 - [TEST_STEP][PASSED] - fee_admin = Double.parseDouble(fee): null

2023-10-05 14:43:26 - [TEST_STEP][PASSED] - println(fee_admin): null

2023-10-05 14:43:26 - [TEST_STEP][PASSED] - Subtotal = getText(findTestObject("verifikasi/subtotal checkout")): Text of object 'Object Repository/verifikasi/subtotal checkout' is: 'Subtotal
Rp 1,299'

2023-10-05 14:43:27 - [MESSAGE][PASSED] - Text of object 'Object Repository/verifikasi/subtotal checkout' is: 'Subtotal
Rp 1,299'

2023-10-05 14:43:27 - [TEST_STEP][PASSED] - sub_total = Subtotal.substring(12, Subtotal.size()): null

2023-10-05 14:43:27 - [TEST_STEP][PASSED] - sub = sub_total.replace(",", "."): null

2023-10-05 14:43:27 - [TEST_STEP][PASSED] - sub_total = Double.parseDouble(sub): null

2023-10-05 14:43:27 - [TEST_STEP][PASSED] - println(sub_total): null

2023-10-05 14:43:27 - [TEST_STEP][PASSED] - Total = getText(findTestObject("verifikasi/Total checkout")): Text of object 'Object Repository/verifikasi/Total checkout' is: 'Rp 7,799'

2023-10-05 14:43:27 - [MESSAGE][PASSED] - Text of object 'Object Repository/verifikasi/Total checkout' is: 'Rp 7,799'

2023-10-05 14:43:27 - [TEST_STEP][PASSED] - totall = Total.substring(3, Total.size()): null

2023-10-05 14:43:27 - [TEST_STEP][PASSED] - total = totall.replace(",", "."): null

2023-10-05 14:43:27 - [TEST_STEP][PASSED] - totall = Double.parseDouble(total): null

2023-10-05 14:43:27 - [TEST_STEP][PASSED] - println(totall): null

2023-10-05 14:43:27 - [TEST_STEP][PASSED] - Total_Harga = Ongkos_kirim + fee_admin + sub_total: null

2023-10-05 14:43:27 - [TEST_STEP][PASSED] - println(Total_Harga): null

2023-10-05 14:43:27 - [TEST_STEP][PASSED] - TotalHarga = Math.round(Total_Harga * 1000) / 1000: null

2023-10-05 14:43:27 - [TEST_STEP][PASSED] - println(TotalHarga): null

2023-10-05 14:43:27 - [TEST_STEP][PASSED] - assert totall == TotalHarga: null

2023-10-05 14:43:27 - [TEST_STEP][PASSED] - click(findTestObject("verifikasi/Metode Transfer")): Object: 'Object Repository/verifikasi/Metode Transfer' is clicked on

2023-10-05 14:43:28 - [MESSAGE][PASSED] - Object: 'Object Repository/verifikasi/Metode Transfer' is clicked on

2023-10-05 14:43:28 - [TEST_STEP][PASSED] - click(findTestObject("checkout/button_Proses Pembayaran")): Object: 'Object Repository/checkout/button_Proses Pembayaran' is clicked on

2023-10-05 14:43:38 - [MESSAGE][PASSED] - Object: 'Object Repository/checkout/button_Proses Pembayaran' is clicked on

2023-10-05 14:43:38 - [TEST_STEP][PASSED] - verifyElementPresent(findTestObject("pembayaran/Tittle nomor invoice"), 0): Object 'Object Repository/pembayaran/Tittle nomor invoice' is present

2023-10-05 14:43:38 - [MESSAGE][WARNING] - Timeout '0' is invalid. Using default page load timeout: '30'

2023-10-05 14:43:38 - [MESSAGE][PASSED] - Object 'Object Repository/pembayaran/Tittle nomor invoice' is present

2023-10-05 14:43:38 - [TEST_STEP][PASSED] - return data: null]]></system-out>
         <system-err><![CDATA[]]></system-err>
      </testcase>
      <testcase name="Test Cases/T13 Pembelian, Shipment dan Pembayaran/PBL-005" time="43.178" classname="Test Cases/T13 Pembelian, Shipment dan Pembayaran/PBL-005" status="PASSED">
         <system-out><![CDATA[2023-10-05 14:43:38 - [TEST_CASE][PASSED] - Test Cases/T13 Pembelian, Shipment dan Pembayaran/PBL-005: Test Cases/T13 Pembelian, Shipment dan Pembayaran/PBL-005

2023-10-05 14:43:39 - [TEST_STEP][PASSED] - data = callTestCase(findTestCase("T13 Pembelian, Shipment dan Pembayaran/PBL-002"), [:], STOP_ON_FAILURE): Call Test Case 'Test Cases/T13 Pembelian, Shipment dan Pembayaran/PBL-002' successfully

2023-10-05 14:43:39 - [TEST_CASE][PASSED] - Test Cases/T13 Pembelian, Shipment dan Pembayaran/PBL-002: Test Cases/T13 Pembelian, Shipment dan Pembayaran/PBL-002

2023-10-05 14:43:39 - [TEST_STEP][PASSED] - data = callTestCase(findTestCase("T13 Pembelian, Shipment dan Pembayaran/PBL-001"), [:], STOP_ON_FAILURE): Call Test Case 'Test Cases/T13 Pembelian, Shipment dan Pembayaran/PBL-001' successfully

2023-10-05 14:43:39 - [TEST_CASE][PASSED] - Test Cases/T13 Pembelian, Shipment dan Pembayaran/PBL-001: Test Cases/T13 Pembelian, Shipment dan Pembayaran/PBL-001

2023-10-05 14:43:39 - [TEST_STEP][PASSED] - callTestCase(findTestCase("T13 Pembelian, Shipment dan Pembayaran/LU-001"), ["username":"irfanafandi", "password":"12345irfan"], STOP_ON_FAILURE): Call Test Case 'Test Cases/T13 Pembelian, Shipment dan Pembayaran/LU-001' successfully

2023-10-05 14:43:39 - [TEST_CASE][PASSED] - Test Cases/T13 Pembelian, Shipment dan Pembayaran/LU-001: Test Cases/T13 Pembelian, Shipment dan Pembayaran/LU-001

2023-10-05 14:43:39 - [TEST_STEP][PASSED] - openBrowser("https://10.9.2.63/ecommerce/"): Browser is opened with url: 'https://10.9.2.63/ecommerce/'

2023-10-05 14:43:39 - [MESSAGE][WARNING] - A browser is already opened. Closing browser and opening a new one

2023-10-05 14:43:40 - [MESSAGE][INFO] - Starting 'Edge Chromium' driver

2023-10-05 14:43:40 - [MESSAGE][INFO] - User set preference: ['acceptInsecureCerts', 'true']

2023-10-05 14:43:42 - [MESSAGE][INFO] - Action delay is set to 0 milliseconds

2023-10-05 14:43:45 - [MESSAGE][PASSED] - Browser is opened with url: 'https://10.9.2.63/ecommerce/'

2023-10-05 14:43:45 - [TEST_STEP][PASSED] - maximizeWindow(): Current window maximized

2023-10-05 14:43:45 - [MESSAGE][PASSED] - Current window maximized

2023-10-05 14:43:45 - [TEST_STEP][PASSED] - verifyElementPresent(findTestObject("Login/Home"), 0): Object 'Object Repository/Login/Home' is present

2023-10-05 14:43:45 - [MESSAGE][WARNING] - Timeout '0' is invalid. Using default page load timeout: '30'

2023-10-05 14:43:46 - [MESSAGE][PASSED] - Object 'Object Repository/Login/Home' is present

2023-10-05 14:43:46 - [TEST_STEP][PASSED] - click(findTestObject("Login/a_Login")): Object: 'Object Repository/Login/a_Login' is clicked on

2023-10-05 14:43:47 - [MESSAGE][PASSED] - Object: 'Object Repository/Login/a_Login' is clicked on

2023-10-05 14:43:47 - [TEST_STEP][PASSED] - verifyElementPresent(findTestObject("Login/Tittle Login"), 0): Object 'Object Repository/Login/Tittle Login' is present

2023-10-05 14:43:47 - [MESSAGE][WARNING] - Timeout '0' is invalid. Using default page load timeout: '30'

2023-10-05 14:43:47 - [MESSAGE][PASSED] - Object 'Object Repository/Login/Tittle Login' is present

2023-10-05 14:43:47 - [TEST_STEP][PASSED] - setText(findTestObject("Login/input_Username, Email atau No. Handphone_a"), username): Text 'irfanafandi' is set on object 'Object Repository/Login/input_Username, Email atau No. Handphone_a'

2023-10-05 14:43:48 - [MESSAGE][PASSED] - Text 'irfanafandi' is set on object 'Object Repository/Login/input_Username, Email atau No. Handphone_a'

2023-10-05 14:43:48 - [TEST_STEP][PASSED] - setText(findTestObject("Login/input_Password_b"), password): Text '12345irfan' is set on object 'Object Repository/Login/input_Password_b'

2023-10-05 14:43:49 - [MESSAGE][PASSED] - Text '12345irfan' is set on object 'Object Repository/Login/input_Password_b'

2023-10-05 14:43:49 - [TEST_STEP][PASSED] - click(findTestObject("Login/label_Ingat saya")): Object: 'Object Repository/Login/label_Ingat saya' is clicked on

2023-10-05 14:43:49 - [MESSAGE][PASSED] - Object: 'Object Repository/Login/label_Ingat saya' is clicked on

2023-10-05 14:43:49 - [TEST_STEP][PASSED] - click(findTestObject("Login/button_Masuk")): Object: 'Object Repository/Login/button_Masuk' is clicked on

2023-10-05 14:43:51 - [MESSAGE][PASSED] - Object: 'Object Repository/Login/button_Masuk' is clicked on

2023-10-05 14:43:51 - [TEST_STEP][PASSED] - verifyElementPresent(findTestObject("Login/li_Profile"), 0): Object 'Object Repository/Login/li_Profile' is present

2023-10-05 14:43:51 - [MESSAGE][WARNING] - Timeout '0' is invalid. Using default page load timeout: '30'

2023-10-05 14:43:52 - [MESSAGE][PASSED] - Object 'Object Repository/Login/li_Profile' is present

2023-10-05 14:43:52 - [MESSAGE][PASSED] - Call Test Case 'Test Cases/T13 Pembelian, Shipment dan Pembayaran/LU-001' successfully

2023-10-05 14:43:52 - [TEST_STEP][PASSED] - mouseOver(findTestObject("beli barang/i_Mulai Belanja_icon-menu")): Object: 'Object Repository/beli barang/i_Mulai Belanja_icon-menu' is hovered

2023-10-05 14:43:52 - [MESSAGE][PASSED] - Object: 'Object Repository/beli barang/i_Mulai Belanja_icon-menu' is hovered

2023-10-05 14:43:52 - [TEST_STEP][PASSED] - click(findTestObject("beli barang/a_Fashion  Busana Wanita")): Object: 'Object Repository/beli barang/a_Fashion  Busana Wanita' is clicked on

2023-10-05 14:43:53 - [MESSAGE][PASSED] - Object: 'Object Repository/beli barang/a_Fashion  Busana Wanita' is clicked on

2023-10-05 14:43:53 - [TEST_STEP][PASSED] - NamaSebelum = getText(findTestObject("verifikasi/Nama sebelum")): Text of object 'Object Repository/verifikasi/Nama sebelum' is: ''

2023-10-05 14:43:54 - [MESSAGE][PASSED] - Text of object 'Object Repository/verifikasi/Nama sebelum' is: ''

2023-10-05 14:43:54 - [TEST_STEP][PASSED] - HargaSebelum = getText(findTestObject("verifikasi/Harga sebelum")): Text of object 'Object Repository/verifikasi/Harga sebelum' is: 'Rp 1,299'

2023-10-05 14:43:54 - [MESSAGE][PASSED] - Text of object 'Object Repository/verifikasi/Harga sebelum' is: 'Rp 1,299'

2023-10-05 14:43:54 - [TEST_STEP][PASSED] - mouseOver(findTestObject("beli barang/barang mouse over")): Object: 'Object Repository/beli barang/barang mouse over' is hovered

2023-10-05 14:43:55 - [MESSAGE][PASSED] - Object: 'Object Repository/beli barang/barang mouse over' is hovered

2023-10-05 14:43:55 - [TEST_STEP][PASSED] - click(findTestObject("beli barang/buttom add to cart")): Object: 'Object Repository/beli barang/buttom add to cart' is clicked on

2023-10-05 14:43:57 - [MESSAGE][PASSED] - Object: 'Object Repository/beli barang/buttom add to cart' is clicked on

2023-10-05 14:43:57 - [TEST_STEP][PASSED] - NamaSesudah = getText(findTestObject("verifikasi/Nama sesudah")): Text of object 'Object Repository/verifikasi/Nama sesudah' is: 'Segitiga Instan Madeira - MDB5.3 Sunset'

2023-10-05 14:43:58 - [MESSAGE][PASSED] - Text of object 'Object Repository/verifikasi/Nama sesudah' is: 'Segitiga Instan Madeira - MDB5.3 Sunset'

2023-10-05 14:43:58 - [TEST_STEP][PASSED] - HargaSesudah = getText(findTestObject("verifikasi/Harga sesudah")): Text of object 'Object Repository/verifikasi/Harga sesudah' is: 'Rp 1,299'

2023-10-05 14:43:58 - [MESSAGE][PASSED] - Text of object 'Object Repository/verifikasi/Harga sesudah' is: 'Rp 1,299'

2023-10-05 14:43:58 - [TEST_STEP][PASSED] - assert NamaSesudah.contains(NamaSebelum): null

2023-10-05 14:43:58 - [TEST_STEP][PASSED] - assert HargaSesudah.contains(HargaSebelum): null

2023-10-05 14:43:58 - [TEST_STEP][PASSED] - click(findTestObject("beli barang/Tambah Keranjang busana wanita")): Object: 'Object Repository/beli barang/Tambah Keranjang busana wanita' is clicked on

2023-10-05 14:43:59 - [MESSAGE][PASSED] - Object: 'Object Repository/beli barang/Tambah Keranjang busana wanita' is clicked on

2023-10-05 14:43:59 - [TEST_STEP][PASSED] - verifyElementPresent(findTestObject("checkout/Notifikasi keranjang"), 1): Object 'Object Repository/checkout/Notifikasi keranjang' is present

2023-10-05 14:44:00 - [MESSAGE][PASSED] - Object 'Object Repository/checkout/Notifikasi keranjang' is present

2023-10-05 14:44:00 - [TEST_STEP][PASSED] - data = new java.util.HashMap(): null

2023-10-05 14:44:00 - [TEST_STEP][PASSED] - data.put("nama_barang", NamaSesudah): null

2023-10-05 14:44:00 - [TEST_STEP][PASSED] - data.put("price_barang", HargaSesudah): null

2023-10-05 14:44:00 - [TEST_STEP][PASSED] - return data: null

2023-10-05 14:44:00 - [MESSAGE][PASSED] - Call Test Case 'Test Cases/T13 Pembelian, Shipment dan Pembayaran/PBL-001' successfully

2023-10-05 14:44:00 - [TEST_STEP][PASSED] - mouseOver(findTestObject("beli barang/keranjang")): Object: 'Object Repository/beli barang/keranjang' is hovered

2023-10-05 14:44:00 - [MESSAGE][PASSED] - Object: 'Object Repository/beli barang/keranjang' is hovered

2023-10-05 14:44:00 - [TEST_STEP][PASSED] - click(findTestObject("beli barang/Lihat Sekarang")): Object: 'Object Repository/beli barang/Lihat Sekarang' is clicked on

2023-10-05 14:44:01 - [MESSAGE][PASSED] - Object: 'Object Repository/beli barang/Lihat Sekarang' is clicked on

2023-10-05 14:44:01 - [TEST_STEP][PASSED] - verifyElementPresent(findTestObject("keranjang/li_Keranjang Belanja"), 0): Object 'Object Repository/keranjang/li_Keranjang Belanja' is present

2023-10-05 14:44:01 - [MESSAGE][WARNING] - Timeout '0' is invalid. Using default page load timeout: '30'

2023-10-05 14:44:02 - [MESSAGE][PASSED] - Object 'Object Repository/keranjang/li_Keranjang Belanja' is present

2023-10-05 14:44:02 - [TEST_STEP][PASSED] - NamaKeranjang = getText(findTestObject("verifikasi/Nama keranjang")): Text of object 'Object Repository/verifikasi/Nama keranjang' is: 'Segitiga Instan Madeira - MDB5.3 Sunset'

2023-10-05 14:44:03 - [MESSAGE][PASSED] - Text of object 'Object Repository/verifikasi/Nama keranjang' is: 'Segitiga Instan Madeira - MDB5.3 Sunset'

2023-10-05 14:44:03 - [TEST_STEP][PASSED] - HargaKeranjang = getText(findTestObject("verifikasi/Harga Keranjang")): Text of object 'Object Repository/verifikasi/Harga Keranjang' is: 'Rp 1,299'

2023-10-05 14:44:03 - [MESSAGE][PASSED] - Text of object 'Object Repository/verifikasi/Harga Keranjang' is: 'Rp 1,299'

2023-10-05 14:44:03 - [TEST_STEP][PASSED] - if (toString().equalsIgnoreCase("Merah")): Object 'Object Repository/keranjang/input_Warna_variasi101' is checked

2023-10-05 14:44:03 - [TEST_STEP][PASSED] - check(findTestObject("Object Repository/keranjang/input_Warna_variasi101")): Object 'Object Repository/keranjang/input_Warna_variasi101' is checked

2023-10-05 14:44:04 - [MESSAGE][PASSED] - Object 'Object Repository/keranjang/input_Warna_variasi101' is checked

2023-10-05 14:44:04 - [TEST_STEP][PASSED] - if (toString().equalsIgnoreCase("Menengah")): Object 'Object Repository/keranjang/input_Ukuran_variasi201' is checked

2023-10-05 14:44:04 - [TEST_STEP][PASSED] - check(findTestObject("Object Repository/keranjang/input_Ukuran_variasi201")): Object 'Object Repository/keranjang/input_Ukuran_variasi201' is checked

2023-10-05 14:44:04 - [MESSAGE][PASSED] - Object 'Object Repository/keranjang/input_Ukuran_variasi201' is checked

2023-10-05 14:44:04 - [TEST_STEP][PASSED] - data.put("Warna", warna): null

2023-10-05 14:44:04 - [TEST_STEP][PASSED] - data.put("Ukuran", ukuran): null

2023-10-05 14:44:04 - [TEST_STEP][PASSED] - click(findTestObject("keranjang/button_Lanjut ke Pembayaran")): Object: 'Object Repository/keranjang/button_Lanjut ke Pembayaran' is clicked on

2023-10-05 14:44:06 - [MESSAGE][PASSED] - Object: 'Object Repository/keranjang/button_Lanjut ke Pembayaran' is clicked on

2023-10-05 14:44:06 - [TEST_STEP][PASSED] - verifyElementPresent(findTestObject("checkout/Tittle Checkout Order"), 0): Object 'Object Repository/checkout/Tittle Checkout Order' is present

2023-10-05 14:44:06 - [MESSAGE][WARNING] - Timeout '0' is invalid. Using default page load timeout: '30'

2023-10-05 14:44:06 - [MESSAGE][PASSED] - Object 'Object Repository/checkout/Tittle Checkout Order' is present

2023-10-05 14:44:06 - [TEST_STEP][PASSED] - name_product = data.get("nama_barang"): null

2023-10-05 14:44:06 - [TEST_STEP][PASSED] - price_product = data.get("price_barang"): null

2023-10-05 14:44:06 - [TEST_STEP][PASSED] - assert name_product == NamaKeranjang: null

2023-10-05 14:44:06 - [TEST_STEP][PASSED] - assert price_product == HargaKeranjang: null

2023-10-05 14:44:06 - [TEST_STEP][PASSED] - return data: null

2023-10-05 14:44:06 - [MESSAGE][PASSED] - Call Test Case 'Test Cases/T13 Pembelian, Shipment dan Pembayaran/PBL-002' successfully

2023-10-05 14:44:06 - [TEST_STEP][PASSED] - warnaa = getText(findTestObject("verifikasi/warna Merah")): Text of object 'Object Repository/verifikasi/warna Merah' is: 'Merah'

2023-10-05 14:44:07 - [MESSAGE][PASSED] - Text of object 'Object Repository/verifikasi/warna Merah' is: 'Merah'

2023-10-05 14:44:07 - [TEST_STEP][PASSED] - ukurann = getText(findTestObject("verifikasi/Ukuran Menengah")): Text of object 'Object Repository/verifikasi/Ukuran Menengah' is: 'Menengah'

2023-10-05 14:44:07 - [MESSAGE][PASSED] - Text of object 'Object Repository/verifikasi/Ukuran Menengah' is: 'Menengah'

2023-10-05 14:44:07 - [TEST_STEP][PASSED] - warna1 = data.get("Warna"): null

2023-10-05 14:44:07 - [TEST_STEP][PASSED] - ukuran1 = data.get("Ukuran"): null

2023-10-05 14:44:07 - [TEST_STEP][PASSED] - assert warnaa == warna1: null

2023-10-05 14:44:07 - [TEST_STEP][PASSED] - assert ukurann == ukuran1: null

2023-10-05 14:44:07 - [TEST_STEP][PASSED] - NamaCheckout = getText(findTestObject("verifikasi/NamaCheckout")): Text of object 'Object Repository/verifikasi/NamaCheckout' is: ''

2023-10-05 14:44:08 - [MESSAGE][PASSED] - Text of object 'Object Repository/verifikasi/NamaCheckout' is: ''

2023-10-05 14:44:08 - [TEST_STEP][PASSED] - HargaCheckout = getText(findTestObject("verifikasi/HargaCheckout")): Text of object 'Object Repository/verifikasi/HargaCheckout' is: '1,299'

2023-10-05 14:44:08 - [MESSAGE][PASSED] - Text of object 'Object Repository/verifikasi/HargaCheckout' is: '1,299'

2023-10-05 14:44:08 - [TEST_STEP][PASSED] - name_product = data.get("nama_barang"): null

2023-10-05 14:44:08 - [TEST_STEP][PASSED] - price_product = data.get("price_barang"): null

2023-10-05 14:44:08 - [TEST_STEP][PASSED] - assert name_product.contains(NamaCheckout): null

2023-10-05 14:44:08 - [TEST_STEP][PASSED] - assert price_product.contains(HargaCheckout): null

2023-10-05 14:44:08 - [TEST_STEP][PASSED] - selectOptionByLabel(findTestObject("checkout/select - Kirim via Kurir Lokal"), Kurir, false): All options with label 'Roda 2' are selected in object 'Object Repository/checkout/select - Kirim via Kurir Lokal' 

2023-10-05 14:44:09 - [MESSAGE][PASSED] - All options with label 'Roda 2' are selected in object 'Object Repository/checkout/select - Kirim via Kurir Lokal' 

2023-10-05 14:44:09 - [TEST_STEP][PASSED] - click(findTestObject("checkout/Kendaraan Kurir")): Object: 'Object Repository/checkout/Kendaraan Kurir' is clicked on

2023-10-05 14:44:09 - [MESSAGE][PASSED] - Object: 'Object Repository/checkout/Kendaraan Kurir' is clicked on

2023-10-05 14:44:09 - [TEST_STEP][PASSED] - OngkosKirim = getText(findTestObject("Object Repository/verifikasi/Ongkos Kirim checkout")): Text of object 'Object Repository/verifikasi/Ongkos Kirim checkout' is: 'Rp. 5,000'

2023-10-05 14:44:10 - [MESSAGE][PASSED] - Text of object 'Object Repository/verifikasi/Ongkos Kirim checkout' is: 'Rp. 5,000'

2023-10-05 14:44:10 - [TEST_STEP][PASSED] - Ongkos = OngkosKirim.substring(3, OngkosKirim.size()): null

2023-10-05 14:44:10 - [TEST_STEP][PASSED] - rep = Ongkos.replace(",", "."): null

2023-10-05 14:44:10 - [TEST_STEP][PASSED] - Ongkos_kirim = Double.parseDouble(rep): null

2023-10-05 14:44:10 - [TEST_STEP][PASSED] - println(Ongkos_kirim): null

2023-10-05 14:44:10 - [TEST_STEP][PASSED] - FeeAdmin = getText(findTestObject("verifikasi/Fee Admin checkout")): Text of object 'Object Repository/verifikasi/Fee Admin checkout' is: 'Fee Admin
Rp 1,500'

2023-10-05 14:44:10 - [MESSAGE][PASSED] - Text of object 'Object Repository/verifikasi/Fee Admin checkout' is: 'Fee Admin
Rp 1,500'

2023-10-05 14:44:10 - [TEST_STEP][PASSED] - Fee_Admin = FeeAdmin.substring(12, FeeAdmin.size()): null

2023-10-05 14:44:10 - [TEST_STEP][PASSED] - fee = Fee_Admin.replace(",", "."): null

2023-10-05 14:44:10 - [TEST_STEP][PASSED] - fee_admin = Double.parseDouble(fee): null

2023-10-05 14:44:10 - [TEST_STEP][PASSED] - println(fee_admin): null

2023-10-05 14:44:10 - [TEST_STEP][PASSED] - Subtotal = getText(findTestObject("verifikasi/subtotal checkout")): Text of object 'Object Repository/verifikasi/subtotal checkout' is: 'Subtotal
Rp 1,299'

2023-10-05 14:44:11 - [MESSAGE][PASSED] - Text of object 'Object Repository/verifikasi/subtotal checkout' is: 'Subtotal
Rp 1,299'

2023-10-05 14:44:11 - [TEST_STEP][PASSED] - sub_total = Subtotal.substring(12, Subtotal.size()): null

2023-10-05 14:44:11 - [TEST_STEP][PASSED] - sub = sub_total.replace(",", "."): null

2023-10-05 14:44:11 - [TEST_STEP][PASSED] - sub_total = Double.parseDouble(sub): null

2023-10-05 14:44:11 - [TEST_STEP][PASSED] - println(sub_total): null

2023-10-05 14:44:11 - [TEST_STEP][PASSED] - Total = getText(findTestObject("verifikasi/Total checkout")): Text of object 'Object Repository/verifikasi/Total checkout' is: 'Rp 7,799'

2023-10-05 14:44:11 - [MESSAGE][PASSED] - Text of object 'Object Repository/verifikasi/Total checkout' is: 'Rp 7,799'

2023-10-05 14:44:11 - [TEST_STEP][PASSED] - totall = Total.substring(3, Total.size()): null

2023-10-05 14:44:11 - [TEST_STEP][PASSED] - total = totall.replace(",", "."): null

2023-10-05 14:44:11 - [TEST_STEP][PASSED] - totall = Double.parseDouble(total): null

2023-10-05 14:44:11 - [TEST_STEP][PASSED] - println(totall): null

2023-10-05 14:44:11 - [TEST_STEP][PASSED] - Total_Harga = Ongkos_kirim + fee_admin + sub_total: null

2023-10-05 14:44:11 - [TEST_STEP][PASSED] - println(Total_Harga): null

2023-10-05 14:44:11 - [TEST_STEP][PASSED] - TotalHarga = Math.round(Total_Harga * 1000) / 1000: null

2023-10-05 14:44:11 - [TEST_STEP][PASSED] - println(TotalHarga): null

2023-10-05 14:44:11 - [TEST_STEP][PASSED] - assert totall == TotalHarga: null

2023-10-05 14:44:11 - [TEST_STEP][PASSED] - click(findTestObject("Object Repository/checkout/metode pembayaran")): Object: 'Object Repository/checkout/metode pembayaran' is clicked on

2023-10-05 14:44:12 - [MESSAGE][PASSED] - Object: 'Object Repository/checkout/metode pembayaran' is clicked on

2023-10-05 14:44:12 - [TEST_STEP][PASSED] - click(findTestObject("checkout/button_Proses Pembayaran")): Object: 'Object Repository/checkout/button_Proses Pembayaran' is clicked on

2023-10-05 14:44:21 - [MESSAGE][PASSED] - Object: 'Object Repository/checkout/button_Proses Pembayaran' is clicked on

2023-10-05 14:44:21 - [TEST_STEP][PASSED] - verifyElementPresent(findTestObject("pembayaran/Tittle nomor invoice"), 0): Object 'Object Repository/pembayaran/Tittle nomor invoice' is present

2023-10-05 14:44:21 - [MESSAGE][WARNING] - Timeout '0' is invalid. Using default page load timeout: '30'

2023-10-05 14:44:21 - [MESSAGE][PASSED] - Object 'Object Repository/pembayaran/Tittle nomor invoice' is present

2023-10-05 14:44:21 - [TEST_STEP][PASSED] - return data: null]]></system-out>
         <system-err><![CDATA[]]></system-err>
      </testcase>
      <testcase name="Test Cases/T13 Pembelian, Shipment dan Pembayaran/PBL-006" time="36.211" classname="Test Cases/T13 Pembelian, Shipment dan Pembayaran/PBL-006" status="PASSED">
         <system-out><![CDATA[2023-10-05 14:44:21 - [TEST_CASE][PASSED] - Test Cases/T13 Pembelian, Shipment dan Pembayaran/PBL-006: Test Cases/T13 Pembelian, Shipment dan Pembayaran/PBL-006

2023-10-05 14:44:22 - [TEST_STEP][PASSED] - data = callTestCase(findTestCase("T13 Pembelian, Shipment dan Pembayaran/PBL-002"), [:], STOP_ON_FAILURE): Call Test Case 'Test Cases/T13 Pembelian, Shipment dan Pembayaran/PBL-002' successfully

2023-10-05 14:44:22 - [TEST_CASE][PASSED] - Test Cases/T13 Pembelian, Shipment dan Pembayaran/PBL-002: Test Cases/T13 Pembelian, Shipment dan Pembayaran/PBL-002

2023-10-05 14:44:22 - [TEST_STEP][PASSED] - data = callTestCase(findTestCase("T13 Pembelian, Shipment dan Pembayaran/PBL-001"), [:], STOP_ON_FAILURE): Call Test Case 'Test Cases/T13 Pembelian, Shipment dan Pembayaran/PBL-001' successfully

2023-10-05 14:44:22 - [TEST_CASE][PASSED] - Test Cases/T13 Pembelian, Shipment dan Pembayaran/PBL-001: Test Cases/T13 Pembelian, Shipment dan Pembayaran/PBL-001

2023-10-05 14:44:22 - [TEST_STEP][PASSED] - callTestCase(findTestCase("T13 Pembelian, Shipment dan Pembayaran/LU-001"), ["username":"irfanafandi", "password":"12345irfan"], STOP_ON_FAILURE): Call Test Case 'Test Cases/T13 Pembelian, Shipment dan Pembayaran/LU-001' successfully

2023-10-05 14:44:22 - [TEST_CASE][PASSED] - Test Cases/T13 Pembelian, Shipment dan Pembayaran/LU-001: Test Cases/T13 Pembelian, Shipment dan Pembayaran/LU-001

2023-10-05 14:44:22 - [TEST_STEP][PASSED] - openBrowser("https://10.9.2.63/ecommerce/"): Browser is opened with url: 'https://10.9.2.63/ecommerce/'

2023-10-05 14:44:22 - [MESSAGE][WARNING] - A browser is already opened. Closing browser and opening a new one

2023-10-05 14:44:23 - [MESSAGE][INFO] - Starting 'Edge Chromium' driver

2023-10-05 14:44:23 - [MESSAGE][INFO] - User set preference: ['acceptInsecureCerts', 'true']

2023-10-05 14:44:25 - [MESSAGE][INFO] - Action delay is set to 0 milliseconds

2023-10-05 14:44:29 - [MESSAGE][PASSED] - Browser is opened with url: 'https://10.9.2.63/ecommerce/'

2023-10-05 14:44:29 - [TEST_STEP][PASSED] - maximizeWindow(): Current window maximized

2023-10-05 14:44:29 - [MESSAGE][PASSED] - Current window maximized

2023-10-05 14:44:29 - [TEST_STEP][PASSED] - verifyElementPresent(findTestObject("Login/Home"), 0): Object 'Object Repository/Login/Home' is present

2023-10-05 14:44:29 - [MESSAGE][WARNING] - Timeout '0' is invalid. Using default page load timeout: '30'

2023-10-05 14:44:30 - [MESSAGE][PASSED] - Object 'Object Repository/Login/Home' is present

2023-10-05 14:44:30 - [TEST_STEP][PASSED] - click(findTestObject("Login/a_Login")): Object: 'Object Repository/Login/a_Login' is clicked on

2023-10-05 14:44:30 - [MESSAGE][PASSED] - Object: 'Object Repository/Login/a_Login' is clicked on

2023-10-05 14:44:30 - [TEST_STEP][PASSED] - verifyElementPresent(findTestObject("Login/Tittle Login"), 0): Object 'Object Repository/Login/Tittle Login' is present

2023-10-05 14:44:30 - [MESSAGE][WARNING] - Timeout '0' is invalid. Using default page load timeout: '30'

2023-10-05 14:44:31 - [MESSAGE][PASSED] - Object 'Object Repository/Login/Tittle Login' is present

2023-10-05 14:44:31 - [TEST_STEP][PASSED] - setText(findTestObject("Login/input_Username, Email atau No. Handphone_a"), username): Text 'irfanafandi' is set on object 'Object Repository/Login/input_Username, Email atau No. Handphone_a'

2023-10-05 14:44:32 - [MESSAGE][PASSED] - Text 'irfanafandi' is set on object 'Object Repository/Login/input_Username, Email atau No. Handphone_a'

2023-10-05 14:44:32 - [TEST_STEP][PASSED] - setText(findTestObject("Login/input_Password_b"), password): Text '12345irfan' is set on object 'Object Repository/Login/input_Password_b'

2023-10-05 14:44:33 - [MESSAGE][PASSED] - Text '12345irfan' is set on object 'Object Repository/Login/input_Password_b'

2023-10-05 14:44:33 - [TEST_STEP][PASSED] - click(findTestObject("Login/label_Ingat saya")): Object: 'Object Repository/Login/label_Ingat saya' is clicked on

2023-10-05 14:44:33 - [MESSAGE][PASSED] - Object: 'Object Repository/Login/label_Ingat saya' is clicked on

2023-10-05 14:44:33 - [TEST_STEP][PASSED] - click(findTestObject("Login/button_Masuk")): Object: 'Object Repository/Login/button_Masuk' is clicked on

2023-10-05 14:44:35 - [MESSAGE][PASSED] - Object: 'Object Repository/Login/button_Masuk' is clicked on

2023-10-05 14:44:35 - [TEST_STEP][PASSED] - verifyElementPresent(findTestObject("Login/li_Profile"), 0): Object 'Object Repository/Login/li_Profile' is present

2023-10-05 14:44:35 - [MESSAGE][WARNING] - Timeout '0' is invalid. Using default page load timeout: '30'

2023-10-05 14:44:35 - [MESSAGE][PASSED] - Object 'Object Repository/Login/li_Profile' is present

2023-10-05 14:44:35 - [MESSAGE][PASSED] - Call Test Case 'Test Cases/T13 Pembelian, Shipment dan Pembayaran/LU-001' successfully

2023-10-05 14:44:35 - [TEST_STEP][PASSED] - mouseOver(findTestObject("beli barang/i_Mulai Belanja_icon-menu")): Object: 'Object Repository/beli barang/i_Mulai Belanja_icon-menu' is hovered

2023-10-05 14:44:36 - [MESSAGE][PASSED] - Object: 'Object Repository/beli barang/i_Mulai Belanja_icon-menu' is hovered

2023-10-05 14:44:36 - [TEST_STEP][PASSED] - click(findTestObject("beli barang/a_Fashion  Busana Wanita")): Object: 'Object Repository/beli barang/a_Fashion  Busana Wanita' is clicked on

2023-10-05 14:44:37 - [MESSAGE][PASSED] - Object: 'Object Repository/beli barang/a_Fashion  Busana Wanita' is clicked on

2023-10-05 14:44:37 - [TEST_STEP][PASSED] - NamaSebelum = getText(findTestObject("verifikasi/Nama sebelum")): Text of object 'Object Repository/verifikasi/Nama sebelum' is: ''

2023-10-05 14:44:38 - [MESSAGE][PASSED] - Text of object 'Object Repository/verifikasi/Nama sebelum' is: ''

2023-10-05 14:44:38 - [TEST_STEP][PASSED] - HargaSebelum = getText(findTestObject("verifikasi/Harga sebelum")): Text of object 'Object Repository/verifikasi/Harga sebelum' is: 'Rp 1,299'

2023-10-05 14:44:38 - [MESSAGE][PASSED] - Text of object 'Object Repository/verifikasi/Harga sebelum' is: 'Rp 1,299'

2023-10-05 14:44:38 - [TEST_STEP][PASSED] - mouseOver(findTestObject("beli barang/barang mouse over")): Object: 'Object Repository/beli barang/barang mouse over' is hovered

2023-10-05 14:44:39 - [MESSAGE][PASSED] - Object: 'Object Repository/beli barang/barang mouse over' is hovered

2023-10-05 14:44:39 - [TEST_STEP][PASSED] - click(findTestObject("beli barang/buttom add to cart")): Object: 'Object Repository/beli barang/buttom add to cart' is clicked on

2023-10-05 14:44:41 - [MESSAGE][PASSED] - Object: 'Object Repository/beli barang/buttom add to cart' is clicked on

2023-10-05 14:44:41 - [TEST_STEP][PASSED] - NamaSesudah = getText(findTestObject("verifikasi/Nama sesudah")): Text of object 'Object Repository/verifikasi/Nama sesudah' is: 'Segitiga Instan Madeira - MDB5.3 Sunset'

2023-10-05 14:44:41 - [MESSAGE][PASSED] - Text of object 'Object Repository/verifikasi/Nama sesudah' is: 'Segitiga Instan Madeira - MDB5.3 Sunset'

2023-10-05 14:44:41 - [TEST_STEP][PASSED] - HargaSesudah = getText(findTestObject("verifikasi/Harga sesudah")): Text of object 'Object Repository/verifikasi/Harga sesudah' is: 'Rp 1,299'

2023-10-05 14:44:41 - [MESSAGE][PASSED] - Text of object 'Object Repository/verifikasi/Harga sesudah' is: 'Rp 1,299'

2023-10-05 14:44:41 - [TEST_STEP][PASSED] - assert NamaSesudah.contains(NamaSebelum): null

2023-10-05 14:44:41 - [TEST_STEP][PASSED] - assert HargaSesudah.contains(HargaSebelum): null

2023-10-05 14:44:41 - [TEST_STEP][PASSED] - click(findTestObject("beli barang/Tambah Keranjang busana wanita")): Object: 'Object Repository/beli barang/Tambah Keranjang busana wanita' is clicked on

2023-10-05 14:44:42 - [MESSAGE][PASSED] - Object: 'Object Repository/beli barang/Tambah Keranjang busana wanita' is clicked on

2023-10-05 14:44:42 - [TEST_STEP][PASSED] - verifyElementPresent(findTestObject("checkout/Notifikasi keranjang"), 1): Object 'Object Repository/checkout/Notifikasi keranjang' is present

2023-10-05 14:44:43 - [MESSAGE][PASSED] - Object 'Object Repository/checkout/Notifikasi keranjang' is present

2023-10-05 14:44:43 - [TEST_STEP][PASSED] - data = new java.util.HashMap(): null

2023-10-05 14:44:43 - [TEST_STEP][PASSED] - data.put("nama_barang", NamaSesudah): null

2023-10-05 14:44:43 - [TEST_STEP][PASSED] - data.put("price_barang", HargaSesudah): null

2023-10-05 14:44:43 - [TEST_STEP][PASSED] - return data: null

2023-10-05 14:44:43 - [MESSAGE][PASSED] - Call Test Case 'Test Cases/T13 Pembelian, Shipment dan Pembayaran/PBL-001' successfully

2023-10-05 14:44:43 - [TEST_STEP][PASSED] - mouseOver(findTestObject("beli barang/keranjang")): Object: 'Object Repository/beli barang/keranjang' is hovered

2023-10-05 14:44:43 - [MESSAGE][PASSED] - Object: 'Object Repository/beli barang/keranjang' is hovered

2023-10-05 14:44:43 - [TEST_STEP][PASSED] - click(findTestObject("beli barang/Lihat Sekarang")): Object: 'Object Repository/beli barang/Lihat Sekarang' is clicked on

2023-10-05 14:44:44 - [MESSAGE][PASSED] - Object: 'Object Repository/beli barang/Lihat Sekarang' is clicked on

2023-10-05 14:44:44 - [TEST_STEP][PASSED] - verifyElementPresent(findTestObject("keranjang/li_Keranjang Belanja"), 0): Object 'Object Repository/keranjang/li_Keranjang Belanja' is present

2023-10-05 14:44:44 - [MESSAGE][WARNING] - Timeout '0' is invalid. Using default page load timeout: '30'

2023-10-05 14:44:45 - [MESSAGE][PASSED] - Object 'Object Repository/keranjang/li_Keranjang Belanja' is present

2023-10-05 14:44:45 - [TEST_STEP][PASSED] - NamaKeranjang = getText(findTestObject("verifikasi/Nama keranjang")): Text of object 'Object Repository/verifikasi/Nama keranjang' is: 'Segitiga Instan Madeira - MDB5.3 Sunset'

2023-10-05 14:44:46 - [MESSAGE][PASSED] - Text of object 'Object Repository/verifikasi/Nama keranjang' is: 'Segitiga Instan Madeira - MDB5.3 Sunset'

2023-10-05 14:44:46 - [TEST_STEP][PASSED] - HargaKeranjang = getText(findTestObject("verifikasi/Harga Keranjang")): Text of object 'Object Repository/verifikasi/Harga Keranjang' is: 'Rp 1,299'

2023-10-05 14:44:46 - [MESSAGE][PASSED] - Text of object 'Object Repository/verifikasi/Harga Keranjang' is: 'Rp 1,299'

2023-10-05 14:44:46 - [TEST_STEP][PASSED] - if (toString().equalsIgnoreCase("Merah")): Object 'Object Repository/keranjang/input_Warna_variasi101' is checked

2023-10-05 14:44:46 - [TEST_STEP][PASSED] - check(findTestObject("Object Repository/keranjang/input_Warna_variasi101")): Object 'Object Repository/keranjang/input_Warna_variasi101' is checked

2023-10-05 14:44:47 - [MESSAGE][PASSED] - Object 'Object Repository/keranjang/input_Warna_variasi101' is checked

2023-10-05 14:44:47 - [TEST_STEP][PASSED] - if (toString().equalsIgnoreCase("Menengah")): Object 'Object Repository/keranjang/input_Ukuran_variasi201' is checked

2023-10-05 14:44:47 - [TEST_STEP][PASSED] - check(findTestObject("Object Repository/keranjang/input_Ukuran_variasi201")): Object 'Object Repository/keranjang/input_Ukuran_variasi201' is checked

2023-10-05 14:44:47 - [MESSAGE][PASSED] - Object 'Object Repository/keranjang/input_Ukuran_variasi201' is checked

2023-10-05 14:44:47 - [TEST_STEP][PASSED] - data.put("Warna", warna): null

2023-10-05 14:44:47 - [TEST_STEP][PASSED] - data.put("Ukuran", ukuran): null

2023-10-05 14:44:47 - [TEST_STEP][PASSED] - click(findTestObject("keranjang/button_Lanjut ke Pembayaran")): Object: 'Object Repository/keranjang/button_Lanjut ke Pembayaran' is clicked on

2023-10-05 14:44:49 - [MESSAGE][PASSED] - Object: 'Object Repository/keranjang/button_Lanjut ke Pembayaran' is clicked on

2023-10-05 14:44:49 - [TEST_STEP][PASSED] - verifyElementPresent(findTestObject("checkout/Tittle Checkout Order"), 0): Object 'Object Repository/checkout/Tittle Checkout Order' is present

2023-10-05 14:44:49 - [MESSAGE][WARNING] - Timeout '0' is invalid. Using default page load timeout: '30'

2023-10-05 14:44:49 - [MESSAGE][PASSED] - Object 'Object Repository/checkout/Tittle Checkout Order' is present

2023-10-05 14:44:49 - [TEST_STEP][PASSED] - name_product = data.get("nama_barang"): null

2023-10-05 14:44:49 - [TEST_STEP][PASSED] - price_product = data.get("price_barang"): null

2023-10-05 14:44:49 - [TEST_STEP][PASSED] - assert name_product == NamaKeranjang: null

2023-10-05 14:44:49 - [TEST_STEP][PASSED] - assert price_product == HargaKeranjang: null

2023-10-05 14:44:49 - [TEST_STEP][PASSED] - return data: null

2023-10-05 14:44:49 - [MESSAGE][PASSED] - Call Test Case 'Test Cases/T13 Pembelian, Shipment dan Pembayaran/PBL-002' successfully

2023-10-05 14:44:49 - [TEST_STEP][PASSED] - clearText(findTestObject("checkout/input_Alamat Kirim")): Text of object 'Object Repository/checkout/input_Alamat Kirim' is cleared

2023-10-05 14:44:50 - [MESSAGE][PASSED] - Text of object 'Object Repository/checkout/input_Alamat Kirim' is cleared

2023-10-05 14:44:50 - [TEST_STEP][PASSED] - warnaa = getText(findTestObject("verifikasi/warna Merah")): Text of object 'Object Repository/verifikasi/warna Merah' is: 'Merah'

2023-10-05 14:44:50 - [MESSAGE][PASSED] - Text of object 'Object Repository/verifikasi/warna Merah' is: 'Merah'

2023-10-05 14:44:50 - [TEST_STEP][PASSED] - ukurann = getText(findTestObject("verifikasi/Ukuran Menengah")): Text of object 'Object Repository/verifikasi/Ukuran Menengah' is: 'Menengah'

2023-10-05 14:44:50 - [MESSAGE][PASSED] - Text of object 'Object Repository/verifikasi/Ukuran Menengah' is: 'Menengah'

2023-10-05 14:44:50 - [TEST_STEP][PASSED] - warna1 = data.get("Warna"): null

2023-10-05 14:44:50 - [TEST_STEP][PASSED] - ukuran1 = data.get("Ukuran"): null

2023-10-05 14:44:50 - [TEST_STEP][PASSED] - assert warnaa == warna1: null

2023-10-05 14:44:50 - [TEST_STEP][PASSED] - assert ukurann == ukuran1: null

2023-10-05 14:44:50 - [TEST_STEP][PASSED] - NamaCheckout = getText(findTestObject("verifikasi/NamaCheckout")): Text of object 'Object Repository/verifikasi/NamaCheckout' is: ''

2023-10-05 14:44:51 - [MESSAGE][PASSED] - Text of object 'Object Repository/verifikasi/NamaCheckout' is: ''

2023-10-05 14:44:51 - [TEST_STEP][PASSED] - HargaCheckout = getText(findTestObject("verifikasi/HargaCheckout")): Text of object 'Object Repository/verifikasi/HargaCheckout' is: '1,299'

2023-10-05 14:44:51 - [MESSAGE][PASSED] - Text of object 'Object Repository/verifikasi/HargaCheckout' is: '1,299'

2023-10-05 14:44:51 - [TEST_STEP][PASSED] - name_product = data.get("nama_barang"): null

2023-10-05 14:44:51 - [TEST_STEP][PASSED] - price_product = data.get("price_barang"): null

2023-10-05 14:44:51 - [TEST_STEP][PASSED] - assert name_product.contains(NamaCheckout): null

2023-10-05 14:44:51 - [TEST_STEP][PASSED] - assert price_product.contains(HargaCheckout): null

2023-10-05 14:44:51 - [TEST_STEP][PASSED] - selectOptionByLabel(findTestObject("checkout/select - Kirim via Kurir Lokal"), Kurir, false): All options with label 'Roda 2' are selected in object 'Object Repository/checkout/select - Kirim via Kurir Lokal' 

2023-10-05 14:44:52 - [MESSAGE][PASSED] - All options with label 'Roda 2' are selected in object 'Object Repository/checkout/select - Kirim via Kurir Lokal' 

2023-10-05 14:44:52 - [TEST_STEP][PASSED] - click(findTestObject("checkout/Kendaraan Kurir")): Object: 'Object Repository/checkout/Kendaraan Kurir' is clicked on

2023-10-05 14:44:53 - [MESSAGE][PASSED] - Object: 'Object Repository/checkout/Kendaraan Kurir' is clicked on

2023-10-05 14:44:53 - [TEST_STEP][PASSED] - OngkosKirim = getText(findTestObject("Object Repository/verifikasi/Ongkos Kirim checkout")): Text of object 'Object Repository/verifikasi/Ongkos Kirim checkout' is: 'Rp. 5,000'

2023-10-05 14:44:53 - [MESSAGE][PASSED] - Text of object 'Object Repository/verifikasi/Ongkos Kirim checkout' is: 'Rp. 5,000'

2023-10-05 14:44:53 - [TEST_STEP][PASSED] - Ongkos = OngkosKirim.substring(3, OngkosKirim.size()): null

2023-10-05 14:44:53 - [TEST_STEP][PASSED] - rep = Ongkos.replace(",", "."): null

2023-10-05 14:44:53 - [TEST_STEP][PASSED] - Ongkos_kirim = Double.parseDouble(rep): null

2023-10-05 14:44:53 - [TEST_STEP][PASSED] - println(Ongkos_kirim): null

2023-10-05 14:44:53 - [TEST_STEP][PASSED] - FeeAdmin = getText(findTestObject("verifikasi/Fee Admin checkout")): Text of object 'Object Repository/verifikasi/Fee Admin checkout' is: 'Fee Admin
Rp 1,500'

2023-10-05 14:44:54 - [MESSAGE][PASSED] - Text of object 'Object Repository/verifikasi/Fee Admin checkout' is: 'Fee Admin
Rp 1,500'

2023-10-05 14:44:54 - [TEST_STEP][PASSED] - Fee_Admin = FeeAdmin.substring(12, FeeAdmin.size()): null

2023-10-05 14:44:54 - [TEST_STEP][PASSED] - fee = Fee_Admin.replace(",", "."): null

2023-10-05 14:44:54 - [TEST_STEP][PASSED] - fee_admin = Double.parseDouble(fee): null

2023-10-05 14:44:54 - [TEST_STEP][PASSED] - println(fee_admin): null

2023-10-05 14:44:54 - [TEST_STEP][PASSED] - Subtotal = getText(findTestObject("verifikasi/subtotal checkout")): Text of object 'Object Repository/verifikasi/subtotal checkout' is: 'Subtotal
Rp 1,299'

2023-10-05 14:44:54 - [MESSAGE][PASSED] - Text of object 'Object Repository/verifikasi/subtotal checkout' is: 'Subtotal
Rp 1,299'

2023-10-05 14:44:54 - [TEST_STEP][PASSED] - sub_total = Subtotal.substring(12, Subtotal.size()): null

2023-10-05 14:44:54 - [TEST_STEP][PASSED] - sub = sub_total.replace(",", "."): null

2023-10-05 14:44:54 - [TEST_STEP][PASSED] - sub_total = Double.parseDouble(sub): null

2023-10-05 14:44:54 - [TEST_STEP][PASSED] - println(sub_total): null

2023-10-05 14:44:54 - [TEST_STEP][PASSED] - Total = getText(findTestObject("verifikasi/Total checkout")): Text of object 'Object Repository/verifikasi/Total checkout' is: 'Rp 7,799'

2023-10-05 14:44:55 - [MESSAGE][PASSED] - Text of object 'Object Repository/verifikasi/Total checkout' is: 'Rp 7,799'

2023-10-05 14:44:55 - [TEST_STEP][PASSED] - totall = Total.substring(3, Total.size()): null

2023-10-05 14:44:55 - [TEST_STEP][PASSED] - total = totall.replace(",", "."): null

2023-10-05 14:44:55 - [TEST_STEP][PASSED] - totall = Double.parseDouble(total): null

2023-10-05 14:44:55 - [TEST_STEP][PASSED] - println(totall): null

2023-10-05 14:44:55 - [TEST_STEP][PASSED] - Total_Harga = Ongkos_kirim + fee_admin + sub_total: null

2023-10-05 14:44:55 - [TEST_STEP][PASSED] - println(Total_Harga): null

2023-10-05 14:44:55 - [TEST_STEP][PASSED] - TotalHarga = Math.round(Total_Harga * 1000) / 1000: null

2023-10-05 14:44:55 - [TEST_STEP][PASSED] - println(TotalHarga): null

2023-10-05 14:44:55 - [TEST_STEP][PASSED] - assert totall == TotalHarga: null

2023-10-05 14:44:55 - [TEST_STEP][PASSED] - click(findTestObject("Object Repository/checkout/metode pembayaran")): Object: 'Object Repository/checkout/metode pembayaran' is clicked on

2023-10-05 14:44:55 - [MESSAGE][PASSED] - Object: 'Object Repository/checkout/metode pembayaran' is clicked on

2023-10-05 14:44:55 - [TEST_STEP][PASSED] - click(findTestObject("checkout/button_Proses Pembayaran")): Object: 'Object Repository/checkout/button_Proses Pembayaran' is clicked on

2023-10-05 14:44:56 - [MESSAGE][PASSED] - Object: 'Object Repository/checkout/button_Proses Pembayaran' is clicked on

2023-10-05 14:44:56 - [TEST_STEP][PASSED] - webDriver = getWebDriver(): null

2023-10-05 14:44:56 - [TEST_STEP][PASSED] - field_alamat = webDriver.findElement(By.xpath("//input[@name="alamat"]")): null

2023-10-05 14:44:56 - [TEST_STEP][PASSED] - error_message = webDriver.executeScript("return arguments[0].validationMessage", field_alamat): null

2023-10-05 14:44:56 - [TEST_STEP][PASSED] - println(error_message): null

2023-10-05 14:44:56 - [TEST_STEP][PASSED] - assert error_message == "Please fill out this field.": null

2023-10-05 14:44:56 - [TEST_STEP][PASSED] - mouseOver(findTestObject("beli barang/keranjang")): Object: 'Object Repository/beli barang/keranjang' is hovered

2023-10-05 14:44:56 - [MESSAGE][PASSED] - Object: 'Object Repository/beli barang/keranjang' is hovered

2023-10-05 14:44:56 - [TEST_STEP][PASSED] - click(findTestObject("hapus barang/buttom x")): Object: 'Object Repository/hapus barang/buttom x' is clicked on

2023-10-05 14:44:57 - [MESSAGE][PASSED] - Object: 'Object Repository/hapus barang/buttom x' is clicked on

2023-10-05 14:44:57 - [TEST_STEP][PASSED] - click(findTestObject("hapus barang/button_Hapus Barang")): Object: 'Object Repository/hapus barang/button_Hapus Barang' is clicked on

2023-10-05 14:44:58 - [MESSAGE][PASSED] - Object: 'Object Repository/hapus barang/button_Hapus Barang' is clicked on

2023-10-05 14:44:58 - [TEST_STEP][PASSED] - return data: null]]></system-out>
         <system-err><![CDATA[]]></system-err>
      </testcase>
      <testcase name="Test Cases/T13 Pembelian, Shipment dan Pembayaran/PBL-007" time="35.071" classname="Test Cases/T13 Pembelian, Shipment dan Pembayaran/PBL-007" status="FAILED">
         <failure type="FAILED" message="Test Cases/T13 Pembelian, Shipment dan Pembayaran/PBL-007 FAILED.
Reason:
com.kms.katalon.core.exception.StepFailedException: Unable to verify text 'Massage Error&quot; pilih metode pembayaran cod&quot;' is present 
	at com.kms.katalon.core.webui.keyword.internal.WebUIKeywordMain.stepFailed(WebUIKeywordMain.groovy:64)
	at com.kms.katalon.core.webui.keyword.internal.WebUIKeywordMain.runKeyword(WebUIKeywordMain.groovy:26)
	at com.kms.katalon.core.webui.keyword.builtin.VerifyTextPresentKeyword.verifyTextPresent(VerifyTextPresentKeyword.groovy:83)
	at com.kms.katalon.core.webui.keyword.builtin.VerifyTextPresentKeyword.execute(VerifyTextPresentKeyword.groovy:68)
	at com.kms.katalon.core.keyword.internal.KeywordExecutor.executeKeywordForPlatform(KeywordExecutor.groovy:74)
	at com.kms.katalon.core.webui.keyword.WebUiBuiltInKeywords.verifyTextPresent(WebUiBuiltInKeywords.groovy:1723)
	at com.kms.katalon.core.webui.keyword.WebUiBuiltInKeywords$verifyTextPresent$7.call(Unknown Source)
	at PBL-007.run(PBL-007:107)
	at com.kms.katalon.core.main.ScriptEngine.run(ScriptEngine.java:194)
	at com.kms.katalon.core.main.ScriptEngine.runScriptAsRawText(ScriptEngine.java:119)
	at com.kms.katalon.core.main.TestCaseExecutor.runScript(TestCaseExecutor.java:448)
	at com.kms.katalon.core.main.TestCaseExecutor.doExecute(TestCaseExecutor.java:439)
	at com.kms.katalon.core.main.TestCaseExecutor.processExecutionPhase(TestCaseExecutor.java:418)
	at com.kms.katalon.core.main.TestCaseExecutor.accessMainPhase(TestCaseExecutor.java:410)
	at com.kms.katalon.core.main.TestCaseExecutor.execute(TestCaseExecutor.java:285)
	at com.kms.katalon.core.common.CommonExecutor.accessTestCaseMainPhase(CommonExecutor.java:65)
	at com.kms.katalon.core.main.TestSuiteExecutor.accessTestSuiteMainPhase(TestSuiteExecutor.java:148)
	at com.kms.katalon.core.main.TestSuiteExecutor.execute(TestSuiteExecutor.java:106)
	at com.kms.katalon.core.main.TestCaseMain.startTestSuite(TestCaseMain.java:187)
	at com.kms.katalon.core.main.TestCaseMain$startTestSuite$0.call(Unknown Source)
	at TempTestSuite1696491677292.run(TempTestSuite1696491677292.groovy:36)
Caused by: com.kms.katalon.core.exception.StepFailedException: Text 'Massage Error&quot; pilih metode pembayaran cod&quot;' is not present on page 
	at com.kms.katalon.core.webui.keyword.internal.WebUIKeywordMain.stepFailed(WebUIKeywordMain.groovy:64)
	at com.kms.katalon.core.webui.keyword.builtin.VerifyTextPresentKeyword$_verifyTextPresent_closure1.doCall(VerifyTextPresentKeyword.groovy:79)
	at com.kms.katalon.core.webui.keyword.builtin.VerifyTextPresentKeyword$_verifyTextPresent_closure1.call(VerifyTextPresentKeyword.groovy)
	at com.kms.katalon.core.webui.keyword.internal.WebUIKeywordMain.runKeyword(WebUIKeywordMain.groovy:20)
	... 19 more
"/>
         <system-out><![CDATA[2023-10-05 14:44:58 - [TEST_CASE][FAILED] - Test Cases/T13 Pembelian, Shipment dan Pembayaran/PBL-007: Test Cases/T13 Pembelian, Shipment dan Pembayaran/PBL-007 FAILED.
Reason:
com.kms.katalon.core.exception.StepFailedException: Unable to verify text 'Massage Error" pilih metode pembayaran cod"' is present 
	at com.kms.katalon.core.webui.keyword.internal.WebUIKeywordMain.stepFailed(WebUIKeywordMain.groovy:64)
	at com.kms.katalon.core.webui.keyword.internal.WebUIKeywordMain.runKeyword(WebUIKeywordMain.groovy:26)
	at com.kms.katalon.core.webui.keyword.builtin.VerifyTextPresentKeyword.verifyTextPresent(VerifyTextPresentKeyword.groovy:83)
	at com.kms.katalon.core.webui.keyword.builtin.VerifyTextPresentKeyword.execute(VerifyTextPresentKeyword.groovy:68)
	at com.kms.katalon.core.keyword.internal.KeywordExecutor.executeKeywordForPlatform(KeywordExecutor.groovy:74)
	at com.kms.katalon.core.webui.keyword.WebUiBuiltInKeywords.verifyTextPresent(WebUiBuiltInKeywords.groovy:1723)
	at com.kms.katalon.core.webui.keyword.WebUiBuiltInKeywords$verifyTextPresent$7.call(Unknown Source)
	at PBL-007.run(PBL-007:107)
	at com.kms.katalon.core.main.ScriptEngine.run(ScriptEngine.java:194)
	at com.kms.katalon.core.main.ScriptEngine.runScriptAsRawText(ScriptEngine.java:119)
	at com.kms.katalon.core.main.TestCaseExecutor.runScript(TestCaseExecutor.java:448)
	at com.kms.katalon.core.main.TestCaseExecutor.doExecute(TestCaseExecutor.java:439)
	at com.kms.katalon.core.main.TestCaseExecutor.processExecutionPhase(TestCaseExecutor.java:418)
	at com.kms.katalon.core.main.TestCaseExecutor.accessMainPhase(TestCaseExecutor.java:410)
	at com.kms.katalon.core.main.TestCaseExecutor.execute(TestCaseExecutor.java:285)
	at com.kms.katalon.core.common.CommonExecutor.accessTestCaseMainPhase(CommonExecutor.java:65)
	at com.kms.katalon.core.main.TestSuiteExecutor.accessTestSuiteMainPhase(TestSuiteExecutor.java:148)
	at com.kms.katalon.core.main.TestSuiteExecutor.execute(TestSuiteExecutor.java:106)
	at com.kms.katalon.core.main.TestCaseMain.startTestSuite(TestCaseMain.java:187)
	at com.kms.katalon.core.main.TestCaseMain$startTestSuite$0.call(Unknown Source)
	at TempTestSuite1696491677292.run(TempTestSuite1696491677292.groovy:36)
Caused by: com.kms.katalon.core.exception.StepFailedException: Text 'Massage Error" pilih metode pembayaran cod"' is not present on page 
	at com.kms.katalon.core.webui.keyword.internal.WebUIKeywordMain.stepFailed(WebUIKeywordMain.groovy:64)
	at com.kms.katalon.core.webui.keyword.builtin.VerifyTextPresentKeyword$_verifyTextPresent_closure1.doCall(VerifyTextPresentKeyword.groovy:79)
	at com.kms.katalon.core.webui.keyword.builtin.VerifyTextPresentKeyword$_verifyTextPresent_closure1.call(VerifyTextPresentKeyword.groovy)
	at com.kms.katalon.core.webui.keyword.internal.WebUIKeywordMain.runKeyword(WebUIKeywordMain.groovy:20)
	... 19 more


2023-10-05 14:44:58 - [TEST_STEP][PASSED] - data = callTestCase(findTestCase("T13 Pembelian, Shipment dan Pembayaran/PBL-002"), [:], STOP_ON_FAILURE): Call Test Case 'Test Cases/T13 Pembelian, Shipment dan Pembayaran/PBL-002' successfully

2023-10-05 14:44:58 - [TEST_CASE][PASSED] - Test Cases/T13 Pembelian, Shipment dan Pembayaran/PBL-002: Test Cases/T13 Pembelian, Shipment dan Pembayaran/PBL-002

2023-10-05 14:44:58 - [TEST_STEP][PASSED] - data = callTestCase(findTestCase("T13 Pembelian, Shipment dan Pembayaran/PBL-001"), [:], STOP_ON_FAILURE): Call Test Case 'Test Cases/T13 Pembelian, Shipment dan Pembayaran/PBL-001' successfully

2023-10-05 14:44:58 - [TEST_CASE][PASSED] - Test Cases/T13 Pembelian, Shipment dan Pembayaran/PBL-001: Test Cases/T13 Pembelian, Shipment dan Pembayaran/PBL-001

2023-10-05 14:44:58 - [TEST_STEP][PASSED] - callTestCase(findTestCase("T13 Pembelian, Shipment dan Pembayaran/LU-001"), ["username":"irfanafandi", "password":"12345irfan"], STOP_ON_FAILURE): Call Test Case 'Test Cases/T13 Pembelian, Shipment dan Pembayaran/LU-001' successfully

2023-10-05 14:44:58 - [TEST_CASE][PASSED] - Test Cases/T13 Pembelian, Shipment dan Pembayaran/LU-001: Test Cases/T13 Pembelian, Shipment dan Pembayaran/LU-001

2023-10-05 14:44:58 - [TEST_STEP][PASSED] - openBrowser("https://10.9.2.63/ecommerce/"): Browser is opened with url: 'https://10.9.2.63/ecommerce/'

2023-10-05 14:44:58 - [MESSAGE][WARNING] - A browser is already opened. Closing browser and opening a new one

2023-10-05 14:44:59 - [MESSAGE][INFO] - Starting 'Edge Chromium' driver

2023-10-05 14:44:59 - [MESSAGE][INFO] - User set preference: ['acceptInsecureCerts', 'true']

2023-10-05 14:45:01 - [MESSAGE][INFO] - Action delay is set to 0 milliseconds

2023-10-05 14:45:04 - [MESSAGE][PASSED] - Browser is opened with url: 'https://10.9.2.63/ecommerce/'

2023-10-05 14:45:04 - [TEST_STEP][PASSED] - maximizeWindow(): Current window maximized

2023-10-05 14:45:05 - [MESSAGE][PASSED] - Current window maximized

2023-10-05 14:45:05 - [TEST_STEP][PASSED] - verifyElementPresent(findTestObject("Login/Home"), 0): Object 'Object Repository/Login/Home' is present

2023-10-05 14:45:05 - [MESSAGE][WARNING] - Timeout '0' is invalid. Using default page load timeout: '30'

2023-10-05 14:45:05 - [MESSAGE][PASSED] - Object 'Object Repository/Login/Home' is present

2023-10-05 14:45:05 - [TEST_STEP][PASSED] - click(findTestObject("Login/a_Login")): Object: 'Object Repository/Login/a_Login' is clicked on

2023-10-05 14:45:06 - [MESSAGE][PASSED] - Object: 'Object Repository/Login/a_Login' is clicked on

2023-10-05 14:45:06 - [TEST_STEP][PASSED] - verifyElementPresent(findTestObject("Login/Tittle Login"), 0): Object 'Object Repository/Login/Tittle Login' is present

2023-10-05 14:45:06 - [MESSAGE][WARNING] - Timeout '0' is invalid. Using default page load timeout: '30'

2023-10-05 14:45:07 - [MESSAGE][PASSED] - Object 'Object Repository/Login/Tittle Login' is present

2023-10-05 14:45:07 - [TEST_STEP][PASSED] - setText(findTestObject("Login/input_Username, Email atau No. Handphone_a"), username): Text 'irfanafandi' is set on object 'Object Repository/Login/input_Username, Email atau No. Handphone_a'

2023-10-05 14:45:07 - [MESSAGE][PASSED] - Text 'irfanafandi' is set on object 'Object Repository/Login/input_Username, Email atau No. Handphone_a'

2023-10-05 14:45:07 - [TEST_STEP][PASSED] - setText(findTestObject("Login/input_Password_b"), password): Text '12345irfan' is set on object 'Object Repository/Login/input_Password_b'

2023-10-05 14:45:08 - [MESSAGE][PASSED] - Text '12345irfan' is set on object 'Object Repository/Login/input_Password_b'

2023-10-05 14:45:08 - [TEST_STEP][PASSED] - click(findTestObject("Login/label_Ingat saya")): Object: 'Object Repository/Login/label_Ingat saya' is clicked on

2023-10-05 14:45:09 - [MESSAGE][PASSED] - Object: 'Object Repository/Login/label_Ingat saya' is clicked on

2023-10-05 14:45:09 - [TEST_STEP][PASSED] - click(findTestObject("Login/button_Masuk")): Object: 'Object Repository/Login/button_Masuk' is clicked on

2023-10-05 14:45:10 - [MESSAGE][PASSED] - Object: 'Object Repository/Login/button_Masuk' is clicked on

2023-10-05 14:45:10 - [TEST_STEP][PASSED] - verifyElementPresent(findTestObject("Login/li_Profile"), 0): Object 'Object Repository/Login/li_Profile' is present

2023-10-05 14:45:10 - [MESSAGE][WARNING] - Timeout '0' is invalid. Using default page load timeout: '30'

2023-10-05 14:45:11 - [MESSAGE][PASSED] - Object 'Object Repository/Login/li_Profile' is present

2023-10-05 14:45:11 - [MESSAGE][PASSED] - Call Test Case 'Test Cases/T13 Pembelian, Shipment dan Pembayaran/LU-001' successfully

2023-10-05 14:45:11 - [TEST_STEP][PASSED] - mouseOver(findTestObject("beli barang/i_Mulai Belanja_icon-menu")): Object: 'Object Repository/beli barang/i_Mulai Belanja_icon-menu' is hovered

2023-10-05 14:45:11 - [MESSAGE][PASSED] - Object: 'Object Repository/beli barang/i_Mulai Belanja_icon-menu' is hovered

2023-10-05 14:45:11 - [TEST_STEP][PASSED] - click(findTestObject("beli barang/a_Fashion  Busana Wanita")): Object: 'Object Repository/beli barang/a_Fashion  Busana Wanita' is clicked on

2023-10-05 14:45:13 - [MESSAGE][PASSED] - Object: 'Object Repository/beli barang/a_Fashion  Busana Wanita' is clicked on

2023-10-05 14:45:13 - [TEST_STEP][PASSED] - NamaSebelum = getText(findTestObject("verifikasi/Nama sebelum")): Text of object 'Object Repository/verifikasi/Nama sebelum' is: ''

2023-10-05 14:45:13 - [MESSAGE][PASSED] - Text of object 'Object Repository/verifikasi/Nama sebelum' is: ''

2023-10-05 14:45:13 - [TEST_STEP][PASSED] - HargaSebelum = getText(findTestObject("verifikasi/Harga sebelum")): Text of object 'Object Repository/verifikasi/Harga sebelum' is: 'Rp 1,299'

2023-10-05 14:45:14 - [MESSAGE][PASSED] - Text of object 'Object Repository/verifikasi/Harga sebelum' is: 'Rp 1,299'

2023-10-05 14:45:14 - [TEST_STEP][PASSED] - mouseOver(findTestObject("beli barang/barang mouse over")): Object: 'Object Repository/beli barang/barang mouse over' is hovered

2023-10-05 14:45:14 - [MESSAGE][PASSED] - Object: 'Object Repository/beli barang/barang mouse over' is hovered

2023-10-05 14:45:14 - [TEST_STEP][PASSED] - click(findTestObject("beli barang/buttom add to cart")): Object: 'Object Repository/beli barang/buttom add to cart' is clicked on

2023-10-05 14:45:16 - [MESSAGE][PASSED] - Object: 'Object Repository/beli barang/buttom add to cart' is clicked on

2023-10-05 14:45:16 - [TEST_STEP][PASSED] - NamaSesudah = getText(findTestObject("verifikasi/Nama sesudah")): Text of object 'Object Repository/verifikasi/Nama sesudah' is: 'Segitiga Instan Madeira - MDB5.3 Sunset'

2023-10-05 14:45:16 - [MESSAGE][PASSED] - Text of object 'Object Repository/verifikasi/Nama sesudah' is: 'Segitiga Instan Madeira - MDB5.3 Sunset'

2023-10-05 14:45:16 - [TEST_STEP][PASSED] - HargaSesudah = getText(findTestObject("verifikasi/Harga sesudah")): Text of object 'Object Repository/verifikasi/Harga sesudah' is: 'Rp 1,299'

2023-10-05 14:45:17 - [MESSAGE][PASSED] - Text of object 'Object Repository/verifikasi/Harga sesudah' is: 'Rp 1,299'

2023-10-05 14:45:17 - [TEST_STEP][PASSED] - assert NamaSesudah.contains(NamaSebelum): null

2023-10-05 14:45:17 - [TEST_STEP][PASSED] - assert HargaSesudah.contains(HargaSebelum): null

2023-10-05 14:45:17 - [TEST_STEP][PASSED] - click(findTestObject("beli barang/Tambah Keranjang busana wanita")): Object: 'Object Repository/beli barang/Tambah Keranjang busana wanita' is clicked on

2023-10-05 14:45:17 - [MESSAGE][PASSED] - Object: 'Object Repository/beli barang/Tambah Keranjang busana wanita' is clicked on

2023-10-05 14:45:17 - [TEST_STEP][PASSED] - verifyElementPresent(findTestObject("checkout/Notifikasi keranjang"), 1): Object 'Object Repository/checkout/Notifikasi keranjang' is present

2023-10-05 14:45:18 - [MESSAGE][PASSED] - Object 'Object Repository/checkout/Notifikasi keranjang' is present

2023-10-05 14:45:18 - [TEST_STEP][PASSED] - data = new java.util.HashMap(): null

2023-10-05 14:45:18 - [TEST_STEP][PASSED] - data.put("nama_barang", NamaSesudah): null

2023-10-05 14:45:18 - [TEST_STEP][PASSED] - data.put("price_barang", HargaSesudah): null

2023-10-05 14:45:18 - [TEST_STEP][PASSED] - return data: null

2023-10-05 14:45:18 - [MESSAGE][PASSED] - Call Test Case 'Test Cases/T13 Pembelian, Shipment dan Pembayaran/PBL-001' successfully

2023-10-05 14:45:18 - [TEST_STEP][PASSED] - mouseOver(findTestObject("beli barang/keranjang")): Object: 'Object Repository/beli barang/keranjang' is hovered

2023-10-05 14:45:19 - [MESSAGE][PASSED] - Object: 'Object Repository/beli barang/keranjang' is hovered

2023-10-05 14:45:19 - [TEST_STEP][PASSED] - click(findTestObject("beli barang/Lihat Sekarang")): Object: 'Object Repository/beli barang/Lihat Sekarang' is clicked on

2023-10-05 14:45:20 - [MESSAGE][PASSED] - Object: 'Object Repository/beli barang/Lihat Sekarang' is clicked on

2023-10-05 14:45:20 - [TEST_STEP][PASSED] - verifyElementPresent(findTestObject("keranjang/li_Keranjang Belanja"), 0): Object 'Object Repository/keranjang/li_Keranjang Belanja' is present

2023-10-05 14:45:20 - [MESSAGE][WARNING] - Timeout '0' is invalid. Using default page load timeout: '30'

2023-10-05 14:45:21 - [MESSAGE][PASSED] - Object 'Object Repository/keranjang/li_Keranjang Belanja' is present

2023-10-05 14:45:21 - [TEST_STEP][PASSED] - NamaKeranjang = getText(findTestObject("verifikasi/Nama keranjang")): Text of object 'Object Repository/verifikasi/Nama keranjang' is: 'Segitiga Instan Madeira - MDB5.3 Sunset'

2023-10-05 14:45:21 - [MESSAGE][PASSED] - Text of object 'Object Repository/verifikasi/Nama keranjang' is: 'Segitiga Instan Madeira - MDB5.3 Sunset'

2023-10-05 14:45:21 - [TEST_STEP][PASSED] - HargaKeranjang = getText(findTestObject("verifikasi/Harga Keranjang")): Text of object 'Object Repository/verifikasi/Harga Keranjang' is: 'Rp 1,299'

2023-10-05 14:45:22 - [MESSAGE][PASSED] - Text of object 'Object Repository/verifikasi/Harga Keranjang' is: 'Rp 1,299'

2023-10-05 14:45:22 - [TEST_STEP][PASSED] - if (toString().equalsIgnoreCase("Merah")): Object 'Object Repository/keranjang/input_Warna_variasi101' is checked

2023-10-05 14:45:22 - [TEST_STEP][PASSED] - check(findTestObject("Object Repository/keranjang/input_Warna_variasi101")): Object 'Object Repository/keranjang/input_Warna_variasi101' is checked

2023-10-05 14:45:22 - [MESSAGE][PASSED] - Object 'Object Repository/keranjang/input_Warna_variasi101' is checked

2023-10-05 14:45:22 - [TEST_STEP][PASSED] - if (toString().equalsIgnoreCase("Menengah")): Object 'Object Repository/keranjang/input_Ukuran_variasi201' is checked

2023-10-05 14:45:22 - [TEST_STEP][PASSED] - check(findTestObject("Object Repository/keranjang/input_Ukuran_variasi201")): Object 'Object Repository/keranjang/input_Ukuran_variasi201' is checked

2023-10-05 14:45:23 - [MESSAGE][PASSED] - Object 'Object Repository/keranjang/input_Ukuran_variasi201' is checked

2023-10-05 14:45:23 - [TEST_STEP][PASSED] - data.put("Warna", warna): null

2023-10-05 14:45:23 - [TEST_STEP][PASSED] - data.put("Ukuran", ukuran): null

2023-10-05 14:45:23 - [TEST_STEP][PASSED] - click(findTestObject("keranjang/button_Lanjut ke Pembayaran")): Object: 'Object Repository/keranjang/button_Lanjut ke Pembayaran' is clicked on

2023-10-05 14:45:24 - [MESSAGE][PASSED] - Object: 'Object Repository/keranjang/button_Lanjut ke Pembayaran' is clicked on

2023-10-05 14:45:24 - [TEST_STEP][PASSED] - verifyElementPresent(findTestObject("checkout/Tittle Checkout Order"), 0): Object 'Object Repository/checkout/Tittle Checkout Order' is present

2023-10-05 14:45:24 - [MESSAGE][WARNING] - Timeout '0' is invalid. Using default page load timeout: '30'

2023-10-05 14:45:25 - [MESSAGE][PASSED] - Object 'Object Repository/checkout/Tittle Checkout Order' is present

2023-10-05 14:45:25 - [TEST_STEP][PASSED] - name_product = data.get("nama_barang"): null

2023-10-05 14:45:25 - [TEST_STEP][PASSED] - price_product = data.get("price_barang"): null

2023-10-05 14:45:25 - [TEST_STEP][PASSED] - assert name_product == NamaKeranjang: null

2023-10-05 14:45:25 - [TEST_STEP][PASSED] - assert price_product == HargaKeranjang: null

2023-10-05 14:45:25 - [TEST_STEP][PASSED] - return data: null

2023-10-05 14:45:25 - [MESSAGE][PASSED] - Call Test Case 'Test Cases/T13 Pembelian, Shipment dan Pembayaran/PBL-002' successfully

2023-10-05 14:45:25 - [TEST_STEP][PASSED] - warnaa = getText(findTestObject("verifikasi/warna Merah")): Text of object 'Object Repository/verifikasi/warna Merah' is: 'Merah'

2023-10-05 14:45:25 - [MESSAGE][PASSED] - Text of object 'Object Repository/verifikasi/warna Merah' is: 'Merah'

2023-10-05 14:45:25 - [TEST_STEP][PASSED] - ukurann = getText(findTestObject("verifikasi/Ukuran Menengah")): Text of object 'Object Repository/verifikasi/Ukuran Menengah' is: 'Menengah'

2023-10-05 14:45:26 - [MESSAGE][PASSED] - Text of object 'Object Repository/verifikasi/Ukuran Menengah' is: 'Menengah'

2023-10-05 14:45:26 - [TEST_STEP][PASSED] - warna1 = data.get("Warna"): null

2023-10-05 14:45:26 - [TEST_STEP][PASSED] - ukuran1 = data.get("Ukuran"): null

2023-10-05 14:45:26 - [TEST_STEP][PASSED] - assert warnaa == warna1: null

2023-10-05 14:45:26 - [TEST_STEP][PASSED] - assert ukurann == ukuran1: null

2023-10-05 14:45:26 - [TEST_STEP][PASSED] - NamaCheckout = getText(findTestObject("verifikasi/NamaCheckout")): Text of object 'Object Repository/verifikasi/NamaCheckout' is: ''

2023-10-05 14:45:26 - [MESSAGE][PASSED] - Text of object 'Object Repository/verifikasi/NamaCheckout' is: ''

2023-10-05 14:45:26 - [TEST_STEP][PASSED] - HargaCheckout = getText(findTestObject("verifikasi/HargaCheckout")): Text of object 'Object Repository/verifikasi/HargaCheckout' is: '1,299'

2023-10-05 14:45:27 - [MESSAGE][PASSED] - Text of object 'Object Repository/verifikasi/HargaCheckout' is: '1,299'

2023-10-05 14:45:27 - [TEST_STEP][PASSED] - name_product = data.get("nama_barang"): null

2023-10-05 14:45:27 - [TEST_STEP][PASSED] - price_product = data.get("price_barang"): null

2023-10-05 14:45:27 - [TEST_STEP][PASSED] - assert name_product.contains(NamaCheckout): null

2023-10-05 14:45:27 - [TEST_STEP][PASSED] - assert price_product.contains(HargaCheckout): null

2023-10-05 14:45:27 - [TEST_STEP][PASSED] - click(findTestObject("checkout/COD")): Object: 'Object Repository/checkout/COD' is clicked on

2023-10-05 14:45:27 - [MESSAGE][PASSED] - Object: 'Object Repository/checkout/COD' is clicked on

2023-10-05 14:45:27 - [TEST_STEP][PASSED] - click(findTestObject("verifikasi/COD - Panjang BanaTarif")): Object: 'Object Repository/verifikasi/COD - Panjang BanaTarif' is clicked on

2023-10-05 14:45:27 - [MESSAGE][PASSED] - Object: 'Object Repository/verifikasi/COD - Panjang BanaTarif' is clicked on

2023-10-05 14:45:27 - [TEST_STEP][PASSED] - click(findTestObject("verifikasi/Metode Transfer")): Object: 'Object Repository/verifikasi/Metode Transfer' is clicked on

2023-10-05 14:45:28 - [MESSAGE][PASSED] - Object: 'Object Repository/verifikasi/Metode Transfer' is clicked on

2023-10-05 14:45:28 - [TEST_STEP][PASSED] - click(findTestObject("checkout/button_Proses Pembayaran")): Object: 'Object Repository/checkout/button_Proses Pembayaran' is clicked on

2023-10-05 14:45:32 - [MESSAGE][PASSED] - Object: 'Object Repository/checkout/button_Proses Pembayaran' is clicked on

2023-10-05 14:45:32 - [TEST_STEP][FAILED] - verifyTextPresent("Massage Error" pilih metode pembayaran cod"", false): Unable to verify text 'Massage Error" pilih metode pembayaran cod"' is present  (Root cause: com.kms.katalon.core.exception.StepFailedException: Unable to verify text 'Massage Error" pilih metode pembayaran cod"' is present 
	at com.kms.katalon.core.webui.keyword.internal.WebUIKeywordMain.stepFailed(WebUIKeywordMain.groovy:64)
	at com.kms.katalon.core.webui.keyword.internal.WebUIKeywordMain.runKeyword(WebUIKeywordMain.groovy:26)
	at com.kms.katalon.core.webui.keyword.builtin.VerifyTextPresentKeyword.verifyTextPresent(VerifyTextPresentKeyword.groovy:83)
	at com.kms.katalon.core.webui.keyword.builtin.VerifyTextPresentKeyword.execute(VerifyTextPresentKeyword.groovy:68)
	at com.kms.katalon.core.keyword.internal.KeywordExecutor.executeKeywordForPlatform(KeywordExecutor.groovy:74)
	at com.kms.katalon.core.webui.keyword.WebUiBuiltInKeywords.verifyTextPresent(WebUiBuiltInKeywords.groovy:1723)
	at com.kms.katalon.core.webui.keyword.WebUiBuiltInKeywords$verifyTextPresent$7.call(Unknown Source)
	at PBL-007.run(PBL-007:107)
	at com.kms.katalon.core.main.ScriptEngine.run(ScriptEngine.java:194)
	at com.kms.katalon.core.main.ScriptEngine.runScriptAsRawText(ScriptEngine.java:119)
	at com.kms.katalon.core.main.TestCaseExecutor.runScript(TestCaseExecutor.java:448)
	at com.kms.katalon.core.main.TestCaseExecutor.doExecute(TestCaseExecutor.java:439)
	at com.kms.katalon.core.main.TestCaseExecutor.processExecutionPhase(TestCaseExecutor.java:418)
	at com.kms.katalon.core.main.TestCaseExecutor.accessMainPhase(TestCaseExecutor.java:410)
	at com.kms.katalon.core.main.TestCaseExecutor.execute(TestCaseExecutor.java:285)
	at com.kms.katalon.core.common.CommonExecutor.accessTestCaseMainPhase(CommonExecutor.java:65)
	at com.kms.katalon.core.main.TestSuiteExecutor.accessTestSuiteMainPhase(TestSuiteExecutor.java:148)
	at com.kms.katalon.core.main.TestSuiteExecutor.execute(TestSuiteExecutor.java:106)
	at com.kms.katalon.core.main.TestCaseMain.startTestSuite(TestCaseMain.java:187)
	at com.kms.katalon.core.main.TestCaseMain$startTestSuite$0.call(Unknown Source)
	at TempTestSuite1696491677292.run(TempTestSuite1696491677292.groovy:36)
Caused by: com.kms.katalon.core.exception.StepFailedException: Text 'Massage Error" pilih metode pembayaran cod"' is not present on page 
	at com.kms.katalon.core.webui.keyword.internal.WebUIKeywordMain.stepFailed(WebUIKeywordMain.groovy:64)
	at com.kms.katalon.core.webui.keyword.builtin.VerifyTextPresentKeyword$_verifyTextPresent_closure1.doCall(VerifyTextPresentKeyword.groovy:79)
	at com.kms.katalon.core.webui.keyword.builtin.VerifyTextPresentKeyword$_verifyTextPresent_closure1.call(VerifyTextPresentKeyword.groovy)
	at com.kms.katalon.core.webui.keyword.internal.WebUIKeywordMain.runKeyword(WebUIKeywordMain.groovy:20)
	... 19 more
)

2023-10-05 14:45:33 - [MESSAGE][FAILED] - Text 'Massage Error" pilih metode pembayaran cod"' is not present on page  (Root cause: com.kms.katalon.core.exception.StepFailedException: Text 'Massage Error" pilih metode pembayaran cod"' is not present on page 
	at com.kms.katalon.core.webui.keyword.internal.WebUIKeywordMain.stepFailed(WebUIKeywordMain.groovy:64)
	at com.kms.katalon.core.webui.keyword.builtin.VerifyTextPresentKeyword$_verifyTextPresent_closure1.doCall(VerifyTextPresentKeyword.groovy:79)
	at com.kms.katalon.core.webui.keyword.builtin.VerifyTextPresentKeyword$_verifyTextPresent_closure1.call(VerifyTextPresentKeyword.groovy)
	at com.kms.katalon.core.webui.keyword.internal.WebUIKeywordMain.runKeyword(WebUIKeywordMain.groovy:20)
	at com.kms.katalon.core.webui.keyword.builtin.VerifyTextPresentKeyword.verifyTextPresent(VerifyTextPresentKeyword.groovy:83)
	at com.kms.katalon.core.webui.keyword.builtin.VerifyTextPresentKeyword.execute(VerifyTextPresentKeyword.groovy:68)
	at com.kms.katalon.core.keyword.internal.KeywordExecutor.executeKeywordForPlatform(KeywordExecutor.groovy:74)
	at com.kms.katalon.core.webui.keyword.WebUiBuiltInKeywords.verifyTextPresent(WebUiBuiltInKeywords.groovy:1723)
	at com.kms.katalon.core.webui.keyword.WebUiBuiltInKeywords$verifyTextPresent$7.call(Unknown Source)
	at PBL-007.run(PBL-007:107)
	at com.kms.katalon.core.main.ScriptEngine.run(ScriptEngine.java:194)
	at com.kms.katalon.core.main.ScriptEngine.runScriptAsRawText(ScriptEngine.java:119)
	at com.kms.katalon.core.main.TestCaseExecutor.runScript(TestCaseExecutor.java:448)
	at com.kms.katalon.core.main.TestCaseExecutor.doExecute(TestCaseExecutor.java:439)
	at com.kms.katalon.core.main.TestCaseExecutor.processExecutionPhase(TestCaseExecutor.java:418)
	at com.kms.katalon.core.main.TestCaseExecutor.accessMainPhase(TestCaseExecutor.java:410)
	at com.kms.katalon.core.main.TestCaseExecutor.execute(TestCaseExecutor.java:285)
	at com.kms.katalon.core.common.CommonExecutor.accessTestCaseMainPhase(CommonExecutor.java:65)
	at com.kms.katalon.core.main.TestSuiteExecutor.accessTestSuiteMainPhase(TestSuiteExecutor.java:148)
	at com.kms.katalon.core.main.TestSuiteExecutor.execute(TestSuiteExecutor.java:106)
	at com.kms.katalon.core.main.TestCaseMain.startTestSuite(TestCaseMain.java:187)
	at com.kms.katalon.core.main.TestCaseMain$startTestSuite$0.call(Unknown Source)
	at TempTestSuite1696491677292.run(TempTestSuite1696491677292.groovy:36)
)

2023-10-05 14:45:33 - [MESSAGE][FAILED] - Unable to verify text 'Massage Error" pilih metode pembayaran cod"' is present  (Root cause: com.kms.katalon.core.exception.StepFailedException: Unable to verify text 'Massage Error" pilih metode pembayaran cod"' is present 
	at com.kms.katalon.core.webui.keyword.internal.WebUIKeywordMain.stepFailed(WebUIKeywordMain.groovy:64)
	at com.kms.katalon.core.webui.keyword.internal.WebUIKeywordMain.runKeyword(WebUIKeywordMain.groovy:26)
	at com.kms.katalon.core.webui.keyword.builtin.VerifyTextPresentKeyword.verifyTextPresent(VerifyTextPresentKeyword.groovy:83)
	at com.kms.katalon.core.webui.keyword.builtin.VerifyTextPresentKeyword.execute(VerifyTextPresentKeyword.groovy:68)
	at com.kms.katalon.core.keyword.internal.KeywordExecutor.executeKeywordForPlatform(KeywordExecutor.groovy:74)
	at com.kms.katalon.core.webui.keyword.WebUiBuiltInKeywords.verifyTextPresent(WebUiBuiltInKeywords.groovy:1723)
	at com.kms.katalon.core.webui.keyword.WebUiBuiltInKeywords$verifyTextPresent$7.call(Unknown Source)
	at PBL-007.run(PBL-007:107)
	at com.kms.katalon.core.main.ScriptEngine.run(ScriptEngine.java:194)
	at com.kms.katalon.core.main.ScriptEngine.runScriptAsRawText(ScriptEngine.java:119)
	at com.kms.katalon.core.main.TestCaseExecutor.runScript(TestCaseExecutor.java:448)
	at com.kms.katalon.core.main.TestCaseExecutor.doExecute(TestCaseExecutor.java:439)
	at com.kms.katalon.core.main.TestCaseExecutor.processExecutionPhase(TestCaseExecutor.java:418)
	at com.kms.katalon.core.main.TestCaseExecutor.accessMainPhase(TestCaseExecutor.java:410)
	at com.kms.katalon.core.main.TestCaseExecutor.execute(TestCaseExecutor.java:285)
	at com.kms.katalon.core.common.CommonExecutor.accessTestCaseMainPhase(CommonExecutor.java:65)
	at com.kms.katalon.core.main.TestSuiteExecutor.accessTestSuiteMainPhase(TestSuiteExecutor.java:148)
	at com.kms.katalon.core.main.TestSuiteExecutor.execute(TestSuiteExecutor.java:106)
	at com.kms.katalon.core.main.TestCaseMain.startTestSuite(TestCaseMain.java:187)
	at com.kms.katalon.core.main.TestCaseMain$startTestSuite$0.call(Unknown Source)
	at TempTestSuite1696491677292.run(TempTestSuite1696491677292.groovy:36)
Caused by: com.kms.katalon.core.exception.StepFailedException: Text 'Massage Error" pilih metode pembayaran cod"' is not present on page 
	at com.kms.katalon.core.webui.keyword.internal.WebUIKeywordMain.stepFailed(WebUIKeywordMain.groovy:64)
	at com.kms.katalon.core.webui.keyword.builtin.VerifyTextPresentKeyword$_verifyTextPresent_closure1.doCall(VerifyTextPresentKeyword.groovy:79)
	at com.kms.katalon.core.webui.keyword.builtin.VerifyTextPresentKeyword$_verifyTextPresent_closure1.call(VerifyTextPresentKeyword.groovy)
	at com.kms.katalon.core.webui.keyword.internal.WebUIKeywordMain.runKeyword(WebUIKeywordMain.groovy:20)
	... 19 more
)
[[ATTACHMENT|C:\\FT2 XSIS\\Projek 2 MINI PROJEK\\Reports\\20231005_144117\\T13 Pembelian, Shipment dan Pembayaran\\T13 Pembelian, Shipment dan Pembayaran\\20231005_144117\\1696491933135.png]]]]></system-out>
         <system-err><![CDATA[2023-10-05 14:44:58 - [TEST_CASE][FAILED] - Test Cases/T13 Pembelian, Shipment dan Pembayaran/PBL-007: Test Cases/T13 Pembelian, Shipment dan Pembayaran/PBL-007 FAILED.
Reason:
com.kms.katalon.core.exception.StepFailedException: Unable to verify text 'Massage Error" pilih metode pembayaran cod"' is present 
	at com.kms.katalon.core.webui.keyword.internal.WebUIKeywordMain.stepFailed(WebUIKeywordMain.groovy:64)
	at com.kms.katalon.core.webui.keyword.internal.WebUIKeywordMain.runKeyword(WebUIKeywordMain.groovy:26)
	at com.kms.katalon.core.webui.keyword.builtin.VerifyTextPresentKeyword.verifyTextPresent(VerifyTextPresentKeyword.groovy:83)
	at com.kms.katalon.core.webui.keyword.builtin.VerifyTextPresentKeyword.execute(VerifyTextPresentKeyword.groovy:68)
	at com.kms.katalon.core.keyword.internal.KeywordExecutor.executeKeywordForPlatform(KeywordExecutor.groovy:74)
	at com.kms.katalon.core.webui.keyword.WebUiBuiltInKeywords.verifyTextPresent(WebUiBuiltInKeywords.groovy:1723)
	at com.kms.katalon.core.webui.keyword.WebUiBuiltInKeywords$verifyTextPresent$7.call(Unknown Source)
	at PBL-007.run(PBL-007:107)
	at com.kms.katalon.core.main.ScriptEngine.run(ScriptEngine.java:194)
	at com.kms.katalon.core.main.ScriptEngine.runScriptAsRawText(ScriptEngine.java:119)
	at com.kms.katalon.core.main.TestCaseExecutor.runScript(TestCaseExecutor.java:448)
	at com.kms.katalon.core.main.TestCaseExecutor.doExecute(TestCaseExecutor.java:439)
	at com.kms.katalon.core.main.TestCaseExecutor.processExecutionPhase(TestCaseExecutor.java:418)
	at com.kms.katalon.core.main.TestCaseExecutor.accessMainPhase(TestCaseExecutor.java:410)
	at com.kms.katalon.core.main.TestCaseExecutor.execute(TestCaseExecutor.java:285)
	at com.kms.katalon.core.common.CommonExecutor.accessTestCaseMainPhase(CommonExecutor.java:65)
	at com.kms.katalon.core.main.TestSuiteExecutor.accessTestSuiteMainPhase(TestSuiteExecutor.java:148)
	at com.kms.katalon.core.main.TestSuiteExecutor.execute(TestSuiteExecutor.java:106)
	at com.kms.katalon.core.main.TestCaseMain.startTestSuite(TestCaseMain.java:187)
	at com.kms.katalon.core.main.TestCaseMain$startTestSuite$0.call(Unknown Source)
	at TempTestSuite1696491677292.run(TempTestSuite1696491677292.groovy:36)
Caused by: com.kms.katalon.core.exception.StepFailedException: Text 'Massage Error" pilih metode pembayaran cod"' is not present on page 
	at com.kms.katalon.core.webui.keyword.internal.WebUIKeywordMain.stepFailed(WebUIKeywordMain.groovy:64)
	at com.kms.katalon.core.webui.keyword.builtin.VerifyTextPresentKeyword$_verifyTextPresent_closure1.doCall(VerifyTextPresentKeyword.groovy:79)
	at com.kms.katalon.core.webui.keyword.builtin.VerifyTextPresentKeyword$_verifyTextPresent_closure1.call(VerifyTextPresentKeyword.groovy)
	at com.kms.katalon.core.webui.keyword.internal.WebUIKeywordMain.runKeyword(WebUIKeywordMain.groovy:20)
	... 19 more]]></system-err>
      </testcase>
      <testcase name="Test Cases/T13 Pembelian, Shipment dan Pembayaran/PBL-008" time="35.786" classname="Test Cases/T13 Pembelian, Shipment dan Pembayaran/PBL-008" status="FAILED">
         <failure type="FAILED" message="Test Cases/T13 Pembelian, Shipment dan Pembayaran/PBL-008 FAILED.
Reason:
com.kms.katalon.core.exception.StepFailedException: Unable to verify text 'Massage Error&quot; pilih metode pembayaran cod&quot;' is present 
	at com.kms.katalon.core.webui.keyword.internal.WebUIKeywordMain.stepFailed(WebUIKeywordMain.groovy:64)
	at com.kms.katalon.core.webui.keyword.internal.WebUIKeywordMain.runKeyword(WebUIKeywordMain.groovy:26)
	at com.kms.katalon.core.webui.keyword.builtin.VerifyTextPresentKeyword.verifyTextPresent(VerifyTextPresentKeyword.groovy:83)
	at com.kms.katalon.core.webui.keyword.builtin.VerifyTextPresentKeyword.execute(VerifyTextPresentKeyword.groovy:68)
	at com.kms.katalon.core.keyword.internal.KeywordExecutor.executeKeywordForPlatform(KeywordExecutor.groovy:74)
	at com.kms.katalon.core.webui.keyword.WebUiBuiltInKeywords.verifyTextPresent(WebUiBuiltInKeywords.groovy:1723)
	at com.kms.katalon.core.webui.keyword.WebUiBuiltInKeywords$verifyTextPresent$7.call(Unknown Source)
	at PBL-008.run(PBL-008:105)
	at com.kms.katalon.core.main.ScriptEngine.run(ScriptEngine.java:194)
	at com.kms.katalon.core.main.ScriptEngine.runScriptAsRawText(ScriptEngine.java:119)
	at com.kms.katalon.core.main.TestCaseExecutor.runScript(TestCaseExecutor.java:448)
	at com.kms.katalon.core.main.TestCaseExecutor.doExecute(TestCaseExecutor.java:439)
	at com.kms.katalon.core.main.TestCaseExecutor.processExecutionPhase(TestCaseExecutor.java:418)
	at com.kms.katalon.core.main.TestCaseExecutor.accessMainPhase(TestCaseExecutor.java:410)
	at com.kms.katalon.core.main.TestCaseExecutor.execute(TestCaseExecutor.java:285)
	at com.kms.katalon.core.common.CommonExecutor.accessTestCaseMainPhase(CommonExecutor.java:65)
	at com.kms.katalon.core.main.TestSuiteExecutor.accessTestSuiteMainPhase(TestSuiteExecutor.java:148)
	at com.kms.katalon.core.main.TestSuiteExecutor.execute(TestSuiteExecutor.java:106)
	at com.kms.katalon.core.main.TestCaseMain.startTestSuite(TestCaseMain.java:187)
	at com.kms.katalon.core.main.TestCaseMain$startTestSuite$0.call(Unknown Source)
	at TempTestSuite1696491677292.run(TempTestSuite1696491677292.groovy:36)
Caused by: com.kms.katalon.core.exception.StepFailedException: Text 'Massage Error&quot; pilih metode pembayaran cod&quot;' is not present on page 
	at com.kms.katalon.core.webui.keyword.internal.WebUIKeywordMain.stepFailed(WebUIKeywordMain.groovy:64)
	at com.kms.katalon.core.webui.keyword.builtin.VerifyTextPresentKeyword$_verifyTextPresent_closure1.doCall(VerifyTextPresentKeyword.groovy:79)
	at com.kms.katalon.core.webui.keyword.builtin.VerifyTextPresentKeyword$_verifyTextPresent_closure1.call(VerifyTextPresentKeyword.groovy)
	at com.kms.katalon.core.webui.keyword.internal.WebUIKeywordMain.runKeyword(WebUIKeywordMain.groovy:20)
	... 19 more
"/>
         <system-out><![CDATA[2023-10-05 14:45:33 - [TEST_CASE][FAILED] - Test Cases/T13 Pembelian, Shipment dan Pembayaran/PBL-008: Test Cases/T13 Pembelian, Shipment dan Pembayaran/PBL-008 FAILED.
Reason:
com.kms.katalon.core.exception.StepFailedException: Unable to verify text 'Massage Error" pilih metode pembayaran cod"' is present 
	at com.kms.katalon.core.webui.keyword.internal.WebUIKeywordMain.stepFailed(WebUIKeywordMain.groovy:64)
	at com.kms.katalon.core.webui.keyword.internal.WebUIKeywordMain.runKeyword(WebUIKeywordMain.groovy:26)
	at com.kms.katalon.core.webui.keyword.builtin.VerifyTextPresentKeyword.verifyTextPresent(VerifyTextPresentKeyword.groovy:83)
	at com.kms.katalon.core.webui.keyword.builtin.VerifyTextPresentKeyword.execute(VerifyTextPresentKeyword.groovy:68)
	at com.kms.katalon.core.keyword.internal.KeywordExecutor.executeKeywordForPlatform(KeywordExecutor.groovy:74)
	at com.kms.katalon.core.webui.keyword.WebUiBuiltInKeywords.verifyTextPresent(WebUiBuiltInKeywords.groovy:1723)
	at com.kms.katalon.core.webui.keyword.WebUiBuiltInKeywords$verifyTextPresent$7.call(Unknown Source)
	at PBL-008.run(PBL-008:105)
	at com.kms.katalon.core.main.ScriptEngine.run(ScriptEngine.java:194)
	at com.kms.katalon.core.main.ScriptEngine.runScriptAsRawText(ScriptEngine.java:119)
	at com.kms.katalon.core.main.TestCaseExecutor.runScript(TestCaseExecutor.java:448)
	at com.kms.katalon.core.main.TestCaseExecutor.doExecute(TestCaseExecutor.java:439)
	at com.kms.katalon.core.main.TestCaseExecutor.processExecutionPhase(TestCaseExecutor.java:418)
	at com.kms.katalon.core.main.TestCaseExecutor.accessMainPhase(TestCaseExecutor.java:410)
	at com.kms.katalon.core.main.TestCaseExecutor.execute(TestCaseExecutor.java:285)
	at com.kms.katalon.core.common.CommonExecutor.accessTestCaseMainPhase(CommonExecutor.java:65)
	at com.kms.katalon.core.main.TestSuiteExecutor.accessTestSuiteMainPhase(TestSuiteExecutor.java:148)
	at com.kms.katalon.core.main.TestSuiteExecutor.execute(TestSuiteExecutor.java:106)
	at com.kms.katalon.core.main.TestCaseMain.startTestSuite(TestCaseMain.java:187)
	at com.kms.katalon.core.main.TestCaseMain$startTestSuite$0.call(Unknown Source)
	at TempTestSuite1696491677292.run(TempTestSuite1696491677292.groovy:36)
Caused by: com.kms.katalon.core.exception.StepFailedException: Text 'Massage Error" pilih metode pembayaran cod"' is not present on page 
	at com.kms.katalon.core.webui.keyword.internal.WebUIKeywordMain.stepFailed(WebUIKeywordMain.groovy:64)
	at com.kms.katalon.core.webui.keyword.builtin.VerifyTextPresentKeyword$_verifyTextPresent_closure1.doCall(VerifyTextPresentKeyword.groovy:79)
	at com.kms.katalon.core.webui.keyword.builtin.VerifyTextPresentKeyword$_verifyTextPresent_closure1.call(VerifyTextPresentKeyword.groovy)
	at com.kms.katalon.core.webui.keyword.internal.WebUIKeywordMain.runKeyword(WebUIKeywordMain.groovy:20)
	... 19 more


2023-10-05 14:45:33 - [TEST_STEP][PASSED] - data = callTestCase(findTestCase("T13 Pembelian, Shipment dan Pembayaran/PBL-002"), [:], STOP_ON_FAILURE): Call Test Case 'Test Cases/T13 Pembelian, Shipment dan Pembayaran/PBL-002' successfully

2023-10-05 14:45:33 - [TEST_CASE][PASSED] - Test Cases/T13 Pembelian, Shipment dan Pembayaran/PBL-002: Test Cases/T13 Pembelian, Shipment dan Pembayaran/PBL-002

2023-10-05 14:45:33 - [TEST_STEP][PASSED] - data = callTestCase(findTestCase("T13 Pembelian, Shipment dan Pembayaran/PBL-001"), [:], STOP_ON_FAILURE): Call Test Case 'Test Cases/T13 Pembelian, Shipment dan Pembayaran/PBL-001' successfully

2023-10-05 14:45:33 - [TEST_CASE][PASSED] - Test Cases/T13 Pembelian, Shipment dan Pembayaran/PBL-001: Test Cases/T13 Pembelian, Shipment dan Pembayaran/PBL-001

2023-10-05 14:45:33 - [TEST_STEP][PASSED] - callTestCase(findTestCase("T13 Pembelian, Shipment dan Pembayaran/LU-001"), ["username":"irfanafandi", "password":"12345irfan"], STOP_ON_FAILURE): Call Test Case 'Test Cases/T13 Pembelian, Shipment dan Pembayaran/LU-001' successfully

2023-10-05 14:45:33 - [TEST_CASE][PASSED] - Test Cases/T13 Pembelian, Shipment dan Pembayaran/LU-001: Test Cases/T13 Pembelian, Shipment dan Pembayaran/LU-001

2023-10-05 14:45:33 - [TEST_STEP][PASSED] - openBrowser("https://10.9.2.63/ecommerce/"): Browser is opened with url: 'https://10.9.2.63/ecommerce/'

2023-10-05 14:45:33 - [MESSAGE][WARNING] - A browser is already opened. Closing browser and opening a new one

2023-10-05 14:45:34 - [MESSAGE][INFO] - Starting 'Edge Chromium' driver

2023-10-05 14:45:34 - [MESSAGE][INFO] - User set preference: ['acceptInsecureCerts', 'true']

2023-10-05 14:45:36 - [MESSAGE][INFO] - Action delay is set to 0 milliseconds

2023-10-05 14:45:40 - [MESSAGE][PASSED] - Browser is opened with url: 'https://10.9.2.63/ecommerce/'

2023-10-05 14:45:40 - [TEST_STEP][PASSED] - maximizeWindow(): Current window maximized

2023-10-05 14:45:40 - [MESSAGE][PASSED] - Current window maximized

2023-10-05 14:45:40 - [TEST_STEP][PASSED] - verifyElementPresent(findTestObject("Login/Home"), 0): Object 'Object Repository/Login/Home' is present

2023-10-05 14:45:41 - [MESSAGE][WARNING] - Timeout '0' is invalid. Using default page load timeout: '30'

2023-10-05 14:45:41 - [MESSAGE][PASSED] - Object 'Object Repository/Login/Home' is present

2023-10-05 14:45:41 - [TEST_STEP][PASSED] - click(findTestObject("Login/a_Login")): Object: 'Object Repository/Login/a_Login' is clicked on

2023-10-05 14:45:42 - [MESSAGE][PASSED] - Object: 'Object Repository/Login/a_Login' is clicked on

2023-10-05 14:45:42 - [TEST_STEP][PASSED] - verifyElementPresent(findTestObject("Login/Tittle Login"), 0): Object 'Object Repository/Login/Tittle Login' is present

2023-10-05 14:45:42 - [MESSAGE][WARNING] - Timeout '0' is invalid. Using default page load timeout: '30'

2023-10-05 14:45:42 - [MESSAGE][PASSED] - Object 'Object Repository/Login/Tittle Login' is present

2023-10-05 14:45:42 - [TEST_STEP][PASSED] - setText(findTestObject("Login/input_Username, Email atau No. Handphone_a"), username): Text 'irfanafandi' is set on object 'Object Repository/Login/input_Username, Email atau No. Handphone_a'

2023-10-05 14:45:43 - [MESSAGE][PASSED] - Text 'irfanafandi' is set on object 'Object Repository/Login/input_Username, Email atau No. Handphone_a'

2023-10-05 14:45:43 - [TEST_STEP][PASSED] - setText(findTestObject("Login/input_Password_b"), password): Text '12345irfan' is set on object 'Object Repository/Login/input_Password_b'

2023-10-05 14:45:44 - [MESSAGE][PASSED] - Text '12345irfan' is set on object 'Object Repository/Login/input_Password_b'

2023-10-05 14:45:44 - [TEST_STEP][PASSED] - click(findTestObject("Login/label_Ingat saya")): Object: 'Object Repository/Login/label_Ingat saya' is clicked on

2023-10-05 14:45:45 - [MESSAGE][PASSED] - Object: 'Object Repository/Login/label_Ingat saya' is clicked on

2023-10-05 14:45:45 - [TEST_STEP][PASSED] - click(findTestObject("Login/button_Masuk")): Object: 'Object Repository/Login/button_Masuk' is clicked on

2023-10-05 14:45:46 - [MESSAGE][PASSED] - Object: 'Object Repository/Login/button_Masuk' is clicked on

2023-10-05 14:45:46 - [TEST_STEP][PASSED] - verifyElementPresent(findTestObject("Login/li_Profile"), 0): Object 'Object Repository/Login/li_Profile' is present

2023-10-05 14:45:46 - [MESSAGE][WARNING] - Timeout '0' is invalid. Using default page load timeout: '30'

2023-10-05 14:45:47 - [MESSAGE][PASSED] - Object 'Object Repository/Login/li_Profile' is present

2023-10-05 14:45:47 - [MESSAGE][PASSED] - Call Test Case 'Test Cases/T13 Pembelian, Shipment dan Pembayaran/LU-001' successfully

2023-10-05 14:45:47 - [TEST_STEP][PASSED] - mouseOver(findTestObject("beli barang/i_Mulai Belanja_icon-menu")): Object: 'Object Repository/beli barang/i_Mulai Belanja_icon-menu' is hovered

2023-10-05 14:45:47 - [MESSAGE][PASSED] - Object: 'Object Repository/beli barang/i_Mulai Belanja_icon-menu' is hovered

2023-10-05 14:45:47 - [TEST_STEP][PASSED] - click(findTestObject("beli barang/a_Fashion  Busana Wanita")): Object: 'Object Repository/beli barang/a_Fashion  Busana Wanita' is clicked on

2023-10-05 14:45:49 - [MESSAGE][PASSED] - Object: 'Object Repository/beli barang/a_Fashion  Busana Wanita' is clicked on

2023-10-05 14:45:49 - [TEST_STEP][PASSED] - NamaSebelum = getText(findTestObject("verifikasi/Nama sebelum")): Text of object 'Object Repository/verifikasi/Nama sebelum' is: ''

2023-10-05 14:45:49 - [MESSAGE][PASSED] - Text of object 'Object Repository/verifikasi/Nama sebelum' is: ''

2023-10-05 14:45:49 - [TEST_STEP][PASSED] - HargaSebelum = getText(findTestObject("verifikasi/Harga sebelum")): Text of object 'Object Repository/verifikasi/Harga sebelum' is: 'Rp 1,299'

2023-10-05 14:45:50 - [MESSAGE][PASSED] - Text of object 'Object Repository/verifikasi/Harga sebelum' is: 'Rp 1,299'

2023-10-05 14:45:50 - [TEST_STEP][PASSED] - mouseOver(findTestObject("beli barang/barang mouse over")): Object: 'Object Repository/beli barang/barang mouse over' is hovered

2023-10-05 14:45:50 - [MESSAGE][PASSED] - Object: 'Object Repository/beli barang/barang mouse over' is hovered

2023-10-05 14:45:50 - [TEST_STEP][PASSED] - click(findTestObject("beli barang/buttom add to cart")): Object: 'Object Repository/beli barang/buttom add to cart' is clicked on

2023-10-05 14:45:52 - [MESSAGE][PASSED] - Object: 'Object Repository/beli barang/buttom add to cart' is clicked on

2023-10-05 14:45:52 - [TEST_STEP][PASSED] - NamaSesudah = getText(findTestObject("verifikasi/Nama sesudah")): Text of object 'Object Repository/verifikasi/Nama sesudah' is: 'Segitiga Instan Madeira - MDB5.3 Sunset'

2023-10-05 14:45:52 - [MESSAGE][PASSED] - Text of object 'Object Repository/verifikasi/Nama sesudah' is: 'Segitiga Instan Madeira - MDB5.3 Sunset'

2023-10-05 14:45:52 - [TEST_STEP][PASSED] - HargaSesudah = getText(findTestObject("verifikasi/Harga sesudah")): Text of object 'Object Repository/verifikasi/Harga sesudah' is: 'Rp 1,299'

2023-10-05 14:45:53 - [MESSAGE][PASSED] - Text of object 'Object Repository/verifikasi/Harga sesudah' is: 'Rp 1,299'

2023-10-05 14:45:53 - [TEST_STEP][PASSED] - assert NamaSesudah.contains(NamaSebelum): null

2023-10-05 14:45:53 - [TEST_STEP][PASSED] - assert HargaSesudah.contains(HargaSebelum): null

2023-10-05 14:45:53 - [TEST_STEP][PASSED] - click(findTestObject("beli barang/Tambah Keranjang busana wanita")): Object: 'Object Repository/beli barang/Tambah Keranjang busana wanita' is clicked on

2023-10-05 14:45:53 - [MESSAGE][PASSED] - Object: 'Object Repository/beli barang/Tambah Keranjang busana wanita' is clicked on

2023-10-05 14:45:53 - [TEST_STEP][PASSED] - verifyElementPresent(findTestObject("checkout/Notifikasi keranjang"), 1): Object 'Object Repository/checkout/Notifikasi keranjang' is present

2023-10-05 14:45:54 - [MESSAGE][PASSED] - Object 'Object Repository/checkout/Notifikasi keranjang' is present

2023-10-05 14:45:54 - [TEST_STEP][PASSED] - data = new java.util.HashMap(): null

2023-10-05 14:45:54 - [TEST_STEP][PASSED] - data.put("nama_barang", NamaSesudah): null

2023-10-05 14:45:54 - [TEST_STEP][PASSED] - data.put("price_barang", HargaSesudah): null

2023-10-05 14:45:54 - [TEST_STEP][PASSED] - return data: null

2023-10-05 14:45:54 - [MESSAGE][PASSED] - Call Test Case 'Test Cases/T13 Pembelian, Shipment dan Pembayaran/PBL-001' successfully

2023-10-05 14:45:54 - [TEST_STEP][PASSED] - mouseOver(findTestObject("beli barang/keranjang")): Object: 'Object Repository/beli barang/keranjang' is hovered

2023-10-05 14:45:55 - [MESSAGE][PASSED] - Object: 'Object Repository/beli barang/keranjang' is hovered

2023-10-05 14:45:55 - [TEST_STEP][PASSED] - click(findTestObject("beli barang/Lihat Sekarang")): Object: 'Object Repository/beli barang/Lihat Sekarang' is clicked on

2023-10-05 14:45:56 - [MESSAGE][PASSED] - Object: 'Object Repository/beli barang/Lihat Sekarang' is clicked on

2023-10-05 14:45:56 - [TEST_STEP][PASSED] - verifyElementPresent(findTestObject("keranjang/li_Keranjang Belanja"), 0): Object 'Object Repository/keranjang/li_Keranjang Belanja' is present

2023-10-05 14:45:56 - [MESSAGE][WARNING] - Timeout '0' is invalid. Using default page load timeout: '30'

2023-10-05 14:45:57 - [MESSAGE][PASSED] - Object 'Object Repository/keranjang/li_Keranjang Belanja' is present

2023-10-05 14:45:57 - [TEST_STEP][PASSED] - NamaKeranjang = getText(findTestObject("verifikasi/Nama keranjang")): Text of object 'Object Repository/verifikasi/Nama keranjang' is: 'Segitiga Instan Madeira - MDB5.3 Sunset'

2023-10-05 14:45:57 - [MESSAGE][PASSED] - Text of object 'Object Repository/verifikasi/Nama keranjang' is: 'Segitiga Instan Madeira - MDB5.3 Sunset'

2023-10-05 14:45:57 - [TEST_STEP][PASSED] - HargaKeranjang = getText(findTestObject("verifikasi/Harga Keranjang")): Text of object 'Object Repository/verifikasi/Harga Keranjang' is: 'Rp 1,299'

2023-10-05 14:45:58 - [MESSAGE][PASSED] - Text of object 'Object Repository/verifikasi/Harga Keranjang' is: 'Rp 1,299'

2023-10-05 14:45:58 - [TEST_STEP][PASSED] - if (toString().equalsIgnoreCase("Merah")): Object 'Object Repository/keranjang/input_Warna_variasi101' is checked

2023-10-05 14:45:58 - [TEST_STEP][PASSED] - check(findTestObject("Object Repository/keranjang/input_Warna_variasi101")): Object 'Object Repository/keranjang/input_Warna_variasi101' is checked

2023-10-05 14:45:58 - [MESSAGE][PASSED] - Object 'Object Repository/keranjang/input_Warna_variasi101' is checked

2023-10-05 14:45:58 - [TEST_STEP][PASSED] - if (toString().equalsIgnoreCase("Menengah")): Object 'Object Repository/keranjang/input_Ukuran_variasi201' is checked

2023-10-05 14:45:58 - [TEST_STEP][PASSED] - check(findTestObject("Object Repository/keranjang/input_Ukuran_variasi201")): Object 'Object Repository/keranjang/input_Ukuran_variasi201' is checked

2023-10-05 14:45:59 - [MESSAGE][PASSED] - Object 'Object Repository/keranjang/input_Ukuran_variasi201' is checked

2023-10-05 14:45:59 - [TEST_STEP][PASSED] - data.put("Warna", warna): null

2023-10-05 14:45:59 - [TEST_STEP][PASSED] - data.put("Ukuran", ukuran): null

2023-10-05 14:45:59 - [TEST_STEP][PASSED] - click(findTestObject("keranjang/button_Lanjut ke Pembayaran")): Object: 'Object Repository/keranjang/button_Lanjut ke Pembayaran' is clicked on

2023-10-05 14:46:00 - [MESSAGE][PASSED] - Object: 'Object Repository/keranjang/button_Lanjut ke Pembayaran' is clicked on

2023-10-05 14:46:00 - [TEST_STEP][PASSED] - verifyElementPresent(findTestObject("checkout/Tittle Checkout Order"), 0): Object 'Object Repository/checkout/Tittle Checkout Order' is present

2023-10-05 14:46:00 - [MESSAGE][WARNING] - Timeout '0' is invalid. Using default page load timeout: '30'

2023-10-05 14:46:01 - [MESSAGE][PASSED] - Object 'Object Repository/checkout/Tittle Checkout Order' is present

2023-10-05 14:46:01 - [TEST_STEP][PASSED] - name_product = data.get("nama_barang"): null

2023-10-05 14:46:01 - [TEST_STEP][PASSED] - price_product = data.get("price_barang"): null

2023-10-05 14:46:01 - [TEST_STEP][PASSED] - assert name_product == NamaKeranjang: null

2023-10-05 14:46:01 - [TEST_STEP][PASSED] - assert price_product == HargaKeranjang: null

2023-10-05 14:46:01 - [TEST_STEP][PASSED] - return data: null

2023-10-05 14:46:01 - [MESSAGE][PASSED] - Call Test Case 'Test Cases/T13 Pembelian, Shipment dan Pembayaran/PBL-002' successfully

2023-10-05 14:46:01 - [TEST_STEP][PASSED] - warnaa = getText(findTestObject("verifikasi/warna Merah")): Text of object 'Object Repository/verifikasi/warna Merah' is: 'Merah'

2023-10-05 14:46:01 - [MESSAGE][PASSED] - Text of object 'Object Repository/verifikasi/warna Merah' is: 'Merah'

2023-10-05 14:46:01 - [TEST_STEP][PASSED] - ukurann = getText(findTestObject("verifikasi/Ukuran Menengah")): Text of object 'Object Repository/verifikasi/Ukuran Menengah' is: 'Menengah'

2023-10-05 14:46:02 - [MESSAGE][PASSED] - Text of object 'Object Repository/verifikasi/Ukuran Menengah' is: 'Menengah'

2023-10-05 14:46:02 - [TEST_STEP][PASSED] - warna1 = data.get("Warna"): null

2023-10-05 14:46:02 - [TEST_STEP][PASSED] - ukuran1 = data.get("Ukuran"): null

2023-10-05 14:46:02 - [TEST_STEP][PASSED] - assert warnaa == warna1: null

2023-10-05 14:46:02 - [TEST_STEP][PASSED] - assert ukurann == ukuran1: null

2023-10-05 14:46:02 - [TEST_STEP][PASSED] - NamaCheckout = getText(findTestObject("verifikasi/NamaCheckout")): Text of object 'Object Repository/verifikasi/NamaCheckout' is: ''

2023-10-05 14:46:02 - [MESSAGE][PASSED] - Text of object 'Object Repository/verifikasi/NamaCheckout' is: ''

2023-10-05 14:46:02 - [TEST_STEP][PASSED] - HargaCheckout = getText(findTestObject("verifikasi/HargaCheckout")): Text of object 'Object Repository/verifikasi/HargaCheckout' is: '1,299'

2023-10-05 14:46:02 - [MESSAGE][PASSED] - Text of object 'Object Repository/verifikasi/HargaCheckout' is: '1,299'

2023-10-05 14:46:02 - [TEST_STEP][PASSED] - name_product = data.get("nama_barang"): null

2023-10-05 14:46:02 - [TEST_STEP][PASSED] - price_product = data.get("price_barang"): null

2023-10-05 14:46:02 - [TEST_STEP][PASSED] - assert name_product.contains(NamaCheckout): null

2023-10-05 14:46:02 - [TEST_STEP][PASSED] - assert price_product.contains(HargaCheckout): null

2023-10-05 14:46:02 - [TEST_STEP][PASSED] - click(findTestObject("checkout/COD")): Object: 'Object Repository/checkout/COD' is clicked on

2023-10-05 14:46:03 - [MESSAGE][PASSED] - Object: 'Object Repository/checkout/COD' is clicked on

2023-10-05 14:46:03 - [TEST_STEP][PASSED] - click(findTestObject("verifikasi/COD - Panjang BanaTarif")): Object: 'Object Repository/verifikasi/COD - Panjang BanaTarif' is clicked on

2023-10-05 14:46:03 - [MESSAGE][PASSED] - Object: 'Object Repository/verifikasi/COD - Panjang BanaTarif' is clicked on

2023-10-05 14:46:03 - [TEST_STEP][PASSED] - click(findTestObject("Object Repository/checkout/metode pembayaran")): Object: 'Object Repository/checkout/metode pembayaran' is clicked on

2023-10-05 14:46:04 - [MESSAGE][PASSED] - Object: 'Object Repository/checkout/metode pembayaran' is clicked on

2023-10-05 14:46:04 - [TEST_STEP][PASSED] - click(findTestObject("checkout/button_Proses Pembayaran")): Object: 'Object Repository/checkout/button_Proses Pembayaran' is clicked on

2023-10-05 14:46:08 - [MESSAGE][PASSED] - Object: 'Object Repository/checkout/button_Proses Pembayaran' is clicked on

2023-10-05 14:46:08 - [TEST_STEP][FAILED] - verifyTextPresent("Massage Error" pilih metode pembayaran cod"", false): Unable to verify text 'Massage Error" pilih metode pembayaran cod"' is present  (Root cause: com.kms.katalon.core.exception.StepFailedException: Unable to verify text 'Massage Error" pilih metode pembayaran cod"' is present 
	at com.kms.katalon.core.webui.keyword.internal.WebUIKeywordMain.stepFailed(WebUIKeywordMain.groovy:64)
	at com.kms.katalon.core.webui.keyword.internal.WebUIKeywordMain.runKeyword(WebUIKeywordMain.groovy:26)
	at com.kms.katalon.core.webui.keyword.builtin.VerifyTextPresentKeyword.verifyTextPresent(VerifyTextPresentKeyword.groovy:83)
	at com.kms.katalon.core.webui.keyword.builtin.VerifyTextPresentKeyword.execute(VerifyTextPresentKeyword.groovy:68)
	at com.kms.katalon.core.keyword.internal.KeywordExecutor.executeKeywordForPlatform(KeywordExecutor.groovy:74)
	at com.kms.katalon.core.webui.keyword.WebUiBuiltInKeywords.verifyTextPresent(WebUiBuiltInKeywords.groovy:1723)
	at com.kms.katalon.core.webui.keyword.WebUiBuiltInKeywords$verifyTextPresent$7.call(Unknown Source)
	at PBL-008.run(PBL-008:105)
	at com.kms.katalon.core.main.ScriptEngine.run(ScriptEngine.java:194)
	at com.kms.katalon.core.main.ScriptEngine.runScriptAsRawText(ScriptEngine.java:119)
	at com.kms.katalon.core.main.TestCaseExecutor.runScript(TestCaseExecutor.java:448)
	at com.kms.katalon.core.main.TestCaseExecutor.doExecute(TestCaseExecutor.java:439)
	at com.kms.katalon.core.main.TestCaseExecutor.processExecutionPhase(TestCaseExecutor.java:418)
	at com.kms.katalon.core.main.TestCaseExecutor.accessMainPhase(TestCaseExecutor.java:410)
	at com.kms.katalon.core.main.TestCaseExecutor.execute(TestCaseExecutor.java:285)
	at com.kms.katalon.core.common.CommonExecutor.accessTestCaseMainPhase(CommonExecutor.java:65)
	at com.kms.katalon.core.main.TestSuiteExecutor.accessTestSuiteMainPhase(TestSuiteExecutor.java:148)
	at com.kms.katalon.core.main.TestSuiteExecutor.execute(TestSuiteExecutor.java:106)
	at com.kms.katalon.core.main.TestCaseMain.startTestSuite(TestCaseMain.java:187)
	at com.kms.katalon.core.main.TestCaseMain$startTestSuite$0.call(Unknown Source)
	at TempTestSuite1696491677292.run(TempTestSuite1696491677292.groovy:36)
Caused by: com.kms.katalon.core.exception.StepFailedException: Text 'Massage Error" pilih metode pembayaran cod"' is not present on page 
	at com.kms.katalon.core.webui.keyword.internal.WebUIKeywordMain.stepFailed(WebUIKeywordMain.groovy:64)
	at com.kms.katalon.core.webui.keyword.builtin.VerifyTextPresentKeyword$_verifyTextPresent_closure1.doCall(VerifyTextPresentKeyword.groovy:79)
	at com.kms.katalon.core.webui.keyword.builtin.VerifyTextPresentKeyword$_verifyTextPresent_closure1.call(VerifyTextPresentKeyword.groovy)
	at com.kms.katalon.core.webui.keyword.internal.WebUIKeywordMain.runKeyword(WebUIKeywordMain.groovy:20)
	... 19 more
)

2023-10-05 14:46:08 - [MESSAGE][FAILED] - Text 'Massage Error" pilih metode pembayaran cod"' is not present on page  (Root cause: com.kms.katalon.core.exception.StepFailedException: Text 'Massage Error" pilih metode pembayaran cod"' is not present on page 
	at com.kms.katalon.core.webui.keyword.internal.WebUIKeywordMain.stepFailed(WebUIKeywordMain.groovy:64)
	at com.kms.katalon.core.webui.keyword.builtin.VerifyTextPresentKeyword$_verifyTextPresent_closure1.doCall(VerifyTextPresentKeyword.groovy:79)
	at com.kms.katalon.core.webui.keyword.builtin.VerifyTextPresentKeyword$_verifyTextPresent_closure1.call(VerifyTextPresentKeyword.groovy)
	at com.kms.katalon.core.webui.keyword.internal.WebUIKeywordMain.runKeyword(WebUIKeywordMain.groovy:20)
	at com.kms.katalon.core.webui.keyword.builtin.VerifyTextPresentKeyword.verifyTextPresent(VerifyTextPresentKeyword.groovy:83)
	at com.kms.katalon.core.webui.keyword.builtin.VerifyTextPresentKeyword.execute(VerifyTextPresentKeyword.groovy:68)
	at com.kms.katalon.core.keyword.internal.KeywordExecutor.executeKeywordForPlatform(KeywordExecutor.groovy:74)
	at com.kms.katalon.core.webui.keyword.WebUiBuiltInKeywords.verifyTextPresent(WebUiBuiltInKeywords.groovy:1723)
	at com.kms.katalon.core.webui.keyword.WebUiBuiltInKeywords$verifyTextPresent$7.call(Unknown Source)
	at PBL-008.run(PBL-008:105)
	at com.kms.katalon.core.main.ScriptEngine.run(ScriptEngine.java:194)
	at com.kms.katalon.core.main.ScriptEngine.runScriptAsRawText(ScriptEngine.java:119)
	at com.kms.katalon.core.main.TestCaseExecutor.runScript(TestCaseExecutor.java:448)
	at com.kms.katalon.core.main.TestCaseExecutor.doExecute(TestCaseExecutor.java:439)
	at com.kms.katalon.core.main.TestCaseExecutor.processExecutionPhase(TestCaseExecutor.java:418)
	at com.kms.katalon.core.main.TestCaseExecutor.accessMainPhase(TestCaseExecutor.java:410)
	at com.kms.katalon.core.main.TestCaseExecutor.execute(TestCaseExecutor.java:285)
	at com.kms.katalon.core.common.CommonExecutor.accessTestCaseMainPhase(CommonExecutor.java:65)
	at com.kms.katalon.core.main.TestSuiteExecutor.accessTestSuiteMainPhase(TestSuiteExecutor.java:148)
	at com.kms.katalon.core.main.TestSuiteExecutor.execute(TestSuiteExecutor.java:106)
	at com.kms.katalon.core.main.TestCaseMain.startTestSuite(TestCaseMain.java:187)
	at com.kms.katalon.core.main.TestCaseMain$startTestSuite$0.call(Unknown Source)
	at TempTestSuite1696491677292.run(TempTestSuite1696491677292.groovy:36)
)

2023-10-05 14:46:09 - [MESSAGE][FAILED] - Unable to verify text 'Massage Error" pilih metode pembayaran cod"' is present  (Root cause: com.kms.katalon.core.exception.StepFailedException: Unable to verify text 'Massage Error" pilih metode pembayaran cod"' is present 
	at com.kms.katalon.core.webui.keyword.internal.WebUIKeywordMain.stepFailed(WebUIKeywordMain.groovy:64)
	at com.kms.katalon.core.webui.keyword.internal.WebUIKeywordMain.runKeyword(WebUIKeywordMain.groovy:26)
	at com.kms.katalon.core.webui.keyword.builtin.VerifyTextPresentKeyword.verifyTextPresent(VerifyTextPresentKeyword.groovy:83)
	at com.kms.katalon.core.webui.keyword.builtin.VerifyTextPresentKeyword.execute(VerifyTextPresentKeyword.groovy:68)
	at com.kms.katalon.core.keyword.internal.KeywordExecutor.executeKeywordForPlatform(KeywordExecutor.groovy:74)
	at com.kms.katalon.core.webui.keyword.WebUiBuiltInKeywords.verifyTextPresent(WebUiBuiltInKeywords.groovy:1723)
	at com.kms.katalon.core.webui.keyword.WebUiBuiltInKeywords$verifyTextPresent$7.call(Unknown Source)
	at PBL-008.run(PBL-008:105)
	at com.kms.katalon.core.main.ScriptEngine.run(ScriptEngine.java:194)
	at com.kms.katalon.core.main.ScriptEngine.runScriptAsRawText(ScriptEngine.java:119)
	at com.kms.katalon.core.main.TestCaseExecutor.runScript(TestCaseExecutor.java:448)
	at com.kms.katalon.core.main.TestCaseExecutor.doExecute(TestCaseExecutor.java:439)
	at com.kms.katalon.core.main.TestCaseExecutor.processExecutionPhase(TestCaseExecutor.java:418)
	at com.kms.katalon.core.main.TestCaseExecutor.accessMainPhase(TestCaseExecutor.java:410)
	at com.kms.katalon.core.main.TestCaseExecutor.execute(TestCaseExecutor.java:285)
	at com.kms.katalon.core.common.CommonExecutor.accessTestCaseMainPhase(CommonExecutor.java:65)
	at com.kms.katalon.core.main.TestSuiteExecutor.accessTestSuiteMainPhase(TestSuiteExecutor.java:148)
	at com.kms.katalon.core.main.TestSuiteExecutor.execute(TestSuiteExecutor.java:106)
	at com.kms.katalon.core.main.TestCaseMain.startTestSuite(TestCaseMain.java:187)
	at com.kms.katalon.core.main.TestCaseMain$startTestSuite$0.call(Unknown Source)
	at TempTestSuite1696491677292.run(TempTestSuite1696491677292.groovy:36)
Caused by: com.kms.katalon.core.exception.StepFailedException: Text 'Massage Error" pilih metode pembayaran cod"' is not present on page 
	at com.kms.katalon.core.webui.keyword.internal.WebUIKeywordMain.stepFailed(WebUIKeywordMain.groovy:64)
	at com.kms.katalon.core.webui.keyword.builtin.VerifyTextPresentKeyword$_verifyTextPresent_closure1.doCall(VerifyTextPresentKeyword.groovy:79)
	at com.kms.katalon.core.webui.keyword.builtin.VerifyTextPresentKeyword$_verifyTextPresent_closure1.call(VerifyTextPresentKeyword.groovy)
	at com.kms.katalon.core.webui.keyword.internal.WebUIKeywordMain.runKeyword(WebUIKeywordMain.groovy:20)
	... 19 more
)
[[ATTACHMENT|C:\\FT2 XSIS\\Projek 2 MINI PROJEK\\Reports\\20231005_144117\\T13 Pembelian, Shipment dan Pembayaran\\T13 Pembelian, Shipment dan Pembayaran\\20231005_144117\\1696491968889.png]]]]></system-out>
         <system-err><![CDATA[2023-10-05 14:45:33 - [TEST_CASE][FAILED] - Test Cases/T13 Pembelian, Shipment dan Pembayaran/PBL-008: Test Cases/T13 Pembelian, Shipment dan Pembayaran/PBL-008 FAILED.
Reason:
com.kms.katalon.core.exception.StepFailedException: Unable to verify text 'Massage Error" pilih metode pembayaran cod"' is present 
	at com.kms.katalon.core.webui.keyword.internal.WebUIKeywordMain.stepFailed(WebUIKeywordMain.groovy:64)
	at com.kms.katalon.core.webui.keyword.internal.WebUIKeywordMain.runKeyword(WebUIKeywordMain.groovy:26)
	at com.kms.katalon.core.webui.keyword.builtin.VerifyTextPresentKeyword.verifyTextPresent(VerifyTextPresentKeyword.groovy:83)
	at com.kms.katalon.core.webui.keyword.builtin.VerifyTextPresentKeyword.execute(VerifyTextPresentKeyword.groovy:68)
	at com.kms.katalon.core.keyword.internal.KeywordExecutor.executeKeywordForPlatform(KeywordExecutor.groovy:74)
	at com.kms.katalon.core.webui.keyword.WebUiBuiltInKeywords.verifyTextPresent(WebUiBuiltInKeywords.groovy:1723)
	at com.kms.katalon.core.webui.keyword.WebUiBuiltInKeywords$verifyTextPresent$7.call(Unknown Source)
	at PBL-008.run(PBL-008:105)
	at com.kms.katalon.core.main.ScriptEngine.run(ScriptEngine.java:194)
	at com.kms.katalon.core.main.ScriptEngine.runScriptAsRawText(ScriptEngine.java:119)
	at com.kms.katalon.core.main.TestCaseExecutor.runScript(TestCaseExecutor.java:448)
	at com.kms.katalon.core.main.TestCaseExecutor.doExecute(TestCaseExecutor.java:439)
	at com.kms.katalon.core.main.TestCaseExecutor.processExecutionPhase(TestCaseExecutor.java:418)
	at com.kms.katalon.core.main.TestCaseExecutor.accessMainPhase(TestCaseExecutor.java:410)
	at com.kms.katalon.core.main.TestCaseExecutor.execute(TestCaseExecutor.java:285)
	at com.kms.katalon.core.common.CommonExecutor.accessTestCaseMainPhase(CommonExecutor.java:65)
	at com.kms.katalon.core.main.TestSuiteExecutor.accessTestSuiteMainPhase(TestSuiteExecutor.java:148)
	at com.kms.katalon.core.main.TestSuiteExecutor.execute(TestSuiteExecutor.java:106)
	at com.kms.katalon.core.main.TestCaseMain.startTestSuite(TestCaseMain.java:187)
	at com.kms.katalon.core.main.TestCaseMain$startTestSuite$0.call(Unknown Source)
	at TempTestSuite1696491677292.run(TempTestSuite1696491677292.groovy:36)
Caused by: com.kms.katalon.core.exception.StepFailedException: Text 'Massage Error" pilih metode pembayaran cod"' is not present on page 
	at com.kms.katalon.core.webui.keyword.internal.WebUIKeywordMain.stepFailed(WebUIKeywordMain.groovy:64)
	at com.kms.katalon.core.webui.keyword.builtin.VerifyTextPresentKeyword$_verifyTextPresent_closure1.doCall(VerifyTextPresentKeyword.groovy:79)
	at com.kms.katalon.core.webui.keyword.builtin.VerifyTextPresentKeyword$_verifyTextPresent_closure1.call(VerifyTextPresentKeyword.groovy)
	at com.kms.katalon.core.webui.keyword.internal.WebUIKeywordMain.runKeyword(WebUIKeywordMain.groovy:20)
	... 19 more]]></system-err>
      </testcase>
      <testcase name="Test Cases/T13 Pembelian, Shipment dan Pembayaran/PBL-009" time="38.826" classname="Test Cases/T13 Pembelian, Shipment dan Pembayaran/PBL-009" status="PASSED">
         <system-out><![CDATA[2023-10-05 14:46:09 - [TEST_CASE][PASSED] - Test Cases/T13 Pembelian, Shipment dan Pembayaran/PBL-009: Test Cases/T13 Pembelian, Shipment dan Pembayaran/PBL-009

2023-10-05 14:46:09 - [TEST_STEP][PASSED] - data = callTestCase(findTestCase("T13 Pembelian, Shipment dan Pembayaran/PBL-002"), [:], STOP_ON_FAILURE): Call Test Case 'Test Cases/T13 Pembelian, Shipment dan Pembayaran/PBL-002' successfully

2023-10-05 14:46:09 - [TEST_CASE][PASSED] - Test Cases/T13 Pembelian, Shipment dan Pembayaran/PBL-002: Test Cases/T13 Pembelian, Shipment dan Pembayaran/PBL-002

2023-10-05 14:46:09 - [TEST_STEP][PASSED] - data = callTestCase(findTestCase("T13 Pembelian, Shipment dan Pembayaran/PBL-001"), [:], STOP_ON_FAILURE): Call Test Case 'Test Cases/T13 Pembelian, Shipment dan Pembayaran/PBL-001' successfully

2023-10-05 14:46:09 - [TEST_CASE][PASSED] - Test Cases/T13 Pembelian, Shipment dan Pembayaran/PBL-001: Test Cases/T13 Pembelian, Shipment dan Pembayaran/PBL-001

2023-10-05 14:46:09 - [TEST_STEP][PASSED] - callTestCase(findTestCase("T13 Pembelian, Shipment dan Pembayaran/LU-001"), ["username":"irfanafandi", "password":"12345irfan"], STOP_ON_FAILURE): Call Test Case 'Test Cases/T13 Pembelian, Shipment dan Pembayaran/LU-001' successfully

2023-10-05 14:46:09 - [TEST_CASE][PASSED] - Test Cases/T13 Pembelian, Shipment dan Pembayaran/LU-001: Test Cases/T13 Pembelian, Shipment dan Pembayaran/LU-001

2023-10-05 14:46:09 - [TEST_STEP][PASSED] - openBrowser("https://10.9.2.63/ecommerce/"): Browser is opened with url: 'https://10.9.2.63/ecommerce/'

2023-10-05 14:46:09 - [MESSAGE][WARNING] - A browser is already opened. Closing browser and opening a new one

2023-10-05 14:46:10 - [MESSAGE][INFO] - Starting 'Edge Chromium' driver

2023-10-05 14:46:10 - [MESSAGE][INFO] - User set preference: ['acceptInsecureCerts', 'true']

2023-10-05 14:46:12 - [MESSAGE][INFO] - Action delay is set to 0 milliseconds

2023-10-05 14:46:16 - [MESSAGE][PASSED] - Browser is opened with url: 'https://10.9.2.63/ecommerce/'

2023-10-05 14:46:16 - [TEST_STEP][PASSED] - maximizeWindow(): Current window maximized

2023-10-05 14:46:17 - [MESSAGE][PASSED] - Current window maximized

2023-10-05 14:46:17 - [TEST_STEP][PASSED] - verifyElementPresent(findTestObject("Login/Home"), 0): Object 'Object Repository/Login/Home' is present

2023-10-05 14:46:17 - [MESSAGE][WARNING] - Timeout '0' is invalid. Using default page load timeout: '30'

2023-10-05 14:46:17 - [MESSAGE][PASSED] - Object 'Object Repository/Login/Home' is present

2023-10-05 14:46:17 - [TEST_STEP][PASSED] - click(findTestObject("Login/a_Login")): Object: 'Object Repository/Login/a_Login' is clicked on

2023-10-05 14:46:18 - [MESSAGE][PASSED] - Object: 'Object Repository/Login/a_Login' is clicked on

2023-10-05 14:46:18 - [TEST_STEP][PASSED] - verifyElementPresent(findTestObject("Login/Tittle Login"), 0): Object 'Object Repository/Login/Tittle Login' is present

2023-10-05 14:46:18 - [MESSAGE][WARNING] - Timeout '0' is invalid. Using default page load timeout: '30'

2023-10-05 14:46:18 - [MESSAGE][PASSED] - Object 'Object Repository/Login/Tittle Login' is present

2023-10-05 14:46:18 - [TEST_STEP][PASSED] - setText(findTestObject("Login/input_Username, Email atau No. Handphone_a"), username): Text 'irfanafandi' is set on object 'Object Repository/Login/input_Username, Email atau No. Handphone_a'

2023-10-05 14:46:19 - [MESSAGE][PASSED] - Text 'irfanafandi' is set on object 'Object Repository/Login/input_Username, Email atau No. Handphone_a'

2023-10-05 14:46:19 - [TEST_STEP][PASSED] - setText(findTestObject("Login/input_Password_b"), password): Text '12345irfan' is set on object 'Object Repository/Login/input_Password_b'

2023-10-05 14:46:20 - [MESSAGE][PASSED] - Text '12345irfan' is set on object 'Object Repository/Login/input_Password_b'

2023-10-05 14:46:20 - [TEST_STEP][PASSED] - click(findTestObject("Login/label_Ingat saya")): Object: 'Object Repository/Login/label_Ingat saya' is clicked on

2023-10-05 14:46:21 - [MESSAGE][PASSED] - Object: 'Object Repository/Login/label_Ingat saya' is clicked on

2023-10-05 14:46:21 - [TEST_STEP][PASSED] - click(findTestObject("Login/button_Masuk")): Object: 'Object Repository/Login/button_Masuk' is clicked on

2023-10-05 14:46:22 - [MESSAGE][PASSED] - Object: 'Object Repository/Login/button_Masuk' is clicked on

2023-10-05 14:46:22 - [TEST_STEP][PASSED] - verifyElementPresent(findTestObject("Login/li_Profile"), 0): Object 'Object Repository/Login/li_Profile' is present

2023-10-05 14:46:22 - [MESSAGE][WARNING] - Timeout '0' is invalid. Using default page load timeout: '30'

2023-10-05 14:46:23 - [MESSAGE][PASSED] - Object 'Object Repository/Login/li_Profile' is present

2023-10-05 14:46:23 - [MESSAGE][PASSED] - Call Test Case 'Test Cases/T13 Pembelian, Shipment dan Pembayaran/LU-001' successfully

2023-10-05 14:46:23 - [TEST_STEP][PASSED] - mouseOver(findTestObject("beli barang/i_Mulai Belanja_icon-menu")): Object: 'Object Repository/beli barang/i_Mulai Belanja_icon-menu' is hovered

2023-10-05 14:46:23 - [MESSAGE][PASSED] - Object: 'Object Repository/beli barang/i_Mulai Belanja_icon-menu' is hovered

2023-10-05 14:46:23 - [TEST_STEP][PASSED] - click(findTestObject("beli barang/a_Fashion  Busana Wanita")): Object: 'Object Repository/beli barang/a_Fashion  Busana Wanita' is clicked on

2023-10-05 14:46:25 - [MESSAGE][PASSED] - Object: 'Object Repository/beli barang/a_Fashion  Busana Wanita' is clicked on

2023-10-05 14:46:25 - [TEST_STEP][PASSED] - NamaSebelum = getText(findTestObject("verifikasi/Nama sebelum")): Text of object 'Object Repository/verifikasi/Nama sebelum' is: ''

2023-10-05 14:46:25 - [MESSAGE][PASSED] - Text of object 'Object Repository/verifikasi/Nama sebelum' is: ''

2023-10-05 14:46:25 - [TEST_STEP][PASSED] - HargaSebelum = getText(findTestObject("verifikasi/Harga sebelum")): Text of object 'Object Repository/verifikasi/Harga sebelum' is: 'Rp 1,299'

2023-10-05 14:46:26 - [MESSAGE][PASSED] - Text of object 'Object Repository/verifikasi/Harga sebelum' is: 'Rp 1,299'

2023-10-05 14:46:26 - [TEST_STEP][PASSED] - mouseOver(findTestObject("beli barang/barang mouse over")): Object: 'Object Repository/beli barang/barang mouse over' is hovered

2023-10-05 14:46:26 - [MESSAGE][PASSED] - Object: 'Object Repository/beli barang/barang mouse over' is hovered

2023-10-05 14:46:26 - [TEST_STEP][PASSED] - click(findTestObject("beli barang/buttom add to cart")): Object: 'Object Repository/beli barang/buttom add to cart' is clicked on

2023-10-05 14:46:28 - [MESSAGE][PASSED] - Object: 'Object Repository/beli barang/buttom add to cart' is clicked on

2023-10-05 14:46:28 - [TEST_STEP][PASSED] - NamaSesudah = getText(findTestObject("verifikasi/Nama sesudah")): Text of object 'Object Repository/verifikasi/Nama sesudah' is: 'Segitiga Instan Madeira - MDB5.3 Sunset'

2023-10-05 14:46:28 - [MESSAGE][PASSED] - Text of object 'Object Repository/verifikasi/Nama sesudah' is: 'Segitiga Instan Madeira - MDB5.3 Sunset'

2023-10-05 14:46:28 - [TEST_STEP][PASSED] - HargaSesudah = getText(findTestObject("verifikasi/Harga sesudah")): Text of object 'Object Repository/verifikasi/Harga sesudah' is: 'Rp 1,299'

2023-10-05 14:46:29 - [MESSAGE][PASSED] - Text of object 'Object Repository/verifikasi/Harga sesudah' is: 'Rp 1,299'

2023-10-05 14:46:29 - [TEST_STEP][PASSED] - assert NamaSesudah.contains(NamaSebelum): null

2023-10-05 14:46:29 - [TEST_STEP][PASSED] - assert HargaSesudah.contains(HargaSebelum): null

2023-10-05 14:46:29 - [TEST_STEP][PASSED] - click(findTestObject("beli barang/Tambah Keranjang busana wanita")): Object: 'Object Repository/beli barang/Tambah Keranjang busana wanita' is clicked on

2023-10-05 14:46:29 - [MESSAGE][PASSED] - Object: 'Object Repository/beli barang/Tambah Keranjang busana wanita' is clicked on

2023-10-05 14:46:29 - [TEST_STEP][PASSED] - verifyElementPresent(findTestObject("checkout/Notifikasi keranjang"), 1): Object 'Object Repository/checkout/Notifikasi keranjang' is present

2023-10-05 14:46:30 - [MESSAGE][PASSED] - Object 'Object Repository/checkout/Notifikasi keranjang' is present

2023-10-05 14:46:30 - [TEST_STEP][PASSED] - data = new java.util.HashMap(): null

2023-10-05 14:46:30 - [TEST_STEP][PASSED] - data.put("nama_barang", NamaSesudah): null

2023-10-05 14:46:30 - [TEST_STEP][PASSED] - data.put("price_barang", HargaSesudah): null

2023-10-05 14:46:30 - [TEST_STEP][PASSED] - return data: null

2023-10-05 14:46:30 - [MESSAGE][PASSED] - Call Test Case 'Test Cases/T13 Pembelian, Shipment dan Pembayaran/PBL-001' successfully

2023-10-05 14:46:30 - [TEST_STEP][PASSED] - mouseOver(findTestObject("beli barang/keranjang")): Object: 'Object Repository/beli barang/keranjang' is hovered

2023-10-05 14:46:31 - [MESSAGE][PASSED] - Object: 'Object Repository/beli barang/keranjang' is hovered

2023-10-05 14:46:31 - [TEST_STEP][PASSED] - click(findTestObject("beli barang/Lihat Sekarang")): Object: 'Object Repository/beli barang/Lihat Sekarang' is clicked on

2023-10-05 14:46:33 - [MESSAGE][PASSED] - Object: 'Object Repository/beli barang/Lihat Sekarang' is clicked on

2023-10-05 14:46:33 - [TEST_STEP][PASSED] - verifyElementPresent(findTestObject("keranjang/li_Keranjang Belanja"), 0): Object 'Object Repository/keranjang/li_Keranjang Belanja' is present

2023-10-05 14:46:33 - [MESSAGE][WARNING] - Timeout '0' is invalid. Using default page load timeout: '30'

2023-10-05 14:46:34 - [MESSAGE][PASSED] - Object 'Object Repository/keranjang/li_Keranjang Belanja' is present

2023-10-05 14:46:34 - [TEST_STEP][PASSED] - NamaKeranjang = getText(findTestObject("verifikasi/Nama keranjang")): Text of object 'Object Repository/verifikasi/Nama keranjang' is: 'Segitiga Instan Madeira - MDB5.3 Sunset'

2023-10-05 14:46:34 - [MESSAGE][PASSED] - Text of object 'Object Repository/verifikasi/Nama keranjang' is: 'Segitiga Instan Madeira - MDB5.3 Sunset'

2023-10-05 14:46:34 - [TEST_STEP][PASSED] - HargaKeranjang = getText(findTestObject("verifikasi/Harga Keranjang")): Text of object 'Object Repository/verifikasi/Harga Keranjang' is: 'Rp 1,299'

2023-10-05 14:46:35 - [MESSAGE][PASSED] - Text of object 'Object Repository/verifikasi/Harga Keranjang' is: 'Rp 1,299'

2023-10-05 14:46:35 - [TEST_STEP][PASSED] - if (toString().equalsIgnoreCase("Merah")): Object 'Object Repository/keranjang/input_Warna_variasi101' is checked

2023-10-05 14:46:35 - [TEST_STEP][PASSED] - check(findTestObject("Object Repository/keranjang/input_Warna_variasi101")): Object 'Object Repository/keranjang/input_Warna_variasi101' is checked

2023-10-05 14:46:35 - [MESSAGE][PASSED] - Object 'Object Repository/keranjang/input_Warna_variasi101' is checked

2023-10-05 14:46:35 - [TEST_STEP][PASSED] - if (toString().equalsIgnoreCase("Menengah")): Object 'Object Repository/keranjang/input_Ukuran_variasi201' is checked

2023-10-05 14:46:35 - [TEST_STEP][PASSED] - check(findTestObject("Object Repository/keranjang/input_Ukuran_variasi201")): Object 'Object Repository/keranjang/input_Ukuran_variasi201' is checked

2023-10-05 14:46:35 - [MESSAGE][PASSED] - Object 'Object Repository/keranjang/input_Ukuran_variasi201' is checked

2023-10-05 14:46:35 - [TEST_STEP][PASSED] - data.put("Warna", warna): null

2023-10-05 14:46:35 - [TEST_STEP][PASSED] - data.put("Ukuran", ukuran): null

2023-10-05 14:46:35 - [TEST_STEP][PASSED] - click(findTestObject("keranjang/button_Lanjut ke Pembayaran")): Object: 'Object Repository/keranjang/button_Lanjut ke Pembayaran' is clicked on

2023-10-05 14:46:37 - [MESSAGE][PASSED] - Object: 'Object Repository/keranjang/button_Lanjut ke Pembayaran' is clicked on

2023-10-05 14:46:37 - [TEST_STEP][PASSED] - verifyElementPresent(findTestObject("checkout/Tittle Checkout Order"), 0): Object 'Object Repository/checkout/Tittle Checkout Order' is present

2023-10-05 14:46:37 - [MESSAGE][WARNING] - Timeout '0' is invalid. Using default page load timeout: '30'

2023-10-05 14:46:38 - [MESSAGE][PASSED] - Object 'Object Repository/checkout/Tittle Checkout Order' is present

2023-10-05 14:46:38 - [TEST_STEP][PASSED] - name_product = data.get("nama_barang"): null

2023-10-05 14:46:38 - [TEST_STEP][PASSED] - price_product = data.get("price_barang"): null

2023-10-05 14:46:38 - [TEST_STEP][PASSED] - assert name_product == NamaKeranjang: null

2023-10-05 14:46:38 - [TEST_STEP][PASSED] - assert price_product == HargaKeranjang: null

2023-10-05 14:46:38 - [TEST_STEP][PASSED] - return data: null

2023-10-05 14:46:38 - [MESSAGE][PASSED] - Call Test Case 'Test Cases/T13 Pembelian, Shipment dan Pembayaran/PBL-002' successfully

2023-10-05 14:46:38 - [TEST_STEP][PASSED] - warnaa = getText(findTestObject("verifikasi/warna Merah")): Text of object 'Object Repository/verifikasi/warna Merah' is: 'Merah'

2023-10-05 14:46:38 - [MESSAGE][PASSED] - Text of object 'Object Repository/verifikasi/warna Merah' is: 'Merah'

2023-10-05 14:46:38 - [TEST_STEP][PASSED] - ukurann = getText(findTestObject("verifikasi/Ukuran Menengah")): Text of object 'Object Repository/verifikasi/Ukuran Menengah' is: 'Menengah'

2023-10-05 14:46:38 - [MESSAGE][PASSED] - Text of object 'Object Repository/verifikasi/Ukuran Menengah' is: 'Menengah'

2023-10-05 14:46:38 - [TEST_STEP][PASSED] - warna1 = data.get("Warna"): null

2023-10-05 14:46:38 - [TEST_STEP][PASSED] - ukuran1 = data.get("Ukuran"): null

2023-10-05 14:46:38 - [TEST_STEP][PASSED] - assert warnaa == warna1: null

2023-10-05 14:46:38 - [TEST_STEP][PASSED] - assert ukurann == ukuran1: null

2023-10-05 14:46:38 - [TEST_STEP][PASSED] - NamaCheckout = getText(findTestObject("verifikasi/NamaCheckout")): Text of object 'Object Repository/verifikasi/NamaCheckout' is: ''

2023-10-05 14:46:39 - [MESSAGE][PASSED] - Text of object 'Object Repository/verifikasi/NamaCheckout' is: ''

2023-10-05 14:46:39 - [TEST_STEP][PASSED] - HargaCheckout = getText(findTestObject("verifikasi/HargaCheckout")): Text of object 'Object Repository/verifikasi/HargaCheckout' is: '1,299'

2023-10-05 14:46:39 - [MESSAGE][PASSED] - Text of object 'Object Repository/verifikasi/HargaCheckout' is: '1,299'

2023-10-05 14:46:39 - [TEST_STEP][PASSED] - name_product = data.get("nama_barang"): null

2023-10-05 14:46:39 - [TEST_STEP][PASSED] - price_product = data.get("price_barang"): null

2023-10-05 14:46:39 - [TEST_STEP][PASSED] - assert name_product.contains(NamaCheckout): null

2023-10-05 14:46:39 - [TEST_STEP][PASSED] - assert price_product.contains(HargaCheckout): null

2023-10-05 14:46:39 - [TEST_STEP][PASSED] - selectOptionByLabel(findTestObject("checkout/select - Kirim via Kurir Lokal"), Kurir, false): All options with label 'Roda 2' are selected in object 'Object Repository/checkout/select - Kirim via Kurir Lokal' 

2023-10-05 14:46:40 - [MESSAGE][PASSED] - All options with label 'Roda 2' are selected in object 'Object Repository/checkout/select - Kirim via Kurir Lokal' 

2023-10-05 14:46:40 - [TEST_STEP][PASSED] - click(findTestObject("checkout/Kendaraan Kurir")): Object: 'Object Repository/checkout/Kendaraan Kurir' is clicked on

2023-10-05 14:46:41 - [MESSAGE][PASSED] - Object: 'Object Repository/checkout/Kendaraan Kurir' is clicked on

2023-10-05 14:46:41 - [TEST_STEP][PASSED] - OngkosKirim = getText(findTestObject("Object Repository/verifikasi/Ongkos Kirim checkout")): Text of object 'Object Repository/verifikasi/Ongkos Kirim checkout' is: 'Rp. 5,000'

2023-10-05 14:46:41 - [MESSAGE][PASSED] - Text of object 'Object Repository/verifikasi/Ongkos Kirim checkout' is: 'Rp. 5,000'

2023-10-05 14:46:41 - [TEST_STEP][PASSED] - Ongkos = OngkosKirim.substring(3, OngkosKirim.size()): null

2023-10-05 14:46:41 - [TEST_STEP][PASSED] - rep = Ongkos.replace(",", "."): null

2023-10-05 14:46:41 - [TEST_STEP][PASSED] - Ongkos_kirim = Double.parseDouble(rep): null

2023-10-05 14:46:41 - [TEST_STEP][PASSED] - println(Ongkos_kirim): null

2023-10-05 14:46:41 - [TEST_STEP][PASSED] - FeeAdmin = getText(findTestObject("verifikasi/Fee Admin checkout")): Text of object 'Object Repository/verifikasi/Fee Admin checkout' is: 'Fee Admin
Rp 1,500'

2023-10-05 14:46:42 - [MESSAGE][PASSED] - Text of object 'Object Repository/verifikasi/Fee Admin checkout' is: 'Fee Admin
Rp 1,500'

2023-10-05 14:46:42 - [TEST_STEP][PASSED] - Fee_Admin = FeeAdmin.substring(12, FeeAdmin.size()): null

2023-10-05 14:46:42 - [TEST_STEP][PASSED] - fee = Fee_Admin.replace(",", "."): null

2023-10-05 14:46:42 - [TEST_STEP][PASSED] - fee_admin = Double.parseDouble(fee): null

2023-10-05 14:46:42 - [TEST_STEP][PASSED] - println(fee_admin): null

2023-10-05 14:46:42 - [TEST_STEP][PASSED] - Subtotal = getText(findTestObject("verifikasi/subtotal checkout")): Text of object 'Object Repository/verifikasi/subtotal checkout' is: 'Subtotal
Rp 1,299'

2023-10-05 14:46:42 - [MESSAGE][PASSED] - Text of object 'Object Repository/verifikasi/subtotal checkout' is: 'Subtotal
Rp 1,299'

2023-10-05 14:46:42 - [TEST_STEP][PASSED] - sub_total = Subtotal.substring(12, Subtotal.size()): null

2023-10-05 14:46:42 - [TEST_STEP][PASSED] - sub = sub_total.replace(",", "."): null

2023-10-05 14:46:42 - [TEST_STEP][PASSED] - sub_total = Double.parseDouble(sub): null

2023-10-05 14:46:42 - [TEST_STEP][PASSED] - println(sub_total): null

2023-10-05 14:46:42 - [TEST_STEP][PASSED] - Total = getText(findTestObject("verifikasi/Total checkout")): Text of object 'Object Repository/verifikasi/Total checkout' is: 'Rp 7,799'

2023-10-05 14:46:43 - [MESSAGE][PASSED] - Text of object 'Object Repository/verifikasi/Total checkout' is: 'Rp 7,799'

2023-10-05 14:46:43 - [TEST_STEP][PASSED] - totall = Total.substring(3, Total.size()): null

2023-10-05 14:46:43 - [TEST_STEP][PASSED] - total = totall.replace(",", "."): null

2023-10-05 14:46:43 - [TEST_STEP][PASSED] - totall = Double.parseDouble(total): null

2023-10-05 14:46:43 - [TEST_STEP][PASSED] - println(totall): null

2023-10-05 14:46:43 - [TEST_STEP][PASSED] - Total_Harga = Ongkos_kirim + fee_admin + sub_total: null

2023-10-05 14:46:43 - [TEST_STEP][PASSED] - println(Total_Harga): null

2023-10-05 14:46:43 - [TEST_STEP][PASSED] - TotalHarga = Math.round(Total_Harga * 1000) / 1000: null

2023-10-05 14:46:43 - [TEST_STEP][PASSED] - println(TotalHarga): null

2023-10-05 14:46:43 - [TEST_STEP][PASSED] - assert totall == TotalHarga: null

2023-10-05 14:46:43 - [TEST_STEP][PASSED] - setText(findTestObject("voucher/input kupon"), "kupon99"): Text 'kupon99' is set on object 'Object Repository/voucher/input kupon'

2023-10-05 14:46:43 - [MESSAGE][PASSED] - Text 'kupon99' is set on object 'Object Repository/voucher/input kupon'

2023-10-05 14:46:43 - [TEST_STEP][PASSED] - click(findTestObject("voucher/button kupon")): Object: 'Object Repository/voucher/button kupon' is clicked on

2023-10-05 14:46:44 - [MESSAGE][PASSED] - Object: 'Object Repository/voucher/button kupon' is clicked on

2023-10-05 14:46:44 - [TEST_STEP][PASSED] - verifyElementText(findTestObject("voucher/Maaf, Kode Kupon  Voucher Tidak ditemukan"), "Maaf, Kode Kupon / Voucher Tidak ditemukan."): Actual text and expected text of test object 'Object Repository/voucher/Maaf, Kode Kupon  Voucher Tidak ditemukan' are matched.

2023-10-05 14:46:45 - [MESSAGE][PASSED] - Actual text and expected text of test object 'Object Repository/voucher/Maaf, Kode Kupon  Voucher Tidak ditemukan' are matched.

2023-10-05 14:46:45 - [TEST_STEP][PASSED] - click(findTestObject("hapus barang/button_Kembali")): Object: 'Object Repository/hapus barang/button_Kembali' is clicked on

2023-10-05 14:46:45 - [MESSAGE][PASSED] - Object: 'Object Repository/hapus barang/button_Kembali' is clicked on

2023-10-05 14:46:45 - [TEST_STEP][PASSED] - mouseOver(findTestObject("beli barang/keranjang")): Object: 'Object Repository/beli barang/keranjang' is hovered

2023-10-05 14:46:46 - [MESSAGE][PASSED] - Object: 'Object Repository/beli barang/keranjang' is hovered

2023-10-05 14:46:46 - [TEST_STEP][PASSED] - click(findTestObject("hapus barang/buttom x")): Object: 'Object Repository/hapus barang/buttom x' is clicked on

2023-10-05 14:46:47 - [MESSAGE][PASSED] - Object: 'Object Repository/hapus barang/buttom x' is clicked on

2023-10-05 14:46:47 - [TEST_STEP][PASSED] - click(findTestObject("hapus barang/button_Hapus Barang")): Object: 'Object Repository/hapus barang/button_Hapus Barang' is clicked on

2023-10-05 14:46:47 - [MESSAGE][PASSED] - Object: 'Object Repository/hapus barang/button_Hapus Barang' is clicked on

2023-10-05 14:46:47 - [TEST_STEP][PASSED] - return data: null]]></system-out>
         <system-err><![CDATA[]]></system-err>
      </testcase>
      <testcase name="Test Cases/T13 Pembelian, Shipment dan Pembayaran/PBL-010" time="20.332" classname="Test Cases/T13 Pembelian, Shipment dan Pembayaran/PBL-010" status="PASSED">
         <system-out><![CDATA[2023-10-05 14:46:47 - [TEST_CASE][PASSED] - Test Cases/T13 Pembelian, Shipment dan Pembayaran/PBL-010: Test Cases/T13 Pembelian, Shipment dan Pembayaran/PBL-010

2023-10-05 14:46:48 - [TEST_STEP][PASSED] - openBrowser("https://10.9.2.63/ecommerce/"): Browser is opened with url: 'https://10.9.2.63/ecommerce/'

2023-10-05 14:46:48 - [MESSAGE][WARNING] - A browser is already opened. Closing browser and opening a new one

2023-10-05 14:46:49 - [MESSAGE][INFO] - Starting 'Edge Chromium' driver

2023-10-05 14:46:49 - [MESSAGE][INFO] - User set preference: ['acceptInsecureCerts', 'true']

2023-10-05 14:46:51 - [MESSAGE][INFO] - Action delay is set to 0 milliseconds

2023-10-05 14:46:55 - [MESSAGE][PASSED] - Browser is opened with url: 'https://10.9.2.63/ecommerce/'

2023-10-05 14:46:55 - [TEST_STEP][PASSED] - maximizeWindow(): Current window maximized

2023-10-05 14:46:55 - [MESSAGE][PASSED] - Current window maximized

2023-10-05 14:46:55 - [TEST_STEP][PASSED] - mouseOver(findTestObject("beli barang/i_Mulai Belanja_icon-menu")): Object: 'Object Repository/beli barang/i_Mulai Belanja_icon-menu' is hovered

2023-10-05 14:46:56 - [MESSAGE][PASSED] - Object: 'Object Repository/beli barang/i_Mulai Belanja_icon-menu' is hovered

2023-10-05 14:46:56 - [TEST_STEP][PASSED] - click(findTestObject("beli barang/a_Fashion  Busana Wanita")): Object: 'Object Repository/beli barang/a_Fashion  Busana Wanita' is clicked on

2023-10-05 14:46:57 - [MESSAGE][PASSED] - Object: 'Object Repository/beli barang/a_Fashion  Busana Wanita' is clicked on

2023-10-05 14:46:57 - [TEST_STEP][PASSED] - NamaSebelum = getText(findTestObject("verifikasi/Nama sebelum")): Text of object 'Object Repository/verifikasi/Nama sebelum' is: ''

2023-10-05 14:46:58 - [MESSAGE][PASSED] - Text of object 'Object Repository/verifikasi/Nama sebelum' is: ''

2023-10-05 14:46:58 - [TEST_STEP][PASSED] - HargaSebelum = getText(findTestObject("verifikasi/Harga sebelum")): Text of object 'Object Repository/verifikasi/Harga sebelum' is: 'Rp 1,299'

2023-10-05 14:46:58 - [MESSAGE][PASSED] - Text of object 'Object Repository/verifikasi/Harga sebelum' is: 'Rp 1,299'

2023-10-05 14:46:58 - [TEST_STEP][PASSED] - mouseOver(findTestObject("beli barang/barang mouse over")): Object: 'Object Repository/beli barang/barang mouse over' is hovered

2023-10-05 14:46:59 - [MESSAGE][PASSED] - Object: 'Object Repository/beli barang/barang mouse over' is hovered

2023-10-05 14:46:59 - [TEST_STEP][PASSED] - click(findTestObject("beli barang/buttom add to cart")): Object: 'Object Repository/beli barang/buttom add to cart' is clicked on

2023-10-05 14:47:01 - [MESSAGE][PASSED] - Object: 'Object Repository/beli barang/buttom add to cart' is clicked on

2023-10-05 14:47:01 - [TEST_STEP][PASSED] - NamaSesudah = getText(findTestObject("verifikasi/Nama sesudah")): Text of object 'Object Repository/verifikasi/Nama sesudah' is: 'Segitiga Instan Madeira - MDB5.3 Sunset'

2023-10-05 14:47:01 - [MESSAGE][PASSED] - Text of object 'Object Repository/verifikasi/Nama sesudah' is: 'Segitiga Instan Madeira - MDB5.3 Sunset'

2023-10-05 14:47:01 - [TEST_STEP][PASSED] - HargaSesudah = getText(findTestObject("verifikasi/Harga sesudah")): Text of object 'Object Repository/verifikasi/Harga sesudah' is: 'Rp 1,299'

2023-10-05 14:47:02 - [MESSAGE][PASSED] - Text of object 'Object Repository/verifikasi/Harga sesudah' is: 'Rp 1,299'

2023-10-05 14:47:02 - [TEST_STEP][PASSED] - assert NamaSesudah.contains(NamaSebelum): null

2023-10-05 14:47:02 - [TEST_STEP][PASSED] - assert HargaSesudah.contains(HargaSebelum): null

2023-10-05 14:47:02 - [TEST_STEP][PASSED] - click(findTestObject("Beli tanpa akun/button_Beli Sekarang")): Object: 'Object Repository/Beli tanpa akun/button_Beli Sekarang' is clicked on

2023-10-05 14:47:03 - [MESSAGE][PASSED] - Object: 'Object Repository/Beli tanpa akun/button_Beli Sekarang' is clicked on

2023-10-05 14:47:03 - [TEST_STEP][PASSED] - data = new java.util.HashMap(): null

2023-10-05 14:47:03 - [TEST_STEP][PASSED] - data.put("nama_barang", NamaSesudah): null

2023-10-05 14:47:03 - [TEST_STEP][PASSED] - data.put("price_barang", HargaSesudah): null

2023-10-05 14:47:03 - [TEST_STEP][PASSED] - verifyElementPresent(findTestObject("keranjang/li_Keranjang Belanja"), 0): Object 'Object Repository/keranjang/li_Keranjang Belanja' is present

2023-10-05 14:47:03 - [MESSAGE][WARNING] - Timeout '0' is invalid. Using default page load timeout: '30'

2023-10-05 14:47:04 - [MESSAGE][PASSED] - Object 'Object Repository/keranjang/li_Keranjang Belanja' is present

2023-10-05 14:47:04 - [TEST_STEP][PASSED] - NamaKeranjang = getText(findTestObject("verifikasi/Nama keranjang")): Text of object 'Object Repository/verifikasi/Nama keranjang' is: 'Segitiga Instan Madeira - MDB5.3 Sunset'

2023-10-05 14:47:05 - [MESSAGE][PASSED] - Text of object 'Object Repository/verifikasi/Nama keranjang' is: 'Segitiga Instan Madeira - MDB5.3 Sunset'

2023-10-05 14:47:05 - [TEST_STEP][PASSED] - HargaKeranjang = getText(findTestObject("verifikasi/Harga Keranjang")): Text of object 'Object Repository/verifikasi/Harga Keranjang' is: 'Rp 1,299'

2023-10-05 14:47:05 - [MESSAGE][PASSED] - Text of object 'Object Repository/verifikasi/Harga Keranjang' is: 'Rp 1,299'

2023-10-05 14:47:05 - [TEST_STEP][PASSED] - if (toString().equalsIgnoreCase("Merah")): Object 'Object Repository/keranjang/input_Warna_variasi101' is checked

2023-10-05 14:47:05 - [TEST_STEP][PASSED] - check(findTestObject("Object Repository/keranjang/input_Warna_variasi101")): Object 'Object Repository/keranjang/input_Warna_variasi101' is checked

2023-10-05 14:47:05 - [MESSAGE][PASSED] - Object 'Object Repository/keranjang/input_Warna_variasi101' is checked

2023-10-05 14:47:05 - [TEST_STEP][PASSED] - if (toString().equalsIgnoreCase("Menengah")): Object 'Object Repository/keranjang/input_Ukuran_variasi201' is checked

2023-10-05 14:47:05 - [TEST_STEP][PASSED] - check(findTestObject("Object Repository/keranjang/input_Ukuran_variasi201")): Object 'Object Repository/keranjang/input_Ukuran_variasi201' is checked

2023-10-05 14:47:06 - [MESSAGE][PASSED] - Object 'Object Repository/keranjang/input_Ukuran_variasi201' is checked

2023-10-05 14:47:06 - [TEST_STEP][PASSED] - data.put("Warna", warna): null

2023-10-05 14:47:06 - [TEST_STEP][PASSED] - data.put("Ukuran", ukuran): null

2023-10-05 14:47:06 - [TEST_STEP][PASSED] - click(findTestObject("keranjang/button_Lanjut ke Pembayaran")): Object: 'Object Repository/keranjang/button_Lanjut ke Pembayaran' is clicked on

2023-10-05 14:47:07 - [MESSAGE][PASSED] - Object: 'Object Repository/keranjang/button_Lanjut ke Pembayaran' is clicked on

2023-10-05 14:47:07 - [TEST_STEP][PASSED] - verifyElementPresent(findTestObject("checkout/Tittle Checkout Order"), 0): Object 'Object Repository/checkout/Tittle Checkout Order' is present

2023-10-05 14:47:07 - [MESSAGE][WARNING] - Timeout '0' is invalid. Using default page load timeout: '30'

2023-10-05 14:47:08 - [MESSAGE][PASSED] - Object 'Object Repository/checkout/Tittle Checkout Order' is present

2023-10-05 14:47:08 - [TEST_STEP][PASSED] - name_product = data.get("nama_barang"): null

2023-10-05 14:47:08 - [TEST_STEP][PASSED] - price_product = data.get("price_barang"): null

2023-10-05 14:47:08 - [TEST_STEP][PASSED] - assert name_product == NamaKeranjang: null

2023-10-05 14:47:08 - [TEST_STEP][PASSED] - assert price_product == HargaKeranjang: null

2023-10-05 14:47:08 - [TEST_STEP][PASSED] - return data: null]]></system-out>
         <system-err><![CDATA[]]></system-err>
      </testcase>
      <testcase name="Test Cases/T13 Pembelian, Shipment dan Pembayaran/PBL-011" time="34.006" classname="Test Cases/T13 Pembelian, Shipment dan Pembayaran/PBL-011" status="FAILED">
         <failure type="FAILED" message="Test Cases/T13 Pembelian, Shipment dan Pembayaran/PBL-011 FAILED.
Reason:
com.kms.katalon.core.exception.StepFailedException: Unable to verify text 'mohon login akun terlebih dahulu' is present 
	at com.kms.katalon.core.webui.keyword.internal.WebUIKeywordMain.stepFailed(WebUIKeywordMain.groovy:64)
	at com.kms.katalon.core.webui.keyword.internal.WebUIKeywordMain.runKeyword(WebUIKeywordMain.groovy:26)
	at com.kms.katalon.core.webui.keyword.builtin.VerifyTextPresentKeyword.verifyTextPresent(VerifyTextPresentKeyword.groovy:83)
	at com.kms.katalon.core.webui.keyword.builtin.VerifyTextPresentKeyword.execute(VerifyTextPresentKeyword.groovy:68)
	at com.kms.katalon.core.keyword.internal.KeywordExecutor.executeKeywordForPlatform(KeywordExecutor.groovy:74)
	at com.kms.katalon.core.webui.keyword.WebUiBuiltInKeywords.verifyTextPresent(WebUiBuiltInKeywords.groovy:1723)
	at com.kms.katalon.core.webui.keyword.WebUiBuiltInKeywords$verifyTextPresent$7.call(Unknown Source)
	at PBL-011.run(PBL-011:67)
	at com.kms.katalon.core.main.ScriptEngine.run(ScriptEngine.java:194)
	at com.kms.katalon.core.main.ScriptEngine.runScriptAsRawText(ScriptEngine.java:119)
	at com.kms.katalon.core.main.TestCaseExecutor.runScript(TestCaseExecutor.java:448)
	at com.kms.katalon.core.main.TestCaseExecutor.doExecute(TestCaseExecutor.java:439)
	at com.kms.katalon.core.main.TestCaseExecutor.processExecutionPhase(TestCaseExecutor.java:418)
	at com.kms.katalon.core.main.TestCaseExecutor.accessMainPhase(TestCaseExecutor.java:410)
	at com.kms.katalon.core.main.TestCaseExecutor.execute(TestCaseExecutor.java:285)
	at com.kms.katalon.core.common.CommonExecutor.accessTestCaseMainPhase(CommonExecutor.java:65)
	at com.kms.katalon.core.main.TestSuiteExecutor.accessTestSuiteMainPhase(TestSuiteExecutor.java:148)
	at com.kms.katalon.core.main.TestSuiteExecutor.execute(TestSuiteExecutor.java:106)
	at com.kms.katalon.core.main.TestCaseMain.startTestSuite(TestCaseMain.java:187)
	at com.kms.katalon.core.main.TestCaseMain$startTestSuite$0.call(Unknown Source)
	at TempTestSuite1696491677292.run(TempTestSuite1696491677292.groovy:36)
Caused by: com.kms.katalon.core.exception.StepFailedException: Text 'mohon login akun terlebih dahulu' is not present on page 
	at com.kms.katalon.core.webui.keyword.internal.WebUIKeywordMain.stepFailed(WebUIKeywordMain.groovy:64)
	at com.kms.katalon.core.webui.keyword.builtin.VerifyTextPresentKeyword$_verifyTextPresent_closure1.doCall(VerifyTextPresentKeyword.groovy:79)
	at com.kms.katalon.core.webui.keyword.builtin.VerifyTextPresentKeyword$_verifyTextPresent_closure1.call(VerifyTextPresentKeyword.groovy)
	at com.kms.katalon.core.webui.keyword.internal.WebUIKeywordMain.runKeyword(WebUIKeywordMain.groovy:20)
	... 19 more
"/>
         <system-out><![CDATA[2023-10-05 14:47:08 - [TEST_CASE][FAILED] - Test Cases/T13 Pembelian, Shipment dan Pembayaran/PBL-011: Test Cases/T13 Pembelian, Shipment dan Pembayaran/PBL-011 FAILED.
Reason:
com.kms.katalon.core.exception.StepFailedException: Unable to verify text 'mohon login akun terlebih dahulu' is present 
	at com.kms.katalon.core.webui.keyword.internal.WebUIKeywordMain.stepFailed(WebUIKeywordMain.groovy:64)
	at com.kms.katalon.core.webui.keyword.internal.WebUIKeywordMain.runKeyword(WebUIKeywordMain.groovy:26)
	at com.kms.katalon.core.webui.keyword.builtin.VerifyTextPresentKeyword.verifyTextPresent(VerifyTextPresentKeyword.groovy:83)
	at com.kms.katalon.core.webui.keyword.builtin.VerifyTextPresentKeyword.execute(VerifyTextPresentKeyword.groovy:68)
	at com.kms.katalon.core.keyword.internal.KeywordExecutor.executeKeywordForPlatform(KeywordExecutor.groovy:74)
	at com.kms.katalon.core.webui.keyword.WebUiBuiltInKeywords.verifyTextPresent(WebUiBuiltInKeywords.groovy:1723)
	at com.kms.katalon.core.webui.keyword.WebUiBuiltInKeywords$verifyTextPresent$7.call(Unknown Source)
	at PBL-011.run(PBL-011:67)
	at com.kms.katalon.core.main.ScriptEngine.run(ScriptEngine.java:194)
	at com.kms.katalon.core.main.ScriptEngine.runScriptAsRawText(ScriptEngine.java:119)
	at com.kms.katalon.core.main.TestCaseExecutor.runScript(TestCaseExecutor.java:448)
	at com.kms.katalon.core.main.TestCaseExecutor.doExecute(TestCaseExecutor.java:439)
	at com.kms.katalon.core.main.TestCaseExecutor.processExecutionPhase(TestCaseExecutor.java:418)
	at com.kms.katalon.core.main.TestCaseExecutor.accessMainPhase(TestCaseExecutor.java:410)
	at com.kms.katalon.core.main.TestCaseExecutor.execute(TestCaseExecutor.java:285)
	at com.kms.katalon.core.common.CommonExecutor.accessTestCaseMainPhase(CommonExecutor.java:65)
	at com.kms.katalon.core.main.TestSuiteExecutor.accessTestSuiteMainPhase(TestSuiteExecutor.java:148)
	at com.kms.katalon.core.main.TestSuiteExecutor.execute(TestSuiteExecutor.java:106)
	at com.kms.katalon.core.main.TestCaseMain.startTestSuite(TestCaseMain.java:187)
	at com.kms.katalon.core.main.TestCaseMain$startTestSuite$0.call(Unknown Source)
	at TempTestSuite1696491677292.run(TempTestSuite1696491677292.groovy:36)
Caused by: com.kms.katalon.core.exception.StepFailedException: Text 'mohon login akun terlebih dahulu' is not present on page 
	at com.kms.katalon.core.webui.keyword.internal.WebUIKeywordMain.stepFailed(WebUIKeywordMain.groovy:64)
	at com.kms.katalon.core.webui.keyword.builtin.VerifyTextPresentKeyword$_verifyTextPresent_closure1.doCall(VerifyTextPresentKeyword.groovy:79)
	at com.kms.katalon.core.webui.keyword.builtin.VerifyTextPresentKeyword$_verifyTextPresent_closure1.call(VerifyTextPresentKeyword.groovy)
	at com.kms.katalon.core.webui.keyword.internal.WebUIKeywordMain.runKeyword(WebUIKeywordMain.groovy:20)
	... 19 more


2023-10-05 14:47:08 - [TEST_STEP][PASSED] - data = callTestCase(findTestCase("T13 Pembelian, Shipment dan Pembayaran/PBL-010"), ["warna":"Merah", "ukuran":"Menengah"], STOP_ON_FAILURE): Call Test Case 'Test Cases/T13 Pembelian, Shipment dan Pembayaran/PBL-010' successfully

2023-10-05 14:47:08 - [TEST_CASE][PASSED] - Test Cases/T13 Pembelian, Shipment dan Pembayaran/PBL-010: Test Cases/T13 Pembelian, Shipment dan Pembayaran/PBL-010

2023-10-05 14:47:08 - [TEST_STEP][PASSED] - openBrowser("https://10.9.2.63/ecommerce/"): Browser is opened with url: 'https://10.9.2.63/ecommerce/'

2023-10-05 14:47:08 - [MESSAGE][WARNING] - A browser is already opened. Closing browser and opening a new one

2023-10-05 14:47:09 - [MESSAGE][INFO] - Starting 'Edge Chromium' driver

2023-10-05 14:47:09 - [MESSAGE][INFO] - User set preference: ['acceptInsecureCerts', 'true']

2023-10-05 14:47:11 - [MESSAGE][INFO] - Action delay is set to 0 milliseconds

2023-10-05 14:47:15 - [MESSAGE][PASSED] - Browser is opened with url: 'https://10.9.2.63/ecommerce/'

2023-10-05 14:47:15 - [TEST_STEP][PASSED] - maximizeWindow(): Current window maximized

2023-10-05 14:47:15 - [MESSAGE][PASSED] - Current window maximized

2023-10-05 14:47:15 - [TEST_STEP][PASSED] - mouseOver(findTestObject("beli barang/i_Mulai Belanja_icon-menu")): Object: 'Object Repository/beli barang/i_Mulai Belanja_icon-menu' is hovered

2023-10-05 14:47:16 - [MESSAGE][PASSED] - Object: 'Object Repository/beli barang/i_Mulai Belanja_icon-menu' is hovered

2023-10-05 14:47:16 - [TEST_STEP][PASSED] - click(findTestObject("beli barang/a_Fashion  Busana Wanita")): Object: 'Object Repository/beli barang/a_Fashion  Busana Wanita' is clicked on

2023-10-05 14:47:17 - [MESSAGE][PASSED] - Object: 'Object Repository/beli barang/a_Fashion  Busana Wanita' is clicked on

2023-10-05 14:47:17 - [TEST_STEP][PASSED] - NamaSebelum = getText(findTestObject("verifikasi/Nama sebelum")): Text of object 'Object Repository/verifikasi/Nama sebelum' is: ''

2023-10-05 14:47:18 - [MESSAGE][PASSED] - Text of object 'Object Repository/verifikasi/Nama sebelum' is: ''

2023-10-05 14:47:18 - [TEST_STEP][PASSED] - HargaSebelum = getText(findTestObject("verifikasi/Harga sebelum")): Text of object 'Object Repository/verifikasi/Harga sebelum' is: 'Rp 1,299'

2023-10-05 14:47:18 - [MESSAGE][PASSED] - Text of object 'Object Repository/verifikasi/Harga sebelum' is: 'Rp 1,299'

2023-10-05 14:47:18 - [TEST_STEP][PASSED] - mouseOver(findTestObject("beli barang/barang mouse over")): Object: 'Object Repository/beli barang/barang mouse over' is hovered

2023-10-05 14:47:19 - [MESSAGE][PASSED] - Object: 'Object Repository/beli barang/barang mouse over' is hovered

2023-10-05 14:47:19 - [TEST_STEP][PASSED] - click(findTestObject("beli barang/buttom add to cart")): Object: 'Object Repository/beli barang/buttom add to cart' is clicked on

2023-10-05 14:47:21 - [MESSAGE][PASSED] - Object: 'Object Repository/beli barang/buttom add to cart' is clicked on

2023-10-05 14:47:21 - [TEST_STEP][PASSED] - NamaSesudah = getText(findTestObject("verifikasi/Nama sesudah")): Text of object 'Object Repository/verifikasi/Nama sesudah' is: 'Segitiga Instan Madeira - MDB5.3 Sunset'

2023-10-05 14:47:21 - [MESSAGE][PASSED] - Text of object 'Object Repository/verifikasi/Nama sesudah' is: 'Segitiga Instan Madeira - MDB5.3 Sunset'

2023-10-05 14:47:21 - [TEST_STEP][PASSED] - HargaSesudah = getText(findTestObject("verifikasi/Harga sesudah")): Text of object 'Object Repository/verifikasi/Harga sesudah' is: 'Rp 1,299'

2023-10-05 14:47:22 - [MESSAGE][PASSED] - Text of object 'Object Repository/verifikasi/Harga sesudah' is: 'Rp 1,299'

2023-10-05 14:47:22 - [TEST_STEP][PASSED] - assert NamaSesudah.contains(NamaSebelum): null

2023-10-05 14:47:22 - [TEST_STEP][PASSED] - assert HargaSesudah.contains(HargaSebelum): null

2023-10-05 14:47:22 - [TEST_STEP][PASSED] - click(findTestObject("Beli tanpa akun/button_Beli Sekarang")): Object: 'Object Repository/Beli tanpa akun/button_Beli Sekarang' is clicked on

2023-10-05 14:47:23 - [MESSAGE][PASSED] - Object: 'Object Repository/Beli tanpa akun/button_Beli Sekarang' is clicked on

2023-10-05 14:47:23 - [TEST_STEP][PASSED] - data = new java.util.HashMap(): null

2023-10-05 14:47:23 - [TEST_STEP][PASSED] - data.put("nama_barang", NamaSesudah): null

2023-10-05 14:47:23 - [TEST_STEP][PASSED] - data.put("price_barang", HargaSesudah): null

2023-10-05 14:47:23 - [TEST_STEP][PASSED] - verifyElementPresent(findTestObject("keranjang/li_Keranjang Belanja"), 0): Object 'Object Repository/keranjang/li_Keranjang Belanja' is present

2023-10-05 14:47:23 - [MESSAGE][WARNING] - Timeout '0' is invalid. Using default page load timeout: '30'

2023-10-05 14:47:24 - [MESSAGE][PASSED] - Object 'Object Repository/keranjang/li_Keranjang Belanja' is present

2023-10-05 14:47:24 - [TEST_STEP][PASSED] - NamaKeranjang = getText(findTestObject("verifikasi/Nama keranjang")): Text of object 'Object Repository/verifikasi/Nama keranjang' is: 'Segitiga Instan Madeira - MDB5.3 Sunset'

2023-10-05 14:47:24 - [MESSAGE][PASSED] - Text of object 'Object Repository/verifikasi/Nama keranjang' is: 'Segitiga Instan Madeira - MDB5.3 Sunset'

2023-10-05 14:47:24 - [TEST_STEP][PASSED] - HargaKeranjang = getText(findTestObject("verifikasi/Harga Keranjang")): Text of object 'Object Repository/verifikasi/Harga Keranjang' is: 'Rp 1,299'

2023-10-05 14:47:25 - [MESSAGE][PASSED] - Text of object 'Object Repository/verifikasi/Harga Keranjang' is: 'Rp 1,299'

2023-10-05 14:47:25 - [TEST_STEP][PASSED] - if (toString().equalsIgnoreCase("Merah")): Object 'Object Repository/keranjang/input_Warna_variasi101' is checked

2023-10-05 14:47:25 - [TEST_STEP][PASSED] - check(findTestObject("Object Repository/keranjang/input_Warna_variasi101")): Object 'Object Repository/keranjang/input_Warna_variasi101' is checked

2023-10-05 14:47:25 - [MESSAGE][PASSED] - Object 'Object Repository/keranjang/input_Warna_variasi101' is checked

2023-10-05 14:47:25 - [TEST_STEP][PASSED] - if (toString().equalsIgnoreCase("Menengah")): Object 'Object Repository/keranjang/input_Ukuran_variasi201' is checked

2023-10-05 14:47:25 - [TEST_STEP][PASSED] - check(findTestObject("Object Repository/keranjang/input_Ukuran_variasi201")): Object 'Object Repository/keranjang/input_Ukuran_variasi201' is checked

2023-10-05 14:47:26 - [MESSAGE][PASSED] - Object 'Object Repository/keranjang/input_Ukuran_variasi201' is checked

2023-10-05 14:47:26 - [TEST_STEP][PASSED] - data.put("Warna", warna): null

2023-10-05 14:47:26 - [TEST_STEP][PASSED] - data.put("Ukuran", ukuran): null

2023-10-05 14:47:26 - [TEST_STEP][PASSED] - click(findTestObject("keranjang/button_Lanjut ke Pembayaran")): Object: 'Object Repository/keranjang/button_Lanjut ke Pembayaran' is clicked on

2023-10-05 14:47:27 - [MESSAGE][PASSED] - Object: 'Object Repository/keranjang/button_Lanjut ke Pembayaran' is clicked on

2023-10-05 14:47:27 - [TEST_STEP][PASSED] - verifyElementPresent(findTestObject("checkout/Tittle Checkout Order"), 0): Object 'Object Repository/checkout/Tittle Checkout Order' is present

2023-10-05 14:47:27 - [MESSAGE][WARNING] - Timeout '0' is invalid. Using default page load timeout: '30'

2023-10-05 14:47:28 - [MESSAGE][PASSED] - Object 'Object Repository/checkout/Tittle Checkout Order' is present

2023-10-05 14:47:28 - [TEST_STEP][PASSED] - name_product = data.get("nama_barang"): null

2023-10-05 14:47:28 - [TEST_STEP][PASSED] - price_product = data.get("price_barang"): null

2023-10-05 14:47:28 - [TEST_STEP][PASSED] - assert name_product == NamaKeranjang: null

2023-10-05 14:47:28 - [TEST_STEP][PASSED] - assert price_product == HargaKeranjang: null

2023-10-05 14:47:28 - [TEST_STEP][PASSED] - return data: null

2023-10-05 14:47:28 - [MESSAGE][PASSED] - Call Test Case 'Test Cases/T13 Pembelian, Shipment dan Pembayaran/PBL-010' successfully

2023-10-05 14:47:28 - [TEST_STEP][PASSED] - warnaa = getText(findTestObject("verifikasi/warna Merah")): Text of object 'Object Repository/verifikasi/warna Merah' is: 'Merah'

2023-10-05 14:47:28 - [MESSAGE][PASSED] - Text of object 'Object Repository/verifikasi/warna Merah' is: 'Merah'

2023-10-05 14:47:28 - [TEST_STEP][PASSED] - ukurann = getText(findTestObject("verifikasi/Ukuran Menengah")): Text of object 'Object Repository/verifikasi/Ukuran Menengah' is: 'Menengah'

2023-10-05 14:47:28 - [MESSAGE][PASSED] - Text of object 'Object Repository/verifikasi/Ukuran Menengah' is: 'Menengah'

2023-10-05 14:47:28 - [TEST_STEP][PASSED] - warna1 = data.get("Warna"): null

2023-10-05 14:47:28 - [TEST_STEP][PASSED] - ukuran1 = data.get("Ukuran"): null

2023-10-05 14:47:28 - [TEST_STEP][PASSED] - assert warnaa == warna1: null

2023-10-05 14:47:28 - [TEST_STEP][PASSED] - assert ukurann == ukuran1: null

2023-10-05 14:47:28 - [TEST_STEP][PASSED] - NamaCheckout = getText(findTestObject("verifikasi/NamaCheckout")): Text of object 'Object Repository/verifikasi/NamaCheckout' is: ''

2023-10-05 14:47:29 - [MESSAGE][PASSED] - Text of object 'Object Repository/verifikasi/NamaCheckout' is: ''

2023-10-05 14:47:29 - [TEST_STEP][PASSED] - HargaCheckout = getText(findTestObject("verifikasi/HargaCheckout")): Text of object 'Object Repository/verifikasi/HargaCheckout' is: '1,299'

2023-10-05 14:47:29 - [MESSAGE][PASSED] - Text of object 'Object Repository/verifikasi/HargaCheckout' is: '1,299'

2023-10-05 14:47:29 - [TEST_STEP][PASSED] - name_product = data.get("nama_barang"): null

2023-10-05 14:47:29 - [TEST_STEP][PASSED] - price_product = data.get("price_barang"): null

2023-10-05 14:47:29 - [TEST_STEP][PASSED] - assert name_product.contains(NamaCheckout): null

2023-10-05 14:47:29 - [TEST_STEP][PASSED] - assert price_product.contains(HargaCheckout): null

2023-10-05 14:47:29 - [TEST_STEP][PASSED] - setText(findTestObject("Beli tanpa akun/input_Nama anda_nama"), "irfan"): Text 'irfan' is set on object 'Object Repository/Beli tanpa akun/input_Nama anda_nama'

2023-10-05 14:47:30 - [MESSAGE][PASSED] - Text 'irfan' is set on object 'Object Repository/Beli tanpa akun/input_Nama anda_nama'

2023-10-05 14:47:30 - [TEST_STEP][PASSED] - setText(findTestObject("Beli tanpa akun/input_Kontak_telpon"), "0811212121"): Text '0811212121' is set on object 'Object Repository/Beli tanpa akun/input_Kontak_telpon'

2023-10-05 14:47:31 - [MESSAGE][PASSED] - Text '0811212121' is set on object 'Object Repository/Beli tanpa akun/input_Kontak_telpon'

2023-10-05 14:47:31 - [TEST_STEP][PASSED] - setText(findTestObject("Beli tanpa akun/input_Kontak_email"), "fan@gmail.com"): Text 'fan@gmail.com' is set on object 'Object Repository/Beli tanpa akun/input_Kontak_email'

2023-10-05 14:47:32 - [MESSAGE][PASSED] - Text 'fan@gmail.com' is set on object 'Object Repository/Beli tanpa akun/input_Kontak_email'

2023-10-05 14:47:32 - [TEST_STEP][PASSED] - selectOptionByLabel(findTestObject("Beli tanpa akun/select_Provinsi"), "Sumatera Barat", false): All options with label 'Sumatera Barat' are selected in object 'Object Repository/Beli tanpa akun/select_Provinsi' 

2023-10-05 14:47:33 - [MESSAGE][PASSED] - All options with label 'Sumatera Barat' are selected in object 'Object Repository/Beli tanpa akun/select_Provinsi' 

2023-10-05 14:47:33 - [TEST_STEP][PASSED] - selectOptionByLabel(findTestObject("Beli tanpa akun/select_Kota  Kabupaten"), "Kota Bukittinggi", false): All options with label 'Kota Bukittinggi' are selected in object 'Object Repository/Beli tanpa akun/select_Kota  Kabupaten' 

2023-10-05 14:47:34 - [MESSAGE][PASSED] - All options with label 'Kota Bukittinggi' are selected in object 'Object Repository/Beli tanpa akun/select_Kota  Kabupaten' 

2023-10-05 14:47:34 - [TEST_STEP][PASSED] - selectOptionByLabel(findTestObject("Beli tanpa akun/select_Kecamatan"), "Guguk Panjang (Guguak Panjang)", false): All options with label 'Guguk Panjang (Guguak Panjang)' are selected in object 'Object Repository/Beli tanpa akun/select_Kecamatan' 

2023-10-05 14:47:35 - [MESSAGE][PASSED] - All options with label 'Guguk Panjang (Guguak Panjang)' are selected in object 'Object Repository/Beli tanpa akun/select_Kecamatan' 

2023-10-05 14:47:35 - [TEST_STEP][PASSED] - setText(findTestObject("Beli tanpa akun/input_Alamat Kirim_alamat"), "guguk"): Text 'guguk' is set on object 'Object Repository/Beli tanpa akun/input_Alamat Kirim_alamat'

2023-10-05 14:47:36 - [MESSAGE][PASSED] - Text 'guguk' is set on object 'Object Repository/Beli tanpa akun/input_Alamat Kirim_alamat'

2023-10-05 14:47:36 - [TEST_STEP][PASSED] - click(findTestObject("checkout/COD")): Object: 'Object Repository/checkout/COD' is clicked on

2023-10-05 14:47:36 - [MESSAGE][PASSED] - Object: 'Object Repository/checkout/COD' is clicked on

2023-10-05 14:47:36 - [TEST_STEP][PASSED] - click(findTestObject("verifikasi/COD - Panjang BanaTarif")): Object: 'Object Repository/verifikasi/COD - Panjang BanaTarif' is clicked on

2023-10-05 14:47:37 - [MESSAGE][PASSED] - Object: 'Object Repository/verifikasi/COD - Panjang BanaTarif' is clicked on

2023-10-05 14:47:37 - [TEST_STEP][PASSED] - click(findTestObject("checkout/button_Proses Pembayaran")): Object: 'Object Repository/checkout/button_Proses Pembayaran' is clicked on

2023-10-05 14:47:41 - [MESSAGE][PASSED] - Object: 'Object Repository/checkout/button_Proses Pembayaran' is clicked on

2023-10-05 14:47:41 - [TEST_STEP][FAILED] - verifyTextPresent("mohon login akun terlebih dahulu", false): Unable to verify text 'mohon login akun terlebih dahulu' is present  (Root cause: com.kms.katalon.core.exception.StepFailedException: Unable to verify text 'mohon login akun terlebih dahulu' is present 
	at com.kms.katalon.core.webui.keyword.internal.WebUIKeywordMain.stepFailed(WebUIKeywordMain.groovy:64)
	at com.kms.katalon.core.webui.keyword.internal.WebUIKeywordMain.runKeyword(WebUIKeywordMain.groovy:26)
	at com.kms.katalon.core.webui.keyword.builtin.VerifyTextPresentKeyword.verifyTextPresent(VerifyTextPresentKeyword.groovy:83)
	at com.kms.katalon.core.webui.keyword.builtin.VerifyTextPresentKeyword.execute(VerifyTextPresentKeyword.groovy:68)
	at com.kms.katalon.core.keyword.internal.KeywordExecutor.executeKeywordForPlatform(KeywordExecutor.groovy:74)
	at com.kms.katalon.core.webui.keyword.WebUiBuiltInKeywords.verifyTextPresent(WebUiBuiltInKeywords.groovy:1723)
	at com.kms.katalon.core.webui.keyword.WebUiBuiltInKeywords$verifyTextPresent$7.call(Unknown Source)
	at PBL-011.run(PBL-011:67)
	at com.kms.katalon.core.main.ScriptEngine.run(ScriptEngine.java:194)
	at com.kms.katalon.core.main.ScriptEngine.runScriptAsRawText(ScriptEngine.java:119)
	at com.kms.katalon.core.main.TestCaseExecutor.runScript(TestCaseExecutor.java:448)
	at com.kms.katalon.core.main.TestCaseExecutor.doExecute(TestCaseExecutor.java:439)
	at com.kms.katalon.core.main.TestCaseExecutor.processExecutionPhase(TestCaseExecutor.java:418)
	at com.kms.katalon.core.main.TestCaseExecutor.accessMainPhase(TestCaseExecutor.java:410)
	at com.kms.katalon.core.main.TestCaseExecutor.execute(TestCaseExecutor.java:285)
	at com.kms.katalon.core.common.CommonExecutor.accessTestCaseMainPhase(CommonExecutor.java:65)
	at com.kms.katalon.core.main.TestSuiteExecutor.accessTestSuiteMainPhase(TestSuiteExecutor.java:148)
	at com.kms.katalon.core.main.TestSuiteExecutor.execute(TestSuiteExecutor.java:106)
	at com.kms.katalon.core.main.TestCaseMain.startTestSuite(TestCaseMain.java:187)
	at com.kms.katalon.core.main.TestCaseMain$startTestSuite$0.call(Unknown Source)
	at TempTestSuite1696491677292.run(TempTestSuite1696491677292.groovy:36)
Caused by: com.kms.katalon.core.exception.StepFailedException: Text 'mohon login akun terlebih dahulu' is not present on page 
	at com.kms.katalon.core.webui.keyword.internal.WebUIKeywordMain.stepFailed(WebUIKeywordMain.groovy:64)
	at com.kms.katalon.core.webui.keyword.builtin.VerifyTextPresentKeyword$_verifyTextPresent_closure1.doCall(VerifyTextPresentKeyword.groovy:79)
	at com.kms.katalon.core.webui.keyword.builtin.VerifyTextPresentKeyword$_verifyTextPresent_closure1.call(VerifyTextPresentKeyword.groovy)
	at com.kms.katalon.core.webui.keyword.internal.WebUIKeywordMain.runKeyword(WebUIKeywordMain.groovy:20)
	... 19 more
)

2023-10-05 14:47:42 - [MESSAGE][FAILED] - Text 'mohon login akun terlebih dahulu' is not present on page  (Root cause: com.kms.katalon.core.exception.StepFailedException: Text 'mohon login akun terlebih dahulu' is not present on page 
	at com.kms.katalon.core.webui.keyword.internal.WebUIKeywordMain.stepFailed(WebUIKeywordMain.groovy:64)
	at com.kms.katalon.core.webui.keyword.builtin.VerifyTextPresentKeyword$_verifyTextPresent_closure1.doCall(VerifyTextPresentKeyword.groovy:79)
	at com.kms.katalon.core.webui.keyword.builtin.VerifyTextPresentKeyword$_verifyTextPresent_closure1.call(VerifyTextPresentKeyword.groovy)
	at com.kms.katalon.core.webui.keyword.internal.WebUIKeywordMain.runKeyword(WebUIKeywordMain.groovy:20)
	at com.kms.katalon.core.webui.keyword.builtin.VerifyTextPresentKeyword.verifyTextPresent(VerifyTextPresentKeyword.groovy:83)
	at com.kms.katalon.core.webui.keyword.builtin.VerifyTextPresentKeyword.execute(VerifyTextPresentKeyword.groovy:68)
	at com.kms.katalon.core.keyword.internal.KeywordExecutor.executeKeywordForPlatform(KeywordExecutor.groovy:74)
	at com.kms.katalon.core.webui.keyword.WebUiBuiltInKeywords.verifyTextPresent(WebUiBuiltInKeywords.groovy:1723)
	at com.kms.katalon.core.webui.keyword.WebUiBuiltInKeywords$verifyTextPresent$7.call(Unknown Source)
	at PBL-011.run(PBL-011:67)
	at com.kms.katalon.core.main.ScriptEngine.run(ScriptEngine.java:194)
	at com.kms.katalon.core.main.ScriptEngine.runScriptAsRawText(ScriptEngine.java:119)
	at com.kms.katalon.core.main.TestCaseExecutor.runScript(TestCaseExecutor.java:448)
	at com.kms.katalon.core.main.TestCaseExecutor.doExecute(TestCaseExecutor.java:439)
	at com.kms.katalon.core.main.TestCaseExecutor.processExecutionPhase(TestCaseExecutor.java:418)
	at com.kms.katalon.core.main.TestCaseExecutor.accessMainPhase(TestCaseExecutor.java:410)
	at com.kms.katalon.core.main.TestCaseExecutor.execute(TestCaseExecutor.java:285)
	at com.kms.katalon.core.common.CommonExecutor.accessTestCaseMainPhase(CommonExecutor.java:65)
	at com.kms.katalon.core.main.TestSuiteExecutor.accessTestSuiteMainPhase(TestSuiteExecutor.java:148)
	at com.kms.katalon.core.main.TestSuiteExecutor.execute(TestSuiteExecutor.java:106)
	at com.kms.katalon.core.main.TestCaseMain.startTestSuite(TestCaseMain.java:187)
	at com.kms.katalon.core.main.TestCaseMain$startTestSuite$0.call(Unknown Source)
	at TempTestSuite1696491677292.run(TempTestSuite1696491677292.groovy:36)
)

2023-10-05 14:47:42 - [MESSAGE][FAILED] - Unable to verify text 'mohon login akun terlebih dahulu' is present  (Root cause: com.kms.katalon.core.exception.StepFailedException: Unable to verify text 'mohon login akun terlebih dahulu' is present 
	at com.kms.katalon.core.webui.keyword.internal.WebUIKeywordMain.stepFailed(WebUIKeywordMain.groovy:64)
	at com.kms.katalon.core.webui.keyword.internal.WebUIKeywordMain.runKeyword(WebUIKeywordMain.groovy:26)
	at com.kms.katalon.core.webui.keyword.builtin.VerifyTextPresentKeyword.verifyTextPresent(VerifyTextPresentKeyword.groovy:83)
	at com.kms.katalon.core.webui.keyword.builtin.VerifyTextPresentKeyword.execute(VerifyTextPresentKeyword.groovy:68)
	at com.kms.katalon.core.keyword.internal.KeywordExecutor.executeKeywordForPlatform(KeywordExecutor.groovy:74)
	at com.kms.katalon.core.webui.keyword.WebUiBuiltInKeywords.verifyTextPresent(WebUiBuiltInKeywords.groovy:1723)
	at com.kms.katalon.core.webui.keyword.WebUiBuiltInKeywords$verifyTextPresent$7.call(Unknown Source)
	at PBL-011.run(PBL-011:67)
	at com.kms.katalon.core.main.ScriptEngine.run(ScriptEngine.java:194)
	at com.kms.katalon.core.main.ScriptEngine.runScriptAsRawText(ScriptEngine.java:119)
	at com.kms.katalon.core.main.TestCaseExecutor.runScript(TestCaseExecutor.java:448)
	at com.kms.katalon.core.main.TestCaseExecutor.doExecute(TestCaseExecutor.java:439)
	at com.kms.katalon.core.main.TestCaseExecutor.processExecutionPhase(TestCaseExecutor.java:418)
	at com.kms.katalon.core.main.TestCaseExecutor.accessMainPhase(TestCaseExecutor.java:410)
	at com.kms.katalon.core.main.TestCaseExecutor.execute(TestCaseExecutor.java:285)
	at com.kms.katalon.core.common.CommonExecutor.accessTestCaseMainPhase(CommonExecutor.java:65)
	at com.kms.katalon.core.main.TestSuiteExecutor.accessTestSuiteMainPhase(TestSuiteExecutor.java:148)
	at com.kms.katalon.core.main.TestSuiteExecutor.execute(TestSuiteExecutor.java:106)
	at com.kms.katalon.core.main.TestCaseMain.startTestSuite(TestCaseMain.java:187)
	at com.kms.katalon.core.main.TestCaseMain$startTestSuite$0.call(Unknown Source)
	at TempTestSuite1696491677292.run(TempTestSuite1696491677292.groovy:36)
Caused by: com.kms.katalon.core.exception.StepFailedException: Text 'mohon login akun terlebih dahulu' is not present on page 
	at com.kms.katalon.core.webui.keyword.internal.WebUIKeywordMain.stepFailed(WebUIKeywordMain.groovy:64)
	at com.kms.katalon.core.webui.keyword.builtin.VerifyTextPresentKeyword$_verifyTextPresent_closure1.doCall(VerifyTextPresentKeyword.groovy:79)
	at com.kms.katalon.core.webui.keyword.builtin.VerifyTextPresentKeyword$_verifyTextPresent_closure1.call(VerifyTextPresentKeyword.groovy)
	at com.kms.katalon.core.webui.keyword.internal.WebUIKeywordMain.runKeyword(WebUIKeywordMain.groovy:20)
	... 19 more
)
[[ATTACHMENT|C:\\FT2 XSIS\\Projek 2 MINI PROJEK\\Reports\\20231005_144117\\T13 Pembelian, Shipment dan Pembayaran\\T13 Pembelian, Shipment dan Pembayaran\\20231005_144117\\1696492062108.png]]]]></system-out>
         <system-err><![CDATA[2023-10-05 14:47:08 - [TEST_CASE][FAILED] - Test Cases/T13 Pembelian, Shipment dan Pembayaran/PBL-011: Test Cases/T13 Pembelian, Shipment dan Pembayaran/PBL-011 FAILED.
Reason:
com.kms.katalon.core.exception.StepFailedException: Unable to verify text 'mohon login akun terlebih dahulu' is present 
	at com.kms.katalon.core.webui.keyword.internal.WebUIKeywordMain.stepFailed(WebUIKeywordMain.groovy:64)
	at com.kms.katalon.core.webui.keyword.internal.WebUIKeywordMain.runKeyword(WebUIKeywordMain.groovy:26)
	at com.kms.katalon.core.webui.keyword.builtin.VerifyTextPresentKeyword.verifyTextPresent(VerifyTextPresentKeyword.groovy:83)
	at com.kms.katalon.core.webui.keyword.builtin.VerifyTextPresentKeyword.execute(VerifyTextPresentKeyword.groovy:68)
	at com.kms.katalon.core.keyword.internal.KeywordExecutor.executeKeywordForPlatform(KeywordExecutor.groovy:74)
	at com.kms.katalon.core.webui.keyword.WebUiBuiltInKeywords.verifyTextPresent(WebUiBuiltInKeywords.groovy:1723)
	at com.kms.katalon.core.webui.keyword.WebUiBuiltInKeywords$verifyTextPresent$7.call(Unknown Source)
	at PBL-011.run(PBL-011:67)
	at com.kms.katalon.core.main.ScriptEngine.run(ScriptEngine.java:194)
	at com.kms.katalon.core.main.ScriptEngine.runScriptAsRawText(ScriptEngine.java:119)
	at com.kms.katalon.core.main.TestCaseExecutor.runScript(TestCaseExecutor.java:448)
	at com.kms.katalon.core.main.TestCaseExecutor.doExecute(TestCaseExecutor.java:439)
	at com.kms.katalon.core.main.TestCaseExecutor.processExecutionPhase(TestCaseExecutor.java:418)
	at com.kms.katalon.core.main.TestCaseExecutor.accessMainPhase(TestCaseExecutor.java:410)
	at com.kms.katalon.core.main.TestCaseExecutor.execute(TestCaseExecutor.java:285)
	at com.kms.katalon.core.common.CommonExecutor.accessTestCaseMainPhase(CommonExecutor.java:65)
	at com.kms.katalon.core.main.TestSuiteExecutor.accessTestSuiteMainPhase(TestSuiteExecutor.java:148)
	at com.kms.katalon.core.main.TestSuiteExecutor.execute(TestSuiteExecutor.java:106)
	at com.kms.katalon.core.main.TestCaseMain.startTestSuite(TestCaseMain.java:187)
	at com.kms.katalon.core.main.TestCaseMain$startTestSuite$0.call(Unknown Source)
	at TempTestSuite1696491677292.run(TempTestSuite1696491677292.groovy:36)
Caused by: com.kms.katalon.core.exception.StepFailedException: Text 'mohon login akun terlebih dahulu' is not present on page 
	at com.kms.katalon.core.webui.keyword.internal.WebUIKeywordMain.stepFailed(WebUIKeywordMain.groovy:64)
	at com.kms.katalon.core.webui.keyword.builtin.VerifyTextPresentKeyword$_verifyTextPresent_closure1.doCall(VerifyTextPresentKeyword.groovy:79)
	at com.kms.katalon.core.webui.keyword.builtin.VerifyTextPresentKeyword$_verifyTextPresent_closure1.call(VerifyTextPresentKeyword.groovy)
	at com.kms.katalon.core.webui.keyword.internal.WebUIKeywordMain.runKeyword(WebUIKeywordMain.groovy:20)
	... 19 more]]></system-err>
      </testcase>
      <testcase name="Test Cases/T13 Pembelian, Shipment dan Pembayaran/PBY-001" time="49.192" classname="Test Cases/T13 Pembelian, Shipment dan Pembayaran/PBY-001" status="PASSED">
         <system-out><![CDATA[2023-10-05 14:47:42 - [TEST_CASE][PASSED] - Test Cases/T13 Pembelian, Shipment dan Pembayaran/PBY-001: Test Cases/T13 Pembelian, Shipment dan Pembayaran/PBY-001

2023-10-05 14:47:42 - [TEST_STEP][PASSED] - data = callTestCase(findTestCase("T13 Pembelian, Shipment dan Pembayaran/PBL-004"), ["Kurir":"Roda 2"], STOP_ON_FAILURE): Call Test Case 'Test Cases/T13 Pembelian, Shipment dan Pembayaran/PBL-004' successfully

2023-10-05 14:47:42 - [TEST_CASE][PASSED] - Test Cases/T13 Pembelian, Shipment dan Pembayaran/PBL-004: Test Cases/T13 Pembelian, Shipment dan Pembayaran/PBL-004

2023-10-05 14:47:42 - [TEST_STEP][PASSED] - data = callTestCase(findTestCase("T13 Pembelian, Shipment dan Pembayaran/PBL-002"), [:], STOP_ON_FAILURE): Call Test Case 'Test Cases/T13 Pembelian, Shipment dan Pembayaran/PBL-002' successfully

2023-10-05 14:47:42 - [TEST_CASE][PASSED] - Test Cases/T13 Pembelian, Shipment dan Pembayaran/PBL-002: Test Cases/T13 Pembelian, Shipment dan Pembayaran/PBL-002

2023-10-05 14:47:42 - [TEST_STEP][PASSED] - data = callTestCase(findTestCase("T13 Pembelian, Shipment dan Pembayaran/PBL-001"), [:], STOP_ON_FAILURE): Call Test Case 'Test Cases/T13 Pembelian, Shipment dan Pembayaran/PBL-001' successfully

2023-10-05 14:47:43 - [TEST_CASE][PASSED] - Test Cases/T13 Pembelian, Shipment dan Pembayaran/PBL-001: Test Cases/T13 Pembelian, Shipment dan Pembayaran/PBL-001

2023-10-05 14:47:43 - [TEST_STEP][PASSED] - callTestCase(findTestCase("T13 Pembelian, Shipment dan Pembayaran/LU-001"), ["username":"irfanafandi", "password":"12345irfan"], STOP_ON_FAILURE): Call Test Case 'Test Cases/T13 Pembelian, Shipment dan Pembayaran/LU-001' successfully

2023-10-05 14:47:43 - [TEST_CASE][PASSED] - Test Cases/T13 Pembelian, Shipment dan Pembayaran/LU-001: Test Cases/T13 Pembelian, Shipment dan Pembayaran/LU-001

2023-10-05 14:47:43 - [TEST_STEP][PASSED] - openBrowser("https://10.9.2.63/ecommerce/"): Browser is opened with url: 'https://10.9.2.63/ecommerce/'

2023-10-05 14:47:43 - [MESSAGE][WARNING] - A browser is already opened. Closing browser and opening a new one

2023-10-05 14:47:43 - [MESSAGE][INFO] - Starting 'Edge Chromium' driver

2023-10-05 14:47:43 - [MESSAGE][INFO] - User set preference: ['acceptInsecureCerts', 'true']

2023-10-05 14:47:46 - [MESSAGE][INFO] - Action delay is set to 0 milliseconds

2023-10-05 14:47:50 - [MESSAGE][PASSED] - Browser is opened with url: 'https://10.9.2.63/ecommerce/'

2023-10-05 14:47:50 - [TEST_STEP][PASSED] - maximizeWindow(): Current window maximized

2023-10-05 14:47:50 - [MESSAGE][PASSED] - Current window maximized

2023-10-05 14:47:50 - [TEST_STEP][PASSED] - verifyElementPresent(findTestObject("Login/Home"), 0): Object 'Object Repository/Login/Home' is present

2023-10-05 14:47:50 - [MESSAGE][WARNING] - Timeout '0' is invalid. Using default page load timeout: '30'

2023-10-05 14:47:51 - [MESSAGE][PASSED] - Object 'Object Repository/Login/Home' is present

2023-10-05 14:47:51 - [TEST_STEP][PASSED] - click(findTestObject("Login/a_Login")): Object: 'Object Repository/Login/a_Login' is clicked on

2023-10-05 14:47:51 - [MESSAGE][PASSED] - Object: 'Object Repository/Login/a_Login' is clicked on

2023-10-05 14:47:51 - [TEST_STEP][PASSED] - verifyElementPresent(findTestObject("Login/Tittle Login"), 0): Object 'Object Repository/Login/Tittle Login' is present

2023-10-05 14:47:51 - [MESSAGE][WARNING] - Timeout '0' is invalid. Using default page load timeout: '30'

2023-10-05 14:47:52 - [MESSAGE][PASSED] - Object 'Object Repository/Login/Tittle Login' is present

2023-10-05 14:47:52 - [TEST_STEP][PASSED] - setText(findTestObject("Login/input_Username, Email atau No. Handphone_a"), username): Text 'irfanafandi' is set on object 'Object Repository/Login/input_Username, Email atau No. Handphone_a'

2023-10-05 14:47:53 - [MESSAGE][PASSED] - Text 'irfanafandi' is set on object 'Object Repository/Login/input_Username, Email atau No. Handphone_a'

2023-10-05 14:47:53 - [TEST_STEP][PASSED] - setText(findTestObject("Login/input_Password_b"), password): Text '12345irfan' is set on object 'Object Repository/Login/input_Password_b'

2023-10-05 14:47:53 - [MESSAGE][PASSED] - Text '12345irfan' is set on object 'Object Repository/Login/input_Password_b'

2023-10-05 14:47:53 - [TEST_STEP][PASSED] - click(findTestObject("Login/label_Ingat saya")): Object: 'Object Repository/Login/label_Ingat saya' is clicked on

2023-10-05 14:47:54 - [MESSAGE][PASSED] - Object: 'Object Repository/Login/label_Ingat saya' is clicked on

2023-10-05 14:47:54 - [TEST_STEP][PASSED] - click(findTestObject("Login/button_Masuk")): Object: 'Object Repository/Login/button_Masuk' is clicked on

2023-10-05 14:47:55 - [MESSAGE][PASSED] - Object: 'Object Repository/Login/button_Masuk' is clicked on

2023-10-05 14:47:55 - [TEST_STEP][PASSED] - verifyElementPresent(findTestObject("Login/li_Profile"), 0): Object 'Object Repository/Login/li_Profile' is present

2023-10-05 14:47:55 - [MESSAGE][WARNING] - Timeout '0' is invalid. Using default page load timeout: '30'

2023-10-05 14:47:56 - [MESSAGE][PASSED] - Object 'Object Repository/Login/li_Profile' is present

2023-10-05 14:47:56 - [MESSAGE][PASSED] - Call Test Case 'Test Cases/T13 Pembelian, Shipment dan Pembayaran/LU-001' successfully

2023-10-05 14:47:56 - [TEST_STEP][PASSED] - mouseOver(findTestObject("beli barang/i_Mulai Belanja_icon-menu")): Object: 'Object Repository/beli barang/i_Mulai Belanja_icon-menu' is hovered

2023-10-05 14:47:57 - [MESSAGE][PASSED] - Object: 'Object Repository/beli barang/i_Mulai Belanja_icon-menu' is hovered

2023-10-05 14:47:57 - [TEST_STEP][PASSED] - click(findTestObject("beli barang/a_Fashion  Busana Wanita")): Object: 'Object Repository/beli barang/a_Fashion  Busana Wanita' is clicked on

2023-10-05 14:47:58 - [MESSAGE][PASSED] - Object: 'Object Repository/beli barang/a_Fashion  Busana Wanita' is clicked on

2023-10-05 14:47:58 - [TEST_STEP][PASSED] - NamaSebelum = getText(findTestObject("verifikasi/Nama sebelum")): Text of object 'Object Repository/verifikasi/Nama sebelum' is: ''

2023-10-05 14:47:58 - [MESSAGE][PASSED] - Text of object 'Object Repository/verifikasi/Nama sebelum' is: ''

2023-10-05 14:47:58 - [TEST_STEP][PASSED] - HargaSebelum = getText(findTestObject("verifikasi/Harga sebelum")): Text of object 'Object Repository/verifikasi/Harga sebelum' is: 'Rp 1,299'

2023-10-05 14:47:59 - [MESSAGE][PASSED] - Text of object 'Object Repository/verifikasi/Harga sebelum' is: 'Rp 1,299'

2023-10-05 14:47:59 - [TEST_STEP][PASSED] - mouseOver(findTestObject("beli barang/barang mouse over")): Object: 'Object Repository/beli barang/barang mouse over' is hovered

2023-10-05 14:47:59 - [MESSAGE][PASSED] - Object: 'Object Repository/beli barang/barang mouse over' is hovered

2023-10-05 14:47:59 - [TEST_STEP][PASSED] - click(findTestObject("beli barang/buttom add to cart")): Object: 'Object Repository/beli barang/buttom add to cart' is clicked on

2023-10-05 14:48:01 - [MESSAGE][PASSED] - Object: 'Object Repository/beli barang/buttom add to cart' is clicked on

2023-10-05 14:48:01 - [TEST_STEP][PASSED] - NamaSesudah = getText(findTestObject("verifikasi/Nama sesudah")): Text of object 'Object Repository/verifikasi/Nama sesudah' is: 'Segitiga Instan Madeira - MDB5.3 Sunset'

2023-10-05 14:48:01 - [MESSAGE][PASSED] - Text of object 'Object Repository/verifikasi/Nama sesudah' is: 'Segitiga Instan Madeira - MDB5.3 Sunset'

2023-10-05 14:48:01 - [TEST_STEP][PASSED] - HargaSesudah = getText(findTestObject("verifikasi/Harga sesudah")): Text of object 'Object Repository/verifikasi/Harga sesudah' is: 'Rp 1,299'

2023-10-05 14:48:02 - [MESSAGE][PASSED] - Text of object 'Object Repository/verifikasi/Harga sesudah' is: 'Rp 1,299'

2023-10-05 14:48:02 - [TEST_STEP][PASSED] - assert NamaSesudah.contains(NamaSebelum): null

2023-10-05 14:48:02 - [TEST_STEP][PASSED] - assert HargaSesudah.contains(HargaSebelum): null

2023-10-05 14:48:02 - [TEST_STEP][PASSED] - click(findTestObject("beli barang/Tambah Keranjang busana wanita")): Object: 'Object Repository/beli barang/Tambah Keranjang busana wanita' is clicked on

2023-10-05 14:48:02 - [MESSAGE][PASSED] - Object: 'Object Repository/beli barang/Tambah Keranjang busana wanita' is clicked on

2023-10-05 14:48:02 - [TEST_STEP][PASSED] - verifyElementPresent(findTestObject("checkout/Notifikasi keranjang"), 1): Object 'Object Repository/checkout/Notifikasi keranjang' is present

2023-10-05 14:48:03 - [MESSAGE][PASSED] - Object 'Object Repository/checkout/Notifikasi keranjang' is present

2023-10-05 14:48:03 - [TEST_STEP][PASSED] - data = new java.util.HashMap(): null

2023-10-05 14:48:03 - [TEST_STEP][PASSED] - data.put("nama_barang", NamaSesudah): null

2023-10-05 14:48:03 - [TEST_STEP][PASSED] - data.put("price_barang", HargaSesudah): null

2023-10-05 14:48:03 - [TEST_STEP][PASSED] - return data: null

2023-10-05 14:48:03 - [MESSAGE][PASSED] - Call Test Case 'Test Cases/T13 Pembelian, Shipment dan Pembayaran/PBL-001' successfully

2023-10-05 14:48:03 - [TEST_STEP][PASSED] - mouseOver(findTestObject("beli barang/keranjang")): Object: 'Object Repository/beli barang/keranjang' is hovered

2023-10-05 14:48:04 - [MESSAGE][PASSED] - Object: 'Object Repository/beli barang/keranjang' is hovered

2023-10-05 14:48:04 - [TEST_STEP][PASSED] - click(findTestObject("beli barang/Lihat Sekarang")): Object: 'Object Repository/beli barang/Lihat Sekarang' is clicked on

2023-10-05 14:48:05 - [MESSAGE][PASSED] - Object: 'Object Repository/beli barang/Lihat Sekarang' is clicked on

2023-10-05 14:48:05 - [TEST_STEP][PASSED] - verifyElementPresent(findTestObject("keranjang/li_Keranjang Belanja"), 0): Object 'Object Repository/keranjang/li_Keranjang Belanja' is present

2023-10-05 14:48:05 - [MESSAGE][WARNING] - Timeout '0' is invalid. Using default page load timeout: '30'

2023-10-05 14:48:06 - [MESSAGE][PASSED] - Object 'Object Repository/keranjang/li_Keranjang Belanja' is present

2023-10-05 14:48:06 - [TEST_STEP][PASSED] - NamaKeranjang = getText(findTestObject("verifikasi/Nama keranjang")): Text of object 'Object Repository/verifikasi/Nama keranjang' is: 'Segitiga Instan Madeira - MDB5.3 Sunset'

2023-10-05 14:48:06 - [MESSAGE][PASSED] - Text of object 'Object Repository/verifikasi/Nama keranjang' is: 'Segitiga Instan Madeira - MDB5.3 Sunset'

2023-10-05 14:48:06 - [TEST_STEP][PASSED] - HargaKeranjang = getText(findTestObject("verifikasi/Harga Keranjang")): Text of object 'Object Repository/verifikasi/Harga Keranjang' is: 'Rp 1,299'

2023-10-05 14:48:07 - [MESSAGE][PASSED] - Text of object 'Object Repository/verifikasi/Harga Keranjang' is: 'Rp 1,299'

2023-10-05 14:48:07 - [TEST_STEP][PASSED] - if (toString().equalsIgnoreCase("Merah")): Object 'Object Repository/keranjang/input_Warna_variasi101' is checked

2023-10-05 14:48:07 - [TEST_STEP][PASSED] - check(findTestObject("Object Repository/keranjang/input_Warna_variasi101")): Object 'Object Repository/keranjang/input_Warna_variasi101' is checked

2023-10-05 14:48:07 - [MESSAGE][PASSED] - Object 'Object Repository/keranjang/input_Warna_variasi101' is checked

2023-10-05 14:48:07 - [TEST_STEP][PASSED] - if (toString().equalsIgnoreCase("Menengah")): Object 'Object Repository/keranjang/input_Ukuran_variasi201' is checked

2023-10-05 14:48:07 - [TEST_STEP][PASSED] - check(findTestObject("Object Repository/keranjang/input_Ukuran_variasi201")): Object 'Object Repository/keranjang/input_Ukuran_variasi201' is checked

2023-10-05 14:48:07 - [MESSAGE][PASSED] - Object 'Object Repository/keranjang/input_Ukuran_variasi201' is checked

2023-10-05 14:48:07 - [TEST_STEP][PASSED] - data.put("Warna", warna): null

2023-10-05 14:48:07 - [TEST_STEP][PASSED] - data.put("Ukuran", ukuran): null

2023-10-05 14:48:07 - [TEST_STEP][PASSED] - click(findTestObject("keranjang/button_Lanjut ke Pembayaran")): Object: 'Object Repository/keranjang/button_Lanjut ke Pembayaran' is clicked on

2023-10-05 14:48:09 - [MESSAGE][PASSED] - Object: 'Object Repository/keranjang/button_Lanjut ke Pembayaran' is clicked on

2023-10-05 14:48:09 - [TEST_STEP][PASSED] - verifyElementPresent(findTestObject("checkout/Tittle Checkout Order"), 0): Object 'Object Repository/checkout/Tittle Checkout Order' is present

2023-10-05 14:48:09 - [MESSAGE][WARNING] - Timeout '0' is invalid. Using default page load timeout: '30'

2023-10-05 14:48:10 - [MESSAGE][PASSED] - Object 'Object Repository/checkout/Tittle Checkout Order' is present

2023-10-05 14:48:10 - [TEST_STEP][PASSED] - name_product = data.get("nama_barang"): null

2023-10-05 14:48:10 - [TEST_STEP][PASSED] - price_product = data.get("price_barang"): null

2023-10-05 14:48:10 - [TEST_STEP][PASSED] - assert name_product == NamaKeranjang: null

2023-10-05 14:48:10 - [TEST_STEP][PASSED] - assert price_product == HargaKeranjang: null

2023-10-05 14:48:10 - [TEST_STEP][PASSED] - return data: null

2023-10-05 14:48:10 - [MESSAGE][PASSED] - Call Test Case 'Test Cases/T13 Pembelian, Shipment dan Pembayaran/PBL-002' successfully

2023-10-05 14:48:10 - [TEST_STEP][PASSED] - warnaa = getText(findTestObject("verifikasi/warna Merah")): Text of object 'Object Repository/verifikasi/warna Merah' is: 'Merah'

2023-10-05 14:48:10 - [MESSAGE][PASSED] - Text of object 'Object Repository/verifikasi/warna Merah' is: 'Merah'

2023-10-05 14:48:10 - [TEST_STEP][PASSED] - ukurann = getText(findTestObject("verifikasi/Ukuran Menengah")): Text of object 'Object Repository/verifikasi/Ukuran Menengah' is: 'Menengah'

2023-10-05 14:48:10 - [MESSAGE][PASSED] - Text of object 'Object Repository/verifikasi/Ukuran Menengah' is: 'Menengah'

2023-10-05 14:48:10 - [TEST_STEP][PASSED] - warna1 = data.get("Warna"): null

2023-10-05 14:48:10 - [TEST_STEP][PASSED] - ukuran1 = data.get("Ukuran"): null

2023-10-05 14:48:10 - [TEST_STEP][PASSED] - assert warnaa == warna1: null

2023-10-05 14:48:10 - [TEST_STEP][PASSED] - assert ukurann == ukuran1: null

2023-10-05 14:48:10 - [TEST_STEP][PASSED] - NamaCheckout = getText(findTestObject("verifikasi/NamaCheckout")): Text of object 'Object Repository/verifikasi/NamaCheckout' is: ''

2023-10-05 14:48:11 - [MESSAGE][PASSED] - Text of object 'Object Repository/verifikasi/NamaCheckout' is: ''

2023-10-05 14:48:11 - [TEST_STEP][PASSED] - HargaCheckout = getText(findTestObject("verifikasi/HargaCheckout")): Text of object 'Object Repository/verifikasi/HargaCheckout' is: '1,299'

2023-10-05 14:48:11 - [MESSAGE][PASSED] - Text of object 'Object Repository/verifikasi/HargaCheckout' is: '1,299'

2023-10-05 14:48:11 - [TEST_STEP][PASSED] - name_product = data.get("nama_barang"): null

2023-10-05 14:48:11 - [TEST_STEP][PASSED] - price_product = data.get("price_barang"): null

2023-10-05 14:48:11 - [TEST_STEP][PASSED] - assert name_product.contains(NamaCheckout): null

2023-10-05 14:48:11 - [TEST_STEP][PASSED] - assert price_product.contains(HargaCheckout): null

2023-10-05 14:48:11 - [TEST_STEP][PASSED] - selectOptionByLabel(findTestObject("checkout/select - Kirim via Kurir Lokal"), Kurir, false): All options with label 'Roda 2' are selected in object 'Object Repository/checkout/select - Kirim via Kurir Lokal' 

2023-10-05 14:48:12 - [MESSAGE][PASSED] - All options with label 'Roda 2' are selected in object 'Object Repository/checkout/select - Kirim via Kurir Lokal' 

2023-10-05 14:48:12 - [TEST_STEP][PASSED] - click(findTestObject("checkout/Kendaraan Kurir")): Object: 'Object Repository/checkout/Kendaraan Kurir' is clicked on

2023-10-05 14:48:13 - [MESSAGE][PASSED] - Object: 'Object Repository/checkout/Kendaraan Kurir' is clicked on

2023-10-05 14:48:13 - [TEST_STEP][PASSED] - OngkosKirim = getText(findTestObject("Object Repository/verifikasi/Ongkos Kirim checkout")): Text of object 'Object Repository/verifikasi/Ongkos Kirim checkout' is: 'Rp. 5,000'

2023-10-05 14:48:13 - [MESSAGE][PASSED] - Text of object 'Object Repository/verifikasi/Ongkos Kirim checkout' is: 'Rp. 5,000'

2023-10-05 14:48:13 - [TEST_STEP][PASSED] - Ongkos = OngkosKirim.substring(3, OngkosKirim.size()): null

2023-10-05 14:48:13 - [TEST_STEP][PASSED] - rep = Ongkos.replace(",", "."): null

2023-10-05 14:48:13 - [TEST_STEP][PASSED] - Ongkos_kirim = Double.parseDouble(rep): null

2023-10-05 14:48:13 - [TEST_STEP][PASSED] - println(Ongkos_kirim): null

2023-10-05 14:48:13 - [TEST_STEP][PASSED] - FeeAdmin = getText(findTestObject("verifikasi/Fee Admin checkout")): Text of object 'Object Repository/verifikasi/Fee Admin checkout' is: 'Fee Admin
Rp 1,500'

2023-10-05 14:48:14 - [MESSAGE][PASSED] - Text of object 'Object Repository/verifikasi/Fee Admin checkout' is: 'Fee Admin
Rp 1,500'

2023-10-05 14:48:14 - [TEST_STEP][PASSED] - Fee_Admin = FeeAdmin.substring(12, FeeAdmin.size()): null

2023-10-05 14:48:14 - [TEST_STEP][PASSED] - fee = Fee_Admin.replace(",", "."): null

2023-10-05 14:48:14 - [TEST_STEP][PASSED] - fee_admin = Double.parseDouble(fee): null

2023-10-05 14:48:14 - [TEST_STEP][PASSED] - println(fee_admin): null

2023-10-05 14:48:14 - [TEST_STEP][PASSED] - Subtotal = getText(findTestObject("verifikasi/subtotal checkout")): Text of object 'Object Repository/verifikasi/subtotal checkout' is: 'Subtotal
Rp 1,299'

2023-10-05 14:48:14 - [MESSAGE][PASSED] - Text of object 'Object Repository/verifikasi/subtotal checkout' is: 'Subtotal
Rp 1,299'

2023-10-05 14:48:14 - [TEST_STEP][PASSED] - sub_total = Subtotal.substring(12, Subtotal.size()): null

2023-10-05 14:48:14 - [TEST_STEP][PASSED] - sub = sub_total.replace(",", "."): null

2023-10-05 14:48:14 - [TEST_STEP][PASSED] - sub_total = Double.parseDouble(sub): null

2023-10-05 14:48:14 - [TEST_STEP][PASSED] - println(sub_total): null

2023-10-05 14:48:14 - [TEST_STEP][PASSED] - Total = getText(findTestObject("verifikasi/Total checkout")): Text of object 'Object Repository/verifikasi/Total checkout' is: 'Rp 7,799'

2023-10-05 14:48:15 - [MESSAGE][PASSED] - Text of object 'Object Repository/verifikasi/Total checkout' is: 'Rp 7,799'

2023-10-05 14:48:15 - [TEST_STEP][PASSED] - totall = Total.substring(3, Total.size()): null

2023-10-05 14:48:15 - [TEST_STEP][PASSED] - total = totall.replace(",", "."): null

2023-10-05 14:48:15 - [TEST_STEP][PASSED] - totall = Double.parseDouble(total): null

2023-10-05 14:48:15 - [TEST_STEP][PASSED] - println(totall): null

2023-10-05 14:48:15 - [TEST_STEP][PASSED] - Total_Harga = Ongkos_kirim + fee_admin + sub_total: null

2023-10-05 14:48:15 - [TEST_STEP][PASSED] - println(Total_Harga): null

2023-10-05 14:48:15 - [TEST_STEP][PASSED] - TotalHarga = Math.round(Total_Harga * 1000) / 1000: null

2023-10-05 14:48:15 - [TEST_STEP][PASSED] - println(TotalHarga): null

2023-10-05 14:48:15 - [TEST_STEP][PASSED] - assert totall == TotalHarga: null

2023-10-05 14:48:15 - [TEST_STEP][PASSED] - click(findTestObject("verifikasi/Metode Transfer")): Object: 'Object Repository/verifikasi/Metode Transfer' is clicked on

2023-10-05 14:48:15 - [MESSAGE][PASSED] - Object: 'Object Repository/verifikasi/Metode Transfer' is clicked on

2023-10-05 14:48:15 - [TEST_STEP][PASSED] - click(findTestObject("checkout/button_Proses Pembayaran")): Object: 'Object Repository/checkout/button_Proses Pembayaran' is clicked on

2023-10-05 14:48:24 - [MESSAGE][PASSED] - Object: 'Object Repository/checkout/button_Proses Pembayaran' is clicked on

2023-10-05 14:48:24 - [TEST_STEP][PASSED] - verifyElementPresent(findTestObject("pembayaran/Tittle nomor invoice"), 0): Object 'Object Repository/pembayaran/Tittle nomor invoice' is present

2023-10-05 14:48:24 - [MESSAGE][WARNING] - Timeout '0' is invalid. Using default page load timeout: '30'

2023-10-05 14:48:25 - [MESSAGE][PASSED] - Object 'Object Repository/pembayaran/Tittle nomor invoice' is present

2023-10-05 14:48:25 - [TEST_STEP][PASSED] - return data: null

2023-10-05 14:48:25 - [MESSAGE][PASSED] - Call Test Case 'Test Cases/T13 Pembelian, Shipment dan Pembayaran/PBL-004' successfully

2023-10-05 14:48:25 - [TEST_STEP][PASSED] - Invoice = getText(findTestObject("pembayaran/nomor invoice")): Text of object 'Object Repository/pembayaran/nomor invoice' is: 'TRX60.20231005144819'

2023-10-05 14:48:26 - [MESSAGE][PASSED] - Text of object 'Object Repository/pembayaran/nomor invoice' is: 'TRX60.20231005144819'

2023-10-05 14:48:26 - [TEST_STEP][PASSED] - data.put("invoice", Invoice): null

2023-10-05 14:48:26 - [TEST_STEP][PASSED] - NamaPemesan = getText(findTestObject("Konfirmasi pesanan shop/Nama pemesan")): Text of object 'Object Repository/Konfirmasi pesanan shop/Nama pemesan' is: 'irfan.afandi'

2023-10-05 14:48:26 - [MESSAGE][PASSED] - Text of object 'Object Repository/Konfirmasi pesanan shop/Nama pemesan' is: 'irfan.afandi'

2023-10-05 14:48:26 - [TEST_STEP][PASSED] - Nama = getText(findTestObject("pembayaran/Nama barang")): Text of object 'Object Repository/pembayaran/Nama barang' is: 'Segitiga Instan Madeira - MDB5.3 Sunset'

2023-10-05 14:48:27 - [MESSAGE][PASSED] - Text of object 'Object Repository/pembayaran/Nama barang' is: 'Segitiga Instan Madeira - MDB5.3 Sunset'

2023-10-05 14:48:27 - [TEST_STEP][PASSED] - Harga = getText(findTestObject("pembayaran/Harga barang")): Text of object 'Object Repository/pembayaran/Harga barang' is: '1,299'

2023-10-05 14:48:27 - [MESSAGE][PASSED] - Text of object 'Object Repository/pembayaran/Harga barang' is: '1,299'

2023-10-05 14:48:27 - [TEST_STEP][PASSED] - name_product = data.get("nama_barang"): null

2023-10-05 14:48:27 - [TEST_STEP][PASSED] - price_product = data.get("price_barang"): null

2023-10-05 14:48:27 - [TEST_STEP][PASSED] - assert name_product.contains(Nama): null

2023-10-05 14:48:27 - [TEST_STEP][PASSED] - assert price_product.contains(Harga): null

2023-10-05 14:48:27 - [TEST_STEP][PASSED] - warnaa = getText(findTestObject("pembayaran/warna")): Text of object 'Object Repository/pembayaran/warna' is: 'Merah'

2023-10-05 14:48:28 - [MESSAGE][PASSED] - Text of object 'Object Repository/pembayaran/warna' is: 'Merah'

2023-10-05 14:48:28 - [TEST_STEP][PASSED] - ukurann = getText(findTestObject("pembayaran/ukuran")): Text of object 'Object Repository/pembayaran/ukuran' is: 'Menengah'

2023-10-05 14:48:28 - [MESSAGE][PASSED] - Text of object 'Object Repository/pembayaran/ukuran' is: 'Menengah'

2023-10-05 14:48:28 - [TEST_STEP][PASSED] - warna1 = data.get("Warna"): null

2023-10-05 14:48:28 - [TEST_STEP][PASSED] - ukuran1 = data.get("Ukuran"): null

2023-10-05 14:48:28 - [TEST_STEP][PASSED] - assert warnaa == warna1: null

2023-10-05 14:48:28 - [TEST_STEP][PASSED] - assert ukurann == ukuran1: null

2023-10-05 14:48:28 - [TEST_STEP][PASSED] - statusPembelian = getText(findTestObject("verifikasi/Status pending di pembelian")): Text of object 'Object Repository/verifikasi/Status pending di pembelian' is: 'Pending'

2023-10-05 14:48:29 - [MESSAGE][PASSED] - Text of object 'Object Repository/verifikasi/Status pending di pembelian' is: 'Pending'

2023-10-05 14:48:29 - [TEST_STEP][PASSED] - data.put("statusPem", statusPembelian): null

2023-10-05 14:48:29 - [TEST_STEP][PASSED] - OngkosKirim = getText(findTestObject("pembayaran/ongkos kirim")): Text of object 'Object Repository/pembayaran/ongkos kirim' is: 'Rp 5,000'

2023-10-05 14:48:29 - [MESSAGE][PASSED] - Text of object 'Object Repository/pembayaran/ongkos kirim' is: 'Rp 5,000'

2023-10-05 14:48:29 - [TEST_STEP][PASSED] - Ongkos = OngkosKirim.substring(3, OngkosKirim.size()): null

2023-10-05 14:48:29 - [TEST_STEP][PASSED] - rep = Ongkos.replace(",", ""): null

2023-10-05 14:48:29 - [TEST_STEP][PASSED] - Ongkos_kirimm = Integer.parseInt(rep): null

2023-10-05 14:48:29 - [TEST_STEP][PASSED] - println(Ongkos_kirimm): null

2023-10-05 14:48:29 - [TEST_STEP][PASSED] - FeeAdmin = getText(findTestObject("pembayaran/fee admin")): Text of object 'Object Repository/pembayaran/fee admin' is: 'Rp 1,500'

2023-10-05 14:48:30 - [MESSAGE][PASSED] - Text of object 'Object Repository/pembayaran/fee admin' is: 'Rp 1,500'

2023-10-05 14:48:30 - [TEST_STEP][PASSED] - Fee_Admin = FeeAdmin.substring(3, FeeAdmin.size()): null

2023-10-05 14:48:30 - [TEST_STEP][PASSED] - fee = Fee_Admin.replace(",", ""): null

2023-10-05 14:48:30 - [TEST_STEP][PASSED] - fee_adminn = Integer.parseInt(fee): null

2023-10-05 14:48:30 - [TEST_STEP][PASSED] - println(fee_adminn): null

2023-10-05 14:48:30 - [TEST_STEP][PASSED] - Subtotal = getText(findTestObject("pembayaran/subtotal")): Text of object 'Object Repository/pembayaran/subtotal' is: 'Rp 1,299'

2023-10-05 14:48:30 - [MESSAGE][PASSED] - Text of object 'Object Repository/pembayaran/subtotal' is: 'Rp 1,299'

2023-10-05 14:48:30 - [TEST_STEP][PASSED] - sub_total = Subtotal.substring(3, Subtotal.size()): null

2023-10-05 14:48:30 - [TEST_STEP][PASSED] - sub = sub_total.replace(",", ""): null

2023-10-05 14:48:30 - [TEST_STEP][PASSED] - sub_totall = Integer.parseInt(sub): null

2023-10-05 14:48:30 - [TEST_STEP][PASSED] - println(sub_totall): null

2023-10-05 14:48:30 - [TEST_STEP][PASSED] - unik = getText(findTestObject("pembayaran/kode unik")): Text of object 'Object Repository/pembayaran/kode unik' is: '+819'

2023-10-05 14:48:31 - [MESSAGE][PASSED] - Text of object 'Object Repository/pembayaran/kode unik' is: '+819'

2023-10-05 14:48:31 - [TEST_STEP][PASSED] - unikk = unik.replace("+", ""): null

2023-10-05 14:48:31 - [TEST_STEP][PASSED] - kode_unik = Integer.parseInt(unikk): null

2023-10-05 14:48:31 - [TEST_STEP][PASSED] - println(kode_unik): null

2023-10-05 14:48:31 - [TEST_STEP][PASSED] - Total = getText(findTestObject("pembayaran/total")): Text of object 'Object Repository/pembayaran/total' is: '8,618'

2023-10-05 14:48:31 - [MESSAGE][PASSED] - Text of object 'Object Repository/pembayaran/total' is: '8,618'

2023-10-05 14:48:31 - [TEST_STEP][PASSED] - total = Total.replace(",", ""): null

2023-10-05 14:48:31 - [TEST_STEP][PASSED] - totalll = Integer.parseInt(total): null

2023-10-05 14:48:31 - [TEST_STEP][PASSED] - println(totalll): null

2023-10-05 14:48:31 - [TEST_STEP][PASSED] - Total_Hargaa = Ongkos_kirimm + fee_adminn + sub_totall + kode_unik: null

2023-10-05 14:48:31 - [TEST_STEP][PASSED] - println(Total_Hargaa): null

2023-10-05 14:48:31 - [TEST_STEP][PASSED] - assert totalll == Total_Hargaa: null

2023-10-05 14:48:31 - [TEST_STEP][PASSED] - data.put("total", Total): null

2023-10-05 14:48:31 - [TEST_STEP][PASSED] - data.put("nama", NamaPemesan): null

2023-10-05 14:48:31 - [TEST_STEP][PASSED] - return data: null]]></system-out>
         <system-err><![CDATA[]]></system-err>
      </testcase>
      <testcase name="Test Cases/T13 Pembelian, Shipment dan Pembayaran/PBY-002" time="47.705" classname="Test Cases/T13 Pembelian, Shipment dan Pembayaran/PBY-002" status="PASSED">
         <system-out><![CDATA[2023-10-05 14:48:31 - [TEST_CASE][PASSED] - Test Cases/T13 Pembelian, Shipment dan Pembayaran/PBY-002: Test Cases/T13 Pembelian, Shipment dan Pembayaran/PBY-002

2023-10-05 14:48:32 - [TEST_STEP][PASSED] - data = callTestCase(findTestCase("T13 Pembelian, Shipment dan Pembayaran/PBL-005"), ["Kurir":"Roda 2", "tf":"transfer"], STOP_ON_FAILURE): Call Test Case 'Test Cases/T13 Pembelian, Shipment dan Pembayaran/PBL-005' successfully

2023-10-05 14:48:32 - [TEST_CASE][PASSED] - Test Cases/T13 Pembelian, Shipment dan Pembayaran/PBL-005: Test Cases/T13 Pembelian, Shipment dan Pembayaran/PBL-005

2023-10-05 14:48:32 - [TEST_STEP][PASSED] - data = callTestCase(findTestCase("T13 Pembelian, Shipment dan Pembayaran/PBL-002"), [:], STOP_ON_FAILURE): Call Test Case 'Test Cases/T13 Pembelian, Shipment dan Pembayaran/PBL-002' successfully

2023-10-05 14:48:32 - [TEST_CASE][PASSED] - Test Cases/T13 Pembelian, Shipment dan Pembayaran/PBL-002: Test Cases/T13 Pembelian, Shipment dan Pembayaran/PBL-002

2023-10-05 14:48:32 - [TEST_STEP][PASSED] - data = callTestCase(findTestCase("T13 Pembelian, Shipment dan Pembayaran/PBL-001"), [:], STOP_ON_FAILURE): Call Test Case 'Test Cases/T13 Pembelian, Shipment dan Pembayaran/PBL-001' successfully

2023-10-05 14:48:32 - [TEST_CASE][PASSED] - Test Cases/T13 Pembelian, Shipment dan Pembayaran/PBL-001: Test Cases/T13 Pembelian, Shipment dan Pembayaran/PBL-001

2023-10-05 14:48:32 - [TEST_STEP][PASSED] - callTestCase(findTestCase("T13 Pembelian, Shipment dan Pembayaran/LU-001"), ["username":"irfanafandi", "password":"12345irfan"], STOP_ON_FAILURE): Call Test Case 'Test Cases/T13 Pembelian, Shipment dan Pembayaran/LU-001' successfully

2023-10-05 14:48:32 - [TEST_CASE][PASSED] - Test Cases/T13 Pembelian, Shipment dan Pembayaran/LU-001: Test Cases/T13 Pembelian, Shipment dan Pembayaran/LU-001

2023-10-05 14:48:32 - [TEST_STEP][PASSED] - openBrowser("https://10.9.2.63/ecommerce/"): Browser is opened with url: 'https://10.9.2.63/ecommerce/'

2023-10-05 14:48:32 - [MESSAGE][WARNING] - A browser is already opened. Closing browser and opening a new one

2023-10-05 14:48:33 - [MESSAGE][INFO] - Starting 'Edge Chromium' driver

2023-10-05 14:48:33 - [MESSAGE][INFO] - User set preference: ['acceptInsecureCerts', 'true']

2023-10-05 14:48:35 - [MESSAGE][INFO] - Action delay is set to 0 milliseconds

2023-10-05 14:48:39 - [MESSAGE][PASSED] - Browser is opened with url: 'https://10.9.2.63/ecommerce/'

2023-10-05 14:48:39 - [TEST_STEP][PASSED] - maximizeWindow(): Current window maximized

2023-10-05 14:48:39 - [MESSAGE][PASSED] - Current window maximized

2023-10-05 14:48:39 - [TEST_STEP][PASSED] - verifyElementPresent(findTestObject("Login/Home"), 0): Object 'Object Repository/Login/Home' is present

2023-10-05 14:48:39 - [MESSAGE][WARNING] - Timeout '0' is invalid. Using default page load timeout: '30'

2023-10-05 14:48:40 - [MESSAGE][PASSED] - Object 'Object Repository/Login/Home' is present

2023-10-05 14:48:40 - [TEST_STEP][PASSED] - click(findTestObject("Login/a_Login")): Object: 'Object Repository/Login/a_Login' is clicked on

2023-10-05 14:48:40 - [MESSAGE][PASSED] - Object: 'Object Repository/Login/a_Login' is clicked on

2023-10-05 14:48:40 - [TEST_STEP][PASSED] - verifyElementPresent(findTestObject("Login/Tittle Login"), 0): Object 'Object Repository/Login/Tittle Login' is present

2023-10-05 14:48:40 - [MESSAGE][WARNING] - Timeout '0' is invalid. Using default page load timeout: '30'

2023-10-05 14:48:41 - [MESSAGE][PASSED] - Object 'Object Repository/Login/Tittle Login' is present

2023-10-05 14:48:41 - [TEST_STEP][PASSED] - setText(findTestObject("Login/input_Username, Email atau No. Handphone_a"), username): Text 'irfanafandi' is set on object 'Object Repository/Login/input_Username, Email atau No. Handphone_a'

2023-10-05 14:48:42 - [MESSAGE][PASSED] - Text 'irfanafandi' is set on object 'Object Repository/Login/input_Username, Email atau No. Handphone_a'

2023-10-05 14:48:42 - [TEST_STEP][PASSED] - setText(findTestObject("Login/input_Password_b"), password): Text '12345irfan' is set on object 'Object Repository/Login/input_Password_b'

2023-10-05 14:48:43 - [MESSAGE][PASSED] - Text '12345irfan' is set on object 'Object Repository/Login/input_Password_b'

2023-10-05 14:48:43 - [TEST_STEP][PASSED] - click(findTestObject("Login/label_Ingat saya")): Object: 'Object Repository/Login/label_Ingat saya' is clicked on

2023-10-05 14:48:43 - [MESSAGE][PASSED] - Object: 'Object Repository/Login/label_Ingat saya' is clicked on

2023-10-05 14:48:43 - [TEST_STEP][PASSED] - click(findTestObject("Login/button_Masuk")): Object: 'Object Repository/Login/button_Masuk' is clicked on

2023-10-05 14:48:45 - [MESSAGE][PASSED] - Object: 'Object Repository/Login/button_Masuk' is clicked on

2023-10-05 14:48:45 - [TEST_STEP][PASSED] - verifyElementPresent(findTestObject("Login/li_Profile"), 0): Object 'Object Repository/Login/li_Profile' is present

2023-10-05 14:48:45 - [MESSAGE][WARNING] - Timeout '0' is invalid. Using default page load timeout: '30'

2023-10-05 14:48:45 - [MESSAGE][PASSED] - Object 'Object Repository/Login/li_Profile' is present

2023-10-05 14:48:45 - [MESSAGE][PASSED] - Call Test Case 'Test Cases/T13 Pembelian, Shipment dan Pembayaran/LU-001' successfully

2023-10-05 14:48:45 - [TEST_STEP][PASSED] - mouseOver(findTestObject("beli barang/i_Mulai Belanja_icon-menu")): Object: 'Object Repository/beli barang/i_Mulai Belanja_icon-menu' is hovered

2023-10-05 14:48:46 - [MESSAGE][PASSED] - Object: 'Object Repository/beli barang/i_Mulai Belanja_icon-menu' is hovered

2023-10-05 14:48:46 - [TEST_STEP][PASSED] - click(findTestObject("beli barang/a_Fashion  Busana Wanita")): Object: 'Object Repository/beli barang/a_Fashion  Busana Wanita' is clicked on

2023-10-05 14:48:47 - [MESSAGE][PASSED] - Object: 'Object Repository/beli barang/a_Fashion  Busana Wanita' is clicked on

2023-10-05 14:48:47 - [TEST_STEP][PASSED] - NamaSebelum = getText(findTestObject("verifikasi/Nama sebelum")): Text of object 'Object Repository/verifikasi/Nama sebelum' is: ''

2023-10-05 14:48:48 - [MESSAGE][PASSED] - Text of object 'Object Repository/verifikasi/Nama sebelum' is: ''

2023-10-05 14:48:48 - [TEST_STEP][PASSED] - HargaSebelum = getText(findTestObject("verifikasi/Harga sebelum")): Text of object 'Object Repository/verifikasi/Harga sebelum' is: 'Rp 1,299'

2023-10-05 14:48:48 - [MESSAGE][PASSED] - Text of object 'Object Repository/verifikasi/Harga sebelum' is: 'Rp 1,299'

2023-10-05 14:48:48 - [TEST_STEP][PASSED] - mouseOver(findTestObject("beli barang/barang mouse over")): Object: 'Object Repository/beli barang/barang mouse over' is hovered

2023-10-05 14:48:49 - [MESSAGE][PASSED] - Object: 'Object Repository/beli barang/barang mouse over' is hovered

2023-10-05 14:48:49 - [TEST_STEP][PASSED] - click(findTestObject("beli barang/buttom add to cart")): Object: 'Object Repository/beli barang/buttom add to cart' is clicked on

2023-10-05 14:48:50 - [MESSAGE][PASSED] - Object: 'Object Repository/beli barang/buttom add to cart' is clicked on

2023-10-05 14:48:50 - [TEST_STEP][PASSED] - NamaSesudah = getText(findTestObject("verifikasi/Nama sesudah")): Text of object 'Object Repository/verifikasi/Nama sesudah' is: 'Segitiga Instan Madeira - MDB5.3 Sunset'

2023-10-05 14:48:51 - [MESSAGE][PASSED] - Text of object 'Object Repository/verifikasi/Nama sesudah' is: 'Segitiga Instan Madeira - MDB5.3 Sunset'

2023-10-05 14:48:51 - [TEST_STEP][PASSED] - HargaSesudah = getText(findTestObject("verifikasi/Harga sesudah")): Text of object 'Object Repository/verifikasi/Harga sesudah' is: 'Rp 1,299'

2023-10-05 14:48:51 - [MESSAGE][PASSED] - Text of object 'Object Repository/verifikasi/Harga sesudah' is: 'Rp 1,299'

2023-10-05 14:48:51 - [TEST_STEP][PASSED] - assert NamaSesudah.contains(NamaSebelum): null

2023-10-05 14:48:51 - [TEST_STEP][PASSED] - assert HargaSesudah.contains(HargaSebelum): null

2023-10-05 14:48:51 - [TEST_STEP][PASSED] - click(findTestObject("beli barang/Tambah Keranjang busana wanita")): Object: 'Object Repository/beli barang/Tambah Keranjang busana wanita' is clicked on

2023-10-05 14:48:52 - [MESSAGE][PASSED] - Object: 'Object Repository/beli barang/Tambah Keranjang busana wanita' is clicked on

2023-10-05 14:48:52 - [TEST_STEP][PASSED] - verifyElementPresent(findTestObject("checkout/Notifikasi keranjang"), 1): Object 'Object Repository/checkout/Notifikasi keranjang' is present

2023-10-05 14:48:52 - [MESSAGE][PASSED] - Object 'Object Repository/checkout/Notifikasi keranjang' is present

2023-10-05 14:48:52 - [TEST_STEP][PASSED] - data = new java.util.HashMap(): null

2023-10-05 14:48:52 - [TEST_STEP][PASSED] - data.put("nama_barang", NamaSesudah): null

2023-10-05 14:48:52 - [TEST_STEP][PASSED] - data.put("price_barang", HargaSesudah): null

2023-10-05 14:48:52 - [TEST_STEP][PASSED] - return data: null

2023-10-05 14:48:52 - [MESSAGE][PASSED] - Call Test Case 'Test Cases/T13 Pembelian, Shipment dan Pembayaran/PBL-001' successfully

2023-10-05 14:48:52 - [TEST_STEP][PASSED] - mouseOver(findTestObject("beli barang/keranjang")): Object: 'Object Repository/beli barang/keranjang' is hovered

2023-10-05 14:48:53 - [MESSAGE][PASSED] - Object: 'Object Repository/beli barang/keranjang' is hovered

2023-10-05 14:48:53 - [TEST_STEP][PASSED] - click(findTestObject("beli barang/Lihat Sekarang")): Object: 'Object Repository/beli barang/Lihat Sekarang' is clicked on

2023-10-05 14:48:54 - [MESSAGE][PASSED] - Object: 'Object Repository/beli barang/Lihat Sekarang' is clicked on

2023-10-05 14:48:54 - [TEST_STEP][PASSED] - verifyElementPresent(findTestObject("keranjang/li_Keranjang Belanja"), 0): Object 'Object Repository/keranjang/li_Keranjang Belanja' is present

2023-10-05 14:48:54 - [MESSAGE][WARNING] - Timeout '0' is invalid. Using default page load timeout: '30'

2023-10-05 14:48:55 - [MESSAGE][PASSED] - Object 'Object Repository/keranjang/li_Keranjang Belanja' is present

2023-10-05 14:48:55 - [TEST_STEP][PASSED] - NamaKeranjang = getText(findTestObject("verifikasi/Nama keranjang")): Text of object 'Object Repository/verifikasi/Nama keranjang' is: 'Segitiga Instan Madeira - MDB5.3 Sunset'

2023-10-05 14:48:56 - [MESSAGE][PASSED] - Text of object 'Object Repository/verifikasi/Nama keranjang' is: 'Segitiga Instan Madeira - MDB5.3 Sunset'

2023-10-05 14:48:56 - [TEST_STEP][PASSED] - HargaKeranjang = getText(findTestObject("verifikasi/Harga Keranjang")): Text of object 'Object Repository/verifikasi/Harga Keranjang' is: 'Rp 1,299'

2023-10-05 14:48:56 - [MESSAGE][PASSED] - Text of object 'Object Repository/verifikasi/Harga Keranjang' is: 'Rp 1,299'

2023-10-05 14:48:56 - [TEST_STEP][PASSED] - if (toString().equalsIgnoreCase("Merah")): Object 'Object Repository/keranjang/input_Warna_variasi101' is checked

2023-10-05 14:48:56 - [TEST_STEP][PASSED] - check(findTestObject("Object Repository/keranjang/input_Warna_variasi101")): Object 'Object Repository/keranjang/input_Warna_variasi101' is checked

2023-10-05 14:48:57 - [MESSAGE][PASSED] - Object 'Object Repository/keranjang/input_Warna_variasi101' is checked

2023-10-05 14:48:57 - [TEST_STEP][PASSED] - if (toString().equalsIgnoreCase("Menengah")): Object 'Object Repository/keranjang/input_Ukuran_variasi201' is checked

2023-10-05 14:48:57 - [TEST_STEP][PASSED] - check(findTestObject("Object Repository/keranjang/input_Ukuran_variasi201")): Object 'Object Repository/keranjang/input_Ukuran_variasi201' is checked

2023-10-05 14:48:57 - [MESSAGE][PASSED] - Object 'Object Repository/keranjang/input_Ukuran_variasi201' is checked

2023-10-05 14:48:57 - [TEST_STEP][PASSED] - data.put("Warna", warna): null

2023-10-05 14:48:57 - [TEST_STEP][PASSED] - data.put("Ukuran", ukuran): null

2023-10-05 14:48:57 - [TEST_STEP][PASSED] - click(findTestObject("keranjang/button_Lanjut ke Pembayaran")): Object: 'Object Repository/keranjang/button_Lanjut ke Pembayaran' is clicked on

2023-10-05 14:48:58 - [MESSAGE][PASSED] - Object: 'Object Repository/keranjang/button_Lanjut ke Pembayaran' is clicked on

2023-10-05 14:48:58 - [TEST_STEP][PASSED] - verifyElementPresent(findTestObject("checkout/Tittle Checkout Order"), 0): Object 'Object Repository/checkout/Tittle Checkout Order' is present

2023-10-05 14:48:59 - [MESSAGE][WARNING] - Timeout '0' is invalid. Using default page load timeout: '30'

2023-10-05 14:48:59 - [MESSAGE][PASSED] - Object 'Object Repository/checkout/Tittle Checkout Order' is present

2023-10-05 14:48:59 - [TEST_STEP][PASSED] - name_product = data.get("nama_barang"): null

2023-10-05 14:48:59 - [TEST_STEP][PASSED] - price_product = data.get("price_barang"): null

2023-10-05 14:48:59 - [TEST_STEP][PASSED] - assert name_product == NamaKeranjang: null

2023-10-05 14:48:59 - [TEST_STEP][PASSED] - assert price_product == HargaKeranjang: null

2023-10-05 14:48:59 - [TEST_STEP][PASSED] - return data: null

2023-10-05 14:48:59 - [MESSAGE][PASSED] - Call Test Case 'Test Cases/T13 Pembelian, Shipment dan Pembayaran/PBL-002' successfully

2023-10-05 14:48:59 - [TEST_STEP][PASSED] - warnaa = getText(findTestObject("verifikasi/warna Merah")): Text of object 'Object Repository/verifikasi/warna Merah' is: 'Merah'

2023-10-05 14:49:00 - [MESSAGE][PASSED] - Text of object 'Object Repository/verifikasi/warna Merah' is: 'Merah'

2023-10-05 14:49:00 - [TEST_STEP][PASSED] - ukurann = getText(findTestObject("verifikasi/Ukuran Menengah")): Text of object 'Object Repository/verifikasi/Ukuran Menengah' is: 'Menengah'

2023-10-05 14:49:00 - [MESSAGE][PASSED] - Text of object 'Object Repository/verifikasi/Ukuran Menengah' is: 'Menengah'

2023-10-05 14:49:00 - [TEST_STEP][PASSED] - warna1 = data.get("Warna"): null

2023-10-05 14:49:00 - [TEST_STEP][PASSED] - ukuran1 = data.get("Ukuran"): null

2023-10-05 14:49:00 - [TEST_STEP][PASSED] - assert warnaa == warna1: null

2023-10-05 14:49:00 - [TEST_STEP][PASSED] - assert ukurann == ukuran1: null

2023-10-05 14:49:00 - [TEST_STEP][PASSED] - NamaCheckout = getText(findTestObject("verifikasi/NamaCheckout")): Text of object 'Object Repository/verifikasi/NamaCheckout' is: ''

2023-10-05 14:49:00 - [MESSAGE][PASSED] - Text of object 'Object Repository/verifikasi/NamaCheckout' is: ''

2023-10-05 14:49:00 - [TEST_STEP][PASSED] - HargaCheckout = getText(findTestObject("verifikasi/HargaCheckout")): Text of object 'Object Repository/verifikasi/HargaCheckout' is: '1,299'

2023-10-05 14:49:01 - [MESSAGE][PASSED] - Text of object 'Object Repository/verifikasi/HargaCheckout' is: '1,299'

2023-10-05 14:49:01 - [TEST_STEP][PASSED] - name_product = data.get("nama_barang"): null

2023-10-05 14:49:01 - [TEST_STEP][PASSED] - price_product = data.get("price_barang"): null

2023-10-05 14:49:01 - [TEST_STEP][PASSED] - assert name_product.contains(NamaCheckout): null

2023-10-05 14:49:01 - [TEST_STEP][PASSED] - assert price_product.contains(HargaCheckout): null

2023-10-05 14:49:01 - [TEST_STEP][PASSED] - selectOptionByLabel(findTestObject("checkout/select - Kirim via Kurir Lokal"), Kurir, false): All options with label 'Roda 2' are selected in object 'Object Repository/checkout/select - Kirim via Kurir Lokal' 

2023-10-05 14:49:01 - [MESSAGE][PASSED] - All options with label 'Roda 2' are selected in object 'Object Repository/checkout/select - Kirim via Kurir Lokal' 

2023-10-05 14:49:01 - [TEST_STEP][PASSED] - click(findTestObject("checkout/Kendaraan Kurir")): Object: 'Object Repository/checkout/Kendaraan Kurir' is clicked on

2023-10-05 14:49:02 - [MESSAGE][PASSED] - Object: 'Object Repository/checkout/Kendaraan Kurir' is clicked on

2023-10-05 14:49:02 - [TEST_STEP][PASSED] - OngkosKirim = getText(findTestObject("Object Repository/verifikasi/Ongkos Kirim checkout")): Text of object 'Object Repository/verifikasi/Ongkos Kirim checkout' is: 'Rp. 5,000'

2023-10-05 14:49:03 - [MESSAGE][PASSED] - Text of object 'Object Repository/verifikasi/Ongkos Kirim checkout' is: 'Rp. 5,000'

2023-10-05 14:49:03 - [TEST_STEP][PASSED] - Ongkos = OngkosKirim.substring(3, OngkosKirim.size()): null

2023-10-05 14:49:03 - [TEST_STEP][PASSED] - rep = Ongkos.replace(",", "."): null

2023-10-05 14:49:03 - [TEST_STEP][PASSED] - Ongkos_kirim = Double.parseDouble(rep): null

2023-10-05 14:49:03 - [TEST_STEP][PASSED] - println(Ongkos_kirim): null

2023-10-05 14:49:03 - [TEST_STEP][PASSED] - FeeAdmin = getText(findTestObject("verifikasi/Fee Admin checkout")): Text of object 'Object Repository/verifikasi/Fee Admin checkout' is: 'Fee Admin
Rp 1,500'

2023-10-05 14:49:03 - [MESSAGE][PASSED] - Text of object 'Object Repository/verifikasi/Fee Admin checkout' is: 'Fee Admin
Rp 1,500'

2023-10-05 14:49:03 - [TEST_STEP][PASSED] - Fee_Admin = FeeAdmin.substring(12, FeeAdmin.size()): null

2023-10-05 14:49:03 - [TEST_STEP][PASSED] - fee = Fee_Admin.replace(",", "."): null

2023-10-05 14:49:03 - [TEST_STEP][PASSED] - fee_admin = Double.parseDouble(fee): null

2023-10-05 14:49:03 - [TEST_STEP][PASSED] - println(fee_admin): null

2023-10-05 14:49:03 - [TEST_STEP][PASSED] - Subtotal = getText(findTestObject("verifikasi/subtotal checkout")): Text of object 'Object Repository/verifikasi/subtotal checkout' is: 'Subtotal
Rp 1,299'

2023-10-05 14:49:04 - [MESSAGE][PASSED] - Text of object 'Object Repository/verifikasi/subtotal checkout' is: 'Subtotal
Rp 1,299'

2023-10-05 14:49:04 - [TEST_STEP][PASSED] - sub_total = Subtotal.substring(12, Subtotal.size()): null

2023-10-05 14:49:04 - [TEST_STEP][PASSED] - sub = sub_total.replace(",", "."): null

2023-10-05 14:49:04 - [TEST_STEP][PASSED] - sub_total = Double.parseDouble(sub): null

2023-10-05 14:49:04 - [TEST_STEP][PASSED] - println(sub_total): null

2023-10-05 14:49:04 - [TEST_STEP][PASSED] - Total = getText(findTestObject("verifikasi/Total checkout")): Text of object 'Object Repository/verifikasi/Total checkout' is: 'Rp 7,799'

2023-10-05 14:49:04 - [MESSAGE][PASSED] - Text of object 'Object Repository/verifikasi/Total checkout' is: 'Rp 7,799'

2023-10-05 14:49:04 - [TEST_STEP][PASSED] - totall = Total.substring(3, Total.size()): null

2023-10-05 14:49:04 - [TEST_STEP][PASSED] - total = totall.replace(",", "."): null

2023-10-05 14:49:04 - [TEST_STEP][PASSED] - totall = Double.parseDouble(total): null

2023-10-05 14:49:04 - [TEST_STEP][PASSED] - println(totall): null

2023-10-05 14:49:04 - [TEST_STEP][PASSED] - Total_Harga = Ongkos_kirim + fee_admin + sub_total: null

2023-10-05 14:49:04 - [TEST_STEP][PASSED] - println(Total_Harga): null

2023-10-05 14:49:04 - [TEST_STEP][PASSED] - TotalHarga = Math.round(Total_Harga * 1000) / 1000: null

2023-10-05 14:49:04 - [TEST_STEP][PASSED] - println(TotalHarga): null

2023-10-05 14:49:04 - [TEST_STEP][PASSED] - assert totall == TotalHarga: null

2023-10-05 14:49:04 - [TEST_STEP][PASSED] - click(findTestObject("Object Repository/checkout/metode pembayaran")): Object: 'Object Repository/checkout/metode pembayaran' is clicked on

2023-10-05 14:49:05 - [MESSAGE][PASSED] - Object: 'Object Repository/checkout/metode pembayaran' is clicked on

2023-10-05 14:49:05 - [TEST_STEP][PASSED] - click(findTestObject("checkout/button_Proses Pembayaran")): Object: 'Object Repository/checkout/button_Proses Pembayaran' is clicked on

2023-10-05 14:49:14 - [MESSAGE][PASSED] - Object: 'Object Repository/checkout/button_Proses Pembayaran' is clicked on

2023-10-05 14:49:14 - [TEST_STEP][PASSED] - verifyElementPresent(findTestObject("pembayaran/Tittle nomor invoice"), 0): Object 'Object Repository/pembayaran/Tittle nomor invoice' is present

2023-10-05 14:49:14 - [MESSAGE][WARNING] - Timeout '0' is invalid. Using default page load timeout: '30'

2023-10-05 14:49:15 - [MESSAGE][PASSED] - Object 'Object Repository/pembayaran/Tittle nomor invoice' is present

2023-10-05 14:49:15 - [TEST_STEP][PASSED] - return data: null

2023-10-05 14:49:15 - [MESSAGE][PASSED] - Call Test Case 'Test Cases/T13 Pembelian, Shipment dan Pembayaran/PBL-005' successfully

2023-10-05 14:49:15 - [TEST_STEP][PASSED] - Invoice = getText(findTestObject("pembayaran/nomor invoice")): Text of object 'Object Repository/pembayaran/nomor invoice' is: 'TRX60.20231005144909'

2023-10-05 14:49:15 - [MESSAGE][PASSED] - Text of object 'Object Repository/pembayaran/nomor invoice' is: 'TRX60.20231005144909'

2023-10-05 14:49:15 - [TEST_STEP][PASSED] - NamaPemesan = getText(findTestObject("Konfirmasi pesanan shop/Nama pemesan")): Text of object 'Object Repository/Konfirmasi pesanan shop/Nama pemesan' is: 'irfan.afandi'

2023-10-05 14:49:15 - [MESSAGE][PASSED] - Text of object 'Object Repository/Konfirmasi pesanan shop/Nama pemesan' is: 'irfan.afandi'

2023-10-05 14:49:15 - [TEST_STEP][PASSED] - data.put("invoice", Invoice): null

2023-10-05 14:49:15 - [TEST_STEP][PASSED] - Nama = getText(findTestObject("pembayaran/Nama barang")): Text of object 'Object Repository/pembayaran/Nama barang' is: 'Segitiga Instan Madeira - MDB5.3 Sunset'

2023-10-05 14:49:16 - [MESSAGE][PASSED] - Text of object 'Object Repository/pembayaran/Nama barang' is: 'Segitiga Instan Madeira - MDB5.3 Sunset'

2023-10-05 14:49:16 - [TEST_STEP][PASSED] - Harga = getText(findTestObject("pembayaran/Harga barang")): Text of object 'Object Repository/pembayaran/Harga barang' is: '1,299'

2023-10-05 14:49:16 - [MESSAGE][PASSED] - Text of object 'Object Repository/pembayaran/Harga barang' is: '1,299'

2023-10-05 14:49:16 - [TEST_STEP][PASSED] - name_product = data.get("nama_barang"): null

2023-10-05 14:49:16 - [TEST_STEP][PASSED] - price_product = data.get("price_barang"): null

2023-10-05 14:49:16 - [TEST_STEP][PASSED] - assert name_product.contains(Nama): null

2023-10-05 14:49:16 - [TEST_STEP][PASSED] - assert price_product.contains(Harga): null

2023-10-05 14:49:16 - [TEST_STEP][PASSED] - warnaa = getText(findTestObject("pembayaran/warna")): Text of object 'Object Repository/pembayaran/warna' is: 'Merah'

2023-10-05 14:49:16 - [MESSAGE][PASSED] - Text of object 'Object Repository/pembayaran/warna' is: 'Merah'

2023-10-05 14:49:16 - [TEST_STEP][PASSED] - ukurann = getText(findTestObject("pembayaran/ukuran")): Text of object 'Object Repository/pembayaran/ukuran' is: 'Menengah'

2023-10-05 14:49:17 - [MESSAGE][PASSED] - Text of object 'Object Repository/pembayaran/ukuran' is: 'Menengah'

2023-10-05 14:49:17 - [TEST_STEP][PASSED] - warna1 = data.get("Warna"): null

2023-10-05 14:49:17 - [TEST_STEP][PASSED] - ukuran1 = data.get("Ukuran"): null

2023-10-05 14:49:17 - [TEST_STEP][PASSED] - assert warnaa == warna1: null

2023-10-05 14:49:17 - [TEST_STEP][PASSED] - assert ukurann == ukuran1: null

2023-10-05 14:49:17 - [TEST_STEP][PASSED] - OngkosKirim = getText(findTestObject("pembayaran/ongkos kirim")): Text of object 'Object Repository/pembayaran/ongkos kirim' is: 'Rp 5,000'

2023-10-05 14:49:17 - [MESSAGE][PASSED] - Text of object 'Object Repository/pembayaran/ongkos kirim' is: 'Rp 5,000'

2023-10-05 14:49:17 - [TEST_STEP][PASSED] - Ongkos = OngkosKirim.substring(3, OngkosKirim.size()): null

2023-10-05 14:49:17 - [TEST_STEP][PASSED] - rep = Ongkos.replace(",", ""): null

2023-10-05 14:49:17 - [TEST_STEP][PASSED] - Ongkos_kirimm = Integer.parseInt(rep): null

2023-10-05 14:49:17 - [TEST_STEP][PASSED] - println(Ongkos_kirimm): null

2023-10-05 14:49:17 - [TEST_STEP][PASSED] - FeeAdmin = getText(findTestObject("pembayaran/fee admin")): Text of object 'Object Repository/pembayaran/fee admin' is: 'Rp 1,500'

2023-10-05 14:49:18 - [MESSAGE][PASSED] - Text of object 'Object Repository/pembayaran/fee admin' is: 'Rp 1,500'

2023-10-05 14:49:18 - [TEST_STEP][PASSED] - Fee_Admin = FeeAdmin.substring(3, FeeAdmin.size()): null

2023-10-05 14:49:18 - [TEST_STEP][PASSED] - fee = Fee_Admin.replace(",", ""): null

2023-10-05 14:49:18 - [TEST_STEP][PASSED] - fee_adminn = Integer.parseInt(fee): null

2023-10-05 14:49:18 - [TEST_STEP][PASSED] - println(fee_adminn): null

2023-10-05 14:49:18 - [TEST_STEP][PASSED] - Subtotal = getText(findTestObject("pembayaran/subtotal")): Text of object 'Object Repository/pembayaran/subtotal' is: 'Rp 1,299'

2023-10-05 14:49:18 - [MESSAGE][PASSED] - Text of object 'Object Repository/pembayaran/subtotal' is: 'Rp 1,299'

2023-10-05 14:49:18 - [TEST_STEP][PASSED] - sub_total = Subtotal.substring(3, Subtotal.size()): null

2023-10-05 14:49:18 - [TEST_STEP][PASSED] - sub = sub_total.replace(",", ""): null

2023-10-05 14:49:18 - [TEST_STEP][PASSED] - sub_totall = Integer.parseInt(sub): null

2023-10-05 14:49:18 - [TEST_STEP][PASSED] - println(sub_totall): null

2023-10-05 14:49:18 - [TEST_STEP][PASSED] - unik = getText(findTestObject("pembayaran/kode unik")): Text of object 'Object Repository/pembayaran/kode unik' is: '+909'

2023-10-05 14:49:18 - [MESSAGE][PASSED] - Text of object 'Object Repository/pembayaran/kode unik' is: '+909'

2023-10-05 14:49:18 - [TEST_STEP][PASSED] - unikk = unik.replace("+", ""): null

2023-10-05 14:49:18 - [TEST_STEP][PASSED] - kode_unik = Integer.parseInt(unikk): null

2023-10-05 14:49:18 - [TEST_STEP][PASSED] - println(kode_unik): null

2023-10-05 14:49:18 - [TEST_STEP][PASSED] - Total = getText(findTestObject("pembayaran/total")): Text of object 'Object Repository/pembayaran/total' is: '8,708'

2023-10-05 14:49:19 - [MESSAGE][PASSED] - Text of object 'Object Repository/pembayaran/total' is: '8,708'

2023-10-05 14:49:19 - [TEST_STEP][PASSED] - total = Total.replace(",", ""): null

2023-10-05 14:49:19 - [TEST_STEP][PASSED] - totalll = Integer.parseInt(total): null

2023-10-05 14:49:19 - [TEST_STEP][PASSED] - println(totalll): null

2023-10-05 14:49:19 - [TEST_STEP][PASSED] - Total_Hargaa = Ongkos_kirimm + fee_adminn + sub_totall + kode_unik: null

2023-10-05 14:49:19 - [TEST_STEP][PASSED] - println(Total_Hargaa): null

2023-10-05 14:49:19 - [TEST_STEP][PASSED] - assert totalll == Total_Hargaa: null

2023-10-05 14:49:19 - [TEST_STEP][PASSED] - data.put("total", Total): null

2023-10-05 14:49:19 - [TEST_STEP][PASSED] - data.put("nama", NamaPemesan): null

2023-10-05 14:49:19 - [TEST_STEP][PASSED] - return data: null]]></system-out>
         <system-err><![CDATA[]]></system-err>
      </testcase>
      <testcase name="Test Cases/T13 Pembelian, Shipment dan Pembayaran/PBY-003" time="58.509" classname="Test Cases/T13 Pembelian, Shipment dan Pembayaran/PBY-003" status="PASSED">
         <system-out><![CDATA[2023-10-05 14:49:19 - [TEST_CASE][PASSED] - Test Cases/T13 Pembelian, Shipment dan Pembayaran/PBY-003: Test Cases/T13 Pembelian, Shipment dan Pembayaran/PBY-003

2023-10-05 14:49:19 - [TEST_STEP][PASSED] - data = callTestCase(findTestCase("T13 Pembelian, Shipment dan Pembayaran/PBY-001"), [:], STOP_ON_FAILURE): Call Test Case 'Test Cases/T13 Pembelian, Shipment dan Pembayaran/PBY-001' successfully

2023-10-05 14:49:19 - [TEST_CASE][PASSED] - Test Cases/T13 Pembelian, Shipment dan Pembayaran/PBY-001: Test Cases/T13 Pembelian, Shipment dan Pembayaran/PBY-001

2023-10-05 14:49:19 - [TEST_STEP][PASSED] - data = callTestCase(findTestCase("T13 Pembelian, Shipment dan Pembayaran/PBL-004"), ["Kurir":"Roda 2"], STOP_ON_FAILURE): Call Test Case 'Test Cases/T13 Pembelian, Shipment dan Pembayaran/PBL-004' successfully

2023-10-05 14:49:19 - [TEST_CASE][PASSED] - Test Cases/T13 Pembelian, Shipment dan Pembayaran/PBL-004: Test Cases/T13 Pembelian, Shipment dan Pembayaran/PBL-004

2023-10-05 14:49:19 - [TEST_STEP][PASSED] - data = callTestCase(findTestCase("T13 Pembelian, Shipment dan Pembayaran/PBL-002"), [:], STOP_ON_FAILURE): Call Test Case 'Test Cases/T13 Pembelian, Shipment dan Pembayaran/PBL-002' successfully

2023-10-05 14:49:20 - [TEST_CASE][PASSED] - Test Cases/T13 Pembelian, Shipment dan Pembayaran/PBL-002: Test Cases/T13 Pembelian, Shipment dan Pembayaran/PBL-002

2023-10-05 14:49:20 - [TEST_STEP][PASSED] - data = callTestCase(findTestCase("T13 Pembelian, Shipment dan Pembayaran/PBL-001"), [:], STOP_ON_FAILURE): Call Test Case 'Test Cases/T13 Pembelian, Shipment dan Pembayaran/PBL-001' successfully

2023-10-05 14:49:20 - [TEST_CASE][PASSED] - Test Cases/T13 Pembelian, Shipment dan Pembayaran/PBL-001: Test Cases/T13 Pembelian, Shipment dan Pembayaran/PBL-001

2023-10-05 14:49:20 - [TEST_STEP][PASSED] - callTestCase(findTestCase("T13 Pembelian, Shipment dan Pembayaran/LU-001"), ["username":"irfanafandi", "password":"12345irfan"], STOP_ON_FAILURE): Call Test Case 'Test Cases/T13 Pembelian, Shipment dan Pembayaran/LU-001' successfully

2023-10-05 14:49:20 - [TEST_CASE][PASSED] - Test Cases/T13 Pembelian, Shipment dan Pembayaran/LU-001: Test Cases/T13 Pembelian, Shipment dan Pembayaran/LU-001

2023-10-05 14:49:20 - [TEST_STEP][PASSED] - openBrowser("https://10.9.2.63/ecommerce/"): Browser is opened with url: 'https://10.9.2.63/ecommerce/'

2023-10-05 14:49:20 - [MESSAGE][WARNING] - A browser is already opened. Closing browser and opening a new one

2023-10-05 14:49:20 - [MESSAGE][INFO] - Starting 'Edge Chromium' driver

2023-10-05 14:49:20 - [MESSAGE][INFO] - User set preference: ['acceptInsecureCerts', 'true']

2023-10-05 14:49:23 - [MESSAGE][INFO] - Action delay is set to 0 milliseconds

2023-10-05 14:49:26 - [MESSAGE][PASSED] - Browser is opened with url: 'https://10.9.2.63/ecommerce/'

2023-10-05 14:49:26 - [TEST_STEP][PASSED] - maximizeWindow(): Current window maximized

2023-10-05 14:49:26 - [MESSAGE][PASSED] - Current window maximized

2023-10-05 14:49:26 - [TEST_STEP][PASSED] - verifyElementPresent(findTestObject("Login/Home"), 0): Object 'Object Repository/Login/Home' is present

2023-10-05 14:49:26 - [MESSAGE][WARNING] - Timeout '0' is invalid. Using default page load timeout: '30'

2023-10-05 14:49:27 - [MESSAGE][PASSED] - Object 'Object Repository/Login/Home' is present

2023-10-05 14:49:27 - [TEST_STEP][PASSED] - click(findTestObject("Login/a_Login")): Object: 'Object Repository/Login/a_Login' is clicked on

2023-10-05 14:49:27 - [MESSAGE][PASSED] - Object: 'Object Repository/Login/a_Login' is clicked on

2023-10-05 14:49:27 - [TEST_STEP][PASSED] - verifyElementPresent(findTestObject("Login/Tittle Login"), 0): Object 'Object Repository/Login/Tittle Login' is present

2023-10-05 14:49:27 - [MESSAGE][WARNING] - Timeout '0' is invalid. Using default page load timeout: '30'

2023-10-05 14:49:28 - [MESSAGE][PASSED] - Object 'Object Repository/Login/Tittle Login' is present

2023-10-05 14:49:28 - [TEST_STEP][PASSED] - setText(findTestObject("Login/input_Username, Email atau No. Handphone_a"), username): Text 'irfanafandi' is set on object 'Object Repository/Login/input_Username, Email atau No. Handphone_a'

2023-10-05 14:49:29 - [MESSAGE][PASSED] - Text 'irfanafandi' is set on object 'Object Repository/Login/input_Username, Email atau No. Handphone_a'

2023-10-05 14:49:29 - [TEST_STEP][PASSED] - setText(findTestObject("Login/input_Password_b"), password): Text '12345irfan' is set on object 'Object Repository/Login/input_Password_b'

2023-10-05 14:49:30 - [MESSAGE][PASSED] - Text '12345irfan' is set on object 'Object Repository/Login/input_Password_b'

2023-10-05 14:49:30 - [TEST_STEP][PASSED] - click(findTestObject("Login/label_Ingat saya")): Object: 'Object Repository/Login/label_Ingat saya' is clicked on

2023-10-05 14:49:30 - [MESSAGE][PASSED] - Object: 'Object Repository/Login/label_Ingat saya' is clicked on

2023-10-05 14:49:30 - [TEST_STEP][PASSED] - click(findTestObject("Login/button_Masuk")): Object: 'Object Repository/Login/button_Masuk' is clicked on

2023-10-05 14:49:32 - [MESSAGE][PASSED] - Object: 'Object Repository/Login/button_Masuk' is clicked on

2023-10-05 14:49:32 - [TEST_STEP][PASSED] - verifyElementPresent(findTestObject("Login/li_Profile"), 0): Object 'Object Repository/Login/li_Profile' is present

2023-10-05 14:49:32 - [MESSAGE][WARNING] - Timeout '0' is invalid. Using default page load timeout: '30'

2023-10-05 14:49:33 - [MESSAGE][PASSED] - Object 'Object Repository/Login/li_Profile' is present

2023-10-05 14:49:33 - [MESSAGE][PASSED] - Call Test Case 'Test Cases/T13 Pembelian, Shipment dan Pembayaran/LU-001' successfully

2023-10-05 14:49:33 - [TEST_STEP][PASSED] - mouseOver(findTestObject("beli barang/i_Mulai Belanja_icon-menu")): Object: 'Object Repository/beli barang/i_Mulai Belanja_icon-menu' is hovered

2023-10-05 14:49:33 - [MESSAGE][PASSED] - Object: 'Object Repository/beli barang/i_Mulai Belanja_icon-menu' is hovered

2023-10-05 14:49:33 - [TEST_STEP][PASSED] - click(findTestObject("beli barang/a_Fashion  Busana Wanita")): Object: 'Object Repository/beli barang/a_Fashion  Busana Wanita' is clicked on

2023-10-05 14:49:35 - [MESSAGE][PASSED] - Object: 'Object Repository/beli barang/a_Fashion  Busana Wanita' is clicked on

2023-10-05 14:49:35 - [TEST_STEP][PASSED] - NamaSebelum = getText(findTestObject("verifikasi/Nama sebelum")): Text of object 'Object Repository/verifikasi/Nama sebelum' is: ''

2023-10-05 14:49:35 - [MESSAGE][PASSED] - Text of object 'Object Repository/verifikasi/Nama sebelum' is: ''

2023-10-05 14:49:35 - [TEST_STEP][PASSED] - HargaSebelum = getText(findTestObject("verifikasi/Harga sebelum")): Text of object 'Object Repository/verifikasi/Harga sebelum' is: 'Rp 1,299'

2023-10-05 14:49:36 - [MESSAGE][PASSED] - Text of object 'Object Repository/verifikasi/Harga sebelum' is: 'Rp 1,299'

2023-10-05 14:49:36 - [TEST_STEP][PASSED] - mouseOver(findTestObject("beli barang/barang mouse over")): Object: 'Object Repository/beli barang/barang mouse over' is hovered

2023-10-05 14:49:36 - [MESSAGE][PASSED] - Object: 'Object Repository/beli barang/barang mouse over' is hovered

2023-10-05 14:49:36 - [TEST_STEP][PASSED] - click(findTestObject("beli barang/buttom add to cart")): Object: 'Object Repository/beli barang/buttom add to cart' is clicked on

2023-10-05 14:49:38 - [MESSAGE][PASSED] - Object: 'Object Repository/beli barang/buttom add to cart' is clicked on

2023-10-05 14:49:38 - [TEST_STEP][PASSED] - NamaSesudah = getText(findTestObject("verifikasi/Nama sesudah")): Text of object 'Object Repository/verifikasi/Nama sesudah' is: 'Segitiga Instan Madeira - MDB5.3 Sunset'

2023-10-05 14:49:39 - [MESSAGE][PASSED] - Text of object 'Object Repository/verifikasi/Nama sesudah' is: 'Segitiga Instan Madeira - MDB5.3 Sunset'

2023-10-05 14:49:39 - [TEST_STEP][PASSED] - HargaSesudah = getText(findTestObject("verifikasi/Harga sesudah")): Text of object 'Object Repository/verifikasi/Harga sesudah' is: 'Rp 1,299'

2023-10-05 14:49:39 - [MESSAGE][PASSED] - Text of object 'Object Repository/verifikasi/Harga sesudah' is: 'Rp 1,299'

2023-10-05 14:49:39 - [TEST_STEP][PASSED] - assert NamaSesudah.contains(NamaSebelum): null

2023-10-05 14:49:39 - [TEST_STEP][PASSED] - assert HargaSesudah.contains(HargaSebelum): null

2023-10-05 14:49:39 - [TEST_STEP][PASSED] - click(findTestObject("beli barang/Tambah Keranjang busana wanita")): Object: 'Object Repository/beli barang/Tambah Keranjang busana wanita' is clicked on

2023-10-05 14:49:39 - [MESSAGE][PASSED] - Object: 'Object Repository/beli barang/Tambah Keranjang busana wanita' is clicked on

2023-10-05 14:49:39 - [TEST_STEP][PASSED] - verifyElementPresent(findTestObject("checkout/Notifikasi keranjang"), 1): Object 'Object Repository/checkout/Notifikasi keranjang' is present

2023-10-05 14:49:40 - [MESSAGE][PASSED] - Object 'Object Repository/checkout/Notifikasi keranjang' is present

2023-10-05 14:49:40 - [TEST_STEP][PASSED] - data = new java.util.HashMap(): null

2023-10-05 14:49:40 - [TEST_STEP][PASSED] - data.put("nama_barang", NamaSesudah): null

2023-10-05 14:49:40 - [TEST_STEP][PASSED] - data.put("price_barang", HargaSesudah): null

2023-10-05 14:49:40 - [TEST_STEP][PASSED] - return data: null

2023-10-05 14:49:40 - [MESSAGE][PASSED] - Call Test Case 'Test Cases/T13 Pembelian, Shipment dan Pembayaran/PBL-001' successfully

2023-10-05 14:49:40 - [TEST_STEP][PASSED] - mouseOver(findTestObject("beli barang/keranjang")): Object: 'Object Repository/beli barang/keranjang' is hovered

2023-10-05 14:49:41 - [MESSAGE][PASSED] - Object: 'Object Repository/beli barang/keranjang' is hovered

2023-10-05 14:49:41 - [TEST_STEP][PASSED] - click(findTestObject("beli barang/Lihat Sekarang")): Object: 'Object Repository/beli barang/Lihat Sekarang' is clicked on

2023-10-05 14:49:42 - [MESSAGE][PASSED] - Object: 'Object Repository/beli barang/Lihat Sekarang' is clicked on

2023-10-05 14:49:42 - [TEST_STEP][PASSED] - verifyElementPresent(findTestObject("keranjang/li_Keranjang Belanja"), 0): Object 'Object Repository/keranjang/li_Keranjang Belanja' is present

2023-10-05 14:49:42 - [MESSAGE][WARNING] - Timeout '0' is invalid. Using default page load timeout: '30'

2023-10-05 14:49:43 - [MESSAGE][PASSED] - Object 'Object Repository/keranjang/li_Keranjang Belanja' is present

2023-10-05 14:49:43 - [TEST_STEP][PASSED] - NamaKeranjang = getText(findTestObject("verifikasi/Nama keranjang")): Text of object 'Object Repository/verifikasi/Nama keranjang' is: 'Segitiga Instan Madeira - MDB5.3 Sunset'

2023-10-05 14:49:43 - [MESSAGE][PASSED] - Text of object 'Object Repository/verifikasi/Nama keranjang' is: 'Segitiga Instan Madeira - MDB5.3 Sunset'

2023-10-05 14:49:43 - [TEST_STEP][PASSED] - HargaKeranjang = getText(findTestObject("verifikasi/Harga Keranjang")): Text of object 'Object Repository/verifikasi/Harga Keranjang' is: 'Rp 1,299'

2023-10-05 14:49:44 - [MESSAGE][PASSED] - Text of object 'Object Repository/verifikasi/Harga Keranjang' is: 'Rp 1,299'

2023-10-05 14:49:44 - [TEST_STEP][PASSED] - if (toString().equalsIgnoreCase("Merah")): Object 'Object Repository/keranjang/input_Warna_variasi101' is checked

2023-10-05 14:49:44 - [TEST_STEP][PASSED] - check(findTestObject("Object Repository/keranjang/input_Warna_variasi101")): Object 'Object Repository/keranjang/input_Warna_variasi101' is checked

2023-10-05 14:49:44 - [MESSAGE][PASSED] - Object 'Object Repository/keranjang/input_Warna_variasi101' is checked

2023-10-05 14:49:44 - [TEST_STEP][PASSED] - if (toString().equalsIgnoreCase("Menengah")): Object 'Object Repository/keranjang/input_Ukuran_variasi201' is checked

2023-10-05 14:49:44 - [TEST_STEP][PASSED] - check(findTestObject("Object Repository/keranjang/input_Ukuran_variasi201")): Object 'Object Repository/keranjang/input_Ukuran_variasi201' is checked

2023-10-05 14:49:45 - [MESSAGE][PASSED] - Object 'Object Repository/keranjang/input_Ukuran_variasi201' is checked

2023-10-05 14:49:45 - [TEST_STEP][PASSED] - data.put("Warna", warna): null

2023-10-05 14:49:45 - [TEST_STEP][PASSED] - data.put("Ukuran", ukuran): null

2023-10-05 14:49:45 - [TEST_STEP][PASSED] - click(findTestObject("keranjang/button_Lanjut ke Pembayaran")): Object: 'Object Repository/keranjang/button_Lanjut ke Pembayaran' is clicked on

2023-10-05 14:49:46 - [MESSAGE][PASSED] - Object: 'Object Repository/keranjang/button_Lanjut ke Pembayaran' is clicked on

2023-10-05 14:49:46 - [TEST_STEP][PASSED] - verifyElementPresent(findTestObject("checkout/Tittle Checkout Order"), 0): Object 'Object Repository/checkout/Tittle Checkout Order' is present

2023-10-05 14:49:46 - [MESSAGE][WARNING] - Timeout '0' is invalid. Using default page load timeout: '30'

2023-10-05 14:49:47 - [MESSAGE][PASSED] - Object 'Object Repository/checkout/Tittle Checkout Order' is present

2023-10-05 14:49:47 - [TEST_STEP][PASSED] - name_product = data.get("nama_barang"): null

2023-10-05 14:49:47 - [TEST_STEP][PASSED] - price_product = data.get("price_barang"): null

2023-10-05 14:49:47 - [TEST_STEP][PASSED] - assert name_product == NamaKeranjang: null

2023-10-05 14:49:47 - [TEST_STEP][PASSED] - assert price_product == HargaKeranjang: null

2023-10-05 14:49:47 - [TEST_STEP][PASSED] - return data: null

2023-10-05 14:49:47 - [MESSAGE][PASSED] - Call Test Case 'Test Cases/T13 Pembelian, Shipment dan Pembayaran/PBL-002' successfully

2023-10-05 14:49:47 - [TEST_STEP][PASSED] - warnaa = getText(findTestObject("verifikasi/warna Merah")): Text of object 'Object Repository/verifikasi/warna Merah' is: 'Merah'

2023-10-05 14:49:47 - [MESSAGE][PASSED] - Text of object 'Object Repository/verifikasi/warna Merah' is: 'Merah'

2023-10-05 14:49:47 - [TEST_STEP][PASSED] - ukurann = getText(findTestObject("verifikasi/Ukuran Menengah")): Text of object 'Object Repository/verifikasi/Ukuran Menengah' is: 'Menengah'

2023-10-05 14:49:48 - [MESSAGE][PASSED] - Text of object 'Object Repository/verifikasi/Ukuran Menengah' is: 'Menengah'

2023-10-05 14:49:48 - [TEST_STEP][PASSED] - warna1 = data.get("Warna"): null

2023-10-05 14:49:48 - [TEST_STEP][PASSED] - ukuran1 = data.get("Ukuran"): null

2023-10-05 14:49:48 - [TEST_STEP][PASSED] - assert warnaa == warna1: null

2023-10-05 14:49:48 - [TEST_STEP][PASSED] - assert ukurann == ukuran1: null

2023-10-05 14:49:48 - [TEST_STEP][PASSED] - NamaCheckout = getText(findTestObject("verifikasi/NamaCheckout")): Text of object 'Object Repository/verifikasi/NamaCheckout' is: ''

2023-10-05 14:49:48 - [MESSAGE][PASSED] - Text of object 'Object Repository/verifikasi/NamaCheckout' is: ''

2023-10-05 14:49:48 - [TEST_STEP][PASSED] - HargaCheckout = getText(findTestObject("verifikasi/HargaCheckout")): Text of object 'Object Repository/verifikasi/HargaCheckout' is: '1,299'

2023-10-05 14:49:48 - [MESSAGE][PASSED] - Text of object 'Object Repository/verifikasi/HargaCheckout' is: '1,299'

2023-10-05 14:49:48 - [TEST_STEP][PASSED] - name_product = data.get("nama_barang"): null

2023-10-05 14:49:48 - [TEST_STEP][PASSED] - price_product = data.get("price_barang"): null

2023-10-05 14:49:48 - [TEST_STEP][PASSED] - assert name_product.contains(NamaCheckout): null

2023-10-05 14:49:48 - [TEST_STEP][PASSED] - assert price_product.contains(HargaCheckout): null

2023-10-05 14:49:48 - [TEST_STEP][PASSED] - selectOptionByLabel(findTestObject("checkout/select - Kirim via Kurir Lokal"), Kurir, false): All options with label 'Roda 2' are selected in object 'Object Repository/checkout/select - Kirim via Kurir Lokal' 

2023-10-05 14:49:49 - [MESSAGE][PASSED] - All options with label 'Roda 2' are selected in object 'Object Repository/checkout/select - Kirim via Kurir Lokal' 

2023-10-05 14:49:49 - [TEST_STEP][PASSED] - click(findTestObject("checkout/Kendaraan Kurir")): Object: 'Object Repository/checkout/Kendaraan Kurir' is clicked on

2023-10-05 14:49:50 - [MESSAGE][PASSED] - Object: 'Object Repository/checkout/Kendaraan Kurir' is clicked on

2023-10-05 14:49:50 - [TEST_STEP][PASSED] - OngkosKirim = getText(findTestObject("Object Repository/verifikasi/Ongkos Kirim checkout")): Text of object 'Object Repository/verifikasi/Ongkos Kirim checkout' is: 'Rp. 5,000'

2023-10-05 14:49:50 - [MESSAGE][PASSED] - Text of object 'Object Repository/verifikasi/Ongkos Kirim checkout' is: 'Rp. 5,000'

2023-10-05 14:49:50 - [TEST_STEP][PASSED] - Ongkos = OngkosKirim.substring(3, OngkosKirim.size()): null

2023-10-05 14:49:50 - [TEST_STEP][PASSED] - rep = Ongkos.replace(",", "."): null

2023-10-05 14:49:50 - [TEST_STEP][PASSED] - Ongkos_kirim = Double.parseDouble(rep): null

2023-10-05 14:49:50 - [TEST_STEP][PASSED] - println(Ongkos_kirim): null

2023-10-05 14:49:50 - [TEST_STEP][PASSED] - FeeAdmin = getText(findTestObject("verifikasi/Fee Admin checkout")): Text of object 'Object Repository/verifikasi/Fee Admin checkout' is: 'Fee Admin
Rp 1,500'

2023-10-05 14:49:51 - [MESSAGE][PASSED] - Text of object 'Object Repository/verifikasi/Fee Admin checkout' is: 'Fee Admin
Rp 1,500'

2023-10-05 14:49:51 - [TEST_STEP][PASSED] - Fee_Admin = FeeAdmin.substring(12, FeeAdmin.size()): null

2023-10-05 14:49:51 - [TEST_STEP][PASSED] - fee = Fee_Admin.replace(",", "."): null

2023-10-05 14:49:51 - [TEST_STEP][PASSED] - fee_admin = Double.parseDouble(fee): null

2023-10-05 14:49:51 - [TEST_STEP][PASSED] - println(fee_admin): null

2023-10-05 14:49:51 - [TEST_STEP][PASSED] - Subtotal = getText(findTestObject("verifikasi/subtotal checkout")): Text of object 'Object Repository/verifikasi/subtotal checkout' is: 'Subtotal
Rp 1,299'

2023-10-05 14:49:51 - [MESSAGE][PASSED] - Text of object 'Object Repository/verifikasi/subtotal checkout' is: 'Subtotal
Rp 1,299'

2023-10-05 14:49:51 - [TEST_STEP][PASSED] - sub_total = Subtotal.substring(12, Subtotal.size()): null

2023-10-05 14:49:51 - [TEST_STEP][PASSED] - sub = sub_total.replace(",", "."): null

2023-10-05 14:49:51 - [TEST_STEP][PASSED] - sub_total = Double.parseDouble(sub): null

2023-10-05 14:49:51 - [TEST_STEP][PASSED] - println(sub_total): null

2023-10-05 14:49:51 - [TEST_STEP][PASSED] - Total = getText(findTestObject("verifikasi/Total checkout")): Text of object 'Object Repository/verifikasi/Total checkout' is: 'Rp 7,799'

2023-10-05 14:49:52 - [MESSAGE][PASSED] - Text of object 'Object Repository/verifikasi/Total checkout' is: 'Rp 7,799'

2023-10-05 14:49:52 - [TEST_STEP][PASSED] - totall = Total.substring(3, Total.size()): null

2023-10-05 14:49:52 - [TEST_STEP][PASSED] - total = totall.replace(",", "."): null

2023-10-05 14:49:52 - [TEST_STEP][PASSED] - totall = Double.parseDouble(total): null

2023-10-05 14:49:52 - [TEST_STEP][PASSED] - println(totall): null

2023-10-05 14:49:52 - [TEST_STEP][PASSED] - Total_Harga = Ongkos_kirim + fee_admin + sub_total: null

2023-10-05 14:49:52 - [TEST_STEP][PASSED] - println(Total_Harga): null

2023-10-05 14:49:52 - [TEST_STEP][PASSED] - TotalHarga = Math.round(Total_Harga * 1000) / 1000: null

2023-10-05 14:49:52 - [TEST_STEP][PASSED] - println(TotalHarga): null

2023-10-05 14:49:52 - [TEST_STEP][PASSED] - assert totall == TotalHarga: null

2023-10-05 14:49:52 - [TEST_STEP][PASSED] - click(findTestObject("verifikasi/Metode Transfer")): Object: 'Object Repository/verifikasi/Metode Transfer' is clicked on

2023-10-05 14:49:52 - [MESSAGE][PASSED] - Object: 'Object Repository/verifikasi/Metode Transfer' is clicked on

2023-10-05 14:49:52 - [TEST_STEP][PASSED] - click(findTestObject("checkout/button_Proses Pembayaran")): Object: 'Object Repository/checkout/button_Proses Pembayaran' is clicked on

2023-10-05 14:50:01 - [MESSAGE][PASSED] - Object: 'Object Repository/checkout/button_Proses Pembayaran' is clicked on

2023-10-05 14:50:01 - [TEST_STEP][PASSED] - verifyElementPresent(findTestObject("pembayaran/Tittle nomor invoice"), 0): Object 'Object Repository/pembayaran/Tittle nomor invoice' is present

2023-10-05 14:50:01 - [MESSAGE][WARNING] - Timeout '0' is invalid. Using default page load timeout: '30'

2023-10-05 14:50:02 - [MESSAGE][PASSED] - Object 'Object Repository/pembayaran/Tittle nomor invoice' is present

2023-10-05 14:50:02 - [TEST_STEP][PASSED] - return data: null

2023-10-05 14:50:02 - [MESSAGE][PASSED] - Call Test Case 'Test Cases/T13 Pembelian, Shipment dan Pembayaran/PBL-004' successfully

2023-10-05 14:50:02 - [TEST_STEP][PASSED] - Invoice = getText(findTestObject("pembayaran/nomor invoice")): Text of object 'Object Repository/pembayaran/nomor invoice' is: 'TRX60.20231005144956'

2023-10-05 14:50:02 - [MESSAGE][PASSED] - Text of object 'Object Repository/pembayaran/nomor invoice' is: 'TRX60.20231005144956'

2023-10-05 14:50:02 - [TEST_STEP][PASSED] - data.put("invoice", Invoice): null

2023-10-05 14:50:02 - [TEST_STEP][PASSED] - NamaPemesan = getText(findTestObject("Konfirmasi pesanan shop/Nama pemesan")): Text of object 'Object Repository/Konfirmasi pesanan shop/Nama pemesan' is: 'irfan.afandi'

2023-10-05 14:50:03 - [MESSAGE][PASSED] - Text of object 'Object Repository/Konfirmasi pesanan shop/Nama pemesan' is: 'irfan.afandi'

2023-10-05 14:50:03 - [TEST_STEP][PASSED] - Nama = getText(findTestObject("pembayaran/Nama barang")): Text of object 'Object Repository/pembayaran/Nama barang' is: 'Segitiga Instan Madeira - MDB5.3 Sunset'

2023-10-05 14:50:03 - [MESSAGE][PASSED] - Text of object 'Object Repository/pembayaran/Nama barang' is: 'Segitiga Instan Madeira - MDB5.3 Sunset'

2023-10-05 14:50:03 - [TEST_STEP][PASSED] - Harga = getText(findTestObject("pembayaran/Harga barang")): Text of object 'Object Repository/pembayaran/Harga barang' is: '1,299'

2023-10-05 14:50:04 - [MESSAGE][PASSED] - Text of object 'Object Repository/pembayaran/Harga barang' is: '1,299'

2023-10-05 14:50:04 - [TEST_STEP][PASSED] - name_product = data.get("nama_barang"): null

2023-10-05 14:50:04 - [TEST_STEP][PASSED] - price_product = data.get("price_barang"): null

2023-10-05 14:50:04 - [TEST_STEP][PASSED] - assert name_product.contains(Nama): null

2023-10-05 14:50:04 - [TEST_STEP][PASSED] - assert price_product.contains(Harga): null

2023-10-05 14:50:04 - [TEST_STEP][PASSED] - warnaa = getText(findTestObject("pembayaran/warna")): Text of object 'Object Repository/pembayaran/warna' is: 'Merah'

2023-10-05 14:50:04 - [MESSAGE][PASSED] - Text of object 'Object Repository/pembayaran/warna' is: 'Merah'

2023-10-05 14:50:04 - [TEST_STEP][PASSED] - ukurann = getText(findTestObject("pembayaran/ukuran")): Text of object 'Object Repository/pembayaran/ukuran' is: 'Menengah'

2023-10-05 14:50:05 - [MESSAGE][PASSED] - Text of object 'Object Repository/pembayaran/ukuran' is: 'Menengah'

2023-10-05 14:50:05 - [TEST_STEP][PASSED] - warna1 = data.get("Warna"): null

2023-10-05 14:50:05 - [TEST_STEP][PASSED] - ukuran1 = data.get("Ukuran"): null

2023-10-05 14:50:05 - [TEST_STEP][PASSED] - assert warnaa == warna1: null

2023-10-05 14:50:05 - [TEST_STEP][PASSED] - assert ukurann == ukuran1: null

2023-10-05 14:50:05 - [TEST_STEP][PASSED] - statusPembelian = getText(findTestObject("verifikasi/Status pending di pembelian")): Text of object 'Object Repository/verifikasi/Status pending di pembelian' is: 'Pending'

2023-10-05 14:50:05 - [MESSAGE][PASSED] - Text of object 'Object Repository/verifikasi/Status pending di pembelian' is: 'Pending'

2023-10-05 14:50:05 - [TEST_STEP][PASSED] - data.put("statusPem", statusPembelian): null

2023-10-05 14:50:05 - [TEST_STEP][PASSED] - OngkosKirim = getText(findTestObject("pembayaran/ongkos kirim")): Text of object 'Object Repository/pembayaran/ongkos kirim' is: 'Rp 5,000'

2023-10-05 14:50:06 - [MESSAGE][PASSED] - Text of object 'Object Repository/pembayaran/ongkos kirim' is: 'Rp 5,000'

2023-10-05 14:50:06 - [TEST_STEP][PASSED] - Ongkos = OngkosKirim.substring(3, OngkosKirim.size()): null

2023-10-05 14:50:06 - [TEST_STEP][PASSED] - rep = Ongkos.replace(",", ""): null

2023-10-05 14:50:06 - [TEST_STEP][PASSED] - Ongkos_kirimm = Integer.parseInt(rep): null

2023-10-05 14:50:06 - [TEST_STEP][PASSED] - println(Ongkos_kirimm): null

2023-10-05 14:50:06 - [TEST_STEP][PASSED] - FeeAdmin = getText(findTestObject("pembayaran/fee admin")): Text of object 'Object Repository/pembayaran/fee admin' is: 'Rp 1,500'

2023-10-05 14:50:06 - [MESSAGE][PASSED] - Text of object 'Object Repository/pembayaran/fee admin' is: 'Rp 1,500'

2023-10-05 14:50:06 - [TEST_STEP][PASSED] - Fee_Admin = FeeAdmin.substring(3, FeeAdmin.size()): null

2023-10-05 14:50:06 - [TEST_STEP][PASSED] - fee = Fee_Admin.replace(",", ""): null

2023-10-05 14:50:06 - [TEST_STEP][PASSED] - fee_adminn = Integer.parseInt(fee): null

2023-10-05 14:50:06 - [TEST_STEP][PASSED] - println(fee_adminn): null

2023-10-05 14:50:06 - [TEST_STEP][PASSED] - Subtotal = getText(findTestObject("pembayaran/subtotal")): Text of object 'Object Repository/pembayaran/subtotal' is: 'Rp 1,299'

2023-10-05 14:50:07 - [MESSAGE][PASSED] - Text of object 'Object Repository/pembayaran/subtotal' is: 'Rp 1,299'

2023-10-05 14:50:07 - [TEST_STEP][PASSED] - sub_total = Subtotal.substring(3, Subtotal.size()): null

2023-10-05 14:50:07 - [TEST_STEP][PASSED] - sub = sub_total.replace(",", ""): null

2023-10-05 14:50:07 - [TEST_STEP][PASSED] - sub_totall = Integer.parseInt(sub): null

2023-10-05 14:50:07 - [TEST_STEP][PASSED] - println(sub_totall): null

2023-10-05 14:50:07 - [TEST_STEP][PASSED] - unik = getText(findTestObject("pembayaran/kode unik")): Text of object 'Object Repository/pembayaran/kode unik' is: '+956'

2023-10-05 14:50:07 - [MESSAGE][PASSED] - Text of object 'Object Repository/pembayaran/kode unik' is: '+956'

2023-10-05 14:50:07 - [TEST_STEP][PASSED] - unikk = unik.replace("+", ""): null

2023-10-05 14:50:07 - [TEST_STEP][PASSED] - kode_unik = Integer.parseInt(unikk): null

2023-10-05 14:50:07 - [TEST_STEP][PASSED] - println(kode_unik): null

2023-10-05 14:50:07 - [TEST_STEP][PASSED] - Total = getText(findTestObject("pembayaran/total")): Text of object 'Object Repository/pembayaran/total' is: '8,755'

2023-10-05 14:50:08 - [MESSAGE][PASSED] - Text of object 'Object Repository/pembayaran/total' is: '8,755'

2023-10-05 14:50:08 - [TEST_STEP][PASSED] - total = Total.replace(",", ""): null

2023-10-05 14:50:08 - [TEST_STEP][PASSED] - totalll = Integer.parseInt(total): null

2023-10-05 14:50:08 - [TEST_STEP][PASSED] - println(totalll): null

2023-10-05 14:50:08 - [TEST_STEP][PASSED] - Total_Hargaa = Ongkos_kirimm + fee_adminn + sub_totall + kode_unik: null

2023-10-05 14:50:08 - [TEST_STEP][PASSED] - println(Total_Hargaa): null

2023-10-05 14:50:08 - [TEST_STEP][PASSED] - assert totalll == Total_Hargaa: null

2023-10-05 14:50:08 - [TEST_STEP][PASSED] - data.put("total", Total): null

2023-10-05 14:50:08 - [TEST_STEP][PASSED] - data.put("nama", NamaPemesan): null

2023-10-05 14:50:08 - [TEST_STEP][PASSED] - return data: null

2023-10-05 14:50:08 - [MESSAGE][PASSED] - Call Test Case 'Test Cases/T13 Pembelian, Shipment dan Pembayaran/PBY-001' successfully

2023-10-05 14:50:08 - [TEST_STEP][PASSED] - Invoice = getText(findTestObject("pembayaran/nomor invoice")): Text of object 'Object Repository/pembayaran/nomor invoice' is: 'TRX60.20231005144956'

2023-10-05 14:50:08 - [MESSAGE][PASSED] - Text of object 'Object Repository/pembayaran/nomor invoice' is: 'TRX60.20231005144956'

2023-10-05 14:50:08 - [TEST_STEP][PASSED] - data.put("invoice", Invoice): null

2023-10-05 14:50:08 - [TEST_STEP][PASSED] - NamaPemesan = getText(findTestObject("Konfirmasi pesanan shop/Nama pemesan")): Text of object 'Object Repository/Konfirmasi pesanan shop/Nama pemesan' is: 'irfan.afandi'

2023-10-05 14:50:09 - [MESSAGE][PASSED] - Text of object 'Object Repository/Konfirmasi pesanan shop/Nama pemesan' is: 'irfan.afandi'

2023-10-05 14:50:09 - [TEST_STEP][PASSED] - Nama = getText(findTestObject("pembayaran/Nama barang")): Text of object 'Object Repository/pembayaran/Nama barang' is: 'Segitiga Instan Madeira - MDB5.3 Sunset'

2023-10-05 14:50:09 - [MESSAGE][PASSED] - Text of object 'Object Repository/pembayaran/Nama barang' is: 'Segitiga Instan Madeira - MDB5.3 Sunset'

2023-10-05 14:50:09 - [TEST_STEP][PASSED] - Harga = getText(findTestObject("pembayaran/Harga barang")): Text of object 'Object Repository/pembayaran/Harga barang' is: '1,299'

2023-10-05 14:50:10 - [MESSAGE][PASSED] - Text of object 'Object Repository/pembayaran/Harga barang' is: '1,299'

2023-10-05 14:50:10 - [TEST_STEP][PASSED] - name_product = data.get("nama_barang"): null

2023-10-05 14:50:10 - [TEST_STEP][PASSED] - price_product = data.get("price_barang"): null

2023-10-05 14:50:10 - [TEST_STEP][PASSED] - assert name_product.contains(Nama): null

2023-10-05 14:50:10 - [TEST_STEP][PASSED] - assert price_product.contains(Harga): null

2023-10-05 14:50:10 - [TEST_STEP][PASSED] - warnaa = getText(findTestObject("pembayaran/warna")): Text of object 'Object Repository/pembayaran/warna' is: 'Merah'

2023-10-05 14:50:10 - [MESSAGE][PASSED] - Text of object 'Object Repository/pembayaran/warna' is: 'Merah'

2023-10-05 14:50:10 - [TEST_STEP][PASSED] - ukurann = getText(findTestObject("pembayaran/ukuran")): Text of object 'Object Repository/pembayaran/ukuran' is: 'Menengah'

2023-10-05 14:50:11 - [MESSAGE][PASSED] - Text of object 'Object Repository/pembayaran/ukuran' is: 'Menengah'

2023-10-05 14:50:11 - [TEST_STEP][PASSED] - warna1 = data.get("Warna"): null

2023-10-05 14:50:11 - [TEST_STEP][PASSED] - ukuran1 = data.get("Ukuran"): null

2023-10-05 14:50:11 - [TEST_STEP][PASSED] - assert warnaa == warna1: null

2023-10-05 14:50:11 - [TEST_STEP][PASSED] - assert ukurann == ukuran1: null

2023-10-05 14:50:11 - [TEST_STEP][PASSED] - statusPembelian = getText(findTestObject("verifikasi/Status pending di pembelian")): Text of object 'Object Repository/verifikasi/Status pending di pembelian' is: 'Pending'

2023-10-05 14:50:11 - [MESSAGE][PASSED] - Text of object 'Object Repository/verifikasi/Status pending di pembelian' is: 'Pending'

2023-10-05 14:50:11 - [TEST_STEP][PASSED] - data.put("statusPem", statusPembelian): null

2023-10-05 14:50:11 - [TEST_STEP][PASSED] - OngkosKirim = getText(findTestObject("pembayaran/ongkos kirim")): Text of object 'Object Repository/pembayaran/ongkos kirim' is: 'Rp 5,000'

2023-10-05 14:50:12 - [MESSAGE][PASSED] - Text of object 'Object Repository/pembayaran/ongkos kirim' is: 'Rp 5,000'

2023-10-05 14:50:12 - [TEST_STEP][PASSED] - Ongkos = OngkosKirim.substring(3, OngkosKirim.size()): null

2023-10-05 14:50:12 - [TEST_STEP][PASSED] - rep = Ongkos.replace(",", ""): null

2023-10-05 14:50:12 - [TEST_STEP][PASSED] - Ongkos_kirimm = Integer.parseInt(rep): null

2023-10-05 14:50:12 - [TEST_STEP][PASSED] - println(Ongkos_kirimm): null

2023-10-05 14:50:12 - [TEST_STEP][PASSED] - FeeAdmin = getText(findTestObject("pembayaran/fee admin")): Text of object 'Object Repository/pembayaran/fee admin' is: 'Rp 1,500'

2023-10-05 14:50:12 - [MESSAGE][PASSED] - Text of object 'Object Repository/pembayaran/fee admin' is: 'Rp 1,500'

2023-10-05 14:50:12 - [TEST_STEP][PASSED] - Fee_Admin = FeeAdmin.substring(3, FeeAdmin.size()): null

2023-10-05 14:50:12 - [TEST_STEP][PASSED] - fee = Fee_Admin.replace(",", ""): null

2023-10-05 14:50:12 - [TEST_STEP][PASSED] - fee_adminn = Integer.parseInt(fee): null

2023-10-05 14:50:12 - [TEST_STEP][PASSED] - println(fee_adminn): null

2023-10-05 14:50:12 - [TEST_STEP][PASSED] - Subtotal = getText(findTestObject("pembayaran/subtotal")): Text of object 'Object Repository/pembayaran/subtotal' is: 'Rp 1,299'

2023-10-05 14:50:13 - [MESSAGE][PASSED] - Text of object 'Object Repository/pembayaran/subtotal' is: 'Rp 1,299'

2023-10-05 14:50:13 - [TEST_STEP][PASSED] - sub_total = Subtotal.substring(3, Subtotal.size()): null

2023-10-05 14:50:13 - [TEST_STEP][PASSED] - sub = sub_total.replace(",", ""): null

2023-10-05 14:50:13 - [TEST_STEP][PASSED] - sub_totall = Integer.parseInt(sub): null

2023-10-05 14:50:13 - [TEST_STEP][PASSED] - println(sub_totall): null

2023-10-05 14:50:13 - [TEST_STEP][PASSED] - unik = getText(findTestObject("pembayaran/kode unik")): Text of object 'Object Repository/pembayaran/kode unik' is: '+956'

2023-10-05 14:50:13 - [MESSAGE][PASSED] - Text of object 'Object Repository/pembayaran/kode unik' is: '+956'

2023-10-05 14:50:13 - [TEST_STEP][PASSED] - unikk = unik.replace("+", ""): null

2023-10-05 14:50:13 - [TEST_STEP][PASSED] - kode_unik = Integer.parseInt(unikk): null

2023-10-05 14:50:13 - [TEST_STEP][PASSED] - println(kode_unik): null

2023-10-05 14:50:13 - [TEST_STEP][PASSED] - Total = getText(findTestObject("pembayaran/total")): Text of object 'Object Repository/pembayaran/total' is: '8,755'

2023-10-05 14:50:14 - [MESSAGE][PASSED] - Text of object 'Object Repository/pembayaran/total' is: '8,755'

2023-10-05 14:50:14 - [TEST_STEP][PASSED] - total = Total.replace(",", ""): null

2023-10-05 14:50:14 - [TEST_STEP][PASSED] - totalll = Integer.parseInt(total): null

2023-10-05 14:50:14 - [TEST_STEP][PASSED] - println(totalll): null

2023-10-05 14:50:14 - [TEST_STEP][PASSED] - Total_Hargaa = Ongkos_kirimm + fee_adminn + sub_totall + kode_unik: null

2023-10-05 14:50:14 - [TEST_STEP][PASSED] - println(Total_Hargaa): null

2023-10-05 14:50:14 - [TEST_STEP][PASSED] - assert totalll == Total_Hargaa: null

2023-10-05 14:50:14 - [TEST_STEP][PASSED] - data.put("total", Total): null

2023-10-05 14:50:14 - [TEST_STEP][PASSED] - data.put("nama", NamaPemesan): null

2023-10-05 14:50:14 - [TEST_STEP][PASSED] - click(findTestObject("QRIS/a_Lihat Metode Pembayaran Lainnya")): Object: 'Object Repository/QRIS/a_Lihat Metode Pembayaran Lainnya' is clicked on

2023-10-05 14:50:15 - [MESSAGE][PASSED] - Object: 'Object Repository/QRIS/a_Lihat Metode Pembayaran Lainnya' is clicked on

2023-10-05 14:50:15 - [TEST_STEP][PASSED] - switchToWindowIndex(1): Switched to window with index: '1'

2023-10-05 14:50:15 - [MESSAGE][PASSED] - Switched to window with index: '1'

2023-10-05 14:50:15 - [TEST_STEP][PASSED] - verifyElementPresent(findTestObject("QRIS/ipaymu"), 0): Object 'Object Repository/QRIS/ipaymu' is present

2023-10-05 14:50:15 - [MESSAGE][WARNING] - Timeout '0' is invalid. Using default page load timeout: '30'

2023-10-05 14:50:17 - [MESSAGE][PASSED] - Object 'Object Repository/QRIS/ipaymu' is present

2023-10-05 14:50:17 - [TEST_STEP][PASSED] - return data: null]]></system-out>
         <system-err><![CDATA[]]></system-err>
      </testcase>
      <testcase name="Test Cases/T13 Pembelian, Shipment dan Pembayaran/PBY-004" time="63.109" classname="Test Cases/T13 Pembelian, Shipment dan Pembayaran/PBY-004" status="PASSED">
         <system-out><![CDATA[2023-10-05 14:50:17 - [TEST_CASE][PASSED] - Test Cases/T13 Pembelian, Shipment dan Pembayaran/PBY-004: Test Cases/T13 Pembelian, Shipment dan Pembayaran/PBY-004

2023-10-05 14:50:18 - [TEST_STEP][PASSED] - data = callTestCase(findTestCase("T13 Pembelian, Shipment dan Pembayaran/PBY-001"), [:], STOP_ON_FAILURE): Call Test Case 'Test Cases/T13 Pembelian, Shipment dan Pembayaran/PBY-001' successfully

2023-10-05 14:50:18 - [TEST_CASE][PASSED] - Test Cases/T13 Pembelian, Shipment dan Pembayaran/PBY-001: Test Cases/T13 Pembelian, Shipment dan Pembayaran/PBY-001

2023-10-05 14:50:18 - [TEST_STEP][PASSED] - data = callTestCase(findTestCase("T13 Pembelian, Shipment dan Pembayaran/PBL-004"), ["Kurir":"Roda 2"], STOP_ON_FAILURE): Call Test Case 'Test Cases/T13 Pembelian, Shipment dan Pembayaran/PBL-004' successfully

2023-10-05 14:50:18 - [TEST_CASE][PASSED] - Test Cases/T13 Pembelian, Shipment dan Pembayaran/PBL-004: Test Cases/T13 Pembelian, Shipment dan Pembayaran/PBL-004

2023-10-05 14:50:18 - [TEST_STEP][PASSED] - data = callTestCase(findTestCase("T13 Pembelian, Shipment dan Pembayaran/PBL-002"), [:], STOP_ON_FAILURE): Call Test Case 'Test Cases/T13 Pembelian, Shipment dan Pembayaran/PBL-002' successfully

2023-10-05 14:50:18 - [TEST_CASE][PASSED] - Test Cases/T13 Pembelian, Shipment dan Pembayaran/PBL-002: Test Cases/T13 Pembelian, Shipment dan Pembayaran/PBL-002

2023-10-05 14:50:18 - [TEST_STEP][PASSED] - data = callTestCase(findTestCase("T13 Pembelian, Shipment dan Pembayaran/PBL-001"), [:], STOP_ON_FAILURE): Call Test Case 'Test Cases/T13 Pembelian, Shipment dan Pembayaran/PBL-001' successfully

2023-10-05 14:50:18 - [TEST_CASE][PASSED] - Test Cases/T13 Pembelian, Shipment dan Pembayaran/PBL-001: Test Cases/T13 Pembelian, Shipment dan Pembayaran/PBL-001

2023-10-05 14:50:18 - [TEST_STEP][PASSED] - callTestCase(findTestCase("T13 Pembelian, Shipment dan Pembayaran/LU-001"), ["username":"irfanafandi", "password":"12345irfan"], STOP_ON_FAILURE): Call Test Case 'Test Cases/T13 Pembelian, Shipment dan Pembayaran/LU-001' successfully

2023-10-05 14:50:18 - [TEST_CASE][PASSED] - Test Cases/T13 Pembelian, Shipment dan Pembayaran/LU-001: Test Cases/T13 Pembelian, Shipment dan Pembayaran/LU-001

2023-10-05 14:50:18 - [TEST_STEP][PASSED] - openBrowser("https://10.9.2.63/ecommerce/"): Browser is opened with url: 'https://10.9.2.63/ecommerce/'

2023-10-05 14:50:18 - [MESSAGE][WARNING] - A browser is already opened. Closing browser and opening a new one

2023-10-05 14:50:19 - [MESSAGE][INFO] - Starting 'Edge Chromium' driver

2023-10-05 14:50:19 - [MESSAGE][INFO] - User set preference: ['acceptInsecureCerts', 'true']

2023-10-05 14:50:21 - [MESSAGE][INFO] - Action delay is set to 0 milliseconds

2023-10-05 14:50:25 - [MESSAGE][PASSED] - Browser is opened with url: 'https://10.9.2.63/ecommerce/'

2023-10-05 14:50:25 - [TEST_STEP][PASSED] - maximizeWindow(): Current window maximized

2023-10-05 14:50:25 - [MESSAGE][PASSED] - Current window maximized

2023-10-05 14:50:25 - [TEST_STEP][PASSED] - verifyElementPresent(findTestObject("Login/Home"), 0): Object 'Object Repository/Login/Home' is present

2023-10-05 14:50:25 - [MESSAGE][WARNING] - Timeout '0' is invalid. Using default page load timeout: '30'

2023-10-05 14:50:26 - [MESSAGE][PASSED] - Object 'Object Repository/Login/Home' is present

2023-10-05 14:50:26 - [TEST_STEP][PASSED] - click(findTestObject("Login/a_Login")): Object: 'Object Repository/Login/a_Login' is clicked on

2023-10-05 14:50:26 - [MESSAGE][PASSED] - Object: 'Object Repository/Login/a_Login' is clicked on

2023-10-05 14:50:26 - [TEST_STEP][PASSED] - verifyElementPresent(findTestObject("Login/Tittle Login"), 0): Object 'Object Repository/Login/Tittle Login' is present

2023-10-05 14:50:26 - [MESSAGE][WARNING] - Timeout '0' is invalid. Using default page load timeout: '30'

2023-10-05 14:50:27 - [MESSAGE][PASSED] - Object 'Object Repository/Login/Tittle Login' is present

2023-10-05 14:50:27 - [TEST_STEP][PASSED] - setText(findTestObject("Login/input_Username, Email atau No. Handphone_a"), username): Text 'irfanafandi' is set on object 'Object Repository/Login/input_Username, Email atau No. Handphone_a'

2023-10-05 14:50:28 - [MESSAGE][PASSED] - Text 'irfanafandi' is set on object 'Object Repository/Login/input_Username, Email atau No. Handphone_a'

2023-10-05 14:50:28 - [TEST_STEP][PASSED] - setText(findTestObject("Login/input_Password_b"), password): Text '12345irfan' is set on object 'Object Repository/Login/input_Password_b'

2023-10-05 14:50:28 - [MESSAGE][PASSED] - Text '12345irfan' is set on object 'Object Repository/Login/input_Password_b'

2023-10-05 14:50:28 - [TEST_STEP][PASSED] - click(findTestObject("Login/label_Ingat saya")): Object: 'Object Repository/Login/label_Ingat saya' is clicked on

2023-10-05 14:50:29 - [MESSAGE][PASSED] - Object: 'Object Repository/Login/label_Ingat saya' is clicked on

2023-10-05 14:50:29 - [TEST_STEP][PASSED] - click(findTestObject("Login/button_Masuk")): Object: 'Object Repository/Login/button_Masuk' is clicked on

2023-10-05 14:50:31 - [MESSAGE][PASSED] - Object: 'Object Repository/Login/button_Masuk' is clicked on

2023-10-05 14:50:31 - [TEST_STEP][PASSED] - verifyElementPresent(findTestObject("Login/li_Profile"), 0): Object 'Object Repository/Login/li_Profile' is present

2023-10-05 14:50:31 - [MESSAGE][WARNING] - Timeout '0' is invalid. Using default page load timeout: '30'

2023-10-05 14:50:31 - [MESSAGE][PASSED] - Object 'Object Repository/Login/li_Profile' is present

2023-10-05 14:50:31 - [MESSAGE][PASSED] - Call Test Case 'Test Cases/T13 Pembelian, Shipment dan Pembayaran/LU-001' successfully

2023-10-05 14:50:31 - [TEST_STEP][PASSED] - mouseOver(findTestObject("beli barang/i_Mulai Belanja_icon-menu")): Object: 'Object Repository/beli barang/i_Mulai Belanja_icon-menu' is hovered

2023-10-05 14:50:32 - [MESSAGE][PASSED] - Object: 'Object Repository/beli barang/i_Mulai Belanja_icon-menu' is hovered

2023-10-05 14:50:32 - [TEST_STEP][PASSED] - click(findTestObject("beli barang/a_Fashion  Busana Wanita")): Object: 'Object Repository/beli barang/a_Fashion  Busana Wanita' is clicked on

2023-10-05 14:50:33 - [MESSAGE][PASSED] - Object: 'Object Repository/beli barang/a_Fashion  Busana Wanita' is clicked on

2023-10-05 14:50:33 - [TEST_STEP][PASSED] - NamaSebelum = getText(findTestObject("verifikasi/Nama sebelum")): Text of object 'Object Repository/verifikasi/Nama sebelum' is: ''

2023-10-05 14:50:34 - [MESSAGE][PASSED] - Text of object 'Object Repository/verifikasi/Nama sebelum' is: ''

2023-10-05 14:50:34 - [TEST_STEP][PASSED] - HargaSebelum = getText(findTestObject("verifikasi/Harga sebelum")): Text of object 'Object Repository/verifikasi/Harga sebelum' is: 'Rp 1,299'

2023-10-05 14:50:35 - [MESSAGE][PASSED] - Text of object 'Object Repository/verifikasi/Harga sebelum' is: 'Rp 1,299'

2023-10-05 14:50:35 - [TEST_STEP][PASSED] - mouseOver(findTestObject("beli barang/barang mouse over")): Object: 'Object Repository/beli barang/barang mouse over' is hovered

2023-10-05 14:50:35 - [MESSAGE][PASSED] - Object: 'Object Repository/beli barang/barang mouse over' is hovered

2023-10-05 14:50:35 - [TEST_STEP][PASSED] - click(findTestObject("beli barang/buttom add to cart")): Object: 'Object Repository/beli barang/buttom add to cart' is clicked on

2023-10-05 14:50:36 - [MESSAGE][PASSED] - Object: 'Object Repository/beli barang/buttom add to cart' is clicked on

2023-10-05 14:50:37 - [TEST_STEP][PASSED] - NamaSesudah = getText(findTestObject("verifikasi/Nama sesudah")): Text of object 'Object Repository/verifikasi/Nama sesudah' is: 'Segitiga Instan Madeira - MDB5.3 Sunset'

2023-10-05 14:50:37 - [MESSAGE][PASSED] - Text of object 'Object Repository/verifikasi/Nama sesudah' is: 'Segitiga Instan Madeira - MDB5.3 Sunset'

2023-10-05 14:50:37 - [TEST_STEP][PASSED] - HargaSesudah = getText(findTestObject("verifikasi/Harga sesudah")): Text of object 'Object Repository/verifikasi/Harga sesudah' is: 'Rp 1,299'

2023-10-05 14:50:37 - [MESSAGE][PASSED] - Text of object 'Object Repository/verifikasi/Harga sesudah' is: 'Rp 1,299'

2023-10-05 14:50:37 - [TEST_STEP][PASSED] - assert NamaSesudah.contains(NamaSebelum): null

2023-10-05 14:50:37 - [TEST_STEP][PASSED] - assert HargaSesudah.contains(HargaSebelum): null

2023-10-05 14:50:37 - [TEST_STEP][PASSED] - click(findTestObject("beli barang/Tambah Keranjang busana wanita")): Object: 'Object Repository/beli barang/Tambah Keranjang busana wanita' is clicked on

2023-10-05 14:50:38 - [MESSAGE][PASSED] - Object: 'Object Repository/beli barang/Tambah Keranjang busana wanita' is clicked on

2023-10-05 14:50:38 - [TEST_STEP][PASSED] - verifyElementPresent(findTestObject("checkout/Notifikasi keranjang"), 1): Object 'Object Repository/checkout/Notifikasi keranjang' is present

2023-10-05 14:50:39 - [MESSAGE][PASSED] - Object 'Object Repository/checkout/Notifikasi keranjang' is present

2023-10-05 14:50:39 - [TEST_STEP][PASSED] - data = new java.util.HashMap(): null

2023-10-05 14:50:39 - [TEST_STEP][PASSED] - data.put("nama_barang", NamaSesudah): null

2023-10-05 14:50:39 - [TEST_STEP][PASSED] - data.put("price_barang", HargaSesudah): null

2023-10-05 14:50:39 - [TEST_STEP][PASSED] - return data: null

2023-10-05 14:50:39 - [MESSAGE][PASSED] - Call Test Case 'Test Cases/T13 Pembelian, Shipment dan Pembayaran/PBL-001' successfully

2023-10-05 14:50:39 - [TEST_STEP][PASSED] - mouseOver(findTestObject("beli barang/keranjang")): Object: 'Object Repository/beli barang/keranjang' is hovered

2023-10-05 14:50:39 - [MESSAGE][PASSED] - Object: 'Object Repository/beli barang/keranjang' is hovered

2023-10-05 14:50:39 - [TEST_STEP][PASSED] - click(findTestObject("beli barang/Lihat Sekarang")): Object: 'Object Repository/beli barang/Lihat Sekarang' is clicked on

2023-10-05 14:50:40 - [MESSAGE][PASSED] - Object: 'Object Repository/beli barang/Lihat Sekarang' is clicked on

2023-10-05 14:50:40 - [TEST_STEP][PASSED] - verifyElementPresent(findTestObject("keranjang/li_Keranjang Belanja"), 0): Object 'Object Repository/keranjang/li_Keranjang Belanja' is present

2023-10-05 14:50:40 - [MESSAGE][WARNING] - Timeout '0' is invalid. Using default page load timeout: '30'

2023-10-05 14:50:42 - [MESSAGE][PASSED] - Object 'Object Repository/keranjang/li_Keranjang Belanja' is present

2023-10-05 14:50:42 - [TEST_STEP][PASSED] - NamaKeranjang = getText(findTestObject("verifikasi/Nama keranjang")): Text of object 'Object Repository/verifikasi/Nama keranjang' is: 'Segitiga Instan Madeira - MDB5.3 Sunset'

2023-10-05 14:50:42 - [MESSAGE][PASSED] - Text of object 'Object Repository/verifikasi/Nama keranjang' is: 'Segitiga Instan Madeira - MDB5.3 Sunset'

2023-10-05 14:50:42 - [TEST_STEP][PASSED] - HargaKeranjang = getText(findTestObject("verifikasi/Harga Keranjang")): Text of object 'Object Repository/verifikasi/Harga Keranjang' is: 'Rp 1,299'

2023-10-05 14:50:42 - [MESSAGE][PASSED] - Text of object 'Object Repository/verifikasi/Harga Keranjang' is: 'Rp 1,299'

2023-10-05 14:50:42 - [TEST_STEP][PASSED] - if (toString().equalsIgnoreCase("Merah")): Object 'Object Repository/keranjang/input_Warna_variasi101' is checked

2023-10-05 14:50:42 - [TEST_STEP][PASSED] - check(findTestObject("Object Repository/keranjang/input_Warna_variasi101")): Object 'Object Repository/keranjang/input_Warna_variasi101' is checked

2023-10-05 14:50:43 - [MESSAGE][PASSED] - Object 'Object Repository/keranjang/input_Warna_variasi101' is checked

2023-10-05 14:50:43 - [TEST_STEP][PASSED] - if (toString().equalsIgnoreCase("Menengah")): Object 'Object Repository/keranjang/input_Ukuran_variasi201' is checked

2023-10-05 14:50:43 - [TEST_STEP][PASSED] - check(findTestObject("Object Repository/keranjang/input_Ukuran_variasi201")): Object 'Object Repository/keranjang/input_Ukuran_variasi201' is checked

2023-10-05 14:50:43 - [MESSAGE][PASSED] - Object 'Object Repository/keranjang/input_Ukuran_variasi201' is checked

2023-10-05 14:50:43 - [TEST_STEP][PASSED] - data.put("Warna", warna): null

2023-10-05 14:50:43 - [TEST_STEP][PASSED] - data.put("Ukuran", ukuran): null

2023-10-05 14:50:43 - [TEST_STEP][PASSED] - click(findTestObject("keranjang/button_Lanjut ke Pembayaran")): Object: 'Object Repository/keranjang/button_Lanjut ke Pembayaran' is clicked on

2023-10-05 14:50:45 - [MESSAGE][PASSED] - Object: 'Object Repository/keranjang/button_Lanjut ke Pembayaran' is clicked on

2023-10-05 14:50:45 - [TEST_STEP][PASSED] - verifyElementPresent(findTestObject("checkout/Tittle Checkout Order"), 0): Object 'Object Repository/checkout/Tittle Checkout Order' is present

2023-10-05 14:50:45 - [MESSAGE][WARNING] - Timeout '0' is invalid. Using default page load timeout: '30'

2023-10-05 14:50:45 - [MESSAGE][PASSED] - Object 'Object Repository/checkout/Tittle Checkout Order' is present

2023-10-05 14:50:45 - [TEST_STEP][PASSED] - name_product = data.get("nama_barang"): null

2023-10-05 14:50:45 - [TEST_STEP][PASSED] - price_product = data.get("price_barang"): null

2023-10-05 14:50:45 - [TEST_STEP][PASSED] - assert name_product == NamaKeranjang: null

2023-10-05 14:50:45 - [TEST_STEP][PASSED] - assert price_product == HargaKeranjang: null

2023-10-05 14:50:45 - [TEST_STEP][PASSED] - return data: null

2023-10-05 14:50:45 - [MESSAGE][PASSED] - Call Test Case 'Test Cases/T13 Pembelian, Shipment dan Pembayaran/PBL-002' successfully

2023-10-05 14:50:45 - [TEST_STEP][PASSED] - warnaa = getText(findTestObject("verifikasi/warna Merah")): Text of object 'Object Repository/verifikasi/warna Merah' is: 'Merah'

2023-10-05 14:50:46 - [MESSAGE][PASSED] - Text of object 'Object Repository/verifikasi/warna Merah' is: 'Merah'

2023-10-05 14:50:46 - [TEST_STEP][PASSED] - ukurann = getText(findTestObject("verifikasi/Ukuran Menengah")): Text of object 'Object Repository/verifikasi/Ukuran Menengah' is: 'Menengah'

2023-10-05 14:50:46 - [MESSAGE][PASSED] - Text of object 'Object Repository/verifikasi/Ukuran Menengah' is: 'Menengah'

2023-10-05 14:50:46 - [TEST_STEP][PASSED] - warna1 = data.get("Warna"): null

2023-10-05 14:50:46 - [TEST_STEP][PASSED] - ukuran1 = data.get("Ukuran"): null

2023-10-05 14:50:46 - [TEST_STEP][PASSED] - assert warnaa == warna1: null

2023-10-05 14:50:46 - [TEST_STEP][PASSED] - assert ukurann == ukuran1: null

2023-10-05 14:50:46 - [TEST_STEP][PASSED] - NamaCheckout = getText(findTestObject("verifikasi/NamaCheckout")): Text of object 'Object Repository/verifikasi/NamaCheckout' is: ''

2023-10-05 14:50:47 - [MESSAGE][PASSED] - Text of object 'Object Repository/verifikasi/NamaCheckout' is: ''

2023-10-05 14:50:47 - [TEST_STEP][PASSED] - HargaCheckout = getText(findTestObject("verifikasi/HargaCheckout")): Text of object 'Object Repository/verifikasi/HargaCheckout' is: '1,299'

2023-10-05 14:50:47 - [MESSAGE][PASSED] - Text of object 'Object Repository/verifikasi/HargaCheckout' is: '1,299'

2023-10-05 14:50:47 - [TEST_STEP][PASSED] - name_product = data.get("nama_barang"): null

2023-10-05 14:50:47 - [TEST_STEP][PASSED] - price_product = data.get("price_barang"): null

2023-10-05 14:50:47 - [TEST_STEP][PASSED] - assert name_product.contains(NamaCheckout): null

2023-10-05 14:50:47 - [TEST_STEP][PASSED] - assert price_product.contains(HargaCheckout): null

2023-10-05 14:50:47 - [TEST_STEP][PASSED] - selectOptionByLabel(findTestObject("checkout/select - Kirim via Kurir Lokal"), Kurir, false): All options with label 'Roda 2' are selected in object 'Object Repository/checkout/select - Kirim via Kurir Lokal' 

2023-10-05 14:50:48 - [MESSAGE][PASSED] - All options with label 'Roda 2' are selected in object 'Object Repository/checkout/select - Kirim via Kurir Lokal' 

2023-10-05 14:50:48 - [TEST_STEP][PASSED] - click(findTestObject("checkout/Kendaraan Kurir")): Object: 'Object Repository/checkout/Kendaraan Kurir' is clicked on

2023-10-05 14:50:49 - [MESSAGE][PASSED] - Object: 'Object Repository/checkout/Kendaraan Kurir' is clicked on

2023-10-05 14:50:49 - [TEST_STEP][PASSED] - OngkosKirim = getText(findTestObject("Object Repository/verifikasi/Ongkos Kirim checkout")): Text of object 'Object Repository/verifikasi/Ongkos Kirim checkout' is: 'Rp. 5,000'

2023-10-05 14:50:49 - [MESSAGE][PASSED] - Text of object 'Object Repository/verifikasi/Ongkos Kirim checkout' is: 'Rp. 5,000'

2023-10-05 14:50:49 - [TEST_STEP][PASSED] - Ongkos = OngkosKirim.substring(3, OngkosKirim.size()): null

2023-10-05 14:50:49 - [TEST_STEP][PASSED] - rep = Ongkos.replace(",", "."): null

2023-10-05 14:50:49 - [TEST_STEP][PASSED] - Ongkos_kirim = Double.parseDouble(rep): null

2023-10-05 14:50:49 - [TEST_STEP][PASSED] - println(Ongkos_kirim): null

2023-10-05 14:50:49 - [TEST_STEP][PASSED] - FeeAdmin = getText(findTestObject("verifikasi/Fee Admin checkout")): Text of object 'Object Repository/verifikasi/Fee Admin checkout' is: 'Fee Admin
Rp 1,500'

2023-10-05 14:50:49 - [MESSAGE][PASSED] - Text of object 'Object Repository/verifikasi/Fee Admin checkout' is: 'Fee Admin
Rp 1,500'

2023-10-05 14:50:49 - [TEST_STEP][PASSED] - Fee_Admin = FeeAdmin.substring(12, FeeAdmin.size()): null

2023-10-05 14:50:49 - [TEST_STEP][PASSED] - fee = Fee_Admin.replace(",", "."): null

2023-10-05 14:50:49 - [TEST_STEP][PASSED] - fee_admin = Double.parseDouble(fee): null

2023-10-05 14:50:49 - [TEST_STEP][PASSED] - println(fee_admin): null

2023-10-05 14:50:49 - [TEST_STEP][PASSED] - Subtotal = getText(findTestObject("verifikasi/subtotal checkout")): Text of object 'Object Repository/verifikasi/subtotal checkout' is: 'Subtotal
Rp 1,299'

2023-10-05 14:50:50 - [MESSAGE][PASSED] - Text of object 'Object Repository/verifikasi/subtotal checkout' is: 'Subtotal
Rp 1,299'

2023-10-05 14:50:50 - [TEST_STEP][PASSED] - sub_total = Subtotal.substring(12, Subtotal.size()): null

2023-10-05 14:50:50 - [TEST_STEP][PASSED] - sub = sub_total.replace(",", "."): null

2023-10-05 14:50:50 - [TEST_STEP][PASSED] - sub_total = Double.parseDouble(sub): null

2023-10-05 14:50:50 - [TEST_STEP][PASSED] - println(sub_total): null

2023-10-05 14:50:50 - [TEST_STEP][PASSED] - Total = getText(findTestObject("verifikasi/Total checkout")): Text of object 'Object Repository/verifikasi/Total checkout' is: 'Rp 7,799'

2023-10-05 14:50:50 - [MESSAGE][PASSED] - Text of object 'Object Repository/verifikasi/Total checkout' is: 'Rp 7,799'

2023-10-05 14:50:50 - [TEST_STEP][PASSED] - totall = Total.substring(3, Total.size()): null

2023-10-05 14:50:50 - [TEST_STEP][PASSED] - total = totall.replace(",", "."): null

2023-10-05 14:50:50 - [TEST_STEP][PASSED] - totall = Double.parseDouble(total): null

2023-10-05 14:50:50 - [TEST_STEP][PASSED] - println(totall): null

2023-10-05 14:50:50 - [TEST_STEP][PASSED] - Total_Harga = Ongkos_kirim + fee_admin + sub_total: null

2023-10-05 14:50:50 - [TEST_STEP][PASSED] - println(Total_Harga): null

2023-10-05 14:50:50 - [TEST_STEP][PASSED] - TotalHarga = Math.round(Total_Harga * 1000) / 1000: null

2023-10-05 14:50:50 - [TEST_STEP][PASSED] - println(TotalHarga): null

2023-10-05 14:50:50 - [TEST_STEP][PASSED] - assert totall == TotalHarga: null

2023-10-05 14:50:50 - [TEST_STEP][PASSED] - click(findTestObject("verifikasi/Metode Transfer")): Object: 'Object Repository/verifikasi/Metode Transfer' is clicked on

2023-10-05 14:50:51 - [MESSAGE][PASSED] - Object: 'Object Repository/verifikasi/Metode Transfer' is clicked on

2023-10-05 14:50:51 - [TEST_STEP][PASSED] - click(findTestObject("checkout/button_Proses Pembayaran")): Object: 'Object Repository/checkout/button_Proses Pembayaran' is clicked on

2023-10-05 14:51:00 - [MESSAGE][PASSED] - Object: 'Object Repository/checkout/button_Proses Pembayaran' is clicked on

2023-10-05 14:51:00 - [TEST_STEP][PASSED] - verifyElementPresent(findTestObject("pembayaran/Tittle nomor invoice"), 0): Object 'Object Repository/pembayaran/Tittle nomor invoice' is present

2023-10-05 14:51:00 - [MESSAGE][WARNING] - Timeout '0' is invalid. Using default page load timeout: '30'

2023-10-05 14:51:00 - [MESSAGE][PASSED] - Object 'Object Repository/pembayaran/Tittle nomor invoice' is present

2023-10-05 14:51:00 - [TEST_STEP][PASSED] - return data: null

2023-10-05 14:51:00 - [MESSAGE][PASSED] - Call Test Case 'Test Cases/T13 Pembelian, Shipment dan Pembayaran/PBL-004' successfully

2023-10-05 14:51:00 - [TEST_STEP][PASSED] - Invoice = getText(findTestObject("pembayaran/nomor invoice")): Text of object 'Object Repository/pembayaran/nomor invoice' is: 'TRX60.20231005145055'

2023-10-05 14:51:01 - [MESSAGE][PASSED] - Text of object 'Object Repository/pembayaran/nomor invoice' is: 'TRX60.20231005145055'

2023-10-05 14:51:01 - [TEST_STEP][PASSED] - data.put("invoice", Invoice): null

2023-10-05 14:51:01 - [TEST_STEP][PASSED] - NamaPemesan = getText(findTestObject("Konfirmasi pesanan shop/Nama pemesan")): Text of object 'Object Repository/Konfirmasi pesanan shop/Nama pemesan' is: 'irfan.afandi'

2023-10-05 14:51:01 - [MESSAGE][PASSED] - Text of object 'Object Repository/Konfirmasi pesanan shop/Nama pemesan' is: 'irfan.afandi'

2023-10-05 14:51:01 - [TEST_STEP][PASSED] - Nama = getText(findTestObject("pembayaran/Nama barang")): Text of object 'Object Repository/pembayaran/Nama barang' is: 'Segitiga Instan Madeira - MDB5.3 Sunset'

2023-10-05 14:51:02 - [MESSAGE][PASSED] - Text of object 'Object Repository/pembayaran/Nama barang' is: 'Segitiga Instan Madeira - MDB5.3 Sunset'

2023-10-05 14:51:02 - [TEST_STEP][PASSED] - Harga = getText(findTestObject("pembayaran/Harga barang")): Text of object 'Object Repository/pembayaran/Harga barang' is: '1,299'

2023-10-05 14:51:03 - [MESSAGE][PASSED] - Text of object 'Object Repository/pembayaran/Harga barang' is: '1,299'

2023-10-05 14:51:03 - [TEST_STEP][PASSED] - name_product = data.get("nama_barang"): null

2023-10-05 14:51:03 - [TEST_STEP][PASSED] - price_product = data.get("price_barang"): null

2023-10-05 14:51:03 - [TEST_STEP][PASSED] - assert name_product.contains(Nama): null

2023-10-05 14:51:03 - [TEST_STEP][PASSED] - assert price_product.contains(Harga): null

2023-10-05 14:51:03 - [TEST_STEP][PASSED] - warnaa = getText(findTestObject("pembayaran/warna")): Text of object 'Object Repository/pembayaran/warna' is: 'Merah'

2023-10-05 14:51:03 - [MESSAGE][PASSED] - Text of object 'Object Repository/pembayaran/warna' is: 'Merah'

2023-10-05 14:51:03 - [TEST_STEP][PASSED] - ukurann = getText(findTestObject("pembayaran/ukuran")): Text of object 'Object Repository/pembayaran/ukuran' is: 'Menengah'

2023-10-05 14:51:03 - [MESSAGE][PASSED] - Text of object 'Object Repository/pembayaran/ukuran' is: 'Menengah'

2023-10-05 14:51:03 - [TEST_STEP][PASSED] - warna1 = data.get("Warna"): null

2023-10-05 14:51:03 - [TEST_STEP][PASSED] - ukuran1 = data.get("Ukuran"): null

2023-10-05 14:51:03 - [TEST_STEP][PASSED] - assert warnaa == warna1: null

2023-10-05 14:51:03 - [TEST_STEP][PASSED] - assert ukurann == ukuran1: null

2023-10-05 14:51:03 - [TEST_STEP][PASSED] - statusPembelian = getText(findTestObject("verifikasi/Status pending di pembelian")): Text of object 'Object Repository/verifikasi/Status pending di pembelian' is: 'Pending'

2023-10-05 14:51:04 - [MESSAGE][PASSED] - Text of object 'Object Repository/verifikasi/Status pending di pembelian' is: 'Pending'

2023-10-05 14:51:04 - [TEST_STEP][PASSED] - data.put("statusPem", statusPembelian): null

2023-10-05 14:51:04 - [TEST_STEP][PASSED] - OngkosKirim = getText(findTestObject("pembayaran/ongkos kirim")): Text of object 'Object Repository/pembayaran/ongkos kirim' is: 'Rp 5,000'

2023-10-05 14:51:04 - [MESSAGE][PASSED] - Text of object 'Object Repository/pembayaran/ongkos kirim' is: 'Rp 5,000'

2023-10-05 14:51:04 - [TEST_STEP][PASSED] - Ongkos = OngkosKirim.substring(3, OngkosKirim.size()): null

2023-10-05 14:51:04 - [TEST_STEP][PASSED] - rep = Ongkos.replace(",", ""): null

2023-10-05 14:51:04 - [TEST_STEP][PASSED] - Ongkos_kirimm = Integer.parseInt(rep): null

2023-10-05 14:51:04 - [TEST_STEP][PASSED] - println(Ongkos_kirimm): null

2023-10-05 14:51:04 - [TEST_STEP][PASSED] - FeeAdmin = getText(findTestObject("pembayaran/fee admin")): Text of object 'Object Repository/pembayaran/fee admin' is: 'Rp 1,500'

2023-10-05 14:51:05 - [MESSAGE][PASSED] - Text of object 'Object Repository/pembayaran/fee admin' is: 'Rp 1,500'

2023-10-05 14:51:05 - [TEST_STEP][PASSED] - Fee_Admin = FeeAdmin.substring(3, FeeAdmin.size()): null

2023-10-05 14:51:05 - [TEST_STEP][PASSED] - fee = Fee_Admin.replace(",", ""): null

2023-10-05 14:51:05 - [TEST_STEP][PASSED] - fee_adminn = Integer.parseInt(fee): null

2023-10-05 14:51:05 - [TEST_STEP][PASSED] - println(fee_adminn): null

2023-10-05 14:51:05 - [TEST_STEP][PASSED] - Subtotal = getText(findTestObject("pembayaran/subtotal")): Text of object 'Object Repository/pembayaran/subtotal' is: 'Rp 1,299'

2023-10-05 14:51:06 - [MESSAGE][PASSED] - Text of object 'Object Repository/pembayaran/subtotal' is: 'Rp 1,299'

2023-10-05 14:51:06 - [TEST_STEP][PASSED] - sub_total = Subtotal.substring(3, Subtotal.size()): null

2023-10-05 14:51:06 - [TEST_STEP][PASSED] - sub = sub_total.replace(",", ""): null

2023-10-05 14:51:06 - [TEST_STEP][PASSED] - sub_totall = Integer.parseInt(sub): null

2023-10-05 14:51:06 - [TEST_STEP][PASSED] - println(sub_totall): null

2023-10-05 14:51:06 - [TEST_STEP][PASSED] - unik = getText(findTestObject("pembayaran/kode unik")): Text of object 'Object Repository/pembayaran/kode unik' is: '+055'

2023-10-05 14:51:06 - [MESSAGE][PASSED] - Text of object 'Object Repository/pembayaran/kode unik' is: '+055'

2023-10-05 14:51:06 - [TEST_STEP][PASSED] - unikk = unik.replace("+", ""): null

2023-10-05 14:51:06 - [TEST_STEP][PASSED] - kode_unik = Integer.parseInt(unikk): null

2023-10-05 14:51:06 - [TEST_STEP][PASSED] - println(kode_unik): null

2023-10-05 14:51:06 - [TEST_STEP][PASSED] - Total = getText(findTestObject("pembayaran/total")): Text of object 'Object Repository/pembayaran/total' is: '7,854'

2023-10-05 14:51:06 - [MESSAGE][PASSED] - Text of object 'Object Repository/pembayaran/total' is: '7,854'

2023-10-05 14:51:06 - [TEST_STEP][PASSED] - total = Total.replace(",", ""): null

2023-10-05 14:51:06 - [TEST_STEP][PASSED] - totalll = Integer.parseInt(total): null

2023-10-05 14:51:06 - [TEST_STEP][PASSED] - println(totalll): null

2023-10-05 14:51:06 - [TEST_STEP][PASSED] - Total_Hargaa = Ongkos_kirimm + fee_adminn + sub_totall + kode_unik: null

2023-10-05 14:51:06 - [TEST_STEP][PASSED] - println(Total_Hargaa): null

2023-10-05 14:51:06 - [TEST_STEP][PASSED] - assert totalll == Total_Hargaa: null

2023-10-05 14:51:06 - [TEST_STEP][PASSED] - data.put("total", Total): null

2023-10-05 14:51:06 - [TEST_STEP][PASSED] - data.put("nama", NamaPemesan): null

2023-10-05 14:51:06 - [TEST_STEP][PASSED] - return data: null

2023-10-05 14:51:06 - [MESSAGE][PASSED] - Call Test Case 'Test Cases/T13 Pembelian, Shipment dan Pembayaran/PBY-001' successfully

2023-10-05 14:51:06 - [TEST_STEP][PASSED] - inv = data.get("invoice"): null

2023-10-05 14:51:06 - [TEST_STEP][PASSED] - Total = data.get("total"): null

2023-10-05 14:51:06 - [TEST_STEP][PASSED] - NamaPemesan = data.get("nama"): null

2023-10-05 14:51:06 - [TEST_STEP][PASSED] - click(findTestObject("Konfirmasi pesanan shop/Menu Shop")): Object: 'Object Repository/Konfirmasi pesanan shop/Menu Shop' is clicked on

2023-10-05 14:51:09 - [MESSAGE][PASSED] - Object: 'Object Repository/Konfirmasi pesanan shop/Menu Shop' is clicked on

2023-10-05 14:51:09 - [TEST_STEP][PASSED] - click(findTestObject("Konfirmasi pesanan shop/Menu Shop")): Object: 'Object Repository/Konfirmasi pesanan shop/Menu Shop' is clicked on

2023-10-05 14:51:10 - [MESSAGE][PASSED] - Object: 'Object Repository/Konfirmasi pesanan shop/Menu Shop' is clicked on

2023-10-05 14:51:10 - [TEST_STEP][PASSED] - click(findTestObject("Konfirmasi pesanan shop/Konfirmasi Orders")): Object: 'Object Repository/Konfirmasi pesanan shop/Konfirmasi Orders' is clicked on

2023-10-05 14:51:11 - [MESSAGE][PASSED] - Object: 'Object Repository/Konfirmasi pesanan shop/Konfirmasi Orders' is clicked on

2023-10-05 14:51:11 - [TEST_STEP][PASSED] - verifyElementPresent(findTestObject("Konfirmasi pesanan shop/Tittle Konfirmasi Pesanan"), 0): Object 'Object Repository/Konfirmasi pesanan shop/Tittle Konfirmasi Pesanan' is present

2023-10-05 14:51:11 - [MESSAGE][WARNING] - Timeout '0' is invalid. Using default page load timeout: '30'

2023-10-05 14:51:12 - [MESSAGE][PASSED] - Object 'Object Repository/Konfirmasi pesanan shop/Tittle Konfirmasi Pesanan' is present

2023-10-05 14:51:12 - [TEST_STEP][PASSED] - setText(findTestObject("Konfirmasi pesanan shop/input_No Pesanan"), inv): Text 'TRX60.20231005145055' is set on object 'Object Repository/Konfirmasi pesanan shop/input_No Pesanan'

2023-10-05 14:51:13 - [MESSAGE][PASSED] - Text 'TRX60.20231005145055' is set on object 'Object Repository/Konfirmasi pesanan shop/input_No Pesanan'

2023-10-05 14:51:13 - [TEST_STEP][PASSED] - setText(findTestObject("Konfirmasi pesanan shop/input_Alamat E-mai"), "irfan@gmail.com"): Text 'irfan@gmail.com' is set on object 'Object Repository/Konfirmasi pesanan shop/input_Alamat E-mai'

2023-10-05 14:51:13 - [MESSAGE][PASSED] - Text 'irfan@gmail.com' is set on object 'Object Repository/Konfirmasi pesanan shop/input_Alamat E-mai'

2023-10-05 14:51:13 - [TEST_STEP][PASSED] - click(findTestObject("Konfirmasi pesanan shop/button_Submit")): Object: 'Object Repository/Konfirmasi pesanan shop/button_Submit' is clicked on

2023-10-05 14:51:14 - [MESSAGE][PASSED] - Object: 'Object Repository/Konfirmasi pesanan shop/button_Submit' is clicked on

2023-10-05 14:51:14 - [TEST_STEP][PASSED] - verifyElementPresent(findTestObject("Konfirmasi pesanan shop/Tittle nomor invoice"), 0): Object 'Object Repository/Konfirmasi pesanan shop/Tittle nomor invoice' is present

2023-10-05 14:51:14 - [MESSAGE][WARNING] - Timeout '0' is invalid. Using default page load timeout: '30'

2023-10-05 14:51:15 - [MESSAGE][PASSED] - Object 'Object Repository/Konfirmasi pesanan shop/Tittle nomor invoice' is present

2023-10-05 14:51:15 - [TEST_STEP][PASSED] - setText(findTestObject("Konfirmasi pesanan shop/input_Total TagihanTransfer_b"), Total): Text '7,854' is set on object 'Object Repository/Konfirmasi pesanan shop/input_Total TagihanTransfer_b'

2023-10-05 14:51:16 - [MESSAGE][PASSED] - Text '7,854' is set on object 'Object Repository/Konfirmasi pesanan shop/input_Total TagihanTransfer_b'

2023-10-05 14:51:16 - [TEST_STEP][PASSED] - selectOptionByValue(findTestObject("Konfirmasi pesanan shop/select_Bank"), "4", false): All options with value '4' are selected in object 'Object Repository/Konfirmasi pesanan shop/select_Bank' 

2023-10-05 14:51:17 - [MESSAGE][PASSED] - All options with value '4' are selected in object 'Object Repository/Konfirmasi pesanan shop/select_Bank' 

2023-10-05 14:51:17 - [TEST_STEP][PASSED] - setText(findTestObject("Konfirmasi pesanan shop/input_Nama Pengirim_d"), NamaPemesan): Text 'irfan.afandi' is set on object 'Object Repository/Konfirmasi pesanan shop/input_Nama Pengirim_d'

2023-10-05 14:51:18 - [MESSAGE][PASSED] - Text 'irfan.afandi' is set on object 'Object Repository/Konfirmasi pesanan shop/input_Nama Pengirim_d'

2023-10-05 14:51:18 - [TEST_STEP][PASSED] - uploadFile(findTestObject("keranjang/konfirmasi/input_Upload Bukti Transfer_f"), "C:\Users\IRFAN\Downloads\Berkas2.pdf"): File 'C:\Users\IRFAN\Downloads\Berkas2.pdf' sent to object: 'Object Repository/keranjang/konfirmasi/input_Upload Bukti Transfer_f'

2023-10-05 14:51:18 - [MESSAGE][PASSED] - File 'C:\Users\IRFAN\Downloads\Berkas2.pdf' sent to object: 'Object Repository/keranjang/konfirmasi/input_Upload Bukti Transfer_f'

2023-10-05 14:51:18 - [TEST_STEP][PASSED] - click(findTestObject("Konfirmasi pesanan shop/button_Konfirmasi Pembayaran")): Object: 'Object Repository/Konfirmasi pesanan shop/button_Konfirmasi Pembayaran' is clicked on

2023-10-05 14:51:19 - [MESSAGE][PASSED] - Object: 'Object Repository/Konfirmasi pesanan shop/button_Konfirmasi Pembayaran' is clicked on

2023-10-05 14:51:19 - [TEST_STEP][PASSED] - verifyElementPresent(findTestObject("Konfirmasi pesanan shop/Tittle Konfirmasi Pesanan"), 0): Object 'Object Repository/Konfirmasi pesanan shop/Tittle Konfirmasi Pesanan' is present

2023-10-05 14:51:19 - [MESSAGE][WARNING] - Timeout '0' is invalid. Using default page load timeout: '30'

2023-10-05 14:51:20 - [MESSAGE][PASSED] - Object 'Object Repository/Konfirmasi pesanan shop/Tittle Konfirmasi Pesanan' is present

2023-10-05 14:51:20 - [TEST_STEP][PASSED] - verifyElementPresent(findTestObject("Konfirmasi pesanan shop/Tittle massage succes Konfirmasi Pembayaran Pesanan"), 0): Object 'Object Repository/Konfirmasi pesanan shop/Tittle massage succes Konfirmasi Pembayaran Pesanan' is present

2023-10-05 14:51:20 - [MESSAGE][WARNING] - Timeout '0' is invalid. Using default page load timeout: '30'

2023-10-05 14:51:20 - [MESSAGE][PASSED] - Object 'Object Repository/Konfirmasi pesanan shop/Tittle massage succes Konfirmasi Pembayaran Pesanan' is present

2023-10-05 14:51:20 - [TEST_STEP][PASSED] - return data: null]]></system-out>
         <system-err><![CDATA[]]></system-err>
      </testcase>
      <testcase name="Test Cases/T13 Pembelian, Shipment dan Pembayaran/PBY-005" time="60.104" classname="Test Cases/T13 Pembelian, Shipment dan Pembayaran/PBY-005" status="PASSED">
         <system-out><![CDATA[2023-10-05 14:51:20 - [TEST_CASE][PASSED] - Test Cases/T13 Pembelian, Shipment dan Pembayaran/PBY-005: Test Cases/T13 Pembelian, Shipment dan Pembayaran/PBY-005

2023-10-05 14:51:21 - [TEST_STEP][PASSED] - data = callTestCase(findTestCase("T13 Pembelian, Shipment dan Pembayaran/PBY-001"), [:], STOP_ON_FAILURE): Call Test Case 'Test Cases/T13 Pembelian, Shipment dan Pembayaran/PBY-001' successfully

2023-10-05 14:51:21 - [TEST_CASE][PASSED] - Test Cases/T13 Pembelian, Shipment dan Pembayaran/PBY-001: Test Cases/T13 Pembelian, Shipment dan Pembayaran/PBY-001

2023-10-05 14:51:21 - [TEST_STEP][PASSED] - data = callTestCase(findTestCase("T13 Pembelian, Shipment dan Pembayaran/PBL-004"), ["Kurir":"Roda 2"], STOP_ON_FAILURE): Call Test Case 'Test Cases/T13 Pembelian, Shipment dan Pembayaran/PBL-004' successfully

2023-10-05 14:51:21 - [TEST_CASE][PASSED] - Test Cases/T13 Pembelian, Shipment dan Pembayaran/PBL-004: Test Cases/T13 Pembelian, Shipment dan Pembayaran/PBL-004

2023-10-05 14:51:21 - [TEST_STEP][PASSED] - data = callTestCase(findTestCase("T13 Pembelian, Shipment dan Pembayaran/PBL-002"), [:], STOP_ON_FAILURE): Call Test Case 'Test Cases/T13 Pembelian, Shipment dan Pembayaran/PBL-002' successfully

2023-10-05 14:51:21 - [TEST_CASE][PASSED] - Test Cases/T13 Pembelian, Shipment dan Pembayaran/PBL-002: Test Cases/T13 Pembelian, Shipment dan Pembayaran/PBL-002

2023-10-05 14:51:21 - [TEST_STEP][PASSED] - data = callTestCase(findTestCase("T13 Pembelian, Shipment dan Pembayaran/PBL-001"), [:], STOP_ON_FAILURE): Call Test Case 'Test Cases/T13 Pembelian, Shipment dan Pembayaran/PBL-001' successfully

2023-10-05 14:51:21 - [TEST_CASE][PASSED] - Test Cases/T13 Pembelian, Shipment dan Pembayaran/PBL-001: Test Cases/T13 Pembelian, Shipment dan Pembayaran/PBL-001

2023-10-05 14:51:21 - [TEST_STEP][PASSED] - callTestCase(findTestCase("T13 Pembelian, Shipment dan Pembayaran/LU-001"), ["username":"irfanafandi", "password":"12345irfan"], STOP_ON_FAILURE): Call Test Case 'Test Cases/T13 Pembelian, Shipment dan Pembayaran/LU-001' successfully

2023-10-05 14:51:21 - [TEST_CASE][PASSED] - Test Cases/T13 Pembelian, Shipment dan Pembayaran/LU-001: Test Cases/T13 Pembelian, Shipment dan Pembayaran/LU-001

2023-10-05 14:51:21 - [TEST_STEP][PASSED] - openBrowser("https://10.9.2.63/ecommerce/"): Browser is opened with url: 'https://10.9.2.63/ecommerce/'

2023-10-05 14:51:21 - [MESSAGE][WARNING] - A browser is already opened. Closing browser and opening a new one

2023-10-05 14:51:22 - [MESSAGE][INFO] - Starting 'Edge Chromium' driver

2023-10-05 14:51:22 - [MESSAGE][INFO] - User set preference: ['acceptInsecureCerts', 'true']

2023-10-05 14:51:24 - [MESSAGE][INFO] - Action delay is set to 0 milliseconds

2023-10-05 14:51:28 - [MESSAGE][PASSED] - Browser is opened with url: 'https://10.9.2.63/ecommerce/'

2023-10-05 14:51:28 - [TEST_STEP][PASSED] - maximizeWindow(): Current window maximized

2023-10-05 14:51:28 - [MESSAGE][PASSED] - Current window maximized

2023-10-05 14:51:28 - [TEST_STEP][PASSED] - verifyElementPresent(findTestObject("Login/Home"), 0): Object 'Object Repository/Login/Home' is present

2023-10-05 14:51:28 - [MESSAGE][WARNING] - Timeout '0' is invalid. Using default page load timeout: '30'

2023-10-05 14:51:28 - [MESSAGE][PASSED] - Object 'Object Repository/Login/Home' is present

2023-10-05 14:51:28 - [TEST_STEP][PASSED] - click(findTestObject("Login/a_Login")): Object: 'Object Repository/Login/a_Login' is clicked on

2023-10-05 14:51:29 - [MESSAGE][PASSED] - Object: 'Object Repository/Login/a_Login' is clicked on

2023-10-05 14:51:29 - [TEST_STEP][PASSED] - verifyElementPresent(findTestObject("Login/Tittle Login"), 0): Object 'Object Repository/Login/Tittle Login' is present

2023-10-05 14:51:29 - [MESSAGE][WARNING] - Timeout '0' is invalid. Using default page load timeout: '30'

2023-10-05 14:51:30 - [MESSAGE][PASSED] - Object 'Object Repository/Login/Tittle Login' is present

2023-10-05 14:51:30 - [TEST_STEP][PASSED] - setText(findTestObject("Login/input_Username, Email atau No. Handphone_a"), username): Text 'irfanafandi' is set on object 'Object Repository/Login/input_Username, Email atau No. Handphone_a'

2023-10-05 14:51:30 - [MESSAGE][PASSED] - Text 'irfanafandi' is set on object 'Object Repository/Login/input_Username, Email atau No. Handphone_a'

2023-10-05 14:51:30 - [TEST_STEP][PASSED] - setText(findTestObject("Login/input_Password_b"), password): Text '12345irfan' is set on object 'Object Repository/Login/input_Password_b'

2023-10-05 14:51:31 - [MESSAGE][PASSED] - Text '12345irfan' is set on object 'Object Repository/Login/input_Password_b'

2023-10-05 14:51:31 - [TEST_STEP][PASSED] - click(findTestObject("Login/label_Ingat saya")): Object: 'Object Repository/Login/label_Ingat saya' is clicked on

2023-10-05 14:51:32 - [MESSAGE][PASSED] - Object: 'Object Repository/Login/label_Ingat saya' is clicked on

2023-10-05 14:51:32 - [TEST_STEP][PASSED] - click(findTestObject("Login/button_Masuk")): Object: 'Object Repository/Login/button_Masuk' is clicked on

2023-10-05 14:51:33 - [MESSAGE][PASSED] - Object: 'Object Repository/Login/button_Masuk' is clicked on

2023-10-05 14:51:33 - [TEST_STEP][PASSED] - verifyElementPresent(findTestObject("Login/li_Profile"), 0): Object 'Object Repository/Login/li_Profile' is present

2023-10-05 14:51:33 - [MESSAGE][WARNING] - Timeout '0' is invalid. Using default page load timeout: '30'

2023-10-05 14:51:34 - [MESSAGE][PASSED] - Object 'Object Repository/Login/li_Profile' is present

2023-10-05 14:51:34 - [MESSAGE][PASSED] - Call Test Case 'Test Cases/T13 Pembelian, Shipment dan Pembayaran/LU-001' successfully

2023-10-05 14:51:34 - [TEST_STEP][PASSED] - mouseOver(findTestObject("beli barang/i_Mulai Belanja_icon-menu")): Object: 'Object Repository/beli barang/i_Mulai Belanja_icon-menu' is hovered

2023-10-05 14:51:34 - [MESSAGE][PASSED] - Object: 'Object Repository/beli barang/i_Mulai Belanja_icon-menu' is hovered

2023-10-05 14:51:34 - [TEST_STEP][PASSED] - click(findTestObject("beli barang/a_Fashion  Busana Wanita")): Object: 'Object Repository/beli barang/a_Fashion  Busana Wanita' is clicked on

2023-10-05 14:51:36 - [MESSAGE][PASSED] - Object: 'Object Repository/beli barang/a_Fashion  Busana Wanita' is clicked on

2023-10-05 14:51:36 - [TEST_STEP][PASSED] - NamaSebelum = getText(findTestObject("verifikasi/Nama sebelum")): Text of object 'Object Repository/verifikasi/Nama sebelum' is: ''

2023-10-05 14:51:36 - [MESSAGE][PASSED] - Text of object 'Object Repository/verifikasi/Nama sebelum' is: ''

2023-10-05 14:51:36 - [TEST_STEP][PASSED] - HargaSebelum = getText(findTestObject("verifikasi/Harga sebelum")): Text of object 'Object Repository/verifikasi/Harga sebelum' is: 'Rp 1,299'

2023-10-05 14:51:37 - [MESSAGE][PASSED] - Text of object 'Object Repository/verifikasi/Harga sebelum' is: 'Rp 1,299'

2023-10-05 14:51:37 - [TEST_STEP][PASSED] - mouseOver(findTestObject("beli barang/barang mouse over")): Object: 'Object Repository/beli barang/barang mouse over' is hovered

2023-10-05 14:51:37 - [MESSAGE][PASSED] - Object: 'Object Repository/beli barang/barang mouse over' is hovered

2023-10-05 14:51:37 - [TEST_STEP][PASSED] - click(findTestObject("beli barang/buttom add to cart")): Object: 'Object Repository/beli barang/buttom add to cart' is clicked on

2023-10-05 14:51:40 - [MESSAGE][PASSED] - Object: 'Object Repository/beli barang/buttom add to cart' is clicked on

2023-10-05 14:51:40 - [TEST_STEP][PASSED] - NamaSesudah = getText(findTestObject("verifikasi/Nama sesudah")): Text of object 'Object Repository/verifikasi/Nama sesudah' is: 'Segitiga Instan Madeira - MDB5.3 Sunset'

2023-10-05 14:51:40 - [MESSAGE][PASSED] - Text of object 'Object Repository/verifikasi/Nama sesudah' is: 'Segitiga Instan Madeira - MDB5.3 Sunset'

2023-10-05 14:51:40 - [TEST_STEP][PASSED] - HargaSesudah = getText(findTestObject("verifikasi/Harga sesudah")): Text of object 'Object Repository/verifikasi/Harga sesudah' is: 'Rp 1,299'

2023-10-05 14:51:40 - [MESSAGE][PASSED] - Text of object 'Object Repository/verifikasi/Harga sesudah' is: 'Rp 1,299'

2023-10-05 14:51:40 - [TEST_STEP][PASSED] - assert NamaSesudah.contains(NamaSebelum): null

2023-10-05 14:51:40 - [TEST_STEP][PASSED] - assert HargaSesudah.contains(HargaSebelum): null

2023-10-05 14:51:40 - [TEST_STEP][PASSED] - click(findTestObject("beli barang/Tambah Keranjang busana wanita")): Object: 'Object Repository/beli barang/Tambah Keranjang busana wanita' is clicked on

2023-10-05 14:51:41 - [MESSAGE][PASSED] - Object: 'Object Repository/beli barang/Tambah Keranjang busana wanita' is clicked on

2023-10-05 14:51:41 - [TEST_STEP][PASSED] - verifyElementPresent(findTestObject("checkout/Notifikasi keranjang"), 1): Object 'Object Repository/checkout/Notifikasi keranjang' is present

2023-10-05 14:51:42 - [MESSAGE][PASSED] - Object 'Object Repository/checkout/Notifikasi keranjang' is present

2023-10-05 14:51:42 - [TEST_STEP][PASSED] - data = new java.util.HashMap(): null

2023-10-05 14:51:42 - [TEST_STEP][PASSED] - data.put("nama_barang", NamaSesudah): null

2023-10-05 14:51:42 - [TEST_STEP][PASSED] - data.put("price_barang", HargaSesudah): null

2023-10-05 14:51:42 - [TEST_STEP][PASSED] - return data: null

2023-10-05 14:51:42 - [MESSAGE][PASSED] - Call Test Case 'Test Cases/T13 Pembelian, Shipment dan Pembayaran/PBL-001' successfully

2023-10-05 14:51:42 - [TEST_STEP][PASSED] - mouseOver(findTestObject("beli barang/keranjang")): Object: 'Object Repository/beli barang/keranjang' is hovered

2023-10-05 14:51:42 - [MESSAGE][PASSED] - Object: 'Object Repository/beli barang/keranjang' is hovered

2023-10-05 14:51:42 - [TEST_STEP][PASSED] - click(findTestObject("beli barang/Lihat Sekarang")): Object: 'Object Repository/beli barang/Lihat Sekarang' is clicked on

2023-10-05 14:51:43 - [MESSAGE][PASSED] - Object: 'Object Repository/beli barang/Lihat Sekarang' is clicked on

2023-10-05 14:51:43 - [TEST_STEP][PASSED] - verifyElementPresent(findTestObject("keranjang/li_Keranjang Belanja"), 0): Object 'Object Repository/keranjang/li_Keranjang Belanja' is present

2023-10-05 14:51:43 - [MESSAGE][WARNING] - Timeout '0' is invalid. Using default page load timeout: '30'

2023-10-05 14:51:45 - [MESSAGE][PASSED] - Object 'Object Repository/keranjang/li_Keranjang Belanja' is present

2023-10-05 14:51:45 - [TEST_STEP][PASSED] - NamaKeranjang = getText(findTestObject("verifikasi/Nama keranjang")): Text of object 'Object Repository/verifikasi/Nama keranjang' is: 'Segitiga Instan Madeira - MDB5.3 Sunset'

2023-10-05 14:51:45 - [MESSAGE][PASSED] - Text of object 'Object Repository/verifikasi/Nama keranjang' is: 'Segitiga Instan Madeira - MDB5.3 Sunset'

2023-10-05 14:51:45 - [TEST_STEP][PASSED] - HargaKeranjang = getText(findTestObject("verifikasi/Harga Keranjang")): Text of object 'Object Repository/verifikasi/Harga Keranjang' is: 'Rp 1,299'

2023-10-05 14:51:45 - [MESSAGE][PASSED] - Text of object 'Object Repository/verifikasi/Harga Keranjang' is: 'Rp 1,299'

2023-10-05 14:51:45 - [TEST_STEP][PASSED] - if (toString().equalsIgnoreCase("Merah")): Object 'Object Repository/keranjang/input_Warna_variasi101' is checked

2023-10-05 14:51:45 - [TEST_STEP][PASSED] - check(findTestObject("Object Repository/keranjang/input_Warna_variasi101")): Object 'Object Repository/keranjang/input_Warna_variasi101' is checked

2023-10-05 14:51:46 - [MESSAGE][PASSED] - Object 'Object Repository/keranjang/input_Warna_variasi101' is checked

2023-10-05 14:51:46 - [TEST_STEP][PASSED] - if (toString().equalsIgnoreCase("Menengah")): Object 'Object Repository/keranjang/input_Ukuran_variasi201' is checked

2023-10-05 14:51:46 - [TEST_STEP][PASSED] - check(findTestObject("Object Repository/keranjang/input_Ukuran_variasi201")): Object 'Object Repository/keranjang/input_Ukuran_variasi201' is checked

2023-10-05 14:51:46 - [MESSAGE][PASSED] - Object 'Object Repository/keranjang/input_Ukuran_variasi201' is checked

2023-10-05 14:51:46 - [TEST_STEP][PASSED] - data.put("Warna", warna): null

2023-10-05 14:51:46 - [TEST_STEP][PASSED] - data.put("Ukuran", ukuran): null

2023-10-05 14:51:46 - [TEST_STEP][PASSED] - click(findTestObject("keranjang/button_Lanjut ke Pembayaran")): Object: 'Object Repository/keranjang/button_Lanjut ke Pembayaran' is clicked on

2023-10-05 14:51:48 - [MESSAGE][PASSED] - Object: 'Object Repository/keranjang/button_Lanjut ke Pembayaran' is clicked on

2023-10-05 14:51:48 - [TEST_STEP][PASSED] - verifyElementPresent(findTestObject("checkout/Tittle Checkout Order"), 0): Object 'Object Repository/checkout/Tittle Checkout Order' is present

2023-10-05 14:51:48 - [MESSAGE][WARNING] - Timeout '0' is invalid. Using default page load timeout: '30'

2023-10-05 14:51:48 - [MESSAGE][PASSED] - Object 'Object Repository/checkout/Tittle Checkout Order' is present

2023-10-05 14:51:48 - [TEST_STEP][PASSED] - name_product = data.get("nama_barang"): null

2023-10-05 14:51:48 - [TEST_STEP][PASSED] - price_product = data.get("price_barang"): null

2023-10-05 14:51:48 - [TEST_STEP][PASSED] - assert name_product == NamaKeranjang: null

2023-10-05 14:51:48 - [TEST_STEP][PASSED] - assert price_product == HargaKeranjang: null

2023-10-05 14:51:48 - [TEST_STEP][PASSED] - return data: null

2023-10-05 14:51:48 - [MESSAGE][PASSED] - Call Test Case 'Test Cases/T13 Pembelian, Shipment dan Pembayaran/PBL-002' successfully

2023-10-05 14:51:48 - [TEST_STEP][PASSED] - warnaa = getText(findTestObject("verifikasi/warna Merah")): Text of object 'Object Repository/verifikasi/warna Merah' is: 'Merah'

2023-10-05 14:51:49 - [MESSAGE][PASSED] - Text of object 'Object Repository/verifikasi/warna Merah' is: 'Merah'

2023-10-05 14:51:49 - [TEST_STEP][PASSED] - ukurann = getText(findTestObject("verifikasi/Ukuran Menengah")): Text of object 'Object Repository/verifikasi/Ukuran Menengah' is: 'Menengah'

2023-10-05 14:51:49 - [MESSAGE][PASSED] - Text of object 'Object Repository/verifikasi/Ukuran Menengah' is: 'Menengah'

2023-10-05 14:51:49 - [TEST_STEP][PASSED] - warna1 = data.get("Warna"): null

2023-10-05 14:51:49 - [TEST_STEP][PASSED] - ukuran1 = data.get("Ukuran"): null

2023-10-05 14:51:49 - [TEST_STEP][PASSED] - assert warnaa == warna1: null

2023-10-05 14:51:49 - [TEST_STEP][PASSED] - assert ukurann == ukuran1: null

2023-10-05 14:51:49 - [TEST_STEP][PASSED] - NamaCheckout = getText(findTestObject("verifikasi/NamaCheckout")): Text of object 'Object Repository/verifikasi/NamaCheckout' is: ''

2023-10-05 14:51:50 - [MESSAGE][PASSED] - Text of object 'Object Repository/verifikasi/NamaCheckout' is: ''

2023-10-05 14:51:50 - [TEST_STEP][PASSED] - HargaCheckout = getText(findTestObject("verifikasi/HargaCheckout")): Text of object 'Object Repository/verifikasi/HargaCheckout' is: '1,299'

2023-10-05 14:51:50 - [MESSAGE][PASSED] - Text of object 'Object Repository/verifikasi/HargaCheckout' is: '1,299'

2023-10-05 14:51:50 - [TEST_STEP][PASSED] - name_product = data.get("nama_barang"): null

2023-10-05 14:51:50 - [TEST_STEP][PASSED] - price_product = data.get("price_barang"): null

2023-10-05 14:51:50 - [TEST_STEP][PASSED] - assert name_product.contains(NamaCheckout): null

2023-10-05 14:51:50 - [TEST_STEP][PASSED] - assert price_product.contains(HargaCheckout): null

2023-10-05 14:51:50 - [TEST_STEP][PASSED] - selectOptionByLabel(findTestObject("checkout/select - Kirim via Kurir Lokal"), Kurir, false): All options with label 'Roda 2' are selected in object 'Object Repository/checkout/select - Kirim via Kurir Lokal' 

2023-10-05 14:51:51 - [MESSAGE][PASSED] - All options with label 'Roda 2' are selected in object 'Object Repository/checkout/select - Kirim via Kurir Lokal' 

2023-10-05 14:51:51 - [TEST_STEP][PASSED] - click(findTestObject("checkout/Kendaraan Kurir")): Object: 'Object Repository/checkout/Kendaraan Kurir' is clicked on

2023-10-05 14:51:51 - [MESSAGE][PASSED] - Object: 'Object Repository/checkout/Kendaraan Kurir' is clicked on

2023-10-05 14:51:51 - [TEST_STEP][PASSED] - OngkosKirim = getText(findTestObject("Object Repository/verifikasi/Ongkos Kirim checkout")): Text of object 'Object Repository/verifikasi/Ongkos Kirim checkout' is: 'Rp. 5,000'

2023-10-05 14:51:52 - [MESSAGE][PASSED] - Text of object 'Object Repository/verifikasi/Ongkos Kirim checkout' is: 'Rp. 5,000'

2023-10-05 14:51:52 - [TEST_STEP][PASSED] - Ongkos = OngkosKirim.substring(3, OngkosKirim.size()): null

2023-10-05 14:51:52 - [TEST_STEP][PASSED] - rep = Ongkos.replace(",", "."): null

2023-10-05 14:51:52 - [TEST_STEP][PASSED] - Ongkos_kirim = Double.parseDouble(rep): null

2023-10-05 14:51:52 - [TEST_STEP][PASSED] - println(Ongkos_kirim): null

2023-10-05 14:51:52 - [TEST_STEP][PASSED] - FeeAdmin = getText(findTestObject("verifikasi/Fee Admin checkout")): Text of object 'Object Repository/verifikasi/Fee Admin checkout' is: 'Fee Admin
Rp 1,500'

2023-10-05 14:51:52 - [MESSAGE][PASSED] - Text of object 'Object Repository/verifikasi/Fee Admin checkout' is: 'Fee Admin
Rp 1,500'

2023-10-05 14:51:52 - [TEST_STEP][PASSED] - Fee_Admin = FeeAdmin.substring(12, FeeAdmin.size()): null

2023-10-05 14:51:52 - [TEST_STEP][PASSED] - fee = Fee_Admin.replace(",", "."): null

2023-10-05 14:51:52 - [TEST_STEP][PASSED] - fee_admin = Double.parseDouble(fee): null

2023-10-05 14:51:52 - [TEST_STEP][PASSED] - println(fee_admin): null

2023-10-05 14:51:52 - [TEST_STEP][PASSED] - Subtotal = getText(findTestObject("verifikasi/subtotal checkout")): Text of object 'Object Repository/verifikasi/subtotal checkout' is: 'Subtotal
Rp 1,299'

2023-10-05 14:51:53 - [MESSAGE][PASSED] - Text of object 'Object Repository/verifikasi/subtotal checkout' is: 'Subtotal
Rp 1,299'

2023-10-05 14:51:53 - [TEST_STEP][PASSED] - sub_total = Subtotal.substring(12, Subtotal.size()): null

2023-10-05 14:51:53 - [TEST_STEP][PASSED] - sub = sub_total.replace(",", "."): null

2023-10-05 14:51:53 - [TEST_STEP][PASSED] - sub_total = Double.parseDouble(sub): null

2023-10-05 14:51:53 - [TEST_STEP][PASSED] - println(sub_total): null

2023-10-05 14:51:53 - [TEST_STEP][PASSED] - Total = getText(findTestObject("verifikasi/Total checkout")): Text of object 'Object Repository/verifikasi/Total checkout' is: 'Rp 7,799'

2023-10-05 14:51:54 - [MESSAGE][PASSED] - Text of object 'Object Repository/verifikasi/Total checkout' is: 'Rp 7,799'

2023-10-05 14:51:54 - [TEST_STEP][PASSED] - totall = Total.substring(3, Total.size()): null

2023-10-05 14:51:54 - [TEST_STEP][PASSED] - total = totall.replace(",", "."): null

2023-10-05 14:51:54 - [TEST_STEP][PASSED] - totall = Double.parseDouble(total): null

2023-10-05 14:51:54 - [TEST_STEP][PASSED] - println(totall): null

2023-10-05 14:51:54 - [TEST_STEP][PASSED] - Total_Harga = Ongkos_kirim + fee_admin + sub_total: null

2023-10-05 14:51:54 - [TEST_STEP][PASSED] - println(Total_Harga): null

2023-10-05 14:51:54 - [TEST_STEP][PASSED] - TotalHarga = Math.round(Total_Harga * 1000) / 1000: null

2023-10-05 14:51:54 - [TEST_STEP][PASSED] - println(TotalHarga): null

2023-10-05 14:51:54 - [TEST_STEP][PASSED] - assert totall == TotalHarga: null

2023-10-05 14:51:54 - [TEST_STEP][PASSED] - click(findTestObject("verifikasi/Metode Transfer")): Object: 'Object Repository/verifikasi/Metode Transfer' is clicked on

2023-10-05 14:51:54 - [MESSAGE][PASSED] - Object: 'Object Repository/verifikasi/Metode Transfer' is clicked on

2023-10-05 14:51:54 - [TEST_STEP][PASSED] - click(findTestObject("checkout/button_Proses Pembayaran")): Object: 'Object Repository/checkout/button_Proses Pembayaran' is clicked on

2023-10-05 14:52:02 - [MESSAGE][PASSED] - Object: 'Object Repository/checkout/button_Proses Pembayaran' is clicked on

2023-10-05 14:52:02 - [TEST_STEP][PASSED] - verifyElementPresent(findTestObject("pembayaran/Tittle nomor invoice"), 0): Object 'Object Repository/pembayaran/Tittle nomor invoice' is present

2023-10-05 14:52:02 - [MESSAGE][WARNING] - Timeout '0' is invalid. Using default page load timeout: '30'

2023-10-05 14:52:03 - [MESSAGE][PASSED] - Object 'Object Repository/pembayaran/Tittle nomor invoice' is present

2023-10-05 14:52:03 - [TEST_STEP][PASSED] - return data: null

2023-10-05 14:52:03 - [MESSAGE][PASSED] - Call Test Case 'Test Cases/T13 Pembelian, Shipment dan Pembayaran/PBL-004' successfully

2023-10-05 14:52:03 - [TEST_STEP][PASSED] - Invoice = getText(findTestObject("pembayaran/nomor invoice")): Text of object 'Object Repository/pembayaran/nomor invoice' is: 'TRX60.20231005145158'

2023-10-05 14:52:04 - [MESSAGE][PASSED] - Text of object 'Object Repository/pembayaran/nomor invoice' is: 'TRX60.20231005145158'

2023-10-05 14:52:04 - [TEST_STEP][PASSED] - data.put("invoice", Invoice): null

2023-10-05 14:52:04 - [TEST_STEP][PASSED] - NamaPemesan = getText(findTestObject("Konfirmasi pesanan shop/Nama pemesan")): Text of object 'Object Repository/Konfirmasi pesanan shop/Nama pemesan' is: 'irfan.afandi'

2023-10-05 14:52:04 - [MESSAGE][PASSED] - Text of object 'Object Repository/Konfirmasi pesanan shop/Nama pemesan' is: 'irfan.afandi'

2023-10-05 14:52:04 - [TEST_STEP][PASSED] - Nama = getText(findTestObject("pembayaran/Nama barang")): Text of object 'Object Repository/pembayaran/Nama barang' is: 'Segitiga Instan Madeira - MDB5.3 Sunset'

2023-10-05 14:52:05 - [MESSAGE][PASSED] - Text of object 'Object Repository/pembayaran/Nama barang' is: 'Segitiga Instan Madeira - MDB5.3 Sunset'

2023-10-05 14:52:05 - [TEST_STEP][PASSED] - Harga = getText(findTestObject("pembayaran/Harga barang")): Text of object 'Object Repository/pembayaran/Harga barang' is: '1,299'

2023-10-05 14:52:05 - [MESSAGE][PASSED] - Text of object 'Object Repository/pembayaran/Harga barang' is: '1,299'

2023-10-05 14:52:05 - [TEST_STEP][PASSED] - name_product = data.get("nama_barang"): null

2023-10-05 14:52:05 - [TEST_STEP][PASSED] - price_product = data.get("price_barang"): null

2023-10-05 14:52:05 - [TEST_STEP][PASSED] - assert name_product.contains(Nama): null

2023-10-05 14:52:05 - [TEST_STEP][PASSED] - assert price_product.contains(Harga): null

2023-10-05 14:52:05 - [TEST_STEP][PASSED] - warnaa = getText(findTestObject("pembayaran/warna")): Text of object 'Object Repository/pembayaran/warna' is: 'Merah'

2023-10-05 14:52:06 - [MESSAGE][PASSED] - Text of object 'Object Repository/pembayaran/warna' is: 'Merah'

2023-10-05 14:52:06 - [TEST_STEP][PASSED] - ukurann = getText(findTestObject("pembayaran/ukuran")): Text of object 'Object Repository/pembayaran/ukuran' is: 'Menengah'

2023-10-05 14:52:06 - [MESSAGE][PASSED] - Text of object 'Object Repository/pembayaran/ukuran' is: 'Menengah'

2023-10-05 14:52:06 - [TEST_STEP][PASSED] - warna1 = data.get("Warna"): null

2023-10-05 14:52:06 - [TEST_STEP][PASSED] - ukuran1 = data.get("Ukuran"): null

2023-10-05 14:52:06 - [TEST_STEP][PASSED] - assert warnaa == warna1: null

2023-10-05 14:52:06 - [TEST_STEP][PASSED] - assert ukurann == ukuran1: null

2023-10-05 14:52:06 - [TEST_STEP][PASSED] - statusPembelian = getText(findTestObject("verifikasi/Status pending di pembelian")): Text of object 'Object Repository/verifikasi/Status pending di pembelian' is: 'Pending'

2023-10-05 14:52:07 - [MESSAGE][PASSED] - Text of object 'Object Repository/verifikasi/Status pending di pembelian' is: 'Pending'

2023-10-05 14:52:07 - [TEST_STEP][PASSED] - data.put("statusPem", statusPembelian): null

2023-10-05 14:52:07 - [TEST_STEP][PASSED] - OngkosKirim = getText(findTestObject("pembayaran/ongkos kirim")): Text of object 'Object Repository/pembayaran/ongkos kirim' is: 'Rp 5,000'

2023-10-05 14:52:07 - [MESSAGE][PASSED] - Text of object 'Object Repository/pembayaran/ongkos kirim' is: 'Rp 5,000'

2023-10-05 14:52:07 - [TEST_STEP][PASSED] - Ongkos = OngkosKirim.substring(3, OngkosKirim.size()): null

2023-10-05 14:52:07 - [TEST_STEP][PASSED] - rep = Ongkos.replace(",", ""): null

2023-10-05 14:52:07 - [TEST_STEP][PASSED] - Ongkos_kirimm = Integer.parseInt(rep): null

2023-10-05 14:52:07 - [TEST_STEP][PASSED] - println(Ongkos_kirimm): null

2023-10-05 14:52:07 - [TEST_STEP][PASSED] - FeeAdmin = getText(findTestObject("pembayaran/fee admin")): Text of object 'Object Repository/pembayaran/fee admin' is: 'Rp 1,500'

2023-10-05 14:52:08 - [MESSAGE][PASSED] - Text of object 'Object Repository/pembayaran/fee admin' is: 'Rp 1,500'

2023-10-05 14:52:08 - [TEST_STEP][PASSED] - Fee_Admin = FeeAdmin.substring(3, FeeAdmin.size()): null

2023-10-05 14:52:08 - [TEST_STEP][PASSED] - fee = Fee_Admin.replace(",", ""): null

2023-10-05 14:52:08 - [TEST_STEP][PASSED] - fee_adminn = Integer.parseInt(fee): null

2023-10-05 14:52:08 - [TEST_STEP][PASSED] - println(fee_adminn): null

2023-10-05 14:52:08 - [TEST_STEP][PASSED] - Subtotal = getText(findTestObject("pembayaran/subtotal")): Text of object 'Object Repository/pembayaran/subtotal' is: 'Rp 1,299'

2023-10-05 14:52:08 - [MESSAGE][PASSED] - Text of object 'Object Repository/pembayaran/subtotal' is: 'Rp 1,299'

2023-10-05 14:52:08 - [TEST_STEP][PASSED] - sub_total = Subtotal.substring(3, Subtotal.size()): null

2023-10-05 14:52:08 - [TEST_STEP][PASSED] - sub = sub_total.replace(",", ""): null

2023-10-05 14:52:08 - [TEST_STEP][PASSED] - sub_totall = Integer.parseInt(sub): null

2023-10-05 14:52:08 - [TEST_STEP][PASSED] - println(sub_totall): null

2023-10-05 14:52:08 - [TEST_STEP][PASSED] - unik = getText(findTestObject("pembayaran/kode unik")): Text of object 'Object Repository/pembayaran/kode unik' is: '+158'

2023-10-05 14:52:09 - [MESSAGE][PASSED] - Text of object 'Object Repository/pembayaran/kode unik' is: '+158'

2023-10-05 14:52:09 - [TEST_STEP][PASSED] - unikk = unik.replace("+", ""): null

2023-10-05 14:52:09 - [TEST_STEP][PASSED] - kode_unik = Integer.parseInt(unikk): null

2023-10-05 14:52:09 - [TEST_STEP][PASSED] - println(kode_unik): null

2023-10-05 14:52:09 - [TEST_STEP][PASSED] - Total = getText(findTestObject("pembayaran/total")): Text of object 'Object Repository/pembayaran/total' is: '7,957'

2023-10-05 14:52:09 - [MESSAGE][PASSED] - Text of object 'Object Repository/pembayaran/total' is: '7,957'

2023-10-05 14:52:09 - [TEST_STEP][PASSED] - total = Total.replace(",", ""): null

2023-10-05 14:52:09 - [TEST_STEP][PASSED] - totalll = Integer.parseInt(total): null

2023-10-05 14:52:09 - [TEST_STEP][PASSED] - println(totalll): null

2023-10-05 14:52:09 - [TEST_STEP][PASSED] - Total_Hargaa = Ongkos_kirimm + fee_adminn + sub_totall + kode_unik: null

2023-10-05 14:52:09 - [TEST_STEP][PASSED] - println(Total_Hargaa): null

2023-10-05 14:52:09 - [TEST_STEP][PASSED] - assert totalll == Total_Hargaa: null

2023-10-05 14:52:09 - [TEST_STEP][PASSED] - data.put("total", Total): null

2023-10-05 14:52:09 - [TEST_STEP][PASSED] - data.put("nama", NamaPemesan): null

2023-10-05 14:52:09 - [TEST_STEP][PASSED] - return data: null

2023-10-05 14:52:09 - [MESSAGE][PASSED] - Call Test Case 'Test Cases/T13 Pembelian, Shipment dan Pembayaran/PBY-001' successfully

2023-10-05 14:52:09 - [TEST_STEP][PASSED] - inv = data.get("invoice"): null

2023-10-05 14:52:09 - [TEST_STEP][PASSED] - Total = data.get("total"): null

2023-10-05 14:52:09 - [TEST_STEP][PASSED] - NamaPemesan = data.get("nama"): null

2023-10-05 14:52:09 - [TEST_STEP][PASSED] - click(findTestObject("Konfirmasi pesanan shop/Menu Shop")): Object: 'Object Repository/Konfirmasi pesanan shop/Menu Shop' is clicked on

2023-10-05 14:52:11 - [MESSAGE][PASSED] - Object: 'Object Repository/Konfirmasi pesanan shop/Menu Shop' is clicked on

2023-10-05 14:52:11 - [TEST_STEP][PASSED] - click(findTestObject("Konfirmasi pesanan shop/Menu Shop")): Object: 'Object Repository/Konfirmasi pesanan shop/Menu Shop' is clicked on

2023-10-05 14:52:12 - [MESSAGE][PASSED] - Object: 'Object Repository/Konfirmasi pesanan shop/Menu Shop' is clicked on

2023-10-05 14:52:12 - [TEST_STEP][PASSED] - click(findTestObject("Konfirmasi pesanan shop/Konfirmasi Orders")): Object: 'Object Repository/Konfirmasi pesanan shop/Konfirmasi Orders' is clicked on

2023-10-05 14:52:13 - [MESSAGE][PASSED] - Object: 'Object Repository/Konfirmasi pesanan shop/Konfirmasi Orders' is clicked on

2023-10-05 14:52:13 - [TEST_STEP][PASSED] - verifyElementPresent(findTestObject("Konfirmasi pesanan shop/Tittle Konfirmasi Pesanan"), 0): Object 'Object Repository/Konfirmasi pesanan shop/Tittle Konfirmasi Pesanan' is present

2023-10-05 14:52:13 - [MESSAGE][WARNING] - Timeout '0' is invalid. Using default page load timeout: '30'

2023-10-05 14:52:14 - [MESSAGE][PASSED] - Object 'Object Repository/Konfirmasi pesanan shop/Tittle Konfirmasi Pesanan' is present

2023-10-05 14:52:14 - [TEST_STEP][PASSED] - setText(findTestObject("Konfirmasi pesanan shop/input_No Pesanan"), inv): Text 'TRX60.20231005145158' is set on object 'Object Repository/Konfirmasi pesanan shop/input_No Pesanan'

2023-10-05 14:52:14 - [MESSAGE][PASSED] - Text 'TRX60.20231005145158' is set on object 'Object Repository/Konfirmasi pesanan shop/input_No Pesanan'

2023-10-05 14:52:14 - [TEST_STEP][PASSED] - setText(findTestObject("Konfirmasi pesanan shop/input_Alamat E-mai"), "irfan@gmail.com"): Text 'irfan@gmail.com' is set on object 'Object Repository/Konfirmasi pesanan shop/input_Alamat E-mai'

2023-10-05 14:52:15 - [MESSAGE][PASSED] - Text 'irfan@gmail.com' is set on object 'Object Repository/Konfirmasi pesanan shop/input_Alamat E-mai'

2023-10-05 14:52:15 - [TEST_STEP][PASSED] - click(findTestObject("Konfirmasi pesanan shop/button_Submit")): Object: 'Object Repository/Konfirmasi pesanan shop/button_Submit' is clicked on

2023-10-05 14:52:16 - [MESSAGE][PASSED] - Object: 'Object Repository/Konfirmasi pesanan shop/button_Submit' is clicked on

2023-10-05 14:52:16 - [TEST_STEP][PASSED] - verifyElementPresent(findTestObject("Konfirmasi pesanan shop/Tittle nomor invoice"), 0): Object 'Object Repository/Konfirmasi pesanan shop/Tittle nomor invoice' is present

2023-10-05 14:52:16 - [MESSAGE][WARNING] - Timeout '0' is invalid. Using default page load timeout: '30'

2023-10-05 14:52:17 - [MESSAGE][PASSED] - Object 'Object Repository/Konfirmasi pesanan shop/Tittle nomor invoice' is present

2023-10-05 14:52:17 - [TEST_STEP][PASSED] - setText(findTestObject("Konfirmasi pesanan shop/input_Total TagihanTransfer_b"), Total): Text '7,957' is set on object 'Object Repository/Konfirmasi pesanan shop/input_Total TagihanTransfer_b'

2023-10-05 14:52:18 - [MESSAGE][PASSED] - Text '7,957' is set on object 'Object Repository/Konfirmasi pesanan shop/input_Total TagihanTransfer_b'

2023-10-05 14:52:18 - [TEST_STEP][PASSED] - selectOptionByValue(findTestObject("Konfirmasi pesanan shop/select_Bank"), "4", false): All options with value '4' are selected in object 'Object Repository/Konfirmasi pesanan shop/select_Bank' 

2023-10-05 14:52:19 - [MESSAGE][PASSED] - All options with value '4' are selected in object 'Object Repository/Konfirmasi pesanan shop/select_Bank' 

2023-10-05 14:52:19 - [TEST_STEP][PASSED] - clearText(findTestObject("Konfirmasi pesanan shop/input_Nama Pengirim_d"), STOP_ON_FAILURE): Text of object 'Object Repository/Konfirmasi pesanan shop/input_Nama Pengirim_d' is cleared

2023-10-05 14:52:19 - [MESSAGE][PASSED] - Text of object 'Object Repository/Konfirmasi pesanan shop/input_Nama Pengirim_d' is cleared

2023-10-05 14:52:19 - [TEST_STEP][PASSED] - uploadFile(findTestObject("Konfirmasi pesanan shop/input_Upload Bukti Transfer_f"), "C:\Users\IRFAN\Downloads\Berkas2.pdf"): File 'C:\Users\IRFAN\Downloads\Berkas2.pdf' sent to object: 'Object Repository/Konfirmasi pesanan shop/input_Upload Bukti Transfer_f'

2023-10-05 14:52:20 - [MESSAGE][PASSED] - File 'C:\Users\IRFAN\Downloads\Berkas2.pdf' sent to object: 'Object Repository/Konfirmasi pesanan shop/input_Upload Bukti Transfer_f'

2023-10-05 14:52:20 - [TEST_STEP][PASSED] - click(findTestObject("Konfirmasi pesanan shop/button_Konfirmasi Pembayaran")): Object: 'Object Repository/Konfirmasi pesanan shop/button_Konfirmasi Pembayaran' is clicked on

2023-10-05 14:52:20 - [MESSAGE][PASSED] - Object: 'Object Repository/Konfirmasi pesanan shop/button_Konfirmasi Pembayaran' is clicked on

2023-10-05 14:52:20 - [TEST_STEP][PASSED] - webDriver = getWebDriver(): null

2023-10-05 14:52:20 - [TEST_STEP][PASSED] - field_tagihan = webDriver.findElement(By.xpath("//input[@name="d"]")): null

2023-10-05 14:52:20 - [TEST_STEP][PASSED] - error_message = webDriver.executeScript("return arguments[0].validationMessage", field_tagihan): null

2023-10-05 14:52:20 - [TEST_STEP][PASSED] - println(error_message): null

2023-10-05 14:52:20 - [TEST_STEP][PASSED] - assert error_message == "Please fill out this field.": null]]></system-out>
         <system-err><![CDATA[]]></system-err>
      </testcase>
      <testcase name="Test Cases/T13 Pembelian, Shipment dan Pembayaran/PBY-006" time="64.024" classname="Test Cases/T13 Pembelian, Shipment dan Pembayaran/PBY-006" status="FAILED">
         <failure type="FAILED" message="Test Cases/T13 Pembelian, Shipment dan Pembayaran/PBY-006 FAILED.
Reason:
com.kms.katalon.core.exception.StepFailedException: Unable to verify text 'inputkan harus angka sesuai' is present 
	at com.kms.katalon.core.webui.keyword.internal.WebUIKeywordMain.stepFailed(WebUIKeywordMain.groovy:64)
	at com.kms.katalon.core.webui.keyword.internal.WebUIKeywordMain.runKeyword(WebUIKeywordMain.groovy:26)
	at com.kms.katalon.core.webui.keyword.builtin.VerifyTextPresentKeyword.verifyTextPresent(VerifyTextPresentKeyword.groovy:83)
	at com.kms.katalon.core.webui.keyword.builtin.VerifyTextPresentKeyword.execute(VerifyTextPresentKeyword.groovy:68)
	at com.kms.katalon.core.keyword.internal.KeywordExecutor.executeKeywordForPlatform(KeywordExecutor.groovy:74)
	at com.kms.katalon.core.webui.keyword.WebUiBuiltInKeywords.verifyTextPresent(WebUiBuiltInKeywords.groovy:1723)
	at com.kms.katalon.core.webui.keyword.WebUiBuiltInKeywords$verifyTextPresent$7.call(Unknown Source)
	at PBY-006.run(PBY-006:61)
	at com.kms.katalon.core.main.ScriptEngine.run(ScriptEngine.java:194)
	at com.kms.katalon.core.main.ScriptEngine.runScriptAsRawText(ScriptEngine.java:119)
	at com.kms.katalon.core.main.TestCaseExecutor.runScript(TestCaseExecutor.java:448)
	at com.kms.katalon.core.main.TestCaseExecutor.doExecute(TestCaseExecutor.java:439)
	at com.kms.katalon.core.main.TestCaseExecutor.processExecutionPhase(TestCaseExecutor.java:418)
	at com.kms.katalon.core.main.TestCaseExecutor.accessMainPhase(TestCaseExecutor.java:410)
	at com.kms.katalon.core.main.TestCaseExecutor.execute(TestCaseExecutor.java:285)
	at com.kms.katalon.core.common.CommonExecutor.accessTestCaseMainPhase(CommonExecutor.java:65)
	at com.kms.katalon.core.main.TestSuiteExecutor.accessTestSuiteMainPhase(TestSuiteExecutor.java:148)
	at com.kms.katalon.core.main.TestSuiteExecutor.execute(TestSuiteExecutor.java:106)
	at com.kms.katalon.core.main.TestCaseMain.startTestSuite(TestCaseMain.java:187)
	at com.kms.katalon.core.main.TestCaseMain$startTestSuite$0.call(Unknown Source)
	at TempTestSuite1696491677292.run(TempTestSuite1696491677292.groovy:36)
Caused by: com.kms.katalon.core.exception.StepFailedException: Text 'inputkan harus angka sesuai' is not present on page 
	at com.kms.katalon.core.webui.keyword.internal.WebUIKeywordMain.stepFailed(WebUIKeywordMain.groovy:64)
	at com.kms.katalon.core.webui.keyword.builtin.VerifyTextPresentKeyword$_verifyTextPresent_closure1.doCall(VerifyTextPresentKeyword.groovy:79)
	at com.kms.katalon.core.webui.keyword.builtin.VerifyTextPresentKeyword$_verifyTextPresent_closure1.call(VerifyTextPresentKeyword.groovy)
	at com.kms.katalon.core.webui.keyword.internal.WebUIKeywordMain.runKeyword(WebUIKeywordMain.groovy:20)
	... 19 more
"/>
         <system-out><![CDATA[2023-10-05 14:52:20 - [TEST_CASE][FAILED] - Test Cases/T13 Pembelian, Shipment dan Pembayaran/PBY-006: Test Cases/T13 Pembelian, Shipment dan Pembayaran/PBY-006 FAILED.
Reason:
com.kms.katalon.core.exception.StepFailedException: Unable to verify text 'inputkan harus angka sesuai' is present 
	at com.kms.katalon.core.webui.keyword.internal.WebUIKeywordMain.stepFailed(WebUIKeywordMain.groovy:64)
	at com.kms.katalon.core.webui.keyword.internal.WebUIKeywordMain.runKeyword(WebUIKeywordMain.groovy:26)
	at com.kms.katalon.core.webui.keyword.builtin.VerifyTextPresentKeyword.verifyTextPresent(VerifyTextPresentKeyword.groovy:83)
	at com.kms.katalon.core.webui.keyword.builtin.VerifyTextPresentKeyword.execute(VerifyTextPresentKeyword.groovy:68)
	at com.kms.katalon.core.keyword.internal.KeywordExecutor.executeKeywordForPlatform(KeywordExecutor.groovy:74)
	at com.kms.katalon.core.webui.keyword.WebUiBuiltInKeywords.verifyTextPresent(WebUiBuiltInKeywords.groovy:1723)
	at com.kms.katalon.core.webui.keyword.WebUiBuiltInKeywords$verifyTextPresent$7.call(Unknown Source)
	at PBY-006.run(PBY-006:61)
	at com.kms.katalon.core.main.ScriptEngine.run(ScriptEngine.java:194)
	at com.kms.katalon.core.main.ScriptEngine.runScriptAsRawText(ScriptEngine.java:119)
	at com.kms.katalon.core.main.TestCaseExecutor.runScript(TestCaseExecutor.java:448)
	at com.kms.katalon.core.main.TestCaseExecutor.doExecute(TestCaseExecutor.java:439)
	at com.kms.katalon.core.main.TestCaseExecutor.processExecutionPhase(TestCaseExecutor.java:418)
	at com.kms.katalon.core.main.TestCaseExecutor.accessMainPhase(TestCaseExecutor.java:410)
	at com.kms.katalon.core.main.TestCaseExecutor.execute(TestCaseExecutor.java:285)
	at com.kms.katalon.core.common.CommonExecutor.accessTestCaseMainPhase(CommonExecutor.java:65)
	at com.kms.katalon.core.main.TestSuiteExecutor.accessTestSuiteMainPhase(TestSuiteExecutor.java:148)
	at com.kms.katalon.core.main.TestSuiteExecutor.execute(TestSuiteExecutor.java:106)
	at com.kms.katalon.core.main.TestCaseMain.startTestSuite(TestCaseMain.java:187)
	at com.kms.katalon.core.main.TestCaseMain$startTestSuite$0.call(Unknown Source)
	at TempTestSuite1696491677292.run(TempTestSuite1696491677292.groovy:36)
Caused by: com.kms.katalon.core.exception.StepFailedException: Text 'inputkan harus angka sesuai' is not present on page 
	at com.kms.katalon.core.webui.keyword.internal.WebUIKeywordMain.stepFailed(WebUIKeywordMain.groovy:64)
	at com.kms.katalon.core.webui.keyword.builtin.VerifyTextPresentKeyword$_verifyTextPresent_closure1.doCall(VerifyTextPresentKeyword.groovy:79)
	at com.kms.katalon.core.webui.keyword.builtin.VerifyTextPresentKeyword$_verifyTextPresent_closure1.call(VerifyTextPresentKeyword.groovy)
	at com.kms.katalon.core.webui.keyword.internal.WebUIKeywordMain.runKeyword(WebUIKeywordMain.groovy:20)
	... 19 more


2023-10-05 14:52:21 - [TEST_STEP][PASSED] - data = callTestCase(findTestCase("T13 Pembelian, Shipment dan Pembayaran/PBY-001"), [:], STOP_ON_FAILURE): Call Test Case 'Test Cases/T13 Pembelian, Shipment dan Pembayaran/PBY-001' successfully

2023-10-05 14:52:21 - [TEST_CASE][PASSED] - Test Cases/T13 Pembelian, Shipment dan Pembayaran/PBY-001: Test Cases/T13 Pembelian, Shipment dan Pembayaran/PBY-001

2023-10-05 14:52:21 - [TEST_STEP][PASSED] - data = callTestCase(findTestCase("T13 Pembelian, Shipment dan Pembayaran/PBL-004"), ["Kurir":"Roda 2"], STOP_ON_FAILURE): Call Test Case 'Test Cases/T13 Pembelian, Shipment dan Pembayaran/PBL-004' successfully

2023-10-05 14:52:21 - [TEST_CASE][PASSED] - Test Cases/T13 Pembelian, Shipment dan Pembayaran/PBL-004: Test Cases/T13 Pembelian, Shipment dan Pembayaran/PBL-004

2023-10-05 14:52:21 - [TEST_STEP][PASSED] - data = callTestCase(findTestCase("T13 Pembelian, Shipment dan Pembayaran/PBL-002"), [:], STOP_ON_FAILURE): Call Test Case 'Test Cases/T13 Pembelian, Shipment dan Pembayaran/PBL-002' successfully

2023-10-05 14:52:21 - [TEST_CASE][PASSED] - Test Cases/T13 Pembelian, Shipment dan Pembayaran/PBL-002: Test Cases/T13 Pembelian, Shipment dan Pembayaran/PBL-002

2023-10-05 14:52:21 - [TEST_STEP][PASSED] - data = callTestCase(findTestCase("T13 Pembelian, Shipment dan Pembayaran/PBL-001"), [:], STOP_ON_FAILURE): Call Test Case 'Test Cases/T13 Pembelian, Shipment dan Pembayaran/PBL-001' successfully

2023-10-05 14:52:21 - [TEST_CASE][PASSED] - Test Cases/T13 Pembelian, Shipment dan Pembayaran/PBL-001: Test Cases/T13 Pembelian, Shipment dan Pembayaran/PBL-001

2023-10-05 14:52:21 - [TEST_STEP][PASSED] - callTestCase(findTestCase("T13 Pembelian, Shipment dan Pembayaran/LU-001"), ["username":"irfanafandi", "password":"12345irfan"], STOP_ON_FAILURE): Call Test Case 'Test Cases/T13 Pembelian, Shipment dan Pembayaran/LU-001' successfully

2023-10-05 14:52:21 - [TEST_CASE][PASSED] - Test Cases/T13 Pembelian, Shipment dan Pembayaran/LU-001: Test Cases/T13 Pembelian, Shipment dan Pembayaran/LU-001

2023-10-05 14:52:21 - [TEST_STEP][PASSED] - openBrowser("https://10.9.2.63/ecommerce/"): Browser is opened with url: 'https://10.9.2.63/ecommerce/'

2023-10-05 14:52:21 - [MESSAGE][WARNING] - A browser is already opened. Closing browser and opening a new one

2023-10-05 14:52:22 - [MESSAGE][INFO] - Starting 'Edge Chromium' driver

2023-10-05 14:52:22 - [MESSAGE][INFO] - User set preference: ['acceptInsecureCerts', 'true']

2023-10-05 14:52:24 - [MESSAGE][INFO] - Action delay is set to 0 milliseconds

2023-10-05 14:52:28 - [MESSAGE][PASSED] - Browser is opened with url: 'https://10.9.2.63/ecommerce/'

2023-10-05 14:52:28 - [TEST_STEP][PASSED] - maximizeWindow(): Current window maximized

2023-10-05 14:52:28 - [MESSAGE][PASSED] - Current window maximized

2023-10-05 14:52:28 - [TEST_STEP][PASSED] - verifyElementPresent(findTestObject("Login/Home"), 0): Object 'Object Repository/Login/Home' is present

2023-10-05 14:52:28 - [MESSAGE][WARNING] - Timeout '0' is invalid. Using default page load timeout: '30'

2023-10-05 14:52:29 - [MESSAGE][PASSED] - Object 'Object Repository/Login/Home' is present

2023-10-05 14:52:29 - [TEST_STEP][PASSED] - click(findTestObject("Login/a_Login")): Object: 'Object Repository/Login/a_Login' is clicked on

2023-10-05 14:52:30 - [MESSAGE][PASSED] - Object: 'Object Repository/Login/a_Login' is clicked on

2023-10-05 14:52:30 - [TEST_STEP][PASSED] - verifyElementPresent(findTestObject("Login/Tittle Login"), 0): Object 'Object Repository/Login/Tittle Login' is present

2023-10-05 14:52:30 - [MESSAGE][WARNING] - Timeout '0' is invalid. Using default page load timeout: '30'

2023-10-05 14:52:30 - [MESSAGE][PASSED] - Object 'Object Repository/Login/Tittle Login' is present

2023-10-05 14:52:30 - [TEST_STEP][PASSED] - setText(findTestObject("Login/input_Username, Email atau No. Handphone_a"), username): Text 'irfanafandi' is set on object 'Object Repository/Login/input_Username, Email atau No. Handphone_a'

2023-10-05 14:52:31 - [MESSAGE][PASSED] - Text 'irfanafandi' is set on object 'Object Repository/Login/input_Username, Email atau No. Handphone_a'

2023-10-05 14:52:31 - [TEST_STEP][PASSED] - setText(findTestObject("Login/input_Password_b"), password): Text '12345irfan' is set on object 'Object Repository/Login/input_Password_b'

2023-10-05 14:52:32 - [MESSAGE][PASSED] - Text '12345irfan' is set on object 'Object Repository/Login/input_Password_b'

2023-10-05 14:52:32 - [TEST_STEP][PASSED] - click(findTestObject("Login/label_Ingat saya")): Object: 'Object Repository/Login/label_Ingat saya' is clicked on

2023-10-05 14:52:32 - [MESSAGE][PASSED] - Object: 'Object Repository/Login/label_Ingat saya' is clicked on

2023-10-05 14:52:32 - [TEST_STEP][PASSED] - click(findTestObject("Login/button_Masuk")): Object: 'Object Repository/Login/button_Masuk' is clicked on

2023-10-05 14:52:34 - [MESSAGE][PASSED] - Object: 'Object Repository/Login/button_Masuk' is clicked on

2023-10-05 14:52:34 - [TEST_STEP][PASSED] - verifyElementPresent(findTestObject("Login/li_Profile"), 0): Object 'Object Repository/Login/li_Profile' is present

2023-10-05 14:52:34 - [MESSAGE][WARNING] - Timeout '0' is invalid. Using default page load timeout: '30'

2023-10-05 14:52:35 - [MESSAGE][PASSED] - Object 'Object Repository/Login/li_Profile' is present

2023-10-05 14:52:35 - [MESSAGE][PASSED] - Call Test Case 'Test Cases/T13 Pembelian, Shipment dan Pembayaran/LU-001' successfully

2023-10-05 14:52:35 - [TEST_STEP][PASSED] - mouseOver(findTestObject("beli barang/i_Mulai Belanja_icon-menu")): Object: 'Object Repository/beli barang/i_Mulai Belanja_icon-menu' is hovered

2023-10-05 14:52:35 - [MESSAGE][PASSED] - Object: 'Object Repository/beli barang/i_Mulai Belanja_icon-menu' is hovered

2023-10-05 14:52:35 - [TEST_STEP][PASSED] - click(findTestObject("beli barang/a_Fashion  Busana Wanita")): Object: 'Object Repository/beli barang/a_Fashion  Busana Wanita' is clicked on

2023-10-05 14:52:37 - [MESSAGE][PASSED] - Object: 'Object Repository/beli barang/a_Fashion  Busana Wanita' is clicked on

2023-10-05 14:52:37 - [TEST_STEP][PASSED] - NamaSebelum = getText(findTestObject("verifikasi/Nama sebelum")): Text of object 'Object Repository/verifikasi/Nama sebelum' is: ''

2023-10-05 14:52:37 - [MESSAGE][PASSED] - Text of object 'Object Repository/verifikasi/Nama sebelum' is: ''

2023-10-05 14:52:37 - [TEST_STEP][PASSED] - HargaSebelum = getText(findTestObject("verifikasi/Harga sebelum")): Text of object 'Object Repository/verifikasi/Harga sebelum' is: 'Rp 1,299'

2023-10-05 14:52:38 - [MESSAGE][PASSED] - Text of object 'Object Repository/verifikasi/Harga sebelum' is: 'Rp 1,299'

2023-10-05 14:52:38 - [TEST_STEP][PASSED] - mouseOver(findTestObject("beli barang/barang mouse over")): Object: 'Object Repository/beli barang/barang mouse over' is hovered

2023-10-05 14:52:39 - [MESSAGE][PASSED] - Object: 'Object Repository/beli barang/barang mouse over' is hovered

2023-10-05 14:52:39 - [TEST_STEP][PASSED] - click(findTestObject("beli barang/buttom add to cart")): Object: 'Object Repository/beli barang/buttom add to cart' is clicked on

2023-10-05 14:52:40 - [MESSAGE][PASSED] - Object: 'Object Repository/beli barang/buttom add to cart' is clicked on

2023-10-05 14:52:40 - [TEST_STEP][PASSED] - NamaSesudah = getText(findTestObject("verifikasi/Nama sesudah")): Text of object 'Object Repository/verifikasi/Nama sesudah' is: 'Segitiga Instan Madeira - MDB5.3 Sunset'

2023-10-05 14:52:41 - [MESSAGE][PASSED] - Text of object 'Object Repository/verifikasi/Nama sesudah' is: 'Segitiga Instan Madeira - MDB5.3 Sunset'

2023-10-05 14:52:41 - [TEST_STEP][PASSED] - HargaSesudah = getText(findTestObject("verifikasi/Harga sesudah")): Text of object 'Object Repository/verifikasi/Harga sesudah' is: 'Rp 1,299'

2023-10-05 14:52:41 - [MESSAGE][PASSED] - Text of object 'Object Repository/verifikasi/Harga sesudah' is: 'Rp 1,299'

2023-10-05 14:52:41 - [TEST_STEP][PASSED] - assert NamaSesudah.contains(NamaSebelum): null

2023-10-05 14:52:41 - [TEST_STEP][PASSED] - assert HargaSesudah.contains(HargaSebelum): null

2023-10-05 14:52:41 - [TEST_STEP][PASSED] - click(findTestObject("beli barang/Tambah Keranjang busana wanita")): Object: 'Object Repository/beli barang/Tambah Keranjang busana wanita' is clicked on

2023-10-05 14:52:42 - [MESSAGE][PASSED] - Object: 'Object Repository/beli barang/Tambah Keranjang busana wanita' is clicked on

2023-10-05 14:52:42 - [TEST_STEP][PASSED] - verifyElementPresent(findTestObject("checkout/Notifikasi keranjang"), 1): Object 'Object Repository/checkout/Notifikasi keranjang' is present

2023-10-05 14:52:43 - [MESSAGE][PASSED] - Object 'Object Repository/checkout/Notifikasi keranjang' is present

2023-10-05 14:52:43 - [TEST_STEP][PASSED] - data = new java.util.HashMap(): null

2023-10-05 14:52:43 - [TEST_STEP][PASSED] - data.put("nama_barang", NamaSesudah): null

2023-10-05 14:52:43 - [TEST_STEP][PASSED] - data.put("price_barang", HargaSesudah): null

2023-10-05 14:52:43 - [TEST_STEP][PASSED] - return data: null

2023-10-05 14:52:43 - [MESSAGE][PASSED] - Call Test Case 'Test Cases/T13 Pembelian, Shipment dan Pembayaran/PBL-001' successfully

2023-10-05 14:52:43 - [TEST_STEP][PASSED] - mouseOver(findTestObject("beli barang/keranjang")): Object: 'Object Repository/beli barang/keranjang' is hovered

2023-10-05 14:52:43 - [MESSAGE][PASSED] - Object: 'Object Repository/beli barang/keranjang' is hovered

2023-10-05 14:52:43 - [TEST_STEP][PASSED] - click(findTestObject("beli barang/Lihat Sekarang")): Object: 'Object Repository/beli barang/Lihat Sekarang' is clicked on

2023-10-05 14:52:44 - [MESSAGE][PASSED] - Object: 'Object Repository/beli barang/Lihat Sekarang' is clicked on

2023-10-05 14:52:44 - [TEST_STEP][PASSED] - verifyElementPresent(findTestObject("keranjang/li_Keranjang Belanja"), 0): Object 'Object Repository/keranjang/li_Keranjang Belanja' is present

2023-10-05 14:52:45 - [MESSAGE][WARNING] - Timeout '0' is invalid. Using default page load timeout: '30'

2023-10-05 14:52:46 - [MESSAGE][PASSED] - Object 'Object Repository/keranjang/li_Keranjang Belanja' is present

2023-10-05 14:52:46 - [TEST_STEP][PASSED] - NamaKeranjang = getText(findTestObject("verifikasi/Nama keranjang")): Text of object 'Object Repository/verifikasi/Nama keranjang' is: 'Segitiga Instan Madeira - MDB5.3 Sunset'

2023-10-05 14:52:46 - [MESSAGE][PASSED] - Text of object 'Object Repository/verifikasi/Nama keranjang' is: 'Segitiga Instan Madeira - MDB5.3 Sunset'

2023-10-05 14:52:46 - [TEST_STEP][PASSED] - HargaKeranjang = getText(findTestObject("verifikasi/Harga Keranjang")): Text of object 'Object Repository/verifikasi/Harga Keranjang' is: 'Rp 1,299'

2023-10-05 14:52:46 - [MESSAGE][PASSED] - Text of object 'Object Repository/verifikasi/Harga Keranjang' is: 'Rp 1,299'

2023-10-05 14:52:46 - [TEST_STEP][PASSED] - if (toString().equalsIgnoreCase("Merah")): Object 'Object Repository/keranjang/input_Warna_variasi101' is checked

2023-10-05 14:52:46 - [TEST_STEP][PASSED] - check(findTestObject("Object Repository/keranjang/input_Warna_variasi101")): Object 'Object Repository/keranjang/input_Warna_variasi101' is checked

2023-10-05 14:52:47 - [MESSAGE][PASSED] - Object 'Object Repository/keranjang/input_Warna_variasi101' is checked

2023-10-05 14:52:47 - [TEST_STEP][PASSED] - if (toString().equalsIgnoreCase("Menengah")): Object 'Object Repository/keranjang/input_Ukuran_variasi201' is checked

2023-10-05 14:52:47 - [TEST_STEP][PASSED] - check(findTestObject("Object Repository/keranjang/input_Ukuran_variasi201")): Object 'Object Repository/keranjang/input_Ukuran_variasi201' is checked

2023-10-05 14:52:47 - [MESSAGE][PASSED] - Object 'Object Repository/keranjang/input_Ukuran_variasi201' is checked

2023-10-05 14:52:47 - [TEST_STEP][PASSED] - data.put("Warna", warna): null

2023-10-05 14:52:47 - [TEST_STEP][PASSED] - data.put("Ukuran", ukuran): null

2023-10-05 14:52:47 - [TEST_STEP][PASSED] - click(findTestObject("keranjang/button_Lanjut ke Pembayaran")): Object: 'Object Repository/keranjang/button_Lanjut ke Pembayaran' is clicked on

2023-10-05 14:52:49 - [MESSAGE][PASSED] - Object: 'Object Repository/keranjang/button_Lanjut ke Pembayaran' is clicked on

2023-10-05 14:52:49 - [TEST_STEP][PASSED] - verifyElementPresent(findTestObject("checkout/Tittle Checkout Order"), 0): Object 'Object Repository/checkout/Tittle Checkout Order' is present

2023-10-05 14:52:49 - [MESSAGE][WARNING] - Timeout '0' is invalid. Using default page load timeout: '30'

2023-10-05 14:52:50 - [MESSAGE][PASSED] - Object 'Object Repository/checkout/Tittle Checkout Order' is present

2023-10-05 14:52:50 - [TEST_STEP][PASSED] - name_product = data.get("nama_barang"): null

2023-10-05 14:52:50 - [TEST_STEP][PASSED] - price_product = data.get("price_barang"): null

2023-10-05 14:52:50 - [TEST_STEP][PASSED] - assert name_product == NamaKeranjang: null

2023-10-05 14:52:50 - [TEST_STEP][PASSED] - assert price_product == HargaKeranjang: null

2023-10-05 14:52:50 - [TEST_STEP][PASSED] - return data: null

2023-10-05 14:52:50 - [MESSAGE][PASSED] - Call Test Case 'Test Cases/T13 Pembelian, Shipment dan Pembayaran/PBL-002' successfully

2023-10-05 14:52:50 - [TEST_STEP][PASSED] - warnaa = getText(findTestObject("verifikasi/warna Merah")): Text of object 'Object Repository/verifikasi/warna Merah' is: 'Merah'

2023-10-05 14:52:50 - [MESSAGE][PASSED] - Text of object 'Object Repository/verifikasi/warna Merah' is: 'Merah'

2023-10-05 14:52:50 - [TEST_STEP][PASSED] - ukurann = getText(findTestObject("verifikasi/Ukuran Menengah")): Text of object 'Object Repository/verifikasi/Ukuran Menengah' is: 'Menengah'

2023-10-05 14:52:50 - [MESSAGE][PASSED] - Text of object 'Object Repository/verifikasi/Ukuran Menengah' is: 'Menengah'

2023-10-05 14:52:50 - [TEST_STEP][PASSED] - warna1 = data.get("Warna"): null

2023-10-05 14:52:50 - [TEST_STEP][PASSED] - ukuran1 = data.get("Ukuran"): null

2023-10-05 14:52:50 - [TEST_STEP][PASSED] - assert warnaa == warna1: null

2023-10-05 14:52:50 - [TEST_STEP][PASSED] - assert ukurann == ukuran1: null

2023-10-05 14:52:50 - [TEST_STEP][PASSED] - NamaCheckout = getText(findTestObject("verifikasi/NamaCheckout")): Text of object 'Object Repository/verifikasi/NamaCheckout' is: ''

2023-10-05 14:52:51 - [MESSAGE][PASSED] - Text of object 'Object Repository/verifikasi/NamaCheckout' is: ''

2023-10-05 14:52:51 - [TEST_STEP][PASSED] - HargaCheckout = getText(findTestObject("verifikasi/HargaCheckout")): Text of object 'Object Repository/verifikasi/HargaCheckout' is: '1,299'

2023-10-05 14:52:51 - [MESSAGE][PASSED] - Text of object 'Object Repository/verifikasi/HargaCheckout' is: '1,299'

2023-10-05 14:52:51 - [TEST_STEP][PASSED] - name_product = data.get("nama_barang"): null

2023-10-05 14:52:51 - [TEST_STEP][PASSED] - price_product = data.get("price_barang"): null

2023-10-05 14:52:51 - [TEST_STEP][PASSED] - assert name_product.contains(NamaCheckout): null

2023-10-05 14:52:51 - [TEST_STEP][PASSED] - assert price_product.contains(HargaCheckout): null

2023-10-05 14:52:51 - [TEST_STEP][PASSED] - selectOptionByLabel(findTestObject("checkout/select - Kirim via Kurir Lokal"), Kurir, false): All options with label 'Roda 2' are selected in object 'Object Repository/checkout/select - Kirim via Kurir Lokal' 

2023-10-05 14:52:52 - [MESSAGE][PASSED] - All options with label 'Roda 2' are selected in object 'Object Repository/checkout/select - Kirim via Kurir Lokal' 

2023-10-05 14:52:52 - [TEST_STEP][PASSED] - click(findTestObject("checkout/Kendaraan Kurir")): Object: 'Object Repository/checkout/Kendaraan Kurir' is clicked on

2023-10-05 14:52:53 - [MESSAGE][PASSED] - Object: 'Object Repository/checkout/Kendaraan Kurir' is clicked on

2023-10-05 14:52:53 - [TEST_STEP][PASSED] - OngkosKirim = getText(findTestObject("Object Repository/verifikasi/Ongkos Kirim checkout")): Text of object 'Object Repository/verifikasi/Ongkos Kirim checkout' is: 'Rp. 5,000'

2023-10-05 14:52:53 - [MESSAGE][PASSED] - Text of object 'Object Repository/verifikasi/Ongkos Kirim checkout' is: 'Rp. 5,000'

2023-10-05 14:52:53 - [TEST_STEP][PASSED] - Ongkos = OngkosKirim.substring(3, OngkosKirim.size()): null

2023-10-05 14:52:53 - [TEST_STEP][PASSED] - rep = Ongkos.replace(",", "."): null

2023-10-05 14:52:53 - [TEST_STEP][PASSED] - Ongkos_kirim = Double.parseDouble(rep): null

2023-10-05 14:52:53 - [TEST_STEP][PASSED] - println(Ongkos_kirim): null

2023-10-05 14:52:53 - [TEST_STEP][PASSED] - FeeAdmin = getText(findTestObject("verifikasi/Fee Admin checkout")): Text of object 'Object Repository/verifikasi/Fee Admin checkout' is: 'Fee Admin
Rp 1,500'

2023-10-05 14:52:54 - [MESSAGE][PASSED] - Text of object 'Object Repository/verifikasi/Fee Admin checkout' is: 'Fee Admin
Rp 1,500'

2023-10-05 14:52:54 - [TEST_STEP][PASSED] - Fee_Admin = FeeAdmin.substring(12, FeeAdmin.size()): null

2023-10-05 14:52:54 - [TEST_STEP][PASSED] - fee = Fee_Admin.replace(",", "."): null

2023-10-05 14:52:54 - [TEST_STEP][PASSED] - fee_admin = Double.parseDouble(fee): null

2023-10-05 14:52:54 - [TEST_STEP][PASSED] - println(fee_admin): null

2023-10-05 14:52:54 - [TEST_STEP][PASSED] - Subtotal = getText(findTestObject("verifikasi/subtotal checkout")): Text of object 'Object Repository/verifikasi/subtotal checkout' is: 'Subtotal
Rp 1,299'

2023-10-05 14:52:54 - [MESSAGE][PASSED] - Text of object 'Object Repository/verifikasi/subtotal checkout' is: 'Subtotal
Rp 1,299'

2023-10-05 14:52:54 - [TEST_STEP][PASSED] - sub_total = Subtotal.substring(12, Subtotal.size()): null

2023-10-05 14:52:54 - [TEST_STEP][PASSED] - sub = sub_total.replace(",", "."): null

2023-10-05 14:52:54 - [TEST_STEP][PASSED] - sub_total = Double.parseDouble(sub): null

2023-10-05 14:52:54 - [TEST_STEP][PASSED] - println(sub_total): null

2023-10-05 14:52:54 - [TEST_STEP][PASSED] - Total = getText(findTestObject("verifikasi/Total checkout")): Text of object 'Object Repository/verifikasi/Total checkout' is: 'Rp 7,799'

2023-10-05 14:52:55 - [MESSAGE][PASSED] - Text of object 'Object Repository/verifikasi/Total checkout' is: 'Rp 7,799'

2023-10-05 14:52:55 - [TEST_STEP][PASSED] - totall = Total.substring(3, Total.size()): null

2023-10-05 14:52:55 - [TEST_STEP][PASSED] - total = totall.replace(",", "."): null

2023-10-05 14:52:55 - [TEST_STEP][PASSED] - totall = Double.parseDouble(total): null

2023-10-05 14:52:55 - [TEST_STEP][PASSED] - println(totall): null

2023-10-05 14:52:55 - [TEST_STEP][PASSED] - Total_Harga = Ongkos_kirim + fee_admin + sub_total: null

2023-10-05 14:52:55 - [TEST_STEP][PASSED] - println(Total_Harga): null

2023-10-05 14:52:55 - [TEST_STEP][PASSED] - TotalHarga = Math.round(Total_Harga * 1000) / 1000: null

2023-10-05 14:52:55 - [TEST_STEP][PASSED] - println(TotalHarga): null

2023-10-05 14:52:55 - [TEST_STEP][PASSED] - assert totall == TotalHarga: null

2023-10-05 14:52:55 - [TEST_STEP][PASSED] - click(findTestObject("verifikasi/Metode Transfer")): Object: 'Object Repository/verifikasi/Metode Transfer' is clicked on

2023-10-05 14:52:55 - [MESSAGE][PASSED] - Object: 'Object Repository/verifikasi/Metode Transfer' is clicked on

2023-10-05 14:52:55 - [TEST_STEP][PASSED] - click(findTestObject("checkout/button_Proses Pembayaran")): Object: 'Object Repository/checkout/button_Proses Pembayaran' is clicked on

2023-10-05 14:53:04 - [MESSAGE][PASSED] - Object: 'Object Repository/checkout/button_Proses Pembayaran' is clicked on

2023-10-05 14:53:04 - [TEST_STEP][PASSED] - verifyElementPresent(findTestObject("pembayaran/Tittle nomor invoice"), 0): Object 'Object Repository/pembayaran/Tittle nomor invoice' is present

2023-10-05 14:53:04 - [MESSAGE][WARNING] - Timeout '0' is invalid. Using default page load timeout: '30'

2023-10-05 14:53:04 - [MESSAGE][PASSED] - Object 'Object Repository/pembayaran/Tittle nomor invoice' is present

2023-10-05 14:53:04 - [TEST_STEP][PASSED] - return data: null

2023-10-05 14:53:04 - [MESSAGE][PASSED] - Call Test Case 'Test Cases/T13 Pembelian, Shipment dan Pembayaran/PBL-004' successfully

2023-10-05 14:53:04 - [TEST_STEP][PASSED] - Invoice = getText(findTestObject("pembayaran/nomor invoice")): Text of object 'Object Repository/pembayaran/nomor invoice' is: 'TRX60.20231005145259'

2023-10-05 14:53:05 - [MESSAGE][PASSED] - Text of object 'Object Repository/pembayaran/nomor invoice' is: 'TRX60.20231005145259'

2023-10-05 14:53:05 - [TEST_STEP][PASSED] - data.put("invoice", Invoice): null

2023-10-05 14:53:05 - [TEST_STEP][PASSED] - NamaPemesan = getText(findTestObject("Konfirmasi pesanan shop/Nama pemesan")): Text of object 'Object Repository/Konfirmasi pesanan shop/Nama pemesan' is: 'irfan.afandi'

2023-10-05 14:53:05 - [MESSAGE][PASSED] - Text of object 'Object Repository/Konfirmasi pesanan shop/Nama pemesan' is: 'irfan.afandi'

2023-10-05 14:53:05 - [TEST_STEP][PASSED] - Nama = getText(findTestObject("pembayaran/Nama barang")): Text of object 'Object Repository/pembayaran/Nama barang' is: 'Segitiga Instan Madeira - MDB5.3 Sunset'

2023-10-05 14:53:06 - [MESSAGE][PASSED] - Text of object 'Object Repository/pembayaran/Nama barang' is: 'Segitiga Instan Madeira - MDB5.3 Sunset'

2023-10-05 14:53:06 - [TEST_STEP][PASSED] - Harga = getText(findTestObject("pembayaran/Harga barang")): Text of object 'Object Repository/pembayaran/Harga barang' is: '1,299'

2023-10-05 14:53:06 - [MESSAGE][PASSED] - Text of object 'Object Repository/pembayaran/Harga barang' is: '1,299'

2023-10-05 14:53:06 - [TEST_STEP][PASSED] - name_product = data.get("nama_barang"): null

2023-10-05 14:53:06 - [TEST_STEP][PASSED] - price_product = data.get("price_barang"): null

2023-10-05 14:53:06 - [TEST_STEP][PASSED] - assert name_product.contains(Nama): null

2023-10-05 14:53:06 - [TEST_STEP][PASSED] - assert price_product.contains(Harga): null

2023-10-05 14:53:06 - [TEST_STEP][PASSED] - warnaa = getText(findTestObject("pembayaran/warna")): Text of object 'Object Repository/pembayaran/warna' is: 'Merah'

2023-10-05 14:53:07 - [MESSAGE][PASSED] - Text of object 'Object Repository/pembayaran/warna' is: 'Merah'

2023-10-05 14:53:07 - [TEST_STEP][PASSED] - ukurann = getText(findTestObject("pembayaran/ukuran")): Text of object 'Object Repository/pembayaran/ukuran' is: 'Menengah'

2023-10-05 14:53:07 - [MESSAGE][PASSED] - Text of object 'Object Repository/pembayaran/ukuran' is: 'Menengah'

2023-10-05 14:53:07 - [TEST_STEP][PASSED] - warna1 = data.get("Warna"): null

2023-10-05 14:53:07 - [TEST_STEP][PASSED] - ukuran1 = data.get("Ukuran"): null

2023-10-05 14:53:07 - [TEST_STEP][PASSED] - assert warnaa == warna1: null

2023-10-05 14:53:07 - [TEST_STEP][PASSED] - assert ukurann == ukuran1: null

2023-10-05 14:53:07 - [TEST_STEP][PASSED] - statusPembelian = getText(findTestObject("verifikasi/Status pending di pembelian")): Text of object 'Object Repository/verifikasi/Status pending di pembelian' is: 'Pending'

2023-10-05 14:53:08 - [MESSAGE][PASSED] - Text of object 'Object Repository/verifikasi/Status pending di pembelian' is: 'Pending'

2023-10-05 14:53:08 - [TEST_STEP][PASSED] - data.put("statusPem", statusPembelian): null

2023-10-05 14:53:08 - [TEST_STEP][PASSED] - OngkosKirim = getText(findTestObject("pembayaran/ongkos kirim")): Text of object 'Object Repository/pembayaran/ongkos kirim' is: 'Rp 5,000'

2023-10-05 14:53:08 - [MESSAGE][PASSED] - Text of object 'Object Repository/pembayaran/ongkos kirim' is: 'Rp 5,000'

2023-10-05 14:53:08 - [TEST_STEP][PASSED] - Ongkos = OngkosKirim.substring(3, OngkosKirim.size()): null

2023-10-05 14:53:08 - [TEST_STEP][PASSED] - rep = Ongkos.replace(",", ""): null

2023-10-05 14:53:08 - [TEST_STEP][PASSED] - Ongkos_kirimm = Integer.parseInt(rep): null

2023-10-05 14:53:08 - [TEST_STEP][PASSED] - println(Ongkos_kirimm): null

2023-10-05 14:53:08 - [TEST_STEP][PASSED] - FeeAdmin = getText(findTestObject("pembayaran/fee admin")): Text of object 'Object Repository/pembayaran/fee admin' is: 'Rp 1,500'

2023-10-05 14:53:09 - [MESSAGE][PASSED] - Text of object 'Object Repository/pembayaran/fee admin' is: 'Rp 1,500'

2023-10-05 14:53:09 - [TEST_STEP][PASSED] - Fee_Admin = FeeAdmin.substring(3, FeeAdmin.size()): null

2023-10-05 14:53:09 - [TEST_STEP][PASSED] - fee = Fee_Admin.replace(",", ""): null

2023-10-05 14:53:09 - [TEST_STEP][PASSED] - fee_adminn = Integer.parseInt(fee): null

2023-10-05 14:53:09 - [TEST_STEP][PASSED] - println(fee_adminn): null

2023-10-05 14:53:09 - [TEST_STEP][PASSED] - Subtotal = getText(findTestObject("pembayaran/subtotal")): Text of object 'Object Repository/pembayaran/subtotal' is: 'Rp 1,299'

2023-10-05 14:53:10 - [MESSAGE][PASSED] - Text of object 'Object Repository/pembayaran/subtotal' is: 'Rp 1,299'

2023-10-05 14:53:10 - [TEST_STEP][PASSED] - sub_total = Subtotal.substring(3, Subtotal.size()): null

2023-10-05 14:53:10 - [TEST_STEP][PASSED] - sub = sub_total.replace(",", ""): null

2023-10-05 14:53:10 - [TEST_STEP][PASSED] - sub_totall = Integer.parseInt(sub): null

2023-10-05 14:53:10 - [TEST_STEP][PASSED] - println(sub_totall): null

2023-10-05 14:53:10 - [TEST_STEP][PASSED] - unik = getText(findTestObject("pembayaran/kode unik")): Text of object 'Object Repository/pembayaran/kode unik' is: '+259'

2023-10-05 14:53:10 - [MESSAGE][PASSED] - Text of object 'Object Repository/pembayaran/kode unik' is: '+259'

2023-10-05 14:53:10 - [TEST_STEP][PASSED] - unikk = unik.replace("+", ""): null

2023-10-05 14:53:10 - [TEST_STEP][PASSED] - kode_unik = Integer.parseInt(unikk): null

2023-10-05 14:53:10 - [TEST_STEP][PASSED] - println(kode_unik): null

2023-10-05 14:53:10 - [TEST_STEP][PASSED] - Total = getText(findTestObject("pembayaran/total")): Text of object 'Object Repository/pembayaran/total' is: '8,058'

2023-10-05 14:53:11 - [MESSAGE][PASSED] - Text of object 'Object Repository/pembayaran/total' is: '8,058'

2023-10-05 14:53:11 - [TEST_STEP][PASSED] - total = Total.replace(",", ""): null

2023-10-05 14:53:11 - [TEST_STEP][PASSED] - totalll = Integer.parseInt(total): null

2023-10-05 14:53:11 - [TEST_STEP][PASSED] - println(totalll): null

2023-10-05 14:53:11 - [TEST_STEP][PASSED] - Total_Hargaa = Ongkos_kirimm + fee_adminn + sub_totall + kode_unik: null

2023-10-05 14:53:11 - [TEST_STEP][PASSED] - println(Total_Hargaa): null

2023-10-05 14:53:11 - [TEST_STEP][PASSED] - assert totalll == Total_Hargaa: null

2023-10-05 14:53:11 - [TEST_STEP][PASSED] - data.put("total", Total): null

2023-10-05 14:53:11 - [TEST_STEP][PASSED] - data.put("nama", NamaPemesan): null

2023-10-05 14:53:11 - [TEST_STEP][PASSED] - return data: null

2023-10-05 14:53:11 - [MESSAGE][PASSED] - Call Test Case 'Test Cases/T13 Pembelian, Shipment dan Pembayaran/PBY-001' successfully

2023-10-05 14:53:11 - [TEST_STEP][PASSED] - inv = data.get("invoice"): null

2023-10-05 14:53:11 - [TEST_STEP][PASSED] - Total = data.get("total"): null

2023-10-05 14:53:11 - [TEST_STEP][PASSED] - NamaPemesan = data.get("nama"): null

2023-10-05 14:53:11 - [TEST_STEP][PASSED] - click(findTestObject("Konfirmasi pesanan shop/Menu Shop")): Object: 'Object Repository/Konfirmasi pesanan shop/Menu Shop' is clicked on

2023-10-05 14:53:13 - [MESSAGE][PASSED] - Object: 'Object Repository/Konfirmasi pesanan shop/Menu Shop' is clicked on

2023-10-05 14:53:13 - [TEST_STEP][PASSED] - click(findTestObject("Konfirmasi pesanan shop/Menu Shop")): Object: 'Object Repository/Konfirmasi pesanan shop/Menu Shop' is clicked on

2023-10-05 14:53:14 - [MESSAGE][PASSED] - Object: 'Object Repository/Konfirmasi pesanan shop/Menu Shop' is clicked on

2023-10-05 14:53:14 - [TEST_STEP][PASSED] - click(findTestObject("Konfirmasi pesanan shop/Konfirmasi Orders")): Object: 'Object Repository/Konfirmasi pesanan shop/Konfirmasi Orders' is clicked on

2023-10-05 14:53:15 - [MESSAGE][PASSED] - Object: 'Object Repository/Konfirmasi pesanan shop/Konfirmasi Orders' is clicked on

2023-10-05 14:53:15 - [TEST_STEP][PASSED] - verifyElementPresent(findTestObject("Konfirmasi pesanan shop/Tittle Konfirmasi Pesanan"), 0): Object 'Object Repository/Konfirmasi pesanan shop/Tittle Konfirmasi Pesanan' is present

2023-10-05 14:53:15 - [MESSAGE][WARNING] - Timeout '0' is invalid. Using default page load timeout: '30'

2023-10-05 14:53:15 - [MESSAGE][PASSED] - Object 'Object Repository/Konfirmasi pesanan shop/Tittle Konfirmasi Pesanan' is present

2023-10-05 14:53:15 - [TEST_STEP][PASSED] - setText(findTestObject("Konfirmasi pesanan shop/input_No Pesanan"), inv): Text 'TRX60.20231005145259' is set on object 'Object Repository/Konfirmasi pesanan shop/input_No Pesanan'

2023-10-05 14:53:16 - [MESSAGE][PASSED] - Text 'TRX60.20231005145259' is set on object 'Object Repository/Konfirmasi pesanan shop/input_No Pesanan'

2023-10-05 14:53:16 - [TEST_STEP][PASSED] - setText(findTestObject("Konfirmasi pesanan shop/input_Alamat E-mai"), "irfan@gmail.com"): Text 'irfan@gmail.com' is set on object 'Object Repository/Konfirmasi pesanan shop/input_Alamat E-mai'

2023-10-05 14:53:17 - [MESSAGE][PASSED] - Text 'irfan@gmail.com' is set on object 'Object Repository/Konfirmasi pesanan shop/input_Alamat E-mai'

2023-10-05 14:53:17 - [TEST_STEP][PASSED] - click(findTestObject("Konfirmasi pesanan shop/button_Submit")): Object: 'Object Repository/Konfirmasi pesanan shop/button_Submit' is clicked on

2023-10-05 14:53:18 - [MESSAGE][PASSED] - Object: 'Object Repository/Konfirmasi pesanan shop/button_Submit' is clicked on

2023-10-05 14:53:18 - [TEST_STEP][PASSED] - verifyElementPresent(findTestObject("Konfirmasi pesanan shop/Tittle nomor invoice"), 0): Object 'Object Repository/Konfirmasi pesanan shop/Tittle nomor invoice' is present

2023-10-05 14:53:18 - [MESSAGE][WARNING] - Timeout '0' is invalid. Using default page load timeout: '30'

2023-10-05 14:53:19 - [MESSAGE][PASSED] - Object 'Object Repository/Konfirmasi pesanan shop/Tittle nomor invoice' is present

2023-10-05 14:53:19 - [TEST_STEP][PASSED] - clearText(findTestObject("Konfirmasi pesanan shop/input_Total TagihanTransfer_b"), STOP_ON_FAILURE): Text of object 'Object Repository/Konfirmasi pesanan shop/input_Total TagihanTransfer_b' is cleared

2023-10-05 14:53:19 - [MESSAGE][PASSED] - Text of object 'Object Repository/Konfirmasi pesanan shop/input_Total TagihanTransfer_b' is cleared

2023-10-05 14:53:19 - [TEST_STEP][PASSED] - setText(findTestObject("Konfirmasi pesanan shop/input_Total TagihanTransfer_b"), "-1"): Text '-1' is set on object 'Object Repository/Konfirmasi pesanan shop/input_Total TagihanTransfer_b'

2023-10-05 14:53:20 - [MESSAGE][PASSED] - Text '-1' is set on object 'Object Repository/Konfirmasi pesanan shop/input_Total TagihanTransfer_b'

2023-10-05 14:53:20 - [TEST_STEP][PASSED] - selectOptionByValue(findTestObject("Konfirmasi pesanan shop/select_Bank"), "4", false): All options with value '4' are selected in object 'Object Repository/Konfirmasi pesanan shop/select_Bank' 

2023-10-05 14:53:21 - [MESSAGE][PASSED] - All options with value '4' are selected in object 'Object Repository/Konfirmasi pesanan shop/select_Bank' 

2023-10-05 14:53:21 - [TEST_STEP][PASSED] - setText(findTestObject("Konfirmasi pesanan shop/input_Nama Pengirim_d"), NamaPemesan): Text 'irfan.afandi' is set on object 'Object Repository/Konfirmasi pesanan shop/input_Nama Pengirim_d'

2023-10-05 14:53:22 - [MESSAGE][PASSED] - Text 'irfan.afandi' is set on object 'Object Repository/Konfirmasi pesanan shop/input_Nama Pengirim_d'

2023-10-05 14:53:22 - [TEST_STEP][PASSED] - uploadFile(findTestObject("Konfirmasi pesanan shop/input_Upload Bukti Transfer_f"), "C:\Users\IRFAN\Downloads\Berkas2.pdf"): File 'C:\Users\IRFAN\Downloads\Berkas2.pdf' sent to object: 'Object Repository/Konfirmasi pesanan shop/input_Upload Bukti Transfer_f'

2023-10-05 14:53:22 - [MESSAGE][PASSED] - File 'C:\Users\IRFAN\Downloads\Berkas2.pdf' sent to object: 'Object Repository/Konfirmasi pesanan shop/input_Upload Bukti Transfer_f'

2023-10-05 14:53:22 - [TEST_STEP][PASSED] - click(findTestObject("Konfirmasi pesanan shop/button_Konfirmasi Pembayaran")): Object: 'Object Repository/Konfirmasi pesanan shop/button_Konfirmasi Pembayaran' is clicked on

2023-10-05 14:53:23 - [MESSAGE][PASSED] - Object: 'Object Repository/Konfirmasi pesanan shop/button_Konfirmasi Pembayaran' is clicked on

2023-10-05 14:53:23 - [TEST_STEP][FAILED] - verifyTextPresent("inputkan harus angka sesuai", false): Unable to verify text 'inputkan harus angka sesuai' is present  (Root cause: com.kms.katalon.core.exception.StepFailedException: Unable to verify text 'inputkan harus angka sesuai' is present 
	at com.kms.katalon.core.webui.keyword.internal.WebUIKeywordMain.stepFailed(WebUIKeywordMain.groovy:64)
	at com.kms.katalon.core.webui.keyword.internal.WebUIKeywordMain.runKeyword(WebUIKeywordMain.groovy:26)
	at com.kms.katalon.core.webui.keyword.builtin.VerifyTextPresentKeyword.verifyTextPresent(VerifyTextPresentKeyword.groovy:83)
	at com.kms.katalon.core.webui.keyword.builtin.VerifyTextPresentKeyword.execute(VerifyTextPresentKeyword.groovy:68)
	at com.kms.katalon.core.keyword.internal.KeywordExecutor.executeKeywordForPlatform(KeywordExecutor.groovy:74)
	at com.kms.katalon.core.webui.keyword.WebUiBuiltInKeywords.verifyTextPresent(WebUiBuiltInKeywords.groovy:1723)
	at com.kms.katalon.core.webui.keyword.WebUiBuiltInKeywords$verifyTextPresent$7.call(Unknown Source)
	at PBY-006.run(PBY-006:61)
	at com.kms.katalon.core.main.ScriptEngine.run(ScriptEngine.java:194)
	at com.kms.katalon.core.main.ScriptEngine.runScriptAsRawText(ScriptEngine.java:119)
	at com.kms.katalon.core.main.TestCaseExecutor.runScript(TestCaseExecutor.java:448)
	at com.kms.katalon.core.main.TestCaseExecutor.doExecute(TestCaseExecutor.java:439)
	at com.kms.katalon.core.main.TestCaseExecutor.processExecutionPhase(TestCaseExecutor.java:418)
	at com.kms.katalon.core.main.TestCaseExecutor.accessMainPhase(TestCaseExecutor.java:410)
	at com.kms.katalon.core.main.TestCaseExecutor.execute(TestCaseExecutor.java:285)
	at com.kms.katalon.core.common.CommonExecutor.accessTestCaseMainPhase(CommonExecutor.java:65)
	at com.kms.katalon.core.main.TestSuiteExecutor.accessTestSuiteMainPhase(TestSuiteExecutor.java:148)
	at com.kms.katalon.core.main.TestSuiteExecutor.execute(TestSuiteExecutor.java:106)
	at com.kms.katalon.core.main.TestCaseMain.startTestSuite(TestCaseMain.java:187)
	at com.kms.katalon.core.main.TestCaseMain$startTestSuite$0.call(Unknown Source)
	at TempTestSuite1696491677292.run(TempTestSuite1696491677292.groovy:36)
Caused by: com.kms.katalon.core.exception.StepFailedException: Text 'inputkan harus angka sesuai' is not present on page 
	at com.kms.katalon.core.webui.keyword.internal.WebUIKeywordMain.stepFailed(WebUIKeywordMain.groovy:64)
	at com.kms.katalon.core.webui.keyword.builtin.VerifyTextPresentKeyword$_verifyTextPresent_closure1.doCall(VerifyTextPresentKeyword.groovy:79)
	at com.kms.katalon.core.webui.keyword.builtin.VerifyTextPresentKeyword$_verifyTextPresent_closure1.call(VerifyTextPresentKeyword.groovy)
	at com.kms.katalon.core.webui.keyword.internal.WebUIKeywordMain.runKeyword(WebUIKeywordMain.groovy:20)
	... 19 more
)

2023-10-05 14:53:24 - [MESSAGE][FAILED] - Text 'inputkan harus angka sesuai' is not present on page  (Root cause: com.kms.katalon.core.exception.StepFailedException: Text 'inputkan harus angka sesuai' is not present on page 
	at com.kms.katalon.core.webui.keyword.internal.WebUIKeywordMain.stepFailed(WebUIKeywordMain.groovy:64)
	at com.kms.katalon.core.webui.keyword.builtin.VerifyTextPresentKeyword$_verifyTextPresent_closure1.doCall(VerifyTextPresentKeyword.groovy:79)
	at com.kms.katalon.core.webui.keyword.builtin.VerifyTextPresentKeyword$_verifyTextPresent_closure1.call(VerifyTextPresentKeyword.groovy)
	at com.kms.katalon.core.webui.keyword.internal.WebUIKeywordMain.runKeyword(WebUIKeywordMain.groovy:20)
	at com.kms.katalon.core.webui.keyword.builtin.VerifyTextPresentKeyword.verifyTextPresent(VerifyTextPresentKeyword.groovy:83)
	at com.kms.katalon.core.webui.keyword.builtin.VerifyTextPresentKeyword.execute(VerifyTextPresentKeyword.groovy:68)
	at com.kms.katalon.core.keyword.internal.KeywordExecutor.executeKeywordForPlatform(KeywordExecutor.groovy:74)
	at com.kms.katalon.core.webui.keyword.WebUiBuiltInKeywords.verifyTextPresent(WebUiBuiltInKeywords.groovy:1723)
	at com.kms.katalon.core.webui.keyword.WebUiBuiltInKeywords$verifyTextPresent$7.call(Unknown Source)
	at PBY-006.run(PBY-006:61)
	at com.kms.katalon.core.main.ScriptEngine.run(ScriptEngine.java:194)
	at com.kms.katalon.core.main.ScriptEngine.runScriptAsRawText(ScriptEngine.java:119)
	at com.kms.katalon.core.main.TestCaseExecutor.runScript(TestCaseExecutor.java:448)
	at com.kms.katalon.core.main.TestCaseExecutor.doExecute(TestCaseExecutor.java:439)
	at com.kms.katalon.core.main.TestCaseExecutor.processExecutionPhase(TestCaseExecutor.java:418)
	at com.kms.katalon.core.main.TestCaseExecutor.accessMainPhase(TestCaseExecutor.java:410)
	at com.kms.katalon.core.main.TestCaseExecutor.execute(TestCaseExecutor.java:285)
	at com.kms.katalon.core.common.CommonExecutor.accessTestCaseMainPhase(CommonExecutor.java:65)
	at com.kms.katalon.core.main.TestSuiteExecutor.accessTestSuiteMainPhase(TestSuiteExecutor.java:148)
	at com.kms.katalon.core.main.TestSuiteExecutor.execute(TestSuiteExecutor.java:106)
	at com.kms.katalon.core.main.TestCaseMain.startTestSuite(TestCaseMain.java:187)
	at com.kms.katalon.core.main.TestCaseMain$startTestSuite$0.call(Unknown Source)
	at TempTestSuite1696491677292.run(TempTestSuite1696491677292.groovy:36)
)

2023-10-05 14:53:24 - [MESSAGE][FAILED] - Unable to verify text 'inputkan harus angka sesuai' is present  (Root cause: com.kms.katalon.core.exception.StepFailedException: Unable to verify text 'inputkan harus angka sesuai' is present 
	at com.kms.katalon.core.webui.keyword.internal.WebUIKeywordMain.stepFailed(WebUIKeywordMain.groovy:64)
	at com.kms.katalon.core.webui.keyword.internal.WebUIKeywordMain.runKeyword(WebUIKeywordMain.groovy:26)
	at com.kms.katalon.core.webui.keyword.builtin.VerifyTextPresentKeyword.verifyTextPresent(VerifyTextPresentKeyword.groovy:83)
	at com.kms.katalon.core.webui.keyword.builtin.VerifyTextPresentKeyword.execute(VerifyTextPresentKeyword.groovy:68)
	at com.kms.katalon.core.keyword.internal.KeywordExecutor.executeKeywordForPlatform(KeywordExecutor.groovy:74)
	at com.kms.katalon.core.webui.keyword.WebUiBuiltInKeywords.verifyTextPresent(WebUiBuiltInKeywords.groovy:1723)
	at com.kms.katalon.core.webui.keyword.WebUiBuiltInKeywords$verifyTextPresent$7.call(Unknown Source)
	at PBY-006.run(PBY-006:61)
	at com.kms.katalon.core.main.ScriptEngine.run(ScriptEngine.java:194)
	at com.kms.katalon.core.main.ScriptEngine.runScriptAsRawText(ScriptEngine.java:119)
	at com.kms.katalon.core.main.TestCaseExecutor.runScript(TestCaseExecutor.java:448)
	at com.kms.katalon.core.main.TestCaseExecutor.doExecute(TestCaseExecutor.java:439)
	at com.kms.katalon.core.main.TestCaseExecutor.processExecutionPhase(TestCaseExecutor.java:418)
	at com.kms.katalon.core.main.TestCaseExecutor.accessMainPhase(TestCaseExecutor.java:410)
	at com.kms.katalon.core.main.TestCaseExecutor.execute(TestCaseExecutor.java:285)
	at com.kms.katalon.core.common.CommonExecutor.accessTestCaseMainPhase(CommonExecutor.java:65)
	at com.kms.katalon.core.main.TestSuiteExecutor.accessTestSuiteMainPhase(TestSuiteExecutor.java:148)
	at com.kms.katalon.core.main.TestSuiteExecutor.execute(TestSuiteExecutor.java:106)
	at com.kms.katalon.core.main.TestCaseMain.startTestSuite(TestCaseMain.java:187)
	at com.kms.katalon.core.main.TestCaseMain$startTestSuite$0.call(Unknown Source)
	at TempTestSuite1696491677292.run(TempTestSuite1696491677292.groovy:36)
Caused by: com.kms.katalon.core.exception.StepFailedException: Text 'inputkan harus angka sesuai' is not present on page 
	at com.kms.katalon.core.webui.keyword.internal.WebUIKeywordMain.stepFailed(WebUIKeywordMain.groovy:64)
	at com.kms.katalon.core.webui.keyword.builtin.VerifyTextPresentKeyword$_verifyTextPresent_closure1.doCall(VerifyTextPresentKeyword.groovy:79)
	at com.kms.katalon.core.webui.keyword.builtin.VerifyTextPresentKeyword$_verifyTextPresent_closure1.call(VerifyTextPresentKeyword.groovy)
	at com.kms.katalon.core.webui.keyword.internal.WebUIKeywordMain.runKeyword(WebUIKeywordMain.groovy:20)
	... 19 more
)
[[ATTACHMENT|C:\\FT2 XSIS\\Projek 2 MINI PROJEK\\Reports\\20231005_144117\\T13 Pembelian, Shipment dan Pembayaran\\T13 Pembelian, Shipment dan Pembayaran\\20231005_144117\\1696492404774.png]]]]></system-out>
         <system-err><![CDATA[2023-10-05 14:52:20 - [TEST_CASE][FAILED] - Test Cases/T13 Pembelian, Shipment dan Pembayaran/PBY-006: Test Cases/T13 Pembelian, Shipment dan Pembayaran/PBY-006 FAILED.
Reason:
com.kms.katalon.core.exception.StepFailedException: Unable to verify text 'inputkan harus angka sesuai' is present 
	at com.kms.katalon.core.webui.keyword.internal.WebUIKeywordMain.stepFailed(WebUIKeywordMain.groovy:64)
	at com.kms.katalon.core.webui.keyword.internal.WebUIKeywordMain.runKeyword(WebUIKeywordMain.groovy:26)
	at com.kms.katalon.core.webui.keyword.builtin.VerifyTextPresentKeyword.verifyTextPresent(VerifyTextPresentKeyword.groovy:83)
	at com.kms.katalon.core.webui.keyword.builtin.VerifyTextPresentKeyword.execute(VerifyTextPresentKeyword.groovy:68)
	at com.kms.katalon.core.keyword.internal.KeywordExecutor.executeKeywordForPlatform(KeywordExecutor.groovy:74)
	at com.kms.katalon.core.webui.keyword.WebUiBuiltInKeywords.verifyTextPresent(WebUiBuiltInKeywords.groovy:1723)
	at com.kms.katalon.core.webui.keyword.WebUiBuiltInKeywords$verifyTextPresent$7.call(Unknown Source)
	at PBY-006.run(PBY-006:61)
	at com.kms.katalon.core.main.ScriptEngine.run(ScriptEngine.java:194)
	at com.kms.katalon.core.main.ScriptEngine.runScriptAsRawText(ScriptEngine.java:119)
	at com.kms.katalon.core.main.TestCaseExecutor.runScript(TestCaseExecutor.java:448)
	at com.kms.katalon.core.main.TestCaseExecutor.doExecute(TestCaseExecutor.java:439)
	at com.kms.katalon.core.main.TestCaseExecutor.processExecutionPhase(TestCaseExecutor.java:418)
	at com.kms.katalon.core.main.TestCaseExecutor.accessMainPhase(TestCaseExecutor.java:410)
	at com.kms.katalon.core.main.TestCaseExecutor.execute(TestCaseExecutor.java:285)
	at com.kms.katalon.core.common.CommonExecutor.accessTestCaseMainPhase(CommonExecutor.java:65)
	at com.kms.katalon.core.main.TestSuiteExecutor.accessTestSuiteMainPhase(TestSuiteExecutor.java:148)
	at com.kms.katalon.core.main.TestSuiteExecutor.execute(TestSuiteExecutor.java:106)
	at com.kms.katalon.core.main.TestCaseMain.startTestSuite(TestCaseMain.java:187)
	at com.kms.katalon.core.main.TestCaseMain$startTestSuite$0.call(Unknown Source)
	at TempTestSuite1696491677292.run(TempTestSuite1696491677292.groovy:36)
Caused by: com.kms.katalon.core.exception.StepFailedException: Text 'inputkan harus angka sesuai' is not present on page 
	at com.kms.katalon.core.webui.keyword.internal.WebUIKeywordMain.stepFailed(WebUIKeywordMain.groovy:64)
	at com.kms.katalon.core.webui.keyword.builtin.VerifyTextPresentKeyword$_verifyTextPresent_closure1.doCall(VerifyTextPresentKeyword.groovy:79)
	at com.kms.katalon.core.webui.keyword.builtin.VerifyTextPresentKeyword$_verifyTextPresent_closure1.call(VerifyTextPresentKeyword.groovy)
	at com.kms.katalon.core.webui.keyword.internal.WebUIKeywordMain.runKeyword(WebUIKeywordMain.groovy:20)
	... 19 more]]></system-err>
      </testcase>
      <testcase name="Test Cases/T13 Pembelian, Shipment dan Pembayaran/PBY-007" time="61.445" classname="Test Cases/T13 Pembelian, Shipment dan Pembayaran/PBY-007" status="PASSED">
         <system-out><![CDATA[2023-10-05 14:53:24 - [TEST_CASE][PASSED] - Test Cases/T13 Pembelian, Shipment dan Pembayaran/PBY-007: Test Cases/T13 Pembelian, Shipment dan Pembayaran/PBY-007

2023-10-05 14:53:25 - [TEST_STEP][PASSED] - data = callTestCase(findTestCase("T13 Pembelian, Shipment dan Pembayaran/PBY-001"), [:], STOP_ON_FAILURE): Call Test Case 'Test Cases/T13 Pembelian, Shipment dan Pembayaran/PBY-001' successfully

2023-10-05 14:53:25 - [TEST_CASE][PASSED] - Test Cases/T13 Pembelian, Shipment dan Pembayaran/PBY-001: Test Cases/T13 Pembelian, Shipment dan Pembayaran/PBY-001

2023-10-05 14:53:25 - [TEST_STEP][PASSED] - data = callTestCase(findTestCase("T13 Pembelian, Shipment dan Pembayaran/PBL-004"), ["Kurir":"Roda 2"], STOP_ON_FAILURE): Call Test Case 'Test Cases/T13 Pembelian, Shipment dan Pembayaran/PBL-004' successfully

2023-10-05 14:53:25 - [TEST_CASE][PASSED] - Test Cases/T13 Pembelian, Shipment dan Pembayaran/PBL-004: Test Cases/T13 Pembelian, Shipment dan Pembayaran/PBL-004

2023-10-05 14:53:25 - [TEST_STEP][PASSED] - data = callTestCase(findTestCase("T13 Pembelian, Shipment dan Pembayaran/PBL-002"), [:], STOP_ON_FAILURE): Call Test Case 'Test Cases/T13 Pembelian, Shipment dan Pembayaran/PBL-002' successfully

2023-10-05 14:53:25 - [TEST_CASE][PASSED] - Test Cases/T13 Pembelian, Shipment dan Pembayaran/PBL-002: Test Cases/T13 Pembelian, Shipment dan Pembayaran/PBL-002

2023-10-05 14:53:25 - [TEST_STEP][PASSED] - data = callTestCase(findTestCase("T13 Pembelian, Shipment dan Pembayaran/PBL-001"), [:], STOP_ON_FAILURE): Call Test Case 'Test Cases/T13 Pembelian, Shipment dan Pembayaran/PBL-001' successfully

2023-10-05 14:53:25 - [TEST_CASE][PASSED] - Test Cases/T13 Pembelian, Shipment dan Pembayaran/PBL-001: Test Cases/T13 Pembelian, Shipment dan Pembayaran/PBL-001

2023-10-05 14:53:25 - [TEST_STEP][PASSED] - callTestCase(findTestCase("T13 Pembelian, Shipment dan Pembayaran/LU-001"), ["username":"irfanafandi", "password":"12345irfan"], STOP_ON_FAILURE): Call Test Case 'Test Cases/T13 Pembelian, Shipment dan Pembayaran/LU-001' successfully

2023-10-05 14:53:25 - [TEST_CASE][PASSED] - Test Cases/T13 Pembelian, Shipment dan Pembayaran/LU-001: Test Cases/T13 Pembelian, Shipment dan Pembayaran/LU-001

2023-10-05 14:53:25 - [TEST_STEP][PASSED] - openBrowser("https://10.9.2.63/ecommerce/"): Browser is opened with url: 'https://10.9.2.63/ecommerce/'

2023-10-05 14:53:25 - [MESSAGE][WARNING] - A browser is already opened. Closing browser and opening a new one

2023-10-05 14:53:26 - [MESSAGE][INFO] - Starting 'Edge Chromium' driver

2023-10-05 14:53:26 - [MESSAGE][INFO] - User set preference: ['acceptInsecureCerts', 'true']

2023-10-05 14:53:28 - [MESSAGE][INFO] - Action delay is set to 0 milliseconds

2023-10-05 14:53:33 - [MESSAGE][PASSED] - Browser is opened with url: 'https://10.9.2.63/ecommerce/'

2023-10-05 14:53:33 - [TEST_STEP][PASSED] - maximizeWindow(): Current window maximized

2023-10-05 14:53:33 - [MESSAGE][PASSED] - Current window maximized

2023-10-05 14:53:33 - [TEST_STEP][PASSED] - verifyElementPresent(findTestObject("Login/Home"), 0): Object 'Object Repository/Login/Home' is present

2023-10-05 14:53:33 - [MESSAGE][WARNING] - Timeout '0' is invalid. Using default page load timeout: '30'

2023-10-05 14:53:33 - [MESSAGE][PASSED] - Object 'Object Repository/Login/Home' is present

2023-10-05 14:53:33 - [TEST_STEP][PASSED] - click(findTestObject("Login/a_Login")): Object: 'Object Repository/Login/a_Login' is clicked on

2023-10-05 14:53:34 - [MESSAGE][PASSED] - Object: 'Object Repository/Login/a_Login' is clicked on

2023-10-05 14:53:34 - [TEST_STEP][PASSED] - verifyElementPresent(findTestObject("Login/Tittle Login"), 0): Object 'Object Repository/Login/Tittle Login' is present

2023-10-05 14:53:34 - [MESSAGE][WARNING] - Timeout '0' is invalid. Using default page load timeout: '30'

2023-10-05 14:53:35 - [MESSAGE][PASSED] - Object 'Object Repository/Login/Tittle Login' is present

2023-10-05 14:53:35 - [TEST_STEP][PASSED] - setText(findTestObject("Login/input_Username, Email atau No. Handphone_a"), username): Text 'irfanafandi' is set on object 'Object Repository/Login/input_Username, Email atau No. Handphone_a'

2023-10-05 14:53:35 - [MESSAGE][PASSED] - Text 'irfanafandi' is set on object 'Object Repository/Login/input_Username, Email atau No. Handphone_a'

2023-10-05 14:53:35 - [TEST_STEP][PASSED] - setText(findTestObject("Login/input_Password_b"), password): Text '12345irfan' is set on object 'Object Repository/Login/input_Password_b'

2023-10-05 14:53:36 - [MESSAGE][PASSED] - Text '12345irfan' is set on object 'Object Repository/Login/input_Password_b'

2023-10-05 14:53:36 - [TEST_STEP][PASSED] - click(findTestObject("Login/label_Ingat saya")): Object: 'Object Repository/Login/label_Ingat saya' is clicked on

2023-10-05 14:53:37 - [MESSAGE][PASSED] - Object: 'Object Repository/Login/label_Ingat saya' is clicked on

2023-10-05 14:53:37 - [TEST_STEP][PASSED] - click(findTestObject("Login/button_Masuk")): Object: 'Object Repository/Login/button_Masuk' is clicked on

2023-10-05 14:53:39 - [MESSAGE][PASSED] - Object: 'Object Repository/Login/button_Masuk' is clicked on

2023-10-05 14:53:39 - [TEST_STEP][PASSED] - verifyElementPresent(findTestObject("Login/li_Profile"), 0): Object 'Object Repository/Login/li_Profile' is present

2023-10-05 14:53:39 - [MESSAGE][WARNING] - Timeout '0' is invalid. Using default page load timeout: '30'

2023-10-05 14:53:39 - [MESSAGE][PASSED] - Object 'Object Repository/Login/li_Profile' is present

2023-10-05 14:53:39 - [MESSAGE][PASSED] - Call Test Case 'Test Cases/T13 Pembelian, Shipment dan Pembayaran/LU-001' successfully

2023-10-05 14:53:39 - [TEST_STEP][PASSED] - mouseOver(findTestObject("beli barang/i_Mulai Belanja_icon-menu")): Object: 'Object Repository/beli barang/i_Mulai Belanja_icon-menu' is hovered

2023-10-05 14:53:40 - [MESSAGE][PASSED] - Object: 'Object Repository/beli barang/i_Mulai Belanja_icon-menu' is hovered

2023-10-05 14:53:40 - [TEST_STEP][PASSED] - click(findTestObject("beli barang/a_Fashion  Busana Wanita")): Object: 'Object Repository/beli barang/a_Fashion  Busana Wanita' is clicked on

2023-10-05 14:53:42 - [MESSAGE][PASSED] - Object: 'Object Repository/beli barang/a_Fashion  Busana Wanita' is clicked on

2023-10-05 14:53:42 - [TEST_STEP][PASSED] - NamaSebelum = getText(findTestObject("verifikasi/Nama sebelum")): Text of object 'Object Repository/verifikasi/Nama sebelum' is: ''

2023-10-05 14:53:42 - [MESSAGE][PASSED] - Text of object 'Object Repository/verifikasi/Nama sebelum' is: ''

2023-10-05 14:53:42 - [TEST_STEP][PASSED] - HargaSebelum = getText(findTestObject("verifikasi/Harga sebelum")): Text of object 'Object Repository/verifikasi/Harga sebelum' is: 'Rp 1,299'

2023-10-05 14:53:43 - [MESSAGE][PASSED] - Text of object 'Object Repository/verifikasi/Harga sebelum' is: 'Rp 1,299'

2023-10-05 14:53:43 - [TEST_STEP][PASSED] - mouseOver(findTestObject("beli barang/barang mouse over")): Object: 'Object Repository/beli barang/barang mouse over' is hovered

2023-10-05 14:53:43 - [MESSAGE][PASSED] - Object: 'Object Repository/beli barang/barang mouse over' is hovered

2023-10-05 14:53:43 - [TEST_STEP][PASSED] - click(findTestObject("beli barang/buttom add to cart")): Object: 'Object Repository/beli barang/buttom add to cart' is clicked on

2023-10-05 14:53:45 - [MESSAGE][PASSED] - Object: 'Object Repository/beli barang/buttom add to cart' is clicked on

2023-10-05 14:53:45 - [TEST_STEP][PASSED] - NamaSesudah = getText(findTestObject("verifikasi/Nama sesudah")): Text of object 'Object Repository/verifikasi/Nama sesudah' is: 'Segitiga Instan Madeira - MDB5.3 Sunset'

2023-10-05 14:53:46 - [MESSAGE][PASSED] - Text of object 'Object Repository/verifikasi/Nama sesudah' is: 'Segitiga Instan Madeira - MDB5.3 Sunset'

2023-10-05 14:53:46 - [TEST_STEP][PASSED] - HargaSesudah = getText(findTestObject("verifikasi/Harga sesudah")): Text of object 'Object Repository/verifikasi/Harga sesudah' is: 'Rp 1,299'

2023-10-05 14:53:46 - [MESSAGE][PASSED] - Text of object 'Object Repository/verifikasi/Harga sesudah' is: 'Rp 1,299'

2023-10-05 14:53:46 - [TEST_STEP][PASSED] - assert NamaSesudah.contains(NamaSebelum): null

2023-10-05 14:53:46 - [TEST_STEP][PASSED] - assert HargaSesudah.contains(HargaSebelum): null

2023-10-05 14:53:46 - [TEST_STEP][PASSED] - click(findTestObject("beli barang/Tambah Keranjang busana wanita")): Object: 'Object Repository/beli barang/Tambah Keranjang busana wanita' is clicked on

2023-10-05 14:53:46 - [MESSAGE][PASSED] - Object: 'Object Repository/beli barang/Tambah Keranjang busana wanita' is clicked on

2023-10-05 14:53:46 - [TEST_STEP][PASSED] - verifyElementPresent(findTestObject("checkout/Notifikasi keranjang"), 1): Object 'Object Repository/checkout/Notifikasi keranjang' is present

2023-10-05 14:53:47 - [MESSAGE][PASSED] - Object 'Object Repository/checkout/Notifikasi keranjang' is present

2023-10-05 14:53:47 - [TEST_STEP][PASSED] - data = new java.util.HashMap(): null

2023-10-05 14:53:47 - [TEST_STEP][PASSED] - data.put("nama_barang", NamaSesudah): null

2023-10-05 14:53:47 - [TEST_STEP][PASSED] - data.put("price_barang", HargaSesudah): null

2023-10-05 14:53:47 - [TEST_STEP][PASSED] - return data: null

2023-10-05 14:53:47 - [MESSAGE][PASSED] - Call Test Case 'Test Cases/T13 Pembelian, Shipment dan Pembayaran/PBL-001' successfully

2023-10-05 14:53:47 - [TEST_STEP][PASSED] - mouseOver(findTestObject("beli barang/keranjang")): Object: 'Object Repository/beli barang/keranjang' is hovered

2023-10-05 14:53:48 - [MESSAGE][PASSED] - Object: 'Object Repository/beli barang/keranjang' is hovered

2023-10-05 14:53:48 - [TEST_STEP][PASSED] - click(findTestObject("beli barang/Lihat Sekarang")): Object: 'Object Repository/beli barang/Lihat Sekarang' is clicked on

2023-10-05 14:53:49 - [MESSAGE][PASSED] - Object: 'Object Repository/beli barang/Lihat Sekarang' is clicked on

2023-10-05 14:53:49 - [TEST_STEP][PASSED] - verifyElementPresent(findTestObject("keranjang/li_Keranjang Belanja"), 0): Object 'Object Repository/keranjang/li_Keranjang Belanja' is present

2023-10-05 14:53:49 - [MESSAGE][WARNING] - Timeout '0' is invalid. Using default page load timeout: '30'

2023-10-05 14:53:50 - [MESSAGE][PASSED] - Object 'Object Repository/keranjang/li_Keranjang Belanja' is present

2023-10-05 14:53:50 - [TEST_STEP][PASSED] - NamaKeranjang = getText(findTestObject("verifikasi/Nama keranjang")): Text of object 'Object Repository/verifikasi/Nama keranjang' is: 'Segitiga Instan Madeira - MDB5.3 Sunset'

2023-10-05 14:53:51 - [MESSAGE][PASSED] - Text of object 'Object Repository/verifikasi/Nama keranjang' is: 'Segitiga Instan Madeira - MDB5.3 Sunset'

2023-10-05 14:53:51 - [TEST_STEP][PASSED] - HargaKeranjang = getText(findTestObject("verifikasi/Harga Keranjang")): Text of object 'Object Repository/verifikasi/Harga Keranjang' is: 'Rp 1,299'

2023-10-05 14:53:51 - [MESSAGE][PASSED] - Text of object 'Object Repository/verifikasi/Harga Keranjang' is: 'Rp 1,299'

2023-10-05 14:53:51 - [TEST_STEP][PASSED] - if (toString().equalsIgnoreCase("Merah")): Object 'Object Repository/keranjang/input_Warna_variasi101' is checked

2023-10-05 14:53:51 - [TEST_STEP][PASSED] - check(findTestObject("Object Repository/keranjang/input_Warna_variasi101")): Object 'Object Repository/keranjang/input_Warna_variasi101' is checked

2023-10-05 14:53:51 - [MESSAGE][PASSED] - Object 'Object Repository/keranjang/input_Warna_variasi101' is checked

2023-10-05 14:53:51 - [TEST_STEP][PASSED] - if (toString().equalsIgnoreCase("Menengah")): Object 'Object Repository/keranjang/input_Ukuran_variasi201' is checked

2023-10-05 14:53:51 - [TEST_STEP][PASSED] - check(findTestObject("Object Repository/keranjang/input_Ukuran_variasi201")): Object 'Object Repository/keranjang/input_Ukuran_variasi201' is checked

2023-10-05 14:53:52 - [MESSAGE][PASSED] - Object 'Object Repository/keranjang/input_Ukuran_variasi201' is checked

2023-10-05 14:53:52 - [TEST_STEP][PASSED] - data.put("Warna", warna): null

2023-10-05 14:53:52 - [TEST_STEP][PASSED] - data.put("Ukuran", ukuran): null

2023-10-05 14:53:52 - [TEST_STEP][PASSED] - click(findTestObject("keranjang/button_Lanjut ke Pembayaran")): Object: 'Object Repository/keranjang/button_Lanjut ke Pembayaran' is clicked on

2023-10-05 14:53:53 - [MESSAGE][PASSED] - Object: 'Object Repository/keranjang/button_Lanjut ke Pembayaran' is clicked on

2023-10-05 14:53:53 - [TEST_STEP][PASSED] - verifyElementPresent(findTestObject("checkout/Tittle Checkout Order"), 0): Object 'Object Repository/checkout/Tittle Checkout Order' is present

2023-10-05 14:53:54 - [MESSAGE][WARNING] - Timeout '0' is invalid. Using default page load timeout: '30'

2023-10-05 14:53:54 - [MESSAGE][PASSED] - Object 'Object Repository/checkout/Tittle Checkout Order' is present

2023-10-05 14:53:54 - [TEST_STEP][PASSED] - name_product = data.get("nama_barang"): null

2023-10-05 14:53:54 - [TEST_STEP][PASSED] - price_product = data.get("price_barang"): null

2023-10-05 14:53:54 - [TEST_STEP][PASSED] - assert name_product == NamaKeranjang: null

2023-10-05 14:53:54 - [TEST_STEP][PASSED] - assert price_product == HargaKeranjang: null

2023-10-05 14:53:54 - [TEST_STEP][PASSED] - return data: null

2023-10-05 14:53:54 - [MESSAGE][PASSED] - Call Test Case 'Test Cases/T13 Pembelian, Shipment dan Pembayaran/PBL-002' successfully

2023-10-05 14:53:54 - [TEST_STEP][PASSED] - warnaa = getText(findTestObject("verifikasi/warna Merah")): Text of object 'Object Repository/verifikasi/warna Merah' is: 'Merah'

2023-10-05 14:53:55 - [MESSAGE][PASSED] - Text of object 'Object Repository/verifikasi/warna Merah' is: 'Merah'

2023-10-05 14:53:55 - [TEST_STEP][PASSED] - ukurann = getText(findTestObject("verifikasi/Ukuran Menengah")): Text of object 'Object Repository/verifikasi/Ukuran Menengah' is: 'Menengah'

2023-10-05 14:53:55 - [MESSAGE][PASSED] - Text of object 'Object Repository/verifikasi/Ukuran Menengah' is: 'Menengah'

2023-10-05 14:53:55 - [TEST_STEP][PASSED] - warna1 = data.get("Warna"): null

2023-10-05 14:53:55 - [TEST_STEP][PASSED] - ukuran1 = data.get("Ukuran"): null

2023-10-05 14:53:55 - [TEST_STEP][PASSED] - assert warnaa == warna1: null

2023-10-05 14:53:55 - [TEST_STEP][PASSED] - assert ukurann == ukuran1: null

2023-10-05 14:53:55 - [TEST_STEP][PASSED] - NamaCheckout = getText(findTestObject("verifikasi/NamaCheckout")): Text of object 'Object Repository/verifikasi/NamaCheckout' is: ''

2023-10-05 14:53:55 - [MESSAGE][PASSED] - Text of object 'Object Repository/verifikasi/NamaCheckout' is: ''

2023-10-05 14:53:55 - [TEST_STEP][PASSED] - HargaCheckout = getText(findTestObject("verifikasi/HargaCheckout")): Text of object 'Object Repository/verifikasi/HargaCheckout' is: '1,299'

2023-10-05 14:53:56 - [MESSAGE][PASSED] - Text of object 'Object Repository/verifikasi/HargaCheckout' is: '1,299'

2023-10-05 14:53:56 - [TEST_STEP][PASSED] - name_product = data.get("nama_barang"): null

2023-10-05 14:53:56 - [TEST_STEP][PASSED] - price_product = data.get("price_barang"): null

2023-10-05 14:53:56 - [TEST_STEP][PASSED] - assert name_product.contains(NamaCheckout): null

2023-10-05 14:53:56 - [TEST_STEP][PASSED] - assert price_product.contains(HargaCheckout): null

2023-10-05 14:53:56 - [TEST_STEP][PASSED] - selectOptionByLabel(findTestObject("checkout/select - Kirim via Kurir Lokal"), Kurir, false): All options with label 'Roda 2' are selected in object 'Object Repository/checkout/select - Kirim via Kurir Lokal' 

2023-10-05 14:53:57 - [MESSAGE][PASSED] - All options with label 'Roda 2' are selected in object 'Object Repository/checkout/select - Kirim via Kurir Lokal' 

2023-10-05 14:53:57 - [TEST_STEP][PASSED] - click(findTestObject("checkout/Kendaraan Kurir")): Object: 'Object Repository/checkout/Kendaraan Kurir' is clicked on

2023-10-05 14:53:57 - [MESSAGE][PASSED] - Object: 'Object Repository/checkout/Kendaraan Kurir' is clicked on

2023-10-05 14:53:57 - [TEST_STEP][PASSED] - OngkosKirim = getText(findTestObject("Object Repository/verifikasi/Ongkos Kirim checkout")): Text of object 'Object Repository/verifikasi/Ongkos Kirim checkout' is: 'Rp. 5,000'

2023-10-05 14:53:58 - [MESSAGE][PASSED] - Text of object 'Object Repository/verifikasi/Ongkos Kirim checkout' is: 'Rp. 5,000'

2023-10-05 14:53:58 - [TEST_STEP][PASSED] - Ongkos = OngkosKirim.substring(3, OngkosKirim.size()): null

2023-10-05 14:53:58 - [TEST_STEP][PASSED] - rep = Ongkos.replace(",", "."): null

2023-10-05 14:53:58 - [TEST_STEP][PASSED] - Ongkos_kirim = Double.parseDouble(rep): null

2023-10-05 14:53:58 - [TEST_STEP][PASSED] - println(Ongkos_kirim): null

2023-10-05 14:53:58 - [TEST_STEP][PASSED] - FeeAdmin = getText(findTestObject("verifikasi/Fee Admin checkout")): Text of object 'Object Repository/verifikasi/Fee Admin checkout' is: 'Fee Admin
Rp 1,500'

2023-10-05 14:53:58 - [MESSAGE][PASSED] - Text of object 'Object Repository/verifikasi/Fee Admin checkout' is: 'Fee Admin
Rp 1,500'

2023-10-05 14:53:58 - [TEST_STEP][PASSED] - Fee_Admin = FeeAdmin.substring(12, FeeAdmin.size()): null

2023-10-05 14:53:58 - [TEST_STEP][PASSED] - fee = Fee_Admin.replace(",", "."): null

2023-10-05 14:53:58 - [TEST_STEP][PASSED] - fee_admin = Double.parseDouble(fee): null

2023-10-05 14:53:58 - [TEST_STEP][PASSED] - println(fee_admin): null

2023-10-05 14:53:58 - [TEST_STEP][PASSED] - Subtotal = getText(findTestObject("verifikasi/subtotal checkout")): Text of object 'Object Repository/verifikasi/subtotal checkout' is: 'Subtotal
Rp 1,299'

2023-10-05 14:53:59 - [MESSAGE][PASSED] - Text of object 'Object Repository/verifikasi/subtotal checkout' is: 'Subtotal
Rp 1,299'

2023-10-05 14:53:59 - [TEST_STEP][PASSED] - sub_total = Subtotal.substring(12, Subtotal.size()): null

2023-10-05 14:53:59 - [TEST_STEP][PASSED] - sub = sub_total.replace(",", "."): null

2023-10-05 14:53:59 - [TEST_STEP][PASSED] - sub_total = Double.parseDouble(sub): null

2023-10-05 14:53:59 - [TEST_STEP][PASSED] - println(sub_total): null

2023-10-05 14:53:59 - [TEST_STEP][PASSED] - Total = getText(findTestObject("verifikasi/Total checkout")): Text of object 'Object Repository/verifikasi/Total checkout' is: 'Rp 7,799'

2023-10-05 14:53:59 - [MESSAGE][PASSED] - Text of object 'Object Repository/verifikasi/Total checkout' is: 'Rp 7,799'

2023-10-05 14:53:59 - [TEST_STEP][PASSED] - totall = Total.substring(3, Total.size()): null

2023-10-05 14:53:59 - [TEST_STEP][PASSED] - total = totall.replace(",", "."): null

2023-10-05 14:53:59 - [TEST_STEP][PASSED] - totall = Double.parseDouble(total): null

2023-10-05 14:53:59 - [TEST_STEP][PASSED] - println(totall): null

2023-10-05 14:53:59 - [TEST_STEP][PASSED] - Total_Harga = Ongkos_kirim + fee_admin + sub_total: null

2023-10-05 14:53:59 - [TEST_STEP][PASSED] - println(Total_Harga): null

2023-10-05 14:53:59 - [TEST_STEP][PASSED] - TotalHarga = Math.round(Total_Harga * 1000) / 1000: null

2023-10-05 14:53:59 - [TEST_STEP][PASSED] - println(TotalHarga): null

2023-10-05 14:53:59 - [TEST_STEP][PASSED] - assert totall == TotalHarga: null

2023-10-05 14:53:59 - [TEST_STEP][PASSED] - click(findTestObject("verifikasi/Metode Transfer")): Object: 'Object Repository/verifikasi/Metode Transfer' is clicked on

2023-10-05 14:54:00 - [MESSAGE][PASSED] - Object: 'Object Repository/verifikasi/Metode Transfer' is clicked on

2023-10-05 14:54:00 - [TEST_STEP][PASSED] - click(findTestObject("checkout/button_Proses Pembayaran")): Object: 'Object Repository/checkout/button_Proses Pembayaran' is clicked on

2023-10-05 14:54:08 - [MESSAGE][PASSED] - Object: 'Object Repository/checkout/button_Proses Pembayaran' is clicked on

2023-10-05 14:54:08 - [TEST_STEP][PASSED] - verifyElementPresent(findTestObject("pembayaran/Tittle nomor invoice"), 0): Object 'Object Repository/pembayaran/Tittle nomor invoice' is present

2023-10-05 14:54:08 - [MESSAGE][WARNING] - Timeout '0' is invalid. Using default page load timeout: '30'

2023-10-05 14:54:09 - [MESSAGE][PASSED] - Object 'Object Repository/pembayaran/Tittle nomor invoice' is present

2023-10-05 14:54:09 - [TEST_STEP][PASSED] - return data: null

2023-10-05 14:54:09 - [MESSAGE][PASSED] - Call Test Case 'Test Cases/T13 Pembelian, Shipment dan Pembayaran/PBL-004' successfully

2023-10-05 14:54:09 - [TEST_STEP][PASSED] - Invoice = getText(findTestObject("pembayaran/nomor invoice")): Text of object 'Object Repository/pembayaran/nomor invoice' is: 'TRX60.20231005145404'

2023-10-05 14:54:09 - [MESSAGE][PASSED] - Text of object 'Object Repository/pembayaran/nomor invoice' is: 'TRX60.20231005145404'

2023-10-05 14:54:09 - [TEST_STEP][PASSED] - data.put("invoice", Invoice): null

2023-10-05 14:54:09 - [TEST_STEP][PASSED] - NamaPemesan = getText(findTestObject("Konfirmasi pesanan shop/Nama pemesan")): Text of object 'Object Repository/Konfirmasi pesanan shop/Nama pemesan' is: 'irfan.afandi'

2023-10-05 14:54:10 - [MESSAGE][PASSED] - Text of object 'Object Repository/Konfirmasi pesanan shop/Nama pemesan' is: 'irfan.afandi'

2023-10-05 14:54:10 - [TEST_STEP][PASSED] - Nama = getText(findTestObject("pembayaran/Nama barang")): Text of object 'Object Repository/pembayaran/Nama barang' is: 'Segitiga Instan Madeira - MDB5.3 Sunset'

2023-10-05 14:54:10 - [MESSAGE][PASSED] - Text of object 'Object Repository/pembayaran/Nama barang' is: 'Segitiga Instan Madeira - MDB5.3 Sunset'

2023-10-05 14:54:10 - [TEST_STEP][PASSED] - Harga = getText(findTestObject("pembayaran/Harga barang")): Text of object 'Object Repository/pembayaran/Harga barang' is: '1,299'

2023-10-05 14:54:11 - [MESSAGE][PASSED] - Text of object 'Object Repository/pembayaran/Harga barang' is: '1,299'

2023-10-05 14:54:11 - [TEST_STEP][PASSED] - name_product = data.get("nama_barang"): null

2023-10-05 14:54:11 - [TEST_STEP][PASSED] - price_product = data.get("price_barang"): null

2023-10-05 14:54:11 - [TEST_STEP][PASSED] - assert name_product.contains(Nama): null

2023-10-05 14:54:11 - [TEST_STEP][PASSED] - assert price_product.contains(Harga): null

2023-10-05 14:54:11 - [TEST_STEP][PASSED] - warnaa = getText(findTestObject("pembayaran/warna")): Text of object 'Object Repository/pembayaran/warna' is: 'Merah'

2023-10-05 14:54:11 - [MESSAGE][PASSED] - Text of object 'Object Repository/pembayaran/warna' is: 'Merah'

2023-10-05 14:54:11 - [TEST_STEP][PASSED] - ukurann = getText(findTestObject("pembayaran/ukuran")): Text of object 'Object Repository/pembayaran/ukuran' is: 'Menengah'

2023-10-05 14:54:12 - [MESSAGE][PASSED] - Text of object 'Object Repository/pembayaran/ukuran' is: 'Menengah'

2023-10-05 14:54:12 - [TEST_STEP][PASSED] - warna1 = data.get("Warna"): null

2023-10-05 14:54:12 - [TEST_STEP][PASSED] - ukuran1 = data.get("Ukuran"): null

2023-10-05 14:54:12 - [TEST_STEP][PASSED] - assert warnaa == warna1: null

2023-10-05 14:54:12 - [TEST_STEP][PASSED] - assert ukurann == ukuran1: null

2023-10-05 14:54:12 - [TEST_STEP][PASSED] - statusPembelian = getText(findTestObject("verifikasi/Status pending di pembelian")): Text of object 'Object Repository/verifikasi/Status pending di pembelian' is: 'Pending'

2023-10-05 14:54:12 - [MESSAGE][PASSED] - Text of object 'Object Repository/verifikasi/Status pending di pembelian' is: 'Pending'

2023-10-05 14:54:12 - [TEST_STEP][PASSED] - data.put("statusPem", statusPembelian): null

2023-10-05 14:54:12 - [TEST_STEP][PASSED] - OngkosKirim = getText(findTestObject("pembayaran/ongkos kirim")): Text of object 'Object Repository/pembayaran/ongkos kirim' is: 'Rp 5,000'

2023-10-05 14:54:13 - [MESSAGE][PASSED] - Text of object 'Object Repository/pembayaran/ongkos kirim' is: 'Rp 5,000'

2023-10-05 14:54:13 - [TEST_STEP][PASSED] - Ongkos = OngkosKirim.substring(3, OngkosKirim.size()): null

2023-10-05 14:54:13 - [TEST_STEP][PASSED] - rep = Ongkos.replace(",", ""): null

2023-10-05 14:54:13 - [TEST_STEP][PASSED] - Ongkos_kirimm = Integer.parseInt(rep): null

2023-10-05 14:54:13 - [TEST_STEP][PASSED] - println(Ongkos_kirimm): null

2023-10-05 14:54:13 - [TEST_STEP][PASSED] - FeeAdmin = getText(findTestObject("pembayaran/fee admin")): Text of object 'Object Repository/pembayaran/fee admin' is: 'Rp 1,500'

2023-10-05 14:54:13 - [MESSAGE][PASSED] - Text of object 'Object Repository/pembayaran/fee admin' is: 'Rp 1,500'

2023-10-05 14:54:13 - [TEST_STEP][PASSED] - Fee_Admin = FeeAdmin.substring(3, FeeAdmin.size()): null

2023-10-05 14:54:13 - [TEST_STEP][PASSED] - fee = Fee_Admin.replace(",", ""): null

2023-10-05 14:54:13 - [TEST_STEP][PASSED] - fee_adminn = Integer.parseInt(fee): null

2023-10-05 14:54:13 - [TEST_STEP][PASSED] - println(fee_adminn): null

2023-10-05 14:54:13 - [TEST_STEP][PASSED] - Subtotal = getText(findTestObject("pembayaran/subtotal")): Text of object 'Object Repository/pembayaran/subtotal' is: 'Rp 1,299'

2023-10-05 14:54:14 - [MESSAGE][PASSED] - Text of object 'Object Repository/pembayaran/subtotal' is: 'Rp 1,299'

2023-10-05 14:54:14 - [TEST_STEP][PASSED] - sub_total = Subtotal.substring(3, Subtotal.size()): null

2023-10-05 14:54:14 - [TEST_STEP][PASSED] - sub = sub_total.replace(",", ""): null

2023-10-05 14:54:14 - [TEST_STEP][PASSED] - sub_totall = Integer.parseInt(sub): null

2023-10-05 14:54:14 - [TEST_STEP][PASSED] - println(sub_totall): null

2023-10-05 14:54:14 - [TEST_STEP][PASSED] - unik = getText(findTestObject("pembayaran/kode unik")): Text of object 'Object Repository/pembayaran/kode unik' is: '+404'

2023-10-05 14:54:14 - [MESSAGE][PASSED] - Text of object 'Object Repository/pembayaran/kode unik' is: '+404'

2023-10-05 14:54:14 - [TEST_STEP][PASSED] - unikk = unik.replace("+", ""): null

2023-10-05 14:54:14 - [TEST_STEP][PASSED] - kode_unik = Integer.parseInt(unikk): null

2023-10-05 14:54:14 - [TEST_STEP][PASSED] - println(kode_unik): null

2023-10-05 14:54:14 - [TEST_STEP][PASSED] - Total = getText(findTestObject("pembayaran/total")): Text of object 'Object Repository/pembayaran/total' is: '8,203'

2023-10-05 14:54:15 - [MESSAGE][PASSED] - Text of object 'Object Repository/pembayaran/total' is: '8,203'

2023-10-05 14:54:15 - [TEST_STEP][PASSED] - total = Total.replace(",", ""): null

2023-10-05 14:54:15 - [TEST_STEP][PASSED] - totalll = Integer.parseInt(total): null

2023-10-05 14:54:15 - [TEST_STEP][PASSED] - println(totalll): null

2023-10-05 14:54:15 - [TEST_STEP][PASSED] - Total_Hargaa = Ongkos_kirimm + fee_adminn + sub_totall + kode_unik: null

2023-10-05 14:54:15 - [TEST_STEP][PASSED] - println(Total_Hargaa): null

2023-10-05 14:54:15 - [TEST_STEP][PASSED] - assert totalll == Total_Hargaa: null

2023-10-05 14:54:15 - [TEST_STEP][PASSED] - data.put("total", Total): null

2023-10-05 14:54:15 - [TEST_STEP][PASSED] - data.put("nama", NamaPemesan): null

2023-10-05 14:54:15 - [TEST_STEP][PASSED] - return data: null

2023-10-05 14:54:15 - [MESSAGE][PASSED] - Call Test Case 'Test Cases/T13 Pembelian, Shipment dan Pembayaran/PBY-001' successfully

2023-10-05 14:54:15 - [TEST_STEP][PASSED] - inv = data.get("invoice"): null

2023-10-05 14:54:15 - [TEST_STEP][PASSED] - Total = data.get("total"): null

2023-10-05 14:54:15 - [TEST_STEP][PASSED] - NamaPemesan = data.get("nama"): null

2023-10-05 14:54:15 - [TEST_STEP][PASSED] - click(findTestObject("Konfirmasi pesanan shop/Menu Shop")): Object: 'Object Repository/Konfirmasi pesanan shop/Menu Shop' is clicked on

2023-10-05 14:54:17 - [MESSAGE][PASSED] - Object: 'Object Repository/Konfirmasi pesanan shop/Menu Shop' is clicked on

2023-10-05 14:54:17 - [TEST_STEP][PASSED] - click(findTestObject("Konfirmasi pesanan shop/Menu Shop")): Object: 'Object Repository/Konfirmasi pesanan shop/Menu Shop' is clicked on

2023-10-05 14:54:17 - [MESSAGE][PASSED] - Object: 'Object Repository/Konfirmasi pesanan shop/Menu Shop' is clicked on

2023-10-05 14:54:17 - [TEST_STEP][PASSED] - click(findTestObject("Konfirmasi pesanan shop/Konfirmasi Orders")): Object: 'Object Repository/Konfirmasi pesanan shop/Konfirmasi Orders' is clicked on

2023-10-05 14:54:18 - [MESSAGE][PASSED] - Object: 'Object Repository/Konfirmasi pesanan shop/Konfirmasi Orders' is clicked on

2023-10-05 14:54:18 - [TEST_STEP][PASSED] - verifyElementPresent(findTestObject("Konfirmasi pesanan shop/Tittle Konfirmasi Pesanan"), 0): Object 'Object Repository/Konfirmasi pesanan shop/Tittle Konfirmasi Pesanan' is present

2023-10-05 14:54:18 - [MESSAGE][WARNING] - Timeout '0' is invalid. Using default page load timeout: '30'

2023-10-05 14:54:19 - [MESSAGE][PASSED] - Object 'Object Repository/Konfirmasi pesanan shop/Tittle Konfirmasi Pesanan' is present

2023-10-05 14:54:19 - [TEST_STEP][PASSED] - setText(findTestObject("Konfirmasi pesanan shop/input_No Pesanan"), inv): Text 'TRX60.20231005145404' is set on object 'Object Repository/Konfirmasi pesanan shop/input_No Pesanan'

2023-10-05 14:54:20 - [MESSAGE][PASSED] - Text 'TRX60.20231005145404' is set on object 'Object Repository/Konfirmasi pesanan shop/input_No Pesanan'

2023-10-05 14:54:20 - [TEST_STEP][PASSED] - setText(findTestObject("Konfirmasi pesanan shop/input_Alamat E-mai"), "irfan@gmail.com"): Text 'irfan@gmail.com' is set on object 'Object Repository/Konfirmasi pesanan shop/input_Alamat E-mai'

2023-10-05 14:54:21 - [MESSAGE][PASSED] - Text 'irfan@gmail.com' is set on object 'Object Repository/Konfirmasi pesanan shop/input_Alamat E-mai'

2023-10-05 14:54:21 - [TEST_STEP][PASSED] - click(findTestObject("Konfirmasi pesanan shop/button_Submit")): Object: 'Object Repository/Konfirmasi pesanan shop/button_Submit' is clicked on

2023-10-05 14:54:22 - [MESSAGE][PASSED] - Object: 'Object Repository/Konfirmasi pesanan shop/button_Submit' is clicked on

2023-10-05 14:54:22 - [TEST_STEP][PASSED] - verifyElementPresent(findTestObject("Konfirmasi pesanan shop/Tittle nomor invoice"), 0): Object 'Object Repository/Konfirmasi pesanan shop/Tittle nomor invoice' is present

2023-10-05 14:54:22 - [MESSAGE][WARNING] - Timeout '0' is invalid. Using default page load timeout: '30'

2023-10-05 14:54:22 - [MESSAGE][PASSED] - Object 'Object Repository/Konfirmasi pesanan shop/Tittle nomor invoice' is present

2023-10-05 14:54:22 - [TEST_STEP][PASSED] - setText(findTestObject("Konfirmasi pesanan shop/input_Total TagihanTransfer_b"), Total): Text '8,203' is set on object 'Object Repository/Konfirmasi pesanan shop/input_Total TagihanTransfer_b'

2023-10-05 14:54:23 - [MESSAGE][PASSED] - Text '8,203' is set on object 'Object Repository/Konfirmasi pesanan shop/input_Total TagihanTransfer_b'

2023-10-05 14:54:23 - [TEST_STEP][PASSED] - selectOptionByValue(findTestObject("Konfirmasi pesanan shop/select_Bank"), "4", false): All options with value '4' are selected in object 'Object Repository/Konfirmasi pesanan shop/select_Bank' 

2023-10-05 14:54:24 - [MESSAGE][PASSED] - All options with value '4' are selected in object 'Object Repository/Konfirmasi pesanan shop/select_Bank' 

2023-10-05 14:54:24 - [TEST_STEP][PASSED] - clearText(findTestObject("Konfirmasi pesanan shop/input_Nama Pengirim_d"), STOP_ON_FAILURE): Text of object 'Object Repository/Konfirmasi pesanan shop/input_Nama Pengirim_d' is cleared

2023-10-05 14:54:25 - [MESSAGE][PASSED] - Text of object 'Object Repository/Konfirmasi pesanan shop/input_Nama Pengirim_d' is cleared

2023-10-05 14:54:25 - [TEST_STEP][PASSED] - uploadFile(findTestObject("Konfirmasi pesanan shop/input_Upload Bukti Transfer_f"), "C:\Users\IRFAN\Downloads\Berkas2.pdf"): File 'C:\Users\IRFAN\Downloads\Berkas2.pdf' sent to object: 'Object Repository/Konfirmasi pesanan shop/input_Upload Bukti Transfer_f'

2023-10-05 14:54:25 - [MESSAGE][PASSED] - File 'C:\Users\IRFAN\Downloads\Berkas2.pdf' sent to object: 'Object Repository/Konfirmasi pesanan shop/input_Upload Bukti Transfer_f'

2023-10-05 14:54:25 - [TEST_STEP][PASSED] - click(findTestObject("Konfirmasi pesanan shop/button_Konfirmasi Pembayaran")): Object: 'Object Repository/Konfirmasi pesanan shop/button_Konfirmasi Pembayaran' is clicked on

2023-10-05 14:54:26 - [MESSAGE][PASSED] - Object: 'Object Repository/Konfirmasi pesanan shop/button_Konfirmasi Pembayaran' is clicked on

2023-10-05 14:54:26 - [TEST_STEP][PASSED] - webDriver = getWebDriver(): null

2023-10-05 14:54:26 - [TEST_STEP][PASSED] - field_nama = webDriver.findElement(By.xpath("//input[@name="d"]")): null

2023-10-05 14:54:26 - [TEST_STEP][PASSED] - error_message = webDriver.executeScript("return arguments[0].validationMessage", field_nama): null

2023-10-05 14:54:26 - [TEST_STEP][PASSED] - println(error_message): null

2023-10-05 14:54:26 - [TEST_STEP][PASSED] - assert error_message == "Please fill out this field.": null]]></system-out>
         <system-err><![CDATA[]]></system-err>
      </testcase>
      <testcase name="Test Cases/T13 Pembelian, Shipment dan Pembayaran/PBY-008" time="63.375" classname="Test Cases/T13 Pembelian, Shipment dan Pembayaran/PBY-008" status="FAILED">
         <failure type="FAILED" message="Test Cases/T13 Pembelian, Shipment dan Pembayaran/PBY-008 FAILED.
Reason:
com.kms.katalon.core.exception.StepFailedException: Unable to verify text 'Please fill out this field.' is present 
	at com.kms.katalon.core.webui.keyword.internal.WebUIKeywordMain.stepFailed(WebUIKeywordMain.groovy:64)
	at com.kms.katalon.core.webui.keyword.internal.WebUIKeywordMain.runKeyword(WebUIKeywordMain.groovy:26)
	at com.kms.katalon.core.webui.keyword.builtin.VerifyTextPresentKeyword.verifyTextPresent(VerifyTextPresentKeyword.groovy:83)
	at com.kms.katalon.core.webui.keyword.builtin.VerifyTextPresentKeyword.execute(VerifyTextPresentKeyword.groovy:68)
	at com.kms.katalon.core.keyword.internal.KeywordExecutor.executeKeywordForPlatform(KeywordExecutor.groovy:74)
	at com.kms.katalon.core.webui.keyword.WebUiBuiltInKeywords.verifyTextPresent(WebUiBuiltInKeywords.groovy:1723)
	at com.kms.katalon.core.webui.keyword.WebUiBuiltInKeywords$verifyTextPresent$7.call(Unknown Source)
	at PBY-008.run(PBY-008:57)
	at com.kms.katalon.core.main.ScriptEngine.run(ScriptEngine.java:194)
	at com.kms.katalon.core.main.ScriptEngine.runScriptAsRawText(ScriptEngine.java:119)
	at com.kms.katalon.core.main.TestCaseExecutor.runScript(TestCaseExecutor.java:448)
	at com.kms.katalon.core.main.TestCaseExecutor.doExecute(TestCaseExecutor.java:439)
	at com.kms.katalon.core.main.TestCaseExecutor.processExecutionPhase(TestCaseExecutor.java:418)
	at com.kms.katalon.core.main.TestCaseExecutor.accessMainPhase(TestCaseExecutor.java:410)
	at com.kms.katalon.core.main.TestCaseExecutor.execute(TestCaseExecutor.java:285)
	at com.kms.katalon.core.common.CommonExecutor.accessTestCaseMainPhase(CommonExecutor.java:65)
	at com.kms.katalon.core.main.TestSuiteExecutor.accessTestSuiteMainPhase(TestSuiteExecutor.java:148)
	at com.kms.katalon.core.main.TestSuiteExecutor.execute(TestSuiteExecutor.java:106)
	at com.kms.katalon.core.main.TestCaseMain.startTestSuite(TestCaseMain.java:187)
	at com.kms.katalon.core.main.TestCaseMain$startTestSuite$0.call(Unknown Source)
	at TempTestSuite1696491677292.run(TempTestSuite1696491677292.groovy:36)
Caused by: com.kms.katalon.core.exception.StepFailedException: Text 'Please fill out this field.' is not present on page 
	at com.kms.katalon.core.webui.keyword.internal.WebUIKeywordMain.stepFailed(WebUIKeywordMain.groovy:64)
	at com.kms.katalon.core.webui.keyword.builtin.VerifyTextPresentKeyword$_verifyTextPresent_closure1.doCall(VerifyTextPresentKeyword.groovy:79)
	at com.kms.katalon.core.webui.keyword.builtin.VerifyTextPresentKeyword$_verifyTextPresent_closure1.call(VerifyTextPresentKeyword.groovy)
	at com.kms.katalon.core.webui.keyword.internal.WebUIKeywordMain.runKeyword(WebUIKeywordMain.groovy:20)
	... 19 more
"/>
         <system-out><![CDATA[2023-10-05 14:54:26 - [TEST_CASE][FAILED] - Test Cases/T13 Pembelian, Shipment dan Pembayaran/PBY-008: Test Cases/T13 Pembelian, Shipment dan Pembayaran/PBY-008 FAILED.
Reason:
com.kms.katalon.core.exception.StepFailedException: Unable to verify text 'Please fill out this field.' is present 
	at com.kms.katalon.core.webui.keyword.internal.WebUIKeywordMain.stepFailed(WebUIKeywordMain.groovy:64)
	at com.kms.katalon.core.webui.keyword.internal.WebUIKeywordMain.runKeyword(WebUIKeywordMain.groovy:26)
	at com.kms.katalon.core.webui.keyword.builtin.VerifyTextPresentKeyword.verifyTextPresent(VerifyTextPresentKeyword.groovy:83)
	at com.kms.katalon.core.webui.keyword.builtin.VerifyTextPresentKeyword.execute(VerifyTextPresentKeyword.groovy:68)
	at com.kms.katalon.core.keyword.internal.KeywordExecutor.executeKeywordForPlatform(KeywordExecutor.groovy:74)
	at com.kms.katalon.core.webui.keyword.WebUiBuiltInKeywords.verifyTextPresent(WebUiBuiltInKeywords.groovy:1723)
	at com.kms.katalon.core.webui.keyword.WebUiBuiltInKeywords$verifyTextPresent$7.call(Unknown Source)
	at PBY-008.run(PBY-008:57)
	at com.kms.katalon.core.main.ScriptEngine.run(ScriptEngine.java:194)
	at com.kms.katalon.core.main.ScriptEngine.runScriptAsRawText(ScriptEngine.java:119)
	at com.kms.katalon.core.main.TestCaseExecutor.runScript(TestCaseExecutor.java:448)
	at com.kms.katalon.core.main.TestCaseExecutor.doExecute(TestCaseExecutor.java:439)
	at com.kms.katalon.core.main.TestCaseExecutor.processExecutionPhase(TestCaseExecutor.java:418)
	at com.kms.katalon.core.main.TestCaseExecutor.accessMainPhase(TestCaseExecutor.java:410)
	at com.kms.katalon.core.main.TestCaseExecutor.execute(TestCaseExecutor.java:285)
	at com.kms.katalon.core.common.CommonExecutor.accessTestCaseMainPhase(CommonExecutor.java:65)
	at com.kms.katalon.core.main.TestSuiteExecutor.accessTestSuiteMainPhase(TestSuiteExecutor.java:148)
	at com.kms.katalon.core.main.TestSuiteExecutor.execute(TestSuiteExecutor.java:106)
	at com.kms.katalon.core.main.TestCaseMain.startTestSuite(TestCaseMain.java:187)
	at com.kms.katalon.core.main.TestCaseMain$startTestSuite$0.call(Unknown Source)
	at TempTestSuite1696491677292.run(TempTestSuite1696491677292.groovy:36)
Caused by: com.kms.katalon.core.exception.StepFailedException: Text 'Please fill out this field.' is not present on page 
	at com.kms.katalon.core.webui.keyword.internal.WebUIKeywordMain.stepFailed(WebUIKeywordMain.groovy:64)
	at com.kms.katalon.core.webui.keyword.builtin.VerifyTextPresentKeyword$_verifyTextPresent_closure1.doCall(VerifyTextPresentKeyword.groovy:79)
	at com.kms.katalon.core.webui.keyword.builtin.VerifyTextPresentKeyword$_verifyTextPresent_closure1.call(VerifyTextPresentKeyword.groovy)
	at com.kms.katalon.core.webui.keyword.internal.WebUIKeywordMain.runKeyword(WebUIKeywordMain.groovy:20)
	... 19 more


2023-10-05 14:54:26 - [TEST_STEP][PASSED] - data = callTestCase(findTestCase("T13 Pembelian, Shipment dan Pembayaran/PBY-001"), [:], STOP_ON_FAILURE): Call Test Case 'Test Cases/T13 Pembelian, Shipment dan Pembayaran/PBY-001' successfully

2023-10-05 14:54:26 - [TEST_CASE][PASSED] - Test Cases/T13 Pembelian, Shipment dan Pembayaran/PBY-001: Test Cases/T13 Pembelian, Shipment dan Pembayaran/PBY-001

2023-10-05 14:54:26 - [TEST_STEP][PASSED] - data = callTestCase(findTestCase("T13 Pembelian, Shipment dan Pembayaran/PBL-004"), ["Kurir":"Roda 2"], STOP_ON_FAILURE): Call Test Case 'Test Cases/T13 Pembelian, Shipment dan Pembayaran/PBL-004' successfully

2023-10-05 14:54:26 - [TEST_CASE][PASSED] - Test Cases/T13 Pembelian, Shipment dan Pembayaran/PBL-004: Test Cases/T13 Pembelian, Shipment dan Pembayaran/PBL-004

2023-10-05 14:54:26 - [TEST_STEP][PASSED] - data = callTestCase(findTestCase("T13 Pembelian, Shipment dan Pembayaran/PBL-002"), [:], STOP_ON_FAILURE): Call Test Case 'Test Cases/T13 Pembelian, Shipment dan Pembayaran/PBL-002' successfully

2023-10-05 14:54:26 - [TEST_CASE][PASSED] - Test Cases/T13 Pembelian, Shipment dan Pembayaran/PBL-002: Test Cases/T13 Pembelian, Shipment dan Pembayaran/PBL-002

2023-10-05 14:54:27 - [TEST_STEP][PASSED] - data = callTestCase(findTestCase("T13 Pembelian, Shipment dan Pembayaran/PBL-001"), [:], STOP_ON_FAILURE): Call Test Case 'Test Cases/T13 Pembelian, Shipment dan Pembayaran/PBL-001' successfully

2023-10-05 14:54:27 - [TEST_CASE][PASSED] - Test Cases/T13 Pembelian, Shipment dan Pembayaran/PBL-001: Test Cases/T13 Pembelian, Shipment dan Pembayaran/PBL-001

2023-10-05 14:54:27 - [TEST_STEP][PASSED] - callTestCase(findTestCase("T13 Pembelian, Shipment dan Pembayaran/LU-001"), ["username":"irfanafandi", "password":"12345irfan"], STOP_ON_FAILURE): Call Test Case 'Test Cases/T13 Pembelian, Shipment dan Pembayaran/LU-001' successfully

2023-10-05 14:54:27 - [TEST_CASE][PASSED] - Test Cases/T13 Pembelian, Shipment dan Pembayaran/LU-001: Test Cases/T13 Pembelian, Shipment dan Pembayaran/LU-001

2023-10-05 14:54:27 - [TEST_STEP][PASSED] - openBrowser("https://10.9.2.63/ecommerce/"): Browser is opened with url: 'https://10.9.2.63/ecommerce/'

2023-10-05 14:54:27 - [MESSAGE][WARNING] - A browser is already opened. Closing browser and opening a new one

2023-10-05 14:54:27 - [MESSAGE][INFO] - Starting 'Edge Chromium' driver

2023-10-05 14:54:27 - [MESSAGE][INFO] - User set preference: ['acceptInsecureCerts', 'true']

2023-10-05 14:54:30 - [MESSAGE][INFO] - Action delay is set to 0 milliseconds

2023-10-05 14:54:34 - [MESSAGE][PASSED] - Browser is opened with url: 'https://10.9.2.63/ecommerce/'

2023-10-05 14:54:34 - [TEST_STEP][PASSED] - maximizeWindow(): Current window maximized

2023-10-05 14:54:34 - [MESSAGE][PASSED] - Current window maximized

2023-10-05 14:54:34 - [TEST_STEP][PASSED] - verifyElementPresent(findTestObject("Login/Home"), 0): Object 'Object Repository/Login/Home' is present

2023-10-05 14:54:34 - [MESSAGE][WARNING] - Timeout '0' is invalid. Using default page load timeout: '30'

2023-10-05 14:54:35 - [MESSAGE][PASSED] - Object 'Object Repository/Login/Home' is present

2023-10-05 14:54:35 - [TEST_STEP][PASSED] - click(findTestObject("Login/a_Login")): Object: 'Object Repository/Login/a_Login' is clicked on

2023-10-05 14:54:36 - [MESSAGE][PASSED] - Object: 'Object Repository/Login/a_Login' is clicked on

2023-10-05 14:54:36 - [TEST_STEP][PASSED] - verifyElementPresent(findTestObject("Login/Tittle Login"), 0): Object 'Object Repository/Login/Tittle Login' is present

2023-10-05 14:54:36 - [MESSAGE][WARNING] - Timeout '0' is invalid. Using default page load timeout: '30'

2023-10-05 14:54:36 - [MESSAGE][PASSED] - Object 'Object Repository/Login/Tittle Login' is present

2023-10-05 14:54:36 - [TEST_STEP][PASSED] - setText(findTestObject("Login/input_Username, Email atau No. Handphone_a"), username): Text 'irfanafandi' is set on object 'Object Repository/Login/input_Username, Email atau No. Handphone_a'

2023-10-05 14:54:37 - [MESSAGE][PASSED] - Text 'irfanafandi' is set on object 'Object Repository/Login/input_Username, Email atau No. Handphone_a'

2023-10-05 14:54:37 - [TEST_STEP][PASSED] - setText(findTestObject("Login/input_Password_b"), password): Text '12345irfan' is set on object 'Object Repository/Login/input_Password_b'

2023-10-05 14:54:38 - [MESSAGE][PASSED] - Text '12345irfan' is set on object 'Object Repository/Login/input_Password_b'

2023-10-05 14:54:38 - [TEST_STEP][PASSED] - click(findTestObject("Login/label_Ingat saya")): Object: 'Object Repository/Login/label_Ingat saya' is clicked on

2023-10-05 14:54:38 - [MESSAGE][PASSED] - Object: 'Object Repository/Login/label_Ingat saya' is clicked on

2023-10-05 14:54:38 - [TEST_STEP][PASSED] - click(findTestObject("Login/button_Masuk")): Object: 'Object Repository/Login/button_Masuk' is clicked on

2023-10-05 14:54:40 - [MESSAGE][PASSED] - Object: 'Object Repository/Login/button_Masuk' is clicked on

2023-10-05 14:54:40 - [TEST_STEP][PASSED] - verifyElementPresent(findTestObject("Login/li_Profile"), 0): Object 'Object Repository/Login/li_Profile' is present

2023-10-05 14:54:40 - [MESSAGE][WARNING] - Timeout '0' is invalid. Using default page load timeout: '30'

2023-10-05 14:54:41 - [MESSAGE][PASSED] - Object 'Object Repository/Login/li_Profile' is present

2023-10-05 14:54:41 - [MESSAGE][PASSED] - Call Test Case 'Test Cases/T13 Pembelian, Shipment dan Pembayaran/LU-001' successfully

2023-10-05 14:54:41 - [TEST_STEP][PASSED] - mouseOver(findTestObject("beli barang/i_Mulai Belanja_icon-menu")): Object: 'Object Repository/beli barang/i_Mulai Belanja_icon-menu' is hovered

2023-10-05 14:54:41 - [MESSAGE][PASSED] - Object: 'Object Repository/beli barang/i_Mulai Belanja_icon-menu' is hovered

2023-10-05 14:54:41 - [TEST_STEP][PASSED] - click(findTestObject("beli barang/a_Fashion  Busana Wanita")): Object: 'Object Repository/beli barang/a_Fashion  Busana Wanita' is clicked on

2023-10-05 14:54:43 - [MESSAGE][PASSED] - Object: 'Object Repository/beli barang/a_Fashion  Busana Wanita' is clicked on

2023-10-05 14:54:43 - [TEST_STEP][PASSED] - NamaSebelum = getText(findTestObject("verifikasi/Nama sebelum")): Text of object 'Object Repository/verifikasi/Nama sebelum' is: ''

2023-10-05 14:54:43 - [MESSAGE][PASSED] - Text of object 'Object Repository/verifikasi/Nama sebelum' is: ''

2023-10-05 14:54:43 - [TEST_STEP][PASSED] - HargaSebelum = getText(findTestObject("verifikasi/Harga sebelum")): Text of object 'Object Repository/verifikasi/Harga sebelum' is: 'Rp 1,299'

2023-10-05 14:54:44 - [MESSAGE][PASSED] - Text of object 'Object Repository/verifikasi/Harga sebelum' is: 'Rp 1,299'

2023-10-05 14:54:44 - [TEST_STEP][PASSED] - mouseOver(findTestObject("beli barang/barang mouse over")): Object: 'Object Repository/beli barang/barang mouse over' is hovered

2023-10-05 14:54:44 - [MESSAGE][PASSED] - Object: 'Object Repository/beli barang/barang mouse over' is hovered

2023-10-05 14:54:44 - [TEST_STEP][PASSED] - click(findTestObject("beli barang/buttom add to cart")): Object: 'Object Repository/beli barang/buttom add to cart' is clicked on

2023-10-05 14:54:46 - [MESSAGE][PASSED] - Object: 'Object Repository/beli barang/buttom add to cart' is clicked on

2023-10-05 14:54:46 - [TEST_STEP][PASSED] - NamaSesudah = getText(findTestObject("verifikasi/Nama sesudah")): Text of object 'Object Repository/verifikasi/Nama sesudah' is: 'Segitiga Instan Madeira - MDB5.3 Sunset'

2023-10-05 14:54:46 - [MESSAGE][PASSED] - Text of object 'Object Repository/verifikasi/Nama sesudah' is: 'Segitiga Instan Madeira - MDB5.3 Sunset'

2023-10-05 14:54:46 - [TEST_STEP][PASSED] - HargaSesudah = getText(findTestObject("verifikasi/Harga sesudah")): Text of object 'Object Repository/verifikasi/Harga sesudah' is: 'Rp 1,299'

2023-10-05 14:54:47 - [MESSAGE][PASSED] - Text of object 'Object Repository/verifikasi/Harga sesudah' is: 'Rp 1,299'

2023-10-05 14:54:47 - [TEST_STEP][PASSED] - assert NamaSesudah.contains(NamaSebelum): null

2023-10-05 14:54:47 - [TEST_STEP][PASSED] - assert HargaSesudah.contains(HargaSebelum): null

2023-10-05 14:54:47 - [TEST_STEP][PASSED] - click(findTestObject("beli barang/Tambah Keranjang busana wanita")): Object: 'Object Repository/beli barang/Tambah Keranjang busana wanita' is clicked on

2023-10-05 14:54:47 - [MESSAGE][PASSED] - Object: 'Object Repository/beli barang/Tambah Keranjang busana wanita' is clicked on

2023-10-05 14:54:47 - [TEST_STEP][PASSED] - verifyElementPresent(findTestObject("checkout/Notifikasi keranjang"), 1): Object 'Object Repository/checkout/Notifikasi keranjang' is present

2023-10-05 14:54:48 - [MESSAGE][PASSED] - Object 'Object Repository/checkout/Notifikasi keranjang' is present

2023-10-05 14:54:48 - [TEST_STEP][PASSED] - data = new java.util.HashMap(): null

2023-10-05 14:54:48 - [TEST_STEP][PASSED] - data.put("nama_barang", NamaSesudah): null

2023-10-05 14:54:48 - [TEST_STEP][PASSED] - data.put("price_barang", HargaSesudah): null

2023-10-05 14:54:48 - [TEST_STEP][PASSED] - return data: null

2023-10-05 14:54:48 - [MESSAGE][PASSED] - Call Test Case 'Test Cases/T13 Pembelian, Shipment dan Pembayaran/PBL-001' successfully

2023-10-05 14:54:48 - [TEST_STEP][PASSED] - mouseOver(findTestObject("beli barang/keranjang")): Object: 'Object Repository/beli barang/keranjang' is hovered

2023-10-05 14:54:48 - [MESSAGE][PASSED] - Object: 'Object Repository/beli barang/keranjang' is hovered

2023-10-05 14:54:48 - [TEST_STEP][PASSED] - click(findTestObject("beli barang/Lihat Sekarang")): Object: 'Object Repository/beli barang/Lihat Sekarang' is clicked on

2023-10-05 14:54:50 - [MESSAGE][PASSED] - Object: 'Object Repository/beli barang/Lihat Sekarang' is clicked on

2023-10-05 14:54:50 - [TEST_STEP][PASSED] - verifyElementPresent(findTestObject("keranjang/li_Keranjang Belanja"), 0): Object 'Object Repository/keranjang/li_Keranjang Belanja' is present

2023-10-05 14:54:50 - [MESSAGE][WARNING] - Timeout '0' is invalid. Using default page load timeout: '30'

2023-10-05 14:54:51 - [MESSAGE][PASSED] - Object 'Object Repository/keranjang/li_Keranjang Belanja' is present

2023-10-05 14:54:51 - [TEST_STEP][PASSED] - NamaKeranjang = getText(findTestObject("verifikasi/Nama keranjang")): Text of object 'Object Repository/verifikasi/Nama keranjang' is: 'Segitiga Instan Madeira - MDB5.3 Sunset'

2023-10-05 14:54:51 - [MESSAGE][PASSED] - Text of object 'Object Repository/verifikasi/Nama keranjang' is: 'Segitiga Instan Madeira - MDB5.3 Sunset'

2023-10-05 14:54:51 - [TEST_STEP][PASSED] - HargaKeranjang = getText(findTestObject("verifikasi/Harga Keranjang")): Text of object 'Object Repository/verifikasi/Harga Keranjang' is: 'Rp 1,299'

2023-10-05 14:54:52 - [MESSAGE][PASSED] - Text of object 'Object Repository/verifikasi/Harga Keranjang' is: 'Rp 1,299'

2023-10-05 14:54:52 - [TEST_STEP][PASSED] - if (toString().equalsIgnoreCase("Merah")): Object 'Object Repository/keranjang/input_Warna_variasi101' is checked

2023-10-05 14:54:52 - [TEST_STEP][PASSED] - check(findTestObject("Object Repository/keranjang/input_Warna_variasi101")): Object 'Object Repository/keranjang/input_Warna_variasi101' is checked

2023-10-05 14:54:52 - [MESSAGE][PASSED] - Object 'Object Repository/keranjang/input_Warna_variasi101' is checked

2023-10-05 14:54:52 - [TEST_STEP][PASSED] - if (toString().equalsIgnoreCase("Menengah")): Object 'Object Repository/keranjang/input_Ukuran_variasi201' is checked

2023-10-05 14:54:52 - [TEST_STEP][PASSED] - check(findTestObject("Object Repository/keranjang/input_Ukuran_variasi201")): Object 'Object Repository/keranjang/input_Ukuran_variasi201' is checked

2023-10-05 14:54:52 - [MESSAGE][PASSED] - Object 'Object Repository/keranjang/input_Ukuran_variasi201' is checked

2023-10-05 14:54:52 - [TEST_STEP][PASSED] - data.put("Warna", warna): null

2023-10-05 14:54:52 - [TEST_STEP][PASSED] - data.put("Ukuran", ukuran): null

2023-10-05 14:54:52 - [TEST_STEP][PASSED] - click(findTestObject("keranjang/button_Lanjut ke Pembayaran")): Object: 'Object Repository/keranjang/button_Lanjut ke Pembayaran' is clicked on

2023-10-05 14:54:54 - [MESSAGE][PASSED] - Object: 'Object Repository/keranjang/button_Lanjut ke Pembayaran' is clicked on

2023-10-05 14:54:54 - [TEST_STEP][PASSED] - verifyElementPresent(findTestObject("checkout/Tittle Checkout Order"), 0): Object 'Object Repository/checkout/Tittle Checkout Order' is present

2023-10-05 14:54:54 - [MESSAGE][WARNING] - Timeout '0' is invalid. Using default page load timeout: '30'

2023-10-05 14:54:55 - [MESSAGE][PASSED] - Object 'Object Repository/checkout/Tittle Checkout Order' is present

2023-10-05 14:54:55 - [TEST_STEP][PASSED] - name_product = data.get("nama_barang"): null

2023-10-05 14:54:55 - [TEST_STEP][PASSED] - price_product = data.get("price_barang"): null

2023-10-05 14:54:55 - [TEST_STEP][PASSED] - assert name_product == NamaKeranjang: null

2023-10-05 14:54:55 - [TEST_STEP][PASSED] - assert price_product == HargaKeranjang: null

2023-10-05 14:54:55 - [TEST_STEP][PASSED] - return data: null

2023-10-05 14:54:55 - [MESSAGE][PASSED] - Call Test Case 'Test Cases/T13 Pembelian, Shipment dan Pembayaran/PBL-002' successfully

2023-10-05 14:54:55 - [TEST_STEP][PASSED] - warnaa = getText(findTestObject("verifikasi/warna Merah")): Text of object 'Object Repository/verifikasi/warna Merah' is: 'Merah'

2023-10-05 14:54:55 - [MESSAGE][PASSED] - Text of object 'Object Repository/verifikasi/warna Merah' is: 'Merah'

2023-10-05 14:54:55 - [TEST_STEP][PASSED] - ukurann = getText(findTestObject("verifikasi/Ukuran Menengah")): Text of object 'Object Repository/verifikasi/Ukuran Menengah' is: 'Menengah'

2023-10-05 14:54:56 - [MESSAGE][PASSED] - Text of object 'Object Repository/verifikasi/Ukuran Menengah' is: 'Menengah'

2023-10-05 14:54:56 - [TEST_STEP][PASSED] - warna1 = data.get("Warna"): null

2023-10-05 14:54:56 - [TEST_STEP][PASSED] - ukuran1 = data.get("Ukuran"): null

2023-10-05 14:54:56 - [TEST_STEP][PASSED] - assert warnaa == warna1: null

2023-10-05 14:54:56 - [TEST_STEP][PASSED] - assert ukurann == ukuran1: null

2023-10-05 14:54:56 - [TEST_STEP][PASSED] - NamaCheckout = getText(findTestObject("verifikasi/NamaCheckout")): Text of object 'Object Repository/verifikasi/NamaCheckout' is: ''

2023-10-05 14:54:56 - [MESSAGE][PASSED] - Text of object 'Object Repository/verifikasi/NamaCheckout' is: ''

2023-10-05 14:54:56 - [TEST_STEP][PASSED] - HargaCheckout = getText(findTestObject("verifikasi/HargaCheckout")): Text of object 'Object Repository/verifikasi/HargaCheckout' is: '1,299'

2023-10-05 14:54:56 - [MESSAGE][PASSED] - Text of object 'Object Repository/verifikasi/HargaCheckout' is: '1,299'

2023-10-05 14:54:56 - [TEST_STEP][PASSED] - name_product = data.get("nama_barang"): null

2023-10-05 14:54:56 - [TEST_STEP][PASSED] - price_product = data.get("price_barang"): null

2023-10-05 14:54:56 - [TEST_STEP][PASSED] - assert name_product.contains(NamaCheckout): null

2023-10-05 14:54:56 - [TEST_STEP][PASSED] - assert price_product.contains(HargaCheckout): null

2023-10-05 14:54:56 - [TEST_STEP][PASSED] - selectOptionByLabel(findTestObject("checkout/select - Kirim via Kurir Lokal"), Kurir, false): All options with label 'Roda 2' are selected in object 'Object Repository/checkout/select - Kirim via Kurir Lokal' 

2023-10-05 14:54:57 - [MESSAGE][PASSED] - All options with label 'Roda 2' are selected in object 'Object Repository/checkout/select - Kirim via Kurir Lokal' 

2023-10-05 14:54:57 - [TEST_STEP][PASSED] - click(findTestObject("checkout/Kendaraan Kurir")): Object: 'Object Repository/checkout/Kendaraan Kurir' is clicked on

2023-10-05 14:54:58 - [MESSAGE][PASSED] - Object: 'Object Repository/checkout/Kendaraan Kurir' is clicked on

2023-10-05 14:54:58 - [TEST_STEP][PASSED] - OngkosKirim = getText(findTestObject("Object Repository/verifikasi/Ongkos Kirim checkout")): Text of object 'Object Repository/verifikasi/Ongkos Kirim checkout' is: 'Rp. 5,000'

2023-10-05 14:54:58 - [MESSAGE][PASSED] - Text of object 'Object Repository/verifikasi/Ongkos Kirim checkout' is: 'Rp. 5,000'

2023-10-05 14:54:58 - [TEST_STEP][PASSED] - Ongkos = OngkosKirim.substring(3, OngkosKirim.size()): null

2023-10-05 14:54:58 - [TEST_STEP][PASSED] - rep = Ongkos.replace(",", "."): null

2023-10-05 14:54:58 - [TEST_STEP][PASSED] - Ongkos_kirim = Double.parseDouble(rep): null

2023-10-05 14:54:58 - [TEST_STEP][PASSED] - println(Ongkos_kirim): null

2023-10-05 14:54:58 - [TEST_STEP][PASSED] - FeeAdmin = getText(findTestObject("verifikasi/Fee Admin checkout")): Text of object 'Object Repository/verifikasi/Fee Admin checkout' is: 'Fee Admin
Rp 1,500'

2023-10-05 14:54:59 - [MESSAGE][PASSED] - Text of object 'Object Repository/verifikasi/Fee Admin checkout' is: 'Fee Admin
Rp 1,500'

2023-10-05 14:54:59 - [TEST_STEP][PASSED] - Fee_Admin = FeeAdmin.substring(12, FeeAdmin.size()): null

2023-10-05 14:54:59 - [TEST_STEP][PASSED] - fee = Fee_Admin.replace(",", "."): null

2023-10-05 14:54:59 - [TEST_STEP][PASSED] - fee_admin = Double.parseDouble(fee): null

2023-10-05 14:54:59 - [TEST_STEP][PASSED] - println(fee_admin): null

2023-10-05 14:54:59 - [TEST_STEP][PASSED] - Subtotal = getText(findTestObject("verifikasi/subtotal checkout")): Text of object 'Object Repository/verifikasi/subtotal checkout' is: 'Subtotal
Rp 1,299'

2023-10-05 14:54:59 - [MESSAGE][PASSED] - Text of object 'Object Repository/verifikasi/subtotal checkout' is: 'Subtotal
Rp 1,299'

2023-10-05 14:54:59 - [TEST_STEP][PASSED] - sub_total = Subtotal.substring(12, Subtotal.size()): null

2023-10-05 14:54:59 - [TEST_STEP][PASSED] - sub = sub_total.replace(",", "."): null

2023-10-05 14:54:59 - [TEST_STEP][PASSED] - sub_total = Double.parseDouble(sub): null

2023-10-05 14:54:59 - [TEST_STEP][PASSED] - println(sub_total): null

2023-10-05 14:54:59 - [TEST_STEP][PASSED] - Total = getText(findTestObject("verifikasi/Total checkout")): Text of object 'Object Repository/verifikasi/Total checkout' is: 'Rp 7,799'

2023-10-05 14:55:00 - [MESSAGE][PASSED] - Text of object 'Object Repository/verifikasi/Total checkout' is: 'Rp 7,799'

2023-10-05 14:55:00 - [TEST_STEP][PASSED] - totall = Total.substring(3, Total.size()): null

2023-10-05 14:55:00 - [TEST_STEP][PASSED] - total = totall.replace(",", "."): null

2023-10-05 14:55:00 - [TEST_STEP][PASSED] - totall = Double.parseDouble(total): null

2023-10-05 14:55:00 - [TEST_STEP][PASSED] - println(totall): null

2023-10-05 14:55:00 - [TEST_STEP][PASSED] - Total_Harga = Ongkos_kirim + fee_admin + sub_total: null

2023-10-05 14:55:00 - [TEST_STEP][PASSED] - println(Total_Harga): null

2023-10-05 14:55:00 - [TEST_STEP][PASSED] - TotalHarga = Math.round(Total_Harga * 1000) / 1000: null

2023-10-05 14:55:00 - [TEST_STEP][PASSED] - println(TotalHarga): null

2023-10-05 14:55:00 - [TEST_STEP][PASSED] - assert totall == TotalHarga: null

2023-10-05 14:55:00 - [TEST_STEP][PASSED] - click(findTestObject("verifikasi/Metode Transfer")): Object: 'Object Repository/verifikasi/Metode Transfer' is clicked on

2023-10-05 14:55:00 - [MESSAGE][PASSED] - Object: 'Object Repository/verifikasi/Metode Transfer' is clicked on

2023-10-05 14:55:00 - [TEST_STEP][PASSED] - click(findTestObject("checkout/button_Proses Pembayaran")): Object: 'Object Repository/checkout/button_Proses Pembayaran' is clicked on

2023-10-05 14:55:09 - [MESSAGE][PASSED] - Object: 'Object Repository/checkout/button_Proses Pembayaran' is clicked on

2023-10-05 14:55:09 - [TEST_STEP][PASSED] - verifyElementPresent(findTestObject("pembayaran/Tittle nomor invoice"), 0): Object 'Object Repository/pembayaran/Tittle nomor invoice' is present

2023-10-05 14:55:09 - [MESSAGE][WARNING] - Timeout '0' is invalid. Using default page load timeout: '30'

2023-10-05 14:55:09 - [MESSAGE][PASSED] - Object 'Object Repository/pembayaran/Tittle nomor invoice' is present

2023-10-05 14:55:09 - [TEST_STEP][PASSED] - return data: null

2023-10-05 14:55:09 - [MESSAGE][PASSED] - Call Test Case 'Test Cases/T13 Pembelian, Shipment dan Pembayaran/PBL-004' successfully

2023-10-05 14:55:09 - [TEST_STEP][PASSED] - Invoice = getText(findTestObject("pembayaran/nomor invoice")): Text of object 'Object Repository/pembayaran/nomor invoice' is: 'TRX60.20231005145504'

2023-10-05 14:55:10 - [MESSAGE][PASSED] - Text of object 'Object Repository/pembayaran/nomor invoice' is: 'TRX60.20231005145504'

2023-10-05 14:55:10 - [TEST_STEP][PASSED] - data.put("invoice", Invoice): null

2023-10-05 14:55:10 - [TEST_STEP][PASSED] - NamaPemesan = getText(findTestObject("Konfirmasi pesanan shop/Nama pemesan")): Text of object 'Object Repository/Konfirmasi pesanan shop/Nama pemesan' is: 'irfan.afandi'

2023-10-05 14:55:11 - [MESSAGE][PASSED] - Text of object 'Object Repository/Konfirmasi pesanan shop/Nama pemesan' is: 'irfan.afandi'

2023-10-05 14:55:11 - [TEST_STEP][PASSED] - Nama = getText(findTestObject("pembayaran/Nama barang")): Text of object 'Object Repository/pembayaran/Nama barang' is: 'Segitiga Instan Madeira - MDB5.3 Sunset'

2023-10-05 14:55:11 - [MESSAGE][PASSED] - Text of object 'Object Repository/pembayaran/Nama barang' is: 'Segitiga Instan Madeira - MDB5.3 Sunset'

2023-10-05 14:55:11 - [TEST_STEP][PASSED] - Harga = getText(findTestObject("pembayaran/Harga barang")): Text of object 'Object Repository/pembayaran/Harga barang' is: '1,299'

2023-10-05 14:55:12 - [MESSAGE][PASSED] - Text of object 'Object Repository/pembayaran/Harga barang' is: '1,299'

2023-10-05 14:55:12 - [TEST_STEP][PASSED] - name_product = data.get("nama_barang"): null

2023-10-05 14:55:12 - [TEST_STEP][PASSED] - price_product = data.get("price_barang"): null

2023-10-05 14:55:12 - [TEST_STEP][PASSED] - assert name_product.contains(Nama): null

2023-10-05 14:55:12 - [TEST_STEP][PASSED] - assert price_product.contains(Harga): null

2023-10-05 14:55:12 - [TEST_STEP][PASSED] - warnaa = getText(findTestObject("pembayaran/warna")): Text of object 'Object Repository/pembayaran/warna' is: 'Merah'

2023-10-05 14:55:12 - [MESSAGE][PASSED] - Text of object 'Object Repository/pembayaran/warna' is: 'Merah'

2023-10-05 14:55:12 - [TEST_STEP][PASSED] - ukurann = getText(findTestObject("pembayaran/ukuran")): Text of object 'Object Repository/pembayaran/ukuran' is: 'Menengah'

2023-10-05 14:55:13 - [MESSAGE][PASSED] - Text of object 'Object Repository/pembayaran/ukuran' is: 'Menengah'

2023-10-05 14:55:13 - [TEST_STEP][PASSED] - warna1 = data.get("Warna"): null

2023-10-05 14:55:13 - [TEST_STEP][PASSED] - ukuran1 = data.get("Ukuran"): null

2023-10-05 14:55:13 - [TEST_STEP][PASSED] - assert warnaa == warna1: null

2023-10-05 14:55:13 - [TEST_STEP][PASSED] - assert ukurann == ukuran1: null

2023-10-05 14:55:13 - [TEST_STEP][PASSED] - statusPembelian = getText(findTestObject("verifikasi/Status pending di pembelian")): Text of object 'Object Repository/verifikasi/Status pending di pembelian' is: 'Pending'

2023-10-05 14:55:13 - [MESSAGE][PASSED] - Text of object 'Object Repository/verifikasi/Status pending di pembelian' is: 'Pending'

2023-10-05 14:55:13 - [TEST_STEP][PASSED] - data.put("statusPem", statusPembelian): null

2023-10-05 14:55:13 - [TEST_STEP][PASSED] - OngkosKirim = getText(findTestObject("pembayaran/ongkos kirim")): Text of object 'Object Repository/pembayaran/ongkos kirim' is: 'Rp 5,000'

2023-10-05 14:55:14 - [MESSAGE][PASSED] - Text of object 'Object Repository/pembayaran/ongkos kirim' is: 'Rp 5,000'

2023-10-05 14:55:14 - [TEST_STEP][PASSED] - Ongkos = OngkosKirim.substring(3, OngkosKirim.size()): null

2023-10-05 14:55:14 - [TEST_STEP][PASSED] - rep = Ongkos.replace(",", ""): null

2023-10-05 14:55:14 - [TEST_STEP][PASSED] - Ongkos_kirimm = Integer.parseInt(rep): null

2023-10-05 14:55:14 - [TEST_STEP][PASSED] - println(Ongkos_kirimm): null

2023-10-05 14:55:14 - [TEST_STEP][PASSED] - FeeAdmin = getText(findTestObject("pembayaran/fee admin")): Text of object 'Object Repository/pembayaran/fee admin' is: 'Rp 1,500'

2023-10-05 14:55:14 - [MESSAGE][PASSED] - Text of object 'Object Repository/pembayaran/fee admin' is: 'Rp 1,500'

2023-10-05 14:55:14 - [TEST_STEP][PASSED] - Fee_Admin = FeeAdmin.substring(3, FeeAdmin.size()): null

2023-10-05 14:55:14 - [TEST_STEP][PASSED] - fee = Fee_Admin.replace(",", ""): null

2023-10-05 14:55:14 - [TEST_STEP][PASSED] - fee_adminn = Integer.parseInt(fee): null

2023-10-05 14:55:14 - [TEST_STEP][PASSED] - println(fee_adminn): null

2023-10-05 14:55:14 - [TEST_STEP][PASSED] - Subtotal = getText(findTestObject("pembayaran/subtotal")): Text of object 'Object Repository/pembayaran/subtotal' is: 'Rp 1,299'

2023-10-05 14:55:15 - [MESSAGE][PASSED] - Text of object 'Object Repository/pembayaran/subtotal' is: 'Rp 1,299'

2023-10-05 14:55:15 - [TEST_STEP][PASSED] - sub_total = Subtotal.substring(3, Subtotal.size()): null

2023-10-05 14:55:15 - [TEST_STEP][PASSED] - sub = sub_total.replace(",", ""): null

2023-10-05 14:55:15 - [TEST_STEP][PASSED] - sub_totall = Integer.parseInt(sub): null

2023-10-05 14:55:15 - [TEST_STEP][PASSED] - println(sub_totall): null

2023-10-05 14:55:15 - [TEST_STEP][PASSED] - unik = getText(findTestObject("pembayaran/kode unik")): Text of object 'Object Repository/pembayaran/kode unik' is: '+504'

2023-10-05 14:55:15 - [MESSAGE][PASSED] - Text of object 'Object Repository/pembayaran/kode unik' is: '+504'

2023-10-05 14:55:15 - [TEST_STEP][PASSED] - unikk = unik.replace("+", ""): null

2023-10-05 14:55:15 - [TEST_STEP][PASSED] - kode_unik = Integer.parseInt(unikk): null

2023-10-05 14:55:15 - [TEST_STEP][PASSED] - println(kode_unik): null

2023-10-05 14:55:15 - [TEST_STEP][PASSED] - Total = getText(findTestObject("pembayaran/total")): Text of object 'Object Repository/pembayaran/total' is: '8,303'

2023-10-05 14:55:16 - [MESSAGE][PASSED] - Text of object 'Object Repository/pembayaran/total' is: '8,303'

2023-10-05 14:55:16 - [TEST_STEP][PASSED] - total = Total.replace(",", ""): null

2023-10-05 14:55:16 - [TEST_STEP][PASSED] - totalll = Integer.parseInt(total): null

2023-10-05 14:55:16 - [TEST_STEP][PASSED] - println(totalll): null

2023-10-05 14:55:16 - [TEST_STEP][PASSED] - Total_Hargaa = Ongkos_kirimm + fee_adminn + sub_totall + kode_unik: null

2023-10-05 14:55:16 - [TEST_STEP][PASSED] - println(Total_Hargaa): null

2023-10-05 14:55:16 - [TEST_STEP][PASSED] - assert totalll == Total_Hargaa: null

2023-10-05 14:55:16 - [TEST_STEP][PASSED] - data.put("total", Total): null

2023-10-05 14:55:16 - [TEST_STEP][PASSED] - data.put("nama", NamaPemesan): null

2023-10-05 14:55:16 - [TEST_STEP][PASSED] - return data: null

2023-10-05 14:55:16 - [MESSAGE][PASSED] - Call Test Case 'Test Cases/T13 Pembelian, Shipment dan Pembayaran/PBY-001' successfully

2023-10-05 14:55:16 - [TEST_STEP][PASSED] - inv = data.get("invoice"): null

2023-10-05 14:55:16 - [TEST_STEP][PASSED] - Total = data.get("total"): null

2023-10-05 14:55:16 - [TEST_STEP][PASSED] - NamaPemesan = data.get("nama"): null

2023-10-05 14:55:16 - [TEST_STEP][PASSED] - click(findTestObject("Konfirmasi pesanan shop/Menu Shop")): Object: 'Object Repository/Konfirmasi pesanan shop/Menu Shop' is clicked on

2023-10-05 14:55:18 - [MESSAGE][PASSED] - Object: 'Object Repository/Konfirmasi pesanan shop/Menu Shop' is clicked on

2023-10-05 14:55:18 - [TEST_STEP][PASSED] - click(findTestObject("Konfirmasi pesanan shop/Menu Shop")): Object: 'Object Repository/Konfirmasi pesanan shop/Menu Shop' is clicked on

2023-10-05 14:55:18 - [MESSAGE][PASSED] - Object: 'Object Repository/Konfirmasi pesanan shop/Menu Shop' is clicked on

2023-10-05 14:55:18 - [TEST_STEP][PASSED] - click(findTestObject("Konfirmasi pesanan shop/Konfirmasi Orders")): Object: 'Object Repository/Konfirmasi pesanan shop/Konfirmasi Orders' is clicked on

2023-10-05 14:55:19 - [MESSAGE][PASSED] - Object: 'Object Repository/Konfirmasi pesanan shop/Konfirmasi Orders' is clicked on

2023-10-05 14:55:19 - [TEST_STEP][PASSED] - verifyElementPresent(findTestObject("Konfirmasi pesanan shop/Tittle Konfirmasi Pesanan"), 0): Object 'Object Repository/Konfirmasi pesanan shop/Tittle Konfirmasi Pesanan' is present

2023-10-05 14:55:19 - [MESSAGE][WARNING] - Timeout '0' is invalid. Using default page load timeout: '30'

2023-10-05 14:55:20 - [MESSAGE][PASSED] - Object 'Object Repository/Konfirmasi pesanan shop/Tittle Konfirmasi Pesanan' is present

2023-10-05 14:55:20 - [TEST_STEP][PASSED] - setText(findTestObject("Konfirmasi pesanan shop/input_No Pesanan"), inv): Text 'TRX60.20231005145504' is set on object 'Object Repository/Konfirmasi pesanan shop/input_No Pesanan'

2023-10-05 14:55:21 - [MESSAGE][PASSED] - Text 'TRX60.20231005145504' is set on object 'Object Repository/Konfirmasi pesanan shop/input_No Pesanan'

2023-10-05 14:55:21 - [TEST_STEP][PASSED] - setText(findTestObject("Konfirmasi pesanan shop/input_Alamat E-mai"), "irfan@gmail.com"): Text 'irfan@gmail.com' is set on object 'Object Repository/Konfirmasi pesanan shop/input_Alamat E-mai'

2023-10-05 14:55:22 - [MESSAGE][PASSED] - Text 'irfan@gmail.com' is set on object 'Object Repository/Konfirmasi pesanan shop/input_Alamat E-mai'

2023-10-05 14:55:22 - [TEST_STEP][PASSED] - click(findTestObject("Konfirmasi pesanan shop/button_Submit")): Object: 'Object Repository/Konfirmasi pesanan shop/button_Submit' is clicked on

2023-10-05 14:55:23 - [MESSAGE][PASSED] - Object: 'Object Repository/Konfirmasi pesanan shop/button_Submit' is clicked on

2023-10-05 14:55:23 - [TEST_STEP][PASSED] - verifyElementPresent(findTestObject("Konfirmasi pesanan shop/Tittle nomor invoice"), 0): Object 'Object Repository/Konfirmasi pesanan shop/Tittle nomor invoice' is present

2023-10-05 14:55:23 - [MESSAGE][WARNING] - Timeout '0' is invalid. Using default page load timeout: '30'

2023-10-05 14:55:23 - [MESSAGE][PASSED] - Object 'Object Repository/Konfirmasi pesanan shop/Tittle nomor invoice' is present

2023-10-05 14:55:23 - [TEST_STEP][PASSED] - setText(findTestObject("Konfirmasi pesanan shop/input_Total TagihanTransfer_b"), Total): Text '8,303' is set on object 'Object Repository/Konfirmasi pesanan shop/input_Total TagihanTransfer_b'

2023-10-05 14:55:24 - [MESSAGE][PASSED] - Text '8,303' is set on object 'Object Repository/Konfirmasi pesanan shop/input_Total TagihanTransfer_b'

2023-10-05 14:55:24 - [TEST_STEP][PASSED] - selectOptionByValue(findTestObject("Konfirmasi pesanan shop/select_Bank"), "4", false): All options with value '4' are selected in object 'Object Repository/Konfirmasi pesanan shop/select_Bank' 

2023-10-05 14:55:25 - [MESSAGE][PASSED] - All options with value '4' are selected in object 'Object Repository/Konfirmasi pesanan shop/select_Bank' 

2023-10-05 14:55:25 - [TEST_STEP][PASSED] - setText(findTestObject("Konfirmasi pesanan shop/input_Nama Pengirim_d"), NamaPemesan): Text 'irfan.afandi' is set on object 'Object Repository/Konfirmasi pesanan shop/input_Nama Pengirim_d'

2023-10-05 14:55:26 - [MESSAGE][PASSED] - Text 'irfan.afandi' is set on object 'Object Repository/Konfirmasi pesanan shop/input_Nama Pengirim_d'

2023-10-05 14:55:26 - [TEST_STEP][PASSED] - clearText(findTestObject("Konfirmasi pesanan shop/input_Tanggal Transfer_e")): Text of object 'Object Repository/Konfirmasi pesanan shop/input_Tanggal Transfer_e' is cleared

2023-10-05 14:55:27 - [MESSAGE][PASSED] - Text of object 'Object Repository/Konfirmasi pesanan shop/input_Tanggal Transfer_e' is cleared

2023-10-05 14:55:27 - [TEST_STEP][PASSED] - uploadFile(findTestObject("Konfirmasi pesanan shop/input_Upload Bukti Transfer_f"), "C:\Users\IRFAN\Downloads\Berkas2.pdf"): File 'C:\Users\IRFAN\Downloads\Berkas2.pdf' sent to object: 'Object Repository/Konfirmasi pesanan shop/input_Upload Bukti Transfer_f'

2023-10-05 14:55:27 - [MESSAGE][PASSED] - File 'C:\Users\IRFAN\Downloads\Berkas2.pdf' sent to object: 'Object Repository/Konfirmasi pesanan shop/input_Upload Bukti Transfer_f'

2023-10-05 14:55:27 - [TEST_STEP][PASSED] - click(findTestObject("Konfirmasi pesanan shop/button_Konfirmasi Pembayaran")): Object: 'Object Repository/Konfirmasi pesanan shop/button_Konfirmasi Pembayaran' is clicked on

2023-10-05 14:55:28 - [MESSAGE][PASSED] - Object: 'Object Repository/Konfirmasi pesanan shop/button_Konfirmasi Pembayaran' is clicked on

2023-10-05 14:55:28 - [TEST_STEP][FAILED] - verifyTextPresent("Please fill out this field.", false): Unable to verify text 'Please fill out this field.' is present  (Root cause: com.kms.katalon.core.exception.StepFailedException: Unable to verify text 'Please fill out this field.' is present 
	at com.kms.katalon.core.webui.keyword.internal.WebUIKeywordMain.stepFailed(WebUIKeywordMain.groovy:64)
	at com.kms.katalon.core.webui.keyword.internal.WebUIKeywordMain.runKeyword(WebUIKeywordMain.groovy:26)
	at com.kms.katalon.core.webui.keyword.builtin.VerifyTextPresentKeyword.verifyTextPresent(VerifyTextPresentKeyword.groovy:83)
	at com.kms.katalon.core.webui.keyword.builtin.VerifyTextPresentKeyword.execute(VerifyTextPresentKeyword.groovy:68)
	at com.kms.katalon.core.keyword.internal.KeywordExecutor.executeKeywordForPlatform(KeywordExecutor.groovy:74)
	at com.kms.katalon.core.webui.keyword.WebUiBuiltInKeywords.verifyTextPresent(WebUiBuiltInKeywords.groovy:1723)
	at com.kms.katalon.core.webui.keyword.WebUiBuiltInKeywords$verifyTextPresent$7.call(Unknown Source)
	at PBY-008.run(PBY-008:57)
	at com.kms.katalon.core.main.ScriptEngine.run(ScriptEngine.java:194)
	at com.kms.katalon.core.main.ScriptEngine.runScriptAsRawText(ScriptEngine.java:119)
	at com.kms.katalon.core.main.TestCaseExecutor.runScript(TestCaseExecutor.java:448)
	at com.kms.katalon.core.main.TestCaseExecutor.doExecute(TestCaseExecutor.java:439)
	at com.kms.katalon.core.main.TestCaseExecutor.processExecutionPhase(TestCaseExecutor.java:418)
	at com.kms.katalon.core.main.TestCaseExecutor.accessMainPhase(TestCaseExecutor.java:410)
	at com.kms.katalon.core.main.TestCaseExecutor.execute(TestCaseExecutor.java:285)
	at com.kms.katalon.core.common.CommonExecutor.accessTestCaseMainPhase(CommonExecutor.java:65)
	at com.kms.katalon.core.main.TestSuiteExecutor.accessTestSuiteMainPhase(TestSuiteExecutor.java:148)
	at com.kms.katalon.core.main.TestSuiteExecutor.execute(TestSuiteExecutor.java:106)
	at com.kms.katalon.core.main.TestCaseMain.startTestSuite(TestCaseMain.java:187)
	at com.kms.katalon.core.main.TestCaseMain$startTestSuite$0.call(Unknown Source)
	at TempTestSuite1696491677292.run(TempTestSuite1696491677292.groovy:36)
Caused by: com.kms.katalon.core.exception.StepFailedException: Text 'Please fill out this field.' is not present on page 
	at com.kms.katalon.core.webui.keyword.internal.WebUIKeywordMain.stepFailed(WebUIKeywordMain.groovy:64)
	at com.kms.katalon.core.webui.keyword.builtin.VerifyTextPresentKeyword$_verifyTextPresent_closure1.doCall(VerifyTextPresentKeyword.groovy:79)
	at com.kms.katalon.core.webui.keyword.builtin.VerifyTextPresentKeyword$_verifyTextPresent_closure1.call(VerifyTextPresentKeyword.groovy)
	at com.kms.katalon.core.webui.keyword.internal.WebUIKeywordMain.runKeyword(WebUIKeywordMain.groovy:20)
	... 19 more
)

2023-10-05 14:55:29 - [MESSAGE][FAILED] - Text 'Please fill out this field.' is not present on page  (Root cause: com.kms.katalon.core.exception.StepFailedException: Text 'Please fill out this field.' is not present on page 
	at com.kms.katalon.core.webui.keyword.internal.WebUIKeywordMain.stepFailed(WebUIKeywordMain.groovy:64)
	at com.kms.katalon.core.webui.keyword.builtin.VerifyTextPresentKeyword$_verifyTextPresent_closure1.doCall(VerifyTextPresentKeyword.groovy:79)
	at com.kms.katalon.core.webui.keyword.builtin.VerifyTextPresentKeyword$_verifyTextPresent_closure1.call(VerifyTextPresentKeyword.groovy)
	at com.kms.katalon.core.webui.keyword.internal.WebUIKeywordMain.runKeyword(WebUIKeywordMain.groovy:20)
	at com.kms.katalon.core.webui.keyword.builtin.VerifyTextPresentKeyword.verifyTextPresent(VerifyTextPresentKeyword.groovy:83)
	at com.kms.katalon.core.webui.keyword.builtin.VerifyTextPresentKeyword.execute(VerifyTextPresentKeyword.groovy:68)
	at com.kms.katalon.core.keyword.internal.KeywordExecutor.executeKeywordForPlatform(KeywordExecutor.groovy:74)
	at com.kms.katalon.core.webui.keyword.WebUiBuiltInKeywords.verifyTextPresent(WebUiBuiltInKeywords.groovy:1723)
	at com.kms.katalon.core.webui.keyword.WebUiBuiltInKeywords$verifyTextPresent$7.call(Unknown Source)
	at PBY-008.run(PBY-008:57)
	at com.kms.katalon.core.main.ScriptEngine.run(ScriptEngine.java:194)
	at com.kms.katalon.core.main.ScriptEngine.runScriptAsRawText(ScriptEngine.java:119)
	at com.kms.katalon.core.main.TestCaseExecutor.runScript(TestCaseExecutor.java:448)
	at com.kms.katalon.core.main.TestCaseExecutor.doExecute(TestCaseExecutor.java:439)
	at com.kms.katalon.core.main.TestCaseExecutor.processExecutionPhase(TestCaseExecutor.java:418)
	at com.kms.katalon.core.main.TestCaseExecutor.accessMainPhase(TestCaseExecutor.java:410)
	at com.kms.katalon.core.main.TestCaseExecutor.execute(TestCaseExecutor.java:285)
	at com.kms.katalon.core.common.CommonExecutor.accessTestCaseMainPhase(CommonExecutor.java:65)
	at com.kms.katalon.core.main.TestSuiteExecutor.accessTestSuiteMainPhase(TestSuiteExecutor.java:148)
	at com.kms.katalon.core.main.TestSuiteExecutor.execute(TestSuiteExecutor.java:106)
	at com.kms.katalon.core.main.TestCaseMain.startTestSuite(TestCaseMain.java:187)
	at com.kms.katalon.core.main.TestCaseMain$startTestSuite$0.call(Unknown Source)
	at TempTestSuite1696491677292.run(TempTestSuite1696491677292.groovy:36)
)

2023-10-05 14:55:29 - [MESSAGE][FAILED] - Unable to verify text 'Please fill out this field.' is present  (Root cause: com.kms.katalon.core.exception.StepFailedException: Unable to verify text 'Please fill out this field.' is present 
	at com.kms.katalon.core.webui.keyword.internal.WebUIKeywordMain.stepFailed(WebUIKeywordMain.groovy:64)
	at com.kms.katalon.core.webui.keyword.internal.WebUIKeywordMain.runKeyword(WebUIKeywordMain.groovy:26)
	at com.kms.katalon.core.webui.keyword.builtin.VerifyTextPresentKeyword.verifyTextPresent(VerifyTextPresentKeyword.groovy:83)
	at com.kms.katalon.core.webui.keyword.builtin.VerifyTextPresentKeyword.execute(VerifyTextPresentKeyword.groovy:68)
	at com.kms.katalon.core.keyword.internal.KeywordExecutor.executeKeywordForPlatform(KeywordExecutor.groovy:74)
	at com.kms.katalon.core.webui.keyword.WebUiBuiltInKeywords.verifyTextPresent(WebUiBuiltInKeywords.groovy:1723)
	at com.kms.katalon.core.webui.keyword.WebUiBuiltInKeywords$verifyTextPresent$7.call(Unknown Source)
	at PBY-008.run(PBY-008:57)
	at com.kms.katalon.core.main.ScriptEngine.run(ScriptEngine.java:194)
	at com.kms.katalon.core.main.ScriptEngine.runScriptAsRawText(ScriptEngine.java:119)
	at com.kms.katalon.core.main.TestCaseExecutor.runScript(TestCaseExecutor.java:448)
	at com.kms.katalon.core.main.TestCaseExecutor.doExecute(TestCaseExecutor.java:439)
	at com.kms.katalon.core.main.TestCaseExecutor.processExecutionPhase(TestCaseExecutor.java:418)
	at com.kms.katalon.core.main.TestCaseExecutor.accessMainPhase(TestCaseExecutor.java:410)
	at com.kms.katalon.core.main.TestCaseExecutor.execute(TestCaseExecutor.java:285)
	at com.kms.katalon.core.common.CommonExecutor.accessTestCaseMainPhase(CommonExecutor.java:65)
	at com.kms.katalon.core.main.TestSuiteExecutor.accessTestSuiteMainPhase(TestSuiteExecutor.java:148)
	at com.kms.katalon.core.main.TestSuiteExecutor.execute(TestSuiteExecutor.java:106)
	at com.kms.katalon.core.main.TestCaseMain.startTestSuite(TestCaseMain.java:187)
	at com.kms.katalon.core.main.TestCaseMain$startTestSuite$0.call(Unknown Source)
	at TempTestSuite1696491677292.run(TempTestSuite1696491677292.groovy:36)
Caused by: com.kms.katalon.core.exception.StepFailedException: Text 'Please fill out this field.' is not present on page 
	at com.kms.katalon.core.webui.keyword.internal.WebUIKeywordMain.stepFailed(WebUIKeywordMain.groovy:64)
	at com.kms.katalon.core.webui.keyword.builtin.VerifyTextPresentKeyword$_verifyTextPresent_closure1.doCall(VerifyTextPresentKeyword.groovy:79)
	at com.kms.katalon.core.webui.keyword.builtin.VerifyTextPresentKeyword$_verifyTextPresent_closure1.call(VerifyTextPresentKeyword.groovy)
	at com.kms.katalon.core.webui.keyword.internal.WebUIKeywordMain.runKeyword(WebUIKeywordMain.groovy:20)
	... 19 more
)
[[ATTACHMENT|C:\\FT2 XSIS\\Projek 2 MINI PROJEK\\Reports\\20231005_144117\\T13 Pembelian, Shipment dan Pembayaran\\T13 Pembelian, Shipment dan Pembayaran\\20231005_144117\\1696492529615.png]]]]></system-out>
         <system-err><![CDATA[2023-10-05 14:54:26 - [TEST_CASE][FAILED] - Test Cases/T13 Pembelian, Shipment dan Pembayaran/PBY-008: Test Cases/T13 Pembelian, Shipment dan Pembayaran/PBY-008 FAILED.
Reason:
com.kms.katalon.core.exception.StepFailedException: Unable to verify text 'Please fill out this field.' is present 
	at com.kms.katalon.core.webui.keyword.internal.WebUIKeywordMain.stepFailed(WebUIKeywordMain.groovy:64)
	at com.kms.katalon.core.webui.keyword.internal.WebUIKeywordMain.runKeyword(WebUIKeywordMain.groovy:26)
	at com.kms.katalon.core.webui.keyword.builtin.VerifyTextPresentKeyword.verifyTextPresent(VerifyTextPresentKeyword.groovy:83)
	at com.kms.katalon.core.webui.keyword.builtin.VerifyTextPresentKeyword.execute(VerifyTextPresentKeyword.groovy:68)
	at com.kms.katalon.core.keyword.internal.KeywordExecutor.executeKeywordForPlatform(KeywordExecutor.groovy:74)
	at com.kms.katalon.core.webui.keyword.WebUiBuiltInKeywords.verifyTextPresent(WebUiBuiltInKeywords.groovy:1723)
	at com.kms.katalon.core.webui.keyword.WebUiBuiltInKeywords$verifyTextPresent$7.call(Unknown Source)
	at PBY-008.run(PBY-008:57)
	at com.kms.katalon.core.main.ScriptEngine.run(ScriptEngine.java:194)
	at com.kms.katalon.core.main.ScriptEngine.runScriptAsRawText(ScriptEngine.java:119)
	at com.kms.katalon.core.main.TestCaseExecutor.runScript(TestCaseExecutor.java:448)
	at com.kms.katalon.core.main.TestCaseExecutor.doExecute(TestCaseExecutor.java:439)
	at com.kms.katalon.core.main.TestCaseExecutor.processExecutionPhase(TestCaseExecutor.java:418)
	at com.kms.katalon.core.main.TestCaseExecutor.accessMainPhase(TestCaseExecutor.java:410)
	at com.kms.katalon.core.main.TestCaseExecutor.execute(TestCaseExecutor.java:285)
	at com.kms.katalon.core.common.CommonExecutor.accessTestCaseMainPhase(CommonExecutor.java:65)
	at com.kms.katalon.core.main.TestSuiteExecutor.accessTestSuiteMainPhase(TestSuiteExecutor.java:148)
	at com.kms.katalon.core.main.TestSuiteExecutor.execute(TestSuiteExecutor.java:106)
	at com.kms.katalon.core.main.TestCaseMain.startTestSuite(TestCaseMain.java:187)
	at com.kms.katalon.core.main.TestCaseMain$startTestSuite$0.call(Unknown Source)
	at TempTestSuite1696491677292.run(TempTestSuite1696491677292.groovy:36)
Caused by: com.kms.katalon.core.exception.StepFailedException: Text 'Please fill out this field.' is not present on page 
	at com.kms.katalon.core.webui.keyword.internal.WebUIKeywordMain.stepFailed(WebUIKeywordMain.groovy:64)
	at com.kms.katalon.core.webui.keyword.builtin.VerifyTextPresentKeyword$_verifyTextPresent_closure1.doCall(VerifyTextPresentKeyword.groovy:79)
	at com.kms.katalon.core.webui.keyword.builtin.VerifyTextPresentKeyword$_verifyTextPresent_closure1.call(VerifyTextPresentKeyword.groovy)
	at com.kms.katalon.core.webui.keyword.internal.WebUIKeywordMain.runKeyword(WebUIKeywordMain.groovy:20)
	... 19 more]]></system-err>
      </testcase>
      <testcase name="Test Cases/T13 Pembelian, Shipment dan Pembayaran/PBY-009" time="62.914" classname="Test Cases/T13 Pembelian, Shipment dan Pembayaran/PBY-009" status="PASSED">
         <system-out><![CDATA[2023-10-05 14:55:29 - [TEST_CASE][PASSED] - Test Cases/T13 Pembelian, Shipment dan Pembayaran/PBY-009: Test Cases/T13 Pembelian, Shipment dan Pembayaran/PBY-009

2023-10-05 14:55:30 - [TEST_STEP][PASSED] - data = callTestCase(findTestCase("T13 Pembelian, Shipment dan Pembayaran/PBY-001"), [:], STOP_ON_FAILURE): Call Test Case 'Test Cases/T13 Pembelian, Shipment dan Pembayaran/PBY-001' successfully

2023-10-05 14:55:30 - [TEST_CASE][PASSED] - Test Cases/T13 Pembelian, Shipment dan Pembayaran/PBY-001: Test Cases/T13 Pembelian, Shipment dan Pembayaran/PBY-001

2023-10-05 14:55:30 - [TEST_STEP][PASSED] - data = callTestCase(findTestCase("T13 Pembelian, Shipment dan Pembayaran/PBL-004"), ["Kurir":"Roda 2"], STOP_ON_FAILURE): Call Test Case 'Test Cases/T13 Pembelian, Shipment dan Pembayaran/PBL-004' successfully

2023-10-05 14:55:30 - [TEST_CASE][PASSED] - Test Cases/T13 Pembelian, Shipment dan Pembayaran/PBL-004: Test Cases/T13 Pembelian, Shipment dan Pembayaran/PBL-004

2023-10-05 14:55:30 - [TEST_STEP][PASSED] - data = callTestCase(findTestCase("T13 Pembelian, Shipment dan Pembayaran/PBL-002"), [:], STOP_ON_FAILURE): Call Test Case 'Test Cases/T13 Pembelian, Shipment dan Pembayaran/PBL-002' successfully

2023-10-05 14:55:30 - [TEST_CASE][PASSED] - Test Cases/T13 Pembelian, Shipment dan Pembayaran/PBL-002: Test Cases/T13 Pembelian, Shipment dan Pembayaran/PBL-002

2023-10-05 14:55:30 - [TEST_STEP][PASSED] - data = callTestCase(findTestCase("T13 Pembelian, Shipment dan Pembayaran/PBL-001"), [:], STOP_ON_FAILURE): Call Test Case 'Test Cases/T13 Pembelian, Shipment dan Pembayaran/PBL-001' successfully

2023-10-05 14:55:30 - [TEST_CASE][PASSED] - Test Cases/T13 Pembelian, Shipment dan Pembayaran/PBL-001: Test Cases/T13 Pembelian, Shipment dan Pembayaran/PBL-001

2023-10-05 14:55:30 - [TEST_STEP][PASSED] - callTestCase(findTestCase("T13 Pembelian, Shipment dan Pembayaran/LU-001"), ["username":"irfanafandi", "password":"12345irfan"], STOP_ON_FAILURE): Call Test Case 'Test Cases/T13 Pembelian, Shipment dan Pembayaran/LU-001' successfully

2023-10-05 14:55:30 - [TEST_CASE][PASSED] - Test Cases/T13 Pembelian, Shipment dan Pembayaran/LU-001: Test Cases/T13 Pembelian, Shipment dan Pembayaran/LU-001

2023-10-05 14:55:30 - [TEST_STEP][PASSED] - openBrowser("https://10.9.2.63/ecommerce/"): Browser is opened with url: 'https://10.9.2.63/ecommerce/'

2023-10-05 14:55:30 - [MESSAGE][WARNING] - A browser is already opened. Closing browser and opening a new one

2023-10-05 14:55:31 - [MESSAGE][INFO] - Starting 'Edge Chromium' driver

2023-10-05 14:55:31 - [MESSAGE][INFO] - User set preference: ['acceptInsecureCerts', 'true']

2023-10-05 14:55:33 - [MESSAGE][INFO] - Action delay is set to 0 milliseconds

2023-10-05 14:55:38 - [MESSAGE][PASSED] - Browser is opened with url: 'https://10.9.2.63/ecommerce/'

2023-10-05 14:55:38 - [TEST_STEP][PASSED] - maximizeWindow(): Current window maximized

2023-10-05 14:55:38 - [MESSAGE][PASSED] - Current window maximized

2023-10-05 14:55:38 - [TEST_STEP][PASSED] - verifyElementPresent(findTestObject("Login/Home"), 0): Object 'Object Repository/Login/Home' is present

2023-10-05 14:55:38 - [MESSAGE][WARNING] - Timeout '0' is invalid. Using default page load timeout: '30'

2023-10-05 14:55:39 - [MESSAGE][PASSED] - Object 'Object Repository/Login/Home' is present

2023-10-05 14:55:39 - [TEST_STEP][PASSED] - click(findTestObject("Login/a_Login")): Object: 'Object Repository/Login/a_Login' is clicked on

2023-10-05 14:55:39 - [MESSAGE][PASSED] - Object: 'Object Repository/Login/a_Login' is clicked on

2023-10-05 14:55:39 - [TEST_STEP][PASSED] - verifyElementPresent(findTestObject("Login/Tittle Login"), 0): Object 'Object Repository/Login/Tittle Login' is present

2023-10-05 14:55:40 - [MESSAGE][WARNING] - Timeout '0' is invalid. Using default page load timeout: '30'

2023-10-05 14:55:40 - [MESSAGE][PASSED] - Object 'Object Repository/Login/Tittle Login' is present

2023-10-05 14:55:40 - [TEST_STEP][PASSED] - setText(findTestObject("Login/input_Username, Email atau No. Handphone_a"), username): Text 'irfanafandi' is set on object 'Object Repository/Login/input_Username, Email atau No. Handphone_a'

2023-10-05 14:55:41 - [MESSAGE][PASSED] - Text 'irfanafandi' is set on object 'Object Repository/Login/input_Username, Email atau No. Handphone_a'

2023-10-05 14:55:41 - [TEST_STEP][PASSED] - setText(findTestObject("Login/input_Password_b"), password): Text '12345irfan' is set on object 'Object Repository/Login/input_Password_b'

2023-10-05 14:55:42 - [MESSAGE][PASSED] - Text '12345irfan' is set on object 'Object Repository/Login/input_Password_b'

2023-10-05 14:55:42 - [TEST_STEP][PASSED] - click(findTestObject("Login/label_Ingat saya")): Object: 'Object Repository/Login/label_Ingat saya' is clicked on

2023-10-05 14:55:43 - [MESSAGE][PASSED] - Object: 'Object Repository/Login/label_Ingat saya' is clicked on

2023-10-05 14:55:43 - [TEST_STEP][PASSED] - click(findTestObject("Login/button_Masuk")): Object: 'Object Repository/Login/button_Masuk' is clicked on

2023-10-05 14:55:45 - [MESSAGE][PASSED] - Object: 'Object Repository/Login/button_Masuk' is clicked on

2023-10-05 14:55:45 - [TEST_STEP][PASSED] - verifyElementPresent(findTestObject("Login/li_Profile"), 0): Object 'Object Repository/Login/li_Profile' is present

2023-10-05 14:55:45 - [MESSAGE][WARNING] - Timeout '0' is invalid. Using default page load timeout: '30'

2023-10-05 14:55:45 - [MESSAGE][PASSED] - Object 'Object Repository/Login/li_Profile' is present

2023-10-05 14:55:45 - [MESSAGE][PASSED] - Call Test Case 'Test Cases/T13 Pembelian, Shipment dan Pembayaran/LU-001' successfully

2023-10-05 14:55:45 - [TEST_STEP][PASSED] - mouseOver(findTestObject("beli barang/i_Mulai Belanja_icon-menu")): Object: 'Object Repository/beli barang/i_Mulai Belanja_icon-menu' is hovered

2023-10-05 14:55:46 - [MESSAGE][PASSED] - Object: 'Object Repository/beli barang/i_Mulai Belanja_icon-menu' is hovered

2023-10-05 14:55:46 - [TEST_STEP][PASSED] - click(findTestObject("beli barang/a_Fashion  Busana Wanita")): Object: 'Object Repository/beli barang/a_Fashion  Busana Wanita' is clicked on

2023-10-05 14:55:47 - [MESSAGE][PASSED] - Object: 'Object Repository/beli barang/a_Fashion  Busana Wanita' is clicked on

2023-10-05 14:55:47 - [TEST_STEP][PASSED] - NamaSebelum = getText(findTestObject("verifikasi/Nama sebelum")): Text of object 'Object Repository/verifikasi/Nama sebelum' is: ''

2023-10-05 14:55:48 - [MESSAGE][PASSED] - Text of object 'Object Repository/verifikasi/Nama sebelum' is: ''

2023-10-05 14:55:48 - [TEST_STEP][PASSED] - HargaSebelum = getText(findTestObject("verifikasi/Harga sebelum")): Text of object 'Object Repository/verifikasi/Harga sebelum' is: 'Rp 1,299'

2023-10-05 14:55:48 - [MESSAGE][PASSED] - Text of object 'Object Repository/verifikasi/Harga sebelum' is: 'Rp 1,299'

2023-10-05 14:55:48 - [TEST_STEP][PASSED] - mouseOver(findTestObject("beli barang/barang mouse over")): Object: 'Object Repository/beli barang/barang mouse over' is hovered

2023-10-05 14:55:49 - [MESSAGE][PASSED] - Object: 'Object Repository/beli barang/barang mouse over' is hovered

2023-10-05 14:55:49 - [TEST_STEP][PASSED] - click(findTestObject("beli barang/buttom add to cart")): Object: 'Object Repository/beli barang/buttom add to cart' is clicked on

2023-10-05 14:55:51 - [MESSAGE][PASSED] - Object: 'Object Repository/beli barang/buttom add to cart' is clicked on

2023-10-05 14:55:51 - [TEST_STEP][PASSED] - NamaSesudah = getText(findTestObject("verifikasi/Nama sesudah")): Text of object 'Object Repository/verifikasi/Nama sesudah' is: 'Segitiga Instan Madeira - MDB5.3 Sunset'

2023-10-05 14:55:51 - [MESSAGE][PASSED] - Text of object 'Object Repository/verifikasi/Nama sesudah' is: 'Segitiga Instan Madeira - MDB5.3 Sunset'

2023-10-05 14:55:51 - [TEST_STEP][PASSED] - HargaSesudah = getText(findTestObject("verifikasi/Harga sesudah")): Text of object 'Object Repository/verifikasi/Harga sesudah' is: 'Rp 1,299'

2023-10-05 14:55:52 - [MESSAGE][PASSED] - Text of object 'Object Repository/verifikasi/Harga sesudah' is: 'Rp 1,299'

2023-10-05 14:55:52 - [TEST_STEP][PASSED] - assert NamaSesudah.contains(NamaSebelum): null

2023-10-05 14:55:52 - [TEST_STEP][PASSED] - assert HargaSesudah.contains(HargaSebelum): null

2023-10-05 14:55:52 - [TEST_STEP][PASSED] - click(findTestObject("beli barang/Tambah Keranjang busana wanita")): Object: 'Object Repository/beli barang/Tambah Keranjang busana wanita' is clicked on

2023-10-05 14:55:52 - [MESSAGE][PASSED] - Object: 'Object Repository/beli barang/Tambah Keranjang busana wanita' is clicked on

2023-10-05 14:55:52 - [TEST_STEP][PASSED] - verifyElementPresent(findTestObject("checkout/Notifikasi keranjang"), 1): Object 'Object Repository/checkout/Notifikasi keranjang' is present

2023-10-05 14:55:53 - [MESSAGE][PASSED] - Object 'Object Repository/checkout/Notifikasi keranjang' is present

2023-10-05 14:55:53 - [TEST_STEP][PASSED] - data = new java.util.HashMap(): null

2023-10-05 14:55:53 - [TEST_STEP][PASSED] - data.put("nama_barang", NamaSesudah): null

2023-10-05 14:55:53 - [TEST_STEP][PASSED] - data.put("price_barang", HargaSesudah): null

2023-10-05 14:55:53 - [TEST_STEP][PASSED] - return data: null

2023-10-05 14:55:53 - [MESSAGE][PASSED] - Call Test Case 'Test Cases/T13 Pembelian, Shipment dan Pembayaran/PBL-001' successfully

2023-10-05 14:55:53 - [TEST_STEP][PASSED] - mouseOver(findTestObject("beli barang/keranjang")): Object: 'Object Repository/beli barang/keranjang' is hovered

2023-10-05 14:55:54 - [MESSAGE][PASSED] - Object: 'Object Repository/beli barang/keranjang' is hovered

2023-10-05 14:55:54 - [TEST_STEP][PASSED] - click(findTestObject("beli barang/Lihat Sekarang")): Object: 'Object Repository/beli barang/Lihat Sekarang' is clicked on

2023-10-05 14:55:55 - [MESSAGE][PASSED] - Object: 'Object Repository/beli barang/Lihat Sekarang' is clicked on

2023-10-05 14:55:55 - [TEST_STEP][PASSED] - verifyElementPresent(findTestObject("keranjang/li_Keranjang Belanja"), 0): Object 'Object Repository/keranjang/li_Keranjang Belanja' is present

2023-10-05 14:55:55 - [MESSAGE][WARNING] - Timeout '0' is invalid. Using default page load timeout: '30'

2023-10-05 14:55:56 - [MESSAGE][PASSED] - Object 'Object Repository/keranjang/li_Keranjang Belanja' is present

2023-10-05 14:55:56 - [TEST_STEP][PASSED] - NamaKeranjang = getText(findTestObject("verifikasi/Nama keranjang")): Text of object 'Object Repository/verifikasi/Nama keranjang' is: 'Segitiga Instan Madeira - MDB5.3 Sunset'

2023-10-05 14:55:56 - [MESSAGE][PASSED] - Text of object 'Object Repository/verifikasi/Nama keranjang' is: 'Segitiga Instan Madeira - MDB5.3 Sunset'

2023-10-05 14:55:56 - [TEST_STEP][PASSED] - HargaKeranjang = getText(findTestObject("verifikasi/Harga Keranjang")): Text of object 'Object Repository/verifikasi/Harga Keranjang' is: 'Rp 1,299'

2023-10-05 14:55:57 - [MESSAGE][PASSED] - Text of object 'Object Repository/verifikasi/Harga Keranjang' is: 'Rp 1,299'

2023-10-05 14:55:57 - [TEST_STEP][PASSED] - if (toString().equalsIgnoreCase("Merah")): Object 'Object Repository/keranjang/input_Warna_variasi101' is checked

2023-10-05 14:55:57 - [TEST_STEP][PASSED] - check(findTestObject("Object Repository/keranjang/input_Warna_variasi101")): Object 'Object Repository/keranjang/input_Warna_variasi101' is checked

2023-10-05 14:55:57 - [MESSAGE][PASSED] - Object 'Object Repository/keranjang/input_Warna_variasi101' is checked

2023-10-05 14:55:57 - [TEST_STEP][PASSED] - if (toString().equalsIgnoreCase("Menengah")): Object 'Object Repository/keranjang/input_Ukuran_variasi201' is checked

2023-10-05 14:55:57 - [TEST_STEP][PASSED] - check(findTestObject("Object Repository/keranjang/input_Ukuran_variasi201")): Object 'Object Repository/keranjang/input_Ukuran_variasi201' is checked

2023-10-05 14:55:58 - [MESSAGE][PASSED] - Object 'Object Repository/keranjang/input_Ukuran_variasi201' is checked

2023-10-05 14:55:58 - [TEST_STEP][PASSED] - data.put("Warna", warna): null

2023-10-05 14:55:58 - [TEST_STEP][PASSED] - data.put("Ukuran", ukuran): null

2023-10-05 14:55:58 - [TEST_STEP][PASSED] - click(findTestObject("keranjang/button_Lanjut ke Pembayaran")): Object: 'Object Repository/keranjang/button_Lanjut ke Pembayaran' is clicked on

2023-10-05 14:55:59 - [MESSAGE][PASSED] - Object: 'Object Repository/keranjang/button_Lanjut ke Pembayaran' is clicked on

2023-10-05 14:55:59 - [TEST_STEP][PASSED] - verifyElementPresent(findTestObject("checkout/Tittle Checkout Order"), 0): Object 'Object Repository/checkout/Tittle Checkout Order' is present

2023-10-05 14:55:59 - [MESSAGE][WARNING] - Timeout '0' is invalid. Using default page load timeout: '30'

2023-10-05 14:56:00 - [MESSAGE][PASSED] - Object 'Object Repository/checkout/Tittle Checkout Order' is present

2023-10-05 14:56:00 - [TEST_STEP][PASSED] - name_product = data.get("nama_barang"): null

2023-10-05 14:56:00 - [TEST_STEP][PASSED] - price_product = data.get("price_barang"): null

2023-10-05 14:56:00 - [TEST_STEP][PASSED] - assert name_product == NamaKeranjang: null

2023-10-05 14:56:00 - [TEST_STEP][PASSED] - assert price_product == HargaKeranjang: null

2023-10-05 14:56:00 - [TEST_STEP][PASSED] - return data: null

2023-10-05 14:56:00 - [MESSAGE][PASSED] - Call Test Case 'Test Cases/T13 Pembelian, Shipment dan Pembayaran/PBL-002' successfully

2023-10-05 14:56:00 - [TEST_STEP][PASSED] - warnaa = getText(findTestObject("verifikasi/warna Merah")): Text of object 'Object Repository/verifikasi/warna Merah' is: 'Merah'

2023-10-05 14:56:00 - [MESSAGE][PASSED] - Text of object 'Object Repository/verifikasi/warna Merah' is: 'Merah'

2023-10-05 14:56:00 - [TEST_STEP][PASSED] - ukurann = getText(findTestObject("verifikasi/Ukuran Menengah")): Text of object 'Object Repository/verifikasi/Ukuran Menengah' is: 'Menengah'

2023-10-05 14:56:01 - [MESSAGE][PASSED] - Text of object 'Object Repository/verifikasi/Ukuran Menengah' is: 'Menengah'

2023-10-05 14:56:01 - [TEST_STEP][PASSED] - warna1 = data.get("Warna"): null

2023-10-05 14:56:01 - [TEST_STEP][PASSED] - ukuran1 = data.get("Ukuran"): null

2023-10-05 14:56:01 - [TEST_STEP][PASSED] - assert warnaa == warna1: null

2023-10-05 14:56:01 - [TEST_STEP][PASSED] - assert ukurann == ukuran1: null

2023-10-05 14:56:01 - [TEST_STEP][PASSED] - NamaCheckout = getText(findTestObject("verifikasi/NamaCheckout")): Text of object 'Object Repository/verifikasi/NamaCheckout' is: ''

2023-10-05 14:56:01 - [MESSAGE][PASSED] - Text of object 'Object Repository/verifikasi/NamaCheckout' is: ''

2023-10-05 14:56:01 - [TEST_STEP][PASSED] - HargaCheckout = getText(findTestObject("verifikasi/HargaCheckout")): Text of object 'Object Repository/verifikasi/HargaCheckout' is: '1,299'

2023-10-05 14:56:01 - [MESSAGE][PASSED] - Text of object 'Object Repository/verifikasi/HargaCheckout' is: '1,299'

2023-10-05 14:56:01 - [TEST_STEP][PASSED] - name_product = data.get("nama_barang"): null

2023-10-05 14:56:01 - [TEST_STEP][PASSED] - price_product = data.get("price_barang"): null

2023-10-05 14:56:01 - [TEST_STEP][PASSED] - assert name_product.contains(NamaCheckout): null

2023-10-05 14:56:01 - [TEST_STEP][PASSED] - assert price_product.contains(HargaCheckout): null

2023-10-05 14:56:01 - [TEST_STEP][PASSED] - selectOptionByLabel(findTestObject("checkout/select - Kirim via Kurir Lokal"), Kurir, false): All options with label 'Roda 2' are selected in object 'Object Repository/checkout/select - Kirim via Kurir Lokal' 

2023-10-05 14:56:02 - [MESSAGE][PASSED] - All options with label 'Roda 2' are selected in object 'Object Repository/checkout/select - Kirim via Kurir Lokal' 

2023-10-05 14:56:02 - [TEST_STEP][PASSED] - click(findTestObject("checkout/Kendaraan Kurir")): Object: 'Object Repository/checkout/Kendaraan Kurir' is clicked on

2023-10-05 14:56:03 - [MESSAGE][PASSED] - Object: 'Object Repository/checkout/Kendaraan Kurir' is clicked on

2023-10-05 14:56:03 - [TEST_STEP][PASSED] - OngkosKirim = getText(findTestObject("Object Repository/verifikasi/Ongkos Kirim checkout")): Text of object 'Object Repository/verifikasi/Ongkos Kirim checkout' is: 'Rp. 5,000'

2023-10-05 14:56:03 - [MESSAGE][PASSED] - Text of object 'Object Repository/verifikasi/Ongkos Kirim checkout' is: 'Rp. 5,000'

2023-10-05 14:56:03 - [TEST_STEP][PASSED] - Ongkos = OngkosKirim.substring(3, OngkosKirim.size()): null

2023-10-05 14:56:03 - [TEST_STEP][PASSED] - rep = Ongkos.replace(",", "."): null

2023-10-05 14:56:03 - [TEST_STEP][PASSED] - Ongkos_kirim = Double.parseDouble(rep): null

2023-10-05 14:56:03 - [TEST_STEP][PASSED] - println(Ongkos_kirim): null

2023-10-05 14:56:03 - [TEST_STEP][PASSED] - FeeAdmin = getText(findTestObject("verifikasi/Fee Admin checkout")): Text of object 'Object Repository/verifikasi/Fee Admin checkout' is: 'Fee Admin
Rp 1,500'

2023-10-05 14:56:04 - [MESSAGE][PASSED] - Text of object 'Object Repository/verifikasi/Fee Admin checkout' is: 'Fee Admin
Rp 1,500'

2023-10-05 14:56:04 - [TEST_STEP][PASSED] - Fee_Admin = FeeAdmin.substring(12, FeeAdmin.size()): null

2023-10-05 14:56:04 - [TEST_STEP][PASSED] - fee = Fee_Admin.replace(",", "."): null

2023-10-05 14:56:04 - [TEST_STEP][PASSED] - fee_admin = Double.parseDouble(fee): null

2023-10-05 14:56:04 - [TEST_STEP][PASSED] - println(fee_admin): null

2023-10-05 14:56:04 - [TEST_STEP][PASSED] - Subtotal = getText(findTestObject("verifikasi/subtotal checkout")): Text of object 'Object Repository/verifikasi/subtotal checkout' is: 'Subtotal
Rp 1,299'

2023-10-05 14:56:05 - [MESSAGE][PASSED] - Text of object 'Object Repository/verifikasi/subtotal checkout' is: 'Subtotal
Rp 1,299'

2023-10-05 14:56:05 - [TEST_STEP][PASSED] - sub_total = Subtotal.substring(12, Subtotal.size()): null

2023-10-05 14:56:05 - [TEST_STEP][PASSED] - sub = sub_total.replace(",", "."): null

2023-10-05 14:56:05 - [TEST_STEP][PASSED] - sub_total = Double.parseDouble(sub): null

2023-10-05 14:56:05 - [TEST_STEP][PASSED] - println(sub_total): null

2023-10-05 14:56:05 - [TEST_STEP][PASSED] - Total = getText(findTestObject("verifikasi/Total checkout")): Text of object 'Object Repository/verifikasi/Total checkout' is: 'Rp 7,799'

2023-10-05 14:56:05 - [MESSAGE][PASSED] - Text of object 'Object Repository/verifikasi/Total checkout' is: 'Rp 7,799'

2023-10-05 14:56:05 - [TEST_STEP][PASSED] - totall = Total.substring(3, Total.size()): null

2023-10-05 14:56:05 - [TEST_STEP][PASSED] - total = totall.replace(",", "."): null

2023-10-05 14:56:05 - [TEST_STEP][PASSED] - totall = Double.parseDouble(total): null

2023-10-05 14:56:05 - [TEST_STEP][PASSED] - println(totall): null

2023-10-05 14:56:05 - [TEST_STEP][PASSED] - Total_Harga = Ongkos_kirim + fee_admin + sub_total: null

2023-10-05 14:56:05 - [TEST_STEP][PASSED] - println(Total_Harga): null

2023-10-05 14:56:05 - [TEST_STEP][PASSED] - TotalHarga = Math.round(Total_Harga * 1000) / 1000: null

2023-10-05 14:56:05 - [TEST_STEP][PASSED] - println(TotalHarga): null

2023-10-05 14:56:05 - [TEST_STEP][PASSED] - assert totall == TotalHarga: null

2023-10-05 14:56:05 - [TEST_STEP][PASSED] - click(findTestObject("verifikasi/Metode Transfer")): Object: 'Object Repository/verifikasi/Metode Transfer' is clicked on

2023-10-05 14:56:05 - [MESSAGE][PASSED] - Object: 'Object Repository/verifikasi/Metode Transfer' is clicked on

2023-10-05 14:56:05 - [TEST_STEP][PASSED] - click(findTestObject("checkout/button_Proses Pembayaran")): Object: 'Object Repository/checkout/button_Proses Pembayaran' is clicked on

2023-10-05 14:56:14 - [MESSAGE][PASSED] - Object: 'Object Repository/checkout/button_Proses Pembayaran' is clicked on

2023-10-05 14:56:14 - [TEST_STEP][PASSED] - verifyElementPresent(findTestObject("pembayaran/Tittle nomor invoice"), 0): Object 'Object Repository/pembayaran/Tittle nomor invoice' is present

2023-10-05 14:56:14 - [MESSAGE][WARNING] - Timeout '0' is invalid. Using default page load timeout: '30'

2023-10-05 14:56:15 - [MESSAGE][PASSED] - Object 'Object Repository/pembayaran/Tittle nomor invoice' is present

2023-10-05 14:56:15 - [TEST_STEP][PASSED] - return data: null

2023-10-05 14:56:15 - [MESSAGE][PASSED] - Call Test Case 'Test Cases/T13 Pembelian, Shipment dan Pembayaran/PBL-004' successfully

2023-10-05 14:56:15 - [TEST_STEP][PASSED] - Invoice = getText(findTestObject("pembayaran/nomor invoice")): Text of object 'Object Repository/pembayaran/nomor invoice' is: 'TRX60.20231005145609'

2023-10-05 14:56:15 - [MESSAGE][PASSED] - Text of object 'Object Repository/pembayaran/nomor invoice' is: 'TRX60.20231005145609'

2023-10-05 14:56:15 - [TEST_STEP][PASSED] - data.put("invoice", Invoice): null

2023-10-05 14:56:15 - [TEST_STEP][PASSED] - NamaPemesan = getText(findTestObject("Konfirmasi pesanan shop/Nama pemesan")): Text of object 'Object Repository/Konfirmasi pesanan shop/Nama pemesan' is: 'irfan.afandi'

2023-10-05 14:56:16 - [MESSAGE][PASSED] - Text of object 'Object Repository/Konfirmasi pesanan shop/Nama pemesan' is: 'irfan.afandi'

2023-10-05 14:56:16 - [TEST_STEP][PASSED] - Nama = getText(findTestObject("pembayaran/Nama barang")): Text of object 'Object Repository/pembayaran/Nama barang' is: 'Segitiga Instan Madeira - MDB5.3 Sunset'

2023-10-05 14:56:17 - [MESSAGE][PASSED] - Text of object 'Object Repository/pembayaran/Nama barang' is: 'Segitiga Instan Madeira - MDB5.3 Sunset'

2023-10-05 14:56:17 - [TEST_STEP][PASSED] - Harga = getText(findTestObject("pembayaran/Harga barang")): Text of object 'Object Repository/pembayaran/Harga barang' is: '1,299'

2023-10-05 14:56:17 - [MESSAGE][PASSED] - Text of object 'Object Repository/pembayaran/Harga barang' is: '1,299'

2023-10-05 14:56:17 - [TEST_STEP][PASSED] - name_product = data.get("nama_barang"): null

2023-10-05 14:56:17 - [TEST_STEP][PASSED] - price_product = data.get("price_barang"): null

2023-10-05 14:56:17 - [TEST_STEP][PASSED] - assert name_product.contains(Nama): null

2023-10-05 14:56:17 - [TEST_STEP][PASSED] - assert price_product.contains(Harga): null

2023-10-05 14:56:17 - [TEST_STEP][PASSED] - warnaa = getText(findTestObject("pembayaran/warna")): Text of object 'Object Repository/pembayaran/warna' is: 'Merah'

2023-10-05 14:56:18 - [MESSAGE][PASSED] - Text of object 'Object Repository/pembayaran/warna' is: 'Merah'

2023-10-05 14:56:18 - [TEST_STEP][PASSED] - ukurann = getText(findTestObject("pembayaran/ukuran")): Text of object 'Object Repository/pembayaran/ukuran' is: 'Menengah'

2023-10-05 14:56:18 - [MESSAGE][PASSED] - Text of object 'Object Repository/pembayaran/ukuran' is: 'Menengah'

2023-10-05 14:56:18 - [TEST_STEP][PASSED] - warna1 = data.get("Warna"): null

2023-10-05 14:56:18 - [TEST_STEP][PASSED] - ukuran1 = data.get("Ukuran"): null

2023-10-05 14:56:18 - [TEST_STEP][PASSED] - assert warnaa == warna1: null

2023-10-05 14:56:18 - [TEST_STEP][PASSED] - assert ukurann == ukuran1: null

2023-10-05 14:56:18 - [TEST_STEP][PASSED] - statusPembelian = getText(findTestObject("verifikasi/Status pending di pembelian")): Text of object 'Object Repository/verifikasi/Status pending di pembelian' is: 'Pending'

2023-10-05 14:56:18 - [MESSAGE][PASSED] - Text of object 'Object Repository/verifikasi/Status pending di pembelian' is: 'Pending'

2023-10-05 14:56:18 - [TEST_STEP][PASSED] - data.put("statusPem", statusPembelian): null

2023-10-05 14:56:18 - [TEST_STEP][PASSED] - OngkosKirim = getText(findTestObject("pembayaran/ongkos kirim")): Text of object 'Object Repository/pembayaran/ongkos kirim' is: 'Rp 5,000'

2023-10-05 14:56:19 - [MESSAGE][PASSED] - Text of object 'Object Repository/pembayaran/ongkos kirim' is: 'Rp 5,000'

2023-10-05 14:56:19 - [TEST_STEP][PASSED] - Ongkos = OngkosKirim.substring(3, OngkosKirim.size()): null

2023-10-05 14:56:19 - [TEST_STEP][PASSED] - rep = Ongkos.replace(",", ""): null

2023-10-05 14:56:19 - [TEST_STEP][PASSED] - Ongkos_kirimm = Integer.parseInt(rep): null

2023-10-05 14:56:19 - [TEST_STEP][PASSED] - println(Ongkos_kirimm): null

2023-10-05 14:56:19 - [TEST_STEP][PASSED] - FeeAdmin = getText(findTestObject("pembayaran/fee admin")): Text of object 'Object Repository/pembayaran/fee admin' is: 'Rp 1,500'

2023-10-05 14:56:20 - [MESSAGE][PASSED] - Text of object 'Object Repository/pembayaran/fee admin' is: 'Rp 1,500'

2023-10-05 14:56:20 - [TEST_STEP][PASSED] - Fee_Admin = FeeAdmin.substring(3, FeeAdmin.size()): null

2023-10-05 14:56:20 - [TEST_STEP][PASSED] - fee = Fee_Admin.replace(",", ""): null

2023-10-05 14:56:20 - [TEST_STEP][PASSED] - fee_adminn = Integer.parseInt(fee): null

2023-10-05 14:56:20 - [TEST_STEP][PASSED] - println(fee_adminn): null

2023-10-05 14:56:20 - [TEST_STEP][PASSED] - Subtotal = getText(findTestObject("pembayaran/subtotal")): Text of object 'Object Repository/pembayaran/subtotal' is: 'Rp 1,299'

2023-10-05 14:56:20 - [MESSAGE][PASSED] - Text of object 'Object Repository/pembayaran/subtotal' is: 'Rp 1,299'

2023-10-05 14:56:20 - [TEST_STEP][PASSED] - sub_total = Subtotal.substring(3, Subtotal.size()): null

2023-10-05 14:56:20 - [TEST_STEP][PASSED] - sub = sub_total.replace(",", ""): null

2023-10-05 14:56:20 - [TEST_STEP][PASSED] - sub_totall = Integer.parseInt(sub): null

2023-10-05 14:56:20 - [TEST_STEP][PASSED] - println(sub_totall): null

2023-10-05 14:56:20 - [TEST_STEP][PASSED] - unik = getText(findTestObject("pembayaran/kode unik")): Text of object 'Object Repository/pembayaran/kode unik' is: '+609'

2023-10-05 14:56:21 - [MESSAGE][PASSED] - Text of object 'Object Repository/pembayaran/kode unik' is: '+609'

2023-10-05 14:56:21 - [TEST_STEP][PASSED] - unikk = unik.replace("+", ""): null

2023-10-05 14:56:21 - [TEST_STEP][PASSED] - kode_unik = Integer.parseInt(unikk): null

2023-10-05 14:56:21 - [TEST_STEP][PASSED] - println(kode_unik): null

2023-10-05 14:56:21 - [TEST_STEP][PASSED] - Total = getText(findTestObject("pembayaran/total")): Text of object 'Object Repository/pembayaran/total' is: '8,408'

2023-10-05 14:56:21 - [MESSAGE][PASSED] - Text of object 'Object Repository/pembayaran/total' is: '8,408'

2023-10-05 14:56:21 - [TEST_STEP][PASSED] - total = Total.replace(",", ""): null

2023-10-05 14:56:21 - [TEST_STEP][PASSED] - totalll = Integer.parseInt(total): null

2023-10-05 14:56:21 - [TEST_STEP][PASSED] - println(totalll): null

2023-10-05 14:56:21 - [TEST_STEP][PASSED] - Total_Hargaa = Ongkos_kirimm + fee_adminn + sub_totall + kode_unik: null

2023-10-05 14:56:21 - [TEST_STEP][PASSED] - println(Total_Hargaa): null

2023-10-05 14:56:21 - [TEST_STEP][PASSED] - assert totalll == Total_Hargaa: null

2023-10-05 14:56:21 - [TEST_STEP][PASSED] - data.put("total", Total): null

2023-10-05 14:56:21 - [TEST_STEP][PASSED] - data.put("nama", NamaPemesan): null

2023-10-05 14:56:21 - [TEST_STEP][PASSED] - return data: null

2023-10-05 14:56:21 - [MESSAGE][PASSED] - Call Test Case 'Test Cases/T13 Pembelian, Shipment dan Pembayaran/PBY-001' successfully

2023-10-05 14:56:21 - [TEST_STEP][PASSED] - inv = data.get("invoice"): null

2023-10-05 14:56:21 - [TEST_STEP][PASSED] - Total = data.get("total"): null

2023-10-05 14:56:21 - [TEST_STEP][PASSED] - NamaPemesan = data.get("nama"): null

2023-10-05 14:56:21 - [TEST_STEP][PASSED] - click(findTestObject("Konfirmasi pesanan shop/Menu Shop")): Object: 'Object Repository/Konfirmasi pesanan shop/Menu Shop' is clicked on

2023-10-05 14:56:23 - [MESSAGE][PASSED] - Object: 'Object Repository/Konfirmasi pesanan shop/Menu Shop' is clicked on

2023-10-05 14:56:23 - [TEST_STEP][PASSED] - click(findTestObject("Konfirmasi pesanan shop/Menu Shop")): Object: 'Object Repository/Konfirmasi pesanan shop/Menu Shop' is clicked on

2023-10-05 14:56:24 - [MESSAGE][PASSED] - Object: 'Object Repository/Konfirmasi pesanan shop/Menu Shop' is clicked on

2023-10-05 14:56:24 - [TEST_STEP][PASSED] - click(findTestObject("Konfirmasi pesanan shop/Konfirmasi Orders")): Object: 'Object Repository/Konfirmasi pesanan shop/Konfirmasi Orders' is clicked on

2023-10-05 14:56:25 - [MESSAGE][PASSED] - Object: 'Object Repository/Konfirmasi pesanan shop/Konfirmasi Orders' is clicked on

2023-10-05 14:56:25 - [TEST_STEP][PASSED] - verifyElementPresent(findTestObject("Konfirmasi pesanan shop/Tittle Konfirmasi Pesanan"), 0): Object 'Object Repository/Konfirmasi pesanan shop/Tittle Konfirmasi Pesanan' is present

2023-10-05 14:56:25 - [MESSAGE][WARNING] - Timeout '0' is invalid. Using default page load timeout: '30'

2023-10-05 14:56:25 - [MESSAGE][PASSED] - Object 'Object Repository/Konfirmasi pesanan shop/Tittle Konfirmasi Pesanan' is present

2023-10-05 14:56:25 - [TEST_STEP][PASSED] - setText(findTestObject("Konfirmasi pesanan shop/input_No Pesanan"), inv): Text 'TRX60.20231005145609' is set on object 'Object Repository/Konfirmasi pesanan shop/input_No Pesanan'

2023-10-05 14:56:26 - [MESSAGE][PASSED] - Text 'TRX60.20231005145609' is set on object 'Object Repository/Konfirmasi pesanan shop/input_No Pesanan'

2023-10-05 14:56:26 - [TEST_STEP][PASSED] - setText(findTestObject("Konfirmasi pesanan shop/input_Alamat E-mai"), "irfan@gmail.com"): Text 'irfan@gmail.com' is set on object 'Object Repository/Konfirmasi pesanan shop/input_Alamat E-mai'

2023-10-05 14:56:27 - [MESSAGE][PASSED] - Text 'irfan@gmail.com' is set on object 'Object Repository/Konfirmasi pesanan shop/input_Alamat E-mai'

2023-10-05 14:56:27 - [TEST_STEP][PASSED] - click(findTestObject("Konfirmasi pesanan shop/button_Submit")): Object: 'Object Repository/Konfirmasi pesanan shop/button_Submit' is clicked on

2023-10-05 14:56:28 - [MESSAGE][PASSED] - Object: 'Object Repository/Konfirmasi pesanan shop/button_Submit' is clicked on

2023-10-05 14:56:28 - [TEST_STEP][PASSED] - verifyElementPresent(findTestObject("Konfirmasi pesanan shop/Tittle nomor invoice"), 0): Object 'Object Repository/Konfirmasi pesanan shop/Tittle nomor invoice' is present

2023-10-05 14:56:28 - [MESSAGE][WARNING] - Timeout '0' is invalid. Using default page load timeout: '30'

2023-10-05 14:56:29 - [MESSAGE][PASSED] - Object 'Object Repository/Konfirmasi pesanan shop/Tittle nomor invoice' is present

2023-10-05 14:56:29 - [TEST_STEP][PASSED] - setText(findTestObject("Konfirmasi pesanan shop/input_Total TagihanTransfer_b"), Total): Text '8,408' is set on object 'Object Repository/Konfirmasi pesanan shop/input_Total TagihanTransfer_b'

2023-10-05 14:56:30 - [MESSAGE][PASSED] - Text '8,408' is set on object 'Object Repository/Konfirmasi pesanan shop/input_Total TagihanTransfer_b'

2023-10-05 14:56:30 - [TEST_STEP][PASSED] - selectOptionByValue(findTestObject("Konfirmasi pesanan shop/select_Bank"), "4", false): All options with value '4' are selected in object 'Object Repository/Konfirmasi pesanan shop/select_Bank' 

2023-10-05 14:56:31 - [MESSAGE][PASSED] - All options with value '4' are selected in object 'Object Repository/Konfirmasi pesanan shop/select_Bank' 

2023-10-05 14:56:31 - [TEST_STEP][PASSED] - setText(findTestObject("Konfirmasi pesanan shop/input_Nama Pengirim_d"), NamaPemesan): Text 'irfan.afandi' is set on object 'Object Repository/Konfirmasi pesanan shop/input_Nama Pengirim_d'

2023-10-05 14:56:31 - [MESSAGE][PASSED] - Text 'irfan.afandi' is set on object 'Object Repository/Konfirmasi pesanan shop/input_Nama Pengirim_d'

2023-10-05 14:56:31 - [TEST_STEP][PASSED] - click(findTestObject("Konfirmasi pesanan shop/button_Konfirmasi Pembayaran")): Object: 'Object Repository/Konfirmasi pesanan shop/button_Konfirmasi Pembayaran' is clicked on

2023-10-05 14:56:32 - [MESSAGE][PASSED] - Object: 'Object Repository/Konfirmasi pesanan shop/button_Konfirmasi Pembayaran' is clicked on

2023-10-05 14:56:32 - [TEST_STEP][PASSED] - webDriver = getWebDriver(): null

2023-10-05 14:56:32 - [TEST_STEP][PASSED] - field_upload = webDriver.findElement(By.xpath("//input[@name="f"]")): null

2023-10-05 14:56:32 - [TEST_STEP][PASSED] - error_message = webDriver.executeScript("return arguments[0].validationMessage", field_upload): null

2023-10-05 14:56:32 - [TEST_STEP][PASSED] - println(error_message): null

2023-10-05 14:56:32 - [TEST_STEP][PASSED] - assert error_message == "Please select a file.": null]]></system-out>
         <system-err><![CDATA[]]></system-err>
      </testcase>
      <testcase name="Test Cases/T13 Pembelian, Shipment dan Pembayaran/PBY-010" time="65.178" classname="Test Cases/T13 Pembelian, Shipment dan Pembayaran/PBY-010" status="FAILED">
         <failure type="FAILED" message="Test Cases/T13 Pembelian, Shipment dan Pembayaran/PBY-010 FAILED.
Reason:
com.kms.katalon.core.exception.StepFailedException: Unable to verify text 'Please upload an valid file.' is present 
	at com.kms.katalon.core.webui.keyword.internal.WebUIKeywordMain.stepFailed(WebUIKeywordMain.groovy:64)
	at com.kms.katalon.core.webui.keyword.internal.WebUIKeywordMain.runKeyword(WebUIKeywordMain.groovy:26)
	at com.kms.katalon.core.webui.keyword.builtin.VerifyTextPresentKeyword.verifyTextPresent(VerifyTextPresentKeyword.groovy:83)
	at com.kms.katalon.core.webui.keyword.builtin.VerifyTextPresentKeyword.execute(VerifyTextPresentKeyword.groovy:68)
	at com.kms.katalon.core.keyword.internal.KeywordExecutor.executeKeywordForPlatform(KeywordExecutor.groovy:74)
	at com.kms.katalon.core.webui.keyword.WebUiBuiltInKeywords.verifyTextPresent(WebUiBuiltInKeywords.groovy:1723)
	at com.kms.katalon.core.webui.keyword.WebUiBuiltInKeywords$verifyTextPresent$7.call(Unknown Source)
	at PBY-010.run(PBY-010:54)
	at com.kms.katalon.core.main.ScriptEngine.run(ScriptEngine.java:194)
	at com.kms.katalon.core.main.ScriptEngine.runScriptAsRawText(ScriptEngine.java:119)
	at com.kms.katalon.core.main.TestCaseExecutor.runScript(TestCaseExecutor.java:448)
	at com.kms.katalon.core.main.TestCaseExecutor.doExecute(TestCaseExecutor.java:439)
	at com.kms.katalon.core.main.TestCaseExecutor.processExecutionPhase(TestCaseExecutor.java:418)
	at com.kms.katalon.core.main.TestCaseExecutor.accessMainPhase(TestCaseExecutor.java:410)
	at com.kms.katalon.core.main.TestCaseExecutor.execute(TestCaseExecutor.java:285)
	at com.kms.katalon.core.common.CommonExecutor.accessTestCaseMainPhase(CommonExecutor.java:65)
	at com.kms.katalon.core.main.TestSuiteExecutor.accessTestSuiteMainPhase(TestSuiteExecutor.java:148)
	at com.kms.katalon.core.main.TestSuiteExecutor.execute(TestSuiteExecutor.java:106)
	at com.kms.katalon.core.main.TestCaseMain.startTestSuite(TestCaseMain.java:187)
	at com.kms.katalon.core.main.TestCaseMain$startTestSuite$0.call(Unknown Source)
	at TempTestSuite1696491677292.run(TempTestSuite1696491677292.groovy:36)
Caused by: com.kms.katalon.core.exception.StepFailedException: Text 'Please upload an valid file.' is not present on page 
	at com.kms.katalon.core.webui.keyword.internal.WebUIKeywordMain.stepFailed(WebUIKeywordMain.groovy:64)
	at com.kms.katalon.core.webui.keyword.builtin.VerifyTextPresentKeyword$_verifyTextPresent_closure1.doCall(VerifyTextPresentKeyword.groovy:79)
	at com.kms.katalon.core.webui.keyword.builtin.VerifyTextPresentKeyword$_verifyTextPresent_closure1.call(VerifyTextPresentKeyword.groovy)
	at com.kms.katalon.core.webui.keyword.internal.WebUIKeywordMain.runKeyword(WebUIKeywordMain.groovy:20)
	... 19 more
"/>
         <system-out><![CDATA[2023-10-05 14:56:32 - [TEST_CASE][FAILED] - Test Cases/T13 Pembelian, Shipment dan Pembayaran/PBY-010: Test Cases/T13 Pembelian, Shipment dan Pembayaran/PBY-010 FAILED.
Reason:
com.kms.katalon.core.exception.StepFailedException: Unable to verify text 'Please upload an valid file.' is present 
	at com.kms.katalon.core.webui.keyword.internal.WebUIKeywordMain.stepFailed(WebUIKeywordMain.groovy:64)
	at com.kms.katalon.core.webui.keyword.internal.WebUIKeywordMain.runKeyword(WebUIKeywordMain.groovy:26)
	at com.kms.katalon.core.webui.keyword.builtin.VerifyTextPresentKeyword.verifyTextPresent(VerifyTextPresentKeyword.groovy:83)
	at com.kms.katalon.core.webui.keyword.builtin.VerifyTextPresentKeyword.execute(VerifyTextPresentKeyword.groovy:68)
	at com.kms.katalon.core.keyword.internal.KeywordExecutor.executeKeywordForPlatform(KeywordExecutor.groovy:74)
	at com.kms.katalon.core.webui.keyword.WebUiBuiltInKeywords.verifyTextPresent(WebUiBuiltInKeywords.groovy:1723)
	at com.kms.katalon.core.webui.keyword.WebUiBuiltInKeywords$verifyTextPresent$7.call(Unknown Source)
	at PBY-010.run(PBY-010:54)
	at com.kms.katalon.core.main.ScriptEngine.run(ScriptEngine.java:194)
	at com.kms.katalon.core.main.ScriptEngine.runScriptAsRawText(ScriptEngine.java:119)
	at com.kms.katalon.core.main.TestCaseExecutor.runScript(TestCaseExecutor.java:448)
	at com.kms.katalon.core.main.TestCaseExecutor.doExecute(TestCaseExecutor.java:439)
	at com.kms.katalon.core.main.TestCaseExecutor.processExecutionPhase(TestCaseExecutor.java:418)
	at com.kms.katalon.core.main.TestCaseExecutor.accessMainPhase(TestCaseExecutor.java:410)
	at com.kms.katalon.core.main.TestCaseExecutor.execute(TestCaseExecutor.java:285)
	at com.kms.katalon.core.common.CommonExecutor.accessTestCaseMainPhase(CommonExecutor.java:65)
	at com.kms.katalon.core.main.TestSuiteExecutor.accessTestSuiteMainPhase(TestSuiteExecutor.java:148)
	at com.kms.katalon.core.main.TestSuiteExecutor.execute(TestSuiteExecutor.java:106)
	at com.kms.katalon.core.main.TestCaseMain.startTestSuite(TestCaseMain.java:187)
	at com.kms.katalon.core.main.TestCaseMain$startTestSuite$0.call(Unknown Source)
	at TempTestSuite1696491677292.run(TempTestSuite1696491677292.groovy:36)
Caused by: com.kms.katalon.core.exception.StepFailedException: Text 'Please upload an valid file.' is not present on page 
	at com.kms.katalon.core.webui.keyword.internal.WebUIKeywordMain.stepFailed(WebUIKeywordMain.groovy:64)
	at com.kms.katalon.core.webui.keyword.builtin.VerifyTextPresentKeyword$_verifyTextPresent_closure1.doCall(VerifyTextPresentKeyword.groovy:79)
	at com.kms.katalon.core.webui.keyword.builtin.VerifyTextPresentKeyword$_verifyTextPresent_closure1.call(VerifyTextPresentKeyword.groovy)
	at com.kms.katalon.core.webui.keyword.internal.WebUIKeywordMain.runKeyword(WebUIKeywordMain.groovy:20)
	... 19 more


2023-10-05 14:56:33 - [TEST_STEP][PASSED] - data = callTestCase(findTestCase("T13 Pembelian, Shipment dan Pembayaran/PBY-001"), [:], STOP_ON_FAILURE): Call Test Case 'Test Cases/T13 Pembelian, Shipment dan Pembayaran/PBY-001' successfully

2023-10-05 14:56:33 - [TEST_CASE][PASSED] - Test Cases/T13 Pembelian, Shipment dan Pembayaran/PBY-001: Test Cases/T13 Pembelian, Shipment dan Pembayaran/PBY-001

2023-10-05 14:56:33 - [TEST_STEP][PASSED] - data = callTestCase(findTestCase("T13 Pembelian, Shipment dan Pembayaran/PBL-004"), ["Kurir":"Roda 2"], STOP_ON_FAILURE): Call Test Case 'Test Cases/T13 Pembelian, Shipment dan Pembayaran/PBL-004' successfully

2023-10-05 14:56:33 - [TEST_CASE][PASSED] - Test Cases/T13 Pembelian, Shipment dan Pembayaran/PBL-004: Test Cases/T13 Pembelian, Shipment dan Pembayaran/PBL-004

2023-10-05 14:56:33 - [TEST_STEP][PASSED] - data = callTestCase(findTestCase("T13 Pembelian, Shipment dan Pembayaran/PBL-002"), [:], STOP_ON_FAILURE): Call Test Case 'Test Cases/T13 Pembelian, Shipment dan Pembayaran/PBL-002' successfully

2023-10-05 14:56:33 - [TEST_CASE][PASSED] - Test Cases/T13 Pembelian, Shipment dan Pembayaran/PBL-002: Test Cases/T13 Pembelian, Shipment dan Pembayaran/PBL-002

2023-10-05 14:56:33 - [TEST_STEP][PASSED] - data = callTestCase(findTestCase("T13 Pembelian, Shipment dan Pembayaran/PBL-001"), [:], STOP_ON_FAILURE): Call Test Case 'Test Cases/T13 Pembelian, Shipment dan Pembayaran/PBL-001' successfully

2023-10-05 14:56:33 - [TEST_CASE][PASSED] - Test Cases/T13 Pembelian, Shipment dan Pembayaran/PBL-001: Test Cases/T13 Pembelian, Shipment dan Pembayaran/PBL-001

2023-10-05 14:56:33 - [TEST_STEP][PASSED] - callTestCase(findTestCase("T13 Pembelian, Shipment dan Pembayaran/LU-001"), ["username":"irfanafandi", "password":"12345irfan"], STOP_ON_FAILURE): Call Test Case 'Test Cases/T13 Pembelian, Shipment dan Pembayaran/LU-001' successfully

2023-10-05 14:56:33 - [TEST_CASE][PASSED] - Test Cases/T13 Pembelian, Shipment dan Pembayaran/LU-001: Test Cases/T13 Pembelian, Shipment dan Pembayaran/LU-001

2023-10-05 14:56:33 - [TEST_STEP][PASSED] - openBrowser("https://10.9.2.63/ecommerce/"): Browser is opened with url: 'https://10.9.2.63/ecommerce/'

2023-10-05 14:56:33 - [MESSAGE][WARNING] - A browser is already opened. Closing browser and opening a new one

2023-10-05 14:56:34 - [MESSAGE][INFO] - Starting 'Edge Chromium' driver

2023-10-05 14:56:34 - [MESSAGE][INFO] - User set preference: ['acceptInsecureCerts', 'true']

2023-10-05 14:56:36 - [MESSAGE][INFO] - Action delay is set to 0 milliseconds

2023-10-05 14:56:40 - [MESSAGE][PASSED] - Browser is opened with url: 'https://10.9.2.63/ecommerce/'

2023-10-05 14:56:40 - [TEST_STEP][PASSED] - maximizeWindow(): Current window maximized

2023-10-05 14:56:40 - [MESSAGE][PASSED] - Current window maximized

2023-10-05 14:56:40 - [TEST_STEP][PASSED] - verifyElementPresent(findTestObject("Login/Home"), 0): Object 'Object Repository/Login/Home' is present

2023-10-05 14:56:40 - [MESSAGE][WARNING] - Timeout '0' is invalid. Using default page load timeout: '30'

2023-10-05 14:56:41 - [MESSAGE][PASSED] - Object 'Object Repository/Login/Home' is present

2023-10-05 14:56:41 - [TEST_STEP][PASSED] - click(findTestObject("Login/a_Login")): Object: 'Object Repository/Login/a_Login' is clicked on

2023-10-05 14:56:41 - [MESSAGE][PASSED] - Object: 'Object Repository/Login/a_Login' is clicked on

2023-10-05 14:56:41 - [TEST_STEP][PASSED] - verifyElementPresent(findTestObject("Login/Tittle Login"), 0): Object 'Object Repository/Login/Tittle Login' is present

2023-10-05 14:56:42 - [MESSAGE][WARNING] - Timeout '0' is invalid. Using default page load timeout: '30'

2023-10-05 14:56:42 - [MESSAGE][PASSED] - Object 'Object Repository/Login/Tittle Login' is present

2023-10-05 14:56:42 - [TEST_STEP][PASSED] - setText(findTestObject("Login/input_Username, Email atau No. Handphone_a"), username): Text 'irfanafandi' is set on object 'Object Repository/Login/input_Username, Email atau No. Handphone_a'

2023-10-05 14:56:43 - [MESSAGE][PASSED] - Text 'irfanafandi' is set on object 'Object Repository/Login/input_Username, Email atau No. Handphone_a'

2023-10-05 14:56:43 - [TEST_STEP][PASSED] - setText(findTestObject("Login/input_Password_b"), password): Text '12345irfan' is set on object 'Object Repository/Login/input_Password_b'

2023-10-05 14:56:44 - [MESSAGE][PASSED] - Text '12345irfan' is set on object 'Object Repository/Login/input_Password_b'

2023-10-05 14:56:44 - [TEST_STEP][PASSED] - click(findTestObject("Login/label_Ingat saya")): Object: 'Object Repository/Login/label_Ingat saya' is clicked on

2023-10-05 14:56:45 - [MESSAGE][PASSED] - Object: 'Object Repository/Login/label_Ingat saya' is clicked on

2023-10-05 14:56:45 - [TEST_STEP][PASSED] - click(findTestObject("Login/button_Masuk")): Object: 'Object Repository/Login/button_Masuk' is clicked on

2023-10-05 14:56:46 - [MESSAGE][PASSED] - Object: 'Object Repository/Login/button_Masuk' is clicked on

2023-10-05 14:56:46 - [TEST_STEP][PASSED] - verifyElementPresent(findTestObject("Login/li_Profile"), 0): Object 'Object Repository/Login/li_Profile' is present

2023-10-05 14:56:46 - [MESSAGE][WARNING] - Timeout '0' is invalid. Using default page load timeout: '30'

2023-10-05 14:56:47 - [MESSAGE][PASSED] - Object 'Object Repository/Login/li_Profile' is present

2023-10-05 14:56:47 - [MESSAGE][PASSED] - Call Test Case 'Test Cases/T13 Pembelian, Shipment dan Pembayaran/LU-001' successfully

2023-10-05 14:56:47 - [TEST_STEP][PASSED] - mouseOver(findTestObject("beli barang/i_Mulai Belanja_icon-menu")): Object: 'Object Repository/beli barang/i_Mulai Belanja_icon-menu' is hovered

2023-10-05 14:56:47 - [MESSAGE][PASSED] - Object: 'Object Repository/beli barang/i_Mulai Belanja_icon-menu' is hovered

2023-10-05 14:56:47 - [TEST_STEP][PASSED] - click(findTestObject("beli barang/a_Fashion  Busana Wanita")): Object: 'Object Repository/beli barang/a_Fashion  Busana Wanita' is clicked on

2023-10-05 14:56:49 - [MESSAGE][PASSED] - Object: 'Object Repository/beli barang/a_Fashion  Busana Wanita' is clicked on

2023-10-05 14:56:49 - [TEST_STEP][PASSED] - NamaSebelum = getText(findTestObject("verifikasi/Nama sebelum")): Text of object 'Object Repository/verifikasi/Nama sebelum' is: ''

2023-10-05 14:56:49 - [MESSAGE][PASSED] - Text of object 'Object Repository/verifikasi/Nama sebelum' is: ''

2023-10-05 14:56:49 - [TEST_STEP][PASSED] - HargaSebelum = getText(findTestObject("verifikasi/Harga sebelum")): Text of object 'Object Repository/verifikasi/Harga sebelum' is: 'Rp 1,299'

2023-10-05 14:56:50 - [MESSAGE][PASSED] - Text of object 'Object Repository/verifikasi/Harga sebelum' is: 'Rp 1,299'

2023-10-05 14:56:50 - [TEST_STEP][PASSED] - mouseOver(findTestObject("beli barang/barang mouse over")): Object: 'Object Repository/beli barang/barang mouse over' is hovered

2023-10-05 14:56:50 - [MESSAGE][PASSED] - Object: 'Object Repository/beli barang/barang mouse over' is hovered

2023-10-05 14:56:50 - [TEST_STEP][PASSED] - click(findTestObject("beli barang/buttom add to cart")): Object: 'Object Repository/beli barang/buttom add to cart' is clicked on

2023-10-05 14:56:52 - [MESSAGE][PASSED] - Object: 'Object Repository/beli barang/buttom add to cart' is clicked on

2023-10-05 14:56:52 - [TEST_STEP][PASSED] - NamaSesudah = getText(findTestObject("verifikasi/Nama sesudah")): Text of object 'Object Repository/verifikasi/Nama sesudah' is: 'Segitiga Instan Madeira - MDB5.3 Sunset'

2023-10-05 14:56:53 - [MESSAGE][PASSED] - Text of object 'Object Repository/verifikasi/Nama sesudah' is: 'Segitiga Instan Madeira - MDB5.3 Sunset'

2023-10-05 14:56:53 - [TEST_STEP][PASSED] - HargaSesudah = getText(findTestObject("verifikasi/Harga sesudah")): Text of object 'Object Repository/verifikasi/Harga sesudah' is: 'Rp 1,299'

2023-10-05 14:56:53 - [MESSAGE][PASSED] - Text of object 'Object Repository/verifikasi/Harga sesudah' is: 'Rp 1,299'

2023-10-05 14:56:53 - [TEST_STEP][PASSED] - assert NamaSesudah.contains(NamaSebelum): null

2023-10-05 14:56:53 - [TEST_STEP][PASSED] - assert HargaSesudah.contains(HargaSebelum): null

2023-10-05 14:56:53 - [TEST_STEP][PASSED] - click(findTestObject("beli barang/Tambah Keranjang busana wanita")): Object: 'Object Repository/beli barang/Tambah Keranjang busana wanita' is clicked on

2023-10-05 14:56:53 - [MESSAGE][PASSED] - Object: 'Object Repository/beli barang/Tambah Keranjang busana wanita' is clicked on

2023-10-05 14:56:53 - [TEST_STEP][PASSED] - verifyElementPresent(findTestObject("checkout/Notifikasi keranjang"), 1): Object 'Object Repository/checkout/Notifikasi keranjang' is present

2023-10-05 14:56:54 - [MESSAGE][PASSED] - Object 'Object Repository/checkout/Notifikasi keranjang' is present

2023-10-05 14:56:54 - [TEST_STEP][PASSED] - data = new java.util.HashMap(): null

2023-10-05 14:56:54 - [TEST_STEP][PASSED] - data.put("nama_barang", NamaSesudah): null

2023-10-05 14:56:54 - [TEST_STEP][PASSED] - data.put("price_barang", HargaSesudah): null

2023-10-05 14:56:54 - [TEST_STEP][PASSED] - return data: null

2023-10-05 14:56:54 - [MESSAGE][PASSED] - Call Test Case 'Test Cases/T13 Pembelian, Shipment dan Pembayaran/PBL-001' successfully

2023-10-05 14:56:54 - [TEST_STEP][PASSED] - mouseOver(findTestObject("beli barang/keranjang")): Object: 'Object Repository/beli barang/keranjang' is hovered

2023-10-05 14:56:55 - [MESSAGE][PASSED] - Object: 'Object Repository/beli barang/keranjang' is hovered

2023-10-05 14:56:55 - [TEST_STEP][PASSED] - click(findTestObject("beli barang/Lihat Sekarang")): Object: 'Object Repository/beli barang/Lihat Sekarang' is clicked on

2023-10-05 14:56:56 - [MESSAGE][PASSED] - Object: 'Object Repository/beli barang/Lihat Sekarang' is clicked on

2023-10-05 14:56:56 - [TEST_STEP][PASSED] - verifyElementPresent(findTestObject("keranjang/li_Keranjang Belanja"), 0): Object 'Object Repository/keranjang/li_Keranjang Belanja' is present

2023-10-05 14:56:56 - [MESSAGE][WARNING] - Timeout '0' is invalid. Using default page load timeout: '30'

2023-10-05 14:56:57 - [MESSAGE][PASSED] - Object 'Object Repository/keranjang/li_Keranjang Belanja' is present

2023-10-05 14:56:57 - [TEST_STEP][PASSED] - NamaKeranjang = getText(findTestObject("verifikasi/Nama keranjang")): Text of object 'Object Repository/verifikasi/Nama keranjang' is: 'Segitiga Instan Madeira - MDB5.3 Sunset'

2023-10-05 14:56:58 - [MESSAGE][PASSED] - Text of object 'Object Repository/verifikasi/Nama keranjang' is: 'Segitiga Instan Madeira - MDB5.3 Sunset'

2023-10-05 14:56:58 - [TEST_STEP][PASSED] - HargaKeranjang = getText(findTestObject("verifikasi/Harga Keranjang")): Text of object 'Object Repository/verifikasi/Harga Keranjang' is: 'Rp 1,299'

2023-10-05 14:56:58 - [MESSAGE][PASSED] - Text of object 'Object Repository/verifikasi/Harga Keranjang' is: 'Rp 1,299'

2023-10-05 14:56:58 - [TEST_STEP][PASSED] - if (toString().equalsIgnoreCase("Merah")): Object 'Object Repository/keranjang/input_Warna_variasi101' is checked

2023-10-05 14:56:58 - [TEST_STEP][PASSED] - check(findTestObject("Object Repository/keranjang/input_Warna_variasi101")): Object 'Object Repository/keranjang/input_Warna_variasi101' is checked

2023-10-05 14:56:59 - [MESSAGE][PASSED] - Object 'Object Repository/keranjang/input_Warna_variasi101' is checked

2023-10-05 14:56:59 - [TEST_STEP][PASSED] - if (toString().equalsIgnoreCase("Menengah")): Object 'Object Repository/keranjang/input_Ukuran_variasi201' is checked

2023-10-05 14:56:59 - [TEST_STEP][PASSED] - check(findTestObject("Object Repository/keranjang/input_Ukuran_variasi201")): Object 'Object Repository/keranjang/input_Ukuran_variasi201' is checked

2023-10-05 14:56:59 - [MESSAGE][PASSED] - Object 'Object Repository/keranjang/input_Ukuran_variasi201' is checked

2023-10-05 14:56:59 - [TEST_STEP][PASSED] - data.put("Warna", warna): null

2023-10-05 14:56:59 - [TEST_STEP][PASSED] - data.put("Ukuran", ukuran): null

2023-10-05 14:56:59 - [TEST_STEP][PASSED] - click(findTestObject("keranjang/button_Lanjut ke Pembayaran")): Object: 'Object Repository/keranjang/button_Lanjut ke Pembayaran' is clicked on

2023-10-05 14:57:01 - [MESSAGE][PASSED] - Object: 'Object Repository/keranjang/button_Lanjut ke Pembayaran' is clicked on

2023-10-05 14:57:01 - [TEST_STEP][PASSED] - verifyElementPresent(findTestObject("checkout/Tittle Checkout Order"), 0): Object 'Object Repository/checkout/Tittle Checkout Order' is present

2023-10-05 14:57:01 - [MESSAGE][WARNING] - Timeout '0' is invalid. Using default page load timeout: '30'

2023-10-05 14:57:01 - [MESSAGE][PASSED] - Object 'Object Repository/checkout/Tittle Checkout Order' is present

2023-10-05 14:57:01 - [TEST_STEP][PASSED] - name_product = data.get("nama_barang"): null

2023-10-05 14:57:01 - [TEST_STEP][PASSED] - price_product = data.get("price_barang"): null

2023-10-05 14:57:01 - [TEST_STEP][PASSED] - assert name_product == NamaKeranjang: null

2023-10-05 14:57:01 - [TEST_STEP][PASSED] - assert price_product == HargaKeranjang: null

2023-10-05 14:57:01 - [TEST_STEP][PASSED] - return data: null

2023-10-05 14:57:01 - [MESSAGE][PASSED] - Call Test Case 'Test Cases/T13 Pembelian, Shipment dan Pembayaran/PBL-002' successfully

2023-10-05 14:57:01 - [TEST_STEP][PASSED] - warnaa = getText(findTestObject("verifikasi/warna Merah")): Text of object 'Object Repository/verifikasi/warna Merah' is: 'Merah'

2023-10-05 14:57:02 - [MESSAGE][PASSED] - Text of object 'Object Repository/verifikasi/warna Merah' is: 'Merah'

2023-10-05 14:57:02 - [TEST_STEP][PASSED] - ukurann = getText(findTestObject("verifikasi/Ukuran Menengah")): Text of object 'Object Repository/verifikasi/Ukuran Menengah' is: 'Menengah'

2023-10-05 14:57:02 - [MESSAGE][PASSED] - Text of object 'Object Repository/verifikasi/Ukuran Menengah' is: 'Menengah'

2023-10-05 14:57:02 - [TEST_STEP][PASSED] - warna1 = data.get("Warna"): null

2023-10-05 14:57:02 - [TEST_STEP][PASSED] - ukuran1 = data.get("Ukuran"): null

2023-10-05 14:57:02 - [TEST_STEP][PASSED] - assert warnaa == warna1: null

2023-10-05 14:57:02 - [TEST_STEP][PASSED] - assert ukurann == ukuran1: null

2023-10-05 14:57:02 - [TEST_STEP][PASSED] - NamaCheckout = getText(findTestObject("verifikasi/NamaCheckout")): Text of object 'Object Repository/verifikasi/NamaCheckout' is: ''

2023-10-05 14:57:02 - [MESSAGE][PASSED] - Text of object 'Object Repository/verifikasi/NamaCheckout' is: ''

2023-10-05 14:57:02 - [TEST_STEP][PASSED] - HargaCheckout = getText(findTestObject("verifikasi/HargaCheckout")): Text of object 'Object Repository/verifikasi/HargaCheckout' is: '1,299'

2023-10-05 14:57:03 - [MESSAGE][PASSED] - Text of object 'Object Repository/verifikasi/HargaCheckout' is: '1,299'

2023-10-05 14:57:03 - [TEST_STEP][PASSED] - name_product = data.get("nama_barang"): null

2023-10-05 14:57:03 - [TEST_STEP][PASSED] - price_product = data.get("price_barang"): null

2023-10-05 14:57:03 - [TEST_STEP][PASSED] - assert name_product.contains(NamaCheckout): null

2023-10-05 14:57:03 - [TEST_STEP][PASSED] - assert price_product.contains(HargaCheckout): null

2023-10-05 14:57:03 - [TEST_STEP][PASSED] - selectOptionByLabel(findTestObject("checkout/select - Kirim via Kurir Lokal"), Kurir, false): All options with label 'Roda 2' are selected in object 'Object Repository/checkout/select - Kirim via Kurir Lokal' 

2023-10-05 14:57:04 - [MESSAGE][PASSED] - All options with label 'Roda 2' are selected in object 'Object Repository/checkout/select - Kirim via Kurir Lokal' 

2023-10-05 14:57:04 - [TEST_STEP][PASSED] - click(findTestObject("checkout/Kendaraan Kurir")): Object: 'Object Repository/checkout/Kendaraan Kurir' is clicked on

2023-10-05 14:57:04 - [MESSAGE][PASSED] - Object: 'Object Repository/checkout/Kendaraan Kurir' is clicked on

2023-10-05 14:57:04 - [TEST_STEP][PASSED] - OngkosKirim = getText(findTestObject("Object Repository/verifikasi/Ongkos Kirim checkout")): Text of object 'Object Repository/verifikasi/Ongkos Kirim checkout' is: 'Rp. 5,000'

2023-10-05 14:57:05 - [MESSAGE][PASSED] - Text of object 'Object Repository/verifikasi/Ongkos Kirim checkout' is: 'Rp. 5,000'

2023-10-05 14:57:05 - [TEST_STEP][PASSED] - Ongkos = OngkosKirim.substring(3, OngkosKirim.size()): null

2023-10-05 14:57:05 - [TEST_STEP][PASSED] - rep = Ongkos.replace(",", "."): null

2023-10-05 14:57:05 - [TEST_STEP][PASSED] - Ongkos_kirim = Double.parseDouble(rep): null

2023-10-05 14:57:05 - [TEST_STEP][PASSED] - println(Ongkos_kirim): null

2023-10-05 14:57:05 - [TEST_STEP][PASSED] - FeeAdmin = getText(findTestObject("verifikasi/Fee Admin checkout")): Text of object 'Object Repository/verifikasi/Fee Admin checkout' is: 'Fee Admin
Rp 1,500'

2023-10-05 14:57:05 - [MESSAGE][PASSED] - Text of object 'Object Repository/verifikasi/Fee Admin checkout' is: 'Fee Admin
Rp 1,500'

2023-10-05 14:57:05 - [TEST_STEP][PASSED] - Fee_Admin = FeeAdmin.substring(12, FeeAdmin.size()): null

2023-10-05 14:57:05 - [TEST_STEP][PASSED] - fee = Fee_Admin.replace(",", "."): null

2023-10-05 14:57:05 - [TEST_STEP][PASSED] - fee_admin = Double.parseDouble(fee): null

2023-10-05 14:57:05 - [TEST_STEP][PASSED] - println(fee_admin): null

2023-10-05 14:57:05 - [TEST_STEP][PASSED] - Subtotal = getText(findTestObject("verifikasi/subtotal checkout")): Text of object 'Object Repository/verifikasi/subtotal checkout' is: 'Subtotal
Rp 1,299'

2023-10-05 14:57:06 - [MESSAGE][PASSED] - Text of object 'Object Repository/verifikasi/subtotal checkout' is: 'Subtotal
Rp 1,299'

2023-10-05 14:57:06 - [TEST_STEP][PASSED] - sub_total = Subtotal.substring(12, Subtotal.size()): null

2023-10-05 14:57:06 - [TEST_STEP][PASSED] - sub = sub_total.replace(",", "."): null

2023-10-05 14:57:06 - [TEST_STEP][PASSED] - sub_total = Double.parseDouble(sub): null

2023-10-05 14:57:06 - [TEST_STEP][PASSED] - println(sub_total): null

2023-10-05 14:57:06 - [TEST_STEP][PASSED] - Total = getText(findTestObject("verifikasi/Total checkout")): Text of object 'Object Repository/verifikasi/Total checkout' is: 'Rp 7,799'

2023-10-05 14:57:06 - [MESSAGE][PASSED] - Text of object 'Object Repository/verifikasi/Total checkout' is: 'Rp 7,799'

2023-10-05 14:57:06 - [TEST_STEP][PASSED] - totall = Total.substring(3, Total.size()): null

2023-10-05 14:57:06 - [TEST_STEP][PASSED] - total = totall.replace(",", "."): null

2023-10-05 14:57:06 - [TEST_STEP][PASSED] - totall = Double.parseDouble(total): null

2023-10-05 14:57:06 - [TEST_STEP][PASSED] - println(totall): null

2023-10-05 14:57:06 - [TEST_STEP][PASSED] - Total_Harga = Ongkos_kirim + fee_admin + sub_total: null

2023-10-05 14:57:06 - [TEST_STEP][PASSED] - println(Total_Harga): null

2023-10-05 14:57:06 - [TEST_STEP][PASSED] - TotalHarga = Math.round(Total_Harga * 1000) / 1000: null

2023-10-05 14:57:06 - [TEST_STEP][PASSED] - println(TotalHarga): null

2023-10-05 14:57:06 - [TEST_STEP][PASSED] - assert totall == TotalHarga: null

2023-10-05 14:57:06 - [TEST_STEP][PASSED] - click(findTestObject("verifikasi/Metode Transfer")): Object: 'Object Repository/verifikasi/Metode Transfer' is clicked on

2023-10-05 14:57:06 - [MESSAGE][PASSED] - Object: 'Object Repository/verifikasi/Metode Transfer' is clicked on

2023-10-05 14:57:06 - [TEST_STEP][PASSED] - click(findTestObject("checkout/button_Proses Pembayaran")): Object: 'Object Repository/checkout/button_Proses Pembayaran' is clicked on

2023-10-05 14:57:16 - [MESSAGE][PASSED] - Object: 'Object Repository/checkout/button_Proses Pembayaran' is clicked on

2023-10-05 14:57:16 - [TEST_STEP][PASSED] - verifyElementPresent(findTestObject("pembayaran/Tittle nomor invoice"), 0): Object 'Object Repository/pembayaran/Tittle nomor invoice' is present

2023-10-05 14:57:16 - [MESSAGE][WARNING] - Timeout '0' is invalid. Using default page load timeout: '30'

2023-10-05 14:57:16 - [MESSAGE][PASSED] - Object 'Object Repository/pembayaran/Tittle nomor invoice' is present

2023-10-05 14:57:16 - [TEST_STEP][PASSED] - return data: null

2023-10-05 14:57:16 - [MESSAGE][PASSED] - Call Test Case 'Test Cases/T13 Pembelian, Shipment dan Pembayaran/PBL-004' successfully

2023-10-05 14:57:16 - [TEST_STEP][PASSED] - Invoice = getText(findTestObject("pembayaran/nomor invoice")): Text of object 'Object Repository/pembayaran/nomor invoice' is: 'TRX60.20231005145711'

2023-10-05 14:57:17 - [MESSAGE][PASSED] - Text of object 'Object Repository/pembayaran/nomor invoice' is: 'TRX60.20231005145711'

2023-10-05 14:57:17 - [TEST_STEP][PASSED] - data.put("invoice", Invoice): null

2023-10-05 14:57:17 - [TEST_STEP][PASSED] - NamaPemesan = getText(findTestObject("Konfirmasi pesanan shop/Nama pemesan")): Text of object 'Object Repository/Konfirmasi pesanan shop/Nama pemesan' is: 'irfan.afandi'

2023-10-05 14:57:17 - [MESSAGE][PASSED] - Text of object 'Object Repository/Konfirmasi pesanan shop/Nama pemesan' is: 'irfan.afandi'

2023-10-05 14:57:17 - [TEST_STEP][PASSED] - Nama = getText(findTestObject("pembayaran/Nama barang")): Text of object 'Object Repository/pembayaran/Nama barang' is: 'Segitiga Instan Madeira - MDB5.3 Sunset'

2023-10-05 14:57:18 - [MESSAGE][PASSED] - Text of object 'Object Repository/pembayaran/Nama barang' is: 'Segitiga Instan Madeira - MDB5.3 Sunset'

2023-10-05 14:57:18 - [TEST_STEP][PASSED] - Harga = getText(findTestObject("pembayaran/Harga barang")): Text of object 'Object Repository/pembayaran/Harga barang' is: '1,299'

2023-10-05 14:57:18 - [MESSAGE][PASSED] - Text of object 'Object Repository/pembayaran/Harga barang' is: '1,299'

2023-10-05 14:57:18 - [TEST_STEP][PASSED] - name_product = data.get("nama_barang"): null

2023-10-05 14:57:18 - [TEST_STEP][PASSED] - price_product = data.get("price_barang"): null

2023-10-05 14:57:18 - [TEST_STEP][PASSED] - assert name_product.contains(Nama): null

2023-10-05 14:57:18 - [TEST_STEP][PASSED] - assert price_product.contains(Harga): null

2023-10-05 14:57:18 - [TEST_STEP][PASSED] - warnaa = getText(findTestObject("pembayaran/warna")): Text of object 'Object Repository/pembayaran/warna' is: 'Merah'

2023-10-05 14:57:19 - [MESSAGE][PASSED] - Text of object 'Object Repository/pembayaran/warna' is: 'Merah'

2023-10-05 14:57:19 - [TEST_STEP][PASSED] - ukurann = getText(findTestObject("pembayaran/ukuran")): Text of object 'Object Repository/pembayaran/ukuran' is: 'Menengah'

2023-10-05 14:57:19 - [MESSAGE][PASSED] - Text of object 'Object Repository/pembayaran/ukuran' is: 'Menengah'

2023-10-05 14:57:19 - [TEST_STEP][PASSED] - warna1 = data.get("Warna"): null

2023-10-05 14:57:19 - [TEST_STEP][PASSED] - ukuran1 = data.get("Ukuran"): null

2023-10-05 14:57:19 - [TEST_STEP][PASSED] - assert warnaa == warna1: null

2023-10-05 14:57:19 - [TEST_STEP][PASSED] - assert ukurann == ukuran1: null

2023-10-05 14:57:19 - [TEST_STEP][PASSED] - statusPembelian = getText(findTestObject("verifikasi/Status pending di pembelian")): Text of object 'Object Repository/verifikasi/Status pending di pembelian' is: 'Pending'

2023-10-05 14:57:19 - [MESSAGE][PASSED] - Text of object 'Object Repository/verifikasi/Status pending di pembelian' is: 'Pending'

2023-10-05 14:57:19 - [TEST_STEP][PASSED] - data.put("statusPem", statusPembelian): null

2023-10-05 14:57:19 - [TEST_STEP][PASSED] - OngkosKirim = getText(findTestObject("pembayaran/ongkos kirim")): Text of object 'Object Repository/pembayaran/ongkos kirim' is: 'Rp 5,000'

2023-10-05 14:57:20 - [MESSAGE][PASSED] - Text of object 'Object Repository/pembayaran/ongkos kirim' is: 'Rp 5,000'

2023-10-05 14:57:20 - [TEST_STEP][PASSED] - Ongkos = OngkosKirim.substring(3, OngkosKirim.size()): null

2023-10-05 14:57:20 - [TEST_STEP][PASSED] - rep = Ongkos.replace(",", ""): null

2023-10-05 14:57:20 - [TEST_STEP][PASSED] - Ongkos_kirimm = Integer.parseInt(rep): null

2023-10-05 14:57:20 - [TEST_STEP][PASSED] - println(Ongkos_kirimm): null

2023-10-05 14:57:20 - [TEST_STEP][PASSED] - FeeAdmin = getText(findTestObject("pembayaran/fee admin")): Text of object 'Object Repository/pembayaran/fee admin' is: 'Rp 1,500'

2023-10-05 14:57:21 - [MESSAGE][PASSED] - Text of object 'Object Repository/pembayaran/fee admin' is: 'Rp 1,500'

2023-10-05 14:57:21 - [TEST_STEP][PASSED] - Fee_Admin = FeeAdmin.substring(3, FeeAdmin.size()): null

2023-10-05 14:57:21 - [TEST_STEP][PASSED] - fee = Fee_Admin.replace(",", ""): null

2023-10-05 14:57:21 - [TEST_STEP][PASSED] - fee_adminn = Integer.parseInt(fee): null

2023-10-05 14:57:21 - [TEST_STEP][PASSED] - println(fee_adminn): null

2023-10-05 14:57:21 - [TEST_STEP][PASSED] - Subtotal = getText(findTestObject("pembayaran/subtotal")): Text of object 'Object Repository/pembayaran/subtotal' is: 'Rp 1,299'

2023-10-05 14:57:21 - [MESSAGE][PASSED] - Text of object 'Object Repository/pembayaran/subtotal' is: 'Rp 1,299'

2023-10-05 14:57:21 - [TEST_STEP][PASSED] - sub_total = Subtotal.substring(3, Subtotal.size()): null

2023-10-05 14:57:21 - [TEST_STEP][PASSED] - sub = sub_total.replace(",", ""): null

2023-10-05 14:57:21 - [TEST_STEP][PASSED] - sub_totall = Integer.parseInt(sub): null

2023-10-05 14:57:21 - [TEST_STEP][PASSED] - println(sub_totall): null

2023-10-05 14:57:21 - [TEST_STEP][PASSED] - unik = getText(findTestObject("pembayaran/kode unik")): Text of object 'Object Repository/pembayaran/kode unik' is: '+711'

2023-10-05 14:57:22 - [MESSAGE][PASSED] - Text of object 'Object Repository/pembayaran/kode unik' is: '+711'

2023-10-05 14:57:22 - [TEST_STEP][PASSED] - unikk = unik.replace("+", ""): null

2023-10-05 14:57:22 - [TEST_STEP][PASSED] - kode_unik = Integer.parseInt(unikk): null

2023-10-05 14:57:22 - [TEST_STEP][PASSED] - println(kode_unik): null

2023-10-05 14:57:22 - [TEST_STEP][PASSED] - Total = getText(findTestObject("pembayaran/total")): Text of object 'Object Repository/pembayaran/total' is: '8,510'

2023-10-05 14:57:22 - [MESSAGE][PASSED] - Text of object 'Object Repository/pembayaran/total' is: '8,510'

2023-10-05 14:57:22 - [TEST_STEP][PASSED] - total = Total.replace(",", ""): null

2023-10-05 14:57:22 - [TEST_STEP][PASSED] - totalll = Integer.parseInt(total): null

2023-10-05 14:57:22 - [TEST_STEP][PASSED] - println(totalll): null

2023-10-05 14:57:22 - [TEST_STEP][PASSED] - Total_Hargaa = Ongkos_kirimm + fee_adminn + sub_totall + kode_unik: null

2023-10-05 14:57:22 - [TEST_STEP][PASSED] - println(Total_Hargaa): null

2023-10-05 14:57:22 - [TEST_STEP][PASSED] - assert totalll == Total_Hargaa: null

2023-10-05 14:57:22 - [TEST_STEP][PASSED] - data.put("total", Total): null

2023-10-05 14:57:22 - [TEST_STEP][PASSED] - data.put("nama", NamaPemesan): null

2023-10-05 14:57:22 - [TEST_STEP][PASSED] - return data: null

2023-10-05 14:57:22 - [MESSAGE][PASSED] - Call Test Case 'Test Cases/T13 Pembelian, Shipment dan Pembayaran/PBY-001' successfully

2023-10-05 14:57:22 - [TEST_STEP][PASSED] - inv = data.get("invoice"): null

2023-10-05 14:57:22 - [TEST_STEP][PASSED] - Total = data.get("total"): null

2023-10-05 14:57:22 - [TEST_STEP][PASSED] - NamaPemesan = data.get("nama"): null

2023-10-05 14:57:22 - [TEST_STEP][PASSED] - click(findTestObject("Konfirmasi pesanan shop/Menu Shop")): Object: 'Object Repository/Konfirmasi pesanan shop/Menu Shop' is clicked on

2023-10-05 14:57:24 - [MESSAGE][PASSED] - Object: 'Object Repository/Konfirmasi pesanan shop/Menu Shop' is clicked on

2023-10-05 14:57:24 - [TEST_STEP][PASSED] - click(findTestObject("Konfirmasi pesanan shop/Menu Shop")): Object: 'Object Repository/Konfirmasi pesanan shop/Menu Shop' is clicked on

2023-10-05 14:57:25 - [MESSAGE][PASSED] - Object: 'Object Repository/Konfirmasi pesanan shop/Menu Shop' is clicked on

2023-10-05 14:57:25 - [TEST_STEP][PASSED] - click(findTestObject("Konfirmasi pesanan shop/Konfirmasi Orders")): Object: 'Object Repository/Konfirmasi pesanan shop/Konfirmasi Orders' is clicked on

2023-10-05 14:57:26 - [MESSAGE][PASSED] - Object: 'Object Repository/Konfirmasi pesanan shop/Konfirmasi Orders' is clicked on

2023-10-05 14:57:26 - [TEST_STEP][PASSED] - verifyElementPresent(findTestObject("Konfirmasi pesanan shop/Tittle Konfirmasi Pesanan"), 0): Object 'Object Repository/Konfirmasi pesanan shop/Tittle Konfirmasi Pesanan' is present

2023-10-05 14:57:26 - [MESSAGE][WARNING] - Timeout '0' is invalid. Using default page load timeout: '30'

2023-10-05 14:57:26 - [MESSAGE][PASSED] - Object 'Object Repository/Konfirmasi pesanan shop/Tittle Konfirmasi Pesanan' is present

2023-10-05 14:57:26 - [TEST_STEP][PASSED] - setText(findTestObject("Konfirmasi pesanan shop/input_No Pesanan"), inv): Text 'TRX60.20231005145711' is set on object 'Object Repository/Konfirmasi pesanan shop/input_No Pesanan'

2023-10-05 14:57:27 - [MESSAGE][PASSED] - Text 'TRX60.20231005145711' is set on object 'Object Repository/Konfirmasi pesanan shop/input_No Pesanan'

2023-10-05 14:57:27 - [TEST_STEP][PASSED] - setText(findTestObject("Konfirmasi pesanan shop/input_Alamat E-mai"), "irfan@gmail.com"): Text 'irfan@gmail.com' is set on object 'Object Repository/Konfirmasi pesanan shop/input_Alamat E-mai'

2023-10-05 14:57:28 - [MESSAGE][PASSED] - Text 'irfan@gmail.com' is set on object 'Object Repository/Konfirmasi pesanan shop/input_Alamat E-mai'

2023-10-05 14:57:28 - [TEST_STEP][PASSED] - click(findTestObject("Konfirmasi pesanan shop/button_Submit")): Object: 'Object Repository/Konfirmasi pesanan shop/button_Submit' is clicked on

2023-10-05 14:57:29 - [MESSAGE][PASSED] - Object: 'Object Repository/Konfirmasi pesanan shop/button_Submit' is clicked on

2023-10-05 14:57:29 - [TEST_STEP][PASSED] - verifyElementPresent(findTestObject("Konfirmasi pesanan shop/Tittle nomor invoice"), 0): Object 'Object Repository/Konfirmasi pesanan shop/Tittle nomor invoice' is present

2023-10-05 14:57:29 - [MESSAGE][WARNING] - Timeout '0' is invalid. Using default page load timeout: '30'

2023-10-05 14:57:30 - [MESSAGE][PASSED] - Object 'Object Repository/Konfirmasi pesanan shop/Tittle nomor invoice' is present

2023-10-05 14:57:30 - [TEST_STEP][PASSED] - setText(findTestObject("Konfirmasi pesanan shop/input_Total TagihanTransfer_b"), Total): Text '8,510' is set on object 'Object Repository/Konfirmasi pesanan shop/input_Total TagihanTransfer_b'

2023-10-05 14:57:31 - [MESSAGE][PASSED] - Text '8,510' is set on object 'Object Repository/Konfirmasi pesanan shop/input_Total TagihanTransfer_b'

2023-10-05 14:57:31 - [TEST_STEP][PASSED] - selectOptionByValue(findTestObject("Konfirmasi pesanan shop/select_Bank"), "4", false): All options with value '4' are selected in object 'Object Repository/Konfirmasi pesanan shop/select_Bank' 

2023-10-05 14:57:32 - [MESSAGE][PASSED] - All options with value '4' are selected in object 'Object Repository/Konfirmasi pesanan shop/select_Bank' 

2023-10-05 14:57:32 - [TEST_STEP][PASSED] - setText(findTestObject("Konfirmasi pesanan shop/input_Nama Pengirim_d"), NamaPemesan): Text 'irfan.afandi' is set on object 'Object Repository/Konfirmasi pesanan shop/input_Nama Pengirim_d'

2023-10-05 14:57:32 - [MESSAGE][PASSED] - Text 'irfan.afandi' is set on object 'Object Repository/Konfirmasi pesanan shop/input_Nama Pengirim_d'

2023-10-05 14:57:32 - [TEST_STEP][PASSED] - uploadFile(findTestObject("keranjang/konfirmasi/input_Upload Bukti Transfer_f"), "C:\Users\IRFAN\Videos\katalon\video.mp4"): File 'C:\Users\IRFAN\Videos\katalon\video.mp4' sent to object: 'Object Repository/keranjang/konfirmasi/input_Upload Bukti Transfer_f'

2023-10-05 14:57:33 - [MESSAGE][PASSED] - File 'C:\Users\IRFAN\Videos\katalon\video.mp4' sent to object: 'Object Repository/keranjang/konfirmasi/input_Upload Bukti Transfer_f'

2023-10-05 14:57:33 - [TEST_STEP][PASSED] - click(findTestObject("Konfirmasi pesanan shop/button_Konfirmasi Pembayaran")): Object: 'Object Repository/Konfirmasi pesanan shop/button_Konfirmasi Pembayaran' is clicked on

2023-10-05 14:57:36 - [MESSAGE][PASSED] - Object: 'Object Repository/Konfirmasi pesanan shop/button_Konfirmasi Pembayaran' is clicked on

2023-10-05 14:57:36 - [TEST_STEP][FAILED] - verifyTextPresent("Please upload an valid file.", false): Unable to verify text 'Please upload an valid file.' is present  (Root cause: com.kms.katalon.core.exception.StepFailedException: Unable to verify text 'Please upload an valid file.' is present 
	at com.kms.katalon.core.webui.keyword.internal.WebUIKeywordMain.stepFailed(WebUIKeywordMain.groovy:64)
	at com.kms.katalon.core.webui.keyword.internal.WebUIKeywordMain.runKeyword(WebUIKeywordMain.groovy:26)
	at com.kms.katalon.core.webui.keyword.builtin.VerifyTextPresentKeyword.verifyTextPresent(VerifyTextPresentKeyword.groovy:83)
	at com.kms.katalon.core.webui.keyword.builtin.VerifyTextPresentKeyword.execute(VerifyTextPresentKeyword.groovy:68)
	at com.kms.katalon.core.keyword.internal.KeywordExecutor.executeKeywordForPlatform(KeywordExecutor.groovy:74)
	at com.kms.katalon.core.webui.keyword.WebUiBuiltInKeywords.verifyTextPresent(WebUiBuiltInKeywords.groovy:1723)
	at com.kms.katalon.core.webui.keyword.WebUiBuiltInKeywords$verifyTextPresent$7.call(Unknown Source)
	at PBY-010.run(PBY-010:54)
	at com.kms.katalon.core.main.ScriptEngine.run(ScriptEngine.java:194)
	at com.kms.katalon.core.main.ScriptEngine.runScriptAsRawText(ScriptEngine.java:119)
	at com.kms.katalon.core.main.TestCaseExecutor.runScript(TestCaseExecutor.java:448)
	at com.kms.katalon.core.main.TestCaseExecutor.doExecute(TestCaseExecutor.java:439)
	at com.kms.katalon.core.main.TestCaseExecutor.processExecutionPhase(TestCaseExecutor.java:418)
	at com.kms.katalon.core.main.TestCaseExecutor.accessMainPhase(TestCaseExecutor.java:410)
	at com.kms.katalon.core.main.TestCaseExecutor.execute(TestCaseExecutor.java:285)
	at com.kms.katalon.core.common.CommonExecutor.accessTestCaseMainPhase(CommonExecutor.java:65)
	at com.kms.katalon.core.main.TestSuiteExecutor.accessTestSuiteMainPhase(TestSuiteExecutor.java:148)
	at com.kms.katalon.core.main.TestSuiteExecutor.execute(TestSuiteExecutor.java:106)
	at com.kms.katalon.core.main.TestCaseMain.startTestSuite(TestCaseMain.java:187)
	at com.kms.katalon.core.main.TestCaseMain$startTestSuite$0.call(Unknown Source)
	at TempTestSuite1696491677292.run(TempTestSuite1696491677292.groovy:36)
Caused by: com.kms.katalon.core.exception.StepFailedException: Text 'Please upload an valid file.' is not present on page 
	at com.kms.katalon.core.webui.keyword.internal.WebUIKeywordMain.stepFailed(WebUIKeywordMain.groovy:64)
	at com.kms.katalon.core.webui.keyword.builtin.VerifyTextPresentKeyword$_verifyTextPresent_closure1.doCall(VerifyTextPresentKeyword.groovy:79)
	at com.kms.katalon.core.webui.keyword.builtin.VerifyTextPresentKeyword$_verifyTextPresent_closure1.call(VerifyTextPresentKeyword.groovy)
	at com.kms.katalon.core.webui.keyword.internal.WebUIKeywordMain.runKeyword(WebUIKeywordMain.groovy:20)
	... 19 more
)

2023-10-05 14:57:37 - [MESSAGE][FAILED] - Text 'Please upload an valid file.' is not present on page  (Root cause: com.kms.katalon.core.exception.StepFailedException: Text 'Please upload an valid file.' is not present on page 
	at com.kms.katalon.core.webui.keyword.internal.WebUIKeywordMain.stepFailed(WebUIKeywordMain.groovy:64)
	at com.kms.katalon.core.webui.keyword.builtin.VerifyTextPresentKeyword$_verifyTextPresent_closure1.doCall(VerifyTextPresentKeyword.groovy:79)
	at com.kms.katalon.core.webui.keyword.builtin.VerifyTextPresentKeyword$_verifyTextPresent_closure1.call(VerifyTextPresentKeyword.groovy)
	at com.kms.katalon.core.webui.keyword.internal.WebUIKeywordMain.runKeyword(WebUIKeywordMain.groovy:20)
	at com.kms.katalon.core.webui.keyword.builtin.VerifyTextPresentKeyword.verifyTextPresent(VerifyTextPresentKeyword.groovy:83)
	at com.kms.katalon.core.webui.keyword.builtin.VerifyTextPresentKeyword.execute(VerifyTextPresentKeyword.groovy:68)
	at com.kms.katalon.core.keyword.internal.KeywordExecutor.executeKeywordForPlatform(KeywordExecutor.groovy:74)
	at com.kms.katalon.core.webui.keyword.WebUiBuiltInKeywords.verifyTextPresent(WebUiBuiltInKeywords.groovy:1723)
	at com.kms.katalon.core.webui.keyword.WebUiBuiltInKeywords$verifyTextPresent$7.call(Unknown Source)
	at PBY-010.run(PBY-010:54)
	at com.kms.katalon.core.main.ScriptEngine.run(ScriptEngine.java:194)
	at com.kms.katalon.core.main.ScriptEngine.runScriptAsRawText(ScriptEngine.java:119)
	at com.kms.katalon.core.main.TestCaseExecutor.runScript(TestCaseExecutor.java:448)
	at com.kms.katalon.core.main.TestCaseExecutor.doExecute(TestCaseExecutor.java:439)
	at com.kms.katalon.core.main.TestCaseExecutor.processExecutionPhase(TestCaseExecutor.java:418)
	at com.kms.katalon.core.main.TestCaseExecutor.accessMainPhase(TestCaseExecutor.java:410)
	at com.kms.katalon.core.main.TestCaseExecutor.execute(TestCaseExecutor.java:285)
	at com.kms.katalon.core.common.CommonExecutor.accessTestCaseMainPhase(CommonExecutor.java:65)
	at com.kms.katalon.core.main.TestSuiteExecutor.accessTestSuiteMainPhase(TestSuiteExecutor.java:148)
	at com.kms.katalon.core.main.TestSuiteExecutor.execute(TestSuiteExecutor.java:106)
	at com.kms.katalon.core.main.TestCaseMain.startTestSuite(TestCaseMain.java:187)
	at com.kms.katalon.core.main.TestCaseMain$startTestSuite$0.call(Unknown Source)
	at TempTestSuite1696491677292.run(TempTestSuite1696491677292.groovy:36)
)

2023-10-05 14:57:37 - [MESSAGE][FAILED] - Unable to verify text 'Please upload an valid file.' is present  (Root cause: com.kms.katalon.core.exception.StepFailedException: Unable to verify text 'Please upload an valid file.' is present 
	at com.kms.katalon.core.webui.keyword.internal.WebUIKeywordMain.stepFailed(WebUIKeywordMain.groovy:64)
	at com.kms.katalon.core.webui.keyword.internal.WebUIKeywordMain.runKeyword(WebUIKeywordMain.groovy:26)
	at com.kms.katalon.core.webui.keyword.builtin.VerifyTextPresentKeyword.verifyTextPresent(VerifyTextPresentKeyword.groovy:83)
	at com.kms.katalon.core.webui.keyword.builtin.VerifyTextPresentKeyword.execute(VerifyTextPresentKeyword.groovy:68)
	at com.kms.katalon.core.keyword.internal.KeywordExecutor.executeKeywordForPlatform(KeywordExecutor.groovy:74)
	at com.kms.katalon.core.webui.keyword.WebUiBuiltInKeywords.verifyTextPresent(WebUiBuiltInKeywords.groovy:1723)
	at com.kms.katalon.core.webui.keyword.WebUiBuiltInKeywords$verifyTextPresent$7.call(Unknown Source)
	at PBY-010.run(PBY-010:54)
	at com.kms.katalon.core.main.ScriptEngine.run(ScriptEngine.java:194)
	at com.kms.katalon.core.main.ScriptEngine.runScriptAsRawText(ScriptEngine.java:119)
	at com.kms.katalon.core.main.TestCaseExecutor.runScript(TestCaseExecutor.java:448)
	at com.kms.katalon.core.main.TestCaseExecutor.doExecute(TestCaseExecutor.java:439)
	at com.kms.katalon.core.main.TestCaseExecutor.processExecutionPhase(TestCaseExecutor.java:418)
	at com.kms.katalon.core.main.TestCaseExecutor.accessMainPhase(TestCaseExecutor.java:410)
	at com.kms.katalon.core.main.TestCaseExecutor.execute(TestCaseExecutor.java:285)
	at com.kms.katalon.core.common.CommonExecutor.accessTestCaseMainPhase(CommonExecutor.java:65)
	at com.kms.katalon.core.main.TestSuiteExecutor.accessTestSuiteMainPhase(TestSuiteExecutor.java:148)
	at com.kms.katalon.core.main.TestSuiteExecutor.execute(TestSuiteExecutor.java:106)
	at com.kms.katalon.core.main.TestCaseMain.startTestSuite(TestCaseMain.java:187)
	at com.kms.katalon.core.main.TestCaseMain$startTestSuite$0.call(Unknown Source)
	at TempTestSuite1696491677292.run(TempTestSuite1696491677292.groovy:36)
Caused by: com.kms.katalon.core.exception.StepFailedException: Text 'Please upload an valid file.' is not present on page 
	at com.kms.katalon.core.webui.keyword.internal.WebUIKeywordMain.stepFailed(WebUIKeywordMain.groovy:64)
	at com.kms.katalon.core.webui.keyword.builtin.VerifyTextPresentKeyword$_verifyTextPresent_closure1.doCall(VerifyTextPresentKeyword.groovy:79)
	at com.kms.katalon.core.webui.keyword.builtin.VerifyTextPresentKeyword$_verifyTextPresent_closure1.call(VerifyTextPresentKeyword.groovy)
	at com.kms.katalon.core.webui.keyword.internal.WebUIKeywordMain.runKeyword(WebUIKeywordMain.groovy:20)
	... 19 more
)
[[ATTACHMENT|C:\\FT2 XSIS\\Projek 2 MINI PROJEK\\Reports\\20231005_144117\\T13 Pembelian, Shipment dan Pembayaran\\T13 Pembelian, Shipment dan Pembayaran\\20231005_144117\\1696492657714.png]]]]></system-out>
         <system-err><![CDATA[2023-10-05 14:56:32 - [TEST_CASE][FAILED] - Test Cases/T13 Pembelian, Shipment dan Pembayaran/PBY-010: Test Cases/T13 Pembelian, Shipment dan Pembayaran/PBY-010 FAILED.
Reason:
com.kms.katalon.core.exception.StepFailedException: Unable to verify text 'Please upload an valid file.' is present 
	at com.kms.katalon.core.webui.keyword.internal.WebUIKeywordMain.stepFailed(WebUIKeywordMain.groovy:64)
	at com.kms.katalon.core.webui.keyword.internal.WebUIKeywordMain.runKeyword(WebUIKeywordMain.groovy:26)
	at com.kms.katalon.core.webui.keyword.builtin.VerifyTextPresentKeyword.verifyTextPresent(VerifyTextPresentKeyword.groovy:83)
	at com.kms.katalon.core.webui.keyword.builtin.VerifyTextPresentKeyword.execute(VerifyTextPresentKeyword.groovy:68)
	at com.kms.katalon.core.keyword.internal.KeywordExecutor.executeKeywordForPlatform(KeywordExecutor.groovy:74)
	at com.kms.katalon.core.webui.keyword.WebUiBuiltInKeywords.verifyTextPresent(WebUiBuiltInKeywords.groovy:1723)
	at com.kms.katalon.core.webui.keyword.WebUiBuiltInKeywords$verifyTextPresent$7.call(Unknown Source)
	at PBY-010.run(PBY-010:54)
	at com.kms.katalon.core.main.ScriptEngine.run(ScriptEngine.java:194)
	at com.kms.katalon.core.main.ScriptEngine.runScriptAsRawText(ScriptEngine.java:119)
	at com.kms.katalon.core.main.TestCaseExecutor.runScript(TestCaseExecutor.java:448)
	at com.kms.katalon.core.main.TestCaseExecutor.doExecute(TestCaseExecutor.java:439)
	at com.kms.katalon.core.main.TestCaseExecutor.processExecutionPhase(TestCaseExecutor.java:418)
	at com.kms.katalon.core.main.TestCaseExecutor.accessMainPhase(TestCaseExecutor.java:410)
	at com.kms.katalon.core.main.TestCaseExecutor.execute(TestCaseExecutor.java:285)
	at com.kms.katalon.core.common.CommonExecutor.accessTestCaseMainPhase(CommonExecutor.java:65)
	at com.kms.katalon.core.main.TestSuiteExecutor.accessTestSuiteMainPhase(TestSuiteExecutor.java:148)
	at com.kms.katalon.core.main.TestSuiteExecutor.execute(TestSuiteExecutor.java:106)
	at com.kms.katalon.core.main.TestCaseMain.startTestSuite(TestCaseMain.java:187)
	at com.kms.katalon.core.main.TestCaseMain$startTestSuite$0.call(Unknown Source)
	at TempTestSuite1696491677292.run(TempTestSuite1696491677292.groovy:36)
Caused by: com.kms.katalon.core.exception.StepFailedException: Text 'Please upload an valid file.' is not present on page 
	at com.kms.katalon.core.webui.keyword.internal.WebUIKeywordMain.stepFailed(WebUIKeywordMain.groovy:64)
	at com.kms.katalon.core.webui.keyword.builtin.VerifyTextPresentKeyword$_verifyTextPresent_closure1.doCall(VerifyTextPresentKeyword.groovy:79)
	at com.kms.katalon.core.webui.keyword.builtin.VerifyTextPresentKeyword$_verifyTextPresent_closure1.call(VerifyTextPresentKeyword.groovy)
	at com.kms.katalon.core.webui.keyword.internal.WebUIKeywordMain.runKeyword(WebUIKeywordMain.groovy:20)
	... 19 more]]></system-err>
      </testcase>
      <testcase name="Test Cases/T13 Pembelian, Shipment dan Pembayaran/PBY-011" time="62.232" classname="Test Cases/T13 Pembelian, Shipment dan Pembayaran/PBY-011" status="FAILED">
         <failure type="FAILED" message="Test Cases/T13 Pembelian, Shipment dan Pembayaran/PBY-011 FAILED.
Reason:
com.kms.katalon.core.exception.StepFailedException: Unable to verify text 'Please input an valid date.' is present 
	at com.kms.katalon.core.webui.keyword.internal.WebUIKeywordMain.stepFailed(WebUIKeywordMain.groovy:64)
	at com.kms.katalon.core.webui.keyword.internal.WebUIKeywordMain.runKeyword(WebUIKeywordMain.groovy:26)
	at com.kms.katalon.core.webui.keyword.builtin.VerifyTextPresentKeyword.verifyTextPresent(VerifyTextPresentKeyword.groovy:83)
	at com.kms.katalon.core.webui.keyword.builtin.VerifyTextPresentKeyword.execute(VerifyTextPresentKeyword.groovy:68)
	at com.kms.katalon.core.keyword.internal.KeywordExecutor.executeKeywordForPlatform(KeywordExecutor.groovy:74)
	at com.kms.katalon.core.webui.keyword.WebUiBuiltInKeywords.verifyTextPresent(WebUiBuiltInKeywords.groovy:1723)
	at com.kms.katalon.core.webui.keyword.WebUiBuiltInKeywords$verifyTextPresent$7.call(Unknown Source)
	at PBY-011.run(PBY-011:56)
	at com.kms.katalon.core.main.ScriptEngine.run(ScriptEngine.java:194)
	at com.kms.katalon.core.main.ScriptEngine.runScriptAsRawText(ScriptEngine.java:119)
	at com.kms.katalon.core.main.TestCaseExecutor.runScript(TestCaseExecutor.java:448)
	at com.kms.katalon.core.main.TestCaseExecutor.doExecute(TestCaseExecutor.java:439)
	at com.kms.katalon.core.main.TestCaseExecutor.processExecutionPhase(TestCaseExecutor.java:418)
	at com.kms.katalon.core.main.TestCaseExecutor.accessMainPhase(TestCaseExecutor.java:410)
	at com.kms.katalon.core.main.TestCaseExecutor.execute(TestCaseExecutor.java:285)
	at com.kms.katalon.core.common.CommonExecutor.accessTestCaseMainPhase(CommonExecutor.java:65)
	at com.kms.katalon.core.main.TestSuiteExecutor.accessTestSuiteMainPhase(TestSuiteExecutor.java:148)
	at com.kms.katalon.core.main.TestSuiteExecutor.execute(TestSuiteExecutor.java:106)
	at com.kms.katalon.core.main.TestCaseMain.startTestSuite(TestCaseMain.java:187)
	at com.kms.katalon.core.main.TestCaseMain$startTestSuite$0.call(Unknown Source)
	at TempTestSuite1696491677292.run(TempTestSuite1696491677292.groovy:36)
Caused by: com.kms.katalon.core.exception.StepFailedException: Text 'Please input an valid date.' is not present on page 
	at com.kms.katalon.core.webui.keyword.internal.WebUIKeywordMain.stepFailed(WebUIKeywordMain.groovy:64)
	at com.kms.katalon.core.webui.keyword.builtin.VerifyTextPresentKeyword$_verifyTextPresent_closure1.doCall(VerifyTextPresentKeyword.groovy:79)
	at com.kms.katalon.core.webui.keyword.builtin.VerifyTextPresentKeyword$_verifyTextPresent_closure1.call(VerifyTextPresentKeyword.groovy)
	at com.kms.katalon.core.webui.keyword.internal.WebUIKeywordMain.runKeyword(WebUIKeywordMain.groovy:20)
	... 19 more
"/>
         <system-out><![CDATA[2023-10-05 14:57:37 - [TEST_CASE][FAILED] - Test Cases/T13 Pembelian, Shipment dan Pembayaran/PBY-011: Test Cases/T13 Pembelian, Shipment dan Pembayaran/PBY-011 FAILED.
Reason:
com.kms.katalon.core.exception.StepFailedException: Unable to verify text 'Please input an valid date.' is present 
	at com.kms.katalon.core.webui.keyword.internal.WebUIKeywordMain.stepFailed(WebUIKeywordMain.groovy:64)
	at com.kms.katalon.core.webui.keyword.internal.WebUIKeywordMain.runKeyword(WebUIKeywordMain.groovy:26)
	at com.kms.katalon.core.webui.keyword.builtin.VerifyTextPresentKeyword.verifyTextPresent(VerifyTextPresentKeyword.groovy:83)
	at com.kms.katalon.core.webui.keyword.builtin.VerifyTextPresentKeyword.execute(VerifyTextPresentKeyword.groovy:68)
	at com.kms.katalon.core.keyword.internal.KeywordExecutor.executeKeywordForPlatform(KeywordExecutor.groovy:74)
	at com.kms.katalon.core.webui.keyword.WebUiBuiltInKeywords.verifyTextPresent(WebUiBuiltInKeywords.groovy:1723)
	at com.kms.katalon.core.webui.keyword.WebUiBuiltInKeywords$verifyTextPresent$7.call(Unknown Source)
	at PBY-011.run(PBY-011:56)
	at com.kms.katalon.core.main.ScriptEngine.run(ScriptEngine.java:194)
	at com.kms.katalon.core.main.ScriptEngine.runScriptAsRawText(ScriptEngine.java:119)
	at com.kms.katalon.core.main.TestCaseExecutor.runScript(TestCaseExecutor.java:448)
	at com.kms.katalon.core.main.TestCaseExecutor.doExecute(TestCaseExecutor.java:439)
	at com.kms.katalon.core.main.TestCaseExecutor.processExecutionPhase(TestCaseExecutor.java:418)
	at com.kms.katalon.core.main.TestCaseExecutor.accessMainPhase(TestCaseExecutor.java:410)
	at com.kms.katalon.core.main.TestCaseExecutor.execute(TestCaseExecutor.java:285)
	at com.kms.katalon.core.common.CommonExecutor.accessTestCaseMainPhase(CommonExecutor.java:65)
	at com.kms.katalon.core.main.TestSuiteExecutor.accessTestSuiteMainPhase(TestSuiteExecutor.java:148)
	at com.kms.katalon.core.main.TestSuiteExecutor.execute(TestSuiteExecutor.java:106)
	at com.kms.katalon.core.main.TestCaseMain.startTestSuite(TestCaseMain.java:187)
	at com.kms.katalon.core.main.TestCaseMain$startTestSuite$0.call(Unknown Source)
	at TempTestSuite1696491677292.run(TempTestSuite1696491677292.groovy:36)
Caused by: com.kms.katalon.core.exception.StepFailedException: Text 'Please input an valid date.' is not present on page 
	at com.kms.katalon.core.webui.keyword.internal.WebUIKeywordMain.stepFailed(WebUIKeywordMain.groovy:64)
	at com.kms.katalon.core.webui.keyword.builtin.VerifyTextPresentKeyword$_verifyTextPresent_closure1.doCall(VerifyTextPresentKeyword.groovy:79)
	at com.kms.katalon.core.webui.keyword.builtin.VerifyTextPresentKeyword$_verifyTextPresent_closure1.call(VerifyTextPresentKeyword.groovy)
	at com.kms.katalon.core.webui.keyword.internal.WebUIKeywordMain.runKeyword(WebUIKeywordMain.groovy:20)
	... 19 more


2023-10-05 14:57:38 - [TEST_STEP][PASSED] - data = callTestCase(findTestCase("T13 Pembelian, Shipment dan Pembayaran/PBY-001"), [:], STOP_ON_FAILURE): Call Test Case 'Test Cases/T13 Pembelian, Shipment dan Pembayaran/PBY-001' successfully

2023-10-05 14:57:38 - [TEST_CASE][PASSED] - Test Cases/T13 Pembelian, Shipment dan Pembayaran/PBY-001: Test Cases/T13 Pembelian, Shipment dan Pembayaran/PBY-001

2023-10-05 14:57:38 - [TEST_STEP][PASSED] - data = callTestCase(findTestCase("T13 Pembelian, Shipment dan Pembayaran/PBL-004"), ["Kurir":"Roda 2"], STOP_ON_FAILURE): Call Test Case 'Test Cases/T13 Pembelian, Shipment dan Pembayaran/PBL-004' successfully

2023-10-05 14:57:38 - [TEST_CASE][PASSED] - Test Cases/T13 Pembelian, Shipment dan Pembayaran/PBL-004: Test Cases/T13 Pembelian, Shipment dan Pembayaran/PBL-004

2023-10-05 14:57:38 - [TEST_STEP][PASSED] - data = callTestCase(findTestCase("T13 Pembelian, Shipment dan Pembayaran/PBL-002"), [:], STOP_ON_FAILURE): Call Test Case 'Test Cases/T13 Pembelian, Shipment dan Pembayaran/PBL-002' successfully

2023-10-05 14:57:38 - [TEST_CASE][PASSED] - Test Cases/T13 Pembelian, Shipment dan Pembayaran/PBL-002: Test Cases/T13 Pembelian, Shipment dan Pembayaran/PBL-002

2023-10-05 14:57:38 - [TEST_STEP][PASSED] - data = callTestCase(findTestCase("T13 Pembelian, Shipment dan Pembayaran/PBL-001"), [:], STOP_ON_FAILURE): Call Test Case 'Test Cases/T13 Pembelian, Shipment dan Pembayaran/PBL-001' successfully

2023-10-05 14:57:38 - [TEST_CASE][PASSED] - Test Cases/T13 Pembelian, Shipment dan Pembayaran/PBL-001: Test Cases/T13 Pembelian, Shipment dan Pembayaran/PBL-001

2023-10-05 14:57:38 - [TEST_STEP][PASSED] - callTestCase(findTestCase("T13 Pembelian, Shipment dan Pembayaran/LU-001"), ["username":"irfanafandi", "password":"12345irfan"], STOP_ON_FAILURE): Call Test Case 'Test Cases/T13 Pembelian, Shipment dan Pembayaran/LU-001' successfully

2023-10-05 14:57:38 - [TEST_CASE][PASSED] - Test Cases/T13 Pembelian, Shipment dan Pembayaran/LU-001: Test Cases/T13 Pembelian, Shipment dan Pembayaran/LU-001

2023-10-05 14:57:38 - [TEST_STEP][PASSED] - openBrowser("https://10.9.2.63/ecommerce/"): Browser is opened with url: 'https://10.9.2.63/ecommerce/'

2023-10-05 14:57:38 - [MESSAGE][WARNING] - A browser is already opened. Closing browser and opening a new one

2023-10-05 14:57:39 - [MESSAGE][INFO] - Starting 'Edge Chromium' driver

2023-10-05 14:57:39 - [MESSAGE][INFO] - User set preference: ['acceptInsecureCerts', 'true']

2023-10-05 14:57:41 - [MESSAGE][INFO] - Action delay is set to 0 milliseconds

2023-10-05 14:57:45 - [MESSAGE][PASSED] - Browser is opened with url: 'https://10.9.2.63/ecommerce/'

2023-10-05 14:57:45 - [TEST_STEP][PASSED] - maximizeWindow(): Current window maximized

2023-10-05 14:57:45 - [MESSAGE][PASSED] - Current window maximized

2023-10-05 14:57:45 - [TEST_STEP][PASSED] - verifyElementPresent(findTestObject("Login/Home"), 0): Object 'Object Repository/Login/Home' is present

2023-10-05 14:57:45 - [MESSAGE][WARNING] - Timeout '0' is invalid. Using default page load timeout: '30'

2023-10-05 14:57:46 - [MESSAGE][PASSED] - Object 'Object Repository/Login/Home' is present

2023-10-05 14:57:46 - [TEST_STEP][PASSED] - click(findTestObject("Login/a_Login")): Object: 'Object Repository/Login/a_Login' is clicked on

2023-10-05 14:57:46 - [MESSAGE][PASSED] - Object: 'Object Repository/Login/a_Login' is clicked on

2023-10-05 14:57:46 - [TEST_STEP][PASSED] - verifyElementPresent(findTestObject("Login/Tittle Login"), 0): Object 'Object Repository/Login/Tittle Login' is present

2023-10-05 14:57:46 - [MESSAGE][WARNING] - Timeout '0' is invalid. Using default page load timeout: '30'

2023-10-05 14:57:47 - [MESSAGE][PASSED] - Object 'Object Repository/Login/Tittle Login' is present

2023-10-05 14:57:47 - [TEST_STEP][PASSED] - setText(findTestObject("Login/input_Username, Email atau No. Handphone_a"), username): Text 'irfanafandi' is set on object 'Object Repository/Login/input_Username, Email atau No. Handphone_a'

2023-10-05 14:57:47 - [MESSAGE][PASSED] - Text 'irfanafandi' is set on object 'Object Repository/Login/input_Username, Email atau No. Handphone_a'

2023-10-05 14:57:47 - [TEST_STEP][PASSED] - setText(findTestObject("Login/input_Password_b"), password): Text '12345irfan' is set on object 'Object Repository/Login/input_Password_b'

2023-10-05 14:57:48 - [MESSAGE][PASSED] - Text '12345irfan' is set on object 'Object Repository/Login/input_Password_b'

2023-10-05 14:57:48 - [TEST_STEP][PASSED] - click(findTestObject("Login/label_Ingat saya")): Object: 'Object Repository/Login/label_Ingat saya' is clicked on

2023-10-05 14:57:49 - [MESSAGE][PASSED] - Object: 'Object Repository/Login/label_Ingat saya' is clicked on

2023-10-05 14:57:49 - [TEST_STEP][PASSED] - click(findTestObject("Login/button_Masuk")): Object: 'Object Repository/Login/button_Masuk' is clicked on

2023-10-05 14:57:50 - [MESSAGE][PASSED] - Object: 'Object Repository/Login/button_Masuk' is clicked on

2023-10-05 14:57:50 - [TEST_STEP][PASSED] - verifyElementPresent(findTestObject("Login/li_Profile"), 0): Object 'Object Repository/Login/li_Profile' is present

2023-10-05 14:57:50 - [MESSAGE][WARNING] - Timeout '0' is invalid. Using default page load timeout: '30'

2023-10-05 14:57:51 - [MESSAGE][PASSED] - Object 'Object Repository/Login/li_Profile' is present

2023-10-05 14:57:51 - [MESSAGE][PASSED] - Call Test Case 'Test Cases/T13 Pembelian, Shipment dan Pembayaran/LU-001' successfully

2023-10-05 14:57:51 - [TEST_STEP][PASSED] - mouseOver(findTestObject("beli barang/i_Mulai Belanja_icon-menu")): Object: 'Object Repository/beli barang/i_Mulai Belanja_icon-menu' is hovered

2023-10-05 14:57:51 - [MESSAGE][PASSED] - Object: 'Object Repository/beli barang/i_Mulai Belanja_icon-menu' is hovered

2023-10-05 14:57:51 - [TEST_STEP][PASSED] - click(findTestObject("beli barang/a_Fashion  Busana Wanita")): Object: 'Object Repository/beli barang/a_Fashion  Busana Wanita' is clicked on

2023-10-05 14:57:53 - [MESSAGE][PASSED] - Object: 'Object Repository/beli barang/a_Fashion  Busana Wanita' is clicked on

2023-10-05 14:57:53 - [TEST_STEP][PASSED] - NamaSebelum = getText(findTestObject("verifikasi/Nama sebelum")): Text of object 'Object Repository/verifikasi/Nama sebelum' is: ''

2023-10-05 14:57:53 - [MESSAGE][PASSED] - Text of object 'Object Repository/verifikasi/Nama sebelum' is: ''

2023-10-05 14:57:53 - [TEST_STEP][PASSED] - HargaSebelum = getText(findTestObject("verifikasi/Harga sebelum")): Text of object 'Object Repository/verifikasi/Harga sebelum' is: 'Rp 1,299'

2023-10-05 14:57:54 - [MESSAGE][PASSED] - Text of object 'Object Repository/verifikasi/Harga sebelum' is: 'Rp 1,299'

2023-10-05 14:57:54 - [TEST_STEP][PASSED] - mouseOver(findTestObject("beli barang/barang mouse over")): Object: 'Object Repository/beli barang/barang mouse over' is hovered

2023-10-05 14:57:54 - [MESSAGE][PASSED] - Object: 'Object Repository/beli barang/barang mouse over' is hovered

2023-10-05 14:57:54 - [TEST_STEP][PASSED] - click(findTestObject("beli barang/buttom add to cart")): Object: 'Object Repository/beli barang/buttom add to cart' is clicked on

2023-10-05 14:57:56 - [MESSAGE][PASSED] - Object: 'Object Repository/beli barang/buttom add to cart' is clicked on

2023-10-05 14:57:56 - [TEST_STEP][PASSED] - NamaSesudah = getText(findTestObject("verifikasi/Nama sesudah")): Text of object 'Object Repository/verifikasi/Nama sesudah' is: 'Segitiga Instan Madeira - MDB5.3 Sunset'

2023-10-05 14:57:56 - [MESSAGE][PASSED] - Text of object 'Object Repository/verifikasi/Nama sesudah' is: 'Segitiga Instan Madeira - MDB5.3 Sunset'

2023-10-05 14:57:56 - [TEST_STEP][PASSED] - HargaSesudah = getText(findTestObject("verifikasi/Harga sesudah")): Text of object 'Object Repository/verifikasi/Harga sesudah' is: 'Rp 1,299'

2023-10-05 14:57:57 - [MESSAGE][PASSED] - Text of object 'Object Repository/verifikasi/Harga sesudah' is: 'Rp 1,299'

2023-10-05 14:57:57 - [TEST_STEP][PASSED] - assert NamaSesudah.contains(NamaSebelum): null

2023-10-05 14:57:57 - [TEST_STEP][PASSED] - assert HargaSesudah.contains(HargaSebelum): null

2023-10-05 14:57:57 - [TEST_STEP][PASSED] - click(findTestObject("beli barang/Tambah Keranjang busana wanita")): Object: 'Object Repository/beli barang/Tambah Keranjang busana wanita' is clicked on

2023-10-05 14:57:57 - [MESSAGE][PASSED] - Object: 'Object Repository/beli barang/Tambah Keranjang busana wanita' is clicked on

2023-10-05 14:57:57 - [TEST_STEP][PASSED] - verifyElementPresent(findTestObject("checkout/Notifikasi keranjang"), 1): Object 'Object Repository/checkout/Notifikasi keranjang' is present

2023-10-05 14:57:58 - [MESSAGE][PASSED] - Object 'Object Repository/checkout/Notifikasi keranjang' is present

2023-10-05 14:57:58 - [TEST_STEP][PASSED] - data = new java.util.HashMap(): null

2023-10-05 14:57:58 - [TEST_STEP][PASSED] - data.put("nama_barang", NamaSesudah): null

2023-10-05 14:57:58 - [TEST_STEP][PASSED] - data.put("price_barang", HargaSesudah): null

2023-10-05 14:57:58 - [TEST_STEP][PASSED] - return data: null

2023-10-05 14:57:58 - [MESSAGE][PASSED] - Call Test Case 'Test Cases/T13 Pembelian, Shipment dan Pembayaran/PBL-001' successfully

2023-10-05 14:57:58 - [TEST_STEP][PASSED] - mouseOver(findTestObject("beli barang/keranjang")): Object: 'Object Repository/beli barang/keranjang' is hovered

2023-10-05 14:57:59 - [MESSAGE][PASSED] - Object: 'Object Repository/beli barang/keranjang' is hovered

2023-10-05 14:57:59 - [TEST_STEP][PASSED] - click(findTestObject("beli barang/Lihat Sekarang")): Object: 'Object Repository/beli barang/Lihat Sekarang' is clicked on

2023-10-05 14:58:00 - [MESSAGE][PASSED] - Object: 'Object Repository/beli barang/Lihat Sekarang' is clicked on

2023-10-05 14:58:00 - [TEST_STEP][PASSED] - verifyElementPresent(findTestObject("keranjang/li_Keranjang Belanja"), 0): Object 'Object Repository/keranjang/li_Keranjang Belanja' is present

2023-10-05 14:58:00 - [MESSAGE][WARNING] - Timeout '0' is invalid. Using default page load timeout: '30'

2023-10-05 14:58:01 - [MESSAGE][PASSED] - Object 'Object Repository/keranjang/li_Keranjang Belanja' is present

2023-10-05 14:58:01 - [TEST_STEP][PASSED] - NamaKeranjang = getText(findTestObject("verifikasi/Nama keranjang")): Text of object 'Object Repository/verifikasi/Nama keranjang' is: 'Segitiga Instan Madeira - MDB5.3 Sunset'

2023-10-05 14:58:01 - [MESSAGE][PASSED] - Text of object 'Object Repository/verifikasi/Nama keranjang' is: 'Segitiga Instan Madeira - MDB5.3 Sunset'

2023-10-05 14:58:01 - [TEST_STEP][PASSED] - HargaKeranjang = getText(findTestObject("verifikasi/Harga Keranjang")): Text of object 'Object Repository/verifikasi/Harga Keranjang' is: 'Rp 1,299'

2023-10-05 14:58:02 - [MESSAGE][PASSED] - Text of object 'Object Repository/verifikasi/Harga Keranjang' is: 'Rp 1,299'

2023-10-05 14:58:02 - [TEST_STEP][PASSED] - if (toString().equalsIgnoreCase("Merah")): Object 'Object Repository/keranjang/input_Warna_variasi101' is checked

2023-10-05 14:58:02 - [TEST_STEP][PASSED] - check(findTestObject("Object Repository/keranjang/input_Warna_variasi101")): Object 'Object Repository/keranjang/input_Warna_variasi101' is checked

2023-10-05 14:58:02 - [MESSAGE][PASSED] - Object 'Object Repository/keranjang/input_Warna_variasi101' is checked

2023-10-05 14:58:02 - [TEST_STEP][PASSED] - if (toString().equalsIgnoreCase("Menengah")): Object 'Object Repository/keranjang/input_Ukuran_variasi201' is checked

2023-10-05 14:58:02 - [TEST_STEP][PASSED] - check(findTestObject("Object Repository/keranjang/input_Ukuran_variasi201")): Object 'Object Repository/keranjang/input_Ukuran_variasi201' is checked

2023-10-05 14:58:03 - [MESSAGE][PASSED] - Object 'Object Repository/keranjang/input_Ukuran_variasi201' is checked

2023-10-05 14:58:03 - [TEST_STEP][PASSED] - data.put("Warna", warna): null

2023-10-05 14:58:03 - [TEST_STEP][PASSED] - data.put("Ukuran", ukuran): null

2023-10-05 14:58:03 - [TEST_STEP][PASSED] - click(findTestObject("keranjang/button_Lanjut ke Pembayaran")): Object: 'Object Repository/keranjang/button_Lanjut ke Pembayaran' is clicked on

2023-10-05 14:58:04 - [MESSAGE][PASSED] - Object: 'Object Repository/keranjang/button_Lanjut ke Pembayaran' is clicked on

2023-10-05 14:58:04 - [TEST_STEP][PASSED] - verifyElementPresent(findTestObject("checkout/Tittle Checkout Order"), 0): Object 'Object Repository/checkout/Tittle Checkout Order' is present

2023-10-05 14:58:04 - [MESSAGE][WARNING] - Timeout '0' is invalid. Using default page load timeout: '30'

2023-10-05 14:58:05 - [MESSAGE][PASSED] - Object 'Object Repository/checkout/Tittle Checkout Order' is present

2023-10-05 14:58:05 - [TEST_STEP][PASSED] - name_product = data.get("nama_barang"): null

2023-10-05 14:58:05 - [TEST_STEP][PASSED] - price_product = data.get("price_barang"): null

2023-10-05 14:58:05 - [TEST_STEP][PASSED] - assert name_product == NamaKeranjang: null

2023-10-05 14:58:05 - [TEST_STEP][PASSED] - assert price_product == HargaKeranjang: null

2023-10-05 14:58:05 - [TEST_STEP][PASSED] - return data: null

2023-10-05 14:58:05 - [MESSAGE][PASSED] - Call Test Case 'Test Cases/T13 Pembelian, Shipment dan Pembayaran/PBL-002' successfully

2023-10-05 14:58:05 - [TEST_STEP][PASSED] - warnaa = getText(findTestObject("verifikasi/warna Merah")): Text of object 'Object Repository/verifikasi/warna Merah' is: 'Merah'

2023-10-05 14:58:05 - [MESSAGE][PASSED] - Text of object 'Object Repository/verifikasi/warna Merah' is: 'Merah'

2023-10-05 14:58:05 - [TEST_STEP][PASSED] - ukurann = getText(findTestObject("verifikasi/Ukuran Menengah")): Text of object 'Object Repository/verifikasi/Ukuran Menengah' is: 'Menengah'

2023-10-05 14:58:06 - [MESSAGE][PASSED] - Text of object 'Object Repository/verifikasi/Ukuran Menengah' is: 'Menengah'

2023-10-05 14:58:06 - [TEST_STEP][PASSED] - warna1 = data.get("Warna"): null

2023-10-05 14:58:06 - [TEST_STEP][PASSED] - ukuran1 = data.get("Ukuran"): null

2023-10-05 14:58:06 - [TEST_STEP][PASSED] - assert warnaa == warna1: null

2023-10-05 14:58:06 - [TEST_STEP][PASSED] - assert ukurann == ukuran1: null

2023-10-05 14:58:06 - [TEST_STEP][PASSED] - NamaCheckout = getText(findTestObject("verifikasi/NamaCheckout")): Text of object 'Object Repository/verifikasi/NamaCheckout' is: ''

2023-10-05 14:58:06 - [MESSAGE][PASSED] - Text of object 'Object Repository/verifikasi/NamaCheckout' is: ''

2023-10-05 14:58:06 - [TEST_STEP][PASSED] - HargaCheckout = getText(findTestObject("verifikasi/HargaCheckout")): Text of object 'Object Repository/verifikasi/HargaCheckout' is: '1,299'

2023-10-05 14:58:07 - [MESSAGE][PASSED] - Text of object 'Object Repository/verifikasi/HargaCheckout' is: '1,299'

2023-10-05 14:58:07 - [TEST_STEP][PASSED] - name_product = data.get("nama_barang"): null

2023-10-05 14:58:07 - [TEST_STEP][PASSED] - price_product = data.get("price_barang"): null

2023-10-05 14:58:07 - [TEST_STEP][PASSED] - assert name_product.contains(NamaCheckout): null

2023-10-05 14:58:07 - [TEST_STEP][PASSED] - assert price_product.contains(HargaCheckout): null

2023-10-05 14:58:07 - [TEST_STEP][PASSED] - selectOptionByLabel(findTestObject("checkout/select - Kirim via Kurir Lokal"), Kurir, false): All options with label 'Roda 2' are selected in object 'Object Repository/checkout/select - Kirim via Kurir Lokal' 

2023-10-05 14:58:07 - [MESSAGE][PASSED] - All options with label 'Roda 2' are selected in object 'Object Repository/checkout/select - Kirim via Kurir Lokal' 

2023-10-05 14:58:07 - [TEST_STEP][PASSED] - click(findTestObject("checkout/Kendaraan Kurir")): Object: 'Object Repository/checkout/Kendaraan Kurir' is clicked on

2023-10-05 14:58:08 - [MESSAGE][PASSED] - Object: 'Object Repository/checkout/Kendaraan Kurir' is clicked on

2023-10-05 14:58:08 - [TEST_STEP][PASSED] - OngkosKirim = getText(findTestObject("Object Repository/verifikasi/Ongkos Kirim checkout")): Text of object 'Object Repository/verifikasi/Ongkos Kirim checkout' is: 'Rp. 5,000'

2023-10-05 14:58:09 - [MESSAGE][PASSED] - Text of object 'Object Repository/verifikasi/Ongkos Kirim checkout' is: 'Rp. 5,000'

2023-10-05 14:58:09 - [TEST_STEP][PASSED] - Ongkos = OngkosKirim.substring(3, OngkosKirim.size()): null

2023-10-05 14:58:09 - [TEST_STEP][PASSED] - rep = Ongkos.replace(",", "."): null

2023-10-05 14:58:09 - [TEST_STEP][PASSED] - Ongkos_kirim = Double.parseDouble(rep): null

2023-10-05 14:58:09 - [TEST_STEP][PASSED] - println(Ongkos_kirim): null

2023-10-05 14:58:09 - [TEST_STEP][PASSED] - FeeAdmin = getText(findTestObject("verifikasi/Fee Admin checkout")): Text of object 'Object Repository/verifikasi/Fee Admin checkout' is: 'Fee Admin
Rp 1,500'

2023-10-05 14:58:09 - [MESSAGE][PASSED] - Text of object 'Object Repository/verifikasi/Fee Admin checkout' is: 'Fee Admin
Rp 1,500'

2023-10-05 14:58:09 - [TEST_STEP][PASSED] - Fee_Admin = FeeAdmin.substring(12, FeeAdmin.size()): null

2023-10-05 14:58:09 - [TEST_STEP][PASSED] - fee = Fee_Admin.replace(",", "."): null

2023-10-05 14:58:09 - [TEST_STEP][PASSED] - fee_admin = Double.parseDouble(fee): null

2023-10-05 14:58:09 - [TEST_STEP][PASSED] - println(fee_admin): null

2023-10-05 14:58:09 - [TEST_STEP][PASSED] - Subtotal = getText(findTestObject("verifikasi/subtotal checkout")): Text of object 'Object Repository/verifikasi/subtotal checkout' is: 'Subtotal
Rp 1,299'

2023-10-05 14:58:10 - [MESSAGE][PASSED] - Text of object 'Object Repository/verifikasi/subtotal checkout' is: 'Subtotal
Rp 1,299'

2023-10-05 14:58:10 - [TEST_STEP][PASSED] - sub_total = Subtotal.substring(12, Subtotal.size()): null

2023-10-05 14:58:10 - [TEST_STEP][PASSED] - sub = sub_total.replace(",", "."): null

2023-10-05 14:58:10 - [TEST_STEP][PASSED] - sub_total = Double.parseDouble(sub): null

2023-10-05 14:58:10 - [TEST_STEP][PASSED] - println(sub_total): null

2023-10-05 14:58:10 - [TEST_STEP][PASSED] - Total = getText(findTestObject("verifikasi/Total checkout")): Text of object 'Object Repository/verifikasi/Total checkout' is: 'Rp 7,799'

2023-10-05 14:58:10 - [MESSAGE][PASSED] - Text of object 'Object Repository/verifikasi/Total checkout' is: 'Rp 7,799'

2023-10-05 14:58:10 - [TEST_STEP][PASSED] - totall = Total.substring(3, Total.size()): null

2023-10-05 14:58:10 - [TEST_STEP][PASSED] - total = totall.replace(",", "."): null

2023-10-05 14:58:10 - [TEST_STEP][PASSED] - totall = Double.parseDouble(total): null

2023-10-05 14:58:10 - [TEST_STEP][PASSED] - println(totall): null

2023-10-05 14:58:10 - [TEST_STEP][PASSED] - Total_Harga = Ongkos_kirim + fee_admin + sub_total: null

2023-10-05 14:58:10 - [TEST_STEP][PASSED] - println(Total_Harga): null

2023-10-05 14:58:10 - [TEST_STEP][PASSED] - TotalHarga = Math.round(Total_Harga * 1000) / 1000: null

2023-10-05 14:58:10 - [TEST_STEP][PASSED] - println(TotalHarga): null

2023-10-05 14:58:10 - [TEST_STEP][PASSED] - assert totall == TotalHarga: null

2023-10-05 14:58:10 - [TEST_STEP][PASSED] - click(findTestObject("verifikasi/Metode Transfer")): Object: 'Object Repository/verifikasi/Metode Transfer' is clicked on

2023-10-05 14:58:10 - [MESSAGE][PASSED] - Object: 'Object Repository/verifikasi/Metode Transfer' is clicked on

2023-10-05 14:58:10 - [TEST_STEP][PASSED] - click(findTestObject("checkout/button_Proses Pembayaran")): Object: 'Object Repository/checkout/button_Proses Pembayaran' is clicked on

2023-10-05 14:58:19 - [MESSAGE][PASSED] - Object: 'Object Repository/checkout/button_Proses Pembayaran' is clicked on

2023-10-05 14:58:19 - [TEST_STEP][PASSED] - verifyElementPresent(findTestObject("pembayaran/Tittle nomor invoice"), 0): Object 'Object Repository/pembayaran/Tittle nomor invoice' is present

2023-10-05 14:58:19 - [MESSAGE][WARNING] - Timeout '0' is invalid. Using default page load timeout: '30'

2023-10-05 14:58:20 - [MESSAGE][PASSED] - Object 'Object Repository/pembayaran/Tittle nomor invoice' is present

2023-10-05 14:58:20 - [TEST_STEP][PASSED] - return data: null

2023-10-05 14:58:20 - [MESSAGE][PASSED] - Call Test Case 'Test Cases/T13 Pembelian, Shipment dan Pembayaran/PBL-004' successfully

2023-10-05 14:58:20 - [TEST_STEP][PASSED] - Invoice = getText(findTestObject("pembayaran/nomor invoice")): Text of object 'Object Repository/pembayaran/nomor invoice' is: 'TRX60.20231005145814'

2023-10-05 14:58:21 - [MESSAGE][PASSED] - Text of object 'Object Repository/pembayaran/nomor invoice' is: 'TRX60.20231005145814'

2023-10-05 14:58:21 - [TEST_STEP][PASSED] - data.put("invoice", Invoice): null

2023-10-05 14:58:21 - [TEST_STEP][PASSED] - NamaPemesan = getText(findTestObject("Konfirmasi pesanan shop/Nama pemesan")): Text of object 'Object Repository/Konfirmasi pesanan shop/Nama pemesan' is: 'irfan.afandi'

2023-10-05 14:58:21 - [MESSAGE][PASSED] - Text of object 'Object Repository/Konfirmasi pesanan shop/Nama pemesan' is: 'irfan.afandi'

2023-10-05 14:58:21 - [TEST_STEP][PASSED] - Nama = getText(findTestObject("pembayaran/Nama barang")): Text of object 'Object Repository/pembayaran/Nama barang' is: 'Segitiga Instan Madeira - MDB5.3 Sunset'

2023-10-05 14:58:22 - [MESSAGE][PASSED] - Text of object 'Object Repository/pembayaran/Nama barang' is: 'Segitiga Instan Madeira - MDB5.3 Sunset'

2023-10-05 14:58:22 - [TEST_STEP][PASSED] - Harga = getText(findTestObject("pembayaran/Harga barang")): Text of object 'Object Repository/pembayaran/Harga barang' is: '1,299'

2023-10-05 14:58:22 - [MESSAGE][PASSED] - Text of object 'Object Repository/pembayaran/Harga barang' is: '1,299'

2023-10-05 14:58:22 - [TEST_STEP][PASSED] - name_product = data.get("nama_barang"): null

2023-10-05 14:58:22 - [TEST_STEP][PASSED] - price_product = data.get("price_barang"): null

2023-10-05 14:58:22 - [TEST_STEP][PASSED] - assert name_product.contains(Nama): null

2023-10-05 14:58:22 - [TEST_STEP][PASSED] - assert price_product.contains(Harga): null

2023-10-05 14:58:22 - [TEST_STEP][PASSED] - warnaa = getText(findTestObject("pembayaran/warna")): Text of object 'Object Repository/pembayaran/warna' is: 'Merah'

2023-10-05 14:58:23 - [MESSAGE][PASSED] - Text of object 'Object Repository/pembayaran/warna' is: 'Merah'

2023-10-05 14:58:23 - [TEST_STEP][PASSED] - ukurann = getText(findTestObject("pembayaran/ukuran")): Text of object 'Object Repository/pembayaran/ukuran' is: 'Menengah'

2023-10-05 14:58:23 - [MESSAGE][PASSED] - Text of object 'Object Repository/pembayaran/ukuran' is: 'Menengah'

2023-10-05 14:58:23 - [TEST_STEP][PASSED] - warna1 = data.get("Warna"): null

2023-10-05 14:58:23 - [TEST_STEP][PASSED] - ukuran1 = data.get("Ukuran"): null

2023-10-05 14:58:23 - [TEST_STEP][PASSED] - assert warnaa == warna1: null

2023-10-05 14:58:23 - [TEST_STEP][PASSED] - assert ukurann == ukuran1: null

2023-10-05 14:58:23 - [TEST_STEP][PASSED] - statusPembelian = getText(findTestObject("verifikasi/Status pending di pembelian")): Text of object 'Object Repository/verifikasi/Status pending di pembelian' is: 'Pending'

2023-10-05 14:58:24 - [MESSAGE][PASSED] - Text of object 'Object Repository/verifikasi/Status pending di pembelian' is: 'Pending'

2023-10-05 14:58:24 - [TEST_STEP][PASSED] - data.put("statusPem", statusPembelian): null

2023-10-05 14:58:24 - [TEST_STEP][PASSED] - OngkosKirim = getText(findTestObject("pembayaran/ongkos kirim")): Text of object 'Object Repository/pembayaran/ongkos kirim' is: 'Rp 5,000'

2023-10-05 14:58:24 - [MESSAGE][PASSED] - Text of object 'Object Repository/pembayaran/ongkos kirim' is: 'Rp 5,000'

2023-10-05 14:58:24 - [TEST_STEP][PASSED] - Ongkos = OngkosKirim.substring(3, OngkosKirim.size()): null

2023-10-05 14:58:24 - [TEST_STEP][PASSED] - rep = Ongkos.replace(",", ""): null

2023-10-05 14:58:24 - [TEST_STEP][PASSED] - Ongkos_kirimm = Integer.parseInt(rep): null

2023-10-05 14:58:24 - [TEST_STEP][PASSED] - println(Ongkos_kirimm): null

2023-10-05 14:58:24 - [TEST_STEP][PASSED] - FeeAdmin = getText(findTestObject("pembayaran/fee admin")): Text of object 'Object Repository/pembayaran/fee admin' is: 'Rp 1,500'

2023-10-05 14:58:25 - [MESSAGE][PASSED] - Text of object 'Object Repository/pembayaran/fee admin' is: 'Rp 1,500'

2023-10-05 14:58:25 - [TEST_STEP][PASSED] - Fee_Admin = FeeAdmin.substring(3, FeeAdmin.size()): null

2023-10-05 14:58:25 - [TEST_STEP][PASSED] - fee = Fee_Admin.replace(",", ""): null

2023-10-05 14:58:25 - [TEST_STEP][PASSED] - fee_adminn = Integer.parseInt(fee): null

2023-10-05 14:58:25 - [TEST_STEP][PASSED] - println(fee_adminn): null

2023-10-05 14:58:25 - [TEST_STEP][PASSED] - Subtotal = getText(findTestObject("pembayaran/subtotal")): Text of object 'Object Repository/pembayaran/subtotal' is: 'Rp 1,299'

2023-10-05 14:58:25 - [MESSAGE][PASSED] - Text of object 'Object Repository/pembayaran/subtotal' is: 'Rp 1,299'

2023-10-05 14:58:25 - [TEST_STEP][PASSED] - sub_total = Subtotal.substring(3, Subtotal.size()): null

2023-10-05 14:58:25 - [TEST_STEP][PASSED] - sub = sub_total.replace(",", ""): null

2023-10-05 14:58:25 - [TEST_STEP][PASSED] - sub_totall = Integer.parseInt(sub): null

2023-10-05 14:58:25 - [TEST_STEP][PASSED] - println(sub_totall): null

2023-10-05 14:58:25 - [TEST_STEP][PASSED] - unik = getText(findTestObject("pembayaran/kode unik")): Text of object 'Object Repository/pembayaran/kode unik' is: '+814'

2023-10-05 14:58:26 - [MESSAGE][PASSED] - Text of object 'Object Repository/pembayaran/kode unik' is: '+814'

2023-10-05 14:58:26 - [TEST_STEP][PASSED] - unikk = unik.replace("+", ""): null

2023-10-05 14:58:26 - [TEST_STEP][PASSED] - kode_unik = Integer.parseInt(unikk): null

2023-10-05 14:58:26 - [TEST_STEP][PASSED] - println(kode_unik): null

2023-10-05 14:58:26 - [TEST_STEP][PASSED] - Total = getText(findTestObject("pembayaran/total")): Text of object 'Object Repository/pembayaran/total' is: '8,613'

2023-10-05 14:58:26 - [MESSAGE][PASSED] - Text of object 'Object Repository/pembayaran/total' is: '8,613'

2023-10-05 14:58:26 - [TEST_STEP][PASSED] - total = Total.replace(",", ""): null

2023-10-05 14:58:26 - [TEST_STEP][PASSED] - totalll = Integer.parseInt(total): null

2023-10-05 14:58:26 - [TEST_STEP][PASSED] - println(totalll): null

2023-10-05 14:58:26 - [TEST_STEP][PASSED] - Total_Hargaa = Ongkos_kirimm + fee_adminn + sub_totall + kode_unik: null

2023-10-05 14:58:26 - [TEST_STEP][PASSED] - println(Total_Hargaa): null

2023-10-05 14:58:26 - [TEST_STEP][PASSED] - assert totalll == Total_Hargaa: null

2023-10-05 14:58:26 - [TEST_STEP][PASSED] - data.put("total", Total): null

2023-10-05 14:58:26 - [TEST_STEP][PASSED] - data.put("nama", NamaPemesan): null

2023-10-05 14:58:26 - [TEST_STEP][PASSED] - return data: null

2023-10-05 14:58:26 - [MESSAGE][PASSED] - Call Test Case 'Test Cases/T13 Pembelian, Shipment dan Pembayaran/PBY-001' successfully

2023-10-05 14:58:26 - [TEST_STEP][PASSED] - inv = data.get("invoice"): null

2023-10-05 14:58:26 - [TEST_STEP][PASSED] - Total = data.get("total"): null

2023-10-05 14:58:26 - [TEST_STEP][PASSED] - NamaPemesan = data.get("nama"): null

2023-10-05 14:58:26 - [TEST_STEP][PASSED] - click(findTestObject("Konfirmasi pesanan shop/Menu Shop")): Object: 'Object Repository/Konfirmasi pesanan shop/Menu Shop' is clicked on

2023-10-05 14:58:28 - [MESSAGE][PASSED] - Object: 'Object Repository/Konfirmasi pesanan shop/Menu Shop' is clicked on

2023-10-05 14:58:28 - [TEST_STEP][PASSED] - click(findTestObject("Konfirmasi pesanan shop/Menu Shop")): Object: 'Object Repository/Konfirmasi pesanan shop/Menu Shop' is clicked on

2023-10-05 14:58:29 - [MESSAGE][PASSED] - Object: 'Object Repository/Konfirmasi pesanan shop/Menu Shop' is clicked on

2023-10-05 14:58:29 - [TEST_STEP][PASSED] - click(findTestObject("Konfirmasi pesanan shop/Konfirmasi Orders")): Object: 'Object Repository/Konfirmasi pesanan shop/Konfirmasi Orders' is clicked on

2023-10-05 14:58:30 - [MESSAGE][PASSED] - Object: 'Object Repository/Konfirmasi pesanan shop/Konfirmasi Orders' is clicked on

2023-10-05 14:58:30 - [TEST_STEP][PASSED] - verifyElementPresent(findTestObject("Konfirmasi pesanan shop/Tittle Konfirmasi Pesanan"), 0): Object 'Object Repository/Konfirmasi pesanan shop/Tittle Konfirmasi Pesanan' is present

2023-10-05 14:58:30 - [MESSAGE][WARNING] - Timeout '0' is invalid. Using default page load timeout: '30'

2023-10-05 14:58:30 - [MESSAGE][PASSED] - Object 'Object Repository/Konfirmasi pesanan shop/Tittle Konfirmasi Pesanan' is present

2023-10-05 14:58:30 - [TEST_STEP][PASSED] - setText(findTestObject("Konfirmasi pesanan shop/input_No Pesanan"), inv): Text 'TRX60.20231005145814' is set on object 'Object Repository/Konfirmasi pesanan shop/input_No Pesanan'

2023-10-05 14:58:31 - [MESSAGE][PASSED] - Text 'TRX60.20231005145814' is set on object 'Object Repository/Konfirmasi pesanan shop/input_No Pesanan'

2023-10-05 14:58:31 - [TEST_STEP][PASSED] - setText(findTestObject("Konfirmasi pesanan shop/input_Alamat E-mai"), "irfan@gmail.com"): Text 'irfan@gmail.com' is set on object 'Object Repository/Konfirmasi pesanan shop/input_Alamat E-mai'

2023-10-05 14:58:32 - [MESSAGE][PASSED] - Text 'irfan@gmail.com' is set on object 'Object Repository/Konfirmasi pesanan shop/input_Alamat E-mai'

2023-10-05 14:58:32 - [TEST_STEP][PASSED] - click(findTestObject("Konfirmasi pesanan shop/button_Submit")): Object: 'Object Repository/Konfirmasi pesanan shop/button_Submit' is clicked on

2023-10-05 14:58:33 - [MESSAGE][PASSED] - Object: 'Object Repository/Konfirmasi pesanan shop/button_Submit' is clicked on

2023-10-05 14:58:33 - [TEST_STEP][PASSED] - verifyElementPresent(findTestObject("Konfirmasi pesanan shop/Tittle nomor invoice"), 0): Object 'Object Repository/Konfirmasi pesanan shop/Tittle nomor invoice' is present

2023-10-05 14:58:33 - [MESSAGE][WARNING] - Timeout '0' is invalid. Using default page load timeout: '30'

2023-10-05 14:58:34 - [MESSAGE][PASSED] - Object 'Object Repository/Konfirmasi pesanan shop/Tittle nomor invoice' is present

2023-10-05 14:58:34 - [TEST_STEP][PASSED] - setText(findTestObject("Konfirmasi pesanan shop/input_Total TagihanTransfer_b"), Total): Text '8,613' is set on object 'Object Repository/Konfirmasi pesanan shop/input_Total TagihanTransfer_b'

2023-10-05 14:58:35 - [MESSAGE][PASSED] - Text '8,613' is set on object 'Object Repository/Konfirmasi pesanan shop/input_Total TagihanTransfer_b'

2023-10-05 14:58:35 - [TEST_STEP][PASSED] - selectOptionByValue(findTestObject("Konfirmasi pesanan shop/select_Bank"), "4", false): All options with value '4' are selected in object 'Object Repository/Konfirmasi pesanan shop/select_Bank' 

2023-10-05 14:58:36 - [MESSAGE][PASSED] - All options with value '4' are selected in object 'Object Repository/Konfirmasi pesanan shop/select_Bank' 

2023-10-05 14:58:36 - [TEST_STEP][PASSED] - setText(findTestObject("Konfirmasi pesanan shop/input_Nama Pengirim_d"), NamaPemesan): Text 'irfan.afandi' is set on object 'Object Repository/Konfirmasi pesanan shop/input_Nama Pengirim_d'

2023-10-05 14:58:36 - [MESSAGE][PASSED] - Text 'irfan.afandi' is set on object 'Object Repository/Konfirmasi pesanan shop/input_Nama Pengirim_d'

2023-10-05 14:58:36 - [TEST_STEP][PASSED] - setText(findTestObject("Konfirmasi pesanan shop/input_Tanggal Transfer_e"), "2023-12-12"): Text '2023-12-12' is set on object 'Object Repository/Konfirmasi pesanan shop/input_Tanggal Transfer_e'

2023-10-05 14:58:37 - [MESSAGE][PASSED] - Text '2023-12-12' is set on object 'Object Repository/Konfirmasi pesanan shop/input_Tanggal Transfer_e'

2023-10-05 14:58:37 - [TEST_STEP][PASSED] - uploadFile(findTestObject("Konfirmasi pesanan shop/input_Upload Bukti Transfer_f"), "C:\Users\IRFAN\Downloads\Berkas2.pdf"): File 'C:\Users\IRFAN\Downloads\Berkas2.pdf' sent to object: 'Object Repository/Konfirmasi pesanan shop/input_Upload Bukti Transfer_f'

2023-10-05 14:58:37 - [MESSAGE][PASSED] - File 'C:\Users\IRFAN\Downloads\Berkas2.pdf' sent to object: 'Object Repository/Konfirmasi pesanan shop/input_Upload Bukti Transfer_f'

2023-10-05 14:58:37 - [TEST_STEP][PASSED] - click(findTestObject("Konfirmasi pesanan shop/button_Konfirmasi Pembayaran")): Object: 'Object Repository/Konfirmasi pesanan shop/button_Konfirmasi Pembayaran' is clicked on

2023-10-05 14:58:39 - [MESSAGE][PASSED] - Object: 'Object Repository/Konfirmasi pesanan shop/button_Konfirmasi Pembayaran' is clicked on

2023-10-05 14:58:39 - [TEST_STEP][FAILED] - verifyTextPresent("Please input an valid date.", false): Unable to verify text 'Please input an valid date.' is present  (Root cause: com.kms.katalon.core.exception.StepFailedException: Unable to verify text 'Please input an valid date.' is present 
	at com.kms.katalon.core.webui.keyword.internal.WebUIKeywordMain.stepFailed(WebUIKeywordMain.groovy:64)
	at com.kms.katalon.core.webui.keyword.internal.WebUIKeywordMain.runKeyword(WebUIKeywordMain.groovy:26)
	at com.kms.katalon.core.webui.keyword.builtin.VerifyTextPresentKeyword.verifyTextPresent(VerifyTextPresentKeyword.groovy:83)
	at com.kms.katalon.core.webui.keyword.builtin.VerifyTextPresentKeyword.execute(VerifyTextPresentKeyword.groovy:68)
	at com.kms.katalon.core.keyword.internal.KeywordExecutor.executeKeywordForPlatform(KeywordExecutor.groovy:74)
	at com.kms.katalon.core.webui.keyword.WebUiBuiltInKeywords.verifyTextPresent(WebUiBuiltInKeywords.groovy:1723)
	at com.kms.katalon.core.webui.keyword.WebUiBuiltInKeywords$verifyTextPresent$7.call(Unknown Source)
	at PBY-011.run(PBY-011:56)
	at com.kms.katalon.core.main.ScriptEngine.run(ScriptEngine.java:194)
	at com.kms.katalon.core.main.ScriptEngine.runScriptAsRawText(ScriptEngine.java:119)
	at com.kms.katalon.core.main.TestCaseExecutor.runScript(TestCaseExecutor.java:448)
	at com.kms.katalon.core.main.TestCaseExecutor.doExecute(TestCaseExecutor.java:439)
	at com.kms.katalon.core.main.TestCaseExecutor.processExecutionPhase(TestCaseExecutor.java:418)
	at com.kms.katalon.core.main.TestCaseExecutor.accessMainPhase(TestCaseExecutor.java:410)
	at com.kms.katalon.core.main.TestCaseExecutor.execute(TestCaseExecutor.java:285)
	at com.kms.katalon.core.common.CommonExecutor.accessTestCaseMainPhase(CommonExecutor.java:65)
	at com.kms.katalon.core.main.TestSuiteExecutor.accessTestSuiteMainPhase(TestSuiteExecutor.java:148)
	at com.kms.katalon.core.main.TestSuiteExecutor.execute(TestSuiteExecutor.java:106)
	at com.kms.katalon.core.main.TestCaseMain.startTestSuite(TestCaseMain.java:187)
	at com.kms.katalon.core.main.TestCaseMain$startTestSuite$0.call(Unknown Source)
	at TempTestSuite1696491677292.run(TempTestSuite1696491677292.groovy:36)
Caused by: com.kms.katalon.core.exception.StepFailedException: Text 'Please input an valid date.' is not present on page 
	at com.kms.katalon.core.webui.keyword.internal.WebUIKeywordMain.stepFailed(WebUIKeywordMain.groovy:64)
	at com.kms.katalon.core.webui.keyword.builtin.VerifyTextPresentKeyword$_verifyTextPresent_closure1.doCall(VerifyTextPresentKeyword.groovy:79)
	at com.kms.katalon.core.webui.keyword.builtin.VerifyTextPresentKeyword$_verifyTextPresent_closure1.call(VerifyTextPresentKeyword.groovy)
	at com.kms.katalon.core.webui.keyword.internal.WebUIKeywordMain.runKeyword(WebUIKeywordMain.groovy:20)
	... 19 more
)

2023-10-05 14:58:39 - [MESSAGE][FAILED] - Text 'Please input an valid date.' is not present on page  (Root cause: com.kms.katalon.core.exception.StepFailedException: Text 'Please input an valid date.' is not present on page 
	at com.kms.katalon.core.webui.keyword.internal.WebUIKeywordMain.stepFailed(WebUIKeywordMain.groovy:64)
	at com.kms.katalon.core.webui.keyword.builtin.VerifyTextPresentKeyword$_verifyTextPresent_closure1.doCall(VerifyTextPresentKeyword.groovy:79)
	at com.kms.katalon.core.webui.keyword.builtin.VerifyTextPresentKeyword$_verifyTextPresent_closure1.call(VerifyTextPresentKeyword.groovy)
	at com.kms.katalon.core.webui.keyword.internal.WebUIKeywordMain.runKeyword(WebUIKeywordMain.groovy:20)
	at com.kms.katalon.core.webui.keyword.builtin.VerifyTextPresentKeyword.verifyTextPresent(VerifyTextPresentKeyword.groovy:83)
	at com.kms.katalon.core.webui.keyword.builtin.VerifyTextPresentKeyword.execute(VerifyTextPresentKeyword.groovy:68)
	at com.kms.katalon.core.keyword.internal.KeywordExecutor.executeKeywordForPlatform(KeywordExecutor.groovy:74)
	at com.kms.katalon.core.webui.keyword.WebUiBuiltInKeywords.verifyTextPresent(WebUiBuiltInKeywords.groovy:1723)
	at com.kms.katalon.core.webui.keyword.WebUiBuiltInKeywords$verifyTextPresent$7.call(Unknown Source)
	at PBY-011.run(PBY-011:56)
	at com.kms.katalon.core.main.ScriptEngine.run(ScriptEngine.java:194)
	at com.kms.katalon.core.main.ScriptEngine.runScriptAsRawText(ScriptEngine.java:119)
	at com.kms.katalon.core.main.TestCaseExecutor.runScript(TestCaseExecutor.java:448)
	at com.kms.katalon.core.main.TestCaseExecutor.doExecute(TestCaseExecutor.java:439)
	at com.kms.katalon.core.main.TestCaseExecutor.processExecutionPhase(TestCaseExecutor.java:418)
	at com.kms.katalon.core.main.TestCaseExecutor.accessMainPhase(TestCaseExecutor.java:410)
	at com.kms.katalon.core.main.TestCaseExecutor.execute(TestCaseExecutor.java:285)
	at com.kms.katalon.core.common.CommonExecutor.accessTestCaseMainPhase(CommonExecutor.java:65)
	at com.kms.katalon.core.main.TestSuiteExecutor.accessTestSuiteMainPhase(TestSuiteExecutor.java:148)
	at com.kms.katalon.core.main.TestSuiteExecutor.execute(TestSuiteExecutor.java:106)
	at com.kms.katalon.core.main.TestCaseMain.startTestSuite(TestCaseMain.java:187)
	at com.kms.katalon.core.main.TestCaseMain$startTestSuite$0.call(Unknown Source)
	at TempTestSuite1696491677292.run(TempTestSuite1696491677292.groovy:36)
)

2023-10-05 14:58:40 - [MESSAGE][FAILED] - Unable to verify text 'Please input an valid date.' is present  (Root cause: com.kms.katalon.core.exception.StepFailedException: Unable to verify text 'Please input an valid date.' is present 
	at com.kms.katalon.core.webui.keyword.internal.WebUIKeywordMain.stepFailed(WebUIKeywordMain.groovy:64)
	at com.kms.katalon.core.webui.keyword.internal.WebUIKeywordMain.runKeyword(WebUIKeywordMain.groovy:26)
	at com.kms.katalon.core.webui.keyword.builtin.VerifyTextPresentKeyword.verifyTextPresent(VerifyTextPresentKeyword.groovy:83)
	at com.kms.katalon.core.webui.keyword.builtin.VerifyTextPresentKeyword.execute(VerifyTextPresentKeyword.groovy:68)
	at com.kms.katalon.core.keyword.internal.KeywordExecutor.executeKeywordForPlatform(KeywordExecutor.groovy:74)
	at com.kms.katalon.core.webui.keyword.WebUiBuiltInKeywords.verifyTextPresent(WebUiBuiltInKeywords.groovy:1723)
	at com.kms.katalon.core.webui.keyword.WebUiBuiltInKeywords$verifyTextPresent$7.call(Unknown Source)
	at PBY-011.run(PBY-011:56)
	at com.kms.katalon.core.main.ScriptEngine.run(ScriptEngine.java:194)
	at com.kms.katalon.core.main.ScriptEngine.runScriptAsRawText(ScriptEngine.java:119)
	at com.kms.katalon.core.main.TestCaseExecutor.runScript(TestCaseExecutor.java:448)
	at com.kms.katalon.core.main.TestCaseExecutor.doExecute(TestCaseExecutor.java:439)
	at com.kms.katalon.core.main.TestCaseExecutor.processExecutionPhase(TestCaseExecutor.java:418)
	at com.kms.katalon.core.main.TestCaseExecutor.accessMainPhase(TestCaseExecutor.java:410)
	at com.kms.katalon.core.main.TestCaseExecutor.execute(TestCaseExecutor.java:285)
	at com.kms.katalon.core.common.CommonExecutor.accessTestCaseMainPhase(CommonExecutor.java:65)
	at com.kms.katalon.core.main.TestSuiteExecutor.accessTestSuiteMainPhase(TestSuiteExecutor.java:148)
	at com.kms.katalon.core.main.TestSuiteExecutor.execute(TestSuiteExecutor.java:106)
	at com.kms.katalon.core.main.TestCaseMain.startTestSuite(TestCaseMain.java:187)
	at com.kms.katalon.core.main.TestCaseMain$startTestSuite$0.call(Unknown Source)
	at TempTestSuite1696491677292.run(TempTestSuite1696491677292.groovy:36)
Caused by: com.kms.katalon.core.exception.StepFailedException: Text 'Please input an valid date.' is not present on page 
	at com.kms.katalon.core.webui.keyword.internal.WebUIKeywordMain.stepFailed(WebUIKeywordMain.groovy:64)
	at com.kms.katalon.core.webui.keyword.builtin.VerifyTextPresentKeyword$_verifyTextPresent_closure1.doCall(VerifyTextPresentKeyword.groovy:79)
	at com.kms.katalon.core.webui.keyword.builtin.VerifyTextPresentKeyword$_verifyTextPresent_closure1.call(VerifyTextPresentKeyword.groovy)
	at com.kms.katalon.core.webui.keyword.internal.WebUIKeywordMain.runKeyword(WebUIKeywordMain.groovy:20)
	... 19 more
)
[[ATTACHMENT|C:\\FT2 XSIS\\Projek 2 MINI PROJEK\\Reports\\20231005_144117\\T13 Pembelian, Shipment dan Pembayaran\\T13 Pembelian, Shipment dan Pembayaran\\20231005_144117\\1696492719948.png]]]]></system-out>
         <system-err><![CDATA[2023-10-05 14:57:37 - [TEST_CASE][FAILED] - Test Cases/T13 Pembelian, Shipment dan Pembayaran/PBY-011: Test Cases/T13 Pembelian, Shipment dan Pembayaran/PBY-011 FAILED.
Reason:
com.kms.katalon.core.exception.StepFailedException: Unable to verify text 'Please input an valid date.' is present 
	at com.kms.katalon.core.webui.keyword.internal.WebUIKeywordMain.stepFailed(WebUIKeywordMain.groovy:64)
	at com.kms.katalon.core.webui.keyword.internal.WebUIKeywordMain.runKeyword(WebUIKeywordMain.groovy:26)
	at com.kms.katalon.core.webui.keyword.builtin.VerifyTextPresentKeyword.verifyTextPresent(VerifyTextPresentKeyword.groovy:83)
	at com.kms.katalon.core.webui.keyword.builtin.VerifyTextPresentKeyword.execute(VerifyTextPresentKeyword.groovy:68)
	at com.kms.katalon.core.keyword.internal.KeywordExecutor.executeKeywordForPlatform(KeywordExecutor.groovy:74)
	at com.kms.katalon.core.webui.keyword.WebUiBuiltInKeywords.verifyTextPresent(WebUiBuiltInKeywords.groovy:1723)
	at com.kms.katalon.core.webui.keyword.WebUiBuiltInKeywords$verifyTextPresent$7.call(Unknown Source)
	at PBY-011.run(PBY-011:56)
	at com.kms.katalon.core.main.ScriptEngine.run(ScriptEngine.java:194)
	at com.kms.katalon.core.main.ScriptEngine.runScriptAsRawText(ScriptEngine.java:119)
	at com.kms.katalon.core.main.TestCaseExecutor.runScript(TestCaseExecutor.java:448)
	at com.kms.katalon.core.main.TestCaseExecutor.doExecute(TestCaseExecutor.java:439)
	at com.kms.katalon.core.main.TestCaseExecutor.processExecutionPhase(TestCaseExecutor.java:418)
	at com.kms.katalon.core.main.TestCaseExecutor.accessMainPhase(TestCaseExecutor.java:410)
	at com.kms.katalon.core.main.TestCaseExecutor.execute(TestCaseExecutor.java:285)
	at com.kms.katalon.core.common.CommonExecutor.accessTestCaseMainPhase(CommonExecutor.java:65)
	at com.kms.katalon.core.main.TestSuiteExecutor.accessTestSuiteMainPhase(TestSuiteExecutor.java:148)
	at com.kms.katalon.core.main.TestSuiteExecutor.execute(TestSuiteExecutor.java:106)
	at com.kms.katalon.core.main.TestCaseMain.startTestSuite(TestCaseMain.java:187)
	at com.kms.katalon.core.main.TestCaseMain$startTestSuite$0.call(Unknown Source)
	at TempTestSuite1696491677292.run(TempTestSuite1696491677292.groovy:36)
Caused by: com.kms.katalon.core.exception.StepFailedException: Text 'Please input an valid date.' is not present on page 
	at com.kms.katalon.core.webui.keyword.internal.WebUIKeywordMain.stepFailed(WebUIKeywordMain.groovy:64)
	at com.kms.katalon.core.webui.keyword.builtin.VerifyTextPresentKeyword$_verifyTextPresent_closure1.doCall(VerifyTextPresentKeyword.groovy:79)
	at com.kms.katalon.core.webui.keyword.builtin.VerifyTextPresentKeyword$_verifyTextPresent_closure1.call(VerifyTextPresentKeyword.groovy)
	at com.kms.katalon.core.webui.keyword.internal.WebUIKeywordMain.runKeyword(WebUIKeywordMain.groovy:20)
	... 19 more]]></system-err>
      </testcase>
      <testcase name="Test Cases/T13 Pembelian, Shipment dan Pembayaran/PBY-012" time="56.668" classname="Test Cases/T13 Pembelian, Shipment dan Pembayaran/PBY-012" status="PASSED">
         <system-out><![CDATA[2023-10-05 14:58:40 - [TEST_CASE][PASSED] - Test Cases/T13 Pembelian, Shipment dan Pembayaran/PBY-012: Test Cases/T13 Pembelian, Shipment dan Pembayaran/PBY-012

2023-10-05 14:58:40 - [TEST_STEP][PASSED] - data = callTestCase(findTestCase("T13 Pembelian, Shipment dan Pembayaran/PBY-001"), [:], STOP_ON_FAILURE): Call Test Case 'Test Cases/T13 Pembelian, Shipment dan Pembayaran/PBY-001' successfully

2023-10-05 14:58:40 - [TEST_CASE][PASSED] - Test Cases/T13 Pembelian, Shipment dan Pembayaran/PBY-001: Test Cases/T13 Pembelian, Shipment dan Pembayaran/PBY-001

2023-10-05 14:58:40 - [TEST_STEP][PASSED] - data = callTestCase(findTestCase("T13 Pembelian, Shipment dan Pembayaran/PBL-004"), ["Kurir":"Roda 2"], STOP_ON_FAILURE): Call Test Case 'Test Cases/T13 Pembelian, Shipment dan Pembayaran/PBL-004' successfully

2023-10-05 14:58:40 - [TEST_CASE][PASSED] - Test Cases/T13 Pembelian, Shipment dan Pembayaran/PBL-004: Test Cases/T13 Pembelian, Shipment dan Pembayaran/PBL-004

2023-10-05 14:58:40 - [TEST_STEP][PASSED] - data = callTestCase(findTestCase("T13 Pembelian, Shipment dan Pembayaran/PBL-002"), [:], STOP_ON_FAILURE): Call Test Case 'Test Cases/T13 Pembelian, Shipment dan Pembayaran/PBL-002' successfully

2023-10-05 14:58:40 - [TEST_CASE][PASSED] - Test Cases/T13 Pembelian, Shipment dan Pembayaran/PBL-002: Test Cases/T13 Pembelian, Shipment dan Pembayaran/PBL-002

2023-10-05 14:58:40 - [TEST_STEP][PASSED] - data = callTestCase(findTestCase("T13 Pembelian, Shipment dan Pembayaran/PBL-001"), [:], STOP_ON_FAILURE): Call Test Case 'Test Cases/T13 Pembelian, Shipment dan Pembayaran/PBL-001' successfully

2023-10-05 14:58:40 - [TEST_CASE][PASSED] - Test Cases/T13 Pembelian, Shipment dan Pembayaran/PBL-001: Test Cases/T13 Pembelian, Shipment dan Pembayaran/PBL-001

2023-10-05 14:58:40 - [TEST_STEP][PASSED] - callTestCase(findTestCase("T13 Pembelian, Shipment dan Pembayaran/LU-001"), ["username":"irfanafandi", "password":"12345irfan"], STOP_ON_FAILURE): Call Test Case 'Test Cases/T13 Pembelian, Shipment dan Pembayaran/LU-001' successfully

2023-10-05 14:58:40 - [TEST_CASE][PASSED] - Test Cases/T13 Pembelian, Shipment dan Pembayaran/LU-001: Test Cases/T13 Pembelian, Shipment dan Pembayaran/LU-001

2023-10-05 14:58:40 - [TEST_STEP][PASSED] - openBrowser("https://10.9.2.63/ecommerce/"): Browser is opened with url: 'https://10.9.2.63/ecommerce/'

2023-10-05 14:58:40 - [MESSAGE][WARNING] - A browser is already opened. Closing browser and opening a new one

2023-10-05 14:58:41 - [MESSAGE][INFO] - Starting 'Edge Chromium' driver

2023-10-05 14:58:41 - [MESSAGE][INFO] - User set preference: ['acceptInsecureCerts', 'true']

2023-10-05 14:58:43 - [MESSAGE][INFO] - Action delay is set to 0 milliseconds

2023-10-05 14:58:48 - [MESSAGE][PASSED] - Browser is opened with url: 'https://10.9.2.63/ecommerce/'

2023-10-05 14:58:48 - [TEST_STEP][PASSED] - maximizeWindow(): Current window maximized

2023-10-05 14:58:48 - [MESSAGE][PASSED] - Current window maximized

2023-10-05 14:58:48 - [TEST_STEP][PASSED] - verifyElementPresent(findTestObject("Login/Home"), 0): Object 'Object Repository/Login/Home' is present

2023-10-05 14:58:48 - [MESSAGE][WARNING] - Timeout '0' is invalid. Using default page load timeout: '30'

2023-10-05 14:58:49 - [MESSAGE][PASSED] - Object 'Object Repository/Login/Home' is present

2023-10-05 14:58:49 - [TEST_STEP][PASSED] - click(findTestObject("Login/a_Login")): Object: 'Object Repository/Login/a_Login' is clicked on

2023-10-05 14:58:50 - [MESSAGE][PASSED] - Object: 'Object Repository/Login/a_Login' is clicked on

2023-10-05 14:58:50 - [TEST_STEP][PASSED] - verifyElementPresent(findTestObject("Login/Tittle Login"), 0): Object 'Object Repository/Login/Tittle Login' is present

2023-10-05 14:58:50 - [MESSAGE][WARNING] - Timeout '0' is invalid. Using default page load timeout: '30'

2023-10-05 14:58:50 - [MESSAGE][PASSED] - Object 'Object Repository/Login/Tittle Login' is present

2023-10-05 14:58:50 - [TEST_STEP][PASSED] - setText(findTestObject("Login/input_Username, Email atau No. Handphone_a"), username): Text 'irfanafandi' is set on object 'Object Repository/Login/input_Username, Email atau No. Handphone_a'

2023-10-05 14:58:51 - [MESSAGE][PASSED] - Text 'irfanafandi' is set on object 'Object Repository/Login/input_Username, Email atau No. Handphone_a'

2023-10-05 14:58:51 - [TEST_STEP][PASSED] - setText(findTestObject("Login/input_Password_b"), password): Text '12345irfan' is set on object 'Object Repository/Login/input_Password_b'

2023-10-05 14:58:52 - [MESSAGE][PASSED] - Text '12345irfan' is set on object 'Object Repository/Login/input_Password_b'

2023-10-05 14:58:52 - [TEST_STEP][PASSED] - click(findTestObject("Login/label_Ingat saya")): Object: 'Object Repository/Login/label_Ingat saya' is clicked on

2023-10-05 14:58:52 - [MESSAGE][PASSED] - Object: 'Object Repository/Login/label_Ingat saya' is clicked on

2023-10-05 14:58:52 - [TEST_STEP][PASSED] - click(findTestObject("Login/button_Masuk")): Object: 'Object Repository/Login/button_Masuk' is clicked on

2023-10-05 14:58:54 - [MESSAGE][PASSED] - Object: 'Object Repository/Login/button_Masuk' is clicked on

2023-10-05 14:58:54 - [TEST_STEP][PASSED] - verifyElementPresent(findTestObject("Login/li_Profile"), 0): Object 'Object Repository/Login/li_Profile' is present

2023-10-05 14:58:54 - [MESSAGE][WARNING] - Timeout '0' is invalid. Using default page load timeout: '30'

2023-10-05 14:58:55 - [MESSAGE][PASSED] - Object 'Object Repository/Login/li_Profile' is present

2023-10-05 14:58:55 - [MESSAGE][PASSED] - Call Test Case 'Test Cases/T13 Pembelian, Shipment dan Pembayaran/LU-001' successfully

2023-10-05 14:58:55 - [TEST_STEP][PASSED] - mouseOver(findTestObject("beli barang/i_Mulai Belanja_icon-menu")): Object: 'Object Repository/beli barang/i_Mulai Belanja_icon-menu' is hovered

2023-10-05 14:58:55 - [MESSAGE][PASSED] - Object: 'Object Repository/beli barang/i_Mulai Belanja_icon-menu' is hovered

2023-10-05 14:58:55 - [TEST_STEP][PASSED] - click(findTestObject("beli barang/a_Fashion  Busana Wanita")): Object: 'Object Repository/beli barang/a_Fashion  Busana Wanita' is clicked on

2023-10-05 14:58:57 - [MESSAGE][PASSED] - Object: 'Object Repository/beli barang/a_Fashion  Busana Wanita' is clicked on

2023-10-05 14:58:57 - [TEST_STEP][PASSED] - NamaSebelum = getText(findTestObject("verifikasi/Nama sebelum")): Text of object 'Object Repository/verifikasi/Nama sebelum' is: ''

2023-10-05 14:58:57 - [MESSAGE][PASSED] - Text of object 'Object Repository/verifikasi/Nama sebelum' is: ''

2023-10-05 14:58:57 - [TEST_STEP][PASSED] - HargaSebelum = getText(findTestObject("verifikasi/Harga sebelum")): Text of object 'Object Repository/verifikasi/Harga sebelum' is: 'Rp 1,299'

2023-10-05 14:58:58 - [MESSAGE][PASSED] - Text of object 'Object Repository/verifikasi/Harga sebelum' is: 'Rp 1,299'

2023-10-05 14:58:58 - [TEST_STEP][PASSED] - mouseOver(findTestObject("beli barang/barang mouse over")): Object: 'Object Repository/beli barang/barang mouse over' is hovered

2023-10-05 14:58:58 - [MESSAGE][PASSED] - Object: 'Object Repository/beli barang/barang mouse over' is hovered

2023-10-05 14:58:58 - [TEST_STEP][PASSED] - click(findTestObject("beli barang/buttom add to cart")): Object: 'Object Repository/beli barang/buttom add to cart' is clicked on

2023-10-05 14:59:00 - [MESSAGE][PASSED] - Object: 'Object Repository/beli barang/buttom add to cart' is clicked on

2023-10-05 14:59:00 - [TEST_STEP][PASSED] - NamaSesudah = getText(findTestObject("verifikasi/Nama sesudah")): Text of object 'Object Repository/verifikasi/Nama sesudah' is: 'Segitiga Instan Madeira - MDB5.3 Sunset'

2023-10-05 14:59:01 - [MESSAGE][PASSED] - Text of object 'Object Repository/verifikasi/Nama sesudah' is: 'Segitiga Instan Madeira - MDB5.3 Sunset'

2023-10-05 14:59:01 - [TEST_STEP][PASSED] - HargaSesudah = getText(findTestObject("verifikasi/Harga sesudah")): Text of object 'Object Repository/verifikasi/Harga sesudah' is: 'Rp 1,299'

2023-10-05 14:59:01 - [MESSAGE][PASSED] - Text of object 'Object Repository/verifikasi/Harga sesudah' is: 'Rp 1,299'

2023-10-05 14:59:01 - [TEST_STEP][PASSED] - assert NamaSesudah.contains(NamaSebelum): null

2023-10-05 14:59:01 - [TEST_STEP][PASSED] - assert HargaSesudah.contains(HargaSebelum): null

2023-10-05 14:59:01 - [TEST_STEP][PASSED] - click(findTestObject("beli barang/Tambah Keranjang busana wanita")): Object: 'Object Repository/beli barang/Tambah Keranjang busana wanita' is clicked on

2023-10-05 14:59:01 - [MESSAGE][PASSED] - Object: 'Object Repository/beli barang/Tambah Keranjang busana wanita' is clicked on

2023-10-05 14:59:01 - [TEST_STEP][PASSED] - verifyElementPresent(findTestObject("checkout/Notifikasi keranjang"), 1): Object 'Object Repository/checkout/Notifikasi keranjang' is present

2023-10-05 14:59:02 - [MESSAGE][PASSED] - Object 'Object Repository/checkout/Notifikasi keranjang' is present

2023-10-05 14:59:02 - [TEST_STEP][PASSED] - data = new java.util.HashMap(): null

2023-10-05 14:59:02 - [TEST_STEP][PASSED] - data.put("nama_barang", NamaSesudah): null

2023-10-05 14:59:02 - [TEST_STEP][PASSED] - data.put("price_barang", HargaSesudah): null

2023-10-05 14:59:02 - [TEST_STEP][PASSED] - return data: null

2023-10-05 14:59:02 - [MESSAGE][PASSED] - Call Test Case 'Test Cases/T13 Pembelian, Shipment dan Pembayaran/PBL-001' successfully

2023-10-05 14:59:02 - [TEST_STEP][PASSED] - mouseOver(findTestObject("beli barang/keranjang")): Object: 'Object Repository/beli barang/keranjang' is hovered

2023-10-05 14:59:03 - [MESSAGE][PASSED] - Object: 'Object Repository/beli barang/keranjang' is hovered

2023-10-05 14:59:03 - [TEST_STEP][PASSED] - click(findTestObject("beli barang/Lihat Sekarang")): Object: 'Object Repository/beli barang/Lihat Sekarang' is clicked on

2023-10-05 14:59:04 - [MESSAGE][PASSED] - Object: 'Object Repository/beli barang/Lihat Sekarang' is clicked on

2023-10-05 14:59:04 - [TEST_STEP][PASSED] - verifyElementPresent(findTestObject("keranjang/li_Keranjang Belanja"), 0): Object 'Object Repository/keranjang/li_Keranjang Belanja' is present

2023-10-05 14:59:04 - [MESSAGE][WARNING] - Timeout '0' is invalid. Using default page load timeout: '30'

2023-10-05 14:59:05 - [MESSAGE][PASSED] - Object 'Object Repository/keranjang/li_Keranjang Belanja' is present

2023-10-05 14:59:05 - [TEST_STEP][PASSED] - NamaKeranjang = getText(findTestObject("verifikasi/Nama keranjang")): Text of object 'Object Repository/verifikasi/Nama keranjang' is: 'Segitiga Instan Madeira - MDB5.3 Sunset'

2023-10-05 14:59:05 - [MESSAGE][PASSED] - Text of object 'Object Repository/verifikasi/Nama keranjang' is: 'Segitiga Instan Madeira - MDB5.3 Sunset'

2023-10-05 14:59:05 - [TEST_STEP][PASSED] - HargaKeranjang = getText(findTestObject("verifikasi/Harga Keranjang")): Text of object 'Object Repository/verifikasi/Harga Keranjang' is: 'Rp 1,299'

2023-10-05 14:59:06 - [MESSAGE][PASSED] - Text of object 'Object Repository/verifikasi/Harga Keranjang' is: 'Rp 1,299'

2023-10-05 14:59:06 - [TEST_STEP][PASSED] - if (toString().equalsIgnoreCase("Merah")): Object 'Object Repository/keranjang/input_Warna_variasi101' is checked

2023-10-05 14:59:06 - [TEST_STEP][PASSED] - check(findTestObject("Object Repository/keranjang/input_Warna_variasi101")): Object 'Object Repository/keranjang/input_Warna_variasi101' is checked

2023-10-05 14:59:06 - [MESSAGE][PASSED] - Object 'Object Repository/keranjang/input_Warna_variasi101' is checked

2023-10-05 14:59:06 - [TEST_STEP][PASSED] - if (toString().equalsIgnoreCase("Menengah")): Object 'Object Repository/keranjang/input_Ukuran_variasi201' is checked

2023-10-05 14:59:06 - [TEST_STEP][PASSED] - check(findTestObject("Object Repository/keranjang/input_Ukuran_variasi201")): Object 'Object Repository/keranjang/input_Ukuran_variasi201' is checked

2023-10-05 14:59:07 - [MESSAGE][PASSED] - Object 'Object Repository/keranjang/input_Ukuran_variasi201' is checked

2023-10-05 14:59:07 - [TEST_STEP][PASSED] - data.put("Warna", warna): null

2023-10-05 14:59:07 - [TEST_STEP][PASSED] - data.put("Ukuran", ukuran): null

2023-10-05 14:59:07 - [TEST_STEP][PASSED] - click(findTestObject("keranjang/button_Lanjut ke Pembayaran")): Object: 'Object Repository/keranjang/button_Lanjut ke Pembayaran' is clicked on

2023-10-05 14:59:08 - [MESSAGE][PASSED] - Object: 'Object Repository/keranjang/button_Lanjut ke Pembayaran' is clicked on

2023-10-05 14:59:08 - [TEST_STEP][PASSED] - verifyElementPresent(findTestObject("checkout/Tittle Checkout Order"), 0): Object 'Object Repository/checkout/Tittle Checkout Order' is present

2023-10-05 14:59:08 - [MESSAGE][WARNING] - Timeout '0' is invalid. Using default page load timeout: '30'

2023-10-05 14:59:09 - [MESSAGE][PASSED] - Object 'Object Repository/checkout/Tittle Checkout Order' is present

2023-10-05 14:59:09 - [TEST_STEP][PASSED] - name_product = data.get("nama_barang"): null

2023-10-05 14:59:09 - [TEST_STEP][PASSED] - price_product = data.get("price_barang"): null

2023-10-05 14:59:09 - [TEST_STEP][PASSED] - assert name_product == NamaKeranjang: null

2023-10-05 14:59:09 - [TEST_STEP][PASSED] - assert price_product == HargaKeranjang: null

2023-10-05 14:59:09 - [TEST_STEP][PASSED] - return data: null

2023-10-05 14:59:09 - [MESSAGE][PASSED] - Call Test Case 'Test Cases/T13 Pembelian, Shipment dan Pembayaran/PBL-002' successfully

2023-10-05 14:59:09 - [TEST_STEP][PASSED] - warnaa = getText(findTestObject("verifikasi/warna Merah")): Text of object 'Object Repository/verifikasi/warna Merah' is: 'Merah'

2023-10-05 14:59:09 - [MESSAGE][PASSED] - Text of object 'Object Repository/verifikasi/warna Merah' is: 'Merah'

2023-10-05 14:59:09 - [TEST_STEP][PASSED] - ukurann = getText(findTestObject("verifikasi/Ukuran Menengah")): Text of object 'Object Repository/verifikasi/Ukuran Menengah' is: 'Menengah'

2023-10-05 14:59:10 - [MESSAGE][PASSED] - Text of object 'Object Repository/verifikasi/Ukuran Menengah' is: 'Menengah'

2023-10-05 14:59:10 - [TEST_STEP][PASSED] - warna1 = data.get("Warna"): null

2023-10-05 14:59:10 - [TEST_STEP][PASSED] - ukuran1 = data.get("Ukuran"): null

2023-10-05 14:59:10 - [TEST_STEP][PASSED] - assert warnaa == warna1: null

2023-10-05 14:59:10 - [TEST_STEP][PASSED] - assert ukurann == ukuran1: null

2023-10-05 14:59:10 - [TEST_STEP][PASSED] - NamaCheckout = getText(findTestObject("verifikasi/NamaCheckout")): Text of object 'Object Repository/verifikasi/NamaCheckout' is: ''

2023-10-05 14:59:10 - [MESSAGE][PASSED] - Text of object 'Object Repository/verifikasi/NamaCheckout' is: ''

2023-10-05 14:59:10 - [TEST_STEP][PASSED] - HargaCheckout = getText(findTestObject("verifikasi/HargaCheckout")): Text of object 'Object Repository/verifikasi/HargaCheckout' is: '1,299'

2023-10-05 14:59:10 - [MESSAGE][PASSED] - Text of object 'Object Repository/verifikasi/HargaCheckout' is: '1,299'

2023-10-05 14:59:10 - [TEST_STEP][PASSED] - name_product = data.get("nama_barang"): null

2023-10-05 14:59:10 - [TEST_STEP][PASSED] - price_product = data.get("price_barang"): null

2023-10-05 14:59:10 - [TEST_STEP][PASSED] - assert name_product.contains(NamaCheckout): null

2023-10-05 14:59:10 - [TEST_STEP][PASSED] - assert price_product.contains(HargaCheckout): null

2023-10-05 14:59:10 - [TEST_STEP][PASSED] - selectOptionByLabel(findTestObject("checkout/select - Kirim via Kurir Lokal"), Kurir, false): All options with label 'Roda 2' are selected in object 'Object Repository/checkout/select - Kirim via Kurir Lokal' 

2023-10-05 14:59:11 - [MESSAGE][PASSED] - All options with label 'Roda 2' are selected in object 'Object Repository/checkout/select - Kirim via Kurir Lokal' 

2023-10-05 14:59:11 - [TEST_STEP][PASSED] - click(findTestObject("checkout/Kendaraan Kurir")): Object: 'Object Repository/checkout/Kendaraan Kurir' is clicked on

2023-10-05 14:59:12 - [MESSAGE][PASSED] - Object: 'Object Repository/checkout/Kendaraan Kurir' is clicked on

2023-10-05 14:59:12 - [TEST_STEP][PASSED] - OngkosKirim = getText(findTestObject("Object Repository/verifikasi/Ongkos Kirim checkout")): Text of object 'Object Repository/verifikasi/Ongkos Kirim checkout' is: 'Rp. 5,000'

2023-10-05 14:59:12 - [MESSAGE][PASSED] - Text of object 'Object Repository/verifikasi/Ongkos Kirim checkout' is: 'Rp. 5,000'

2023-10-05 14:59:12 - [TEST_STEP][PASSED] - Ongkos = OngkosKirim.substring(3, OngkosKirim.size()): null

2023-10-05 14:59:12 - [TEST_STEP][PASSED] - rep = Ongkos.replace(",", "."): null

2023-10-05 14:59:12 - [TEST_STEP][PASSED] - Ongkos_kirim = Double.parseDouble(rep): null

2023-10-05 14:59:12 - [TEST_STEP][PASSED] - println(Ongkos_kirim): null

2023-10-05 14:59:12 - [TEST_STEP][PASSED] - FeeAdmin = getText(findTestObject("verifikasi/Fee Admin checkout")): Text of object 'Object Repository/verifikasi/Fee Admin checkout' is: 'Fee Admin
Rp 1,500'

2023-10-05 14:59:13 - [MESSAGE][PASSED] - Text of object 'Object Repository/verifikasi/Fee Admin checkout' is: 'Fee Admin
Rp 1,500'

2023-10-05 14:59:13 - [TEST_STEP][PASSED] - Fee_Admin = FeeAdmin.substring(12, FeeAdmin.size()): null

2023-10-05 14:59:13 - [TEST_STEP][PASSED] - fee = Fee_Admin.replace(",", "."): null

2023-10-05 14:59:13 - [TEST_STEP][PASSED] - fee_admin = Double.parseDouble(fee): null

2023-10-05 14:59:13 - [TEST_STEP][PASSED] - println(fee_admin): null

2023-10-05 14:59:13 - [TEST_STEP][PASSED] - Subtotal = getText(findTestObject("verifikasi/subtotal checkout")): Text of object 'Object Repository/verifikasi/subtotal checkout' is: 'Subtotal
Rp 1,299'

2023-10-05 14:59:14 - [MESSAGE][PASSED] - Text of object 'Object Repository/verifikasi/subtotal checkout' is: 'Subtotal
Rp 1,299'

2023-10-05 14:59:14 - [TEST_STEP][PASSED] - sub_total = Subtotal.substring(12, Subtotal.size()): null

2023-10-05 14:59:14 - [TEST_STEP][PASSED] - sub = sub_total.replace(",", "."): null

2023-10-05 14:59:14 - [TEST_STEP][PASSED] - sub_total = Double.parseDouble(sub): null

2023-10-05 14:59:14 - [TEST_STEP][PASSED] - println(sub_total): null

2023-10-05 14:59:14 - [TEST_STEP][PASSED] - Total = getText(findTestObject("verifikasi/Total checkout")): Text of object 'Object Repository/verifikasi/Total checkout' is: 'Rp 7,799'

2023-10-05 14:59:14 - [MESSAGE][PASSED] - Text of object 'Object Repository/verifikasi/Total checkout' is: 'Rp 7,799'

2023-10-05 14:59:14 - [TEST_STEP][PASSED] - totall = Total.substring(3, Total.size()): null

2023-10-05 14:59:14 - [TEST_STEP][PASSED] - total = totall.replace(",", "."): null

2023-10-05 14:59:14 - [TEST_STEP][PASSED] - totall = Double.parseDouble(total): null

2023-10-05 14:59:14 - [TEST_STEP][PASSED] - println(totall): null

2023-10-05 14:59:14 - [TEST_STEP][PASSED] - Total_Harga = Ongkos_kirim + fee_admin + sub_total: null

2023-10-05 14:59:14 - [TEST_STEP][PASSED] - println(Total_Harga): null

2023-10-05 14:59:14 - [TEST_STEP][PASSED] - TotalHarga = Math.round(Total_Harga * 1000) / 1000: null

2023-10-05 14:59:14 - [TEST_STEP][PASSED] - println(TotalHarga): null

2023-10-05 14:59:14 - [TEST_STEP][PASSED] - assert totall == TotalHarga: null

2023-10-05 14:59:14 - [TEST_STEP][PASSED] - click(findTestObject("verifikasi/Metode Transfer")): Object: 'Object Repository/verifikasi/Metode Transfer' is clicked on

2023-10-05 14:59:14 - [MESSAGE][PASSED] - Object: 'Object Repository/verifikasi/Metode Transfer' is clicked on

2023-10-05 14:59:14 - [TEST_STEP][PASSED] - click(findTestObject("checkout/button_Proses Pembayaran")): Object: 'Object Repository/checkout/button_Proses Pembayaran' is clicked on

2023-10-05 14:59:23 - [MESSAGE][PASSED] - Object: 'Object Repository/checkout/button_Proses Pembayaran' is clicked on

2023-10-05 14:59:23 - [TEST_STEP][PASSED] - verifyElementPresent(findTestObject("pembayaran/Tittle nomor invoice"), 0): Object 'Object Repository/pembayaran/Tittle nomor invoice' is present

2023-10-05 14:59:23 - [MESSAGE][WARNING] - Timeout '0' is invalid. Using default page load timeout: '30'

2023-10-05 14:59:24 - [MESSAGE][PASSED] - Object 'Object Repository/pembayaran/Tittle nomor invoice' is present

2023-10-05 14:59:24 - [TEST_STEP][PASSED] - return data: null

2023-10-05 14:59:24 - [MESSAGE][PASSED] - Call Test Case 'Test Cases/T13 Pembelian, Shipment dan Pembayaran/PBL-004' successfully

2023-10-05 14:59:24 - [TEST_STEP][PASSED] - Invoice = getText(findTestObject("pembayaran/nomor invoice")): Text of object 'Object Repository/pembayaran/nomor invoice' is: 'TRX60.20231005145918'

2023-10-05 14:59:25 - [MESSAGE][PASSED] - Text of object 'Object Repository/pembayaran/nomor invoice' is: 'TRX60.20231005145918'

2023-10-05 14:59:25 - [TEST_STEP][PASSED] - data.put("invoice", Invoice): null

2023-10-05 14:59:25 - [TEST_STEP][PASSED] - NamaPemesan = getText(findTestObject("Konfirmasi pesanan shop/Nama pemesan")): Text of object 'Object Repository/Konfirmasi pesanan shop/Nama pemesan' is: 'irfan.afandi'

2023-10-05 14:59:25 - [MESSAGE][PASSED] - Text of object 'Object Repository/Konfirmasi pesanan shop/Nama pemesan' is: 'irfan.afandi'

2023-10-05 14:59:25 - [TEST_STEP][PASSED] - Nama = getText(findTestObject("pembayaran/Nama barang")): Text of object 'Object Repository/pembayaran/Nama barang' is: 'Segitiga Instan Madeira - MDB5.3 Sunset'

2023-10-05 14:59:26 - [MESSAGE][PASSED] - Text of object 'Object Repository/pembayaran/Nama barang' is: 'Segitiga Instan Madeira - MDB5.3 Sunset'

2023-10-05 14:59:26 - [TEST_STEP][PASSED] - Harga = getText(findTestObject("pembayaran/Harga barang")): Text of object 'Object Repository/pembayaran/Harga barang' is: '1,299'

2023-10-05 14:59:26 - [MESSAGE][PASSED] - Text of object 'Object Repository/pembayaran/Harga barang' is: '1,299'

2023-10-05 14:59:26 - [TEST_STEP][PASSED] - name_product = data.get("nama_barang"): null

2023-10-05 14:59:26 - [TEST_STEP][PASSED] - price_product = data.get("price_barang"): null

2023-10-05 14:59:26 - [TEST_STEP][PASSED] - assert name_product.contains(Nama): null

2023-10-05 14:59:26 - [TEST_STEP][PASSED] - assert price_product.contains(Harga): null

2023-10-05 14:59:26 - [TEST_STEP][PASSED] - warnaa = getText(findTestObject("pembayaran/warna")): Text of object 'Object Repository/pembayaran/warna' is: 'Merah'

2023-10-05 14:59:27 - [MESSAGE][PASSED] - Text of object 'Object Repository/pembayaran/warna' is: 'Merah'

2023-10-05 14:59:27 - [TEST_STEP][PASSED] - ukurann = getText(findTestObject("pembayaran/ukuran")): Text of object 'Object Repository/pembayaran/ukuran' is: 'Menengah'

2023-10-05 14:59:27 - [MESSAGE][PASSED] - Text of object 'Object Repository/pembayaran/ukuran' is: 'Menengah'

2023-10-05 14:59:27 - [TEST_STEP][PASSED] - warna1 = data.get("Warna"): null

2023-10-05 14:59:27 - [TEST_STEP][PASSED] - ukuran1 = data.get("Ukuran"): null

2023-10-05 14:59:27 - [TEST_STEP][PASSED] - assert warnaa == warna1: null

2023-10-05 14:59:27 - [TEST_STEP][PASSED] - assert ukurann == ukuran1: null

2023-10-05 14:59:27 - [TEST_STEP][PASSED] - statusPembelian = getText(findTestObject("verifikasi/Status pending di pembelian")): Text of object 'Object Repository/verifikasi/Status pending di pembelian' is: 'Pending'

2023-10-05 14:59:28 - [MESSAGE][PASSED] - Text of object 'Object Repository/verifikasi/Status pending di pembelian' is: 'Pending'

2023-10-05 14:59:28 - [TEST_STEP][PASSED] - data.put("statusPem", statusPembelian): null

2023-10-05 14:59:28 - [TEST_STEP][PASSED] - OngkosKirim = getText(findTestObject("pembayaran/ongkos kirim")): Text of object 'Object Repository/pembayaran/ongkos kirim' is: 'Rp 5,000'

2023-10-05 14:59:28 - [MESSAGE][PASSED] - Text of object 'Object Repository/pembayaran/ongkos kirim' is: 'Rp 5,000'

2023-10-05 14:59:28 - [TEST_STEP][PASSED] - Ongkos = OngkosKirim.substring(3, OngkosKirim.size()): null

2023-10-05 14:59:28 - [TEST_STEP][PASSED] - rep = Ongkos.replace(",", ""): null

2023-10-05 14:59:28 - [TEST_STEP][PASSED] - Ongkos_kirimm = Integer.parseInt(rep): null

2023-10-05 14:59:28 - [TEST_STEP][PASSED] - println(Ongkos_kirimm): null

2023-10-05 14:59:28 - [TEST_STEP][PASSED] - FeeAdmin = getText(findTestObject("pembayaran/fee admin")): Text of object 'Object Repository/pembayaran/fee admin' is: 'Rp 1,500'

2023-10-05 14:59:29 - [MESSAGE][PASSED] - Text of object 'Object Repository/pembayaran/fee admin' is: 'Rp 1,500'

2023-10-05 14:59:29 - [TEST_STEP][PASSED] - Fee_Admin = FeeAdmin.substring(3, FeeAdmin.size()): null

2023-10-05 14:59:29 - [TEST_STEP][PASSED] - fee = Fee_Admin.replace(",", ""): null

2023-10-05 14:59:29 - [TEST_STEP][PASSED] - fee_adminn = Integer.parseInt(fee): null

2023-10-05 14:59:29 - [TEST_STEP][PASSED] - println(fee_adminn): null

2023-10-05 14:59:29 - [TEST_STEP][PASSED] - Subtotal = getText(findTestObject("pembayaran/subtotal")): Text of object 'Object Repository/pembayaran/subtotal' is: 'Rp 1,299'

2023-10-05 14:59:29 - [MESSAGE][PASSED] - Text of object 'Object Repository/pembayaran/subtotal' is: 'Rp 1,299'

2023-10-05 14:59:29 - [TEST_STEP][PASSED] - sub_total = Subtotal.substring(3, Subtotal.size()): null

2023-10-05 14:59:29 - [TEST_STEP][PASSED] - sub = sub_total.replace(",", ""): null

2023-10-05 14:59:29 - [TEST_STEP][PASSED] - sub_totall = Integer.parseInt(sub): null

2023-10-05 14:59:29 - [TEST_STEP][PASSED] - println(sub_totall): null

2023-10-05 14:59:29 - [TEST_STEP][PASSED] - unik = getText(findTestObject("pembayaran/kode unik")): Text of object 'Object Repository/pembayaran/kode unik' is: '+918'

2023-10-05 14:59:30 - [MESSAGE][PASSED] - Text of object 'Object Repository/pembayaran/kode unik' is: '+918'

2023-10-05 14:59:30 - [TEST_STEP][PASSED] - unikk = unik.replace("+", ""): null

2023-10-05 14:59:30 - [TEST_STEP][PASSED] - kode_unik = Integer.parseInt(unikk): null

2023-10-05 14:59:30 - [TEST_STEP][PASSED] - println(kode_unik): null

2023-10-05 14:59:30 - [TEST_STEP][PASSED] - Total = getText(findTestObject("pembayaran/total")): Text of object 'Object Repository/pembayaran/total' is: '8,717'

2023-10-05 14:59:30 - [MESSAGE][PASSED] - Text of object 'Object Repository/pembayaran/total' is: '8,717'

2023-10-05 14:59:30 - [TEST_STEP][PASSED] - total = Total.replace(",", ""): null

2023-10-05 14:59:30 - [TEST_STEP][PASSED] - totalll = Integer.parseInt(total): null

2023-10-05 14:59:30 - [TEST_STEP][PASSED] - println(totalll): null

2023-10-05 14:59:30 - [TEST_STEP][PASSED] - Total_Hargaa = Ongkos_kirimm + fee_adminn + sub_totall + kode_unik: null

2023-10-05 14:59:30 - [TEST_STEP][PASSED] - println(Total_Hargaa): null

2023-10-05 14:59:30 - [TEST_STEP][PASSED] - assert totalll == Total_Hargaa: null

2023-10-05 14:59:30 - [TEST_STEP][PASSED] - data.put("total", Total): null

2023-10-05 14:59:30 - [TEST_STEP][PASSED] - data.put("nama", NamaPemesan): null

2023-10-05 14:59:30 - [TEST_STEP][PASSED] - return data: null

2023-10-05 14:59:30 - [MESSAGE][PASSED] - Call Test Case 'Test Cases/T13 Pembelian, Shipment dan Pembayaran/PBY-001' successfully

2023-10-05 14:59:30 - [TEST_STEP][PASSED] - inv = data.get("invoice"): null

2023-10-05 14:59:30 - [TEST_STEP][PASSED] - Total = data.get("total"): null

2023-10-05 14:59:30 - [TEST_STEP][PASSED] - NamaPemesan = data.get("nama"): null

2023-10-05 14:59:30 - [TEST_STEP][PASSED] - click(findTestObject("Konfirmasi pesanan shop/Menu Shop")): Object: 'Object Repository/Konfirmasi pesanan shop/Menu Shop' is clicked on

2023-10-05 14:59:32 - [MESSAGE][PASSED] - Object: 'Object Repository/Konfirmasi pesanan shop/Menu Shop' is clicked on

2023-10-05 14:59:32 - [TEST_STEP][PASSED] - click(findTestObject("Konfirmasi pesanan shop/Menu Shop")): Object: 'Object Repository/Konfirmasi pesanan shop/Menu Shop' is clicked on

2023-10-05 14:59:33 - [MESSAGE][PASSED] - Object: 'Object Repository/Konfirmasi pesanan shop/Menu Shop' is clicked on

2023-10-05 14:59:33 - [TEST_STEP][PASSED] - click(findTestObject("Konfirmasi pesanan shop/Konfirmasi Orders")): Object: 'Object Repository/Konfirmasi pesanan shop/Konfirmasi Orders' is clicked on

2023-10-05 14:59:34 - [MESSAGE][PASSED] - Object: 'Object Repository/Konfirmasi pesanan shop/Konfirmasi Orders' is clicked on

2023-10-05 14:59:34 - [TEST_STEP][PASSED] - verifyElementPresent(findTestObject("Konfirmasi pesanan shop/Tittle Konfirmasi Pesanan"), 0): Object 'Object Repository/Konfirmasi pesanan shop/Tittle Konfirmasi Pesanan' is present

2023-10-05 14:59:34 - [MESSAGE][WARNING] - Timeout '0' is invalid. Using default page load timeout: '30'

2023-10-05 14:59:34 - [MESSAGE][PASSED] - Object 'Object Repository/Konfirmasi pesanan shop/Tittle Konfirmasi Pesanan' is present

2023-10-05 14:59:34 - [TEST_STEP][PASSED] - clearText(findTestObject("Konfirmasi pesanan shop/input_No Pesanan"), STOP_ON_FAILURE): Text of object 'Object Repository/Konfirmasi pesanan shop/input_No Pesanan' is cleared

2023-10-05 14:59:35 - [MESSAGE][PASSED] - Text of object 'Object Repository/Konfirmasi pesanan shop/input_No Pesanan' is cleared

2023-10-05 14:59:35 - [TEST_STEP][PASSED] - clearText(findTestObject("Konfirmasi pesanan shop/input_Alamat E-mai"), STOP_ON_FAILURE): Text of object 'Object Repository/Konfirmasi pesanan shop/input_Alamat E-mai' is cleared

2023-10-05 14:59:35 - [MESSAGE][PASSED] - Text of object 'Object Repository/Konfirmasi pesanan shop/input_Alamat E-mai' is cleared

2023-10-05 14:59:35 - [TEST_STEP][PASSED] - click(findTestObject("Konfirmasi pesanan shop/button_Submit")): Object: 'Object Repository/Konfirmasi pesanan shop/button_Submit' is clicked on

2023-10-05 14:59:36 - [MESSAGE][PASSED] - Object: 'Object Repository/Konfirmasi pesanan shop/button_Submit' is clicked on

2023-10-05 14:59:36 - [TEST_STEP][PASSED] - webDriver = getWebDriver(): null

2023-10-05 14:59:36 - [TEST_STEP][PASSED] - field_pesanan = webDriver.findElement(By.xpath("(//input[@name="a"])[3]")): null

2023-10-05 14:59:36 - [TEST_STEP][PASSED] - error_message = webDriver.executeScript("return arguments[0].validationMessage", field_pesanan): null

2023-10-05 14:59:36 - [TEST_STEP][PASSED] - println(error_message): null

2023-10-05 14:59:36 - [TEST_STEP][PASSED] - assert error_message == "Please fill out this field.": null

2023-10-05 14:59:36 - [TEST_STEP][PASSED] - return data: null]]></system-out>
         <system-err><![CDATA[]]></system-err>
      </testcase>
      <testcase name="Test Cases/T13 Pembelian, Shipment dan Pembayaran/PBY-013" time="57.716" classname="Test Cases/T13 Pembelian, Shipment dan Pembayaran/PBY-013" status="FAILED">
         <failure type="FAILED" message="Test Cases/T13 Pembelian, Shipment dan Pembayaran/PBY-013 FAILED.
Reason:
com.kms.katalon.core.exception.StepFailedException: Unable to verify text 'email not valid.' is present 
	at com.kms.katalon.core.webui.keyword.internal.WebUIKeywordMain.stepFailed(WebUIKeywordMain.groovy:64)
	at com.kms.katalon.core.webui.keyword.internal.WebUIKeywordMain.runKeyword(WebUIKeywordMain.groovy:26)
	at com.kms.katalon.core.webui.keyword.builtin.VerifyTextPresentKeyword.verifyTextPresent(VerifyTextPresentKeyword.groovy:83)
	at com.kms.katalon.core.webui.keyword.builtin.VerifyTextPresentKeyword.execute(VerifyTextPresentKeyword.groovy:68)
	at com.kms.katalon.core.keyword.internal.KeywordExecutor.executeKeywordForPlatform(KeywordExecutor.groovy:74)
	at com.kms.katalon.core.webui.keyword.WebUiBuiltInKeywords.verifyTextPresent(WebUiBuiltInKeywords.groovy:1723)
	at com.kms.katalon.core.webui.keyword.WebUiBuiltInKeywords$verifyTextPresent$7.call(Unknown Source)
	at PBY-013.run(PBY-013:42)
	at com.kms.katalon.core.main.ScriptEngine.run(ScriptEngine.java:194)
	at com.kms.katalon.core.main.ScriptEngine.runScriptAsRawText(ScriptEngine.java:119)
	at com.kms.katalon.core.main.TestCaseExecutor.runScript(TestCaseExecutor.java:448)
	at com.kms.katalon.core.main.TestCaseExecutor.doExecute(TestCaseExecutor.java:439)
	at com.kms.katalon.core.main.TestCaseExecutor.processExecutionPhase(TestCaseExecutor.java:418)
	at com.kms.katalon.core.main.TestCaseExecutor.accessMainPhase(TestCaseExecutor.java:410)
	at com.kms.katalon.core.main.TestCaseExecutor.execute(TestCaseExecutor.java:285)
	at com.kms.katalon.core.common.CommonExecutor.accessTestCaseMainPhase(CommonExecutor.java:65)
	at com.kms.katalon.core.main.TestSuiteExecutor.accessTestSuiteMainPhase(TestSuiteExecutor.java:148)
	at com.kms.katalon.core.main.TestSuiteExecutor.execute(TestSuiteExecutor.java:106)
	at com.kms.katalon.core.main.TestCaseMain.startTestSuite(TestCaseMain.java:187)
	at com.kms.katalon.core.main.TestCaseMain$startTestSuite$0.call(Unknown Source)
	at TempTestSuite1696491677292.run(TempTestSuite1696491677292.groovy:36)
Caused by: com.kms.katalon.core.exception.StepFailedException: Text 'email not valid.' is not present on page 
	at com.kms.katalon.core.webui.keyword.internal.WebUIKeywordMain.stepFailed(WebUIKeywordMain.groovy:64)
	at com.kms.katalon.core.webui.keyword.builtin.VerifyTextPresentKeyword$_verifyTextPresent_closure1.doCall(VerifyTextPresentKeyword.groovy:79)
	at com.kms.katalon.core.webui.keyword.builtin.VerifyTextPresentKeyword$_verifyTextPresent_closure1.call(VerifyTextPresentKeyword.groovy)
	at com.kms.katalon.core.webui.keyword.internal.WebUIKeywordMain.runKeyword(WebUIKeywordMain.groovy:20)
	... 19 more
"/>
         <system-out><![CDATA[2023-10-05 14:59:36 - [TEST_CASE][FAILED] - Test Cases/T13 Pembelian, Shipment dan Pembayaran/PBY-013: Test Cases/T13 Pembelian, Shipment dan Pembayaran/PBY-013 FAILED.
Reason:
com.kms.katalon.core.exception.StepFailedException: Unable to verify text 'email not valid.' is present 
	at com.kms.katalon.core.webui.keyword.internal.WebUIKeywordMain.stepFailed(WebUIKeywordMain.groovy:64)
	at com.kms.katalon.core.webui.keyword.internal.WebUIKeywordMain.runKeyword(WebUIKeywordMain.groovy:26)
	at com.kms.katalon.core.webui.keyword.builtin.VerifyTextPresentKeyword.verifyTextPresent(VerifyTextPresentKeyword.groovy:83)
	at com.kms.katalon.core.webui.keyword.builtin.VerifyTextPresentKeyword.execute(VerifyTextPresentKeyword.groovy:68)
	at com.kms.katalon.core.keyword.internal.KeywordExecutor.executeKeywordForPlatform(KeywordExecutor.groovy:74)
	at com.kms.katalon.core.webui.keyword.WebUiBuiltInKeywords.verifyTextPresent(WebUiBuiltInKeywords.groovy:1723)
	at com.kms.katalon.core.webui.keyword.WebUiBuiltInKeywords$verifyTextPresent$7.call(Unknown Source)
	at PBY-013.run(PBY-013:42)
	at com.kms.katalon.core.main.ScriptEngine.run(ScriptEngine.java:194)
	at com.kms.katalon.core.main.ScriptEngine.runScriptAsRawText(ScriptEngine.java:119)
	at com.kms.katalon.core.main.TestCaseExecutor.runScript(TestCaseExecutor.java:448)
	at com.kms.katalon.core.main.TestCaseExecutor.doExecute(TestCaseExecutor.java:439)
	at com.kms.katalon.core.main.TestCaseExecutor.processExecutionPhase(TestCaseExecutor.java:418)
	at com.kms.katalon.core.main.TestCaseExecutor.accessMainPhase(TestCaseExecutor.java:410)
	at com.kms.katalon.core.main.TestCaseExecutor.execute(TestCaseExecutor.java:285)
	at com.kms.katalon.core.common.CommonExecutor.accessTestCaseMainPhase(CommonExecutor.java:65)
	at com.kms.katalon.core.main.TestSuiteExecutor.accessTestSuiteMainPhase(TestSuiteExecutor.java:148)
	at com.kms.katalon.core.main.TestSuiteExecutor.execute(TestSuiteExecutor.java:106)
	at com.kms.katalon.core.main.TestCaseMain.startTestSuite(TestCaseMain.java:187)
	at com.kms.katalon.core.main.TestCaseMain$startTestSuite$0.call(Unknown Source)
	at TempTestSuite1696491677292.run(TempTestSuite1696491677292.groovy:36)
Caused by: com.kms.katalon.core.exception.StepFailedException: Text 'email not valid.' is not present on page 
	at com.kms.katalon.core.webui.keyword.internal.WebUIKeywordMain.stepFailed(WebUIKeywordMain.groovy:64)
	at com.kms.katalon.core.webui.keyword.builtin.VerifyTextPresentKeyword$_verifyTextPresent_closure1.doCall(VerifyTextPresentKeyword.groovy:79)
	at com.kms.katalon.core.webui.keyword.builtin.VerifyTextPresentKeyword$_verifyTextPresent_closure1.call(VerifyTextPresentKeyword.groovy)
	at com.kms.katalon.core.webui.keyword.internal.WebUIKeywordMain.runKeyword(WebUIKeywordMain.groovy:20)
	... 19 more


2023-10-05 14:59:37 - [TEST_STEP][PASSED] - data = callTestCase(findTestCase("T13 Pembelian, Shipment dan Pembayaran/PBY-001"), [:], STOP_ON_FAILURE): Call Test Case 'Test Cases/T13 Pembelian, Shipment dan Pembayaran/PBY-001' successfully

2023-10-05 14:59:37 - [TEST_CASE][PASSED] - Test Cases/T13 Pembelian, Shipment dan Pembayaran/PBY-001: Test Cases/T13 Pembelian, Shipment dan Pembayaran/PBY-001

2023-10-05 14:59:37 - [TEST_STEP][PASSED] - data = callTestCase(findTestCase("T13 Pembelian, Shipment dan Pembayaran/PBL-004"), ["Kurir":"Roda 2"], STOP_ON_FAILURE): Call Test Case 'Test Cases/T13 Pembelian, Shipment dan Pembayaran/PBL-004' successfully

2023-10-05 14:59:37 - [TEST_CASE][PASSED] - Test Cases/T13 Pembelian, Shipment dan Pembayaran/PBL-004: Test Cases/T13 Pembelian, Shipment dan Pembayaran/PBL-004

2023-10-05 14:59:37 - [TEST_STEP][PASSED] - data = callTestCase(findTestCase("T13 Pembelian, Shipment dan Pembayaran/PBL-002"), [:], STOP_ON_FAILURE): Call Test Case 'Test Cases/T13 Pembelian, Shipment dan Pembayaran/PBL-002' successfully

2023-10-05 14:59:37 - [TEST_CASE][PASSED] - Test Cases/T13 Pembelian, Shipment dan Pembayaran/PBL-002: Test Cases/T13 Pembelian, Shipment dan Pembayaran/PBL-002

2023-10-05 14:59:37 - [TEST_STEP][PASSED] - data = callTestCase(findTestCase("T13 Pembelian, Shipment dan Pembayaran/PBL-001"), [:], STOP_ON_FAILURE): Call Test Case 'Test Cases/T13 Pembelian, Shipment dan Pembayaran/PBL-001' successfully

2023-10-05 14:59:37 - [TEST_CASE][PASSED] - Test Cases/T13 Pembelian, Shipment dan Pembayaran/PBL-001: Test Cases/T13 Pembelian, Shipment dan Pembayaran/PBL-001

2023-10-05 14:59:37 - [TEST_STEP][PASSED] - callTestCase(findTestCase("T13 Pembelian, Shipment dan Pembayaran/LU-001"), ["username":"irfanafandi", "password":"12345irfan"], STOP_ON_FAILURE): Call Test Case 'Test Cases/T13 Pembelian, Shipment dan Pembayaran/LU-001' successfully

2023-10-05 14:59:37 - [TEST_CASE][PASSED] - Test Cases/T13 Pembelian, Shipment dan Pembayaran/LU-001: Test Cases/T13 Pembelian, Shipment dan Pembayaran/LU-001

2023-10-05 14:59:37 - [TEST_STEP][PASSED] - openBrowser("https://10.9.2.63/ecommerce/"): Browser is opened with url: 'https://10.9.2.63/ecommerce/'

2023-10-05 14:59:37 - [MESSAGE][WARNING] - A browser is already opened. Closing browser and opening a new one

2023-10-05 14:59:38 - [MESSAGE][INFO] - Starting 'Edge Chromium' driver

2023-10-05 14:59:38 - [MESSAGE][INFO] - User set preference: ['acceptInsecureCerts', 'true']

2023-10-05 14:59:40 - [MESSAGE][INFO] - Action delay is set to 0 milliseconds

2023-10-05 14:59:44 - [MESSAGE][PASSED] - Browser is opened with url: 'https://10.9.2.63/ecommerce/'

2023-10-05 14:59:44 - [TEST_STEP][PASSED] - maximizeWindow(): Current window maximized

2023-10-05 14:59:44 - [MESSAGE][PASSED] - Current window maximized

2023-10-05 14:59:44 - [TEST_STEP][PASSED] - verifyElementPresent(findTestObject("Login/Home"), 0): Object 'Object Repository/Login/Home' is present

2023-10-05 14:59:44 - [MESSAGE][WARNING] - Timeout '0' is invalid. Using default page load timeout: '30'

2023-10-05 14:59:45 - [MESSAGE][PASSED] - Object 'Object Repository/Login/Home' is present

2023-10-05 14:59:45 - [TEST_STEP][PASSED] - click(findTestObject("Login/a_Login")): Object: 'Object Repository/Login/a_Login' is clicked on

2023-10-05 14:59:45 - [MESSAGE][PASSED] - Object: 'Object Repository/Login/a_Login' is clicked on

2023-10-05 14:59:45 - [TEST_STEP][PASSED] - verifyElementPresent(findTestObject("Login/Tittle Login"), 0): Object 'Object Repository/Login/Tittle Login' is present

2023-10-05 14:59:45 - [MESSAGE][WARNING] - Timeout '0' is invalid. Using default page load timeout: '30'

2023-10-05 14:59:46 - [MESSAGE][PASSED] - Object 'Object Repository/Login/Tittle Login' is present

2023-10-05 14:59:46 - [TEST_STEP][PASSED] - setText(findTestObject("Login/input_Username, Email atau No. Handphone_a"), username): Text 'irfanafandi' is set on object 'Object Repository/Login/input_Username, Email atau No. Handphone_a'

2023-10-05 14:59:47 - [MESSAGE][PASSED] - Text 'irfanafandi' is set on object 'Object Repository/Login/input_Username, Email atau No. Handphone_a'

2023-10-05 14:59:47 - [TEST_STEP][PASSED] - setText(findTestObject("Login/input_Password_b"), password): Text '12345irfan' is set on object 'Object Repository/Login/input_Password_b'

2023-10-05 14:59:48 - [MESSAGE][PASSED] - Text '12345irfan' is set on object 'Object Repository/Login/input_Password_b'

2023-10-05 14:59:48 - [TEST_STEP][PASSED] - click(findTestObject("Login/label_Ingat saya")): Object: 'Object Repository/Login/label_Ingat saya' is clicked on

2023-10-05 14:59:48 - [MESSAGE][PASSED] - Object: 'Object Repository/Login/label_Ingat saya' is clicked on

2023-10-05 14:59:48 - [TEST_STEP][PASSED] - click(findTestObject("Login/button_Masuk")): Object: 'Object Repository/Login/button_Masuk' is clicked on

2023-10-05 14:59:50 - [MESSAGE][PASSED] - Object: 'Object Repository/Login/button_Masuk' is clicked on

2023-10-05 14:59:50 - [TEST_STEP][PASSED] - verifyElementPresent(findTestObject("Login/li_Profile"), 0): Object 'Object Repository/Login/li_Profile' is present

2023-10-05 14:59:50 - [MESSAGE][WARNING] - Timeout '0' is invalid. Using default page load timeout: '30'

2023-10-05 14:59:50 - [MESSAGE][PASSED] - Object 'Object Repository/Login/li_Profile' is present

2023-10-05 14:59:50 - [MESSAGE][PASSED] - Call Test Case 'Test Cases/T13 Pembelian, Shipment dan Pembayaran/LU-001' successfully

2023-10-05 14:59:50 - [TEST_STEP][PASSED] - mouseOver(findTestObject("beli barang/i_Mulai Belanja_icon-menu")): Object: 'Object Repository/beli barang/i_Mulai Belanja_icon-menu' is hovered

2023-10-05 14:59:51 - [MESSAGE][PASSED] - Object: 'Object Repository/beli barang/i_Mulai Belanja_icon-menu' is hovered

2023-10-05 14:59:51 - [TEST_STEP][PASSED] - click(findTestObject("beli barang/a_Fashion  Busana Wanita")): Object: 'Object Repository/beli barang/a_Fashion  Busana Wanita' is clicked on

2023-10-05 14:59:52 - [MESSAGE][PASSED] - Object: 'Object Repository/beli barang/a_Fashion  Busana Wanita' is clicked on

2023-10-05 14:59:52 - [TEST_STEP][PASSED] - NamaSebelum = getText(findTestObject("verifikasi/Nama sebelum")): Text of object 'Object Repository/verifikasi/Nama sebelum' is: ''

2023-10-05 14:59:53 - [MESSAGE][PASSED] - Text of object 'Object Repository/verifikasi/Nama sebelum' is: ''

2023-10-05 14:59:53 - [TEST_STEP][PASSED] - HargaSebelum = getText(findTestObject("verifikasi/Harga sebelum")): Text of object 'Object Repository/verifikasi/Harga sebelum' is: 'Rp 1,299'

2023-10-05 14:59:53 - [MESSAGE][PASSED] - Text of object 'Object Repository/verifikasi/Harga sebelum' is: 'Rp 1,299'

2023-10-05 14:59:53 - [TEST_STEP][PASSED] - mouseOver(findTestObject("beli barang/barang mouse over")): Object: 'Object Repository/beli barang/barang mouse over' is hovered

2023-10-05 14:59:54 - [MESSAGE][PASSED] - Object: 'Object Repository/beli barang/barang mouse over' is hovered

2023-10-05 14:59:54 - [TEST_STEP][PASSED] - click(findTestObject("beli barang/buttom add to cart")): Object: 'Object Repository/beli barang/buttom add to cart' is clicked on

2023-10-05 14:59:55 - [MESSAGE][PASSED] - Object: 'Object Repository/beli barang/buttom add to cart' is clicked on

2023-10-05 14:59:55 - [TEST_STEP][PASSED] - NamaSesudah = getText(findTestObject("verifikasi/Nama sesudah")): Text of object 'Object Repository/verifikasi/Nama sesudah' is: 'Segitiga Instan Madeira - MDB5.3 Sunset'

2023-10-05 14:59:56 - [MESSAGE][PASSED] - Text of object 'Object Repository/verifikasi/Nama sesudah' is: 'Segitiga Instan Madeira - MDB5.3 Sunset'

2023-10-05 14:59:56 - [TEST_STEP][PASSED] - HargaSesudah = getText(findTestObject("verifikasi/Harga sesudah")): Text of object 'Object Repository/verifikasi/Harga sesudah' is: 'Rp 1,299'

2023-10-05 14:59:56 - [MESSAGE][PASSED] - Text of object 'Object Repository/verifikasi/Harga sesudah' is: 'Rp 1,299'

2023-10-05 14:59:56 - [TEST_STEP][PASSED] - assert NamaSesudah.contains(NamaSebelum): null

2023-10-05 14:59:56 - [TEST_STEP][PASSED] - assert HargaSesudah.contains(HargaSebelum): null

2023-10-05 14:59:56 - [TEST_STEP][PASSED] - click(findTestObject("beli barang/Tambah Keranjang busana wanita")): Object: 'Object Repository/beli barang/Tambah Keranjang busana wanita' is clicked on

2023-10-05 14:59:57 - [MESSAGE][PASSED] - Object: 'Object Repository/beli barang/Tambah Keranjang busana wanita' is clicked on

2023-10-05 14:59:57 - [TEST_STEP][PASSED] - verifyElementPresent(findTestObject("checkout/Notifikasi keranjang"), 1): Object 'Object Repository/checkout/Notifikasi keranjang' is present

2023-10-05 14:59:57 - [MESSAGE][PASSED] - Object 'Object Repository/checkout/Notifikasi keranjang' is present

2023-10-05 14:59:57 - [TEST_STEP][PASSED] - data = new java.util.HashMap(): null

2023-10-05 14:59:57 - [TEST_STEP][PASSED] - data.put("nama_barang", NamaSesudah): null

2023-10-05 14:59:57 - [TEST_STEP][PASSED] - data.put("price_barang", HargaSesudah): null

2023-10-05 14:59:57 - [TEST_STEP][PASSED] - return data: null

2023-10-05 14:59:57 - [MESSAGE][PASSED] - Call Test Case 'Test Cases/T13 Pembelian, Shipment dan Pembayaran/PBL-001' successfully

2023-10-05 14:59:57 - [TEST_STEP][PASSED] - mouseOver(findTestObject("beli barang/keranjang")): Object: 'Object Repository/beli barang/keranjang' is hovered

2023-10-05 14:59:58 - [MESSAGE][PASSED] - Object: 'Object Repository/beli barang/keranjang' is hovered

2023-10-05 14:59:58 - [TEST_STEP][PASSED] - click(findTestObject("beli barang/Lihat Sekarang")): Object: 'Object Repository/beli barang/Lihat Sekarang' is clicked on

2023-10-05 14:59:59 - [MESSAGE][PASSED] - Object: 'Object Repository/beli barang/Lihat Sekarang' is clicked on

2023-10-05 14:59:59 - [TEST_STEP][PASSED] - verifyElementPresent(findTestObject("keranjang/li_Keranjang Belanja"), 0): Object 'Object Repository/keranjang/li_Keranjang Belanja' is present

2023-10-05 14:59:59 - [MESSAGE][WARNING] - Timeout '0' is invalid. Using default page load timeout: '30'

2023-10-05 15:00:00 - [MESSAGE][PASSED] - Object 'Object Repository/keranjang/li_Keranjang Belanja' is present

2023-10-05 15:00:00 - [TEST_STEP][PASSED] - NamaKeranjang = getText(findTestObject("verifikasi/Nama keranjang")): Text of object 'Object Repository/verifikasi/Nama keranjang' is: 'Segitiga Instan Madeira - MDB5.3 Sunset'

2023-10-05 15:00:01 - [MESSAGE][PASSED] - Text of object 'Object Repository/verifikasi/Nama keranjang' is: 'Segitiga Instan Madeira - MDB5.3 Sunset'

2023-10-05 15:00:01 - [TEST_STEP][PASSED] - HargaKeranjang = getText(findTestObject("verifikasi/Harga Keranjang")): Text of object 'Object Repository/verifikasi/Harga Keranjang' is: 'Rp 1,299'

2023-10-05 15:00:01 - [MESSAGE][PASSED] - Text of object 'Object Repository/verifikasi/Harga Keranjang' is: 'Rp 1,299'

2023-10-05 15:00:01 - [TEST_STEP][PASSED] - if (toString().equalsIgnoreCase("Merah")): Object 'Object Repository/keranjang/input_Warna_variasi101' is checked

2023-10-05 15:00:01 - [TEST_STEP][PASSED] - check(findTestObject("Object Repository/keranjang/input_Warna_variasi101")): Object 'Object Repository/keranjang/input_Warna_variasi101' is checked

2023-10-05 15:00:01 - [MESSAGE][PASSED] - Object 'Object Repository/keranjang/input_Warna_variasi101' is checked

2023-10-05 15:00:01 - [TEST_STEP][PASSED] - if (toString().equalsIgnoreCase("Menengah")): Object 'Object Repository/keranjang/input_Ukuran_variasi201' is checked

2023-10-05 15:00:01 - [TEST_STEP][PASSED] - check(findTestObject("Object Repository/keranjang/input_Ukuran_variasi201")): Object 'Object Repository/keranjang/input_Ukuran_variasi201' is checked

2023-10-05 15:00:02 - [MESSAGE][PASSED] - Object 'Object Repository/keranjang/input_Ukuran_variasi201' is checked

2023-10-05 15:00:02 - [TEST_STEP][PASSED] - data.put("Warna", warna): null

2023-10-05 15:00:02 - [TEST_STEP][PASSED] - data.put("Ukuran", ukuran): null

2023-10-05 15:00:02 - [TEST_STEP][PASSED] - click(findTestObject("keranjang/button_Lanjut ke Pembayaran")): Object: 'Object Repository/keranjang/button_Lanjut ke Pembayaran' is clicked on

2023-10-05 15:00:03 - [MESSAGE][PASSED] - Object: 'Object Repository/keranjang/button_Lanjut ke Pembayaran' is clicked on

2023-10-05 15:00:03 - [TEST_STEP][PASSED] - verifyElementPresent(findTestObject("checkout/Tittle Checkout Order"), 0): Object 'Object Repository/checkout/Tittle Checkout Order' is present

2023-10-05 15:00:03 - [MESSAGE][WARNING] - Timeout '0' is invalid. Using default page load timeout: '30'

2023-10-05 15:00:04 - [MESSAGE][PASSED] - Object 'Object Repository/checkout/Tittle Checkout Order' is present

2023-10-05 15:00:04 - [TEST_STEP][PASSED] - name_product = data.get("nama_barang"): null

2023-10-05 15:00:04 - [TEST_STEP][PASSED] - price_product = data.get("price_barang"): null

2023-10-05 15:00:04 - [TEST_STEP][PASSED] - assert name_product == NamaKeranjang: null

2023-10-05 15:00:04 - [TEST_STEP][PASSED] - assert price_product == HargaKeranjang: null

2023-10-05 15:00:04 - [TEST_STEP][PASSED] - return data: null

2023-10-05 15:00:04 - [MESSAGE][PASSED] - Call Test Case 'Test Cases/T13 Pembelian, Shipment dan Pembayaran/PBL-002' successfully

2023-10-05 15:00:04 - [TEST_STEP][PASSED] - warnaa = getText(findTestObject("verifikasi/warna Merah")): Text of object 'Object Repository/verifikasi/warna Merah' is: 'Merah'

2023-10-05 15:00:04 - [MESSAGE][PASSED] - Text of object 'Object Repository/verifikasi/warna Merah' is: 'Merah'

2023-10-05 15:00:04 - [TEST_STEP][PASSED] - ukurann = getText(findTestObject("verifikasi/Ukuran Menengah")): Text of object 'Object Repository/verifikasi/Ukuran Menengah' is: 'Menengah'

2023-10-05 15:00:05 - [MESSAGE][PASSED] - Text of object 'Object Repository/verifikasi/Ukuran Menengah' is: 'Menengah'

2023-10-05 15:00:05 - [TEST_STEP][PASSED] - warna1 = data.get("Warna"): null

2023-10-05 15:00:05 - [TEST_STEP][PASSED] - ukuran1 = data.get("Ukuran"): null

2023-10-05 15:00:05 - [TEST_STEP][PASSED] - assert warnaa == warna1: null

2023-10-05 15:00:05 - [TEST_STEP][PASSED] - assert ukurann == ukuran1: null

2023-10-05 15:00:05 - [TEST_STEP][PASSED] - NamaCheckout = getText(findTestObject("verifikasi/NamaCheckout")): Text of object 'Object Repository/verifikasi/NamaCheckout' is: ''

2023-10-05 15:00:05 - [MESSAGE][PASSED] - Text of object 'Object Repository/verifikasi/NamaCheckout' is: ''

2023-10-05 15:00:05 - [TEST_STEP][PASSED] - HargaCheckout = getText(findTestObject("verifikasi/HargaCheckout")): Text of object 'Object Repository/verifikasi/HargaCheckout' is: '1,299'

2023-10-05 15:00:06 - [MESSAGE][PASSED] - Text of object 'Object Repository/verifikasi/HargaCheckout' is: '1,299'

2023-10-05 15:00:06 - [TEST_STEP][PASSED] - name_product = data.get("nama_barang"): null

2023-10-05 15:00:06 - [TEST_STEP][PASSED] - price_product = data.get("price_barang"): null

2023-10-05 15:00:06 - [TEST_STEP][PASSED] - assert name_product.contains(NamaCheckout): null

2023-10-05 15:00:06 - [TEST_STEP][PASSED] - assert price_product.contains(HargaCheckout): null

2023-10-05 15:00:06 - [TEST_STEP][PASSED] - selectOptionByLabel(findTestObject("checkout/select - Kirim via Kurir Lokal"), Kurir, false): All options with label 'Roda 2' are selected in object 'Object Repository/checkout/select - Kirim via Kurir Lokal' 

2023-10-05 15:00:06 - [MESSAGE][PASSED] - All options with label 'Roda 2' are selected in object 'Object Repository/checkout/select - Kirim via Kurir Lokal' 

2023-10-05 15:00:06 - [TEST_STEP][PASSED] - click(findTestObject("checkout/Kendaraan Kurir")): Object: 'Object Repository/checkout/Kendaraan Kurir' is clicked on

2023-10-05 15:00:07 - [MESSAGE][PASSED] - Object: 'Object Repository/checkout/Kendaraan Kurir' is clicked on

2023-10-05 15:00:07 - [TEST_STEP][PASSED] - OngkosKirim = getText(findTestObject("Object Repository/verifikasi/Ongkos Kirim checkout")): Text of object 'Object Repository/verifikasi/Ongkos Kirim checkout' is: 'Rp. 5,000'

2023-10-05 15:00:08 - [MESSAGE][PASSED] - Text of object 'Object Repository/verifikasi/Ongkos Kirim checkout' is: 'Rp. 5,000'

2023-10-05 15:00:08 - [TEST_STEP][PASSED] - Ongkos = OngkosKirim.substring(3, OngkosKirim.size()): null

2023-10-05 15:00:08 - [TEST_STEP][PASSED] - rep = Ongkos.replace(",", "."): null

2023-10-05 15:00:08 - [TEST_STEP][PASSED] - Ongkos_kirim = Double.parseDouble(rep): null

2023-10-05 15:00:08 - [TEST_STEP][PASSED] - println(Ongkos_kirim): null

2023-10-05 15:00:08 - [TEST_STEP][PASSED] - FeeAdmin = getText(findTestObject("verifikasi/Fee Admin checkout")): Text of object 'Object Repository/verifikasi/Fee Admin checkout' is: 'Fee Admin
Rp 1,500'

2023-10-05 15:00:08 - [MESSAGE][PASSED] - Text of object 'Object Repository/verifikasi/Fee Admin checkout' is: 'Fee Admin
Rp 1,500'

2023-10-05 15:00:08 - [TEST_STEP][PASSED] - Fee_Admin = FeeAdmin.substring(12, FeeAdmin.size()): null

2023-10-05 15:00:08 - [TEST_STEP][PASSED] - fee = Fee_Admin.replace(",", "."): null

2023-10-05 15:00:08 - [TEST_STEP][PASSED] - fee_admin = Double.parseDouble(fee): null

2023-10-05 15:00:08 - [TEST_STEP][PASSED] - println(fee_admin): null

2023-10-05 15:00:08 - [TEST_STEP][PASSED] - Subtotal = getText(findTestObject("verifikasi/subtotal checkout")): Text of object 'Object Repository/verifikasi/subtotal checkout' is: 'Subtotal
Rp 1,299'

2023-10-05 15:00:09 - [MESSAGE][PASSED] - Text of object 'Object Repository/verifikasi/subtotal checkout' is: 'Subtotal
Rp 1,299'

2023-10-05 15:00:09 - [TEST_STEP][PASSED] - sub_total = Subtotal.substring(12, Subtotal.size()): null

2023-10-05 15:00:09 - [TEST_STEP][PASSED] - sub = sub_total.replace(",", "."): null

2023-10-05 15:00:09 - [TEST_STEP][PASSED] - sub_total = Double.parseDouble(sub): null

2023-10-05 15:00:09 - [TEST_STEP][PASSED] - println(sub_total): null

2023-10-05 15:00:09 - [TEST_STEP][PASSED] - Total = getText(findTestObject("verifikasi/Total checkout")): Text of object 'Object Repository/verifikasi/Total checkout' is: 'Rp 7,799'

2023-10-05 15:00:09 - [MESSAGE][PASSED] - Text of object 'Object Repository/verifikasi/Total checkout' is: 'Rp 7,799'

2023-10-05 15:00:09 - [TEST_STEP][PASSED] - totall = Total.substring(3, Total.size()): null

2023-10-05 15:00:09 - [TEST_STEP][PASSED] - total = totall.replace(",", "."): null

2023-10-05 15:00:09 - [TEST_STEP][PASSED] - totall = Double.parseDouble(total): null

2023-10-05 15:00:09 - [TEST_STEP][PASSED] - println(totall): null

2023-10-05 15:00:09 - [TEST_STEP][PASSED] - Total_Harga = Ongkos_kirim + fee_admin + sub_total: null

2023-10-05 15:00:09 - [TEST_STEP][PASSED] - println(Total_Harga): null

2023-10-05 15:00:09 - [TEST_STEP][PASSED] - TotalHarga = Math.round(Total_Harga * 1000) / 1000: null

2023-10-05 15:00:09 - [TEST_STEP][PASSED] - println(TotalHarga): null

2023-10-05 15:00:09 - [TEST_STEP][PASSED] - assert totall == TotalHarga: null

2023-10-05 15:00:09 - [TEST_STEP][PASSED] - click(findTestObject("verifikasi/Metode Transfer")): Object: 'Object Repository/verifikasi/Metode Transfer' is clicked on

2023-10-05 15:00:10 - [MESSAGE][PASSED] - Object: 'Object Repository/verifikasi/Metode Transfer' is clicked on

2023-10-05 15:00:10 - [TEST_STEP][PASSED] - click(findTestObject("checkout/button_Proses Pembayaran")): Object: 'Object Repository/checkout/button_Proses Pembayaran' is clicked on

2023-10-05 15:00:19 - [MESSAGE][PASSED] - Object: 'Object Repository/checkout/button_Proses Pembayaran' is clicked on

2023-10-05 15:00:19 - [TEST_STEP][PASSED] - verifyElementPresent(findTestObject("pembayaran/Tittle nomor invoice"), 0): Object 'Object Repository/pembayaran/Tittle nomor invoice' is present

2023-10-05 15:00:19 - [MESSAGE][WARNING] - Timeout '0' is invalid. Using default page load timeout: '30'

2023-10-05 15:00:20 - [MESSAGE][PASSED] - Object 'Object Repository/pembayaran/Tittle nomor invoice' is present

2023-10-05 15:00:20 - [TEST_STEP][PASSED] - return data: null

2023-10-05 15:00:20 - [MESSAGE][PASSED] - Call Test Case 'Test Cases/T13 Pembelian, Shipment dan Pembayaran/PBL-004' successfully

2023-10-05 15:00:20 - [TEST_STEP][PASSED] - Invoice = getText(findTestObject("pembayaran/nomor invoice")): Text of object 'Object Repository/pembayaran/nomor invoice' is: 'TRX60.20231005150014'

2023-10-05 15:00:21 - [MESSAGE][PASSED] - Text of object 'Object Repository/pembayaran/nomor invoice' is: 'TRX60.20231005150014'

2023-10-05 15:00:21 - [TEST_STEP][PASSED] - data.put("invoice", Invoice): null

2023-10-05 15:00:21 - [TEST_STEP][PASSED] - NamaPemesan = getText(findTestObject("Konfirmasi pesanan shop/Nama pemesan")): Text of object 'Object Repository/Konfirmasi pesanan shop/Nama pemesan' is: 'irfan.afandi'

2023-10-05 15:00:21 - [MESSAGE][PASSED] - Text of object 'Object Repository/Konfirmasi pesanan shop/Nama pemesan' is: 'irfan.afandi'

2023-10-05 15:00:21 - [TEST_STEP][PASSED] - Nama = getText(findTestObject("pembayaran/Nama barang")): Text of object 'Object Repository/pembayaran/Nama barang' is: 'Segitiga Instan Madeira - MDB5.3 Sunset'

2023-10-05 15:00:22 - [MESSAGE][PASSED] - Text of object 'Object Repository/pembayaran/Nama barang' is: 'Segitiga Instan Madeira - MDB5.3 Sunset'

2023-10-05 15:00:22 - [TEST_STEP][PASSED] - Harga = getText(findTestObject("pembayaran/Harga barang")): Text of object 'Object Repository/pembayaran/Harga barang' is: '1,299'

2023-10-05 15:00:22 - [MESSAGE][PASSED] - Text of object 'Object Repository/pembayaran/Harga barang' is: '1,299'

2023-10-05 15:00:22 - [TEST_STEP][PASSED] - name_product = data.get("nama_barang"): null

2023-10-05 15:00:22 - [TEST_STEP][PASSED] - price_product = data.get("price_barang"): null

2023-10-05 15:00:22 - [TEST_STEP][PASSED] - assert name_product.contains(Nama): null

2023-10-05 15:00:22 - [TEST_STEP][PASSED] - assert price_product.contains(Harga): null

2023-10-05 15:00:22 - [TEST_STEP][PASSED] - warnaa = getText(findTestObject("pembayaran/warna")): Text of object 'Object Repository/pembayaran/warna' is: 'Merah'

2023-10-05 15:00:23 - [MESSAGE][PASSED] - Text of object 'Object Repository/pembayaran/warna' is: 'Merah'

2023-10-05 15:00:23 - [TEST_STEP][PASSED] - ukurann = getText(findTestObject("pembayaran/ukuran")): Text of object 'Object Repository/pembayaran/ukuran' is: 'Menengah'

2023-10-05 15:00:23 - [MESSAGE][PASSED] - Text of object 'Object Repository/pembayaran/ukuran' is: 'Menengah'

2023-10-05 15:00:23 - [TEST_STEP][PASSED] - warna1 = data.get("Warna"): null

2023-10-05 15:00:23 - [TEST_STEP][PASSED] - ukuran1 = data.get("Ukuran"): null

2023-10-05 15:00:23 - [TEST_STEP][PASSED] - assert warnaa == warna1: null

2023-10-05 15:00:23 - [TEST_STEP][PASSED] - assert ukurann == ukuran1: null

2023-10-05 15:00:23 - [TEST_STEP][PASSED] - statusPembelian = getText(findTestObject("verifikasi/Status pending di pembelian")): Text of object 'Object Repository/verifikasi/Status pending di pembelian' is: 'Pending'

2023-10-05 15:00:24 - [MESSAGE][PASSED] - Text of object 'Object Repository/verifikasi/Status pending di pembelian' is: 'Pending'

2023-10-05 15:00:24 - [TEST_STEP][PASSED] - data.put("statusPem", statusPembelian): null

2023-10-05 15:00:24 - [TEST_STEP][PASSED] - OngkosKirim = getText(findTestObject("pembayaran/ongkos kirim")): Text of object 'Object Repository/pembayaran/ongkos kirim' is: 'Rp 5,000'

2023-10-05 15:00:24 - [MESSAGE][PASSED] - Text of object 'Object Repository/pembayaran/ongkos kirim' is: 'Rp 5,000'

2023-10-05 15:00:24 - [TEST_STEP][PASSED] - Ongkos = OngkosKirim.substring(3, OngkosKirim.size()): null

2023-10-05 15:00:24 - [TEST_STEP][PASSED] - rep = Ongkos.replace(",", ""): null

2023-10-05 15:00:24 - [TEST_STEP][PASSED] - Ongkos_kirimm = Integer.parseInt(rep): null

2023-10-05 15:00:24 - [TEST_STEP][PASSED] - println(Ongkos_kirimm): null

2023-10-05 15:00:24 - [TEST_STEP][PASSED] - FeeAdmin = getText(findTestObject("pembayaran/fee admin")): Text of object 'Object Repository/pembayaran/fee admin' is: 'Rp 1,500'

2023-10-05 15:00:25 - [MESSAGE][PASSED] - Text of object 'Object Repository/pembayaran/fee admin' is: 'Rp 1,500'

2023-10-05 15:00:25 - [TEST_STEP][PASSED] - Fee_Admin = FeeAdmin.substring(3, FeeAdmin.size()): null

2023-10-05 15:00:25 - [TEST_STEP][PASSED] - fee = Fee_Admin.replace(",", ""): null

2023-10-05 15:00:25 - [TEST_STEP][PASSED] - fee_adminn = Integer.parseInt(fee): null

2023-10-05 15:00:25 - [TEST_STEP][PASSED] - println(fee_adminn): null

2023-10-05 15:00:25 - [TEST_STEP][PASSED] - Subtotal = getText(findTestObject("pembayaran/subtotal")): Text of object 'Object Repository/pembayaran/subtotal' is: 'Rp 1,299'

2023-10-05 15:00:25 - [MESSAGE][PASSED] - Text of object 'Object Repository/pembayaran/subtotal' is: 'Rp 1,299'

2023-10-05 15:00:25 - [TEST_STEP][PASSED] - sub_total = Subtotal.substring(3, Subtotal.size()): null

2023-10-05 15:00:25 - [TEST_STEP][PASSED] - sub = sub_total.replace(",", ""): null

2023-10-05 15:00:25 - [TEST_STEP][PASSED] - sub_totall = Integer.parseInt(sub): null

2023-10-05 15:00:25 - [TEST_STEP][PASSED] - println(sub_totall): null

2023-10-05 15:00:25 - [TEST_STEP][PASSED] - unik = getText(findTestObject("pembayaran/kode unik")): Text of object 'Object Repository/pembayaran/kode unik' is: '+014'

2023-10-05 15:00:26 - [MESSAGE][PASSED] - Text of object 'Object Repository/pembayaran/kode unik' is: '+014'

2023-10-05 15:00:26 - [TEST_STEP][PASSED] - unikk = unik.replace("+", ""): null

2023-10-05 15:00:26 - [TEST_STEP][PASSED] - kode_unik = Integer.parseInt(unikk): null

2023-10-05 15:00:26 - [TEST_STEP][PASSED] - println(kode_unik): null

2023-10-05 15:00:26 - [TEST_STEP][PASSED] - Total = getText(findTestObject("pembayaran/total")): Text of object 'Object Repository/pembayaran/total' is: '7,813'

2023-10-05 15:00:26 - [MESSAGE][PASSED] - Text of object 'Object Repository/pembayaran/total' is: '7,813'

2023-10-05 15:00:26 - [TEST_STEP][PASSED] - total = Total.replace(",", ""): null

2023-10-05 15:00:26 - [TEST_STEP][PASSED] - totalll = Integer.parseInt(total): null

2023-10-05 15:00:26 - [TEST_STEP][PASSED] - println(totalll): null

2023-10-05 15:00:26 - [TEST_STEP][PASSED] - Total_Hargaa = Ongkos_kirimm + fee_adminn + sub_totall + kode_unik: null

2023-10-05 15:00:26 - [TEST_STEP][PASSED] - println(Total_Hargaa): null

2023-10-05 15:00:26 - [TEST_STEP][PASSED] - assert totalll == Total_Hargaa: null

2023-10-05 15:00:26 - [TEST_STEP][PASSED] - data.put("total", Total): null

2023-10-05 15:00:26 - [TEST_STEP][PASSED] - data.put("nama", NamaPemesan): null

2023-10-05 15:00:26 - [TEST_STEP][PASSED] - return data: null

2023-10-05 15:00:26 - [MESSAGE][PASSED] - Call Test Case 'Test Cases/T13 Pembelian, Shipment dan Pembayaran/PBY-001' successfully

2023-10-05 15:00:26 - [TEST_STEP][PASSED] - inv = data.get("invoice"): null

2023-10-05 15:00:26 - [TEST_STEP][PASSED] - Total = data.get("total"): null

2023-10-05 15:00:26 - [TEST_STEP][PASSED] - NamaPemesan = data.get("nama"): null

2023-10-05 15:00:26 - [TEST_STEP][PASSED] - click(findTestObject("Konfirmasi pesanan shop/Menu Shop")): Object: 'Object Repository/Konfirmasi pesanan shop/Menu Shop' is clicked on

2023-10-05 15:00:28 - [MESSAGE][PASSED] - Object: 'Object Repository/Konfirmasi pesanan shop/Menu Shop' is clicked on

2023-10-05 15:00:28 - [TEST_STEP][PASSED] - click(findTestObject("Konfirmasi pesanan shop/Menu Shop")): Object: 'Object Repository/Konfirmasi pesanan shop/Menu Shop' is clicked on

2023-10-05 15:00:29 - [MESSAGE][PASSED] - Object: 'Object Repository/Konfirmasi pesanan shop/Menu Shop' is clicked on

2023-10-05 15:00:29 - [TEST_STEP][PASSED] - click(findTestObject("Konfirmasi pesanan shop/Konfirmasi Orders")): Object: 'Object Repository/Konfirmasi pesanan shop/Konfirmasi Orders' is clicked on

2023-10-05 15:00:30 - [MESSAGE][PASSED] - Object: 'Object Repository/Konfirmasi pesanan shop/Konfirmasi Orders' is clicked on

2023-10-05 15:00:30 - [TEST_STEP][PASSED] - verifyElementPresent(findTestObject("Konfirmasi pesanan shop/Tittle Konfirmasi Pesanan"), 0): Object 'Object Repository/Konfirmasi pesanan shop/Tittle Konfirmasi Pesanan' is present

2023-10-05 15:00:30 - [MESSAGE][WARNING] - Timeout '0' is invalid. Using default page load timeout: '30'

2023-10-05 15:00:31 - [MESSAGE][PASSED] - Object 'Object Repository/Konfirmasi pesanan shop/Tittle Konfirmasi Pesanan' is present

2023-10-05 15:00:31 - [TEST_STEP][PASSED] - setText(findTestObject("Konfirmasi pesanan shop/input_No Pesanan"), inv): Text 'TRX60.20231005150014' is set on object 'Object Repository/Konfirmasi pesanan shop/input_No Pesanan'

2023-10-05 15:00:31 - [MESSAGE][PASSED] - Text 'TRX60.20231005150014' is set on object 'Object Repository/Konfirmasi pesanan shop/input_No Pesanan'

2023-10-05 15:00:31 - [TEST_STEP][PASSED] - setText(findTestObject("Konfirmasi pesanan shop/input_Alamat E-mai"), "irfan"): Text 'irfan' is set on object 'Object Repository/Konfirmasi pesanan shop/input_Alamat E-mai'

2023-10-05 15:00:32 - [MESSAGE][PASSED] - Text 'irfan' is set on object 'Object Repository/Konfirmasi pesanan shop/input_Alamat E-mai'

2023-10-05 15:00:32 - [TEST_STEP][PASSED] - click(findTestObject("Konfirmasi pesanan shop/button_Submit")): Object: 'Object Repository/Konfirmasi pesanan shop/button_Submit' is clicked on

2023-10-05 15:00:33 - [MESSAGE][PASSED] - Object: 'Object Repository/Konfirmasi pesanan shop/button_Submit' is clicked on

2023-10-05 15:00:33 - [TEST_STEP][FAILED] - verifyTextPresent("email not valid.", false): Unable to verify text 'email not valid.' is present  (Root cause: com.kms.katalon.core.exception.StepFailedException: Unable to verify text 'email not valid.' is present 
	at com.kms.katalon.core.webui.keyword.internal.WebUIKeywordMain.stepFailed(WebUIKeywordMain.groovy:64)
	at com.kms.katalon.core.webui.keyword.internal.WebUIKeywordMain.runKeyword(WebUIKeywordMain.groovy:26)
	at com.kms.katalon.core.webui.keyword.builtin.VerifyTextPresentKeyword.verifyTextPresent(VerifyTextPresentKeyword.groovy:83)
	at com.kms.katalon.core.webui.keyword.builtin.VerifyTextPresentKeyword.execute(VerifyTextPresentKeyword.groovy:68)
	at com.kms.katalon.core.keyword.internal.KeywordExecutor.executeKeywordForPlatform(KeywordExecutor.groovy:74)
	at com.kms.katalon.core.webui.keyword.WebUiBuiltInKeywords.verifyTextPresent(WebUiBuiltInKeywords.groovy:1723)
	at com.kms.katalon.core.webui.keyword.WebUiBuiltInKeywords$verifyTextPresent$7.call(Unknown Source)
	at PBY-013.run(PBY-013:42)
	at com.kms.katalon.core.main.ScriptEngine.run(ScriptEngine.java:194)
	at com.kms.katalon.core.main.ScriptEngine.runScriptAsRawText(ScriptEngine.java:119)
	at com.kms.katalon.core.main.TestCaseExecutor.runScript(TestCaseExecutor.java:448)
	at com.kms.katalon.core.main.TestCaseExecutor.doExecute(TestCaseExecutor.java:439)
	at com.kms.katalon.core.main.TestCaseExecutor.processExecutionPhase(TestCaseExecutor.java:418)
	at com.kms.katalon.core.main.TestCaseExecutor.accessMainPhase(TestCaseExecutor.java:410)
	at com.kms.katalon.core.main.TestCaseExecutor.execute(TestCaseExecutor.java:285)
	at com.kms.katalon.core.common.CommonExecutor.accessTestCaseMainPhase(CommonExecutor.java:65)
	at com.kms.katalon.core.main.TestSuiteExecutor.accessTestSuiteMainPhase(TestSuiteExecutor.java:148)
	at com.kms.katalon.core.main.TestSuiteExecutor.execute(TestSuiteExecutor.java:106)
	at com.kms.katalon.core.main.TestCaseMain.startTestSuite(TestCaseMain.java:187)
	at com.kms.katalon.core.main.TestCaseMain$startTestSuite$0.call(Unknown Source)
	at TempTestSuite1696491677292.run(TempTestSuite1696491677292.groovy:36)
Caused by: com.kms.katalon.core.exception.StepFailedException: Text 'email not valid.' is not present on page 
	at com.kms.katalon.core.webui.keyword.internal.WebUIKeywordMain.stepFailed(WebUIKeywordMain.groovy:64)
	at com.kms.katalon.core.webui.keyword.builtin.VerifyTextPresentKeyword$_verifyTextPresent_closure1.doCall(VerifyTextPresentKeyword.groovy:79)
	at com.kms.katalon.core.webui.keyword.builtin.VerifyTextPresentKeyword$_verifyTextPresent_closure1.call(VerifyTextPresentKeyword.groovy)
	at com.kms.katalon.core.webui.keyword.internal.WebUIKeywordMain.runKeyword(WebUIKeywordMain.groovy:20)
	... 19 more
)

2023-10-05 15:00:34 - [MESSAGE][FAILED] - Text 'email not valid.' is not present on page  (Root cause: com.kms.katalon.core.exception.StepFailedException: Text 'email not valid.' is not present on page 
	at com.kms.katalon.core.webui.keyword.internal.WebUIKeywordMain.stepFailed(WebUIKeywordMain.groovy:64)
	at com.kms.katalon.core.webui.keyword.builtin.VerifyTextPresentKeyword$_verifyTextPresent_closure1.doCall(VerifyTextPresentKeyword.groovy:79)
	at com.kms.katalon.core.webui.keyword.builtin.VerifyTextPresentKeyword$_verifyTextPresent_closure1.call(VerifyTextPresentKeyword.groovy)
	at com.kms.katalon.core.webui.keyword.internal.WebUIKeywordMain.runKeyword(WebUIKeywordMain.groovy:20)
	at com.kms.katalon.core.webui.keyword.builtin.VerifyTextPresentKeyword.verifyTextPresent(VerifyTextPresentKeyword.groovy:83)
	at com.kms.katalon.core.webui.keyword.builtin.VerifyTextPresentKeyword.execute(VerifyTextPresentKeyword.groovy:68)
	at com.kms.katalon.core.keyword.internal.KeywordExecutor.executeKeywordForPlatform(KeywordExecutor.groovy:74)
	at com.kms.katalon.core.webui.keyword.WebUiBuiltInKeywords.verifyTextPresent(WebUiBuiltInKeywords.groovy:1723)
	at com.kms.katalon.core.webui.keyword.WebUiBuiltInKeywords$verifyTextPresent$7.call(Unknown Source)
	at PBY-013.run(PBY-013:42)
	at com.kms.katalon.core.main.ScriptEngine.run(ScriptEngine.java:194)
	at com.kms.katalon.core.main.ScriptEngine.runScriptAsRawText(ScriptEngine.java:119)
	at com.kms.katalon.core.main.TestCaseExecutor.runScript(TestCaseExecutor.java:448)
	at com.kms.katalon.core.main.TestCaseExecutor.doExecute(TestCaseExecutor.java:439)
	at com.kms.katalon.core.main.TestCaseExecutor.processExecutionPhase(TestCaseExecutor.java:418)
	at com.kms.katalon.core.main.TestCaseExecutor.accessMainPhase(TestCaseExecutor.java:410)
	at com.kms.katalon.core.main.TestCaseExecutor.execute(TestCaseExecutor.java:285)
	at com.kms.katalon.core.common.CommonExecutor.accessTestCaseMainPhase(CommonExecutor.java:65)
	at com.kms.katalon.core.main.TestSuiteExecutor.accessTestSuiteMainPhase(TestSuiteExecutor.java:148)
	at com.kms.katalon.core.main.TestSuiteExecutor.execute(TestSuiteExecutor.java:106)
	at com.kms.katalon.core.main.TestCaseMain.startTestSuite(TestCaseMain.java:187)
	at com.kms.katalon.core.main.TestCaseMain$startTestSuite$0.call(Unknown Source)
	at TempTestSuite1696491677292.run(TempTestSuite1696491677292.groovy:36)
)

2023-10-05 15:00:34 - [MESSAGE][FAILED] - Unable to verify text 'email not valid.' is present  (Root cause: com.kms.katalon.core.exception.StepFailedException: Unable to verify text 'email not valid.' is present 
	at com.kms.katalon.core.webui.keyword.internal.WebUIKeywordMain.stepFailed(WebUIKeywordMain.groovy:64)
	at com.kms.katalon.core.webui.keyword.internal.WebUIKeywordMain.runKeyword(WebUIKeywordMain.groovy:26)
	at com.kms.katalon.core.webui.keyword.builtin.VerifyTextPresentKeyword.verifyTextPresent(VerifyTextPresentKeyword.groovy:83)
	at com.kms.katalon.core.webui.keyword.builtin.VerifyTextPresentKeyword.execute(VerifyTextPresentKeyword.groovy:68)
	at com.kms.katalon.core.keyword.internal.KeywordExecutor.executeKeywordForPlatform(KeywordExecutor.groovy:74)
	at com.kms.katalon.core.webui.keyword.WebUiBuiltInKeywords.verifyTextPresent(WebUiBuiltInKeywords.groovy:1723)
	at com.kms.katalon.core.webui.keyword.WebUiBuiltInKeywords$verifyTextPresent$7.call(Unknown Source)
	at PBY-013.run(PBY-013:42)
	at com.kms.katalon.core.main.ScriptEngine.run(ScriptEngine.java:194)
	at com.kms.katalon.core.main.ScriptEngine.runScriptAsRawText(ScriptEngine.java:119)
	at com.kms.katalon.core.main.TestCaseExecutor.runScript(TestCaseExecutor.java:448)
	at com.kms.katalon.core.main.TestCaseExecutor.doExecute(TestCaseExecutor.java:439)
	at com.kms.katalon.core.main.TestCaseExecutor.processExecutionPhase(TestCaseExecutor.java:418)
	at com.kms.katalon.core.main.TestCaseExecutor.accessMainPhase(TestCaseExecutor.java:410)
	at com.kms.katalon.core.main.TestCaseExecutor.execute(TestCaseExecutor.java:285)
	at com.kms.katalon.core.common.CommonExecutor.accessTestCaseMainPhase(CommonExecutor.java:65)
	at com.kms.katalon.core.main.TestSuiteExecutor.accessTestSuiteMainPhase(TestSuiteExecutor.java:148)
	at com.kms.katalon.core.main.TestSuiteExecutor.execute(TestSuiteExecutor.java:106)
	at com.kms.katalon.core.main.TestCaseMain.startTestSuite(TestCaseMain.java:187)
	at com.kms.katalon.core.main.TestCaseMain$startTestSuite$0.call(Unknown Source)
	at TempTestSuite1696491677292.run(TempTestSuite1696491677292.groovy:36)
Caused by: com.kms.katalon.core.exception.StepFailedException: Text 'email not valid.' is not present on page 
	at com.kms.katalon.core.webui.keyword.internal.WebUIKeywordMain.stepFailed(WebUIKeywordMain.groovy:64)
	at com.kms.katalon.core.webui.keyword.builtin.VerifyTextPresentKeyword$_verifyTextPresent_closure1.doCall(VerifyTextPresentKeyword.groovy:79)
	at com.kms.katalon.core.webui.keyword.builtin.VerifyTextPresentKeyword$_verifyTextPresent_closure1.call(VerifyTextPresentKeyword.groovy)
	at com.kms.katalon.core.webui.keyword.internal.WebUIKeywordMain.runKeyword(WebUIKeywordMain.groovy:20)
	... 19 more
)
[[ATTACHMENT|C:\\FT2 XSIS\\Projek 2 MINI PROJEK\\Reports\\20231005_144117\\T13 Pembelian, Shipment dan Pembayaran\\T13 Pembelian, Shipment dan Pembayaran\\20231005_144117\\1696492834351.png]]]]></system-out>
         <system-err><![CDATA[2023-10-05 14:59:36 - [TEST_CASE][FAILED] - Test Cases/T13 Pembelian, Shipment dan Pembayaran/PBY-013: Test Cases/T13 Pembelian, Shipment dan Pembayaran/PBY-013 FAILED.
Reason:
com.kms.katalon.core.exception.StepFailedException: Unable to verify text 'email not valid.' is present 
	at com.kms.katalon.core.webui.keyword.internal.WebUIKeywordMain.stepFailed(WebUIKeywordMain.groovy:64)
	at com.kms.katalon.core.webui.keyword.internal.WebUIKeywordMain.runKeyword(WebUIKeywordMain.groovy:26)
	at com.kms.katalon.core.webui.keyword.builtin.VerifyTextPresentKeyword.verifyTextPresent(VerifyTextPresentKeyword.groovy:83)
	at com.kms.katalon.core.webui.keyword.builtin.VerifyTextPresentKeyword.execute(VerifyTextPresentKeyword.groovy:68)
	at com.kms.katalon.core.keyword.internal.KeywordExecutor.executeKeywordForPlatform(KeywordExecutor.groovy:74)
	at com.kms.katalon.core.webui.keyword.WebUiBuiltInKeywords.verifyTextPresent(WebUiBuiltInKeywords.groovy:1723)
	at com.kms.katalon.core.webui.keyword.WebUiBuiltInKeywords$verifyTextPresent$7.call(Unknown Source)
	at PBY-013.run(PBY-013:42)
	at com.kms.katalon.core.main.ScriptEngine.run(ScriptEngine.java:194)
	at com.kms.katalon.core.main.ScriptEngine.runScriptAsRawText(ScriptEngine.java:119)
	at com.kms.katalon.core.main.TestCaseExecutor.runScript(TestCaseExecutor.java:448)
	at com.kms.katalon.core.main.TestCaseExecutor.doExecute(TestCaseExecutor.java:439)
	at com.kms.katalon.core.main.TestCaseExecutor.processExecutionPhase(TestCaseExecutor.java:418)
	at com.kms.katalon.core.main.TestCaseExecutor.accessMainPhase(TestCaseExecutor.java:410)
	at com.kms.katalon.core.main.TestCaseExecutor.execute(TestCaseExecutor.java:285)
	at com.kms.katalon.core.common.CommonExecutor.accessTestCaseMainPhase(CommonExecutor.java:65)
	at com.kms.katalon.core.main.TestSuiteExecutor.accessTestSuiteMainPhase(TestSuiteExecutor.java:148)
	at com.kms.katalon.core.main.TestSuiteExecutor.execute(TestSuiteExecutor.java:106)
	at com.kms.katalon.core.main.TestCaseMain.startTestSuite(TestCaseMain.java:187)
	at com.kms.katalon.core.main.TestCaseMain$startTestSuite$0.call(Unknown Source)
	at TempTestSuite1696491677292.run(TempTestSuite1696491677292.groovy:36)
Caused by: com.kms.katalon.core.exception.StepFailedException: Text 'email not valid.' is not present on page 
	at com.kms.katalon.core.webui.keyword.internal.WebUIKeywordMain.stepFailed(WebUIKeywordMain.groovy:64)
	at com.kms.katalon.core.webui.keyword.builtin.VerifyTextPresentKeyword$_verifyTextPresent_closure1.doCall(VerifyTextPresentKeyword.groovy:79)
	at com.kms.katalon.core.webui.keyword.builtin.VerifyTextPresentKeyword$_verifyTextPresent_closure1.call(VerifyTextPresentKeyword.groovy)
	at com.kms.katalon.core.webui.keyword.internal.WebUIKeywordMain.runKeyword(WebUIKeywordMain.groovy:20)
	... 19 more]]></system-err>
      </testcase>
      <testcase name="Test Cases/T13 Pembelian, Shipment dan Pembayaran/PBY-014" time="58.192" classname="Test Cases/T13 Pembelian, Shipment dan Pembayaran/PBY-014" status="FAILED">
         <failure type="FAILED" message="Test Cases/T13 Pembelian, Shipment dan Pembayaran/PBY-014 FAILED.
Reason:
com.kms.katalon.core.exception.StepFailedException: Unable to verify text 'number invoice not valid.' is present 
	at com.kms.katalon.core.webui.keyword.internal.WebUIKeywordMain.stepFailed(WebUIKeywordMain.groovy:64)
	at com.kms.katalon.core.webui.keyword.internal.WebUIKeywordMain.runKeyword(WebUIKeywordMain.groovy:26)
	at com.kms.katalon.core.webui.keyword.builtin.VerifyTextPresentKeyword.verifyTextPresent(VerifyTextPresentKeyword.groovy:83)
	at com.kms.katalon.core.webui.keyword.builtin.VerifyTextPresentKeyword.execute(VerifyTextPresentKeyword.groovy:68)
	at com.kms.katalon.core.keyword.internal.KeywordExecutor.executeKeywordForPlatform(KeywordExecutor.groovy:74)
	at com.kms.katalon.core.webui.keyword.WebUiBuiltInKeywords.verifyTextPresent(WebUiBuiltInKeywords.groovy:1723)
	at com.kms.katalon.core.webui.keyword.WebUiBuiltInKeywords$verifyTextPresent$7.call(Unknown Source)
	at PBY-014.run(PBY-014:42)
	at com.kms.katalon.core.main.ScriptEngine.run(ScriptEngine.java:194)
	at com.kms.katalon.core.main.ScriptEngine.runScriptAsRawText(ScriptEngine.java:119)
	at com.kms.katalon.core.main.TestCaseExecutor.runScript(TestCaseExecutor.java:448)
	at com.kms.katalon.core.main.TestCaseExecutor.doExecute(TestCaseExecutor.java:439)
	at com.kms.katalon.core.main.TestCaseExecutor.processExecutionPhase(TestCaseExecutor.java:418)
	at com.kms.katalon.core.main.TestCaseExecutor.accessMainPhase(TestCaseExecutor.java:410)
	at com.kms.katalon.core.main.TestCaseExecutor.execute(TestCaseExecutor.java:285)
	at com.kms.katalon.core.common.CommonExecutor.accessTestCaseMainPhase(CommonExecutor.java:65)
	at com.kms.katalon.core.main.TestSuiteExecutor.accessTestSuiteMainPhase(TestSuiteExecutor.java:148)
	at com.kms.katalon.core.main.TestSuiteExecutor.execute(TestSuiteExecutor.java:106)
	at com.kms.katalon.core.main.TestCaseMain.startTestSuite(TestCaseMain.java:187)
	at com.kms.katalon.core.main.TestCaseMain$startTestSuite$0.call(Unknown Source)
	at TempTestSuite1696491677292.run(TempTestSuite1696491677292.groovy:36)
Caused by: com.kms.katalon.core.exception.StepFailedException: Text 'number invoice not valid.' is not present on page 
	at com.kms.katalon.core.webui.keyword.internal.WebUIKeywordMain.stepFailed(WebUIKeywordMain.groovy:64)
	at com.kms.katalon.core.webui.keyword.builtin.VerifyTextPresentKeyword$_verifyTextPresent_closure1.doCall(VerifyTextPresentKeyword.groovy:79)
	at com.kms.katalon.core.webui.keyword.builtin.VerifyTextPresentKeyword$_verifyTextPresent_closure1.call(VerifyTextPresentKeyword.groovy)
	at com.kms.katalon.core.webui.keyword.internal.WebUIKeywordMain.runKeyword(WebUIKeywordMain.groovy:20)
	... 19 more
"/>
         <system-out><![CDATA[2023-10-05 15:00:34 - [TEST_CASE][FAILED] - Test Cases/T13 Pembelian, Shipment dan Pembayaran/PBY-014: Test Cases/T13 Pembelian, Shipment dan Pembayaran/PBY-014 FAILED.
Reason:
com.kms.katalon.core.exception.StepFailedException: Unable to verify text 'number invoice not valid.' is present 
	at com.kms.katalon.core.webui.keyword.internal.WebUIKeywordMain.stepFailed(WebUIKeywordMain.groovy:64)
	at com.kms.katalon.core.webui.keyword.internal.WebUIKeywordMain.runKeyword(WebUIKeywordMain.groovy:26)
	at com.kms.katalon.core.webui.keyword.builtin.VerifyTextPresentKeyword.verifyTextPresent(VerifyTextPresentKeyword.groovy:83)
	at com.kms.katalon.core.webui.keyword.builtin.VerifyTextPresentKeyword.execute(VerifyTextPresentKeyword.groovy:68)
	at com.kms.katalon.core.keyword.internal.KeywordExecutor.executeKeywordForPlatform(KeywordExecutor.groovy:74)
	at com.kms.katalon.core.webui.keyword.WebUiBuiltInKeywords.verifyTextPresent(WebUiBuiltInKeywords.groovy:1723)
	at com.kms.katalon.core.webui.keyword.WebUiBuiltInKeywords$verifyTextPresent$7.call(Unknown Source)
	at PBY-014.run(PBY-014:42)
	at com.kms.katalon.core.main.ScriptEngine.run(ScriptEngine.java:194)
	at com.kms.katalon.core.main.ScriptEngine.runScriptAsRawText(ScriptEngine.java:119)
	at com.kms.katalon.core.main.TestCaseExecutor.runScript(TestCaseExecutor.java:448)
	at com.kms.katalon.core.main.TestCaseExecutor.doExecute(TestCaseExecutor.java:439)
	at com.kms.katalon.core.main.TestCaseExecutor.processExecutionPhase(TestCaseExecutor.java:418)
	at com.kms.katalon.core.main.TestCaseExecutor.accessMainPhase(TestCaseExecutor.java:410)
	at com.kms.katalon.core.main.TestCaseExecutor.execute(TestCaseExecutor.java:285)
	at com.kms.katalon.core.common.CommonExecutor.accessTestCaseMainPhase(CommonExecutor.java:65)
	at com.kms.katalon.core.main.TestSuiteExecutor.accessTestSuiteMainPhase(TestSuiteExecutor.java:148)
	at com.kms.katalon.core.main.TestSuiteExecutor.execute(TestSuiteExecutor.java:106)
	at com.kms.katalon.core.main.TestCaseMain.startTestSuite(TestCaseMain.java:187)
	at com.kms.katalon.core.main.TestCaseMain$startTestSuite$0.call(Unknown Source)
	at TempTestSuite1696491677292.run(TempTestSuite1696491677292.groovy:36)
Caused by: com.kms.katalon.core.exception.StepFailedException: Text 'number invoice not valid.' is not present on page 
	at com.kms.katalon.core.webui.keyword.internal.WebUIKeywordMain.stepFailed(WebUIKeywordMain.groovy:64)
	at com.kms.katalon.core.webui.keyword.builtin.VerifyTextPresentKeyword$_verifyTextPresent_closure1.doCall(VerifyTextPresentKeyword.groovy:79)
	at com.kms.katalon.core.webui.keyword.builtin.VerifyTextPresentKeyword$_verifyTextPresent_closure1.call(VerifyTextPresentKeyword.groovy)
	at com.kms.katalon.core.webui.keyword.internal.WebUIKeywordMain.runKeyword(WebUIKeywordMain.groovy:20)
	... 19 more


2023-10-05 15:00:34 - [TEST_STEP][PASSED] - data = callTestCase(findTestCase("T13 Pembelian, Shipment dan Pembayaran/PBY-001"), [:], STOP_ON_FAILURE): Call Test Case 'Test Cases/T13 Pembelian, Shipment dan Pembayaran/PBY-001' successfully

2023-10-05 15:00:34 - [TEST_CASE][PASSED] - Test Cases/T13 Pembelian, Shipment dan Pembayaran/PBY-001: Test Cases/T13 Pembelian, Shipment dan Pembayaran/PBY-001

2023-10-05 15:00:34 - [TEST_STEP][PASSED] - data = callTestCase(findTestCase("T13 Pembelian, Shipment dan Pembayaran/PBL-004"), ["Kurir":"Roda 2"], STOP_ON_FAILURE): Call Test Case 'Test Cases/T13 Pembelian, Shipment dan Pembayaran/PBL-004' successfully

2023-10-05 15:00:34 - [TEST_CASE][PASSED] - Test Cases/T13 Pembelian, Shipment dan Pembayaran/PBL-004: Test Cases/T13 Pembelian, Shipment dan Pembayaran/PBL-004

2023-10-05 15:00:34 - [TEST_STEP][PASSED] - data = callTestCase(findTestCase("T13 Pembelian, Shipment dan Pembayaran/PBL-002"), [:], STOP_ON_FAILURE): Call Test Case 'Test Cases/T13 Pembelian, Shipment dan Pembayaran/PBL-002' successfully

2023-10-05 15:00:35 - [TEST_CASE][PASSED] - Test Cases/T13 Pembelian, Shipment dan Pembayaran/PBL-002: Test Cases/T13 Pembelian, Shipment dan Pembayaran/PBL-002

2023-10-05 15:00:35 - [TEST_STEP][PASSED] - data = callTestCase(findTestCase("T13 Pembelian, Shipment dan Pembayaran/PBL-001"), [:], STOP_ON_FAILURE): Call Test Case 'Test Cases/T13 Pembelian, Shipment dan Pembayaran/PBL-001' successfully

2023-10-05 15:00:35 - [TEST_CASE][PASSED] - Test Cases/T13 Pembelian, Shipment dan Pembayaran/PBL-001: Test Cases/T13 Pembelian, Shipment dan Pembayaran/PBL-001

2023-10-05 15:00:35 - [TEST_STEP][PASSED] - callTestCase(findTestCase("T13 Pembelian, Shipment dan Pembayaran/LU-001"), ["username":"irfanafandi", "password":"12345irfan"], STOP_ON_FAILURE): Call Test Case 'Test Cases/T13 Pembelian, Shipment dan Pembayaran/LU-001' successfully

2023-10-05 15:00:35 - [TEST_CASE][PASSED] - Test Cases/T13 Pembelian, Shipment dan Pembayaran/LU-001: Test Cases/T13 Pembelian, Shipment dan Pembayaran/LU-001

2023-10-05 15:00:35 - [TEST_STEP][PASSED] - openBrowser("https://10.9.2.63/ecommerce/"): Browser is opened with url: 'https://10.9.2.63/ecommerce/'

2023-10-05 15:00:35 - [MESSAGE][WARNING] - A browser is already opened. Closing browser and opening a new one

2023-10-05 15:00:35 - [MESSAGE][INFO] - Starting 'Edge Chromium' driver

2023-10-05 15:00:35 - [MESSAGE][INFO] - User set preference: ['acceptInsecureCerts', 'true']

2023-10-05 15:00:38 - [MESSAGE][INFO] - Action delay is set to 0 milliseconds

2023-10-05 15:00:42 - [MESSAGE][PASSED] - Browser is opened with url: 'https://10.9.2.63/ecommerce/'

2023-10-05 15:00:42 - [TEST_STEP][PASSED] - maximizeWindow(): Current window maximized

2023-10-05 15:00:42 - [MESSAGE][PASSED] - Current window maximized

2023-10-05 15:00:42 - [TEST_STEP][PASSED] - verifyElementPresent(findTestObject("Login/Home"), 0): Object 'Object Repository/Login/Home' is present

2023-10-05 15:00:42 - [MESSAGE][WARNING] - Timeout '0' is invalid. Using default page load timeout: '30'

2023-10-05 15:00:43 - [MESSAGE][PASSED] - Object 'Object Repository/Login/Home' is present

2023-10-05 15:00:43 - [TEST_STEP][PASSED] - click(findTestObject("Login/a_Login")): Object: 'Object Repository/Login/a_Login' is clicked on

2023-10-05 15:00:44 - [MESSAGE][PASSED] - Object: 'Object Repository/Login/a_Login' is clicked on

2023-10-05 15:00:44 - [TEST_STEP][PASSED] - verifyElementPresent(findTestObject("Login/Tittle Login"), 0): Object 'Object Repository/Login/Tittle Login' is present

2023-10-05 15:00:44 - [MESSAGE][WARNING] - Timeout '0' is invalid. Using default page load timeout: '30'

2023-10-05 15:00:44 - [MESSAGE][PASSED] - Object 'Object Repository/Login/Tittle Login' is present

2023-10-05 15:00:44 - [TEST_STEP][PASSED] - setText(findTestObject("Login/input_Username, Email atau No. Handphone_a"), username): Text 'irfanafandi' is set on object 'Object Repository/Login/input_Username, Email atau No. Handphone_a'

2023-10-05 15:00:45 - [MESSAGE][PASSED] - Text 'irfanafandi' is set on object 'Object Repository/Login/input_Username, Email atau No. Handphone_a'

2023-10-05 15:00:45 - [TEST_STEP][PASSED] - setText(findTestObject("Login/input_Password_b"), password): Text '12345irfan' is set on object 'Object Repository/Login/input_Password_b'

2023-10-05 15:00:46 - [MESSAGE][PASSED] - Text '12345irfan' is set on object 'Object Repository/Login/input_Password_b'

2023-10-05 15:00:46 - [TEST_STEP][PASSED] - click(findTestObject("Login/label_Ingat saya")): Object: 'Object Repository/Login/label_Ingat saya' is clicked on

2023-10-05 15:00:47 - [MESSAGE][PASSED] - Object: 'Object Repository/Login/label_Ingat saya' is clicked on

2023-10-05 15:00:47 - [TEST_STEP][PASSED] - click(findTestObject("Login/button_Masuk")): Object: 'Object Repository/Login/button_Masuk' is clicked on

2023-10-05 15:00:48 - [MESSAGE][PASSED] - Object: 'Object Repository/Login/button_Masuk' is clicked on

2023-10-05 15:00:48 - [TEST_STEP][PASSED] - verifyElementPresent(findTestObject("Login/li_Profile"), 0): Object 'Object Repository/Login/li_Profile' is present

2023-10-05 15:00:48 - [MESSAGE][WARNING] - Timeout '0' is invalid. Using default page load timeout: '30'

2023-10-05 15:00:49 - [MESSAGE][PASSED] - Object 'Object Repository/Login/li_Profile' is present

2023-10-05 15:00:49 - [MESSAGE][PASSED] - Call Test Case 'Test Cases/T13 Pembelian, Shipment dan Pembayaran/LU-001' successfully

2023-10-05 15:00:49 - [TEST_STEP][PASSED] - mouseOver(findTestObject("beli barang/i_Mulai Belanja_icon-menu")): Object: 'Object Repository/beli barang/i_Mulai Belanja_icon-menu' is hovered

2023-10-05 15:00:50 - [MESSAGE][PASSED] - Object: 'Object Repository/beli barang/i_Mulai Belanja_icon-menu' is hovered

2023-10-05 15:00:50 - [TEST_STEP][PASSED] - click(findTestObject("beli barang/a_Fashion  Busana Wanita")): Object: 'Object Repository/beli barang/a_Fashion  Busana Wanita' is clicked on

2023-10-05 15:00:51 - [MESSAGE][PASSED] - Object: 'Object Repository/beli barang/a_Fashion  Busana Wanita' is clicked on

2023-10-05 15:00:51 - [TEST_STEP][PASSED] - NamaSebelum = getText(findTestObject("verifikasi/Nama sebelum")): Text of object 'Object Repository/verifikasi/Nama sebelum' is: ''

2023-10-05 15:00:51 - [MESSAGE][PASSED] - Text of object 'Object Repository/verifikasi/Nama sebelum' is: ''

2023-10-05 15:00:51 - [TEST_STEP][PASSED] - HargaSebelum = getText(findTestObject("verifikasi/Harga sebelum")): Text of object 'Object Repository/verifikasi/Harga sebelum' is: 'Rp 1,299'

2023-10-05 15:00:52 - [MESSAGE][PASSED] - Text of object 'Object Repository/verifikasi/Harga sebelum' is: 'Rp 1,299'

2023-10-05 15:00:52 - [TEST_STEP][PASSED] - mouseOver(findTestObject("beli barang/barang mouse over")): Object: 'Object Repository/beli barang/barang mouse over' is hovered

2023-10-05 15:00:53 - [MESSAGE][PASSED] - Object: 'Object Repository/beli barang/barang mouse over' is hovered

2023-10-05 15:00:53 - [TEST_STEP][PASSED] - click(findTestObject("beli barang/buttom add to cart")): Object: 'Object Repository/beli barang/buttom add to cart' is clicked on

2023-10-05 15:00:54 - [MESSAGE][PASSED] - Object: 'Object Repository/beli barang/buttom add to cart' is clicked on

2023-10-05 15:00:54 - [TEST_STEP][PASSED] - NamaSesudah = getText(findTestObject("verifikasi/Nama sesudah")): Text of object 'Object Repository/verifikasi/Nama sesudah' is: 'Segitiga Instan Madeira - MDB5.3 Sunset'

2023-10-05 15:00:55 - [MESSAGE][PASSED] - Text of object 'Object Repository/verifikasi/Nama sesudah' is: 'Segitiga Instan Madeira - MDB5.3 Sunset'

2023-10-05 15:00:55 - [TEST_STEP][PASSED] - HargaSesudah = getText(findTestObject("verifikasi/Harga sesudah")): Text of object 'Object Repository/verifikasi/Harga sesudah' is: 'Rp 1,299'

2023-10-05 15:00:55 - [MESSAGE][PASSED] - Text of object 'Object Repository/verifikasi/Harga sesudah' is: 'Rp 1,299'

2023-10-05 15:00:55 - [TEST_STEP][PASSED] - assert NamaSesudah.contains(NamaSebelum): null

2023-10-05 15:00:55 - [TEST_STEP][PASSED] - assert HargaSesudah.contains(HargaSebelum): null

2023-10-05 15:00:55 - [TEST_STEP][PASSED] - click(findTestObject("beli barang/Tambah Keranjang busana wanita")): Object: 'Object Repository/beli barang/Tambah Keranjang busana wanita' is clicked on

2023-10-05 15:00:55 - [MESSAGE][PASSED] - Object: 'Object Repository/beli barang/Tambah Keranjang busana wanita' is clicked on

2023-10-05 15:00:55 - [TEST_STEP][PASSED] - verifyElementPresent(findTestObject("checkout/Notifikasi keranjang"), 1): Object 'Object Repository/checkout/Notifikasi keranjang' is present

2023-10-05 15:00:56 - [MESSAGE][PASSED] - Object 'Object Repository/checkout/Notifikasi keranjang' is present

2023-10-05 15:00:56 - [TEST_STEP][PASSED] - data = new java.util.HashMap(): null

2023-10-05 15:00:56 - [TEST_STEP][PASSED] - data.put("nama_barang", NamaSesudah): null

2023-10-05 15:00:56 - [TEST_STEP][PASSED] - data.put("price_barang", HargaSesudah): null

2023-10-05 15:00:56 - [TEST_STEP][PASSED] - return data: null

2023-10-05 15:00:56 - [MESSAGE][PASSED] - Call Test Case 'Test Cases/T13 Pembelian, Shipment dan Pembayaran/PBL-001' successfully

2023-10-05 15:00:56 - [TEST_STEP][PASSED] - mouseOver(findTestObject("beli barang/keranjang")): Object: 'Object Repository/beli barang/keranjang' is hovered

2023-10-05 15:00:57 - [MESSAGE][PASSED] - Object: 'Object Repository/beli barang/keranjang' is hovered

2023-10-05 15:00:57 - [TEST_STEP][PASSED] - click(findTestObject("beli barang/Lihat Sekarang")): Object: 'Object Repository/beli barang/Lihat Sekarang' is clicked on

2023-10-05 15:00:58 - [MESSAGE][PASSED] - Object: 'Object Repository/beli barang/Lihat Sekarang' is clicked on

2023-10-05 15:00:58 - [TEST_STEP][PASSED] - verifyElementPresent(findTestObject("keranjang/li_Keranjang Belanja"), 0): Object 'Object Repository/keranjang/li_Keranjang Belanja' is present

2023-10-05 15:00:58 - [MESSAGE][WARNING] - Timeout '0' is invalid. Using default page load timeout: '30'

2023-10-05 15:00:59 - [MESSAGE][PASSED] - Object 'Object Repository/keranjang/li_Keranjang Belanja' is present

2023-10-05 15:00:59 - [TEST_STEP][PASSED] - NamaKeranjang = getText(findTestObject("verifikasi/Nama keranjang")): Text of object 'Object Repository/verifikasi/Nama keranjang' is: 'Segitiga Instan Madeira - MDB5.3 Sunset'

2023-10-05 15:01:00 - [MESSAGE][PASSED] - Text of object 'Object Repository/verifikasi/Nama keranjang' is: 'Segitiga Instan Madeira - MDB5.3 Sunset'

2023-10-05 15:01:00 - [TEST_STEP][PASSED] - HargaKeranjang = getText(findTestObject("verifikasi/Harga Keranjang")): Text of object 'Object Repository/verifikasi/Harga Keranjang' is: 'Rp 1,299'

2023-10-05 15:01:00 - [MESSAGE][PASSED] - Text of object 'Object Repository/verifikasi/Harga Keranjang' is: 'Rp 1,299'

2023-10-05 15:01:00 - [TEST_STEP][PASSED] - if (toString().equalsIgnoreCase("Merah")): Object 'Object Repository/keranjang/input_Warna_variasi101' is checked

2023-10-05 15:01:00 - [TEST_STEP][PASSED] - check(findTestObject("Object Repository/keranjang/input_Warna_variasi101")): Object 'Object Repository/keranjang/input_Warna_variasi101' is checked

2023-10-05 15:01:00 - [MESSAGE][PASSED] - Object 'Object Repository/keranjang/input_Warna_variasi101' is checked

2023-10-05 15:01:00 - [TEST_STEP][PASSED] - if (toString().equalsIgnoreCase("Menengah")): Object 'Object Repository/keranjang/input_Ukuran_variasi201' is checked

2023-10-05 15:01:00 - [TEST_STEP][PASSED] - check(findTestObject("Object Repository/keranjang/input_Ukuran_variasi201")): Object 'Object Repository/keranjang/input_Ukuran_variasi201' is checked

2023-10-05 15:01:01 - [MESSAGE][PASSED] - Object 'Object Repository/keranjang/input_Ukuran_variasi201' is checked

2023-10-05 15:01:01 - [TEST_STEP][PASSED] - data.put("Warna", warna): null

2023-10-05 15:01:01 - [TEST_STEP][PASSED] - data.put("Ukuran", ukuran): null

2023-10-05 15:01:01 - [TEST_STEP][PASSED] - click(findTestObject("keranjang/button_Lanjut ke Pembayaran")): Object: 'Object Repository/keranjang/button_Lanjut ke Pembayaran' is clicked on

2023-10-05 15:01:02 - [MESSAGE][PASSED] - Object: 'Object Repository/keranjang/button_Lanjut ke Pembayaran' is clicked on

2023-10-05 15:01:02 - [TEST_STEP][PASSED] - verifyElementPresent(findTestObject("checkout/Tittle Checkout Order"), 0): Object 'Object Repository/checkout/Tittle Checkout Order' is present

2023-10-05 15:01:02 - [MESSAGE][WARNING] - Timeout '0' is invalid. Using default page load timeout: '30'

2023-10-05 15:01:03 - [MESSAGE][PASSED] - Object 'Object Repository/checkout/Tittle Checkout Order' is present

2023-10-05 15:01:03 - [TEST_STEP][PASSED] - name_product = data.get("nama_barang"): null

2023-10-05 15:01:03 - [TEST_STEP][PASSED] - price_product = data.get("price_barang"): null

2023-10-05 15:01:03 - [TEST_STEP][PASSED] - assert name_product == NamaKeranjang: null

2023-10-05 15:01:03 - [TEST_STEP][PASSED] - assert price_product == HargaKeranjang: null

2023-10-05 15:01:03 - [TEST_STEP][PASSED] - return data: null

2023-10-05 15:01:03 - [MESSAGE][PASSED] - Call Test Case 'Test Cases/T13 Pembelian, Shipment dan Pembayaran/PBL-002' successfully

2023-10-05 15:01:03 - [TEST_STEP][PASSED] - warnaa = getText(findTestObject("verifikasi/warna Merah")): Text of object 'Object Repository/verifikasi/warna Merah' is: 'Merah'

2023-10-05 15:01:03 - [MESSAGE][PASSED] - Text of object 'Object Repository/verifikasi/warna Merah' is: 'Merah'

2023-10-05 15:01:03 - [TEST_STEP][PASSED] - ukurann = getText(findTestObject("verifikasi/Ukuran Menengah")): Text of object 'Object Repository/verifikasi/Ukuran Menengah' is: 'Menengah'

2023-10-05 15:01:04 - [MESSAGE][PASSED] - Text of object 'Object Repository/verifikasi/Ukuran Menengah' is: 'Menengah'

2023-10-05 15:01:04 - [TEST_STEP][PASSED] - warna1 = data.get("Warna"): null

2023-10-05 15:01:04 - [TEST_STEP][PASSED] - ukuran1 = data.get("Ukuran"): null

2023-10-05 15:01:04 - [TEST_STEP][PASSED] - assert warnaa == warna1: null

2023-10-05 15:01:04 - [TEST_STEP][PASSED] - assert ukurann == ukuran1: null

2023-10-05 15:01:04 - [TEST_STEP][PASSED] - NamaCheckout = getText(findTestObject("verifikasi/NamaCheckout")): Text of object 'Object Repository/verifikasi/NamaCheckout' is: ''

2023-10-05 15:01:04 - [MESSAGE][PASSED] - Text of object 'Object Repository/verifikasi/NamaCheckout' is: ''

2023-10-05 15:01:04 - [TEST_STEP][PASSED] - HargaCheckout = getText(findTestObject("verifikasi/HargaCheckout")): Text of object 'Object Repository/verifikasi/HargaCheckout' is: '1,299'

2023-10-05 15:01:05 - [MESSAGE][PASSED] - Text of object 'Object Repository/verifikasi/HargaCheckout' is: '1,299'

2023-10-05 15:01:05 - [TEST_STEP][PASSED] - name_product = data.get("nama_barang"): null

2023-10-05 15:01:05 - [TEST_STEP][PASSED] - price_product = data.get("price_barang"): null

2023-10-05 15:01:05 - [TEST_STEP][PASSED] - assert name_product.contains(NamaCheckout): null

2023-10-05 15:01:05 - [TEST_STEP][PASSED] - assert price_product.contains(HargaCheckout): null

2023-10-05 15:01:05 - [TEST_STEP][PASSED] - selectOptionByLabel(findTestObject("checkout/select - Kirim via Kurir Lokal"), Kurir, false): All options with label 'Roda 2' are selected in object 'Object Repository/checkout/select - Kirim via Kurir Lokal' 

2023-10-05 15:01:05 - [MESSAGE][PASSED] - All options with label 'Roda 2' are selected in object 'Object Repository/checkout/select - Kirim via Kurir Lokal' 

2023-10-05 15:01:05 - [TEST_STEP][PASSED] - click(findTestObject("checkout/Kendaraan Kurir")): Object: 'Object Repository/checkout/Kendaraan Kurir' is clicked on

2023-10-05 15:01:06 - [MESSAGE][PASSED] - Object: 'Object Repository/checkout/Kendaraan Kurir' is clicked on

2023-10-05 15:01:06 - [TEST_STEP][PASSED] - OngkosKirim = getText(findTestObject("Object Repository/verifikasi/Ongkos Kirim checkout")): Text of object 'Object Repository/verifikasi/Ongkos Kirim checkout' is: 'Rp. 5,000'

2023-10-05 15:01:07 - [MESSAGE][PASSED] - Text of object 'Object Repository/verifikasi/Ongkos Kirim checkout' is: 'Rp. 5,000'

2023-10-05 15:01:07 - [TEST_STEP][PASSED] - Ongkos = OngkosKirim.substring(3, OngkosKirim.size()): null

2023-10-05 15:01:07 - [TEST_STEP][PASSED] - rep = Ongkos.replace(",", "."): null

2023-10-05 15:01:07 - [TEST_STEP][PASSED] - Ongkos_kirim = Double.parseDouble(rep): null

2023-10-05 15:01:07 - [TEST_STEP][PASSED] - println(Ongkos_kirim): null

2023-10-05 15:01:07 - [TEST_STEP][PASSED] - FeeAdmin = getText(findTestObject("verifikasi/Fee Admin checkout")): Text of object 'Object Repository/verifikasi/Fee Admin checkout' is: 'Fee Admin
Rp 1,500'

2023-10-05 15:01:07 - [MESSAGE][PASSED] - Text of object 'Object Repository/verifikasi/Fee Admin checkout' is: 'Fee Admin
Rp 1,500'

2023-10-05 15:01:07 - [TEST_STEP][PASSED] - Fee_Admin = FeeAdmin.substring(12, FeeAdmin.size()): null

2023-10-05 15:01:07 - [TEST_STEP][PASSED] - fee = Fee_Admin.replace(",", "."): null

2023-10-05 15:01:07 - [TEST_STEP][PASSED] - fee_admin = Double.parseDouble(fee): null

2023-10-05 15:01:07 - [TEST_STEP][PASSED] - println(fee_admin): null

2023-10-05 15:01:07 - [TEST_STEP][PASSED] - Subtotal = getText(findTestObject("verifikasi/subtotal checkout")): Text of object 'Object Repository/verifikasi/subtotal checkout' is: 'Subtotal
Rp 1,299'

2023-10-05 15:01:08 - [MESSAGE][PASSED] - Text of object 'Object Repository/verifikasi/subtotal checkout' is: 'Subtotal
Rp 1,299'

2023-10-05 15:01:08 - [TEST_STEP][PASSED] - sub_total = Subtotal.substring(12, Subtotal.size()): null

2023-10-05 15:01:08 - [TEST_STEP][PASSED] - sub = sub_total.replace(",", "."): null

2023-10-05 15:01:08 - [TEST_STEP][PASSED] - sub_total = Double.parseDouble(sub): null

2023-10-05 15:01:08 - [TEST_STEP][PASSED] - println(sub_total): null

2023-10-05 15:01:08 - [TEST_STEP][PASSED] - Total = getText(findTestObject("verifikasi/Total checkout")): Text of object 'Object Repository/verifikasi/Total checkout' is: 'Rp 7,799'

2023-10-05 15:01:08 - [MESSAGE][PASSED] - Text of object 'Object Repository/verifikasi/Total checkout' is: 'Rp 7,799'

2023-10-05 15:01:08 - [TEST_STEP][PASSED] - totall = Total.substring(3, Total.size()): null

2023-10-05 15:01:08 - [TEST_STEP][PASSED] - total = totall.replace(",", "."): null

2023-10-05 15:01:08 - [TEST_STEP][PASSED] - totall = Double.parseDouble(total): null

2023-10-05 15:01:08 - [TEST_STEP][PASSED] - println(totall): null

2023-10-05 15:01:08 - [TEST_STEP][PASSED] - Total_Harga = Ongkos_kirim + fee_admin + sub_total: null

2023-10-05 15:01:08 - [TEST_STEP][PASSED] - println(Total_Harga): null

2023-10-05 15:01:08 - [TEST_STEP][PASSED] - TotalHarga = Math.round(Total_Harga * 1000) / 1000: null

2023-10-05 15:01:08 - [TEST_STEP][PASSED] - println(TotalHarga): null

2023-10-05 15:01:08 - [TEST_STEP][PASSED] - assert totall == TotalHarga: null

2023-10-05 15:01:08 - [TEST_STEP][PASSED] - click(findTestObject("verifikasi/Metode Transfer")): Object: 'Object Repository/verifikasi/Metode Transfer' is clicked on

2023-10-05 15:01:08 - [MESSAGE][PASSED] - Object: 'Object Repository/verifikasi/Metode Transfer' is clicked on

2023-10-05 15:01:08 - [TEST_STEP][PASSED] - click(findTestObject("checkout/button_Proses Pembayaran")): Object: 'Object Repository/checkout/button_Proses Pembayaran' is clicked on

2023-10-05 15:01:17 - [MESSAGE][PASSED] - Object: 'Object Repository/checkout/button_Proses Pembayaran' is clicked on

2023-10-05 15:01:17 - [TEST_STEP][PASSED] - verifyElementPresent(findTestObject("pembayaran/Tittle nomor invoice"), 0): Object 'Object Repository/pembayaran/Tittle nomor invoice' is present

2023-10-05 15:01:17 - [MESSAGE][WARNING] - Timeout '0' is invalid. Using default page load timeout: '30'

2023-10-05 15:01:18 - [MESSAGE][PASSED] - Object 'Object Repository/pembayaran/Tittle nomor invoice' is present

2023-10-05 15:01:18 - [TEST_STEP][PASSED] - return data: null

2023-10-05 15:01:18 - [MESSAGE][PASSED] - Call Test Case 'Test Cases/T13 Pembelian, Shipment dan Pembayaran/PBL-004' successfully

2023-10-05 15:01:18 - [TEST_STEP][PASSED] - Invoice = getText(findTestObject("pembayaran/nomor invoice")): Text of object 'Object Repository/pembayaran/nomor invoice' is: 'TRX60.20231005150113'

2023-10-05 15:01:19 - [MESSAGE][PASSED] - Text of object 'Object Repository/pembayaran/nomor invoice' is: 'TRX60.20231005150113'

2023-10-05 15:01:19 - [TEST_STEP][PASSED] - data.put("invoice", Invoice): null

2023-10-05 15:01:19 - [TEST_STEP][PASSED] - NamaPemesan = getText(findTestObject("Konfirmasi pesanan shop/Nama pemesan")): Text of object 'Object Repository/Konfirmasi pesanan shop/Nama pemesan' is: 'irfan.afandi'

2023-10-05 15:01:19 - [MESSAGE][PASSED] - Text of object 'Object Repository/Konfirmasi pesanan shop/Nama pemesan' is: 'irfan.afandi'

2023-10-05 15:01:19 - [TEST_STEP][PASSED] - Nama = getText(findTestObject("pembayaran/Nama barang")): Text of object 'Object Repository/pembayaran/Nama barang' is: 'Segitiga Instan Madeira - MDB5.3 Sunset'

2023-10-05 15:01:20 - [MESSAGE][PASSED] - Text of object 'Object Repository/pembayaran/Nama barang' is: 'Segitiga Instan Madeira - MDB5.3 Sunset'

2023-10-05 15:01:20 - [TEST_STEP][PASSED] - Harga = getText(findTestObject("pembayaran/Harga barang")): Text of object 'Object Repository/pembayaran/Harga barang' is: '1,299'

2023-10-05 15:01:20 - [MESSAGE][PASSED] - Text of object 'Object Repository/pembayaran/Harga barang' is: '1,299'

2023-10-05 15:01:20 - [TEST_STEP][PASSED] - name_product = data.get("nama_barang"): null

2023-10-05 15:01:20 - [TEST_STEP][PASSED] - price_product = data.get("price_barang"): null

2023-10-05 15:01:20 - [TEST_STEP][PASSED] - assert name_product.contains(Nama): null

2023-10-05 15:01:20 - [TEST_STEP][PASSED] - assert price_product.contains(Harga): null

2023-10-05 15:01:20 - [TEST_STEP][PASSED] - warnaa = getText(findTestObject("pembayaran/warna")): Text of object 'Object Repository/pembayaran/warna' is: 'Merah'

2023-10-05 15:01:21 - [MESSAGE][PASSED] - Text of object 'Object Repository/pembayaran/warna' is: 'Merah'

2023-10-05 15:01:21 - [TEST_STEP][PASSED] - ukurann = getText(findTestObject("pembayaran/ukuran")): Text of object 'Object Repository/pembayaran/ukuran' is: 'Menengah'

2023-10-05 15:01:21 - [MESSAGE][PASSED] - Text of object 'Object Repository/pembayaran/ukuran' is: 'Menengah'

2023-10-05 15:01:21 - [TEST_STEP][PASSED] - warna1 = data.get("Warna"): null

2023-10-05 15:01:21 - [TEST_STEP][PASSED] - ukuran1 = data.get("Ukuran"): null

2023-10-05 15:01:21 - [TEST_STEP][PASSED] - assert warnaa == warna1: null

2023-10-05 15:01:21 - [TEST_STEP][PASSED] - assert ukurann == ukuran1: null

2023-10-05 15:01:21 - [TEST_STEP][PASSED] - statusPembelian = getText(findTestObject("verifikasi/Status pending di pembelian")): Text of object 'Object Repository/verifikasi/Status pending di pembelian' is: 'Pending'

2023-10-05 15:01:22 - [MESSAGE][PASSED] - Text of object 'Object Repository/verifikasi/Status pending di pembelian' is: 'Pending'

2023-10-05 15:01:22 - [TEST_STEP][PASSED] - data.put("statusPem", statusPembelian): null

2023-10-05 15:01:22 - [TEST_STEP][PASSED] - OngkosKirim = getText(findTestObject("pembayaran/ongkos kirim")): Text of object 'Object Repository/pembayaran/ongkos kirim' is: 'Rp 5,000'

2023-10-05 15:01:22 - [MESSAGE][PASSED] - Text of object 'Object Repository/pembayaran/ongkos kirim' is: 'Rp 5,000'

2023-10-05 15:01:22 - [TEST_STEP][PASSED] - Ongkos = OngkosKirim.substring(3, OngkosKirim.size()): null

2023-10-05 15:01:22 - [TEST_STEP][PASSED] - rep = Ongkos.replace(",", ""): null

2023-10-05 15:01:22 - [TEST_STEP][PASSED] - Ongkos_kirimm = Integer.parseInt(rep): null

2023-10-05 15:01:22 - [TEST_STEP][PASSED] - println(Ongkos_kirimm): null

2023-10-05 15:01:22 - [TEST_STEP][PASSED] - FeeAdmin = getText(findTestObject("pembayaran/fee admin")): Text of object 'Object Repository/pembayaran/fee admin' is: 'Rp 1,500'

2023-10-05 15:01:23 - [MESSAGE][PASSED] - Text of object 'Object Repository/pembayaran/fee admin' is: 'Rp 1,500'

2023-10-05 15:01:23 - [TEST_STEP][PASSED] - Fee_Admin = FeeAdmin.substring(3, FeeAdmin.size()): null

2023-10-05 15:01:23 - [TEST_STEP][PASSED] - fee = Fee_Admin.replace(",", ""): null

2023-10-05 15:01:23 - [TEST_STEP][PASSED] - fee_adminn = Integer.parseInt(fee): null

2023-10-05 15:01:23 - [TEST_STEP][PASSED] - println(fee_adminn): null

2023-10-05 15:01:23 - [TEST_STEP][PASSED] - Subtotal = getText(findTestObject("pembayaran/subtotal")): Text of object 'Object Repository/pembayaran/subtotal' is: 'Rp 1,299'

2023-10-05 15:01:23 - [MESSAGE][PASSED] - Text of object 'Object Repository/pembayaran/subtotal' is: 'Rp 1,299'

2023-10-05 15:01:23 - [TEST_STEP][PASSED] - sub_total = Subtotal.substring(3, Subtotal.size()): null

2023-10-05 15:01:23 - [TEST_STEP][PASSED] - sub = sub_total.replace(",", ""): null

2023-10-05 15:01:23 - [TEST_STEP][PASSED] - sub_totall = Integer.parseInt(sub): null

2023-10-05 15:01:23 - [TEST_STEP][PASSED] - println(sub_totall): null

2023-10-05 15:01:23 - [TEST_STEP][PASSED] - unik = getText(findTestObject("pembayaran/kode unik")): Text of object 'Object Repository/pembayaran/kode unik' is: '+113'

2023-10-05 15:01:24 - [MESSAGE][PASSED] - Text of object 'Object Repository/pembayaran/kode unik' is: '+113'

2023-10-05 15:01:24 - [TEST_STEP][PASSED] - unikk = unik.replace("+", ""): null

2023-10-05 15:01:24 - [TEST_STEP][PASSED] - kode_unik = Integer.parseInt(unikk): null

2023-10-05 15:01:24 - [TEST_STEP][PASSED] - println(kode_unik): null

2023-10-05 15:01:24 - [TEST_STEP][PASSED] - Total = getText(findTestObject("pembayaran/total")): Text of object 'Object Repository/pembayaran/total' is: '7,912'

2023-10-05 15:01:24 - [MESSAGE][PASSED] - Text of object 'Object Repository/pembayaran/total' is: '7,912'

2023-10-05 15:01:24 - [TEST_STEP][PASSED] - total = Total.replace(",", ""): null

2023-10-05 15:01:24 - [TEST_STEP][PASSED] - totalll = Integer.parseInt(total): null

2023-10-05 15:01:24 - [TEST_STEP][PASSED] - println(totalll): null

2023-10-05 15:01:24 - [TEST_STEP][PASSED] - Total_Hargaa = Ongkos_kirimm + fee_adminn + sub_totall + kode_unik: null

2023-10-05 15:01:24 - [TEST_STEP][PASSED] - println(Total_Hargaa): null

2023-10-05 15:01:24 - [TEST_STEP][PASSED] - assert totalll == Total_Hargaa: null

2023-10-05 15:01:24 - [TEST_STEP][PASSED] - data.put("total", Total): null

2023-10-05 15:01:24 - [TEST_STEP][PASSED] - data.put("nama", NamaPemesan): null

2023-10-05 15:01:24 - [TEST_STEP][PASSED] - return data: null

2023-10-05 15:01:24 - [MESSAGE][PASSED] - Call Test Case 'Test Cases/T13 Pembelian, Shipment dan Pembayaran/PBY-001' successfully

2023-10-05 15:01:24 - [TEST_STEP][PASSED] - inv = data.get("invoice"): null

2023-10-05 15:01:24 - [TEST_STEP][PASSED] - Total = data.get("total"): null

2023-10-05 15:01:24 - [TEST_STEP][PASSED] - NamaPemesan = data.get("nama"): null

2023-10-05 15:01:24 - [TEST_STEP][PASSED] - click(findTestObject("Konfirmasi pesanan shop/Menu Shop")): Object: 'Object Repository/Konfirmasi pesanan shop/Menu Shop' is clicked on

2023-10-05 15:01:26 - [MESSAGE][PASSED] - Object: 'Object Repository/Konfirmasi pesanan shop/Menu Shop' is clicked on

2023-10-05 15:01:26 - [TEST_STEP][PASSED] - click(findTestObject("Konfirmasi pesanan shop/Menu Shop")): Object: 'Object Repository/Konfirmasi pesanan shop/Menu Shop' is clicked on

2023-10-05 15:01:27 - [MESSAGE][PASSED] - Object: 'Object Repository/Konfirmasi pesanan shop/Menu Shop' is clicked on

2023-10-05 15:01:27 - [TEST_STEP][PASSED] - click(findTestObject("Konfirmasi pesanan shop/Konfirmasi Orders")): Object: 'Object Repository/Konfirmasi pesanan shop/Konfirmasi Orders' is clicked on

2023-10-05 15:01:28 - [MESSAGE][PASSED] - Object: 'Object Repository/Konfirmasi pesanan shop/Konfirmasi Orders' is clicked on

2023-10-05 15:01:28 - [TEST_STEP][PASSED] - verifyElementPresent(findTestObject("Konfirmasi pesanan shop/Tittle Konfirmasi Pesanan"), 0): Object 'Object Repository/Konfirmasi pesanan shop/Tittle Konfirmasi Pesanan' is present

2023-10-05 15:01:28 - [MESSAGE][WARNING] - Timeout '0' is invalid. Using default page load timeout: '30'

2023-10-05 15:01:29 - [MESSAGE][PASSED] - Object 'Object Repository/Konfirmasi pesanan shop/Tittle Konfirmasi Pesanan' is present

2023-10-05 15:01:29 - [TEST_STEP][PASSED] - setText(findTestObject("Konfirmasi pesanan shop/input_No Pesanan"), "TRX-001"): Text 'TRX-001' is set on object 'Object Repository/Konfirmasi pesanan shop/input_No Pesanan'

2023-10-05 15:01:29 - [MESSAGE][PASSED] - Text 'TRX-001' is set on object 'Object Repository/Konfirmasi pesanan shop/input_No Pesanan'

2023-10-05 15:01:29 - [TEST_STEP][PASSED] - setText(findTestObject("Konfirmasi pesanan shop/input_Alamat E-mai"), "irfan@gmail.com"): Text 'irfan@gmail.com' is set on object 'Object Repository/Konfirmasi pesanan shop/input_Alamat E-mai'

2023-10-05 15:01:30 - [MESSAGE][PASSED] - Text 'irfan@gmail.com' is set on object 'Object Repository/Konfirmasi pesanan shop/input_Alamat E-mai'

2023-10-05 15:01:30 - [TEST_STEP][PASSED] - click(findTestObject("Konfirmasi pesanan shop/button_Submit")): Object: 'Object Repository/Konfirmasi pesanan shop/button_Submit' is clicked on

2023-10-05 15:01:31 - [MESSAGE][PASSED] - Object: 'Object Repository/Konfirmasi pesanan shop/button_Submit' is clicked on

2023-10-05 15:01:31 - [TEST_STEP][FAILED] - verifyTextPresent("number invoice not valid.", false): Unable to verify text 'number invoice not valid.' is present  (Root cause: com.kms.katalon.core.exception.StepFailedException: Unable to verify text 'number invoice not valid.' is present 
	at com.kms.katalon.core.webui.keyword.internal.WebUIKeywordMain.stepFailed(WebUIKeywordMain.groovy:64)
	at com.kms.katalon.core.webui.keyword.internal.WebUIKeywordMain.runKeyword(WebUIKeywordMain.groovy:26)
	at com.kms.katalon.core.webui.keyword.builtin.VerifyTextPresentKeyword.verifyTextPresent(VerifyTextPresentKeyword.groovy:83)
	at com.kms.katalon.core.webui.keyword.builtin.VerifyTextPresentKeyword.execute(VerifyTextPresentKeyword.groovy:68)
	at com.kms.katalon.core.keyword.internal.KeywordExecutor.executeKeywordForPlatform(KeywordExecutor.groovy:74)
	at com.kms.katalon.core.webui.keyword.WebUiBuiltInKeywords.verifyTextPresent(WebUiBuiltInKeywords.groovy:1723)
	at com.kms.katalon.core.webui.keyword.WebUiBuiltInKeywords$verifyTextPresent$7.call(Unknown Source)
	at PBY-014.run(PBY-014:42)
	at com.kms.katalon.core.main.ScriptEngine.run(ScriptEngine.java:194)
	at com.kms.katalon.core.main.ScriptEngine.runScriptAsRawText(ScriptEngine.java:119)
	at com.kms.katalon.core.main.TestCaseExecutor.runScript(TestCaseExecutor.java:448)
	at com.kms.katalon.core.main.TestCaseExecutor.doExecute(TestCaseExecutor.java:439)
	at com.kms.katalon.core.main.TestCaseExecutor.processExecutionPhase(TestCaseExecutor.java:418)
	at com.kms.katalon.core.main.TestCaseExecutor.accessMainPhase(TestCaseExecutor.java:410)
	at com.kms.katalon.core.main.TestCaseExecutor.execute(TestCaseExecutor.java:285)
	at com.kms.katalon.core.common.CommonExecutor.accessTestCaseMainPhase(CommonExecutor.java:65)
	at com.kms.katalon.core.main.TestSuiteExecutor.accessTestSuiteMainPhase(TestSuiteExecutor.java:148)
	at com.kms.katalon.core.main.TestSuiteExecutor.execute(TestSuiteExecutor.java:106)
	at com.kms.katalon.core.main.TestCaseMain.startTestSuite(TestCaseMain.java:187)
	at com.kms.katalon.core.main.TestCaseMain$startTestSuite$0.call(Unknown Source)
	at TempTestSuite1696491677292.run(TempTestSuite1696491677292.groovy:36)
Caused by: com.kms.katalon.core.exception.StepFailedException: Text 'number invoice not valid.' is not present on page 
	at com.kms.katalon.core.webui.keyword.internal.WebUIKeywordMain.stepFailed(WebUIKeywordMain.groovy:64)
	at com.kms.katalon.core.webui.keyword.builtin.VerifyTextPresentKeyword$_verifyTextPresent_closure1.doCall(VerifyTextPresentKeyword.groovy:79)
	at com.kms.katalon.core.webui.keyword.builtin.VerifyTextPresentKeyword$_verifyTextPresent_closure1.call(VerifyTextPresentKeyword.groovy)
	at com.kms.katalon.core.webui.keyword.internal.WebUIKeywordMain.runKeyword(WebUIKeywordMain.groovy:20)
	... 19 more
)

2023-10-05 15:01:32 - [MESSAGE][FAILED] - Text 'number invoice not valid.' is not present on page  (Root cause: com.kms.katalon.core.exception.StepFailedException: Text 'number invoice not valid.' is not present on page 
	at com.kms.katalon.core.webui.keyword.internal.WebUIKeywordMain.stepFailed(WebUIKeywordMain.groovy:64)
	at com.kms.katalon.core.webui.keyword.builtin.VerifyTextPresentKeyword$_verifyTextPresent_closure1.doCall(VerifyTextPresentKeyword.groovy:79)
	at com.kms.katalon.core.webui.keyword.builtin.VerifyTextPresentKeyword$_verifyTextPresent_closure1.call(VerifyTextPresentKeyword.groovy)
	at com.kms.katalon.core.webui.keyword.internal.WebUIKeywordMain.runKeyword(WebUIKeywordMain.groovy:20)
	at com.kms.katalon.core.webui.keyword.builtin.VerifyTextPresentKeyword.verifyTextPresent(VerifyTextPresentKeyword.groovy:83)
	at com.kms.katalon.core.webui.keyword.builtin.VerifyTextPresentKeyword.execute(VerifyTextPresentKeyword.groovy:68)
	at com.kms.katalon.core.keyword.internal.KeywordExecutor.executeKeywordForPlatform(KeywordExecutor.groovy:74)
	at com.kms.katalon.core.webui.keyword.WebUiBuiltInKeywords.verifyTextPresent(WebUiBuiltInKeywords.groovy:1723)
	at com.kms.katalon.core.webui.keyword.WebUiBuiltInKeywords$verifyTextPresent$7.call(Unknown Source)
	at PBY-014.run(PBY-014:42)
	at com.kms.katalon.core.main.ScriptEngine.run(ScriptEngine.java:194)
	at com.kms.katalon.core.main.ScriptEngine.runScriptAsRawText(ScriptEngine.java:119)
	at com.kms.katalon.core.main.TestCaseExecutor.runScript(TestCaseExecutor.java:448)
	at com.kms.katalon.core.main.TestCaseExecutor.doExecute(TestCaseExecutor.java:439)
	at com.kms.katalon.core.main.TestCaseExecutor.processExecutionPhase(TestCaseExecutor.java:418)
	at com.kms.katalon.core.main.TestCaseExecutor.accessMainPhase(TestCaseExecutor.java:410)
	at com.kms.katalon.core.main.TestCaseExecutor.execute(TestCaseExecutor.java:285)
	at com.kms.katalon.core.common.CommonExecutor.accessTestCaseMainPhase(CommonExecutor.java:65)
	at com.kms.katalon.core.main.TestSuiteExecutor.accessTestSuiteMainPhase(TestSuiteExecutor.java:148)
	at com.kms.katalon.core.main.TestSuiteExecutor.execute(TestSuiteExecutor.java:106)
	at com.kms.katalon.core.main.TestCaseMain.startTestSuite(TestCaseMain.java:187)
	at com.kms.katalon.core.main.TestCaseMain$startTestSuite$0.call(Unknown Source)
	at TempTestSuite1696491677292.run(TempTestSuite1696491677292.groovy:36)
)

2023-10-05 15:01:32 - [MESSAGE][FAILED] - Unable to verify text 'number invoice not valid.' is present  (Root cause: com.kms.katalon.core.exception.StepFailedException: Unable to verify text 'number invoice not valid.' is present 
	at com.kms.katalon.core.webui.keyword.internal.WebUIKeywordMain.stepFailed(WebUIKeywordMain.groovy:64)
	at com.kms.katalon.core.webui.keyword.internal.WebUIKeywordMain.runKeyword(WebUIKeywordMain.groovy:26)
	at com.kms.katalon.core.webui.keyword.builtin.VerifyTextPresentKeyword.verifyTextPresent(VerifyTextPresentKeyword.groovy:83)
	at com.kms.katalon.core.webui.keyword.builtin.VerifyTextPresentKeyword.execute(VerifyTextPresentKeyword.groovy:68)
	at com.kms.katalon.core.keyword.internal.KeywordExecutor.executeKeywordForPlatform(KeywordExecutor.groovy:74)
	at com.kms.katalon.core.webui.keyword.WebUiBuiltInKeywords.verifyTextPresent(WebUiBuiltInKeywords.groovy:1723)
	at com.kms.katalon.core.webui.keyword.WebUiBuiltInKeywords$verifyTextPresent$7.call(Unknown Source)
	at PBY-014.run(PBY-014:42)
	at com.kms.katalon.core.main.ScriptEngine.run(ScriptEngine.java:194)
	at com.kms.katalon.core.main.ScriptEngine.runScriptAsRawText(ScriptEngine.java:119)
	at com.kms.katalon.core.main.TestCaseExecutor.runScript(TestCaseExecutor.java:448)
	at com.kms.katalon.core.main.TestCaseExecutor.doExecute(TestCaseExecutor.java:439)
	at com.kms.katalon.core.main.TestCaseExecutor.processExecutionPhase(TestCaseExecutor.java:418)
	at com.kms.katalon.core.main.TestCaseExecutor.accessMainPhase(TestCaseExecutor.java:410)
	at com.kms.katalon.core.main.TestCaseExecutor.execute(TestCaseExecutor.java:285)
	at com.kms.katalon.core.common.CommonExecutor.accessTestCaseMainPhase(CommonExecutor.java:65)
	at com.kms.katalon.core.main.TestSuiteExecutor.accessTestSuiteMainPhase(TestSuiteExecutor.java:148)
	at com.kms.katalon.core.main.TestSuiteExecutor.execute(TestSuiteExecutor.java:106)
	at com.kms.katalon.core.main.TestCaseMain.startTestSuite(TestCaseMain.java:187)
	at com.kms.katalon.core.main.TestCaseMain$startTestSuite$0.call(Unknown Source)
	at TempTestSuite1696491677292.run(TempTestSuite1696491677292.groovy:36)
Caused by: com.kms.katalon.core.exception.StepFailedException: Text 'number invoice not valid.' is not present on page 
	at com.kms.katalon.core.webui.keyword.internal.WebUIKeywordMain.stepFailed(WebUIKeywordMain.groovy:64)
	at com.kms.katalon.core.webui.keyword.builtin.VerifyTextPresentKeyword$_verifyTextPresent_closure1.doCall(VerifyTextPresentKeyword.groovy:79)
	at com.kms.katalon.core.webui.keyword.builtin.VerifyTextPresentKeyword$_verifyTextPresent_closure1.call(VerifyTextPresentKeyword.groovy)
	at com.kms.katalon.core.webui.keyword.internal.WebUIKeywordMain.runKeyword(WebUIKeywordMain.groovy:20)
	... 19 more
)
[[ATTACHMENT|C:\\FT2 XSIS\\Projek 2 MINI PROJEK\\Reports\\20231005_144117\\T13 Pembelian, Shipment dan Pembayaran\\T13 Pembelian, Shipment dan Pembayaran\\20231005_144117\\1696492892535.png]]]]></system-out>
         <system-err><![CDATA[2023-10-05 15:00:34 - [TEST_CASE][FAILED] - Test Cases/T13 Pembelian, Shipment dan Pembayaran/PBY-014: Test Cases/T13 Pembelian, Shipment dan Pembayaran/PBY-014 FAILED.
Reason:
com.kms.katalon.core.exception.StepFailedException: Unable to verify text 'number invoice not valid.' is present 
	at com.kms.katalon.core.webui.keyword.internal.WebUIKeywordMain.stepFailed(WebUIKeywordMain.groovy:64)
	at com.kms.katalon.core.webui.keyword.internal.WebUIKeywordMain.runKeyword(WebUIKeywordMain.groovy:26)
	at com.kms.katalon.core.webui.keyword.builtin.VerifyTextPresentKeyword.verifyTextPresent(VerifyTextPresentKeyword.groovy:83)
	at com.kms.katalon.core.webui.keyword.builtin.VerifyTextPresentKeyword.execute(VerifyTextPresentKeyword.groovy:68)
	at com.kms.katalon.core.keyword.internal.KeywordExecutor.executeKeywordForPlatform(KeywordExecutor.groovy:74)
	at com.kms.katalon.core.webui.keyword.WebUiBuiltInKeywords.verifyTextPresent(WebUiBuiltInKeywords.groovy:1723)
	at com.kms.katalon.core.webui.keyword.WebUiBuiltInKeywords$verifyTextPresent$7.call(Unknown Source)
	at PBY-014.run(PBY-014:42)
	at com.kms.katalon.core.main.ScriptEngine.run(ScriptEngine.java:194)
	at com.kms.katalon.core.main.ScriptEngine.runScriptAsRawText(ScriptEngine.java:119)
	at com.kms.katalon.core.main.TestCaseExecutor.runScript(TestCaseExecutor.java:448)
	at com.kms.katalon.core.main.TestCaseExecutor.doExecute(TestCaseExecutor.java:439)
	at com.kms.katalon.core.main.TestCaseExecutor.processExecutionPhase(TestCaseExecutor.java:418)
	at com.kms.katalon.core.main.TestCaseExecutor.accessMainPhase(TestCaseExecutor.java:410)
	at com.kms.katalon.core.main.TestCaseExecutor.execute(TestCaseExecutor.java:285)
	at com.kms.katalon.core.common.CommonExecutor.accessTestCaseMainPhase(CommonExecutor.java:65)
	at com.kms.katalon.core.main.TestSuiteExecutor.accessTestSuiteMainPhase(TestSuiteExecutor.java:148)
	at com.kms.katalon.core.main.TestSuiteExecutor.execute(TestSuiteExecutor.java:106)
	at com.kms.katalon.core.main.TestCaseMain.startTestSuite(TestCaseMain.java:187)
	at com.kms.katalon.core.main.TestCaseMain$startTestSuite$0.call(Unknown Source)
	at TempTestSuite1696491677292.run(TempTestSuite1696491677292.groovy:36)
Caused by: com.kms.katalon.core.exception.StepFailedException: Text 'number invoice not valid.' is not present on page 
	at com.kms.katalon.core.webui.keyword.internal.WebUIKeywordMain.stepFailed(WebUIKeywordMain.groovy:64)
	at com.kms.katalon.core.webui.keyword.builtin.VerifyTextPresentKeyword$_verifyTextPresent_closure1.doCall(VerifyTextPresentKeyword.groovy:79)
	at com.kms.katalon.core.webui.keyword.builtin.VerifyTextPresentKeyword$_verifyTextPresent_closure1.call(VerifyTextPresentKeyword.groovy)
	at com.kms.katalon.core.webui.keyword.internal.WebUIKeywordMain.runKeyword(WebUIKeywordMain.groovy:20)
	... 19 more]]></system-err>
      </testcase>
      <testcase name="Test Cases/T13 Pembelian, Shipment dan Pembayaran/PBYA-001" time="82.401" classname="Test Cases/T13 Pembelian, Shipment dan Pembayaran/PBYA-001" status="PASSED">
         <system-out><![CDATA[2023-10-05 15:01:32 - [TEST_CASE][PASSED] - Test Cases/T13 Pembelian, Shipment dan Pembayaran/PBYA-001: Test Cases/T13 Pembelian, Shipment dan Pembayaran/PBYA-001

2023-10-05 15:01:32 - [TEST_STEP][PASSED] - data = callTestCase(findTestCase("T13 Pembelian, Shipment dan Pembayaran/PBY-004"), [:], STOP_ON_FAILURE): Call Test Case 'Test Cases/T13 Pembelian, Shipment dan Pembayaran/PBY-004' successfully

2023-10-05 15:01:33 - [TEST_CASE][PASSED] - Test Cases/T13 Pembelian, Shipment dan Pembayaran/PBY-004: Test Cases/T13 Pembelian, Shipment dan Pembayaran/PBY-004

2023-10-05 15:01:33 - [TEST_STEP][PASSED] - data = callTestCase(findTestCase("T13 Pembelian, Shipment dan Pembayaran/PBY-001"), [:], STOP_ON_FAILURE): Call Test Case 'Test Cases/T13 Pembelian, Shipment dan Pembayaran/PBY-001' successfully

2023-10-05 15:01:33 - [TEST_CASE][PASSED] - Test Cases/T13 Pembelian, Shipment dan Pembayaran/PBY-001: Test Cases/T13 Pembelian, Shipment dan Pembayaran/PBY-001

2023-10-05 15:01:33 - [TEST_STEP][PASSED] - data = callTestCase(findTestCase("T13 Pembelian, Shipment dan Pembayaran/PBL-004"), ["Kurir":"Roda 2"], STOP_ON_FAILURE): Call Test Case 'Test Cases/T13 Pembelian, Shipment dan Pembayaran/PBL-004' successfully

2023-10-05 15:01:33 - [TEST_CASE][PASSED] - Test Cases/T13 Pembelian, Shipment dan Pembayaran/PBL-004: Test Cases/T13 Pembelian, Shipment dan Pembayaran/PBL-004

2023-10-05 15:01:33 - [TEST_STEP][PASSED] - data = callTestCase(findTestCase("T13 Pembelian, Shipment dan Pembayaran/PBL-002"), [:], STOP_ON_FAILURE): Call Test Case 'Test Cases/T13 Pembelian, Shipment dan Pembayaran/PBL-002' successfully

2023-10-05 15:01:33 - [TEST_CASE][PASSED] - Test Cases/T13 Pembelian, Shipment dan Pembayaran/PBL-002: Test Cases/T13 Pembelian, Shipment dan Pembayaran/PBL-002

2023-10-05 15:01:33 - [TEST_STEP][PASSED] - data = callTestCase(findTestCase("T13 Pembelian, Shipment dan Pembayaran/PBL-001"), [:], STOP_ON_FAILURE): Call Test Case 'Test Cases/T13 Pembelian, Shipment dan Pembayaran/PBL-001' successfully

2023-10-05 15:01:33 - [TEST_CASE][PASSED] - Test Cases/T13 Pembelian, Shipment dan Pembayaran/PBL-001: Test Cases/T13 Pembelian, Shipment dan Pembayaran/PBL-001

2023-10-05 15:01:33 - [TEST_STEP][PASSED] - callTestCase(findTestCase("T13 Pembelian, Shipment dan Pembayaran/LU-001"), ["username":"irfanafandi", "password":"12345irfan"], STOP_ON_FAILURE): Call Test Case 'Test Cases/T13 Pembelian, Shipment dan Pembayaran/LU-001' successfully

2023-10-05 15:01:33 - [TEST_CASE][PASSED] - Test Cases/T13 Pembelian, Shipment dan Pembayaran/LU-001: Test Cases/T13 Pembelian, Shipment dan Pembayaran/LU-001

2023-10-05 15:01:33 - [TEST_STEP][PASSED] - openBrowser("https://10.9.2.63/ecommerce/"): Browser is opened with url: 'https://10.9.2.63/ecommerce/'

2023-10-05 15:01:33 - [MESSAGE][WARNING] - A browser is already opened. Closing browser and opening a new one

2023-10-05 15:01:34 - [MESSAGE][INFO] - Starting 'Edge Chromium' driver

2023-10-05 15:01:34 - [MESSAGE][INFO] - User set preference: ['acceptInsecureCerts', 'true']

2023-10-05 15:01:36 - [MESSAGE][INFO] - Action delay is set to 0 milliseconds

2023-10-05 15:01:40 - [MESSAGE][PASSED] - Browser is opened with url: 'https://10.9.2.63/ecommerce/'

2023-10-05 15:01:40 - [TEST_STEP][PASSED] - maximizeWindow(): Current window maximized

2023-10-05 15:01:40 - [MESSAGE][PASSED] - Current window maximized

2023-10-05 15:01:40 - [TEST_STEP][PASSED] - verifyElementPresent(findTestObject("Login/Home"), 0): Object 'Object Repository/Login/Home' is present

2023-10-05 15:01:41 - [MESSAGE][WARNING] - Timeout '0' is invalid. Using default page load timeout: '30'

2023-10-05 15:01:41 - [MESSAGE][PASSED] - Object 'Object Repository/Login/Home' is present

2023-10-05 15:01:41 - [TEST_STEP][PASSED] - click(findTestObject("Login/a_Login")): Object: 'Object Repository/Login/a_Login' is clicked on

2023-10-05 15:01:42 - [MESSAGE][PASSED] - Object: 'Object Repository/Login/a_Login' is clicked on

2023-10-05 15:01:42 - [TEST_STEP][PASSED] - verifyElementPresent(findTestObject("Login/Tittle Login"), 0): Object 'Object Repository/Login/Tittle Login' is present

2023-10-05 15:01:42 - [MESSAGE][WARNING] - Timeout '0' is invalid. Using default page load timeout: '30'

2023-10-05 15:01:42 - [MESSAGE][PASSED] - Object 'Object Repository/Login/Tittle Login' is present

2023-10-05 15:01:42 - [TEST_STEP][PASSED] - setText(findTestObject("Login/input_Username, Email atau No. Handphone_a"), username): Text 'irfanafandi' is set on object 'Object Repository/Login/input_Username, Email atau No. Handphone_a'

2023-10-05 15:01:43 - [MESSAGE][PASSED] - Text 'irfanafandi' is set on object 'Object Repository/Login/input_Username, Email atau No. Handphone_a'

2023-10-05 15:01:43 - [TEST_STEP][PASSED] - setText(findTestObject("Login/input_Password_b"), password): Text '12345irfan' is set on object 'Object Repository/Login/input_Password_b'

2023-10-05 15:01:44 - [MESSAGE][PASSED] - Text '12345irfan' is set on object 'Object Repository/Login/input_Password_b'

2023-10-05 15:01:44 - [TEST_STEP][PASSED] - click(findTestObject("Login/label_Ingat saya")): Object: 'Object Repository/Login/label_Ingat saya' is clicked on

2023-10-05 15:01:45 - [MESSAGE][PASSED] - Object: 'Object Repository/Login/label_Ingat saya' is clicked on

2023-10-05 15:01:45 - [TEST_STEP][PASSED] - click(findTestObject("Login/button_Masuk")): Object: 'Object Repository/Login/button_Masuk' is clicked on

2023-10-05 15:01:46 - [MESSAGE][PASSED] - Object: 'Object Repository/Login/button_Masuk' is clicked on

2023-10-05 15:01:46 - [TEST_STEP][PASSED] - verifyElementPresent(findTestObject("Login/li_Profile"), 0): Object 'Object Repository/Login/li_Profile' is present

2023-10-05 15:01:46 - [MESSAGE][WARNING] - Timeout '0' is invalid. Using default page load timeout: '30'

2023-10-05 15:01:47 - [MESSAGE][PASSED] - Object 'Object Repository/Login/li_Profile' is present

2023-10-05 15:01:47 - [MESSAGE][PASSED] - Call Test Case 'Test Cases/T13 Pembelian, Shipment dan Pembayaran/LU-001' successfully

2023-10-05 15:01:47 - [TEST_STEP][PASSED] - mouseOver(findTestObject("beli barang/i_Mulai Belanja_icon-menu")): Object: 'Object Repository/beli barang/i_Mulai Belanja_icon-menu' is hovered

2023-10-05 15:01:48 - [MESSAGE][PASSED] - Object: 'Object Repository/beli barang/i_Mulai Belanja_icon-menu' is hovered

2023-10-05 15:01:48 - [TEST_STEP][PASSED] - click(findTestObject("beli barang/a_Fashion  Busana Wanita")): Object: 'Object Repository/beli barang/a_Fashion  Busana Wanita' is clicked on

2023-10-05 15:01:49 - [MESSAGE][PASSED] - Object: 'Object Repository/beli barang/a_Fashion  Busana Wanita' is clicked on

2023-10-05 15:01:49 - [TEST_STEP][PASSED] - NamaSebelum = getText(findTestObject("verifikasi/Nama sebelum")): Text of object 'Object Repository/verifikasi/Nama sebelum' is: ''

2023-10-05 15:01:49 - [MESSAGE][PASSED] - Text of object 'Object Repository/verifikasi/Nama sebelum' is: ''

2023-10-05 15:01:49 - [TEST_STEP][PASSED] - HargaSebelum = getText(findTestObject("verifikasi/Harga sebelum")): Text of object 'Object Repository/verifikasi/Harga sebelum' is: 'Rp 1,299'

2023-10-05 15:01:50 - [MESSAGE][PASSED] - Text of object 'Object Repository/verifikasi/Harga sebelum' is: 'Rp 1,299'

2023-10-05 15:01:50 - [TEST_STEP][PASSED] - mouseOver(findTestObject("beli barang/barang mouse over")): Object: 'Object Repository/beli barang/barang mouse over' is hovered

2023-10-05 15:01:50 - [MESSAGE][PASSED] - Object: 'Object Repository/beli barang/barang mouse over' is hovered

2023-10-05 15:01:50 - [TEST_STEP][PASSED] - click(findTestObject("beli barang/buttom add to cart")): Object: 'Object Repository/beli barang/buttom add to cart' is clicked on

2023-10-05 15:01:52 - [MESSAGE][PASSED] - Object: 'Object Repository/beli barang/buttom add to cart' is clicked on

2023-10-05 15:01:52 - [TEST_STEP][PASSED] - NamaSesudah = getText(findTestObject("verifikasi/Nama sesudah")): Text of object 'Object Repository/verifikasi/Nama sesudah' is: 'Segitiga Instan Madeira - MDB5.3 Sunset'

2023-10-05 15:01:53 - [MESSAGE][PASSED] - Text of object 'Object Repository/verifikasi/Nama sesudah' is: 'Segitiga Instan Madeira - MDB5.3 Sunset'

2023-10-05 15:01:53 - [TEST_STEP][PASSED] - HargaSesudah = getText(findTestObject("verifikasi/Harga sesudah")): Text of object 'Object Repository/verifikasi/Harga sesudah' is: 'Rp 1,299'

2023-10-05 15:01:53 - [MESSAGE][PASSED] - Text of object 'Object Repository/verifikasi/Harga sesudah' is: 'Rp 1,299'

2023-10-05 15:01:53 - [TEST_STEP][PASSED] - assert NamaSesudah.contains(NamaSebelum): null

2023-10-05 15:01:53 - [TEST_STEP][PASSED] - assert HargaSesudah.contains(HargaSebelum): null

2023-10-05 15:01:53 - [TEST_STEP][PASSED] - click(findTestObject("beli barang/Tambah Keranjang busana wanita")): Object: 'Object Repository/beli barang/Tambah Keranjang busana wanita' is clicked on

2023-10-05 15:01:53 - [MESSAGE][PASSED] - Object: 'Object Repository/beli barang/Tambah Keranjang busana wanita' is clicked on

2023-10-05 15:01:53 - [TEST_STEP][PASSED] - verifyElementPresent(findTestObject("checkout/Notifikasi keranjang"), 1): Object 'Object Repository/checkout/Notifikasi keranjang' is present

2023-10-05 15:01:54 - [MESSAGE][PASSED] - Object 'Object Repository/checkout/Notifikasi keranjang' is present

2023-10-05 15:01:54 - [TEST_STEP][PASSED] - data = new java.util.HashMap(): null

2023-10-05 15:01:54 - [TEST_STEP][PASSED] - data.put("nama_barang", NamaSesudah): null

2023-10-05 15:01:54 - [TEST_STEP][PASSED] - data.put("price_barang", HargaSesudah): null

2023-10-05 15:01:54 - [TEST_STEP][PASSED] - return data: null

2023-10-05 15:01:54 - [MESSAGE][PASSED] - Call Test Case 'Test Cases/T13 Pembelian, Shipment dan Pembayaran/PBL-001' successfully

2023-10-05 15:01:54 - [TEST_STEP][PASSED] - mouseOver(findTestObject("beli barang/keranjang")): Object: 'Object Repository/beli barang/keranjang' is hovered

2023-10-05 15:01:55 - [MESSAGE][PASSED] - Object: 'Object Repository/beli barang/keranjang' is hovered

2023-10-05 15:01:55 - [TEST_STEP][PASSED] - click(findTestObject("beli barang/Lihat Sekarang")): Object: 'Object Repository/beli barang/Lihat Sekarang' is clicked on

2023-10-05 15:01:56 - [MESSAGE][PASSED] - Object: 'Object Repository/beli barang/Lihat Sekarang' is clicked on

2023-10-05 15:01:56 - [TEST_STEP][PASSED] - verifyElementPresent(findTestObject("keranjang/li_Keranjang Belanja"), 0): Object 'Object Repository/keranjang/li_Keranjang Belanja' is present

2023-10-05 15:01:56 - [MESSAGE][WARNING] - Timeout '0' is invalid. Using default page load timeout: '30'

2023-10-05 15:01:57 - [MESSAGE][PASSED] - Object 'Object Repository/keranjang/li_Keranjang Belanja' is present

2023-10-05 15:01:57 - [TEST_STEP][PASSED] - NamaKeranjang = getText(findTestObject("verifikasi/Nama keranjang")): Text of object 'Object Repository/verifikasi/Nama keranjang' is: 'Segitiga Instan Madeira - MDB5.3 Sunset'

2023-10-05 15:01:58 - [MESSAGE][PASSED] - Text of object 'Object Repository/verifikasi/Nama keranjang' is: 'Segitiga Instan Madeira - MDB5.3 Sunset'

2023-10-05 15:01:58 - [TEST_STEP][PASSED] - HargaKeranjang = getText(findTestObject("verifikasi/Harga Keranjang")): Text of object 'Object Repository/verifikasi/Harga Keranjang' is: 'Rp 1,299'

2023-10-05 15:01:58 - [MESSAGE][PASSED] - Text of object 'Object Repository/verifikasi/Harga Keranjang' is: 'Rp 1,299'

2023-10-05 15:01:58 - [TEST_STEP][PASSED] - if (toString().equalsIgnoreCase("Merah")): Object 'Object Repository/keranjang/input_Warna_variasi101' is checked

2023-10-05 15:01:58 - [TEST_STEP][PASSED] - check(findTestObject("Object Repository/keranjang/input_Warna_variasi101")): Object 'Object Repository/keranjang/input_Warna_variasi101' is checked

2023-10-05 15:01:58 - [MESSAGE][PASSED] - Object 'Object Repository/keranjang/input_Warna_variasi101' is checked

2023-10-05 15:01:58 - [TEST_STEP][PASSED] - if (toString().equalsIgnoreCase("Menengah")): Object 'Object Repository/keranjang/input_Ukuran_variasi201' is checked

2023-10-05 15:01:58 - [TEST_STEP][PASSED] - check(findTestObject("Object Repository/keranjang/input_Ukuran_variasi201")): Object 'Object Repository/keranjang/input_Ukuran_variasi201' is checked

2023-10-05 15:01:59 - [MESSAGE][PASSED] - Object 'Object Repository/keranjang/input_Ukuran_variasi201' is checked

2023-10-05 15:01:59 - [TEST_STEP][PASSED] - data.put("Warna", warna): null

2023-10-05 15:01:59 - [TEST_STEP][PASSED] - data.put("Ukuran", ukuran): null

2023-10-05 15:01:59 - [TEST_STEP][PASSED] - click(findTestObject("keranjang/button_Lanjut ke Pembayaran")): Object: 'Object Repository/keranjang/button_Lanjut ke Pembayaran' is clicked on

2023-10-05 15:02:00 - [MESSAGE][PASSED] - Object: 'Object Repository/keranjang/button_Lanjut ke Pembayaran' is clicked on

2023-10-05 15:02:00 - [TEST_STEP][PASSED] - verifyElementPresent(findTestObject("checkout/Tittle Checkout Order"), 0): Object 'Object Repository/checkout/Tittle Checkout Order' is present

2023-10-05 15:02:01 - [MESSAGE][WARNING] - Timeout '0' is invalid. Using default page load timeout: '30'

2023-10-05 15:02:01 - [MESSAGE][PASSED] - Object 'Object Repository/checkout/Tittle Checkout Order' is present

2023-10-05 15:02:01 - [TEST_STEP][PASSED] - name_product = data.get("nama_barang"): null

2023-10-05 15:02:01 - [TEST_STEP][PASSED] - price_product = data.get("price_barang"): null

2023-10-05 15:02:01 - [TEST_STEP][PASSED] - assert name_product == NamaKeranjang: null

2023-10-05 15:02:01 - [TEST_STEP][PASSED] - assert price_product == HargaKeranjang: null

2023-10-05 15:02:01 - [TEST_STEP][PASSED] - return data: null

2023-10-05 15:02:01 - [MESSAGE][PASSED] - Call Test Case 'Test Cases/T13 Pembelian, Shipment dan Pembayaran/PBL-002' successfully

2023-10-05 15:02:01 - [TEST_STEP][PASSED] - warnaa = getText(findTestObject("verifikasi/warna Merah")): Text of object 'Object Repository/verifikasi/warna Merah' is: 'Merah'

2023-10-05 15:02:02 - [MESSAGE][PASSED] - Text of object 'Object Repository/verifikasi/warna Merah' is: 'Merah'

2023-10-05 15:02:02 - [TEST_STEP][PASSED] - ukurann = getText(findTestObject("verifikasi/Ukuran Menengah")): Text of object 'Object Repository/verifikasi/Ukuran Menengah' is: 'Menengah'

2023-10-05 15:02:02 - [MESSAGE][PASSED] - Text of object 'Object Repository/verifikasi/Ukuran Menengah' is: 'Menengah'

2023-10-05 15:02:02 - [TEST_STEP][PASSED] - warna1 = data.get("Warna"): null

2023-10-05 15:02:02 - [TEST_STEP][PASSED] - ukuran1 = data.get("Ukuran"): null

2023-10-05 15:02:02 - [TEST_STEP][PASSED] - assert warnaa == warna1: null

2023-10-05 15:02:02 - [TEST_STEP][PASSED] - assert ukurann == ukuran1: null

2023-10-05 15:02:02 - [TEST_STEP][PASSED] - NamaCheckout = getText(findTestObject("verifikasi/NamaCheckout")): Text of object 'Object Repository/verifikasi/NamaCheckout' is: ''

2023-10-05 15:02:02 - [MESSAGE][PASSED] - Text of object 'Object Repository/verifikasi/NamaCheckout' is: ''

2023-10-05 15:02:02 - [TEST_STEP][PASSED] - HargaCheckout = getText(findTestObject("verifikasi/HargaCheckout")): Text of object 'Object Repository/verifikasi/HargaCheckout' is: '1,299'

2023-10-05 15:02:03 - [MESSAGE][PASSED] - Text of object 'Object Repository/verifikasi/HargaCheckout' is: '1,299'

2023-10-05 15:02:03 - [TEST_STEP][PASSED] - name_product = data.get("nama_barang"): null

2023-10-05 15:02:03 - [TEST_STEP][PASSED] - price_product = data.get("price_barang"): null

2023-10-05 15:02:03 - [TEST_STEP][PASSED] - assert name_product.contains(NamaCheckout): null

2023-10-05 15:02:03 - [TEST_STEP][PASSED] - assert price_product.contains(HargaCheckout): null

2023-10-05 15:02:03 - [TEST_STEP][PASSED] - selectOptionByLabel(findTestObject("checkout/select - Kirim via Kurir Lokal"), Kurir, false): All options with label 'Roda 2' are selected in object 'Object Repository/checkout/select - Kirim via Kurir Lokal' 

2023-10-05 15:02:03 - [MESSAGE][PASSED] - All options with label 'Roda 2' are selected in object 'Object Repository/checkout/select - Kirim via Kurir Lokal' 

2023-10-05 15:02:03 - [TEST_STEP][PASSED] - click(findTestObject("checkout/Kendaraan Kurir")): Object: 'Object Repository/checkout/Kendaraan Kurir' is clicked on

2023-10-05 15:02:04 - [MESSAGE][PASSED] - Object: 'Object Repository/checkout/Kendaraan Kurir' is clicked on

2023-10-05 15:02:04 - [TEST_STEP][PASSED] - OngkosKirim = getText(findTestObject("Object Repository/verifikasi/Ongkos Kirim checkout")): Text of object 'Object Repository/verifikasi/Ongkos Kirim checkout' is: 'Rp. 5,000'

2023-10-05 15:02:05 - [MESSAGE][PASSED] - Text of object 'Object Repository/verifikasi/Ongkos Kirim checkout' is: 'Rp. 5,000'

2023-10-05 15:02:05 - [TEST_STEP][PASSED] - Ongkos = OngkosKirim.substring(3, OngkosKirim.size()): null

2023-10-05 15:02:05 - [TEST_STEP][PASSED] - rep = Ongkos.replace(",", "."): null

2023-10-05 15:02:05 - [TEST_STEP][PASSED] - Ongkos_kirim = Double.parseDouble(rep): null

2023-10-05 15:02:05 - [TEST_STEP][PASSED] - println(Ongkos_kirim): null

2023-10-05 15:02:05 - [TEST_STEP][PASSED] - FeeAdmin = getText(findTestObject("verifikasi/Fee Admin checkout")): Text of object 'Object Repository/verifikasi/Fee Admin checkout' is: 'Fee Admin
Rp 1,500'

2023-10-05 15:02:05 - [MESSAGE][PASSED] - Text of object 'Object Repository/verifikasi/Fee Admin checkout' is: 'Fee Admin
Rp 1,500'

2023-10-05 15:02:05 - [TEST_STEP][PASSED] - Fee_Admin = FeeAdmin.substring(12, FeeAdmin.size()): null

2023-10-05 15:02:05 - [TEST_STEP][PASSED] - fee = Fee_Admin.replace(",", "."): null

2023-10-05 15:02:05 - [TEST_STEP][PASSED] - fee_admin = Double.parseDouble(fee): null

2023-10-05 15:02:05 - [TEST_STEP][PASSED] - println(fee_admin): null

2023-10-05 15:02:05 - [TEST_STEP][PASSED] - Subtotal = getText(findTestObject("verifikasi/subtotal checkout")): Text of object 'Object Repository/verifikasi/subtotal checkout' is: 'Subtotal
Rp 1,299'

2023-10-05 15:02:06 - [MESSAGE][PASSED] - Text of object 'Object Repository/verifikasi/subtotal checkout' is: 'Subtotal
Rp 1,299'

2023-10-05 15:02:06 - [TEST_STEP][PASSED] - sub_total = Subtotal.substring(12, Subtotal.size()): null

2023-10-05 15:02:06 - [TEST_STEP][PASSED] - sub = sub_total.replace(",", "."): null

2023-10-05 15:02:06 - [TEST_STEP][PASSED] - sub_total = Double.parseDouble(sub): null

2023-10-05 15:02:06 - [TEST_STEP][PASSED] - println(sub_total): null

2023-10-05 15:02:06 - [TEST_STEP][PASSED] - Total = getText(findTestObject("verifikasi/Total checkout")): Text of object 'Object Repository/verifikasi/Total checkout' is: 'Rp 7,799'

2023-10-05 15:02:06 - [MESSAGE][PASSED] - Text of object 'Object Repository/verifikasi/Total checkout' is: 'Rp 7,799'

2023-10-05 15:02:06 - [TEST_STEP][PASSED] - totall = Total.substring(3, Total.size()): null

2023-10-05 15:02:06 - [TEST_STEP][PASSED] - total = totall.replace(",", "."): null

2023-10-05 15:02:06 - [TEST_STEP][PASSED] - totall = Double.parseDouble(total): null

2023-10-05 15:02:06 - [TEST_STEP][PASSED] - println(totall): null

2023-10-05 15:02:06 - [TEST_STEP][PASSED] - Total_Harga = Ongkos_kirim + fee_admin + sub_total: null

2023-10-05 15:02:06 - [TEST_STEP][PASSED] - println(Total_Harga): null

2023-10-05 15:02:06 - [TEST_STEP][PASSED] - TotalHarga = Math.round(Total_Harga * 1000) / 1000: null

2023-10-05 15:02:06 - [TEST_STEP][PASSED] - println(TotalHarga): null

2023-10-05 15:02:06 - [TEST_STEP][PASSED] - assert totall == TotalHarga: null

2023-10-05 15:02:06 - [TEST_STEP][PASSED] - click(findTestObject("verifikasi/Metode Transfer")): Object: 'Object Repository/verifikasi/Metode Transfer' is clicked on

2023-10-05 15:02:07 - [MESSAGE][PASSED] - Object: 'Object Repository/verifikasi/Metode Transfer' is clicked on

2023-10-05 15:02:07 - [TEST_STEP][PASSED] - click(findTestObject("checkout/button_Proses Pembayaran")): Object: 'Object Repository/checkout/button_Proses Pembayaran' is clicked on

2023-10-05 15:02:16 - [MESSAGE][PASSED] - Object: 'Object Repository/checkout/button_Proses Pembayaran' is clicked on

2023-10-05 15:02:16 - [TEST_STEP][PASSED] - verifyElementPresent(findTestObject("pembayaran/Tittle nomor invoice"), 0): Object 'Object Repository/pembayaran/Tittle nomor invoice' is present

2023-10-05 15:02:16 - [MESSAGE][WARNING] - Timeout '0' is invalid. Using default page load timeout: '30'

2023-10-05 15:02:16 - [MESSAGE][PASSED] - Object 'Object Repository/pembayaran/Tittle nomor invoice' is present

2023-10-05 15:02:16 - [TEST_STEP][PASSED] - return data: null

2023-10-05 15:02:16 - [MESSAGE][PASSED] - Call Test Case 'Test Cases/T13 Pembelian, Shipment dan Pembayaran/PBL-004' successfully

2023-10-05 15:02:16 - [TEST_STEP][PASSED] - Invoice = getText(findTestObject("pembayaran/nomor invoice")): Text of object 'Object Repository/pembayaran/nomor invoice' is: 'TRX60.20231005150211'

2023-10-05 15:02:17 - [MESSAGE][PASSED] - Text of object 'Object Repository/pembayaran/nomor invoice' is: 'TRX60.20231005150211'

2023-10-05 15:02:17 - [TEST_STEP][PASSED] - data.put("invoice", Invoice): null

2023-10-05 15:02:17 - [TEST_STEP][PASSED] - NamaPemesan = getText(findTestObject("Konfirmasi pesanan shop/Nama pemesan")): Text of object 'Object Repository/Konfirmasi pesanan shop/Nama pemesan' is: 'irfan.afandi'

2023-10-05 15:02:17 - [MESSAGE][PASSED] - Text of object 'Object Repository/Konfirmasi pesanan shop/Nama pemesan' is: 'irfan.afandi'

2023-10-05 15:02:17 - [TEST_STEP][PASSED] - Nama = getText(findTestObject("pembayaran/Nama barang")): Text of object 'Object Repository/pembayaran/Nama barang' is: 'Segitiga Instan Madeira - MDB5.3 Sunset'

2023-10-05 15:02:17 - [MESSAGE][PASSED] - Text of object 'Object Repository/pembayaran/Nama barang' is: 'Segitiga Instan Madeira - MDB5.3 Sunset'

2023-10-05 15:02:17 - [TEST_STEP][PASSED] - Harga = getText(findTestObject("pembayaran/Harga barang")): Text of object 'Object Repository/pembayaran/Harga barang' is: '1,299'

2023-10-05 15:02:18 - [MESSAGE][PASSED] - Text of object 'Object Repository/pembayaran/Harga barang' is: '1,299'

2023-10-05 15:02:18 - [TEST_STEP][PASSED] - name_product = data.get("nama_barang"): null

2023-10-05 15:02:18 - [TEST_STEP][PASSED] - price_product = data.get("price_barang"): null

2023-10-05 15:02:18 - [TEST_STEP][PASSED] - assert name_product.contains(Nama): null

2023-10-05 15:02:18 - [TEST_STEP][PASSED] - assert price_product.contains(Harga): null

2023-10-05 15:02:18 - [TEST_STEP][PASSED] - warnaa = getText(findTestObject("pembayaran/warna")): Text of object 'Object Repository/pembayaran/warna' is: 'Merah'

2023-10-05 15:02:18 - [MESSAGE][PASSED] - Text of object 'Object Repository/pembayaran/warna' is: 'Merah'

2023-10-05 15:02:18 - [TEST_STEP][PASSED] - ukurann = getText(findTestObject("pembayaran/ukuran")): Text of object 'Object Repository/pembayaran/ukuran' is: 'Menengah'

2023-10-05 15:02:19 - [MESSAGE][PASSED] - Text of object 'Object Repository/pembayaran/ukuran' is: 'Menengah'

2023-10-05 15:02:19 - [TEST_STEP][PASSED] - warna1 = data.get("Warna"): null

2023-10-05 15:02:19 - [TEST_STEP][PASSED] - ukuran1 = data.get("Ukuran"): null

2023-10-05 15:02:19 - [TEST_STEP][PASSED] - assert warnaa == warna1: null

2023-10-05 15:02:19 - [TEST_STEP][PASSED] - assert ukurann == ukuran1: null

2023-10-05 15:02:19 - [TEST_STEP][PASSED] - statusPembelian = getText(findTestObject("verifikasi/Status pending di pembelian")): Text of object 'Object Repository/verifikasi/Status pending di pembelian' is: 'Pending'

2023-10-05 15:02:19 - [MESSAGE][PASSED] - Text of object 'Object Repository/verifikasi/Status pending di pembelian' is: 'Pending'

2023-10-05 15:02:19 - [TEST_STEP][PASSED] - data.put("statusPem", statusPembelian): null

2023-10-05 15:02:19 - [TEST_STEP][PASSED] - OngkosKirim = getText(findTestObject("pembayaran/ongkos kirim")): Text of object 'Object Repository/pembayaran/ongkos kirim' is: 'Rp 5,000'

2023-10-05 15:02:20 - [MESSAGE][PASSED] - Text of object 'Object Repository/pembayaran/ongkos kirim' is: 'Rp 5,000'

2023-10-05 15:02:20 - [TEST_STEP][PASSED] - Ongkos = OngkosKirim.substring(3, OngkosKirim.size()): null

2023-10-05 15:02:20 - [TEST_STEP][PASSED] - rep = Ongkos.replace(",", ""): null

2023-10-05 15:02:20 - [TEST_STEP][PASSED] - Ongkos_kirimm = Integer.parseInt(rep): null

2023-10-05 15:02:20 - [TEST_STEP][PASSED] - println(Ongkos_kirimm): null

2023-10-05 15:02:20 - [TEST_STEP][PASSED] - FeeAdmin = getText(findTestObject("pembayaran/fee admin")): Text of object 'Object Repository/pembayaran/fee admin' is: 'Rp 1,500'

2023-10-05 15:02:21 - [MESSAGE][PASSED] - Text of object 'Object Repository/pembayaran/fee admin' is: 'Rp 1,500'

2023-10-05 15:02:21 - [TEST_STEP][PASSED] - Fee_Admin = FeeAdmin.substring(3, FeeAdmin.size()): null

2023-10-05 15:02:21 - [TEST_STEP][PASSED] - fee = Fee_Admin.replace(",", ""): null

2023-10-05 15:02:21 - [TEST_STEP][PASSED] - fee_adminn = Integer.parseInt(fee): null

2023-10-05 15:02:21 - [TEST_STEP][PASSED] - println(fee_adminn): null

2023-10-05 15:02:21 - [TEST_STEP][PASSED] - Subtotal = getText(findTestObject("pembayaran/subtotal")): Text of object 'Object Repository/pembayaran/subtotal' is: 'Rp 1,299'

2023-10-05 15:02:22 - [MESSAGE][PASSED] - Text of object 'Object Repository/pembayaran/subtotal' is: 'Rp 1,299'

2023-10-05 15:02:22 - [TEST_STEP][PASSED] - sub_total = Subtotal.substring(3, Subtotal.size()): null

2023-10-05 15:02:22 - [TEST_STEP][PASSED] - sub = sub_total.replace(",", ""): null

2023-10-05 15:02:22 - [TEST_STEP][PASSED] - sub_totall = Integer.parseInt(sub): null

2023-10-05 15:02:22 - [TEST_STEP][PASSED] - println(sub_totall): null

2023-10-05 15:02:22 - [TEST_STEP][PASSED] - unik = getText(findTestObject("pembayaran/kode unik")): Text of object 'Object Repository/pembayaran/kode unik' is: '+211'

2023-10-05 15:02:22 - [MESSAGE][PASSED] - Text of object 'Object Repository/pembayaran/kode unik' is: '+211'

2023-10-05 15:02:22 - [TEST_STEP][PASSED] - unikk = unik.replace("+", ""): null

2023-10-05 15:02:22 - [TEST_STEP][PASSED] - kode_unik = Integer.parseInt(unikk): null

2023-10-05 15:02:22 - [TEST_STEP][PASSED] - println(kode_unik): null

2023-10-05 15:02:22 - [TEST_STEP][PASSED] - Total = getText(findTestObject("pembayaran/total")): Text of object 'Object Repository/pembayaran/total' is: '8,010'

2023-10-05 15:02:23 - [MESSAGE][PASSED] - Text of object 'Object Repository/pembayaran/total' is: '8,010'

2023-10-05 15:02:23 - [TEST_STEP][PASSED] - total = Total.replace(",", ""): null

2023-10-05 15:02:23 - [TEST_STEP][PASSED] - totalll = Integer.parseInt(total): null

2023-10-05 15:02:23 - [TEST_STEP][PASSED] - println(totalll): null

2023-10-05 15:02:23 - [TEST_STEP][PASSED] - Total_Hargaa = Ongkos_kirimm + fee_adminn + sub_totall + kode_unik: null

2023-10-05 15:02:23 - [TEST_STEP][PASSED] - println(Total_Hargaa): null

2023-10-05 15:02:23 - [TEST_STEP][PASSED] - assert totalll == Total_Hargaa: null

2023-10-05 15:02:23 - [TEST_STEP][PASSED] - data.put("total", Total): null

2023-10-05 15:02:23 - [TEST_STEP][PASSED] - data.put("nama", NamaPemesan): null

2023-10-05 15:02:23 - [TEST_STEP][PASSED] - return data: null

2023-10-05 15:02:23 - [MESSAGE][PASSED] - Call Test Case 'Test Cases/T13 Pembelian, Shipment dan Pembayaran/PBY-001' successfully

2023-10-05 15:02:23 - [TEST_STEP][PASSED] - inv = data.get("invoice"): null

2023-10-05 15:02:23 - [TEST_STEP][PASSED] - Total = data.get("total"): null

2023-10-05 15:02:23 - [TEST_STEP][PASSED] - NamaPemesan = data.get("nama"): null

2023-10-05 15:02:23 - [TEST_STEP][PASSED] - click(findTestObject("Konfirmasi pesanan shop/Menu Shop")): Object: 'Object Repository/Konfirmasi pesanan shop/Menu Shop' is clicked on

2023-10-05 15:02:25 - [MESSAGE][PASSED] - Object: 'Object Repository/Konfirmasi pesanan shop/Menu Shop' is clicked on

2023-10-05 15:02:25 - [TEST_STEP][PASSED] - click(findTestObject("Konfirmasi pesanan shop/Menu Shop")): Object: 'Object Repository/Konfirmasi pesanan shop/Menu Shop' is clicked on

2023-10-05 15:02:25 - [MESSAGE][PASSED] - Object: 'Object Repository/Konfirmasi pesanan shop/Menu Shop' is clicked on

2023-10-05 15:02:25 - [TEST_STEP][PASSED] - click(findTestObject("Konfirmasi pesanan shop/Konfirmasi Orders")): Object: 'Object Repository/Konfirmasi pesanan shop/Konfirmasi Orders' is clicked on

2023-10-05 15:02:26 - [MESSAGE][PASSED] - Object: 'Object Repository/Konfirmasi pesanan shop/Konfirmasi Orders' is clicked on

2023-10-05 15:02:26 - [TEST_STEP][PASSED] - verifyElementPresent(findTestObject("Konfirmasi pesanan shop/Tittle Konfirmasi Pesanan"), 0): Object 'Object Repository/Konfirmasi pesanan shop/Tittle Konfirmasi Pesanan' is present

2023-10-05 15:02:26 - [MESSAGE][WARNING] - Timeout '0' is invalid. Using default page load timeout: '30'

2023-10-05 15:02:27 - [MESSAGE][PASSED] - Object 'Object Repository/Konfirmasi pesanan shop/Tittle Konfirmasi Pesanan' is present

2023-10-05 15:02:27 - [TEST_STEP][PASSED] - setText(findTestObject("Konfirmasi pesanan shop/input_No Pesanan"), inv): Text 'TRX60.20231005150211' is set on object 'Object Repository/Konfirmasi pesanan shop/input_No Pesanan'

2023-10-05 15:02:28 - [MESSAGE][PASSED] - Text 'TRX60.20231005150211' is set on object 'Object Repository/Konfirmasi pesanan shop/input_No Pesanan'

2023-10-05 15:02:28 - [TEST_STEP][PASSED] - setText(findTestObject("Konfirmasi pesanan shop/input_Alamat E-mai"), "irfan@gmail.com"): Text 'irfan@gmail.com' is set on object 'Object Repository/Konfirmasi pesanan shop/input_Alamat E-mai'

2023-10-05 15:02:28 - [MESSAGE][PASSED] - Text 'irfan@gmail.com' is set on object 'Object Repository/Konfirmasi pesanan shop/input_Alamat E-mai'

2023-10-05 15:02:28 - [TEST_STEP][PASSED] - click(findTestObject("Konfirmasi pesanan shop/button_Submit")): Object: 'Object Repository/Konfirmasi pesanan shop/button_Submit' is clicked on

2023-10-05 15:02:29 - [MESSAGE][PASSED] - Object: 'Object Repository/Konfirmasi pesanan shop/button_Submit' is clicked on

2023-10-05 15:02:29 - [TEST_STEP][PASSED] - verifyElementPresent(findTestObject("Konfirmasi pesanan shop/Tittle nomor invoice"), 0): Object 'Object Repository/Konfirmasi pesanan shop/Tittle nomor invoice' is present

2023-10-05 15:02:30 - [MESSAGE][WARNING] - Timeout '0' is invalid. Using default page load timeout: '30'

2023-10-05 15:02:30 - [MESSAGE][PASSED] - Object 'Object Repository/Konfirmasi pesanan shop/Tittle nomor invoice' is present

2023-10-05 15:02:30 - [TEST_STEP][PASSED] - setText(findTestObject("Konfirmasi pesanan shop/input_Total TagihanTransfer_b"), Total): Text '8,010' is set on object 'Object Repository/Konfirmasi pesanan shop/input_Total TagihanTransfer_b'

2023-10-05 15:02:31 - [MESSAGE][PASSED] - Text '8,010' is set on object 'Object Repository/Konfirmasi pesanan shop/input_Total TagihanTransfer_b'

2023-10-05 15:02:31 - [TEST_STEP][PASSED] - selectOptionByValue(findTestObject("Konfirmasi pesanan shop/select_Bank"), "4", false): All options with value '4' are selected in object 'Object Repository/Konfirmasi pesanan shop/select_Bank' 

2023-10-05 15:02:32 - [MESSAGE][PASSED] - All options with value '4' are selected in object 'Object Repository/Konfirmasi pesanan shop/select_Bank' 

2023-10-05 15:02:32 - [TEST_STEP][PASSED] - setText(findTestObject("Konfirmasi pesanan shop/input_Nama Pengirim_d"), NamaPemesan): Text 'irfan.afandi' is set on object 'Object Repository/Konfirmasi pesanan shop/input_Nama Pengirim_d'

2023-10-05 15:02:33 - [MESSAGE][PASSED] - Text 'irfan.afandi' is set on object 'Object Repository/Konfirmasi pesanan shop/input_Nama Pengirim_d'

2023-10-05 15:02:33 - [TEST_STEP][PASSED] - uploadFile(findTestObject("keranjang/konfirmasi/input_Upload Bukti Transfer_f"), "C:\Users\IRFAN\Downloads\Berkas2.pdf"): File 'C:\Users\IRFAN\Downloads\Berkas2.pdf' sent to object: 'Object Repository/keranjang/konfirmasi/input_Upload Bukti Transfer_f'

2023-10-05 15:02:33 - [MESSAGE][PASSED] - File 'C:\Users\IRFAN\Downloads\Berkas2.pdf' sent to object: 'Object Repository/keranjang/konfirmasi/input_Upload Bukti Transfer_f'

2023-10-05 15:02:33 - [TEST_STEP][PASSED] - click(findTestObject("Konfirmasi pesanan shop/button_Konfirmasi Pembayaran")): Object: 'Object Repository/Konfirmasi pesanan shop/button_Konfirmasi Pembayaran' is clicked on

2023-10-05 15:02:34 - [MESSAGE][PASSED] - Object: 'Object Repository/Konfirmasi pesanan shop/button_Konfirmasi Pembayaran' is clicked on

2023-10-05 15:02:34 - [TEST_STEP][PASSED] - verifyElementPresent(findTestObject("Konfirmasi pesanan shop/Tittle Konfirmasi Pesanan"), 0): Object 'Object Repository/Konfirmasi pesanan shop/Tittle Konfirmasi Pesanan' is present

2023-10-05 15:02:35 - [MESSAGE][WARNING] - Timeout '0' is invalid. Using default page load timeout: '30'

2023-10-05 15:02:35 - [MESSAGE][PASSED] - Object 'Object Repository/Konfirmasi pesanan shop/Tittle Konfirmasi Pesanan' is present

2023-10-05 15:02:35 - [TEST_STEP][PASSED] - verifyElementPresent(findTestObject("Konfirmasi pesanan shop/Tittle massage succes Konfirmasi Pembayaran Pesanan"), 0): Object 'Object Repository/Konfirmasi pesanan shop/Tittle massage succes Konfirmasi Pembayaran Pesanan' is present

2023-10-05 15:02:35 - [MESSAGE][WARNING] - Timeout '0' is invalid. Using default page load timeout: '30'

2023-10-05 15:02:36 - [MESSAGE][PASSED] - Object 'Object Repository/Konfirmasi pesanan shop/Tittle massage succes Konfirmasi Pembayaran Pesanan' is present

2023-10-05 15:02:36 - [TEST_STEP][PASSED] - return data: null

2023-10-05 15:02:36 - [MESSAGE][PASSED] - Call Test Case 'Test Cases/T13 Pembelian, Shipment dan Pembayaran/PBY-004' successfully

2023-10-05 15:02:36 - [TEST_STEP][PASSED] - navigateToUrl("https://10.9.2.63/ecommerce/administrator/"): Navigate to 'https://10.9.2.63/ecommerce/administrator/' successfully

2023-10-05 15:02:36 - [MESSAGE][PASSED] - Navigate to 'https://10.9.2.63/ecommerce/administrator/' successfully

2023-10-05 15:02:36 - [TEST_STEP][PASSED] - verifyElementPresent(findTestObject("admin/Tittle ADMIN Login"), 0): Object 'Object Repository/admin/Tittle ADMIN Login' is present

2023-10-05 15:02:36 - [MESSAGE][WARNING] - Timeout '0' is invalid. Using default page load timeout: '30'

2023-10-05 15:02:37 - [MESSAGE][PASSED] - Object 'Object Repository/admin/Tittle ADMIN Login' is present

2023-10-05 15:02:37 - [TEST_STEP][PASSED] - setText(findTestObject("admin/Username"), "admin"): Text 'admin' is set on object 'Object Repository/admin/Username'

2023-10-05 15:02:38 - [MESSAGE][PASSED] - Text 'admin' is set on object 'Object Repository/admin/Username'

2023-10-05 15:02:38 - [TEST_STEP][PASSED] - setText(findTestObject("admin/Password"), "123admin123"): Text '123admin123' is set on object 'Object Repository/admin/Password'

2023-10-05 15:02:38 - [MESSAGE][PASSED] - Text '123admin123' is set on object 'Object Repository/admin/Password'

2023-10-05 15:02:38 - [TEST_STEP][PASSED] - click(findTestObject("admin/Remember Me")): Object: 'Object Repository/admin/Remember Me' is clicked on

2023-10-05 15:02:39 - [MESSAGE][PASSED] - Object: 'Object Repository/admin/Remember Me' is clicked on

2023-10-05 15:02:39 - [TEST_STEP][PASSED] - delay(10): Delayed 10 second(s)

2023-10-05 15:02:49 - [MESSAGE][PASSED] - Delayed 10 second(s)

2023-10-05 15:02:49 - [TEST_STEP][PASSED] - click(findTestObject("admin/buttom submit")): Object: 'Object Repository/admin/buttom submit' is clicked on

2023-10-05 15:02:50 - [MESSAGE][PASSED] - Object: 'Object Repository/admin/buttom submit' is clicked on

2023-10-05 15:02:50 - [TEST_STEP][PASSED] - verifyElementPresent(findTestObject("admin/Konf order konsumen/Tittle Dashboard"), 0): Object 'Object Repository/admin/Konf order konsumen/Tittle Dashboard' is present

2023-10-05 15:02:50 - [MESSAGE][WARNING] - Timeout '0' is invalid. Using default page load timeout: '30'

2023-10-05 15:02:51 - [MESSAGE][PASSED] - Object 'Object Repository/admin/Konf order konsumen/Tittle Dashboard' is present

2023-10-05 15:02:51 - [TEST_STEP][PASSED] - click(findTestObject("admin/Konf order konsumen/Menu Transaksi Market")): Object: 'Object Repository/admin/Konf order konsumen/Menu Transaksi Market' is clicked on

2023-10-05 15:02:51 - [MESSAGE][PASSED] - Object: 'Object Repository/admin/Konf order konsumen/Menu Transaksi Market' is clicked on

2023-10-05 15:02:51 - [TEST_STEP][PASSED] - click(findTestObject("admin/Konf order konsumen/Menu Konf. Order Konsumen")): Object: 'Object Repository/admin/Konf order konsumen/Menu Konf. Order Konsumen' is clicked on

2023-10-05 15:02:53 - [MESSAGE][PASSED] - Object: 'Object Repository/admin/Konf order konsumen/Menu Konf. Order Konsumen' is clicked on

2023-10-05 15:02:53 - [TEST_STEP][PASSED] - verifyElementPresent(findTestObject("admin/Konf order konsumen/Tittle Data Konfirmasi Pembayaran Konsumen"), 0): Object 'Object Repository/admin/Konf order konsumen/Tittle Data Konfirmasi Pembayaran Konsumen' is present

2023-10-05 15:02:53 - [MESSAGE][WARNING] - Timeout '0' is invalid. Using default page load timeout: '30'

2023-10-05 15:02:53 - [MESSAGE][PASSED] - Object 'Object Repository/admin/Konf order konsumen/Tittle Data Konfirmasi Pembayaran Konsumen' is present

2023-10-05 15:02:53 - [TEST_STEP][PASSED] - inv = data.get("invoice"): null

2023-10-05 15:02:53 - [TEST_STEP][PASSED] - setText(findTestObject("admin/Konf order konsumen/Search"), inv): Text 'TRX60.20231005150211' is set on object 'Object Repository/admin/Konf order konsumen/Search'

2023-10-05 15:02:54 - [MESSAGE][PASSED] - Text 'TRX60.20231005150211' is set on object 'Object Repository/admin/Konf order konsumen/Search'

2023-10-05 15:02:54 - [TEST_STEP][PASSED] - verifyElementText(findTestObject("admin/Konf order konsumen/Keterangan Lunas"), "Lunas"): Actual text and expected text of test object 'Object Repository/admin/Konf order konsumen/Keterangan Lunas' are matched.

2023-10-05 15:02:55 - [MESSAGE][PASSED] - Actual text and expected text of test object 'Object Repository/admin/Konf order konsumen/Keterangan Lunas' are matched.

2023-10-05 15:02:55 - [TEST_STEP][PASSED] - return data: null]]></system-out>
         <system-err><![CDATA[]]></system-err>
      </testcase>
      <testcase name="Test Cases/T13 Pembelian, Shipment dan Pembayaran/SA-001" time="87.141" classname="Test Cases/T13 Pembelian, Shipment dan Pembayaran/SA-001" status="PASSED">
         <system-out><![CDATA[2023-10-05 15:02:55 - [TEST_CASE][PASSED] - Test Cases/T13 Pembelian, Shipment dan Pembayaran/SA-001: Test Cases/T13 Pembelian, Shipment dan Pembayaran/SA-001

2023-10-05 15:02:55 - [TEST_STEP][PASSED] - data = callTestCase(findTestCase("T13 Pembelian, Shipment dan Pembayaran/PBYA-001"), [:], STOP_ON_FAILURE): Call Test Case 'Test Cases/T13 Pembelian, Shipment dan Pembayaran/PBYA-001' successfully

2023-10-05 15:02:55 - [TEST_CASE][PASSED] - Test Cases/T13 Pembelian, Shipment dan Pembayaran/PBYA-001: Test Cases/T13 Pembelian, Shipment dan Pembayaran/PBYA-001

2023-10-05 15:02:55 - [TEST_STEP][PASSED] - data = callTestCase(findTestCase("T13 Pembelian, Shipment dan Pembayaran/PBY-004"), [:], STOP_ON_FAILURE): Call Test Case 'Test Cases/T13 Pembelian, Shipment dan Pembayaran/PBY-004' successfully

2023-10-05 15:02:55 - [TEST_CASE][PASSED] - Test Cases/T13 Pembelian, Shipment dan Pembayaran/PBY-004: Test Cases/T13 Pembelian, Shipment dan Pembayaran/PBY-004

2023-10-05 15:02:55 - [TEST_STEP][PASSED] - data = callTestCase(findTestCase("T13 Pembelian, Shipment dan Pembayaran/PBY-001"), [:], STOP_ON_FAILURE): Call Test Case 'Test Cases/T13 Pembelian, Shipment dan Pembayaran/PBY-001' successfully

2023-10-05 15:02:55 - [TEST_CASE][PASSED] - Test Cases/T13 Pembelian, Shipment dan Pembayaran/PBY-001: Test Cases/T13 Pembelian, Shipment dan Pembayaran/PBY-001

2023-10-05 15:02:55 - [TEST_STEP][PASSED] - data = callTestCase(findTestCase("T13 Pembelian, Shipment dan Pembayaran/PBL-004"), ["Kurir":"Roda 2"], STOP_ON_FAILURE): Call Test Case 'Test Cases/T13 Pembelian, Shipment dan Pembayaran/PBL-004' successfully

2023-10-05 15:02:55 - [TEST_CASE][PASSED] - Test Cases/T13 Pembelian, Shipment dan Pembayaran/PBL-004: Test Cases/T13 Pembelian, Shipment dan Pembayaran/PBL-004

2023-10-05 15:02:55 - [TEST_STEP][PASSED] - data = callTestCase(findTestCase("T13 Pembelian, Shipment dan Pembayaran/PBL-002"), [:], STOP_ON_FAILURE): Call Test Case 'Test Cases/T13 Pembelian, Shipment dan Pembayaran/PBL-002' successfully

2023-10-05 15:02:55 - [TEST_CASE][PASSED] - Test Cases/T13 Pembelian, Shipment dan Pembayaran/PBL-002: Test Cases/T13 Pembelian, Shipment dan Pembayaran/PBL-002

2023-10-05 15:02:55 - [TEST_STEP][PASSED] - data = callTestCase(findTestCase("T13 Pembelian, Shipment dan Pembayaran/PBL-001"), [:], STOP_ON_FAILURE): Call Test Case 'Test Cases/T13 Pembelian, Shipment dan Pembayaran/PBL-001' successfully

2023-10-05 15:02:55 - [TEST_CASE][PASSED] - Test Cases/T13 Pembelian, Shipment dan Pembayaran/PBL-001: Test Cases/T13 Pembelian, Shipment dan Pembayaran/PBL-001

2023-10-05 15:02:55 - [TEST_STEP][PASSED] - callTestCase(findTestCase("T13 Pembelian, Shipment dan Pembayaran/LU-001"), ["username":"irfanafandi", "password":"12345irfan"], STOP_ON_FAILURE): Call Test Case 'Test Cases/T13 Pembelian, Shipment dan Pembayaran/LU-001' successfully

2023-10-05 15:02:55 - [TEST_CASE][PASSED] - Test Cases/T13 Pembelian, Shipment dan Pembayaran/LU-001: Test Cases/T13 Pembelian, Shipment dan Pembayaran/LU-001

2023-10-05 15:02:55 - [TEST_STEP][PASSED] - openBrowser("https://10.9.2.63/ecommerce/"): Browser is opened with url: 'https://10.9.2.63/ecommerce/'

2023-10-05 15:02:55 - [MESSAGE][WARNING] - A browser is already opened. Closing browser and opening a new one

2023-10-05 15:02:56 - [MESSAGE][INFO] - Starting 'Edge Chromium' driver

2023-10-05 15:02:56 - [MESSAGE][INFO] - User set preference: ['acceptInsecureCerts', 'true']

2023-10-05 15:02:58 - [MESSAGE][INFO] - Action delay is set to 0 milliseconds

2023-10-05 15:03:03 - [MESSAGE][PASSED] - Browser is opened with url: 'https://10.9.2.63/ecommerce/'

2023-10-05 15:03:03 - [TEST_STEP][PASSED] - maximizeWindow(): Current window maximized

2023-10-05 15:03:03 - [MESSAGE][PASSED] - Current window maximized

2023-10-05 15:03:03 - [TEST_STEP][PASSED] - verifyElementPresent(findTestObject("Login/Home"), 0): Object 'Object Repository/Login/Home' is present

2023-10-05 15:03:03 - [MESSAGE][WARNING] - Timeout '0' is invalid. Using default page load timeout: '30'

2023-10-05 15:03:04 - [MESSAGE][PASSED] - Object 'Object Repository/Login/Home' is present

2023-10-05 15:03:04 - [TEST_STEP][PASSED] - click(findTestObject("Login/a_Login")): Object: 'Object Repository/Login/a_Login' is clicked on

2023-10-05 15:03:04 - [MESSAGE][PASSED] - Object: 'Object Repository/Login/a_Login' is clicked on

2023-10-05 15:03:04 - [TEST_STEP][PASSED] - verifyElementPresent(findTestObject("Login/Tittle Login"), 0): Object 'Object Repository/Login/Tittle Login' is present

2023-10-05 15:03:04 - [MESSAGE][WARNING] - Timeout '0' is invalid. Using default page load timeout: '30'

2023-10-05 15:03:05 - [MESSAGE][PASSED] - Object 'Object Repository/Login/Tittle Login' is present

2023-10-05 15:03:05 - [TEST_STEP][PASSED] - setText(findTestObject("Login/input_Username, Email atau No. Handphone_a"), username): Text 'irfanafandi' is set on object 'Object Repository/Login/input_Username, Email atau No. Handphone_a'

2023-10-05 15:03:06 - [MESSAGE][PASSED] - Text 'irfanafandi' is set on object 'Object Repository/Login/input_Username, Email atau No. Handphone_a'

2023-10-05 15:03:06 - [TEST_STEP][PASSED] - setText(findTestObject("Login/input_Password_b"), password): Text '12345irfan' is set on object 'Object Repository/Login/input_Password_b'

2023-10-05 15:03:07 - [MESSAGE][PASSED] - Text '12345irfan' is set on object 'Object Repository/Login/input_Password_b'

2023-10-05 15:03:07 - [TEST_STEP][PASSED] - click(findTestObject("Login/label_Ingat saya")): Object: 'Object Repository/Login/label_Ingat saya' is clicked on

2023-10-05 15:03:07 - [MESSAGE][PASSED] - Object: 'Object Repository/Login/label_Ingat saya' is clicked on

2023-10-05 15:03:07 - [TEST_STEP][PASSED] - click(findTestObject("Login/button_Masuk")): Object: 'Object Repository/Login/button_Masuk' is clicked on

2023-10-05 15:03:08 - [MESSAGE][PASSED] - Object: 'Object Repository/Login/button_Masuk' is clicked on

2023-10-05 15:03:08 - [TEST_STEP][PASSED] - verifyElementPresent(findTestObject("Login/li_Profile"), 0): Object 'Object Repository/Login/li_Profile' is present

2023-10-05 15:03:08 - [MESSAGE][WARNING] - Timeout '0' is invalid. Using default page load timeout: '30'

2023-10-05 15:03:09 - [MESSAGE][PASSED] - Object 'Object Repository/Login/li_Profile' is present

2023-10-05 15:03:09 - [MESSAGE][PASSED] - Call Test Case 'Test Cases/T13 Pembelian, Shipment dan Pembayaran/LU-001' successfully

2023-10-05 15:03:09 - [TEST_STEP][PASSED] - mouseOver(findTestObject("beli barang/i_Mulai Belanja_icon-menu")): Object: 'Object Repository/beli barang/i_Mulai Belanja_icon-menu' is hovered

2023-10-05 15:03:10 - [MESSAGE][PASSED] - Object: 'Object Repository/beli barang/i_Mulai Belanja_icon-menu' is hovered

2023-10-05 15:03:10 - [TEST_STEP][PASSED] - click(findTestObject("beli barang/a_Fashion  Busana Wanita")): Object: 'Object Repository/beli barang/a_Fashion  Busana Wanita' is clicked on

2023-10-05 15:03:11 - [MESSAGE][PASSED] - Object: 'Object Repository/beli barang/a_Fashion  Busana Wanita' is clicked on

2023-10-05 15:03:11 - [TEST_STEP][PASSED] - NamaSebelum = getText(findTestObject("verifikasi/Nama sebelum")): Text of object 'Object Repository/verifikasi/Nama sebelum' is: ''

2023-10-05 15:03:11 - [MESSAGE][PASSED] - Text of object 'Object Repository/verifikasi/Nama sebelum' is: ''

2023-10-05 15:03:11 - [TEST_STEP][PASSED] - HargaSebelum = getText(findTestObject("verifikasi/Harga sebelum")): Text of object 'Object Repository/verifikasi/Harga sebelum' is: 'Rp 1,299'

2023-10-05 15:03:12 - [MESSAGE][PASSED] - Text of object 'Object Repository/verifikasi/Harga sebelum' is: 'Rp 1,299'

2023-10-05 15:03:12 - [TEST_STEP][PASSED] - mouseOver(findTestObject("beli barang/barang mouse over")): Object: 'Object Repository/beli barang/barang mouse over' is hovered

2023-10-05 15:03:12 - [MESSAGE][PASSED] - Object: 'Object Repository/beli barang/barang mouse over' is hovered

2023-10-05 15:03:12 - [TEST_STEP][PASSED] - click(findTestObject("beli barang/buttom add to cart")): Object: 'Object Repository/beli barang/buttom add to cart' is clicked on

2023-10-05 15:03:14 - [MESSAGE][PASSED] - Object: 'Object Repository/beli barang/buttom add to cart' is clicked on

2023-10-05 15:03:14 - [TEST_STEP][PASSED] - NamaSesudah = getText(findTestObject("verifikasi/Nama sesudah")): Text of object 'Object Repository/verifikasi/Nama sesudah' is: 'Segitiga Instan Madeira - MDB5.3 Sunset'

2023-10-05 15:03:15 - [MESSAGE][PASSED] - Text of object 'Object Repository/verifikasi/Nama sesudah' is: 'Segitiga Instan Madeira - MDB5.3 Sunset'

2023-10-05 15:03:15 - [TEST_STEP][PASSED] - HargaSesudah = getText(findTestObject("verifikasi/Harga sesudah")): Text of object 'Object Repository/verifikasi/Harga sesudah' is: 'Rp 1,299'

2023-10-05 15:03:15 - [MESSAGE][PASSED] - Text of object 'Object Repository/verifikasi/Harga sesudah' is: 'Rp 1,299'

2023-10-05 15:03:15 - [TEST_STEP][PASSED] - assert NamaSesudah.contains(NamaSebelum): null

2023-10-05 15:03:15 - [TEST_STEP][PASSED] - assert HargaSesudah.contains(HargaSebelum): null

2023-10-05 15:03:15 - [TEST_STEP][PASSED] - click(findTestObject("beli barang/Tambah Keranjang busana wanita")): Object: 'Object Repository/beli barang/Tambah Keranjang busana wanita' is clicked on

2023-10-05 15:03:16 - [MESSAGE][PASSED] - Object: 'Object Repository/beli barang/Tambah Keranjang busana wanita' is clicked on

2023-10-05 15:03:16 - [TEST_STEP][PASSED] - verifyElementPresent(findTestObject("checkout/Notifikasi keranjang"), 1): Object 'Object Repository/checkout/Notifikasi keranjang' is present

2023-10-05 15:03:17 - [MESSAGE][PASSED] - Object 'Object Repository/checkout/Notifikasi keranjang' is present

2023-10-05 15:03:17 - [TEST_STEP][PASSED] - data = new java.util.HashMap(): null

2023-10-05 15:03:17 - [TEST_STEP][PASSED] - data.put("nama_barang", NamaSesudah): null

2023-10-05 15:03:17 - [TEST_STEP][PASSED] - data.put("price_barang", HargaSesudah): null

2023-10-05 15:03:17 - [TEST_STEP][PASSED] - return data: null

2023-10-05 15:03:17 - [MESSAGE][PASSED] - Call Test Case 'Test Cases/T13 Pembelian, Shipment dan Pembayaran/PBL-001' successfully

2023-10-05 15:03:17 - [TEST_STEP][PASSED] - mouseOver(findTestObject("beli barang/keranjang")): Object: 'Object Repository/beli barang/keranjang' is hovered

2023-10-05 15:03:17 - [MESSAGE][PASSED] - Object: 'Object Repository/beli barang/keranjang' is hovered

2023-10-05 15:03:17 - [TEST_STEP][PASSED] - click(findTestObject("beli barang/Lihat Sekarang")): Object: 'Object Repository/beli barang/Lihat Sekarang' is clicked on

2023-10-05 15:03:18 - [MESSAGE][PASSED] - Object: 'Object Repository/beli barang/Lihat Sekarang' is clicked on

2023-10-05 15:03:18 - [TEST_STEP][PASSED] - verifyElementPresent(findTestObject("keranjang/li_Keranjang Belanja"), 0): Object 'Object Repository/keranjang/li_Keranjang Belanja' is present

2023-10-05 15:03:18 - [MESSAGE][WARNING] - Timeout '0' is invalid. Using default page load timeout: '30'

2023-10-05 15:03:19 - [MESSAGE][PASSED] - Object 'Object Repository/keranjang/li_Keranjang Belanja' is present

2023-10-05 15:03:19 - [TEST_STEP][PASSED] - NamaKeranjang = getText(findTestObject("verifikasi/Nama keranjang")): Text of object 'Object Repository/verifikasi/Nama keranjang' is: 'Segitiga Instan Madeira - MDB5.3 Sunset'

2023-10-05 15:03:20 - [MESSAGE][PASSED] - Text of object 'Object Repository/verifikasi/Nama keranjang' is: 'Segitiga Instan Madeira - MDB5.3 Sunset'

2023-10-05 15:03:20 - [TEST_STEP][PASSED] - HargaKeranjang = getText(findTestObject("verifikasi/Harga Keranjang")): Text of object 'Object Repository/verifikasi/Harga Keranjang' is: 'Rp 1,299'

2023-10-05 15:03:20 - [MESSAGE][PASSED] - Text of object 'Object Repository/verifikasi/Harga Keranjang' is: 'Rp 1,299'

2023-10-05 15:03:20 - [TEST_STEP][PASSED] - if (toString().equalsIgnoreCase("Merah")): Object 'Object Repository/keranjang/input_Warna_variasi101' is checked

2023-10-05 15:03:20 - [TEST_STEP][PASSED] - check(findTestObject("Object Repository/keranjang/input_Warna_variasi101")): Object 'Object Repository/keranjang/input_Warna_variasi101' is checked

2023-10-05 15:03:21 - [MESSAGE][PASSED] - Object 'Object Repository/keranjang/input_Warna_variasi101' is checked

2023-10-05 15:03:21 - [TEST_STEP][PASSED] - if (toString().equalsIgnoreCase("Menengah")): Object 'Object Repository/keranjang/input_Ukuran_variasi201' is checked

2023-10-05 15:03:21 - [TEST_STEP][PASSED] - check(findTestObject("Object Repository/keranjang/input_Ukuran_variasi201")): Object 'Object Repository/keranjang/input_Ukuran_variasi201' is checked

2023-10-05 15:03:21 - [MESSAGE][PASSED] - Object 'Object Repository/keranjang/input_Ukuran_variasi201' is checked

2023-10-05 15:03:21 - [TEST_STEP][PASSED] - data.put("Warna", warna): null

2023-10-05 15:03:21 - [TEST_STEP][PASSED] - data.put("Ukuran", ukuran): null

2023-10-05 15:03:21 - [TEST_STEP][PASSED] - click(findTestObject("keranjang/button_Lanjut ke Pembayaran")): Object: 'Object Repository/keranjang/button_Lanjut ke Pembayaran' is clicked on

2023-10-05 15:03:22 - [MESSAGE][PASSED] - Object: 'Object Repository/keranjang/button_Lanjut ke Pembayaran' is clicked on

2023-10-05 15:03:22 - [TEST_STEP][PASSED] - verifyElementPresent(findTestObject("checkout/Tittle Checkout Order"), 0): Object 'Object Repository/checkout/Tittle Checkout Order' is present

2023-10-05 15:03:23 - [MESSAGE][WARNING] - Timeout '0' is invalid. Using default page load timeout: '30'

2023-10-05 15:03:23 - [MESSAGE][PASSED] - Object 'Object Repository/checkout/Tittle Checkout Order' is present

2023-10-05 15:03:23 - [TEST_STEP][PASSED] - name_product = data.get("nama_barang"): null

2023-10-05 15:03:23 - [TEST_STEP][PASSED] - price_product = data.get("price_barang"): null

2023-10-05 15:03:23 - [TEST_STEP][PASSED] - assert name_product == NamaKeranjang: null

2023-10-05 15:03:23 - [TEST_STEP][PASSED] - assert price_product == HargaKeranjang: null

2023-10-05 15:03:23 - [TEST_STEP][PASSED] - return data: null

2023-10-05 15:03:23 - [MESSAGE][PASSED] - Call Test Case 'Test Cases/T13 Pembelian, Shipment dan Pembayaran/PBL-002' successfully

2023-10-05 15:03:23 - [TEST_STEP][PASSED] - warnaa = getText(findTestObject("verifikasi/warna Merah")): Text of object 'Object Repository/verifikasi/warna Merah' is: 'Merah'

2023-10-05 15:03:24 - [MESSAGE][PASSED] - Text of object 'Object Repository/verifikasi/warna Merah' is: 'Merah'

2023-10-05 15:03:24 - [TEST_STEP][PASSED] - ukurann = getText(findTestObject("verifikasi/Ukuran Menengah")): Text of object 'Object Repository/verifikasi/Ukuran Menengah' is: 'Menengah'

2023-10-05 15:03:24 - [MESSAGE][PASSED] - Text of object 'Object Repository/verifikasi/Ukuran Menengah' is: 'Menengah'

2023-10-05 15:03:24 - [TEST_STEP][PASSED] - warna1 = data.get("Warna"): null

2023-10-05 15:03:24 - [TEST_STEP][PASSED] - ukuran1 = data.get("Ukuran"): null

2023-10-05 15:03:24 - [TEST_STEP][PASSED] - assert warnaa == warna1: null

2023-10-05 15:03:24 - [TEST_STEP][PASSED] - assert ukurann == ukuran1: null

2023-10-05 15:03:24 - [TEST_STEP][PASSED] - NamaCheckout = getText(findTestObject("verifikasi/NamaCheckout")): Text of object 'Object Repository/verifikasi/NamaCheckout' is: ''

2023-10-05 15:03:24 - [MESSAGE][PASSED] - Text of object 'Object Repository/verifikasi/NamaCheckout' is: ''

2023-10-05 15:03:24 - [TEST_STEP][PASSED] - HargaCheckout = getText(findTestObject("verifikasi/HargaCheckout")): Text of object 'Object Repository/verifikasi/HargaCheckout' is: '1,299'

2023-10-05 15:03:25 - [MESSAGE][PASSED] - Text of object 'Object Repository/verifikasi/HargaCheckout' is: '1,299'

2023-10-05 15:03:25 - [TEST_STEP][PASSED] - name_product = data.get("nama_barang"): null

2023-10-05 15:03:25 - [TEST_STEP][PASSED] - price_product = data.get("price_barang"): null

2023-10-05 15:03:25 - [TEST_STEP][PASSED] - assert name_product.contains(NamaCheckout): null

2023-10-05 15:03:25 - [TEST_STEP][PASSED] - assert price_product.contains(HargaCheckout): null

2023-10-05 15:03:25 - [TEST_STEP][PASSED] - selectOptionByLabel(findTestObject("checkout/select - Kirim via Kurir Lokal"), Kurir, false): All options with label 'Roda 2' are selected in object 'Object Repository/checkout/select - Kirim via Kurir Lokal' 

2023-10-05 15:03:25 - [MESSAGE][PASSED] - All options with label 'Roda 2' are selected in object 'Object Repository/checkout/select - Kirim via Kurir Lokal' 

2023-10-05 15:03:25 - [TEST_STEP][PASSED] - click(findTestObject("checkout/Kendaraan Kurir")): Object: 'Object Repository/checkout/Kendaraan Kurir' is clicked on

2023-10-05 15:03:26 - [MESSAGE][PASSED] - Object: 'Object Repository/checkout/Kendaraan Kurir' is clicked on

2023-10-05 15:03:26 - [TEST_STEP][PASSED] - OngkosKirim = getText(findTestObject("Object Repository/verifikasi/Ongkos Kirim checkout")): Text of object 'Object Repository/verifikasi/Ongkos Kirim checkout' is: 'Rp. 5,000'

2023-10-05 15:03:27 - [MESSAGE][PASSED] - Text of object 'Object Repository/verifikasi/Ongkos Kirim checkout' is: 'Rp. 5,000'

2023-10-05 15:03:27 - [TEST_STEP][PASSED] - Ongkos = OngkosKirim.substring(3, OngkosKirim.size()): null

2023-10-05 15:03:27 - [TEST_STEP][PASSED] - rep = Ongkos.replace(",", "."): null

2023-10-05 15:03:27 - [TEST_STEP][PASSED] - Ongkos_kirim = Double.parseDouble(rep): null

2023-10-05 15:03:27 - [TEST_STEP][PASSED] - println(Ongkos_kirim): null

2023-10-05 15:03:27 - [TEST_STEP][PASSED] - FeeAdmin = getText(findTestObject("verifikasi/Fee Admin checkout")): Text of object 'Object Repository/verifikasi/Fee Admin checkout' is: 'Fee Admin
Rp 1,500'

2023-10-05 15:03:27 - [MESSAGE][PASSED] - Text of object 'Object Repository/verifikasi/Fee Admin checkout' is: 'Fee Admin
Rp 1,500'

2023-10-05 15:03:27 - [TEST_STEP][PASSED] - Fee_Admin = FeeAdmin.substring(12, FeeAdmin.size()): null

2023-10-05 15:03:27 - [TEST_STEP][PASSED] - fee = Fee_Admin.replace(",", "."): null

2023-10-05 15:03:27 - [TEST_STEP][PASSED] - fee_admin = Double.parseDouble(fee): null

2023-10-05 15:03:27 - [TEST_STEP][PASSED] - println(fee_admin): null

2023-10-05 15:03:27 - [TEST_STEP][PASSED] - Subtotal = getText(findTestObject("verifikasi/subtotal checkout")): Text of object 'Object Repository/verifikasi/subtotal checkout' is: 'Subtotal
Rp 1,299'

2023-10-05 15:03:28 - [MESSAGE][PASSED] - Text of object 'Object Repository/verifikasi/subtotal checkout' is: 'Subtotal
Rp 1,299'

2023-10-05 15:03:28 - [TEST_STEP][PASSED] - sub_total = Subtotal.substring(12, Subtotal.size()): null

2023-10-05 15:03:28 - [TEST_STEP][PASSED] - sub = sub_total.replace(",", "."): null

2023-10-05 15:03:28 - [TEST_STEP][PASSED] - sub_total = Double.parseDouble(sub): null

2023-10-05 15:03:28 - [TEST_STEP][PASSED] - println(sub_total): null

2023-10-05 15:03:28 - [TEST_STEP][PASSED] - Total = getText(findTestObject("verifikasi/Total checkout")): Text of object 'Object Repository/verifikasi/Total checkout' is: 'Rp 7,799'

2023-10-05 15:03:28 - [MESSAGE][PASSED] - Text of object 'Object Repository/verifikasi/Total checkout' is: 'Rp 7,799'

2023-10-05 15:03:28 - [TEST_STEP][PASSED] - totall = Total.substring(3, Total.size()): null

2023-10-05 15:03:28 - [TEST_STEP][PASSED] - total = totall.replace(",", "."): null

2023-10-05 15:03:28 - [TEST_STEP][PASSED] - totall = Double.parseDouble(total): null

2023-10-05 15:03:28 - [TEST_STEP][PASSED] - println(totall): null

2023-10-05 15:03:28 - [TEST_STEP][PASSED] - Total_Harga = Ongkos_kirim + fee_admin + sub_total: null

2023-10-05 15:03:28 - [TEST_STEP][PASSED] - println(Total_Harga): null

2023-10-05 15:03:28 - [TEST_STEP][PASSED] - TotalHarga = Math.round(Total_Harga * 1000) / 1000: null

2023-10-05 15:03:28 - [TEST_STEP][PASSED] - println(TotalHarga): null

2023-10-05 15:03:28 - [TEST_STEP][PASSED] - assert totall == TotalHarga: null

2023-10-05 15:03:28 - [TEST_STEP][PASSED] - click(findTestObject("verifikasi/Metode Transfer")): Object: 'Object Repository/verifikasi/Metode Transfer' is clicked on

2023-10-05 15:03:29 - [MESSAGE][PASSED] - Object: 'Object Repository/verifikasi/Metode Transfer' is clicked on

2023-10-05 15:03:29 - [TEST_STEP][PASSED] - click(findTestObject("checkout/button_Proses Pembayaran")): Object: 'Object Repository/checkout/button_Proses Pembayaran' is clicked on

2023-10-05 15:03:38 - [MESSAGE][PASSED] - Object: 'Object Repository/checkout/button_Proses Pembayaran' is clicked on

2023-10-05 15:03:38 - [TEST_STEP][PASSED] - verifyElementPresent(findTestObject("pembayaran/Tittle nomor invoice"), 0): Object 'Object Repository/pembayaran/Tittle nomor invoice' is present

2023-10-05 15:03:38 - [MESSAGE][WARNING] - Timeout '0' is invalid. Using default page load timeout: '30'

2023-10-05 15:03:38 - [MESSAGE][PASSED] - Object 'Object Repository/pembayaran/Tittle nomor invoice' is present

2023-10-05 15:03:38 - [TEST_STEP][PASSED] - return data: null

2023-10-05 15:03:38 - [MESSAGE][PASSED] - Call Test Case 'Test Cases/T13 Pembelian, Shipment dan Pembayaran/PBL-004' successfully

2023-10-05 15:03:38 - [TEST_STEP][PASSED] - Invoice = getText(findTestObject("pembayaran/nomor invoice")): Text of object 'Object Repository/pembayaran/nomor invoice' is: 'TRX60.20231005150333'

2023-10-05 15:03:39 - [MESSAGE][PASSED] - Text of object 'Object Repository/pembayaran/nomor invoice' is: 'TRX60.20231005150333'

2023-10-05 15:03:39 - [TEST_STEP][PASSED] - data.put("invoice", Invoice): null

2023-10-05 15:03:39 - [TEST_STEP][PASSED] - NamaPemesan = getText(findTestObject("Konfirmasi pesanan shop/Nama pemesan")): Text of object 'Object Repository/Konfirmasi pesanan shop/Nama pemesan' is: 'irfan.afandi'

2023-10-05 15:03:40 - [MESSAGE][PASSED] - Text of object 'Object Repository/Konfirmasi pesanan shop/Nama pemesan' is: 'irfan.afandi'

2023-10-05 15:03:40 - [TEST_STEP][PASSED] - Nama = getText(findTestObject("pembayaran/Nama barang")): Text of object 'Object Repository/pembayaran/Nama barang' is: 'Segitiga Instan Madeira - MDB5.3 Sunset'

2023-10-05 15:03:40 - [MESSAGE][PASSED] - Text of object 'Object Repository/pembayaran/Nama barang' is: 'Segitiga Instan Madeira - MDB5.3 Sunset'

2023-10-05 15:03:40 - [TEST_STEP][PASSED] - Harga = getText(findTestObject("pembayaran/Harga barang")): Text of object 'Object Repository/pembayaran/Harga barang' is: '1,299'

2023-10-05 15:03:41 - [MESSAGE][PASSED] - Text of object 'Object Repository/pembayaran/Harga barang' is: '1,299'

2023-10-05 15:03:41 - [TEST_STEP][PASSED] - name_product = data.get("nama_barang"): null

2023-10-05 15:03:41 - [TEST_STEP][PASSED] - price_product = data.get("price_barang"): null

2023-10-05 15:03:41 - [TEST_STEP][PASSED] - assert name_product.contains(Nama): null

2023-10-05 15:03:41 - [TEST_STEP][PASSED] - assert price_product.contains(Harga): null

2023-10-05 15:03:41 - [TEST_STEP][PASSED] - warnaa = getText(findTestObject("pembayaran/warna")): Text of object 'Object Repository/pembayaran/warna' is: 'Merah'

2023-10-05 15:03:41 - [MESSAGE][PASSED] - Text of object 'Object Repository/pembayaran/warna' is: 'Merah'

2023-10-05 15:03:41 - [TEST_STEP][PASSED] - ukurann = getText(findTestObject("pembayaran/ukuran")): Text of object 'Object Repository/pembayaran/ukuran' is: 'Menengah'

2023-10-05 15:03:42 - [MESSAGE][PASSED] - Text of object 'Object Repository/pembayaran/ukuran' is: 'Menengah'

2023-10-05 15:03:42 - [TEST_STEP][PASSED] - warna1 = data.get("Warna"): null

2023-10-05 15:03:42 - [TEST_STEP][PASSED] - ukuran1 = data.get("Ukuran"): null

2023-10-05 15:03:42 - [TEST_STEP][PASSED] - assert warnaa == warna1: null

2023-10-05 15:03:42 - [TEST_STEP][PASSED] - assert ukurann == ukuran1: null

2023-10-05 15:03:42 - [TEST_STEP][PASSED] - statusPembelian = getText(findTestObject("verifikasi/Status pending di pembelian")): Text of object 'Object Repository/verifikasi/Status pending di pembelian' is: 'Pending'

2023-10-05 15:03:42 - [MESSAGE][PASSED] - Text of object 'Object Repository/verifikasi/Status pending di pembelian' is: 'Pending'

2023-10-05 15:03:42 - [TEST_STEP][PASSED] - data.put("statusPem", statusPembelian): null

2023-10-05 15:03:42 - [TEST_STEP][PASSED] - OngkosKirim = getText(findTestObject("pembayaran/ongkos kirim")): Text of object 'Object Repository/pembayaran/ongkos kirim' is: 'Rp 5,000'

2023-10-05 15:03:43 - [MESSAGE][PASSED] - Text of object 'Object Repository/pembayaran/ongkos kirim' is: 'Rp 5,000'

2023-10-05 15:03:43 - [TEST_STEP][PASSED] - Ongkos = OngkosKirim.substring(3, OngkosKirim.size()): null

2023-10-05 15:03:43 - [TEST_STEP][PASSED] - rep = Ongkos.replace(",", ""): null

2023-10-05 15:03:43 - [TEST_STEP][PASSED] - Ongkos_kirimm = Integer.parseInt(rep): null

2023-10-05 15:03:43 - [TEST_STEP][PASSED] - println(Ongkos_kirimm): null

2023-10-05 15:03:43 - [TEST_STEP][PASSED] - FeeAdmin = getText(findTestObject("pembayaran/fee admin")): Text of object 'Object Repository/pembayaran/fee admin' is: 'Rp 1,500'

2023-10-05 15:03:43 - [MESSAGE][PASSED] - Text of object 'Object Repository/pembayaran/fee admin' is: 'Rp 1,500'

2023-10-05 15:03:43 - [TEST_STEP][PASSED] - Fee_Admin = FeeAdmin.substring(3, FeeAdmin.size()): null

2023-10-05 15:03:43 - [TEST_STEP][PASSED] - fee = Fee_Admin.replace(",", ""): null

2023-10-05 15:03:43 - [TEST_STEP][PASSED] - fee_adminn = Integer.parseInt(fee): null

2023-10-05 15:03:43 - [TEST_STEP][PASSED] - println(fee_adminn): null

2023-10-05 15:03:43 - [TEST_STEP][PASSED] - Subtotal = getText(findTestObject("pembayaran/subtotal")): Text of object 'Object Repository/pembayaran/subtotal' is: 'Rp 1,299'

2023-10-05 15:03:44 - [MESSAGE][PASSED] - Text of object 'Object Repository/pembayaran/subtotal' is: 'Rp 1,299'

2023-10-05 15:03:44 - [TEST_STEP][PASSED] - sub_total = Subtotal.substring(3, Subtotal.size()): null

2023-10-05 15:03:44 - [TEST_STEP][PASSED] - sub = sub_total.replace(",", ""): null

2023-10-05 15:03:44 - [TEST_STEP][PASSED] - sub_totall = Integer.parseInt(sub): null

2023-10-05 15:03:44 - [TEST_STEP][PASSED] - println(sub_totall): null

2023-10-05 15:03:44 - [TEST_STEP][PASSED] - unik = getText(findTestObject("pembayaran/kode unik")): Text of object 'Object Repository/pembayaran/kode unik' is: '+333'

2023-10-05 15:03:44 - [MESSAGE][PASSED] - Text of object 'Object Repository/pembayaran/kode unik' is: '+333'

2023-10-05 15:03:44 - [TEST_STEP][PASSED] - unikk = unik.replace("+", ""): null

2023-10-05 15:03:44 - [TEST_STEP][PASSED] - kode_unik = Integer.parseInt(unikk): null

2023-10-05 15:03:44 - [TEST_STEP][PASSED] - println(kode_unik): null

2023-10-05 15:03:44 - [TEST_STEP][PASSED] - Total = getText(findTestObject("pembayaran/total")): Text of object 'Object Repository/pembayaran/total' is: '8,132'

2023-10-05 15:03:45 - [MESSAGE][PASSED] - Text of object 'Object Repository/pembayaran/total' is: '8,132'

2023-10-05 15:03:45 - [TEST_STEP][PASSED] - total = Total.replace(",", ""): null

2023-10-05 15:03:45 - [TEST_STEP][PASSED] - totalll = Integer.parseInt(total): null

2023-10-05 15:03:45 - [TEST_STEP][PASSED] - println(totalll): null

2023-10-05 15:03:45 - [TEST_STEP][PASSED] - Total_Hargaa = Ongkos_kirimm + fee_adminn + sub_totall + kode_unik: null

2023-10-05 15:03:45 - [TEST_STEP][PASSED] - println(Total_Hargaa): null

2023-10-05 15:03:45 - [TEST_STEP][PASSED] - assert totalll == Total_Hargaa: null

2023-10-05 15:03:45 - [TEST_STEP][PASSED] - data.put("total", Total): null

2023-10-05 15:03:45 - [TEST_STEP][PASSED] - data.put("nama", NamaPemesan): null

2023-10-05 15:03:45 - [TEST_STEP][PASSED] - return data: null

2023-10-05 15:03:45 - [MESSAGE][PASSED] - Call Test Case 'Test Cases/T13 Pembelian, Shipment dan Pembayaran/PBY-001' successfully

2023-10-05 15:03:45 - [TEST_STEP][PASSED] - inv = data.get("invoice"): null

2023-10-05 15:03:45 - [TEST_STEP][PASSED] - Total = data.get("total"): null

2023-10-05 15:03:45 - [TEST_STEP][PASSED] - NamaPemesan = data.get("nama"): null

2023-10-05 15:03:45 - [TEST_STEP][PASSED] - click(findTestObject("Konfirmasi pesanan shop/Menu Shop")): Object: 'Object Repository/Konfirmasi pesanan shop/Menu Shop' is clicked on

2023-10-05 15:03:46 - [MESSAGE][PASSED] - Object: 'Object Repository/Konfirmasi pesanan shop/Menu Shop' is clicked on

2023-10-05 15:03:46 - [TEST_STEP][PASSED] - click(findTestObject("Konfirmasi pesanan shop/Menu Shop")): Object: 'Object Repository/Konfirmasi pesanan shop/Menu Shop' is clicked on

2023-10-05 15:03:47 - [MESSAGE][PASSED] - Object: 'Object Repository/Konfirmasi pesanan shop/Menu Shop' is clicked on

2023-10-05 15:03:47 - [TEST_STEP][PASSED] - click(findTestObject("Konfirmasi pesanan shop/Konfirmasi Orders")): Object: 'Object Repository/Konfirmasi pesanan shop/Konfirmasi Orders' is clicked on

2023-10-05 15:03:48 - [MESSAGE][PASSED] - Object: 'Object Repository/Konfirmasi pesanan shop/Konfirmasi Orders' is clicked on

2023-10-05 15:03:48 - [TEST_STEP][PASSED] - verifyElementPresent(findTestObject("Konfirmasi pesanan shop/Tittle Konfirmasi Pesanan"), 0): Object 'Object Repository/Konfirmasi pesanan shop/Tittle Konfirmasi Pesanan' is present

2023-10-05 15:03:48 - [MESSAGE][WARNING] - Timeout '0' is invalid. Using default page load timeout: '30'

2023-10-05 15:03:49 - [MESSAGE][PASSED] - Object 'Object Repository/Konfirmasi pesanan shop/Tittle Konfirmasi Pesanan' is present

2023-10-05 15:03:49 - [TEST_STEP][PASSED] - setText(findTestObject("Konfirmasi pesanan shop/input_No Pesanan"), inv): Text 'TRX60.20231005150333' is set on object 'Object Repository/Konfirmasi pesanan shop/input_No Pesanan'

2023-10-05 15:03:50 - [MESSAGE][PASSED] - Text 'TRX60.20231005150333' is set on object 'Object Repository/Konfirmasi pesanan shop/input_No Pesanan'

2023-10-05 15:03:50 - [TEST_STEP][PASSED] - setText(findTestObject("Konfirmasi pesanan shop/input_Alamat E-mai"), "irfan@gmail.com"): Text 'irfan@gmail.com' is set on object 'Object Repository/Konfirmasi pesanan shop/input_Alamat E-mai'

2023-10-05 15:03:50 - [MESSAGE][PASSED] - Text 'irfan@gmail.com' is set on object 'Object Repository/Konfirmasi pesanan shop/input_Alamat E-mai'

2023-10-05 15:03:50 - [TEST_STEP][PASSED] - click(findTestObject("Konfirmasi pesanan shop/button_Submit")): Object: 'Object Repository/Konfirmasi pesanan shop/button_Submit' is clicked on

2023-10-05 15:03:51 - [MESSAGE][PASSED] - Object: 'Object Repository/Konfirmasi pesanan shop/button_Submit' is clicked on

2023-10-05 15:03:51 - [TEST_STEP][PASSED] - verifyElementPresent(findTestObject("Konfirmasi pesanan shop/Tittle nomor invoice"), 0): Object 'Object Repository/Konfirmasi pesanan shop/Tittle nomor invoice' is present

2023-10-05 15:03:52 - [MESSAGE][WARNING] - Timeout '0' is invalid. Using default page load timeout: '30'

2023-10-05 15:03:52 - [MESSAGE][PASSED] - Object 'Object Repository/Konfirmasi pesanan shop/Tittle nomor invoice' is present

2023-10-05 15:03:52 - [TEST_STEP][PASSED] - setText(findTestObject("Konfirmasi pesanan shop/input_Total TagihanTransfer_b"), Total): Text '8,132' is set on object 'Object Repository/Konfirmasi pesanan shop/input_Total TagihanTransfer_b'

2023-10-05 15:03:53 - [MESSAGE][PASSED] - Text '8,132' is set on object 'Object Repository/Konfirmasi pesanan shop/input_Total TagihanTransfer_b'

2023-10-05 15:03:53 - [TEST_STEP][PASSED] - selectOptionByValue(findTestObject("Konfirmasi pesanan shop/select_Bank"), "4", false): All options with value '4' are selected in object 'Object Repository/Konfirmasi pesanan shop/select_Bank' 

2023-10-05 15:03:54 - [MESSAGE][PASSED] - All options with value '4' are selected in object 'Object Repository/Konfirmasi pesanan shop/select_Bank' 

2023-10-05 15:03:54 - [TEST_STEP][PASSED] - setText(findTestObject("Konfirmasi pesanan shop/input_Nama Pengirim_d"), NamaPemesan): Text 'irfan.afandi' is set on object 'Object Repository/Konfirmasi pesanan shop/input_Nama Pengirim_d'

2023-10-05 15:03:55 - [MESSAGE][PASSED] - Text 'irfan.afandi' is set on object 'Object Repository/Konfirmasi pesanan shop/input_Nama Pengirim_d'

2023-10-05 15:03:55 - [TEST_STEP][PASSED] - uploadFile(findTestObject("keranjang/konfirmasi/input_Upload Bukti Transfer_f"), "C:\Users\IRFAN\Downloads\Berkas2.pdf"): File 'C:\Users\IRFAN\Downloads\Berkas2.pdf' sent to object: 'Object Repository/keranjang/konfirmasi/input_Upload Bukti Transfer_f'

2023-10-05 15:03:56 - [MESSAGE][PASSED] - File 'C:\Users\IRFAN\Downloads\Berkas2.pdf' sent to object: 'Object Repository/keranjang/konfirmasi/input_Upload Bukti Transfer_f'

2023-10-05 15:03:56 - [TEST_STEP][PASSED] - click(findTestObject("Konfirmasi pesanan shop/button_Konfirmasi Pembayaran")): Object: 'Object Repository/Konfirmasi pesanan shop/button_Konfirmasi Pembayaran' is clicked on

2023-10-05 15:03:57 - [MESSAGE][PASSED] - Object: 'Object Repository/Konfirmasi pesanan shop/button_Konfirmasi Pembayaran' is clicked on

2023-10-05 15:03:57 - [TEST_STEP][PASSED] - verifyElementPresent(findTestObject("Konfirmasi pesanan shop/Tittle Konfirmasi Pesanan"), 0): Object 'Object Repository/Konfirmasi pesanan shop/Tittle Konfirmasi Pesanan' is present

2023-10-05 15:03:57 - [MESSAGE][WARNING] - Timeout '0' is invalid. Using default page load timeout: '30'

2023-10-05 15:03:57 - [MESSAGE][PASSED] - Object 'Object Repository/Konfirmasi pesanan shop/Tittle Konfirmasi Pesanan' is present

2023-10-05 15:03:57 - [TEST_STEP][PASSED] - verifyElementPresent(findTestObject("Konfirmasi pesanan shop/Tittle massage succes Konfirmasi Pembayaran Pesanan"), 0): Object 'Object Repository/Konfirmasi pesanan shop/Tittle massage succes Konfirmasi Pembayaran Pesanan' is present

2023-10-05 15:03:58 - [MESSAGE][WARNING] - Timeout '0' is invalid. Using default page load timeout: '30'

2023-10-05 15:03:58 - [MESSAGE][PASSED] - Object 'Object Repository/Konfirmasi pesanan shop/Tittle massage succes Konfirmasi Pembayaran Pesanan' is present

2023-10-05 15:03:58 - [TEST_STEP][PASSED] - return data: null

2023-10-05 15:03:58 - [MESSAGE][PASSED] - Call Test Case 'Test Cases/T13 Pembelian, Shipment dan Pembayaran/PBY-004' successfully

2023-10-05 15:03:58 - [TEST_STEP][PASSED] - navigateToUrl("https://10.9.2.63/ecommerce/administrator/"): Navigate to 'https://10.9.2.63/ecommerce/administrator/' successfully

2023-10-05 15:03:58 - [MESSAGE][PASSED] - Navigate to 'https://10.9.2.63/ecommerce/administrator/' successfully

2023-10-05 15:03:58 - [TEST_STEP][PASSED] - verifyElementPresent(findTestObject("admin/Tittle ADMIN Login"), 0): Object 'Object Repository/admin/Tittle ADMIN Login' is present

2023-10-05 15:03:58 - [MESSAGE][WARNING] - Timeout '0' is invalid. Using default page load timeout: '30'

2023-10-05 15:03:59 - [MESSAGE][PASSED] - Object 'Object Repository/admin/Tittle ADMIN Login' is present

2023-10-05 15:03:59 - [TEST_STEP][PASSED] - setText(findTestObject("admin/Username"), "admin"): Text 'admin' is set on object 'Object Repository/admin/Username'

2023-10-05 15:04:00 - [MESSAGE][PASSED] - Text 'admin' is set on object 'Object Repository/admin/Username'

2023-10-05 15:04:00 - [TEST_STEP][PASSED] - setText(findTestObject("admin/Password"), "123admin123"): Text '123admin123' is set on object 'Object Repository/admin/Password'

2023-10-05 15:04:00 - [MESSAGE][PASSED] - Text '123admin123' is set on object 'Object Repository/admin/Password'

2023-10-05 15:04:00 - [TEST_STEP][PASSED] - click(findTestObject("admin/Remember Me")): Object: 'Object Repository/admin/Remember Me' is clicked on

2023-10-05 15:04:01 - [MESSAGE][PASSED] - Object: 'Object Repository/admin/Remember Me' is clicked on

2023-10-05 15:04:01 - [TEST_STEP][PASSED] - delay(10): Delayed 10 second(s)

2023-10-05 15:04:11 - [MESSAGE][PASSED] - Delayed 10 second(s)

2023-10-05 15:04:11 - [TEST_STEP][PASSED] - click(findTestObject("admin/buttom submit")): Object: 'Object Repository/admin/buttom submit' is clicked on

2023-10-05 15:04:13 - [MESSAGE][PASSED] - Object: 'Object Repository/admin/buttom submit' is clicked on

2023-10-05 15:04:13 - [TEST_STEP][PASSED] - verifyElementPresent(findTestObject("admin/Konf order konsumen/Tittle Dashboard"), 0): Object 'Object Repository/admin/Konf order konsumen/Tittle Dashboard' is present

2023-10-05 15:04:13 - [MESSAGE][WARNING] - Timeout '0' is invalid. Using default page load timeout: '30'

2023-10-05 15:04:13 - [MESSAGE][PASSED] - Object 'Object Repository/admin/Konf order konsumen/Tittle Dashboard' is present

2023-10-05 15:04:13 - [TEST_STEP][PASSED] - click(findTestObject("admin/Konf order konsumen/Menu Transaksi Market")): Object: 'Object Repository/admin/Konf order konsumen/Menu Transaksi Market' is clicked on

2023-10-05 15:04:13 - [MESSAGE][PASSED] - Object: 'Object Repository/admin/Konf order konsumen/Menu Transaksi Market' is clicked on

2023-10-05 15:04:13 - [TEST_STEP][PASSED] - click(findTestObject("admin/Konf order konsumen/Menu Konf. Order Konsumen")): Object: 'Object Repository/admin/Konf order konsumen/Menu Konf. Order Konsumen' is clicked on

2023-10-05 15:04:15 - [MESSAGE][PASSED] - Object: 'Object Repository/admin/Konf order konsumen/Menu Konf. Order Konsumen' is clicked on

2023-10-05 15:04:15 - [TEST_STEP][PASSED] - verifyElementPresent(findTestObject("admin/Konf order konsumen/Tittle Data Konfirmasi Pembayaran Konsumen"), 0): Object 'Object Repository/admin/Konf order konsumen/Tittle Data Konfirmasi Pembayaran Konsumen' is present

2023-10-05 15:04:15 - [MESSAGE][WARNING] - Timeout '0' is invalid. Using default page load timeout: '30'

2023-10-05 15:04:15 - [MESSAGE][PASSED] - Object 'Object Repository/admin/Konf order konsumen/Tittle Data Konfirmasi Pembayaran Konsumen' is present

2023-10-05 15:04:15 - [TEST_STEP][PASSED] - inv = data.get("invoice"): null

2023-10-05 15:04:15 - [TEST_STEP][PASSED] - setText(findTestObject("admin/Konf order konsumen/Search"), inv): Text 'TRX60.20231005150333' is set on object 'Object Repository/admin/Konf order konsumen/Search'

2023-10-05 15:04:16 - [MESSAGE][PASSED] - Text 'TRX60.20231005150333' is set on object 'Object Repository/admin/Konf order konsumen/Search'

2023-10-05 15:04:16 - [TEST_STEP][PASSED] - verifyElementText(findTestObject("admin/Konf order konsumen/Keterangan Lunas"), "Lunas"): Actual text and expected text of test object 'Object Repository/admin/Konf order konsumen/Keterangan Lunas' are matched.

2023-10-05 15:04:17 - [MESSAGE][PASSED] - Actual text and expected text of test object 'Object Repository/admin/Konf order konsumen/Keterangan Lunas' are matched.

2023-10-05 15:04:17 - [TEST_STEP][PASSED] - return data: null

2023-10-05 15:04:17 - [MESSAGE][PASSED] - Call Test Case 'Test Cases/T13 Pembelian, Shipment dan Pembayaran/PBYA-001' successfully

2023-10-05 15:04:17 - [TEST_STEP][PASSED] - click(findTestObject("admin/Penjualan ke konsumen/buttom Dashboard")): Object: 'Object Repository/admin/Penjualan ke konsumen/buttom Dashboard' is clicked on

2023-10-05 15:04:17 - [MESSAGE][PASSED] - Object: 'Object Repository/admin/Penjualan ke konsumen/buttom Dashboard' is clicked on

2023-10-05 15:04:17 - [TEST_STEP][PASSED] - click(findTestObject("admin/Konf order konsumen/Menu Transaksi Market")): Object: 'Object Repository/admin/Konf order konsumen/Menu Transaksi Market' is clicked on

2023-10-05 15:04:18 - [MESSAGE][PASSED] - Object: 'Object Repository/admin/Konf order konsumen/Menu Transaksi Market' is clicked on

2023-10-05 15:04:18 - [TEST_STEP][PASSED] - click(findTestObject("admin/Penjualan ke konsumen/a_Penjualan ke Konsumen")): Object: 'Object Repository/admin/Penjualan ke konsumen/a_Penjualan ke Konsumen' is clicked on

2023-10-05 15:04:21 - [MESSAGE][PASSED] - Object: 'Object Repository/admin/Penjualan ke konsumen/a_Penjualan ke Konsumen' is clicked on

2023-10-05 15:04:21 - [TEST_STEP][PASSED] - verifyElementPresent(findTestObject("admin/Tittle Data Transaksi Penjualan  Orderan Konsumen"), 0): Object 'Object Repository/admin/Tittle Data Transaksi Penjualan  Orderan Konsumen' is present

2023-10-05 15:04:21 - [MESSAGE][WARNING] - Timeout '0' is invalid. Using default page load timeout: '30'

2023-10-05 15:04:22 - [MESSAGE][PASSED] - Object 'Object Repository/admin/Tittle Data Transaksi Penjualan  Orderan Konsumen' is present

2023-10-05 15:04:22 - [TEST_STEP][PASSED] - return data: null]]></system-out>
         <system-err><![CDATA[]]></system-err>
      </testcase>
      <testcase name="Test Cases/T13 Pembelian, Shipment dan Pembayaran/SA-002" time="97.705" classname="Test Cases/T13 Pembelian, Shipment dan Pembayaran/SA-002" status="PASSED">
         <system-out><![CDATA[2023-10-05 15:04:22 - [TEST_CASE][PASSED] - Test Cases/T13 Pembelian, Shipment dan Pembayaran/SA-002: Test Cases/T13 Pembelian, Shipment dan Pembayaran/SA-002

2023-10-05 15:04:22 - [TEST_STEP][PASSED] - data = callTestCase(findTestCase("T13 Pembelian, Shipment dan Pembayaran/SA-001"), [:], STOP_ON_FAILURE): Call Test Case 'Test Cases/T13 Pembelian, Shipment dan Pembayaran/SA-001' successfully

2023-10-05 15:04:22 - [TEST_CASE][PASSED] - Test Cases/T13 Pembelian, Shipment dan Pembayaran/SA-001: Test Cases/T13 Pembelian, Shipment dan Pembayaran/SA-001

2023-10-05 15:04:22 - [TEST_STEP][PASSED] - data = callTestCase(findTestCase("T13 Pembelian, Shipment dan Pembayaran/PBYA-001"), [:], STOP_ON_FAILURE): Call Test Case 'Test Cases/T13 Pembelian, Shipment dan Pembayaran/PBYA-001' successfully

2023-10-05 15:04:22 - [TEST_CASE][PASSED] - Test Cases/T13 Pembelian, Shipment dan Pembayaran/PBYA-001: Test Cases/T13 Pembelian, Shipment dan Pembayaran/PBYA-001

2023-10-05 15:04:22 - [TEST_STEP][PASSED] - data = callTestCase(findTestCase("T13 Pembelian, Shipment dan Pembayaran/PBY-004"), [:], STOP_ON_FAILURE): Call Test Case 'Test Cases/T13 Pembelian, Shipment dan Pembayaran/PBY-004' successfully

2023-10-05 15:04:22 - [TEST_CASE][PASSED] - Test Cases/T13 Pembelian, Shipment dan Pembayaran/PBY-004: Test Cases/T13 Pembelian, Shipment dan Pembayaran/PBY-004

2023-10-05 15:04:22 - [TEST_STEP][PASSED] - data = callTestCase(findTestCase("T13 Pembelian, Shipment dan Pembayaran/PBY-001"), [:], STOP_ON_FAILURE): Call Test Case 'Test Cases/T13 Pembelian, Shipment dan Pembayaran/PBY-001' successfully

2023-10-05 15:04:22 - [TEST_CASE][PASSED] - Test Cases/T13 Pembelian, Shipment dan Pembayaran/PBY-001: Test Cases/T13 Pembelian, Shipment dan Pembayaran/PBY-001

2023-10-05 15:04:22 - [TEST_STEP][PASSED] - data = callTestCase(findTestCase("T13 Pembelian, Shipment dan Pembayaran/PBL-004"), ["Kurir":"Roda 2"], STOP_ON_FAILURE): Call Test Case 'Test Cases/T13 Pembelian, Shipment dan Pembayaran/PBL-004' successfully

2023-10-05 15:04:22 - [TEST_CASE][PASSED] - Test Cases/T13 Pembelian, Shipment dan Pembayaran/PBL-004: Test Cases/T13 Pembelian, Shipment dan Pembayaran/PBL-004

2023-10-05 15:04:23 - [TEST_STEP][PASSED] - data = callTestCase(findTestCase("T13 Pembelian, Shipment dan Pembayaran/PBL-002"), [:], STOP_ON_FAILURE): Call Test Case 'Test Cases/T13 Pembelian, Shipment dan Pembayaran/PBL-002' successfully

2023-10-05 15:04:23 - [TEST_CASE][PASSED] - Test Cases/T13 Pembelian, Shipment dan Pembayaran/PBL-002: Test Cases/T13 Pembelian, Shipment dan Pembayaran/PBL-002

2023-10-05 15:04:23 - [TEST_STEP][PASSED] - data = callTestCase(findTestCase("T13 Pembelian, Shipment dan Pembayaran/PBL-001"), [:], STOP_ON_FAILURE): Call Test Case 'Test Cases/T13 Pembelian, Shipment dan Pembayaran/PBL-001' successfully

2023-10-05 15:04:23 - [TEST_CASE][PASSED] - Test Cases/T13 Pembelian, Shipment dan Pembayaran/PBL-001: Test Cases/T13 Pembelian, Shipment dan Pembayaran/PBL-001

2023-10-05 15:04:23 - [TEST_STEP][PASSED] - callTestCase(findTestCase("T13 Pembelian, Shipment dan Pembayaran/LU-001"), ["username":"irfanafandi", "password":"12345irfan"], STOP_ON_FAILURE): Call Test Case 'Test Cases/T13 Pembelian, Shipment dan Pembayaran/LU-001' successfully

2023-10-05 15:04:23 - [TEST_CASE][PASSED] - Test Cases/T13 Pembelian, Shipment dan Pembayaran/LU-001: Test Cases/T13 Pembelian, Shipment dan Pembayaran/LU-001

2023-10-05 15:04:23 - [TEST_STEP][PASSED] - openBrowser("https://10.9.2.63/ecommerce/"): Browser is opened with url: 'https://10.9.2.63/ecommerce/'

2023-10-05 15:04:23 - [MESSAGE][WARNING] - A browser is already opened. Closing browser and opening a new one

2023-10-05 15:04:24 - [MESSAGE][INFO] - Starting 'Edge Chromium' driver

2023-10-05 15:04:24 - [MESSAGE][INFO] - User set preference: ['acceptInsecureCerts', 'true']

2023-10-05 15:04:26 - [MESSAGE][INFO] - Action delay is set to 0 milliseconds

2023-10-05 15:04:30 - [MESSAGE][PASSED] - Browser is opened with url: 'https://10.9.2.63/ecommerce/'

2023-10-05 15:04:30 - [TEST_STEP][PASSED] - maximizeWindow(): Current window maximized

2023-10-05 15:04:30 - [MESSAGE][PASSED] - Current window maximized

2023-10-05 15:04:30 - [TEST_STEP][PASSED] - verifyElementPresent(findTestObject("Login/Home"), 0): Object 'Object Repository/Login/Home' is present

2023-10-05 15:04:30 - [MESSAGE][WARNING] - Timeout '0' is invalid. Using default page load timeout: '30'

2023-10-05 15:04:31 - [MESSAGE][PASSED] - Object 'Object Repository/Login/Home' is present

2023-10-05 15:04:31 - [TEST_STEP][PASSED] - click(findTestObject("Login/a_Login")): Object: 'Object Repository/Login/a_Login' is clicked on

2023-10-05 15:04:31 - [MESSAGE][PASSED] - Object: 'Object Repository/Login/a_Login' is clicked on

2023-10-05 15:04:31 - [TEST_STEP][PASSED] - verifyElementPresent(findTestObject("Login/Tittle Login"), 0): Object 'Object Repository/Login/Tittle Login' is present

2023-10-05 15:04:31 - [MESSAGE][WARNING] - Timeout '0' is invalid. Using default page load timeout: '30'

2023-10-05 15:04:32 - [MESSAGE][PASSED] - Object 'Object Repository/Login/Tittle Login' is present

2023-10-05 15:04:32 - [TEST_STEP][PASSED] - setText(findTestObject("Login/input_Username, Email atau No. Handphone_a"), username): Text 'irfanafandi' is set on object 'Object Repository/Login/input_Username, Email atau No. Handphone_a'

2023-10-05 15:04:33 - [MESSAGE][PASSED] - Text 'irfanafandi' is set on object 'Object Repository/Login/input_Username, Email atau No. Handphone_a'

2023-10-05 15:04:33 - [TEST_STEP][PASSED] - setText(findTestObject("Login/input_Password_b"), password): Text '12345irfan' is set on object 'Object Repository/Login/input_Password_b'

2023-10-05 15:04:34 - [MESSAGE][PASSED] - Text '12345irfan' is set on object 'Object Repository/Login/input_Password_b'

2023-10-05 15:04:34 - [TEST_STEP][PASSED] - click(findTestObject("Login/label_Ingat saya")): Object: 'Object Repository/Login/label_Ingat saya' is clicked on

2023-10-05 15:04:34 - [MESSAGE][PASSED] - Object: 'Object Repository/Login/label_Ingat saya' is clicked on

2023-10-05 15:04:34 - [TEST_STEP][PASSED] - click(findTestObject("Login/button_Masuk")): Object: 'Object Repository/Login/button_Masuk' is clicked on

2023-10-05 15:04:36 - [MESSAGE][PASSED] - Object: 'Object Repository/Login/button_Masuk' is clicked on

2023-10-05 15:04:36 - [TEST_STEP][PASSED] - verifyElementPresent(findTestObject("Login/li_Profile"), 0): Object 'Object Repository/Login/li_Profile' is present

2023-10-05 15:04:36 - [MESSAGE][WARNING] - Timeout '0' is invalid. Using default page load timeout: '30'

2023-10-05 15:04:37 - [MESSAGE][PASSED] - Object 'Object Repository/Login/li_Profile' is present

2023-10-05 15:04:37 - [MESSAGE][PASSED] - Call Test Case 'Test Cases/T13 Pembelian, Shipment dan Pembayaran/LU-001' successfully

2023-10-05 15:04:37 - [TEST_STEP][PASSED] - mouseOver(findTestObject("beli barang/i_Mulai Belanja_icon-menu")): Object: 'Object Repository/beli barang/i_Mulai Belanja_icon-menu' is hovered

2023-10-05 15:04:37 - [MESSAGE][PASSED] - Object: 'Object Repository/beli barang/i_Mulai Belanja_icon-menu' is hovered

2023-10-05 15:04:37 - [TEST_STEP][PASSED] - click(findTestObject("beli barang/a_Fashion  Busana Wanita")): Object: 'Object Repository/beli barang/a_Fashion  Busana Wanita' is clicked on

2023-10-05 15:04:39 - [MESSAGE][PASSED] - Object: 'Object Repository/beli barang/a_Fashion  Busana Wanita' is clicked on

2023-10-05 15:04:39 - [TEST_STEP][PASSED] - NamaSebelum = getText(findTestObject("verifikasi/Nama sebelum")): Text of object 'Object Repository/verifikasi/Nama sebelum' is: ''

2023-10-05 15:04:39 - [MESSAGE][PASSED] - Text of object 'Object Repository/verifikasi/Nama sebelum' is: ''

2023-10-05 15:04:39 - [TEST_STEP][PASSED] - HargaSebelum = getText(findTestObject("verifikasi/Harga sebelum")): Text of object 'Object Repository/verifikasi/Harga sebelum' is: 'Rp 1,299'

2023-10-05 15:04:40 - [MESSAGE][PASSED] - Text of object 'Object Repository/verifikasi/Harga sebelum' is: 'Rp 1,299'

2023-10-05 15:04:40 - [TEST_STEP][PASSED] - mouseOver(findTestObject("beli barang/barang mouse over")): Object: 'Object Repository/beli barang/barang mouse over' is hovered

2023-10-05 15:04:40 - [MESSAGE][PASSED] - Object: 'Object Repository/beli barang/barang mouse over' is hovered

2023-10-05 15:04:40 - [TEST_STEP][PASSED] - click(findTestObject("beli barang/buttom add to cart")): Object: 'Object Repository/beli barang/buttom add to cart' is clicked on

2023-10-05 15:04:42 - [MESSAGE][PASSED] - Object: 'Object Repository/beli barang/buttom add to cart' is clicked on

2023-10-05 15:04:42 - [TEST_STEP][PASSED] - NamaSesudah = getText(findTestObject("verifikasi/Nama sesudah")): Text of object 'Object Repository/verifikasi/Nama sesudah' is: 'Segitiga Instan Madeira - MDB5.3 Sunset'

2023-10-05 15:04:43 - [MESSAGE][PASSED] - Text of object 'Object Repository/verifikasi/Nama sesudah' is: 'Segitiga Instan Madeira - MDB5.3 Sunset'

2023-10-05 15:04:43 - [TEST_STEP][PASSED] - HargaSesudah = getText(findTestObject("verifikasi/Harga sesudah")): Text of object 'Object Repository/verifikasi/Harga sesudah' is: 'Rp 1,299'

2023-10-05 15:04:43 - [MESSAGE][PASSED] - Text of object 'Object Repository/verifikasi/Harga sesudah' is: 'Rp 1,299'

2023-10-05 15:04:43 - [TEST_STEP][PASSED] - assert NamaSesudah.contains(NamaSebelum): null

2023-10-05 15:04:43 - [TEST_STEP][PASSED] - assert HargaSesudah.contains(HargaSebelum): null

2023-10-05 15:04:43 - [TEST_STEP][PASSED] - click(findTestObject("beli barang/Tambah Keranjang busana wanita")): Object: 'Object Repository/beli barang/Tambah Keranjang busana wanita' is clicked on

2023-10-05 15:04:44 - [MESSAGE][PASSED] - Object: 'Object Repository/beli barang/Tambah Keranjang busana wanita' is clicked on

2023-10-05 15:04:44 - [TEST_STEP][PASSED] - verifyElementPresent(findTestObject("checkout/Notifikasi keranjang"), 1): Object 'Object Repository/checkout/Notifikasi keranjang' is present

2023-10-05 15:04:45 - [MESSAGE][PASSED] - Object 'Object Repository/checkout/Notifikasi keranjang' is present

2023-10-05 15:04:45 - [TEST_STEP][PASSED] - data = new java.util.HashMap(): null

2023-10-05 15:04:45 - [TEST_STEP][PASSED] - data.put("nama_barang", NamaSesudah): null

2023-10-05 15:04:45 - [TEST_STEP][PASSED] - data.put("price_barang", HargaSesudah): null

2023-10-05 15:04:45 - [TEST_STEP][PASSED] - return data: null

2023-10-05 15:04:45 - [MESSAGE][PASSED] - Call Test Case 'Test Cases/T13 Pembelian, Shipment dan Pembayaran/PBL-001' successfully

2023-10-05 15:04:45 - [TEST_STEP][PASSED] - mouseOver(findTestObject("beli barang/keranjang")): Object: 'Object Repository/beli barang/keranjang' is hovered

2023-10-05 15:04:45 - [MESSAGE][PASSED] - Object: 'Object Repository/beli barang/keranjang' is hovered

2023-10-05 15:04:45 - [TEST_STEP][PASSED] - click(findTestObject("beli barang/Lihat Sekarang")): Object: 'Object Repository/beli barang/Lihat Sekarang' is clicked on

2023-10-05 15:04:46 - [MESSAGE][PASSED] - Object: 'Object Repository/beli barang/Lihat Sekarang' is clicked on

2023-10-05 15:04:46 - [TEST_STEP][PASSED] - verifyElementPresent(findTestObject("keranjang/li_Keranjang Belanja"), 0): Object 'Object Repository/keranjang/li_Keranjang Belanja' is present

2023-10-05 15:04:47 - [MESSAGE][WARNING] - Timeout '0' is invalid. Using default page load timeout: '30'

2023-10-05 15:04:47 - [MESSAGE][PASSED] - Object 'Object Repository/keranjang/li_Keranjang Belanja' is present

2023-10-05 15:04:47 - [TEST_STEP][PASSED] - NamaKeranjang = getText(findTestObject("verifikasi/Nama keranjang")): Text of object 'Object Repository/verifikasi/Nama keranjang' is: 'Segitiga Instan Madeira - MDB5.3 Sunset'

2023-10-05 15:04:48 - [MESSAGE][PASSED] - Text of object 'Object Repository/verifikasi/Nama keranjang' is: 'Segitiga Instan Madeira - MDB5.3 Sunset'

2023-10-05 15:04:48 - [TEST_STEP][PASSED] - HargaKeranjang = getText(findTestObject("verifikasi/Harga Keranjang")): Text of object 'Object Repository/verifikasi/Harga Keranjang' is: 'Rp 1,299'

2023-10-05 15:04:48 - [MESSAGE][PASSED] - Text of object 'Object Repository/verifikasi/Harga Keranjang' is: 'Rp 1,299'

2023-10-05 15:04:48 - [TEST_STEP][PASSED] - if (toString().equalsIgnoreCase("Merah")): Object 'Object Repository/keranjang/input_Warna_variasi101' is checked

2023-10-05 15:04:48 - [TEST_STEP][PASSED] - check(findTestObject("Object Repository/keranjang/input_Warna_variasi101")): Object 'Object Repository/keranjang/input_Warna_variasi101' is checked

2023-10-05 15:04:49 - [MESSAGE][PASSED] - Object 'Object Repository/keranjang/input_Warna_variasi101' is checked

2023-10-05 15:04:49 - [TEST_STEP][PASSED] - if (toString().equalsIgnoreCase("Menengah")): Object 'Object Repository/keranjang/input_Ukuran_variasi201' is checked

2023-10-05 15:04:49 - [TEST_STEP][PASSED] - check(findTestObject("Object Repository/keranjang/input_Ukuran_variasi201")): Object 'Object Repository/keranjang/input_Ukuran_variasi201' is checked

2023-10-05 15:04:49 - [MESSAGE][PASSED] - Object 'Object Repository/keranjang/input_Ukuran_variasi201' is checked

2023-10-05 15:04:49 - [TEST_STEP][PASSED] - data.put("Warna", warna): null

2023-10-05 15:04:49 - [TEST_STEP][PASSED] - data.put("Ukuran", ukuran): null

2023-10-05 15:04:49 - [TEST_STEP][PASSED] - click(findTestObject("keranjang/button_Lanjut ke Pembayaran")): Object: 'Object Repository/keranjang/button_Lanjut ke Pembayaran' is clicked on

2023-10-05 15:04:51 - [MESSAGE][PASSED] - Object: 'Object Repository/keranjang/button_Lanjut ke Pembayaran' is clicked on

2023-10-05 15:04:51 - [TEST_STEP][PASSED] - verifyElementPresent(findTestObject("checkout/Tittle Checkout Order"), 0): Object 'Object Repository/checkout/Tittle Checkout Order' is present

2023-10-05 15:04:51 - [MESSAGE][WARNING] - Timeout '0' is invalid. Using default page load timeout: '30'

2023-10-05 15:04:51 - [MESSAGE][PASSED] - Object 'Object Repository/checkout/Tittle Checkout Order' is present

2023-10-05 15:04:51 - [TEST_STEP][PASSED] - name_product = data.get("nama_barang"): null

2023-10-05 15:04:51 - [TEST_STEP][PASSED] - price_product = data.get("price_barang"): null

2023-10-05 15:04:51 - [TEST_STEP][PASSED] - assert name_product == NamaKeranjang: null

2023-10-05 15:04:51 - [TEST_STEP][PASSED] - assert price_product == HargaKeranjang: null

2023-10-05 15:04:51 - [TEST_STEP][PASSED] - return data: null

2023-10-05 15:04:51 - [MESSAGE][PASSED] - Call Test Case 'Test Cases/T13 Pembelian, Shipment dan Pembayaran/PBL-002' successfully

2023-10-05 15:04:51 - [TEST_STEP][PASSED] - warnaa = getText(findTestObject("verifikasi/warna Merah")): Text of object 'Object Repository/verifikasi/warna Merah' is: 'Merah'

2023-10-05 15:04:52 - [MESSAGE][PASSED] - Text of object 'Object Repository/verifikasi/warna Merah' is: 'Merah'

2023-10-05 15:04:52 - [TEST_STEP][PASSED] - ukurann = getText(findTestObject("verifikasi/Ukuran Menengah")): Text of object 'Object Repository/verifikasi/Ukuran Menengah' is: 'Menengah'

2023-10-05 15:04:52 - [MESSAGE][PASSED] - Text of object 'Object Repository/verifikasi/Ukuran Menengah' is: 'Menengah'

2023-10-05 15:04:52 - [TEST_STEP][PASSED] - warna1 = data.get("Warna"): null

2023-10-05 15:04:52 - [TEST_STEP][PASSED] - ukuran1 = data.get("Ukuran"): null

2023-10-05 15:04:52 - [TEST_STEP][PASSED] - assert warnaa == warna1: null

2023-10-05 15:04:52 - [TEST_STEP][PASSED] - assert ukurann == ukuran1: null

2023-10-05 15:04:52 - [TEST_STEP][PASSED] - NamaCheckout = getText(findTestObject("verifikasi/NamaCheckout")): Text of object 'Object Repository/verifikasi/NamaCheckout' is: ''

2023-10-05 15:04:52 - [MESSAGE][PASSED] - Text of object 'Object Repository/verifikasi/NamaCheckout' is: ''

2023-10-05 15:04:52 - [TEST_STEP][PASSED] - HargaCheckout = getText(findTestObject("verifikasi/HargaCheckout")): Text of object 'Object Repository/verifikasi/HargaCheckout' is: '1,299'

2023-10-05 15:04:53 - [MESSAGE][PASSED] - Text of object 'Object Repository/verifikasi/HargaCheckout' is: '1,299'

2023-10-05 15:04:53 - [TEST_STEP][PASSED] - name_product = data.get("nama_barang"): null

2023-10-05 15:04:53 - [TEST_STEP][PASSED] - price_product = data.get("price_barang"): null

2023-10-05 15:04:53 - [TEST_STEP][PASSED] - assert name_product.contains(NamaCheckout): null

2023-10-05 15:04:53 - [TEST_STEP][PASSED] - assert price_product.contains(HargaCheckout): null

2023-10-05 15:04:53 - [TEST_STEP][PASSED] - selectOptionByLabel(findTestObject("checkout/select - Kirim via Kurir Lokal"), Kurir, false): All options with label 'Roda 2' are selected in object 'Object Repository/checkout/select - Kirim via Kurir Lokal' 

2023-10-05 15:04:54 - [MESSAGE][PASSED] - All options with label 'Roda 2' are selected in object 'Object Repository/checkout/select - Kirim via Kurir Lokal' 

2023-10-05 15:04:54 - [TEST_STEP][PASSED] - click(findTestObject("checkout/Kendaraan Kurir")): Object: 'Object Repository/checkout/Kendaraan Kurir' is clicked on

2023-10-05 15:04:54 - [MESSAGE][PASSED] - Object: 'Object Repository/checkout/Kendaraan Kurir' is clicked on

2023-10-05 15:04:54 - [TEST_STEP][PASSED] - OngkosKirim = getText(findTestObject("Object Repository/verifikasi/Ongkos Kirim checkout")): Text of object 'Object Repository/verifikasi/Ongkos Kirim checkout' is: 'Rp. 5,000'

2023-10-05 15:04:55 - [MESSAGE][PASSED] - Text of object 'Object Repository/verifikasi/Ongkos Kirim checkout' is: 'Rp. 5,000'

2023-10-05 15:04:55 - [TEST_STEP][PASSED] - Ongkos = OngkosKirim.substring(3, OngkosKirim.size()): null

2023-10-05 15:04:55 - [TEST_STEP][PASSED] - rep = Ongkos.replace(",", "."): null

2023-10-05 15:04:55 - [TEST_STEP][PASSED] - Ongkos_kirim = Double.parseDouble(rep): null

2023-10-05 15:04:55 - [TEST_STEP][PASSED] - println(Ongkos_kirim): null

2023-10-05 15:04:55 - [TEST_STEP][PASSED] - FeeAdmin = getText(findTestObject("verifikasi/Fee Admin checkout")): Text of object 'Object Repository/verifikasi/Fee Admin checkout' is: 'Fee Admin
Rp 1,500'

2023-10-05 15:04:55 - [MESSAGE][PASSED] - Text of object 'Object Repository/verifikasi/Fee Admin checkout' is: 'Fee Admin
Rp 1,500'

2023-10-05 15:04:55 - [TEST_STEP][PASSED] - Fee_Admin = FeeAdmin.substring(12, FeeAdmin.size()): null

2023-10-05 15:04:55 - [TEST_STEP][PASSED] - fee = Fee_Admin.replace(",", "."): null

2023-10-05 15:04:55 - [TEST_STEP][PASSED] - fee_admin = Double.parseDouble(fee): null

2023-10-05 15:04:55 - [TEST_STEP][PASSED] - println(fee_admin): null

2023-10-05 15:04:55 - [TEST_STEP][PASSED] - Subtotal = getText(findTestObject("verifikasi/subtotal checkout")): Text of object 'Object Repository/verifikasi/subtotal checkout' is: 'Subtotal
Rp 1,299'

2023-10-05 15:04:56 - [MESSAGE][PASSED] - Text of object 'Object Repository/verifikasi/subtotal checkout' is: 'Subtotal
Rp 1,299'

2023-10-05 15:04:56 - [TEST_STEP][PASSED] - sub_total = Subtotal.substring(12, Subtotal.size()): null

2023-10-05 15:04:56 - [TEST_STEP][PASSED] - sub = sub_total.replace(",", "."): null

2023-10-05 15:04:56 - [TEST_STEP][PASSED] - sub_total = Double.parseDouble(sub): null

2023-10-05 15:04:56 - [TEST_STEP][PASSED] - println(sub_total): null

2023-10-05 15:04:56 - [TEST_STEP][PASSED] - Total = getText(findTestObject("verifikasi/Total checkout")): Text of object 'Object Repository/verifikasi/Total checkout' is: 'Rp 7,799'

2023-10-05 15:04:56 - [MESSAGE][PASSED] - Text of object 'Object Repository/verifikasi/Total checkout' is: 'Rp 7,799'

2023-10-05 15:04:56 - [TEST_STEP][PASSED] - totall = Total.substring(3, Total.size()): null

2023-10-05 15:04:56 - [TEST_STEP][PASSED] - total = totall.replace(",", "."): null

2023-10-05 15:04:56 - [TEST_STEP][PASSED] - totall = Double.parseDouble(total): null

2023-10-05 15:04:56 - [TEST_STEP][PASSED] - println(totall): null

2023-10-05 15:04:56 - [TEST_STEP][PASSED] - Total_Harga = Ongkos_kirim + fee_admin + sub_total: null

2023-10-05 15:04:56 - [TEST_STEP][PASSED] - println(Total_Harga): null

2023-10-05 15:04:56 - [TEST_STEP][PASSED] - TotalHarga = Math.round(Total_Harga * 1000) / 1000: null

2023-10-05 15:04:56 - [TEST_STEP][PASSED] - println(TotalHarga): null

2023-10-05 15:04:56 - [TEST_STEP][PASSED] - assert totall == TotalHarga: null

2023-10-05 15:04:56 - [TEST_STEP][PASSED] - click(findTestObject("verifikasi/Metode Transfer")): Object: 'Object Repository/verifikasi/Metode Transfer' is clicked on

2023-10-05 15:04:57 - [MESSAGE][PASSED] - Object: 'Object Repository/verifikasi/Metode Transfer' is clicked on

2023-10-05 15:04:57 - [TEST_STEP][PASSED] - click(findTestObject("checkout/button_Proses Pembayaran")): Object: 'Object Repository/checkout/button_Proses Pembayaran' is clicked on

2023-10-05 15:05:05 - [MESSAGE][PASSED] - Object: 'Object Repository/checkout/button_Proses Pembayaran' is clicked on

2023-10-05 15:05:05 - [TEST_STEP][PASSED] - verifyElementPresent(findTestObject("pembayaran/Tittle nomor invoice"), 0): Object 'Object Repository/pembayaran/Tittle nomor invoice' is present

2023-10-05 15:05:05 - [MESSAGE][WARNING] - Timeout '0' is invalid. Using default page load timeout: '30'

2023-10-05 15:05:05 - [MESSAGE][PASSED] - Object 'Object Repository/pembayaran/Tittle nomor invoice' is present

2023-10-05 15:05:05 - [TEST_STEP][PASSED] - return data: null

2023-10-05 15:05:05 - [MESSAGE][PASSED] - Call Test Case 'Test Cases/T13 Pembelian, Shipment dan Pembayaran/PBL-004' successfully

2023-10-05 15:05:05 - [TEST_STEP][PASSED] - Invoice = getText(findTestObject("pembayaran/nomor invoice")): Text of object 'Object Repository/pembayaran/nomor invoice' is: 'TRX60.20231005150501'

2023-10-05 15:05:06 - [MESSAGE][PASSED] - Text of object 'Object Repository/pembayaran/nomor invoice' is: 'TRX60.20231005150501'

2023-10-05 15:05:06 - [TEST_STEP][PASSED] - data.put("invoice", Invoice): null

2023-10-05 15:05:06 - [TEST_STEP][PASSED] - NamaPemesan = getText(findTestObject("Konfirmasi pesanan shop/Nama pemesan")): Text of object 'Object Repository/Konfirmasi pesanan shop/Nama pemesan' is: 'irfan.afandi'

2023-10-05 15:05:07 - [MESSAGE][PASSED] - Text of object 'Object Repository/Konfirmasi pesanan shop/Nama pemesan' is: 'irfan.afandi'

2023-10-05 15:05:07 - [TEST_STEP][PASSED] - Nama = getText(findTestObject("pembayaran/Nama barang")): Text of object 'Object Repository/pembayaran/Nama barang' is: 'Segitiga Instan Madeira - MDB5.3 Sunset'

2023-10-05 15:05:07 - [MESSAGE][PASSED] - Text of object 'Object Repository/pembayaran/Nama barang' is: 'Segitiga Instan Madeira - MDB5.3 Sunset'

2023-10-05 15:05:07 - [TEST_STEP][PASSED] - Harga = getText(findTestObject("pembayaran/Harga barang")): Text of object 'Object Repository/pembayaran/Harga barang' is: '1,299'

2023-10-05 15:05:08 - [MESSAGE][PASSED] - Text of object 'Object Repository/pembayaran/Harga barang' is: '1,299'

2023-10-05 15:05:08 - [TEST_STEP][PASSED] - name_product = data.get("nama_barang"): null

2023-10-05 15:05:08 - [TEST_STEP][PASSED] - price_product = data.get("price_barang"): null

2023-10-05 15:05:08 - [TEST_STEP][PASSED] - assert name_product.contains(Nama): null

2023-10-05 15:05:08 - [TEST_STEP][PASSED] - assert price_product.contains(Harga): null

2023-10-05 15:05:08 - [TEST_STEP][PASSED] - warnaa = getText(findTestObject("pembayaran/warna")): Text of object 'Object Repository/pembayaran/warna' is: 'Merah'

2023-10-05 15:05:08 - [MESSAGE][PASSED] - Text of object 'Object Repository/pembayaran/warna' is: 'Merah'

2023-10-05 15:05:08 - [TEST_STEP][PASSED] - ukurann = getText(findTestObject("pembayaran/ukuran")): Text of object 'Object Repository/pembayaran/ukuran' is: 'Menengah'

2023-10-05 15:05:09 - [MESSAGE][PASSED] - Text of object 'Object Repository/pembayaran/ukuran' is: 'Menengah'

2023-10-05 15:05:09 - [TEST_STEP][PASSED] - warna1 = data.get("Warna"): null

2023-10-05 15:05:09 - [TEST_STEP][PASSED] - ukuran1 = data.get("Ukuran"): null

2023-10-05 15:05:09 - [TEST_STEP][PASSED] - assert warnaa == warna1: null

2023-10-05 15:05:09 - [TEST_STEP][PASSED] - assert ukurann == ukuran1: null

2023-10-05 15:05:09 - [TEST_STEP][PASSED] - statusPembelian = getText(findTestObject("verifikasi/Status pending di pembelian")): Text of object 'Object Repository/verifikasi/Status pending di pembelian' is: 'Pending'

2023-10-05 15:05:09 - [MESSAGE][PASSED] - Text of object 'Object Repository/verifikasi/Status pending di pembelian' is: 'Pending'

2023-10-05 15:05:09 - [TEST_STEP][PASSED] - data.put("statusPem", statusPembelian): null

2023-10-05 15:05:09 - [TEST_STEP][PASSED] - OngkosKirim = getText(findTestObject("pembayaran/ongkos kirim")): Text of object 'Object Repository/pembayaran/ongkos kirim' is: 'Rp 5,000'

2023-10-05 15:05:10 - [MESSAGE][PASSED] - Text of object 'Object Repository/pembayaran/ongkos kirim' is: 'Rp 5,000'

2023-10-05 15:05:10 - [TEST_STEP][PASSED] - Ongkos = OngkosKirim.substring(3, OngkosKirim.size()): null

2023-10-05 15:05:10 - [TEST_STEP][PASSED] - rep = Ongkos.replace(",", ""): null

2023-10-05 15:05:10 - [TEST_STEP][PASSED] - Ongkos_kirimm = Integer.parseInt(rep): null

2023-10-05 15:05:10 - [TEST_STEP][PASSED] - println(Ongkos_kirimm): null

2023-10-05 15:05:10 - [TEST_STEP][PASSED] - FeeAdmin = getText(findTestObject("pembayaran/fee admin")): Text of object 'Object Repository/pembayaran/fee admin' is: 'Rp 1,500'

2023-10-05 15:05:10 - [MESSAGE][PASSED] - Text of object 'Object Repository/pembayaran/fee admin' is: 'Rp 1,500'

2023-10-05 15:05:10 - [TEST_STEP][PASSED] - Fee_Admin = FeeAdmin.substring(3, FeeAdmin.size()): null

2023-10-05 15:05:10 - [TEST_STEP][PASSED] - fee = Fee_Admin.replace(",", ""): null

2023-10-05 15:05:10 - [TEST_STEP][PASSED] - fee_adminn = Integer.parseInt(fee): null

2023-10-05 15:05:10 - [TEST_STEP][PASSED] - println(fee_adminn): null

2023-10-05 15:05:10 - [TEST_STEP][PASSED] - Subtotal = getText(findTestObject("pembayaran/subtotal")): Text of object 'Object Repository/pembayaran/subtotal' is: 'Rp 1,299'

2023-10-05 15:05:11 - [MESSAGE][PASSED] - Text of object 'Object Repository/pembayaran/subtotal' is: 'Rp 1,299'

2023-10-05 15:05:11 - [TEST_STEP][PASSED] - sub_total = Subtotal.substring(3, Subtotal.size()): null

2023-10-05 15:05:11 - [TEST_STEP][PASSED] - sub = sub_total.replace(",", ""): null

2023-10-05 15:05:11 - [TEST_STEP][PASSED] - sub_totall = Integer.parseInt(sub): null

2023-10-05 15:05:11 - [TEST_STEP][PASSED] - println(sub_totall): null

2023-10-05 15:05:11 - [TEST_STEP][PASSED] - unik = getText(findTestObject("pembayaran/kode unik")): Text of object 'Object Repository/pembayaran/kode unik' is: '+501'

2023-10-05 15:05:11 - [MESSAGE][PASSED] - Text of object 'Object Repository/pembayaran/kode unik' is: '+501'

2023-10-05 15:05:11 - [TEST_STEP][PASSED] - unikk = unik.replace("+", ""): null

2023-10-05 15:05:11 - [TEST_STEP][PASSED] - kode_unik = Integer.parseInt(unikk): null

2023-10-05 15:05:11 - [TEST_STEP][PASSED] - println(kode_unik): null

2023-10-05 15:05:11 - [TEST_STEP][PASSED] - Total = getText(findTestObject("pembayaran/total")): Text of object 'Object Repository/pembayaran/total' is: '8,300'

2023-10-05 15:05:12 - [MESSAGE][PASSED] - Text of object 'Object Repository/pembayaran/total' is: '8,300'

2023-10-05 15:05:12 - [TEST_STEP][PASSED] - total = Total.replace(",", ""): null

2023-10-05 15:05:12 - [TEST_STEP][PASSED] - totalll = Integer.parseInt(total): null

2023-10-05 15:05:12 - [TEST_STEP][PASSED] - println(totalll): null

2023-10-05 15:05:12 - [TEST_STEP][PASSED] - Total_Hargaa = Ongkos_kirimm + fee_adminn + sub_totall + kode_unik: null

2023-10-05 15:05:12 - [TEST_STEP][PASSED] - println(Total_Hargaa): null

2023-10-05 15:05:12 - [TEST_STEP][PASSED] - assert totalll == Total_Hargaa: null

2023-10-05 15:05:12 - [TEST_STEP][PASSED] - data.put("total", Total): null

2023-10-05 15:05:12 - [TEST_STEP][PASSED] - data.put("nama", NamaPemesan): null

2023-10-05 15:05:12 - [TEST_STEP][PASSED] - return data: null

2023-10-05 15:05:12 - [MESSAGE][PASSED] - Call Test Case 'Test Cases/T13 Pembelian, Shipment dan Pembayaran/PBY-001' successfully

2023-10-05 15:05:12 - [TEST_STEP][PASSED] - inv = data.get("invoice"): null

2023-10-05 15:05:12 - [TEST_STEP][PASSED] - Total = data.get("total"): null

2023-10-05 15:05:12 - [TEST_STEP][PASSED] - NamaPemesan = data.get("nama"): null

2023-10-05 15:05:12 - [TEST_STEP][PASSED] - click(findTestObject("Konfirmasi pesanan shop/Menu Shop")): Object: 'Object Repository/Konfirmasi pesanan shop/Menu Shop' is clicked on

2023-10-05 15:05:13 - [MESSAGE][PASSED] - Object: 'Object Repository/Konfirmasi pesanan shop/Menu Shop' is clicked on

2023-10-05 15:05:13 - [TEST_STEP][PASSED] - click(findTestObject("Konfirmasi pesanan shop/Menu Shop")): Object: 'Object Repository/Konfirmasi pesanan shop/Menu Shop' is clicked on

2023-10-05 15:05:14 - [MESSAGE][PASSED] - Object: 'Object Repository/Konfirmasi pesanan shop/Menu Shop' is clicked on

2023-10-05 15:05:14 - [TEST_STEP][PASSED] - click(findTestObject("Konfirmasi pesanan shop/Konfirmasi Orders")): Object: 'Object Repository/Konfirmasi pesanan shop/Konfirmasi Orders' is clicked on

2023-10-05 15:05:15 - [MESSAGE][PASSED] - Object: 'Object Repository/Konfirmasi pesanan shop/Konfirmasi Orders' is clicked on

2023-10-05 15:05:15 - [TEST_STEP][PASSED] - verifyElementPresent(findTestObject("Konfirmasi pesanan shop/Tittle Konfirmasi Pesanan"), 0): Object 'Object Repository/Konfirmasi pesanan shop/Tittle Konfirmasi Pesanan' is present

2023-10-05 15:05:15 - [MESSAGE][WARNING] - Timeout '0' is invalid. Using default page load timeout: '30'

2023-10-05 15:05:16 - [MESSAGE][PASSED] - Object 'Object Repository/Konfirmasi pesanan shop/Tittle Konfirmasi Pesanan' is present

2023-10-05 15:05:16 - [TEST_STEP][PASSED] - setText(findTestObject("Konfirmasi pesanan shop/input_No Pesanan"), inv): Text 'TRX60.20231005150501' is set on object 'Object Repository/Konfirmasi pesanan shop/input_No Pesanan'

2023-10-05 15:05:16 - [MESSAGE][PASSED] - Text 'TRX60.20231005150501' is set on object 'Object Repository/Konfirmasi pesanan shop/input_No Pesanan'

2023-10-05 15:05:16 - [TEST_STEP][PASSED] - setText(findTestObject("Konfirmasi pesanan shop/input_Alamat E-mai"), "irfan@gmail.com"): Text 'irfan@gmail.com' is set on object 'Object Repository/Konfirmasi pesanan shop/input_Alamat E-mai'

2023-10-05 15:05:17 - [MESSAGE][PASSED] - Text 'irfan@gmail.com' is set on object 'Object Repository/Konfirmasi pesanan shop/input_Alamat E-mai'

2023-10-05 15:05:17 - [TEST_STEP][PASSED] - click(findTestObject("Konfirmasi pesanan shop/button_Submit")): Object: 'Object Repository/Konfirmasi pesanan shop/button_Submit' is clicked on

2023-10-05 15:05:18 - [MESSAGE][PASSED] - Object: 'Object Repository/Konfirmasi pesanan shop/button_Submit' is clicked on

2023-10-05 15:05:18 - [TEST_STEP][PASSED] - verifyElementPresent(findTestObject("Konfirmasi pesanan shop/Tittle nomor invoice"), 0): Object 'Object Repository/Konfirmasi pesanan shop/Tittle nomor invoice' is present

2023-10-05 15:05:18 - [MESSAGE][WARNING] - Timeout '0' is invalid. Using default page load timeout: '30'

2023-10-05 15:05:19 - [MESSAGE][PASSED] - Object 'Object Repository/Konfirmasi pesanan shop/Tittle nomor invoice' is present

2023-10-05 15:05:19 - [TEST_STEP][PASSED] - setText(findTestObject("Konfirmasi pesanan shop/input_Total TagihanTransfer_b"), Total): Text '8,300' is set on object 'Object Repository/Konfirmasi pesanan shop/input_Total TagihanTransfer_b'

2023-10-05 15:05:20 - [MESSAGE][PASSED] - Text '8,300' is set on object 'Object Repository/Konfirmasi pesanan shop/input_Total TagihanTransfer_b'

2023-10-05 15:05:20 - [TEST_STEP][PASSED] - selectOptionByValue(findTestObject("Konfirmasi pesanan shop/select_Bank"), "4", false): All options with value '4' are selected in object 'Object Repository/Konfirmasi pesanan shop/select_Bank' 

2023-10-05 15:05:21 - [MESSAGE][PASSED] - All options with value '4' are selected in object 'Object Repository/Konfirmasi pesanan shop/select_Bank' 

2023-10-05 15:05:21 - [TEST_STEP][PASSED] - setText(findTestObject("Konfirmasi pesanan shop/input_Nama Pengirim_d"), NamaPemesan): Text 'irfan.afandi' is set on object 'Object Repository/Konfirmasi pesanan shop/input_Nama Pengirim_d'

2023-10-05 15:05:22 - [MESSAGE][PASSED] - Text 'irfan.afandi' is set on object 'Object Repository/Konfirmasi pesanan shop/input_Nama Pengirim_d'

2023-10-05 15:05:22 - [TEST_STEP][PASSED] - uploadFile(findTestObject("keranjang/konfirmasi/input_Upload Bukti Transfer_f"), "C:\Users\IRFAN\Downloads\Berkas2.pdf"): File 'C:\Users\IRFAN\Downloads\Berkas2.pdf' sent to object: 'Object Repository/keranjang/konfirmasi/input_Upload Bukti Transfer_f'

2023-10-05 15:05:22 - [MESSAGE][PASSED] - File 'C:\Users\IRFAN\Downloads\Berkas2.pdf' sent to object: 'Object Repository/keranjang/konfirmasi/input_Upload Bukti Transfer_f'

2023-10-05 15:05:22 - [TEST_STEP][PASSED] - click(findTestObject("Konfirmasi pesanan shop/button_Konfirmasi Pembayaran")): Object: 'Object Repository/Konfirmasi pesanan shop/button_Konfirmasi Pembayaran' is clicked on

2023-10-05 15:05:23 - [MESSAGE][PASSED] - Object: 'Object Repository/Konfirmasi pesanan shop/button_Konfirmasi Pembayaran' is clicked on

2023-10-05 15:05:23 - [TEST_STEP][PASSED] - verifyElementPresent(findTestObject("Konfirmasi pesanan shop/Tittle Konfirmasi Pesanan"), 0): Object 'Object Repository/Konfirmasi pesanan shop/Tittle Konfirmasi Pesanan' is present

2023-10-05 15:05:23 - [MESSAGE][WARNING] - Timeout '0' is invalid. Using default page load timeout: '30'

2023-10-05 15:05:24 - [MESSAGE][PASSED] - Object 'Object Repository/Konfirmasi pesanan shop/Tittle Konfirmasi Pesanan' is present

2023-10-05 15:05:24 - [TEST_STEP][PASSED] - verifyElementPresent(findTestObject("Konfirmasi pesanan shop/Tittle massage succes Konfirmasi Pembayaran Pesanan"), 0): Object 'Object Repository/Konfirmasi pesanan shop/Tittle massage succes Konfirmasi Pembayaran Pesanan' is present

2023-10-05 15:05:24 - [MESSAGE][WARNING] - Timeout '0' is invalid. Using default page load timeout: '30'

2023-10-05 15:05:24 - [MESSAGE][PASSED] - Object 'Object Repository/Konfirmasi pesanan shop/Tittle massage succes Konfirmasi Pembayaran Pesanan' is present

2023-10-05 15:05:24 - [TEST_STEP][PASSED] - return data: null

2023-10-05 15:05:24 - [MESSAGE][PASSED] - Call Test Case 'Test Cases/T13 Pembelian, Shipment dan Pembayaran/PBY-004' successfully

2023-10-05 15:05:24 - [TEST_STEP][PASSED] - navigateToUrl("https://10.9.2.63/ecommerce/administrator/"): Navigate to 'https://10.9.2.63/ecommerce/administrator/' successfully

2023-10-05 15:05:25 - [MESSAGE][PASSED] - Navigate to 'https://10.9.2.63/ecommerce/administrator/' successfully

2023-10-05 15:05:25 - [TEST_STEP][PASSED] - verifyElementPresent(findTestObject("admin/Tittle ADMIN Login"), 0): Object 'Object Repository/admin/Tittle ADMIN Login' is present

2023-10-05 15:05:25 - [MESSAGE][WARNING] - Timeout '0' is invalid. Using default page load timeout: '30'

2023-10-05 15:05:25 - [MESSAGE][PASSED] - Object 'Object Repository/admin/Tittle ADMIN Login' is present

2023-10-05 15:05:25 - [TEST_STEP][PASSED] - setText(findTestObject("admin/Username"), "admin"): Text 'admin' is set on object 'Object Repository/admin/Username'

2023-10-05 15:05:26 - [MESSAGE][PASSED] - Text 'admin' is set on object 'Object Repository/admin/Username'

2023-10-05 15:05:26 - [TEST_STEP][PASSED] - setText(findTestObject("admin/Password"), "123admin123"): Text '123admin123' is set on object 'Object Repository/admin/Password'

2023-10-05 15:05:27 - [MESSAGE][PASSED] - Text '123admin123' is set on object 'Object Repository/admin/Password'

2023-10-05 15:05:27 - [TEST_STEP][PASSED] - click(findTestObject("admin/Remember Me")): Object: 'Object Repository/admin/Remember Me' is clicked on

2023-10-05 15:05:27 - [MESSAGE][PASSED] - Object: 'Object Repository/admin/Remember Me' is clicked on

2023-10-05 15:05:27 - [TEST_STEP][PASSED] - delay(10): Delayed 10 second(s)

2023-10-05 15:05:37 - [MESSAGE][PASSED] - Delayed 10 second(s)

2023-10-05 15:05:37 - [TEST_STEP][PASSED] - click(findTestObject("admin/buttom submit")): Object: 'Object Repository/admin/buttom submit' is clicked on

2023-10-05 15:05:39 - [MESSAGE][PASSED] - Object: 'Object Repository/admin/buttom submit' is clicked on

2023-10-05 15:05:39 - [TEST_STEP][PASSED] - verifyElementPresent(findTestObject("admin/Konf order konsumen/Tittle Dashboard"), 0): Object 'Object Repository/admin/Konf order konsumen/Tittle Dashboard' is present

2023-10-05 15:05:39 - [MESSAGE][WARNING] - Timeout '0' is invalid. Using default page load timeout: '30'

2023-10-05 15:05:39 - [MESSAGE][PASSED] - Object 'Object Repository/admin/Konf order konsumen/Tittle Dashboard' is present

2023-10-05 15:05:39 - [TEST_STEP][PASSED] - click(findTestObject("admin/Konf order konsumen/Menu Transaksi Market")): Object: 'Object Repository/admin/Konf order konsumen/Menu Transaksi Market' is clicked on

2023-10-05 15:05:40 - [MESSAGE][PASSED] - Object: 'Object Repository/admin/Konf order konsumen/Menu Transaksi Market' is clicked on

2023-10-05 15:05:40 - [TEST_STEP][PASSED] - click(findTestObject("admin/Konf order konsumen/Menu Konf. Order Konsumen")): Object: 'Object Repository/admin/Konf order konsumen/Menu Konf. Order Konsumen' is clicked on

2023-10-05 15:05:41 - [MESSAGE][PASSED] - Object: 'Object Repository/admin/Konf order konsumen/Menu Konf. Order Konsumen' is clicked on

2023-10-05 15:05:41 - [TEST_STEP][PASSED] - verifyElementPresent(findTestObject("admin/Konf order konsumen/Tittle Data Konfirmasi Pembayaran Konsumen"), 0): Object 'Object Repository/admin/Konf order konsumen/Tittle Data Konfirmasi Pembayaran Konsumen' is present

2023-10-05 15:05:41 - [MESSAGE][WARNING] - Timeout '0' is invalid. Using default page load timeout: '30'

2023-10-05 15:05:42 - [MESSAGE][PASSED] - Object 'Object Repository/admin/Konf order konsumen/Tittle Data Konfirmasi Pembayaran Konsumen' is present

2023-10-05 15:05:42 - [TEST_STEP][PASSED] - inv = data.get("invoice"): null

2023-10-05 15:05:42 - [TEST_STEP][PASSED] - setText(findTestObject("admin/Konf order konsumen/Search"), inv): Text 'TRX60.20231005150501' is set on object 'Object Repository/admin/Konf order konsumen/Search'

2023-10-05 15:05:43 - [MESSAGE][PASSED] - Text 'TRX60.20231005150501' is set on object 'Object Repository/admin/Konf order konsumen/Search'

2023-10-05 15:05:43 - [TEST_STEP][PASSED] - verifyElementText(findTestObject("admin/Konf order konsumen/Keterangan Lunas"), "Lunas"): Actual text and expected text of test object 'Object Repository/admin/Konf order konsumen/Keterangan Lunas' are matched.

2023-10-05 15:05:43 - [MESSAGE][PASSED] - Actual text and expected text of test object 'Object Repository/admin/Konf order konsumen/Keterangan Lunas' are matched.

2023-10-05 15:05:43 - [TEST_STEP][PASSED] - return data: null

2023-10-05 15:05:43 - [MESSAGE][PASSED] - Call Test Case 'Test Cases/T13 Pembelian, Shipment dan Pembayaran/PBYA-001' successfully

2023-10-05 15:05:43 - [TEST_STEP][PASSED] - click(findTestObject("admin/Penjualan ke konsumen/buttom Dashboard")): Object: 'Object Repository/admin/Penjualan ke konsumen/buttom Dashboard' is clicked on

2023-10-05 15:05:44 - [MESSAGE][PASSED] - Object: 'Object Repository/admin/Penjualan ke konsumen/buttom Dashboard' is clicked on

2023-10-05 15:05:44 - [TEST_STEP][PASSED] - click(findTestObject("admin/Konf order konsumen/Menu Transaksi Market")): Object: 'Object Repository/admin/Konf order konsumen/Menu Transaksi Market' is clicked on

2023-10-05 15:05:44 - [MESSAGE][PASSED] - Object: 'Object Repository/admin/Konf order konsumen/Menu Transaksi Market' is clicked on

2023-10-05 15:05:44 - [TEST_STEP][PASSED] - click(findTestObject("admin/Penjualan ke konsumen/a_Penjualan ke Konsumen")): Object: 'Object Repository/admin/Penjualan ke konsumen/a_Penjualan ke Konsumen' is clicked on

2023-10-05 15:05:47 - [MESSAGE][PASSED] - Object: 'Object Repository/admin/Penjualan ke konsumen/a_Penjualan ke Konsumen' is clicked on

2023-10-05 15:05:47 - [TEST_STEP][PASSED] - verifyElementPresent(findTestObject("admin/Tittle Data Transaksi Penjualan  Orderan Konsumen"), 0): Object 'Object Repository/admin/Tittle Data Transaksi Penjualan  Orderan Konsumen' is present

2023-10-05 15:05:48 - [MESSAGE][WARNING] - Timeout '0' is invalid. Using default page load timeout: '30'

2023-10-05 15:05:48 - [MESSAGE][PASSED] - Object 'Object Repository/admin/Tittle Data Transaksi Penjualan  Orderan Konsumen' is present

2023-10-05 15:05:48 - [TEST_STEP][PASSED] - return data: null

2023-10-05 15:05:48 - [MESSAGE][PASSED] - Call Test Case 'Test Cases/T13 Pembelian, Shipment dan Pembayaran/SA-001' successfully

2023-10-05 15:05:48 - [TEST_STEP][PASSED] - inv = data.get("invoice"): null

2023-10-05 15:05:48 - [TEST_STEP][PASSED] - setText(findTestObject("admin/Penjualan ke konsumen/Search"), inv): Text 'TRX60.20231005150501' is set on object 'Object Repository/admin/Penjualan ke konsumen/Search'

2023-10-05 15:05:49 - [MESSAGE][PASSED] - Text 'TRX60.20231005150501' is set on object 'Object Repository/admin/Penjualan ke konsumen/Search'

2023-10-05 15:05:49 - [TEST_STEP][PASSED] - click(findTestObject("admin/Penjualan ke konsumen/buttom konfirmasi pending payment"), CONTINUE_ON_FAILURE): Object: 'Object Repository/admin/Penjualan ke konsumen/buttom konfirmasi pending payment' is clicked on

2023-10-05 15:05:49 - [MESSAGE][PASSED] - Object: 'Object Repository/admin/Penjualan ke konsumen/buttom konfirmasi pending payment' is clicked on

2023-10-05 15:05:49 - [TEST_STEP][PASSED] - waitForAlert(5, OPTIONAL): Alert is present after 5 second(s).

2023-10-05 15:05:49 - [MESSAGE][PASSED] - Alert is present after 5 second(s).

2023-10-05 15:05:49 - [TEST_STEP][PASSED] - acceptAlert(): Alert accepted

2023-10-05 15:05:49 - [MESSAGE][PASSED] - Alert accepted

2023-10-05 15:05:49 - [TEST_STEP][PASSED] - setText(findTestObject("admin/Penjualan ke konsumen/Search"), inv): Text 'TRX60.20231005150501' is set on object 'Object Repository/admin/Penjualan ke konsumen/Search'

2023-10-05 15:05:59 - [MESSAGE][PASSED] - Text 'TRX60.20231005150501' is set on object 'Object Repository/admin/Penjualan ke konsumen/Search'

2023-10-05 15:05:59 - [TEST_STEP][PASSED] - verifyTextNotPresent("pending payment", false): Text 'pending payment' is not present on page

2023-10-05 15:05:59 - [MESSAGE][PASSED] - Text 'pending payment' is not present on page

2023-10-05 15:05:59 - [TEST_STEP][PASSED] - return data: null]]></system-out>
         <system-err><![CDATA[]]></system-err>
      </testcase>
      <testcase name="Test Cases/T13 Pembelian, Shipment dan Pembayaran/SA-003" time="93.479" classname="Test Cases/T13 Pembelian, Shipment dan Pembayaran/SA-003" status="FAILED">
         <failure type="FAILED" message="Test Cases/T13 Pembelian, Shipment dan Pembayaran/SA-003 FAILED.
Reason:
com.kms.katalon.core.exception.StepFailedException: Call Test Case 'Test Cases/T13 Pembelian, Shipment dan Pembayaran/SA-002' failed
	at com.kms.katalon.core.keyword.builtin.CallTestCaseKeyword$_callTestCase_closure1.doCall(CallTestCaseKeyword.groovy:63)
	at com.kms.katalon.core.keyword.builtin.CallTestCaseKeyword$_callTestCase_closure1.call(CallTestCaseKeyword.groovy)
	at com.kms.katalon.core.keyword.internal.KeywordMain.runKeyword(KeywordMain.groovy:75)
	at com.kms.katalon.core.keyword.builtin.CallTestCaseKeyword.callTestCase(CallTestCaseKeyword.groovy:81)
	at com.kms.katalon.core.keyword.builtin.CallTestCaseKeyword.execute(CallTestCaseKeyword.groovy:44)
	at com.kms.katalon.core.keyword.internal.KeywordExecutor.executeKeywordForPlatform(KeywordExecutor.groovy:74)
	at com.kms.katalon.core.keyword.BuiltinKeywords.callTestCase(BuiltinKeywords.groovy:310)
	at SA-003.run(SA-003:20)
	at com.kms.katalon.core.main.ScriptEngine.run(ScriptEngine.java:194)
	at com.kms.katalon.core.main.ScriptEngine.runScriptAsRawText(ScriptEngine.java:119)
	at com.kms.katalon.core.main.TestCaseExecutor.runScript(TestCaseExecutor.java:448)
	at com.kms.katalon.core.main.TestCaseExecutor.doExecute(TestCaseExecutor.java:439)
	at com.kms.katalon.core.main.TestCaseExecutor.processExecutionPhase(TestCaseExecutor.java:418)
	at com.kms.katalon.core.main.TestCaseExecutor.accessMainPhase(TestCaseExecutor.java:410)
	at com.kms.katalon.core.main.TestCaseExecutor.execute(TestCaseExecutor.java:285)
	at com.kms.katalon.core.common.CommonExecutor.accessTestCaseMainPhase(CommonExecutor.java:65)
	at com.kms.katalon.core.main.TestSuiteExecutor.accessTestSuiteMainPhase(TestSuiteExecutor.java:148)
	at com.kms.katalon.core.main.TestSuiteExecutor.execute(TestSuiteExecutor.java:106)
	at com.kms.katalon.core.main.TestCaseMain.startTestSuite(TestCaseMain.java:187)
	at com.kms.katalon.core.main.TestCaseMain$startTestSuite$0.call(Unknown Source)
	at TempTestSuite1696491677292.run(TempTestSuite1696491677292.groovy:36)
Caused by: com.kms.katalon.core.exception.StepFailedException: Unable to accept alert
	at com.kms.katalon.core.webui.keyword.internal.WebUIKeywordMain.stepFailed(WebUIKeywordMain.groovy:64)
	at com.kms.katalon.core.webui.keyword.internal.WebUIKeywordMain.runKeyword(WebUIKeywordMain.groovy:26)
	at com.kms.katalon.core.webui.keyword.builtin.AcceptAlertKeyword.acceptAlert(AcceptAlertKeyword.groovy:71)
	at com.kms.katalon.core.webui.keyword.builtin.AcceptAlertKeyword.execute(AcceptAlertKeyword.groovy:66)
	at com.kms.katalon.core.keyword.internal.KeywordExecutor.executeKeywordForPlatform(KeywordExecutor.groovy:74)
	at com.kms.katalon.core.webui.keyword.WebUiBuiltInKeywords.acceptAlert(WebUiBuiltInKeywords.groovy:1522)
	at com.kms.katalon.core.webui.keyword.WebUiBuiltInKeywords$acceptAlert$18.call(Unknown Source)
	at SA-002.run(SA-002:30)
	at com.kms.katalon.core.main.ScriptEngine.run(ScriptEngine.java:194)
	at com.kms.katalon.core.main.ScriptEngine.runScriptAsRawText(ScriptEngine.java:119)
	at com.kms.katalon.core.main.TestCaseExecutor.runScript(TestCaseExecutor.java:448)
	at com.kms.katalon.core.main.TestCaseExecutor.doExecute(TestCaseExecutor.java:439)
	at com.kms.katalon.core.main.TestCaseExecutor.processExecutionPhase(TestCaseExecutor.java:418)
	at com.kms.katalon.core.main.TestCaseExecutor.accessMainPhase(TestCaseExecutor.java:410)
	at com.kms.katalon.core.main.TestCaseExecutor.execute(TestCaseExecutor.java:285)
	at com.kms.katalon.core.main.TestCaseMain.runTestCase(TestCaseMain.java:144)
	at com.kms.katalon.core.keyword.builtin.CallTestCaseKeyword$_callTestCase_closure1.doCall(CallTestCaseKeyword.groovy:59)
	... 20 more
Caused by: com.kms.katalon.core.exception.StepFailedException: No alert found
	at com.kms.katalon.core.webui.keyword.internal.WebUIKeywordMain.stepFailed(WebUIKeywordMain.groovy:64)
	at com.kms.katalon.core.webui.keyword.builtin.AcceptAlertKeyword$_acceptAlert_closure1.doCall(AcceptAlertKeyword.groovy:78)
	at com.kms.katalon.core.webui.keyword.builtin.AcceptAlertKeyword$_acceptAlert_closure1.call(AcceptAlertKeyword.groovy)
	at com.kms.katalon.core.webui.keyword.internal.WebUIKeywordMain.runKeyword(WebUIKeywordMain.groovy:20)
	... 35 more
"/>
         <system-out><![CDATA[2023-10-05 15:05:59 - [TEST_CASE][FAILED] - Test Cases/T13 Pembelian, Shipment dan Pembayaran/SA-003: Test Cases/T13 Pembelian, Shipment dan Pembayaran/SA-003 FAILED.
Reason:
com.kms.katalon.core.exception.StepFailedException: Call Test Case 'Test Cases/T13 Pembelian, Shipment dan Pembayaran/SA-002' failed
	at com.kms.katalon.core.keyword.builtin.CallTestCaseKeyword$_callTestCase_closure1.doCall(CallTestCaseKeyword.groovy:63)
	at com.kms.katalon.core.keyword.builtin.CallTestCaseKeyword$_callTestCase_closure1.call(CallTestCaseKeyword.groovy)
	at com.kms.katalon.core.keyword.internal.KeywordMain.runKeyword(KeywordMain.groovy:75)
	at com.kms.katalon.core.keyword.builtin.CallTestCaseKeyword.callTestCase(CallTestCaseKeyword.groovy:81)
	at com.kms.katalon.core.keyword.builtin.CallTestCaseKeyword.execute(CallTestCaseKeyword.groovy:44)
	at com.kms.katalon.core.keyword.internal.KeywordExecutor.executeKeywordForPlatform(KeywordExecutor.groovy:74)
	at com.kms.katalon.core.keyword.BuiltinKeywords.callTestCase(BuiltinKeywords.groovy:310)
	at SA-003.run(SA-003:20)
	at com.kms.katalon.core.main.ScriptEngine.run(ScriptEngine.java:194)
	at com.kms.katalon.core.main.ScriptEngine.runScriptAsRawText(ScriptEngine.java:119)
	at com.kms.katalon.core.main.TestCaseExecutor.runScript(TestCaseExecutor.java:448)
	at com.kms.katalon.core.main.TestCaseExecutor.doExecute(TestCaseExecutor.java:439)
	at com.kms.katalon.core.main.TestCaseExecutor.processExecutionPhase(TestCaseExecutor.java:418)
	at com.kms.katalon.core.main.TestCaseExecutor.accessMainPhase(TestCaseExecutor.java:410)
	at com.kms.katalon.core.main.TestCaseExecutor.execute(TestCaseExecutor.java:285)
	at com.kms.katalon.core.common.CommonExecutor.accessTestCaseMainPhase(CommonExecutor.java:65)
	at com.kms.katalon.core.main.TestSuiteExecutor.accessTestSuiteMainPhase(TestSuiteExecutor.java:148)
	at com.kms.katalon.core.main.TestSuiteExecutor.execute(TestSuiteExecutor.java:106)
	at com.kms.katalon.core.main.TestCaseMain.startTestSuite(TestCaseMain.java:187)
	at com.kms.katalon.core.main.TestCaseMain$startTestSuite$0.call(Unknown Source)
	at TempTestSuite1696491677292.run(TempTestSuite1696491677292.groovy:36)
Caused by: com.kms.katalon.core.exception.StepFailedException: Unable to accept alert
	at com.kms.katalon.core.webui.keyword.internal.WebUIKeywordMain.stepFailed(WebUIKeywordMain.groovy:64)
	at com.kms.katalon.core.webui.keyword.internal.WebUIKeywordMain.runKeyword(WebUIKeywordMain.groovy:26)
	at com.kms.katalon.core.webui.keyword.builtin.AcceptAlertKeyword.acceptAlert(AcceptAlertKeyword.groovy:71)
	at com.kms.katalon.core.webui.keyword.builtin.AcceptAlertKeyword.execute(AcceptAlertKeyword.groovy:66)
	at com.kms.katalon.core.keyword.internal.KeywordExecutor.executeKeywordForPlatform(KeywordExecutor.groovy:74)
	at com.kms.katalon.core.webui.keyword.WebUiBuiltInKeywords.acceptAlert(WebUiBuiltInKeywords.groovy:1522)
	at com.kms.katalon.core.webui.keyword.WebUiBuiltInKeywords$acceptAlert$18.call(Unknown Source)
	at SA-002.run(SA-002:30)
	at com.kms.katalon.core.main.ScriptEngine.run(ScriptEngine.java:194)
	at com.kms.katalon.core.main.ScriptEngine.runScriptAsRawText(ScriptEngine.java:119)
	at com.kms.katalon.core.main.TestCaseExecutor.runScript(TestCaseExecutor.java:448)
	at com.kms.katalon.core.main.TestCaseExecutor.doExecute(TestCaseExecutor.java:439)
	at com.kms.katalon.core.main.TestCaseExecutor.processExecutionPhase(TestCaseExecutor.java:418)
	at com.kms.katalon.core.main.TestCaseExecutor.accessMainPhase(TestCaseExecutor.java:410)
	at com.kms.katalon.core.main.TestCaseExecutor.execute(TestCaseExecutor.java:285)
	at com.kms.katalon.core.main.TestCaseMain.runTestCase(TestCaseMain.java:144)
	at com.kms.katalon.core.keyword.builtin.CallTestCaseKeyword$_callTestCase_closure1.doCall(CallTestCaseKeyword.groovy:59)
	... 20 more
Caused by: com.kms.katalon.core.exception.StepFailedException: No alert found
	at com.kms.katalon.core.webui.keyword.internal.WebUIKeywordMain.stepFailed(WebUIKeywordMain.groovy:64)
	at com.kms.katalon.core.webui.keyword.builtin.AcceptAlertKeyword$_acceptAlert_closure1.doCall(AcceptAlertKeyword.groovy:78)
	at com.kms.katalon.core.webui.keyword.builtin.AcceptAlertKeyword$_acceptAlert_closure1.call(AcceptAlertKeyword.groovy)
	at com.kms.katalon.core.webui.keyword.internal.WebUIKeywordMain.runKeyword(WebUIKeywordMain.groovy:20)
	... 35 more


2023-10-05 15:06:00 - [TEST_STEP][FAILED] - data = callTestCase(findTestCase("T13 Pembelian, Shipment dan Pembayaran/SA-002"), [:], STOP_ON_FAILURE): Unable to call Test Case 'Test Cases/T13 Pembelian, Shipment dan Pembayaran/SA-002' (Root cause: com.kms.katalon.core.exception.StepFailedException: Call Test Case 'Test Cases/T13 Pembelian, Shipment dan Pembayaran/SA-002' failed
	at com.kms.katalon.core.keyword.builtin.CallTestCaseKeyword$_callTestCase_closure1.doCall(CallTestCaseKeyword.groovy:63)
	at com.kms.katalon.core.keyword.builtin.CallTestCaseKeyword$_callTestCase_closure1.call(CallTestCaseKeyword.groovy)
	at com.kms.katalon.core.keyword.internal.KeywordMain.runKeyword(KeywordMain.groovy:75)
	at com.kms.katalon.core.keyword.builtin.CallTestCaseKeyword.callTestCase(CallTestCaseKeyword.groovy:81)
	at com.kms.katalon.core.keyword.builtin.CallTestCaseKeyword.execute(CallTestCaseKeyword.groovy:44)
	at com.kms.katalon.core.keyword.internal.KeywordExecutor.executeKeywordForPlatform(KeywordExecutor.groovy:74)
	at com.kms.katalon.core.keyword.BuiltinKeywords.callTestCase(BuiltinKeywords.groovy:310)
	at SA-003.run(SA-003:20)
	at com.kms.katalon.core.main.ScriptEngine.run(ScriptEngine.java:194)
	at com.kms.katalon.core.main.ScriptEngine.runScriptAsRawText(ScriptEngine.java:119)
	at com.kms.katalon.core.main.TestCaseExecutor.runScript(TestCaseExecutor.java:448)
	at com.kms.katalon.core.main.TestCaseExecutor.doExecute(TestCaseExecutor.java:439)
	at com.kms.katalon.core.main.TestCaseExecutor.processExecutionPhase(TestCaseExecutor.java:418)
	at com.kms.katalon.core.main.TestCaseExecutor.accessMainPhase(TestCaseExecutor.java:410)
	at com.kms.katalon.core.main.TestCaseExecutor.execute(TestCaseExecutor.java:285)
	at com.kms.katalon.core.common.CommonExecutor.accessTestCaseMainPhase(CommonExecutor.java:65)
	at com.kms.katalon.core.main.TestSuiteExecutor.accessTestSuiteMainPhase(TestSuiteExecutor.java:148)
	at com.kms.katalon.core.main.TestSuiteExecutor.execute(TestSuiteExecutor.java:106)
	at com.kms.katalon.core.main.TestCaseMain.startTestSuite(TestCaseMain.java:187)
	at com.kms.katalon.core.main.TestCaseMain$startTestSuite$0.call(Unknown Source)
	at TempTestSuite1696491677292.run(TempTestSuite1696491677292.groovy:36)
Caused by: com.kms.katalon.core.exception.StepFailedException: Unable to accept alert
	at com.kms.katalon.core.webui.keyword.internal.WebUIKeywordMain.stepFailed(WebUIKeywordMain.groovy:64)
	at com.kms.katalon.core.webui.keyword.internal.WebUIKeywordMain.runKeyword(WebUIKeywordMain.groovy:26)
	at com.kms.katalon.core.webui.keyword.builtin.AcceptAlertKeyword.acceptAlert(AcceptAlertKeyword.groovy:71)
	at com.kms.katalon.core.webui.keyword.builtin.AcceptAlertKeyword.execute(AcceptAlertKeyword.groovy:66)
	at com.kms.katalon.core.keyword.internal.KeywordExecutor.executeKeywordForPlatform(KeywordExecutor.groovy:74)
	at com.kms.katalon.core.webui.keyword.WebUiBuiltInKeywords.acceptAlert(WebUiBuiltInKeywords.groovy:1522)
	at com.kms.katalon.core.webui.keyword.WebUiBuiltInKeywords$acceptAlert$18.call(Unknown Source)
	at SA-002.run(SA-002:30)
	at com.kms.katalon.core.main.ScriptEngine.run(ScriptEngine.java:194)
	at com.kms.katalon.core.main.ScriptEngine.runScriptAsRawText(ScriptEngine.java:119)
	at com.kms.katalon.core.main.TestCaseExecutor.runScript(TestCaseExecutor.java:448)
	at com.kms.katalon.core.main.TestCaseExecutor.doExecute(TestCaseExecutor.java:439)
	at com.kms.katalon.core.main.TestCaseExecutor.processExecutionPhase(TestCaseExecutor.java:418)
	at com.kms.katalon.core.main.TestCaseExecutor.accessMainPhase(TestCaseExecutor.java:410)
	at com.kms.katalon.core.main.TestCaseExecutor.execute(TestCaseExecutor.java:285)
	at com.kms.katalon.core.main.TestCaseMain.runTestCase(TestCaseMain.java:144)
	at com.kms.katalon.core.keyword.builtin.CallTestCaseKeyword$_callTestCase_closure1.doCall(CallTestCaseKeyword.groovy:59)
	... 20 more
Caused by: com.kms.katalon.core.exception.StepFailedException: No alert found
	at com.kms.katalon.core.webui.keyword.internal.WebUIKeywordMain.stepFailed(WebUIKeywordMain.groovy:64)
	at com.kms.katalon.core.webui.keyword.builtin.AcceptAlertKeyword$_acceptAlert_closure1.doCall(AcceptAlertKeyword.groovy:78)
	at com.kms.katalon.core.webui.keyword.builtin.AcceptAlertKeyword$_acceptAlert_closure1.call(AcceptAlertKeyword.groovy)
	at com.kms.katalon.core.webui.keyword.internal.WebUIKeywordMain.runKeyword(WebUIKeywordMain.groovy:20)
	... 35 more
)

2023-10-05 15:06:00 - [TEST_CASE][FAILED] - Test Cases/T13 Pembelian, Shipment dan Pembayaran/SA-002: Test Cases/T13 Pembelian, Shipment dan Pembayaran/SA-002 FAILED.
Reason:
com.kms.katalon.core.exception.StepFailedException: Unable to accept alert
	at com.kms.katalon.core.webui.keyword.internal.WebUIKeywordMain.stepFailed(WebUIKeywordMain.groovy:64)
	at com.kms.katalon.core.webui.keyword.internal.WebUIKeywordMain.runKeyword(WebUIKeywordMain.groovy:26)
	at com.kms.katalon.core.webui.keyword.builtin.AcceptAlertKeyword.acceptAlert(AcceptAlertKeyword.groovy:71)
	at com.kms.katalon.core.webui.keyword.builtin.AcceptAlertKeyword.execute(AcceptAlertKeyword.groovy:66)
	at com.kms.katalon.core.keyword.internal.KeywordExecutor.executeKeywordForPlatform(KeywordExecutor.groovy:74)
	at com.kms.katalon.core.webui.keyword.WebUiBuiltInKeywords.acceptAlert(WebUiBuiltInKeywords.groovy:1522)
	at com.kms.katalon.core.webui.keyword.WebUiBuiltInKeywords$acceptAlert$18.call(Unknown Source)
	at SA-002.run(SA-002:30)
	at com.kms.katalon.core.main.ScriptEngine.run(ScriptEngine.java:194)
	at com.kms.katalon.core.main.ScriptEngine.runScriptAsRawText(ScriptEngine.java:119)
	at com.kms.katalon.core.main.TestCaseExecutor.runScript(TestCaseExecutor.java:448)
	at com.kms.katalon.core.main.TestCaseExecutor.doExecute(TestCaseExecutor.java:439)
	at com.kms.katalon.core.main.TestCaseExecutor.processExecutionPhase(TestCaseExecutor.java:418)
	at com.kms.katalon.core.main.TestCaseExecutor.accessMainPhase(TestCaseExecutor.java:410)
	at com.kms.katalon.core.main.TestCaseExecutor.execute(TestCaseExecutor.java:285)
	at com.kms.katalon.core.main.TestCaseMain.runTestCase(TestCaseMain.java:144)
	at com.kms.katalon.core.keyword.builtin.CallTestCaseKeyword$_callTestCase_closure1.doCall(CallTestCaseKeyword.groovy:59)
	at com.kms.katalon.core.keyword.builtin.CallTestCaseKeyword$_callTestCase_closure1.call(CallTestCaseKeyword.groovy)
	at com.kms.katalon.core.keyword.internal.KeywordMain.runKeyword(KeywordMain.groovy:75)
	at com.kms.katalon.core.keyword.builtin.CallTestCaseKeyword.callTestCase(CallTestCaseKeyword.groovy:81)
	at com.kms.katalon.core.keyword.builtin.CallTestCaseKeyword.execute(CallTestCaseKeyword.groovy:44)
	at com.kms.katalon.core.keyword.internal.KeywordExecutor.executeKeywordForPlatform(KeywordExecutor.groovy:74)
	at com.kms.katalon.core.keyword.BuiltinKeywords.callTestCase(BuiltinKeywords.groovy:310)
	at SA-003.run(SA-003:20)
	at com.kms.katalon.core.main.ScriptEngine.run(ScriptEngine.java:194)
	at com.kms.katalon.core.main.ScriptEngine.runScriptAsRawText(ScriptEngine.java:119)
	at com.kms.katalon.core.main.TestCaseExecutor.runScript(TestCaseExecutor.java:448)
	at com.kms.katalon.core.main.TestCaseExecutor.doExecute(TestCaseExecutor.java:439)
	at com.kms.katalon.core.main.TestCaseExecutor.processExecutionPhase(TestCaseExecutor.java:418)
	at com.kms.katalon.core.main.TestCaseExecutor.accessMainPhase(TestCaseExecutor.java:410)
	at com.kms.katalon.core.main.TestCaseExecutor.execute(TestCaseExecutor.java:285)
	at com.kms.katalon.core.common.CommonExecutor.accessTestCaseMainPhase(CommonExecutor.java:65)
	at com.kms.katalon.core.main.TestSuiteExecutor.accessTestSuiteMainPhase(TestSuiteExecutor.java:148)
	at com.kms.katalon.core.main.TestSuiteExecutor.execute(TestSuiteExecutor.java:106)
	at com.kms.katalon.core.main.TestCaseMain.startTestSuite(TestCaseMain.java:187)
	at com.kms.katalon.core.main.TestCaseMain$startTestSuite$0.call(Unknown Source)
	at TempTestSuite1696491677292.run(TempTestSuite1696491677292.groovy:36)
Caused by: com.kms.katalon.core.exception.StepFailedException: No alert found
	at com.kms.katalon.core.webui.keyword.internal.WebUIKeywordMain.stepFailed(WebUIKeywordMain.groovy:64)
	at com.kms.katalon.core.webui.keyword.builtin.AcceptAlertKeyword$_acceptAlert_closure1.doCall(AcceptAlertKeyword.groovy:78)
	at com.kms.katalon.core.webui.keyword.builtin.AcceptAlertKeyword$_acceptAlert_closure1.call(AcceptAlertKeyword.groovy)
	at com.kms.katalon.core.webui.keyword.internal.WebUIKeywordMain.runKeyword(WebUIKeywordMain.groovy:20)
	... 35 more


2023-10-05 15:06:00 - [TEST_STEP][PASSED] - data = callTestCase(findTestCase("T13 Pembelian, Shipment dan Pembayaran/SA-001"), [:], STOP_ON_FAILURE): Call Test Case 'Test Cases/T13 Pembelian, Shipment dan Pembayaran/SA-001' successfully

2023-10-05 15:06:00 - [TEST_CASE][PASSED] - Test Cases/T13 Pembelian, Shipment dan Pembayaran/SA-001: Test Cases/T13 Pembelian, Shipment dan Pembayaran/SA-001

2023-10-05 15:06:00 - [TEST_STEP][PASSED] - data = callTestCase(findTestCase("T13 Pembelian, Shipment dan Pembayaran/PBYA-001"), [:], STOP_ON_FAILURE): Call Test Case 'Test Cases/T13 Pembelian, Shipment dan Pembayaran/PBYA-001' successfully

2023-10-05 15:06:00 - [TEST_CASE][PASSED] - Test Cases/T13 Pembelian, Shipment dan Pembayaran/PBYA-001: Test Cases/T13 Pembelian, Shipment dan Pembayaran/PBYA-001

2023-10-05 15:06:00 - [TEST_STEP][PASSED] - data = callTestCase(findTestCase("T13 Pembelian, Shipment dan Pembayaran/PBY-004"), [:], STOP_ON_FAILURE): Call Test Case 'Test Cases/T13 Pembelian, Shipment dan Pembayaran/PBY-004' successfully

2023-10-05 15:06:00 - [TEST_CASE][PASSED] - Test Cases/T13 Pembelian, Shipment dan Pembayaran/PBY-004: Test Cases/T13 Pembelian, Shipment dan Pembayaran/PBY-004

2023-10-05 15:06:00 - [TEST_STEP][PASSED] - data = callTestCase(findTestCase("T13 Pembelian, Shipment dan Pembayaran/PBY-001"), [:], STOP_ON_FAILURE): Call Test Case 'Test Cases/T13 Pembelian, Shipment dan Pembayaran/PBY-001' successfully

2023-10-05 15:06:00 - [TEST_CASE][PASSED] - Test Cases/T13 Pembelian, Shipment dan Pembayaran/PBY-001: Test Cases/T13 Pembelian, Shipment dan Pembayaran/PBY-001

2023-10-05 15:06:00 - [TEST_STEP][PASSED] - data = callTestCase(findTestCase("T13 Pembelian, Shipment dan Pembayaran/PBL-004"), ["Kurir":"Roda 2"], STOP_ON_FAILURE): Call Test Case 'Test Cases/T13 Pembelian, Shipment dan Pembayaran/PBL-004' successfully

2023-10-05 15:06:00 - [TEST_CASE][PASSED] - Test Cases/T13 Pembelian, Shipment dan Pembayaran/PBL-004: Test Cases/T13 Pembelian, Shipment dan Pembayaran/PBL-004

2023-10-05 15:06:00 - [TEST_STEP][PASSED] - data = callTestCase(findTestCase("T13 Pembelian, Shipment dan Pembayaran/PBL-002"), [:], STOP_ON_FAILURE): Call Test Case 'Test Cases/T13 Pembelian, Shipment dan Pembayaran/PBL-002' successfully

2023-10-05 15:06:00 - [TEST_CASE][PASSED] - Test Cases/T13 Pembelian, Shipment dan Pembayaran/PBL-002: Test Cases/T13 Pembelian, Shipment dan Pembayaran/PBL-002

2023-10-05 15:06:00 - [TEST_STEP][PASSED] - data = callTestCase(findTestCase("T13 Pembelian, Shipment dan Pembayaran/PBL-001"), [:], STOP_ON_FAILURE): Call Test Case 'Test Cases/T13 Pembelian, Shipment dan Pembayaran/PBL-001' successfully

2023-10-05 15:06:00 - [TEST_CASE][PASSED] - Test Cases/T13 Pembelian, Shipment dan Pembayaran/PBL-001: Test Cases/T13 Pembelian, Shipment dan Pembayaran/PBL-001

2023-10-05 15:06:00 - [TEST_STEP][PASSED] - callTestCase(findTestCase("T13 Pembelian, Shipment dan Pembayaran/LU-001"), ["username":"irfanafandi", "password":"12345irfan"], STOP_ON_FAILURE): Call Test Case 'Test Cases/T13 Pembelian, Shipment dan Pembayaran/LU-001' successfully

2023-10-05 15:06:00 - [TEST_CASE][PASSED] - Test Cases/T13 Pembelian, Shipment dan Pembayaran/LU-001: Test Cases/T13 Pembelian, Shipment dan Pembayaran/LU-001

2023-10-05 15:06:00 - [TEST_STEP][PASSED] - openBrowser("https://10.9.2.63/ecommerce/"): Browser is opened with url: 'https://10.9.2.63/ecommerce/'

2023-10-05 15:06:00 - [MESSAGE][WARNING] - A browser is already opened. Closing browser and opening a new one

2023-10-05 15:06:01 - [MESSAGE][INFO] - Starting 'Edge Chromium' driver

2023-10-05 15:06:01 - [MESSAGE][INFO] - User set preference: ['acceptInsecureCerts', 'true']

2023-10-05 15:06:03 - [MESSAGE][INFO] - Action delay is set to 0 milliseconds

2023-10-05 15:06:07 - [MESSAGE][PASSED] - Browser is opened with url: 'https://10.9.2.63/ecommerce/'

2023-10-05 15:06:07 - [TEST_STEP][PASSED] - maximizeWindow(): Current window maximized

2023-10-05 15:06:07 - [MESSAGE][PASSED] - Current window maximized

2023-10-05 15:06:07 - [TEST_STEP][PASSED] - verifyElementPresent(findTestObject("Login/Home"), 0): Object 'Object Repository/Login/Home' is present

2023-10-05 15:06:08 - [MESSAGE][WARNING] - Timeout '0' is invalid. Using default page load timeout: '30'

2023-10-05 15:06:08 - [MESSAGE][PASSED] - Object 'Object Repository/Login/Home' is present

2023-10-05 15:06:08 - [TEST_STEP][PASSED] - click(findTestObject("Login/a_Login")): Object: 'Object Repository/Login/a_Login' is clicked on

2023-10-05 15:06:09 - [MESSAGE][PASSED] - Object: 'Object Repository/Login/a_Login' is clicked on

2023-10-05 15:06:09 - [TEST_STEP][PASSED] - verifyElementPresent(findTestObject("Login/Tittle Login"), 0): Object 'Object Repository/Login/Tittle Login' is present

2023-10-05 15:06:09 - [MESSAGE][WARNING] - Timeout '0' is invalid. Using default page load timeout: '30'

2023-10-05 15:06:09 - [MESSAGE][PASSED] - Object 'Object Repository/Login/Tittle Login' is present

2023-10-05 15:06:09 - [TEST_STEP][PASSED] - setText(findTestObject("Login/input_Username, Email atau No. Handphone_a"), username): Text 'irfanafandi' is set on object 'Object Repository/Login/input_Username, Email atau No. Handphone_a'

2023-10-05 15:06:10 - [MESSAGE][PASSED] - Text 'irfanafandi' is set on object 'Object Repository/Login/input_Username, Email atau No. Handphone_a'

2023-10-05 15:06:10 - [TEST_STEP][PASSED] - setText(findTestObject("Login/input_Password_b"), password): Text '12345irfan' is set on object 'Object Repository/Login/input_Password_b'

2023-10-05 15:06:11 - [MESSAGE][PASSED] - Text '12345irfan' is set on object 'Object Repository/Login/input_Password_b'

2023-10-05 15:06:11 - [TEST_STEP][PASSED] - click(findTestObject("Login/label_Ingat saya")): Object: 'Object Repository/Login/label_Ingat saya' is clicked on

2023-10-05 15:06:12 - [MESSAGE][PASSED] - Object: 'Object Repository/Login/label_Ingat saya' is clicked on

2023-10-05 15:06:12 - [TEST_STEP][PASSED] - click(findTestObject("Login/button_Masuk")): Object: 'Object Repository/Login/button_Masuk' is clicked on

2023-10-05 15:06:13 - [MESSAGE][PASSED] - Object: 'Object Repository/Login/button_Masuk' is clicked on

2023-10-05 15:06:13 - [TEST_STEP][PASSED] - verifyElementPresent(findTestObject("Login/li_Profile"), 0): Object 'Object Repository/Login/li_Profile' is present

2023-10-05 15:06:13 - [MESSAGE][WARNING] - Timeout '0' is invalid. Using default page load timeout: '30'

2023-10-05 15:06:14 - [MESSAGE][PASSED] - Object 'Object Repository/Login/li_Profile' is present

2023-10-05 15:06:14 - [MESSAGE][PASSED] - Call Test Case 'Test Cases/T13 Pembelian, Shipment dan Pembayaran/LU-001' successfully

2023-10-05 15:06:14 - [TEST_STEP][PASSED] - mouseOver(findTestObject("beli barang/i_Mulai Belanja_icon-menu")): Object: 'Object Repository/beli barang/i_Mulai Belanja_icon-menu' is hovered

2023-10-05 15:06:14 - [MESSAGE][PASSED] - Object: 'Object Repository/beli barang/i_Mulai Belanja_icon-menu' is hovered

2023-10-05 15:06:14 - [TEST_STEP][PASSED] - click(findTestObject("beli barang/a_Fashion  Busana Wanita")): Object: 'Object Repository/beli barang/a_Fashion  Busana Wanita' is clicked on

2023-10-05 15:06:16 - [MESSAGE][PASSED] - Object: 'Object Repository/beli barang/a_Fashion  Busana Wanita' is clicked on

2023-10-05 15:06:16 - [TEST_STEP][PASSED] - NamaSebelum = getText(findTestObject("verifikasi/Nama sebelum")): Text of object 'Object Repository/verifikasi/Nama sebelum' is: ''

2023-10-05 15:06:16 - [MESSAGE][PASSED] - Text of object 'Object Repository/verifikasi/Nama sebelum' is: ''

2023-10-05 15:06:16 - [TEST_STEP][PASSED] - HargaSebelum = getText(findTestObject("verifikasi/Harga sebelum")): Text of object 'Object Repository/verifikasi/Harga sebelum' is: 'Rp 1,299'

2023-10-05 15:06:17 - [MESSAGE][PASSED] - Text of object 'Object Repository/verifikasi/Harga sebelum' is: 'Rp 1,299'

2023-10-05 15:06:17 - [TEST_STEP][PASSED] - mouseOver(findTestObject("beli barang/barang mouse over")): Object: 'Object Repository/beli barang/barang mouse over' is hovered

2023-10-05 15:06:17 - [MESSAGE][PASSED] - Object: 'Object Repository/beli barang/barang mouse over' is hovered

2023-10-05 15:06:17 - [TEST_STEP][PASSED] - click(findTestObject("beli barang/buttom add to cart")): Object: 'Object Repository/beli barang/buttom add to cart' is clicked on

2023-10-05 15:06:19 - [MESSAGE][PASSED] - Object: 'Object Repository/beli barang/buttom add to cart' is clicked on

2023-10-05 15:06:19 - [TEST_STEP][PASSED] - NamaSesudah = getText(findTestObject("verifikasi/Nama sesudah")): Text of object 'Object Repository/verifikasi/Nama sesudah' is: 'Segitiga Instan Madeira - MDB5.3 Sunset'

2023-10-05 15:06:19 - [MESSAGE][PASSED] - Text of object 'Object Repository/verifikasi/Nama sesudah' is: 'Segitiga Instan Madeira - MDB5.3 Sunset'

2023-10-05 15:06:19 - [TEST_STEP][PASSED] - HargaSesudah = getText(findTestObject("verifikasi/Harga sesudah")): Text of object 'Object Repository/verifikasi/Harga sesudah' is: 'Rp 1,299'

2023-10-05 15:06:20 - [MESSAGE][PASSED] - Text of object 'Object Repository/verifikasi/Harga sesudah' is: 'Rp 1,299'

2023-10-05 15:06:20 - [TEST_STEP][PASSED] - assert NamaSesudah.contains(NamaSebelum): null

2023-10-05 15:06:20 - [TEST_STEP][PASSED] - assert HargaSesudah.contains(HargaSebelum): null

2023-10-05 15:06:20 - [TEST_STEP][PASSED] - click(findTestObject("beli barang/Tambah Keranjang busana wanita")): Object: 'Object Repository/beli barang/Tambah Keranjang busana wanita' is clicked on

2023-10-05 15:06:20 - [MESSAGE][PASSED] - Object: 'Object Repository/beli barang/Tambah Keranjang busana wanita' is clicked on

2023-10-05 15:06:20 - [TEST_STEP][PASSED] - verifyElementPresent(findTestObject("checkout/Notifikasi keranjang"), 1): Object 'Object Repository/checkout/Notifikasi keranjang' is present

2023-10-05 15:06:21 - [MESSAGE][PASSED] - Object 'Object Repository/checkout/Notifikasi keranjang' is present

2023-10-05 15:06:21 - [TEST_STEP][PASSED] - data = new java.util.HashMap(): null

2023-10-05 15:06:21 - [TEST_STEP][PASSED] - data.put("nama_barang", NamaSesudah): null

2023-10-05 15:06:21 - [TEST_STEP][PASSED] - data.put("price_barang", HargaSesudah): null

2023-10-05 15:06:21 - [TEST_STEP][PASSED] - return data: null

2023-10-05 15:06:21 - [MESSAGE][PASSED] - Call Test Case 'Test Cases/T13 Pembelian, Shipment dan Pembayaran/PBL-001' successfully

2023-10-05 15:06:21 - [TEST_STEP][PASSED] - mouseOver(findTestObject("beli barang/keranjang")): Object: 'Object Repository/beli barang/keranjang' is hovered

2023-10-05 15:06:22 - [MESSAGE][PASSED] - Object: 'Object Repository/beli barang/keranjang' is hovered

2023-10-05 15:06:22 - [TEST_STEP][PASSED] - click(findTestObject("beli barang/Lihat Sekarang")): Object: 'Object Repository/beli barang/Lihat Sekarang' is clicked on

2023-10-05 15:06:23 - [MESSAGE][PASSED] - Object: 'Object Repository/beli barang/Lihat Sekarang' is clicked on

2023-10-05 15:06:23 - [TEST_STEP][PASSED] - verifyElementPresent(findTestObject("keranjang/li_Keranjang Belanja"), 0): Object 'Object Repository/keranjang/li_Keranjang Belanja' is present

2023-10-05 15:06:23 - [MESSAGE][WARNING] - Timeout '0' is invalid. Using default page load timeout: '30'

2023-10-05 15:06:24 - [MESSAGE][PASSED] - Object 'Object Repository/keranjang/li_Keranjang Belanja' is present

2023-10-05 15:06:24 - [TEST_STEP][PASSED] - NamaKeranjang = getText(findTestObject("verifikasi/Nama keranjang")): Text of object 'Object Repository/verifikasi/Nama keranjang' is: 'Segitiga Instan Madeira - MDB5.3 Sunset'

2023-10-05 15:06:24 - [MESSAGE][PASSED] - Text of object 'Object Repository/verifikasi/Nama keranjang' is: 'Segitiga Instan Madeira - MDB5.3 Sunset'

2023-10-05 15:06:24 - [TEST_STEP][PASSED] - HargaKeranjang = getText(findTestObject("verifikasi/Harga Keranjang")): Text of object 'Object Repository/verifikasi/Harga Keranjang' is: 'Rp 1,299'

2023-10-05 15:06:25 - [MESSAGE][PASSED] - Text of object 'Object Repository/verifikasi/Harga Keranjang' is: 'Rp 1,299'

2023-10-05 15:06:25 - [TEST_STEP][PASSED] - if (toString().equalsIgnoreCase("Merah")): Object 'Object Repository/keranjang/input_Warna_variasi101' is checked

2023-10-05 15:06:25 - [TEST_STEP][PASSED] - check(findTestObject("Object Repository/keranjang/input_Warna_variasi101")): Object 'Object Repository/keranjang/input_Warna_variasi101' is checked

2023-10-05 15:06:25 - [MESSAGE][PASSED] - Object 'Object Repository/keranjang/input_Warna_variasi101' is checked

2023-10-05 15:06:25 - [TEST_STEP][PASSED] - if (toString().equalsIgnoreCase("Menengah")): Object 'Object Repository/keranjang/input_Ukuran_variasi201' is checked

2023-10-05 15:06:25 - [TEST_STEP][PASSED] - check(findTestObject("Object Repository/keranjang/input_Ukuran_variasi201")): Object 'Object Repository/keranjang/input_Ukuran_variasi201' is checked

2023-10-05 15:06:25 - [MESSAGE][PASSED] - Object 'Object Repository/keranjang/input_Ukuran_variasi201' is checked

2023-10-05 15:06:25 - [TEST_STEP][PASSED] - data.put("Warna", warna): null

2023-10-05 15:06:25 - [TEST_STEP][PASSED] - data.put("Ukuran", ukuran): null

2023-10-05 15:06:25 - [TEST_STEP][PASSED] - click(findTestObject("keranjang/button_Lanjut ke Pembayaran")): Object: 'Object Repository/keranjang/button_Lanjut ke Pembayaran' is clicked on

2023-10-05 15:06:27 - [MESSAGE][PASSED] - Object: 'Object Repository/keranjang/button_Lanjut ke Pembayaran' is clicked on

2023-10-05 15:06:27 - [TEST_STEP][PASSED] - verifyElementPresent(findTestObject("checkout/Tittle Checkout Order"), 0): Object 'Object Repository/checkout/Tittle Checkout Order' is present

2023-10-05 15:06:27 - [MESSAGE][WARNING] - Timeout '0' is invalid. Using default page load timeout: '30'

2023-10-05 15:06:28 - [MESSAGE][PASSED] - Object 'Object Repository/checkout/Tittle Checkout Order' is present

2023-10-05 15:06:28 - [TEST_STEP][PASSED] - name_product = data.get("nama_barang"): null

2023-10-05 15:06:28 - [TEST_STEP][PASSED] - price_product = data.get("price_barang"): null

2023-10-05 15:06:28 - [TEST_STEP][PASSED] - assert name_product == NamaKeranjang: null

2023-10-05 15:06:28 - [TEST_STEP][PASSED] - assert price_product == HargaKeranjang: null

2023-10-05 15:06:28 - [TEST_STEP][PASSED] - return data: null

2023-10-05 15:06:28 - [MESSAGE][PASSED] - Call Test Case 'Test Cases/T13 Pembelian, Shipment dan Pembayaran/PBL-002' successfully

2023-10-05 15:06:28 - [TEST_STEP][PASSED] - warnaa = getText(findTestObject("verifikasi/warna Merah")): Text of object 'Object Repository/verifikasi/warna Merah' is: 'Merah'

2023-10-05 15:06:28 - [MESSAGE][PASSED] - Text of object 'Object Repository/verifikasi/warna Merah' is: 'Merah'

2023-10-05 15:06:28 - [TEST_STEP][PASSED] - ukurann = getText(findTestObject("verifikasi/Ukuran Menengah")): Text of object 'Object Repository/verifikasi/Ukuran Menengah' is: 'Menengah'

2023-10-05 15:06:28 - [MESSAGE][PASSED] - Text of object 'Object Repository/verifikasi/Ukuran Menengah' is: 'Menengah'

2023-10-05 15:06:28 - [TEST_STEP][PASSED] - warna1 = data.get("Warna"): null

2023-10-05 15:06:28 - [TEST_STEP][PASSED] - ukuran1 = data.get("Ukuran"): null

2023-10-05 15:06:28 - [TEST_STEP][PASSED] - assert warnaa == warna1: null

2023-10-05 15:06:28 - [TEST_STEP][PASSED] - assert ukurann == ukuran1: null

2023-10-05 15:06:28 - [TEST_STEP][PASSED] - NamaCheckout = getText(findTestObject("verifikasi/NamaCheckout")): Text of object 'Object Repository/verifikasi/NamaCheckout' is: ''

2023-10-05 15:06:29 - [MESSAGE][PASSED] - Text of object 'Object Repository/verifikasi/NamaCheckout' is: ''

2023-10-05 15:06:29 - [TEST_STEP][PASSED] - HargaCheckout = getText(findTestObject("verifikasi/HargaCheckout")): Text of object 'Object Repository/verifikasi/HargaCheckout' is: '1,299'

2023-10-05 15:06:29 - [MESSAGE][PASSED] - Text of object 'Object Repository/verifikasi/HargaCheckout' is: '1,299'

2023-10-05 15:06:29 - [TEST_STEP][PASSED] - name_product = data.get("nama_barang"): null

2023-10-05 15:06:29 - [TEST_STEP][PASSED] - price_product = data.get("price_barang"): null

2023-10-05 15:06:29 - [TEST_STEP][PASSED] - assert name_product.contains(NamaCheckout): null

2023-10-05 15:06:29 - [TEST_STEP][PASSED] - assert price_product.contains(HargaCheckout): null

2023-10-05 15:06:29 - [TEST_STEP][PASSED] - selectOptionByLabel(findTestObject("checkout/select - Kirim via Kurir Lokal"), Kurir, false): All options with label 'Roda 2' are selected in object 'Object Repository/checkout/select - Kirim via Kurir Lokal' 

2023-10-05 15:06:30 - [MESSAGE][PASSED] - All options with label 'Roda 2' are selected in object 'Object Repository/checkout/select - Kirim via Kurir Lokal' 

2023-10-05 15:06:30 - [TEST_STEP][PASSED] - click(findTestObject("checkout/Kendaraan Kurir")): Object: 'Object Repository/checkout/Kendaraan Kurir' is clicked on

2023-10-05 15:06:31 - [MESSAGE][PASSED] - Object: 'Object Repository/checkout/Kendaraan Kurir' is clicked on

2023-10-05 15:06:31 - [TEST_STEP][PASSED] - OngkosKirim = getText(findTestObject("Object Repository/verifikasi/Ongkos Kirim checkout")): Text of object 'Object Repository/verifikasi/Ongkos Kirim checkout' is: 'Rp. 5,000'

2023-10-05 15:06:31 - [MESSAGE][PASSED] - Text of object 'Object Repository/verifikasi/Ongkos Kirim checkout' is: 'Rp. 5,000'

2023-10-05 15:06:31 - [TEST_STEP][PASSED] - Ongkos = OngkosKirim.substring(3, OngkosKirim.size()): null

2023-10-05 15:06:31 - [TEST_STEP][PASSED] - rep = Ongkos.replace(",", "."): null

2023-10-05 15:06:31 - [TEST_STEP][PASSED] - Ongkos_kirim = Double.parseDouble(rep): null

2023-10-05 15:06:31 - [TEST_STEP][PASSED] - println(Ongkos_kirim): null

2023-10-05 15:06:31 - [TEST_STEP][PASSED] - FeeAdmin = getText(findTestObject("verifikasi/Fee Admin checkout")): Text of object 'Object Repository/verifikasi/Fee Admin checkout' is: 'Fee Admin
Rp 1,500'

2023-10-05 15:06:32 - [MESSAGE][PASSED] - Text of object 'Object Repository/verifikasi/Fee Admin checkout' is: 'Fee Admin
Rp 1,500'

2023-10-05 15:06:32 - [TEST_STEP][PASSED] - Fee_Admin = FeeAdmin.substring(12, FeeAdmin.size()): null

2023-10-05 15:06:32 - [TEST_STEP][PASSED] - fee = Fee_Admin.replace(",", "."): null

2023-10-05 15:06:32 - [TEST_STEP][PASSED] - fee_admin = Double.parseDouble(fee): null

2023-10-05 15:06:32 - [TEST_STEP][PASSED] - println(fee_admin): null

2023-10-05 15:06:32 - [TEST_STEP][PASSED] - Subtotal = getText(findTestObject("verifikasi/subtotal checkout")): Text of object 'Object Repository/verifikasi/subtotal checkout' is: 'Subtotal
Rp 1,299'

2023-10-05 15:06:32 - [MESSAGE][PASSED] - Text of object 'Object Repository/verifikasi/subtotal checkout' is: 'Subtotal
Rp 1,299'

2023-10-05 15:06:32 - [TEST_STEP][PASSED] - sub_total = Subtotal.substring(12, Subtotal.size()): null

2023-10-05 15:06:32 - [TEST_STEP][PASSED] - sub = sub_total.replace(",", "."): null

2023-10-05 15:06:32 - [TEST_STEP][PASSED] - sub_total = Double.parseDouble(sub): null

2023-10-05 15:06:32 - [TEST_STEP][PASSED] - println(sub_total): null

2023-10-05 15:06:32 - [TEST_STEP][PASSED] - Total = getText(findTestObject("verifikasi/Total checkout")): Text of object 'Object Repository/verifikasi/Total checkout' is: 'Rp 7,799'

2023-10-05 15:06:32 - [MESSAGE][PASSED] - Text of object 'Object Repository/verifikasi/Total checkout' is: 'Rp 7,799'

2023-10-05 15:06:32 - [TEST_STEP][PASSED] - totall = Total.substring(3, Total.size()): null

2023-10-05 15:06:32 - [TEST_STEP][PASSED] - total = totall.replace(",", "."): null

2023-10-05 15:06:32 - [TEST_STEP][PASSED] - totall = Double.parseDouble(total): null

2023-10-05 15:06:32 - [TEST_STEP][PASSED] - println(totall): null

2023-10-05 15:06:32 - [TEST_STEP][PASSED] - Total_Harga = Ongkos_kirim + fee_admin + sub_total: null

2023-10-05 15:06:32 - [TEST_STEP][PASSED] - println(Total_Harga): null

2023-10-05 15:06:32 - [TEST_STEP][PASSED] - TotalHarga = Math.round(Total_Harga * 1000) / 1000: null

2023-10-05 15:06:32 - [TEST_STEP][PASSED] - println(TotalHarga): null

2023-10-05 15:06:32 - [TEST_STEP][PASSED] - assert totall == TotalHarga: null

2023-10-05 15:06:32 - [TEST_STEP][PASSED] - click(findTestObject("verifikasi/Metode Transfer")): Object: 'Object Repository/verifikasi/Metode Transfer' is clicked on

2023-10-05 15:06:33 - [MESSAGE][PASSED] - Object: 'Object Repository/verifikasi/Metode Transfer' is clicked on

2023-10-05 15:06:33 - [TEST_STEP][PASSED] - click(findTestObject("checkout/button_Proses Pembayaran")): Object: 'Object Repository/checkout/button_Proses Pembayaran' is clicked on

2023-10-05 15:06:41 - [MESSAGE][PASSED] - Object: 'Object Repository/checkout/button_Proses Pembayaran' is clicked on

2023-10-05 15:06:41 - [TEST_STEP][PASSED] - verifyElementPresent(findTestObject("pembayaran/Tittle nomor invoice"), 0): Object 'Object Repository/pembayaran/Tittle nomor invoice' is present

2023-10-05 15:06:41 - [MESSAGE][WARNING] - Timeout '0' is invalid. Using default page load timeout: '30'

2023-10-05 15:06:42 - [MESSAGE][PASSED] - Object 'Object Repository/pembayaran/Tittle nomor invoice' is present

2023-10-05 15:06:42 - [TEST_STEP][PASSED] - return data: null

2023-10-05 15:06:42 - [MESSAGE][PASSED] - Call Test Case 'Test Cases/T13 Pembelian, Shipment dan Pembayaran/PBL-004' successfully

2023-10-05 15:06:42 - [TEST_STEP][PASSED] - Invoice = getText(findTestObject("pembayaran/nomor invoice")): Text of object 'Object Repository/pembayaran/nomor invoice' is: 'TRX60.20231005150637'

2023-10-05 15:06:43 - [MESSAGE][PASSED] - Text of object 'Object Repository/pembayaran/nomor invoice' is: 'TRX60.20231005150637'

2023-10-05 15:06:43 - [TEST_STEP][PASSED] - data.put("invoice", Invoice): null

2023-10-05 15:06:43 - [TEST_STEP][PASSED] - NamaPemesan = getText(findTestObject("Konfirmasi pesanan shop/Nama pemesan")): Text of object 'Object Repository/Konfirmasi pesanan shop/Nama pemesan' is: 'irfan.afandi'

2023-10-05 15:06:43 - [MESSAGE][PASSED] - Text of object 'Object Repository/Konfirmasi pesanan shop/Nama pemesan' is: 'irfan.afandi'

2023-10-05 15:06:43 - [TEST_STEP][PASSED] - Nama = getText(findTestObject("pembayaran/Nama barang")): Text of object 'Object Repository/pembayaran/Nama barang' is: 'Segitiga Instan Madeira - MDB5.3 Sunset'

2023-10-05 15:06:44 - [MESSAGE][PASSED] - Text of object 'Object Repository/pembayaran/Nama barang' is: 'Segitiga Instan Madeira - MDB5.3 Sunset'

2023-10-05 15:06:44 - [TEST_STEP][PASSED] - Harga = getText(findTestObject("pembayaran/Harga barang")): Text of object 'Object Repository/pembayaran/Harga barang' is: '1,299'

2023-10-05 15:06:44 - [MESSAGE][PASSED] - Text of object 'Object Repository/pembayaran/Harga barang' is: '1,299'

2023-10-05 15:06:44 - [TEST_STEP][PASSED] - name_product = data.get("nama_barang"): null

2023-10-05 15:06:44 - [TEST_STEP][PASSED] - price_product = data.get("price_barang"): null

2023-10-05 15:06:44 - [TEST_STEP][PASSED] - assert name_product.contains(Nama): null

2023-10-05 15:06:44 - [TEST_STEP][PASSED] - assert price_product.contains(Harga): null

2023-10-05 15:06:44 - [TEST_STEP][PASSED] - warnaa = getText(findTestObject("pembayaran/warna")): Text of object 'Object Repository/pembayaran/warna' is: 'Merah'

2023-10-05 15:06:45 - [MESSAGE][PASSED] - Text of object 'Object Repository/pembayaran/warna' is: 'Merah'

2023-10-05 15:06:45 - [TEST_STEP][PASSED] - ukurann = getText(findTestObject("pembayaran/ukuran")): Text of object 'Object Repository/pembayaran/ukuran' is: 'Menengah'

2023-10-05 15:06:45 - [MESSAGE][PASSED] - Text of object 'Object Repository/pembayaran/ukuran' is: 'Menengah'

2023-10-05 15:06:45 - [TEST_STEP][PASSED] - warna1 = data.get("Warna"): null

2023-10-05 15:06:45 - [TEST_STEP][PASSED] - ukuran1 = data.get("Ukuran"): null

2023-10-05 15:06:45 - [TEST_STEP][PASSED] - assert warnaa == warna1: null

2023-10-05 15:06:45 - [TEST_STEP][PASSED] - assert ukurann == ukuran1: null

2023-10-05 15:06:45 - [TEST_STEP][PASSED] - statusPembelian = getText(findTestObject("verifikasi/Status pending di pembelian")): Text of object 'Object Repository/verifikasi/Status pending di pembelian' is: 'Pending'

2023-10-05 15:06:46 - [MESSAGE][PASSED] - Text of object 'Object Repository/verifikasi/Status pending di pembelian' is: 'Pending'

2023-10-05 15:06:46 - [TEST_STEP][PASSED] - data.put("statusPem", statusPembelian): null

2023-10-05 15:06:46 - [TEST_STEP][PASSED] - OngkosKirim = getText(findTestObject("pembayaran/ongkos kirim")): Text of object 'Object Repository/pembayaran/ongkos kirim' is: 'Rp 5,000'

2023-10-05 15:06:46 - [MESSAGE][PASSED] - Text of object 'Object Repository/pembayaran/ongkos kirim' is: 'Rp 5,000'

2023-10-05 15:06:46 - [TEST_STEP][PASSED] - Ongkos = OngkosKirim.substring(3, OngkosKirim.size()): null

2023-10-05 15:06:46 - [TEST_STEP][PASSED] - rep = Ongkos.replace(",", ""): null

2023-10-05 15:06:46 - [TEST_STEP][PASSED] - Ongkos_kirimm = Integer.parseInt(rep): null

2023-10-05 15:06:46 - [TEST_STEP][PASSED] - println(Ongkos_kirimm): null

2023-10-05 15:06:46 - [TEST_STEP][PASSED] - FeeAdmin = getText(findTestObject("pembayaran/fee admin")): Text of object 'Object Repository/pembayaran/fee admin' is: 'Rp 1,500'

2023-10-05 15:06:47 - [MESSAGE][PASSED] - Text of object 'Object Repository/pembayaran/fee admin' is: 'Rp 1,500'

2023-10-05 15:06:47 - [TEST_STEP][PASSED] - Fee_Admin = FeeAdmin.substring(3, FeeAdmin.size()): null

2023-10-05 15:06:47 - [TEST_STEP][PASSED] - fee = Fee_Admin.replace(",", ""): null

2023-10-05 15:06:47 - [TEST_STEP][PASSED] - fee_adminn = Integer.parseInt(fee): null

2023-10-05 15:06:47 - [TEST_STEP][PASSED] - println(fee_adminn): null

2023-10-05 15:06:47 - [TEST_STEP][PASSED] - Subtotal = getText(findTestObject("pembayaran/subtotal")): Text of object 'Object Repository/pembayaran/subtotal' is: 'Rp 1,299'

2023-10-05 15:06:47 - [MESSAGE][PASSED] - Text of object 'Object Repository/pembayaran/subtotal' is: 'Rp 1,299'

2023-10-05 15:06:47 - [TEST_STEP][PASSED] - sub_total = Subtotal.substring(3, Subtotal.size()): null

2023-10-05 15:06:47 - [TEST_STEP][PASSED] - sub = sub_total.replace(",", ""): null

2023-10-05 15:06:47 - [TEST_STEP][PASSED] - sub_totall = Integer.parseInt(sub): null

2023-10-05 15:06:47 - [TEST_STEP][PASSED] - println(sub_totall): null

2023-10-05 15:06:47 - [TEST_STEP][PASSED] - unik = getText(findTestObject("pembayaran/kode unik")): Text of object 'Object Repository/pembayaran/kode unik' is: '+637'

2023-10-05 15:06:48 - [MESSAGE][PASSED] - Text of object 'Object Repository/pembayaran/kode unik' is: '+637'

2023-10-05 15:06:48 - [TEST_STEP][PASSED] - unikk = unik.replace("+", ""): null

2023-10-05 15:06:48 - [TEST_STEP][PASSED] - kode_unik = Integer.parseInt(unikk): null

2023-10-05 15:06:48 - [TEST_STEP][PASSED] - println(kode_unik): null

2023-10-05 15:06:48 - [TEST_STEP][PASSED] - Total = getText(findTestObject("pembayaran/total")): Text of object 'Object Repository/pembayaran/total' is: '8,436'

2023-10-05 15:06:48 - [MESSAGE][PASSED] - Text of object 'Object Repository/pembayaran/total' is: '8,436'

2023-10-05 15:06:48 - [TEST_STEP][PASSED] - total = Total.replace(",", ""): null

2023-10-05 15:06:48 - [TEST_STEP][PASSED] - totalll = Integer.parseInt(total): null

2023-10-05 15:06:48 - [TEST_STEP][PASSED] - println(totalll): null

2023-10-05 15:06:48 - [TEST_STEP][PASSED] - Total_Hargaa = Ongkos_kirimm + fee_adminn + sub_totall + kode_unik: null

2023-10-05 15:06:48 - [TEST_STEP][PASSED] - println(Total_Hargaa): null

2023-10-05 15:06:48 - [TEST_STEP][PASSED] - assert totalll == Total_Hargaa: null

2023-10-05 15:06:48 - [TEST_STEP][PASSED] - data.put("total", Total): null

2023-10-05 15:06:48 - [TEST_STEP][PASSED] - data.put("nama", NamaPemesan): null

2023-10-05 15:06:48 - [TEST_STEP][PASSED] - return data: null

2023-10-05 15:06:48 - [MESSAGE][PASSED] - Call Test Case 'Test Cases/T13 Pembelian, Shipment dan Pembayaran/PBY-001' successfully

2023-10-05 15:06:48 - [TEST_STEP][PASSED] - inv = data.get("invoice"): null

2023-10-05 15:06:48 - [TEST_STEP][PASSED] - Total = data.get("total"): null

2023-10-05 15:06:48 - [TEST_STEP][PASSED] - NamaPemesan = data.get("nama"): null

2023-10-05 15:06:48 - [TEST_STEP][PASSED] - click(findTestObject("Konfirmasi pesanan shop/Menu Shop")): Object: 'Object Repository/Konfirmasi pesanan shop/Menu Shop' is clicked on

2023-10-05 15:06:50 - [MESSAGE][PASSED] - Object: 'Object Repository/Konfirmasi pesanan shop/Menu Shop' is clicked on

2023-10-05 15:06:50 - [TEST_STEP][PASSED] - click(findTestObject("Konfirmasi pesanan shop/Menu Shop")): Object: 'Object Repository/Konfirmasi pesanan shop/Menu Shop' is clicked on

2023-10-05 15:06:51 - [MESSAGE][PASSED] - Object: 'Object Repository/Konfirmasi pesanan shop/Menu Shop' is clicked on

2023-10-05 15:06:51 - [TEST_STEP][PASSED] - click(findTestObject("Konfirmasi pesanan shop/Konfirmasi Orders")): Object: 'Object Repository/Konfirmasi pesanan shop/Konfirmasi Orders' is clicked on

2023-10-05 15:06:51 - [MESSAGE][PASSED] - Object: 'Object Repository/Konfirmasi pesanan shop/Konfirmasi Orders' is clicked on

2023-10-05 15:06:51 - [TEST_STEP][PASSED] - verifyElementPresent(findTestObject("Konfirmasi pesanan shop/Tittle Konfirmasi Pesanan"), 0): Object 'Object Repository/Konfirmasi pesanan shop/Tittle Konfirmasi Pesanan' is present

2023-10-05 15:06:51 - [MESSAGE][WARNING] - Timeout '0' is invalid. Using default page load timeout: '30'

2023-10-05 15:06:53 - [MESSAGE][PASSED] - Object 'Object Repository/Konfirmasi pesanan shop/Tittle Konfirmasi Pesanan' is present

2023-10-05 15:06:53 - [TEST_STEP][PASSED] - setText(findTestObject("Konfirmasi pesanan shop/input_No Pesanan"), inv): Text 'TRX60.20231005150637' is set on object 'Object Repository/Konfirmasi pesanan shop/input_No Pesanan'

2023-10-05 15:06:54 - [MESSAGE][PASSED] - Text 'TRX60.20231005150637' is set on object 'Object Repository/Konfirmasi pesanan shop/input_No Pesanan'

2023-10-05 15:06:54 - [TEST_STEP][PASSED] - setText(findTestObject("Konfirmasi pesanan shop/input_Alamat E-mai"), "irfan@gmail.com"): Text 'irfan@gmail.com' is set on object 'Object Repository/Konfirmasi pesanan shop/input_Alamat E-mai'

2023-10-05 15:06:55 - [MESSAGE][PASSED] - Text 'irfan@gmail.com' is set on object 'Object Repository/Konfirmasi pesanan shop/input_Alamat E-mai'

2023-10-05 15:06:55 - [TEST_STEP][PASSED] - click(findTestObject("Konfirmasi pesanan shop/button_Submit")): Object: 'Object Repository/Konfirmasi pesanan shop/button_Submit' is clicked on

2023-10-05 15:06:56 - [MESSAGE][PASSED] - Object: 'Object Repository/Konfirmasi pesanan shop/button_Submit' is clicked on

2023-10-05 15:06:56 - [TEST_STEP][PASSED] - verifyElementPresent(findTestObject("Konfirmasi pesanan shop/Tittle nomor invoice"), 0): Object 'Object Repository/Konfirmasi pesanan shop/Tittle nomor invoice' is present

2023-10-05 15:06:56 - [MESSAGE][WARNING] - Timeout '0' is invalid. Using default page load timeout: '30'

2023-10-05 15:06:56 - [MESSAGE][PASSED] - Object 'Object Repository/Konfirmasi pesanan shop/Tittle nomor invoice' is present

2023-10-05 15:06:56 - [TEST_STEP][PASSED] - setText(findTestObject("Konfirmasi pesanan shop/input_Total TagihanTransfer_b"), Total): Text '8,436' is set on object 'Object Repository/Konfirmasi pesanan shop/input_Total TagihanTransfer_b'

2023-10-05 15:06:57 - [MESSAGE][PASSED] - Text '8,436' is set on object 'Object Repository/Konfirmasi pesanan shop/input_Total TagihanTransfer_b'

2023-10-05 15:06:57 - [TEST_STEP][PASSED] - selectOptionByValue(findTestObject("Konfirmasi pesanan shop/select_Bank"), "4", false): All options with value '4' are selected in object 'Object Repository/Konfirmasi pesanan shop/select_Bank' 

2023-10-05 15:06:58 - [MESSAGE][PASSED] - All options with value '4' are selected in object 'Object Repository/Konfirmasi pesanan shop/select_Bank' 

2023-10-05 15:06:58 - [TEST_STEP][PASSED] - setText(findTestObject("Konfirmasi pesanan shop/input_Nama Pengirim_d"), NamaPemesan): Text 'irfan.afandi' is set on object 'Object Repository/Konfirmasi pesanan shop/input_Nama Pengirim_d'

2023-10-05 15:06:59 - [MESSAGE][PASSED] - Text 'irfan.afandi' is set on object 'Object Repository/Konfirmasi pesanan shop/input_Nama Pengirim_d'

2023-10-05 15:06:59 - [TEST_STEP][PASSED] - uploadFile(findTestObject("keranjang/konfirmasi/input_Upload Bukti Transfer_f"), "C:\Users\IRFAN\Downloads\Berkas2.pdf"): File 'C:\Users\IRFAN\Downloads\Berkas2.pdf' sent to object: 'Object Repository/keranjang/konfirmasi/input_Upload Bukti Transfer_f'

2023-10-05 15:06:59 - [MESSAGE][PASSED] - File 'C:\Users\IRFAN\Downloads\Berkas2.pdf' sent to object: 'Object Repository/keranjang/konfirmasi/input_Upload Bukti Transfer_f'

2023-10-05 15:06:59 - [TEST_STEP][PASSED] - click(findTestObject("Konfirmasi pesanan shop/button_Konfirmasi Pembayaran")): Object: 'Object Repository/Konfirmasi pesanan shop/button_Konfirmasi Pembayaran' is clicked on

2023-10-05 15:07:01 - [MESSAGE][PASSED] - Object: 'Object Repository/Konfirmasi pesanan shop/button_Konfirmasi Pembayaran' is clicked on

2023-10-05 15:07:01 - [TEST_STEP][PASSED] - verifyElementPresent(findTestObject("Konfirmasi pesanan shop/Tittle Konfirmasi Pesanan"), 0): Object 'Object Repository/Konfirmasi pesanan shop/Tittle Konfirmasi Pesanan' is present

2023-10-05 15:07:01 - [MESSAGE][WARNING] - Timeout '0' is invalid. Using default page load timeout: '30'

2023-10-05 15:07:01 - [MESSAGE][PASSED] - Object 'Object Repository/Konfirmasi pesanan shop/Tittle Konfirmasi Pesanan' is present

2023-10-05 15:07:01 - [TEST_STEP][PASSED] - verifyElementPresent(findTestObject("Konfirmasi pesanan shop/Tittle massage succes Konfirmasi Pembayaran Pesanan"), 0): Object 'Object Repository/Konfirmasi pesanan shop/Tittle massage succes Konfirmasi Pembayaran Pesanan' is present

2023-10-05 15:07:01 - [MESSAGE][WARNING] - Timeout '0' is invalid. Using default page load timeout: '30'

2023-10-05 15:07:02 - [MESSAGE][PASSED] - Object 'Object Repository/Konfirmasi pesanan shop/Tittle massage succes Konfirmasi Pembayaran Pesanan' is present

2023-10-05 15:07:02 - [TEST_STEP][PASSED] - return data: null

2023-10-05 15:07:02 - [MESSAGE][PASSED] - Call Test Case 'Test Cases/T13 Pembelian, Shipment dan Pembayaran/PBY-004' successfully

2023-10-05 15:07:02 - [TEST_STEP][PASSED] - navigateToUrl("https://10.9.2.63/ecommerce/administrator/"): Navigate to 'https://10.9.2.63/ecommerce/administrator/' successfully

2023-10-05 15:07:03 - [MESSAGE][PASSED] - Navigate to 'https://10.9.2.63/ecommerce/administrator/' successfully

2023-10-05 15:07:03 - [TEST_STEP][PASSED] - verifyElementPresent(findTestObject("admin/Tittle ADMIN Login"), 0): Object 'Object Repository/admin/Tittle ADMIN Login' is present

2023-10-05 15:07:03 - [MESSAGE][WARNING] - Timeout '0' is invalid. Using default page load timeout: '30'

2023-10-05 15:07:03 - [MESSAGE][PASSED] - Object 'Object Repository/admin/Tittle ADMIN Login' is present

2023-10-05 15:07:03 - [TEST_STEP][PASSED] - setText(findTestObject("admin/Username"), "admin"): Text 'admin' is set on object 'Object Repository/admin/Username'

2023-10-05 15:07:04 - [MESSAGE][PASSED] - Text 'admin' is set on object 'Object Repository/admin/Username'

2023-10-05 15:07:04 - [TEST_STEP][PASSED] - setText(findTestObject("admin/Password"), "123admin123"): Text '123admin123' is set on object 'Object Repository/admin/Password'

2023-10-05 15:07:05 - [MESSAGE][PASSED] - Text '123admin123' is set on object 'Object Repository/admin/Password'

2023-10-05 15:07:05 - [TEST_STEP][PASSED] - click(findTestObject("admin/Remember Me")): Object: 'Object Repository/admin/Remember Me' is clicked on

2023-10-05 15:07:05 - [MESSAGE][PASSED] - Object: 'Object Repository/admin/Remember Me' is clicked on

2023-10-05 15:07:05 - [TEST_STEP][PASSED] - delay(10): Delayed 10 second(s)

2023-10-05 15:07:15 - [MESSAGE][PASSED] - Delayed 10 second(s)

2023-10-05 15:07:15 - [TEST_STEP][PASSED] - click(findTestObject("admin/buttom submit")): Object: 'Object Repository/admin/buttom submit' is clicked on

2023-10-05 15:07:16 - [MESSAGE][PASSED] - Object: 'Object Repository/admin/buttom submit' is clicked on

2023-10-05 15:07:16 - [TEST_STEP][PASSED] - verifyElementPresent(findTestObject("admin/Konf order konsumen/Tittle Dashboard"), 0): Object 'Object Repository/admin/Konf order konsumen/Tittle Dashboard' is present

2023-10-05 15:07:17 - [MESSAGE][WARNING] - Timeout '0' is invalid. Using default page load timeout: '30'

2023-10-05 15:07:17 - [MESSAGE][PASSED] - Object 'Object Repository/admin/Konf order konsumen/Tittle Dashboard' is present

2023-10-05 15:07:17 - [TEST_STEP][PASSED] - click(findTestObject("admin/Konf order konsumen/Menu Transaksi Market")): Object: 'Object Repository/admin/Konf order konsumen/Menu Transaksi Market' is clicked on

2023-10-05 15:07:17 - [MESSAGE][PASSED] - Object: 'Object Repository/admin/Konf order konsumen/Menu Transaksi Market' is clicked on

2023-10-05 15:07:17 - [TEST_STEP][PASSED] - click(findTestObject("admin/Konf order konsumen/Menu Konf. Order Konsumen")): Object: 'Object Repository/admin/Konf order konsumen/Menu Konf. Order Konsumen' is clicked on

2023-10-05 15:07:19 - [MESSAGE][PASSED] - Object: 'Object Repository/admin/Konf order konsumen/Menu Konf. Order Konsumen' is clicked on

2023-10-05 15:07:19 - [TEST_STEP][PASSED] - verifyElementPresent(findTestObject("admin/Konf order konsumen/Tittle Data Konfirmasi Pembayaran Konsumen"), 0): Object 'Object Repository/admin/Konf order konsumen/Tittle Data Konfirmasi Pembayaran Konsumen' is present

2023-10-05 15:07:19 - [MESSAGE][WARNING] - Timeout '0' is invalid. Using default page load timeout: '30'

2023-10-05 15:07:19 - [MESSAGE][PASSED] - Object 'Object Repository/admin/Konf order konsumen/Tittle Data Konfirmasi Pembayaran Konsumen' is present

2023-10-05 15:07:19 - [TEST_STEP][PASSED] - inv = data.get("invoice"): null

2023-10-05 15:07:19 - [TEST_STEP][PASSED] - setText(findTestObject("admin/Konf order konsumen/Search"), inv): Text 'TRX60.20231005150637' is set on object 'Object Repository/admin/Konf order konsumen/Search'

2023-10-05 15:07:20 - [MESSAGE][PASSED] - Text 'TRX60.20231005150637' is set on object 'Object Repository/admin/Konf order konsumen/Search'

2023-10-05 15:07:20 - [TEST_STEP][PASSED] - verifyElementText(findTestObject("admin/Konf order konsumen/Keterangan Lunas"), "Lunas"): Actual text and expected text of test object 'Object Repository/admin/Konf order konsumen/Keterangan Lunas' are matched.

2023-10-05 15:07:21 - [MESSAGE][PASSED] - Actual text and expected text of test object 'Object Repository/admin/Konf order konsumen/Keterangan Lunas' are matched.

2023-10-05 15:07:21 - [TEST_STEP][PASSED] - return data: null

2023-10-05 15:07:21 - [MESSAGE][PASSED] - Call Test Case 'Test Cases/T13 Pembelian, Shipment dan Pembayaran/PBYA-001' successfully

2023-10-05 15:07:21 - [TEST_STEP][PASSED] - click(findTestObject("admin/Penjualan ke konsumen/buttom Dashboard")): Object: 'Object Repository/admin/Penjualan ke konsumen/buttom Dashboard' is clicked on

2023-10-05 15:07:21 - [MESSAGE][PASSED] - Object: 'Object Repository/admin/Penjualan ke konsumen/buttom Dashboard' is clicked on

2023-10-05 15:07:21 - [TEST_STEP][PASSED] - click(findTestObject("admin/Konf order konsumen/Menu Transaksi Market")): Object: 'Object Repository/admin/Konf order konsumen/Menu Transaksi Market' is clicked on

2023-10-05 15:07:22 - [MESSAGE][PASSED] - Object: 'Object Repository/admin/Konf order konsumen/Menu Transaksi Market' is clicked on

2023-10-05 15:07:22 - [TEST_STEP][PASSED] - click(findTestObject("admin/Penjualan ke konsumen/a_Penjualan ke Konsumen")): Object: 'Object Repository/admin/Penjualan ke konsumen/a_Penjualan ke Konsumen' is clicked on

2023-10-05 15:07:25 - [MESSAGE][PASSED] - Object: 'Object Repository/admin/Penjualan ke konsumen/a_Penjualan ke Konsumen' is clicked on

2023-10-05 15:07:25 - [TEST_STEP][PASSED] - verifyElementPresent(findTestObject("admin/Tittle Data Transaksi Penjualan  Orderan Konsumen"), 0): Object 'Object Repository/admin/Tittle Data Transaksi Penjualan  Orderan Konsumen' is present

2023-10-05 15:07:25 - [MESSAGE][WARNING] - Timeout '0' is invalid. Using default page load timeout: '30'

2023-10-05 15:07:26 - [MESSAGE][PASSED] - Object 'Object Repository/admin/Tittle Data Transaksi Penjualan  Orderan Konsumen' is present

2023-10-05 15:07:26 - [TEST_STEP][PASSED] - return data: null

2023-10-05 15:07:26 - [MESSAGE][PASSED] - Call Test Case 'Test Cases/T13 Pembelian, Shipment dan Pembayaran/SA-001' successfully

2023-10-05 15:07:26 - [TEST_STEP][PASSED] - inv = data.get("invoice"): null

2023-10-05 15:07:26 - [TEST_STEP][PASSED] - setText(findTestObject("admin/Penjualan ke konsumen/Search"), inv): Text 'TRX60.20231005150637' is set on object 'Object Repository/admin/Penjualan ke konsumen/Search'

2023-10-05 15:07:27 - [MESSAGE][PASSED] - Text 'TRX60.20231005150637' is set on object 'Object Repository/admin/Penjualan ke konsumen/Search'

2023-10-05 15:07:27 - [TEST_STEP][PASSED] - click(findTestObject("admin/Penjualan ke konsumen/buttom konfirmasi pending payment"), CONTINUE_ON_FAILURE): Object: 'Object Repository/admin/Penjualan ke konsumen/buttom konfirmasi pending payment' is clicked on

2023-10-05 15:07:28 - [MESSAGE][PASSED] - Object: 'Object Repository/admin/Penjualan ke konsumen/buttom konfirmasi pending payment' is clicked on

2023-10-05 15:07:28 - [TEST_STEP][PASSED] - waitForAlert(5, OPTIONAL): No alert found after 5 second(s).

2023-10-05 15:07:33 - [MESSAGE][WARNING] - No alert found after 5 second(s).

2023-10-05 15:07:33 - [TEST_STEP][FAILED] - acceptAlert(): Unable to accept alert (Root cause: com.kms.katalon.core.exception.StepFailedException: Unable to accept alert
	at com.kms.katalon.core.webui.keyword.internal.WebUIKeywordMain.stepFailed(WebUIKeywordMain.groovy:64)
	at com.kms.katalon.core.webui.keyword.internal.WebUIKeywordMain.runKeyword(WebUIKeywordMain.groovy:26)
	at com.kms.katalon.core.webui.keyword.builtin.AcceptAlertKeyword.acceptAlert(AcceptAlertKeyword.groovy:71)
	at com.kms.katalon.core.webui.keyword.builtin.AcceptAlertKeyword.execute(AcceptAlertKeyword.groovy:66)
	at com.kms.katalon.core.keyword.internal.KeywordExecutor.executeKeywordForPlatform(KeywordExecutor.groovy:74)
	at com.kms.katalon.core.webui.keyword.WebUiBuiltInKeywords.acceptAlert(WebUiBuiltInKeywords.groovy:1522)
	at com.kms.katalon.core.webui.keyword.WebUiBuiltInKeywords$acceptAlert$18.call(Unknown Source)
	at SA-002.run(SA-002:30)
	at com.kms.katalon.core.main.ScriptEngine.run(ScriptEngine.java:194)
	at com.kms.katalon.core.main.ScriptEngine.runScriptAsRawText(ScriptEngine.java:119)
	at com.kms.katalon.core.main.TestCaseExecutor.runScript(TestCaseExecutor.java:448)
	at com.kms.katalon.core.main.TestCaseExecutor.doExecute(TestCaseExecutor.java:439)
	at com.kms.katalon.core.main.TestCaseExecutor.processExecutionPhase(TestCaseExecutor.java:418)
	at com.kms.katalon.core.main.TestCaseExecutor.accessMainPhase(TestCaseExecutor.java:410)
	at com.kms.katalon.core.main.TestCaseExecutor.execute(TestCaseExecutor.java:285)
	at com.kms.katalon.core.main.TestCaseMain.runTestCase(TestCaseMain.java:144)
	at com.kms.katalon.core.keyword.builtin.CallTestCaseKeyword$_callTestCase_closure1.doCall(CallTestCaseKeyword.groovy:59)
	at com.kms.katalon.core.keyword.builtin.CallTestCaseKeyword$_callTestCase_closure1.call(CallTestCaseKeyword.groovy)
	at com.kms.katalon.core.keyword.internal.KeywordMain.runKeyword(KeywordMain.groovy:75)
	at com.kms.katalon.core.keyword.builtin.CallTestCaseKeyword.callTestCase(CallTestCaseKeyword.groovy:81)
	at com.kms.katalon.core.keyword.builtin.CallTestCaseKeyword.execute(CallTestCaseKeyword.groovy:44)
	at com.kms.katalon.core.keyword.internal.KeywordExecutor.executeKeywordForPlatform(KeywordExecutor.groovy:74)
	at com.kms.katalon.core.keyword.BuiltinKeywords.callTestCase(BuiltinKeywords.groovy:310)
	at SA-003.run(SA-003:20)
	at com.kms.katalon.core.main.ScriptEngine.run(ScriptEngine.java:194)
	at com.kms.katalon.core.main.ScriptEngine.runScriptAsRawText(ScriptEngine.java:119)
	at com.kms.katalon.core.main.TestCaseExecutor.runScript(TestCaseExecutor.java:448)
	at com.kms.katalon.core.main.TestCaseExecutor.doExecute(TestCaseExecutor.java:439)
	at com.kms.katalon.core.main.TestCaseExecutor.processExecutionPhase(TestCaseExecutor.java:418)
	at com.kms.katalon.core.main.TestCaseExecutor.accessMainPhase(TestCaseExecutor.java:410)
	at com.kms.katalon.core.main.TestCaseExecutor.execute(TestCaseExecutor.java:285)
	at com.kms.katalon.core.common.CommonExecutor.accessTestCaseMainPhase(CommonExecutor.java:65)
	at com.kms.katalon.core.main.TestSuiteExecutor.accessTestSuiteMainPhase(TestSuiteExecutor.java:148)
	at com.kms.katalon.core.main.TestSuiteExecutor.execute(TestSuiteExecutor.java:106)
	at com.kms.katalon.core.main.TestCaseMain.startTestSuite(TestCaseMain.java:187)
	at com.kms.katalon.core.main.TestCaseMain$startTestSuite$0.call(Unknown Source)
	at TempTestSuite1696491677292.run(TempTestSuite1696491677292.groovy:36)
Caused by: com.kms.katalon.core.exception.StepFailedException: No alert found
	at com.kms.katalon.core.webui.keyword.internal.WebUIKeywordMain.stepFailed(WebUIKeywordMain.groovy:64)
	at com.kms.katalon.core.webui.keyword.builtin.AcceptAlertKeyword$_acceptAlert_closure1.doCall(AcceptAlertKeyword.groovy:78)
	at com.kms.katalon.core.webui.keyword.builtin.AcceptAlertKeyword$_acceptAlert_closure1.call(AcceptAlertKeyword.groovy)
	at com.kms.katalon.core.webui.keyword.internal.WebUIKeywordMain.runKeyword(WebUIKeywordMain.groovy:20)
	... 35 more
)

2023-10-05 15:07:33 - [MESSAGE][FAILED] - No alert found (Root cause: com.kms.katalon.core.exception.StepFailedException: No alert found
	at com.kms.katalon.core.webui.keyword.internal.WebUIKeywordMain.stepFailed(WebUIKeywordMain.groovy:64)
	at com.kms.katalon.core.webui.keyword.builtin.AcceptAlertKeyword$_acceptAlert_closure1.doCall(AcceptAlertKeyword.groovy:78)
	at com.kms.katalon.core.webui.keyword.builtin.AcceptAlertKeyword$_acceptAlert_closure1.call(AcceptAlertKeyword.groovy)
	at com.kms.katalon.core.webui.keyword.internal.WebUIKeywordMain.runKeyword(WebUIKeywordMain.groovy:20)
	at com.kms.katalon.core.webui.keyword.builtin.AcceptAlertKeyword.acceptAlert(AcceptAlertKeyword.groovy:71)
	at com.kms.katalon.core.webui.keyword.builtin.AcceptAlertKeyword.execute(AcceptAlertKeyword.groovy:66)
	at com.kms.katalon.core.keyword.internal.KeywordExecutor.executeKeywordForPlatform(KeywordExecutor.groovy:74)
	at com.kms.katalon.core.webui.keyword.WebUiBuiltInKeywords.acceptAlert(WebUiBuiltInKeywords.groovy:1522)
	at com.kms.katalon.core.webui.keyword.WebUiBuiltInKeywords$acceptAlert$18.call(Unknown Source)
	at SA-002.run(SA-002:30)
	at com.kms.katalon.core.main.ScriptEngine.run(ScriptEngine.java:194)
	at com.kms.katalon.core.main.ScriptEngine.runScriptAsRawText(ScriptEngine.java:119)
	at com.kms.katalon.core.main.TestCaseExecutor.runScript(TestCaseExecutor.java:448)
	at com.kms.katalon.core.main.TestCaseExecutor.doExecute(TestCaseExecutor.java:439)
	at com.kms.katalon.core.main.TestCaseExecutor.processExecutionPhase(TestCaseExecutor.java:418)
	at com.kms.katalon.core.main.TestCaseExecutor.accessMainPhase(TestCaseExecutor.java:410)
	at com.kms.katalon.core.main.TestCaseExecutor.execute(TestCaseExecutor.java:285)
	at com.kms.katalon.core.main.TestCaseMain.runTestCase(TestCaseMain.java:144)
	at com.kms.katalon.core.keyword.builtin.CallTestCaseKeyword$_callTestCase_closure1.doCall(CallTestCaseKeyword.groovy:59)
	at com.kms.katalon.core.keyword.builtin.CallTestCaseKeyword$_callTestCase_closure1.call(CallTestCaseKeyword.groovy)
	at com.kms.katalon.core.keyword.internal.KeywordMain.runKeyword(KeywordMain.groovy:75)
	at com.kms.katalon.core.keyword.builtin.CallTestCaseKeyword.callTestCase(CallTestCaseKeyword.groovy:81)
	at com.kms.katalon.core.keyword.builtin.CallTestCaseKeyword.execute(CallTestCaseKeyword.groovy:44)
	at com.kms.katalon.core.keyword.internal.KeywordExecutor.executeKeywordForPlatform(KeywordExecutor.groovy:74)
	at com.kms.katalon.core.keyword.BuiltinKeywords.callTestCase(BuiltinKeywords.groovy:310)
	at SA-003.run(SA-003:20)
	at com.kms.katalon.core.main.ScriptEngine.run(ScriptEngine.java:194)
	at com.kms.katalon.core.main.ScriptEngine.runScriptAsRawText(ScriptEngine.java:119)
	at com.kms.katalon.core.main.TestCaseExecutor.runScript(TestCaseExecutor.java:448)
	at com.kms.katalon.core.main.TestCaseExecutor.doExecute(TestCaseExecutor.java:439)
	at com.kms.katalon.core.main.TestCaseExecutor.processExecutionPhase(TestCaseExecutor.java:418)
	at com.kms.katalon.core.main.TestCaseExecutor.accessMainPhase(TestCaseExecutor.java:410)
	at com.kms.katalon.core.main.TestCaseExecutor.execute(TestCaseExecutor.java:285)
	at com.kms.katalon.core.common.CommonExecutor.accessTestCaseMainPhase(CommonExecutor.java:65)
	at com.kms.katalon.core.main.TestSuiteExecutor.accessTestSuiteMainPhase(TestSuiteExecutor.java:148)
	at com.kms.katalon.core.main.TestSuiteExecutor.execute(TestSuiteExecutor.java:106)
	at com.kms.katalon.core.main.TestCaseMain.startTestSuite(TestCaseMain.java:187)
	at com.kms.katalon.core.main.TestCaseMain$startTestSuite$0.call(Unknown Source)
	at TempTestSuite1696491677292.run(TempTestSuite1696491677292.groovy:36)
)
[[ATTACHMENT|C:\\FT2 XSIS\\Projek 2 MINI PROJEK\\Reports\\20231005_144117\\T13 Pembelian, Shipment dan Pembayaran\\T13 Pembelian, Shipment dan Pembayaran\\20231005_144117\\1696493253151.png]]

2023-10-05 15:07:33 - [MESSAGE][FAILED] - Unable to accept alert (Root cause: com.kms.katalon.core.exception.StepFailedException: Unable to accept alert
	at com.kms.katalon.core.webui.keyword.internal.WebUIKeywordMain.stepFailed(WebUIKeywordMain.groovy:64)
	at com.kms.katalon.core.webui.keyword.internal.WebUIKeywordMain.runKeyword(WebUIKeywordMain.groovy:26)
	at com.kms.katalon.core.webui.keyword.builtin.AcceptAlertKeyword.acceptAlert(AcceptAlertKeyword.groovy:71)
	at com.kms.katalon.core.webui.keyword.builtin.AcceptAlertKeyword.execute(AcceptAlertKeyword.groovy:66)
	at com.kms.katalon.core.keyword.internal.KeywordExecutor.executeKeywordForPlatform(KeywordExecutor.groovy:74)
	at com.kms.katalon.core.webui.keyword.WebUiBuiltInKeywords.acceptAlert(WebUiBuiltInKeywords.groovy:1522)
	at com.kms.katalon.core.webui.keyword.WebUiBuiltInKeywords$acceptAlert$18.call(Unknown Source)
	at SA-002.run(SA-002:30)
	at com.kms.katalon.core.main.ScriptEngine.run(ScriptEngine.java:194)
	at com.kms.katalon.core.main.ScriptEngine.runScriptAsRawText(ScriptEngine.java:119)
	at com.kms.katalon.core.main.TestCaseExecutor.runScript(TestCaseExecutor.java:448)
	at com.kms.katalon.core.main.TestCaseExecutor.doExecute(TestCaseExecutor.java:439)
	at com.kms.katalon.core.main.TestCaseExecutor.processExecutionPhase(TestCaseExecutor.java:418)
	at com.kms.katalon.core.main.TestCaseExecutor.accessMainPhase(TestCaseExecutor.java:410)
	at com.kms.katalon.core.main.TestCaseExecutor.execute(TestCaseExecutor.java:285)
	at com.kms.katalon.core.main.TestCaseMain.runTestCase(TestCaseMain.java:144)
	at com.kms.katalon.core.keyword.builtin.CallTestCaseKeyword$_callTestCase_closure1.doCall(CallTestCaseKeyword.groovy:59)
	at com.kms.katalon.core.keyword.builtin.CallTestCaseKeyword$_callTestCase_closure1.call(CallTestCaseKeyword.groovy)
	at com.kms.katalon.core.keyword.internal.KeywordMain.runKeyword(KeywordMain.groovy:75)
	at com.kms.katalon.core.keyword.builtin.CallTestCaseKeyword.callTestCase(CallTestCaseKeyword.groovy:81)
	at com.kms.katalon.core.keyword.builtin.CallTestCaseKeyword.execute(CallTestCaseKeyword.groovy:44)
	at com.kms.katalon.core.keyword.internal.KeywordExecutor.executeKeywordForPlatform(KeywordExecutor.groovy:74)
	at com.kms.katalon.core.keyword.BuiltinKeywords.callTestCase(BuiltinKeywords.groovy:310)
	at SA-003.run(SA-003:20)
	at com.kms.katalon.core.main.ScriptEngine.run(ScriptEngine.java:194)
	at com.kms.katalon.core.main.ScriptEngine.runScriptAsRawText(ScriptEngine.java:119)
	at com.kms.katalon.core.main.TestCaseExecutor.runScript(TestCaseExecutor.java:448)
	at com.kms.katalon.core.main.TestCaseExecutor.doExecute(TestCaseExecutor.java:439)
	at com.kms.katalon.core.main.TestCaseExecutor.processExecutionPhase(TestCaseExecutor.java:418)
	at com.kms.katalon.core.main.TestCaseExecutor.accessMainPhase(TestCaseExecutor.java:410)
	at com.kms.katalon.core.main.TestCaseExecutor.execute(TestCaseExecutor.java:285)
	at com.kms.katalon.core.common.CommonExecutor.accessTestCaseMainPhase(CommonExecutor.java:65)
	at com.kms.katalon.core.main.TestSuiteExecutor.accessTestSuiteMainPhase(TestSuiteExecutor.java:148)
	at com.kms.katalon.core.main.TestSuiteExecutor.execute(TestSuiteExecutor.java:106)
	at com.kms.katalon.core.main.TestCaseMain.startTestSuite(TestCaseMain.java:187)
	at com.kms.katalon.core.main.TestCaseMain$startTestSuite$0.call(Unknown Source)
	at TempTestSuite1696491677292.run(TempTestSuite1696491677292.groovy:36)
Caused by: com.kms.katalon.core.exception.StepFailedException: No alert found
	at com.kms.katalon.core.webui.keyword.internal.WebUIKeywordMain.stepFailed(WebUIKeywordMain.groovy:64)
	at com.kms.katalon.core.webui.keyword.builtin.AcceptAlertKeyword$_acceptAlert_closure1.doCall(AcceptAlertKeyword.groovy:78)
	at com.kms.katalon.core.webui.keyword.builtin.AcceptAlertKeyword$_acceptAlert_closure1.call(AcceptAlertKeyword.groovy)
	at com.kms.katalon.core.webui.keyword.internal.WebUIKeywordMain.runKeyword(WebUIKeywordMain.groovy:20)
	... 35 more
)
[[ATTACHMENT|C:\\FT2 XSIS\\Projek 2 MINI PROJEK\\Reports\\20231005_144117\\T13 Pembelian, Shipment dan Pembayaran\\T13 Pembelian, Shipment dan Pembayaran\\20231005_144117\\1696493253272.png]]

2023-10-05 15:07:33 - [MESSAGE][FAILED] - Unable to call Test Case 'Test Cases/T13 Pembelian, Shipment dan Pembayaran/SA-002' (Root cause: com.kms.katalon.core.exception.StepFailedException: Call Test Case 'Test Cases/T13 Pembelian, Shipment dan Pembayaran/SA-002' failed
	at com.kms.katalon.core.keyword.builtin.CallTestCaseKeyword$_callTestCase_closure1.doCall(CallTestCaseKeyword.groovy:63)
	at com.kms.katalon.core.keyword.builtin.CallTestCaseKeyword$_callTestCase_closure1.call(CallTestCaseKeyword.groovy)
	at com.kms.katalon.core.keyword.internal.KeywordMain.runKeyword(KeywordMain.groovy:75)
	at com.kms.katalon.core.keyword.builtin.CallTestCaseKeyword.callTestCase(CallTestCaseKeyword.groovy:81)
	at com.kms.katalon.core.keyword.builtin.CallTestCaseKeyword.execute(CallTestCaseKeyword.groovy:44)
	at com.kms.katalon.core.keyword.internal.KeywordExecutor.executeKeywordForPlatform(KeywordExecutor.groovy:74)
	at com.kms.katalon.core.keyword.BuiltinKeywords.callTestCase(BuiltinKeywords.groovy:310)
	at SA-003.run(SA-003:20)
	at com.kms.katalon.core.main.ScriptEngine.run(ScriptEngine.java:194)
	at com.kms.katalon.core.main.ScriptEngine.runScriptAsRawText(ScriptEngine.java:119)
	at com.kms.katalon.core.main.TestCaseExecutor.runScript(TestCaseExecutor.java:448)
	at com.kms.katalon.core.main.TestCaseExecutor.doExecute(TestCaseExecutor.java:439)
	at com.kms.katalon.core.main.TestCaseExecutor.processExecutionPhase(TestCaseExecutor.java:418)
	at com.kms.katalon.core.main.TestCaseExecutor.accessMainPhase(TestCaseExecutor.java:410)
	at com.kms.katalon.core.main.TestCaseExecutor.execute(TestCaseExecutor.java:285)
	at com.kms.katalon.core.common.CommonExecutor.accessTestCaseMainPhase(CommonExecutor.java:65)
	at com.kms.katalon.core.main.TestSuiteExecutor.accessTestSuiteMainPhase(TestSuiteExecutor.java:148)
	at com.kms.katalon.core.main.TestSuiteExecutor.execute(TestSuiteExecutor.java:106)
	at com.kms.katalon.core.main.TestCaseMain.startTestSuite(TestCaseMain.java:187)
	at com.kms.katalon.core.main.TestCaseMain$startTestSuite$0.call(Unknown Source)
	at TempTestSuite1696491677292.run(TempTestSuite1696491677292.groovy:36)
Caused by: com.kms.katalon.core.exception.StepFailedException: Unable to accept alert
	at com.kms.katalon.core.webui.keyword.internal.WebUIKeywordMain.stepFailed(WebUIKeywordMain.groovy:64)
	at com.kms.katalon.core.webui.keyword.internal.WebUIKeywordMain.runKeyword(WebUIKeywordMain.groovy:26)
	at com.kms.katalon.core.webui.keyword.builtin.AcceptAlertKeyword.acceptAlert(AcceptAlertKeyword.groovy:71)
	at com.kms.katalon.core.webui.keyword.builtin.AcceptAlertKeyword.execute(AcceptAlertKeyword.groovy:66)
	at com.kms.katalon.core.keyword.internal.KeywordExecutor.executeKeywordForPlatform(KeywordExecutor.groovy:74)
	at com.kms.katalon.core.webui.keyword.WebUiBuiltInKeywords.acceptAlert(WebUiBuiltInKeywords.groovy:1522)
	at com.kms.katalon.core.webui.keyword.WebUiBuiltInKeywords$acceptAlert$18.call(Unknown Source)
	at SA-002.run(SA-002:30)
	at com.kms.katalon.core.main.ScriptEngine.run(ScriptEngine.java:194)
	at com.kms.katalon.core.main.ScriptEngine.runScriptAsRawText(ScriptEngine.java:119)
	at com.kms.katalon.core.main.TestCaseExecutor.runScript(TestCaseExecutor.java:448)
	at com.kms.katalon.core.main.TestCaseExecutor.doExecute(TestCaseExecutor.java:439)
	at com.kms.katalon.core.main.TestCaseExecutor.processExecutionPhase(TestCaseExecutor.java:418)
	at com.kms.katalon.core.main.TestCaseExecutor.accessMainPhase(TestCaseExecutor.java:410)
	at com.kms.katalon.core.main.TestCaseExecutor.execute(TestCaseExecutor.java:285)
	at com.kms.katalon.core.main.TestCaseMain.runTestCase(TestCaseMain.java:144)
	at com.kms.katalon.core.keyword.builtin.CallTestCaseKeyword$_callTestCase_closure1.doCall(CallTestCaseKeyword.groovy:59)
	... 20 more
Caused by: com.kms.katalon.core.exception.StepFailedException: No alert found
	at com.kms.katalon.core.webui.keyword.internal.WebUIKeywordMain.stepFailed(WebUIKeywordMain.groovy:64)
	at com.kms.katalon.core.webui.keyword.builtin.AcceptAlertKeyword$_acceptAlert_closure1.doCall(AcceptAlertKeyword.groovy:78)
	at com.kms.katalon.core.webui.keyword.builtin.AcceptAlertKeyword$_acceptAlert_closure1.call(AcceptAlertKeyword.groovy)
	at com.kms.katalon.core.webui.keyword.internal.WebUIKeywordMain.runKeyword(WebUIKeywordMain.groovy:20)
	... 35 more
)]]></system-out>
         <system-err><![CDATA[2023-10-05 15:05:59 - [TEST_CASE][FAILED] - Test Cases/T13 Pembelian, Shipment dan Pembayaran/SA-003: Test Cases/T13 Pembelian, Shipment dan Pembayaran/SA-003 FAILED.
Reason:
com.kms.katalon.core.exception.StepFailedException: Call Test Case 'Test Cases/T13 Pembelian, Shipment dan Pembayaran/SA-002' failed
	at com.kms.katalon.core.keyword.builtin.CallTestCaseKeyword$_callTestCase_closure1.doCall(CallTestCaseKeyword.groovy:63)
	at com.kms.katalon.core.keyword.builtin.CallTestCaseKeyword$_callTestCase_closure1.call(CallTestCaseKeyword.groovy)
	at com.kms.katalon.core.keyword.internal.KeywordMain.runKeyword(KeywordMain.groovy:75)
	at com.kms.katalon.core.keyword.builtin.CallTestCaseKeyword.callTestCase(CallTestCaseKeyword.groovy:81)
	at com.kms.katalon.core.keyword.builtin.CallTestCaseKeyword.execute(CallTestCaseKeyword.groovy:44)
	at com.kms.katalon.core.keyword.internal.KeywordExecutor.executeKeywordForPlatform(KeywordExecutor.groovy:74)
	at com.kms.katalon.core.keyword.BuiltinKeywords.callTestCase(BuiltinKeywords.groovy:310)
	at SA-003.run(SA-003:20)
	at com.kms.katalon.core.main.ScriptEngine.run(ScriptEngine.java:194)
	at com.kms.katalon.core.main.ScriptEngine.runScriptAsRawText(ScriptEngine.java:119)
	at com.kms.katalon.core.main.TestCaseExecutor.runScript(TestCaseExecutor.java:448)
	at com.kms.katalon.core.main.TestCaseExecutor.doExecute(TestCaseExecutor.java:439)
	at com.kms.katalon.core.main.TestCaseExecutor.processExecutionPhase(TestCaseExecutor.java:418)
	at com.kms.katalon.core.main.TestCaseExecutor.accessMainPhase(TestCaseExecutor.java:410)
	at com.kms.katalon.core.main.TestCaseExecutor.execute(TestCaseExecutor.java:285)
	at com.kms.katalon.core.common.CommonExecutor.accessTestCaseMainPhase(CommonExecutor.java:65)
	at com.kms.katalon.core.main.TestSuiteExecutor.accessTestSuiteMainPhase(TestSuiteExecutor.java:148)
	at com.kms.katalon.core.main.TestSuiteExecutor.execute(TestSuiteExecutor.java:106)
	at com.kms.katalon.core.main.TestCaseMain.startTestSuite(TestCaseMain.java:187)
	at com.kms.katalon.core.main.TestCaseMain$startTestSuite$0.call(Unknown Source)
	at TempTestSuite1696491677292.run(TempTestSuite1696491677292.groovy:36)
Caused by: com.kms.katalon.core.exception.StepFailedException: Unable to accept alert
	at com.kms.katalon.core.webui.keyword.internal.WebUIKeywordMain.stepFailed(WebUIKeywordMain.groovy:64)
	at com.kms.katalon.core.webui.keyword.internal.WebUIKeywordMain.runKeyword(WebUIKeywordMain.groovy:26)
	at com.kms.katalon.core.webui.keyword.builtin.AcceptAlertKeyword.acceptAlert(AcceptAlertKeyword.groovy:71)
	at com.kms.katalon.core.webui.keyword.builtin.AcceptAlertKeyword.execute(AcceptAlertKeyword.groovy:66)
	at com.kms.katalon.core.keyword.internal.KeywordExecutor.executeKeywordForPlatform(KeywordExecutor.groovy:74)
	at com.kms.katalon.core.webui.keyword.WebUiBuiltInKeywords.acceptAlert(WebUiBuiltInKeywords.groovy:1522)
	at com.kms.katalon.core.webui.keyword.WebUiBuiltInKeywords$acceptAlert$18.call(Unknown Source)
	at SA-002.run(SA-002:30)
	at com.kms.katalon.core.main.ScriptEngine.run(ScriptEngine.java:194)
	at com.kms.katalon.core.main.ScriptEngine.runScriptAsRawText(ScriptEngine.java:119)
	at com.kms.katalon.core.main.TestCaseExecutor.runScript(TestCaseExecutor.java:448)
	at com.kms.katalon.core.main.TestCaseExecutor.doExecute(TestCaseExecutor.java:439)
	at com.kms.katalon.core.main.TestCaseExecutor.processExecutionPhase(TestCaseExecutor.java:418)
	at com.kms.katalon.core.main.TestCaseExecutor.accessMainPhase(TestCaseExecutor.java:410)
	at com.kms.katalon.core.main.TestCaseExecutor.execute(TestCaseExecutor.java:285)
	at com.kms.katalon.core.main.TestCaseMain.runTestCase(TestCaseMain.java:144)
	at com.kms.katalon.core.keyword.builtin.CallTestCaseKeyword$_callTestCase_closure1.doCall(CallTestCaseKeyword.groovy:59)
	... 20 more
Caused by: com.kms.katalon.core.exception.StepFailedException: No alert found
	at com.kms.katalon.core.webui.keyword.internal.WebUIKeywordMain.stepFailed(WebUIKeywordMain.groovy:64)
	at com.kms.katalon.core.webui.keyword.builtin.AcceptAlertKeyword$_acceptAlert_closure1.doCall(AcceptAlertKeyword.groovy:78)
	at com.kms.katalon.core.webui.keyword.builtin.AcceptAlertKeyword$_acceptAlert_closure1.call(AcceptAlertKeyword.groovy)
	at com.kms.katalon.core.webui.keyword.internal.WebUIKeywordMain.runKeyword(WebUIKeywordMain.groovy:20)
	... 35 more]]></system-err>
      </testcase>
      <testcase name="Test Cases/T13 Pembelian, Shipment dan Pembayaran/SA-004" time="118.615" classname="Test Cases/T13 Pembelian, Shipment dan Pembayaran/SA-004" status="PASSED">
         <system-out><![CDATA[2023-10-05 15:07:33 - [TEST_CASE][PASSED] - Test Cases/T13 Pembelian, Shipment dan Pembayaran/SA-004: Test Cases/T13 Pembelian, Shipment dan Pembayaran/SA-004

2023-10-05 15:07:33 - [TEST_STEP][PASSED] - data = callTestCase(findTestCase("T13 Pembelian, Shipment dan Pembayaran/SA-002"), [:], STOP_ON_FAILURE): Call Test Case 'Test Cases/T13 Pembelian, Shipment dan Pembayaran/SA-002' successfully

2023-10-05 15:07:33 - [TEST_CASE][PASSED] - Test Cases/T13 Pembelian, Shipment dan Pembayaran/SA-002: Test Cases/T13 Pembelian, Shipment dan Pembayaran/SA-002

2023-10-05 15:07:33 - [TEST_STEP][PASSED] - data = callTestCase(findTestCase("T13 Pembelian, Shipment dan Pembayaran/SA-001"), [:], STOP_ON_FAILURE): Call Test Case 'Test Cases/T13 Pembelian, Shipment dan Pembayaran/SA-001' successfully

2023-10-05 15:07:33 - [TEST_CASE][PASSED] - Test Cases/T13 Pembelian, Shipment dan Pembayaran/SA-001: Test Cases/T13 Pembelian, Shipment dan Pembayaran/SA-001

2023-10-05 15:07:33 - [TEST_STEP][PASSED] - data = callTestCase(findTestCase("T13 Pembelian, Shipment dan Pembayaran/PBYA-001"), [:], STOP_ON_FAILURE): Call Test Case 'Test Cases/T13 Pembelian, Shipment dan Pembayaran/PBYA-001' successfully

2023-10-05 15:07:33 - [TEST_CASE][PASSED] - Test Cases/T13 Pembelian, Shipment dan Pembayaran/PBYA-001: Test Cases/T13 Pembelian, Shipment dan Pembayaran/PBYA-001

2023-10-05 15:07:33 - [TEST_STEP][PASSED] - data = callTestCase(findTestCase("T13 Pembelian, Shipment dan Pembayaran/PBY-004"), [:], STOP_ON_FAILURE): Call Test Case 'Test Cases/T13 Pembelian, Shipment dan Pembayaran/PBY-004' successfully

2023-10-05 15:07:33 - [TEST_CASE][PASSED] - Test Cases/T13 Pembelian, Shipment dan Pembayaran/PBY-004: Test Cases/T13 Pembelian, Shipment dan Pembayaran/PBY-004

2023-10-05 15:07:33 - [TEST_STEP][PASSED] - data = callTestCase(findTestCase("T13 Pembelian, Shipment dan Pembayaran/PBY-001"), [:], STOP_ON_FAILURE): Call Test Case 'Test Cases/T13 Pembelian, Shipment dan Pembayaran/PBY-001' successfully

2023-10-05 15:07:34 - [TEST_CASE][PASSED] - Test Cases/T13 Pembelian, Shipment dan Pembayaran/PBY-001: Test Cases/T13 Pembelian, Shipment dan Pembayaran/PBY-001

2023-10-05 15:07:34 - [TEST_STEP][PASSED] - data = callTestCase(findTestCase("T13 Pembelian, Shipment dan Pembayaran/PBL-004"), ["Kurir":"Roda 2"], STOP_ON_FAILURE): Call Test Case 'Test Cases/T13 Pembelian, Shipment dan Pembayaran/PBL-004' successfully

2023-10-05 15:07:34 - [TEST_CASE][PASSED] - Test Cases/T13 Pembelian, Shipment dan Pembayaran/PBL-004: Test Cases/T13 Pembelian, Shipment dan Pembayaran/PBL-004

2023-10-05 15:07:34 - [TEST_STEP][PASSED] - data = callTestCase(findTestCase("T13 Pembelian, Shipment dan Pembayaran/PBL-002"), [:], STOP_ON_FAILURE): Call Test Case 'Test Cases/T13 Pembelian, Shipment dan Pembayaran/PBL-002' successfully

2023-10-05 15:07:34 - [TEST_CASE][PASSED] - Test Cases/T13 Pembelian, Shipment dan Pembayaran/PBL-002: Test Cases/T13 Pembelian, Shipment dan Pembayaran/PBL-002

2023-10-05 15:07:34 - [TEST_STEP][PASSED] - data = callTestCase(findTestCase("T13 Pembelian, Shipment dan Pembayaran/PBL-001"), [:], STOP_ON_FAILURE): Call Test Case 'Test Cases/T13 Pembelian, Shipment dan Pembayaran/PBL-001' successfully

2023-10-05 15:07:34 - [TEST_CASE][PASSED] - Test Cases/T13 Pembelian, Shipment dan Pembayaran/PBL-001: Test Cases/T13 Pembelian, Shipment dan Pembayaran/PBL-001

2023-10-05 15:07:34 - [TEST_STEP][PASSED] - callTestCase(findTestCase("T13 Pembelian, Shipment dan Pembayaran/LU-001"), ["username":"irfanafandi", "password":"12345irfan"], STOP_ON_FAILURE): Call Test Case 'Test Cases/T13 Pembelian, Shipment dan Pembayaran/LU-001' successfully

2023-10-05 15:07:34 - [TEST_CASE][PASSED] - Test Cases/T13 Pembelian, Shipment dan Pembayaran/LU-001: Test Cases/T13 Pembelian, Shipment dan Pembayaran/LU-001

2023-10-05 15:07:34 - [TEST_STEP][PASSED] - openBrowser("https://10.9.2.63/ecommerce/"): Browser is opened with url: 'https://10.9.2.63/ecommerce/'

2023-10-05 15:07:34 - [MESSAGE][WARNING] - A browser is already opened. Closing browser and opening a new one

2023-10-05 15:07:35 - [MESSAGE][INFO] - Starting 'Edge Chromium' driver

2023-10-05 15:07:35 - [MESSAGE][INFO] - User set preference: ['acceptInsecureCerts', 'true']

2023-10-05 15:07:37 - [MESSAGE][INFO] - Action delay is set to 0 milliseconds

2023-10-05 15:07:40 - [MESSAGE][PASSED] - Browser is opened with url: 'https://10.9.2.63/ecommerce/'

2023-10-05 15:07:40 - [TEST_STEP][PASSED] - maximizeWindow(): Current window maximized

2023-10-05 15:07:40 - [MESSAGE][PASSED] - Current window maximized

2023-10-05 15:07:40 - [TEST_STEP][PASSED] - verifyElementPresent(findTestObject("Login/Home"), 0): Object 'Object Repository/Login/Home' is present

2023-10-05 15:07:40 - [MESSAGE][WARNING] - Timeout '0' is invalid. Using default page load timeout: '30'

2023-10-05 15:07:41 - [MESSAGE][PASSED] - Object 'Object Repository/Login/Home' is present

2023-10-05 15:07:41 - [TEST_STEP][PASSED] - click(findTestObject("Login/a_Login")): Object: 'Object Repository/Login/a_Login' is clicked on

2023-10-05 15:07:41 - [MESSAGE][PASSED] - Object: 'Object Repository/Login/a_Login' is clicked on

2023-10-05 15:07:41 - [TEST_STEP][PASSED] - verifyElementPresent(findTestObject("Login/Tittle Login"), 0): Object 'Object Repository/Login/Tittle Login' is present

2023-10-05 15:07:41 - [MESSAGE][WARNING] - Timeout '0' is invalid. Using default page load timeout: '30'

2023-10-05 15:07:42 - [MESSAGE][PASSED] - Object 'Object Repository/Login/Tittle Login' is present

2023-10-05 15:07:42 - [TEST_STEP][PASSED] - setText(findTestObject("Login/input_Username, Email atau No. Handphone_a"), username): Text 'irfanafandi' is set on object 'Object Repository/Login/input_Username, Email atau No. Handphone_a'

2023-10-05 15:07:43 - [MESSAGE][PASSED] - Text 'irfanafandi' is set on object 'Object Repository/Login/input_Username, Email atau No. Handphone_a'

2023-10-05 15:07:43 - [TEST_STEP][PASSED] - setText(findTestObject("Login/input_Password_b"), password): Text '12345irfan' is set on object 'Object Repository/Login/input_Password_b'

2023-10-05 15:07:44 - [MESSAGE][PASSED] - Text '12345irfan' is set on object 'Object Repository/Login/input_Password_b'

2023-10-05 15:07:44 - [TEST_STEP][PASSED] - click(findTestObject("Login/label_Ingat saya")): Object: 'Object Repository/Login/label_Ingat saya' is clicked on

2023-10-05 15:07:44 - [MESSAGE][PASSED] - Object: 'Object Repository/Login/label_Ingat saya' is clicked on

2023-10-05 15:07:44 - [TEST_STEP][PASSED] - click(findTestObject("Login/button_Masuk")): Object: 'Object Repository/Login/button_Masuk' is clicked on

2023-10-05 15:07:46 - [MESSAGE][PASSED] - Object: 'Object Repository/Login/button_Masuk' is clicked on

2023-10-05 15:07:46 - [TEST_STEP][PASSED] - verifyElementPresent(findTestObject("Login/li_Profile"), 0): Object 'Object Repository/Login/li_Profile' is present

2023-10-05 15:07:46 - [MESSAGE][WARNING] - Timeout '0' is invalid. Using default page load timeout: '30'

2023-10-05 15:07:47 - [MESSAGE][PASSED] - Object 'Object Repository/Login/li_Profile' is present

2023-10-05 15:07:47 - [MESSAGE][PASSED] - Call Test Case 'Test Cases/T13 Pembelian, Shipment dan Pembayaran/LU-001' successfully

2023-10-05 15:07:47 - [TEST_STEP][PASSED] - mouseOver(findTestObject("beli barang/i_Mulai Belanja_icon-menu")): Object: 'Object Repository/beli barang/i_Mulai Belanja_icon-menu' is hovered

2023-10-05 15:07:47 - [MESSAGE][PASSED] - Object: 'Object Repository/beli barang/i_Mulai Belanja_icon-menu' is hovered

2023-10-05 15:07:47 - [TEST_STEP][PASSED] - click(findTestObject("beli barang/a_Fashion  Busana Wanita")): Object: 'Object Repository/beli barang/a_Fashion  Busana Wanita' is clicked on

2023-10-05 15:07:48 - [MESSAGE][PASSED] - Object: 'Object Repository/beli barang/a_Fashion  Busana Wanita' is clicked on

2023-10-05 15:07:48 - [TEST_STEP][PASSED] - NamaSebelum = getText(findTestObject("verifikasi/Nama sebelum")): Text of object 'Object Repository/verifikasi/Nama sebelum' is: ''

2023-10-05 15:07:49 - [MESSAGE][PASSED] - Text of object 'Object Repository/verifikasi/Nama sebelum' is: ''

2023-10-05 15:07:49 - [TEST_STEP][PASSED] - HargaSebelum = getText(findTestObject("verifikasi/Harga sebelum")): Text of object 'Object Repository/verifikasi/Harga sebelum' is: 'Rp 1,299'

2023-10-05 15:07:49 - [MESSAGE][PASSED] - Text of object 'Object Repository/verifikasi/Harga sebelum' is: 'Rp 1,299'

2023-10-05 15:07:49 - [TEST_STEP][PASSED] - mouseOver(findTestObject("beli barang/barang mouse over")): Object: 'Object Repository/beli barang/barang mouse over' is hovered

2023-10-05 15:07:50 - [MESSAGE][PASSED] - Object: 'Object Repository/beli barang/barang mouse over' is hovered

2023-10-05 15:07:50 - [TEST_STEP][PASSED] - click(findTestObject("beli barang/buttom add to cart")): Object: 'Object Repository/beli barang/buttom add to cart' is clicked on

2023-10-05 15:07:52 - [MESSAGE][PASSED] - Object: 'Object Repository/beli barang/buttom add to cart' is clicked on

2023-10-05 15:07:52 - [TEST_STEP][PASSED] - NamaSesudah = getText(findTestObject("verifikasi/Nama sesudah")): Text of object 'Object Repository/verifikasi/Nama sesudah' is: 'Segitiga Instan Madeira - MDB5.3 Sunset'

2023-10-05 15:07:53 - [MESSAGE][PASSED] - Text of object 'Object Repository/verifikasi/Nama sesudah' is: 'Segitiga Instan Madeira - MDB5.3 Sunset'

2023-10-05 15:07:53 - [TEST_STEP][PASSED] - HargaSesudah = getText(findTestObject("verifikasi/Harga sesudah")): Text of object 'Object Repository/verifikasi/Harga sesudah' is: 'Rp 1,299'

2023-10-05 15:07:53 - [MESSAGE][PASSED] - Text of object 'Object Repository/verifikasi/Harga sesudah' is: 'Rp 1,299'

2023-10-05 15:07:53 - [TEST_STEP][PASSED] - assert NamaSesudah.contains(NamaSebelum): null

2023-10-05 15:07:53 - [TEST_STEP][PASSED] - assert HargaSesudah.contains(HargaSebelum): null

2023-10-05 15:07:53 - [TEST_STEP][PASSED] - click(findTestObject("beli barang/Tambah Keranjang busana wanita")): Object: 'Object Repository/beli barang/Tambah Keranjang busana wanita' is clicked on

2023-10-05 15:07:53 - [MESSAGE][PASSED] - Object: 'Object Repository/beli barang/Tambah Keranjang busana wanita' is clicked on

2023-10-05 15:07:53 - [TEST_STEP][PASSED] - verifyElementPresent(findTestObject("checkout/Notifikasi keranjang"), 1): Object 'Object Repository/checkout/Notifikasi keranjang' is present

2023-10-05 15:07:54 - [MESSAGE][PASSED] - Object 'Object Repository/checkout/Notifikasi keranjang' is present

2023-10-05 15:07:54 - [TEST_STEP][PASSED] - data = new java.util.HashMap(): null

2023-10-05 15:07:54 - [TEST_STEP][PASSED] - data.put("nama_barang", NamaSesudah): null

2023-10-05 15:07:54 - [TEST_STEP][PASSED] - data.put("price_barang", HargaSesudah): null

2023-10-05 15:07:54 - [TEST_STEP][PASSED] - return data: null

2023-10-05 15:07:54 - [MESSAGE][PASSED] - Call Test Case 'Test Cases/T13 Pembelian, Shipment dan Pembayaran/PBL-001' successfully

2023-10-05 15:07:54 - [TEST_STEP][PASSED] - mouseOver(findTestObject("beli barang/keranjang")): Object: 'Object Repository/beli barang/keranjang' is hovered

2023-10-05 15:07:55 - [MESSAGE][PASSED] - Object: 'Object Repository/beli barang/keranjang' is hovered

2023-10-05 15:07:55 - [TEST_STEP][PASSED] - click(findTestObject("beli barang/Lihat Sekarang")): Object: 'Object Repository/beli barang/Lihat Sekarang' is clicked on

2023-10-05 15:07:56 - [MESSAGE][PASSED] - Object: 'Object Repository/beli barang/Lihat Sekarang' is clicked on

2023-10-05 15:07:56 - [TEST_STEP][PASSED] - verifyElementPresent(findTestObject("keranjang/li_Keranjang Belanja"), 0): Object 'Object Repository/keranjang/li_Keranjang Belanja' is present

2023-10-05 15:07:56 - [MESSAGE][WARNING] - Timeout '0' is invalid. Using default page load timeout: '30'

2023-10-05 15:07:57 - [MESSAGE][PASSED] - Object 'Object Repository/keranjang/li_Keranjang Belanja' is present

2023-10-05 15:07:57 - [TEST_STEP][PASSED] - NamaKeranjang = getText(findTestObject("verifikasi/Nama keranjang")): Text of object 'Object Repository/verifikasi/Nama keranjang' is: 'Segitiga Instan Madeira - MDB5.3 Sunset'

2023-10-05 15:07:57 - [MESSAGE][PASSED] - Text of object 'Object Repository/verifikasi/Nama keranjang' is: 'Segitiga Instan Madeira - MDB5.3 Sunset'

2023-10-05 15:07:57 - [TEST_STEP][PASSED] - HargaKeranjang = getText(findTestObject("verifikasi/Harga Keranjang")): Text of object 'Object Repository/verifikasi/Harga Keranjang' is: 'Rp 1,299'

2023-10-05 15:07:58 - [MESSAGE][PASSED] - Text of object 'Object Repository/verifikasi/Harga Keranjang' is: 'Rp 1,299'

2023-10-05 15:07:58 - [TEST_STEP][PASSED] - if (toString().equalsIgnoreCase("Merah")): Object 'Object Repository/keranjang/input_Warna_variasi101' is checked

2023-10-05 15:07:58 - [TEST_STEP][PASSED] - check(findTestObject("Object Repository/keranjang/input_Warna_variasi101")): Object 'Object Repository/keranjang/input_Warna_variasi101' is checked

2023-10-05 15:07:58 - [MESSAGE][PASSED] - Object 'Object Repository/keranjang/input_Warna_variasi101' is checked

2023-10-05 15:07:58 - [TEST_STEP][PASSED] - if (toString().equalsIgnoreCase("Menengah")): Object 'Object Repository/keranjang/input_Ukuran_variasi201' is checked

2023-10-05 15:07:58 - [TEST_STEP][PASSED] - check(findTestObject("Object Repository/keranjang/input_Ukuran_variasi201")): Object 'Object Repository/keranjang/input_Ukuran_variasi201' is checked

2023-10-05 15:07:59 - [MESSAGE][PASSED] - Object 'Object Repository/keranjang/input_Ukuran_variasi201' is checked

2023-10-05 15:07:59 - [TEST_STEP][PASSED] - data.put("Warna", warna): null

2023-10-05 15:07:59 - [TEST_STEP][PASSED] - data.put("Ukuran", ukuran): null

2023-10-05 15:07:59 - [TEST_STEP][PASSED] - click(findTestObject("keranjang/button_Lanjut ke Pembayaran")): Object: 'Object Repository/keranjang/button_Lanjut ke Pembayaran' is clicked on

2023-10-05 15:08:00 - [MESSAGE][PASSED] - Object: 'Object Repository/keranjang/button_Lanjut ke Pembayaran' is clicked on

2023-10-05 15:08:00 - [TEST_STEP][PASSED] - verifyElementPresent(findTestObject("checkout/Tittle Checkout Order"), 0): Object 'Object Repository/checkout/Tittle Checkout Order' is present

2023-10-05 15:08:00 - [MESSAGE][WARNING] - Timeout '0' is invalid. Using default page load timeout: '30'

2023-10-05 15:08:01 - [MESSAGE][PASSED] - Object 'Object Repository/checkout/Tittle Checkout Order' is present

2023-10-05 15:08:01 - [TEST_STEP][PASSED] - name_product = data.get("nama_barang"): null

2023-10-05 15:08:01 - [TEST_STEP][PASSED] - price_product = data.get("price_barang"): null

2023-10-05 15:08:01 - [TEST_STEP][PASSED] - assert name_product == NamaKeranjang: null

2023-10-05 15:08:01 - [TEST_STEP][PASSED] - assert price_product == HargaKeranjang: null

2023-10-05 15:08:01 - [TEST_STEP][PASSED] - return data: null

2023-10-05 15:08:01 - [MESSAGE][PASSED] - Call Test Case 'Test Cases/T13 Pembelian, Shipment dan Pembayaran/PBL-002' successfully

2023-10-05 15:08:01 - [TEST_STEP][PASSED] - warnaa = getText(findTestObject("verifikasi/warna Merah")): Text of object 'Object Repository/verifikasi/warna Merah' is: 'Merah'

2023-10-05 15:08:01 - [MESSAGE][PASSED] - Text of object 'Object Repository/verifikasi/warna Merah' is: 'Merah'

2023-10-05 15:08:01 - [TEST_STEP][PASSED] - ukurann = getText(findTestObject("verifikasi/Ukuran Menengah")): Text of object 'Object Repository/verifikasi/Ukuran Menengah' is: 'Menengah'

2023-10-05 15:08:02 - [MESSAGE][PASSED] - Text of object 'Object Repository/verifikasi/Ukuran Menengah' is: 'Menengah'

2023-10-05 15:08:02 - [TEST_STEP][PASSED] - warna1 = data.get("Warna"): null

2023-10-05 15:08:02 - [TEST_STEP][PASSED] - ukuran1 = data.get("Ukuran"): null

2023-10-05 15:08:02 - [TEST_STEP][PASSED] - assert warnaa == warna1: null

2023-10-05 15:08:02 - [TEST_STEP][PASSED] - assert ukurann == ukuran1: null

2023-10-05 15:08:02 - [TEST_STEP][PASSED] - NamaCheckout = getText(findTestObject("verifikasi/NamaCheckout")): Text of object 'Object Repository/verifikasi/NamaCheckout' is: ''

2023-10-05 15:08:02 - [MESSAGE][PASSED] - Text of object 'Object Repository/verifikasi/NamaCheckout' is: ''

2023-10-05 15:08:02 - [TEST_STEP][PASSED] - HargaCheckout = getText(findTestObject("verifikasi/HargaCheckout")): Text of object 'Object Repository/verifikasi/HargaCheckout' is: '1,299'

2023-10-05 15:08:03 - [MESSAGE][PASSED] - Text of object 'Object Repository/verifikasi/HargaCheckout' is: '1,299'

2023-10-05 15:08:03 - [TEST_STEP][PASSED] - name_product = data.get("nama_barang"): null

2023-10-05 15:08:03 - [TEST_STEP][PASSED] - price_product = data.get("price_barang"): null

2023-10-05 15:08:03 - [TEST_STEP][PASSED] - assert name_product.contains(NamaCheckout): null

2023-10-05 15:08:03 - [TEST_STEP][PASSED] - assert price_product.contains(HargaCheckout): null

2023-10-05 15:08:03 - [TEST_STEP][PASSED] - selectOptionByLabel(findTestObject("checkout/select - Kirim via Kurir Lokal"), Kurir, false): All options with label 'Roda 2' are selected in object 'Object Repository/checkout/select - Kirim via Kurir Lokal' 

2023-10-05 15:08:03 - [MESSAGE][PASSED] - All options with label 'Roda 2' are selected in object 'Object Repository/checkout/select - Kirim via Kurir Lokal' 

2023-10-05 15:08:03 - [TEST_STEP][PASSED] - click(findTestObject("checkout/Kendaraan Kurir")): Object: 'Object Repository/checkout/Kendaraan Kurir' is clicked on

2023-10-05 15:08:04 - [MESSAGE][PASSED] - Object: 'Object Repository/checkout/Kendaraan Kurir' is clicked on

2023-10-05 15:08:04 - [TEST_STEP][PASSED] - OngkosKirim = getText(findTestObject("Object Repository/verifikasi/Ongkos Kirim checkout")): Text of object 'Object Repository/verifikasi/Ongkos Kirim checkout' is: 'Rp. 5,000'

2023-10-05 15:08:05 - [MESSAGE][PASSED] - Text of object 'Object Repository/verifikasi/Ongkos Kirim checkout' is: 'Rp. 5,000'

2023-10-05 15:08:05 - [TEST_STEP][PASSED] - Ongkos = OngkosKirim.substring(3, OngkosKirim.size()): null

2023-10-05 15:08:05 - [TEST_STEP][PASSED] - rep = Ongkos.replace(",", "."): null

2023-10-05 15:08:05 - [TEST_STEP][PASSED] - Ongkos_kirim = Double.parseDouble(rep): null

2023-10-05 15:08:05 - [TEST_STEP][PASSED] - println(Ongkos_kirim): null

2023-10-05 15:08:05 - [TEST_STEP][PASSED] - FeeAdmin = getText(findTestObject("verifikasi/Fee Admin checkout")): Text of object 'Object Repository/verifikasi/Fee Admin checkout' is: 'Fee Admin
Rp 1,500'

2023-10-05 15:08:05 - [MESSAGE][PASSED] - Text of object 'Object Repository/verifikasi/Fee Admin checkout' is: 'Fee Admin
Rp 1,500'

2023-10-05 15:08:05 - [TEST_STEP][PASSED] - Fee_Admin = FeeAdmin.substring(12, FeeAdmin.size()): null

2023-10-05 15:08:05 - [TEST_STEP][PASSED] - fee = Fee_Admin.replace(",", "."): null

2023-10-05 15:08:05 - [TEST_STEP][PASSED] - fee_admin = Double.parseDouble(fee): null

2023-10-05 15:08:05 - [TEST_STEP][PASSED] - println(fee_admin): null

2023-10-05 15:08:05 - [TEST_STEP][PASSED] - Subtotal = getText(findTestObject("verifikasi/subtotal checkout")): Text of object 'Object Repository/verifikasi/subtotal checkout' is: 'Subtotal
Rp 1,299'

2023-10-05 15:08:06 - [MESSAGE][PASSED] - Text of object 'Object Repository/verifikasi/subtotal checkout' is: 'Subtotal
Rp 1,299'

2023-10-05 15:08:06 - [TEST_STEP][PASSED] - sub_total = Subtotal.substring(12, Subtotal.size()): null

2023-10-05 15:08:06 - [TEST_STEP][PASSED] - sub = sub_total.replace(",", "."): null

2023-10-05 15:08:06 - [TEST_STEP][PASSED] - sub_total = Double.parseDouble(sub): null

2023-10-05 15:08:06 - [TEST_STEP][PASSED] - println(sub_total): null

2023-10-05 15:08:06 - [TEST_STEP][PASSED] - Total = getText(findTestObject("verifikasi/Total checkout")): Text of object 'Object Repository/verifikasi/Total checkout' is: 'Rp 7,799'

2023-10-05 15:08:06 - [MESSAGE][PASSED] - Text of object 'Object Repository/verifikasi/Total checkout' is: 'Rp 7,799'

2023-10-05 15:08:06 - [TEST_STEP][PASSED] - totall = Total.substring(3, Total.size()): null

2023-10-05 15:08:06 - [TEST_STEP][PASSED] - total = totall.replace(",", "."): null

2023-10-05 15:08:06 - [TEST_STEP][PASSED] - totall = Double.parseDouble(total): null

2023-10-05 15:08:06 - [TEST_STEP][PASSED] - println(totall): null

2023-10-05 15:08:06 - [TEST_STEP][PASSED] - Total_Harga = Ongkos_kirim + fee_admin + sub_total: null

2023-10-05 15:08:06 - [TEST_STEP][PASSED] - println(Total_Harga): null

2023-10-05 15:08:06 - [TEST_STEP][PASSED] - TotalHarga = Math.round(Total_Harga * 1000) / 1000: null

2023-10-05 15:08:06 - [TEST_STEP][PASSED] - println(TotalHarga): null

2023-10-05 15:08:06 - [TEST_STEP][PASSED] - assert totall == TotalHarga: null

2023-10-05 15:08:06 - [TEST_STEP][PASSED] - click(findTestObject("verifikasi/Metode Transfer")): Object: 'Object Repository/verifikasi/Metode Transfer' is clicked on

2023-10-05 15:08:06 - [MESSAGE][PASSED] - Object: 'Object Repository/verifikasi/Metode Transfer' is clicked on

2023-10-05 15:08:06 - [TEST_STEP][PASSED] - click(findTestObject("checkout/button_Proses Pembayaran")): Object: 'Object Repository/checkout/button_Proses Pembayaran' is clicked on

2023-10-05 15:08:16 - [MESSAGE][PASSED] - Object: 'Object Repository/checkout/button_Proses Pembayaran' is clicked on

2023-10-05 15:08:16 - [TEST_STEP][PASSED] - verifyElementPresent(findTestObject("pembayaran/Tittle nomor invoice"), 0): Object 'Object Repository/pembayaran/Tittle nomor invoice' is present

2023-10-05 15:08:16 - [MESSAGE][WARNING] - Timeout '0' is invalid. Using default page load timeout: '30'

2023-10-05 15:08:16 - [MESSAGE][PASSED] - Object 'Object Repository/pembayaran/Tittle nomor invoice' is present

2023-10-05 15:08:16 - [TEST_STEP][PASSED] - return data: null

2023-10-05 15:08:16 - [MESSAGE][PASSED] - Call Test Case 'Test Cases/T13 Pembelian, Shipment dan Pembayaran/PBL-004' successfully

2023-10-05 15:08:16 - [TEST_STEP][PASSED] - Invoice = getText(findTestObject("pembayaran/nomor invoice")): Text of object 'Object Repository/pembayaran/nomor invoice' is: 'TRX60.20231005150810'

2023-10-05 15:08:17 - [MESSAGE][PASSED] - Text of object 'Object Repository/pembayaran/nomor invoice' is: 'TRX60.20231005150810'

2023-10-05 15:08:17 - [TEST_STEP][PASSED] - data.put("invoice", Invoice): null

2023-10-05 15:08:17 - [TEST_STEP][PASSED] - NamaPemesan = getText(findTestObject("Konfirmasi pesanan shop/Nama pemesan")): Text of object 'Object Repository/Konfirmasi pesanan shop/Nama pemesan' is: 'irfan.afandi'

2023-10-05 15:08:17 - [MESSAGE][PASSED] - Text of object 'Object Repository/Konfirmasi pesanan shop/Nama pemesan' is: 'irfan.afandi'

2023-10-05 15:08:17 - [TEST_STEP][PASSED] - Nama = getText(findTestObject("pembayaran/Nama barang")): Text of object 'Object Repository/pembayaran/Nama barang' is: 'Segitiga Instan Madeira - MDB5.3 Sunset'

2023-10-05 15:08:17 - [MESSAGE][PASSED] - Text of object 'Object Repository/pembayaran/Nama barang' is: 'Segitiga Instan Madeira - MDB5.3 Sunset'

2023-10-05 15:08:17 - [TEST_STEP][PASSED] - Harga = getText(findTestObject("pembayaran/Harga barang")): Text of object 'Object Repository/pembayaran/Harga barang' is: '1,299'

2023-10-05 15:08:18 - [MESSAGE][PASSED] - Text of object 'Object Repository/pembayaran/Harga barang' is: '1,299'

2023-10-05 15:08:18 - [TEST_STEP][PASSED] - name_product = data.get("nama_barang"): null

2023-10-05 15:08:18 - [TEST_STEP][PASSED] - price_product = data.get("price_barang"): null

2023-10-05 15:08:18 - [TEST_STEP][PASSED] - assert name_product.contains(Nama): null

2023-10-05 15:08:18 - [TEST_STEP][PASSED] - assert price_product.contains(Harga): null

2023-10-05 15:08:18 - [TEST_STEP][PASSED] - warnaa = getText(findTestObject("pembayaran/warna")): Text of object 'Object Repository/pembayaran/warna' is: 'Merah'

2023-10-05 15:08:18 - [MESSAGE][PASSED] - Text of object 'Object Repository/pembayaran/warna' is: 'Merah'

2023-10-05 15:08:18 - [TEST_STEP][PASSED] - ukurann = getText(findTestObject("pembayaran/ukuran")): Text of object 'Object Repository/pembayaran/ukuran' is: 'Menengah'

2023-10-05 15:08:19 - [MESSAGE][PASSED] - Text of object 'Object Repository/pembayaran/ukuran' is: 'Menengah'

2023-10-05 15:08:19 - [TEST_STEP][PASSED] - warna1 = data.get("Warna"): null

2023-10-05 15:08:19 - [TEST_STEP][PASSED] - ukuran1 = data.get("Ukuran"): null

2023-10-05 15:08:19 - [TEST_STEP][PASSED] - assert warnaa == warna1: null

2023-10-05 15:08:19 - [TEST_STEP][PASSED] - assert ukurann == ukuran1: null

2023-10-05 15:08:19 - [TEST_STEP][PASSED] - statusPembelian = getText(findTestObject("verifikasi/Status pending di pembelian")): Text of object 'Object Repository/verifikasi/Status pending di pembelian' is: 'Pending'

2023-10-05 15:08:20 - [MESSAGE][PASSED] - Text of object 'Object Repository/verifikasi/Status pending di pembelian' is: 'Pending'

2023-10-05 15:08:20 - [TEST_STEP][PASSED] - data.put("statusPem", statusPembelian): null

2023-10-05 15:08:20 - [TEST_STEP][PASSED] - OngkosKirim = getText(findTestObject("pembayaran/ongkos kirim")): Text of object 'Object Repository/pembayaran/ongkos kirim' is: 'Rp 5,000'

2023-10-05 15:08:20 - [MESSAGE][PASSED] - Text of object 'Object Repository/pembayaran/ongkos kirim' is: 'Rp 5,000'

2023-10-05 15:08:20 - [TEST_STEP][PASSED] - Ongkos = OngkosKirim.substring(3, OngkosKirim.size()): null

2023-10-05 15:08:20 - [TEST_STEP][PASSED] - rep = Ongkos.replace(",", ""): null

2023-10-05 15:08:20 - [TEST_STEP][PASSED] - Ongkos_kirimm = Integer.parseInt(rep): null

2023-10-05 15:08:20 - [TEST_STEP][PASSED] - println(Ongkos_kirimm): null

2023-10-05 15:08:20 - [TEST_STEP][PASSED] - FeeAdmin = getText(findTestObject("pembayaran/fee admin")): Text of object 'Object Repository/pembayaran/fee admin' is: 'Rp 1,500'

2023-10-05 15:08:20 - [MESSAGE][PASSED] - Text of object 'Object Repository/pembayaran/fee admin' is: 'Rp 1,500'

2023-10-05 15:08:20 - [TEST_STEP][PASSED] - Fee_Admin = FeeAdmin.substring(3, FeeAdmin.size()): null

2023-10-05 15:08:20 - [TEST_STEP][PASSED] - fee = Fee_Admin.replace(",", ""): null

2023-10-05 15:08:20 - [TEST_STEP][PASSED] - fee_adminn = Integer.parseInt(fee): null

2023-10-05 15:08:20 - [TEST_STEP][PASSED] - println(fee_adminn): null

2023-10-05 15:08:20 - [TEST_STEP][PASSED] - Subtotal = getText(findTestObject("pembayaran/subtotal")): Text of object 'Object Repository/pembayaran/subtotal' is: 'Rp 1,299'

2023-10-05 15:08:21 - [MESSAGE][PASSED] - Text of object 'Object Repository/pembayaran/subtotal' is: 'Rp 1,299'

2023-10-05 15:08:21 - [TEST_STEP][PASSED] - sub_total = Subtotal.substring(3, Subtotal.size()): null

2023-10-05 15:08:21 - [TEST_STEP][PASSED] - sub = sub_total.replace(",", ""): null

2023-10-05 15:08:21 - [TEST_STEP][PASSED] - sub_totall = Integer.parseInt(sub): null

2023-10-05 15:08:21 - [TEST_STEP][PASSED] - println(sub_totall): null

2023-10-05 15:08:21 - [TEST_STEP][PASSED] - unik = getText(findTestObject("pembayaran/kode unik")): Text of object 'Object Repository/pembayaran/kode unik' is: '+810'

2023-10-05 15:08:22 - [MESSAGE][PASSED] - Text of object 'Object Repository/pembayaran/kode unik' is: '+810'

2023-10-05 15:08:22 - [TEST_STEP][PASSED] - unikk = unik.replace("+", ""): null

2023-10-05 15:08:22 - [TEST_STEP][PASSED] - kode_unik = Integer.parseInt(unikk): null

2023-10-05 15:08:22 - [TEST_STEP][PASSED] - println(kode_unik): null

2023-10-05 15:08:22 - [TEST_STEP][PASSED] - Total = getText(findTestObject("pembayaran/total")): Text of object 'Object Repository/pembayaran/total' is: '8,609'

2023-10-05 15:08:22 - [MESSAGE][PASSED] - Text of object 'Object Repository/pembayaran/total' is: '8,609'

2023-10-05 15:08:22 - [TEST_STEP][PASSED] - total = Total.replace(",", ""): null

2023-10-05 15:08:22 - [TEST_STEP][PASSED] - totalll = Integer.parseInt(total): null

2023-10-05 15:08:22 - [TEST_STEP][PASSED] - println(totalll): null

2023-10-05 15:08:22 - [TEST_STEP][PASSED] - Total_Hargaa = Ongkos_kirimm + fee_adminn + sub_totall + kode_unik: null

2023-10-05 15:08:22 - [TEST_STEP][PASSED] - println(Total_Hargaa): null

2023-10-05 15:08:22 - [TEST_STEP][PASSED] - assert totalll == Total_Hargaa: null

2023-10-05 15:08:22 - [TEST_STEP][PASSED] - data.put("total", Total): null

2023-10-05 15:08:22 - [TEST_STEP][PASSED] - data.put("nama", NamaPemesan): null

2023-10-05 15:08:22 - [TEST_STEP][PASSED] - return data: null

2023-10-05 15:08:22 - [MESSAGE][PASSED] - Call Test Case 'Test Cases/T13 Pembelian, Shipment dan Pembayaran/PBY-001' successfully

2023-10-05 15:08:22 - [TEST_STEP][PASSED] - inv = data.get("invoice"): null

2023-10-05 15:08:22 - [TEST_STEP][PASSED] - Total = data.get("total"): null

2023-10-05 15:08:22 - [TEST_STEP][PASSED] - NamaPemesan = data.get("nama"): null

2023-10-05 15:08:22 - [TEST_STEP][PASSED] - click(findTestObject("Konfirmasi pesanan shop/Menu Shop")): Object: 'Object Repository/Konfirmasi pesanan shop/Menu Shop' is clicked on

2023-10-05 15:08:24 - [MESSAGE][PASSED] - Object: 'Object Repository/Konfirmasi pesanan shop/Menu Shop' is clicked on

2023-10-05 15:08:24 - [TEST_STEP][PASSED] - click(findTestObject("Konfirmasi pesanan shop/Menu Shop")): Object: 'Object Repository/Konfirmasi pesanan shop/Menu Shop' is clicked on

2023-10-05 15:08:24 - [MESSAGE][PASSED] - Object: 'Object Repository/Konfirmasi pesanan shop/Menu Shop' is clicked on

2023-10-05 15:08:24 - [TEST_STEP][PASSED] - click(findTestObject("Konfirmasi pesanan shop/Konfirmasi Orders")): Object: 'Object Repository/Konfirmasi pesanan shop/Konfirmasi Orders' is clicked on

2023-10-05 15:08:25 - [MESSAGE][PASSED] - Object: 'Object Repository/Konfirmasi pesanan shop/Konfirmasi Orders' is clicked on

2023-10-05 15:08:25 - [TEST_STEP][PASSED] - verifyElementPresent(findTestObject("Konfirmasi pesanan shop/Tittle Konfirmasi Pesanan"), 0): Object 'Object Repository/Konfirmasi pesanan shop/Tittle Konfirmasi Pesanan' is present

2023-10-05 15:08:25 - [MESSAGE][WARNING] - Timeout '0' is invalid. Using default page load timeout: '30'

2023-10-05 15:08:26 - [MESSAGE][PASSED] - Object 'Object Repository/Konfirmasi pesanan shop/Tittle Konfirmasi Pesanan' is present

2023-10-05 15:08:26 - [TEST_STEP][PASSED] - setText(findTestObject("Konfirmasi pesanan shop/input_No Pesanan"), inv): Text 'TRX60.20231005150810' is set on object 'Object Repository/Konfirmasi pesanan shop/input_No Pesanan'

2023-10-05 15:08:27 - [MESSAGE][PASSED] - Text 'TRX60.20231005150810' is set on object 'Object Repository/Konfirmasi pesanan shop/input_No Pesanan'

2023-10-05 15:08:27 - [TEST_STEP][PASSED] - setText(findTestObject("Konfirmasi pesanan shop/input_Alamat E-mai"), "irfan@gmail.com"): Text 'irfan@gmail.com' is set on object 'Object Repository/Konfirmasi pesanan shop/input_Alamat E-mai'

2023-10-05 15:08:28 - [MESSAGE][PASSED] - Text 'irfan@gmail.com' is set on object 'Object Repository/Konfirmasi pesanan shop/input_Alamat E-mai'

2023-10-05 15:08:28 - [TEST_STEP][PASSED] - click(findTestObject("Konfirmasi pesanan shop/button_Submit")): Object: 'Object Repository/Konfirmasi pesanan shop/button_Submit' is clicked on

2023-10-05 15:08:29 - [MESSAGE][PASSED] - Object: 'Object Repository/Konfirmasi pesanan shop/button_Submit' is clicked on

2023-10-05 15:08:29 - [TEST_STEP][PASSED] - verifyElementPresent(findTestObject("Konfirmasi pesanan shop/Tittle nomor invoice"), 0): Object 'Object Repository/Konfirmasi pesanan shop/Tittle nomor invoice' is present

2023-10-05 15:08:29 - [MESSAGE][WARNING] - Timeout '0' is invalid. Using default page load timeout: '30'

2023-10-05 15:08:30 - [MESSAGE][PASSED] - Object 'Object Repository/Konfirmasi pesanan shop/Tittle nomor invoice' is present

2023-10-05 15:08:30 - [TEST_STEP][PASSED] - setText(findTestObject("Konfirmasi pesanan shop/input_Total TagihanTransfer_b"), Total): Text '8,609' is set on object 'Object Repository/Konfirmasi pesanan shop/input_Total TagihanTransfer_b'

2023-10-05 15:08:30 - [MESSAGE][PASSED] - Text '8,609' is set on object 'Object Repository/Konfirmasi pesanan shop/input_Total TagihanTransfer_b'

2023-10-05 15:08:30 - [TEST_STEP][PASSED] - selectOptionByValue(findTestObject("Konfirmasi pesanan shop/select_Bank"), "4", false): All options with value '4' are selected in object 'Object Repository/Konfirmasi pesanan shop/select_Bank' 

2023-10-05 15:08:31 - [MESSAGE][PASSED] - All options with value '4' are selected in object 'Object Repository/Konfirmasi pesanan shop/select_Bank' 

2023-10-05 15:08:31 - [TEST_STEP][PASSED] - setText(findTestObject("Konfirmasi pesanan shop/input_Nama Pengirim_d"), NamaPemesan): Text 'irfan.afandi' is set on object 'Object Repository/Konfirmasi pesanan shop/input_Nama Pengirim_d'

2023-10-05 15:08:32 - [MESSAGE][PASSED] - Text 'irfan.afandi' is set on object 'Object Repository/Konfirmasi pesanan shop/input_Nama Pengirim_d'

2023-10-05 15:08:32 - [TEST_STEP][PASSED] - uploadFile(findTestObject("keranjang/konfirmasi/input_Upload Bukti Transfer_f"), "C:\Users\IRFAN\Downloads\Berkas2.pdf"): File 'C:\Users\IRFAN\Downloads\Berkas2.pdf' sent to object: 'Object Repository/keranjang/konfirmasi/input_Upload Bukti Transfer_f'

2023-10-05 15:08:33 - [MESSAGE][PASSED] - File 'C:\Users\IRFAN\Downloads\Berkas2.pdf' sent to object: 'Object Repository/keranjang/konfirmasi/input_Upload Bukti Transfer_f'

2023-10-05 15:08:33 - [TEST_STEP][PASSED] - click(findTestObject("Konfirmasi pesanan shop/button_Konfirmasi Pembayaran")): Object: 'Object Repository/Konfirmasi pesanan shop/button_Konfirmasi Pembayaran' is clicked on

2023-10-05 15:08:34 - [MESSAGE][PASSED] - Object: 'Object Repository/Konfirmasi pesanan shop/button_Konfirmasi Pembayaran' is clicked on

2023-10-05 15:08:34 - [TEST_STEP][PASSED] - verifyElementPresent(findTestObject("Konfirmasi pesanan shop/Tittle Konfirmasi Pesanan"), 0): Object 'Object Repository/Konfirmasi pesanan shop/Tittle Konfirmasi Pesanan' is present

2023-10-05 15:08:34 - [MESSAGE][WARNING] - Timeout '0' is invalid. Using default page load timeout: '30'

2023-10-05 15:08:34 - [MESSAGE][PASSED] - Object 'Object Repository/Konfirmasi pesanan shop/Tittle Konfirmasi Pesanan' is present

2023-10-05 15:08:34 - [TEST_STEP][PASSED] - verifyElementPresent(findTestObject("Konfirmasi pesanan shop/Tittle massage succes Konfirmasi Pembayaran Pesanan"), 0): Object 'Object Repository/Konfirmasi pesanan shop/Tittle massage succes Konfirmasi Pembayaran Pesanan' is present

2023-10-05 15:08:35 - [MESSAGE][WARNING] - Timeout '0' is invalid. Using default page load timeout: '30'

2023-10-05 15:08:35 - [MESSAGE][PASSED] - Object 'Object Repository/Konfirmasi pesanan shop/Tittle massage succes Konfirmasi Pembayaran Pesanan' is present

2023-10-05 15:08:35 - [TEST_STEP][PASSED] - return data: null

2023-10-05 15:08:35 - [MESSAGE][PASSED] - Call Test Case 'Test Cases/T13 Pembelian, Shipment dan Pembayaran/PBY-004' successfully

2023-10-05 15:08:35 - [TEST_STEP][PASSED] - navigateToUrl("https://10.9.2.63/ecommerce/administrator/"): Navigate to 'https://10.9.2.63/ecommerce/administrator/' successfully

2023-10-05 15:08:35 - [MESSAGE][PASSED] - Navigate to 'https://10.9.2.63/ecommerce/administrator/' successfully

2023-10-05 15:08:35 - [TEST_STEP][PASSED] - verifyElementPresent(findTestObject("admin/Tittle ADMIN Login"), 0): Object 'Object Repository/admin/Tittle ADMIN Login' is present

2023-10-05 15:08:35 - [MESSAGE][WARNING] - Timeout '0' is invalid. Using default page load timeout: '30'

2023-10-05 15:08:36 - [MESSAGE][PASSED] - Object 'Object Repository/admin/Tittle ADMIN Login' is present

2023-10-05 15:08:36 - [TEST_STEP][PASSED] - setText(findTestObject("admin/Username"), "admin"): Text 'admin' is set on object 'Object Repository/admin/Username'

2023-10-05 15:08:37 - [MESSAGE][PASSED] - Text 'admin' is set on object 'Object Repository/admin/Username'

2023-10-05 15:08:37 - [TEST_STEP][PASSED] - setText(findTestObject("admin/Password"), "123admin123"): Text '123admin123' is set on object 'Object Repository/admin/Password'

2023-10-05 15:08:37 - [MESSAGE][PASSED] - Text '123admin123' is set on object 'Object Repository/admin/Password'

2023-10-05 15:08:37 - [TEST_STEP][PASSED] - click(findTestObject("admin/Remember Me")): Object: 'Object Repository/admin/Remember Me' is clicked on

2023-10-05 15:08:38 - [MESSAGE][PASSED] - Object: 'Object Repository/admin/Remember Me' is clicked on

2023-10-05 15:08:38 - [TEST_STEP][PASSED] - delay(10): Delayed 10 second(s)

2023-10-05 15:08:48 - [MESSAGE][PASSED] - Delayed 10 second(s)

2023-10-05 15:08:48 - [TEST_STEP][PASSED] - click(findTestObject("admin/buttom submit")): Object: 'Object Repository/admin/buttom submit' is clicked on

2023-10-05 15:08:49 - [MESSAGE][PASSED] - Object: 'Object Repository/admin/buttom submit' is clicked on

2023-10-05 15:08:49 - [TEST_STEP][PASSED] - verifyElementPresent(findTestObject("admin/Konf order konsumen/Tittle Dashboard"), 0): Object 'Object Repository/admin/Konf order konsumen/Tittle Dashboard' is present

2023-10-05 15:08:49 - [MESSAGE][WARNING] - Timeout '0' is invalid. Using default page load timeout: '30'

2023-10-05 15:08:50 - [MESSAGE][PASSED] - Object 'Object Repository/admin/Konf order konsumen/Tittle Dashboard' is present

2023-10-05 15:08:50 - [TEST_STEP][PASSED] - click(findTestObject("admin/Konf order konsumen/Menu Transaksi Market")): Object: 'Object Repository/admin/Konf order konsumen/Menu Transaksi Market' is clicked on

2023-10-05 15:08:50 - [MESSAGE][PASSED] - Object: 'Object Repository/admin/Konf order konsumen/Menu Transaksi Market' is clicked on

2023-10-05 15:08:50 - [TEST_STEP][PASSED] - click(findTestObject("admin/Konf order konsumen/Menu Konf. Order Konsumen")): Object: 'Object Repository/admin/Konf order konsumen/Menu Konf. Order Konsumen' is clicked on

2023-10-05 15:08:52 - [MESSAGE][PASSED] - Object: 'Object Repository/admin/Konf order konsumen/Menu Konf. Order Konsumen' is clicked on

2023-10-05 15:08:52 - [TEST_STEP][PASSED] - verifyElementPresent(findTestObject("admin/Konf order konsumen/Tittle Data Konfirmasi Pembayaran Konsumen"), 0): Object 'Object Repository/admin/Konf order konsumen/Tittle Data Konfirmasi Pembayaran Konsumen' is present

2023-10-05 15:08:52 - [MESSAGE][WARNING] - Timeout '0' is invalid. Using default page load timeout: '30'

2023-10-05 15:08:52 - [MESSAGE][PASSED] - Object 'Object Repository/admin/Konf order konsumen/Tittle Data Konfirmasi Pembayaran Konsumen' is present

2023-10-05 15:08:52 - [TEST_STEP][PASSED] - inv = data.get("invoice"): null

2023-10-05 15:08:52 - [TEST_STEP][PASSED] - setText(findTestObject("admin/Konf order konsumen/Search"), inv): Text 'TRX60.20231005150810' is set on object 'Object Repository/admin/Konf order konsumen/Search'

2023-10-05 15:08:53 - [MESSAGE][PASSED] - Text 'TRX60.20231005150810' is set on object 'Object Repository/admin/Konf order konsumen/Search'

2023-10-05 15:08:53 - [TEST_STEP][PASSED] - verifyElementText(findTestObject("admin/Konf order konsumen/Keterangan Lunas"), "Lunas"): Actual text and expected text of test object 'Object Repository/admin/Konf order konsumen/Keterangan Lunas' are matched.

2023-10-05 15:08:54 - [MESSAGE][PASSED] - Actual text and expected text of test object 'Object Repository/admin/Konf order konsumen/Keterangan Lunas' are matched.

2023-10-05 15:08:54 - [TEST_STEP][PASSED] - return data: null

2023-10-05 15:08:54 - [MESSAGE][PASSED] - Call Test Case 'Test Cases/T13 Pembelian, Shipment dan Pembayaran/PBYA-001' successfully

2023-10-05 15:08:54 - [TEST_STEP][PASSED] - click(findTestObject("admin/Penjualan ke konsumen/buttom Dashboard")): Object: 'Object Repository/admin/Penjualan ke konsumen/buttom Dashboard' is clicked on

2023-10-05 15:08:54 - [MESSAGE][PASSED] - Object: 'Object Repository/admin/Penjualan ke konsumen/buttom Dashboard' is clicked on

2023-10-05 15:08:54 - [TEST_STEP][PASSED] - click(findTestObject("admin/Konf order konsumen/Menu Transaksi Market")): Object: 'Object Repository/admin/Konf order konsumen/Menu Transaksi Market' is clicked on

2023-10-05 15:08:55 - [MESSAGE][PASSED] - Object: 'Object Repository/admin/Konf order konsumen/Menu Transaksi Market' is clicked on

2023-10-05 15:08:55 - [TEST_STEP][PASSED] - click(findTestObject("admin/Penjualan ke konsumen/a_Penjualan ke Konsumen")): Object: 'Object Repository/admin/Penjualan ke konsumen/a_Penjualan ke Konsumen' is clicked on

2023-10-05 15:08:58 - [MESSAGE][PASSED] - Object: 'Object Repository/admin/Penjualan ke konsumen/a_Penjualan ke Konsumen' is clicked on

2023-10-05 15:08:58 - [TEST_STEP][PASSED] - verifyElementPresent(findTestObject("admin/Tittle Data Transaksi Penjualan  Orderan Konsumen"), 0): Object 'Object Repository/admin/Tittle Data Transaksi Penjualan  Orderan Konsumen' is present

2023-10-05 15:08:58 - [MESSAGE][WARNING] - Timeout '0' is invalid. Using default page load timeout: '30'

2023-10-05 15:08:59 - [MESSAGE][PASSED] - Object 'Object Repository/admin/Tittle Data Transaksi Penjualan  Orderan Konsumen' is present

2023-10-05 15:08:59 - [TEST_STEP][PASSED] - return data: null

2023-10-05 15:08:59 - [MESSAGE][PASSED] - Call Test Case 'Test Cases/T13 Pembelian, Shipment dan Pembayaran/SA-001' successfully

2023-10-05 15:08:59 - [TEST_STEP][PASSED] - inv = data.get("invoice"): null

2023-10-05 15:08:59 - [TEST_STEP][PASSED] - setText(findTestObject("admin/Penjualan ke konsumen/Search"), inv): Text 'TRX60.20231005150810' is set on object 'Object Repository/admin/Penjualan ke konsumen/Search'

2023-10-05 15:09:00 - [MESSAGE][PASSED] - Text 'TRX60.20231005150810' is set on object 'Object Repository/admin/Penjualan ke konsumen/Search'

2023-10-05 15:09:00 - [TEST_STEP][PASSED] - click(findTestObject("admin/Penjualan ke konsumen/buttom konfirmasi pending payment"), CONTINUE_ON_FAILURE): Object: 'Object Repository/admin/Penjualan ke konsumen/buttom konfirmasi pending payment' is clicked on

2023-10-05 15:09:01 - [MESSAGE][PASSED] - Object: 'Object Repository/admin/Penjualan ke konsumen/buttom konfirmasi pending payment' is clicked on

2023-10-05 15:09:01 - [TEST_STEP][PASSED] - waitForAlert(5, OPTIONAL): Alert is present after 5 second(s).

2023-10-05 15:09:01 - [MESSAGE][PASSED] - Alert is present after 5 second(s).

2023-10-05 15:09:01 - [TEST_STEP][PASSED] - acceptAlert(): Alert accepted

2023-10-05 15:09:01 - [MESSAGE][PASSED] - Alert accepted

2023-10-05 15:09:01 - [TEST_STEP][PASSED] - setText(findTestObject("admin/Penjualan ke konsumen/Search"), inv): Text 'TRX60.20231005150810' is set on object 'Object Repository/admin/Penjualan ke konsumen/Search'

2023-10-05 15:09:10 - [MESSAGE][PASSED] - Text 'TRX60.20231005150810' is set on object 'Object Repository/admin/Penjualan ke konsumen/Search'

2023-10-05 15:09:10 - [TEST_STEP][PASSED] - verifyTextNotPresent("pending payment", false): Text 'pending payment' is not present on page

2023-10-05 15:09:11 - [MESSAGE][PASSED] - Text 'pending payment' is not present on page

2023-10-05 15:09:11 - [TEST_STEP][PASSED] - return data: null

2023-10-05 15:09:11 - [MESSAGE][PASSED] - Call Test Case 'Test Cases/T13 Pembelian, Shipment dan Pembayaran/SA-002' successfully

2023-10-05 15:09:11 - [TEST_STEP][PASSED] - click(findTestObject("admin/Penjualan ke konsumen/buttom scroldown")): Object: 'Object Repository/admin/Penjualan ke konsumen/buttom scroldown' is clicked on

2023-10-05 15:09:11 - [MESSAGE][PASSED] - Object: 'Object Repository/admin/Penjualan ke konsumen/buttom scroldown' is clicked on

2023-10-05 15:09:11 - [TEST_STEP][PASSED] - click(findTestObject("admin/Penjualan ke konsumen/Dikirim"), CONTINUE_ON_FAILURE): Object: 'Object Repository/admin/Penjualan ke konsumen/Dikirim' is clicked on

2023-10-05 15:09:12 - [MESSAGE][PASSED] - Object: 'Object Repository/admin/Penjualan ke konsumen/Dikirim' is clicked on

2023-10-05 15:09:12 - [TEST_STEP][PASSED] - waitForAlert(5, OPTIONAL): Alert is present after 5 second(s).

2023-10-05 15:09:12 - [MESSAGE][PASSED] - Alert is present after 5 second(s).

2023-10-05 15:09:12 - [TEST_STEP][PASSED] - acceptAlert(): Alert accepted

2023-10-05 15:09:12 - [MESSAGE][PASSED] - Alert accepted

2023-10-05 15:09:12 - [TEST_STEP][PASSED] - inv = data.get("invoice"): null

2023-10-05 15:09:12 - [TEST_STEP][PASSED] - setText(findTestObject("admin/Penjualan ke konsumen/Search"), inv): Text 'TRX60.20231005150810' is set on object 'Object Repository/admin/Penjualan ke konsumen/Search'

2023-10-05 15:09:21 - [MESSAGE][PASSED] - Text 'TRX60.20231005150810' is set on object 'Object Repository/admin/Penjualan ke konsumen/Search'

2023-10-05 15:09:21 - [TEST_STEP][PASSED] - delay(10): Delayed 10 second(s)

2023-10-05 15:09:31 - [MESSAGE][PASSED] - Delayed 10 second(s)

2023-10-05 15:09:31 - [TEST_STEP][PASSED] - verifyElementText(findTestObject("PROSES PENJUALAN/Dikirim"), "Dikirim"): Actual text and expected text of test object 'Object Repository/PROSES PENJUALAN/Dikirim' are matched.

2023-10-05 15:09:31 - [MESSAGE][PASSED] - Actual text and expected text of test object 'Object Repository/PROSES PENJUALAN/Dikirim' are matched.

2023-10-05 15:09:31 - [TEST_STEP][PASSED] - dikirim = getText(findTestObject("PROSES PENJUALAN/Dikirim")): Text of object 'Object Repository/PROSES PENJUALAN/Dikirim' is: 'Dikirim'

2023-10-05 15:09:32 - [MESSAGE][PASSED] - Text of object 'Object Repository/PROSES PENJUALAN/Dikirim' is: 'Dikirim'

2023-10-05 15:09:32 - [TEST_STEP][PASSED] - data.put("statuskirim", dikirim): null

2023-10-05 15:09:32 - [TEST_STEP][PASSED] - return data: null]]></system-out>
         <system-err><![CDATA[]]></system-err>
      </testcase>
      <testcase name="Test Cases/T13 Pembelian, Shipment dan Pembayaran/SA-005" time="122.512" classname="Test Cases/T13 Pembelian, Shipment dan Pembayaran/SA-005" status="PASSED">
         <system-out><![CDATA[2023-10-05 15:09:32 - [TEST_CASE][PASSED] - Test Cases/T13 Pembelian, Shipment dan Pembayaran/SA-005: Test Cases/T13 Pembelian, Shipment dan Pembayaran/SA-005

2023-10-05 15:09:32 - [TEST_STEP][PASSED] - data = callTestCase(findTestCase("T13 Pembelian, Shipment dan Pembayaran/SA-002"), [:], STOP_ON_FAILURE): Call Test Case 'Test Cases/T13 Pembelian, Shipment dan Pembayaran/SA-002' successfully

2023-10-05 15:09:32 - [TEST_CASE][PASSED] - Test Cases/T13 Pembelian, Shipment dan Pembayaran/SA-002: Test Cases/T13 Pembelian, Shipment dan Pembayaran/SA-002

2023-10-05 15:09:32 - [TEST_STEP][PASSED] - data = callTestCase(findTestCase("T13 Pembelian, Shipment dan Pembayaran/SA-001"), [:], STOP_ON_FAILURE): Call Test Case 'Test Cases/T13 Pembelian, Shipment dan Pembayaran/SA-001' successfully

2023-10-05 15:09:32 - [TEST_CASE][PASSED] - Test Cases/T13 Pembelian, Shipment dan Pembayaran/SA-001: Test Cases/T13 Pembelian, Shipment dan Pembayaran/SA-001

2023-10-05 15:09:32 - [TEST_STEP][PASSED] - data = callTestCase(findTestCase("T13 Pembelian, Shipment dan Pembayaran/PBYA-001"), [:], STOP_ON_FAILURE): Call Test Case 'Test Cases/T13 Pembelian, Shipment dan Pembayaran/PBYA-001' successfully

2023-10-05 15:09:32 - [TEST_CASE][PASSED] - Test Cases/T13 Pembelian, Shipment dan Pembayaran/PBYA-001: Test Cases/T13 Pembelian, Shipment dan Pembayaran/PBYA-001

2023-10-05 15:09:32 - [TEST_STEP][PASSED] - data = callTestCase(findTestCase("T13 Pembelian, Shipment dan Pembayaran/PBY-004"), [:], STOP_ON_FAILURE): Call Test Case 'Test Cases/T13 Pembelian, Shipment dan Pembayaran/PBY-004' successfully

2023-10-05 15:09:32 - [TEST_CASE][PASSED] - Test Cases/T13 Pembelian, Shipment dan Pembayaran/PBY-004: Test Cases/T13 Pembelian, Shipment dan Pembayaran/PBY-004

2023-10-05 15:09:32 - [TEST_STEP][PASSED] - data = callTestCase(findTestCase("T13 Pembelian, Shipment dan Pembayaran/PBY-001"), [:], STOP_ON_FAILURE): Call Test Case 'Test Cases/T13 Pembelian, Shipment dan Pembayaran/PBY-001' successfully

2023-10-05 15:09:32 - [TEST_CASE][PASSED] - Test Cases/T13 Pembelian, Shipment dan Pembayaran/PBY-001: Test Cases/T13 Pembelian, Shipment dan Pembayaran/PBY-001

2023-10-05 15:09:32 - [TEST_STEP][PASSED] - data = callTestCase(findTestCase("T13 Pembelian, Shipment dan Pembayaran/PBL-004"), ["Kurir":"Roda 2"], STOP_ON_FAILURE): Call Test Case 'Test Cases/T13 Pembelian, Shipment dan Pembayaran/PBL-004' successfully

2023-10-05 15:09:32 - [TEST_CASE][PASSED] - Test Cases/T13 Pembelian, Shipment dan Pembayaran/PBL-004: Test Cases/T13 Pembelian, Shipment dan Pembayaran/PBL-004

2023-10-05 15:09:32 - [TEST_STEP][PASSED] - data = callTestCase(findTestCase("T13 Pembelian, Shipment dan Pembayaran/PBL-002"), [:], STOP_ON_FAILURE): Call Test Case 'Test Cases/T13 Pembelian, Shipment dan Pembayaran/PBL-002' successfully

2023-10-05 15:09:32 - [TEST_CASE][PASSED] - Test Cases/T13 Pembelian, Shipment dan Pembayaran/PBL-002: Test Cases/T13 Pembelian, Shipment dan Pembayaran/PBL-002

2023-10-05 15:09:32 - [TEST_STEP][PASSED] - data = callTestCase(findTestCase("T13 Pembelian, Shipment dan Pembayaran/PBL-001"), [:], STOP_ON_FAILURE): Call Test Case 'Test Cases/T13 Pembelian, Shipment dan Pembayaran/PBL-001' successfully

2023-10-05 15:09:32 - [TEST_CASE][PASSED] - Test Cases/T13 Pembelian, Shipment dan Pembayaran/PBL-001: Test Cases/T13 Pembelian, Shipment dan Pembayaran/PBL-001

2023-10-05 15:09:32 - [TEST_STEP][PASSED] - callTestCase(findTestCase("T13 Pembelian, Shipment dan Pembayaran/LU-001"), ["username":"irfanafandi", "password":"12345irfan"], STOP_ON_FAILURE): Call Test Case 'Test Cases/T13 Pembelian, Shipment dan Pembayaran/LU-001' successfully

2023-10-05 15:09:32 - [TEST_CASE][PASSED] - Test Cases/T13 Pembelian, Shipment dan Pembayaran/LU-001: Test Cases/T13 Pembelian, Shipment dan Pembayaran/LU-001

2023-10-05 15:09:32 - [TEST_STEP][PASSED] - openBrowser("https://10.9.2.63/ecommerce/"): Browser is opened with url: 'https://10.9.2.63/ecommerce/'

2023-10-05 15:09:32 - [MESSAGE][WARNING] - A browser is already opened. Closing browser and opening a new one

2023-10-05 15:09:33 - [MESSAGE][INFO] - Starting 'Edge Chromium' driver

2023-10-05 15:09:33 - [MESSAGE][INFO] - User set preference: ['acceptInsecureCerts', 'true']

2023-10-05 15:09:35 - [MESSAGE][INFO] - Action delay is set to 0 milliseconds

2023-10-05 15:09:38 - [MESSAGE][PASSED] - Browser is opened with url: 'https://10.9.2.63/ecommerce/'

2023-10-05 15:09:38 - [TEST_STEP][PASSED] - maximizeWindow(): Current window maximized

2023-10-05 15:09:39 - [MESSAGE][PASSED] - Current window maximized

2023-10-05 15:09:39 - [TEST_STEP][PASSED] - verifyElementPresent(findTestObject("Login/Home"), 0): Object 'Object Repository/Login/Home' is present

2023-10-05 15:09:39 - [MESSAGE][WARNING] - Timeout '0' is invalid. Using default page load timeout: '30'

2023-10-05 15:09:59 - [MESSAGE][PASSED] - Object 'Object Repository/Login/Home' is present

2023-10-05 15:09:59 - [TEST_STEP][PASSED] - click(findTestObject("Login/a_Login")): Object: 'Object Repository/Login/a_Login' is clicked on

2023-10-05 15:09:59 - [MESSAGE][PASSED] - Object: 'Object Repository/Login/a_Login' is clicked on

2023-10-05 15:09:59 - [TEST_STEP][PASSED] - verifyElementPresent(findTestObject("Login/Tittle Login"), 0): Object 'Object Repository/Login/Tittle Login' is present

2023-10-05 15:09:59 - [MESSAGE][WARNING] - Timeout '0' is invalid. Using default page load timeout: '30'

2023-10-05 15:10:00 - [MESSAGE][PASSED] - Object 'Object Repository/Login/Tittle Login' is present

2023-10-05 15:10:00 - [TEST_STEP][PASSED] - setText(findTestObject("Login/input_Username, Email atau No. Handphone_a"), username): Text 'irfanafandi' is set on object 'Object Repository/Login/input_Username, Email atau No. Handphone_a'

2023-10-05 15:10:01 - [MESSAGE][PASSED] - Text 'irfanafandi' is set on object 'Object Repository/Login/input_Username, Email atau No. Handphone_a'

2023-10-05 15:10:01 - [TEST_STEP][PASSED] - setText(findTestObject("Login/input_Password_b"), password): Text '12345irfan' is set on object 'Object Repository/Login/input_Password_b'

2023-10-05 15:10:01 - [MESSAGE][PASSED] - Text '12345irfan' is set on object 'Object Repository/Login/input_Password_b'

2023-10-05 15:10:01 - [TEST_STEP][PASSED] - click(findTestObject("Login/label_Ingat saya")): Object: 'Object Repository/Login/label_Ingat saya' is clicked on

2023-10-05 15:10:02 - [MESSAGE][PASSED] - Object: 'Object Repository/Login/label_Ingat saya' is clicked on

2023-10-05 15:10:02 - [TEST_STEP][PASSED] - click(findTestObject("Login/button_Masuk")): Object: 'Object Repository/Login/button_Masuk' is clicked on

2023-10-05 15:10:03 - [MESSAGE][PASSED] - Object: 'Object Repository/Login/button_Masuk' is clicked on

2023-10-05 15:10:03 - [TEST_STEP][PASSED] - verifyElementPresent(findTestObject("Login/li_Profile"), 0): Object 'Object Repository/Login/li_Profile' is present

2023-10-05 15:10:03 - [MESSAGE][WARNING] - Timeout '0' is invalid. Using default page load timeout: '30'

2023-10-05 15:10:04 - [MESSAGE][PASSED] - Object 'Object Repository/Login/li_Profile' is present

2023-10-05 15:10:04 - [MESSAGE][PASSED] - Call Test Case 'Test Cases/T13 Pembelian, Shipment dan Pembayaran/LU-001' successfully

2023-10-05 15:10:04 - [TEST_STEP][PASSED] - mouseOver(findTestObject("beli barang/i_Mulai Belanja_icon-menu")): Object: 'Object Repository/beli barang/i_Mulai Belanja_icon-menu' is hovered

2023-10-05 15:10:04 - [MESSAGE][PASSED] - Object: 'Object Repository/beli barang/i_Mulai Belanja_icon-menu' is hovered

2023-10-05 15:10:04 - [TEST_STEP][PASSED] - click(findTestObject("beli barang/a_Fashion  Busana Wanita")): Object: 'Object Repository/beli barang/a_Fashion  Busana Wanita' is clicked on

2023-10-05 15:10:05 - [MESSAGE][PASSED] - Object: 'Object Repository/beli barang/a_Fashion  Busana Wanita' is clicked on

2023-10-05 15:10:05 - [TEST_STEP][PASSED] - NamaSebelum = getText(findTestObject("verifikasi/Nama sebelum")): Text of object 'Object Repository/verifikasi/Nama sebelum' is: ''

2023-10-05 15:10:06 - [MESSAGE][PASSED] - Text of object 'Object Repository/verifikasi/Nama sebelum' is: ''

2023-10-05 15:10:06 - [TEST_STEP][PASSED] - HargaSebelum = getText(findTestObject("verifikasi/Harga sebelum")): Text of object 'Object Repository/verifikasi/Harga sebelum' is: 'Rp 1,299'

2023-10-05 15:10:06 - [MESSAGE][PASSED] - Text of object 'Object Repository/verifikasi/Harga sebelum' is: 'Rp 1,299'

2023-10-05 15:10:06 - [TEST_STEP][PASSED] - mouseOver(findTestObject("beli barang/barang mouse over")): Object: 'Object Repository/beli barang/barang mouse over' is hovered

2023-10-05 15:10:07 - [MESSAGE][PASSED] - Object: 'Object Repository/beli barang/barang mouse over' is hovered

2023-10-05 15:10:07 - [TEST_STEP][PASSED] - click(findTestObject("beli barang/buttom add to cart")): Object: 'Object Repository/beli barang/buttom add to cart' is clicked on

2023-10-05 15:10:08 - [MESSAGE][PASSED] - Object: 'Object Repository/beli barang/buttom add to cart' is clicked on

2023-10-05 15:10:08 - [TEST_STEP][PASSED] - NamaSesudah = getText(findTestObject("verifikasi/Nama sesudah")): Text of object 'Object Repository/verifikasi/Nama sesudah' is: 'Segitiga Instan Madeira - MDB5.3 Sunset'

2023-10-05 15:10:09 - [MESSAGE][PASSED] - Text of object 'Object Repository/verifikasi/Nama sesudah' is: 'Segitiga Instan Madeira - MDB5.3 Sunset'

2023-10-05 15:10:09 - [TEST_STEP][PASSED] - HargaSesudah = getText(findTestObject("verifikasi/Harga sesudah")): Text of object 'Object Repository/verifikasi/Harga sesudah' is: 'Rp 1,299'

2023-10-05 15:10:09 - [MESSAGE][PASSED] - Text of object 'Object Repository/verifikasi/Harga sesudah' is: 'Rp 1,299'

2023-10-05 15:10:09 - [TEST_STEP][PASSED] - assert NamaSesudah.contains(NamaSebelum): null

2023-10-05 15:10:09 - [TEST_STEP][PASSED] - assert HargaSesudah.contains(HargaSebelum): null

2023-10-05 15:10:09 - [TEST_STEP][PASSED] - click(findTestObject("beli barang/Tambah Keranjang busana wanita")): Object: 'Object Repository/beli barang/Tambah Keranjang busana wanita' is clicked on

2023-10-05 15:10:10 - [MESSAGE][PASSED] - Object: 'Object Repository/beli barang/Tambah Keranjang busana wanita' is clicked on

2023-10-05 15:10:10 - [TEST_STEP][PASSED] - verifyElementPresent(findTestObject("checkout/Notifikasi keranjang"), 1): Object 'Object Repository/checkout/Notifikasi keranjang' is present

2023-10-05 15:10:11 - [MESSAGE][PASSED] - Object 'Object Repository/checkout/Notifikasi keranjang' is present

2023-10-05 15:10:11 - [TEST_STEP][PASSED] - data = new java.util.HashMap(): null

2023-10-05 15:10:11 - [TEST_STEP][PASSED] - data.put("nama_barang", NamaSesudah): null

2023-10-05 15:10:11 - [TEST_STEP][PASSED] - data.put("price_barang", HargaSesudah): null

2023-10-05 15:10:11 - [TEST_STEP][PASSED] - return data: null

2023-10-05 15:10:11 - [MESSAGE][PASSED] - Call Test Case 'Test Cases/T13 Pembelian, Shipment dan Pembayaran/PBL-001' successfully

2023-10-05 15:10:11 - [TEST_STEP][PASSED] - mouseOver(findTestObject("beli barang/keranjang")): Object: 'Object Repository/beli barang/keranjang' is hovered

2023-10-05 15:10:11 - [MESSAGE][PASSED] - Object: 'Object Repository/beli barang/keranjang' is hovered

2023-10-05 15:10:11 - [TEST_STEP][PASSED] - click(findTestObject("beli barang/Lihat Sekarang")): Object: 'Object Repository/beli barang/Lihat Sekarang' is clicked on

2023-10-05 15:10:12 - [MESSAGE][PASSED] - Object: 'Object Repository/beli barang/Lihat Sekarang' is clicked on

2023-10-05 15:10:12 - [TEST_STEP][PASSED] - verifyElementPresent(findTestObject("keranjang/li_Keranjang Belanja"), 0): Object 'Object Repository/keranjang/li_Keranjang Belanja' is present

2023-10-05 15:10:12 - [MESSAGE][WARNING] - Timeout '0' is invalid. Using default page load timeout: '30'

2023-10-05 15:10:14 - [MESSAGE][PASSED] - Object 'Object Repository/keranjang/li_Keranjang Belanja' is present

2023-10-05 15:10:14 - [TEST_STEP][PASSED] - NamaKeranjang = getText(findTestObject("verifikasi/Nama keranjang")): Text of object 'Object Repository/verifikasi/Nama keranjang' is: 'Segitiga Instan Madeira - MDB5.3 Sunset'

2023-10-05 15:10:14 - [MESSAGE][PASSED] - Text of object 'Object Repository/verifikasi/Nama keranjang' is: 'Segitiga Instan Madeira - MDB5.3 Sunset'

2023-10-05 15:10:14 - [TEST_STEP][PASSED] - HargaKeranjang = getText(findTestObject("verifikasi/Harga Keranjang")): Text of object 'Object Repository/verifikasi/Harga Keranjang' is: 'Rp 1,299'

2023-10-05 15:10:15 - [MESSAGE][PASSED] - Text of object 'Object Repository/verifikasi/Harga Keranjang' is: 'Rp 1,299'

2023-10-05 15:10:15 - [TEST_STEP][PASSED] - if (toString().equalsIgnoreCase("Merah")): Object 'Object Repository/keranjang/input_Warna_variasi101' is checked

2023-10-05 15:10:15 - [TEST_STEP][PASSED] - check(findTestObject("Object Repository/keranjang/input_Warna_variasi101")): Object 'Object Repository/keranjang/input_Warna_variasi101' is checked

2023-10-05 15:10:15 - [MESSAGE][PASSED] - Object 'Object Repository/keranjang/input_Warna_variasi101' is checked

2023-10-05 15:10:15 - [TEST_STEP][PASSED] - if (toString().equalsIgnoreCase("Menengah")): Object 'Object Repository/keranjang/input_Ukuran_variasi201' is checked

2023-10-05 15:10:15 - [TEST_STEP][PASSED] - check(findTestObject("Object Repository/keranjang/input_Ukuran_variasi201")): Object 'Object Repository/keranjang/input_Ukuran_variasi201' is checked

2023-10-05 15:10:15 - [MESSAGE][PASSED] - Object 'Object Repository/keranjang/input_Ukuran_variasi201' is checked

2023-10-05 15:10:15 - [TEST_STEP][PASSED] - data.put("Warna", warna): null

2023-10-05 15:10:15 - [TEST_STEP][PASSED] - data.put("Ukuran", ukuran): null

2023-10-05 15:10:15 - [TEST_STEP][PASSED] - click(findTestObject("keranjang/button_Lanjut ke Pembayaran")): Object: 'Object Repository/keranjang/button_Lanjut ke Pembayaran' is clicked on

2023-10-05 15:10:17 - [MESSAGE][PASSED] - Object: 'Object Repository/keranjang/button_Lanjut ke Pembayaran' is clicked on

2023-10-05 15:10:17 - [TEST_STEP][PASSED] - verifyElementPresent(findTestObject("checkout/Tittle Checkout Order"), 0): Object 'Object Repository/checkout/Tittle Checkout Order' is present

2023-10-05 15:10:17 - [MESSAGE][WARNING] - Timeout '0' is invalid. Using default page load timeout: '30'

2023-10-05 15:10:18 - [MESSAGE][PASSED] - Object 'Object Repository/checkout/Tittle Checkout Order' is present

2023-10-05 15:10:18 - [TEST_STEP][PASSED] - name_product = data.get("nama_barang"): null

2023-10-05 15:10:18 - [TEST_STEP][PASSED] - price_product = data.get("price_barang"): null

2023-10-05 15:10:18 - [TEST_STEP][PASSED] - assert name_product == NamaKeranjang: null

2023-10-05 15:10:18 - [TEST_STEP][PASSED] - assert price_product == HargaKeranjang: null

2023-10-05 15:10:18 - [TEST_STEP][PASSED] - return data: null

2023-10-05 15:10:18 - [MESSAGE][PASSED] - Call Test Case 'Test Cases/T13 Pembelian, Shipment dan Pembayaran/PBL-002' successfully

2023-10-05 15:10:18 - [TEST_STEP][PASSED] - warnaa = getText(findTestObject("verifikasi/warna Merah")): Text of object 'Object Repository/verifikasi/warna Merah' is: 'Merah'

2023-10-05 15:10:18 - [MESSAGE][PASSED] - Text of object 'Object Repository/verifikasi/warna Merah' is: 'Merah'

2023-10-05 15:10:18 - [TEST_STEP][PASSED] - ukurann = getText(findTestObject("verifikasi/Ukuran Menengah")): Text of object 'Object Repository/verifikasi/Ukuran Menengah' is: 'Menengah'

2023-10-05 15:10:19 - [MESSAGE][PASSED] - Text of object 'Object Repository/verifikasi/Ukuran Menengah' is: 'Menengah'

2023-10-05 15:10:19 - [TEST_STEP][PASSED] - warna1 = data.get("Warna"): null

2023-10-05 15:10:19 - [TEST_STEP][PASSED] - ukuran1 = data.get("Ukuran"): null

2023-10-05 15:10:19 - [TEST_STEP][PASSED] - assert warnaa == warna1: null

2023-10-05 15:10:19 - [TEST_STEP][PASSED] - assert ukurann == ukuran1: null

2023-10-05 15:10:19 - [TEST_STEP][PASSED] - NamaCheckout = getText(findTestObject("verifikasi/NamaCheckout")): Text of object 'Object Repository/verifikasi/NamaCheckout' is: ''

2023-10-05 15:10:19 - [MESSAGE][PASSED] - Text of object 'Object Repository/verifikasi/NamaCheckout' is: ''

2023-10-05 15:10:19 - [TEST_STEP][PASSED] - HargaCheckout = getText(findTestObject("verifikasi/HargaCheckout")): Text of object 'Object Repository/verifikasi/HargaCheckout' is: '1,299'

2023-10-05 15:10:19 - [MESSAGE][PASSED] - Text of object 'Object Repository/verifikasi/HargaCheckout' is: '1,299'

2023-10-05 15:10:19 - [TEST_STEP][PASSED] - name_product = data.get("nama_barang"): null

2023-10-05 15:10:19 - [TEST_STEP][PASSED] - price_product = data.get("price_barang"): null

2023-10-05 15:10:19 - [TEST_STEP][PASSED] - assert name_product.contains(NamaCheckout): null

2023-10-05 15:10:19 - [TEST_STEP][PASSED] - assert price_product.contains(HargaCheckout): null

2023-10-05 15:10:19 - [TEST_STEP][PASSED] - selectOptionByLabel(findTestObject("checkout/select - Kirim via Kurir Lokal"), Kurir, false): All options with label 'Roda 2' are selected in object 'Object Repository/checkout/select - Kirim via Kurir Lokal' 

2023-10-05 15:10:20 - [MESSAGE][PASSED] - All options with label 'Roda 2' are selected in object 'Object Repository/checkout/select - Kirim via Kurir Lokal' 

2023-10-05 15:10:20 - [TEST_STEP][PASSED] - click(findTestObject("checkout/Kendaraan Kurir")): Object: 'Object Repository/checkout/Kendaraan Kurir' is clicked on

2023-10-05 15:10:21 - [MESSAGE][PASSED] - Object: 'Object Repository/checkout/Kendaraan Kurir' is clicked on

2023-10-05 15:10:21 - [TEST_STEP][PASSED] - OngkosKirim = getText(findTestObject("Object Repository/verifikasi/Ongkos Kirim checkout")): Text of object 'Object Repository/verifikasi/Ongkos Kirim checkout' is: 'Rp. 5,000'

2023-10-05 15:10:21 - [MESSAGE][PASSED] - Text of object 'Object Repository/verifikasi/Ongkos Kirim checkout' is: 'Rp. 5,000'

2023-10-05 15:10:21 - [TEST_STEP][PASSED] - Ongkos = OngkosKirim.substring(3, OngkosKirim.size()): null

2023-10-05 15:10:21 - [TEST_STEP][PASSED] - rep = Ongkos.replace(",", "."): null

2023-10-05 15:10:21 - [TEST_STEP][PASSED] - Ongkos_kirim = Double.parseDouble(rep): null

2023-10-05 15:10:21 - [TEST_STEP][PASSED] - println(Ongkos_kirim): null

2023-10-05 15:10:21 - [TEST_STEP][PASSED] - FeeAdmin = getText(findTestObject("verifikasi/Fee Admin checkout")): Text of object 'Object Repository/verifikasi/Fee Admin checkout' is: 'Fee Admin
Rp 1,500'

2023-10-05 15:10:22 - [MESSAGE][PASSED] - Text of object 'Object Repository/verifikasi/Fee Admin checkout' is: 'Fee Admin
Rp 1,500'

2023-10-05 15:10:22 - [TEST_STEP][PASSED] - Fee_Admin = FeeAdmin.substring(12, FeeAdmin.size()): null

2023-10-05 15:10:22 - [TEST_STEP][PASSED] - fee = Fee_Admin.replace(",", "."): null

2023-10-05 15:10:22 - [TEST_STEP][PASSED] - fee_admin = Double.parseDouble(fee): null

2023-10-05 15:10:22 - [TEST_STEP][PASSED] - println(fee_admin): null

2023-10-05 15:10:22 - [TEST_STEP][PASSED] - Subtotal = getText(findTestObject("verifikasi/subtotal checkout")): Text of object 'Object Repository/verifikasi/subtotal checkout' is: 'Subtotal
Rp 1,299'

2023-10-05 15:10:23 - [MESSAGE][PASSED] - Text of object 'Object Repository/verifikasi/subtotal checkout' is: 'Subtotal
Rp 1,299'

2023-10-05 15:10:23 - [TEST_STEP][PASSED] - sub_total = Subtotal.substring(12, Subtotal.size()): null

2023-10-05 15:10:23 - [TEST_STEP][PASSED] - sub = sub_total.replace(",", "."): null

2023-10-05 15:10:23 - [TEST_STEP][PASSED] - sub_total = Double.parseDouble(sub): null

2023-10-05 15:10:23 - [TEST_STEP][PASSED] - println(sub_total): null

2023-10-05 15:10:23 - [TEST_STEP][PASSED] - Total = getText(findTestObject("verifikasi/Total checkout")): Text of object 'Object Repository/verifikasi/Total checkout' is: 'Rp 7,799'

2023-10-05 15:10:23 - [MESSAGE][PASSED] - Text of object 'Object Repository/verifikasi/Total checkout' is: 'Rp 7,799'

2023-10-05 15:10:23 - [TEST_STEP][PASSED] - totall = Total.substring(3, Total.size()): null

2023-10-05 15:10:23 - [TEST_STEP][PASSED] - total = totall.replace(",", "."): null

2023-10-05 15:10:23 - [TEST_STEP][PASSED] - totall = Double.parseDouble(total): null

2023-10-05 15:10:23 - [TEST_STEP][PASSED] - println(totall): null

2023-10-05 15:10:23 - [TEST_STEP][PASSED] - Total_Harga = Ongkos_kirim + fee_admin + sub_total: null

2023-10-05 15:10:23 - [TEST_STEP][PASSED] - println(Total_Harga): null

2023-10-05 15:10:23 - [TEST_STEP][PASSED] - TotalHarga = Math.round(Total_Harga * 1000) / 1000: null

2023-10-05 15:10:23 - [TEST_STEP][PASSED] - println(TotalHarga): null

2023-10-05 15:10:23 - [TEST_STEP][PASSED] - assert totall == TotalHarga: null

2023-10-05 15:10:23 - [TEST_STEP][PASSED] - click(findTestObject("verifikasi/Metode Transfer")): Object: 'Object Repository/verifikasi/Metode Transfer' is clicked on

2023-10-05 15:10:23 - [MESSAGE][PASSED] - Object: 'Object Repository/verifikasi/Metode Transfer' is clicked on

2023-10-05 15:10:23 - [TEST_STEP][PASSED] - click(findTestObject("checkout/button_Proses Pembayaran")): Object: 'Object Repository/checkout/button_Proses Pembayaran' is clicked on

2023-10-05 15:10:32 - [MESSAGE][PASSED] - Object: 'Object Repository/checkout/button_Proses Pembayaran' is clicked on

2023-10-05 15:10:32 - [TEST_STEP][PASSED] - verifyElementPresent(findTestObject("pembayaran/Tittle nomor invoice"), 0): Object 'Object Repository/pembayaran/Tittle nomor invoice' is present

2023-10-05 15:10:32 - [MESSAGE][WARNING] - Timeout '0' is invalid. Using default page load timeout: '30'

2023-10-05 15:10:33 - [MESSAGE][PASSED] - Object 'Object Repository/pembayaran/Tittle nomor invoice' is present

2023-10-05 15:10:33 - [TEST_STEP][PASSED] - return data: null

2023-10-05 15:10:33 - [MESSAGE][PASSED] - Call Test Case 'Test Cases/T13 Pembelian, Shipment dan Pembayaran/PBL-004' successfully

2023-10-05 15:10:33 - [TEST_STEP][PASSED] - Invoice = getText(findTestObject("pembayaran/nomor invoice")): Text of object 'Object Repository/pembayaran/nomor invoice' is: 'TRX60.20231005151027'

2023-10-05 15:10:33 - [MESSAGE][PASSED] - Text of object 'Object Repository/pembayaran/nomor invoice' is: 'TRX60.20231005151027'

2023-10-05 15:10:33 - [TEST_STEP][PASSED] - data.put("invoice", Invoice): null

2023-10-05 15:10:33 - [TEST_STEP][PASSED] - NamaPemesan = getText(findTestObject("Konfirmasi pesanan shop/Nama pemesan")): Text of object 'Object Repository/Konfirmasi pesanan shop/Nama pemesan' is: 'irfan.afandi'

2023-10-05 15:10:34 - [MESSAGE][PASSED] - Text of object 'Object Repository/Konfirmasi pesanan shop/Nama pemesan' is: 'irfan.afandi'

2023-10-05 15:10:34 - [TEST_STEP][PASSED] - Nama = getText(findTestObject("pembayaran/Nama barang")): Text of object 'Object Repository/pembayaran/Nama barang' is: 'Segitiga Instan Madeira - MDB5.3 Sunset'

2023-10-05 15:10:34 - [MESSAGE][PASSED] - Text of object 'Object Repository/pembayaran/Nama barang' is: 'Segitiga Instan Madeira - MDB5.3 Sunset'

2023-10-05 15:10:34 - [TEST_STEP][PASSED] - Harga = getText(findTestObject("pembayaran/Harga barang")): Text of object 'Object Repository/pembayaran/Harga barang' is: '1,299'

2023-10-05 15:10:35 - [MESSAGE][PASSED] - Text of object 'Object Repository/pembayaran/Harga barang' is: '1,299'

2023-10-05 15:10:35 - [TEST_STEP][PASSED] - name_product = data.get("nama_barang"): null

2023-10-05 15:10:35 - [TEST_STEP][PASSED] - price_product = data.get("price_barang"): null

2023-10-05 15:10:35 - [TEST_STEP][PASSED] - assert name_product.contains(Nama): null

2023-10-05 15:10:35 - [TEST_STEP][PASSED] - assert price_product.contains(Harga): null

2023-10-05 15:10:35 - [TEST_STEP][PASSED] - warnaa = getText(findTestObject("pembayaran/warna")): Text of object 'Object Repository/pembayaran/warna' is: 'Merah'

2023-10-05 15:10:35 - [MESSAGE][PASSED] - Text of object 'Object Repository/pembayaran/warna' is: 'Merah'

2023-10-05 15:10:35 - [TEST_STEP][PASSED] - ukurann = getText(findTestObject("pembayaran/ukuran")): Text of object 'Object Repository/pembayaran/ukuran' is: 'Menengah'

2023-10-05 15:10:36 - [MESSAGE][PASSED] - Text of object 'Object Repository/pembayaran/ukuran' is: 'Menengah'

2023-10-05 15:10:36 - [TEST_STEP][PASSED] - warna1 = data.get("Warna"): null

2023-10-05 15:10:36 - [TEST_STEP][PASSED] - ukuran1 = data.get("Ukuran"): null

2023-10-05 15:10:36 - [TEST_STEP][PASSED] - assert warnaa == warna1: null

2023-10-05 15:10:36 - [TEST_STEP][PASSED] - assert ukurann == ukuran1: null

2023-10-05 15:10:36 - [TEST_STEP][PASSED] - statusPembelian = getText(findTestObject("verifikasi/Status pending di pembelian")): Text of object 'Object Repository/verifikasi/Status pending di pembelian' is: 'Pending'

2023-10-05 15:10:36 - [MESSAGE][PASSED] - Text of object 'Object Repository/verifikasi/Status pending di pembelian' is: 'Pending'

2023-10-05 15:10:36 - [TEST_STEP][PASSED] - data.put("statusPem", statusPembelian): null

2023-10-05 15:10:36 - [TEST_STEP][PASSED] - OngkosKirim = getText(findTestObject("pembayaran/ongkos kirim")): Text of object 'Object Repository/pembayaran/ongkos kirim' is: 'Rp 5,000'

2023-10-05 15:10:37 - [MESSAGE][PASSED] - Text of object 'Object Repository/pembayaran/ongkos kirim' is: 'Rp 5,000'

2023-10-05 15:10:37 - [TEST_STEP][PASSED] - Ongkos = OngkosKirim.substring(3, OngkosKirim.size()): null

2023-10-05 15:10:37 - [TEST_STEP][PASSED] - rep = Ongkos.replace(",", ""): null

2023-10-05 15:10:37 - [TEST_STEP][PASSED] - Ongkos_kirimm = Integer.parseInt(rep): null

2023-10-05 15:10:37 - [TEST_STEP][PASSED] - println(Ongkos_kirimm): null

2023-10-05 15:10:37 - [TEST_STEP][PASSED] - FeeAdmin = getText(findTestObject("pembayaran/fee admin")): Text of object 'Object Repository/pembayaran/fee admin' is: 'Rp 1,500'

2023-10-05 15:10:37 - [MESSAGE][PASSED] - Text of object 'Object Repository/pembayaran/fee admin' is: 'Rp 1,500'

2023-10-05 15:10:37 - [TEST_STEP][PASSED] - Fee_Admin = FeeAdmin.substring(3, FeeAdmin.size()): null

2023-10-05 15:10:37 - [TEST_STEP][PASSED] - fee = Fee_Admin.replace(",", ""): null

2023-10-05 15:10:37 - [TEST_STEP][PASSED] - fee_adminn = Integer.parseInt(fee): null

2023-10-05 15:10:37 - [TEST_STEP][PASSED] - println(fee_adminn): null

2023-10-05 15:10:37 - [TEST_STEP][PASSED] - Subtotal = getText(findTestObject("pembayaran/subtotal")): Text of object 'Object Repository/pembayaran/subtotal' is: 'Rp 1,299'

2023-10-05 15:10:38 - [MESSAGE][PASSED] - Text of object 'Object Repository/pembayaran/subtotal' is: 'Rp 1,299'

2023-10-05 15:10:38 - [TEST_STEP][PASSED] - sub_total = Subtotal.substring(3, Subtotal.size()): null

2023-10-05 15:10:38 - [TEST_STEP][PASSED] - sub = sub_total.replace(",", ""): null

2023-10-05 15:10:38 - [TEST_STEP][PASSED] - sub_totall = Integer.parseInt(sub): null

2023-10-05 15:10:38 - [TEST_STEP][PASSED] - println(sub_totall): null

2023-10-05 15:10:38 - [TEST_STEP][PASSED] - unik = getText(findTestObject("pembayaran/kode unik")): Text of object 'Object Repository/pembayaran/kode unik' is: '+027'

2023-10-05 15:10:38 - [MESSAGE][PASSED] - Text of object 'Object Repository/pembayaran/kode unik' is: '+027'

2023-10-05 15:10:38 - [TEST_STEP][PASSED] - unikk = unik.replace("+", ""): null

2023-10-05 15:10:38 - [TEST_STEP][PASSED] - kode_unik = Integer.parseInt(unikk): null

2023-10-05 15:10:38 - [TEST_STEP][PASSED] - println(kode_unik): null

2023-10-05 15:10:38 - [TEST_STEP][PASSED] - Total = getText(findTestObject("pembayaran/total")): Text of object 'Object Repository/pembayaran/total' is: '7,826'

2023-10-05 15:10:39 - [MESSAGE][PASSED] - Text of object 'Object Repository/pembayaran/total' is: '7,826'

2023-10-05 15:10:39 - [TEST_STEP][PASSED] - total = Total.replace(",", ""): null

2023-10-05 15:10:39 - [TEST_STEP][PASSED] - totalll = Integer.parseInt(total): null

2023-10-05 15:10:39 - [TEST_STEP][PASSED] - println(totalll): null

2023-10-05 15:10:39 - [TEST_STEP][PASSED] - Total_Hargaa = Ongkos_kirimm + fee_adminn + sub_totall + kode_unik: null

2023-10-05 15:10:39 - [TEST_STEP][PASSED] - println(Total_Hargaa): null

2023-10-05 15:10:39 - [TEST_STEP][PASSED] - assert totalll == Total_Hargaa: null

2023-10-05 15:10:39 - [TEST_STEP][PASSED] - data.put("total", Total): null

2023-10-05 15:10:39 - [TEST_STEP][PASSED] - data.put("nama", NamaPemesan): null

2023-10-05 15:10:39 - [TEST_STEP][PASSED] - return data: null

2023-10-05 15:10:39 - [MESSAGE][PASSED] - Call Test Case 'Test Cases/T13 Pembelian, Shipment dan Pembayaran/PBY-001' successfully

2023-10-05 15:10:39 - [TEST_STEP][PASSED] - inv = data.get("invoice"): null

2023-10-05 15:10:39 - [TEST_STEP][PASSED] - Total = data.get("total"): null

2023-10-05 15:10:39 - [TEST_STEP][PASSED] - NamaPemesan = data.get("nama"): null

2023-10-05 15:10:39 - [TEST_STEP][PASSED] - click(findTestObject("Konfirmasi pesanan shop/Menu Shop")): Object: 'Object Repository/Konfirmasi pesanan shop/Menu Shop' is clicked on

2023-10-05 15:10:41 - [MESSAGE][PASSED] - Object: 'Object Repository/Konfirmasi pesanan shop/Menu Shop' is clicked on

2023-10-05 15:10:41 - [TEST_STEP][PASSED] - click(findTestObject("Konfirmasi pesanan shop/Menu Shop")): Object: 'Object Repository/Konfirmasi pesanan shop/Menu Shop' is clicked on

2023-10-05 15:10:41 - [MESSAGE][PASSED] - Object: 'Object Repository/Konfirmasi pesanan shop/Menu Shop' is clicked on

2023-10-05 15:10:41 - [TEST_STEP][PASSED] - click(findTestObject("Konfirmasi pesanan shop/Konfirmasi Orders")): Object: 'Object Repository/Konfirmasi pesanan shop/Konfirmasi Orders' is clicked on

2023-10-05 15:10:42 - [MESSAGE][PASSED] - Object: 'Object Repository/Konfirmasi pesanan shop/Konfirmasi Orders' is clicked on

2023-10-05 15:10:42 - [TEST_STEP][PASSED] - verifyElementPresent(findTestObject("Konfirmasi pesanan shop/Tittle Konfirmasi Pesanan"), 0): Object 'Object Repository/Konfirmasi pesanan shop/Tittle Konfirmasi Pesanan' is present

2023-10-05 15:10:42 - [MESSAGE][WARNING] - Timeout '0' is invalid. Using default page load timeout: '30'

2023-10-05 15:10:43 - [MESSAGE][PASSED] - Object 'Object Repository/Konfirmasi pesanan shop/Tittle Konfirmasi Pesanan' is present

2023-10-05 15:10:43 - [TEST_STEP][PASSED] - setText(findTestObject("Konfirmasi pesanan shop/input_No Pesanan"), inv): Text 'TRX60.20231005151027' is set on object 'Object Repository/Konfirmasi pesanan shop/input_No Pesanan'

2023-10-05 15:10:44 - [MESSAGE][PASSED] - Text 'TRX60.20231005151027' is set on object 'Object Repository/Konfirmasi pesanan shop/input_No Pesanan'

2023-10-05 15:10:44 - [TEST_STEP][PASSED] - setText(findTestObject("Konfirmasi pesanan shop/input_Alamat E-mai"), "irfan@gmail.com"): Text 'irfan@gmail.com' is set on object 'Object Repository/Konfirmasi pesanan shop/input_Alamat E-mai'

2023-10-05 15:10:44 - [MESSAGE][PASSED] - Text 'irfan@gmail.com' is set on object 'Object Repository/Konfirmasi pesanan shop/input_Alamat E-mai'

2023-10-05 15:10:44 - [TEST_STEP][PASSED] - click(findTestObject("Konfirmasi pesanan shop/button_Submit")): Object: 'Object Repository/Konfirmasi pesanan shop/button_Submit' is clicked on

2023-10-05 15:10:46 - [MESSAGE][PASSED] - Object: 'Object Repository/Konfirmasi pesanan shop/button_Submit' is clicked on

2023-10-05 15:10:46 - [TEST_STEP][PASSED] - verifyElementPresent(findTestObject("Konfirmasi pesanan shop/Tittle nomor invoice"), 0): Object 'Object Repository/Konfirmasi pesanan shop/Tittle nomor invoice' is present

2023-10-05 15:10:46 - [MESSAGE][WARNING] - Timeout '0' is invalid. Using default page load timeout: '30'

2023-10-05 15:10:46 - [MESSAGE][PASSED] - Object 'Object Repository/Konfirmasi pesanan shop/Tittle nomor invoice' is present

2023-10-05 15:10:46 - [TEST_STEP][PASSED] - setText(findTestObject("Konfirmasi pesanan shop/input_Total TagihanTransfer_b"), Total): Text '7,826' is set on object 'Object Repository/Konfirmasi pesanan shop/input_Total TagihanTransfer_b'

2023-10-05 15:10:47 - [MESSAGE][PASSED] - Text '7,826' is set on object 'Object Repository/Konfirmasi pesanan shop/input_Total TagihanTransfer_b'

2023-10-05 15:10:47 - [TEST_STEP][PASSED] - selectOptionByValue(findTestObject("Konfirmasi pesanan shop/select_Bank"), "4", false): All options with value '4' are selected in object 'Object Repository/Konfirmasi pesanan shop/select_Bank' 

2023-10-05 15:10:48 - [MESSAGE][PASSED] - All options with value '4' are selected in object 'Object Repository/Konfirmasi pesanan shop/select_Bank' 

2023-10-05 15:10:48 - [TEST_STEP][PASSED] - setText(findTestObject("Konfirmasi pesanan shop/input_Nama Pengirim_d"), NamaPemesan): Text 'irfan.afandi' is set on object 'Object Repository/Konfirmasi pesanan shop/input_Nama Pengirim_d'

2023-10-05 15:10:49 - [MESSAGE][PASSED] - Text 'irfan.afandi' is set on object 'Object Repository/Konfirmasi pesanan shop/input_Nama Pengirim_d'

2023-10-05 15:10:49 - [TEST_STEP][PASSED] - uploadFile(findTestObject("keranjang/konfirmasi/input_Upload Bukti Transfer_f"), "C:\Users\IRFAN\Downloads\Berkas2.pdf"): File 'C:\Users\IRFAN\Downloads\Berkas2.pdf' sent to object: 'Object Repository/keranjang/konfirmasi/input_Upload Bukti Transfer_f'

2023-10-05 15:10:49 - [MESSAGE][PASSED] - File 'C:\Users\IRFAN\Downloads\Berkas2.pdf' sent to object: 'Object Repository/keranjang/konfirmasi/input_Upload Bukti Transfer_f'

2023-10-05 15:10:49 - [TEST_STEP][PASSED] - click(findTestObject("Konfirmasi pesanan shop/button_Konfirmasi Pembayaran")): Object: 'Object Repository/Konfirmasi pesanan shop/button_Konfirmasi Pembayaran' is clicked on

2023-10-05 15:10:51 - [MESSAGE][PASSED] - Object: 'Object Repository/Konfirmasi pesanan shop/button_Konfirmasi Pembayaran' is clicked on

2023-10-05 15:10:51 - [TEST_STEP][PASSED] - verifyElementPresent(findTestObject("Konfirmasi pesanan shop/Tittle Konfirmasi Pesanan"), 0): Object 'Object Repository/Konfirmasi pesanan shop/Tittle Konfirmasi Pesanan' is present

2023-10-05 15:10:51 - [MESSAGE][WARNING] - Timeout '0' is invalid. Using default page load timeout: '30'

2023-10-05 15:10:51 - [MESSAGE][PASSED] - Object 'Object Repository/Konfirmasi pesanan shop/Tittle Konfirmasi Pesanan' is present

2023-10-05 15:10:51 - [TEST_STEP][PASSED] - verifyElementPresent(findTestObject("Konfirmasi pesanan shop/Tittle massage succes Konfirmasi Pembayaran Pesanan"), 0): Object 'Object Repository/Konfirmasi pesanan shop/Tittle massage succes Konfirmasi Pembayaran Pesanan' is present

2023-10-05 15:10:51 - [MESSAGE][WARNING] - Timeout '0' is invalid. Using default page load timeout: '30'

2023-10-05 15:10:52 - [MESSAGE][PASSED] - Object 'Object Repository/Konfirmasi pesanan shop/Tittle massage succes Konfirmasi Pembayaran Pesanan' is present

2023-10-05 15:10:52 - [TEST_STEP][PASSED] - return data: null

2023-10-05 15:10:52 - [MESSAGE][PASSED] - Call Test Case 'Test Cases/T13 Pembelian, Shipment dan Pembayaran/PBY-004' successfully

2023-10-05 15:10:52 - [TEST_STEP][PASSED] - navigateToUrl("https://10.9.2.63/ecommerce/administrator/"): Navigate to 'https://10.9.2.63/ecommerce/administrator/' successfully

2023-10-05 15:10:52 - [MESSAGE][PASSED] - Navigate to 'https://10.9.2.63/ecommerce/administrator/' successfully

2023-10-05 15:10:52 - [TEST_STEP][PASSED] - verifyElementPresent(findTestObject("admin/Tittle ADMIN Login"), 0): Object 'Object Repository/admin/Tittle ADMIN Login' is present

2023-10-05 15:10:52 - [MESSAGE][WARNING] - Timeout '0' is invalid. Using default page load timeout: '30'

2023-10-05 15:10:53 - [MESSAGE][PASSED] - Object 'Object Repository/admin/Tittle ADMIN Login' is present

2023-10-05 15:10:53 - [TEST_STEP][PASSED] - setText(findTestObject("admin/Username"), "admin"): Text 'admin' is set on object 'Object Repository/admin/Username'

2023-10-05 15:10:53 - [MESSAGE][PASSED] - Text 'admin' is set on object 'Object Repository/admin/Username'

2023-10-05 15:10:53 - [TEST_STEP][PASSED] - setText(findTestObject("admin/Password"), "123admin123"): Text '123admin123' is set on object 'Object Repository/admin/Password'

2023-10-05 15:10:54 - [MESSAGE][PASSED] - Text '123admin123' is set on object 'Object Repository/admin/Password'

2023-10-05 15:10:54 - [TEST_STEP][PASSED] - click(findTestObject("admin/Remember Me")): Object: 'Object Repository/admin/Remember Me' is clicked on

2023-10-05 15:10:55 - [MESSAGE][PASSED] - Object: 'Object Repository/admin/Remember Me' is clicked on

2023-10-05 15:10:55 - [TEST_STEP][PASSED] - delay(10): Delayed 10 second(s)

2023-10-05 15:11:05 - [MESSAGE][PASSED] - Delayed 10 second(s)

2023-10-05 15:11:05 - [TEST_STEP][PASSED] - click(findTestObject("admin/buttom submit")): Object: 'Object Repository/admin/buttom submit' is clicked on

2023-10-05 15:11:07 - [MESSAGE][PASSED] - Object: 'Object Repository/admin/buttom submit' is clicked on

2023-10-05 15:11:07 - [TEST_STEP][PASSED] - verifyElementPresent(findTestObject("admin/Konf order konsumen/Tittle Dashboard"), 0): Object 'Object Repository/admin/Konf order konsumen/Tittle Dashboard' is present

2023-10-05 15:11:07 - [MESSAGE][WARNING] - Timeout '0' is invalid. Using default page load timeout: '30'

2023-10-05 15:11:07 - [MESSAGE][PASSED] - Object 'Object Repository/admin/Konf order konsumen/Tittle Dashboard' is present

2023-10-05 15:11:07 - [TEST_STEP][PASSED] - click(findTestObject("admin/Konf order konsumen/Menu Transaksi Market")): Object: 'Object Repository/admin/Konf order konsumen/Menu Transaksi Market' is clicked on

2023-10-05 15:11:08 - [MESSAGE][PASSED] - Object: 'Object Repository/admin/Konf order konsumen/Menu Transaksi Market' is clicked on

2023-10-05 15:11:08 - [TEST_STEP][PASSED] - click(findTestObject("admin/Konf order konsumen/Menu Konf. Order Konsumen")): Object: 'Object Repository/admin/Konf order konsumen/Menu Konf. Order Konsumen' is clicked on

2023-10-05 15:11:09 - [MESSAGE][PASSED] - Object: 'Object Repository/admin/Konf order konsumen/Menu Konf. Order Konsumen' is clicked on

2023-10-05 15:11:09 - [TEST_STEP][PASSED] - verifyElementPresent(findTestObject("admin/Konf order konsumen/Tittle Data Konfirmasi Pembayaran Konsumen"), 0): Object 'Object Repository/admin/Konf order konsumen/Tittle Data Konfirmasi Pembayaran Konsumen' is present

2023-10-05 15:11:09 - [MESSAGE][WARNING] - Timeout '0' is invalid. Using default page load timeout: '30'

2023-10-05 15:11:10 - [MESSAGE][PASSED] - Object 'Object Repository/admin/Konf order konsumen/Tittle Data Konfirmasi Pembayaran Konsumen' is present

2023-10-05 15:11:10 - [TEST_STEP][PASSED] - inv = data.get("invoice"): null

2023-10-05 15:11:10 - [TEST_STEP][PASSED] - setText(findTestObject("admin/Konf order konsumen/Search"), inv): Text 'TRX60.20231005151027' is set on object 'Object Repository/admin/Konf order konsumen/Search'

2023-10-05 15:11:11 - [MESSAGE][PASSED] - Text 'TRX60.20231005151027' is set on object 'Object Repository/admin/Konf order konsumen/Search'

2023-10-05 15:11:11 - [TEST_STEP][PASSED] - verifyElementText(findTestObject("admin/Konf order konsumen/Keterangan Lunas"), "Lunas"): Actual text and expected text of test object 'Object Repository/admin/Konf order konsumen/Keterangan Lunas' are matched.

2023-10-05 15:11:11 - [MESSAGE][PASSED] - Actual text and expected text of test object 'Object Repository/admin/Konf order konsumen/Keterangan Lunas' are matched.

2023-10-05 15:11:11 - [TEST_STEP][PASSED] - return data: null

2023-10-05 15:11:11 - [MESSAGE][PASSED] - Call Test Case 'Test Cases/T13 Pembelian, Shipment dan Pembayaran/PBYA-001' successfully

2023-10-05 15:11:11 - [TEST_STEP][PASSED] - click(findTestObject("admin/Penjualan ke konsumen/buttom Dashboard")): Object: 'Object Repository/admin/Penjualan ke konsumen/buttom Dashboard' is clicked on

2023-10-05 15:11:12 - [MESSAGE][PASSED] - Object: 'Object Repository/admin/Penjualan ke konsumen/buttom Dashboard' is clicked on

2023-10-05 15:11:12 - [TEST_STEP][PASSED] - click(findTestObject("admin/Konf order konsumen/Menu Transaksi Market")): Object: 'Object Repository/admin/Konf order konsumen/Menu Transaksi Market' is clicked on

2023-10-05 15:11:12 - [MESSAGE][PASSED] - Object: 'Object Repository/admin/Konf order konsumen/Menu Transaksi Market' is clicked on

2023-10-05 15:11:12 - [TEST_STEP][PASSED] - click(findTestObject("admin/Penjualan ke konsumen/a_Penjualan ke Konsumen")): Object: 'Object Repository/admin/Penjualan ke konsumen/a_Penjualan ke Konsumen' is clicked on

2023-10-05 15:11:16 - [MESSAGE][PASSED] - Object: 'Object Repository/admin/Penjualan ke konsumen/a_Penjualan ke Konsumen' is clicked on

2023-10-05 15:11:16 - [TEST_STEP][PASSED] - verifyElementPresent(findTestObject("admin/Tittle Data Transaksi Penjualan  Orderan Konsumen"), 0): Object 'Object Repository/admin/Tittle Data Transaksi Penjualan  Orderan Konsumen' is present

2023-10-05 15:11:16 - [MESSAGE][WARNING] - Timeout '0' is invalid. Using default page load timeout: '30'

2023-10-05 15:11:16 - [MESSAGE][PASSED] - Object 'Object Repository/admin/Tittle Data Transaksi Penjualan  Orderan Konsumen' is present

2023-10-05 15:11:16 - [TEST_STEP][PASSED] - return data: null

2023-10-05 15:11:16 - [MESSAGE][PASSED] - Call Test Case 'Test Cases/T13 Pembelian, Shipment dan Pembayaran/SA-001' successfully

2023-10-05 15:11:16 - [TEST_STEP][PASSED] - inv = data.get("invoice"): null

2023-10-05 15:11:16 - [TEST_STEP][PASSED] - setText(findTestObject("admin/Penjualan ke konsumen/Search"), inv): Text 'TRX60.20231005151027' is set on object 'Object Repository/admin/Penjualan ke konsumen/Search'

2023-10-05 15:11:17 - [MESSAGE][PASSED] - Text 'TRX60.20231005151027' is set on object 'Object Repository/admin/Penjualan ke konsumen/Search'

2023-10-05 15:11:17 - [TEST_STEP][PASSED] - click(findTestObject("admin/Penjualan ke konsumen/buttom konfirmasi pending payment"), CONTINUE_ON_FAILURE): Object: 'Object Repository/admin/Penjualan ke konsumen/buttom konfirmasi pending payment' is clicked on

2023-10-05 15:11:18 - [MESSAGE][PASSED] - Object: 'Object Repository/admin/Penjualan ke konsumen/buttom konfirmasi pending payment' is clicked on

2023-10-05 15:11:18 - [TEST_STEP][PASSED] - waitForAlert(5, OPTIONAL): Alert is present after 5 second(s).

2023-10-05 15:11:18 - [MESSAGE][PASSED] - Alert is present after 5 second(s).

2023-10-05 15:11:18 - [TEST_STEP][PASSED] - acceptAlert(): Alert accepted

2023-10-05 15:11:18 - [MESSAGE][PASSED] - Alert accepted

2023-10-05 15:11:18 - [TEST_STEP][PASSED] - setText(findTestObject("admin/Penjualan ke konsumen/Search"), inv): Text 'TRX60.20231005151027' is set on object 'Object Repository/admin/Penjualan ke konsumen/Search'

2023-10-05 15:11:27 - [MESSAGE][PASSED] - Text 'TRX60.20231005151027' is set on object 'Object Repository/admin/Penjualan ke konsumen/Search'

2023-10-05 15:11:27 - [TEST_STEP][PASSED] - verifyTextNotPresent("pending payment", false): Text 'pending payment' is not present on page

2023-10-05 15:11:28 - [MESSAGE][PASSED] - Text 'pending payment' is not present on page

2023-10-05 15:11:28 - [TEST_STEP][PASSED] - return data: null

2023-10-05 15:11:28 - [MESSAGE][PASSED] - Call Test Case 'Test Cases/T13 Pembelian, Shipment dan Pembayaran/SA-002' successfully

2023-10-05 15:11:28 - [TEST_STEP][PASSED] - click(findTestObject("admin/Penjualan ke konsumen/buttom scroldown")): Object: 'Object Repository/admin/Penjualan ke konsumen/buttom scroldown' is clicked on

2023-10-05 15:11:28 - [MESSAGE][PASSED] - Object: 'Object Repository/admin/Penjualan ke konsumen/buttom scroldown' is clicked on

2023-10-05 15:11:28 - [TEST_STEP][PASSED] - click(findTestObject("admin/Penjualan ke konsumen/Selesai"), CONTINUE_ON_FAILURE): Object: 'Object Repository/admin/Penjualan ke konsumen/Selesai' is clicked on

2023-10-05 15:11:29 - [MESSAGE][PASSED] - Object: 'Object Repository/admin/Penjualan ke konsumen/Selesai' is clicked on

2023-10-05 15:11:29 - [TEST_STEP][PASSED] - waitForAlert(5, OPTIONAL): Alert is present after 5 second(s).

2023-10-05 15:11:29 - [MESSAGE][PASSED] - Alert is present after 5 second(s).

2023-10-05 15:11:29 - [TEST_STEP][PASSED] - acceptAlert(): Alert accepted

2023-10-05 15:11:29 - [MESSAGE][PASSED] - Alert accepted

2023-10-05 15:11:29 - [TEST_STEP][PASSED] - inv = data.get("invoice"): null

2023-10-05 15:11:29 - [TEST_STEP][PASSED] - setText(findTestObject("admin/Penjualan ke konsumen/Search"), inv): Text 'TRX60.20231005151027' is set on object 'Object Repository/admin/Penjualan ke konsumen/Search'

2023-10-05 15:11:33 - [MESSAGE][PASSED] - Text 'TRX60.20231005151027' is set on object 'Object Repository/admin/Penjualan ke konsumen/Search'

2023-10-05 15:11:33 - [TEST_STEP][PASSED] - verifyTextPresent("Selesai", false): Text 'Selesai' is present on page 

2023-10-05 15:11:34 - [MESSAGE][PASSED] - Text 'Selesai' is present on page 

2023-10-05 15:11:34 - [TEST_STEP][PASSED] - selesaiAdmin = getText(findTestObject("admin/Selesai")): Text of object 'Object Repository/admin/Selesai' is: 'Selesai'

2023-10-05 15:11:34 - [MESSAGE][PASSED] - Text of object 'Object Repository/admin/Selesai' is: 'Selesai'

2023-10-05 15:11:34 - [TEST_STEP][PASSED] - data.put("statusSelesai", selesaiAdmin): null

2023-10-05 15:11:34 - [TEST_STEP][PASSED] - return data: null]]></system-out>
         <system-err><![CDATA[]]></system-err>
      </testcase>
      <testcase name="Test Cases/T13 Pembelian, Shipment dan Pembayaran/SA-006" time="117.055" classname="Test Cases/T13 Pembelian, Shipment dan Pembayaran/SA-006" status="PASSED">
         <system-out><![CDATA[2023-10-05 15:11:34 - [TEST_CASE][PASSED] - Test Cases/T13 Pembelian, Shipment dan Pembayaran/SA-006: Test Cases/T13 Pembelian, Shipment dan Pembayaran/SA-006

2023-10-05 15:11:34 - [TEST_STEP][PASSED] - data = callTestCase(findTestCase("T13 Pembelian, Shipment dan Pembayaran/SA-002"), [:], STOP_ON_FAILURE): Call Test Case 'Test Cases/T13 Pembelian, Shipment dan Pembayaran/SA-002' successfully

2023-10-05 15:11:34 - [TEST_CASE][PASSED] - Test Cases/T13 Pembelian, Shipment dan Pembayaran/SA-002: Test Cases/T13 Pembelian, Shipment dan Pembayaran/SA-002

2023-10-05 15:11:34 - [TEST_STEP][PASSED] - data = callTestCase(findTestCase("T13 Pembelian, Shipment dan Pembayaran/SA-001"), [:], STOP_ON_FAILURE): Call Test Case 'Test Cases/T13 Pembelian, Shipment dan Pembayaran/SA-001' successfully

2023-10-05 15:11:35 - [TEST_CASE][PASSED] - Test Cases/T13 Pembelian, Shipment dan Pembayaran/SA-001: Test Cases/T13 Pembelian, Shipment dan Pembayaran/SA-001

2023-10-05 15:11:35 - [TEST_STEP][PASSED] - data = callTestCase(findTestCase("T13 Pembelian, Shipment dan Pembayaran/PBYA-001"), [:], STOP_ON_FAILURE): Call Test Case 'Test Cases/T13 Pembelian, Shipment dan Pembayaran/PBYA-001' successfully

2023-10-05 15:11:35 - [TEST_CASE][PASSED] - Test Cases/T13 Pembelian, Shipment dan Pembayaran/PBYA-001: Test Cases/T13 Pembelian, Shipment dan Pembayaran/PBYA-001

2023-10-05 15:11:35 - [TEST_STEP][PASSED] - data = callTestCase(findTestCase("T13 Pembelian, Shipment dan Pembayaran/PBY-004"), [:], STOP_ON_FAILURE): Call Test Case 'Test Cases/T13 Pembelian, Shipment dan Pembayaran/PBY-004' successfully

2023-10-05 15:11:35 - [TEST_CASE][PASSED] - Test Cases/T13 Pembelian, Shipment dan Pembayaran/PBY-004: Test Cases/T13 Pembelian, Shipment dan Pembayaran/PBY-004

2023-10-05 15:11:35 - [TEST_STEP][PASSED] - data = callTestCase(findTestCase("T13 Pembelian, Shipment dan Pembayaran/PBY-001"), [:], STOP_ON_FAILURE): Call Test Case 'Test Cases/T13 Pembelian, Shipment dan Pembayaran/PBY-001' successfully

2023-10-05 15:11:35 - [TEST_CASE][PASSED] - Test Cases/T13 Pembelian, Shipment dan Pembayaran/PBY-001: Test Cases/T13 Pembelian, Shipment dan Pembayaran/PBY-001

2023-10-05 15:11:35 - [TEST_STEP][PASSED] - data = callTestCase(findTestCase("T13 Pembelian, Shipment dan Pembayaran/PBL-004"), ["Kurir":"Roda 2"], STOP_ON_FAILURE): Call Test Case 'Test Cases/T13 Pembelian, Shipment dan Pembayaran/PBL-004' successfully

2023-10-05 15:11:35 - [TEST_CASE][PASSED] - Test Cases/T13 Pembelian, Shipment dan Pembayaran/PBL-004: Test Cases/T13 Pembelian, Shipment dan Pembayaran/PBL-004

2023-10-05 15:11:35 - [TEST_STEP][PASSED] - data = callTestCase(findTestCase("T13 Pembelian, Shipment dan Pembayaran/PBL-002"), [:], STOP_ON_FAILURE): Call Test Case 'Test Cases/T13 Pembelian, Shipment dan Pembayaran/PBL-002' successfully

2023-10-05 15:11:35 - [TEST_CASE][PASSED] - Test Cases/T13 Pembelian, Shipment dan Pembayaran/PBL-002: Test Cases/T13 Pembelian, Shipment dan Pembayaran/PBL-002

2023-10-05 15:11:35 - [TEST_STEP][PASSED] - data = callTestCase(findTestCase("T13 Pembelian, Shipment dan Pembayaran/PBL-001"), [:], STOP_ON_FAILURE): Call Test Case 'Test Cases/T13 Pembelian, Shipment dan Pembayaran/PBL-001' successfully

2023-10-05 15:11:35 - [TEST_CASE][PASSED] - Test Cases/T13 Pembelian, Shipment dan Pembayaran/PBL-001: Test Cases/T13 Pembelian, Shipment dan Pembayaran/PBL-001

2023-10-05 15:11:35 - [TEST_STEP][PASSED] - callTestCase(findTestCase("T13 Pembelian, Shipment dan Pembayaran/LU-001"), ["username":"irfanafandi", "password":"12345irfan"], STOP_ON_FAILURE): Call Test Case 'Test Cases/T13 Pembelian, Shipment dan Pembayaran/LU-001' successfully

2023-10-05 15:11:35 - [TEST_CASE][PASSED] - Test Cases/T13 Pembelian, Shipment dan Pembayaran/LU-001: Test Cases/T13 Pembelian, Shipment dan Pembayaran/LU-001

2023-10-05 15:11:35 - [TEST_STEP][PASSED] - openBrowser("https://10.9.2.63/ecommerce/"): Browser is opened with url: 'https://10.9.2.63/ecommerce/'

2023-10-05 15:11:35 - [MESSAGE][WARNING] - A browser is already opened. Closing browser and opening a new one

2023-10-05 15:11:36 - [MESSAGE][INFO] - Starting 'Edge Chromium' driver

2023-10-05 15:11:36 - [MESSAGE][INFO] - User set preference: ['acceptInsecureCerts', 'true']

2023-10-05 15:11:38 - [MESSAGE][INFO] - Action delay is set to 0 milliseconds

2023-10-05 15:11:41 - [MESSAGE][PASSED] - Browser is opened with url: 'https://10.9.2.63/ecommerce/'

2023-10-05 15:11:41 - [TEST_STEP][PASSED] - maximizeWindow(): Current window maximized

2023-10-05 15:11:41 - [MESSAGE][PASSED] - Current window maximized

2023-10-05 15:11:41 - [TEST_STEP][PASSED] - verifyElementPresent(findTestObject("Login/Home"), 0): Object 'Object Repository/Login/Home' is present

2023-10-05 15:11:41 - [MESSAGE][WARNING] - Timeout '0' is invalid. Using default page load timeout: '30'

2023-10-05 15:11:42 - [MESSAGE][PASSED] - Object 'Object Repository/Login/Home' is present

2023-10-05 15:11:42 - [TEST_STEP][PASSED] - click(findTestObject("Login/a_Login")): Object: 'Object Repository/Login/a_Login' is clicked on

2023-10-05 15:11:43 - [MESSAGE][PASSED] - Object: 'Object Repository/Login/a_Login' is clicked on

2023-10-05 15:11:43 - [TEST_STEP][PASSED] - verifyElementPresent(findTestObject("Login/Tittle Login"), 0): Object 'Object Repository/Login/Tittle Login' is present

2023-10-05 15:11:43 - [MESSAGE][WARNING] - Timeout '0' is invalid. Using default page load timeout: '30'

2023-10-05 15:11:43 - [MESSAGE][PASSED] - Object 'Object Repository/Login/Tittle Login' is present

2023-10-05 15:11:43 - [TEST_STEP][PASSED] - setText(findTestObject("Login/input_Username, Email atau No. Handphone_a"), username): Text 'irfanafandi' is set on object 'Object Repository/Login/input_Username, Email atau No. Handphone_a'

2023-10-05 15:11:44 - [MESSAGE][PASSED] - Text 'irfanafandi' is set on object 'Object Repository/Login/input_Username, Email atau No. Handphone_a'

2023-10-05 15:11:44 - [TEST_STEP][PASSED] - setText(findTestObject("Login/input_Password_b"), password): Text '12345irfan' is set on object 'Object Repository/Login/input_Password_b'

2023-10-05 15:11:45 - [MESSAGE][PASSED] - Text '12345irfan' is set on object 'Object Repository/Login/input_Password_b'

2023-10-05 15:11:45 - [TEST_STEP][PASSED] - click(findTestObject("Login/label_Ingat saya")): Object: 'Object Repository/Login/label_Ingat saya' is clicked on

2023-10-05 15:11:45 - [MESSAGE][PASSED] - Object: 'Object Repository/Login/label_Ingat saya' is clicked on

2023-10-05 15:11:45 - [TEST_STEP][PASSED] - click(findTestObject("Login/button_Masuk")): Object: 'Object Repository/Login/button_Masuk' is clicked on

2023-10-05 15:11:47 - [MESSAGE][PASSED] - Object: 'Object Repository/Login/button_Masuk' is clicked on

2023-10-05 15:11:47 - [TEST_STEP][PASSED] - verifyElementPresent(findTestObject("Login/li_Profile"), 0): Object 'Object Repository/Login/li_Profile' is present

2023-10-05 15:11:47 - [MESSAGE][WARNING] - Timeout '0' is invalid. Using default page load timeout: '30'

2023-10-05 15:11:48 - [MESSAGE][PASSED] - Object 'Object Repository/Login/li_Profile' is present

2023-10-05 15:11:48 - [MESSAGE][PASSED] - Call Test Case 'Test Cases/T13 Pembelian, Shipment dan Pembayaran/LU-001' successfully

2023-10-05 15:11:48 - [TEST_STEP][PASSED] - mouseOver(findTestObject("beli barang/i_Mulai Belanja_icon-menu")): Object: 'Object Repository/beli barang/i_Mulai Belanja_icon-menu' is hovered

2023-10-05 15:11:48 - [MESSAGE][PASSED] - Object: 'Object Repository/beli barang/i_Mulai Belanja_icon-menu' is hovered

2023-10-05 15:11:48 - [TEST_STEP][PASSED] - click(findTestObject("beli barang/a_Fashion  Busana Wanita")): Object: 'Object Repository/beli barang/a_Fashion  Busana Wanita' is clicked on

2023-10-05 15:11:49 - [MESSAGE][PASSED] - Object: 'Object Repository/beli barang/a_Fashion  Busana Wanita' is clicked on

2023-10-05 15:11:49 - [TEST_STEP][PASSED] - NamaSebelum = getText(findTestObject("verifikasi/Nama sebelum")): Text of object 'Object Repository/verifikasi/Nama sebelum' is: ''

2023-10-05 15:11:50 - [MESSAGE][PASSED] - Text of object 'Object Repository/verifikasi/Nama sebelum' is: ''

2023-10-05 15:11:50 - [TEST_STEP][PASSED] - HargaSebelum = getText(findTestObject("verifikasi/Harga sebelum")): Text of object 'Object Repository/verifikasi/Harga sebelum' is: 'Rp 1,299'

2023-10-05 15:11:50 - [MESSAGE][PASSED] - Text of object 'Object Repository/verifikasi/Harga sebelum' is: 'Rp 1,299'

2023-10-05 15:11:50 - [TEST_STEP][PASSED] - mouseOver(findTestObject("beli barang/barang mouse over")): Object: 'Object Repository/beli barang/barang mouse over' is hovered

2023-10-05 15:11:51 - [MESSAGE][PASSED] - Object: 'Object Repository/beli barang/barang mouse over' is hovered

2023-10-05 15:11:51 - [TEST_STEP][PASSED] - click(findTestObject("beli barang/buttom add to cart")): Object: 'Object Repository/beli barang/buttom add to cart' is clicked on

2023-10-05 15:11:52 - [MESSAGE][PASSED] - Object: 'Object Repository/beli barang/buttom add to cart' is clicked on

2023-10-05 15:11:52 - [TEST_STEP][PASSED] - NamaSesudah = getText(findTestObject("verifikasi/Nama sesudah")): Text of object 'Object Repository/verifikasi/Nama sesudah' is: 'Segitiga Instan Madeira - MDB5.3 Sunset'

2023-10-05 15:11:53 - [MESSAGE][PASSED] - Text of object 'Object Repository/verifikasi/Nama sesudah' is: 'Segitiga Instan Madeira - MDB5.3 Sunset'

2023-10-05 15:11:53 - [TEST_STEP][PASSED] - HargaSesudah = getText(findTestObject("verifikasi/Harga sesudah")): Text of object 'Object Repository/verifikasi/Harga sesudah' is: 'Rp 1,299'

2023-10-05 15:11:53 - [MESSAGE][PASSED] - Text of object 'Object Repository/verifikasi/Harga sesudah' is: 'Rp 1,299'

2023-10-05 15:11:53 - [TEST_STEP][PASSED] - assert NamaSesudah.contains(NamaSebelum): null

2023-10-05 15:11:53 - [TEST_STEP][PASSED] - assert HargaSesudah.contains(HargaSebelum): null

2023-10-05 15:11:53 - [TEST_STEP][PASSED] - click(findTestObject("beli barang/Tambah Keranjang busana wanita")): Object: 'Object Repository/beli barang/Tambah Keranjang busana wanita' is clicked on

2023-10-05 15:11:54 - [MESSAGE][PASSED] - Object: 'Object Repository/beli barang/Tambah Keranjang busana wanita' is clicked on

2023-10-05 15:11:54 - [TEST_STEP][PASSED] - verifyElementPresent(findTestObject("checkout/Notifikasi keranjang"), 1): Object 'Object Repository/checkout/Notifikasi keranjang' is present

2023-10-05 15:11:55 - [MESSAGE][PASSED] - Object 'Object Repository/checkout/Notifikasi keranjang' is present

2023-10-05 15:11:55 - [TEST_STEP][PASSED] - data = new java.util.HashMap(): null

2023-10-05 15:11:55 - [TEST_STEP][PASSED] - data.put("nama_barang", NamaSesudah): null

2023-10-05 15:11:55 - [TEST_STEP][PASSED] - data.put("price_barang", HargaSesudah): null

2023-10-05 15:11:55 - [TEST_STEP][PASSED] - return data: null

2023-10-05 15:11:55 - [MESSAGE][PASSED] - Call Test Case 'Test Cases/T13 Pembelian, Shipment dan Pembayaran/PBL-001' successfully

2023-10-05 15:11:55 - [TEST_STEP][PASSED] - mouseOver(findTestObject("beli barang/keranjang")): Object: 'Object Repository/beli barang/keranjang' is hovered

2023-10-05 15:11:55 - [MESSAGE][PASSED] - Object: 'Object Repository/beli barang/keranjang' is hovered

2023-10-05 15:11:55 - [TEST_STEP][PASSED] - click(findTestObject("beli barang/Lihat Sekarang")): Object: 'Object Repository/beli barang/Lihat Sekarang' is clicked on

2023-10-05 15:11:56 - [MESSAGE][PASSED] - Object: 'Object Repository/beli barang/Lihat Sekarang' is clicked on

2023-10-05 15:11:56 - [TEST_STEP][PASSED] - verifyElementPresent(findTestObject("keranjang/li_Keranjang Belanja"), 0): Object 'Object Repository/keranjang/li_Keranjang Belanja' is present

2023-10-05 15:11:57 - [MESSAGE][WARNING] - Timeout '0' is invalid. Using default page load timeout: '30'

2023-10-05 15:11:58 - [MESSAGE][PASSED] - Object 'Object Repository/keranjang/li_Keranjang Belanja' is present

2023-10-05 15:11:58 - [TEST_STEP][PASSED] - NamaKeranjang = getText(findTestObject("verifikasi/Nama keranjang")): Text of object 'Object Repository/verifikasi/Nama keranjang' is: 'Segitiga Instan Madeira - MDB5.3 Sunset'

2023-10-05 15:11:58 - [MESSAGE][PASSED] - Text of object 'Object Repository/verifikasi/Nama keranjang' is: 'Segitiga Instan Madeira - MDB5.3 Sunset'

2023-10-05 15:11:58 - [TEST_STEP][PASSED] - HargaKeranjang = getText(findTestObject("verifikasi/Harga Keranjang")): Text of object 'Object Repository/verifikasi/Harga Keranjang' is: 'Rp 1,299'

2023-10-05 15:11:58 - [MESSAGE][PASSED] - Text of object 'Object Repository/verifikasi/Harga Keranjang' is: 'Rp 1,299'

2023-10-05 15:11:58 - [TEST_STEP][PASSED] - if (toString().equalsIgnoreCase("Merah")): Object 'Object Repository/keranjang/input_Warna_variasi101' is checked

2023-10-05 15:11:58 - [TEST_STEP][PASSED] - check(findTestObject("Object Repository/keranjang/input_Warna_variasi101")): Object 'Object Repository/keranjang/input_Warna_variasi101' is checked

2023-10-05 15:11:59 - [MESSAGE][PASSED] - Object 'Object Repository/keranjang/input_Warna_variasi101' is checked

2023-10-05 15:11:59 - [TEST_STEP][PASSED] - if (toString().equalsIgnoreCase("Menengah")): Object 'Object Repository/keranjang/input_Ukuran_variasi201' is checked

2023-10-05 15:11:59 - [TEST_STEP][PASSED] - check(findTestObject("Object Repository/keranjang/input_Ukuran_variasi201")): Object 'Object Repository/keranjang/input_Ukuran_variasi201' is checked

2023-10-05 15:11:59 - [MESSAGE][PASSED] - Object 'Object Repository/keranjang/input_Ukuran_variasi201' is checked

2023-10-05 15:11:59 - [TEST_STEP][PASSED] - data.put("Warna", warna): null

2023-10-05 15:11:59 - [TEST_STEP][PASSED] - data.put("Ukuran", ukuran): null

2023-10-05 15:11:59 - [TEST_STEP][PASSED] - click(findTestObject("keranjang/button_Lanjut ke Pembayaran")): Object: 'Object Repository/keranjang/button_Lanjut ke Pembayaran' is clicked on

2023-10-05 15:12:01 - [MESSAGE][PASSED] - Object: 'Object Repository/keranjang/button_Lanjut ke Pembayaran' is clicked on

2023-10-05 15:12:01 - [TEST_STEP][PASSED] - verifyElementPresent(findTestObject("checkout/Tittle Checkout Order"), 0): Object 'Object Repository/checkout/Tittle Checkout Order' is present

2023-10-05 15:12:01 - [MESSAGE][WARNING] - Timeout '0' is invalid. Using default page load timeout: '30'

2023-10-05 15:12:02 - [MESSAGE][PASSED] - Object 'Object Repository/checkout/Tittle Checkout Order' is present

2023-10-05 15:12:02 - [TEST_STEP][PASSED] - name_product = data.get("nama_barang"): null

2023-10-05 15:12:02 - [TEST_STEP][PASSED] - price_product = data.get("price_barang"): null

2023-10-05 15:12:02 - [TEST_STEP][PASSED] - assert name_product == NamaKeranjang: null

2023-10-05 15:12:02 - [TEST_STEP][PASSED] - assert price_product == HargaKeranjang: null

2023-10-05 15:12:02 - [TEST_STEP][PASSED] - return data: null

2023-10-05 15:12:02 - [MESSAGE][PASSED] - Call Test Case 'Test Cases/T13 Pembelian, Shipment dan Pembayaran/PBL-002' successfully

2023-10-05 15:12:02 - [TEST_STEP][PASSED] - warnaa = getText(findTestObject("verifikasi/warna Merah")): Text of object 'Object Repository/verifikasi/warna Merah' is: 'Merah'

2023-10-05 15:12:02 - [MESSAGE][PASSED] - Text of object 'Object Repository/verifikasi/warna Merah' is: 'Merah'

2023-10-05 15:12:02 - [TEST_STEP][PASSED] - ukurann = getText(findTestObject("verifikasi/Ukuran Menengah")): Text of object 'Object Repository/verifikasi/Ukuran Menengah' is: 'Menengah'

2023-10-05 15:12:03 - [MESSAGE][PASSED] - Text of object 'Object Repository/verifikasi/Ukuran Menengah' is: 'Menengah'

2023-10-05 15:12:03 - [TEST_STEP][PASSED] - warna1 = data.get("Warna"): null

2023-10-05 15:12:03 - [TEST_STEP][PASSED] - ukuran1 = data.get("Ukuran"): null

2023-10-05 15:12:03 - [TEST_STEP][PASSED] - assert warnaa == warna1: null

2023-10-05 15:12:03 - [TEST_STEP][PASSED] - assert ukurann == ukuran1: null

2023-10-05 15:12:03 - [TEST_STEP][PASSED] - NamaCheckout = getText(findTestObject("verifikasi/NamaCheckout")): Text of object 'Object Repository/verifikasi/NamaCheckout' is: ''

2023-10-05 15:12:03 - [MESSAGE][PASSED] - Text of object 'Object Repository/verifikasi/NamaCheckout' is: ''

2023-10-05 15:12:03 - [TEST_STEP][PASSED] - HargaCheckout = getText(findTestObject("verifikasi/HargaCheckout")): Text of object 'Object Repository/verifikasi/HargaCheckout' is: '1,299'

2023-10-05 15:12:03 - [MESSAGE][PASSED] - Text of object 'Object Repository/verifikasi/HargaCheckout' is: '1,299'

2023-10-05 15:12:03 - [TEST_STEP][PASSED] - name_product = data.get("nama_barang"): null

2023-10-05 15:12:03 - [TEST_STEP][PASSED] - price_product = data.get("price_barang"): null

2023-10-05 15:12:03 - [TEST_STEP][PASSED] - assert name_product.contains(NamaCheckout): null

2023-10-05 15:12:03 - [TEST_STEP][PASSED] - assert price_product.contains(HargaCheckout): null

2023-10-05 15:12:03 - [TEST_STEP][PASSED] - selectOptionByLabel(findTestObject("checkout/select - Kirim via Kurir Lokal"), Kurir, false): All options with label 'Roda 2' are selected in object 'Object Repository/checkout/select - Kirim via Kurir Lokal' 

2023-10-05 15:12:04 - [MESSAGE][PASSED] - All options with label 'Roda 2' are selected in object 'Object Repository/checkout/select - Kirim via Kurir Lokal' 

2023-10-05 15:12:04 - [TEST_STEP][PASSED] - click(findTestObject("checkout/Kendaraan Kurir")): Object: 'Object Repository/checkout/Kendaraan Kurir' is clicked on

2023-10-05 15:12:05 - [MESSAGE][PASSED] - Object: 'Object Repository/checkout/Kendaraan Kurir' is clicked on

2023-10-05 15:12:05 - [TEST_STEP][PASSED] - OngkosKirim = getText(findTestObject("Object Repository/verifikasi/Ongkos Kirim checkout")): Text of object 'Object Repository/verifikasi/Ongkos Kirim checkout' is: 'Rp. 5,000'

2023-10-05 15:12:05 - [MESSAGE][PASSED] - Text of object 'Object Repository/verifikasi/Ongkos Kirim checkout' is: 'Rp. 5,000'

2023-10-05 15:12:05 - [TEST_STEP][PASSED] - Ongkos = OngkosKirim.substring(3, OngkosKirim.size()): null

2023-10-05 15:12:05 - [TEST_STEP][PASSED] - rep = Ongkos.replace(",", "."): null

2023-10-05 15:12:05 - [TEST_STEP][PASSED] - Ongkos_kirim = Double.parseDouble(rep): null

2023-10-05 15:12:05 - [TEST_STEP][PASSED] - println(Ongkos_kirim): null

2023-10-05 15:12:05 - [TEST_STEP][PASSED] - FeeAdmin = getText(findTestObject("verifikasi/Fee Admin checkout")): Text of object 'Object Repository/verifikasi/Fee Admin checkout' is: 'Fee Admin
Rp 1,500'

2023-10-05 15:12:06 - [MESSAGE][PASSED] - Text of object 'Object Repository/verifikasi/Fee Admin checkout' is: 'Fee Admin
Rp 1,500'

2023-10-05 15:12:06 - [TEST_STEP][PASSED] - Fee_Admin = FeeAdmin.substring(12, FeeAdmin.size()): null

2023-10-05 15:12:06 - [TEST_STEP][PASSED] - fee = Fee_Admin.replace(",", "."): null

2023-10-05 15:12:06 - [TEST_STEP][PASSED] - fee_admin = Double.parseDouble(fee): null

2023-10-05 15:12:06 - [TEST_STEP][PASSED] - println(fee_admin): null

2023-10-05 15:12:06 - [TEST_STEP][PASSED] - Subtotal = getText(findTestObject("verifikasi/subtotal checkout")): Text of object 'Object Repository/verifikasi/subtotal checkout' is: 'Subtotal
Rp 1,299'

2023-10-05 15:12:06 - [MESSAGE][PASSED] - Text of object 'Object Repository/verifikasi/subtotal checkout' is: 'Subtotal
Rp 1,299'

2023-10-05 15:12:06 - [TEST_STEP][PASSED] - sub_total = Subtotal.substring(12, Subtotal.size()): null

2023-10-05 15:12:06 - [TEST_STEP][PASSED] - sub = sub_total.replace(",", "."): null

2023-10-05 15:12:06 - [TEST_STEP][PASSED] - sub_total = Double.parseDouble(sub): null

2023-10-05 15:12:06 - [TEST_STEP][PASSED] - println(sub_total): null

2023-10-05 15:12:06 - [TEST_STEP][PASSED] - Total = getText(findTestObject("verifikasi/Total checkout")): Text of object 'Object Repository/verifikasi/Total checkout' is: 'Rp 7,799'

2023-10-05 15:12:07 - [MESSAGE][PASSED] - Text of object 'Object Repository/verifikasi/Total checkout' is: 'Rp 7,799'

2023-10-05 15:12:07 - [TEST_STEP][PASSED] - totall = Total.substring(3, Total.size()): null

2023-10-05 15:12:07 - [TEST_STEP][PASSED] - total = totall.replace(",", "."): null

2023-10-05 15:12:07 - [TEST_STEP][PASSED] - totall = Double.parseDouble(total): null

2023-10-05 15:12:07 - [TEST_STEP][PASSED] - println(totall): null

2023-10-05 15:12:07 - [TEST_STEP][PASSED] - Total_Harga = Ongkos_kirim + fee_admin + sub_total: null

2023-10-05 15:12:07 - [TEST_STEP][PASSED] - println(Total_Harga): null

2023-10-05 15:12:07 - [TEST_STEP][PASSED] - TotalHarga = Math.round(Total_Harga * 1000) / 1000: null

2023-10-05 15:12:07 - [TEST_STEP][PASSED] - println(TotalHarga): null

2023-10-05 15:12:07 - [TEST_STEP][PASSED] - assert totall == TotalHarga: null

2023-10-05 15:12:07 - [TEST_STEP][PASSED] - click(findTestObject("verifikasi/Metode Transfer")): Object: 'Object Repository/verifikasi/Metode Transfer' is clicked on

2023-10-05 15:12:07 - [MESSAGE][PASSED] - Object: 'Object Repository/verifikasi/Metode Transfer' is clicked on

2023-10-05 15:12:07 - [TEST_STEP][PASSED] - click(findTestObject("checkout/button_Proses Pembayaran")): Object: 'Object Repository/checkout/button_Proses Pembayaran' is clicked on

2023-10-05 15:12:16 - [MESSAGE][PASSED] - Object: 'Object Repository/checkout/button_Proses Pembayaran' is clicked on

2023-10-05 15:12:16 - [TEST_STEP][PASSED] - verifyElementPresent(findTestObject("pembayaran/Tittle nomor invoice"), 0): Object 'Object Repository/pembayaran/Tittle nomor invoice' is present

2023-10-05 15:12:16 - [MESSAGE][WARNING] - Timeout '0' is invalid. Using default page load timeout: '30'

2023-10-05 15:12:17 - [MESSAGE][PASSED] - Object 'Object Repository/pembayaran/Tittle nomor invoice' is present

2023-10-05 15:12:17 - [TEST_STEP][PASSED] - return data: null

2023-10-05 15:12:17 - [MESSAGE][PASSED] - Call Test Case 'Test Cases/T13 Pembelian, Shipment dan Pembayaran/PBL-004' successfully

2023-10-05 15:12:17 - [TEST_STEP][PASSED] - Invoice = getText(findTestObject("pembayaran/nomor invoice")): Text of object 'Object Repository/pembayaran/nomor invoice' is: 'TRX60.20231005151212'

2023-10-05 15:12:17 - [MESSAGE][PASSED] - Text of object 'Object Repository/pembayaran/nomor invoice' is: 'TRX60.20231005151212'

2023-10-05 15:12:17 - [TEST_STEP][PASSED] - data.put("invoice", Invoice): null

2023-10-05 15:12:17 - [TEST_STEP][PASSED] - NamaPemesan = getText(findTestObject("Konfirmasi pesanan shop/Nama pemesan")): Text of object 'Object Repository/Konfirmasi pesanan shop/Nama pemesan' is: 'irfan.afandi'

2023-10-05 15:12:18 - [MESSAGE][PASSED] - Text of object 'Object Repository/Konfirmasi pesanan shop/Nama pemesan' is: 'irfan.afandi'

2023-10-05 15:12:18 - [TEST_STEP][PASSED] - Nama = getText(findTestObject("pembayaran/Nama barang")): Text of object 'Object Repository/pembayaran/Nama barang' is: 'Segitiga Instan Madeira - MDB5.3 Sunset'

2023-10-05 15:12:18 - [MESSAGE][PASSED] - Text of object 'Object Repository/pembayaran/Nama barang' is: 'Segitiga Instan Madeira - MDB5.3 Sunset'

2023-10-05 15:12:18 - [TEST_STEP][PASSED] - Harga = getText(findTestObject("pembayaran/Harga barang")): Text of object 'Object Repository/pembayaran/Harga barang' is: '1,299'

2023-10-05 15:12:19 - [MESSAGE][PASSED] - Text of object 'Object Repository/pembayaran/Harga barang' is: '1,299'

2023-10-05 15:12:19 - [TEST_STEP][PASSED] - name_product = data.get("nama_barang"): null

2023-10-05 15:12:19 - [TEST_STEP][PASSED] - price_product = data.get("price_barang"): null

2023-10-05 15:12:19 - [TEST_STEP][PASSED] - assert name_product.contains(Nama): null

2023-10-05 15:12:19 - [TEST_STEP][PASSED] - assert price_product.contains(Harga): null

2023-10-05 15:12:19 - [TEST_STEP][PASSED] - warnaa = getText(findTestObject("pembayaran/warna")): Text of object 'Object Repository/pembayaran/warna' is: 'Merah'

2023-10-05 15:12:19 - [MESSAGE][PASSED] - Text of object 'Object Repository/pembayaran/warna' is: 'Merah'

2023-10-05 15:12:19 - [TEST_STEP][PASSED] - ukurann = getText(findTestObject("pembayaran/ukuran")): Text of object 'Object Repository/pembayaran/ukuran' is: 'Menengah'

2023-10-05 15:12:20 - [MESSAGE][PASSED] - Text of object 'Object Repository/pembayaran/ukuran' is: 'Menengah'

2023-10-05 15:12:20 - [TEST_STEP][PASSED] - warna1 = data.get("Warna"): null

2023-10-05 15:12:20 - [TEST_STEP][PASSED] - ukuran1 = data.get("Ukuran"): null

2023-10-05 15:12:20 - [TEST_STEP][PASSED] - assert warnaa == warna1: null

2023-10-05 15:12:20 - [TEST_STEP][PASSED] - assert ukurann == ukuran1: null

2023-10-05 15:12:20 - [TEST_STEP][PASSED] - statusPembelian = getText(findTestObject("verifikasi/Status pending di pembelian")): Text of object 'Object Repository/verifikasi/Status pending di pembelian' is: 'Pending'

2023-10-05 15:12:20 - [MESSAGE][PASSED] - Text of object 'Object Repository/verifikasi/Status pending di pembelian' is: 'Pending'

2023-10-05 15:12:20 - [TEST_STEP][PASSED] - data.put("statusPem", statusPembelian): null

2023-10-05 15:12:20 - [TEST_STEP][PASSED] - OngkosKirim = getText(findTestObject("pembayaran/ongkos kirim")): Text of object 'Object Repository/pembayaran/ongkos kirim' is: 'Rp 5,000'

2023-10-05 15:12:21 - [MESSAGE][PASSED] - Text of object 'Object Repository/pembayaran/ongkos kirim' is: 'Rp 5,000'

2023-10-05 15:12:21 - [TEST_STEP][PASSED] - Ongkos = OngkosKirim.substring(3, OngkosKirim.size()): null

2023-10-05 15:12:21 - [TEST_STEP][PASSED] - rep = Ongkos.replace(",", ""): null

2023-10-05 15:12:21 - [TEST_STEP][PASSED] - Ongkos_kirimm = Integer.parseInt(rep): null

2023-10-05 15:12:21 - [TEST_STEP][PASSED] - println(Ongkos_kirimm): null

2023-10-05 15:12:21 - [TEST_STEP][PASSED] - FeeAdmin = getText(findTestObject("pembayaran/fee admin")): Text of object 'Object Repository/pembayaran/fee admin' is: 'Rp 1,500'

2023-10-05 15:12:21 - [MESSAGE][PASSED] - Text of object 'Object Repository/pembayaran/fee admin' is: 'Rp 1,500'

2023-10-05 15:12:21 - [TEST_STEP][PASSED] - Fee_Admin = FeeAdmin.substring(3, FeeAdmin.size()): null

2023-10-05 15:12:21 - [TEST_STEP][PASSED] - fee = Fee_Admin.replace(",", ""): null

2023-10-05 15:12:21 - [TEST_STEP][PASSED] - fee_adminn = Integer.parseInt(fee): null

2023-10-05 15:12:21 - [TEST_STEP][PASSED] - println(fee_adminn): null

2023-10-05 15:12:21 - [TEST_STEP][PASSED] - Subtotal = getText(findTestObject("pembayaran/subtotal")): Text of object 'Object Repository/pembayaran/subtotal' is: 'Rp 1,299'

2023-10-05 15:12:22 - [MESSAGE][PASSED] - Text of object 'Object Repository/pembayaran/subtotal' is: 'Rp 1,299'

2023-10-05 15:12:22 - [TEST_STEP][PASSED] - sub_total = Subtotal.substring(3, Subtotal.size()): null

2023-10-05 15:12:22 - [TEST_STEP][PASSED] - sub = sub_total.replace(",", ""): null

2023-10-05 15:12:22 - [TEST_STEP][PASSED] - sub_totall = Integer.parseInt(sub): null

2023-10-05 15:12:22 - [TEST_STEP][PASSED] - println(sub_totall): null

2023-10-05 15:12:22 - [TEST_STEP][PASSED] - unik = getText(findTestObject("pembayaran/kode unik")): Text of object 'Object Repository/pembayaran/kode unik' is: '+212'

2023-10-05 15:12:22 - [MESSAGE][PASSED] - Text of object 'Object Repository/pembayaran/kode unik' is: '+212'

2023-10-05 15:12:22 - [TEST_STEP][PASSED] - unikk = unik.replace("+", ""): null

2023-10-05 15:12:22 - [TEST_STEP][PASSED] - kode_unik = Integer.parseInt(unikk): null

2023-10-05 15:12:22 - [TEST_STEP][PASSED] - println(kode_unik): null

2023-10-05 15:12:22 - [TEST_STEP][PASSED] - Total = getText(findTestObject("pembayaran/total")): Text of object 'Object Repository/pembayaran/total' is: '8,011'

2023-10-05 15:12:23 - [MESSAGE][PASSED] - Text of object 'Object Repository/pembayaran/total' is: '8,011'

2023-10-05 15:12:23 - [TEST_STEP][PASSED] - total = Total.replace(",", ""): null

2023-10-05 15:12:23 - [TEST_STEP][PASSED] - totalll = Integer.parseInt(total): null

2023-10-05 15:12:23 - [TEST_STEP][PASSED] - println(totalll): null

2023-10-05 15:12:23 - [TEST_STEP][PASSED] - Total_Hargaa = Ongkos_kirimm + fee_adminn + sub_totall + kode_unik: null

2023-10-05 15:12:23 - [TEST_STEP][PASSED] - println(Total_Hargaa): null

2023-10-05 15:12:23 - [TEST_STEP][PASSED] - assert totalll == Total_Hargaa: null

2023-10-05 15:12:23 - [TEST_STEP][PASSED] - data.put("total", Total): null

2023-10-05 15:12:23 - [TEST_STEP][PASSED] - data.put("nama", NamaPemesan): null

2023-10-05 15:12:23 - [TEST_STEP][PASSED] - return data: null

2023-10-05 15:12:23 - [MESSAGE][PASSED] - Call Test Case 'Test Cases/T13 Pembelian, Shipment dan Pembayaran/PBY-001' successfully

2023-10-05 15:12:23 - [TEST_STEP][PASSED] - inv = data.get("invoice"): null

2023-10-05 15:12:23 - [TEST_STEP][PASSED] - Total = data.get("total"): null

2023-10-05 15:12:23 - [TEST_STEP][PASSED] - NamaPemesan = data.get("nama"): null

2023-10-05 15:12:23 - [TEST_STEP][PASSED] - click(findTestObject("Konfirmasi pesanan shop/Menu Shop")): Object: 'Object Repository/Konfirmasi pesanan shop/Menu Shop' is clicked on

2023-10-05 15:12:24 - [MESSAGE][PASSED] - Object: 'Object Repository/Konfirmasi pesanan shop/Menu Shop' is clicked on

2023-10-05 15:12:24 - [TEST_STEP][PASSED] - click(findTestObject("Konfirmasi pesanan shop/Menu Shop")): Object: 'Object Repository/Konfirmasi pesanan shop/Menu Shop' is clicked on

2023-10-05 15:12:25 - [MESSAGE][PASSED] - Object: 'Object Repository/Konfirmasi pesanan shop/Menu Shop' is clicked on

2023-10-05 15:12:25 - [TEST_STEP][PASSED] - click(findTestObject("Konfirmasi pesanan shop/Konfirmasi Orders")): Object: 'Object Repository/Konfirmasi pesanan shop/Konfirmasi Orders' is clicked on

2023-10-05 15:12:26 - [MESSAGE][PASSED] - Object: 'Object Repository/Konfirmasi pesanan shop/Konfirmasi Orders' is clicked on

2023-10-05 15:12:26 - [TEST_STEP][PASSED] - verifyElementPresent(findTestObject("Konfirmasi pesanan shop/Tittle Konfirmasi Pesanan"), 0): Object 'Object Repository/Konfirmasi pesanan shop/Tittle Konfirmasi Pesanan' is present

2023-10-05 15:12:26 - [MESSAGE][WARNING] - Timeout '0' is invalid. Using default page load timeout: '30'

2023-10-05 15:12:27 - [MESSAGE][PASSED] - Object 'Object Repository/Konfirmasi pesanan shop/Tittle Konfirmasi Pesanan' is present

2023-10-05 15:12:27 - [TEST_STEP][PASSED] - setText(findTestObject("Konfirmasi pesanan shop/input_No Pesanan"), inv): Text 'TRX60.20231005151212' is set on object 'Object Repository/Konfirmasi pesanan shop/input_No Pesanan'

2023-10-05 15:12:28 - [MESSAGE][PASSED] - Text 'TRX60.20231005151212' is set on object 'Object Repository/Konfirmasi pesanan shop/input_No Pesanan'

2023-10-05 15:12:28 - [TEST_STEP][PASSED] - setText(findTestObject("Konfirmasi pesanan shop/input_Alamat E-mai"), "irfan@gmail.com"): Text 'irfan@gmail.com' is set on object 'Object Repository/Konfirmasi pesanan shop/input_Alamat E-mai'

2023-10-05 15:12:28 - [MESSAGE][PASSED] - Text 'irfan@gmail.com' is set on object 'Object Repository/Konfirmasi pesanan shop/input_Alamat E-mai'

2023-10-05 15:12:28 - [TEST_STEP][PASSED] - click(findTestObject("Konfirmasi pesanan shop/button_Submit")): Object: 'Object Repository/Konfirmasi pesanan shop/button_Submit' is clicked on

2023-10-05 15:12:30 - [MESSAGE][PASSED] - Object: 'Object Repository/Konfirmasi pesanan shop/button_Submit' is clicked on

2023-10-05 15:12:30 - [TEST_STEP][PASSED] - verifyElementPresent(findTestObject("Konfirmasi pesanan shop/Tittle nomor invoice"), 0): Object 'Object Repository/Konfirmasi pesanan shop/Tittle nomor invoice' is present

2023-10-05 15:12:30 - [MESSAGE][WARNING] - Timeout '0' is invalid. Using default page load timeout: '30'

2023-10-05 15:12:30 - [MESSAGE][PASSED] - Object 'Object Repository/Konfirmasi pesanan shop/Tittle nomor invoice' is present

2023-10-05 15:12:30 - [TEST_STEP][PASSED] - setText(findTestObject("Konfirmasi pesanan shop/input_Total TagihanTransfer_b"), Total): Text '8,011' is set on object 'Object Repository/Konfirmasi pesanan shop/input_Total TagihanTransfer_b'

2023-10-05 15:12:31 - [MESSAGE][PASSED] - Text '8,011' is set on object 'Object Repository/Konfirmasi pesanan shop/input_Total TagihanTransfer_b'

2023-10-05 15:12:31 - [TEST_STEP][PASSED] - selectOptionByValue(findTestObject("Konfirmasi pesanan shop/select_Bank"), "4", false): All options with value '4' are selected in object 'Object Repository/Konfirmasi pesanan shop/select_Bank' 

2023-10-05 15:12:32 - [MESSAGE][PASSED] - All options with value '4' are selected in object 'Object Repository/Konfirmasi pesanan shop/select_Bank' 

2023-10-05 15:12:32 - [TEST_STEP][PASSED] - setText(findTestObject("Konfirmasi pesanan shop/input_Nama Pengirim_d"), NamaPemesan): Text 'irfan.afandi' is set on object 'Object Repository/Konfirmasi pesanan shop/input_Nama Pengirim_d'

2023-10-05 15:12:33 - [MESSAGE][PASSED] - Text 'irfan.afandi' is set on object 'Object Repository/Konfirmasi pesanan shop/input_Nama Pengirim_d'

2023-10-05 15:12:33 - [TEST_STEP][PASSED] - uploadFile(findTestObject("keranjang/konfirmasi/input_Upload Bukti Transfer_f"), "C:\Users\IRFAN\Downloads\Berkas2.pdf"): File 'C:\Users\IRFAN\Downloads\Berkas2.pdf' sent to object: 'Object Repository/keranjang/konfirmasi/input_Upload Bukti Transfer_f'

2023-10-05 15:12:33 - [MESSAGE][PASSED] - File 'C:\Users\IRFAN\Downloads\Berkas2.pdf' sent to object: 'Object Repository/keranjang/konfirmasi/input_Upload Bukti Transfer_f'

2023-10-05 15:12:33 - [TEST_STEP][PASSED] - click(findTestObject("Konfirmasi pesanan shop/button_Konfirmasi Pembayaran")): Object: 'Object Repository/Konfirmasi pesanan shop/button_Konfirmasi Pembayaran' is clicked on

2023-10-05 15:12:35 - [MESSAGE][PASSED] - Object: 'Object Repository/Konfirmasi pesanan shop/button_Konfirmasi Pembayaran' is clicked on

2023-10-05 15:12:35 - [TEST_STEP][PASSED] - verifyElementPresent(findTestObject("Konfirmasi pesanan shop/Tittle Konfirmasi Pesanan"), 0): Object 'Object Repository/Konfirmasi pesanan shop/Tittle Konfirmasi Pesanan' is present

2023-10-05 15:12:35 - [MESSAGE][WARNING] - Timeout '0' is invalid. Using default page load timeout: '30'

2023-10-05 15:12:35 - [MESSAGE][PASSED] - Object 'Object Repository/Konfirmasi pesanan shop/Tittle Konfirmasi Pesanan' is present

2023-10-05 15:12:35 - [TEST_STEP][PASSED] - verifyElementPresent(findTestObject("Konfirmasi pesanan shop/Tittle massage succes Konfirmasi Pembayaran Pesanan"), 0): Object 'Object Repository/Konfirmasi pesanan shop/Tittle massage succes Konfirmasi Pembayaran Pesanan' is present

2023-10-05 15:12:35 - [MESSAGE][WARNING] - Timeout '0' is invalid. Using default page load timeout: '30'

2023-10-05 15:12:36 - [MESSAGE][PASSED] - Object 'Object Repository/Konfirmasi pesanan shop/Tittle massage succes Konfirmasi Pembayaran Pesanan' is present

2023-10-05 15:12:36 - [TEST_STEP][PASSED] - return data: null

2023-10-05 15:12:36 - [MESSAGE][PASSED] - Call Test Case 'Test Cases/T13 Pembelian, Shipment dan Pembayaran/PBY-004' successfully

2023-10-05 15:12:36 - [TEST_STEP][PASSED] - navigateToUrl("https://10.9.2.63/ecommerce/administrator/"): Navigate to 'https://10.9.2.63/ecommerce/administrator/' successfully

2023-10-05 15:12:36 - [MESSAGE][PASSED] - Navigate to 'https://10.9.2.63/ecommerce/administrator/' successfully

2023-10-05 15:12:36 - [TEST_STEP][PASSED] - verifyElementPresent(findTestObject("admin/Tittle ADMIN Login"), 0): Object 'Object Repository/admin/Tittle ADMIN Login' is present

2023-10-05 15:12:36 - [MESSAGE][WARNING] - Timeout '0' is invalid. Using default page load timeout: '30'

2023-10-05 15:12:37 - [MESSAGE][PASSED] - Object 'Object Repository/admin/Tittle ADMIN Login' is present

2023-10-05 15:12:37 - [TEST_STEP][PASSED] - setText(findTestObject("admin/Username"), "admin"): Text 'admin' is set on object 'Object Repository/admin/Username'

2023-10-05 15:12:37 - [MESSAGE][PASSED] - Text 'admin' is set on object 'Object Repository/admin/Username'

2023-10-05 15:12:37 - [TEST_STEP][PASSED] - setText(findTestObject("admin/Password"), "123admin123"): Text '123admin123' is set on object 'Object Repository/admin/Password'

2023-10-05 15:12:38 - [MESSAGE][PASSED] - Text '123admin123' is set on object 'Object Repository/admin/Password'

2023-10-05 15:12:38 - [TEST_STEP][PASSED] - click(findTestObject("admin/Remember Me")): Object: 'Object Repository/admin/Remember Me' is clicked on

2023-10-05 15:12:39 - [MESSAGE][PASSED] - Object: 'Object Repository/admin/Remember Me' is clicked on

2023-10-05 15:12:39 - [TEST_STEP][PASSED] - delay(10): Delayed 10 second(s)

2023-10-05 15:12:49 - [MESSAGE][PASSED] - Delayed 10 second(s)

2023-10-05 15:12:49 - [TEST_STEP][PASSED] - click(findTestObject("admin/buttom submit")): Object: 'Object Repository/admin/buttom submit' is clicked on

2023-10-05 15:12:50 - [MESSAGE][PASSED] - Object: 'Object Repository/admin/buttom submit' is clicked on

2023-10-05 15:12:50 - [TEST_STEP][PASSED] - verifyElementPresent(findTestObject("admin/Konf order konsumen/Tittle Dashboard"), 0): Object 'Object Repository/admin/Konf order konsumen/Tittle Dashboard' is present

2023-10-05 15:12:50 - [MESSAGE][WARNING] - Timeout '0' is invalid. Using default page load timeout: '30'

2023-10-05 15:12:51 - [MESSAGE][PASSED] - Object 'Object Repository/admin/Konf order konsumen/Tittle Dashboard' is present

2023-10-05 15:12:51 - [TEST_STEP][PASSED] - click(findTestObject("admin/Konf order konsumen/Menu Transaksi Market")): Object: 'Object Repository/admin/Konf order konsumen/Menu Transaksi Market' is clicked on

2023-10-05 15:12:51 - [MESSAGE][PASSED] - Object: 'Object Repository/admin/Konf order konsumen/Menu Transaksi Market' is clicked on

2023-10-05 15:12:51 - [TEST_STEP][PASSED] - click(findTestObject("admin/Konf order konsumen/Menu Konf. Order Konsumen")): Object: 'Object Repository/admin/Konf order konsumen/Menu Konf. Order Konsumen' is clicked on

2023-10-05 15:12:53 - [MESSAGE][PASSED] - Object: 'Object Repository/admin/Konf order konsumen/Menu Konf. Order Konsumen' is clicked on

2023-10-05 15:12:53 - [TEST_STEP][PASSED] - verifyElementPresent(findTestObject("admin/Konf order konsumen/Tittle Data Konfirmasi Pembayaran Konsumen"), 0): Object 'Object Repository/admin/Konf order konsumen/Tittle Data Konfirmasi Pembayaran Konsumen' is present

2023-10-05 15:12:53 - [MESSAGE][WARNING] - Timeout '0' is invalid. Using default page load timeout: '30'

2023-10-05 15:12:53 - [MESSAGE][PASSED] - Object 'Object Repository/admin/Konf order konsumen/Tittle Data Konfirmasi Pembayaran Konsumen' is present

2023-10-05 15:12:53 - [TEST_STEP][PASSED] - inv = data.get("invoice"): null

2023-10-05 15:12:53 - [TEST_STEP][PASSED] - setText(findTestObject("admin/Konf order konsumen/Search"), inv): Text 'TRX60.20231005151212' is set on object 'Object Repository/admin/Konf order konsumen/Search'

2023-10-05 15:12:54 - [MESSAGE][PASSED] - Text 'TRX60.20231005151212' is set on object 'Object Repository/admin/Konf order konsumen/Search'

2023-10-05 15:12:54 - [TEST_STEP][PASSED] - verifyElementText(findTestObject("admin/Konf order konsumen/Keterangan Lunas"), "Lunas"): Actual text and expected text of test object 'Object Repository/admin/Konf order konsumen/Keterangan Lunas' are matched.

2023-10-05 15:12:54 - [MESSAGE][PASSED] - Actual text and expected text of test object 'Object Repository/admin/Konf order konsumen/Keterangan Lunas' are matched.

2023-10-05 15:12:54 - [TEST_STEP][PASSED] - return data: null

2023-10-05 15:12:54 - [MESSAGE][PASSED] - Call Test Case 'Test Cases/T13 Pembelian, Shipment dan Pembayaran/PBYA-001' successfully

2023-10-05 15:12:54 - [TEST_STEP][PASSED] - click(findTestObject("admin/Penjualan ke konsumen/buttom Dashboard")): Object: 'Object Repository/admin/Penjualan ke konsumen/buttom Dashboard' is clicked on

2023-10-05 15:12:55 - [MESSAGE][PASSED] - Object: 'Object Repository/admin/Penjualan ke konsumen/buttom Dashboard' is clicked on

2023-10-05 15:12:55 - [TEST_STEP][PASSED] - click(findTestObject("admin/Konf order konsumen/Menu Transaksi Market")): Object: 'Object Repository/admin/Konf order konsumen/Menu Transaksi Market' is clicked on

2023-10-05 15:12:56 - [MESSAGE][PASSED] - Object: 'Object Repository/admin/Konf order konsumen/Menu Transaksi Market' is clicked on

2023-10-05 15:12:56 - [TEST_STEP][PASSED] - click(findTestObject("admin/Penjualan ke konsumen/a_Penjualan ke Konsumen")): Object: 'Object Repository/admin/Penjualan ke konsumen/a_Penjualan ke Konsumen' is clicked on

2023-10-05 15:12:59 - [MESSAGE][PASSED] - Object: 'Object Repository/admin/Penjualan ke konsumen/a_Penjualan ke Konsumen' is clicked on

2023-10-05 15:12:59 - [TEST_STEP][PASSED] - verifyElementPresent(findTestObject("admin/Tittle Data Transaksi Penjualan  Orderan Konsumen"), 0): Object 'Object Repository/admin/Tittle Data Transaksi Penjualan  Orderan Konsumen' is present

2023-10-05 15:12:59 - [MESSAGE][WARNING] - Timeout '0' is invalid. Using default page load timeout: '30'

2023-10-05 15:13:00 - [MESSAGE][PASSED] - Object 'Object Repository/admin/Tittle Data Transaksi Penjualan  Orderan Konsumen' is present

2023-10-05 15:13:00 - [TEST_STEP][PASSED] - return data: null

2023-10-05 15:13:00 - [MESSAGE][PASSED] - Call Test Case 'Test Cases/T13 Pembelian, Shipment dan Pembayaran/SA-001' successfully

2023-10-05 15:13:00 - [TEST_STEP][PASSED] - inv = data.get("invoice"): null

2023-10-05 15:13:00 - [TEST_STEP][PASSED] - setText(findTestObject("admin/Penjualan ke konsumen/Search"), inv): Text 'TRX60.20231005151212' is set on object 'Object Repository/admin/Penjualan ke konsumen/Search'

2023-10-05 15:13:01 - [MESSAGE][PASSED] - Text 'TRX60.20231005151212' is set on object 'Object Repository/admin/Penjualan ke konsumen/Search'

2023-10-05 15:13:01 - [TEST_STEP][PASSED] - click(findTestObject("admin/Penjualan ke konsumen/buttom konfirmasi pending payment"), CONTINUE_ON_FAILURE): Object: 'Object Repository/admin/Penjualan ke konsumen/buttom konfirmasi pending payment' is clicked on

2023-10-05 15:13:01 - [MESSAGE][PASSED] - Object: 'Object Repository/admin/Penjualan ke konsumen/buttom konfirmasi pending payment' is clicked on

2023-10-05 15:13:01 - [TEST_STEP][PASSED] - waitForAlert(5, OPTIONAL): Alert is present after 5 second(s).

2023-10-05 15:13:01 - [MESSAGE][PASSED] - Alert is present after 5 second(s).

2023-10-05 15:13:01 - [TEST_STEP][PASSED] - acceptAlert(): Alert accepted

2023-10-05 15:13:01 - [MESSAGE][PASSED] - Alert accepted

2023-10-05 15:13:01 - [TEST_STEP][PASSED] - setText(findTestObject("admin/Penjualan ke konsumen/Search"), inv): Text 'TRX60.20231005151212' is set on object 'Object Repository/admin/Penjualan ke konsumen/Search'

2023-10-05 15:13:10 - [MESSAGE][PASSED] - Text 'TRX60.20231005151212' is set on object 'Object Repository/admin/Penjualan ke konsumen/Search'

2023-10-05 15:13:10 - [TEST_STEP][PASSED] - verifyTextNotPresent("pending payment", false): Text 'pending payment' is not present on page

2023-10-05 15:13:11 - [MESSAGE][PASSED] - Text 'pending payment' is not present on page

2023-10-05 15:13:11 - [TEST_STEP][PASSED] - return data: null

2023-10-05 15:13:11 - [MESSAGE][PASSED] - Call Test Case 'Test Cases/T13 Pembelian, Shipment dan Pembayaran/SA-002' successfully

2023-10-05 15:13:11 - [TEST_STEP][PASSED] - click(findTestObject("admin/Penjualan ke konsumen/buttom scroldown")): Object: 'Object Repository/admin/Penjualan ke konsumen/buttom scroldown' is clicked on

2023-10-05 15:13:11 - [MESSAGE][PASSED] - Object: 'Object Repository/admin/Penjualan ke konsumen/buttom scroldown' is clicked on

2023-10-05 15:13:11 - [TEST_STEP][PASSED] - click(findTestObject("shipment/a_Pending"), CONTINUE_ON_FAILURE): Object: 'Object Repository/shipment/a_Pending' is clicked on

2023-10-05 15:13:11 - [MESSAGE][PASSED] - Object: 'Object Repository/shipment/a_Pending' is clicked on

2023-10-05 15:13:11 - [TEST_STEP][PASSED] - waitForAlert(5, OPTIONAL): Alert is present after 5 second(s).

2023-10-05 15:13:11 - [MESSAGE][PASSED] - Alert is present after 5 second(s).

2023-10-05 15:13:11 - [TEST_STEP][PASSED] - acceptAlert(): Alert accepted

2023-10-05 15:13:11 - [MESSAGE][PASSED] - Alert accepted

2023-10-05 15:13:11 - [TEST_STEP][PASSED] - inv = data.get("invoice"): null

2023-10-05 15:13:11 - [TEST_STEP][PASSED] - setText(findTestObject("admin/Penjualan ke konsumen/Search"), inv): Text 'TRX60.20231005151212' is set on object 'Object Repository/admin/Penjualan ke konsumen/Search'

2023-10-05 15:13:20 - [MESSAGE][PASSED] - Text 'TRX60.20231005151212' is set on object 'Object Repository/admin/Penjualan ke konsumen/Search'

2023-10-05 15:13:20 - [TEST_STEP][PASSED] - delay(10): Delayed 10 second(s)

2023-10-05 15:13:30 - [MESSAGE][PASSED] - Delayed 10 second(s)

2023-10-05 15:13:30 - [TEST_STEP][PASSED] - verifyElementText(findTestObject("PROSES PENJUALAN/Pending"), "Pending"): Actual text and expected text of test object 'Object Repository/PROSES PENJUALAN/Pending' are matched.

2023-10-05 15:13:31 - [MESSAGE][PASSED] - Actual text and expected text of test object 'Object Repository/PROSES PENJUALAN/Pending' are matched.

2023-10-05 15:13:31 - [TEST_STEP][PASSED] - pending = getText(findTestObject("PROSES PENJUALAN/Pending")): Text of object 'Object Repository/PROSES PENJUALAN/Pending' is: 'Pending'

2023-10-05 15:13:31 - [MESSAGE][PASSED] - Text of object 'Object Repository/PROSES PENJUALAN/Pending' is: 'Pending'

2023-10-05 15:13:31 - [TEST_STEP][PASSED] - data.put("statusPending", pending): null

2023-10-05 15:13:31 - [TEST_STEP][PASSED] - return data: null]]></system-out>
         <system-err><![CDATA[]]></system-err>
      </testcase>
      <testcase name="Test Cases/T13 Pembelian, Shipment dan Pembayaran/SA-007" time="303.279" classname="Test Cases/T13 Pembelian, Shipment dan Pembayaran/SA-007" status="PASSED">
         <system-out><![CDATA[2023-10-05 15:13:31 - [TEST_CASE][PASSED] - Test Cases/T13 Pembelian, Shipment dan Pembayaran/SA-007: Test Cases/T13 Pembelian, Shipment dan Pembayaran/SA-007

2023-10-05 15:13:31 - [TEST_STEP][PASSED] - data = callTestCase(findTestCase("T13 Pembelian, Shipment dan Pembayaran/SA-002"), [:], STOP_ON_FAILURE): Call Test Case 'Test Cases/T13 Pembelian, Shipment dan Pembayaran/SA-002' successfully

2023-10-05 15:13:31 - [TEST_CASE][PASSED] - Test Cases/T13 Pembelian, Shipment dan Pembayaran/SA-002: Test Cases/T13 Pembelian, Shipment dan Pembayaran/SA-002

2023-10-05 15:13:31 - [TEST_STEP][PASSED] - data = callTestCase(findTestCase("T13 Pembelian, Shipment dan Pembayaran/SA-001"), [:], STOP_ON_FAILURE): Call Test Case 'Test Cases/T13 Pembelian, Shipment dan Pembayaran/SA-001' successfully

2023-10-05 15:13:32 - [TEST_CASE][PASSED] - Test Cases/T13 Pembelian, Shipment dan Pembayaran/SA-001: Test Cases/T13 Pembelian, Shipment dan Pembayaran/SA-001

2023-10-05 15:13:32 - [TEST_STEP][PASSED] - data = callTestCase(findTestCase("T13 Pembelian, Shipment dan Pembayaran/PBYA-001"), [:], STOP_ON_FAILURE): Call Test Case 'Test Cases/T13 Pembelian, Shipment dan Pembayaran/PBYA-001' successfully

2023-10-05 15:13:32 - [TEST_CASE][PASSED] - Test Cases/T13 Pembelian, Shipment dan Pembayaran/PBYA-001: Test Cases/T13 Pembelian, Shipment dan Pembayaran/PBYA-001

2023-10-05 15:13:32 - [TEST_STEP][PASSED] - data = callTestCase(findTestCase("T13 Pembelian, Shipment dan Pembayaran/PBY-004"), [:], STOP_ON_FAILURE): Call Test Case 'Test Cases/T13 Pembelian, Shipment dan Pembayaran/PBY-004' successfully

2023-10-05 15:13:32 - [TEST_CASE][PASSED] - Test Cases/T13 Pembelian, Shipment dan Pembayaran/PBY-004: Test Cases/T13 Pembelian, Shipment dan Pembayaran/PBY-004

2023-10-05 15:13:32 - [TEST_STEP][PASSED] - data = callTestCase(findTestCase("T13 Pembelian, Shipment dan Pembayaran/PBY-001"), [:], STOP_ON_FAILURE): Call Test Case 'Test Cases/T13 Pembelian, Shipment dan Pembayaran/PBY-001' successfully

2023-10-05 15:13:32 - [TEST_CASE][PASSED] - Test Cases/T13 Pembelian, Shipment dan Pembayaran/PBY-001: Test Cases/T13 Pembelian, Shipment dan Pembayaran/PBY-001

2023-10-05 15:13:32 - [TEST_STEP][PASSED] - data = callTestCase(findTestCase("T13 Pembelian, Shipment dan Pembayaran/PBL-004"), ["Kurir":"Roda 2"], STOP_ON_FAILURE): Call Test Case 'Test Cases/T13 Pembelian, Shipment dan Pembayaran/PBL-004' successfully

2023-10-05 15:13:32 - [TEST_CASE][PASSED] - Test Cases/T13 Pembelian, Shipment dan Pembayaran/PBL-004: Test Cases/T13 Pembelian, Shipment dan Pembayaran/PBL-004

2023-10-05 15:13:32 - [TEST_STEP][PASSED] - data = callTestCase(findTestCase("T13 Pembelian, Shipment dan Pembayaran/PBL-002"), [:], STOP_ON_FAILURE): Call Test Case 'Test Cases/T13 Pembelian, Shipment dan Pembayaran/PBL-002' successfully

2023-10-05 15:13:32 - [TEST_CASE][PASSED] - Test Cases/T13 Pembelian, Shipment dan Pembayaran/PBL-002: Test Cases/T13 Pembelian, Shipment dan Pembayaran/PBL-002

2023-10-05 15:13:32 - [TEST_STEP][PASSED] - data = callTestCase(findTestCase("T13 Pembelian, Shipment dan Pembayaran/PBL-001"), [:], STOP_ON_FAILURE): Call Test Case 'Test Cases/T13 Pembelian, Shipment dan Pembayaran/PBL-001' successfully

2023-10-05 15:13:32 - [TEST_CASE][PASSED] - Test Cases/T13 Pembelian, Shipment dan Pembayaran/PBL-001: Test Cases/T13 Pembelian, Shipment dan Pembayaran/PBL-001

2023-10-05 15:13:32 - [TEST_STEP][PASSED] - callTestCase(findTestCase("T13 Pembelian, Shipment dan Pembayaran/LU-001"), ["username":"irfanafandi", "password":"12345irfan"], STOP_ON_FAILURE): Call Test Case 'Test Cases/T13 Pembelian, Shipment dan Pembayaran/LU-001' successfully

2023-10-05 15:13:32 - [TEST_CASE][PASSED] - Test Cases/T13 Pembelian, Shipment dan Pembayaran/LU-001: Test Cases/T13 Pembelian, Shipment dan Pembayaran/LU-001

2023-10-05 15:13:32 - [TEST_STEP][PASSED] - openBrowser("https://10.9.2.63/ecommerce/"): Browser is opened with url: 'https://10.9.2.63/ecommerce/'

2023-10-05 15:13:32 - [MESSAGE][WARNING] - A browser is already opened. Closing browser and opening a new one

2023-10-05 15:13:33 - [MESSAGE][INFO] - Starting 'Edge Chromium' driver

2023-10-05 15:13:33 - [MESSAGE][INFO] - User set preference: ['acceptInsecureCerts', 'true']

2023-10-05 15:13:35 - [MESSAGE][INFO] - Action delay is set to 0 milliseconds

2023-10-05 15:13:38 - [MESSAGE][PASSED] - Browser is opened with url: 'https://10.9.2.63/ecommerce/'

2023-10-05 15:13:38 - [TEST_STEP][PASSED] - maximizeWindow(): Current window maximized

2023-10-05 15:13:38 - [MESSAGE][PASSED] - Current window maximized

2023-10-05 15:13:38 - [TEST_STEP][PASSED] - verifyElementPresent(findTestObject("Login/Home"), 0): Object 'Object Repository/Login/Home' is present

2023-10-05 15:13:38 - [MESSAGE][WARNING] - Timeout '0' is invalid. Using default page load timeout: '30'

2023-10-05 15:13:39 - [MESSAGE][PASSED] - Object 'Object Repository/Login/Home' is present

2023-10-05 15:13:39 - [TEST_STEP][PASSED] - click(findTestObject("Login/a_Login")): Object: 'Object Repository/Login/a_Login' is clicked on

2023-10-05 15:13:40 - [MESSAGE][PASSED] - Object: 'Object Repository/Login/a_Login' is clicked on

2023-10-05 15:13:40 - [TEST_STEP][PASSED] - verifyElementPresent(findTestObject("Login/Tittle Login"), 0): Object 'Object Repository/Login/Tittle Login' is present

2023-10-05 15:13:40 - [MESSAGE][WARNING] - Timeout '0' is invalid. Using default page load timeout: '30'

2023-10-05 15:13:40 - [MESSAGE][PASSED] - Object 'Object Repository/Login/Tittle Login' is present

2023-10-05 15:13:40 - [TEST_STEP][PASSED] - setText(findTestObject("Login/input_Username, Email atau No. Handphone_a"), username): Text 'irfanafandi' is set on object 'Object Repository/Login/input_Username, Email atau No. Handphone_a'

2023-10-05 15:13:41 - [MESSAGE][PASSED] - Text 'irfanafandi' is set on object 'Object Repository/Login/input_Username, Email atau No. Handphone_a'

2023-10-05 15:13:41 - [TEST_STEP][PASSED] - setText(findTestObject("Login/input_Password_b"), password): Text '12345irfan' is set on object 'Object Repository/Login/input_Password_b'

2023-10-05 15:13:42 - [MESSAGE][PASSED] - Text '12345irfan' is set on object 'Object Repository/Login/input_Password_b'

2023-10-05 15:13:42 - [TEST_STEP][PASSED] - click(findTestObject("Login/label_Ingat saya")): Object: 'Object Repository/Login/label_Ingat saya' is clicked on

2023-10-05 15:13:42 - [MESSAGE][PASSED] - Object: 'Object Repository/Login/label_Ingat saya' is clicked on

2023-10-05 15:13:42 - [TEST_STEP][PASSED] - click(findTestObject("Login/button_Masuk")): Object: 'Object Repository/Login/button_Masuk' is clicked on

2023-10-05 15:13:44 - [MESSAGE][PASSED] - Object: 'Object Repository/Login/button_Masuk' is clicked on

2023-10-05 15:13:44 - [TEST_STEP][PASSED] - verifyElementPresent(findTestObject("Login/li_Profile"), 0): Object 'Object Repository/Login/li_Profile' is present

2023-10-05 15:13:44 - [MESSAGE][WARNING] - Timeout '0' is invalid. Using default page load timeout: '30'

2023-10-05 15:13:45 - [MESSAGE][PASSED] - Object 'Object Repository/Login/li_Profile' is present

2023-10-05 15:13:45 - [MESSAGE][PASSED] - Call Test Case 'Test Cases/T13 Pembelian, Shipment dan Pembayaran/LU-001' successfully

2023-10-05 15:13:45 - [TEST_STEP][PASSED] - mouseOver(findTestObject("beli barang/i_Mulai Belanja_icon-menu")): Object: 'Object Repository/beli barang/i_Mulai Belanja_icon-menu' is hovered

2023-10-05 15:13:45 - [MESSAGE][PASSED] - Object: 'Object Repository/beli barang/i_Mulai Belanja_icon-menu' is hovered

2023-10-05 15:13:45 - [TEST_STEP][PASSED] - click(findTestObject("beli barang/a_Fashion  Busana Wanita")): Object: 'Object Repository/beli barang/a_Fashion  Busana Wanita' is clicked on

2023-10-05 15:13:46 - [MESSAGE][PASSED] - Object: 'Object Repository/beli barang/a_Fashion  Busana Wanita' is clicked on

2023-10-05 15:13:46 - [TEST_STEP][PASSED] - NamaSebelum = getText(findTestObject("verifikasi/Nama sebelum")): Text of object 'Object Repository/verifikasi/Nama sebelum' is: ''

2023-10-05 15:13:47 - [MESSAGE][PASSED] - Text of object 'Object Repository/verifikasi/Nama sebelum' is: ''

2023-10-05 15:13:47 - [TEST_STEP][PASSED] - HargaSebelum = getText(findTestObject("verifikasi/Harga sebelum")): Text of object 'Object Repository/verifikasi/Harga sebelum' is: 'Rp 1,299'

2023-10-05 15:13:47 - [MESSAGE][PASSED] - Text of object 'Object Repository/verifikasi/Harga sebelum' is: 'Rp 1,299'

2023-10-05 15:13:47 - [TEST_STEP][PASSED] - mouseOver(findTestObject("beli barang/barang mouse over")): Object: 'Object Repository/beli barang/barang mouse over' is hovered

2023-10-05 15:13:48 - [MESSAGE][PASSED] - Object: 'Object Repository/beli barang/barang mouse over' is hovered

2023-10-05 15:13:48 - [TEST_STEP][PASSED] - click(findTestObject("beli barang/buttom add to cart")): Object: 'Object Repository/beli barang/buttom add to cart' is clicked on

2023-10-05 15:13:50 - [MESSAGE][PASSED] - Object: 'Object Repository/beli barang/buttom add to cart' is clicked on

2023-10-05 15:13:50 - [TEST_STEP][PASSED] - NamaSesudah = getText(findTestObject("verifikasi/Nama sesudah")): Text of object 'Object Repository/verifikasi/Nama sesudah' is: 'Segitiga Instan Madeira - MDB5.3 Sunset'

2023-10-05 15:13:58 - [MESSAGE][PASSED] - Text of object 'Object Repository/verifikasi/Nama sesudah' is: 'Segitiga Instan Madeira - MDB5.3 Sunset'

2023-10-05 15:13:58 - [TEST_STEP][PASSED] - HargaSesudah = getText(findTestObject("verifikasi/Harga sesudah")): Text of object 'Object Repository/verifikasi/Harga sesudah' is: 'Rp 1,299'

2023-10-05 15:13:59 - [MESSAGE][PASSED] - Text of object 'Object Repository/verifikasi/Harga sesudah' is: 'Rp 1,299'

2023-10-05 15:13:59 - [TEST_STEP][PASSED] - assert NamaSesudah.contains(NamaSebelum): null

2023-10-05 15:13:59 - [TEST_STEP][PASSED] - assert HargaSesudah.contains(HargaSebelum): null

2023-10-05 15:13:59 - [TEST_STEP][PASSED] - click(findTestObject("beli barang/Tambah Keranjang busana wanita")): Object: 'Object Repository/beli barang/Tambah Keranjang busana wanita' is clicked on

2023-10-05 15:13:59 - [MESSAGE][PASSED] - Object: 'Object Repository/beli barang/Tambah Keranjang busana wanita' is clicked on

2023-10-05 15:13:59 - [TEST_STEP][PASSED] - verifyElementPresent(findTestObject("checkout/Notifikasi keranjang"), 1): Object 'Object Repository/checkout/Notifikasi keranjang' is present

2023-10-05 15:14:00 - [MESSAGE][PASSED] - Object 'Object Repository/checkout/Notifikasi keranjang' is present

2023-10-05 15:14:00 - [TEST_STEP][PASSED] - data = new java.util.HashMap(): null

2023-10-05 15:14:00 - [TEST_STEP][PASSED] - data.put("nama_barang", NamaSesudah): null

2023-10-05 15:14:00 - [TEST_STEP][PASSED] - data.put("price_barang", HargaSesudah): null

2023-10-05 15:14:00 - [TEST_STEP][PASSED] - return data: null

2023-10-05 15:14:00 - [MESSAGE][PASSED] - Call Test Case 'Test Cases/T13 Pembelian, Shipment dan Pembayaran/PBL-001' successfully

2023-10-05 15:14:00 - [TEST_STEP][PASSED] - mouseOver(findTestObject("beli barang/keranjang")): Object: 'Object Repository/beli barang/keranjang' is hovered

2023-10-05 15:14:01 - [MESSAGE][PASSED] - Object: 'Object Repository/beli barang/keranjang' is hovered

2023-10-05 15:14:01 - [TEST_STEP][PASSED] - click(findTestObject("beli barang/Lihat Sekarang")): Object: 'Object Repository/beli barang/Lihat Sekarang' is clicked on

2023-10-05 15:14:02 - [MESSAGE][PASSED] - Object: 'Object Repository/beli barang/Lihat Sekarang' is clicked on

2023-10-05 15:14:02 - [TEST_STEP][PASSED] - verifyElementPresent(findTestObject("keranjang/li_Keranjang Belanja"), 0): Object 'Object Repository/keranjang/li_Keranjang Belanja' is present

2023-10-05 15:14:02 - [MESSAGE][WARNING] - Timeout '0' is invalid. Using default page load timeout: '30'

2023-10-05 15:14:32 - [MESSAGE][PASSED] - Object 'Object Repository/keranjang/li_Keranjang Belanja' is present

2023-10-05 15:14:32 - [TEST_STEP][PASSED] - NamaKeranjang = getText(findTestObject("verifikasi/Nama keranjang")): Text of object 'Object Repository/verifikasi/Nama keranjang' is: 'Segitiga Instan Madeira - MDB5.3 Sunset'

2023-10-05 15:15:02 - [MESSAGE][PASSED] - Text of object 'Object Repository/verifikasi/Nama keranjang' is: 'Segitiga Instan Madeira - MDB5.3 Sunset'

2023-10-05 15:15:02 - [TEST_STEP][PASSED] - HargaKeranjang = getText(findTestObject("verifikasi/Harga Keranjang")): Text of object 'Object Repository/verifikasi/Harga Keranjang' is: 'Rp 1,299'

2023-10-05 15:15:32 - [MESSAGE][PASSED] - Text of object 'Object Repository/verifikasi/Harga Keranjang' is: 'Rp 1,299'

2023-10-05 15:15:32 - [TEST_STEP][PASSED] - if (toString().equalsIgnoreCase("Merah")): Object 'Object Repository/keranjang/input_Warna_variasi101' is checked

2023-10-05 15:15:32 - [TEST_STEP][PASSED] - check(findTestObject("Object Repository/keranjang/input_Warna_variasi101")): Object 'Object Repository/keranjang/input_Warna_variasi101' is checked

2023-10-05 15:16:02 - [MESSAGE][PASSED] - Object 'Object Repository/keranjang/input_Warna_variasi101' is checked

2023-10-05 15:16:02 - [TEST_STEP][PASSED] - if (toString().equalsIgnoreCase("Menengah")): Object 'Object Repository/keranjang/input_Ukuran_variasi201' is checked

2023-10-05 15:16:02 - [TEST_STEP][PASSED] - check(findTestObject("Object Repository/keranjang/input_Ukuran_variasi201")): Object 'Object Repository/keranjang/input_Ukuran_variasi201' is checked

2023-10-05 15:16:32 - [MESSAGE][PASSED] - Object 'Object Repository/keranjang/input_Ukuran_variasi201' is checked

2023-10-05 15:16:32 - [TEST_STEP][PASSED] - data.put("Warna", warna): null

2023-10-05 15:16:32 - [TEST_STEP][PASSED] - data.put("Ukuran", ukuran): null

2023-10-05 15:16:32 - [TEST_STEP][PASSED] - click(findTestObject("keranjang/button_Lanjut ke Pembayaran")): Object: 'Object Repository/keranjang/button_Lanjut ke Pembayaran' is clicked on

2023-10-05 15:17:04 - [MESSAGE][PASSED] - Object: 'Object Repository/keranjang/button_Lanjut ke Pembayaran' is clicked on

2023-10-05 15:17:04 - [TEST_STEP][PASSED] - verifyElementPresent(findTestObject("checkout/Tittle Checkout Order"), 0): Object 'Object Repository/checkout/Tittle Checkout Order' is present

2023-10-05 15:17:04 - [MESSAGE][WARNING] - Timeout '0' is invalid. Using default page load timeout: '30'

2023-10-05 15:17:14 - [MESSAGE][PASSED] - Object 'Object Repository/checkout/Tittle Checkout Order' is present

2023-10-05 15:17:14 - [TEST_STEP][PASSED] - name_product = data.get("nama_barang"): null

2023-10-05 15:17:14 - [TEST_STEP][PASSED] - price_product = data.get("price_barang"): null

2023-10-05 15:17:14 - [TEST_STEP][PASSED] - assert name_product == NamaKeranjang: null

2023-10-05 15:17:14 - [TEST_STEP][PASSED] - assert price_product == HargaKeranjang: null

2023-10-05 15:17:14 - [TEST_STEP][PASSED] - return data: null

2023-10-05 15:17:14 - [MESSAGE][PASSED] - Call Test Case 'Test Cases/T13 Pembelian, Shipment dan Pembayaran/PBL-002' successfully

2023-10-05 15:17:14 - [TEST_STEP][PASSED] - warnaa = getText(findTestObject("verifikasi/warna Merah")): Text of object 'Object Repository/verifikasi/warna Merah' is: 'Merah'

2023-10-05 15:17:14 - [MESSAGE][PASSED] - Text of object 'Object Repository/verifikasi/warna Merah' is: 'Merah'

2023-10-05 15:17:14 - [TEST_STEP][PASSED] - ukurann = getText(findTestObject("verifikasi/Ukuran Menengah")): Text of object 'Object Repository/verifikasi/Ukuran Menengah' is: 'Menengah'

2023-10-05 15:17:15 - [MESSAGE][PASSED] - Text of object 'Object Repository/verifikasi/Ukuran Menengah' is: 'Menengah'

2023-10-05 15:17:15 - [TEST_STEP][PASSED] - warna1 = data.get("Warna"): null

2023-10-05 15:17:15 - [TEST_STEP][PASSED] - ukuran1 = data.get("Ukuran"): null

2023-10-05 15:17:15 - [TEST_STEP][PASSED] - assert warnaa == warna1: null

2023-10-05 15:17:15 - [TEST_STEP][PASSED] - assert ukurann == ukuran1: null

2023-10-05 15:17:15 - [TEST_STEP][PASSED] - NamaCheckout = getText(findTestObject("verifikasi/NamaCheckout")): Text of object 'Object Repository/verifikasi/NamaCheckout' is: ''

2023-10-05 15:17:15 - [MESSAGE][PASSED] - Text of object 'Object Repository/verifikasi/NamaCheckout' is: ''

2023-10-05 15:17:15 - [TEST_STEP][PASSED] - HargaCheckout = getText(findTestObject("verifikasi/HargaCheckout")): Text of object 'Object Repository/verifikasi/HargaCheckout' is: '1,299'

2023-10-05 15:17:15 - [MESSAGE][PASSED] - Text of object 'Object Repository/verifikasi/HargaCheckout' is: '1,299'

2023-10-05 15:17:15 - [TEST_STEP][PASSED] - name_product = data.get("nama_barang"): null

2023-10-05 15:17:15 - [TEST_STEP][PASSED] - price_product = data.get("price_barang"): null

2023-10-05 15:17:15 - [TEST_STEP][PASSED] - assert name_product.contains(NamaCheckout): null

2023-10-05 15:17:15 - [TEST_STEP][PASSED] - assert price_product.contains(HargaCheckout): null

2023-10-05 15:17:15 - [TEST_STEP][PASSED] - selectOptionByLabel(findTestObject("checkout/select - Kirim via Kurir Lokal"), Kurir, false): All options with label 'Roda 2' are selected in object 'Object Repository/checkout/select - Kirim via Kurir Lokal' 

2023-10-05 15:17:16 - [MESSAGE][PASSED] - All options with label 'Roda 2' are selected in object 'Object Repository/checkout/select - Kirim via Kurir Lokal' 

2023-10-05 15:17:16 - [TEST_STEP][PASSED] - click(findTestObject("checkout/Kendaraan Kurir")): Object: 'Object Repository/checkout/Kendaraan Kurir' is clicked on

2023-10-05 15:17:17 - [MESSAGE][PASSED] - Object: 'Object Repository/checkout/Kendaraan Kurir' is clicked on

2023-10-05 15:17:17 - [TEST_STEP][PASSED] - OngkosKirim = getText(findTestObject("Object Repository/verifikasi/Ongkos Kirim checkout")): Text of object 'Object Repository/verifikasi/Ongkos Kirim checkout' is: 'Rp. 5,000'

2023-10-05 15:17:17 - [MESSAGE][PASSED] - Text of object 'Object Repository/verifikasi/Ongkos Kirim checkout' is: 'Rp. 5,000'

2023-10-05 15:17:17 - [TEST_STEP][PASSED] - Ongkos = OngkosKirim.substring(3, OngkosKirim.size()): null

2023-10-05 15:17:17 - [TEST_STEP][PASSED] - rep = Ongkos.replace(",", "."): null

2023-10-05 15:17:17 - [TEST_STEP][PASSED] - Ongkos_kirim = Double.parseDouble(rep): null

2023-10-05 15:17:17 - [TEST_STEP][PASSED] - println(Ongkos_kirim): null

2023-10-05 15:17:17 - [TEST_STEP][PASSED] - FeeAdmin = getText(findTestObject("verifikasi/Fee Admin checkout")): Text of object 'Object Repository/verifikasi/Fee Admin checkout' is: 'Fee Admin
Rp 1,500'

2023-10-05 15:17:18 - [MESSAGE][PASSED] - Text of object 'Object Repository/verifikasi/Fee Admin checkout' is: 'Fee Admin
Rp 1,500'

2023-10-05 15:17:18 - [TEST_STEP][PASSED] - Fee_Admin = FeeAdmin.substring(12, FeeAdmin.size()): null

2023-10-05 15:17:18 - [TEST_STEP][PASSED] - fee = Fee_Admin.replace(",", "."): null

2023-10-05 15:17:18 - [TEST_STEP][PASSED] - fee_admin = Double.parseDouble(fee): null

2023-10-05 15:17:18 - [TEST_STEP][PASSED] - println(fee_admin): null

2023-10-05 15:17:18 - [TEST_STEP][PASSED] - Subtotal = getText(findTestObject("verifikasi/subtotal checkout")): Text of object 'Object Repository/verifikasi/subtotal checkout' is: 'Subtotal
Rp 1,299'

2023-10-05 15:17:18 - [MESSAGE][PASSED] - Text of object 'Object Repository/verifikasi/subtotal checkout' is: 'Subtotal
Rp 1,299'

2023-10-05 15:17:18 - [TEST_STEP][PASSED] - sub_total = Subtotal.substring(12, Subtotal.size()): null

2023-10-05 15:17:18 - [TEST_STEP][PASSED] - sub = sub_total.replace(",", "."): null

2023-10-05 15:17:18 - [TEST_STEP][PASSED] - sub_total = Double.parseDouble(sub): null

2023-10-05 15:17:18 - [TEST_STEP][PASSED] - println(sub_total): null

2023-10-05 15:17:18 - [TEST_STEP][PASSED] - Total = getText(findTestObject("verifikasi/Total checkout")): Text of object 'Object Repository/verifikasi/Total checkout' is: 'Rp 7,799'

2023-10-05 15:17:19 - [MESSAGE][PASSED] - Text of object 'Object Repository/verifikasi/Total checkout' is: 'Rp 7,799'

2023-10-05 15:17:19 - [TEST_STEP][PASSED] - totall = Total.substring(3, Total.size()): null

2023-10-05 15:17:19 - [TEST_STEP][PASSED] - total = totall.replace(",", "."): null

2023-10-05 15:17:19 - [TEST_STEP][PASSED] - totall = Double.parseDouble(total): null

2023-10-05 15:17:19 - [TEST_STEP][PASSED] - println(totall): null

2023-10-05 15:17:19 - [TEST_STEP][PASSED] - Total_Harga = Ongkos_kirim + fee_admin + sub_total: null

2023-10-05 15:17:19 - [TEST_STEP][PASSED] - println(Total_Harga): null

2023-10-05 15:17:19 - [TEST_STEP][PASSED] - TotalHarga = Math.round(Total_Harga * 1000) / 1000: null

2023-10-05 15:17:19 - [TEST_STEP][PASSED] - println(TotalHarga): null

2023-10-05 15:17:19 - [TEST_STEP][PASSED] - assert totall == TotalHarga: null

2023-10-05 15:17:19 - [TEST_STEP][PASSED] - click(findTestObject("verifikasi/Metode Transfer")): Object: 'Object Repository/verifikasi/Metode Transfer' is clicked on

2023-10-05 15:17:19 - [MESSAGE][PASSED] - Object: 'Object Repository/verifikasi/Metode Transfer' is clicked on

2023-10-05 15:17:19 - [TEST_STEP][PASSED] - click(findTestObject("checkout/button_Proses Pembayaran")): Object: 'Object Repository/checkout/button_Proses Pembayaran' is clicked on

2023-10-05 15:17:28 - [MESSAGE][PASSED] - Object: 'Object Repository/checkout/button_Proses Pembayaran' is clicked on

2023-10-05 15:17:28 - [TEST_STEP][PASSED] - verifyElementPresent(findTestObject("pembayaran/Tittle nomor invoice"), 0): Object 'Object Repository/pembayaran/Tittle nomor invoice' is present

2023-10-05 15:17:28 - [MESSAGE][WARNING] - Timeout '0' is invalid. Using default page load timeout: '30'

2023-10-05 15:17:28 - [MESSAGE][PASSED] - Object 'Object Repository/pembayaran/Tittle nomor invoice' is present

2023-10-05 15:17:28 - [TEST_STEP][PASSED] - return data: null

2023-10-05 15:17:28 - [MESSAGE][PASSED] - Call Test Case 'Test Cases/T13 Pembelian, Shipment dan Pembayaran/PBL-004' successfully

2023-10-05 15:17:28 - [TEST_STEP][PASSED] - Invoice = getText(findTestObject("pembayaran/nomor invoice")): Text of object 'Object Repository/pembayaran/nomor invoice' is: 'TRX60.20231005151723'

2023-10-05 15:17:29 - [MESSAGE][PASSED] - Text of object 'Object Repository/pembayaran/nomor invoice' is: 'TRX60.20231005151723'

2023-10-05 15:17:29 - [TEST_STEP][PASSED] - data.put("invoice", Invoice): null

2023-10-05 15:17:29 - [TEST_STEP][PASSED] - NamaPemesan = getText(findTestObject("Konfirmasi pesanan shop/Nama pemesan")): Text of object 'Object Repository/Konfirmasi pesanan shop/Nama pemesan' is: 'irfan.afandi'

2023-10-05 15:17:29 - [MESSAGE][PASSED] - Text of object 'Object Repository/Konfirmasi pesanan shop/Nama pemesan' is: 'irfan.afandi'

2023-10-05 15:17:29 - [TEST_STEP][PASSED] - Nama = getText(findTestObject("pembayaran/Nama barang")): Text of object 'Object Repository/pembayaran/Nama barang' is: 'Segitiga Instan Madeira - MDB5.3 Sunset'

2023-10-05 15:17:30 - [MESSAGE][PASSED] - Text of object 'Object Repository/pembayaran/Nama barang' is: 'Segitiga Instan Madeira - MDB5.3 Sunset'

2023-10-05 15:17:30 - [TEST_STEP][PASSED] - Harga = getText(findTestObject("pembayaran/Harga barang")): Text of object 'Object Repository/pembayaran/Harga barang' is: '1,299'

2023-10-05 15:17:30 - [MESSAGE][PASSED] - Text of object 'Object Repository/pembayaran/Harga barang' is: '1,299'

2023-10-05 15:17:30 - [TEST_STEP][PASSED] - name_product = data.get("nama_barang"): null

2023-10-05 15:17:30 - [TEST_STEP][PASSED] - price_product = data.get("price_barang"): null

2023-10-05 15:17:30 - [TEST_STEP][PASSED] - assert name_product.contains(Nama): null

2023-10-05 15:17:30 - [TEST_STEP][PASSED] - assert price_product.contains(Harga): null

2023-10-05 15:17:30 - [TEST_STEP][PASSED] - warnaa = getText(findTestObject("pembayaran/warna")): Text of object 'Object Repository/pembayaran/warna' is: 'Merah'

2023-10-05 15:17:31 - [MESSAGE][PASSED] - Text of object 'Object Repository/pembayaran/warna' is: 'Merah'

2023-10-05 15:17:31 - [TEST_STEP][PASSED] - ukurann = getText(findTestObject("pembayaran/ukuran")): Text of object 'Object Repository/pembayaran/ukuran' is: 'Menengah'

2023-10-05 15:17:31 - [MESSAGE][PASSED] - Text of object 'Object Repository/pembayaran/ukuran' is: 'Menengah'

2023-10-05 15:17:31 - [TEST_STEP][PASSED] - warna1 = data.get("Warna"): null

2023-10-05 15:17:31 - [TEST_STEP][PASSED] - ukuran1 = data.get("Ukuran"): null

2023-10-05 15:17:31 - [TEST_STEP][PASSED] - assert warnaa == warna1: null

2023-10-05 15:17:31 - [TEST_STEP][PASSED] - assert ukurann == ukuran1: null

2023-10-05 15:17:31 - [TEST_STEP][PASSED] - statusPembelian = getText(findTestObject("verifikasi/Status pending di pembelian")): Text of object 'Object Repository/verifikasi/Status pending di pembelian' is: 'Pending'

2023-10-05 15:17:32 - [MESSAGE][PASSED] - Text of object 'Object Repository/verifikasi/Status pending di pembelian' is: 'Pending'

2023-10-05 15:17:32 - [TEST_STEP][PASSED] - data.put("statusPem", statusPembelian): null

2023-10-05 15:17:32 - [TEST_STEP][PASSED] - OngkosKirim = getText(findTestObject("pembayaran/ongkos kirim")): Text of object 'Object Repository/pembayaran/ongkos kirim' is: 'Rp 5,000'

2023-10-05 15:17:32 - [MESSAGE][PASSED] - Text of object 'Object Repository/pembayaran/ongkos kirim' is: 'Rp 5,000'

2023-10-05 15:17:32 - [TEST_STEP][PASSED] - Ongkos = OngkosKirim.substring(3, OngkosKirim.size()): null

2023-10-05 15:17:32 - [TEST_STEP][PASSED] - rep = Ongkos.replace(",", ""): null

2023-10-05 15:17:32 - [TEST_STEP][PASSED] - Ongkos_kirimm = Integer.parseInt(rep): null

2023-10-05 15:17:32 - [TEST_STEP][PASSED] - println(Ongkos_kirimm): null

2023-10-05 15:17:32 - [TEST_STEP][PASSED] - FeeAdmin = getText(findTestObject("pembayaran/fee admin")): Text of object 'Object Repository/pembayaran/fee admin' is: 'Rp 1,500'

2023-10-05 15:17:33 - [MESSAGE][PASSED] - Text of object 'Object Repository/pembayaran/fee admin' is: 'Rp 1,500'

2023-10-05 15:17:33 - [TEST_STEP][PASSED] - Fee_Admin = FeeAdmin.substring(3, FeeAdmin.size()): null

2023-10-05 15:17:33 - [TEST_STEP][PASSED] - fee = Fee_Admin.replace(",", ""): null

2023-10-05 15:17:33 - [TEST_STEP][PASSED] - fee_adminn = Integer.parseInt(fee): null

2023-10-05 15:17:33 - [TEST_STEP][PASSED] - println(fee_adminn): null

2023-10-05 15:17:33 - [TEST_STEP][PASSED] - Subtotal = getText(findTestObject("pembayaran/subtotal")): Text of object 'Object Repository/pembayaran/subtotal' is: 'Rp 1,299'

2023-10-05 15:17:33 - [MESSAGE][PASSED] - Text of object 'Object Repository/pembayaran/subtotal' is: 'Rp 1,299'

2023-10-05 15:17:33 - [TEST_STEP][PASSED] - sub_total = Subtotal.substring(3, Subtotal.size()): null

2023-10-05 15:17:33 - [TEST_STEP][PASSED] - sub = sub_total.replace(",", ""): null

2023-10-05 15:17:33 - [TEST_STEP][PASSED] - sub_totall = Integer.parseInt(sub): null

2023-10-05 15:17:33 - [TEST_STEP][PASSED] - println(sub_totall): null

2023-10-05 15:17:33 - [TEST_STEP][PASSED] - unik = getText(findTestObject("pembayaran/kode unik")): Text of object 'Object Repository/pembayaran/kode unik' is: '+723'

2023-10-05 15:17:34 - [MESSAGE][PASSED] - Text of object 'Object Repository/pembayaran/kode unik' is: '+723'

2023-10-05 15:17:34 - [TEST_STEP][PASSED] - unikk = unik.replace("+", ""): null

2023-10-05 15:17:34 - [TEST_STEP][PASSED] - kode_unik = Integer.parseInt(unikk): null

2023-10-05 15:17:34 - [TEST_STEP][PASSED] - println(kode_unik): null

2023-10-05 15:17:34 - [TEST_STEP][PASSED] - Total = getText(findTestObject("pembayaran/total")): Text of object 'Object Repository/pembayaran/total' is: '8,522'

2023-10-05 15:17:34 - [MESSAGE][PASSED] - Text of object 'Object Repository/pembayaran/total' is: '8,522'

2023-10-05 15:17:34 - [TEST_STEP][PASSED] - total = Total.replace(",", ""): null

2023-10-05 15:17:34 - [TEST_STEP][PASSED] - totalll = Integer.parseInt(total): null

2023-10-05 15:17:34 - [TEST_STEP][PASSED] - println(totalll): null

2023-10-05 15:17:34 - [TEST_STEP][PASSED] - Total_Hargaa = Ongkos_kirimm + fee_adminn + sub_totall + kode_unik: null

2023-10-05 15:17:34 - [TEST_STEP][PASSED] - println(Total_Hargaa): null

2023-10-05 15:17:34 - [TEST_STEP][PASSED] - assert totalll == Total_Hargaa: null

2023-10-05 15:17:34 - [TEST_STEP][PASSED] - data.put("total", Total): null

2023-10-05 15:17:34 - [TEST_STEP][PASSED] - data.put("nama", NamaPemesan): null

2023-10-05 15:17:34 - [TEST_STEP][PASSED] - return data: null

2023-10-05 15:17:34 - [MESSAGE][PASSED] - Call Test Case 'Test Cases/T13 Pembelian, Shipment dan Pembayaran/PBY-001' successfully

2023-10-05 15:17:34 - [TEST_STEP][PASSED] - inv = data.get("invoice"): null

2023-10-05 15:17:34 - [TEST_STEP][PASSED] - Total = data.get("total"): null

2023-10-05 15:17:34 - [TEST_STEP][PASSED] - NamaPemesan = data.get("nama"): null

2023-10-05 15:17:34 - [TEST_STEP][PASSED] - click(findTestObject("Konfirmasi pesanan shop/Menu Shop")): Object: 'Object Repository/Konfirmasi pesanan shop/Menu Shop' is clicked on

2023-10-05 15:17:36 - [MESSAGE][PASSED] - Object: 'Object Repository/Konfirmasi pesanan shop/Menu Shop' is clicked on

2023-10-05 15:17:36 - [TEST_STEP][PASSED] - click(findTestObject("Konfirmasi pesanan shop/Menu Shop")): Object: 'Object Repository/Konfirmasi pesanan shop/Menu Shop' is clicked on

2023-10-05 15:17:37 - [MESSAGE][PASSED] - Object: 'Object Repository/Konfirmasi pesanan shop/Menu Shop' is clicked on

2023-10-05 15:17:37 - [TEST_STEP][PASSED] - click(findTestObject("Konfirmasi pesanan shop/Konfirmasi Orders")): Object: 'Object Repository/Konfirmasi pesanan shop/Konfirmasi Orders' is clicked on

2023-10-05 15:17:38 - [MESSAGE][PASSED] - Object: 'Object Repository/Konfirmasi pesanan shop/Konfirmasi Orders' is clicked on

2023-10-05 15:17:38 - [TEST_STEP][PASSED] - verifyElementPresent(findTestObject("Konfirmasi pesanan shop/Tittle Konfirmasi Pesanan"), 0): Object 'Object Repository/Konfirmasi pesanan shop/Tittle Konfirmasi Pesanan' is present

2023-10-05 15:17:38 - [MESSAGE][WARNING] - Timeout '0' is invalid. Using default page load timeout: '30'

2023-10-05 15:17:38 - [MESSAGE][PASSED] - Object 'Object Repository/Konfirmasi pesanan shop/Tittle Konfirmasi Pesanan' is present

2023-10-05 15:17:38 - [TEST_STEP][PASSED] - setText(findTestObject("Konfirmasi pesanan shop/input_No Pesanan"), inv): Text 'TRX60.20231005151723' is set on object 'Object Repository/Konfirmasi pesanan shop/input_No Pesanan'

2023-10-05 15:17:39 - [MESSAGE][PASSED] - Text 'TRX60.20231005151723' is set on object 'Object Repository/Konfirmasi pesanan shop/input_No Pesanan'

2023-10-05 15:17:39 - [TEST_STEP][PASSED] - setText(findTestObject("Konfirmasi pesanan shop/input_Alamat E-mai"), "irfan@gmail.com"): Text 'irfan@gmail.com' is set on object 'Object Repository/Konfirmasi pesanan shop/input_Alamat E-mai'

2023-10-05 15:17:40 - [MESSAGE][PASSED] - Text 'irfan@gmail.com' is set on object 'Object Repository/Konfirmasi pesanan shop/input_Alamat E-mai'

2023-10-05 15:17:40 - [TEST_STEP][PASSED] - click(findTestObject("Konfirmasi pesanan shop/button_Submit")): Object: 'Object Repository/Konfirmasi pesanan shop/button_Submit' is clicked on

2023-10-05 15:17:41 - [MESSAGE][PASSED] - Object: 'Object Repository/Konfirmasi pesanan shop/button_Submit' is clicked on

2023-10-05 15:17:41 - [TEST_STEP][PASSED] - verifyElementPresent(findTestObject("Konfirmasi pesanan shop/Tittle nomor invoice"), 0): Object 'Object Repository/Konfirmasi pesanan shop/Tittle nomor invoice' is present

2023-10-05 15:17:41 - [MESSAGE][WARNING] - Timeout '0' is invalid. Using default page load timeout: '30'

2023-10-05 15:17:42 - [MESSAGE][PASSED] - Object 'Object Repository/Konfirmasi pesanan shop/Tittle nomor invoice' is present

2023-10-05 15:17:42 - [TEST_STEP][PASSED] - setText(findTestObject("Konfirmasi pesanan shop/input_Total TagihanTransfer_b"), Total): Text '8,522' is set on object 'Object Repository/Konfirmasi pesanan shop/input_Total TagihanTransfer_b'

2023-10-05 15:17:43 - [MESSAGE][PASSED] - Text '8,522' is set on object 'Object Repository/Konfirmasi pesanan shop/input_Total TagihanTransfer_b'

2023-10-05 15:17:43 - [TEST_STEP][PASSED] - selectOptionByValue(findTestObject("Konfirmasi pesanan shop/select_Bank"), "4", false): All options with value '4' are selected in object 'Object Repository/Konfirmasi pesanan shop/select_Bank' 

2023-10-05 15:17:44 - [MESSAGE][PASSED] - All options with value '4' are selected in object 'Object Repository/Konfirmasi pesanan shop/select_Bank' 

2023-10-05 15:17:44 - [TEST_STEP][PASSED] - setText(findTestObject("Konfirmasi pesanan shop/input_Nama Pengirim_d"), NamaPemesan): Text 'irfan.afandi' is set on object 'Object Repository/Konfirmasi pesanan shop/input_Nama Pengirim_d'

2023-10-05 15:17:44 - [MESSAGE][PASSED] - Text 'irfan.afandi' is set on object 'Object Repository/Konfirmasi pesanan shop/input_Nama Pengirim_d'

2023-10-05 15:17:44 - [TEST_STEP][PASSED] - uploadFile(findTestObject("keranjang/konfirmasi/input_Upload Bukti Transfer_f"), "C:\Users\IRFAN\Downloads\Berkas2.pdf"): File 'C:\Users\IRFAN\Downloads\Berkas2.pdf' sent to object: 'Object Repository/keranjang/konfirmasi/input_Upload Bukti Transfer_f'

2023-10-05 15:17:45 - [MESSAGE][PASSED] - File 'C:\Users\IRFAN\Downloads\Berkas2.pdf' sent to object: 'Object Repository/keranjang/konfirmasi/input_Upload Bukti Transfer_f'

2023-10-05 15:17:45 - [TEST_STEP][PASSED] - click(findTestObject("Konfirmasi pesanan shop/button_Konfirmasi Pembayaran")): Object: 'Object Repository/Konfirmasi pesanan shop/button_Konfirmasi Pembayaran' is clicked on

2023-10-05 15:17:46 - [MESSAGE][PASSED] - Object: 'Object Repository/Konfirmasi pesanan shop/button_Konfirmasi Pembayaran' is clicked on

2023-10-05 15:17:46 - [TEST_STEP][PASSED] - verifyElementPresent(findTestObject("Konfirmasi pesanan shop/Tittle Konfirmasi Pesanan"), 0): Object 'Object Repository/Konfirmasi pesanan shop/Tittle Konfirmasi Pesanan' is present

2023-10-05 15:17:46 - [MESSAGE][WARNING] - Timeout '0' is invalid. Using default page load timeout: '30'

2023-10-05 15:17:47 - [MESSAGE][PASSED] - Object 'Object Repository/Konfirmasi pesanan shop/Tittle Konfirmasi Pesanan' is present

2023-10-05 15:17:47 - [TEST_STEP][PASSED] - verifyElementPresent(findTestObject("Konfirmasi pesanan shop/Tittle massage succes Konfirmasi Pembayaran Pesanan"), 0): Object 'Object Repository/Konfirmasi pesanan shop/Tittle massage succes Konfirmasi Pembayaran Pesanan' is present

2023-10-05 15:17:47 - [MESSAGE][WARNING] - Timeout '0' is invalid. Using default page load timeout: '30'

2023-10-05 15:17:47 - [MESSAGE][PASSED] - Object 'Object Repository/Konfirmasi pesanan shop/Tittle massage succes Konfirmasi Pembayaran Pesanan' is present

2023-10-05 15:17:47 - [TEST_STEP][PASSED] - return data: null

2023-10-05 15:17:47 - [MESSAGE][PASSED] - Call Test Case 'Test Cases/T13 Pembelian, Shipment dan Pembayaran/PBY-004' successfully

2023-10-05 15:17:47 - [TEST_STEP][PASSED] - navigateToUrl("https://10.9.2.63/ecommerce/administrator/"): Navigate to 'https://10.9.2.63/ecommerce/administrator/' successfully

2023-10-05 15:17:48 - [MESSAGE][PASSED] - Navigate to 'https://10.9.2.63/ecommerce/administrator/' successfully

2023-10-05 15:17:48 - [TEST_STEP][PASSED] - verifyElementPresent(findTestObject("admin/Tittle ADMIN Login"), 0): Object 'Object Repository/admin/Tittle ADMIN Login' is present

2023-10-05 15:17:48 - [MESSAGE][WARNING] - Timeout '0' is invalid. Using default page load timeout: '30'

2023-10-05 15:17:48 - [MESSAGE][PASSED] - Object 'Object Repository/admin/Tittle ADMIN Login' is present

2023-10-05 15:17:48 - [TEST_STEP][PASSED] - setText(findTestObject("admin/Username"), "admin"): Text 'admin' is set on object 'Object Repository/admin/Username'

2023-10-05 15:17:49 - [MESSAGE][PASSED] - Text 'admin' is set on object 'Object Repository/admin/Username'

2023-10-05 15:17:49 - [TEST_STEP][PASSED] - setText(findTestObject("admin/Password"), "123admin123"): Text '123admin123' is set on object 'Object Repository/admin/Password'

2023-10-05 15:17:50 - [MESSAGE][PASSED] - Text '123admin123' is set on object 'Object Repository/admin/Password'

2023-10-05 15:17:50 - [TEST_STEP][PASSED] - click(findTestObject("admin/Remember Me")): Object: 'Object Repository/admin/Remember Me' is clicked on

2023-10-05 15:17:50 - [MESSAGE][PASSED] - Object: 'Object Repository/admin/Remember Me' is clicked on

2023-10-05 15:17:50 - [TEST_STEP][PASSED] - delay(10): Delayed 10 second(s)

2023-10-05 15:18:00 - [MESSAGE][PASSED] - Delayed 10 second(s)

2023-10-05 15:18:00 - [TEST_STEP][PASSED] - click(findTestObject("admin/buttom submit")): Object: 'Object Repository/admin/buttom submit' is clicked on

2023-10-05 15:18:03 - [MESSAGE][PASSED] - Object: 'Object Repository/admin/buttom submit' is clicked on

2023-10-05 15:18:03 - [TEST_STEP][PASSED] - verifyElementPresent(findTestObject("admin/Konf order konsumen/Tittle Dashboard"), 0): Object 'Object Repository/admin/Konf order konsumen/Tittle Dashboard' is present

2023-10-05 15:18:03 - [MESSAGE][WARNING] - Timeout '0' is invalid. Using default page load timeout: '30'

2023-10-05 15:18:03 - [MESSAGE][PASSED] - Object 'Object Repository/admin/Konf order konsumen/Tittle Dashboard' is present

2023-10-05 15:18:03 - [TEST_STEP][PASSED] - click(findTestObject("admin/Konf order konsumen/Menu Transaksi Market")): Object: 'Object Repository/admin/Konf order konsumen/Menu Transaksi Market' is clicked on

2023-10-05 15:18:04 - [MESSAGE][PASSED] - Object: 'Object Repository/admin/Konf order konsumen/Menu Transaksi Market' is clicked on

2023-10-05 15:18:04 - [TEST_STEP][PASSED] - click(findTestObject("admin/Konf order konsumen/Menu Konf. Order Konsumen")): Object: 'Object Repository/admin/Konf order konsumen/Menu Konf. Order Konsumen' is clicked on

2023-10-05 15:18:07 - [MESSAGE][PASSED] - Object: 'Object Repository/admin/Konf order konsumen/Menu Konf. Order Konsumen' is clicked on

2023-10-05 15:18:07 - [TEST_STEP][PASSED] - verifyElementPresent(findTestObject("admin/Konf order konsumen/Tittle Data Konfirmasi Pembayaran Konsumen"), 0): Object 'Object Repository/admin/Konf order konsumen/Tittle Data Konfirmasi Pembayaran Konsumen' is present

2023-10-05 15:18:07 - [MESSAGE][WARNING] - Timeout '0' is invalid. Using default page load timeout: '30'

2023-10-05 15:18:07 - [MESSAGE][PASSED] - Object 'Object Repository/admin/Konf order konsumen/Tittle Data Konfirmasi Pembayaran Konsumen' is present

2023-10-05 15:18:07 - [TEST_STEP][PASSED] - inv = data.get("invoice"): null

2023-10-05 15:18:07 - [TEST_STEP][PASSED] - setText(findTestObject("admin/Konf order konsumen/Search"), inv): Text 'TRX60.20231005151723' is set on object 'Object Repository/admin/Konf order konsumen/Search'

2023-10-05 15:18:08 - [MESSAGE][PASSED] - Text 'TRX60.20231005151723' is set on object 'Object Repository/admin/Konf order konsumen/Search'

2023-10-05 15:18:08 - [TEST_STEP][PASSED] - verifyElementText(findTestObject("admin/Konf order konsumen/Keterangan Lunas"), "Lunas"): Actual text and expected text of test object 'Object Repository/admin/Konf order konsumen/Keterangan Lunas' are matched.

2023-10-05 15:18:09 - [MESSAGE][PASSED] - Actual text and expected text of test object 'Object Repository/admin/Konf order konsumen/Keterangan Lunas' are matched.

2023-10-05 15:18:09 - [TEST_STEP][PASSED] - return data: null

2023-10-05 15:18:09 - [MESSAGE][PASSED] - Call Test Case 'Test Cases/T13 Pembelian, Shipment dan Pembayaran/PBYA-001' successfully

2023-10-05 15:18:09 - [TEST_STEP][PASSED] - click(findTestObject("admin/Penjualan ke konsumen/buttom Dashboard")): Object: 'Object Repository/admin/Penjualan ke konsumen/buttom Dashboard' is clicked on

2023-10-05 15:18:09 - [MESSAGE][PASSED] - Object: 'Object Repository/admin/Penjualan ke konsumen/buttom Dashboard' is clicked on

2023-10-05 15:18:09 - [TEST_STEP][PASSED] - click(findTestObject("admin/Konf order konsumen/Menu Transaksi Market")): Object: 'Object Repository/admin/Konf order konsumen/Menu Transaksi Market' is clicked on

2023-10-05 15:18:10 - [MESSAGE][PASSED] - Object: 'Object Repository/admin/Konf order konsumen/Menu Transaksi Market' is clicked on

2023-10-05 15:18:10 - [TEST_STEP][PASSED] - click(findTestObject("admin/Penjualan ke konsumen/a_Penjualan ke Konsumen")): Object: 'Object Repository/admin/Penjualan ke konsumen/a_Penjualan ke Konsumen' is clicked on

2023-10-05 15:18:13 - [MESSAGE][PASSED] - Object: 'Object Repository/admin/Penjualan ke konsumen/a_Penjualan ke Konsumen' is clicked on

2023-10-05 15:18:13 - [TEST_STEP][PASSED] - verifyElementPresent(findTestObject("admin/Tittle Data Transaksi Penjualan  Orderan Konsumen"), 0): Object 'Object Repository/admin/Tittle Data Transaksi Penjualan  Orderan Konsumen' is present

2023-10-05 15:18:13 - [MESSAGE][WARNING] - Timeout '0' is invalid. Using default page load timeout: '30'

2023-10-05 15:18:14 - [MESSAGE][PASSED] - Object 'Object Repository/admin/Tittle Data Transaksi Penjualan  Orderan Konsumen' is present

2023-10-05 15:18:14 - [TEST_STEP][PASSED] - return data: null

2023-10-05 15:18:14 - [MESSAGE][PASSED] - Call Test Case 'Test Cases/T13 Pembelian, Shipment dan Pembayaran/SA-001' successfully

2023-10-05 15:18:14 - [TEST_STEP][PASSED] - inv = data.get("invoice"): null

2023-10-05 15:18:14 - [TEST_STEP][PASSED] - setText(findTestObject("admin/Penjualan ke konsumen/Search"), inv): Text 'TRX60.20231005151723' is set on object 'Object Repository/admin/Penjualan ke konsumen/Search'

2023-10-05 15:18:15 - [MESSAGE][PASSED] - Text 'TRX60.20231005151723' is set on object 'Object Repository/admin/Penjualan ke konsumen/Search'

2023-10-05 15:18:15 - [TEST_STEP][PASSED] - click(findTestObject("admin/Penjualan ke konsumen/buttom konfirmasi pending payment"), CONTINUE_ON_FAILURE): Object: 'Object Repository/admin/Penjualan ke konsumen/buttom konfirmasi pending payment' is clicked on

2023-10-05 15:18:15 - [MESSAGE][PASSED] - Object: 'Object Repository/admin/Penjualan ke konsumen/buttom konfirmasi pending payment' is clicked on

2023-10-05 15:18:15 - [TEST_STEP][PASSED] - waitForAlert(5, OPTIONAL): Alert is present after 5 second(s).

2023-10-05 15:18:15 - [MESSAGE][PASSED] - Alert is present after 5 second(s).

2023-10-05 15:18:15 - [TEST_STEP][PASSED] - acceptAlert(): Alert accepted

2023-10-05 15:18:15 - [MESSAGE][PASSED] - Alert accepted

2023-10-05 15:18:15 - [TEST_STEP][PASSED] - setText(findTestObject("admin/Penjualan ke konsumen/Search"), inv): Text 'TRX60.20231005151723' is set on object 'Object Repository/admin/Penjualan ke konsumen/Search'

2023-10-05 15:18:25 - [MESSAGE][PASSED] - Text 'TRX60.20231005151723' is set on object 'Object Repository/admin/Penjualan ke konsumen/Search'

2023-10-05 15:18:25 - [TEST_STEP][PASSED] - verifyTextNotPresent("pending payment", false): Text 'pending payment' is not present on page

2023-10-05 15:18:25 - [MESSAGE][PASSED] - Text 'pending payment' is not present on page

2023-10-05 15:18:25 - [TEST_STEP][PASSED] - return data: null

2023-10-05 15:18:25 - [MESSAGE][PASSED] - Call Test Case 'Test Cases/T13 Pembelian, Shipment dan Pembayaran/SA-002' successfully

2023-10-05 15:18:25 - [TEST_STEP][PASSED] - click(findTestObject("admin/Penjualan ke konsumen/buttom scroldown")): Object: 'Object Repository/admin/Penjualan ke konsumen/buttom scroldown' is clicked on

2023-10-05 15:18:26 - [MESSAGE][PASSED] - Object: 'Object Repository/admin/Penjualan ke konsumen/buttom scroldown' is clicked on

2023-10-05 15:18:26 - [TEST_STEP][PASSED] - click(findTestObject("shipment/a_BatalRefund")): Object: 'Object Repository/shipment/a_BatalRefund' is clicked on

2023-10-05 15:18:26 - [MESSAGE][PASSED] - Object: 'Object Repository/shipment/a_BatalRefund' is clicked on

2023-10-05 15:18:26 - [TEST_STEP][PASSED] - acceptAlert(): Alert accepted

2023-10-05 15:18:26 - [MESSAGE][PASSED] - Alert accepted

2023-10-05 15:18:26 - [TEST_STEP][PASSED] - inv = data.get("invoice"): null

2023-10-05 15:18:26 - [TEST_STEP][PASSED] - verifyTextNotPresent(inv, false): Text 'TRX60.20231005151723' is not present on page

2023-10-05 15:18:34 - [MESSAGE][PASSED] - Text 'TRX60.20231005151723' is not present on page

2023-10-05 15:18:34 - [TEST_STEP][PASSED] - return data: null]]></system-out>
         <system-err><![CDATA[]]></system-err>
      </testcase>
      <testcase name="Test Cases/T13 Pembelian, Shipment dan Pembayaran/SA-008" time="107.352" classname="Test Cases/T13 Pembelian, Shipment dan Pembayaran/SA-008" status="PASSED">
         <system-out><![CDATA[2023-10-05 15:18:34 - [TEST_CASE][PASSED] - Test Cases/T13 Pembelian, Shipment dan Pembayaran/SA-008: Test Cases/T13 Pembelian, Shipment dan Pembayaran/SA-008

2023-10-05 15:18:35 - [TEST_STEP][PASSED] - data = callTestCase(findTestCase("T13 Pembelian, Shipment dan Pembayaran/SA-002"), [:], STOP_ON_FAILURE): Call Test Case 'Test Cases/T13 Pembelian, Shipment dan Pembayaran/SA-002' successfully

2023-10-05 15:18:35 - [TEST_CASE][PASSED] - Test Cases/T13 Pembelian, Shipment dan Pembayaran/SA-002: Test Cases/T13 Pembelian, Shipment dan Pembayaran/SA-002

2023-10-05 15:18:35 - [TEST_STEP][PASSED] - data = callTestCase(findTestCase("T13 Pembelian, Shipment dan Pembayaran/SA-001"), [:], STOP_ON_FAILURE): Call Test Case 'Test Cases/T13 Pembelian, Shipment dan Pembayaran/SA-001' successfully

2023-10-05 15:18:35 - [TEST_CASE][PASSED] - Test Cases/T13 Pembelian, Shipment dan Pembayaran/SA-001: Test Cases/T13 Pembelian, Shipment dan Pembayaran/SA-001

2023-10-05 15:18:35 - [TEST_STEP][PASSED] - data = callTestCase(findTestCase("T13 Pembelian, Shipment dan Pembayaran/PBYA-001"), [:], STOP_ON_FAILURE): Call Test Case 'Test Cases/T13 Pembelian, Shipment dan Pembayaran/PBYA-001' successfully

2023-10-05 15:18:35 - [TEST_CASE][PASSED] - Test Cases/T13 Pembelian, Shipment dan Pembayaran/PBYA-001: Test Cases/T13 Pembelian, Shipment dan Pembayaran/PBYA-001

2023-10-05 15:18:35 - [TEST_STEP][PASSED] - data = callTestCase(findTestCase("T13 Pembelian, Shipment dan Pembayaran/PBY-004"), [:], STOP_ON_FAILURE): Call Test Case 'Test Cases/T13 Pembelian, Shipment dan Pembayaran/PBY-004' successfully

2023-10-05 15:18:35 - [TEST_CASE][PASSED] - Test Cases/T13 Pembelian, Shipment dan Pembayaran/PBY-004: Test Cases/T13 Pembelian, Shipment dan Pembayaran/PBY-004

2023-10-05 15:18:35 - [TEST_STEP][PASSED] - data = callTestCase(findTestCase("T13 Pembelian, Shipment dan Pembayaran/PBY-001"), [:], STOP_ON_FAILURE): Call Test Case 'Test Cases/T13 Pembelian, Shipment dan Pembayaran/PBY-001' successfully

2023-10-05 15:18:35 - [TEST_CASE][PASSED] - Test Cases/T13 Pembelian, Shipment dan Pembayaran/PBY-001: Test Cases/T13 Pembelian, Shipment dan Pembayaran/PBY-001

2023-10-05 15:18:35 - [TEST_STEP][PASSED] - data = callTestCase(findTestCase("T13 Pembelian, Shipment dan Pembayaran/PBL-004"), ["Kurir":"Roda 2"], STOP_ON_FAILURE): Call Test Case 'Test Cases/T13 Pembelian, Shipment dan Pembayaran/PBL-004' successfully

2023-10-05 15:18:35 - [TEST_CASE][PASSED] - Test Cases/T13 Pembelian, Shipment dan Pembayaran/PBL-004: Test Cases/T13 Pembelian, Shipment dan Pembayaran/PBL-004

2023-10-05 15:18:35 - [TEST_STEP][PASSED] - data = callTestCase(findTestCase("T13 Pembelian, Shipment dan Pembayaran/PBL-002"), [:], STOP_ON_FAILURE): Call Test Case 'Test Cases/T13 Pembelian, Shipment dan Pembayaran/PBL-002' successfully

2023-10-05 15:18:35 - [TEST_CASE][PASSED] - Test Cases/T13 Pembelian, Shipment dan Pembayaran/PBL-002: Test Cases/T13 Pembelian, Shipment dan Pembayaran/PBL-002

2023-10-05 15:18:35 - [TEST_STEP][PASSED] - data = callTestCase(findTestCase("T13 Pembelian, Shipment dan Pembayaran/PBL-001"), [:], STOP_ON_FAILURE): Call Test Case 'Test Cases/T13 Pembelian, Shipment dan Pembayaran/PBL-001' successfully

2023-10-05 15:18:35 - [TEST_CASE][PASSED] - Test Cases/T13 Pembelian, Shipment dan Pembayaran/PBL-001: Test Cases/T13 Pembelian, Shipment dan Pembayaran/PBL-001

2023-10-05 15:18:35 - [TEST_STEP][PASSED] - callTestCase(findTestCase("T13 Pembelian, Shipment dan Pembayaran/LU-001"), ["username":"irfanafandi", "password":"12345irfan"], STOP_ON_FAILURE): Call Test Case 'Test Cases/T13 Pembelian, Shipment dan Pembayaran/LU-001' successfully

2023-10-05 15:18:35 - [TEST_CASE][PASSED] - Test Cases/T13 Pembelian, Shipment dan Pembayaran/LU-001: Test Cases/T13 Pembelian, Shipment dan Pembayaran/LU-001

2023-10-05 15:18:35 - [TEST_STEP][PASSED] - openBrowser("https://10.9.2.63/ecommerce/"): Browser is opened with url: 'https://10.9.2.63/ecommerce/'

2023-10-05 15:18:35 - [MESSAGE][WARNING] - A browser is already opened. Closing browser and opening a new one

2023-10-05 15:18:36 - [MESSAGE][INFO] - Starting 'Edge Chromium' driver

2023-10-05 15:18:36 - [MESSAGE][INFO] - User set preference: ['acceptInsecureCerts', 'true']

2023-10-05 15:18:38 - [MESSAGE][INFO] - Action delay is set to 0 milliseconds

2023-10-05 15:18:42 - [MESSAGE][PASSED] - Browser is opened with url: 'https://10.9.2.63/ecommerce/'

2023-10-05 15:18:42 - [TEST_STEP][PASSED] - maximizeWindow(): Current window maximized

2023-10-05 15:18:42 - [MESSAGE][PASSED] - Current window maximized

2023-10-05 15:18:42 - [TEST_STEP][PASSED] - verifyElementPresent(findTestObject("Login/Home"), 0): Object 'Object Repository/Login/Home' is present

2023-10-05 15:18:42 - [MESSAGE][WARNING] - Timeout '0' is invalid. Using default page load timeout: '30'

2023-10-05 15:18:43 - [MESSAGE][PASSED] - Object 'Object Repository/Login/Home' is present

2023-10-05 15:18:43 - [TEST_STEP][PASSED] - click(findTestObject("Login/a_Login")): Object: 'Object Repository/Login/a_Login' is clicked on

2023-10-05 15:18:44 - [MESSAGE][PASSED] - Object: 'Object Repository/Login/a_Login' is clicked on

2023-10-05 15:18:44 - [TEST_STEP][PASSED] - verifyElementPresent(findTestObject("Login/Tittle Login"), 0): Object 'Object Repository/Login/Tittle Login' is present

2023-10-05 15:18:44 - [MESSAGE][WARNING] - Timeout '0' is invalid. Using default page load timeout: '30'

2023-10-05 15:18:44 - [MESSAGE][PASSED] - Object 'Object Repository/Login/Tittle Login' is present

2023-10-05 15:18:44 - [TEST_STEP][PASSED] - setText(findTestObject("Login/input_Username, Email atau No. Handphone_a"), username): Text 'irfanafandi' is set on object 'Object Repository/Login/input_Username, Email atau No. Handphone_a'

2023-10-05 15:18:45 - [MESSAGE][PASSED] - Text 'irfanafandi' is set on object 'Object Repository/Login/input_Username, Email atau No. Handphone_a'

2023-10-05 15:18:45 - [TEST_STEP][PASSED] - setText(findTestObject("Login/input_Password_b"), password): Text '12345irfan' is set on object 'Object Repository/Login/input_Password_b'

2023-10-05 15:18:46 - [MESSAGE][PASSED] - Text '12345irfan' is set on object 'Object Repository/Login/input_Password_b'

2023-10-05 15:18:46 - [TEST_STEP][PASSED] - click(findTestObject("Login/label_Ingat saya")): Object: 'Object Repository/Login/label_Ingat saya' is clicked on

2023-10-05 15:18:46 - [MESSAGE][PASSED] - Object: 'Object Repository/Login/label_Ingat saya' is clicked on

2023-10-05 15:18:46 - [TEST_STEP][PASSED] - click(findTestObject("Login/button_Masuk")): Object: 'Object Repository/Login/button_Masuk' is clicked on

2023-10-05 15:18:48 - [MESSAGE][PASSED] - Object: 'Object Repository/Login/button_Masuk' is clicked on

2023-10-05 15:18:48 - [TEST_STEP][PASSED] - verifyElementPresent(findTestObject("Login/li_Profile"), 0): Object 'Object Repository/Login/li_Profile' is present

2023-10-05 15:18:48 - [MESSAGE][WARNING] - Timeout '0' is invalid. Using default page load timeout: '30'

2023-10-05 15:18:49 - [MESSAGE][PASSED] - Object 'Object Repository/Login/li_Profile' is present

2023-10-05 15:18:49 - [MESSAGE][PASSED] - Call Test Case 'Test Cases/T13 Pembelian, Shipment dan Pembayaran/LU-001' successfully

2023-10-05 15:18:49 - [TEST_STEP][PASSED] - mouseOver(findTestObject("beli barang/i_Mulai Belanja_icon-menu")): Object: 'Object Repository/beli barang/i_Mulai Belanja_icon-menu' is hovered

2023-10-05 15:18:49 - [MESSAGE][PASSED] - Object: 'Object Repository/beli barang/i_Mulai Belanja_icon-menu' is hovered

2023-10-05 15:18:49 - [TEST_STEP][PASSED] - click(findTestObject("beli barang/a_Fashion  Busana Wanita")): Object: 'Object Repository/beli barang/a_Fashion  Busana Wanita' is clicked on

2023-10-05 15:18:51 - [MESSAGE][PASSED] - Object: 'Object Repository/beli barang/a_Fashion  Busana Wanita' is clicked on

2023-10-05 15:18:51 - [TEST_STEP][PASSED] - NamaSebelum = getText(findTestObject("verifikasi/Nama sebelum")): Text of object 'Object Repository/verifikasi/Nama sebelum' is: ''

2023-10-05 15:18:51 - [MESSAGE][PASSED] - Text of object 'Object Repository/verifikasi/Nama sebelum' is: ''

2023-10-05 15:18:51 - [TEST_STEP][PASSED] - HargaSebelum = getText(findTestObject("verifikasi/Harga sebelum")): Text of object 'Object Repository/verifikasi/Harga sebelum' is: 'Rp 1,299'

2023-10-05 15:18:52 - [MESSAGE][PASSED] - Text of object 'Object Repository/verifikasi/Harga sebelum' is: 'Rp 1,299'

2023-10-05 15:18:52 - [TEST_STEP][PASSED] - mouseOver(findTestObject("beli barang/barang mouse over")): Object: 'Object Repository/beli barang/barang mouse over' is hovered

2023-10-05 15:18:52 - [MESSAGE][PASSED] - Object: 'Object Repository/beli barang/barang mouse over' is hovered

2023-10-05 15:18:52 - [TEST_STEP][PASSED] - click(findTestObject("beli barang/buttom add to cart")): Object: 'Object Repository/beli barang/buttom add to cart' is clicked on

2023-10-05 15:18:54 - [MESSAGE][PASSED] - Object: 'Object Repository/beli barang/buttom add to cart' is clicked on

2023-10-05 15:18:54 - [TEST_STEP][PASSED] - NamaSesudah = getText(findTestObject("verifikasi/Nama sesudah")): Text of object 'Object Repository/verifikasi/Nama sesudah' is: 'Segitiga Instan Madeira - MDB5.3 Sunset'

2023-10-05 15:18:54 - [MESSAGE][PASSED] - Text of object 'Object Repository/verifikasi/Nama sesudah' is: 'Segitiga Instan Madeira - MDB5.3 Sunset'

2023-10-05 15:18:54 - [TEST_STEP][PASSED] - HargaSesudah = getText(findTestObject("verifikasi/Harga sesudah")): Text of object 'Object Repository/verifikasi/Harga sesudah' is: 'Rp 1,299'

2023-10-05 15:18:55 - [MESSAGE][PASSED] - Text of object 'Object Repository/verifikasi/Harga sesudah' is: 'Rp 1,299'

2023-10-05 15:18:55 - [TEST_STEP][PASSED] - assert NamaSesudah.contains(NamaSebelum): null

2023-10-05 15:18:55 - [TEST_STEP][PASSED] - assert HargaSesudah.contains(HargaSebelum): null

2023-10-05 15:18:55 - [TEST_STEP][PASSED] - click(findTestObject("beli barang/Tambah Keranjang busana wanita")): Object: 'Object Repository/beli barang/Tambah Keranjang busana wanita' is clicked on

2023-10-05 15:18:55 - [MESSAGE][PASSED] - Object: 'Object Repository/beli barang/Tambah Keranjang busana wanita' is clicked on

2023-10-05 15:18:55 - [TEST_STEP][PASSED] - verifyElementPresent(findTestObject("checkout/Notifikasi keranjang"), 1): Object 'Object Repository/checkout/Notifikasi keranjang' is present

2023-10-05 15:18:56 - [MESSAGE][PASSED] - Object 'Object Repository/checkout/Notifikasi keranjang' is present

2023-10-05 15:18:56 - [TEST_STEP][PASSED] - data = new java.util.HashMap(): null

2023-10-05 15:18:56 - [TEST_STEP][PASSED] - data.put("nama_barang", NamaSesudah): null

2023-10-05 15:18:56 - [TEST_STEP][PASSED] - data.put("price_barang", HargaSesudah): null

2023-10-05 15:18:56 - [TEST_STEP][PASSED] - return data: null

2023-10-05 15:18:56 - [MESSAGE][PASSED] - Call Test Case 'Test Cases/T13 Pembelian, Shipment dan Pembayaran/PBL-001' successfully

2023-10-05 15:18:56 - [TEST_STEP][PASSED] - mouseOver(findTestObject("beli barang/keranjang")): Object: 'Object Repository/beli barang/keranjang' is hovered

2023-10-05 15:18:57 - [MESSAGE][PASSED] - Object: 'Object Repository/beli barang/keranjang' is hovered

2023-10-05 15:18:57 - [TEST_STEP][PASSED] - click(findTestObject("beli barang/Lihat Sekarang")): Object: 'Object Repository/beli barang/Lihat Sekarang' is clicked on

2023-10-05 15:18:58 - [MESSAGE][PASSED] - Object: 'Object Repository/beli barang/Lihat Sekarang' is clicked on

2023-10-05 15:18:58 - [TEST_STEP][PASSED] - verifyElementPresent(findTestObject("keranjang/li_Keranjang Belanja"), 0): Object 'Object Repository/keranjang/li_Keranjang Belanja' is present

2023-10-05 15:18:58 - [MESSAGE][WARNING] - Timeout '0' is invalid. Using default page load timeout: '30'

2023-10-05 15:18:59 - [MESSAGE][PASSED] - Object 'Object Repository/keranjang/li_Keranjang Belanja' is present

2023-10-05 15:18:59 - [TEST_STEP][PASSED] - NamaKeranjang = getText(findTestObject("verifikasi/Nama keranjang")): Text of object 'Object Repository/verifikasi/Nama keranjang' is: 'Segitiga Instan Madeira - MDB5.3 Sunset'

2023-10-05 15:18:59 - [MESSAGE][PASSED] - Text of object 'Object Repository/verifikasi/Nama keranjang' is: 'Segitiga Instan Madeira - MDB5.3 Sunset'

2023-10-05 15:18:59 - [TEST_STEP][PASSED] - HargaKeranjang = getText(findTestObject("verifikasi/Harga Keranjang")): Text of object 'Object Repository/verifikasi/Harga Keranjang' is: 'Rp 1,299'

2023-10-05 15:19:00 - [MESSAGE][PASSED] - Text of object 'Object Repository/verifikasi/Harga Keranjang' is: 'Rp 1,299'

2023-10-05 15:19:00 - [TEST_STEP][PASSED] - if (toString().equalsIgnoreCase("Merah")): Object 'Object Repository/keranjang/input_Warna_variasi101' is checked

2023-10-05 15:19:00 - [TEST_STEP][PASSED] - check(findTestObject("Object Repository/keranjang/input_Warna_variasi101")): Object 'Object Repository/keranjang/input_Warna_variasi101' is checked

2023-10-05 15:19:00 - [MESSAGE][PASSED] - Object 'Object Repository/keranjang/input_Warna_variasi101' is checked

2023-10-05 15:19:00 - [TEST_STEP][PASSED] - if (toString().equalsIgnoreCase("Menengah")): Object 'Object Repository/keranjang/input_Ukuran_variasi201' is checked

2023-10-05 15:19:00 - [TEST_STEP][PASSED] - check(findTestObject("Object Repository/keranjang/input_Ukuran_variasi201")): Object 'Object Repository/keranjang/input_Ukuran_variasi201' is checked

2023-10-05 15:19:01 - [MESSAGE][PASSED] - Object 'Object Repository/keranjang/input_Ukuran_variasi201' is checked

2023-10-05 15:19:01 - [TEST_STEP][PASSED] - data.put("Warna", warna): null

2023-10-05 15:19:01 - [TEST_STEP][PASSED] - data.put("Ukuran", ukuran): null

2023-10-05 15:19:01 - [TEST_STEP][PASSED] - click(findTestObject("keranjang/button_Lanjut ke Pembayaran")): Object: 'Object Repository/keranjang/button_Lanjut ke Pembayaran' is clicked on

2023-10-05 15:19:02 - [MESSAGE][PASSED] - Object: 'Object Repository/keranjang/button_Lanjut ke Pembayaran' is clicked on

2023-10-05 15:19:02 - [TEST_STEP][PASSED] - verifyElementPresent(findTestObject("checkout/Tittle Checkout Order"), 0): Object 'Object Repository/checkout/Tittle Checkout Order' is present

2023-10-05 15:19:02 - [MESSAGE][WARNING] - Timeout '0' is invalid. Using default page load timeout: '30'

2023-10-05 15:19:03 - [MESSAGE][PASSED] - Object 'Object Repository/checkout/Tittle Checkout Order' is present

2023-10-05 15:19:03 - [TEST_STEP][PASSED] - name_product = data.get("nama_barang"): null

2023-10-05 15:19:03 - [TEST_STEP][PASSED] - price_product = data.get("price_barang"): null

2023-10-05 15:19:03 - [TEST_STEP][PASSED] - assert name_product == NamaKeranjang: null

2023-10-05 15:19:03 - [TEST_STEP][PASSED] - assert price_product == HargaKeranjang: null

2023-10-05 15:19:03 - [TEST_STEP][PASSED] - return data: null

2023-10-05 15:19:03 - [MESSAGE][PASSED] - Call Test Case 'Test Cases/T13 Pembelian, Shipment dan Pembayaran/PBL-002' successfully

2023-10-05 15:19:03 - [TEST_STEP][PASSED] - warnaa = getText(findTestObject("verifikasi/warna Merah")): Text of object 'Object Repository/verifikasi/warna Merah' is: 'Merah'

2023-10-05 15:19:03 - [MESSAGE][PASSED] - Text of object 'Object Repository/verifikasi/warna Merah' is: 'Merah'

2023-10-05 15:19:03 - [TEST_STEP][PASSED] - ukurann = getText(findTestObject("verifikasi/Ukuran Menengah")): Text of object 'Object Repository/verifikasi/Ukuran Menengah' is: 'Menengah'

2023-10-05 15:19:03 - [MESSAGE][PASSED] - Text of object 'Object Repository/verifikasi/Ukuran Menengah' is: 'Menengah'

2023-10-05 15:19:03 - [TEST_STEP][PASSED] - warna1 = data.get("Warna"): null

2023-10-05 15:19:03 - [TEST_STEP][PASSED] - ukuran1 = data.get("Ukuran"): null

2023-10-05 15:19:03 - [TEST_STEP][PASSED] - assert warnaa == warna1: null

2023-10-05 15:19:03 - [TEST_STEP][PASSED] - assert ukurann == ukuran1: null

2023-10-05 15:19:03 - [TEST_STEP][PASSED] - NamaCheckout = getText(findTestObject("verifikasi/NamaCheckout")): Text of object 'Object Repository/verifikasi/NamaCheckout' is: ''

2023-10-05 15:19:04 - [MESSAGE][PASSED] - Text of object 'Object Repository/verifikasi/NamaCheckout' is: ''

2023-10-05 15:19:04 - [TEST_STEP][PASSED] - HargaCheckout = getText(findTestObject("verifikasi/HargaCheckout")): Text of object 'Object Repository/verifikasi/HargaCheckout' is: '1,299'

2023-10-05 15:19:04 - [MESSAGE][PASSED] - Text of object 'Object Repository/verifikasi/HargaCheckout' is: '1,299'

2023-10-05 15:19:04 - [TEST_STEP][PASSED] - name_product = data.get("nama_barang"): null

2023-10-05 15:19:04 - [TEST_STEP][PASSED] - price_product = data.get("price_barang"): null

2023-10-05 15:19:04 - [TEST_STEP][PASSED] - assert name_product.contains(NamaCheckout): null

2023-10-05 15:19:04 - [TEST_STEP][PASSED] - assert price_product.contains(HargaCheckout): null

2023-10-05 15:19:04 - [TEST_STEP][PASSED] - selectOptionByLabel(findTestObject("checkout/select - Kirim via Kurir Lokal"), Kurir, false): All options with label 'Roda 2' are selected in object 'Object Repository/checkout/select - Kirim via Kurir Lokal' 

2023-10-05 15:19:05 - [MESSAGE][PASSED] - All options with label 'Roda 2' are selected in object 'Object Repository/checkout/select - Kirim via Kurir Lokal' 

2023-10-05 15:19:05 - [TEST_STEP][PASSED] - click(findTestObject("checkout/Kendaraan Kurir")): Object: 'Object Repository/checkout/Kendaraan Kurir' is clicked on

2023-10-05 15:19:06 - [MESSAGE][PASSED] - Object: 'Object Repository/checkout/Kendaraan Kurir' is clicked on

2023-10-05 15:19:06 - [TEST_STEP][PASSED] - OngkosKirim = getText(findTestObject("Object Repository/verifikasi/Ongkos Kirim checkout")): Text of object 'Object Repository/verifikasi/Ongkos Kirim checkout' is: 'Rp. 5,000'

2023-10-05 15:19:06 - [MESSAGE][PASSED] - Text of object 'Object Repository/verifikasi/Ongkos Kirim checkout' is: 'Rp. 5,000'

2023-10-05 15:19:06 - [TEST_STEP][PASSED] - Ongkos = OngkosKirim.substring(3, OngkosKirim.size()): null

2023-10-05 15:19:06 - [TEST_STEP][PASSED] - rep = Ongkos.replace(",", "."): null

2023-10-05 15:19:06 - [TEST_STEP][PASSED] - Ongkos_kirim = Double.parseDouble(rep): null

2023-10-05 15:19:06 - [TEST_STEP][PASSED] - println(Ongkos_kirim): null

2023-10-05 15:19:06 - [TEST_STEP][PASSED] - FeeAdmin = getText(findTestObject("verifikasi/Fee Admin checkout")): Text of object 'Object Repository/verifikasi/Fee Admin checkout' is: 'Fee Admin
Rp 1,500'

2023-10-05 15:19:07 - [MESSAGE][PASSED] - Text of object 'Object Repository/verifikasi/Fee Admin checkout' is: 'Fee Admin
Rp 1,500'

2023-10-05 15:19:07 - [TEST_STEP][PASSED] - Fee_Admin = FeeAdmin.substring(12, FeeAdmin.size()): null

2023-10-05 15:19:07 - [TEST_STEP][PASSED] - fee = Fee_Admin.replace(",", "."): null

2023-10-05 15:19:07 - [TEST_STEP][PASSED] - fee_admin = Double.parseDouble(fee): null

2023-10-05 15:19:07 - [TEST_STEP][PASSED] - println(fee_admin): null

2023-10-05 15:19:07 - [TEST_STEP][PASSED] - Subtotal = getText(findTestObject("verifikasi/subtotal checkout")): Text of object 'Object Repository/verifikasi/subtotal checkout' is: 'Subtotal
Rp 1,299'

2023-10-05 15:19:07 - [MESSAGE][PASSED] - Text of object 'Object Repository/verifikasi/subtotal checkout' is: 'Subtotal
Rp 1,299'

2023-10-05 15:19:07 - [TEST_STEP][PASSED] - sub_total = Subtotal.substring(12, Subtotal.size()): null

2023-10-05 15:19:07 - [TEST_STEP][PASSED] - sub = sub_total.replace(",", "."): null

2023-10-05 15:19:07 - [TEST_STEP][PASSED] - sub_total = Double.parseDouble(sub): null

2023-10-05 15:19:07 - [TEST_STEP][PASSED] - println(sub_total): null

2023-10-05 15:19:07 - [TEST_STEP][PASSED] - Total = getText(findTestObject("verifikasi/Total checkout")): Text of object 'Object Repository/verifikasi/Total checkout' is: 'Rp 7,799'

2023-10-05 15:19:07 - [MESSAGE][PASSED] - Text of object 'Object Repository/verifikasi/Total checkout' is: 'Rp 7,799'

2023-10-05 15:19:07 - [TEST_STEP][PASSED] - totall = Total.substring(3, Total.size()): null

2023-10-05 15:19:07 - [TEST_STEP][PASSED] - total = totall.replace(",", "."): null

2023-10-05 15:19:07 - [TEST_STEP][PASSED] - totall = Double.parseDouble(total): null

2023-10-05 15:19:07 - [TEST_STEP][PASSED] - println(totall): null

2023-10-05 15:19:07 - [TEST_STEP][PASSED] - Total_Harga = Ongkos_kirim + fee_admin + sub_total: null

2023-10-05 15:19:07 - [TEST_STEP][PASSED] - println(Total_Harga): null

2023-10-05 15:19:07 - [TEST_STEP][PASSED] - TotalHarga = Math.round(Total_Harga * 1000) / 1000: null

2023-10-05 15:19:07 - [TEST_STEP][PASSED] - println(TotalHarga): null

2023-10-05 15:19:07 - [TEST_STEP][PASSED] - assert totall == TotalHarga: null

2023-10-05 15:19:07 - [TEST_STEP][PASSED] - click(findTestObject("verifikasi/Metode Transfer")): Object: 'Object Repository/verifikasi/Metode Transfer' is clicked on

2023-10-05 15:19:08 - [MESSAGE][PASSED] - Object: 'Object Repository/verifikasi/Metode Transfer' is clicked on

2023-10-05 15:19:08 - [TEST_STEP][PASSED] - click(findTestObject("checkout/button_Proses Pembayaran")): Object: 'Object Repository/checkout/button_Proses Pembayaran' is clicked on

2023-10-05 15:19:16 - [MESSAGE][PASSED] - Object: 'Object Repository/checkout/button_Proses Pembayaran' is clicked on

2023-10-05 15:19:16 - [TEST_STEP][PASSED] - verifyElementPresent(findTestObject("pembayaran/Tittle nomor invoice"), 0): Object 'Object Repository/pembayaran/Tittle nomor invoice' is present

2023-10-05 15:19:16 - [MESSAGE][WARNING] - Timeout '0' is invalid. Using default page load timeout: '30'

2023-10-05 15:19:17 - [MESSAGE][PASSED] - Object 'Object Repository/pembayaran/Tittle nomor invoice' is present

2023-10-05 15:19:17 - [TEST_STEP][PASSED] - return data: null

2023-10-05 15:19:17 - [MESSAGE][PASSED] - Call Test Case 'Test Cases/T13 Pembelian, Shipment dan Pembayaran/PBL-004' successfully

2023-10-05 15:19:17 - [TEST_STEP][PASSED] - Invoice = getText(findTestObject("pembayaran/nomor invoice")): Text of object 'Object Repository/pembayaran/nomor invoice' is: 'TRX60.20231005151912'

2023-10-05 15:19:18 - [MESSAGE][PASSED] - Text of object 'Object Repository/pembayaran/nomor invoice' is: 'TRX60.20231005151912'

2023-10-05 15:19:18 - [TEST_STEP][PASSED] - data.put("invoice", Invoice): null

2023-10-05 15:19:18 - [TEST_STEP][PASSED] - NamaPemesan = getText(findTestObject("Konfirmasi pesanan shop/Nama pemesan")): Text of object 'Object Repository/Konfirmasi pesanan shop/Nama pemesan' is: 'irfan.afandi'

2023-10-05 15:19:18 - [MESSAGE][PASSED] - Text of object 'Object Repository/Konfirmasi pesanan shop/Nama pemesan' is: 'irfan.afandi'

2023-10-05 15:19:18 - [TEST_STEP][PASSED] - Nama = getText(findTestObject("pembayaran/Nama barang")): Text of object 'Object Repository/pembayaran/Nama barang' is: 'Segitiga Instan Madeira - MDB5.3 Sunset'

2023-10-05 15:19:19 - [MESSAGE][PASSED] - Text of object 'Object Repository/pembayaran/Nama barang' is: 'Segitiga Instan Madeira - MDB5.3 Sunset'

2023-10-05 15:19:19 - [TEST_STEP][PASSED] - Harga = getText(findTestObject("pembayaran/Harga barang")): Text of object 'Object Repository/pembayaran/Harga barang' is: '1,299'

2023-10-05 15:19:19 - [MESSAGE][PASSED] - Text of object 'Object Repository/pembayaran/Harga barang' is: '1,299'

2023-10-05 15:19:19 - [TEST_STEP][PASSED] - name_product = data.get("nama_barang"): null

2023-10-05 15:19:19 - [TEST_STEP][PASSED] - price_product = data.get("price_barang"): null

2023-10-05 15:19:19 - [TEST_STEP][PASSED] - assert name_product.contains(Nama): null

2023-10-05 15:19:19 - [TEST_STEP][PASSED] - assert price_product.contains(Harga): null

2023-10-05 15:19:19 - [TEST_STEP][PASSED] - warnaa = getText(findTestObject("pembayaran/warna")): Text of object 'Object Repository/pembayaran/warna' is: 'Merah'

2023-10-05 15:19:20 - [MESSAGE][PASSED] - Text of object 'Object Repository/pembayaran/warna' is: 'Merah'

2023-10-05 15:19:20 - [TEST_STEP][PASSED] - ukurann = getText(findTestObject("pembayaran/ukuran")): Text of object 'Object Repository/pembayaran/ukuran' is: 'Menengah'

2023-10-05 15:19:20 - [MESSAGE][PASSED] - Text of object 'Object Repository/pembayaran/ukuran' is: 'Menengah'

2023-10-05 15:19:20 - [TEST_STEP][PASSED] - warna1 = data.get("Warna"): null

2023-10-05 15:19:20 - [TEST_STEP][PASSED] - ukuran1 = data.get("Ukuran"): null

2023-10-05 15:19:20 - [TEST_STEP][PASSED] - assert warnaa == warna1: null

2023-10-05 15:19:20 - [TEST_STEP][PASSED] - assert ukurann == ukuran1: null

2023-10-05 15:19:20 - [TEST_STEP][PASSED] - statusPembelian = getText(findTestObject("verifikasi/Status pending di pembelian")): Text of object 'Object Repository/verifikasi/Status pending di pembelian' is: 'Pending'

2023-10-05 15:19:21 - [MESSAGE][PASSED] - Text of object 'Object Repository/verifikasi/Status pending di pembelian' is: 'Pending'

2023-10-05 15:19:21 - [TEST_STEP][PASSED] - data.put("statusPem", statusPembelian): null

2023-10-05 15:19:21 - [TEST_STEP][PASSED] - OngkosKirim = getText(findTestObject("pembayaran/ongkos kirim")): Text of object 'Object Repository/pembayaran/ongkos kirim' is: 'Rp 5,000'

2023-10-05 15:19:21 - [MESSAGE][PASSED] - Text of object 'Object Repository/pembayaran/ongkos kirim' is: 'Rp 5,000'

2023-10-05 15:19:21 - [TEST_STEP][PASSED] - Ongkos = OngkosKirim.substring(3, OngkosKirim.size()): null

2023-10-05 15:19:21 - [TEST_STEP][PASSED] - rep = Ongkos.replace(",", ""): null

2023-10-05 15:19:21 - [TEST_STEP][PASSED] - Ongkos_kirimm = Integer.parseInt(rep): null

2023-10-05 15:19:21 - [TEST_STEP][PASSED] - println(Ongkos_kirimm): null

2023-10-05 15:19:21 - [TEST_STEP][PASSED] - FeeAdmin = getText(findTestObject("pembayaran/fee admin")): Text of object 'Object Repository/pembayaran/fee admin' is: 'Rp 1,500'

2023-10-05 15:19:22 - [MESSAGE][PASSED] - Text of object 'Object Repository/pembayaran/fee admin' is: 'Rp 1,500'

2023-10-05 15:19:22 - [TEST_STEP][PASSED] - Fee_Admin = FeeAdmin.substring(3, FeeAdmin.size()): null

2023-10-05 15:19:22 - [TEST_STEP][PASSED] - fee = Fee_Admin.replace(",", ""): null

2023-10-05 15:19:22 - [TEST_STEP][PASSED] - fee_adminn = Integer.parseInt(fee): null

2023-10-05 15:19:22 - [TEST_STEP][PASSED] - println(fee_adminn): null

2023-10-05 15:19:22 - [TEST_STEP][PASSED] - Subtotal = getText(findTestObject("pembayaran/subtotal")): Text of object 'Object Repository/pembayaran/subtotal' is: 'Rp 1,299'

2023-10-05 15:19:22 - [MESSAGE][PASSED] - Text of object 'Object Repository/pembayaran/subtotal' is: 'Rp 1,299'

2023-10-05 15:19:22 - [TEST_STEP][PASSED] - sub_total = Subtotal.substring(3, Subtotal.size()): null

2023-10-05 15:19:22 - [TEST_STEP][PASSED] - sub = sub_total.replace(",", ""): null

2023-10-05 15:19:22 - [TEST_STEP][PASSED] - sub_totall = Integer.parseInt(sub): null

2023-10-05 15:19:22 - [TEST_STEP][PASSED] - println(sub_totall): null

2023-10-05 15:19:22 - [TEST_STEP][PASSED] - unik = getText(findTestObject("pembayaran/kode unik")): Text of object 'Object Repository/pembayaran/kode unik' is: '+912'

2023-10-05 15:19:23 - [MESSAGE][PASSED] - Text of object 'Object Repository/pembayaran/kode unik' is: '+912'

2023-10-05 15:19:23 - [TEST_STEP][PASSED] - unikk = unik.replace("+", ""): null

2023-10-05 15:19:23 - [TEST_STEP][PASSED] - kode_unik = Integer.parseInt(unikk): null

2023-10-05 15:19:23 - [TEST_STEP][PASSED] - println(kode_unik): null

2023-10-05 15:19:23 - [TEST_STEP][PASSED] - Total = getText(findTestObject("pembayaran/total")): Text of object 'Object Repository/pembayaran/total' is: '8,711'

2023-10-05 15:19:23 - [MESSAGE][PASSED] - Text of object 'Object Repository/pembayaran/total' is: '8,711'

2023-10-05 15:19:23 - [TEST_STEP][PASSED] - total = Total.replace(",", ""): null

2023-10-05 15:19:23 - [TEST_STEP][PASSED] - totalll = Integer.parseInt(total): null

2023-10-05 15:19:23 - [TEST_STEP][PASSED] - println(totalll): null

2023-10-05 15:19:23 - [TEST_STEP][PASSED] - Total_Hargaa = Ongkos_kirimm + fee_adminn + sub_totall + kode_unik: null

2023-10-05 15:19:23 - [TEST_STEP][PASSED] - println(Total_Hargaa): null

2023-10-05 15:19:23 - [TEST_STEP][PASSED] - assert totalll == Total_Hargaa: null

2023-10-05 15:19:23 - [TEST_STEP][PASSED] - data.put("total", Total): null

2023-10-05 15:19:23 - [TEST_STEP][PASSED] - data.put("nama", NamaPemesan): null

2023-10-05 15:19:23 - [TEST_STEP][PASSED] - return data: null

2023-10-05 15:19:23 - [MESSAGE][PASSED] - Call Test Case 'Test Cases/T13 Pembelian, Shipment dan Pembayaran/PBY-001' successfully

2023-10-05 15:19:23 - [TEST_STEP][PASSED] - inv = data.get("invoice"): null

2023-10-05 15:19:23 - [TEST_STEP][PASSED] - Total = data.get("total"): null

2023-10-05 15:19:23 - [TEST_STEP][PASSED] - NamaPemesan = data.get("nama"): null

2023-10-05 15:19:23 - [TEST_STEP][PASSED] - click(findTestObject("Konfirmasi pesanan shop/Menu Shop")): Object: 'Object Repository/Konfirmasi pesanan shop/Menu Shop' is clicked on

2023-10-05 15:19:25 - [MESSAGE][PASSED] - Object: 'Object Repository/Konfirmasi pesanan shop/Menu Shop' is clicked on

2023-10-05 15:19:25 - [TEST_STEP][PASSED] - click(findTestObject("Konfirmasi pesanan shop/Menu Shop")): Object: 'Object Repository/Konfirmasi pesanan shop/Menu Shop' is clicked on

2023-10-05 15:19:26 - [MESSAGE][PASSED] - Object: 'Object Repository/Konfirmasi pesanan shop/Menu Shop' is clicked on

2023-10-05 15:19:26 - [TEST_STEP][PASSED] - click(findTestObject("Konfirmasi pesanan shop/Konfirmasi Orders")): Object: 'Object Repository/Konfirmasi pesanan shop/Konfirmasi Orders' is clicked on

2023-10-05 15:19:27 - [MESSAGE][PASSED] - Object: 'Object Repository/Konfirmasi pesanan shop/Konfirmasi Orders' is clicked on

2023-10-05 15:19:27 - [TEST_STEP][PASSED] - verifyElementPresent(findTestObject("Konfirmasi pesanan shop/Tittle Konfirmasi Pesanan"), 0): Object 'Object Repository/Konfirmasi pesanan shop/Tittle Konfirmasi Pesanan' is present

2023-10-05 15:19:27 - [MESSAGE][WARNING] - Timeout '0' is invalid. Using default page load timeout: '30'

2023-10-05 15:19:27 - [MESSAGE][PASSED] - Object 'Object Repository/Konfirmasi pesanan shop/Tittle Konfirmasi Pesanan' is present

2023-10-05 15:19:27 - [TEST_STEP][PASSED] - setText(findTestObject("Konfirmasi pesanan shop/input_No Pesanan"), inv): Text 'TRX60.20231005151912' is set on object 'Object Repository/Konfirmasi pesanan shop/input_No Pesanan'

2023-10-05 15:19:28 - [MESSAGE][PASSED] - Text 'TRX60.20231005151912' is set on object 'Object Repository/Konfirmasi pesanan shop/input_No Pesanan'

2023-10-05 15:19:28 - [TEST_STEP][PASSED] - setText(findTestObject("Konfirmasi pesanan shop/input_Alamat E-mai"), "irfan@gmail.com"): Text 'irfan@gmail.com' is set on object 'Object Repository/Konfirmasi pesanan shop/input_Alamat E-mai'

2023-10-05 15:19:29 - [MESSAGE][PASSED] - Text 'irfan@gmail.com' is set on object 'Object Repository/Konfirmasi pesanan shop/input_Alamat E-mai'

2023-10-05 15:19:29 - [TEST_STEP][PASSED] - click(findTestObject("Konfirmasi pesanan shop/button_Submit")): Object: 'Object Repository/Konfirmasi pesanan shop/button_Submit' is clicked on

2023-10-05 15:19:30 - [MESSAGE][PASSED] - Object: 'Object Repository/Konfirmasi pesanan shop/button_Submit' is clicked on

2023-10-05 15:19:30 - [TEST_STEP][PASSED] - verifyElementPresent(findTestObject("Konfirmasi pesanan shop/Tittle nomor invoice"), 0): Object 'Object Repository/Konfirmasi pesanan shop/Tittle nomor invoice' is present

2023-10-05 15:19:30 - [MESSAGE][WARNING] - Timeout '0' is invalid. Using default page load timeout: '30'

2023-10-05 15:19:31 - [MESSAGE][PASSED] - Object 'Object Repository/Konfirmasi pesanan shop/Tittle nomor invoice' is present

2023-10-05 15:19:31 - [TEST_STEP][PASSED] - setText(findTestObject("Konfirmasi pesanan shop/input_Total TagihanTransfer_b"), Total): Text '8,711' is set on object 'Object Repository/Konfirmasi pesanan shop/input_Total TagihanTransfer_b'

2023-10-05 15:19:32 - [MESSAGE][PASSED] - Text '8,711' is set on object 'Object Repository/Konfirmasi pesanan shop/input_Total TagihanTransfer_b'

2023-10-05 15:19:32 - [TEST_STEP][PASSED] - selectOptionByValue(findTestObject("Konfirmasi pesanan shop/select_Bank"), "4", false): All options with value '4' are selected in object 'Object Repository/Konfirmasi pesanan shop/select_Bank' 

2023-10-05 15:19:33 - [MESSAGE][PASSED] - All options with value '4' are selected in object 'Object Repository/Konfirmasi pesanan shop/select_Bank' 

2023-10-05 15:19:33 - [TEST_STEP][PASSED] - setText(findTestObject("Konfirmasi pesanan shop/input_Nama Pengirim_d"), NamaPemesan): Text 'irfan.afandi' is set on object 'Object Repository/Konfirmasi pesanan shop/input_Nama Pengirim_d'

2023-10-05 15:19:34 - [MESSAGE][PASSED] - Text 'irfan.afandi' is set on object 'Object Repository/Konfirmasi pesanan shop/input_Nama Pengirim_d'

2023-10-05 15:19:34 - [TEST_STEP][PASSED] - uploadFile(findTestObject("keranjang/konfirmasi/input_Upload Bukti Transfer_f"), "C:\Users\IRFAN\Downloads\Berkas2.pdf"): File 'C:\Users\IRFAN\Downloads\Berkas2.pdf' sent to object: 'Object Repository/keranjang/konfirmasi/input_Upload Bukti Transfer_f'

2023-10-05 15:19:34 - [MESSAGE][PASSED] - File 'C:\Users\IRFAN\Downloads\Berkas2.pdf' sent to object: 'Object Repository/keranjang/konfirmasi/input_Upload Bukti Transfer_f'

2023-10-05 15:19:34 - [TEST_STEP][PASSED] - click(findTestObject("Konfirmasi pesanan shop/button_Konfirmasi Pembayaran")): Object: 'Object Repository/Konfirmasi pesanan shop/button_Konfirmasi Pembayaran' is clicked on

2023-10-05 15:19:35 - [MESSAGE][PASSED] - Object: 'Object Repository/Konfirmasi pesanan shop/button_Konfirmasi Pembayaran' is clicked on

2023-10-05 15:19:35 - [TEST_STEP][PASSED] - verifyElementPresent(findTestObject("Konfirmasi pesanan shop/Tittle Konfirmasi Pesanan"), 0): Object 'Object Repository/Konfirmasi pesanan shop/Tittle Konfirmasi Pesanan' is present

2023-10-05 15:19:35 - [MESSAGE][WARNING] - Timeout '0' is invalid. Using default page load timeout: '30'

2023-10-05 15:19:36 - [MESSAGE][PASSED] - Object 'Object Repository/Konfirmasi pesanan shop/Tittle Konfirmasi Pesanan' is present

2023-10-05 15:19:36 - [TEST_STEP][PASSED] - verifyElementPresent(findTestObject("Konfirmasi pesanan shop/Tittle massage succes Konfirmasi Pembayaran Pesanan"), 0): Object 'Object Repository/Konfirmasi pesanan shop/Tittle massage succes Konfirmasi Pembayaran Pesanan' is present

2023-10-05 15:19:36 - [MESSAGE][WARNING] - Timeout '0' is invalid. Using default page load timeout: '30'

2023-10-05 15:19:36 - [MESSAGE][PASSED] - Object 'Object Repository/Konfirmasi pesanan shop/Tittle massage succes Konfirmasi Pembayaran Pesanan' is present

2023-10-05 15:19:36 - [TEST_STEP][PASSED] - return data: null

2023-10-05 15:19:36 - [MESSAGE][PASSED] - Call Test Case 'Test Cases/T13 Pembelian, Shipment dan Pembayaran/PBY-004' successfully

2023-10-05 15:19:36 - [TEST_STEP][PASSED] - navigateToUrl("https://10.9.2.63/ecommerce/administrator/"): Navigate to 'https://10.9.2.63/ecommerce/administrator/' successfully

2023-10-05 15:19:37 - [MESSAGE][PASSED] - Navigate to 'https://10.9.2.63/ecommerce/administrator/' successfully

2023-10-05 15:19:37 - [TEST_STEP][PASSED] - verifyElementPresent(findTestObject("admin/Tittle ADMIN Login"), 0): Object 'Object Repository/admin/Tittle ADMIN Login' is present

2023-10-05 15:19:37 - [MESSAGE][WARNING] - Timeout '0' is invalid. Using default page load timeout: '30'

2023-10-05 15:19:37 - [MESSAGE][PASSED] - Object 'Object Repository/admin/Tittle ADMIN Login' is present

2023-10-05 15:19:37 - [TEST_STEP][PASSED] - setText(findTestObject("admin/Username"), "admin"): Text 'admin' is set on object 'Object Repository/admin/Username'

2023-10-05 15:19:38 - [MESSAGE][PASSED] - Text 'admin' is set on object 'Object Repository/admin/Username'

2023-10-05 15:19:38 - [TEST_STEP][PASSED] - setText(findTestObject("admin/Password"), "123admin123"): Text '123admin123' is set on object 'Object Repository/admin/Password'

2023-10-05 15:19:39 - [MESSAGE][PASSED] - Text '123admin123' is set on object 'Object Repository/admin/Password'

2023-10-05 15:19:39 - [TEST_STEP][PASSED] - click(findTestObject("admin/Remember Me")): Object: 'Object Repository/admin/Remember Me' is clicked on

2023-10-05 15:19:39 - [MESSAGE][PASSED] - Object: 'Object Repository/admin/Remember Me' is clicked on

2023-10-05 15:19:39 - [TEST_STEP][PASSED] - delay(10): Delayed 10 second(s)

2023-10-05 15:19:49 - [MESSAGE][PASSED] - Delayed 10 second(s)

2023-10-05 15:19:49 - [TEST_STEP][PASSED] - click(findTestObject("admin/buttom submit")): Object: 'Object Repository/admin/buttom submit' is clicked on

2023-10-05 15:19:51 - [MESSAGE][PASSED] - Object: 'Object Repository/admin/buttom submit' is clicked on

2023-10-05 15:19:51 - [TEST_STEP][PASSED] - verifyElementPresent(findTestObject("admin/Konf order konsumen/Tittle Dashboard"), 0): Object 'Object Repository/admin/Konf order konsumen/Tittle Dashboard' is present

2023-10-05 15:19:51 - [MESSAGE][WARNING] - Timeout '0' is invalid. Using default page load timeout: '30'

2023-10-05 15:19:51 - [MESSAGE][PASSED] - Object 'Object Repository/admin/Konf order konsumen/Tittle Dashboard' is present

2023-10-05 15:19:51 - [TEST_STEP][PASSED] - click(findTestObject("admin/Konf order konsumen/Menu Transaksi Market")): Object: 'Object Repository/admin/Konf order konsumen/Menu Transaksi Market' is clicked on

2023-10-05 15:19:52 - [MESSAGE][PASSED] - Object: 'Object Repository/admin/Konf order konsumen/Menu Transaksi Market' is clicked on

2023-10-05 15:19:52 - [TEST_STEP][PASSED] - click(findTestObject("admin/Konf order konsumen/Menu Konf. Order Konsumen")): Object: 'Object Repository/admin/Konf order konsumen/Menu Konf. Order Konsumen' is clicked on

2023-10-05 15:19:53 - [MESSAGE][PASSED] - Object: 'Object Repository/admin/Konf order konsumen/Menu Konf. Order Konsumen' is clicked on

2023-10-05 15:19:53 - [TEST_STEP][PASSED] - verifyElementPresent(findTestObject("admin/Konf order konsumen/Tittle Data Konfirmasi Pembayaran Konsumen"), 0): Object 'Object Repository/admin/Konf order konsumen/Tittle Data Konfirmasi Pembayaran Konsumen' is present

2023-10-05 15:19:53 - [MESSAGE][WARNING] - Timeout '0' is invalid. Using default page load timeout: '30'

2023-10-05 15:19:54 - [MESSAGE][PASSED] - Object 'Object Repository/admin/Konf order konsumen/Tittle Data Konfirmasi Pembayaran Konsumen' is present

2023-10-05 15:19:54 - [TEST_STEP][PASSED] - inv = data.get("invoice"): null

2023-10-05 15:19:54 - [TEST_STEP][PASSED] - setText(findTestObject("admin/Konf order konsumen/Search"), inv): Text 'TRX60.20231005151912' is set on object 'Object Repository/admin/Konf order konsumen/Search'

2023-10-05 15:19:55 - [MESSAGE][PASSED] - Text 'TRX60.20231005151912' is set on object 'Object Repository/admin/Konf order konsumen/Search'

2023-10-05 15:19:55 - [TEST_STEP][PASSED] - verifyElementText(findTestObject("admin/Konf order konsumen/Keterangan Lunas"), "Lunas"): Actual text and expected text of test object 'Object Repository/admin/Konf order konsumen/Keterangan Lunas' are matched.

2023-10-05 15:19:55 - [MESSAGE][PASSED] - Actual text and expected text of test object 'Object Repository/admin/Konf order konsumen/Keterangan Lunas' are matched.

2023-10-05 15:19:55 - [TEST_STEP][PASSED] - return data: null

2023-10-05 15:19:55 - [MESSAGE][PASSED] - Call Test Case 'Test Cases/T13 Pembelian, Shipment dan Pembayaran/PBYA-001' successfully

2023-10-05 15:19:55 - [TEST_STEP][PASSED] - click(findTestObject("admin/Penjualan ke konsumen/buttom Dashboard")): Object: 'Object Repository/admin/Penjualan ke konsumen/buttom Dashboard' is clicked on

2023-10-05 15:19:56 - [MESSAGE][PASSED] - Object: 'Object Repository/admin/Penjualan ke konsumen/buttom Dashboard' is clicked on

2023-10-05 15:19:56 - [TEST_STEP][PASSED] - click(findTestObject("admin/Konf order konsumen/Menu Transaksi Market")): Object: 'Object Repository/admin/Konf order konsumen/Menu Transaksi Market' is clicked on

2023-10-05 15:19:56 - [MESSAGE][PASSED] - Object: 'Object Repository/admin/Konf order konsumen/Menu Transaksi Market' is clicked on

2023-10-05 15:19:56 - [TEST_STEP][PASSED] - click(findTestObject("admin/Penjualan ke konsumen/a_Penjualan ke Konsumen")): Object: 'Object Repository/admin/Penjualan ke konsumen/a_Penjualan ke Konsumen' is clicked on

2023-10-05 15:20:00 - [MESSAGE][PASSED] - Object: 'Object Repository/admin/Penjualan ke konsumen/a_Penjualan ke Konsumen' is clicked on

2023-10-05 15:20:00 - [TEST_STEP][PASSED] - verifyElementPresent(findTestObject("admin/Tittle Data Transaksi Penjualan  Orderan Konsumen"), 0): Object 'Object Repository/admin/Tittle Data Transaksi Penjualan  Orderan Konsumen' is present

2023-10-05 15:20:00 - [MESSAGE][WARNING] - Timeout '0' is invalid. Using default page load timeout: '30'

2023-10-05 15:20:00 - [MESSAGE][PASSED] - Object 'Object Repository/admin/Tittle Data Transaksi Penjualan  Orderan Konsumen' is present

2023-10-05 15:20:00 - [TEST_STEP][PASSED] - return data: null

2023-10-05 15:20:00 - [MESSAGE][PASSED] - Call Test Case 'Test Cases/T13 Pembelian, Shipment dan Pembayaran/SA-001' successfully

2023-10-05 15:20:00 - [TEST_STEP][PASSED] - inv = data.get("invoice"): null

2023-10-05 15:20:00 - [TEST_STEP][PASSED] - setText(findTestObject("admin/Penjualan ke konsumen/Search"), inv): Text 'TRX60.20231005151912' is set on object 'Object Repository/admin/Penjualan ke konsumen/Search'

2023-10-05 15:20:01 - [MESSAGE][PASSED] - Text 'TRX60.20231005151912' is set on object 'Object Repository/admin/Penjualan ke konsumen/Search'

2023-10-05 15:20:01 - [TEST_STEP][PASSED] - click(findTestObject("admin/Penjualan ke konsumen/buttom konfirmasi pending payment"), CONTINUE_ON_FAILURE): Object: 'Object Repository/admin/Penjualan ke konsumen/buttom konfirmasi pending payment' is clicked on

2023-10-05 15:20:02 - [MESSAGE][PASSED] - Object: 'Object Repository/admin/Penjualan ke konsumen/buttom konfirmasi pending payment' is clicked on

2023-10-05 15:20:02 - [TEST_STEP][PASSED] - waitForAlert(5, OPTIONAL): Alert is present after 5 second(s).

2023-10-05 15:20:02 - [MESSAGE][PASSED] - Alert is present after 5 second(s).

2023-10-05 15:20:02 - [TEST_STEP][PASSED] - acceptAlert(): Alert accepted

2023-10-05 15:20:02 - [MESSAGE][PASSED] - Alert accepted

2023-10-05 15:20:02 - [TEST_STEP][PASSED] - setText(findTestObject("admin/Penjualan ke konsumen/Search"), inv): Text 'TRX60.20231005151912' is set on object 'Object Repository/admin/Penjualan ke konsumen/Search'

2023-10-05 15:20:11 - [MESSAGE][PASSED] - Text 'TRX60.20231005151912' is set on object 'Object Repository/admin/Penjualan ke konsumen/Search'

2023-10-05 15:20:11 - [TEST_STEP][PASSED] - verifyTextNotPresent("pending payment", false): Text 'pending payment' is not present on page

2023-10-05 15:20:11 - [MESSAGE][PASSED] - Text 'pending payment' is not present on page

2023-10-05 15:20:11 - [TEST_STEP][PASSED] - return data: null

2023-10-05 15:20:11 - [MESSAGE][PASSED] - Call Test Case 'Test Cases/T13 Pembelian, Shipment dan Pembayaran/SA-002' successfully

2023-10-05 15:20:11 - [TEST_STEP][PASSED] - click(findTestObject("admin/Penjualan ke konsumen/buttom scroldown")): Object: 'Object Repository/admin/Penjualan ke konsumen/buttom scroldown' is clicked on

2023-10-05 15:20:12 - [MESSAGE][PASSED] - Object: 'Object Repository/admin/Penjualan ke konsumen/buttom scroldown' is clicked on

2023-10-05 15:20:12 - [TEST_STEP][PASSED] - click(findTestObject("Edit Detail Data Transaksi/buttom edit")): Object: 'Object Repository/Edit Detail Data Transaksi/buttom edit' is clicked on

2023-10-05 15:20:12 - [MESSAGE][PASSED] - Object: 'Object Repository/Edit Detail Data Transaksi/buttom edit' is clicked on

2023-10-05 15:20:12 - [TEST_STEP][PASSED] - verifyElementPresent(findTestObject("Edit Detail Data Transaksi/Edit Detail Transaksi Penjualan"), 0): Object 'Object Repository/Edit Detail Data Transaksi/Edit Detail Transaksi Penjualan' is present

2023-10-05 15:20:12 - [MESSAGE][WARNING] - Timeout '0' is invalid. Using default page load timeout: '30'

2023-10-05 15:20:13 - [MESSAGE][PASSED] - Object 'Object Repository/Edit Detail Data Transaksi/Edit Detail Transaksi Penjualan' is present

2023-10-05 15:20:13 - [TEST_STEP][PASSED] - click(findTestObject("Edit Detail Data Transaksi/buttom edit detail")): Object: 'Object Repository/Edit Detail Data Transaksi/buttom edit detail' is clicked on

2023-10-05 15:20:14 - [MESSAGE][PASSED] - Object: 'Object Repository/Edit Detail Data Transaksi/buttom edit detail' is clicked on

2023-10-05 15:20:14 - [TEST_STEP][PASSED] - setText(findTestObject("Edit Detail Data Transaksi/input_Action_dd"), jumlah): Text '2' is set on object 'Object Repository/Edit Detail Data Transaksi/input_Action_dd'

2023-10-05 15:20:15 - [MESSAGE][PASSED] - Text '2' is set on object 'Object Repository/Edit Detail Data Transaksi/input_Action_dd'

2023-10-05 15:20:15 - [TEST_STEP][PASSED] - click(findTestObject("Edit Detail Data Transaksi/button_Action_centang")): Object: 'Object Repository/Edit Detail Data Transaksi/button_Action_centang' is clicked on

2023-10-05 15:20:16 - [MESSAGE][PASSED] - Object: 'Object Repository/Edit Detail Data Transaksi/button_Action_centang' is clicked on

2023-10-05 15:20:16 - [TEST_STEP][PASSED] - edit2 = getText(findTestObject("Edit Detail Data Transaksi/edit detail 2")): Text of object 'Object Repository/Edit Detail Data Transaksi/edit detail 2' is: '2'

2023-10-05 15:20:16 - [MESSAGE][PASSED] - Text of object 'Object Repository/Edit Detail Data Transaksi/edit detail 2' is: '2'

2023-10-05 15:20:16 - [TEST_STEP][PASSED] - click(findTestObject("Edit Detail Data Transaksi/buttom simpan data")): Object: 'Object Repository/Edit Detail Data Transaksi/buttom simpan data' is clicked on

2023-10-05 15:20:17 - [MESSAGE][PASSED] - Object: 'Object Repository/Edit Detail Data Transaksi/buttom simpan data' is clicked on

2023-10-05 15:20:17 - [TEST_STEP][PASSED] - click(findTestObject("Edit Detail Data Transaksi/buttom Selesai")): Object: 'Object Repository/Edit Detail Data Transaksi/buttom Selesai' is clicked on

2023-10-05 15:20:21 - [MESSAGE][PASSED] - Object: 'Object Repository/Edit Detail Data Transaksi/buttom Selesai' is clicked on

2023-10-05 15:20:21 - [TEST_STEP][PASSED] - inv = data.get("invoice"): null

2023-10-05 15:20:21 - [TEST_STEP][PASSED] - setText(findTestObject("admin/Penjualan ke konsumen/Search"), inv): Text 'TRX60.20231005151912' is set on object 'Object Repository/admin/Penjualan ke konsumen/Search'

2023-10-05 15:20:22 - [MESSAGE][PASSED] - Text 'TRX60.20231005151912' is set on object 'Object Repository/admin/Penjualan ke konsumen/Search'

2023-10-05 15:20:22 - [TEST_STEP][PASSED] - assert jumlah == edit2: null

2023-10-05 15:20:22 - [TEST_STEP][PASSED] - return data: null]]></system-out>
         <system-err><![CDATA[]]></system-err>
      </testcase>
      <testcase name="Test Cases/T13 Pembelian, Shipment dan Pembayaran/SA-009" time="101.255" classname="Test Cases/T13 Pembelian, Shipment dan Pembayaran/SA-009" status="PASSED">
         <system-out><![CDATA[2023-10-05 15:20:22 - [TEST_CASE][PASSED] - Test Cases/T13 Pembelian, Shipment dan Pembayaran/SA-009: Test Cases/T13 Pembelian, Shipment dan Pembayaran/SA-009

2023-10-05 15:20:22 - [TEST_STEP][PASSED] - data = callTestCase(findTestCase("T13 Pembelian, Shipment dan Pembayaran/SA-002"), [:], STOP_ON_FAILURE): Call Test Case 'Test Cases/T13 Pembelian, Shipment dan Pembayaran/SA-002' successfully

2023-10-05 15:20:22 - [TEST_CASE][PASSED] - Test Cases/T13 Pembelian, Shipment dan Pembayaran/SA-002: Test Cases/T13 Pembelian, Shipment dan Pembayaran/SA-002

2023-10-05 15:20:22 - [TEST_STEP][PASSED] - data = callTestCase(findTestCase("T13 Pembelian, Shipment dan Pembayaran/SA-001"), [:], STOP_ON_FAILURE): Call Test Case 'Test Cases/T13 Pembelian, Shipment dan Pembayaran/SA-001' successfully

2023-10-05 15:20:22 - [TEST_CASE][PASSED] - Test Cases/T13 Pembelian, Shipment dan Pembayaran/SA-001: Test Cases/T13 Pembelian, Shipment dan Pembayaran/SA-001

2023-10-05 15:20:22 - [TEST_STEP][PASSED] - data = callTestCase(findTestCase("T13 Pembelian, Shipment dan Pembayaran/PBYA-001"), [:], STOP_ON_FAILURE): Call Test Case 'Test Cases/T13 Pembelian, Shipment dan Pembayaran/PBYA-001' successfully

2023-10-05 15:20:22 - [TEST_CASE][PASSED] - Test Cases/T13 Pembelian, Shipment dan Pembayaran/PBYA-001: Test Cases/T13 Pembelian, Shipment dan Pembayaran/PBYA-001

2023-10-05 15:20:22 - [TEST_STEP][PASSED] - data = callTestCase(findTestCase("T13 Pembelian, Shipment dan Pembayaran/PBY-004"), [:], STOP_ON_FAILURE): Call Test Case 'Test Cases/T13 Pembelian, Shipment dan Pembayaran/PBY-004' successfully

2023-10-05 15:20:22 - [TEST_CASE][PASSED] - Test Cases/T13 Pembelian, Shipment dan Pembayaran/PBY-004: Test Cases/T13 Pembelian, Shipment dan Pembayaran/PBY-004

2023-10-05 15:20:22 - [TEST_STEP][PASSED] - data = callTestCase(findTestCase("T13 Pembelian, Shipment dan Pembayaran/PBY-001"), [:], STOP_ON_FAILURE): Call Test Case 'Test Cases/T13 Pembelian, Shipment dan Pembayaran/PBY-001' successfully

2023-10-05 15:20:22 - [TEST_CASE][PASSED] - Test Cases/T13 Pembelian, Shipment dan Pembayaran/PBY-001: Test Cases/T13 Pembelian, Shipment dan Pembayaran/PBY-001

2023-10-05 15:20:22 - [TEST_STEP][PASSED] - data = callTestCase(findTestCase("T13 Pembelian, Shipment dan Pembayaran/PBL-004"), ["Kurir":"Roda 2"], STOP_ON_FAILURE): Call Test Case 'Test Cases/T13 Pembelian, Shipment dan Pembayaran/PBL-004' successfully

2023-10-05 15:20:23 - [TEST_CASE][PASSED] - Test Cases/T13 Pembelian, Shipment dan Pembayaran/PBL-004: Test Cases/T13 Pembelian, Shipment dan Pembayaran/PBL-004

2023-10-05 15:20:23 - [TEST_STEP][PASSED] - data = callTestCase(findTestCase("T13 Pembelian, Shipment dan Pembayaran/PBL-002"), [:], STOP_ON_FAILURE): Call Test Case 'Test Cases/T13 Pembelian, Shipment dan Pembayaran/PBL-002' successfully

2023-10-05 15:20:23 - [TEST_CASE][PASSED] - Test Cases/T13 Pembelian, Shipment dan Pembayaran/PBL-002: Test Cases/T13 Pembelian, Shipment dan Pembayaran/PBL-002

2023-10-05 15:20:23 - [TEST_STEP][PASSED] - data = callTestCase(findTestCase("T13 Pembelian, Shipment dan Pembayaran/PBL-001"), [:], STOP_ON_FAILURE): Call Test Case 'Test Cases/T13 Pembelian, Shipment dan Pembayaran/PBL-001' successfully

2023-10-05 15:20:23 - [TEST_CASE][PASSED] - Test Cases/T13 Pembelian, Shipment dan Pembayaran/PBL-001: Test Cases/T13 Pembelian, Shipment dan Pembayaran/PBL-001

2023-10-05 15:20:23 - [TEST_STEP][PASSED] - callTestCase(findTestCase("T13 Pembelian, Shipment dan Pembayaran/LU-001"), ["username":"irfanafandi", "password":"12345irfan"], STOP_ON_FAILURE): Call Test Case 'Test Cases/T13 Pembelian, Shipment dan Pembayaran/LU-001' successfully

2023-10-05 15:20:23 - [TEST_CASE][PASSED] - Test Cases/T13 Pembelian, Shipment dan Pembayaran/LU-001: Test Cases/T13 Pembelian, Shipment dan Pembayaran/LU-001

2023-10-05 15:20:23 - [TEST_STEP][PASSED] - openBrowser("https://10.9.2.63/ecommerce/"): Browser is opened with url: 'https://10.9.2.63/ecommerce/'

2023-10-05 15:20:23 - [MESSAGE][WARNING] - A browser is already opened. Closing browser and opening a new one

2023-10-05 15:20:23 - [MESSAGE][INFO] - Starting 'Edge Chromium' driver

2023-10-05 15:20:23 - [MESSAGE][INFO] - User set preference: ['acceptInsecureCerts', 'true']

2023-10-05 15:20:26 - [MESSAGE][INFO] - Action delay is set to 0 milliseconds

2023-10-05 15:20:29 - [MESSAGE][PASSED] - Browser is opened with url: 'https://10.9.2.63/ecommerce/'

2023-10-05 15:20:29 - [TEST_STEP][PASSED] - maximizeWindow(): Current window maximized

2023-10-05 15:20:29 - [MESSAGE][PASSED] - Current window maximized

2023-10-05 15:20:29 - [TEST_STEP][PASSED] - verifyElementPresent(findTestObject("Login/Home"), 0): Object 'Object Repository/Login/Home' is present

2023-10-05 15:20:29 - [MESSAGE][WARNING] - Timeout '0' is invalid. Using default page load timeout: '30'

2023-10-05 15:20:30 - [MESSAGE][PASSED] - Object 'Object Repository/Login/Home' is present

2023-10-05 15:20:30 - [TEST_STEP][PASSED] - click(findTestObject("Login/a_Login")): Object: 'Object Repository/Login/a_Login' is clicked on

2023-10-05 15:20:30 - [MESSAGE][PASSED] - Object: 'Object Repository/Login/a_Login' is clicked on

2023-10-05 15:20:30 - [TEST_STEP][PASSED] - verifyElementPresent(findTestObject("Login/Tittle Login"), 0): Object 'Object Repository/Login/Tittle Login' is present

2023-10-05 15:20:30 - [MESSAGE][WARNING] - Timeout '0' is invalid. Using default page load timeout: '30'

2023-10-05 15:20:31 - [MESSAGE][PASSED] - Object 'Object Repository/Login/Tittle Login' is present

2023-10-05 15:20:31 - [TEST_STEP][PASSED] - setText(findTestObject("Login/input_Username, Email atau No. Handphone_a"), username): Text 'irfanafandi' is set on object 'Object Repository/Login/input_Username, Email atau No. Handphone_a'

2023-10-05 15:20:32 - [MESSAGE][PASSED] - Text 'irfanafandi' is set on object 'Object Repository/Login/input_Username, Email atau No. Handphone_a'

2023-10-05 15:20:32 - [TEST_STEP][PASSED] - setText(findTestObject("Login/input_Password_b"), password): Text '12345irfan' is set on object 'Object Repository/Login/input_Password_b'

2023-10-05 15:20:33 - [MESSAGE][PASSED] - Text '12345irfan' is set on object 'Object Repository/Login/input_Password_b'

2023-10-05 15:20:33 - [TEST_STEP][PASSED] - click(findTestObject("Login/label_Ingat saya")): Object: 'Object Repository/Login/label_Ingat saya' is clicked on

2023-10-05 15:20:33 - [MESSAGE][PASSED] - Object: 'Object Repository/Login/label_Ingat saya' is clicked on

2023-10-05 15:20:33 - [TEST_STEP][PASSED] - click(findTestObject("Login/button_Masuk")): Object: 'Object Repository/Login/button_Masuk' is clicked on

2023-10-05 15:20:34 - [MESSAGE][PASSED] - Object: 'Object Repository/Login/button_Masuk' is clicked on

2023-10-05 15:20:34 - [TEST_STEP][PASSED] - verifyElementPresent(findTestObject("Login/li_Profile"), 0): Object 'Object Repository/Login/li_Profile' is present

2023-10-05 15:20:35 - [MESSAGE][WARNING] - Timeout '0' is invalid. Using default page load timeout: '30'

2023-10-05 15:20:35 - [MESSAGE][PASSED] - Object 'Object Repository/Login/li_Profile' is present

2023-10-05 15:20:35 - [MESSAGE][PASSED] - Call Test Case 'Test Cases/T13 Pembelian, Shipment dan Pembayaran/LU-001' successfully

2023-10-05 15:20:35 - [TEST_STEP][PASSED] - mouseOver(findTestObject("beli barang/i_Mulai Belanja_icon-menu")): Object: 'Object Repository/beli barang/i_Mulai Belanja_icon-menu' is hovered

2023-10-05 15:20:36 - [MESSAGE][PASSED] - Object: 'Object Repository/beli barang/i_Mulai Belanja_icon-menu' is hovered

2023-10-05 15:20:36 - [TEST_STEP][PASSED] - click(findTestObject("beli barang/a_Fashion  Busana Wanita")): Object: 'Object Repository/beli barang/a_Fashion  Busana Wanita' is clicked on

2023-10-05 15:20:37 - [MESSAGE][PASSED] - Object: 'Object Repository/beli barang/a_Fashion  Busana Wanita' is clicked on

2023-10-05 15:20:37 - [TEST_STEP][PASSED] - NamaSebelum = getText(findTestObject("verifikasi/Nama sebelum")): Text of object 'Object Repository/verifikasi/Nama sebelum' is: ''

2023-10-05 15:20:37 - [MESSAGE][PASSED] - Text of object 'Object Repository/verifikasi/Nama sebelum' is: ''

2023-10-05 15:20:37 - [TEST_STEP][PASSED] - HargaSebelum = getText(findTestObject("verifikasi/Harga sebelum")): Text of object 'Object Repository/verifikasi/Harga sebelum' is: 'Rp 1,299'

2023-10-05 15:20:38 - [MESSAGE][PASSED] - Text of object 'Object Repository/verifikasi/Harga sebelum' is: 'Rp 1,299'

2023-10-05 15:20:38 - [TEST_STEP][PASSED] - mouseOver(findTestObject("beli barang/barang mouse over")): Object: 'Object Repository/beli barang/barang mouse over' is hovered

2023-10-05 15:20:39 - [MESSAGE][PASSED] - Object: 'Object Repository/beli barang/barang mouse over' is hovered

2023-10-05 15:20:39 - [TEST_STEP][PASSED] - click(findTestObject("beli barang/buttom add to cart")): Object: 'Object Repository/beli barang/buttom add to cart' is clicked on

2023-10-05 15:20:40 - [MESSAGE][PASSED] - Object: 'Object Repository/beli barang/buttom add to cart' is clicked on

2023-10-05 15:20:40 - [TEST_STEP][PASSED] - NamaSesudah = getText(findTestObject("verifikasi/Nama sesudah")): Text of object 'Object Repository/verifikasi/Nama sesudah' is: 'Segitiga Instan Madeira - MDB5.3 Sunset'

2023-10-05 15:20:41 - [MESSAGE][PASSED] - Text of object 'Object Repository/verifikasi/Nama sesudah' is: 'Segitiga Instan Madeira - MDB5.3 Sunset'

2023-10-05 15:20:41 - [TEST_STEP][PASSED] - HargaSesudah = getText(findTestObject("verifikasi/Harga sesudah")): Text of object 'Object Repository/verifikasi/Harga sesudah' is: 'Rp 1,299'

2023-10-05 15:20:41 - [MESSAGE][PASSED] - Text of object 'Object Repository/verifikasi/Harga sesudah' is: 'Rp 1,299'

2023-10-05 15:20:41 - [TEST_STEP][PASSED] - assert NamaSesudah.contains(NamaSebelum): null

2023-10-05 15:20:41 - [TEST_STEP][PASSED] - assert HargaSesudah.contains(HargaSebelum): null

2023-10-05 15:20:41 - [TEST_STEP][PASSED] - click(findTestObject("beli barang/Tambah Keranjang busana wanita")): Object: 'Object Repository/beli barang/Tambah Keranjang busana wanita' is clicked on

2023-10-05 15:20:41 - [MESSAGE][PASSED] - Object: 'Object Repository/beli barang/Tambah Keranjang busana wanita' is clicked on

2023-10-05 15:20:41 - [TEST_STEP][PASSED] - verifyElementPresent(findTestObject("checkout/Notifikasi keranjang"), 1): Object 'Object Repository/checkout/Notifikasi keranjang' is present

2023-10-05 15:20:42 - [MESSAGE][PASSED] - Object 'Object Repository/checkout/Notifikasi keranjang' is present

2023-10-05 15:20:42 - [TEST_STEP][PASSED] - data = new java.util.HashMap(): null

2023-10-05 15:20:42 - [TEST_STEP][PASSED] - data.put("nama_barang", NamaSesudah): null

2023-10-05 15:20:42 - [TEST_STEP][PASSED] - data.put("price_barang", HargaSesudah): null

2023-10-05 15:20:42 - [TEST_STEP][PASSED] - return data: null

2023-10-05 15:20:42 - [MESSAGE][PASSED] - Call Test Case 'Test Cases/T13 Pembelian, Shipment dan Pembayaran/PBL-001' successfully

2023-10-05 15:20:42 - [TEST_STEP][PASSED] - mouseOver(findTestObject("beli barang/keranjang")): Object: 'Object Repository/beli barang/keranjang' is hovered

2023-10-05 15:20:43 - [MESSAGE][PASSED] - Object: 'Object Repository/beli barang/keranjang' is hovered

2023-10-05 15:20:43 - [TEST_STEP][PASSED] - click(findTestObject("beli barang/Lihat Sekarang")): Object: 'Object Repository/beli barang/Lihat Sekarang' is clicked on

2023-10-05 15:20:44 - [MESSAGE][PASSED] - Object: 'Object Repository/beli barang/Lihat Sekarang' is clicked on

2023-10-05 15:20:44 - [TEST_STEP][PASSED] - verifyElementPresent(findTestObject("keranjang/li_Keranjang Belanja"), 0): Object 'Object Repository/keranjang/li_Keranjang Belanja' is present

2023-10-05 15:20:44 - [MESSAGE][WARNING] - Timeout '0' is invalid. Using default page load timeout: '30'

2023-10-05 15:20:45 - [MESSAGE][PASSED] - Object 'Object Repository/keranjang/li_Keranjang Belanja' is present

2023-10-05 15:20:45 - [TEST_STEP][PASSED] - NamaKeranjang = getText(findTestObject("verifikasi/Nama keranjang")): Text of object 'Object Repository/verifikasi/Nama keranjang' is: 'Segitiga Instan Madeira - MDB5.3 Sunset'

2023-10-05 15:20:45 - [MESSAGE][PASSED] - Text of object 'Object Repository/verifikasi/Nama keranjang' is: 'Segitiga Instan Madeira - MDB5.3 Sunset'

2023-10-05 15:20:45 - [TEST_STEP][PASSED] - HargaKeranjang = getText(findTestObject("verifikasi/Harga Keranjang")): Text of object 'Object Repository/verifikasi/Harga Keranjang' is: 'Rp 1,299'

2023-10-05 15:20:46 - [MESSAGE][PASSED] - Text of object 'Object Repository/verifikasi/Harga Keranjang' is: 'Rp 1,299'

2023-10-05 15:20:46 - [TEST_STEP][PASSED] - if (toString().equalsIgnoreCase("Merah")): Object 'Object Repository/keranjang/input_Warna_variasi101' is checked

2023-10-05 15:20:46 - [TEST_STEP][PASSED] - check(findTestObject("Object Repository/keranjang/input_Warna_variasi101")): Object 'Object Repository/keranjang/input_Warna_variasi101' is checked

2023-10-05 15:20:46 - [MESSAGE][PASSED] - Object 'Object Repository/keranjang/input_Warna_variasi101' is checked

2023-10-05 15:20:46 - [TEST_STEP][PASSED] - if (toString().equalsIgnoreCase("Menengah")): Object 'Object Repository/keranjang/input_Ukuran_variasi201' is checked

2023-10-05 15:20:46 - [TEST_STEP][PASSED] - check(findTestObject("Object Repository/keranjang/input_Ukuran_variasi201")): Object 'Object Repository/keranjang/input_Ukuran_variasi201' is checked

2023-10-05 15:20:47 - [MESSAGE][PASSED] - Object 'Object Repository/keranjang/input_Ukuran_variasi201' is checked

2023-10-05 15:20:47 - [TEST_STEP][PASSED] - data.put("Warna", warna): null

2023-10-05 15:20:47 - [TEST_STEP][PASSED] - data.put("Ukuran", ukuran): null

2023-10-05 15:20:47 - [TEST_STEP][PASSED] - click(findTestObject("keranjang/button_Lanjut ke Pembayaran")): Object: 'Object Repository/keranjang/button_Lanjut ke Pembayaran' is clicked on

2023-10-05 15:20:48 - [MESSAGE][PASSED] - Object: 'Object Repository/keranjang/button_Lanjut ke Pembayaran' is clicked on

2023-10-05 15:20:48 - [TEST_STEP][PASSED] - verifyElementPresent(findTestObject("checkout/Tittle Checkout Order"), 0): Object 'Object Repository/checkout/Tittle Checkout Order' is present

2023-10-05 15:20:48 - [MESSAGE][WARNING] - Timeout '0' is invalid. Using default page load timeout: '30'

2023-10-05 15:20:49 - [MESSAGE][PASSED] - Object 'Object Repository/checkout/Tittle Checkout Order' is present

2023-10-05 15:20:49 - [TEST_STEP][PASSED] - name_product = data.get("nama_barang"): null

2023-10-05 15:20:49 - [TEST_STEP][PASSED] - price_product = data.get("price_barang"): null

2023-10-05 15:20:49 - [TEST_STEP][PASSED] - assert name_product == NamaKeranjang: null

2023-10-05 15:20:49 - [TEST_STEP][PASSED] - assert price_product == HargaKeranjang: null

2023-10-05 15:20:49 - [TEST_STEP][PASSED] - return data: null

2023-10-05 15:20:49 - [MESSAGE][PASSED] - Call Test Case 'Test Cases/T13 Pembelian, Shipment dan Pembayaran/PBL-002' successfully

2023-10-05 15:20:49 - [TEST_STEP][PASSED] - warnaa = getText(findTestObject("verifikasi/warna Merah")): Text of object 'Object Repository/verifikasi/warna Merah' is: 'Merah'

2023-10-05 15:20:50 - [MESSAGE][PASSED] - Text of object 'Object Repository/verifikasi/warna Merah' is: 'Merah'

2023-10-05 15:20:50 - [TEST_STEP][PASSED] - ukurann = getText(findTestObject("verifikasi/Ukuran Menengah")): Text of object 'Object Repository/verifikasi/Ukuran Menengah' is: 'Menengah'

2023-10-05 15:20:50 - [MESSAGE][PASSED] - Text of object 'Object Repository/verifikasi/Ukuran Menengah' is: 'Menengah'

2023-10-05 15:20:50 - [TEST_STEP][PASSED] - warna1 = data.get("Warna"): null

2023-10-05 15:20:50 - [TEST_STEP][PASSED] - ukuran1 = data.get("Ukuran"): null

2023-10-05 15:20:50 - [TEST_STEP][PASSED] - assert warnaa == warna1: null

2023-10-05 15:20:50 - [TEST_STEP][PASSED] - assert ukurann == ukuran1: null

2023-10-05 15:20:50 - [TEST_STEP][PASSED] - NamaCheckout = getText(findTestObject("verifikasi/NamaCheckout")): Text of object 'Object Repository/verifikasi/NamaCheckout' is: ''

2023-10-05 15:20:50 - [MESSAGE][PASSED] - Text of object 'Object Repository/verifikasi/NamaCheckout' is: ''

2023-10-05 15:20:50 - [TEST_STEP][PASSED] - HargaCheckout = getText(findTestObject("verifikasi/HargaCheckout")): Text of object 'Object Repository/verifikasi/HargaCheckout' is: '1,299'

2023-10-05 15:20:51 - [MESSAGE][PASSED] - Text of object 'Object Repository/verifikasi/HargaCheckout' is: '1,299'

2023-10-05 15:20:51 - [TEST_STEP][PASSED] - name_product = data.get("nama_barang"): null

2023-10-05 15:20:51 - [TEST_STEP][PASSED] - price_product = data.get("price_barang"): null

2023-10-05 15:20:51 - [TEST_STEP][PASSED] - assert name_product.contains(NamaCheckout): null

2023-10-05 15:20:51 - [TEST_STEP][PASSED] - assert price_product.contains(HargaCheckout): null

2023-10-05 15:20:51 - [TEST_STEP][PASSED] - selectOptionByLabel(findTestObject("checkout/select - Kirim via Kurir Lokal"), Kurir, false): All options with label 'Roda 2' are selected in object 'Object Repository/checkout/select - Kirim via Kurir Lokal' 

2023-10-05 15:20:51 - [MESSAGE][PASSED] - All options with label 'Roda 2' are selected in object 'Object Repository/checkout/select - Kirim via Kurir Lokal' 

2023-10-05 15:20:51 - [TEST_STEP][PASSED] - click(findTestObject("checkout/Kendaraan Kurir")): Object: 'Object Repository/checkout/Kendaraan Kurir' is clicked on

2023-10-05 15:20:52 - [MESSAGE][PASSED] - Object: 'Object Repository/checkout/Kendaraan Kurir' is clicked on

2023-10-05 15:20:52 - [TEST_STEP][PASSED] - OngkosKirim = getText(findTestObject("Object Repository/verifikasi/Ongkos Kirim checkout")): Text of object 'Object Repository/verifikasi/Ongkos Kirim checkout' is: 'Rp. 5,000'

2023-10-05 15:20:53 - [MESSAGE][PASSED] - Text of object 'Object Repository/verifikasi/Ongkos Kirim checkout' is: 'Rp. 5,000'

2023-10-05 15:20:53 - [TEST_STEP][PASSED] - Ongkos = OngkosKirim.substring(3, OngkosKirim.size()): null

2023-10-05 15:20:53 - [TEST_STEP][PASSED] - rep = Ongkos.replace(",", "."): null

2023-10-05 15:20:53 - [TEST_STEP][PASSED] - Ongkos_kirim = Double.parseDouble(rep): null

2023-10-05 15:20:53 - [TEST_STEP][PASSED] - println(Ongkos_kirim): null

2023-10-05 15:20:53 - [TEST_STEP][PASSED] - FeeAdmin = getText(findTestObject("verifikasi/Fee Admin checkout")): Text of object 'Object Repository/verifikasi/Fee Admin checkout' is: 'Fee Admin
Rp 1,500'

2023-10-05 15:20:54 - [MESSAGE][PASSED] - Text of object 'Object Repository/verifikasi/Fee Admin checkout' is: 'Fee Admin
Rp 1,500'

2023-10-05 15:20:54 - [TEST_STEP][PASSED] - Fee_Admin = FeeAdmin.substring(12, FeeAdmin.size()): null

2023-10-05 15:20:54 - [TEST_STEP][PASSED] - fee = Fee_Admin.replace(",", "."): null

2023-10-05 15:20:54 - [TEST_STEP][PASSED] - fee_admin = Double.parseDouble(fee): null

2023-10-05 15:20:54 - [TEST_STEP][PASSED] - println(fee_admin): null

2023-10-05 15:20:54 - [TEST_STEP][PASSED] - Subtotal = getText(findTestObject("verifikasi/subtotal checkout")): Text of object 'Object Repository/verifikasi/subtotal checkout' is: 'Subtotal
Rp 1,299'

2023-10-05 15:20:54 - [MESSAGE][PASSED] - Text of object 'Object Repository/verifikasi/subtotal checkout' is: 'Subtotal
Rp 1,299'

2023-10-05 15:20:54 - [TEST_STEP][PASSED] - sub_total = Subtotal.substring(12, Subtotal.size()): null

2023-10-05 15:20:54 - [TEST_STEP][PASSED] - sub = sub_total.replace(",", "."): null

2023-10-05 15:20:54 - [TEST_STEP][PASSED] - sub_total = Double.parseDouble(sub): null

2023-10-05 15:20:54 - [TEST_STEP][PASSED] - println(sub_total): null

2023-10-05 15:20:54 - [TEST_STEP][PASSED] - Total = getText(findTestObject("verifikasi/Total checkout")): Text of object 'Object Repository/verifikasi/Total checkout' is: 'Rp 7,799'

2023-10-05 15:20:54 - [MESSAGE][PASSED] - Text of object 'Object Repository/verifikasi/Total checkout' is: 'Rp 7,799'

2023-10-05 15:20:54 - [TEST_STEP][PASSED] - totall = Total.substring(3, Total.size()): null

2023-10-05 15:20:54 - [TEST_STEP][PASSED] - total = totall.replace(",", "."): null

2023-10-05 15:20:54 - [TEST_STEP][PASSED] - totall = Double.parseDouble(total): null

2023-10-05 15:20:54 - [TEST_STEP][PASSED] - println(totall): null

2023-10-05 15:20:54 - [TEST_STEP][PASSED] - Total_Harga = Ongkos_kirim + fee_admin + sub_total: null

2023-10-05 15:20:54 - [TEST_STEP][PASSED] - println(Total_Harga): null

2023-10-05 15:20:54 - [TEST_STEP][PASSED] - TotalHarga = Math.round(Total_Harga * 1000) / 1000: null

2023-10-05 15:20:54 - [TEST_STEP][PASSED] - println(TotalHarga): null

2023-10-05 15:20:54 - [TEST_STEP][PASSED] - assert totall == TotalHarga: null

2023-10-05 15:20:54 - [TEST_STEP][PASSED] - click(findTestObject("verifikasi/Metode Transfer")): Object: 'Object Repository/verifikasi/Metode Transfer' is clicked on

2023-10-05 15:20:55 - [MESSAGE][PASSED] - Object: 'Object Repository/verifikasi/Metode Transfer' is clicked on

2023-10-05 15:20:55 - [TEST_STEP][PASSED] - click(findTestObject("checkout/button_Proses Pembayaran")): Object: 'Object Repository/checkout/button_Proses Pembayaran' is clicked on

2023-10-05 15:21:03 - [MESSAGE][PASSED] - Object: 'Object Repository/checkout/button_Proses Pembayaran' is clicked on

2023-10-05 15:21:03 - [TEST_STEP][PASSED] - verifyElementPresent(findTestObject("pembayaran/Tittle nomor invoice"), 0): Object 'Object Repository/pembayaran/Tittle nomor invoice' is present

2023-10-05 15:21:03 - [MESSAGE][WARNING] - Timeout '0' is invalid. Using default page load timeout: '30'

2023-10-05 15:21:04 - [MESSAGE][PASSED] - Object 'Object Repository/pembayaran/Tittle nomor invoice' is present

2023-10-05 15:21:04 - [TEST_STEP][PASSED] - return data: null

2023-10-05 15:21:04 - [MESSAGE][PASSED] - Call Test Case 'Test Cases/T13 Pembelian, Shipment dan Pembayaran/PBL-004' successfully

2023-10-05 15:21:04 - [TEST_STEP][PASSED] - Invoice = getText(findTestObject("pembayaran/nomor invoice")): Text of object 'Object Repository/pembayaran/nomor invoice' is: 'TRX60.20231005152059'

2023-10-05 15:21:05 - [MESSAGE][PASSED] - Text of object 'Object Repository/pembayaran/nomor invoice' is: 'TRX60.20231005152059'

2023-10-05 15:21:05 - [TEST_STEP][PASSED] - data.put("invoice", Invoice): null

2023-10-05 15:21:05 - [TEST_STEP][PASSED] - NamaPemesan = getText(findTestObject("Konfirmasi pesanan shop/Nama pemesan")): Text of object 'Object Repository/Konfirmasi pesanan shop/Nama pemesan' is: 'irfan.afandi'

2023-10-05 15:21:05 - [MESSAGE][PASSED] - Text of object 'Object Repository/Konfirmasi pesanan shop/Nama pemesan' is: 'irfan.afandi'

2023-10-05 15:21:05 - [TEST_STEP][PASSED] - Nama = getText(findTestObject("pembayaran/Nama barang")): Text of object 'Object Repository/pembayaran/Nama barang' is: 'Segitiga Instan Madeira - MDB5.3 Sunset'

2023-10-05 15:21:06 - [MESSAGE][PASSED] - Text of object 'Object Repository/pembayaran/Nama barang' is: 'Segitiga Instan Madeira - MDB5.3 Sunset'

2023-10-05 15:21:06 - [TEST_STEP][PASSED] - Harga = getText(findTestObject("pembayaran/Harga barang")): Text of object 'Object Repository/pembayaran/Harga barang' is: '1,299'

2023-10-05 15:21:06 - [MESSAGE][PASSED] - Text of object 'Object Repository/pembayaran/Harga barang' is: '1,299'

2023-10-05 15:21:06 - [TEST_STEP][PASSED] - name_product = data.get("nama_barang"): null

2023-10-05 15:21:06 - [TEST_STEP][PASSED] - price_product = data.get("price_barang"): null

2023-10-05 15:21:06 - [TEST_STEP][PASSED] - assert name_product.contains(Nama): null

2023-10-05 15:21:06 - [TEST_STEP][PASSED] - assert price_product.contains(Harga): null

2023-10-05 15:21:06 - [TEST_STEP][PASSED] - warnaa = getText(findTestObject("pembayaran/warna")): Text of object 'Object Repository/pembayaran/warna' is: 'Merah'

2023-10-05 15:21:07 - [MESSAGE][PASSED] - Text of object 'Object Repository/pembayaran/warna' is: 'Merah'

2023-10-05 15:21:07 - [TEST_STEP][PASSED] - ukurann = getText(findTestObject("pembayaran/ukuran")): Text of object 'Object Repository/pembayaran/ukuran' is: 'Menengah'

2023-10-05 15:21:07 - [MESSAGE][PASSED] - Text of object 'Object Repository/pembayaran/ukuran' is: 'Menengah'

2023-10-05 15:21:07 - [TEST_STEP][PASSED] - warna1 = data.get("Warna"): null

2023-10-05 15:21:07 - [TEST_STEP][PASSED] - ukuran1 = data.get("Ukuran"): null

2023-10-05 15:21:07 - [TEST_STEP][PASSED] - assert warnaa == warna1: null

2023-10-05 15:21:07 - [TEST_STEP][PASSED] - assert ukurann == ukuran1: null

2023-10-05 15:21:07 - [TEST_STEP][PASSED] - statusPembelian = getText(findTestObject("verifikasi/Status pending di pembelian")): Text of object 'Object Repository/verifikasi/Status pending di pembelian' is: 'Pending'

2023-10-05 15:21:08 - [MESSAGE][PASSED] - Text of object 'Object Repository/verifikasi/Status pending di pembelian' is: 'Pending'

2023-10-05 15:21:08 - [TEST_STEP][PASSED] - data.put("statusPem", statusPembelian): null

2023-10-05 15:21:08 - [TEST_STEP][PASSED] - OngkosKirim = getText(findTestObject("pembayaran/ongkos kirim")): Text of object 'Object Repository/pembayaran/ongkos kirim' is: 'Rp 5,000'

2023-10-05 15:21:08 - [MESSAGE][PASSED] - Text of object 'Object Repository/pembayaran/ongkos kirim' is: 'Rp 5,000'

2023-10-05 15:21:08 - [TEST_STEP][PASSED] - Ongkos = OngkosKirim.substring(3, OngkosKirim.size()): null

2023-10-05 15:21:08 - [TEST_STEP][PASSED] - rep = Ongkos.replace(",", ""): null

2023-10-05 15:21:08 - [TEST_STEP][PASSED] - Ongkos_kirimm = Integer.parseInt(rep): null

2023-10-05 15:21:08 - [TEST_STEP][PASSED] - println(Ongkos_kirimm): null

2023-10-05 15:21:08 - [TEST_STEP][PASSED] - FeeAdmin = getText(findTestObject("pembayaran/fee admin")): Text of object 'Object Repository/pembayaran/fee admin' is: 'Rp 1,500'

2023-10-05 15:21:09 - [MESSAGE][PASSED] - Text of object 'Object Repository/pembayaran/fee admin' is: 'Rp 1,500'

2023-10-05 15:21:09 - [TEST_STEP][PASSED] - Fee_Admin = FeeAdmin.substring(3, FeeAdmin.size()): null

2023-10-05 15:21:09 - [TEST_STEP][PASSED] - fee = Fee_Admin.replace(",", ""): null

2023-10-05 15:21:09 - [TEST_STEP][PASSED] - fee_adminn = Integer.parseInt(fee): null

2023-10-05 15:21:09 - [TEST_STEP][PASSED] - println(fee_adminn): null

2023-10-05 15:21:09 - [TEST_STEP][PASSED] - Subtotal = getText(findTestObject("pembayaran/subtotal")): Text of object 'Object Repository/pembayaran/subtotal' is: 'Rp 1,299'

2023-10-05 15:21:09 - [MESSAGE][PASSED] - Text of object 'Object Repository/pembayaran/subtotal' is: 'Rp 1,299'

2023-10-05 15:21:09 - [TEST_STEP][PASSED] - sub_total = Subtotal.substring(3, Subtotal.size()): null

2023-10-05 15:21:09 - [TEST_STEP][PASSED] - sub = sub_total.replace(",", ""): null

2023-10-05 15:21:09 - [TEST_STEP][PASSED] - sub_totall = Integer.parseInt(sub): null

2023-10-05 15:21:09 - [TEST_STEP][PASSED] - println(sub_totall): null

2023-10-05 15:21:09 - [TEST_STEP][PASSED] - unik = getText(findTestObject("pembayaran/kode unik")): Text of object 'Object Repository/pembayaran/kode unik' is: '+059'

2023-10-05 15:21:10 - [MESSAGE][PASSED] - Text of object 'Object Repository/pembayaran/kode unik' is: '+059'

2023-10-05 15:21:10 - [TEST_STEP][PASSED] - unikk = unik.replace("+", ""): null

2023-10-05 15:21:10 - [TEST_STEP][PASSED] - kode_unik = Integer.parseInt(unikk): null

2023-10-05 15:21:10 - [TEST_STEP][PASSED] - println(kode_unik): null

2023-10-05 15:21:10 - [TEST_STEP][PASSED] - Total = getText(findTestObject("pembayaran/total")): Text of object 'Object Repository/pembayaran/total' is: '7,858'

2023-10-05 15:21:10 - [MESSAGE][PASSED] - Text of object 'Object Repository/pembayaran/total' is: '7,858'

2023-10-05 15:21:10 - [TEST_STEP][PASSED] - total = Total.replace(",", ""): null

2023-10-05 15:21:10 - [TEST_STEP][PASSED] - totalll = Integer.parseInt(total): null

2023-10-05 15:21:10 - [TEST_STEP][PASSED] - println(totalll): null

2023-10-05 15:21:10 - [TEST_STEP][PASSED] - Total_Hargaa = Ongkos_kirimm + fee_adminn + sub_totall + kode_unik: null

2023-10-05 15:21:10 - [TEST_STEP][PASSED] - println(Total_Hargaa): null

2023-10-05 15:21:10 - [TEST_STEP][PASSED] - assert totalll == Total_Hargaa: null

2023-10-05 15:21:10 - [TEST_STEP][PASSED] - data.put("total", Total): null

2023-10-05 15:21:10 - [TEST_STEP][PASSED] - data.put("nama", NamaPemesan): null

2023-10-05 15:21:10 - [TEST_STEP][PASSED] - return data: null

2023-10-05 15:21:10 - [MESSAGE][PASSED] - Call Test Case 'Test Cases/T13 Pembelian, Shipment dan Pembayaran/PBY-001' successfully

2023-10-05 15:21:10 - [TEST_STEP][PASSED] - inv = data.get("invoice"): null

2023-10-05 15:21:10 - [TEST_STEP][PASSED] - Total = data.get("total"): null

2023-10-05 15:21:10 - [TEST_STEP][PASSED] - NamaPemesan = data.get("nama"): null

2023-10-05 15:21:10 - [TEST_STEP][PASSED] - click(findTestObject("Konfirmasi pesanan shop/Menu Shop")): Object: 'Object Repository/Konfirmasi pesanan shop/Menu Shop' is clicked on

2023-10-05 15:21:12 - [MESSAGE][PASSED] - Object: 'Object Repository/Konfirmasi pesanan shop/Menu Shop' is clicked on

2023-10-05 15:21:12 - [TEST_STEP][PASSED] - click(findTestObject("Konfirmasi pesanan shop/Menu Shop")): Object: 'Object Repository/Konfirmasi pesanan shop/Menu Shop' is clicked on

2023-10-05 15:21:13 - [MESSAGE][PASSED] - Object: 'Object Repository/Konfirmasi pesanan shop/Menu Shop' is clicked on

2023-10-05 15:21:13 - [TEST_STEP][PASSED] - click(findTestObject("Konfirmasi pesanan shop/Konfirmasi Orders")): Object: 'Object Repository/Konfirmasi pesanan shop/Konfirmasi Orders' is clicked on

2023-10-05 15:21:14 - [MESSAGE][PASSED] - Object: 'Object Repository/Konfirmasi pesanan shop/Konfirmasi Orders' is clicked on

2023-10-05 15:21:14 - [TEST_STEP][PASSED] - verifyElementPresent(findTestObject("Konfirmasi pesanan shop/Tittle Konfirmasi Pesanan"), 0): Object 'Object Repository/Konfirmasi pesanan shop/Tittle Konfirmasi Pesanan' is present

2023-10-05 15:21:14 - [MESSAGE][WARNING] - Timeout '0' is invalid. Using default page load timeout: '30'

2023-10-05 15:21:14 - [MESSAGE][PASSED] - Object 'Object Repository/Konfirmasi pesanan shop/Tittle Konfirmasi Pesanan' is present

2023-10-05 15:21:14 - [TEST_STEP][PASSED] - setText(findTestObject("Konfirmasi pesanan shop/input_No Pesanan"), inv): Text 'TRX60.20231005152059' is set on object 'Object Repository/Konfirmasi pesanan shop/input_No Pesanan'

2023-10-05 15:21:15 - [MESSAGE][PASSED] - Text 'TRX60.20231005152059' is set on object 'Object Repository/Konfirmasi pesanan shop/input_No Pesanan'

2023-10-05 15:21:15 - [TEST_STEP][PASSED] - setText(findTestObject("Konfirmasi pesanan shop/input_Alamat E-mai"), "irfan@gmail.com"): Text 'irfan@gmail.com' is set on object 'Object Repository/Konfirmasi pesanan shop/input_Alamat E-mai'

2023-10-05 15:21:16 - [MESSAGE][PASSED] - Text 'irfan@gmail.com' is set on object 'Object Repository/Konfirmasi pesanan shop/input_Alamat E-mai'

2023-10-05 15:21:16 - [TEST_STEP][PASSED] - click(findTestObject("Konfirmasi pesanan shop/button_Submit")): Object: 'Object Repository/Konfirmasi pesanan shop/button_Submit' is clicked on

2023-10-05 15:21:17 - [MESSAGE][PASSED] - Object: 'Object Repository/Konfirmasi pesanan shop/button_Submit' is clicked on

2023-10-05 15:21:17 - [TEST_STEP][PASSED] - verifyElementPresent(findTestObject("Konfirmasi pesanan shop/Tittle nomor invoice"), 0): Object 'Object Repository/Konfirmasi pesanan shop/Tittle nomor invoice' is present

2023-10-05 15:21:17 - [MESSAGE][WARNING] - Timeout '0' is invalid. Using default page load timeout: '30'

2023-10-05 15:21:18 - [MESSAGE][PASSED] - Object 'Object Repository/Konfirmasi pesanan shop/Tittle nomor invoice' is present

2023-10-05 15:21:18 - [TEST_STEP][PASSED] - setText(findTestObject("Konfirmasi pesanan shop/input_Total TagihanTransfer_b"), Total): Text '7,858' is set on object 'Object Repository/Konfirmasi pesanan shop/input_Total TagihanTransfer_b'

2023-10-05 15:21:19 - [MESSAGE][PASSED] - Text '7,858' is set on object 'Object Repository/Konfirmasi pesanan shop/input_Total TagihanTransfer_b'

2023-10-05 15:21:19 - [TEST_STEP][PASSED] - selectOptionByValue(findTestObject("Konfirmasi pesanan shop/select_Bank"), "4", false): All options with value '4' are selected in object 'Object Repository/Konfirmasi pesanan shop/select_Bank' 

2023-10-05 15:21:19 - [MESSAGE][PASSED] - All options with value '4' are selected in object 'Object Repository/Konfirmasi pesanan shop/select_Bank' 

2023-10-05 15:21:19 - [TEST_STEP][PASSED] - setText(findTestObject("Konfirmasi pesanan shop/input_Nama Pengirim_d"), NamaPemesan): Text 'irfan.afandi' is set on object 'Object Repository/Konfirmasi pesanan shop/input_Nama Pengirim_d'

2023-10-05 15:21:20 - [MESSAGE][PASSED] - Text 'irfan.afandi' is set on object 'Object Repository/Konfirmasi pesanan shop/input_Nama Pengirim_d'

2023-10-05 15:21:20 - [TEST_STEP][PASSED] - uploadFile(findTestObject("keranjang/konfirmasi/input_Upload Bukti Transfer_f"), "C:\Users\IRFAN\Downloads\Berkas2.pdf"): File 'C:\Users\IRFAN\Downloads\Berkas2.pdf' sent to object: 'Object Repository/keranjang/konfirmasi/input_Upload Bukti Transfer_f'

2023-10-05 15:21:21 - [MESSAGE][PASSED] - File 'C:\Users\IRFAN\Downloads\Berkas2.pdf' sent to object: 'Object Repository/keranjang/konfirmasi/input_Upload Bukti Transfer_f'

2023-10-05 15:21:21 - [TEST_STEP][PASSED] - click(findTestObject("Konfirmasi pesanan shop/button_Konfirmasi Pembayaran")): Object: 'Object Repository/Konfirmasi pesanan shop/button_Konfirmasi Pembayaran' is clicked on

2023-10-05 15:21:22 - [MESSAGE][PASSED] - Object: 'Object Repository/Konfirmasi pesanan shop/button_Konfirmasi Pembayaran' is clicked on

2023-10-05 15:21:22 - [TEST_STEP][PASSED] - verifyElementPresent(findTestObject("Konfirmasi pesanan shop/Tittle Konfirmasi Pesanan"), 0): Object 'Object Repository/Konfirmasi pesanan shop/Tittle Konfirmasi Pesanan' is present

2023-10-05 15:21:22 - [MESSAGE][WARNING] - Timeout '0' is invalid. Using default page load timeout: '30'

2023-10-05 15:21:23 - [MESSAGE][PASSED] - Object 'Object Repository/Konfirmasi pesanan shop/Tittle Konfirmasi Pesanan' is present

2023-10-05 15:21:23 - [TEST_STEP][PASSED] - verifyElementPresent(findTestObject("Konfirmasi pesanan shop/Tittle massage succes Konfirmasi Pembayaran Pesanan"), 0): Object 'Object Repository/Konfirmasi pesanan shop/Tittle massage succes Konfirmasi Pembayaran Pesanan' is present

2023-10-05 15:21:23 - [MESSAGE][WARNING] - Timeout '0' is invalid. Using default page load timeout: '30'

2023-10-05 15:21:23 - [MESSAGE][PASSED] - Object 'Object Repository/Konfirmasi pesanan shop/Tittle massage succes Konfirmasi Pembayaran Pesanan' is present

2023-10-05 15:21:23 - [TEST_STEP][PASSED] - return data: null

2023-10-05 15:21:23 - [MESSAGE][PASSED] - Call Test Case 'Test Cases/T13 Pembelian, Shipment dan Pembayaran/PBY-004' successfully

2023-10-05 15:21:23 - [TEST_STEP][PASSED] - navigateToUrl("https://10.9.2.63/ecommerce/administrator/"): Navigate to 'https://10.9.2.63/ecommerce/administrator/' successfully

2023-10-05 15:21:24 - [MESSAGE][PASSED] - Navigate to 'https://10.9.2.63/ecommerce/administrator/' successfully

2023-10-05 15:21:24 - [TEST_STEP][PASSED] - verifyElementPresent(findTestObject("admin/Tittle ADMIN Login"), 0): Object 'Object Repository/admin/Tittle ADMIN Login' is present

2023-10-05 15:21:24 - [MESSAGE][WARNING] - Timeout '0' is invalid. Using default page load timeout: '30'

2023-10-05 15:21:24 - [MESSAGE][PASSED] - Object 'Object Repository/admin/Tittle ADMIN Login' is present

2023-10-05 15:21:24 - [TEST_STEP][PASSED] - setText(findTestObject("admin/Username"), "admin"): Text 'admin' is set on object 'Object Repository/admin/Username'

2023-10-05 15:21:25 - [MESSAGE][PASSED] - Text 'admin' is set on object 'Object Repository/admin/Username'

2023-10-05 15:21:25 - [TEST_STEP][PASSED] - setText(findTestObject("admin/Password"), "123admin123"): Text '123admin123' is set on object 'Object Repository/admin/Password'

2023-10-05 15:21:26 - [MESSAGE][PASSED] - Text '123admin123' is set on object 'Object Repository/admin/Password'

2023-10-05 15:21:26 - [TEST_STEP][PASSED] - click(findTestObject("admin/Remember Me")): Object: 'Object Repository/admin/Remember Me' is clicked on

2023-10-05 15:21:26 - [MESSAGE][PASSED] - Object: 'Object Repository/admin/Remember Me' is clicked on

2023-10-05 15:21:26 - [TEST_STEP][PASSED] - delay(10): Delayed 10 second(s)

2023-10-05 15:21:36 - [MESSAGE][PASSED] - Delayed 10 second(s)

2023-10-05 15:21:36 - [TEST_STEP][PASSED] - click(findTestObject("admin/buttom submit")): Object: 'Object Repository/admin/buttom submit' is clicked on

2023-10-05 15:21:38 - [MESSAGE][PASSED] - Object: 'Object Repository/admin/buttom submit' is clicked on

2023-10-05 15:21:38 - [TEST_STEP][PASSED] - verifyElementPresent(findTestObject("admin/Konf order konsumen/Tittle Dashboard"), 0): Object 'Object Repository/admin/Konf order konsumen/Tittle Dashboard' is present

2023-10-05 15:21:38 - [MESSAGE][WARNING] - Timeout '0' is invalid. Using default page load timeout: '30'

2023-10-05 15:21:38 - [MESSAGE][PASSED] - Object 'Object Repository/admin/Konf order konsumen/Tittle Dashboard' is present

2023-10-05 15:21:38 - [TEST_STEP][PASSED] - click(findTestObject("admin/Konf order konsumen/Menu Transaksi Market")): Object: 'Object Repository/admin/Konf order konsumen/Menu Transaksi Market' is clicked on

2023-10-05 15:21:39 - [MESSAGE][PASSED] - Object: 'Object Repository/admin/Konf order konsumen/Menu Transaksi Market' is clicked on

2023-10-05 15:21:39 - [TEST_STEP][PASSED] - click(findTestObject("admin/Konf order konsumen/Menu Konf. Order Konsumen")): Object: 'Object Repository/admin/Konf order konsumen/Menu Konf. Order Konsumen' is clicked on

2023-10-05 15:21:40 - [MESSAGE][PASSED] - Object: 'Object Repository/admin/Konf order konsumen/Menu Konf. Order Konsumen' is clicked on

2023-10-05 15:21:40 - [TEST_STEP][PASSED] - verifyElementPresent(findTestObject("admin/Konf order konsumen/Tittle Data Konfirmasi Pembayaran Konsumen"), 0): Object 'Object Repository/admin/Konf order konsumen/Tittle Data Konfirmasi Pembayaran Konsumen' is present

2023-10-05 15:21:40 - [MESSAGE][WARNING] - Timeout '0' is invalid. Using default page load timeout: '30'

2023-10-05 15:21:41 - [MESSAGE][PASSED] - Object 'Object Repository/admin/Konf order konsumen/Tittle Data Konfirmasi Pembayaran Konsumen' is present

2023-10-05 15:21:41 - [TEST_STEP][PASSED] - inv = data.get("invoice"): null

2023-10-05 15:21:41 - [TEST_STEP][PASSED] - setText(findTestObject("admin/Konf order konsumen/Search"), inv): Text 'TRX60.20231005152059' is set on object 'Object Repository/admin/Konf order konsumen/Search'

2023-10-05 15:21:42 - [MESSAGE][PASSED] - Text 'TRX60.20231005152059' is set on object 'Object Repository/admin/Konf order konsumen/Search'

2023-10-05 15:21:42 - [TEST_STEP][PASSED] - verifyElementText(findTestObject("admin/Konf order konsumen/Keterangan Lunas"), "Lunas"): Actual text and expected text of test object 'Object Repository/admin/Konf order konsumen/Keterangan Lunas' are matched.

2023-10-05 15:21:42 - [MESSAGE][PASSED] - Actual text and expected text of test object 'Object Repository/admin/Konf order konsumen/Keterangan Lunas' are matched.

2023-10-05 15:21:42 - [TEST_STEP][PASSED] - return data: null

2023-10-05 15:21:42 - [MESSAGE][PASSED] - Call Test Case 'Test Cases/T13 Pembelian, Shipment dan Pembayaran/PBYA-001' successfully

2023-10-05 15:21:42 - [TEST_STEP][PASSED] - click(findTestObject("admin/Penjualan ke konsumen/buttom Dashboard")): Object: 'Object Repository/admin/Penjualan ke konsumen/buttom Dashboard' is clicked on

2023-10-05 15:21:43 - [MESSAGE][PASSED] - Object: 'Object Repository/admin/Penjualan ke konsumen/buttom Dashboard' is clicked on

2023-10-05 15:21:43 - [TEST_STEP][PASSED] - click(findTestObject("admin/Konf order konsumen/Menu Transaksi Market")): Object: 'Object Repository/admin/Konf order konsumen/Menu Transaksi Market' is clicked on

2023-10-05 15:21:43 - [MESSAGE][PASSED] - Object: 'Object Repository/admin/Konf order konsumen/Menu Transaksi Market' is clicked on

2023-10-05 15:21:43 - [TEST_STEP][PASSED] - click(findTestObject("admin/Penjualan ke konsumen/a_Penjualan ke Konsumen")): Object: 'Object Repository/admin/Penjualan ke konsumen/a_Penjualan ke Konsumen' is clicked on

2023-10-05 15:21:47 - [MESSAGE][PASSED] - Object: 'Object Repository/admin/Penjualan ke konsumen/a_Penjualan ke Konsumen' is clicked on

2023-10-05 15:21:47 - [TEST_STEP][PASSED] - verifyElementPresent(findTestObject("admin/Tittle Data Transaksi Penjualan  Orderan Konsumen"), 0): Object 'Object Repository/admin/Tittle Data Transaksi Penjualan  Orderan Konsumen' is present

2023-10-05 15:21:47 - [MESSAGE][WARNING] - Timeout '0' is invalid. Using default page load timeout: '30'

2023-10-05 15:21:47 - [MESSAGE][PASSED] - Object 'Object Repository/admin/Tittle Data Transaksi Penjualan  Orderan Konsumen' is present

2023-10-05 15:21:47 - [TEST_STEP][PASSED] - return data: null

2023-10-05 15:21:47 - [MESSAGE][PASSED] - Call Test Case 'Test Cases/T13 Pembelian, Shipment dan Pembayaran/SA-001' successfully

2023-10-05 15:21:47 - [TEST_STEP][PASSED] - inv = data.get("invoice"): null

2023-10-05 15:21:47 - [TEST_STEP][PASSED] - setText(findTestObject("admin/Penjualan ke konsumen/Search"), inv): Text 'TRX60.20231005152059' is set on object 'Object Repository/admin/Penjualan ke konsumen/Search'

2023-10-05 15:21:48 - [MESSAGE][PASSED] - Text 'TRX60.20231005152059' is set on object 'Object Repository/admin/Penjualan ke konsumen/Search'

2023-10-05 15:21:48 - [TEST_STEP][PASSED] - click(findTestObject("admin/Penjualan ke konsumen/buttom konfirmasi pending payment"), CONTINUE_ON_FAILURE): Object: 'Object Repository/admin/Penjualan ke konsumen/buttom konfirmasi pending payment' is clicked on

2023-10-05 15:21:49 - [MESSAGE][PASSED] - Object: 'Object Repository/admin/Penjualan ke konsumen/buttom konfirmasi pending payment' is clicked on

2023-10-05 15:21:49 - [TEST_STEP][PASSED] - waitForAlert(5, OPTIONAL): Alert is present after 5 second(s).

2023-10-05 15:21:49 - [MESSAGE][PASSED] - Alert is present after 5 second(s).

2023-10-05 15:21:49 - [TEST_STEP][PASSED] - acceptAlert(): Alert accepted

2023-10-05 15:21:49 - [MESSAGE][PASSED] - Alert accepted

2023-10-05 15:21:49 - [TEST_STEP][PASSED] - setText(findTestObject("admin/Penjualan ke konsumen/Search"), inv): Text 'TRX60.20231005152059' is set on object 'Object Repository/admin/Penjualan ke konsumen/Search'

2023-10-05 15:21:58 - [MESSAGE][PASSED] - Text 'TRX60.20231005152059' is set on object 'Object Repository/admin/Penjualan ke konsumen/Search'

2023-10-05 15:21:58 - [TEST_STEP][PASSED] - verifyTextNotPresent("pending payment", false): Text 'pending payment' is not present on page

2023-10-05 15:21:59 - [MESSAGE][PASSED] - Text 'pending payment' is not present on page

2023-10-05 15:21:59 - [TEST_STEP][PASSED] - return data: null

2023-10-05 15:21:59 - [MESSAGE][PASSED] - Call Test Case 'Test Cases/T13 Pembelian, Shipment dan Pembayaran/SA-002' successfully

2023-10-05 15:21:59 - [TEST_STEP][PASSED] - click(findTestObject("admin/Penjualan ke konsumen/buttom scroldown")): Object: 'Object Repository/admin/Penjualan ke konsumen/buttom scroldown' is clicked on

2023-10-05 15:21:59 - [MESSAGE][PASSED] - Object: 'Object Repository/admin/Penjualan ke konsumen/buttom scroldown' is clicked on

2023-10-05 15:21:59 - [TEST_STEP][PASSED] - click(findTestObject("Edit Detail Data Transaksi/buttom edit")): Object: 'Object Repository/Edit Detail Data Transaksi/buttom edit' is clicked on

2023-10-05 15:22:00 - [MESSAGE][PASSED] - Object: 'Object Repository/Edit Detail Data Transaksi/buttom edit' is clicked on

2023-10-05 15:22:00 - [TEST_STEP][PASSED] - verifyElementPresent(findTestObject("Edit Detail Data Transaksi/Edit Detail Transaksi Penjualan"), 0): Object 'Object Repository/Edit Detail Data Transaksi/Edit Detail Transaksi Penjualan' is present

2023-10-05 15:22:00 - [MESSAGE][WARNING] - Timeout '0' is invalid. Using default page load timeout: '30'

2023-10-05 15:22:01 - [MESSAGE][PASSED] - Object 'Object Repository/Edit Detail Data Transaksi/Edit Detail Transaksi Penjualan' is present

2023-10-05 15:22:01 - [TEST_STEP][PASSED] - click(findTestObject("Edit Detail Data Transaksi/buttom edit detail")): Object: 'Object Repository/Edit Detail Data Transaksi/buttom edit detail' is clicked on

2023-10-05 15:22:01 - [MESSAGE][PASSED] - Object: 'Object Repository/Edit Detail Data Transaksi/buttom edit detail' is clicked on

2023-10-05 15:22:01 - [TEST_STEP][PASSED] - setText(findTestObject("Edit Detail Data Transaksi/input_Action_dd"), jumlah): Text 'e' is set on object 'Object Repository/Edit Detail Data Transaksi/input_Action_dd'

2023-10-05 15:22:02 - [MESSAGE][PASSED] - Text 'e' is set on object 'Object Repository/Edit Detail Data Transaksi/input_Action_dd'

2023-10-05 15:22:02 - [TEST_STEP][PASSED] - click(findTestObject("Edit Detail Data Transaksi/button_Action_centang")): Object: 'Object Repository/Edit Detail Data Transaksi/button_Action_centang' is clicked on

2023-10-05 15:22:03 - [MESSAGE][PASSED] - Object: 'Object Repository/Edit Detail Data Transaksi/button_Action_centang' is clicked on

2023-10-05 15:22:03 - [TEST_STEP][PASSED] - webDriver = getWebDriver(): null

2023-10-05 15:22:03 - [TEST_STEP][PASSED] - field_jumlah = webDriver.findElement(By.xpath("//input[@name="dd"]")): null

2023-10-05 15:22:03 - [TEST_STEP][PASSED] - error_message = webDriver.executeScript("return arguments[0].validationMessage", field_jumlah): null

2023-10-05 15:22:03 - [TEST_STEP][PASSED] - println(error_message): null

2023-10-05 15:22:03 - [TEST_STEP][PASSED] - assert error_message == "Please enter a number.": null

2023-10-05 15:22:03 - [TEST_STEP][PASSED] - return data: null]]></system-out>
         <system-err><![CDATA[]]></system-err>
      </testcase>
      <testcase name="Test Cases/T13 Pembelian, Shipment dan Pembayaran/SU-001" time="57.334" classname="Test Cases/T13 Pembelian, Shipment dan Pembayaran/SU-001" status="PASSED">
         <system-out><![CDATA[2023-10-05 15:22:03 - [TEST_CASE][PASSED] - Test Cases/T13 Pembelian, Shipment dan Pembayaran/SU-001: Test Cases/T13 Pembelian, Shipment dan Pembayaran/SU-001

2023-10-05 15:22:03 - [TEST_STEP][PASSED] - data = callTestCase(findTestCase("T13 Pembelian, Shipment dan Pembayaran/PBY-002"), [:], STOP_ON_FAILURE): Call Test Case 'Test Cases/T13 Pembelian, Shipment dan Pembayaran/PBY-002' successfully

2023-10-05 15:22:04 - [TEST_CASE][PASSED] - Test Cases/T13 Pembelian, Shipment dan Pembayaran/PBY-002: Test Cases/T13 Pembelian, Shipment dan Pembayaran/PBY-002

2023-10-05 15:22:04 - [TEST_STEP][PASSED] - data = callTestCase(findTestCase("T13 Pembelian, Shipment dan Pembayaran/PBL-005"), ["Kurir":"Roda 2", "tf":"transfer"], STOP_ON_FAILURE): Call Test Case 'Test Cases/T13 Pembelian, Shipment dan Pembayaran/PBL-005' successfully

2023-10-05 15:22:04 - [TEST_CASE][PASSED] - Test Cases/T13 Pembelian, Shipment dan Pembayaran/PBL-005: Test Cases/T13 Pembelian, Shipment dan Pembayaran/PBL-005

2023-10-05 15:22:04 - [TEST_STEP][PASSED] - data = callTestCase(findTestCase("T13 Pembelian, Shipment dan Pembayaran/PBL-002"), [:], STOP_ON_FAILURE): Call Test Case 'Test Cases/T13 Pembelian, Shipment dan Pembayaran/PBL-002' successfully

2023-10-05 15:22:04 - [TEST_CASE][PASSED] - Test Cases/T13 Pembelian, Shipment dan Pembayaran/PBL-002: Test Cases/T13 Pembelian, Shipment dan Pembayaran/PBL-002

2023-10-05 15:22:04 - [TEST_STEP][PASSED] - data = callTestCase(findTestCase("T13 Pembelian, Shipment dan Pembayaran/PBL-001"), [:], STOP_ON_FAILURE): Call Test Case 'Test Cases/T13 Pembelian, Shipment dan Pembayaran/PBL-001' successfully

2023-10-05 15:22:04 - [TEST_CASE][PASSED] - Test Cases/T13 Pembelian, Shipment dan Pembayaran/PBL-001: Test Cases/T13 Pembelian, Shipment dan Pembayaran/PBL-001

2023-10-05 15:22:04 - [TEST_STEP][PASSED] - callTestCase(findTestCase("T13 Pembelian, Shipment dan Pembayaran/LU-001"), ["username":"irfanafandi", "password":"12345irfan"], STOP_ON_FAILURE): Call Test Case 'Test Cases/T13 Pembelian, Shipment dan Pembayaran/LU-001' successfully

2023-10-05 15:22:04 - [TEST_CASE][PASSED] - Test Cases/T13 Pembelian, Shipment dan Pembayaran/LU-001: Test Cases/T13 Pembelian, Shipment dan Pembayaran/LU-001

2023-10-05 15:22:04 - [TEST_STEP][PASSED] - openBrowser("https://10.9.2.63/ecommerce/"): Browser is opened with url: 'https://10.9.2.63/ecommerce/'

2023-10-05 15:22:04 - [MESSAGE][WARNING] - A browser is already opened. Closing browser and opening a new one

2023-10-05 15:22:05 - [MESSAGE][INFO] - Starting 'Edge Chromium' driver

2023-10-05 15:22:05 - [MESSAGE][INFO] - User set preference: ['acceptInsecureCerts', 'true']

2023-10-05 15:22:07 - [MESSAGE][INFO] - Action delay is set to 0 milliseconds

2023-10-05 15:22:10 - [MESSAGE][PASSED] - Browser is opened with url: 'https://10.9.2.63/ecommerce/'

2023-10-05 15:22:10 - [TEST_STEP][PASSED] - maximizeWindow(): Current window maximized

2023-10-05 15:22:10 - [MESSAGE][PASSED] - Current window maximized

2023-10-05 15:22:10 - [TEST_STEP][PASSED] - verifyElementPresent(findTestObject("Login/Home"), 0): Object 'Object Repository/Login/Home' is present

2023-10-05 15:22:10 - [MESSAGE][WARNING] - Timeout '0' is invalid. Using default page load timeout: '30'

2023-10-05 15:22:11 - [MESSAGE][PASSED] - Object 'Object Repository/Login/Home' is present

2023-10-05 15:22:11 - [TEST_STEP][PASSED] - click(findTestObject("Login/a_Login")): Object: 'Object Repository/Login/a_Login' is clicked on

2023-10-05 15:22:11 - [MESSAGE][PASSED] - Object: 'Object Repository/Login/a_Login' is clicked on

2023-10-05 15:22:11 - [TEST_STEP][PASSED] - verifyElementPresent(findTestObject("Login/Tittle Login"), 0): Object 'Object Repository/Login/Tittle Login' is present

2023-10-05 15:22:11 - [MESSAGE][WARNING] - Timeout '0' is invalid. Using default page load timeout: '30'

2023-10-05 15:22:12 - [MESSAGE][PASSED] - Object 'Object Repository/Login/Tittle Login' is present

2023-10-05 15:22:12 - [TEST_STEP][PASSED] - setText(findTestObject("Login/input_Username, Email atau No. Handphone_a"), username): Text 'irfanafandi' is set on object 'Object Repository/Login/input_Username, Email atau No. Handphone_a'

2023-10-05 15:22:13 - [MESSAGE][PASSED] - Text 'irfanafandi' is set on object 'Object Repository/Login/input_Username, Email atau No. Handphone_a'

2023-10-05 15:22:13 - [TEST_STEP][PASSED] - setText(findTestObject("Login/input_Password_b"), password): Text '12345irfan' is set on object 'Object Repository/Login/input_Password_b'

2023-10-05 15:22:14 - [MESSAGE][PASSED] - Text '12345irfan' is set on object 'Object Repository/Login/input_Password_b'

2023-10-05 15:22:14 - [TEST_STEP][PASSED] - click(findTestObject("Login/label_Ingat saya")): Object: 'Object Repository/Login/label_Ingat saya' is clicked on

2023-10-05 15:22:14 - [MESSAGE][PASSED] - Object: 'Object Repository/Login/label_Ingat saya' is clicked on

2023-10-05 15:22:14 - [TEST_STEP][PASSED] - click(findTestObject("Login/button_Masuk")): Object: 'Object Repository/Login/button_Masuk' is clicked on

2023-10-05 15:22:16 - [MESSAGE][PASSED] - Object: 'Object Repository/Login/button_Masuk' is clicked on

2023-10-05 15:22:16 - [TEST_STEP][PASSED] - verifyElementPresent(findTestObject("Login/li_Profile"), 0): Object 'Object Repository/Login/li_Profile' is present

2023-10-05 15:22:16 - [MESSAGE][WARNING] - Timeout '0' is invalid. Using default page load timeout: '30'

2023-10-05 15:22:16 - [MESSAGE][PASSED] - Object 'Object Repository/Login/li_Profile' is present

2023-10-05 15:22:16 - [MESSAGE][PASSED] - Call Test Case 'Test Cases/T13 Pembelian, Shipment dan Pembayaran/LU-001' successfully

2023-10-05 15:22:16 - [TEST_STEP][PASSED] - mouseOver(findTestObject("beli barang/i_Mulai Belanja_icon-menu")): Object: 'Object Repository/beli barang/i_Mulai Belanja_icon-menu' is hovered

2023-10-05 15:22:17 - [MESSAGE][PASSED] - Object: 'Object Repository/beli barang/i_Mulai Belanja_icon-menu' is hovered

2023-10-05 15:22:17 - [TEST_STEP][PASSED] - click(findTestObject("beli barang/a_Fashion  Busana Wanita")): Object: 'Object Repository/beli barang/a_Fashion  Busana Wanita' is clicked on

2023-10-05 15:22:18 - [MESSAGE][PASSED] - Object: 'Object Repository/beli barang/a_Fashion  Busana Wanita' is clicked on

2023-10-05 15:22:18 - [TEST_STEP][PASSED] - NamaSebelum = getText(findTestObject("verifikasi/Nama sebelum")): Text of object 'Object Repository/verifikasi/Nama sebelum' is: ''

2023-10-05 15:22:19 - [MESSAGE][PASSED] - Text of object 'Object Repository/verifikasi/Nama sebelum' is: ''

2023-10-05 15:22:19 - [TEST_STEP][PASSED] - HargaSebelum = getText(findTestObject("verifikasi/Harga sebelum")): Text of object 'Object Repository/verifikasi/Harga sebelum' is: 'Rp 1,299'

2023-10-05 15:22:19 - [MESSAGE][PASSED] - Text of object 'Object Repository/verifikasi/Harga sebelum' is: 'Rp 1,299'

2023-10-05 15:22:19 - [TEST_STEP][PASSED] - mouseOver(findTestObject("beli barang/barang mouse over")): Object: 'Object Repository/beli barang/barang mouse over' is hovered

2023-10-05 15:22:20 - [MESSAGE][PASSED] - Object: 'Object Repository/beli barang/barang mouse over' is hovered

2023-10-05 15:22:20 - [TEST_STEP][PASSED] - click(findTestObject("beli barang/buttom add to cart")): Object: 'Object Repository/beli barang/buttom add to cart' is clicked on

2023-10-05 15:22:21 - [MESSAGE][PASSED] - Object: 'Object Repository/beli barang/buttom add to cart' is clicked on

2023-10-05 15:22:21 - [TEST_STEP][PASSED] - NamaSesudah = getText(findTestObject("verifikasi/Nama sesudah")): Text of object 'Object Repository/verifikasi/Nama sesudah' is: 'Segitiga Instan Madeira - MDB5.3 Sunset'

2023-10-05 15:22:22 - [MESSAGE][PASSED] - Text of object 'Object Repository/verifikasi/Nama sesudah' is: 'Segitiga Instan Madeira - MDB5.3 Sunset'

2023-10-05 15:22:22 - [TEST_STEP][PASSED] - HargaSesudah = getText(findTestObject("verifikasi/Harga sesudah")): Text of object 'Object Repository/verifikasi/Harga sesudah' is: 'Rp 1,299'

2023-10-05 15:22:22 - [MESSAGE][PASSED] - Text of object 'Object Repository/verifikasi/Harga sesudah' is: 'Rp 1,299'

2023-10-05 15:22:22 - [TEST_STEP][PASSED] - assert NamaSesudah.contains(NamaSebelum): null

2023-10-05 15:22:22 - [TEST_STEP][PASSED] - assert HargaSesudah.contains(HargaSebelum): null

2023-10-05 15:22:22 - [TEST_STEP][PASSED] - click(findTestObject("beli barang/Tambah Keranjang busana wanita")): Object: 'Object Repository/beli barang/Tambah Keranjang busana wanita' is clicked on

2023-10-05 15:22:23 - [MESSAGE][PASSED] - Object: 'Object Repository/beli barang/Tambah Keranjang busana wanita' is clicked on

2023-10-05 15:22:23 - [TEST_STEP][PASSED] - verifyElementPresent(findTestObject("checkout/Notifikasi keranjang"), 1): Object 'Object Repository/checkout/Notifikasi keranjang' is present

2023-10-05 15:22:24 - [MESSAGE][PASSED] - Object 'Object Repository/checkout/Notifikasi keranjang' is present

2023-10-05 15:22:24 - [TEST_STEP][PASSED] - data = new java.util.HashMap(): null

2023-10-05 15:22:24 - [TEST_STEP][PASSED] - data.put("nama_barang", NamaSesudah): null

2023-10-05 15:22:24 - [TEST_STEP][PASSED] - data.put("price_barang", HargaSesudah): null

2023-10-05 15:22:24 - [TEST_STEP][PASSED] - return data: null

2023-10-05 15:22:24 - [MESSAGE][PASSED] - Call Test Case 'Test Cases/T13 Pembelian, Shipment dan Pembayaran/PBL-001' successfully

2023-10-05 15:22:24 - [TEST_STEP][PASSED] - mouseOver(findTestObject("beli barang/keranjang")): Object: 'Object Repository/beli barang/keranjang' is hovered

2023-10-05 15:22:24 - [MESSAGE][PASSED] - Object: 'Object Repository/beli barang/keranjang' is hovered

2023-10-05 15:22:24 - [TEST_STEP][PASSED] - click(findTestObject("beli barang/Lihat Sekarang")): Object: 'Object Repository/beli barang/Lihat Sekarang' is clicked on

2023-10-05 15:22:25 - [MESSAGE][PASSED] - Object: 'Object Repository/beli barang/Lihat Sekarang' is clicked on

2023-10-05 15:22:25 - [TEST_STEP][PASSED] - verifyElementPresent(findTestObject("keranjang/li_Keranjang Belanja"), 0): Object 'Object Repository/keranjang/li_Keranjang Belanja' is present

2023-10-05 15:22:25 - [MESSAGE][WARNING] - Timeout '0' is invalid. Using default page load timeout: '30'

2023-10-05 15:22:27 - [MESSAGE][PASSED] - Object 'Object Repository/keranjang/li_Keranjang Belanja' is present

2023-10-05 15:22:27 - [TEST_STEP][PASSED] - NamaKeranjang = getText(findTestObject("verifikasi/Nama keranjang")): Text of object 'Object Repository/verifikasi/Nama keranjang' is: 'Segitiga Instan Madeira - MDB5.3 Sunset'

2023-10-05 15:22:27 - [MESSAGE][PASSED] - Text of object 'Object Repository/verifikasi/Nama keranjang' is: 'Segitiga Instan Madeira - MDB5.3 Sunset'

2023-10-05 15:22:27 - [TEST_STEP][PASSED] - HargaKeranjang = getText(findTestObject("verifikasi/Harga Keranjang")): Text of object 'Object Repository/verifikasi/Harga Keranjang' is: 'Rp 1,299'

2023-10-05 15:22:27 - [MESSAGE][PASSED] - Text of object 'Object Repository/verifikasi/Harga Keranjang' is: 'Rp 1,299'

2023-10-05 15:22:27 - [TEST_STEP][PASSED] - if (toString().equalsIgnoreCase("Merah")): Object 'Object Repository/keranjang/input_Warna_variasi101' is checked

2023-10-05 15:22:27 - [TEST_STEP][PASSED] - check(findTestObject("Object Repository/keranjang/input_Warna_variasi101")): Object 'Object Repository/keranjang/input_Warna_variasi101' is checked

2023-10-05 15:22:28 - [MESSAGE][PASSED] - Object 'Object Repository/keranjang/input_Warna_variasi101' is checked

2023-10-05 15:22:28 - [TEST_STEP][PASSED] - if (toString().equalsIgnoreCase("Menengah")): Object 'Object Repository/keranjang/input_Ukuran_variasi201' is checked

2023-10-05 15:22:28 - [TEST_STEP][PASSED] - check(findTestObject("Object Repository/keranjang/input_Ukuran_variasi201")): Object 'Object Repository/keranjang/input_Ukuran_variasi201' is checked

2023-10-05 15:22:28 - [MESSAGE][PASSED] - Object 'Object Repository/keranjang/input_Ukuran_variasi201' is checked

2023-10-05 15:22:28 - [TEST_STEP][PASSED] - data.put("Warna", warna): null

2023-10-05 15:22:28 - [TEST_STEP][PASSED] - data.put("Ukuran", ukuran): null

2023-10-05 15:22:28 - [TEST_STEP][PASSED] - click(findTestObject("keranjang/button_Lanjut ke Pembayaran")): Object: 'Object Repository/keranjang/button_Lanjut ke Pembayaran' is clicked on

2023-10-05 15:22:30 - [MESSAGE][PASSED] - Object: 'Object Repository/keranjang/button_Lanjut ke Pembayaran' is clicked on

2023-10-05 15:22:30 - [TEST_STEP][PASSED] - verifyElementPresent(findTestObject("checkout/Tittle Checkout Order"), 0): Object 'Object Repository/checkout/Tittle Checkout Order' is present

2023-10-05 15:22:30 - [MESSAGE][WARNING] - Timeout '0' is invalid. Using default page load timeout: '30'

2023-10-05 15:22:30 - [MESSAGE][PASSED] - Object 'Object Repository/checkout/Tittle Checkout Order' is present

2023-10-05 15:22:30 - [TEST_STEP][PASSED] - name_product = data.get("nama_barang"): null

2023-10-05 15:22:30 - [TEST_STEP][PASSED] - price_product = data.get("price_barang"): null

2023-10-05 15:22:30 - [TEST_STEP][PASSED] - assert name_product == NamaKeranjang: null

2023-10-05 15:22:30 - [TEST_STEP][PASSED] - assert price_product == HargaKeranjang: null

2023-10-05 15:22:30 - [TEST_STEP][PASSED] - return data: null

2023-10-05 15:22:30 - [MESSAGE][PASSED] - Call Test Case 'Test Cases/T13 Pembelian, Shipment dan Pembayaran/PBL-002' successfully

2023-10-05 15:22:30 - [TEST_STEP][PASSED] - warnaa = getText(findTestObject("verifikasi/warna Merah")): Text of object 'Object Repository/verifikasi/warna Merah' is: 'Merah'

2023-10-05 15:22:31 - [MESSAGE][PASSED] - Text of object 'Object Repository/verifikasi/warna Merah' is: 'Merah'

2023-10-05 15:22:31 - [TEST_STEP][PASSED] - ukurann = getText(findTestObject("verifikasi/Ukuran Menengah")): Text of object 'Object Repository/verifikasi/Ukuran Menengah' is: 'Menengah'

2023-10-05 15:22:31 - [MESSAGE][PASSED] - Text of object 'Object Repository/verifikasi/Ukuran Menengah' is: 'Menengah'

2023-10-05 15:22:31 - [TEST_STEP][PASSED] - warna1 = data.get("Warna"): null

2023-10-05 15:22:31 - [TEST_STEP][PASSED] - ukuran1 = data.get("Ukuran"): null

2023-10-05 15:22:31 - [TEST_STEP][PASSED] - assert warnaa == warna1: null

2023-10-05 15:22:31 - [TEST_STEP][PASSED] - assert ukurann == ukuran1: null

2023-10-05 15:22:31 - [TEST_STEP][PASSED] - NamaCheckout = getText(findTestObject("verifikasi/NamaCheckout")): Text of object 'Object Repository/verifikasi/NamaCheckout' is: ''

2023-10-05 15:22:31 - [MESSAGE][PASSED] - Text of object 'Object Repository/verifikasi/NamaCheckout' is: ''

2023-10-05 15:22:31 - [TEST_STEP][PASSED] - HargaCheckout = getText(findTestObject("verifikasi/HargaCheckout")): Text of object 'Object Repository/verifikasi/HargaCheckout' is: '1,299'

2023-10-05 15:22:32 - [MESSAGE][PASSED] - Text of object 'Object Repository/verifikasi/HargaCheckout' is: '1,299'

2023-10-05 15:22:32 - [TEST_STEP][PASSED] - name_product = data.get("nama_barang"): null

2023-10-05 15:22:32 - [TEST_STEP][PASSED] - price_product = data.get("price_barang"): null

2023-10-05 15:22:32 - [TEST_STEP][PASSED] - assert name_product.contains(NamaCheckout): null

2023-10-05 15:22:32 - [TEST_STEP][PASSED] - assert price_product.contains(HargaCheckout): null

2023-10-05 15:22:32 - [TEST_STEP][PASSED] - selectOptionByLabel(findTestObject("checkout/select - Kirim via Kurir Lokal"), Kurir, false): All options with label 'Roda 2' are selected in object 'Object Repository/checkout/select - Kirim via Kurir Lokal' 

2023-10-05 15:22:32 - [MESSAGE][PASSED] - All options with label 'Roda 2' are selected in object 'Object Repository/checkout/select - Kirim via Kurir Lokal' 

2023-10-05 15:22:32 - [TEST_STEP][PASSED] - click(findTestObject("checkout/Kendaraan Kurir")): Object: 'Object Repository/checkout/Kendaraan Kurir' is clicked on

2023-10-05 15:22:33 - [MESSAGE][PASSED] - Object: 'Object Repository/checkout/Kendaraan Kurir' is clicked on

2023-10-05 15:22:33 - [TEST_STEP][PASSED] - OngkosKirim = getText(findTestObject("Object Repository/verifikasi/Ongkos Kirim checkout")): Text of object 'Object Repository/verifikasi/Ongkos Kirim checkout' is: 'Rp. 5,000'

2023-10-05 15:22:34 - [MESSAGE][PASSED] - Text of object 'Object Repository/verifikasi/Ongkos Kirim checkout' is: 'Rp. 5,000'

2023-10-05 15:22:34 - [TEST_STEP][PASSED] - Ongkos = OngkosKirim.substring(3, OngkosKirim.size()): null

2023-10-05 15:22:34 - [TEST_STEP][PASSED] - rep = Ongkos.replace(",", "."): null

2023-10-05 15:22:34 - [TEST_STEP][PASSED] - Ongkos_kirim = Double.parseDouble(rep): null

2023-10-05 15:22:34 - [TEST_STEP][PASSED] - println(Ongkos_kirim): null

2023-10-05 15:22:34 - [TEST_STEP][PASSED] - FeeAdmin = getText(findTestObject("verifikasi/Fee Admin checkout")): Text of object 'Object Repository/verifikasi/Fee Admin checkout' is: 'Fee Admin
Rp 1,500'

2023-10-05 15:22:34 - [MESSAGE][PASSED] - Text of object 'Object Repository/verifikasi/Fee Admin checkout' is: 'Fee Admin
Rp 1,500'

2023-10-05 15:22:34 - [TEST_STEP][PASSED] - Fee_Admin = FeeAdmin.substring(12, FeeAdmin.size()): null

2023-10-05 15:22:34 - [TEST_STEP][PASSED] - fee = Fee_Admin.replace(",", "."): null

2023-10-05 15:22:34 - [TEST_STEP][PASSED] - fee_admin = Double.parseDouble(fee): null

2023-10-05 15:22:34 - [TEST_STEP][PASSED] - println(fee_admin): null

2023-10-05 15:22:34 - [TEST_STEP][PASSED] - Subtotal = getText(findTestObject("verifikasi/subtotal checkout")): Text of object 'Object Repository/verifikasi/subtotal checkout' is: 'Subtotal
Rp 1,299'

2023-10-05 15:22:34 - [MESSAGE][PASSED] - Text of object 'Object Repository/verifikasi/subtotal checkout' is: 'Subtotal
Rp 1,299'

2023-10-05 15:22:34 - [TEST_STEP][PASSED] - sub_total = Subtotal.substring(12, Subtotal.size()): null

2023-10-05 15:22:34 - [TEST_STEP][PASSED] - sub = sub_total.replace(",", "."): null

2023-10-05 15:22:34 - [TEST_STEP][PASSED] - sub_total = Double.parseDouble(sub): null

2023-10-05 15:22:34 - [TEST_STEP][PASSED] - println(sub_total): null

2023-10-05 15:22:34 - [TEST_STEP][PASSED] - Total = getText(findTestObject("verifikasi/Total checkout")): Text of object 'Object Repository/verifikasi/Total checkout' is: 'Rp 7,799'

2023-10-05 15:22:35 - [MESSAGE][PASSED] - Text of object 'Object Repository/verifikasi/Total checkout' is: 'Rp 7,799'

2023-10-05 15:22:35 - [TEST_STEP][PASSED] - totall = Total.substring(3, Total.size()): null

2023-10-05 15:22:35 - [TEST_STEP][PASSED] - total = totall.replace(",", "."): null

2023-10-05 15:22:35 - [TEST_STEP][PASSED] - totall = Double.parseDouble(total): null

2023-10-05 15:22:35 - [TEST_STEP][PASSED] - println(totall): null

2023-10-05 15:22:35 - [TEST_STEP][PASSED] - Total_Harga = Ongkos_kirim + fee_admin + sub_total: null

2023-10-05 15:22:35 - [TEST_STEP][PASSED] - println(Total_Harga): null

2023-10-05 15:22:35 - [TEST_STEP][PASSED] - TotalHarga = Math.round(Total_Harga * 1000) / 1000: null

2023-10-05 15:22:35 - [TEST_STEP][PASSED] - println(TotalHarga): null

2023-10-05 15:22:35 - [TEST_STEP][PASSED] - assert totall == TotalHarga: null

2023-10-05 15:22:35 - [TEST_STEP][PASSED] - click(findTestObject("Object Repository/checkout/metode pembayaran")): Object: 'Object Repository/checkout/metode pembayaran' is clicked on

2023-10-05 15:22:35 - [MESSAGE][PASSED] - Object: 'Object Repository/checkout/metode pembayaran' is clicked on

2023-10-05 15:22:35 - [TEST_STEP][PASSED] - click(findTestObject("checkout/button_Proses Pembayaran")): Object: 'Object Repository/checkout/button_Proses Pembayaran' is clicked on

2023-10-05 15:22:43 - [MESSAGE][PASSED] - Object: 'Object Repository/checkout/button_Proses Pembayaran' is clicked on

2023-10-05 15:22:43 - [TEST_STEP][PASSED] - verifyElementPresent(findTestObject("pembayaran/Tittle nomor invoice"), 0): Object 'Object Repository/pembayaran/Tittle nomor invoice' is present

2023-10-05 15:22:43 - [MESSAGE][WARNING] - Timeout '0' is invalid. Using default page load timeout: '30'

2023-10-05 15:22:44 - [MESSAGE][PASSED] - Object 'Object Repository/pembayaran/Tittle nomor invoice' is present

2023-10-05 15:22:44 - [TEST_STEP][PASSED] - return data: null

2023-10-05 15:22:44 - [MESSAGE][PASSED] - Call Test Case 'Test Cases/T13 Pembelian, Shipment dan Pembayaran/PBL-005' successfully

2023-10-05 15:22:44 - [TEST_STEP][PASSED] - Invoice = getText(findTestObject("pembayaran/nomor invoice")): Text of object 'Object Repository/pembayaran/nomor invoice' is: 'TRX60.20231005152239'

2023-10-05 15:22:45 - [MESSAGE][PASSED] - Text of object 'Object Repository/pembayaran/nomor invoice' is: 'TRX60.20231005152239'

2023-10-05 15:22:45 - [TEST_STEP][PASSED] - NamaPemesan = getText(findTestObject("Konfirmasi pesanan shop/Nama pemesan")): Text of object 'Object Repository/Konfirmasi pesanan shop/Nama pemesan' is: 'irfan.afandi'

2023-10-05 15:22:45 - [MESSAGE][PASSED] - Text of object 'Object Repository/Konfirmasi pesanan shop/Nama pemesan' is: 'irfan.afandi'

2023-10-05 15:22:45 - [TEST_STEP][PASSED] - data.put("invoice", Invoice): null

2023-10-05 15:22:45 - [TEST_STEP][PASSED] - Nama = getText(findTestObject("pembayaran/Nama barang")): Text of object 'Object Repository/pembayaran/Nama barang' is: 'Segitiga Instan Madeira - MDB5.3 Sunset'

2023-10-05 15:22:45 - [MESSAGE][PASSED] - Text of object 'Object Repository/pembayaran/Nama barang' is: 'Segitiga Instan Madeira - MDB5.3 Sunset'

2023-10-05 15:22:45 - [TEST_STEP][PASSED] - Harga = getText(findTestObject("pembayaran/Harga barang")): Text of object 'Object Repository/pembayaran/Harga barang' is: '1,299'

2023-10-05 15:22:46 - [MESSAGE][PASSED] - Text of object 'Object Repository/pembayaran/Harga barang' is: '1,299'

2023-10-05 15:22:46 - [TEST_STEP][PASSED] - name_product = data.get("nama_barang"): null

2023-10-05 15:22:46 - [TEST_STEP][PASSED] - price_product = data.get("price_barang"): null

2023-10-05 15:22:46 - [TEST_STEP][PASSED] - assert name_product.contains(Nama): null

2023-10-05 15:22:46 - [TEST_STEP][PASSED] - assert price_product.contains(Harga): null

2023-10-05 15:22:46 - [TEST_STEP][PASSED] - warnaa = getText(findTestObject("pembayaran/warna")): Text of object 'Object Repository/pembayaran/warna' is: 'Merah'

2023-10-05 15:22:46 - [MESSAGE][PASSED] - Text of object 'Object Repository/pembayaran/warna' is: 'Merah'

2023-10-05 15:22:46 - [TEST_STEP][PASSED] - ukurann = getText(findTestObject("pembayaran/ukuran")): Text of object 'Object Repository/pembayaran/ukuran' is: 'Menengah'

2023-10-05 15:22:46 - [MESSAGE][PASSED] - Text of object 'Object Repository/pembayaran/ukuran' is: 'Menengah'

2023-10-05 15:22:46 - [TEST_STEP][PASSED] - warna1 = data.get("Warna"): null

2023-10-05 15:22:46 - [TEST_STEP][PASSED] - ukuran1 = data.get("Ukuran"): null

2023-10-05 15:22:46 - [TEST_STEP][PASSED] - assert warnaa == warna1: null

2023-10-05 15:22:46 - [TEST_STEP][PASSED] - assert ukurann == ukuran1: null

2023-10-05 15:22:46 - [TEST_STEP][PASSED] - OngkosKirim = getText(findTestObject("pembayaran/ongkos kirim")): Text of object 'Object Repository/pembayaran/ongkos kirim' is: 'Rp 5,000'

2023-10-05 15:22:47 - [MESSAGE][PASSED] - Text of object 'Object Repository/pembayaran/ongkos kirim' is: 'Rp 5,000'

2023-10-05 15:22:47 - [TEST_STEP][PASSED] - Ongkos = OngkosKirim.substring(3, OngkosKirim.size()): null

2023-10-05 15:22:47 - [TEST_STEP][PASSED] - rep = Ongkos.replace(",", ""): null

2023-10-05 15:22:47 - [TEST_STEP][PASSED] - Ongkos_kirimm = Integer.parseInt(rep): null

2023-10-05 15:22:47 - [TEST_STEP][PASSED] - println(Ongkos_kirimm): null

2023-10-05 15:22:47 - [TEST_STEP][PASSED] - FeeAdmin = getText(findTestObject("pembayaran/fee admin")): Text of object 'Object Repository/pembayaran/fee admin' is: 'Rp 1,500'

2023-10-05 15:22:47 - [MESSAGE][PASSED] - Text of object 'Object Repository/pembayaran/fee admin' is: 'Rp 1,500'

2023-10-05 15:22:47 - [TEST_STEP][PASSED] - Fee_Admin = FeeAdmin.substring(3, FeeAdmin.size()): null

2023-10-05 15:22:47 - [TEST_STEP][PASSED] - fee = Fee_Admin.replace(",", ""): null

2023-10-05 15:22:47 - [TEST_STEP][PASSED] - fee_adminn = Integer.parseInt(fee): null

2023-10-05 15:22:47 - [TEST_STEP][PASSED] - println(fee_adminn): null

2023-10-05 15:22:47 - [TEST_STEP][PASSED] - Subtotal = getText(findTestObject("pembayaran/subtotal")): Text of object 'Object Repository/pembayaran/subtotal' is: 'Rp 1,299'

2023-10-05 15:22:47 - [MESSAGE][PASSED] - Text of object 'Object Repository/pembayaran/subtotal' is: 'Rp 1,299'

2023-10-05 15:22:47 - [TEST_STEP][PASSED] - sub_total = Subtotal.substring(3, Subtotal.size()): null

2023-10-05 15:22:47 - [TEST_STEP][PASSED] - sub = sub_total.replace(",", ""): null

2023-10-05 15:22:47 - [TEST_STEP][PASSED] - sub_totall = Integer.parseInt(sub): null

2023-10-05 15:22:47 - [TEST_STEP][PASSED] - println(sub_totall): null

2023-10-05 15:22:47 - [TEST_STEP][PASSED] - unik = getText(findTestObject("pembayaran/kode unik")): Text of object 'Object Repository/pembayaran/kode unik' is: '+239'

2023-10-05 15:22:48 - [MESSAGE][PASSED] - Text of object 'Object Repository/pembayaran/kode unik' is: '+239'

2023-10-05 15:22:48 - [TEST_STEP][PASSED] - unikk = unik.replace("+", ""): null

2023-10-05 15:22:48 - [TEST_STEP][PASSED] - kode_unik = Integer.parseInt(unikk): null

2023-10-05 15:22:48 - [TEST_STEP][PASSED] - println(kode_unik): null

2023-10-05 15:22:48 - [TEST_STEP][PASSED] - Total = getText(findTestObject("pembayaran/total")): Text of object 'Object Repository/pembayaran/total' is: '8,038'

2023-10-05 15:22:48 - [MESSAGE][PASSED] - Text of object 'Object Repository/pembayaran/total' is: '8,038'

2023-10-05 15:22:48 - [TEST_STEP][PASSED] - total = Total.replace(",", ""): null

2023-10-05 15:22:48 - [TEST_STEP][PASSED] - totalll = Integer.parseInt(total): null

2023-10-05 15:22:48 - [TEST_STEP][PASSED] - println(totalll): null

2023-10-05 15:22:48 - [TEST_STEP][PASSED] - Total_Hargaa = Ongkos_kirimm + fee_adminn + sub_totall + kode_unik: null

2023-10-05 15:22:48 - [TEST_STEP][PASSED] - println(Total_Hargaa): null

2023-10-05 15:22:48 - [TEST_STEP][PASSED] - assert totalll == Total_Hargaa: null

2023-10-05 15:22:48 - [TEST_STEP][PASSED] - data.put("total", Total): null

2023-10-05 15:22:48 - [TEST_STEP][PASSED] - data.put("nama", NamaPemesan): null

2023-10-05 15:22:48 - [TEST_STEP][PASSED] - return data: null

2023-10-05 15:22:48 - [MESSAGE][PASSED] - Call Test Case 'Test Cases/T13 Pembelian, Shipment dan Pembayaran/PBY-002' successfully

2023-10-05 15:22:48 - [TEST_STEP][PASSED] - click(findTestObject("Konfirmasi pesanan shop/Menu Shop")): Object: 'Object Repository/Konfirmasi pesanan shop/Menu Shop' is clicked on

2023-10-05 15:22:50 - [MESSAGE][PASSED] - Object: 'Object Repository/Konfirmasi pesanan shop/Menu Shop' is clicked on

2023-10-05 15:22:50 - [TEST_STEP][PASSED] - click(findTestObject("Konfirmasi pesanan shop/Menu Shop")): Object: 'Object Repository/Konfirmasi pesanan shop/Menu Shop' is clicked on

2023-10-05 15:22:51 - [MESSAGE][PASSED] - Object: 'Object Repository/Konfirmasi pesanan shop/Menu Shop' is clicked on

2023-10-05 15:22:51 - [TEST_STEP][PASSED] - click(findTestObject("Traking Order/a_Tracking Orders")): Object: 'Object Repository/Traking Order/a_Tracking Orders' is clicked on

2023-10-05 15:22:52 - [MESSAGE][PASSED] - Object: 'Object Repository/Traking Order/a_Tracking Orders' is clicked on

2023-10-05 15:22:52 - [TEST_STEP][PASSED] - verifyElementPresent(findTestObject("Traking Order/Tittle Tracking Order"), 0): Object 'Object Repository/Traking Order/Tittle Tracking Order' is present

2023-10-05 15:22:52 - [MESSAGE][WARNING] - Timeout '0' is invalid. Using default page load timeout: '30'

2023-10-05 15:22:52 - [MESSAGE][PASSED] - Object 'Object Repository/Traking Order/Tittle Tracking Order' is present

2023-10-05 15:22:52 - [TEST_STEP][PASSED] - inv = data.get("invoice"): null

2023-10-05 15:22:52 - [TEST_STEP][PASSED] - setText(findTestObject("Traking Order/input_No Pesanan_a"), inv): Text 'TRX60.20231005152239' is set on object 'Object Repository/Traking Order/input_No Pesanan_a'

2023-10-05 15:22:53 - [MESSAGE][PASSED] - Text 'TRX60.20231005152239' is set on object 'Object Repository/Traking Order/input_No Pesanan_a'

2023-10-05 15:22:53 - [TEST_STEP][PASSED] - setText(findTestObject("Traking Order/input_Alamat E-mail_form-control"), "irfan@gmail.com"): Text 'irfan@gmail.com' is set on object 'Object Repository/Traking Order/input_Alamat E-mail_form-control'

2023-10-05 15:22:54 - [MESSAGE][PASSED] - Text 'irfan@gmail.com' is set on object 'Object Repository/Traking Order/input_Alamat E-mail_form-control'

2023-10-05 15:22:54 - [TEST_STEP][PASSED] - click(findTestObject("Traking Order/button_Lacak Pesanan")): Object: 'Object Repository/Traking Order/button_Lacak Pesanan' is clicked on

2023-10-05 15:22:58 - [MESSAGE][PASSED] - Object: 'Object Repository/Traking Order/button_Lacak Pesanan' is clicked on

2023-10-05 15:22:58 - [TEST_STEP][PASSED] - verifyElementPresent(findTestObject("Traking Order/Tittle nomor transaksi"), 0): Object 'Object Repository/Traking Order/Tittle nomor transaksi' is present

2023-10-05 15:22:58 - [MESSAGE][WARNING] - Timeout '0' is invalid. Using default page load timeout: '30'

2023-10-05 15:22:59 - [MESSAGE][PASSED] - Object 'Object Repository/Traking Order/Tittle nomor transaksi' is present

2023-10-05 15:22:59 - [TEST_STEP][PASSED] - verifyElementPresent(findTestObject("Traking Order/status traking/Status Konfirmasi"), 0): Object 'Object Repository/Traking Order/status traking/Status Konfirmasi' is present

2023-10-05 15:22:59 - [MESSAGE][WARNING] - Timeout '0' is invalid. Using default page load timeout: '30'

2023-10-05 15:22:59 - [MESSAGE][PASSED] - Object 'Object Repository/Traking Order/status traking/Status Konfirmasi' is present

2023-10-05 15:22:59 - [TEST_STEP][PASSED] - Nama = getText(findTestObject("Object Repository/Traking Order/status traking/Nama Barang tracking order")): Text of object 'Object Repository/Traking Order/status traking/Nama Barang tracking order' is: 'Segitiga Instan Madeira - MDB5.3 Sunset'

2023-10-05 15:22:59 - [MESSAGE][PASSED] - Text of object 'Object Repository/Traking Order/status traking/Nama Barang tracking order' is: 'Segitiga Instan Madeira - MDB5.3 Sunset'

2023-10-05 15:22:59 - [TEST_STEP][PASSED] - Harga = getText(findTestObject("Object Repository/Traking Order/status traking/Harga Barang")): Text of object 'Object Repository/Traking Order/status traking/Harga Barang' is: '1,299'

2023-10-05 15:23:00 - [MESSAGE][PASSED] - Text of object 'Object Repository/Traking Order/status traking/Harga Barang' is: '1,299'

2023-10-05 15:23:00 - [TEST_STEP][PASSED] - name_product = data.get("nama_barang"): null

2023-10-05 15:23:00 - [TEST_STEP][PASSED] - price_product = data.get("price_barang"): null

2023-10-05 15:23:00 - [TEST_STEP][PASSED] - assert name_product.contains(Nama): null

2023-10-05 15:23:00 - [TEST_STEP][PASSED] - assert price_product.contains(Harga): null

2023-10-05 15:23:00 - [TEST_STEP][PASSED] - warnaa = getText(findTestObject("Object Repository/Traking Order/status traking/warna")): Text of object 'Object Repository/Traking Order/status traking/warna' is: 'Merah'

2023-10-05 15:23:00 - [MESSAGE][PASSED] - Text of object 'Object Repository/Traking Order/status traking/warna' is: 'Merah'

2023-10-05 15:23:00 - [TEST_STEP][PASSED] - ukurann = getText(findTestObject("Object Repository/Traking Order/status traking/Ukuruan")): Text of object 'Object Repository/Traking Order/status traking/Ukuruan' is: 'Menengah'

2023-10-05 15:23:00 - [MESSAGE][PASSED] - Text of object 'Object Repository/Traking Order/status traking/Ukuruan' is: 'Menengah'

2023-10-05 15:23:00 - [TEST_STEP][PASSED] - warna1 = data.get("Warna"): null

2023-10-05 15:23:00 - [TEST_STEP][PASSED] - ukuran1 = data.get("Ukuran"): null

2023-10-05 15:23:00 - [TEST_STEP][PASSED] - assert warnaa == warna1: null

2023-10-05 15:23:00 - [TEST_STEP][PASSED] - assert ukurann == ukuran1: null

2023-10-05 15:23:00 - [TEST_STEP][PASSED] - return data: null]]></system-out>
         <system-err><![CDATA[]]></system-err>
      </testcase>
      <testcase name="Test Cases/T13 Pembelian, Shipment dan Pembayaran/SU-002" time="134.604" classname="Test Cases/T13 Pembelian, Shipment dan Pembayaran/SU-002" status="PASSED">
         <system-out><![CDATA[2023-10-05 15:23:00 - [TEST_CASE][PASSED] - Test Cases/T13 Pembelian, Shipment dan Pembayaran/SU-002: Test Cases/T13 Pembelian, Shipment dan Pembayaran/SU-002

2023-10-05 15:23:01 - [TEST_STEP][PASSED] - data = callTestCase(findTestCase("T13 Pembelian, Shipment dan Pembayaran/SA-003"), [:], STOP_ON_FAILURE): Call Test Case 'Test Cases/T13 Pembelian, Shipment dan Pembayaran/SA-003' successfully

2023-10-05 15:23:01 - [TEST_CASE][PASSED] - Test Cases/T13 Pembelian, Shipment dan Pembayaran/SA-003: Test Cases/T13 Pembelian, Shipment dan Pembayaran/SA-003

2023-10-05 15:23:01 - [TEST_STEP][PASSED] - data = callTestCase(findTestCase("T13 Pembelian, Shipment dan Pembayaran/SA-002"), [:], STOP_ON_FAILURE): Call Test Case 'Test Cases/T13 Pembelian, Shipment dan Pembayaran/SA-002' successfully

2023-10-05 15:23:01 - [TEST_CASE][PASSED] - Test Cases/T13 Pembelian, Shipment dan Pembayaran/SA-002: Test Cases/T13 Pembelian, Shipment dan Pembayaran/SA-002

2023-10-05 15:23:01 - [TEST_STEP][PASSED] - data = callTestCase(findTestCase("T13 Pembelian, Shipment dan Pembayaran/SA-001"), [:], STOP_ON_FAILURE): Call Test Case 'Test Cases/T13 Pembelian, Shipment dan Pembayaran/SA-001' successfully

2023-10-05 15:23:01 - [TEST_CASE][PASSED] - Test Cases/T13 Pembelian, Shipment dan Pembayaran/SA-001: Test Cases/T13 Pembelian, Shipment dan Pembayaran/SA-001

2023-10-05 15:23:01 - [TEST_STEP][PASSED] - data = callTestCase(findTestCase("T13 Pembelian, Shipment dan Pembayaran/PBYA-001"), [:], STOP_ON_FAILURE): Call Test Case 'Test Cases/T13 Pembelian, Shipment dan Pembayaran/PBYA-001' successfully

2023-10-05 15:23:01 - [TEST_CASE][PASSED] - Test Cases/T13 Pembelian, Shipment dan Pembayaran/PBYA-001: Test Cases/T13 Pembelian, Shipment dan Pembayaran/PBYA-001

2023-10-05 15:23:01 - [TEST_STEP][PASSED] - data = callTestCase(findTestCase("T13 Pembelian, Shipment dan Pembayaran/PBY-004"), [:], STOP_ON_FAILURE): Call Test Case 'Test Cases/T13 Pembelian, Shipment dan Pembayaran/PBY-004' successfully

2023-10-05 15:23:01 - [TEST_CASE][PASSED] - Test Cases/T13 Pembelian, Shipment dan Pembayaran/PBY-004: Test Cases/T13 Pembelian, Shipment dan Pembayaran/PBY-004

2023-10-05 15:23:01 - [TEST_STEP][PASSED] - data = callTestCase(findTestCase("T13 Pembelian, Shipment dan Pembayaran/PBY-001"), [:], STOP_ON_FAILURE): Call Test Case 'Test Cases/T13 Pembelian, Shipment dan Pembayaran/PBY-001' successfully

2023-10-05 15:23:01 - [TEST_CASE][PASSED] - Test Cases/T13 Pembelian, Shipment dan Pembayaran/PBY-001: Test Cases/T13 Pembelian, Shipment dan Pembayaran/PBY-001

2023-10-05 15:23:01 - [TEST_STEP][PASSED] - data = callTestCase(findTestCase("T13 Pembelian, Shipment dan Pembayaran/PBL-004"), ["Kurir":"Roda 2"], STOP_ON_FAILURE): Call Test Case 'Test Cases/T13 Pembelian, Shipment dan Pembayaran/PBL-004' successfully

2023-10-05 15:23:01 - [TEST_CASE][PASSED] - Test Cases/T13 Pembelian, Shipment dan Pembayaran/PBL-004: Test Cases/T13 Pembelian, Shipment dan Pembayaran/PBL-004

2023-10-05 15:23:01 - [TEST_STEP][PASSED] - data = callTestCase(findTestCase("T13 Pembelian, Shipment dan Pembayaran/PBL-002"), [:], STOP_ON_FAILURE): Call Test Case 'Test Cases/T13 Pembelian, Shipment dan Pembayaran/PBL-002' successfully

2023-10-05 15:23:01 - [TEST_CASE][PASSED] - Test Cases/T13 Pembelian, Shipment dan Pembayaran/PBL-002: Test Cases/T13 Pembelian, Shipment dan Pembayaran/PBL-002

2023-10-05 15:23:01 - [TEST_STEP][PASSED] - data = callTestCase(findTestCase("T13 Pembelian, Shipment dan Pembayaran/PBL-001"), [:], STOP_ON_FAILURE): Call Test Case 'Test Cases/T13 Pembelian, Shipment dan Pembayaran/PBL-001' successfully

2023-10-05 15:23:01 - [TEST_CASE][PASSED] - Test Cases/T13 Pembelian, Shipment dan Pembayaran/PBL-001: Test Cases/T13 Pembelian, Shipment dan Pembayaran/PBL-001

2023-10-05 15:23:01 - [TEST_STEP][PASSED] - callTestCase(findTestCase("T13 Pembelian, Shipment dan Pembayaran/LU-001"), ["username":"irfanafandi", "password":"12345irfan"], STOP_ON_FAILURE): Call Test Case 'Test Cases/T13 Pembelian, Shipment dan Pembayaran/LU-001' successfully

2023-10-05 15:23:01 - [TEST_CASE][PASSED] - Test Cases/T13 Pembelian, Shipment dan Pembayaran/LU-001: Test Cases/T13 Pembelian, Shipment dan Pembayaran/LU-001

2023-10-05 15:23:01 - [TEST_STEP][PASSED] - openBrowser("https://10.9.2.63/ecommerce/"): Browser is opened with url: 'https://10.9.2.63/ecommerce/'

2023-10-05 15:23:01 - [MESSAGE][WARNING] - A browser is already opened. Closing browser and opening a new one

2023-10-05 15:23:02 - [MESSAGE][INFO] - Starting 'Edge Chromium' driver

2023-10-05 15:23:02 - [MESSAGE][INFO] - User set preference: ['acceptInsecureCerts', 'true']

2023-10-05 15:23:04 - [MESSAGE][INFO] - Action delay is set to 0 milliseconds

2023-10-05 15:23:07 - [MESSAGE][PASSED] - Browser is opened with url: 'https://10.9.2.63/ecommerce/'

2023-10-05 15:23:07 - [TEST_STEP][PASSED] - maximizeWindow(): Current window maximized

2023-10-05 15:23:07 - [MESSAGE][PASSED] - Current window maximized

2023-10-05 15:23:07 - [TEST_STEP][PASSED] - verifyElementPresent(findTestObject("Login/Home"), 0): Object 'Object Repository/Login/Home' is present

2023-10-05 15:23:07 - [MESSAGE][WARNING] - Timeout '0' is invalid. Using default page load timeout: '30'

2023-10-05 15:23:08 - [MESSAGE][PASSED] - Object 'Object Repository/Login/Home' is present

2023-10-05 15:23:08 - [TEST_STEP][PASSED] - click(findTestObject("Login/a_Login")): Object: 'Object Repository/Login/a_Login' is clicked on

2023-10-05 15:23:09 - [MESSAGE][PASSED] - Object: 'Object Repository/Login/a_Login' is clicked on

2023-10-05 15:23:09 - [TEST_STEP][PASSED] - verifyElementPresent(findTestObject("Login/Tittle Login"), 0): Object 'Object Repository/Login/Tittle Login' is present

2023-10-05 15:23:09 - [MESSAGE][WARNING] - Timeout '0' is invalid. Using default page load timeout: '30'

2023-10-05 15:23:09 - [MESSAGE][PASSED] - Object 'Object Repository/Login/Tittle Login' is present

2023-10-05 15:23:09 - [TEST_STEP][PASSED] - setText(findTestObject("Login/input_Username, Email atau No. Handphone_a"), username): Text 'irfanafandi' is set on object 'Object Repository/Login/input_Username, Email atau No. Handphone_a'

2023-10-05 15:23:10 - [MESSAGE][PASSED] - Text 'irfanafandi' is set on object 'Object Repository/Login/input_Username, Email atau No. Handphone_a'

2023-10-05 15:23:10 - [TEST_STEP][PASSED] - setText(findTestObject("Login/input_Password_b"), password): Text '12345irfan' is set on object 'Object Repository/Login/input_Password_b'

2023-10-05 15:23:11 - [MESSAGE][PASSED] - Text '12345irfan' is set on object 'Object Repository/Login/input_Password_b'

2023-10-05 15:23:11 - [TEST_STEP][PASSED] - click(findTestObject("Login/label_Ingat saya")): Object: 'Object Repository/Login/label_Ingat saya' is clicked on

2023-10-05 15:23:12 - [MESSAGE][PASSED] - Object: 'Object Repository/Login/label_Ingat saya' is clicked on

2023-10-05 15:23:12 - [TEST_STEP][PASSED] - click(findTestObject("Login/button_Masuk")): Object: 'Object Repository/Login/button_Masuk' is clicked on

2023-10-05 15:23:14 - [MESSAGE][PASSED] - Object: 'Object Repository/Login/button_Masuk' is clicked on

2023-10-05 15:23:14 - [TEST_STEP][PASSED] - verifyElementPresent(findTestObject("Login/li_Profile"), 0): Object 'Object Repository/Login/li_Profile' is present

2023-10-05 15:23:14 - [MESSAGE][WARNING] - Timeout '0' is invalid. Using default page load timeout: '30'

2023-10-05 15:23:14 - [MESSAGE][PASSED] - Object 'Object Repository/Login/li_Profile' is present

2023-10-05 15:23:14 - [MESSAGE][PASSED] - Call Test Case 'Test Cases/T13 Pembelian, Shipment dan Pembayaran/LU-001' successfully

2023-10-05 15:23:14 - [TEST_STEP][PASSED] - mouseOver(findTestObject("beli barang/i_Mulai Belanja_icon-menu")): Object: 'Object Repository/beli barang/i_Mulai Belanja_icon-menu' is hovered

2023-10-05 15:23:15 - [MESSAGE][PASSED] - Object: 'Object Repository/beli barang/i_Mulai Belanja_icon-menu' is hovered

2023-10-05 15:23:15 - [TEST_STEP][PASSED] - click(findTestObject("beli barang/a_Fashion  Busana Wanita")): Object: 'Object Repository/beli barang/a_Fashion  Busana Wanita' is clicked on

2023-10-05 15:23:16 - [MESSAGE][PASSED] - Object: 'Object Repository/beli barang/a_Fashion  Busana Wanita' is clicked on

2023-10-05 15:23:16 - [TEST_STEP][PASSED] - NamaSebelum = getText(findTestObject("verifikasi/Nama sebelum")): Text of object 'Object Repository/verifikasi/Nama sebelum' is: ''

2023-10-05 15:23:17 - [MESSAGE][PASSED] - Text of object 'Object Repository/verifikasi/Nama sebelum' is: ''

2023-10-05 15:23:17 - [TEST_STEP][PASSED] - HargaSebelum = getText(findTestObject("verifikasi/Harga sebelum")): Text of object 'Object Repository/verifikasi/Harga sebelum' is: 'Rp 1,299'

2023-10-05 15:23:17 - [MESSAGE][PASSED] - Text of object 'Object Repository/verifikasi/Harga sebelum' is: 'Rp 1,299'

2023-10-05 15:23:17 - [TEST_STEP][PASSED] - mouseOver(findTestObject("beli barang/barang mouse over")): Object: 'Object Repository/beli barang/barang mouse over' is hovered

2023-10-05 15:23:18 - [MESSAGE][PASSED] - Object: 'Object Repository/beli barang/barang mouse over' is hovered

2023-10-05 15:23:18 - [TEST_STEP][PASSED] - click(findTestObject("beli barang/buttom add to cart")): Object: 'Object Repository/beli barang/buttom add to cart' is clicked on

2023-10-05 15:23:19 - [MESSAGE][PASSED] - Object: 'Object Repository/beli barang/buttom add to cart' is clicked on

2023-10-05 15:23:19 - [TEST_STEP][PASSED] - NamaSesudah = getText(findTestObject("verifikasi/Nama sesudah")): Text of object 'Object Repository/verifikasi/Nama sesudah' is: 'Segitiga Instan Madeira - MDB5.3 Sunset'

2023-10-05 15:23:20 - [MESSAGE][PASSED] - Text of object 'Object Repository/verifikasi/Nama sesudah' is: 'Segitiga Instan Madeira - MDB5.3 Sunset'

2023-10-05 15:23:20 - [TEST_STEP][PASSED] - HargaSesudah = getText(findTestObject("verifikasi/Harga sesudah")): Text of object 'Object Repository/verifikasi/Harga sesudah' is: 'Rp 1,299'

2023-10-05 15:23:20 - [MESSAGE][PASSED] - Text of object 'Object Repository/verifikasi/Harga sesudah' is: 'Rp 1,299'

2023-10-05 15:23:20 - [TEST_STEP][PASSED] - assert NamaSesudah.contains(NamaSebelum): null

2023-10-05 15:23:20 - [TEST_STEP][PASSED] - assert HargaSesudah.contains(HargaSebelum): null

2023-10-05 15:23:20 - [TEST_STEP][PASSED] - click(findTestObject("beli barang/Tambah Keranjang busana wanita")): Object: 'Object Repository/beli barang/Tambah Keranjang busana wanita' is clicked on

2023-10-05 15:23:21 - [MESSAGE][PASSED] - Object: 'Object Repository/beli barang/Tambah Keranjang busana wanita' is clicked on

2023-10-05 15:23:21 - [TEST_STEP][PASSED] - verifyElementPresent(findTestObject("checkout/Notifikasi keranjang"), 1): Object 'Object Repository/checkout/Notifikasi keranjang' is present

2023-10-05 15:23:21 - [MESSAGE][PASSED] - Object 'Object Repository/checkout/Notifikasi keranjang' is present

2023-10-05 15:23:21 - [TEST_STEP][PASSED] - data = new java.util.HashMap(): null

2023-10-05 15:23:21 - [TEST_STEP][PASSED] - data.put("nama_barang", NamaSesudah): null

2023-10-05 15:23:21 - [TEST_STEP][PASSED] - data.put("price_barang", HargaSesudah): null

2023-10-05 15:23:21 - [TEST_STEP][PASSED] - return data: null

2023-10-05 15:23:21 - [MESSAGE][PASSED] - Call Test Case 'Test Cases/T13 Pembelian, Shipment dan Pembayaran/PBL-001' successfully

2023-10-05 15:23:21 - [TEST_STEP][PASSED] - mouseOver(findTestObject("beli barang/keranjang")): Object: 'Object Repository/beli barang/keranjang' is hovered

2023-10-05 15:23:22 - [MESSAGE][PASSED] - Object: 'Object Repository/beli barang/keranjang' is hovered

2023-10-05 15:23:22 - [TEST_STEP][PASSED] - click(findTestObject("beli barang/Lihat Sekarang")): Object: 'Object Repository/beli barang/Lihat Sekarang' is clicked on

2023-10-05 15:23:23 - [MESSAGE][PASSED] - Object: 'Object Repository/beli barang/Lihat Sekarang' is clicked on

2023-10-05 15:23:23 - [TEST_STEP][PASSED] - verifyElementPresent(findTestObject("keranjang/li_Keranjang Belanja"), 0): Object 'Object Repository/keranjang/li_Keranjang Belanja' is present

2023-10-05 15:23:23 - [MESSAGE][WARNING] - Timeout '0' is invalid. Using default page load timeout: '30'

2023-10-05 15:23:24 - [MESSAGE][PASSED] - Object 'Object Repository/keranjang/li_Keranjang Belanja' is present

2023-10-05 15:23:24 - [TEST_STEP][PASSED] - NamaKeranjang = getText(findTestObject("verifikasi/Nama keranjang")): Text of object 'Object Repository/verifikasi/Nama keranjang' is: 'Segitiga Instan Madeira - MDB5.3 Sunset'

2023-10-05 15:23:25 - [MESSAGE][PASSED] - Text of object 'Object Repository/verifikasi/Nama keranjang' is: 'Segitiga Instan Madeira - MDB5.3 Sunset'

2023-10-05 15:23:25 - [TEST_STEP][PASSED] - HargaKeranjang = getText(findTestObject("verifikasi/Harga Keranjang")): Text of object 'Object Repository/verifikasi/Harga Keranjang' is: 'Rp 1,299'

2023-10-05 15:23:25 - [MESSAGE][PASSED] - Text of object 'Object Repository/verifikasi/Harga Keranjang' is: 'Rp 1,299'

2023-10-05 15:23:25 - [TEST_STEP][PASSED] - if (toString().equalsIgnoreCase("Merah")): Object 'Object Repository/keranjang/input_Warna_variasi101' is checked

2023-10-05 15:23:25 - [TEST_STEP][PASSED] - check(findTestObject("Object Repository/keranjang/input_Warna_variasi101")): Object 'Object Repository/keranjang/input_Warna_variasi101' is checked

2023-10-05 15:23:25 - [MESSAGE][PASSED] - Object 'Object Repository/keranjang/input_Warna_variasi101' is checked

2023-10-05 15:23:25 - [TEST_STEP][PASSED] - if (toString().equalsIgnoreCase("Menengah")): Object 'Object Repository/keranjang/input_Ukuran_variasi201' is checked

2023-10-05 15:23:25 - [TEST_STEP][PASSED] - check(findTestObject("Object Repository/keranjang/input_Ukuran_variasi201")): Object 'Object Repository/keranjang/input_Ukuran_variasi201' is checked

2023-10-05 15:23:26 - [MESSAGE][PASSED] - Object 'Object Repository/keranjang/input_Ukuran_variasi201' is checked

2023-10-05 15:23:26 - [TEST_STEP][PASSED] - data.put("Warna", warna): null

2023-10-05 15:23:26 - [TEST_STEP][PASSED] - data.put("Ukuran", ukuran): null

2023-10-05 15:23:26 - [TEST_STEP][PASSED] - click(findTestObject("keranjang/button_Lanjut ke Pembayaran")): Object: 'Object Repository/keranjang/button_Lanjut ke Pembayaran' is clicked on

2023-10-05 15:23:27 - [MESSAGE][PASSED] - Object: 'Object Repository/keranjang/button_Lanjut ke Pembayaran' is clicked on

2023-10-05 15:23:27 - [TEST_STEP][PASSED] - verifyElementPresent(findTestObject("checkout/Tittle Checkout Order"), 0): Object 'Object Repository/checkout/Tittle Checkout Order' is present

2023-10-05 15:23:27 - [MESSAGE][WARNING] - Timeout '0' is invalid. Using default page load timeout: '30'

2023-10-05 15:23:28 - [MESSAGE][PASSED] - Object 'Object Repository/checkout/Tittle Checkout Order' is present

2023-10-05 15:23:28 - [TEST_STEP][PASSED] - name_product = data.get("nama_barang"): null

2023-10-05 15:23:28 - [TEST_STEP][PASSED] - price_product = data.get("price_barang"): null

2023-10-05 15:23:28 - [TEST_STEP][PASSED] - assert name_product == NamaKeranjang: null

2023-10-05 15:23:28 - [TEST_STEP][PASSED] - assert price_product == HargaKeranjang: null

2023-10-05 15:23:28 - [TEST_STEP][PASSED] - return data: null

2023-10-05 15:23:28 - [MESSAGE][PASSED] - Call Test Case 'Test Cases/T13 Pembelian, Shipment dan Pembayaran/PBL-002' successfully

2023-10-05 15:23:28 - [TEST_STEP][PASSED] - warnaa = getText(findTestObject("verifikasi/warna Merah")): Text of object 'Object Repository/verifikasi/warna Merah' is: 'Merah'

2023-10-05 15:23:28 - [MESSAGE][PASSED] - Text of object 'Object Repository/verifikasi/warna Merah' is: 'Merah'

2023-10-05 15:23:28 - [TEST_STEP][PASSED] - ukurann = getText(findTestObject("verifikasi/Ukuran Menengah")): Text of object 'Object Repository/verifikasi/Ukuran Menengah' is: 'Menengah'

2023-10-05 15:23:29 - [MESSAGE][PASSED] - Text of object 'Object Repository/verifikasi/Ukuran Menengah' is: 'Menengah'

2023-10-05 15:23:29 - [TEST_STEP][PASSED] - warna1 = data.get("Warna"): null

2023-10-05 15:23:29 - [TEST_STEP][PASSED] - ukuran1 = data.get("Ukuran"): null

2023-10-05 15:23:29 - [TEST_STEP][PASSED] - assert warnaa == warna1: null

2023-10-05 15:23:29 - [TEST_STEP][PASSED] - assert ukurann == ukuran1: null

2023-10-05 15:23:29 - [TEST_STEP][PASSED] - NamaCheckout = getText(findTestObject("verifikasi/NamaCheckout")): Text of object 'Object Repository/verifikasi/NamaCheckout' is: ''

2023-10-05 15:23:29 - [MESSAGE][PASSED] - Text of object 'Object Repository/verifikasi/NamaCheckout' is: ''

2023-10-05 15:23:29 - [TEST_STEP][PASSED] - HargaCheckout = getText(findTestObject("verifikasi/HargaCheckout")): Text of object 'Object Repository/verifikasi/HargaCheckout' is: '1,299'

2023-10-05 15:23:30 - [MESSAGE][PASSED] - Text of object 'Object Repository/verifikasi/HargaCheckout' is: '1,299'

2023-10-05 15:23:30 - [TEST_STEP][PASSED] - name_product = data.get("nama_barang"): null

2023-10-05 15:23:30 - [TEST_STEP][PASSED] - price_product = data.get("price_barang"): null

2023-10-05 15:23:30 - [TEST_STEP][PASSED] - assert name_product.contains(NamaCheckout): null

2023-10-05 15:23:30 - [TEST_STEP][PASSED] - assert price_product.contains(HargaCheckout): null

2023-10-05 15:23:30 - [TEST_STEP][PASSED] - selectOptionByLabel(findTestObject("checkout/select - Kirim via Kurir Lokal"), Kurir, false): All options with label 'Roda 2' are selected in object 'Object Repository/checkout/select - Kirim via Kurir Lokal' 

2023-10-05 15:23:30 - [MESSAGE][PASSED] - All options with label 'Roda 2' are selected in object 'Object Repository/checkout/select - Kirim via Kurir Lokal' 

2023-10-05 15:23:30 - [TEST_STEP][PASSED] - click(findTestObject("checkout/Kendaraan Kurir")): Object: 'Object Repository/checkout/Kendaraan Kurir' is clicked on

2023-10-05 15:23:31 - [MESSAGE][PASSED] - Object: 'Object Repository/checkout/Kendaraan Kurir' is clicked on

2023-10-05 15:23:31 - [TEST_STEP][PASSED] - OngkosKirim = getText(findTestObject("Object Repository/verifikasi/Ongkos Kirim checkout")): Text of object 'Object Repository/verifikasi/Ongkos Kirim checkout' is: 'Rp. 5,000'

2023-10-05 15:23:31 - [MESSAGE][PASSED] - Text of object 'Object Repository/verifikasi/Ongkos Kirim checkout' is: 'Rp. 5,000'

2023-10-05 15:23:31 - [TEST_STEP][PASSED] - Ongkos = OngkosKirim.substring(3, OngkosKirim.size()): null

2023-10-05 15:23:31 - [TEST_STEP][PASSED] - rep = Ongkos.replace(",", "."): null

2023-10-05 15:23:31 - [TEST_STEP][PASSED] - Ongkos_kirim = Double.parseDouble(rep): null

2023-10-05 15:23:31 - [TEST_STEP][PASSED] - println(Ongkos_kirim): null

2023-10-05 15:23:31 - [TEST_STEP][PASSED] - FeeAdmin = getText(findTestObject("verifikasi/Fee Admin checkout")): Text of object 'Object Repository/verifikasi/Fee Admin checkout' is: 'Fee Admin
Rp 1,500'

2023-10-05 15:23:32 - [MESSAGE][PASSED] - Text of object 'Object Repository/verifikasi/Fee Admin checkout' is: 'Fee Admin
Rp 1,500'

2023-10-05 15:23:32 - [TEST_STEP][PASSED] - Fee_Admin = FeeAdmin.substring(12, FeeAdmin.size()): null

2023-10-05 15:23:32 - [TEST_STEP][PASSED] - fee = Fee_Admin.replace(",", "."): null

2023-10-05 15:23:32 - [TEST_STEP][PASSED] - fee_admin = Double.parseDouble(fee): null

2023-10-05 15:23:32 - [TEST_STEP][PASSED] - println(fee_admin): null

2023-10-05 15:23:32 - [TEST_STEP][PASSED] - Subtotal = getText(findTestObject("verifikasi/subtotal checkout")): Text of object 'Object Repository/verifikasi/subtotal checkout' is: 'Subtotal
Rp 1,299'

2023-10-05 15:23:32 - [MESSAGE][PASSED] - Text of object 'Object Repository/verifikasi/subtotal checkout' is: 'Subtotal
Rp 1,299'

2023-10-05 15:23:32 - [TEST_STEP][PASSED] - sub_total = Subtotal.substring(12, Subtotal.size()): null

2023-10-05 15:23:32 - [TEST_STEP][PASSED] - sub = sub_total.replace(",", "."): null

2023-10-05 15:23:32 - [TEST_STEP][PASSED] - sub_total = Double.parseDouble(sub): null

2023-10-05 15:23:32 - [TEST_STEP][PASSED] - println(sub_total): null

2023-10-05 15:23:32 - [TEST_STEP][PASSED] - Total = getText(findTestObject("verifikasi/Total checkout")): Text of object 'Object Repository/verifikasi/Total checkout' is: 'Rp 7,799'

2023-10-05 15:23:33 - [MESSAGE][PASSED] - Text of object 'Object Repository/verifikasi/Total checkout' is: 'Rp 7,799'

2023-10-05 15:23:33 - [TEST_STEP][PASSED] - totall = Total.substring(3, Total.size()): null

2023-10-05 15:23:33 - [TEST_STEP][PASSED] - total = totall.replace(",", "."): null

2023-10-05 15:23:33 - [TEST_STEP][PASSED] - totall = Double.parseDouble(total): null

2023-10-05 15:23:33 - [TEST_STEP][PASSED] - println(totall): null

2023-10-05 15:23:33 - [TEST_STEP][PASSED] - Total_Harga = Ongkos_kirim + fee_admin + sub_total: null

2023-10-05 15:23:33 - [TEST_STEP][PASSED] - println(Total_Harga): null

2023-10-05 15:23:33 - [TEST_STEP][PASSED] - TotalHarga = Math.round(Total_Harga * 1000) / 1000: null

2023-10-05 15:23:33 - [TEST_STEP][PASSED] - println(TotalHarga): null

2023-10-05 15:23:33 - [TEST_STEP][PASSED] - assert totall == TotalHarga: null

2023-10-05 15:23:33 - [TEST_STEP][PASSED] - click(findTestObject("verifikasi/Metode Transfer")): Object: 'Object Repository/verifikasi/Metode Transfer' is clicked on

2023-10-05 15:23:33 - [MESSAGE][PASSED] - Object: 'Object Repository/verifikasi/Metode Transfer' is clicked on

2023-10-05 15:23:33 - [TEST_STEP][PASSED] - click(findTestObject("checkout/button_Proses Pembayaran")): Object: 'Object Repository/checkout/button_Proses Pembayaran' is clicked on

2023-10-05 15:23:41 - [MESSAGE][PASSED] - Object: 'Object Repository/checkout/button_Proses Pembayaran' is clicked on

2023-10-05 15:23:41 - [TEST_STEP][PASSED] - verifyElementPresent(findTestObject("pembayaran/Tittle nomor invoice"), 0): Object 'Object Repository/pembayaran/Tittle nomor invoice' is present

2023-10-05 15:23:41 - [MESSAGE][WARNING] - Timeout '0' is invalid. Using default page load timeout: '30'

2023-10-05 15:23:42 - [MESSAGE][PASSED] - Object 'Object Repository/pembayaran/Tittle nomor invoice' is present

2023-10-05 15:23:42 - [TEST_STEP][PASSED] - return data: null

2023-10-05 15:23:42 - [MESSAGE][PASSED] - Call Test Case 'Test Cases/T13 Pembelian, Shipment dan Pembayaran/PBL-004' successfully

2023-10-05 15:23:42 - [TEST_STEP][PASSED] - Invoice = getText(findTestObject("pembayaran/nomor invoice")): Text of object 'Object Repository/pembayaran/nomor invoice' is: 'TRX60.20231005152337'

2023-10-05 15:23:43 - [MESSAGE][PASSED] - Text of object 'Object Repository/pembayaran/nomor invoice' is: 'TRX60.20231005152337'

2023-10-05 15:23:43 - [TEST_STEP][PASSED] - data.put("invoice", Invoice): null

2023-10-05 15:23:43 - [TEST_STEP][PASSED] - NamaPemesan = getText(findTestObject("Konfirmasi pesanan shop/Nama pemesan")): Text of object 'Object Repository/Konfirmasi pesanan shop/Nama pemesan' is: 'irfan.afandi'

2023-10-05 15:23:43 - [MESSAGE][PASSED] - Text of object 'Object Repository/Konfirmasi pesanan shop/Nama pemesan' is: 'irfan.afandi'

2023-10-05 15:23:43 - [TEST_STEP][PASSED] - Nama = getText(findTestObject("pembayaran/Nama barang")): Text of object 'Object Repository/pembayaran/Nama barang' is: 'Segitiga Instan Madeira - MDB5.3 Sunset'

2023-10-05 15:23:44 - [MESSAGE][PASSED] - Text of object 'Object Repository/pembayaran/Nama barang' is: 'Segitiga Instan Madeira - MDB5.3 Sunset'

2023-10-05 15:23:44 - [TEST_STEP][PASSED] - Harga = getText(findTestObject("pembayaran/Harga barang")): Text of object 'Object Repository/pembayaran/Harga barang' is: '1,299'

2023-10-05 15:23:44 - [MESSAGE][PASSED] - Text of object 'Object Repository/pembayaran/Harga barang' is: '1,299'

2023-10-05 15:23:44 - [TEST_STEP][PASSED] - name_product = data.get("nama_barang"): null

2023-10-05 15:23:44 - [TEST_STEP][PASSED] - price_product = data.get("price_barang"): null

2023-10-05 15:23:44 - [TEST_STEP][PASSED] - assert name_product.contains(Nama): null

2023-10-05 15:23:44 - [TEST_STEP][PASSED] - assert price_product.contains(Harga): null

2023-10-05 15:23:44 - [TEST_STEP][PASSED] - warnaa = getText(findTestObject("pembayaran/warna")): Text of object 'Object Repository/pembayaran/warna' is: 'Merah'

2023-10-05 15:23:45 - [MESSAGE][PASSED] - Text of object 'Object Repository/pembayaran/warna' is: 'Merah'

2023-10-05 15:23:45 - [TEST_STEP][PASSED] - ukurann = getText(findTestObject("pembayaran/ukuran")): Text of object 'Object Repository/pembayaran/ukuran' is: 'Menengah'

2023-10-05 15:23:45 - [MESSAGE][PASSED] - Text of object 'Object Repository/pembayaran/ukuran' is: 'Menengah'

2023-10-05 15:23:45 - [TEST_STEP][PASSED] - warna1 = data.get("Warna"): null

2023-10-05 15:23:45 - [TEST_STEP][PASSED] - ukuran1 = data.get("Ukuran"): null

2023-10-05 15:23:45 - [TEST_STEP][PASSED] - assert warnaa == warna1: null

2023-10-05 15:23:45 - [TEST_STEP][PASSED] - assert ukurann == ukuran1: null

2023-10-05 15:23:45 - [TEST_STEP][PASSED] - statusPembelian = getText(findTestObject("verifikasi/Status pending di pembelian")): Text of object 'Object Repository/verifikasi/Status pending di pembelian' is: 'Pending'

2023-10-05 15:23:46 - [MESSAGE][PASSED] - Text of object 'Object Repository/verifikasi/Status pending di pembelian' is: 'Pending'

2023-10-05 15:23:46 - [TEST_STEP][PASSED] - data.put("statusPem", statusPembelian): null

2023-10-05 15:23:46 - [TEST_STEP][PASSED] - OngkosKirim = getText(findTestObject("pembayaran/ongkos kirim")): Text of object 'Object Repository/pembayaran/ongkos kirim' is: 'Rp 5,000'

2023-10-05 15:23:46 - [MESSAGE][PASSED] - Text of object 'Object Repository/pembayaran/ongkos kirim' is: 'Rp 5,000'

2023-10-05 15:23:46 - [TEST_STEP][PASSED] - Ongkos = OngkosKirim.substring(3, OngkosKirim.size()): null

2023-10-05 15:23:46 - [TEST_STEP][PASSED] - rep = Ongkos.replace(",", ""): null

2023-10-05 15:23:46 - [TEST_STEP][PASSED] - Ongkos_kirimm = Integer.parseInt(rep): null

2023-10-05 15:23:46 - [TEST_STEP][PASSED] - println(Ongkos_kirimm): null

2023-10-05 15:23:46 - [TEST_STEP][PASSED] - FeeAdmin = getText(findTestObject("pembayaran/fee admin")): Text of object 'Object Repository/pembayaran/fee admin' is: 'Rp 1,500'

2023-10-05 15:23:47 - [MESSAGE][PASSED] - Text of object 'Object Repository/pembayaran/fee admin' is: 'Rp 1,500'

2023-10-05 15:23:47 - [TEST_STEP][PASSED] - Fee_Admin = FeeAdmin.substring(3, FeeAdmin.size()): null

2023-10-05 15:23:47 - [TEST_STEP][PASSED] - fee = Fee_Admin.replace(",", ""): null

2023-10-05 15:23:47 - [TEST_STEP][PASSED] - fee_adminn = Integer.parseInt(fee): null

2023-10-05 15:23:47 - [TEST_STEP][PASSED] - println(fee_adminn): null

2023-10-05 15:23:47 - [TEST_STEP][PASSED] - Subtotal = getText(findTestObject("pembayaran/subtotal")): Text of object 'Object Repository/pembayaran/subtotal' is: 'Rp 1,299'

2023-10-05 15:23:47 - [MESSAGE][PASSED] - Text of object 'Object Repository/pembayaran/subtotal' is: 'Rp 1,299'

2023-10-05 15:23:47 - [TEST_STEP][PASSED] - sub_total = Subtotal.substring(3, Subtotal.size()): null

2023-10-05 15:23:47 - [TEST_STEP][PASSED] - sub = sub_total.replace(",", ""): null

2023-10-05 15:23:47 - [TEST_STEP][PASSED] - sub_totall = Integer.parseInt(sub): null

2023-10-05 15:23:47 - [TEST_STEP][PASSED] - println(sub_totall): null

2023-10-05 15:23:47 - [TEST_STEP][PASSED] - unik = getText(findTestObject("pembayaran/kode unik")): Text of object 'Object Repository/pembayaran/kode unik' is: '+337'

2023-10-05 15:23:48 - [MESSAGE][PASSED] - Text of object 'Object Repository/pembayaran/kode unik' is: '+337'

2023-10-05 15:23:48 - [TEST_STEP][PASSED] - unikk = unik.replace("+", ""): null

2023-10-05 15:23:48 - [TEST_STEP][PASSED] - kode_unik = Integer.parseInt(unikk): null

2023-10-05 15:23:48 - [TEST_STEP][PASSED] - println(kode_unik): null

2023-10-05 15:23:48 - [TEST_STEP][PASSED] - Total = getText(findTestObject("pembayaran/total")): Text of object 'Object Repository/pembayaran/total' is: '8,136'

2023-10-05 15:23:48 - [MESSAGE][PASSED] - Text of object 'Object Repository/pembayaran/total' is: '8,136'

2023-10-05 15:23:48 - [TEST_STEP][PASSED] - total = Total.replace(",", ""): null

2023-10-05 15:23:48 - [TEST_STEP][PASSED] - totalll = Integer.parseInt(total): null

2023-10-05 15:23:48 - [TEST_STEP][PASSED] - println(totalll): null

2023-10-05 15:23:48 - [TEST_STEP][PASSED] - Total_Hargaa = Ongkos_kirimm + fee_adminn + sub_totall + kode_unik: null

2023-10-05 15:23:48 - [TEST_STEP][PASSED] - println(Total_Hargaa): null

2023-10-05 15:23:48 - [TEST_STEP][PASSED] - assert totalll == Total_Hargaa: null

2023-10-05 15:23:48 - [TEST_STEP][PASSED] - data.put("total", Total): null

2023-10-05 15:23:48 - [TEST_STEP][PASSED] - data.put("nama", NamaPemesan): null

2023-10-05 15:23:48 - [TEST_STEP][PASSED] - return data: null

2023-10-05 15:23:48 - [MESSAGE][PASSED] - Call Test Case 'Test Cases/T13 Pembelian, Shipment dan Pembayaran/PBY-001' successfully

2023-10-05 15:23:48 - [TEST_STEP][PASSED] - inv = data.get("invoice"): null

2023-10-05 15:23:48 - [TEST_STEP][PASSED] - Total = data.get("total"): null

2023-10-05 15:23:48 - [TEST_STEP][PASSED] - NamaPemesan = data.get("nama"): null

2023-10-05 15:23:48 - [TEST_STEP][PASSED] - click(findTestObject("Konfirmasi pesanan shop/Menu Shop")): Object: 'Object Repository/Konfirmasi pesanan shop/Menu Shop' is clicked on

2023-10-05 15:23:50 - [MESSAGE][PASSED] - Object: 'Object Repository/Konfirmasi pesanan shop/Menu Shop' is clicked on

2023-10-05 15:23:50 - [TEST_STEP][PASSED] - click(findTestObject("Konfirmasi pesanan shop/Menu Shop")): Object: 'Object Repository/Konfirmasi pesanan shop/Menu Shop' is clicked on

2023-10-05 15:23:51 - [MESSAGE][PASSED] - Object: 'Object Repository/Konfirmasi pesanan shop/Menu Shop' is clicked on

2023-10-05 15:23:51 - [TEST_STEP][PASSED] - click(findTestObject("Konfirmasi pesanan shop/Konfirmasi Orders")): Object: 'Object Repository/Konfirmasi pesanan shop/Konfirmasi Orders' is clicked on

2023-10-05 15:23:52 - [MESSAGE][PASSED] - Object: 'Object Repository/Konfirmasi pesanan shop/Konfirmasi Orders' is clicked on

2023-10-05 15:23:52 - [TEST_STEP][PASSED] - verifyElementPresent(findTestObject("Konfirmasi pesanan shop/Tittle Konfirmasi Pesanan"), 0): Object 'Object Repository/Konfirmasi pesanan shop/Tittle Konfirmasi Pesanan' is present

2023-10-05 15:23:52 - [MESSAGE][WARNING] - Timeout '0' is invalid. Using default page load timeout: '30'

2023-10-05 15:23:53 - [MESSAGE][PASSED] - Object 'Object Repository/Konfirmasi pesanan shop/Tittle Konfirmasi Pesanan' is present

2023-10-05 15:23:53 - [TEST_STEP][PASSED] - setText(findTestObject("Konfirmasi pesanan shop/input_No Pesanan"), inv): Text 'TRX60.20231005152337' is set on object 'Object Repository/Konfirmasi pesanan shop/input_No Pesanan'

2023-10-05 15:23:53 - [MESSAGE][PASSED] - Text 'TRX60.20231005152337' is set on object 'Object Repository/Konfirmasi pesanan shop/input_No Pesanan'

2023-10-05 15:23:53 - [TEST_STEP][PASSED] - setText(findTestObject("Konfirmasi pesanan shop/input_Alamat E-mai"), "irfan@gmail.com"): Text 'irfan@gmail.com' is set on object 'Object Repository/Konfirmasi pesanan shop/input_Alamat E-mai'

2023-10-05 15:23:54 - [MESSAGE][PASSED] - Text 'irfan@gmail.com' is set on object 'Object Repository/Konfirmasi pesanan shop/input_Alamat E-mai'

2023-10-05 15:23:54 - [TEST_STEP][PASSED] - click(findTestObject("Konfirmasi pesanan shop/button_Submit")): Object: 'Object Repository/Konfirmasi pesanan shop/button_Submit' is clicked on

2023-10-05 15:23:55 - [MESSAGE][PASSED] - Object: 'Object Repository/Konfirmasi pesanan shop/button_Submit' is clicked on

2023-10-05 15:23:55 - [TEST_STEP][PASSED] - verifyElementPresent(findTestObject("Konfirmasi pesanan shop/Tittle nomor invoice"), 0): Object 'Object Repository/Konfirmasi pesanan shop/Tittle nomor invoice' is present

2023-10-05 15:23:55 - [MESSAGE][WARNING] - Timeout '0' is invalid. Using default page load timeout: '30'

2023-10-05 15:23:56 - [MESSAGE][PASSED] - Object 'Object Repository/Konfirmasi pesanan shop/Tittle nomor invoice' is present

2023-10-05 15:23:56 - [TEST_STEP][PASSED] - setText(findTestObject("Konfirmasi pesanan shop/input_Total TagihanTransfer_b"), Total): Text '8,136' is set on object 'Object Repository/Konfirmasi pesanan shop/input_Total TagihanTransfer_b'

2023-10-05 15:23:57 - [MESSAGE][PASSED] - Text '8,136' is set on object 'Object Repository/Konfirmasi pesanan shop/input_Total TagihanTransfer_b'

2023-10-05 15:23:57 - [TEST_STEP][PASSED] - selectOptionByValue(findTestObject("Konfirmasi pesanan shop/select_Bank"), "4", false): All options with value '4' are selected in object 'Object Repository/Konfirmasi pesanan shop/select_Bank' 

2023-10-05 15:23:58 - [MESSAGE][PASSED] - All options with value '4' are selected in object 'Object Repository/Konfirmasi pesanan shop/select_Bank' 

2023-10-05 15:23:58 - [TEST_STEP][PASSED] - setText(findTestObject("Konfirmasi pesanan shop/input_Nama Pengirim_d"), NamaPemesan): Text 'irfan.afandi' is set on object 'Object Repository/Konfirmasi pesanan shop/input_Nama Pengirim_d'

2023-10-05 15:23:59 - [MESSAGE][PASSED] - Text 'irfan.afandi' is set on object 'Object Repository/Konfirmasi pesanan shop/input_Nama Pengirim_d'

2023-10-05 15:23:59 - [TEST_STEP][PASSED] - uploadFile(findTestObject("keranjang/konfirmasi/input_Upload Bukti Transfer_f"), "C:\Users\IRFAN\Downloads\Berkas2.pdf"): File 'C:\Users\IRFAN\Downloads\Berkas2.pdf' sent to object: 'Object Repository/keranjang/konfirmasi/input_Upload Bukti Transfer_f'

2023-10-05 15:23:59 - [MESSAGE][PASSED] - File 'C:\Users\IRFAN\Downloads\Berkas2.pdf' sent to object: 'Object Repository/keranjang/konfirmasi/input_Upload Bukti Transfer_f'

2023-10-05 15:23:59 - [TEST_STEP][PASSED] - click(findTestObject("Konfirmasi pesanan shop/button_Konfirmasi Pembayaran")): Object: 'Object Repository/Konfirmasi pesanan shop/button_Konfirmasi Pembayaran' is clicked on

2023-10-05 15:24:00 - [MESSAGE][PASSED] - Object: 'Object Repository/Konfirmasi pesanan shop/button_Konfirmasi Pembayaran' is clicked on

2023-10-05 15:24:00 - [TEST_STEP][PASSED] - verifyElementPresent(findTestObject("Konfirmasi pesanan shop/Tittle Konfirmasi Pesanan"), 0): Object 'Object Repository/Konfirmasi pesanan shop/Tittle Konfirmasi Pesanan' is present

2023-10-05 15:24:00 - [MESSAGE][WARNING] - Timeout '0' is invalid. Using default page load timeout: '30'

2023-10-05 15:24:01 - [MESSAGE][PASSED] - Object 'Object Repository/Konfirmasi pesanan shop/Tittle Konfirmasi Pesanan' is present

2023-10-05 15:24:01 - [TEST_STEP][PASSED] - verifyElementPresent(findTestObject("Konfirmasi pesanan shop/Tittle massage succes Konfirmasi Pembayaran Pesanan"), 0): Object 'Object Repository/Konfirmasi pesanan shop/Tittle massage succes Konfirmasi Pembayaran Pesanan' is present

2023-10-05 15:24:01 - [MESSAGE][WARNING] - Timeout '0' is invalid. Using default page load timeout: '30'

2023-10-05 15:24:01 - [MESSAGE][PASSED] - Object 'Object Repository/Konfirmasi pesanan shop/Tittle massage succes Konfirmasi Pembayaran Pesanan' is present

2023-10-05 15:24:01 - [TEST_STEP][PASSED] - return data: null

2023-10-05 15:24:01 - [MESSAGE][PASSED] - Call Test Case 'Test Cases/T13 Pembelian, Shipment dan Pembayaran/PBY-004' successfully

2023-10-05 15:24:01 - [TEST_STEP][PASSED] - navigateToUrl("https://10.9.2.63/ecommerce/administrator/"): Navigate to 'https://10.9.2.63/ecommerce/administrator/' successfully

2023-10-05 15:24:02 - [MESSAGE][PASSED] - Navigate to 'https://10.9.2.63/ecommerce/administrator/' successfully

2023-10-05 15:24:02 - [TEST_STEP][PASSED] - verifyElementPresent(findTestObject("admin/Tittle ADMIN Login"), 0): Object 'Object Repository/admin/Tittle ADMIN Login' is present

2023-10-05 15:24:02 - [MESSAGE][WARNING] - Timeout '0' is invalid. Using default page load timeout: '30'

2023-10-05 15:24:02 - [MESSAGE][PASSED] - Object 'Object Repository/admin/Tittle ADMIN Login' is present

2023-10-05 15:24:02 - [TEST_STEP][PASSED] - setText(findTestObject("admin/Username"), "admin"): Text 'admin' is set on object 'Object Repository/admin/Username'

2023-10-05 15:24:03 - [MESSAGE][PASSED] - Text 'admin' is set on object 'Object Repository/admin/Username'

2023-10-05 15:24:03 - [TEST_STEP][PASSED] - setText(findTestObject("admin/Password"), "123admin123"): Text '123admin123' is set on object 'Object Repository/admin/Password'

2023-10-05 15:24:04 - [MESSAGE][PASSED] - Text '123admin123' is set on object 'Object Repository/admin/Password'

2023-10-05 15:24:04 - [TEST_STEP][PASSED] - click(findTestObject("admin/Remember Me")): Object: 'Object Repository/admin/Remember Me' is clicked on

2023-10-05 15:24:04 - [MESSAGE][PASSED] - Object: 'Object Repository/admin/Remember Me' is clicked on

2023-10-05 15:24:04 - [TEST_STEP][PASSED] - delay(10): Delayed 10 second(s)

2023-10-05 15:24:14 - [MESSAGE][PASSED] - Delayed 10 second(s)

2023-10-05 15:24:14 - [TEST_STEP][PASSED] - click(findTestObject("admin/buttom submit")): Object: 'Object Repository/admin/buttom submit' is clicked on

2023-10-05 15:24:16 - [MESSAGE][PASSED] - Object: 'Object Repository/admin/buttom submit' is clicked on

2023-10-05 15:24:16 - [TEST_STEP][PASSED] - verifyElementPresent(findTestObject("admin/Konf order konsumen/Tittle Dashboard"), 0): Object 'Object Repository/admin/Konf order konsumen/Tittle Dashboard' is present

2023-10-05 15:24:16 - [MESSAGE][WARNING] - Timeout '0' is invalid. Using default page load timeout: '30'

2023-10-05 15:24:17 - [MESSAGE][PASSED] - Object 'Object Repository/admin/Konf order konsumen/Tittle Dashboard' is present

2023-10-05 15:24:17 - [TEST_STEP][PASSED] - click(findTestObject("admin/Konf order konsumen/Menu Transaksi Market")): Object: 'Object Repository/admin/Konf order konsumen/Menu Transaksi Market' is clicked on

2023-10-05 15:24:17 - [MESSAGE][PASSED] - Object: 'Object Repository/admin/Konf order konsumen/Menu Transaksi Market' is clicked on

2023-10-05 15:24:17 - [TEST_STEP][PASSED] - click(findTestObject("admin/Konf order konsumen/Menu Konf. Order Konsumen")): Object: 'Object Repository/admin/Konf order konsumen/Menu Konf. Order Konsumen' is clicked on

2023-10-05 15:24:19 - [MESSAGE][PASSED] - Object: 'Object Repository/admin/Konf order konsumen/Menu Konf. Order Konsumen' is clicked on

2023-10-05 15:24:19 - [TEST_STEP][PASSED] - verifyElementPresent(findTestObject("admin/Konf order konsumen/Tittle Data Konfirmasi Pembayaran Konsumen"), 0): Object 'Object Repository/admin/Konf order konsumen/Tittle Data Konfirmasi Pembayaran Konsumen' is present

2023-10-05 15:24:19 - [MESSAGE][WARNING] - Timeout '0' is invalid. Using default page load timeout: '30'

2023-10-05 15:24:19 - [MESSAGE][PASSED] - Object 'Object Repository/admin/Konf order konsumen/Tittle Data Konfirmasi Pembayaran Konsumen' is present

2023-10-05 15:24:19 - [TEST_STEP][PASSED] - inv = data.get("invoice"): null

2023-10-05 15:24:19 - [TEST_STEP][PASSED] - setText(findTestObject("admin/Konf order konsumen/Search"), inv): Text 'TRX60.20231005152337' is set on object 'Object Repository/admin/Konf order konsumen/Search'

2023-10-05 15:24:20 - [MESSAGE][PASSED] - Text 'TRX60.20231005152337' is set on object 'Object Repository/admin/Konf order konsumen/Search'

2023-10-05 15:24:20 - [TEST_STEP][PASSED] - verifyElementText(findTestObject("admin/Konf order konsumen/Keterangan Lunas"), "Lunas"): Actual text and expected text of test object 'Object Repository/admin/Konf order konsumen/Keterangan Lunas' are matched.

2023-10-05 15:24:21 - [MESSAGE][PASSED] - Actual text and expected text of test object 'Object Repository/admin/Konf order konsumen/Keterangan Lunas' are matched.

2023-10-05 15:24:21 - [TEST_STEP][PASSED] - return data: null

2023-10-05 15:24:21 - [MESSAGE][PASSED] - Call Test Case 'Test Cases/T13 Pembelian, Shipment dan Pembayaran/PBYA-001' successfully

2023-10-05 15:24:21 - [TEST_STEP][PASSED] - click(findTestObject("admin/Penjualan ke konsumen/buttom Dashboard")): Object: 'Object Repository/admin/Penjualan ke konsumen/buttom Dashboard' is clicked on

2023-10-05 15:24:22 - [MESSAGE][PASSED] - Object: 'Object Repository/admin/Penjualan ke konsumen/buttom Dashboard' is clicked on

2023-10-05 15:24:22 - [TEST_STEP][PASSED] - click(findTestObject("admin/Konf order konsumen/Menu Transaksi Market")): Object: 'Object Repository/admin/Konf order konsumen/Menu Transaksi Market' is clicked on

2023-10-05 15:24:22 - [MESSAGE][PASSED] - Object: 'Object Repository/admin/Konf order konsumen/Menu Transaksi Market' is clicked on

2023-10-05 15:24:22 - [TEST_STEP][PASSED] - click(findTestObject("admin/Penjualan ke konsumen/a_Penjualan ke Konsumen")): Object: 'Object Repository/admin/Penjualan ke konsumen/a_Penjualan ke Konsumen' is clicked on

2023-10-05 15:24:26 - [MESSAGE][PASSED] - Object: 'Object Repository/admin/Penjualan ke konsumen/a_Penjualan ke Konsumen' is clicked on

2023-10-05 15:24:26 - [TEST_STEP][PASSED] - verifyElementPresent(findTestObject("admin/Tittle Data Transaksi Penjualan  Orderan Konsumen"), 0): Object 'Object Repository/admin/Tittle Data Transaksi Penjualan  Orderan Konsumen' is present

2023-10-05 15:24:26 - [MESSAGE][WARNING] - Timeout '0' is invalid. Using default page load timeout: '30'

2023-10-05 15:24:26 - [MESSAGE][PASSED] - Object 'Object Repository/admin/Tittle Data Transaksi Penjualan  Orderan Konsumen' is present

2023-10-05 15:24:26 - [TEST_STEP][PASSED] - return data: null

2023-10-05 15:24:26 - [MESSAGE][PASSED] - Call Test Case 'Test Cases/T13 Pembelian, Shipment dan Pembayaran/SA-001' successfully

2023-10-05 15:24:26 - [TEST_STEP][PASSED] - inv = data.get("invoice"): null

2023-10-05 15:24:26 - [TEST_STEP][PASSED] - setText(findTestObject("admin/Penjualan ke konsumen/Search"), inv): Text 'TRX60.20231005152337' is set on object 'Object Repository/admin/Penjualan ke konsumen/Search'

2023-10-05 15:24:27 - [MESSAGE][PASSED] - Text 'TRX60.20231005152337' is set on object 'Object Repository/admin/Penjualan ke konsumen/Search'

2023-10-05 15:24:27 - [TEST_STEP][PASSED] - click(findTestObject("admin/Penjualan ke konsumen/buttom konfirmasi pending payment"), CONTINUE_ON_FAILURE): Object: 'Object Repository/admin/Penjualan ke konsumen/buttom konfirmasi pending payment' is clicked on

2023-10-05 15:24:28 - [MESSAGE][PASSED] - Object: 'Object Repository/admin/Penjualan ke konsumen/buttom konfirmasi pending payment' is clicked on

2023-10-05 15:24:28 - [TEST_STEP][PASSED] - waitForAlert(5, OPTIONAL): Alert is present after 5 second(s).

2023-10-05 15:24:28 - [MESSAGE][PASSED] - Alert is present after 5 second(s).

2023-10-05 15:24:28 - [TEST_STEP][PASSED] - acceptAlert(): Alert accepted

2023-10-05 15:24:28 - [MESSAGE][PASSED] - Alert accepted

2023-10-05 15:24:28 - [TEST_STEP][PASSED] - setText(findTestObject("admin/Penjualan ke konsumen/Search"), inv): Text 'TRX60.20231005152337' is set on object 'Object Repository/admin/Penjualan ke konsumen/Search'

2023-10-05 15:24:37 - [MESSAGE][PASSED] - Text 'TRX60.20231005152337' is set on object 'Object Repository/admin/Penjualan ke konsumen/Search'

2023-10-05 15:24:37 - [TEST_STEP][PASSED] - verifyTextNotPresent("pending payment", false): Text 'pending payment' is not present on page

2023-10-05 15:24:37 - [MESSAGE][PASSED] - Text 'pending payment' is not present on page

2023-10-05 15:24:37 - [TEST_STEP][PASSED] - return data: null

2023-10-05 15:24:37 - [MESSAGE][PASSED] - Call Test Case 'Test Cases/T13 Pembelian, Shipment dan Pembayaran/SA-002' successfully

2023-10-05 15:24:37 - [TEST_STEP][PASSED] - click(findTestObject("admin/Penjualan ke konsumen/buttom scroldown")): Object: 'Object Repository/admin/Penjualan ke konsumen/buttom scroldown' is clicked on

2023-10-05 15:24:38 - [MESSAGE][PASSED] - Object: 'Object Repository/admin/Penjualan ke konsumen/buttom scroldown' is clicked on

2023-10-05 15:24:38 - [TEST_STEP][PASSED] - click(findTestObject("admin/Penjualan ke konsumen/Proses"), CONTINUE_ON_FAILURE): Object: 'Object Repository/admin/Penjualan ke konsumen/Proses' is clicked on

2023-10-05 15:24:38 - [MESSAGE][PASSED] - Object: 'Object Repository/admin/Penjualan ke konsumen/Proses' is clicked on

2023-10-05 15:24:38 - [TEST_STEP][PASSED] - waitForAlert(5, OPTIONAL): Alert is present after 5 second(s).

2023-10-05 15:24:38 - [MESSAGE][PASSED] - Alert is present after 5 second(s).

2023-10-05 15:24:38 - [TEST_STEP][PASSED] - acceptAlert(): Alert accepted

2023-10-05 15:24:38 - [MESSAGE][PASSED] - Alert accepted

2023-10-05 15:24:38 - [TEST_STEP][PASSED] - inv = data.get("invoice"): null

2023-10-05 15:24:38 - [TEST_STEP][PASSED] - setText(findTestObject("admin/Penjualan ke konsumen/Search"), inv): Text 'TRX60.20231005152337' is set on object 'Object Repository/admin/Penjualan ke konsumen/Search'

2023-10-05 15:24:50 - [MESSAGE][PASSED] - Text 'TRX60.20231005152337' is set on object 'Object Repository/admin/Penjualan ke konsumen/Search'

2023-10-05 15:24:50 - [TEST_STEP][PASSED] - verifyElementText(findTestObject("PROSES PENJUALAN/Proses"), "Proses"): Actual text and expected text of test object 'Object Repository/PROSES PENJUALAN/Proses' are matched.

2023-10-05 15:24:50 - [MESSAGE][PASSED] - Actual text and expected text of test object 'Object Repository/PROSES PENJUALAN/Proses' are matched.

2023-10-05 15:24:50 - [TEST_STEP][PASSED] - prosesadmin = getText(findTestObject("PROSES PENJUALAN/Proses")): Text of object 'Object Repository/PROSES PENJUALAN/Proses' is: 'Proses'

2023-10-05 15:24:50 - [MESSAGE][PASSED] - Text of object 'Object Repository/PROSES PENJUALAN/Proses' is: 'Proses'

2023-10-05 15:24:50 - [TEST_STEP][PASSED] - data.put("statusAdmin", prosesadmin): null

2023-10-05 15:24:50 - [TEST_STEP][PASSED] - return data: null

2023-10-05 15:24:50 - [MESSAGE][PASSED] - Call Test Case 'Test Cases/T13 Pembelian, Shipment dan Pembayaran/SA-003' successfully

2023-10-05 15:24:50 - [TEST_STEP][PASSED] - openBrowser("https://10.9.2.63/ecommerce/"): Browser is opened with url: 'https://10.9.2.63/ecommerce/'

2023-10-05 15:24:50 - [MESSAGE][WARNING] - A browser is already opened. Closing browser and opening a new one

2023-10-05 15:24:51 - [MESSAGE][INFO] - Starting 'Edge Chromium' driver

2023-10-05 15:24:51 - [MESSAGE][INFO] - User set preference: ['acceptInsecureCerts', 'true']

2023-10-05 15:24:53 - [MESSAGE][INFO] - Action delay is set to 0 milliseconds

2023-10-05 15:24:57 - [MESSAGE][PASSED] - Browser is opened with url: 'https://10.9.2.63/ecommerce/'

2023-10-05 15:24:57 - [TEST_STEP][PASSED] - maximizeWindow(): Current window maximized

2023-10-05 15:24:57 - [MESSAGE][PASSED] - Current window maximized

2023-10-05 15:24:57 - [TEST_STEP][PASSED] - verifyElementPresent(findTestObject("Login/Home"), 0): Object 'Object Repository/Login/Home' is present

2023-10-05 15:24:57 - [MESSAGE][WARNING] - Timeout '0' is invalid. Using default page load timeout: '30'

2023-10-05 15:24:58 - [MESSAGE][PASSED] - Object 'Object Repository/Login/Home' is present

2023-10-05 15:24:58 - [TEST_STEP][PASSED] - click(findTestObject("Login/a_Login")): Object: 'Object Repository/Login/a_Login' is clicked on

2023-10-05 15:24:58 - [MESSAGE][PASSED] - Object: 'Object Repository/Login/a_Login' is clicked on

2023-10-05 15:24:58 - [TEST_STEP][PASSED] - verifyElementPresent(findTestObject("Login/Tittle Login"), 0): Object 'Object Repository/Login/Tittle Login' is present

2023-10-05 15:24:58 - [MESSAGE][WARNING] - Timeout '0' is invalid. Using default page load timeout: '30'

2023-10-05 15:24:59 - [MESSAGE][PASSED] - Object 'Object Repository/Login/Tittle Login' is present

2023-10-05 15:24:59 - [TEST_STEP][PASSED] - setText(findTestObject("Login/input_Username, Email atau No. Handphone_a"), "irfanafandi"): Text 'irfanafandi' is set on object 'Object Repository/Login/input_Username, Email atau No. Handphone_a'

2023-10-05 15:25:00 - [MESSAGE][PASSED] - Text 'irfanafandi' is set on object 'Object Repository/Login/input_Username, Email atau No. Handphone_a'

2023-10-05 15:25:00 - [TEST_STEP][PASSED] - setText(findTestObject("Login/input_Password_b"), "12345irfan"): Text '12345irfan' is set on object 'Object Repository/Login/input_Password_b'

2023-10-05 15:25:01 - [MESSAGE][PASSED] - Text '12345irfan' is set on object 'Object Repository/Login/input_Password_b'

2023-10-05 15:25:01 - [TEST_STEP][PASSED] - click(findTestObject("Login/button_Masuk")): Object: 'Object Repository/Login/button_Masuk' is clicked on

2023-10-05 15:25:02 - [MESSAGE][PASSED] - Object: 'Object Repository/Login/button_Masuk' is clicked on

2023-10-05 15:25:02 - [TEST_STEP][PASSED] - verifyElementPresent(findTestObject("Login/li_Profile"), 0): Object 'Object Repository/Login/li_Profile' is present

2023-10-05 15:25:02 - [MESSAGE][WARNING] - Timeout '0' is invalid. Using default page load timeout: '30'

2023-10-05 15:25:03 - [MESSAGE][PASSED] - Object 'Object Repository/Login/li_Profile' is present

2023-10-05 15:25:03 - [TEST_STEP][PASSED] - click(findTestObject("Konfirmasi pesanan shop/Menu Shop")): Object: 'Object Repository/Konfirmasi pesanan shop/Menu Shop' is clicked on

2023-10-05 15:25:05 - [MESSAGE][PASSED] - Object: 'Object Repository/Konfirmasi pesanan shop/Menu Shop' is clicked on

2023-10-05 15:25:05 - [TEST_STEP][PASSED] - click(findTestObject("Konfirmasi pesanan shop/Menu Shop")): Object: 'Object Repository/Konfirmasi pesanan shop/Menu Shop' is clicked on

2023-10-05 15:25:05 - [MESSAGE][PASSED] - Object: 'Object Repository/Konfirmasi pesanan shop/Menu Shop' is clicked on

2023-10-05 15:25:05 - [TEST_STEP][PASSED] - click(findTestObject("Traking Order/a_Tracking Orders")): Object: 'Object Repository/Traking Order/a_Tracking Orders' is clicked on

2023-10-05 15:25:06 - [MESSAGE][PASSED] - Object: 'Object Repository/Traking Order/a_Tracking Orders' is clicked on

2023-10-05 15:25:06 - [TEST_STEP][PASSED] - verifyElementPresent(findTestObject("Traking Order/Tittle Tracking Order"), 0): Object 'Object Repository/Traking Order/Tittle Tracking Order' is present

2023-10-05 15:25:06 - [MESSAGE][WARNING] - Timeout '0' is invalid. Using default page load timeout: '30'

2023-10-05 15:25:07 - [MESSAGE][PASSED] - Object 'Object Repository/Traking Order/Tittle Tracking Order' is present

2023-10-05 15:25:07 - [TEST_STEP][PASSED] - inv = data.get("invoice"): null

2023-10-05 15:25:07 - [TEST_STEP][PASSED] - setText(findTestObject("Traking Order/input_No Pesanan_a"), inv): Text 'TRX60.20231005152337' is set on object 'Object Repository/Traking Order/input_No Pesanan_a'

2023-10-05 15:25:08 - [MESSAGE][PASSED] - Text 'TRX60.20231005152337' is set on object 'Object Repository/Traking Order/input_No Pesanan_a'

2023-10-05 15:25:08 - [TEST_STEP][PASSED] - setText(findTestObject("Traking Order/input_Alamat E-mail_form-control"), "irfan@gmail.com"): Text 'irfan@gmail.com' is set on object 'Object Repository/Traking Order/input_Alamat E-mail_form-control'

2023-10-05 15:25:09 - [MESSAGE][PASSED] - Text 'irfan@gmail.com' is set on object 'Object Repository/Traking Order/input_Alamat E-mail_form-control'

2023-10-05 15:25:09 - [TEST_STEP][PASSED] - click(findTestObject("Traking Order/button_Lacak Pesanan")): Object: 'Object Repository/Traking Order/button_Lacak Pesanan' is clicked on

2023-10-05 15:25:12 - [MESSAGE][PASSED] - Object: 'Object Repository/Traking Order/button_Lacak Pesanan' is clicked on

2023-10-05 15:25:12 - [TEST_STEP][PASSED] - verifyElementPresent(findTestObject("Traking Order/Tittle nomor transaksi"), 0): Object 'Object Repository/Traking Order/Tittle nomor transaksi' is present

2023-10-05 15:25:12 - [MESSAGE][WARNING] - Timeout '0' is invalid. Using default page load timeout: '30'

2023-10-05 15:25:13 - [MESSAGE][PASSED] - Object 'Object Repository/Traking Order/Tittle nomor transaksi' is present

2023-10-05 15:25:13 - [TEST_STEP][PASSED] - Nama = getText(findTestObject("Object Repository/Traking Order/status traking/Nama Barang tracking order")): Text of object 'Object Repository/Traking Order/status traking/Nama Barang tracking order' is: 'Segitiga Instan Madeira - MDB5.3 Sunset'

2023-10-05 15:25:13 - [MESSAGE][PASSED] - Text of object 'Object Repository/Traking Order/status traking/Nama Barang tracking order' is: 'Segitiga Instan Madeira - MDB5.3 Sunset'

2023-10-05 15:25:13 - [TEST_STEP][PASSED] - Harga = getText(findTestObject("Object Repository/Traking Order/status traking/Harga Barang")): Text of object 'Object Repository/Traking Order/status traking/Harga Barang' is: '1,299'

2023-10-05 15:25:14 - [MESSAGE][PASSED] - Text of object 'Object Repository/Traking Order/status traking/Harga Barang' is: '1,299'

2023-10-05 15:25:14 - [TEST_STEP][PASSED] - name_product = data.get("nama_barang"): null

2023-10-05 15:25:14 - [TEST_STEP][PASSED] - price_product = data.get("price_barang"): null

2023-10-05 15:25:14 - [TEST_STEP][PASSED] - assert name_product.contains(Nama): null

2023-10-05 15:25:14 - [TEST_STEP][PASSED] - assert price_product.contains(Harga): null

2023-10-05 15:25:14 - [TEST_STEP][PASSED] - warnaa = getText(findTestObject("Object Repository/Traking Order/status traking/warna")): Text of object 'Object Repository/Traking Order/status traking/warna' is: 'Merah'

2023-10-05 15:25:14 - [MESSAGE][PASSED] - Text of object 'Object Repository/Traking Order/status traking/warna' is: 'Merah'

2023-10-05 15:25:14 - [TEST_STEP][PASSED] - ukurann = getText(findTestObject("Object Repository/Traking Order/status traking/Ukuruan")): Text of object 'Object Repository/Traking Order/status traking/Ukuruan' is: 'Menengah'

2023-10-05 15:25:15 - [MESSAGE][PASSED] - Text of object 'Object Repository/Traking Order/status traking/Ukuruan' is: 'Menengah'

2023-10-05 15:25:15 - [TEST_STEP][PASSED] - warna1 = data.get("Warna"): null

2023-10-05 15:25:15 - [TEST_STEP][PASSED] - ukuran1 = data.get("Ukuran"): null

2023-10-05 15:25:15 - [TEST_STEP][PASSED] - assert warnaa == warna1: null

2023-10-05 15:25:15 - [TEST_STEP][PASSED] - assert ukurann == ukuran1: null

2023-10-05 15:25:15 - [TEST_STEP][PASSED] - proses = getText(findTestObject("Object Repository/Traking Order/status traking/status Traking Proses")): Text of object 'Object Repository/Traking Order/status traking/status Traking Proses' is: 'Proses'

2023-10-05 15:25:15 - [MESSAGE][PASSED] - Text of object 'Object Repository/Traking Order/status traking/status Traking Proses' is: 'Proses'

2023-10-05 15:25:15 - [TEST_STEP][PASSED] - statusProses = data.get("statusAdmin"): null

2023-10-05 15:25:15 - [TEST_STEP][PASSED] - assert proses == statusProses: null

2023-10-05 15:25:15 - [TEST_STEP][PASSED] - return data: null]]></system-out>
         <system-err><![CDATA[]]></system-err>
      </testcase>
      <testcase name="Test Cases/T13 Pembelian, Shipment dan Pembayaran/SU-003" time="153.687" classname="Test Cases/T13 Pembelian, Shipment dan Pembayaran/SU-003" status="PASSED">
         <system-out><![CDATA[2023-10-05 15:25:15 - [TEST_CASE][PASSED] - Test Cases/T13 Pembelian, Shipment dan Pembayaran/SU-003: Test Cases/T13 Pembelian, Shipment dan Pembayaran/SU-003

2023-10-05 15:25:15 - [TEST_STEP][PASSED] - data = callTestCase(findTestCase("T13 Pembelian, Shipment dan Pembayaran/SA-004"), [:], STOP_ON_FAILURE): Call Test Case 'Test Cases/T13 Pembelian, Shipment dan Pembayaran/SA-004' successfully

2023-10-05 15:25:15 - [TEST_CASE][PASSED] - Test Cases/T13 Pembelian, Shipment dan Pembayaran/SA-004: Test Cases/T13 Pembelian, Shipment dan Pembayaran/SA-004

2023-10-05 15:25:15 - [TEST_STEP][PASSED] - data = callTestCase(findTestCase("T13 Pembelian, Shipment dan Pembayaran/SA-002"), [:], STOP_ON_FAILURE): Call Test Case 'Test Cases/T13 Pembelian, Shipment dan Pembayaran/SA-002' successfully

2023-10-05 15:25:15 - [TEST_CASE][PASSED] - Test Cases/T13 Pembelian, Shipment dan Pembayaran/SA-002: Test Cases/T13 Pembelian, Shipment dan Pembayaran/SA-002

2023-10-05 15:25:16 - [TEST_STEP][PASSED] - data = callTestCase(findTestCase("T13 Pembelian, Shipment dan Pembayaran/SA-001"), [:], STOP_ON_FAILURE): Call Test Case 'Test Cases/T13 Pembelian, Shipment dan Pembayaran/SA-001' successfully

2023-10-05 15:25:16 - [TEST_CASE][PASSED] - Test Cases/T13 Pembelian, Shipment dan Pembayaran/SA-001: Test Cases/T13 Pembelian, Shipment dan Pembayaran/SA-001

2023-10-05 15:25:16 - [TEST_STEP][PASSED] - data = callTestCase(findTestCase("T13 Pembelian, Shipment dan Pembayaran/PBYA-001"), [:], STOP_ON_FAILURE): Call Test Case 'Test Cases/T13 Pembelian, Shipment dan Pembayaran/PBYA-001' successfully

2023-10-05 15:25:16 - [TEST_CASE][PASSED] - Test Cases/T13 Pembelian, Shipment dan Pembayaran/PBYA-001: Test Cases/T13 Pembelian, Shipment dan Pembayaran/PBYA-001

2023-10-05 15:25:16 - [TEST_STEP][PASSED] - data = callTestCase(findTestCase("T13 Pembelian, Shipment dan Pembayaran/PBY-004"), [:], STOP_ON_FAILURE): Call Test Case 'Test Cases/T13 Pembelian, Shipment dan Pembayaran/PBY-004' successfully

2023-10-05 15:25:16 - [TEST_CASE][PASSED] - Test Cases/T13 Pembelian, Shipment dan Pembayaran/PBY-004: Test Cases/T13 Pembelian, Shipment dan Pembayaran/PBY-004

2023-10-05 15:25:16 - [TEST_STEP][PASSED] - data = callTestCase(findTestCase("T13 Pembelian, Shipment dan Pembayaran/PBY-001"), [:], STOP_ON_FAILURE): Call Test Case 'Test Cases/T13 Pembelian, Shipment dan Pembayaran/PBY-001' successfully

2023-10-05 15:25:16 - [TEST_CASE][PASSED] - Test Cases/T13 Pembelian, Shipment dan Pembayaran/PBY-001: Test Cases/T13 Pembelian, Shipment dan Pembayaran/PBY-001

2023-10-05 15:25:16 - [TEST_STEP][PASSED] - data = callTestCase(findTestCase("T13 Pembelian, Shipment dan Pembayaran/PBL-004"), ["Kurir":"Roda 2"], STOP_ON_FAILURE): Call Test Case 'Test Cases/T13 Pembelian, Shipment dan Pembayaran/PBL-004' successfully

2023-10-05 15:25:16 - [TEST_CASE][PASSED] - Test Cases/T13 Pembelian, Shipment dan Pembayaran/PBL-004: Test Cases/T13 Pembelian, Shipment dan Pembayaran/PBL-004

2023-10-05 15:25:16 - [TEST_STEP][PASSED] - data = callTestCase(findTestCase("T13 Pembelian, Shipment dan Pembayaran/PBL-002"), [:], STOP_ON_FAILURE): Call Test Case 'Test Cases/T13 Pembelian, Shipment dan Pembayaran/PBL-002' successfully

2023-10-05 15:25:16 - [TEST_CASE][PASSED] - Test Cases/T13 Pembelian, Shipment dan Pembayaran/PBL-002: Test Cases/T13 Pembelian, Shipment dan Pembayaran/PBL-002

2023-10-05 15:25:16 - [TEST_STEP][PASSED] - data = callTestCase(findTestCase("T13 Pembelian, Shipment dan Pembayaran/PBL-001"), [:], STOP_ON_FAILURE): Call Test Case 'Test Cases/T13 Pembelian, Shipment dan Pembayaran/PBL-001' successfully

2023-10-05 15:25:16 - [TEST_CASE][PASSED] - Test Cases/T13 Pembelian, Shipment dan Pembayaran/PBL-001: Test Cases/T13 Pembelian, Shipment dan Pembayaran/PBL-001

2023-10-05 15:25:16 - [TEST_STEP][PASSED] - callTestCase(findTestCase("T13 Pembelian, Shipment dan Pembayaran/LU-001"), ["username":"irfanafandi", "password":"12345irfan"], STOP_ON_FAILURE): Call Test Case 'Test Cases/T13 Pembelian, Shipment dan Pembayaran/LU-001' successfully

2023-10-05 15:25:16 - [TEST_CASE][PASSED] - Test Cases/T13 Pembelian, Shipment dan Pembayaran/LU-001: Test Cases/T13 Pembelian, Shipment dan Pembayaran/LU-001

2023-10-05 15:25:16 - [TEST_STEP][PASSED] - openBrowser("https://10.9.2.63/ecommerce/"): Browser is opened with url: 'https://10.9.2.63/ecommerce/'

2023-10-05 15:25:16 - [MESSAGE][WARNING] - A browser is already opened. Closing browser and opening a new one

2023-10-05 15:25:17 - [MESSAGE][INFO] - Starting 'Edge Chromium' driver

2023-10-05 15:25:17 - [MESSAGE][INFO] - User set preference: ['acceptInsecureCerts', 'true']

2023-10-05 15:25:19 - [MESSAGE][INFO] - Action delay is set to 0 milliseconds

2023-10-05 15:25:23 - [MESSAGE][PASSED] - Browser is opened with url: 'https://10.9.2.63/ecommerce/'

2023-10-05 15:25:23 - [TEST_STEP][PASSED] - maximizeWindow(): Current window maximized

2023-10-05 15:25:23 - [MESSAGE][PASSED] - Current window maximized

2023-10-05 15:25:23 - [TEST_STEP][PASSED] - verifyElementPresent(findTestObject("Login/Home"), 0): Object 'Object Repository/Login/Home' is present

2023-10-05 15:25:23 - [MESSAGE][WARNING] - Timeout '0' is invalid. Using default page load timeout: '30'

2023-10-05 15:25:32 - [MESSAGE][PASSED] - Object 'Object Repository/Login/Home' is present

2023-10-05 15:25:32 - [TEST_STEP][PASSED] - click(findTestObject("Login/a_Login")): Object: 'Object Repository/Login/a_Login' is clicked on

2023-10-05 15:25:33 - [MESSAGE][PASSED] - Object: 'Object Repository/Login/a_Login' is clicked on

2023-10-05 15:25:33 - [TEST_STEP][PASSED] - verifyElementPresent(findTestObject("Login/Tittle Login"), 0): Object 'Object Repository/Login/Tittle Login' is present

2023-10-05 15:25:33 - [MESSAGE][WARNING] - Timeout '0' is invalid. Using default page load timeout: '30'

2023-10-05 15:25:34 - [MESSAGE][PASSED] - Object 'Object Repository/Login/Tittle Login' is present

2023-10-05 15:25:34 - [TEST_STEP][PASSED] - setText(findTestObject("Login/input_Username, Email atau No. Handphone_a"), username): Text 'irfanafandi' is set on object 'Object Repository/Login/input_Username, Email atau No. Handphone_a'

2023-10-05 15:25:34 - [MESSAGE][PASSED] - Text 'irfanafandi' is set on object 'Object Repository/Login/input_Username, Email atau No. Handphone_a'

2023-10-05 15:25:34 - [TEST_STEP][PASSED] - setText(findTestObject("Login/input_Password_b"), password): Text '12345irfan' is set on object 'Object Repository/Login/input_Password_b'

2023-10-05 15:25:35 - [MESSAGE][PASSED] - Text '12345irfan' is set on object 'Object Repository/Login/input_Password_b'

2023-10-05 15:25:35 - [TEST_STEP][PASSED] - click(findTestObject("Login/label_Ingat saya")): Object: 'Object Repository/Login/label_Ingat saya' is clicked on

2023-10-05 15:25:35 - [MESSAGE][PASSED] - Object: 'Object Repository/Login/label_Ingat saya' is clicked on

2023-10-05 15:25:35 - [TEST_STEP][PASSED] - click(findTestObject("Login/button_Masuk")): Object: 'Object Repository/Login/button_Masuk' is clicked on

2023-10-05 15:25:37 - [MESSAGE][PASSED] - Object: 'Object Repository/Login/button_Masuk' is clicked on

2023-10-05 15:25:37 - [TEST_STEP][PASSED] - verifyElementPresent(findTestObject("Login/li_Profile"), 0): Object 'Object Repository/Login/li_Profile' is present

2023-10-05 15:25:37 - [MESSAGE][WARNING] - Timeout '0' is invalid. Using default page load timeout: '30'

2023-10-05 15:25:38 - [MESSAGE][PASSED] - Object 'Object Repository/Login/li_Profile' is present

2023-10-05 15:25:38 - [MESSAGE][PASSED] - Call Test Case 'Test Cases/T13 Pembelian, Shipment dan Pembayaran/LU-001' successfully

2023-10-05 15:25:38 - [TEST_STEP][PASSED] - mouseOver(findTestObject("beli barang/i_Mulai Belanja_icon-menu")): Object: 'Object Repository/beli barang/i_Mulai Belanja_icon-menu' is hovered

2023-10-05 15:25:38 - [MESSAGE][PASSED] - Object: 'Object Repository/beli barang/i_Mulai Belanja_icon-menu' is hovered

2023-10-05 15:25:38 - [TEST_STEP][PASSED] - click(findTestObject("beli barang/a_Fashion  Busana Wanita")): Object: 'Object Repository/beli barang/a_Fashion  Busana Wanita' is clicked on

2023-10-05 15:25:39 - [MESSAGE][PASSED] - Object: 'Object Repository/beli barang/a_Fashion  Busana Wanita' is clicked on

2023-10-05 15:25:39 - [TEST_STEP][PASSED] - NamaSebelum = getText(findTestObject("verifikasi/Nama sebelum")): Text of object 'Object Repository/verifikasi/Nama sebelum' is: ''

2023-10-05 15:25:40 - [MESSAGE][PASSED] - Text of object 'Object Repository/verifikasi/Nama sebelum' is: ''

2023-10-05 15:25:40 - [TEST_STEP][PASSED] - HargaSebelum = getText(findTestObject("verifikasi/Harga sebelum")): Text of object 'Object Repository/verifikasi/Harga sebelum' is: 'Rp 1,299'

2023-10-05 15:25:40 - [MESSAGE][PASSED] - Text of object 'Object Repository/verifikasi/Harga sebelum' is: 'Rp 1,299'

2023-10-05 15:25:40 - [TEST_STEP][PASSED] - mouseOver(findTestObject("beli barang/barang mouse over")): Object: 'Object Repository/beli barang/barang mouse over' is hovered

2023-10-05 15:25:41 - [MESSAGE][PASSED] - Object: 'Object Repository/beli barang/barang mouse over' is hovered

2023-10-05 15:25:41 - [TEST_STEP][PASSED] - click(findTestObject("beli barang/buttom add to cart")): Object: 'Object Repository/beli barang/buttom add to cart' is clicked on

2023-10-05 15:25:43 - [MESSAGE][PASSED] - Object: 'Object Repository/beli barang/buttom add to cart' is clicked on

2023-10-05 15:25:43 - [TEST_STEP][PASSED] - NamaSesudah = getText(findTestObject("verifikasi/Nama sesudah")): Text of object 'Object Repository/verifikasi/Nama sesudah' is: 'Segitiga Instan Madeira - MDB5.3 Sunset'

2023-10-05 15:25:43 - [MESSAGE][PASSED] - Text of object 'Object Repository/verifikasi/Nama sesudah' is: 'Segitiga Instan Madeira - MDB5.3 Sunset'

2023-10-05 15:25:43 - [TEST_STEP][PASSED] - HargaSesudah = getText(findTestObject("verifikasi/Harga sesudah")): Text of object 'Object Repository/verifikasi/Harga sesudah' is: 'Rp 1,299'

2023-10-05 15:25:44 - [MESSAGE][PASSED] - Text of object 'Object Repository/verifikasi/Harga sesudah' is: 'Rp 1,299'

2023-10-05 15:25:44 - [TEST_STEP][PASSED] - assert NamaSesudah.contains(NamaSebelum): null

2023-10-05 15:25:44 - [TEST_STEP][PASSED] - assert HargaSesudah.contains(HargaSebelum): null

2023-10-05 15:25:44 - [TEST_STEP][PASSED] - click(findTestObject("beli barang/Tambah Keranjang busana wanita")): Object: 'Object Repository/beli barang/Tambah Keranjang busana wanita' is clicked on

2023-10-05 15:25:44 - [MESSAGE][PASSED] - Object: 'Object Repository/beli barang/Tambah Keranjang busana wanita' is clicked on

2023-10-05 15:25:44 - [TEST_STEP][PASSED] - verifyElementPresent(findTestObject("checkout/Notifikasi keranjang"), 1): Object 'Object Repository/checkout/Notifikasi keranjang' is present

2023-10-05 15:25:45 - [MESSAGE][PASSED] - Object 'Object Repository/checkout/Notifikasi keranjang' is present

2023-10-05 15:25:45 - [TEST_STEP][PASSED] - data = new java.util.HashMap(): null

2023-10-05 15:25:45 - [TEST_STEP][PASSED] - data.put("nama_barang", NamaSesudah): null

2023-10-05 15:25:45 - [TEST_STEP][PASSED] - data.put("price_barang", HargaSesudah): null

2023-10-05 15:25:45 - [TEST_STEP][PASSED] - return data: null

2023-10-05 15:25:45 - [MESSAGE][PASSED] - Call Test Case 'Test Cases/T13 Pembelian, Shipment dan Pembayaran/PBL-001' successfully

2023-10-05 15:25:45 - [TEST_STEP][PASSED] - mouseOver(findTestObject("beli barang/keranjang")): Object: 'Object Repository/beli barang/keranjang' is hovered

2023-10-05 15:25:46 - [MESSAGE][PASSED] - Object: 'Object Repository/beli barang/keranjang' is hovered

2023-10-05 15:25:46 - [TEST_STEP][PASSED] - click(findTestObject("beli barang/Lihat Sekarang")): Object: 'Object Repository/beli barang/Lihat Sekarang' is clicked on

2023-10-05 15:25:47 - [MESSAGE][PASSED] - Object: 'Object Repository/beli barang/Lihat Sekarang' is clicked on

2023-10-05 15:25:47 - [TEST_STEP][PASSED] - verifyElementPresent(findTestObject("keranjang/li_Keranjang Belanja"), 0): Object 'Object Repository/keranjang/li_Keranjang Belanja' is present

2023-10-05 15:25:47 - [MESSAGE][WARNING] - Timeout '0' is invalid. Using default page load timeout: '30'

2023-10-05 15:25:48 - [MESSAGE][PASSED] - Object 'Object Repository/keranjang/li_Keranjang Belanja' is present

2023-10-05 15:25:48 - [TEST_STEP][PASSED] - NamaKeranjang = getText(findTestObject("verifikasi/Nama keranjang")): Text of object 'Object Repository/verifikasi/Nama keranjang' is: 'Segitiga Instan Madeira - MDB5.3 Sunset'

2023-10-05 15:25:48 - [MESSAGE][PASSED] - Text of object 'Object Repository/verifikasi/Nama keranjang' is: 'Segitiga Instan Madeira - MDB5.3 Sunset'

2023-10-05 15:25:48 - [TEST_STEP][PASSED] - HargaKeranjang = getText(findTestObject("verifikasi/Harga Keranjang")): Text of object 'Object Repository/verifikasi/Harga Keranjang' is: 'Rp 1,299'

2023-10-05 15:25:49 - [MESSAGE][PASSED] - Text of object 'Object Repository/verifikasi/Harga Keranjang' is: 'Rp 1,299'

2023-10-05 15:25:49 - [TEST_STEP][PASSED] - if (toString().equalsIgnoreCase("Merah")): Object 'Object Repository/keranjang/input_Warna_variasi101' is checked

2023-10-05 15:25:49 - [TEST_STEP][PASSED] - check(findTestObject("Object Repository/keranjang/input_Warna_variasi101")): Object 'Object Repository/keranjang/input_Warna_variasi101' is checked

2023-10-05 15:25:49 - [MESSAGE][PASSED] - Object 'Object Repository/keranjang/input_Warna_variasi101' is checked

2023-10-05 15:25:49 - [TEST_STEP][PASSED] - if (toString().equalsIgnoreCase("Menengah")): Object 'Object Repository/keranjang/input_Ukuran_variasi201' is checked

2023-10-05 15:25:49 - [TEST_STEP][PASSED] - check(findTestObject("Object Repository/keranjang/input_Ukuran_variasi201")): Object 'Object Repository/keranjang/input_Ukuran_variasi201' is checked

2023-10-05 15:25:50 - [MESSAGE][PASSED] - Object 'Object Repository/keranjang/input_Ukuran_variasi201' is checked

2023-10-05 15:25:50 - [TEST_STEP][PASSED] - data.put("Warna", warna): null

2023-10-05 15:25:50 - [TEST_STEP][PASSED] - data.put("Ukuran", ukuran): null

2023-10-05 15:25:50 - [TEST_STEP][PASSED] - click(findTestObject("keranjang/button_Lanjut ke Pembayaran")): Object: 'Object Repository/keranjang/button_Lanjut ke Pembayaran' is clicked on

2023-10-05 15:25:52 - [MESSAGE][PASSED] - Object: 'Object Repository/keranjang/button_Lanjut ke Pembayaran' is clicked on

2023-10-05 15:25:52 - [TEST_STEP][PASSED] - verifyElementPresent(findTestObject("checkout/Tittle Checkout Order"), 0): Object 'Object Repository/checkout/Tittle Checkout Order' is present

2023-10-05 15:25:52 - [MESSAGE][WARNING] - Timeout '0' is invalid. Using default page load timeout: '30'

2023-10-05 15:25:52 - [MESSAGE][PASSED] - Object 'Object Repository/checkout/Tittle Checkout Order' is present

2023-10-05 15:25:52 - [TEST_STEP][PASSED] - name_product = data.get("nama_barang"): null

2023-10-05 15:25:52 - [TEST_STEP][PASSED] - price_product = data.get("price_barang"): null

2023-10-05 15:25:52 - [TEST_STEP][PASSED] - assert name_product == NamaKeranjang: null

2023-10-05 15:25:52 - [TEST_STEP][PASSED] - assert price_product == HargaKeranjang: null

2023-10-05 15:25:52 - [TEST_STEP][PASSED] - return data: null

2023-10-05 15:25:52 - [MESSAGE][PASSED] - Call Test Case 'Test Cases/T13 Pembelian, Shipment dan Pembayaran/PBL-002' successfully

2023-10-05 15:25:52 - [TEST_STEP][PASSED] - warnaa = getText(findTestObject("verifikasi/warna Merah")): Text of object 'Object Repository/verifikasi/warna Merah' is: 'Merah'

2023-10-05 15:25:53 - [MESSAGE][PASSED] - Text of object 'Object Repository/verifikasi/warna Merah' is: 'Merah'

2023-10-05 15:25:53 - [TEST_STEP][PASSED] - ukurann = getText(findTestObject("verifikasi/Ukuran Menengah")): Text of object 'Object Repository/verifikasi/Ukuran Menengah' is: 'Menengah'

2023-10-05 15:25:53 - [MESSAGE][PASSED] - Text of object 'Object Repository/verifikasi/Ukuran Menengah' is: 'Menengah'

2023-10-05 15:25:53 - [TEST_STEP][PASSED] - warna1 = data.get("Warna"): null

2023-10-05 15:25:53 - [TEST_STEP][PASSED] - ukuran1 = data.get("Ukuran"): null

2023-10-05 15:25:53 - [TEST_STEP][PASSED] - assert warnaa == warna1: null

2023-10-05 15:25:53 - [TEST_STEP][PASSED] - assert ukurann == ukuran1: null

2023-10-05 15:25:53 - [TEST_STEP][PASSED] - NamaCheckout = getText(findTestObject("verifikasi/NamaCheckout")): Text of object 'Object Repository/verifikasi/NamaCheckout' is: ''

2023-10-05 15:25:54 - [MESSAGE][PASSED] - Text of object 'Object Repository/verifikasi/NamaCheckout' is: ''

2023-10-05 15:25:54 - [TEST_STEP][PASSED] - HargaCheckout = getText(findTestObject("verifikasi/HargaCheckout")): Text of object 'Object Repository/verifikasi/HargaCheckout' is: '1,299'

2023-10-05 15:25:54 - [MESSAGE][PASSED] - Text of object 'Object Repository/verifikasi/HargaCheckout' is: '1,299'

2023-10-05 15:25:54 - [TEST_STEP][PASSED] - name_product = data.get("nama_barang"): null

2023-10-05 15:25:54 - [TEST_STEP][PASSED] - price_product = data.get("price_barang"): null

2023-10-05 15:25:54 - [TEST_STEP][PASSED] - assert name_product.contains(NamaCheckout): null

2023-10-05 15:25:54 - [TEST_STEP][PASSED] - assert price_product.contains(HargaCheckout): null

2023-10-05 15:25:54 - [TEST_STEP][PASSED] - selectOptionByLabel(findTestObject("checkout/select - Kirim via Kurir Lokal"), Kurir, false): All options with label 'Roda 2' are selected in object 'Object Repository/checkout/select - Kirim via Kurir Lokal' 

2023-10-05 15:25:55 - [MESSAGE][PASSED] - All options with label 'Roda 2' are selected in object 'Object Repository/checkout/select - Kirim via Kurir Lokal' 

2023-10-05 15:25:55 - [TEST_STEP][PASSED] - click(findTestObject("checkout/Kendaraan Kurir")): Object: 'Object Repository/checkout/Kendaraan Kurir' is clicked on

2023-10-05 15:25:55 - [MESSAGE][PASSED] - Object: 'Object Repository/checkout/Kendaraan Kurir' is clicked on

2023-10-05 15:25:55 - [TEST_STEP][PASSED] - OngkosKirim = getText(findTestObject("Object Repository/verifikasi/Ongkos Kirim checkout")): Text of object 'Object Repository/verifikasi/Ongkos Kirim checkout' is: 'Rp. 5,000'

2023-10-05 15:25:56 - [MESSAGE][PASSED] - Text of object 'Object Repository/verifikasi/Ongkos Kirim checkout' is: 'Rp. 5,000'

2023-10-05 15:25:56 - [TEST_STEP][PASSED] - Ongkos = OngkosKirim.substring(3, OngkosKirim.size()): null

2023-10-05 15:25:56 - [TEST_STEP][PASSED] - rep = Ongkos.replace(",", "."): null

2023-10-05 15:25:56 - [TEST_STEP][PASSED] - Ongkos_kirim = Double.parseDouble(rep): null

2023-10-05 15:25:56 - [TEST_STEP][PASSED] - println(Ongkos_kirim): null

2023-10-05 15:25:56 - [TEST_STEP][PASSED] - FeeAdmin = getText(findTestObject("verifikasi/Fee Admin checkout")): Text of object 'Object Repository/verifikasi/Fee Admin checkout' is: 'Fee Admin
Rp 1,500'

2023-10-05 15:25:56 - [MESSAGE][PASSED] - Text of object 'Object Repository/verifikasi/Fee Admin checkout' is: 'Fee Admin
Rp 1,500'

2023-10-05 15:25:56 - [TEST_STEP][PASSED] - Fee_Admin = FeeAdmin.substring(12, FeeAdmin.size()): null

2023-10-05 15:25:56 - [TEST_STEP][PASSED] - fee = Fee_Admin.replace(",", "."): null

2023-10-05 15:25:56 - [TEST_STEP][PASSED] - fee_admin = Double.parseDouble(fee): null

2023-10-05 15:25:56 - [TEST_STEP][PASSED] - println(fee_admin): null

2023-10-05 15:25:56 - [TEST_STEP][PASSED] - Subtotal = getText(findTestObject("verifikasi/subtotal checkout")): Text of object 'Object Repository/verifikasi/subtotal checkout' is: 'Subtotal
Rp 1,299'

2023-10-05 15:25:57 - [MESSAGE][PASSED] - Text of object 'Object Repository/verifikasi/subtotal checkout' is: 'Subtotal
Rp 1,299'

2023-10-05 15:25:57 - [TEST_STEP][PASSED] - sub_total = Subtotal.substring(12, Subtotal.size()): null

2023-10-05 15:25:57 - [TEST_STEP][PASSED] - sub = sub_total.replace(",", "."): null

2023-10-05 15:25:57 - [TEST_STEP][PASSED] - sub_total = Double.parseDouble(sub): null

2023-10-05 15:25:57 - [TEST_STEP][PASSED] - println(sub_total): null

2023-10-05 15:25:57 - [TEST_STEP][PASSED] - Total = getText(findTestObject("verifikasi/Total checkout")): Text of object 'Object Repository/verifikasi/Total checkout' is: 'Rp 7,799'

2023-10-05 15:25:57 - [MESSAGE][PASSED] - Text of object 'Object Repository/verifikasi/Total checkout' is: 'Rp 7,799'

2023-10-05 15:25:57 - [TEST_STEP][PASSED] - totall = Total.substring(3, Total.size()): null

2023-10-05 15:25:57 - [TEST_STEP][PASSED] - total = totall.replace(",", "."): null

2023-10-05 15:25:57 - [TEST_STEP][PASSED] - totall = Double.parseDouble(total): null

2023-10-05 15:25:57 - [TEST_STEP][PASSED] - println(totall): null

2023-10-05 15:25:57 - [TEST_STEP][PASSED] - Total_Harga = Ongkos_kirim + fee_admin + sub_total: null

2023-10-05 15:25:57 - [TEST_STEP][PASSED] - println(Total_Harga): null

2023-10-05 15:25:57 - [TEST_STEP][PASSED] - TotalHarga = Math.round(Total_Harga * 1000) / 1000: null

2023-10-05 15:25:57 - [TEST_STEP][PASSED] - println(TotalHarga): null

2023-10-05 15:25:57 - [TEST_STEP][PASSED] - assert totall == TotalHarga: null

2023-10-05 15:25:57 - [TEST_STEP][PASSED] - click(findTestObject("verifikasi/Metode Transfer")): Object: 'Object Repository/verifikasi/Metode Transfer' is clicked on

2023-10-05 15:25:58 - [MESSAGE][PASSED] - Object: 'Object Repository/verifikasi/Metode Transfer' is clicked on

2023-10-05 15:25:58 - [TEST_STEP][PASSED] - click(findTestObject("checkout/button_Proses Pembayaran")): Object: 'Object Repository/checkout/button_Proses Pembayaran' is clicked on

2023-10-05 15:26:06 - [MESSAGE][PASSED] - Object: 'Object Repository/checkout/button_Proses Pembayaran' is clicked on

2023-10-05 15:26:06 - [TEST_STEP][PASSED] - verifyElementPresent(findTestObject("pembayaran/Tittle nomor invoice"), 0): Object 'Object Repository/pembayaran/Tittle nomor invoice' is present

2023-10-05 15:26:06 - [MESSAGE][WARNING] - Timeout '0' is invalid. Using default page load timeout: '30'

2023-10-05 15:26:07 - [MESSAGE][PASSED] - Object 'Object Repository/pembayaran/Tittle nomor invoice' is present

2023-10-05 15:26:07 - [TEST_STEP][PASSED] - return data: null

2023-10-05 15:26:07 - [MESSAGE][PASSED] - Call Test Case 'Test Cases/T13 Pembelian, Shipment dan Pembayaran/PBL-004' successfully

2023-10-05 15:26:07 - [TEST_STEP][PASSED] - Invoice = getText(findTestObject("pembayaran/nomor invoice")): Text of object 'Object Repository/pembayaran/nomor invoice' is: 'TRX60.20231005152602'

2023-10-05 15:26:08 - [MESSAGE][PASSED] - Text of object 'Object Repository/pembayaran/nomor invoice' is: 'TRX60.20231005152602'

2023-10-05 15:26:08 - [TEST_STEP][PASSED] - data.put("invoice", Invoice): null

2023-10-05 15:26:08 - [TEST_STEP][PASSED] - NamaPemesan = getText(findTestObject("Konfirmasi pesanan shop/Nama pemesan")): Text of object 'Object Repository/Konfirmasi pesanan shop/Nama pemesan' is: 'irfan.afandi'

2023-10-05 15:26:08 - [MESSAGE][PASSED] - Text of object 'Object Repository/Konfirmasi pesanan shop/Nama pemesan' is: 'irfan.afandi'

2023-10-05 15:26:08 - [TEST_STEP][PASSED] - Nama = getText(findTestObject("pembayaran/Nama barang")): Text of object 'Object Repository/pembayaran/Nama barang' is: 'Segitiga Instan Madeira - MDB5.3 Sunset'

2023-10-05 15:26:09 - [MESSAGE][PASSED] - Text of object 'Object Repository/pembayaran/Nama barang' is: 'Segitiga Instan Madeira - MDB5.3 Sunset'

2023-10-05 15:26:09 - [TEST_STEP][PASSED] - Harga = getText(findTestObject("pembayaran/Harga barang")): Text of object 'Object Repository/pembayaran/Harga barang' is: '1,299'

2023-10-05 15:26:09 - [MESSAGE][PASSED] - Text of object 'Object Repository/pembayaran/Harga barang' is: '1,299'

2023-10-05 15:26:09 - [TEST_STEP][PASSED] - name_product = data.get("nama_barang"): null

2023-10-05 15:26:09 - [TEST_STEP][PASSED] - price_product = data.get("price_barang"): null

2023-10-05 15:26:09 - [TEST_STEP][PASSED] - assert name_product.contains(Nama): null

2023-10-05 15:26:09 - [TEST_STEP][PASSED] - assert price_product.contains(Harga): null

2023-10-05 15:26:09 - [TEST_STEP][PASSED] - warnaa = getText(findTestObject("pembayaran/warna")): Text of object 'Object Repository/pembayaran/warna' is: 'Merah'

2023-10-05 15:26:10 - [MESSAGE][PASSED] - Text of object 'Object Repository/pembayaran/warna' is: 'Merah'

2023-10-05 15:26:10 - [TEST_STEP][PASSED] - ukurann = getText(findTestObject("pembayaran/ukuran")): Text of object 'Object Repository/pembayaran/ukuran' is: 'Menengah'

2023-10-05 15:26:10 - [MESSAGE][PASSED] - Text of object 'Object Repository/pembayaran/ukuran' is: 'Menengah'

2023-10-05 15:26:10 - [TEST_STEP][PASSED] - warna1 = data.get("Warna"): null

2023-10-05 15:26:10 - [TEST_STEP][PASSED] - ukuran1 = data.get("Ukuran"): null

2023-10-05 15:26:10 - [TEST_STEP][PASSED] - assert warnaa == warna1: null

2023-10-05 15:26:10 - [TEST_STEP][PASSED] - assert ukurann == ukuran1: null

2023-10-05 15:26:10 - [TEST_STEP][PASSED] - statusPembelian = getText(findTestObject("verifikasi/Status pending di pembelian")): Text of object 'Object Repository/verifikasi/Status pending di pembelian' is: 'Pending'

2023-10-05 15:26:11 - [MESSAGE][PASSED] - Text of object 'Object Repository/verifikasi/Status pending di pembelian' is: 'Pending'

2023-10-05 15:26:11 - [TEST_STEP][PASSED] - data.put("statusPem", statusPembelian): null

2023-10-05 15:26:11 - [TEST_STEP][PASSED] - OngkosKirim = getText(findTestObject("pembayaran/ongkos kirim")): Text of object 'Object Repository/pembayaran/ongkos kirim' is: 'Rp 5,000'

2023-10-05 15:26:12 - [MESSAGE][PASSED] - Text of object 'Object Repository/pembayaran/ongkos kirim' is: 'Rp 5,000'

2023-10-05 15:26:12 - [TEST_STEP][PASSED] - Ongkos = OngkosKirim.substring(3, OngkosKirim.size()): null

2023-10-05 15:26:12 - [TEST_STEP][PASSED] - rep = Ongkos.replace(",", ""): null

2023-10-05 15:26:12 - [TEST_STEP][PASSED] - Ongkos_kirimm = Integer.parseInt(rep): null

2023-10-05 15:26:12 - [TEST_STEP][PASSED] - println(Ongkos_kirimm): null

2023-10-05 15:26:12 - [TEST_STEP][PASSED] - FeeAdmin = getText(findTestObject("pembayaran/fee admin")): Text of object 'Object Repository/pembayaran/fee admin' is: 'Rp 1,500'

2023-10-05 15:26:12 - [MESSAGE][PASSED] - Text of object 'Object Repository/pembayaran/fee admin' is: 'Rp 1,500'

2023-10-05 15:26:12 - [TEST_STEP][PASSED] - Fee_Admin = FeeAdmin.substring(3, FeeAdmin.size()): null

2023-10-05 15:26:12 - [TEST_STEP][PASSED] - fee = Fee_Admin.replace(",", ""): null

2023-10-05 15:26:12 - [TEST_STEP][PASSED] - fee_adminn = Integer.parseInt(fee): null

2023-10-05 15:26:12 - [TEST_STEP][PASSED] - println(fee_adminn): null

2023-10-05 15:26:12 - [TEST_STEP][PASSED] - Subtotal = getText(findTestObject("pembayaran/subtotal")): Text of object 'Object Repository/pembayaran/subtotal' is: 'Rp 1,299'

2023-10-05 15:26:13 - [MESSAGE][PASSED] - Text of object 'Object Repository/pembayaran/subtotal' is: 'Rp 1,299'

2023-10-05 15:26:13 - [TEST_STEP][PASSED] - sub_total = Subtotal.substring(3, Subtotal.size()): null

2023-10-05 15:26:13 - [TEST_STEP][PASSED] - sub = sub_total.replace(",", ""): null

2023-10-05 15:26:13 - [TEST_STEP][PASSED] - sub_totall = Integer.parseInt(sub): null

2023-10-05 15:26:13 - [TEST_STEP][PASSED] - println(sub_totall): null

2023-10-05 15:26:13 - [TEST_STEP][PASSED] - unik = getText(findTestObject("pembayaran/kode unik")): Text of object 'Object Repository/pembayaran/kode unik' is: '+602'

2023-10-05 15:26:13 - [MESSAGE][PASSED] - Text of object 'Object Repository/pembayaran/kode unik' is: '+602'

2023-10-05 15:26:13 - [TEST_STEP][PASSED] - unikk = unik.replace("+", ""): null

2023-10-05 15:26:13 - [TEST_STEP][PASSED] - kode_unik = Integer.parseInt(unikk): null

2023-10-05 15:26:13 - [TEST_STEP][PASSED] - println(kode_unik): null

2023-10-05 15:26:13 - [TEST_STEP][PASSED] - Total = getText(findTestObject("pembayaran/total")): Text of object 'Object Repository/pembayaran/total' is: '8,401'

2023-10-05 15:26:14 - [MESSAGE][PASSED] - Text of object 'Object Repository/pembayaran/total' is: '8,401'

2023-10-05 15:26:14 - [TEST_STEP][PASSED] - total = Total.replace(",", ""): null

2023-10-05 15:26:14 - [TEST_STEP][PASSED] - totalll = Integer.parseInt(total): null

2023-10-05 15:26:14 - [TEST_STEP][PASSED] - println(totalll): null

2023-10-05 15:26:14 - [TEST_STEP][PASSED] - Total_Hargaa = Ongkos_kirimm + fee_adminn + sub_totall + kode_unik: null

2023-10-05 15:26:14 - [TEST_STEP][PASSED] - println(Total_Hargaa): null

2023-10-05 15:26:14 - [TEST_STEP][PASSED] - assert totalll == Total_Hargaa: null

2023-10-05 15:26:14 - [TEST_STEP][PASSED] - data.put("total", Total): null

2023-10-05 15:26:14 - [TEST_STEP][PASSED] - data.put("nama", NamaPemesan): null

2023-10-05 15:26:14 - [TEST_STEP][PASSED] - return data: null

2023-10-05 15:26:14 - [MESSAGE][PASSED] - Call Test Case 'Test Cases/T13 Pembelian, Shipment dan Pembayaran/PBY-001' successfully

2023-10-05 15:26:14 - [TEST_STEP][PASSED] - inv = data.get("invoice"): null

2023-10-05 15:26:14 - [TEST_STEP][PASSED] - Total = data.get("total"): null

2023-10-05 15:26:14 - [TEST_STEP][PASSED] - NamaPemesan = data.get("nama"): null

2023-10-05 15:26:14 - [TEST_STEP][PASSED] - click(findTestObject("Konfirmasi pesanan shop/Menu Shop")): Object: 'Object Repository/Konfirmasi pesanan shop/Menu Shop' is clicked on

2023-10-05 15:26:15 - [MESSAGE][PASSED] - Object: 'Object Repository/Konfirmasi pesanan shop/Menu Shop' is clicked on

2023-10-05 15:26:15 - [TEST_STEP][PASSED] - click(findTestObject("Konfirmasi pesanan shop/Menu Shop")): Object: 'Object Repository/Konfirmasi pesanan shop/Menu Shop' is clicked on

2023-10-05 15:26:16 - [MESSAGE][PASSED] - Object: 'Object Repository/Konfirmasi pesanan shop/Menu Shop' is clicked on

2023-10-05 15:26:16 - [TEST_STEP][PASSED] - click(findTestObject("Konfirmasi pesanan shop/Konfirmasi Orders")): Object: 'Object Repository/Konfirmasi pesanan shop/Konfirmasi Orders' is clicked on

2023-10-05 15:26:17 - [MESSAGE][PASSED] - Object: 'Object Repository/Konfirmasi pesanan shop/Konfirmasi Orders' is clicked on

2023-10-05 15:26:17 - [TEST_STEP][PASSED] - verifyElementPresent(findTestObject("Konfirmasi pesanan shop/Tittle Konfirmasi Pesanan"), 0): Object 'Object Repository/Konfirmasi pesanan shop/Tittle Konfirmasi Pesanan' is present

2023-10-05 15:26:17 - [MESSAGE][WARNING] - Timeout '0' is invalid. Using default page load timeout: '30'

2023-10-05 15:26:17 - [MESSAGE][PASSED] - Object 'Object Repository/Konfirmasi pesanan shop/Tittle Konfirmasi Pesanan' is present

2023-10-05 15:26:17 - [TEST_STEP][PASSED] - setText(findTestObject("Konfirmasi pesanan shop/input_No Pesanan"), inv): Text 'TRX60.20231005152602' is set on object 'Object Repository/Konfirmasi pesanan shop/input_No Pesanan'

2023-10-05 15:26:18 - [MESSAGE][PASSED] - Text 'TRX60.20231005152602' is set on object 'Object Repository/Konfirmasi pesanan shop/input_No Pesanan'

2023-10-05 15:26:18 - [TEST_STEP][PASSED] - setText(findTestObject("Konfirmasi pesanan shop/input_Alamat E-mai"), "irfan@gmail.com"): Text 'irfan@gmail.com' is set on object 'Object Repository/Konfirmasi pesanan shop/input_Alamat E-mai'

2023-10-05 15:26:19 - [MESSAGE][PASSED] - Text 'irfan@gmail.com' is set on object 'Object Repository/Konfirmasi pesanan shop/input_Alamat E-mai'

2023-10-05 15:26:19 - [TEST_STEP][PASSED] - click(findTestObject("Konfirmasi pesanan shop/button_Submit")): Object: 'Object Repository/Konfirmasi pesanan shop/button_Submit' is clicked on

2023-10-05 15:26:20 - [MESSAGE][PASSED] - Object: 'Object Repository/Konfirmasi pesanan shop/button_Submit' is clicked on

2023-10-05 15:26:20 - [TEST_STEP][PASSED] - verifyElementPresent(findTestObject("Konfirmasi pesanan shop/Tittle nomor invoice"), 0): Object 'Object Repository/Konfirmasi pesanan shop/Tittle nomor invoice' is present

2023-10-05 15:26:20 - [MESSAGE][WARNING] - Timeout '0' is invalid. Using default page load timeout: '30'

2023-10-05 15:26:21 - [MESSAGE][PASSED] - Object 'Object Repository/Konfirmasi pesanan shop/Tittle nomor invoice' is present

2023-10-05 15:26:21 - [TEST_STEP][PASSED] - setText(findTestObject("Konfirmasi pesanan shop/input_Total TagihanTransfer_b"), Total): Text '8,401' is set on object 'Object Repository/Konfirmasi pesanan shop/input_Total TagihanTransfer_b'

2023-10-05 15:26:22 - [MESSAGE][PASSED] - Text '8,401' is set on object 'Object Repository/Konfirmasi pesanan shop/input_Total TagihanTransfer_b'

2023-10-05 15:26:22 - [TEST_STEP][PASSED] - selectOptionByValue(findTestObject("Konfirmasi pesanan shop/select_Bank"), "4", false): All options with value '4' are selected in object 'Object Repository/Konfirmasi pesanan shop/select_Bank' 

2023-10-05 15:26:23 - [MESSAGE][PASSED] - All options with value '4' are selected in object 'Object Repository/Konfirmasi pesanan shop/select_Bank' 

2023-10-05 15:26:23 - [TEST_STEP][PASSED] - setText(findTestObject("Konfirmasi pesanan shop/input_Nama Pengirim_d"), NamaPemesan): Text 'irfan.afandi' is set on object 'Object Repository/Konfirmasi pesanan shop/input_Nama Pengirim_d'

2023-10-05 15:26:23 - [MESSAGE][PASSED] - Text 'irfan.afandi' is set on object 'Object Repository/Konfirmasi pesanan shop/input_Nama Pengirim_d'

2023-10-05 15:26:23 - [TEST_STEP][PASSED] - uploadFile(findTestObject("keranjang/konfirmasi/input_Upload Bukti Transfer_f"), "C:\Users\IRFAN\Downloads\Berkas2.pdf"): File 'C:\Users\IRFAN\Downloads\Berkas2.pdf' sent to object: 'Object Repository/keranjang/konfirmasi/input_Upload Bukti Transfer_f'

2023-10-05 15:26:24 - [MESSAGE][PASSED] - File 'C:\Users\IRFAN\Downloads\Berkas2.pdf' sent to object: 'Object Repository/keranjang/konfirmasi/input_Upload Bukti Transfer_f'

2023-10-05 15:26:24 - [TEST_STEP][PASSED] - click(findTestObject("Konfirmasi pesanan shop/button_Konfirmasi Pembayaran")): Object: 'Object Repository/Konfirmasi pesanan shop/button_Konfirmasi Pembayaran' is clicked on

2023-10-05 15:26:25 - [MESSAGE][PASSED] - Object: 'Object Repository/Konfirmasi pesanan shop/button_Konfirmasi Pembayaran' is clicked on

2023-10-05 15:26:25 - [TEST_STEP][PASSED] - verifyElementPresent(findTestObject("Konfirmasi pesanan shop/Tittle Konfirmasi Pesanan"), 0): Object 'Object Repository/Konfirmasi pesanan shop/Tittle Konfirmasi Pesanan' is present

2023-10-05 15:26:25 - [MESSAGE][WARNING] - Timeout '0' is invalid. Using default page load timeout: '30'

2023-10-05 15:26:26 - [MESSAGE][PASSED] - Object 'Object Repository/Konfirmasi pesanan shop/Tittle Konfirmasi Pesanan' is present

2023-10-05 15:26:26 - [TEST_STEP][PASSED] - verifyElementPresent(findTestObject("Konfirmasi pesanan shop/Tittle massage succes Konfirmasi Pembayaran Pesanan"), 0): Object 'Object Repository/Konfirmasi pesanan shop/Tittle massage succes Konfirmasi Pembayaran Pesanan' is present

2023-10-05 15:26:26 - [MESSAGE][WARNING] - Timeout '0' is invalid. Using default page load timeout: '30'

2023-10-05 15:26:26 - [MESSAGE][PASSED] - Object 'Object Repository/Konfirmasi pesanan shop/Tittle massage succes Konfirmasi Pembayaran Pesanan' is present

2023-10-05 15:26:26 - [TEST_STEP][PASSED] - return data: null

2023-10-05 15:26:26 - [MESSAGE][PASSED] - Call Test Case 'Test Cases/T13 Pembelian, Shipment dan Pembayaran/PBY-004' successfully

2023-10-05 15:26:26 - [TEST_STEP][PASSED] - navigateToUrl("https://10.9.2.63/ecommerce/administrator/"): Navigate to 'https://10.9.2.63/ecommerce/administrator/' successfully

2023-10-05 15:26:27 - [MESSAGE][PASSED] - Navigate to 'https://10.9.2.63/ecommerce/administrator/' successfully

2023-10-05 15:26:27 - [TEST_STEP][PASSED] - verifyElementPresent(findTestObject("admin/Tittle ADMIN Login"), 0): Object 'Object Repository/admin/Tittle ADMIN Login' is present

2023-10-05 15:26:27 - [MESSAGE][WARNING] - Timeout '0' is invalid. Using default page load timeout: '30'

2023-10-05 15:26:27 - [MESSAGE][PASSED] - Object 'Object Repository/admin/Tittle ADMIN Login' is present

2023-10-05 15:26:27 - [TEST_STEP][PASSED] - setText(findTestObject("admin/Username"), "admin"): Text 'admin' is set on object 'Object Repository/admin/Username'

2023-10-05 15:26:28 - [MESSAGE][PASSED] - Text 'admin' is set on object 'Object Repository/admin/Username'

2023-10-05 15:26:28 - [TEST_STEP][PASSED] - setText(findTestObject("admin/Password"), "123admin123"): Text '123admin123' is set on object 'Object Repository/admin/Password'

2023-10-05 15:26:29 - [MESSAGE][PASSED] - Text '123admin123' is set on object 'Object Repository/admin/Password'

2023-10-05 15:26:29 - [TEST_STEP][PASSED] - click(findTestObject("admin/Remember Me")): Object: 'Object Repository/admin/Remember Me' is clicked on

2023-10-05 15:26:29 - [MESSAGE][PASSED] - Object: 'Object Repository/admin/Remember Me' is clicked on

2023-10-05 15:26:29 - [TEST_STEP][PASSED] - delay(10): Delayed 10 second(s)

2023-10-05 15:26:39 - [MESSAGE][PASSED] - Delayed 10 second(s)

2023-10-05 15:26:39 - [TEST_STEP][PASSED] - click(findTestObject("admin/buttom submit")): Object: 'Object Repository/admin/buttom submit' is clicked on

2023-10-05 15:26:41 - [MESSAGE][PASSED] - Object: 'Object Repository/admin/buttom submit' is clicked on

2023-10-05 15:26:41 - [TEST_STEP][PASSED] - verifyElementPresent(findTestObject("admin/Konf order konsumen/Tittle Dashboard"), 0): Object 'Object Repository/admin/Konf order konsumen/Tittle Dashboard' is present

2023-10-05 15:26:41 - [MESSAGE][WARNING] - Timeout '0' is invalid. Using default page load timeout: '30'

2023-10-05 15:26:41 - [MESSAGE][PASSED] - Object 'Object Repository/admin/Konf order konsumen/Tittle Dashboard' is present

2023-10-05 15:26:41 - [TEST_STEP][PASSED] - click(findTestObject("admin/Konf order konsumen/Menu Transaksi Market")): Object: 'Object Repository/admin/Konf order konsumen/Menu Transaksi Market' is clicked on

2023-10-05 15:26:42 - [MESSAGE][PASSED] - Object: 'Object Repository/admin/Konf order konsumen/Menu Transaksi Market' is clicked on

2023-10-05 15:26:42 - [TEST_STEP][PASSED] - click(findTestObject("admin/Konf order konsumen/Menu Konf. Order Konsumen")): Object: 'Object Repository/admin/Konf order konsumen/Menu Konf. Order Konsumen' is clicked on

2023-10-05 15:26:43 - [MESSAGE][PASSED] - Object: 'Object Repository/admin/Konf order konsumen/Menu Konf. Order Konsumen' is clicked on

2023-10-05 15:26:43 - [TEST_STEP][PASSED] - verifyElementPresent(findTestObject("admin/Konf order konsumen/Tittle Data Konfirmasi Pembayaran Konsumen"), 0): Object 'Object Repository/admin/Konf order konsumen/Tittle Data Konfirmasi Pembayaran Konsumen' is present

2023-10-05 15:26:43 - [MESSAGE][WARNING] - Timeout '0' is invalid. Using default page load timeout: '30'

2023-10-05 15:26:44 - [MESSAGE][PASSED] - Object 'Object Repository/admin/Konf order konsumen/Tittle Data Konfirmasi Pembayaran Konsumen' is present

2023-10-05 15:26:44 - [TEST_STEP][PASSED] - inv = data.get("invoice"): null

2023-10-05 15:26:44 - [TEST_STEP][PASSED] - setText(findTestObject("admin/Konf order konsumen/Search"), inv): Text 'TRX60.20231005152602' is set on object 'Object Repository/admin/Konf order konsumen/Search'

2023-10-05 15:26:44 - [MESSAGE][PASSED] - Text 'TRX60.20231005152602' is set on object 'Object Repository/admin/Konf order konsumen/Search'

2023-10-05 15:26:44 - [TEST_STEP][PASSED] - verifyElementText(findTestObject("admin/Konf order konsumen/Keterangan Lunas"), "Lunas"): Actual text and expected text of test object 'Object Repository/admin/Konf order konsumen/Keterangan Lunas' are matched.

2023-10-05 15:26:45 - [MESSAGE][PASSED] - Actual text and expected text of test object 'Object Repository/admin/Konf order konsumen/Keterangan Lunas' are matched.

2023-10-05 15:26:45 - [TEST_STEP][PASSED] - return data: null

2023-10-05 15:26:45 - [MESSAGE][PASSED] - Call Test Case 'Test Cases/T13 Pembelian, Shipment dan Pembayaran/PBYA-001' successfully

2023-10-05 15:26:45 - [TEST_STEP][PASSED] - click(findTestObject("admin/Penjualan ke konsumen/buttom Dashboard")): Object: 'Object Repository/admin/Penjualan ke konsumen/buttom Dashboard' is clicked on

2023-10-05 15:26:46 - [MESSAGE][PASSED] - Object: 'Object Repository/admin/Penjualan ke konsumen/buttom Dashboard' is clicked on

2023-10-05 15:26:46 - [TEST_STEP][PASSED] - click(findTestObject("admin/Konf order konsumen/Menu Transaksi Market")): Object: 'Object Repository/admin/Konf order konsumen/Menu Transaksi Market' is clicked on

2023-10-05 15:26:46 - [MESSAGE][PASSED] - Object: 'Object Repository/admin/Konf order konsumen/Menu Transaksi Market' is clicked on

2023-10-05 15:26:46 - [TEST_STEP][PASSED] - click(findTestObject("admin/Penjualan ke konsumen/a_Penjualan ke Konsumen")): Object: 'Object Repository/admin/Penjualan ke konsumen/a_Penjualan ke Konsumen' is clicked on

2023-10-05 15:26:50 - [MESSAGE][PASSED] - Object: 'Object Repository/admin/Penjualan ke konsumen/a_Penjualan ke Konsumen' is clicked on

2023-10-05 15:26:50 - [TEST_STEP][PASSED] - verifyElementPresent(findTestObject("admin/Tittle Data Transaksi Penjualan  Orderan Konsumen"), 0): Object 'Object Repository/admin/Tittle Data Transaksi Penjualan  Orderan Konsumen' is present

2023-10-05 15:26:50 - [MESSAGE][WARNING] - Timeout '0' is invalid. Using default page load timeout: '30'

2023-10-05 15:26:51 - [MESSAGE][PASSED] - Object 'Object Repository/admin/Tittle Data Transaksi Penjualan  Orderan Konsumen' is present

2023-10-05 15:26:51 - [TEST_STEP][PASSED] - return data: null

2023-10-05 15:26:51 - [MESSAGE][PASSED] - Call Test Case 'Test Cases/T13 Pembelian, Shipment dan Pembayaran/SA-001' successfully

2023-10-05 15:26:51 - [TEST_STEP][PASSED] - inv = data.get("invoice"): null

2023-10-05 15:26:51 - [TEST_STEP][PASSED] - setText(findTestObject("admin/Penjualan ke konsumen/Search"), inv): Text 'TRX60.20231005152602' is set on object 'Object Repository/admin/Penjualan ke konsumen/Search'

2023-10-05 15:26:52 - [MESSAGE][PASSED] - Text 'TRX60.20231005152602' is set on object 'Object Repository/admin/Penjualan ke konsumen/Search'

2023-10-05 15:26:52 - [TEST_STEP][PASSED] - click(findTestObject("admin/Penjualan ke konsumen/buttom konfirmasi pending payment"), CONTINUE_ON_FAILURE): Object: 'Object Repository/admin/Penjualan ke konsumen/buttom konfirmasi pending payment' is clicked on

2023-10-05 15:26:52 - [MESSAGE][PASSED] - Object: 'Object Repository/admin/Penjualan ke konsumen/buttom konfirmasi pending payment' is clicked on

2023-10-05 15:26:52 - [TEST_STEP][PASSED] - waitForAlert(5, OPTIONAL): Alert is present after 5 second(s).

2023-10-05 15:26:52 - [MESSAGE][PASSED] - Alert is present after 5 second(s).

2023-10-05 15:26:52 - [TEST_STEP][PASSED] - acceptAlert(): Alert accepted

2023-10-05 15:26:52 - [MESSAGE][PASSED] - Alert accepted

2023-10-05 15:26:52 - [TEST_STEP][PASSED] - setText(findTestObject("admin/Penjualan ke konsumen/Search"), inv): Text 'TRX60.20231005152602' is set on object 'Object Repository/admin/Penjualan ke konsumen/Search'

2023-10-05 15:27:02 - [MESSAGE][PASSED] - Text 'TRX60.20231005152602' is set on object 'Object Repository/admin/Penjualan ke konsumen/Search'

2023-10-05 15:27:02 - [TEST_STEP][PASSED] - verifyTextNotPresent("pending payment", false): Text 'pending payment' is not present on page

2023-10-05 15:27:03 - [MESSAGE][PASSED] - Text 'pending payment' is not present on page

2023-10-05 15:27:03 - [TEST_STEP][PASSED] - return data: null

2023-10-05 15:27:03 - [MESSAGE][PASSED] - Call Test Case 'Test Cases/T13 Pembelian, Shipment dan Pembayaran/SA-002' successfully

2023-10-05 15:27:03 - [TEST_STEP][PASSED] - click(findTestObject("admin/Penjualan ke konsumen/buttom scroldown")): Object: 'Object Repository/admin/Penjualan ke konsumen/buttom scroldown' is clicked on

2023-10-05 15:27:03 - [MESSAGE][PASSED] - Object: 'Object Repository/admin/Penjualan ke konsumen/buttom scroldown' is clicked on

2023-10-05 15:27:03 - [TEST_STEP][PASSED] - click(findTestObject("admin/Penjualan ke konsumen/Dikirim"), CONTINUE_ON_FAILURE): Object: 'Object Repository/admin/Penjualan ke konsumen/Dikirim' is clicked on

2023-10-05 15:27:03 - [MESSAGE][PASSED] - Object: 'Object Repository/admin/Penjualan ke konsumen/Dikirim' is clicked on

2023-10-05 15:27:03 - [TEST_STEP][PASSED] - waitForAlert(5, OPTIONAL): Alert is present after 5 second(s).

2023-10-05 15:27:03 - [MESSAGE][PASSED] - Alert is present after 5 second(s).

2023-10-05 15:27:03 - [TEST_STEP][PASSED] - acceptAlert(): Alert accepted

2023-10-05 15:27:03 - [MESSAGE][PASSED] - Alert accepted

2023-10-05 15:27:03 - [TEST_STEP][PASSED] - inv = data.get("invoice"): null

2023-10-05 15:27:03 - [TEST_STEP][PASSED] - setText(findTestObject("admin/Penjualan ke konsumen/Search"), inv): Text 'TRX60.20231005152602' is set on object 'Object Repository/admin/Penjualan ke konsumen/Search'

2023-10-05 15:27:13 - [MESSAGE][PASSED] - Text 'TRX60.20231005152602' is set on object 'Object Repository/admin/Penjualan ke konsumen/Search'

2023-10-05 15:27:13 - [TEST_STEP][PASSED] - delay(10): Delayed 10 second(s)

2023-10-05 15:27:24 - [MESSAGE][PASSED] - Delayed 10 second(s)

2023-10-05 15:27:24 - [TEST_STEP][PASSED] - verifyElementText(findTestObject("PROSES PENJUALAN/Dikirim"), "Dikirim"): Actual text and expected text of test object 'Object Repository/PROSES PENJUALAN/Dikirim' are matched.

2023-10-05 15:27:24 - [MESSAGE][PASSED] - Actual text and expected text of test object 'Object Repository/PROSES PENJUALAN/Dikirim' are matched.

2023-10-05 15:27:24 - [TEST_STEP][PASSED] - dikirim = getText(findTestObject("PROSES PENJUALAN/Dikirim")): Text of object 'Object Repository/PROSES PENJUALAN/Dikirim' is: 'Dikirim'

2023-10-05 15:27:24 - [MESSAGE][PASSED] - Text of object 'Object Repository/PROSES PENJUALAN/Dikirim' is: 'Dikirim'

2023-10-05 15:27:24 - [TEST_STEP][PASSED] - data.put("statuskirim", dikirim): null

2023-10-05 15:27:24 - [TEST_STEP][PASSED] - return data: null

2023-10-05 15:27:24 - [MESSAGE][PASSED] - Call Test Case 'Test Cases/T13 Pembelian, Shipment dan Pembayaran/SA-004' successfully

2023-10-05 15:27:24 - [TEST_STEP][PASSED] - openBrowser("https://10.9.2.63/ecommerce/"): Browser is opened with url: 'https://10.9.2.63/ecommerce/'

2023-10-05 15:27:24 - [MESSAGE][WARNING] - A browser is already opened. Closing browser and opening a new one

2023-10-05 15:27:25 - [MESSAGE][INFO] - Starting 'Edge Chromium' driver

2023-10-05 15:27:25 - [MESSAGE][INFO] - User set preference: ['acceptInsecureCerts', 'true']

2023-10-05 15:27:27 - [MESSAGE][INFO] - Action delay is set to 0 milliseconds

2023-10-05 15:27:31 - [MESSAGE][PASSED] - Browser is opened with url: 'https://10.9.2.63/ecommerce/'

2023-10-05 15:27:31 - [TEST_STEP][PASSED] - maximizeWindow(): Current window maximized

2023-10-05 15:27:31 - [MESSAGE][PASSED] - Current window maximized

2023-10-05 15:27:31 - [TEST_STEP][PASSED] - verifyElementPresent(findTestObject("Login/Home"), 0): Object 'Object Repository/Login/Home' is present

2023-10-05 15:27:31 - [MESSAGE][WARNING] - Timeout '0' is invalid. Using default page load timeout: '30'

2023-10-05 15:27:32 - [MESSAGE][PASSED] - Object 'Object Repository/Login/Home' is present

2023-10-05 15:27:32 - [TEST_STEP][PASSED] - click(findTestObject("Login/a_Login")): Object: 'Object Repository/Login/a_Login' is clicked on

2023-10-05 15:27:32 - [MESSAGE][PASSED] - Object: 'Object Repository/Login/a_Login' is clicked on

2023-10-05 15:27:32 - [TEST_STEP][PASSED] - verifyElementPresent(findTestObject("Login/Tittle Login"), 0): Object 'Object Repository/Login/Tittle Login' is present

2023-10-05 15:27:32 - [MESSAGE][WARNING] - Timeout '0' is invalid. Using default page load timeout: '30'

2023-10-05 15:27:33 - [MESSAGE][PASSED] - Object 'Object Repository/Login/Tittle Login' is present

2023-10-05 15:27:33 - [TEST_STEP][PASSED] - setText(findTestObject("Login/input_Username, Email atau No. Handphone_a"), "irfanafandi"): Text 'irfanafandi' is set on object 'Object Repository/Login/input_Username, Email atau No. Handphone_a'

2023-10-05 15:27:34 - [MESSAGE][PASSED] - Text 'irfanafandi' is set on object 'Object Repository/Login/input_Username, Email atau No. Handphone_a'

2023-10-05 15:27:34 - [TEST_STEP][PASSED] - setText(findTestObject("Login/input_Password_b"), "12345irfan"): Text '12345irfan' is set on object 'Object Repository/Login/input_Password_b'

2023-10-05 15:27:35 - [MESSAGE][PASSED] - Text '12345irfan' is set on object 'Object Repository/Login/input_Password_b'

2023-10-05 15:27:35 - [TEST_STEP][PASSED] - click(findTestObject("Login/button_Masuk")): Object: 'Object Repository/Login/button_Masuk' is clicked on

2023-10-05 15:27:36 - [MESSAGE][PASSED] - Object: 'Object Repository/Login/button_Masuk' is clicked on

2023-10-05 15:27:36 - [TEST_STEP][PASSED] - verifyElementPresent(findTestObject("Login/li_Profile"), 0): Object 'Object Repository/Login/li_Profile' is present

2023-10-05 15:27:36 - [MESSAGE][WARNING] - Timeout '0' is invalid. Using default page load timeout: '30'

2023-10-05 15:27:37 - [MESSAGE][PASSED] - Object 'Object Repository/Login/li_Profile' is present

2023-10-05 15:27:37 - [TEST_STEP][PASSED] - click(findTestObject("Konfirmasi pesanan shop/Menu Shop")): Object: 'Object Repository/Konfirmasi pesanan shop/Menu Shop' is clicked on

2023-10-05 15:27:38 - [MESSAGE][PASSED] - Object: 'Object Repository/Konfirmasi pesanan shop/Menu Shop' is clicked on

2023-10-05 15:27:38 - [TEST_STEP][PASSED] - click(findTestObject("Konfirmasi pesanan shop/Menu Shop")): Object: 'Object Repository/Konfirmasi pesanan shop/Menu Shop' is clicked on

2023-10-05 15:27:39 - [MESSAGE][PASSED] - Object: 'Object Repository/Konfirmasi pesanan shop/Menu Shop' is clicked on

2023-10-05 15:27:39 - [TEST_STEP][PASSED] - click(findTestObject("Traking Order/a_Tracking Orders")): Object: 'Object Repository/Traking Order/a_Tracking Orders' is clicked on

2023-10-05 15:27:40 - [MESSAGE][PASSED] - Object: 'Object Repository/Traking Order/a_Tracking Orders' is clicked on

2023-10-05 15:27:40 - [TEST_STEP][PASSED] - verifyElementPresent(findTestObject("Traking Order/Tittle Tracking Order"), 0): Object 'Object Repository/Traking Order/Tittle Tracking Order' is present

2023-10-05 15:27:40 - [MESSAGE][WARNING] - Timeout '0' is invalid. Using default page load timeout: '30'

2023-10-05 15:27:41 - [MESSAGE][PASSED] - Object 'Object Repository/Traking Order/Tittle Tracking Order' is present

2023-10-05 15:27:41 - [TEST_STEP][PASSED] - inv = data.get("invoice"): null

2023-10-05 15:27:41 - [TEST_STEP][PASSED] - setText(findTestObject("Traking Order/input_No Pesanan_a"), inv): Text 'TRX60.20231005152602' is set on object 'Object Repository/Traking Order/input_No Pesanan_a'

2023-10-05 15:27:42 - [MESSAGE][PASSED] - Text 'TRX60.20231005152602' is set on object 'Object Repository/Traking Order/input_No Pesanan_a'

2023-10-05 15:27:42 - [TEST_STEP][PASSED] - setText(findTestObject("Traking Order/input_Alamat E-mail_form-control"), "irfan@gmail.com"): Text 'irfan@gmail.com' is set on object 'Object Repository/Traking Order/input_Alamat E-mail_form-control'

2023-10-05 15:27:42 - [MESSAGE][PASSED] - Text 'irfan@gmail.com' is set on object 'Object Repository/Traking Order/input_Alamat E-mail_form-control'

2023-10-05 15:27:42 - [TEST_STEP][PASSED] - click(findTestObject("Traking Order/button_Lacak Pesanan")): Object: 'Object Repository/Traking Order/button_Lacak Pesanan' is clicked on

2023-10-05 15:27:46 - [MESSAGE][PASSED] - Object: 'Object Repository/Traking Order/button_Lacak Pesanan' is clicked on

2023-10-05 15:27:46 - [TEST_STEP][PASSED] - verifyElementPresent(findTestObject("Traking Order/Tittle nomor transaksi"), 0): Object 'Object Repository/Traking Order/Tittle nomor transaksi' is present

2023-10-05 15:27:46 - [MESSAGE][WARNING] - Timeout '0' is invalid. Using default page load timeout: '30'

2023-10-05 15:27:47 - [MESSAGE][PASSED] - Object 'Object Repository/Traking Order/Tittle nomor transaksi' is present

2023-10-05 15:27:47 - [TEST_STEP][PASSED] - Nama = getText(findTestObject("Object Repository/Traking Order/status traking/Nama Barang tracking order")): Text of object 'Object Repository/Traking Order/status traking/Nama Barang tracking order' is: 'Segitiga Instan Madeira - MDB5.3 Sunset'

2023-10-05 15:27:47 - [MESSAGE][PASSED] - Text of object 'Object Repository/Traking Order/status traking/Nama Barang tracking order' is: 'Segitiga Instan Madeira - MDB5.3 Sunset'

2023-10-05 15:27:47 - [TEST_STEP][PASSED] - Harga = getText(findTestObject("Object Repository/Traking Order/status traking/Harga Barang")): Text of object 'Object Repository/Traking Order/status traking/Harga Barang' is: '1,299'

2023-10-05 15:27:48 - [MESSAGE][PASSED] - Text of object 'Object Repository/Traking Order/status traking/Harga Barang' is: '1,299'

2023-10-05 15:27:48 - [TEST_STEP][PASSED] - name_product = data.get("nama_barang"): null

2023-10-05 15:27:48 - [TEST_STEP][PASSED] - price_product = data.get("price_barang"): null

2023-10-05 15:27:48 - [TEST_STEP][PASSED] - assert name_product.contains(Nama): null

2023-10-05 15:27:48 - [TEST_STEP][PASSED] - assert price_product.contains(Harga): null

2023-10-05 15:27:48 - [TEST_STEP][PASSED] - warnaa = getText(findTestObject("Object Repository/Traking Order/status traking/warna")): Text of object 'Object Repository/Traking Order/status traking/warna' is: 'Merah'

2023-10-05 15:27:48 - [MESSAGE][PASSED] - Text of object 'Object Repository/Traking Order/status traking/warna' is: 'Merah'

2023-10-05 15:27:48 - [TEST_STEP][PASSED] - ukurann = getText(findTestObject("Object Repository/Traking Order/status traking/Ukuruan")): Text of object 'Object Repository/Traking Order/status traking/Ukuruan' is: 'Menengah'

2023-10-05 15:27:48 - [MESSAGE][PASSED] - Text of object 'Object Repository/Traking Order/status traking/Ukuruan' is: 'Menengah'

2023-10-05 15:27:48 - [TEST_STEP][PASSED] - warna1 = data.get("Warna"): null

2023-10-05 15:27:48 - [TEST_STEP][PASSED] - ukuran1 = data.get("Ukuran"): null

2023-10-05 15:27:48 - [TEST_STEP][PASSED] - assert warnaa == warna1: null

2023-10-05 15:27:48 - [TEST_STEP][PASSED] - assert ukurann == ukuran1: null

2023-10-05 15:27:48 - [TEST_STEP][PASSED] - dikirim = getText(findTestObject("Object Repository/Traking Order/status traking/Status traking Dikirim")): Text of object 'Object Repository/Traking Order/status traking/Status traking Dikirim' is: 'Dikirim'

2023-10-05 15:27:49 - [MESSAGE][PASSED] - Text of object 'Object Repository/Traking Order/status traking/Status traking Dikirim' is: 'Dikirim'

2023-10-05 15:27:49 - [TEST_STEP][PASSED] - statusDikirim = data.get("statuskirim"): null

2023-10-05 15:27:49 - [TEST_STEP][PASSED] - assert dikirim == statusDikirim: null]]></system-out>
         <system-err><![CDATA[]]></system-err>
      </testcase>
      <testcase name="Test Cases/T13 Pembelian, Shipment dan Pembayaran/SU-004" time="139.852" classname="Test Cases/T13 Pembelian, Shipment dan Pembayaran/SU-004" status="PASSED">
         <system-out><![CDATA[2023-10-05 15:27:49 - [TEST_CASE][PASSED] - Test Cases/T13 Pembelian, Shipment dan Pembayaran/SU-004: Test Cases/T13 Pembelian, Shipment dan Pembayaran/SU-004

2023-10-05 15:27:49 - [TEST_STEP][PASSED] - data = callTestCase(findTestCase("T13 Pembelian, Shipment dan Pembayaran/SA-005"), [:], STOP_ON_FAILURE): Call Test Case 'Test Cases/T13 Pembelian, Shipment dan Pembayaran/SA-005' successfully

2023-10-05 15:27:49 - [TEST_CASE][PASSED] - Test Cases/T13 Pembelian, Shipment dan Pembayaran/SA-005: Test Cases/T13 Pembelian, Shipment dan Pembayaran/SA-005

2023-10-05 15:27:49 - [TEST_STEP][PASSED] - data = callTestCase(findTestCase("T13 Pembelian, Shipment dan Pembayaran/SA-002"), [:], STOP_ON_FAILURE): Call Test Case 'Test Cases/T13 Pembelian, Shipment dan Pembayaran/SA-002' successfully

2023-10-05 15:27:49 - [TEST_CASE][PASSED] - Test Cases/T13 Pembelian, Shipment dan Pembayaran/SA-002: Test Cases/T13 Pembelian, Shipment dan Pembayaran/SA-002

2023-10-05 15:27:49 - [TEST_STEP][PASSED] - data = callTestCase(findTestCase("T13 Pembelian, Shipment dan Pembayaran/SA-001"), [:], STOP_ON_FAILURE): Call Test Case 'Test Cases/T13 Pembelian, Shipment dan Pembayaran/SA-001' successfully

2023-10-05 15:27:49 - [TEST_CASE][PASSED] - Test Cases/T13 Pembelian, Shipment dan Pembayaran/SA-001: Test Cases/T13 Pembelian, Shipment dan Pembayaran/SA-001

2023-10-05 15:27:49 - [TEST_STEP][PASSED] - data = callTestCase(findTestCase("T13 Pembelian, Shipment dan Pembayaran/PBYA-001"), [:], STOP_ON_FAILURE): Call Test Case 'Test Cases/T13 Pembelian, Shipment dan Pembayaran/PBYA-001' successfully

2023-10-05 15:27:49 - [TEST_CASE][PASSED] - Test Cases/T13 Pembelian, Shipment dan Pembayaran/PBYA-001: Test Cases/T13 Pembelian, Shipment dan Pembayaran/PBYA-001

2023-10-05 15:27:49 - [TEST_STEP][PASSED] - data = callTestCase(findTestCase("T13 Pembelian, Shipment dan Pembayaran/PBY-004"), [:], STOP_ON_FAILURE): Call Test Case 'Test Cases/T13 Pembelian, Shipment dan Pembayaran/PBY-004' successfully

2023-10-05 15:27:49 - [TEST_CASE][PASSED] - Test Cases/T13 Pembelian, Shipment dan Pembayaran/PBY-004: Test Cases/T13 Pembelian, Shipment dan Pembayaran/PBY-004

2023-10-05 15:27:49 - [TEST_STEP][PASSED] - data = callTestCase(findTestCase("T13 Pembelian, Shipment dan Pembayaran/PBY-001"), [:], STOP_ON_FAILURE): Call Test Case 'Test Cases/T13 Pembelian, Shipment dan Pembayaran/PBY-001' successfully

2023-10-05 15:27:49 - [TEST_CASE][PASSED] - Test Cases/T13 Pembelian, Shipment dan Pembayaran/PBY-001: Test Cases/T13 Pembelian, Shipment dan Pembayaran/PBY-001

2023-10-05 15:27:49 - [TEST_STEP][PASSED] - data = callTestCase(findTestCase("T13 Pembelian, Shipment dan Pembayaran/PBL-004"), ["Kurir":"Roda 2"], STOP_ON_FAILURE): Call Test Case 'Test Cases/T13 Pembelian, Shipment dan Pembayaran/PBL-004' successfully

2023-10-05 15:27:49 - [TEST_CASE][PASSED] - Test Cases/T13 Pembelian, Shipment dan Pembayaran/PBL-004: Test Cases/T13 Pembelian, Shipment dan Pembayaran/PBL-004

2023-10-05 15:27:50 - [TEST_STEP][PASSED] - data = callTestCase(findTestCase("T13 Pembelian, Shipment dan Pembayaran/PBL-002"), [:], STOP_ON_FAILURE): Call Test Case 'Test Cases/T13 Pembelian, Shipment dan Pembayaran/PBL-002' successfully

2023-10-05 15:27:50 - [TEST_CASE][PASSED] - Test Cases/T13 Pembelian, Shipment dan Pembayaran/PBL-002: Test Cases/T13 Pembelian, Shipment dan Pembayaran/PBL-002

2023-10-05 15:27:50 - [TEST_STEP][PASSED] - data = callTestCase(findTestCase("T13 Pembelian, Shipment dan Pembayaran/PBL-001"), [:], STOP_ON_FAILURE): Call Test Case 'Test Cases/T13 Pembelian, Shipment dan Pembayaran/PBL-001' successfully

2023-10-05 15:27:50 - [TEST_CASE][PASSED] - Test Cases/T13 Pembelian, Shipment dan Pembayaran/PBL-001: Test Cases/T13 Pembelian, Shipment dan Pembayaran/PBL-001

2023-10-05 15:27:50 - [TEST_STEP][PASSED] - callTestCase(findTestCase("T13 Pembelian, Shipment dan Pembayaran/LU-001"), ["username":"irfanafandi", "password":"12345irfan"], STOP_ON_FAILURE): Call Test Case 'Test Cases/T13 Pembelian, Shipment dan Pembayaran/LU-001' successfully

2023-10-05 15:27:50 - [TEST_CASE][PASSED] - Test Cases/T13 Pembelian, Shipment dan Pembayaran/LU-001: Test Cases/T13 Pembelian, Shipment dan Pembayaran/LU-001

2023-10-05 15:27:50 - [TEST_STEP][PASSED] - openBrowser("https://10.9.2.63/ecommerce/"): Browser is opened with url: 'https://10.9.2.63/ecommerce/'

2023-10-05 15:27:50 - [MESSAGE][WARNING] - A browser is already opened. Closing browser and opening a new one

2023-10-05 15:27:50 - [MESSAGE][INFO] - Starting 'Edge Chromium' driver

2023-10-05 15:27:50 - [MESSAGE][INFO] - User set preference: ['acceptInsecureCerts', 'true']

2023-10-05 15:27:53 - [MESSAGE][INFO] - Action delay is set to 0 milliseconds

2023-10-05 15:27:55 - [MESSAGE][PASSED] - Browser is opened with url: 'https://10.9.2.63/ecommerce/'

2023-10-05 15:27:55 - [TEST_STEP][PASSED] - maximizeWindow(): Current window maximized

2023-10-05 15:27:56 - [MESSAGE][PASSED] - Current window maximized

2023-10-05 15:27:56 - [TEST_STEP][PASSED] - verifyElementPresent(findTestObject("Login/Home"), 0): Object 'Object Repository/Login/Home' is present

2023-10-05 15:27:56 - [MESSAGE][WARNING] - Timeout '0' is invalid. Using default page load timeout: '30'

2023-10-05 15:28:15 - [MESSAGE][PASSED] - Object 'Object Repository/Login/Home' is present

2023-10-05 15:28:15 - [TEST_STEP][PASSED] - click(findTestObject("Login/a_Login")): Object: 'Object Repository/Login/a_Login' is clicked on

2023-10-05 15:28:15 - [MESSAGE][PASSED] - Object: 'Object Repository/Login/a_Login' is clicked on

2023-10-05 15:28:15 - [TEST_STEP][PASSED] - verifyElementPresent(findTestObject("Login/Tittle Login"), 0): Object 'Object Repository/Login/Tittle Login' is present

2023-10-05 15:28:15 - [MESSAGE][WARNING] - Timeout '0' is invalid. Using default page load timeout: '30'

2023-10-05 15:28:16 - [MESSAGE][PASSED] - Object 'Object Repository/Login/Tittle Login' is present

2023-10-05 15:28:16 - [TEST_STEP][PASSED] - setText(findTestObject("Login/input_Username, Email atau No. Handphone_a"), username): Text 'irfanafandi' is set on object 'Object Repository/Login/input_Username, Email atau No. Handphone_a'

2023-10-05 15:28:17 - [MESSAGE][PASSED] - Text 'irfanafandi' is set on object 'Object Repository/Login/input_Username, Email atau No. Handphone_a'

2023-10-05 15:28:17 - [TEST_STEP][PASSED] - setText(findTestObject("Login/input_Password_b"), password): Text '12345irfan' is set on object 'Object Repository/Login/input_Password_b'

2023-10-05 15:28:18 - [MESSAGE][PASSED] - Text '12345irfan' is set on object 'Object Repository/Login/input_Password_b'

2023-10-05 15:28:18 - [TEST_STEP][PASSED] - click(findTestObject("Login/label_Ingat saya")): Object: 'Object Repository/Login/label_Ingat saya' is clicked on

2023-10-05 15:28:18 - [MESSAGE][PASSED] - Object: 'Object Repository/Login/label_Ingat saya' is clicked on

2023-10-05 15:28:18 - [TEST_STEP][PASSED] - click(findTestObject("Login/button_Masuk")): Object: 'Object Repository/Login/button_Masuk' is clicked on

2023-10-05 15:28:19 - [MESSAGE][PASSED] - Object: 'Object Repository/Login/button_Masuk' is clicked on

2023-10-05 15:28:19 - [TEST_STEP][PASSED] - verifyElementPresent(findTestObject("Login/li_Profile"), 0): Object 'Object Repository/Login/li_Profile' is present

2023-10-05 15:28:19 - [MESSAGE][WARNING] - Timeout '0' is invalid. Using default page load timeout: '30'

2023-10-05 15:28:23 - [MESSAGE][PASSED] - Object 'Object Repository/Login/li_Profile' is present

2023-10-05 15:28:23 - [MESSAGE][PASSED] - Call Test Case 'Test Cases/T13 Pembelian, Shipment dan Pembayaran/LU-001' successfully

2023-10-05 15:28:23 - [TEST_STEP][PASSED] - mouseOver(findTestObject("beli barang/i_Mulai Belanja_icon-menu")): Object: 'Object Repository/beli barang/i_Mulai Belanja_icon-menu' is hovered

2023-10-05 15:28:23 - [MESSAGE][PASSED] - Object: 'Object Repository/beli barang/i_Mulai Belanja_icon-menu' is hovered

2023-10-05 15:28:23 - [TEST_STEP][PASSED] - click(findTestObject("beli barang/a_Fashion  Busana Wanita")): Object: 'Object Repository/beli barang/a_Fashion  Busana Wanita' is clicked on

2023-10-05 15:28:26 - [MESSAGE][PASSED] - Object: 'Object Repository/beli barang/a_Fashion  Busana Wanita' is clicked on

2023-10-05 15:28:26 - [TEST_STEP][PASSED] - NamaSebelum = getText(findTestObject("verifikasi/Nama sebelum")): Text of object 'Object Repository/verifikasi/Nama sebelum' is: ''

2023-10-05 15:28:26 - [MESSAGE][PASSED] - Text of object 'Object Repository/verifikasi/Nama sebelum' is: ''

2023-10-05 15:28:26 - [TEST_STEP][PASSED] - HargaSebelum = getText(findTestObject("verifikasi/Harga sebelum")): Text of object 'Object Repository/verifikasi/Harga sebelum' is: 'Rp 1,299'

2023-10-05 15:28:27 - [MESSAGE][PASSED] - Text of object 'Object Repository/verifikasi/Harga sebelum' is: 'Rp 1,299'

2023-10-05 15:28:27 - [TEST_STEP][PASSED] - mouseOver(findTestObject("beli barang/barang mouse over")): Object: 'Object Repository/beli barang/barang mouse over' is hovered

2023-10-05 15:28:27 - [MESSAGE][PASSED] - Object: 'Object Repository/beli barang/barang mouse over' is hovered

2023-10-05 15:28:27 - [TEST_STEP][PASSED] - click(findTestObject("beli barang/buttom add to cart")): Object: 'Object Repository/beli barang/buttom add to cart' is clicked on

2023-10-05 15:28:29 - [MESSAGE][PASSED] - Object: 'Object Repository/beli barang/buttom add to cart' is clicked on

2023-10-05 15:28:29 - [TEST_STEP][PASSED] - NamaSesudah = getText(findTestObject("verifikasi/Nama sesudah")): Text of object 'Object Repository/verifikasi/Nama sesudah' is: 'Segitiga Instan Madeira - MDB5.3 Sunset'

2023-10-05 15:28:30 - [MESSAGE][PASSED] - Text of object 'Object Repository/verifikasi/Nama sesudah' is: 'Segitiga Instan Madeira - MDB5.3 Sunset'

2023-10-05 15:28:30 - [TEST_STEP][PASSED] - HargaSesudah = getText(findTestObject("verifikasi/Harga sesudah")): Text of object 'Object Repository/verifikasi/Harga sesudah' is: 'Rp 1,299'

2023-10-05 15:28:30 - [MESSAGE][PASSED] - Text of object 'Object Repository/verifikasi/Harga sesudah' is: 'Rp 1,299'

2023-10-05 15:28:30 - [TEST_STEP][PASSED] - assert NamaSesudah.contains(NamaSebelum): null

2023-10-05 15:28:30 - [TEST_STEP][PASSED] - assert HargaSesudah.contains(HargaSebelum): null

2023-10-05 15:28:30 - [TEST_STEP][PASSED] - click(findTestObject("beli barang/Tambah Keranjang busana wanita")): Object: 'Object Repository/beli barang/Tambah Keranjang busana wanita' is clicked on

2023-10-05 15:28:30 - [MESSAGE][PASSED] - Object: 'Object Repository/beli barang/Tambah Keranjang busana wanita' is clicked on

2023-10-05 15:28:30 - [TEST_STEP][PASSED] - verifyElementPresent(findTestObject("checkout/Notifikasi keranjang"), 1): Object 'Object Repository/checkout/Notifikasi keranjang' is present

2023-10-05 15:28:31 - [MESSAGE][PASSED] - Object 'Object Repository/checkout/Notifikasi keranjang' is present

2023-10-05 15:28:31 - [TEST_STEP][PASSED] - data = new java.util.HashMap(): null

2023-10-05 15:28:31 - [TEST_STEP][PASSED] - data.put("nama_barang", NamaSesudah): null

2023-10-05 15:28:31 - [TEST_STEP][PASSED] - data.put("price_barang", HargaSesudah): null

2023-10-05 15:28:31 - [TEST_STEP][PASSED] - return data: null

2023-10-05 15:28:31 - [MESSAGE][PASSED] - Call Test Case 'Test Cases/T13 Pembelian, Shipment dan Pembayaran/PBL-001' successfully

2023-10-05 15:28:31 - [TEST_STEP][PASSED] - mouseOver(findTestObject("beli barang/keranjang")): Object: 'Object Repository/beli barang/keranjang' is hovered

2023-10-05 15:28:32 - [MESSAGE][PASSED] - Object: 'Object Repository/beli barang/keranjang' is hovered

2023-10-05 15:28:32 - [TEST_STEP][PASSED] - click(findTestObject("beli barang/Lihat Sekarang")): Object: 'Object Repository/beli barang/Lihat Sekarang' is clicked on

2023-10-05 15:28:33 - [MESSAGE][PASSED] - Object: 'Object Repository/beli barang/Lihat Sekarang' is clicked on

2023-10-05 15:28:33 - [TEST_STEP][PASSED] - verifyElementPresent(findTestObject("keranjang/li_Keranjang Belanja"), 0): Object 'Object Repository/keranjang/li_Keranjang Belanja' is present

2023-10-05 15:28:33 - [MESSAGE][WARNING] - Timeout '0' is invalid. Using default page load timeout: '30'

2023-10-05 15:28:33 - [MESSAGE][PASSED] - Object 'Object Repository/keranjang/li_Keranjang Belanja' is present

2023-10-05 15:28:33 - [TEST_STEP][PASSED] - NamaKeranjang = getText(findTestObject("verifikasi/Nama keranjang")): Text of object 'Object Repository/verifikasi/Nama keranjang' is: 'Segitiga Instan Madeira - MDB5.3 Sunset'

2023-10-05 15:28:34 - [MESSAGE][PASSED] - Text of object 'Object Repository/verifikasi/Nama keranjang' is: 'Segitiga Instan Madeira - MDB5.3 Sunset'

2023-10-05 15:28:34 - [TEST_STEP][PASSED] - HargaKeranjang = getText(findTestObject("verifikasi/Harga Keranjang")): Text of object 'Object Repository/verifikasi/Harga Keranjang' is: 'Rp 1,299'

2023-10-05 15:28:34 - [MESSAGE][PASSED] - Text of object 'Object Repository/verifikasi/Harga Keranjang' is: 'Rp 1,299'

2023-10-05 15:28:34 - [TEST_STEP][PASSED] - if (toString().equalsIgnoreCase("Merah")): Object 'Object Repository/keranjang/input_Warna_variasi101' is checked

2023-10-05 15:28:34 - [TEST_STEP][PASSED] - check(findTestObject("Object Repository/keranjang/input_Warna_variasi101")): Object 'Object Repository/keranjang/input_Warna_variasi101' is checked

2023-10-05 15:28:35 - [MESSAGE][PASSED] - Object 'Object Repository/keranjang/input_Warna_variasi101' is checked

2023-10-05 15:28:35 - [TEST_STEP][PASSED] - if (toString().equalsIgnoreCase("Menengah")): Object 'Object Repository/keranjang/input_Ukuran_variasi201' is checked

2023-10-05 15:28:35 - [TEST_STEP][PASSED] - check(findTestObject("Object Repository/keranjang/input_Ukuran_variasi201")): Object 'Object Repository/keranjang/input_Ukuran_variasi201' is checked

2023-10-05 15:28:35 - [MESSAGE][PASSED] - Object 'Object Repository/keranjang/input_Ukuran_variasi201' is checked

2023-10-05 15:28:35 - [TEST_STEP][PASSED] - data.put("Warna", warna): null

2023-10-05 15:28:35 - [TEST_STEP][PASSED] - data.put("Ukuran", ukuran): null

2023-10-05 15:28:35 - [TEST_STEP][PASSED] - click(findTestObject("keranjang/button_Lanjut ke Pembayaran")): Object: 'Object Repository/keranjang/button_Lanjut ke Pembayaran' is clicked on

2023-10-05 15:28:36 - [MESSAGE][PASSED] - Object: 'Object Repository/keranjang/button_Lanjut ke Pembayaran' is clicked on

2023-10-05 15:28:36 - [TEST_STEP][PASSED] - verifyElementPresent(findTestObject("checkout/Tittle Checkout Order"), 0): Object 'Object Repository/checkout/Tittle Checkout Order' is present

2023-10-05 15:28:36 - [MESSAGE][WARNING] - Timeout '0' is invalid. Using default page load timeout: '30'

2023-10-05 15:28:37 - [MESSAGE][PASSED] - Object 'Object Repository/checkout/Tittle Checkout Order' is present

2023-10-05 15:28:37 - [TEST_STEP][PASSED] - name_product = data.get("nama_barang"): null

2023-10-05 15:28:37 - [TEST_STEP][PASSED] - price_product = data.get("price_barang"): null

2023-10-05 15:28:37 - [TEST_STEP][PASSED] - assert name_product == NamaKeranjang: null

2023-10-05 15:28:37 - [TEST_STEP][PASSED] - assert price_product == HargaKeranjang: null

2023-10-05 15:28:37 - [TEST_STEP][PASSED] - return data: null

2023-10-05 15:28:37 - [MESSAGE][PASSED] - Call Test Case 'Test Cases/T13 Pembelian, Shipment dan Pembayaran/PBL-002' successfully

2023-10-05 15:28:37 - [TEST_STEP][PASSED] - warnaa = getText(findTestObject("verifikasi/warna Merah")): Text of object 'Object Repository/verifikasi/warna Merah' is: 'Merah'

2023-10-05 15:28:37 - [MESSAGE][PASSED] - Text of object 'Object Repository/verifikasi/warna Merah' is: 'Merah'

2023-10-05 15:28:37 - [TEST_STEP][PASSED] - ukurann = getText(findTestObject("verifikasi/Ukuran Menengah")): Text of object 'Object Repository/verifikasi/Ukuran Menengah' is: 'Menengah'

2023-10-05 15:28:38 - [MESSAGE][PASSED] - Text of object 'Object Repository/verifikasi/Ukuran Menengah' is: 'Menengah'

2023-10-05 15:28:38 - [TEST_STEP][PASSED] - warna1 = data.get("Warna"): null

2023-10-05 15:28:38 - [TEST_STEP][PASSED] - ukuran1 = data.get("Ukuran"): null

2023-10-05 15:28:38 - [TEST_STEP][PASSED] - assert warnaa == warna1: null

2023-10-05 15:28:38 - [TEST_STEP][PASSED] - assert ukurann == ukuran1: null

2023-10-05 15:28:38 - [TEST_STEP][PASSED] - NamaCheckout = getText(findTestObject("verifikasi/NamaCheckout")): Text of object 'Object Repository/verifikasi/NamaCheckout' is: ''

2023-10-05 15:28:38 - [MESSAGE][PASSED] - Text of object 'Object Repository/verifikasi/NamaCheckout' is: ''

2023-10-05 15:28:38 - [TEST_STEP][PASSED] - HargaCheckout = getText(findTestObject("verifikasi/HargaCheckout")): Text of object 'Object Repository/verifikasi/HargaCheckout' is: '1,299'

2023-10-05 15:28:38 - [MESSAGE][PASSED] - Text of object 'Object Repository/verifikasi/HargaCheckout' is: '1,299'

2023-10-05 15:28:38 - [TEST_STEP][PASSED] - name_product = data.get("nama_barang"): null

2023-10-05 15:28:38 - [TEST_STEP][PASSED] - price_product = data.get("price_barang"): null

2023-10-05 15:28:38 - [TEST_STEP][PASSED] - assert name_product.contains(NamaCheckout): null

2023-10-05 15:28:38 - [TEST_STEP][PASSED] - assert price_product.contains(HargaCheckout): null

2023-10-05 15:28:38 - [TEST_STEP][PASSED] - selectOptionByLabel(findTestObject("checkout/select - Kirim via Kurir Lokal"), Kurir, false): All options with label 'Roda 2' are selected in object 'Object Repository/checkout/select - Kirim via Kurir Lokal' 

2023-10-05 15:28:39 - [MESSAGE][PASSED] - All options with label 'Roda 2' are selected in object 'Object Repository/checkout/select - Kirim via Kurir Lokal' 

2023-10-05 15:28:39 - [TEST_STEP][PASSED] - click(findTestObject("checkout/Kendaraan Kurir")): Object: 'Object Repository/checkout/Kendaraan Kurir' is clicked on

2023-10-05 15:28:40 - [MESSAGE][PASSED] - Object: 'Object Repository/checkout/Kendaraan Kurir' is clicked on

2023-10-05 15:28:40 - [TEST_STEP][PASSED] - OngkosKirim = getText(findTestObject("Object Repository/verifikasi/Ongkos Kirim checkout")): Text of object 'Object Repository/verifikasi/Ongkos Kirim checkout' is: 'Rp. 5,000'

2023-10-05 15:28:40 - [MESSAGE][PASSED] - Text of object 'Object Repository/verifikasi/Ongkos Kirim checkout' is: 'Rp. 5,000'

2023-10-05 15:28:40 - [TEST_STEP][PASSED] - Ongkos = OngkosKirim.substring(3, OngkosKirim.size()): null

2023-10-05 15:28:40 - [TEST_STEP][PASSED] - rep = Ongkos.replace(",", "."): null

2023-10-05 15:28:40 - [TEST_STEP][PASSED] - Ongkos_kirim = Double.parseDouble(rep): null

2023-10-05 15:28:40 - [TEST_STEP][PASSED] - println(Ongkos_kirim): null

2023-10-05 15:28:40 - [TEST_STEP][PASSED] - FeeAdmin = getText(findTestObject("verifikasi/Fee Admin checkout")): Text of object 'Object Repository/verifikasi/Fee Admin checkout' is: 'Fee Admin
Rp 1,500'

2023-10-05 15:28:41 - [MESSAGE][PASSED] - Text of object 'Object Repository/verifikasi/Fee Admin checkout' is: 'Fee Admin
Rp 1,500'

2023-10-05 15:28:41 - [TEST_STEP][PASSED] - Fee_Admin = FeeAdmin.substring(12, FeeAdmin.size()): null

2023-10-05 15:28:41 - [TEST_STEP][PASSED] - fee = Fee_Admin.replace(",", "."): null

2023-10-05 15:28:41 - [TEST_STEP][PASSED] - fee_admin = Double.parseDouble(fee): null

2023-10-05 15:28:41 - [TEST_STEP][PASSED] - println(fee_admin): null

2023-10-05 15:28:41 - [TEST_STEP][PASSED] - Subtotal = getText(findTestObject("verifikasi/subtotal checkout")): Text of object 'Object Repository/verifikasi/subtotal checkout' is: 'Subtotal
Rp 1,299'

2023-10-05 15:28:41 - [MESSAGE][PASSED] - Text of object 'Object Repository/verifikasi/subtotal checkout' is: 'Subtotal
Rp 1,299'

2023-10-05 15:28:41 - [TEST_STEP][PASSED] - sub_total = Subtotal.substring(12, Subtotal.size()): null

2023-10-05 15:28:41 - [TEST_STEP][PASSED] - sub = sub_total.replace(",", "."): null

2023-10-05 15:28:41 - [TEST_STEP][PASSED] - sub_total = Double.parseDouble(sub): null

2023-10-05 15:28:41 - [TEST_STEP][PASSED] - println(sub_total): null

2023-10-05 15:28:41 - [TEST_STEP][PASSED] - Total = getText(findTestObject("verifikasi/Total checkout")): Text of object 'Object Repository/verifikasi/Total checkout' is: 'Rp 7,799'

2023-10-05 15:28:42 - [MESSAGE][PASSED] - Text of object 'Object Repository/verifikasi/Total checkout' is: 'Rp 7,799'

2023-10-05 15:28:42 - [TEST_STEP][PASSED] - totall = Total.substring(3, Total.size()): null

2023-10-05 15:28:42 - [TEST_STEP][PASSED] - total = totall.replace(",", "."): null

2023-10-05 15:28:42 - [TEST_STEP][PASSED] - totall = Double.parseDouble(total): null

2023-10-05 15:28:42 - [TEST_STEP][PASSED] - println(totall): null

2023-10-05 15:28:42 - [TEST_STEP][PASSED] - Total_Harga = Ongkos_kirim + fee_admin + sub_total: null

2023-10-05 15:28:42 - [TEST_STEP][PASSED] - println(Total_Harga): null

2023-10-05 15:28:42 - [TEST_STEP][PASSED] - TotalHarga = Math.round(Total_Harga * 1000) / 1000: null

2023-10-05 15:28:42 - [TEST_STEP][PASSED] - println(TotalHarga): null

2023-10-05 15:28:42 - [TEST_STEP][PASSED] - assert totall == TotalHarga: null

2023-10-05 15:28:42 - [TEST_STEP][PASSED] - click(findTestObject("verifikasi/Metode Transfer")): Object: 'Object Repository/verifikasi/Metode Transfer' is clicked on

2023-10-05 15:28:42 - [MESSAGE][PASSED] - Object: 'Object Repository/verifikasi/Metode Transfer' is clicked on

2023-10-05 15:28:42 - [TEST_STEP][PASSED] - click(findTestObject("checkout/button_Proses Pembayaran")): Object: 'Object Repository/checkout/button_Proses Pembayaran' is clicked on

2023-10-05 15:28:50 - [MESSAGE][PASSED] - Object: 'Object Repository/checkout/button_Proses Pembayaran' is clicked on

2023-10-05 15:28:50 - [TEST_STEP][PASSED] - verifyElementPresent(findTestObject("pembayaran/Tittle nomor invoice"), 0): Object 'Object Repository/pembayaran/Tittle nomor invoice' is present

2023-10-05 15:28:50 - [MESSAGE][WARNING] - Timeout '0' is invalid. Using default page load timeout: '30'

2023-10-05 15:28:50 - [MESSAGE][PASSED] - Object 'Object Repository/pembayaran/Tittle nomor invoice' is present

2023-10-05 15:28:50 - [TEST_STEP][PASSED] - return data: null

2023-10-05 15:28:50 - [MESSAGE][PASSED] - Call Test Case 'Test Cases/T13 Pembelian, Shipment dan Pembayaran/PBL-004' successfully

2023-10-05 15:28:50 - [TEST_STEP][PASSED] - Invoice = getText(findTestObject("pembayaran/nomor invoice")): Text of object 'Object Repository/pembayaran/nomor invoice' is: 'TRX60.20231005152846'

2023-10-05 15:28:51 - [MESSAGE][PASSED] - Text of object 'Object Repository/pembayaran/nomor invoice' is: 'TRX60.20231005152846'

2023-10-05 15:28:51 - [TEST_STEP][PASSED] - data.put("invoice", Invoice): null

2023-10-05 15:28:51 - [TEST_STEP][PASSED] - NamaPemesan = getText(findTestObject("Konfirmasi pesanan shop/Nama pemesan")): Text of object 'Object Repository/Konfirmasi pesanan shop/Nama pemesan' is: 'irfan.afandi'

2023-10-05 15:28:51 - [MESSAGE][PASSED] - Text of object 'Object Repository/Konfirmasi pesanan shop/Nama pemesan' is: 'irfan.afandi'

2023-10-05 15:28:51 - [TEST_STEP][PASSED] - Nama = getText(findTestObject("pembayaran/Nama barang")): Text of object 'Object Repository/pembayaran/Nama barang' is: 'Segitiga Instan Madeira - MDB5.3 Sunset'

2023-10-05 15:28:52 - [MESSAGE][PASSED] - Text of object 'Object Repository/pembayaran/Nama barang' is: 'Segitiga Instan Madeira - MDB5.3 Sunset'

2023-10-05 15:28:52 - [TEST_STEP][PASSED] - Harga = getText(findTestObject("pembayaran/Harga barang")): Text of object 'Object Repository/pembayaran/Harga barang' is: '1,299'

2023-10-05 15:28:52 - [MESSAGE][PASSED] - Text of object 'Object Repository/pembayaran/Harga barang' is: '1,299'

2023-10-05 15:28:52 - [TEST_STEP][PASSED] - name_product = data.get("nama_barang"): null

2023-10-05 15:28:52 - [TEST_STEP][PASSED] - price_product = data.get("price_barang"): null

2023-10-05 15:28:52 - [TEST_STEP][PASSED] - assert name_product.contains(Nama): null

2023-10-05 15:28:52 - [TEST_STEP][PASSED] - assert price_product.contains(Harga): null

2023-10-05 15:28:52 - [TEST_STEP][PASSED] - warnaa = getText(findTestObject("pembayaran/warna")): Text of object 'Object Repository/pembayaran/warna' is: 'Merah'

2023-10-05 15:28:53 - [MESSAGE][PASSED] - Text of object 'Object Repository/pembayaran/warna' is: 'Merah'

2023-10-05 15:28:53 - [TEST_STEP][PASSED] - ukurann = getText(findTestObject("pembayaran/ukuran")): Text of object 'Object Repository/pembayaran/ukuran' is: 'Menengah'

2023-10-05 15:28:53 - [MESSAGE][PASSED] - Text of object 'Object Repository/pembayaran/ukuran' is: 'Menengah'

2023-10-05 15:28:53 - [TEST_STEP][PASSED] - warna1 = data.get("Warna"): null

2023-10-05 15:28:53 - [TEST_STEP][PASSED] - ukuran1 = data.get("Ukuran"): null

2023-10-05 15:28:53 - [TEST_STEP][PASSED] - assert warnaa == warna1: null

2023-10-05 15:28:53 - [TEST_STEP][PASSED] - assert ukurann == ukuran1: null

2023-10-05 15:28:53 - [TEST_STEP][PASSED] - statusPembelian = getText(findTestObject("verifikasi/Status pending di pembelian")): Text of object 'Object Repository/verifikasi/Status pending di pembelian' is: 'Pending'

2023-10-05 15:28:54 - [MESSAGE][PASSED] - Text of object 'Object Repository/verifikasi/Status pending di pembelian' is: 'Pending'

2023-10-05 15:28:54 - [TEST_STEP][PASSED] - data.put("statusPem", statusPembelian): null

2023-10-05 15:28:54 - [TEST_STEP][PASSED] - OngkosKirim = getText(findTestObject("pembayaran/ongkos kirim")): Text of object 'Object Repository/pembayaran/ongkos kirim' is: 'Rp 5,000'

2023-10-05 15:28:54 - [MESSAGE][PASSED] - Text of object 'Object Repository/pembayaran/ongkos kirim' is: 'Rp 5,000'

2023-10-05 15:28:54 - [TEST_STEP][PASSED] - Ongkos = OngkosKirim.substring(3, OngkosKirim.size()): null

2023-10-05 15:28:54 - [TEST_STEP][PASSED] - rep = Ongkos.replace(",", ""): null

2023-10-05 15:28:54 - [TEST_STEP][PASSED] - Ongkos_kirimm = Integer.parseInt(rep): null

2023-10-05 15:28:54 - [TEST_STEP][PASSED] - println(Ongkos_kirimm): null

2023-10-05 15:28:54 - [TEST_STEP][PASSED] - FeeAdmin = getText(findTestObject("pembayaran/fee admin")): Text of object 'Object Repository/pembayaran/fee admin' is: 'Rp 1,500'

2023-10-05 15:28:55 - [MESSAGE][PASSED] - Text of object 'Object Repository/pembayaran/fee admin' is: 'Rp 1,500'

2023-10-05 15:28:55 - [TEST_STEP][PASSED] - Fee_Admin = FeeAdmin.substring(3, FeeAdmin.size()): null

2023-10-05 15:28:55 - [TEST_STEP][PASSED] - fee = Fee_Admin.replace(",", ""): null

2023-10-05 15:28:55 - [TEST_STEP][PASSED] - fee_adminn = Integer.parseInt(fee): null

2023-10-05 15:28:55 - [TEST_STEP][PASSED] - println(fee_adminn): null

2023-10-05 15:28:55 - [TEST_STEP][PASSED] - Subtotal = getText(findTestObject("pembayaran/subtotal")): Text of object 'Object Repository/pembayaran/subtotal' is: 'Rp 1,299'

2023-10-05 15:28:55 - [MESSAGE][PASSED] - Text of object 'Object Repository/pembayaran/subtotal' is: 'Rp 1,299'

2023-10-05 15:28:55 - [TEST_STEP][PASSED] - sub_total = Subtotal.substring(3, Subtotal.size()): null

2023-10-05 15:28:55 - [TEST_STEP][PASSED] - sub = sub_total.replace(",", ""): null

2023-10-05 15:28:55 - [TEST_STEP][PASSED] - sub_totall = Integer.parseInt(sub): null

2023-10-05 15:28:55 - [TEST_STEP][PASSED] - println(sub_totall): null

2023-10-05 15:28:55 - [TEST_STEP][PASSED] - unik = getText(findTestObject("pembayaran/kode unik")): Text of object 'Object Repository/pembayaran/kode unik' is: '+846'

2023-10-05 15:28:56 - [MESSAGE][PASSED] - Text of object 'Object Repository/pembayaran/kode unik' is: '+846'

2023-10-05 15:28:56 - [TEST_STEP][PASSED] - unikk = unik.replace("+", ""): null

2023-10-05 15:28:56 - [TEST_STEP][PASSED] - kode_unik = Integer.parseInt(unikk): null

2023-10-05 15:28:56 - [TEST_STEP][PASSED] - println(kode_unik): null

2023-10-05 15:28:56 - [TEST_STEP][PASSED] - Total = getText(findTestObject("pembayaran/total")): Text of object 'Object Repository/pembayaran/total' is: '8,645'

2023-10-05 15:28:56 - [MESSAGE][PASSED] - Text of object 'Object Repository/pembayaran/total' is: '8,645'

2023-10-05 15:28:56 - [TEST_STEP][PASSED] - total = Total.replace(",", ""): null

2023-10-05 15:28:56 - [TEST_STEP][PASSED] - totalll = Integer.parseInt(total): null

2023-10-05 15:28:56 - [TEST_STEP][PASSED] - println(totalll): null

2023-10-05 15:28:56 - [TEST_STEP][PASSED] - Total_Hargaa = Ongkos_kirimm + fee_adminn + sub_totall + kode_unik: null

2023-10-05 15:28:56 - [TEST_STEP][PASSED] - println(Total_Hargaa): null

2023-10-05 15:28:56 - [TEST_STEP][PASSED] - assert totalll == Total_Hargaa: null

2023-10-05 15:28:56 - [TEST_STEP][PASSED] - data.put("total", Total): null

2023-10-05 15:28:56 - [TEST_STEP][PASSED] - data.put("nama", NamaPemesan): null

2023-10-05 15:28:56 - [TEST_STEP][PASSED] - return data: null

2023-10-05 15:28:56 - [MESSAGE][PASSED] - Call Test Case 'Test Cases/T13 Pembelian, Shipment dan Pembayaran/PBY-001' successfully

2023-10-05 15:28:56 - [TEST_STEP][PASSED] - inv = data.get("invoice"): null

2023-10-05 15:28:56 - [TEST_STEP][PASSED] - Total = data.get("total"): null

2023-10-05 15:28:56 - [TEST_STEP][PASSED] - NamaPemesan = data.get("nama"): null

2023-10-05 15:28:56 - [TEST_STEP][PASSED] - click(findTestObject("Konfirmasi pesanan shop/Menu Shop")): Object: 'Object Repository/Konfirmasi pesanan shop/Menu Shop' is clicked on

2023-10-05 15:28:58 - [MESSAGE][PASSED] - Object: 'Object Repository/Konfirmasi pesanan shop/Menu Shop' is clicked on

2023-10-05 15:28:58 - [TEST_STEP][PASSED] - click(findTestObject("Konfirmasi pesanan shop/Menu Shop")): Object: 'Object Repository/Konfirmasi pesanan shop/Menu Shop' is clicked on

2023-10-05 15:28:58 - [MESSAGE][PASSED] - Object: 'Object Repository/Konfirmasi pesanan shop/Menu Shop' is clicked on

2023-10-05 15:28:58 - [TEST_STEP][PASSED] - click(findTestObject("Konfirmasi pesanan shop/Konfirmasi Orders")): Object: 'Object Repository/Konfirmasi pesanan shop/Konfirmasi Orders' is clicked on

2023-10-05 15:28:59 - [MESSAGE][PASSED] - Object: 'Object Repository/Konfirmasi pesanan shop/Konfirmasi Orders' is clicked on

2023-10-05 15:28:59 - [TEST_STEP][PASSED] - verifyElementPresent(findTestObject("Konfirmasi pesanan shop/Tittle Konfirmasi Pesanan"), 0): Object 'Object Repository/Konfirmasi pesanan shop/Tittle Konfirmasi Pesanan' is present

2023-10-05 15:28:59 - [MESSAGE][WARNING] - Timeout '0' is invalid. Using default page load timeout: '30'

2023-10-05 15:29:00 - [MESSAGE][PASSED] - Object 'Object Repository/Konfirmasi pesanan shop/Tittle Konfirmasi Pesanan' is present

2023-10-05 15:29:00 - [TEST_STEP][PASSED] - setText(findTestObject("Konfirmasi pesanan shop/input_No Pesanan"), inv): Text 'TRX60.20231005152846' is set on object 'Object Repository/Konfirmasi pesanan shop/input_No Pesanan'

2023-10-05 15:29:01 - [MESSAGE][PASSED] - Text 'TRX60.20231005152846' is set on object 'Object Repository/Konfirmasi pesanan shop/input_No Pesanan'

2023-10-05 15:29:01 - [TEST_STEP][PASSED] - setText(findTestObject("Konfirmasi pesanan shop/input_Alamat E-mai"), "irfan@gmail.com"): Text 'irfan@gmail.com' is set on object 'Object Repository/Konfirmasi pesanan shop/input_Alamat E-mai'

2023-10-05 15:29:01 - [MESSAGE][PASSED] - Text 'irfan@gmail.com' is set on object 'Object Repository/Konfirmasi pesanan shop/input_Alamat E-mai'

2023-10-05 15:29:01 - [TEST_STEP][PASSED] - click(findTestObject("Konfirmasi pesanan shop/button_Submit")): Object: 'Object Repository/Konfirmasi pesanan shop/button_Submit' is clicked on

2023-10-05 15:29:02 - [MESSAGE][PASSED] - Object: 'Object Repository/Konfirmasi pesanan shop/button_Submit' is clicked on

2023-10-05 15:29:02 - [TEST_STEP][PASSED] - verifyElementPresent(findTestObject("Konfirmasi pesanan shop/Tittle nomor invoice"), 0): Object 'Object Repository/Konfirmasi pesanan shop/Tittle nomor invoice' is present

2023-10-05 15:29:02 - [MESSAGE][WARNING] - Timeout '0' is invalid. Using default page load timeout: '30'

2023-10-05 15:29:03 - [MESSAGE][PASSED] - Object 'Object Repository/Konfirmasi pesanan shop/Tittle nomor invoice' is present

2023-10-05 15:29:03 - [TEST_STEP][PASSED] - setText(findTestObject("Konfirmasi pesanan shop/input_Total TagihanTransfer_b"), Total): Text '8,645' is set on object 'Object Repository/Konfirmasi pesanan shop/input_Total TagihanTransfer_b'

2023-10-05 15:29:04 - [MESSAGE][PASSED] - Text '8,645' is set on object 'Object Repository/Konfirmasi pesanan shop/input_Total TagihanTransfer_b'

2023-10-05 15:29:04 - [TEST_STEP][PASSED] - selectOptionByValue(findTestObject("Konfirmasi pesanan shop/select_Bank"), "4", false): All options with value '4' are selected in object 'Object Repository/Konfirmasi pesanan shop/select_Bank' 

2023-10-05 15:29:05 - [MESSAGE][PASSED] - All options with value '4' are selected in object 'Object Repository/Konfirmasi pesanan shop/select_Bank' 

2023-10-05 15:29:05 - [TEST_STEP][PASSED] - setText(findTestObject("Konfirmasi pesanan shop/input_Nama Pengirim_d"), NamaPemesan): Text 'irfan.afandi' is set on object 'Object Repository/Konfirmasi pesanan shop/input_Nama Pengirim_d'

2023-10-05 15:29:05 - [MESSAGE][PASSED] - Text 'irfan.afandi' is set on object 'Object Repository/Konfirmasi pesanan shop/input_Nama Pengirim_d'

2023-10-05 15:29:05 - [TEST_STEP][PASSED] - uploadFile(findTestObject("keranjang/konfirmasi/input_Upload Bukti Transfer_f"), "C:\Users\IRFAN\Downloads\Berkas2.pdf"): File 'C:\Users\IRFAN\Downloads\Berkas2.pdf' sent to object: 'Object Repository/keranjang/konfirmasi/input_Upload Bukti Transfer_f'

2023-10-05 15:29:06 - [MESSAGE][PASSED] - File 'C:\Users\IRFAN\Downloads\Berkas2.pdf' sent to object: 'Object Repository/keranjang/konfirmasi/input_Upload Bukti Transfer_f'

2023-10-05 15:29:06 - [TEST_STEP][PASSED] - click(findTestObject("Konfirmasi pesanan shop/button_Konfirmasi Pembayaran")): Object: 'Object Repository/Konfirmasi pesanan shop/button_Konfirmasi Pembayaran' is clicked on

2023-10-05 15:29:07 - [MESSAGE][PASSED] - Object: 'Object Repository/Konfirmasi pesanan shop/button_Konfirmasi Pembayaran' is clicked on

2023-10-05 15:29:07 - [TEST_STEP][PASSED] - verifyElementPresent(findTestObject("Konfirmasi pesanan shop/Tittle Konfirmasi Pesanan"), 0): Object 'Object Repository/Konfirmasi pesanan shop/Tittle Konfirmasi Pesanan' is present

2023-10-05 15:29:07 - [MESSAGE][WARNING] - Timeout '0' is invalid. Using default page load timeout: '30'

2023-10-05 15:29:08 - [MESSAGE][PASSED] - Object 'Object Repository/Konfirmasi pesanan shop/Tittle Konfirmasi Pesanan' is present

2023-10-05 15:29:08 - [TEST_STEP][PASSED] - verifyElementPresent(findTestObject("Konfirmasi pesanan shop/Tittle massage succes Konfirmasi Pembayaran Pesanan"), 0): Object 'Object Repository/Konfirmasi pesanan shop/Tittle massage succes Konfirmasi Pembayaran Pesanan' is present

2023-10-05 15:29:08 - [MESSAGE][WARNING] - Timeout '0' is invalid. Using default page load timeout: '30'

2023-10-05 15:29:08 - [MESSAGE][PASSED] - Object 'Object Repository/Konfirmasi pesanan shop/Tittle massage succes Konfirmasi Pembayaran Pesanan' is present

2023-10-05 15:29:08 - [TEST_STEP][PASSED] - return data: null

2023-10-05 15:29:08 - [MESSAGE][PASSED] - Call Test Case 'Test Cases/T13 Pembelian, Shipment dan Pembayaran/PBY-004' successfully

2023-10-05 15:29:08 - [TEST_STEP][PASSED] - navigateToUrl("https://10.9.2.63/ecommerce/administrator/"): Navigate to 'https://10.9.2.63/ecommerce/administrator/' successfully

2023-10-05 15:29:09 - [MESSAGE][PASSED] - Navigate to 'https://10.9.2.63/ecommerce/administrator/' successfully

2023-10-05 15:29:09 - [TEST_STEP][PASSED] - verifyElementPresent(findTestObject("admin/Tittle ADMIN Login"), 0): Object 'Object Repository/admin/Tittle ADMIN Login' is present

2023-10-05 15:29:09 - [MESSAGE][WARNING] - Timeout '0' is invalid. Using default page load timeout: '30'

2023-10-05 15:29:09 - [MESSAGE][PASSED] - Object 'Object Repository/admin/Tittle ADMIN Login' is present

2023-10-05 15:29:09 - [TEST_STEP][PASSED] - setText(findTestObject("admin/Username"), "admin"): Text 'admin' is set on object 'Object Repository/admin/Username'

2023-10-05 15:29:10 - [MESSAGE][PASSED] - Text 'admin' is set on object 'Object Repository/admin/Username'

2023-10-05 15:29:10 - [TEST_STEP][PASSED] - setText(findTestObject("admin/Password"), "123admin123"): Text '123admin123' is set on object 'Object Repository/admin/Password'

2023-10-05 15:29:11 - [MESSAGE][PASSED] - Text '123admin123' is set on object 'Object Repository/admin/Password'

2023-10-05 15:29:11 - [TEST_STEP][PASSED] - click(findTestObject("admin/Remember Me")): Object: 'Object Repository/admin/Remember Me' is clicked on

2023-10-05 15:29:11 - [MESSAGE][PASSED] - Object: 'Object Repository/admin/Remember Me' is clicked on

2023-10-05 15:29:11 - [TEST_STEP][PASSED] - delay(10): Delayed 10 second(s)

2023-10-05 15:29:21 - [MESSAGE][PASSED] - Delayed 10 second(s)

2023-10-05 15:29:21 - [TEST_STEP][PASSED] - click(findTestObject("admin/buttom submit")): Object: 'Object Repository/admin/buttom submit' is clicked on

2023-10-05 15:29:23 - [MESSAGE][PASSED] - Object: 'Object Repository/admin/buttom submit' is clicked on

2023-10-05 15:29:23 - [TEST_STEP][PASSED] - verifyElementPresent(findTestObject("admin/Konf order konsumen/Tittle Dashboard"), 0): Object 'Object Repository/admin/Konf order konsumen/Tittle Dashboard' is present

2023-10-05 15:29:23 - [MESSAGE][WARNING] - Timeout '0' is invalid. Using default page load timeout: '30'

2023-10-05 15:29:24 - [MESSAGE][PASSED] - Object 'Object Repository/admin/Konf order konsumen/Tittle Dashboard' is present

2023-10-05 15:29:24 - [TEST_STEP][PASSED] - click(findTestObject("admin/Konf order konsumen/Menu Transaksi Market")): Object: 'Object Repository/admin/Konf order konsumen/Menu Transaksi Market' is clicked on

2023-10-05 15:29:24 - [MESSAGE][PASSED] - Object: 'Object Repository/admin/Konf order konsumen/Menu Transaksi Market' is clicked on

2023-10-05 15:29:24 - [TEST_STEP][PASSED] - click(findTestObject("admin/Konf order konsumen/Menu Konf. Order Konsumen")): Object: 'Object Repository/admin/Konf order konsumen/Menu Konf. Order Konsumen' is clicked on

2023-10-05 15:29:25 - [MESSAGE][PASSED] - Object: 'Object Repository/admin/Konf order konsumen/Menu Konf. Order Konsumen' is clicked on

2023-10-05 15:29:25 - [TEST_STEP][PASSED] - verifyElementPresent(findTestObject("admin/Konf order konsumen/Tittle Data Konfirmasi Pembayaran Konsumen"), 0): Object 'Object Repository/admin/Konf order konsumen/Tittle Data Konfirmasi Pembayaran Konsumen' is present

2023-10-05 15:29:25 - [MESSAGE][WARNING] - Timeout '0' is invalid. Using default page load timeout: '30'

2023-10-05 15:29:26 - [MESSAGE][PASSED] - Object 'Object Repository/admin/Konf order konsumen/Tittle Data Konfirmasi Pembayaran Konsumen' is present

2023-10-05 15:29:26 - [TEST_STEP][PASSED] - inv = data.get("invoice"): null

2023-10-05 15:29:26 - [TEST_STEP][PASSED] - setText(findTestObject("admin/Konf order konsumen/Search"), inv): Text 'TRX60.20231005152846' is set on object 'Object Repository/admin/Konf order konsumen/Search'

2023-10-05 15:29:27 - [MESSAGE][PASSED] - Text 'TRX60.20231005152846' is set on object 'Object Repository/admin/Konf order konsumen/Search'

2023-10-05 15:29:27 - [TEST_STEP][PASSED] - verifyElementText(findTestObject("admin/Konf order konsumen/Keterangan Lunas"), "Lunas"): Actual text and expected text of test object 'Object Repository/admin/Konf order konsumen/Keterangan Lunas' are matched.

2023-10-05 15:29:27 - [MESSAGE][PASSED] - Actual text and expected text of test object 'Object Repository/admin/Konf order konsumen/Keterangan Lunas' are matched.

2023-10-05 15:29:27 - [TEST_STEP][PASSED] - return data: null

2023-10-05 15:29:27 - [MESSAGE][PASSED] - Call Test Case 'Test Cases/T13 Pembelian, Shipment dan Pembayaran/PBYA-001' successfully

2023-10-05 15:29:27 - [TEST_STEP][PASSED] - click(findTestObject("admin/Penjualan ke konsumen/buttom Dashboard")): Object: 'Object Repository/admin/Penjualan ke konsumen/buttom Dashboard' is clicked on

2023-10-05 15:29:28 - [MESSAGE][PASSED] - Object: 'Object Repository/admin/Penjualan ke konsumen/buttom Dashboard' is clicked on

2023-10-05 15:29:28 - [TEST_STEP][PASSED] - click(findTestObject("admin/Konf order konsumen/Menu Transaksi Market")): Object: 'Object Repository/admin/Konf order konsumen/Menu Transaksi Market' is clicked on

2023-10-05 15:29:28 - [MESSAGE][PASSED] - Object: 'Object Repository/admin/Konf order konsumen/Menu Transaksi Market' is clicked on

2023-10-05 15:29:28 - [TEST_STEP][PASSED] - click(findTestObject("admin/Penjualan ke konsumen/a_Penjualan ke Konsumen")): Object: 'Object Repository/admin/Penjualan ke konsumen/a_Penjualan ke Konsumen' is clicked on

2023-10-05 15:29:31 - [MESSAGE][PASSED] - Object: 'Object Repository/admin/Penjualan ke konsumen/a_Penjualan ke Konsumen' is clicked on

2023-10-05 15:29:31 - [TEST_STEP][PASSED] - verifyElementPresent(findTestObject("admin/Tittle Data Transaksi Penjualan  Orderan Konsumen"), 0): Object 'Object Repository/admin/Tittle Data Transaksi Penjualan  Orderan Konsumen' is present

2023-10-05 15:29:31 - [MESSAGE][WARNING] - Timeout '0' is invalid. Using default page load timeout: '30'

2023-10-05 15:29:31 - [MESSAGE][PASSED] - Object 'Object Repository/admin/Tittle Data Transaksi Penjualan  Orderan Konsumen' is present

2023-10-05 15:29:31 - [TEST_STEP][PASSED] - return data: null

2023-10-05 15:29:31 - [MESSAGE][PASSED] - Call Test Case 'Test Cases/T13 Pembelian, Shipment dan Pembayaran/SA-001' successfully

2023-10-05 15:29:31 - [TEST_STEP][PASSED] - inv = data.get("invoice"): null

2023-10-05 15:29:31 - [TEST_STEP][PASSED] - setText(findTestObject("admin/Penjualan ke konsumen/Search"), inv): Text 'TRX60.20231005152846' is set on object 'Object Repository/admin/Penjualan ke konsumen/Search'

2023-10-05 15:29:32 - [MESSAGE][PASSED] - Text 'TRX60.20231005152846' is set on object 'Object Repository/admin/Penjualan ke konsumen/Search'

2023-10-05 15:29:32 - [TEST_STEP][PASSED] - click(findTestObject("admin/Penjualan ke konsumen/buttom konfirmasi pending payment"), CONTINUE_ON_FAILURE): Object: 'Object Repository/admin/Penjualan ke konsumen/buttom konfirmasi pending payment' is clicked on

2023-10-05 15:29:33 - [MESSAGE][PASSED] - Object: 'Object Repository/admin/Penjualan ke konsumen/buttom konfirmasi pending payment' is clicked on

2023-10-05 15:29:33 - [TEST_STEP][PASSED] - waitForAlert(5, OPTIONAL): Alert is present after 5 second(s).

2023-10-05 15:29:33 - [MESSAGE][PASSED] - Alert is present after 5 second(s).

2023-10-05 15:29:33 - [TEST_STEP][PASSED] - acceptAlert(): Alert accepted

2023-10-05 15:29:33 - [MESSAGE][PASSED] - Alert accepted

2023-10-05 15:29:33 - [TEST_STEP][PASSED] - setText(findTestObject("admin/Penjualan ke konsumen/Search"), inv): Text 'TRX60.20231005152846' is set on object 'Object Repository/admin/Penjualan ke konsumen/Search'

2023-10-05 15:29:41 - [MESSAGE][PASSED] - Text 'TRX60.20231005152846' is set on object 'Object Repository/admin/Penjualan ke konsumen/Search'

2023-10-05 15:29:41 - [TEST_STEP][PASSED] - verifyTextNotPresent("pending payment", false): Text 'pending payment' is not present on page

2023-10-05 15:29:42 - [MESSAGE][PASSED] - Text 'pending payment' is not present on page

2023-10-05 15:29:42 - [TEST_STEP][PASSED] - return data: null

2023-10-05 15:29:42 - [MESSAGE][PASSED] - Call Test Case 'Test Cases/T13 Pembelian, Shipment dan Pembayaran/SA-002' successfully

2023-10-05 15:29:42 - [TEST_STEP][PASSED] - click(findTestObject("admin/Penjualan ke konsumen/buttom scroldown")): Object: 'Object Repository/admin/Penjualan ke konsumen/buttom scroldown' is clicked on

2023-10-05 15:29:42 - [MESSAGE][PASSED] - Object: 'Object Repository/admin/Penjualan ke konsumen/buttom scroldown' is clicked on

2023-10-05 15:29:42 - [TEST_STEP][PASSED] - click(findTestObject("admin/Penjualan ke konsumen/Selesai"), CONTINUE_ON_FAILURE): Object: 'Object Repository/admin/Penjualan ke konsumen/Selesai' is clicked on

2023-10-05 15:29:42 - [MESSAGE][PASSED] - Object: 'Object Repository/admin/Penjualan ke konsumen/Selesai' is clicked on

2023-10-05 15:29:42 - [TEST_STEP][PASSED] - waitForAlert(5, OPTIONAL): Alert is present after 5 second(s).

2023-10-05 15:29:42 - [MESSAGE][PASSED] - Alert is present after 5 second(s).

2023-10-05 15:29:42 - [TEST_STEP][PASSED] - acceptAlert(): Alert accepted

2023-10-05 15:29:42 - [MESSAGE][PASSED] - Alert accepted

2023-10-05 15:29:42 - [TEST_STEP][PASSED] - inv = data.get("invoice"): null

2023-10-05 15:29:42 - [TEST_STEP][PASSED] - setText(findTestObject("admin/Penjualan ke konsumen/Search"), inv): Text 'TRX60.20231005152846' is set on object 'Object Repository/admin/Penjualan ke konsumen/Search'

2023-10-05 15:29:46 - [MESSAGE][PASSED] - Text 'TRX60.20231005152846' is set on object 'Object Repository/admin/Penjualan ke konsumen/Search'

2023-10-05 15:29:46 - [TEST_STEP][PASSED] - verifyTextPresent("Selesai", false): Text 'Selesai' is present on page 

2023-10-05 15:29:46 - [MESSAGE][PASSED] - Text 'Selesai' is present on page 

2023-10-05 15:29:46 - [TEST_STEP][PASSED] - selesaiAdmin = getText(findTestObject("admin/Selesai")): Text of object 'Object Repository/admin/Selesai' is: 'Selesai'

2023-10-05 15:29:47 - [MESSAGE][PASSED] - Text of object 'Object Repository/admin/Selesai' is: 'Selesai'

2023-10-05 15:29:47 - [TEST_STEP][PASSED] - data.put("statusSelesai", selesaiAdmin): null

2023-10-05 15:29:47 - [TEST_STEP][PASSED] - return data: null

2023-10-05 15:29:47 - [MESSAGE][PASSED] - Call Test Case 'Test Cases/T13 Pembelian, Shipment dan Pembayaran/SA-005' successfully

2023-10-05 15:29:47 - [TEST_STEP][PASSED] - openBrowser("https://10.9.2.63/ecommerce/"): Browser is opened with url: 'https://10.9.2.63/ecommerce/'

2023-10-05 15:29:47 - [MESSAGE][WARNING] - A browser is already opened. Closing browser and opening a new one

2023-10-05 15:29:47 - [MESSAGE][INFO] - Starting 'Edge Chromium' driver

2023-10-05 15:29:47 - [MESSAGE][INFO] - User set preference: ['acceptInsecureCerts', 'true']

2023-10-05 15:29:50 - [MESSAGE][INFO] - Action delay is set to 0 milliseconds

2023-10-05 15:29:52 - [MESSAGE][PASSED] - Browser is opened with url: 'https://10.9.2.63/ecommerce/'

2023-10-05 15:29:52 - [TEST_STEP][PASSED] - maximizeWindow(): Current window maximized

2023-10-05 15:29:53 - [MESSAGE][PASSED] - Current window maximized

2023-10-05 15:29:53 - [TEST_STEP][PASSED] - verifyElementPresent(findTestObject("Login/Home"), 0): Object 'Object Repository/Login/Home' is present

2023-10-05 15:29:53 - [MESSAGE][WARNING] - Timeout '0' is invalid. Using default page load timeout: '30'

2023-10-05 15:29:53 - [MESSAGE][PASSED] - Object 'Object Repository/Login/Home' is present

2023-10-05 15:29:53 - [TEST_STEP][PASSED] - click(findTestObject("Login/a_Login")): Object: 'Object Repository/Login/a_Login' is clicked on

2023-10-05 15:29:54 - [MESSAGE][PASSED] - Object: 'Object Repository/Login/a_Login' is clicked on

2023-10-05 15:29:54 - [TEST_STEP][PASSED] - verifyElementPresent(findTestObject("Login/Tittle Login"), 0): Object 'Object Repository/Login/Tittle Login' is present

2023-10-05 15:29:54 - [MESSAGE][WARNING] - Timeout '0' is invalid. Using default page load timeout: '30'

2023-10-05 15:29:54 - [MESSAGE][PASSED] - Object 'Object Repository/Login/Tittle Login' is present

2023-10-05 15:29:54 - [TEST_STEP][PASSED] - setText(findTestObject("Login/input_Username, Email atau No. Handphone_a"), "irfanafandi"): Text 'irfanafandi' is set on object 'Object Repository/Login/input_Username, Email atau No. Handphone_a'

2023-10-05 15:29:55 - [MESSAGE][PASSED] - Text 'irfanafandi' is set on object 'Object Repository/Login/input_Username, Email atau No. Handphone_a'

2023-10-05 15:29:55 - [TEST_STEP][PASSED] - setText(findTestObject("Login/input_Password_b"), "12345irfan"): Text '12345irfan' is set on object 'Object Repository/Login/input_Password_b'

2023-10-05 15:29:56 - [MESSAGE][PASSED] - Text '12345irfan' is set on object 'Object Repository/Login/input_Password_b'

2023-10-05 15:29:56 - [TEST_STEP][PASSED] - click(findTestObject("Login/button_Masuk")): Object: 'Object Repository/Login/button_Masuk' is clicked on

2023-10-05 15:29:57 - [MESSAGE][PASSED] - Object: 'Object Repository/Login/button_Masuk' is clicked on

2023-10-05 15:29:57 - [TEST_STEP][PASSED] - verifyElementPresent(findTestObject("Login/li_Profile"), 0): Object 'Object Repository/Login/li_Profile' is present

2023-10-05 15:29:57 - [MESSAGE][WARNING] - Timeout '0' is invalid. Using default page load timeout: '30'

2023-10-05 15:29:58 - [MESSAGE][PASSED] - Object 'Object Repository/Login/li_Profile' is present

2023-10-05 15:29:58 - [TEST_STEP][PASSED] - click(findTestObject("Konfirmasi pesanan shop/Menu Shop")): Object: 'Object Repository/Konfirmasi pesanan shop/Menu Shop' is clicked on

2023-10-05 15:29:59 - [MESSAGE][PASSED] - Object: 'Object Repository/Konfirmasi pesanan shop/Menu Shop' is clicked on

2023-10-05 15:29:59 - [TEST_STEP][PASSED] - click(findTestObject("Konfirmasi pesanan shop/Menu Shop")): Object: 'Object Repository/Konfirmasi pesanan shop/Menu Shop' is clicked on

2023-10-05 15:30:00 - [MESSAGE][PASSED] - Object: 'Object Repository/Konfirmasi pesanan shop/Menu Shop' is clicked on

2023-10-05 15:30:00 - [TEST_STEP][PASSED] - click(findTestObject("Traking Order/a_Tracking Orders")): Object: 'Object Repository/Traking Order/a_Tracking Orders' is clicked on

2023-10-05 15:30:01 - [MESSAGE][PASSED] - Object: 'Object Repository/Traking Order/a_Tracking Orders' is clicked on

2023-10-05 15:30:01 - [TEST_STEP][PASSED] - verifyElementPresent(findTestObject("Traking Order/Tittle Tracking Order"), 0): Object 'Object Repository/Traking Order/Tittle Tracking Order' is present

2023-10-05 15:30:01 - [MESSAGE][WARNING] - Timeout '0' is invalid. Using default page load timeout: '30'

2023-10-05 15:30:01 - [MESSAGE][PASSED] - Object 'Object Repository/Traking Order/Tittle Tracking Order' is present

2023-10-05 15:30:01 - [TEST_STEP][PASSED] - inv = data.get("invoice"): null

2023-10-05 15:30:01 - [TEST_STEP][PASSED] - setText(findTestObject("Traking Order/input_No Pesanan_a"), inv): Text 'TRX60.20231005152846' is set on object 'Object Repository/Traking Order/input_No Pesanan_a'

2023-10-05 15:30:02 - [MESSAGE][PASSED] - Text 'TRX60.20231005152846' is set on object 'Object Repository/Traking Order/input_No Pesanan_a'

2023-10-05 15:30:02 - [TEST_STEP][PASSED] - setText(findTestObject("Traking Order/input_Alamat E-mail_form-control"), "irfan@gmail.com"): Text 'irfan@gmail.com' is set on object 'Object Repository/Traking Order/input_Alamat E-mail_form-control'

2023-10-05 15:30:03 - [MESSAGE][PASSED] - Text 'irfan@gmail.com' is set on object 'Object Repository/Traking Order/input_Alamat E-mail_form-control'

2023-10-05 15:30:03 - [TEST_STEP][PASSED] - click(findTestObject("Traking Order/button_Lacak Pesanan")): Object: 'Object Repository/Traking Order/button_Lacak Pesanan' is clicked on

2023-10-05 15:30:06 - [MESSAGE][PASSED] - Object: 'Object Repository/Traking Order/button_Lacak Pesanan' is clicked on

2023-10-05 15:30:06 - [TEST_STEP][PASSED] - verifyElementPresent(findTestObject("Traking Order/Tittle nomor transaksi"), 0): Object 'Object Repository/Traking Order/Tittle nomor transaksi' is present

2023-10-05 15:30:06 - [MESSAGE][WARNING] - Timeout '0' is invalid. Using default page load timeout: '30'

2023-10-05 15:30:07 - [MESSAGE][PASSED] - Object 'Object Repository/Traking Order/Tittle nomor transaksi' is present

2023-10-05 15:30:07 - [TEST_STEP][PASSED] - Nama = getText(findTestObject("Object Repository/Traking Order/status traking/Nama Barang tracking order")): Text of object 'Object Repository/Traking Order/status traking/Nama Barang tracking order' is: 'Segitiga Instan Madeira - MDB5.3 Sunset'

2023-10-05 15:30:07 - [MESSAGE][PASSED] - Text of object 'Object Repository/Traking Order/status traking/Nama Barang tracking order' is: 'Segitiga Instan Madeira - MDB5.3 Sunset'

2023-10-05 15:30:07 - [TEST_STEP][PASSED] - Harga = getText(findTestObject("Object Repository/Traking Order/status traking/Harga Barang")): Text of object 'Object Repository/Traking Order/status traking/Harga Barang' is: '1,299'

2023-10-05 15:30:07 - [MESSAGE][PASSED] - Text of object 'Object Repository/Traking Order/status traking/Harga Barang' is: '1,299'

2023-10-05 15:30:07 - [TEST_STEP][PASSED] - name_product = data.get("nama_barang"): null

2023-10-05 15:30:07 - [TEST_STEP][PASSED] - price_product = data.get("price_barang"): null

2023-10-05 15:30:07 - [TEST_STEP][PASSED] - assert name_product.contains(Nama): null

2023-10-05 15:30:07 - [TEST_STEP][PASSED] - assert price_product.contains(Harga): null

2023-10-05 15:30:07 - [TEST_STEP][PASSED] - warnaa = getText(findTestObject("Object Repository/Traking Order/status traking/warna")): Text of object 'Object Repository/Traking Order/status traking/warna' is: 'Merah'

2023-10-05 15:30:08 - [MESSAGE][PASSED] - Text of object 'Object Repository/Traking Order/status traking/warna' is: 'Merah'

2023-10-05 15:30:08 - [TEST_STEP][PASSED] - ukurann = getText(findTestObject("Object Repository/Traking Order/status traking/Ukuruan")): Text of object 'Object Repository/Traking Order/status traking/Ukuruan' is: 'Menengah'

2023-10-05 15:30:08 - [MESSAGE][PASSED] - Text of object 'Object Repository/Traking Order/status traking/Ukuruan' is: 'Menengah'

2023-10-05 15:30:08 - [TEST_STEP][PASSED] - warna1 = data.get("Warna"): null

2023-10-05 15:30:08 - [TEST_STEP][PASSED] - ukuran1 = data.get("Ukuran"): null

2023-10-05 15:30:08 - [TEST_STEP][PASSED] - assert warnaa == warna1: null

2023-10-05 15:30:08 - [TEST_STEP][PASSED] - assert ukurann == ukuran1: null

2023-10-05 15:30:08 - [TEST_STEP][PASSED] - selesai = getText(findTestObject("Object Repository/Traking Order/status traking/status traking selesai")): Text of object 'Object Repository/Traking Order/status traking/status traking selesai' is: 'Selesai'

2023-10-05 15:30:08 - [MESSAGE][PASSED] - Text of object 'Object Repository/Traking Order/status traking/status traking selesai' is: 'Selesai'

2023-10-05 15:30:08 - [TEST_STEP][PASSED] - statusPembayaran = data.get("statusSelesai"): null

2023-10-05 15:30:08 - [TEST_STEP][PASSED] - assert selesai == statusPembayaran: null]]></system-out>
         <system-err><![CDATA[]]></system-err>
      </testcase>
      <testcase name="Test Cases/T13 Pembelian, Shipment dan Pembayaran/SU-005" time="132.364" classname="Test Cases/T13 Pembelian, Shipment dan Pembayaran/SU-005" status="PASSED">
         <system-out><![CDATA[2023-10-05 15:30:08 - [TEST_CASE][PASSED] - Test Cases/T13 Pembelian, Shipment dan Pembayaran/SU-005: Test Cases/T13 Pembelian, Shipment dan Pembayaran/SU-005

2023-10-05 15:30:09 - [TEST_STEP][PASSED] - data = callTestCase(findTestCase("T13 Pembelian, Shipment dan Pembayaran/SA-006"), [:], STOP_ON_FAILURE): Call Test Case 'Test Cases/T13 Pembelian, Shipment dan Pembayaran/SA-006' successfully

2023-10-05 15:30:09 - [TEST_CASE][PASSED] - Test Cases/T13 Pembelian, Shipment dan Pembayaran/SA-006: Test Cases/T13 Pembelian, Shipment dan Pembayaran/SA-006

2023-10-05 15:30:09 - [TEST_STEP][PASSED] - data = callTestCase(findTestCase("T13 Pembelian, Shipment dan Pembayaran/SA-002"), [:], STOP_ON_FAILURE): Call Test Case 'Test Cases/T13 Pembelian, Shipment dan Pembayaran/SA-002' successfully

2023-10-05 15:30:09 - [TEST_CASE][PASSED] - Test Cases/T13 Pembelian, Shipment dan Pembayaran/SA-002: Test Cases/T13 Pembelian, Shipment dan Pembayaran/SA-002

2023-10-05 15:30:09 - [TEST_STEP][PASSED] - data = callTestCase(findTestCase("T13 Pembelian, Shipment dan Pembayaran/SA-001"), [:], STOP_ON_FAILURE): Call Test Case 'Test Cases/T13 Pembelian, Shipment dan Pembayaran/SA-001' successfully

2023-10-05 15:30:09 - [TEST_CASE][PASSED] - Test Cases/T13 Pembelian, Shipment dan Pembayaran/SA-001: Test Cases/T13 Pembelian, Shipment dan Pembayaran/SA-001

2023-10-05 15:30:09 - [TEST_STEP][PASSED] - data = callTestCase(findTestCase("T13 Pembelian, Shipment dan Pembayaran/PBYA-001"), [:], STOP_ON_FAILURE): Call Test Case 'Test Cases/T13 Pembelian, Shipment dan Pembayaran/PBYA-001' successfully

2023-10-05 15:30:09 - [TEST_CASE][PASSED] - Test Cases/T13 Pembelian, Shipment dan Pembayaran/PBYA-001: Test Cases/T13 Pembelian, Shipment dan Pembayaran/PBYA-001

2023-10-05 15:30:09 - [TEST_STEP][PASSED] - data = callTestCase(findTestCase("T13 Pembelian, Shipment dan Pembayaran/PBY-004"), [:], STOP_ON_FAILURE): Call Test Case 'Test Cases/T13 Pembelian, Shipment dan Pembayaran/PBY-004' successfully

2023-10-05 15:30:09 - [TEST_CASE][PASSED] - Test Cases/T13 Pembelian, Shipment dan Pembayaran/PBY-004: Test Cases/T13 Pembelian, Shipment dan Pembayaran/PBY-004

2023-10-05 15:30:09 - [TEST_STEP][PASSED] - data = callTestCase(findTestCase("T13 Pembelian, Shipment dan Pembayaran/PBY-001"), [:], STOP_ON_FAILURE): Call Test Case 'Test Cases/T13 Pembelian, Shipment dan Pembayaran/PBY-001' successfully

2023-10-05 15:30:09 - [TEST_CASE][PASSED] - Test Cases/T13 Pembelian, Shipment dan Pembayaran/PBY-001: Test Cases/T13 Pembelian, Shipment dan Pembayaran/PBY-001

2023-10-05 15:30:09 - [TEST_STEP][PASSED] - data = callTestCase(findTestCase("T13 Pembelian, Shipment dan Pembayaran/PBL-004"), ["Kurir":"Roda 2"], STOP_ON_FAILURE): Call Test Case 'Test Cases/T13 Pembelian, Shipment dan Pembayaran/PBL-004' successfully

2023-10-05 15:30:09 - [TEST_CASE][PASSED] - Test Cases/T13 Pembelian, Shipment dan Pembayaran/PBL-004: Test Cases/T13 Pembelian, Shipment dan Pembayaran/PBL-004

2023-10-05 15:30:09 - [TEST_STEP][PASSED] - data = callTestCase(findTestCase("T13 Pembelian, Shipment dan Pembayaran/PBL-002"), [:], STOP_ON_FAILURE): Call Test Case 'Test Cases/T13 Pembelian, Shipment dan Pembayaran/PBL-002' successfully

2023-10-05 15:30:09 - [TEST_CASE][PASSED] - Test Cases/T13 Pembelian, Shipment dan Pembayaran/PBL-002: Test Cases/T13 Pembelian, Shipment dan Pembayaran/PBL-002

2023-10-05 15:30:09 - [TEST_STEP][PASSED] - data = callTestCase(findTestCase("T13 Pembelian, Shipment dan Pembayaran/PBL-001"), [:], STOP_ON_FAILURE): Call Test Case 'Test Cases/T13 Pembelian, Shipment dan Pembayaran/PBL-001' successfully

2023-10-05 15:30:10 - [TEST_CASE][PASSED] - Test Cases/T13 Pembelian, Shipment dan Pembayaran/PBL-001: Test Cases/T13 Pembelian, Shipment dan Pembayaran/PBL-001

2023-10-05 15:30:10 - [TEST_STEP][PASSED] - callTestCase(findTestCase("T13 Pembelian, Shipment dan Pembayaran/LU-001"), ["username":"irfanafandi", "password":"12345irfan"], STOP_ON_FAILURE): Call Test Case 'Test Cases/T13 Pembelian, Shipment dan Pembayaran/LU-001' successfully

2023-10-05 15:30:10 - [TEST_CASE][PASSED] - Test Cases/T13 Pembelian, Shipment dan Pembayaran/LU-001: Test Cases/T13 Pembelian, Shipment dan Pembayaran/LU-001

2023-10-05 15:30:10 - [TEST_STEP][PASSED] - openBrowser("https://10.9.2.63/ecommerce/"): Browser is opened with url: 'https://10.9.2.63/ecommerce/'

2023-10-05 15:30:10 - [MESSAGE][WARNING] - A browser is already opened. Closing browser and opening a new one

2023-10-05 15:30:10 - [MESSAGE][INFO] - Starting 'Edge Chromium' driver

2023-10-05 15:30:10 - [MESSAGE][INFO] - User set preference: ['acceptInsecureCerts', 'true']

2023-10-05 15:30:13 - [MESSAGE][INFO] - Action delay is set to 0 milliseconds

2023-10-05 15:30:16 - [MESSAGE][PASSED] - Browser is opened with url: 'https://10.9.2.63/ecommerce/'

2023-10-05 15:30:16 - [TEST_STEP][PASSED] - maximizeWindow(): Current window maximized

2023-10-05 15:30:16 - [MESSAGE][PASSED] - Current window maximized

2023-10-05 15:30:16 - [TEST_STEP][PASSED] - verifyElementPresent(findTestObject("Login/Home"), 0): Object 'Object Repository/Login/Home' is present

2023-10-05 15:30:16 - [MESSAGE][WARNING] - Timeout '0' is invalid. Using default page load timeout: '30'

2023-10-05 15:30:17 - [MESSAGE][PASSED] - Object 'Object Repository/Login/Home' is present

2023-10-05 15:30:17 - [TEST_STEP][PASSED] - click(findTestObject("Login/a_Login")): Object: 'Object Repository/Login/a_Login' is clicked on

2023-10-05 15:30:17 - [MESSAGE][PASSED] - Object: 'Object Repository/Login/a_Login' is clicked on

2023-10-05 15:30:17 - [TEST_STEP][PASSED] - verifyElementPresent(findTestObject("Login/Tittle Login"), 0): Object 'Object Repository/Login/Tittle Login' is present

2023-10-05 15:30:17 - [MESSAGE][WARNING] - Timeout '0' is invalid. Using default page load timeout: '30'

2023-10-05 15:30:18 - [MESSAGE][PASSED] - Object 'Object Repository/Login/Tittle Login' is present

2023-10-05 15:30:18 - [TEST_STEP][PASSED] - setText(findTestObject("Login/input_Username, Email atau No. Handphone_a"), username): Text 'irfanafandi' is set on object 'Object Repository/Login/input_Username, Email atau No. Handphone_a'

2023-10-05 15:30:19 - [MESSAGE][PASSED] - Text 'irfanafandi' is set on object 'Object Repository/Login/input_Username, Email atau No. Handphone_a'

2023-10-05 15:30:19 - [TEST_STEP][PASSED] - setText(findTestObject("Login/input_Password_b"), password): Text '12345irfan' is set on object 'Object Repository/Login/input_Password_b'

2023-10-05 15:30:20 - [MESSAGE][PASSED] - Text '12345irfan' is set on object 'Object Repository/Login/input_Password_b'

2023-10-05 15:30:20 - [TEST_STEP][PASSED] - click(findTestObject("Login/label_Ingat saya")): Object: 'Object Repository/Login/label_Ingat saya' is clicked on

2023-10-05 15:30:20 - [MESSAGE][PASSED] - Object: 'Object Repository/Login/label_Ingat saya' is clicked on

2023-10-05 15:30:20 - [TEST_STEP][PASSED] - click(findTestObject("Login/button_Masuk")): Object: 'Object Repository/Login/button_Masuk' is clicked on

2023-10-05 15:30:22 - [MESSAGE][PASSED] - Object: 'Object Repository/Login/button_Masuk' is clicked on

2023-10-05 15:30:22 - [TEST_STEP][PASSED] - verifyElementPresent(findTestObject("Login/li_Profile"), 0): Object 'Object Repository/Login/li_Profile' is present

2023-10-05 15:30:22 - [MESSAGE][WARNING] - Timeout '0' is invalid. Using default page load timeout: '30'

2023-10-05 15:30:22 - [MESSAGE][PASSED] - Object 'Object Repository/Login/li_Profile' is present

2023-10-05 15:30:22 - [MESSAGE][PASSED] - Call Test Case 'Test Cases/T13 Pembelian, Shipment dan Pembayaran/LU-001' successfully

2023-10-05 15:30:22 - [TEST_STEP][PASSED] - mouseOver(findTestObject("beli barang/i_Mulai Belanja_icon-menu")): Object: 'Object Repository/beli barang/i_Mulai Belanja_icon-menu' is hovered

2023-10-05 15:30:23 - [MESSAGE][PASSED] - Object: 'Object Repository/beli barang/i_Mulai Belanja_icon-menu' is hovered

2023-10-05 15:30:23 - [TEST_STEP][PASSED] - click(findTestObject("beli barang/a_Fashion  Busana Wanita")): Object: 'Object Repository/beli barang/a_Fashion  Busana Wanita' is clicked on

2023-10-05 15:30:24 - [MESSAGE][PASSED] - Object: 'Object Repository/beli barang/a_Fashion  Busana Wanita' is clicked on

2023-10-05 15:30:24 - [TEST_STEP][PASSED] - NamaSebelum = getText(findTestObject("verifikasi/Nama sebelum")): Text of object 'Object Repository/verifikasi/Nama sebelum' is: ''

2023-10-05 15:30:24 - [MESSAGE][PASSED] - Text of object 'Object Repository/verifikasi/Nama sebelum' is: ''

2023-10-05 15:30:24 - [TEST_STEP][PASSED] - HargaSebelum = getText(findTestObject("verifikasi/Harga sebelum")): Text of object 'Object Repository/verifikasi/Harga sebelum' is: 'Rp 1,299'

2023-10-05 15:30:25 - [MESSAGE][PASSED] - Text of object 'Object Repository/verifikasi/Harga sebelum' is: 'Rp 1,299'

2023-10-05 15:30:25 - [TEST_STEP][PASSED] - mouseOver(findTestObject("beli barang/barang mouse over")): Object: 'Object Repository/beli barang/barang mouse over' is hovered

2023-10-05 15:30:25 - [MESSAGE][PASSED] - Object: 'Object Repository/beli barang/barang mouse over' is hovered

2023-10-05 15:30:25 - [TEST_STEP][PASSED] - click(findTestObject("beli barang/buttom add to cart")): Object: 'Object Repository/beli barang/buttom add to cart' is clicked on

2023-10-05 15:30:27 - [MESSAGE][PASSED] - Object: 'Object Repository/beli barang/buttom add to cart' is clicked on

2023-10-05 15:30:27 - [TEST_STEP][PASSED] - NamaSesudah = getText(findTestObject("verifikasi/Nama sesudah")): Text of object 'Object Repository/verifikasi/Nama sesudah' is: 'Segitiga Instan Madeira - MDB5.3 Sunset'

2023-10-05 15:30:27 - [MESSAGE][PASSED] - Text of object 'Object Repository/verifikasi/Nama sesudah' is: 'Segitiga Instan Madeira - MDB5.3 Sunset'

2023-10-05 15:30:27 - [TEST_STEP][PASSED] - HargaSesudah = getText(findTestObject("verifikasi/Harga sesudah")): Text of object 'Object Repository/verifikasi/Harga sesudah' is: 'Rp 1,299'

2023-10-05 15:30:28 - [MESSAGE][PASSED] - Text of object 'Object Repository/verifikasi/Harga sesudah' is: 'Rp 1,299'

2023-10-05 15:30:28 - [TEST_STEP][PASSED] - assert NamaSesudah.contains(NamaSebelum): null

2023-10-05 15:30:28 - [TEST_STEP][PASSED] - assert HargaSesudah.contains(HargaSebelum): null

2023-10-05 15:30:28 - [TEST_STEP][PASSED] - click(findTestObject("beli barang/Tambah Keranjang busana wanita")): Object: 'Object Repository/beli barang/Tambah Keranjang busana wanita' is clicked on

2023-10-05 15:30:28 - [MESSAGE][PASSED] - Object: 'Object Repository/beli barang/Tambah Keranjang busana wanita' is clicked on

2023-10-05 15:30:28 - [TEST_STEP][PASSED] - verifyElementPresent(findTestObject("checkout/Notifikasi keranjang"), 1): Object 'Object Repository/checkout/Notifikasi keranjang' is present

2023-10-05 15:30:29 - [MESSAGE][PASSED] - Object 'Object Repository/checkout/Notifikasi keranjang' is present

2023-10-05 15:30:29 - [TEST_STEP][PASSED] - data = new java.util.HashMap(): null

2023-10-05 15:30:29 - [TEST_STEP][PASSED] - data.put("nama_barang", NamaSesudah): null

2023-10-05 15:30:29 - [TEST_STEP][PASSED] - data.put("price_barang", HargaSesudah): null

2023-10-05 15:30:29 - [TEST_STEP][PASSED] - return data: null

2023-10-05 15:30:29 - [MESSAGE][PASSED] - Call Test Case 'Test Cases/T13 Pembelian, Shipment dan Pembayaran/PBL-001' successfully

2023-10-05 15:30:29 - [TEST_STEP][PASSED] - mouseOver(findTestObject("beli barang/keranjang")): Object: 'Object Repository/beli barang/keranjang' is hovered

2023-10-05 15:30:29 - [MESSAGE][PASSED] - Object: 'Object Repository/beli barang/keranjang' is hovered

2023-10-05 15:30:29 - [TEST_STEP][PASSED] - click(findTestObject("beli barang/Lihat Sekarang")): Object: 'Object Repository/beli barang/Lihat Sekarang' is clicked on

2023-10-05 15:30:30 - [MESSAGE][PASSED] - Object: 'Object Repository/beli barang/Lihat Sekarang' is clicked on

2023-10-05 15:30:30 - [TEST_STEP][PASSED] - verifyElementPresent(findTestObject("keranjang/li_Keranjang Belanja"), 0): Object 'Object Repository/keranjang/li_Keranjang Belanja' is present

2023-10-05 15:30:30 - [MESSAGE][WARNING] - Timeout '0' is invalid. Using default page load timeout: '30'

2023-10-05 15:30:31 - [MESSAGE][PASSED] - Object 'Object Repository/keranjang/li_Keranjang Belanja' is present

2023-10-05 15:30:31 - [TEST_STEP][PASSED] - NamaKeranjang = getText(findTestObject("verifikasi/Nama keranjang")): Text of object 'Object Repository/verifikasi/Nama keranjang' is: 'Segitiga Instan Madeira - MDB5.3 Sunset'

2023-10-05 15:30:31 - [MESSAGE][PASSED] - Text of object 'Object Repository/verifikasi/Nama keranjang' is: 'Segitiga Instan Madeira - MDB5.3 Sunset'

2023-10-05 15:30:31 - [TEST_STEP][PASSED] - HargaKeranjang = getText(findTestObject("verifikasi/Harga Keranjang")): Text of object 'Object Repository/verifikasi/Harga Keranjang' is: 'Rp 1,299'

2023-10-05 15:30:32 - [MESSAGE][PASSED] - Text of object 'Object Repository/verifikasi/Harga Keranjang' is: 'Rp 1,299'

2023-10-05 15:30:32 - [TEST_STEP][PASSED] - if (toString().equalsIgnoreCase("Merah")): Object 'Object Repository/keranjang/input_Warna_variasi101' is checked

2023-10-05 15:30:32 - [TEST_STEP][PASSED] - check(findTestObject("Object Repository/keranjang/input_Warna_variasi101")): Object 'Object Repository/keranjang/input_Warna_variasi101' is checked

2023-10-05 15:30:32 - [MESSAGE][PASSED] - Object 'Object Repository/keranjang/input_Warna_variasi101' is checked

2023-10-05 15:30:32 - [TEST_STEP][PASSED] - if (toString().equalsIgnoreCase("Menengah")): Object 'Object Repository/keranjang/input_Ukuran_variasi201' is checked

2023-10-05 15:30:32 - [TEST_STEP][PASSED] - check(findTestObject("Object Repository/keranjang/input_Ukuran_variasi201")): Object 'Object Repository/keranjang/input_Ukuran_variasi201' is checked

2023-10-05 15:30:33 - [MESSAGE][PASSED] - Object 'Object Repository/keranjang/input_Ukuran_variasi201' is checked

2023-10-05 15:30:33 - [TEST_STEP][PASSED] - data.put("Warna", warna): null

2023-10-05 15:30:33 - [TEST_STEP][PASSED] - data.put("Ukuran", ukuran): null

2023-10-05 15:30:33 - [TEST_STEP][PASSED] - click(findTestObject("keranjang/button_Lanjut ke Pembayaran")): Object: 'Object Repository/keranjang/button_Lanjut ke Pembayaran' is clicked on

2023-10-05 15:30:34 - [MESSAGE][PASSED] - Object: 'Object Repository/keranjang/button_Lanjut ke Pembayaran' is clicked on

2023-10-05 15:30:34 - [TEST_STEP][PASSED] - verifyElementPresent(findTestObject("checkout/Tittle Checkout Order"), 0): Object 'Object Repository/checkout/Tittle Checkout Order' is present

2023-10-05 15:30:34 - [MESSAGE][WARNING] - Timeout '0' is invalid. Using default page load timeout: '30'

2023-10-05 15:30:34 - [MESSAGE][PASSED] - Object 'Object Repository/checkout/Tittle Checkout Order' is present

2023-10-05 15:30:34 - [TEST_STEP][PASSED] - name_product = data.get("nama_barang"): null

2023-10-05 15:30:34 - [TEST_STEP][PASSED] - price_product = data.get("price_barang"): null

2023-10-05 15:30:34 - [TEST_STEP][PASSED] - assert name_product == NamaKeranjang: null

2023-10-05 15:30:34 - [TEST_STEP][PASSED] - assert price_product == HargaKeranjang: null

2023-10-05 15:30:34 - [TEST_STEP][PASSED] - return data: null

2023-10-05 15:30:34 - [MESSAGE][PASSED] - Call Test Case 'Test Cases/T13 Pembelian, Shipment dan Pembayaran/PBL-002' successfully

2023-10-05 15:30:34 - [TEST_STEP][PASSED] - warnaa = getText(findTestObject("verifikasi/warna Merah")): Text of object 'Object Repository/verifikasi/warna Merah' is: 'Merah'

2023-10-05 15:30:35 - [MESSAGE][PASSED] - Text of object 'Object Repository/verifikasi/warna Merah' is: 'Merah'

2023-10-05 15:30:35 - [TEST_STEP][PASSED] - ukurann = getText(findTestObject("verifikasi/Ukuran Menengah")): Text of object 'Object Repository/verifikasi/Ukuran Menengah' is: 'Menengah'

2023-10-05 15:30:35 - [MESSAGE][PASSED] - Text of object 'Object Repository/verifikasi/Ukuran Menengah' is: 'Menengah'

2023-10-05 15:30:35 - [TEST_STEP][PASSED] - warna1 = data.get("Warna"): null

2023-10-05 15:30:35 - [TEST_STEP][PASSED] - ukuran1 = data.get("Ukuran"): null

2023-10-05 15:30:35 - [TEST_STEP][PASSED] - assert warnaa == warna1: null

2023-10-05 15:30:35 - [TEST_STEP][PASSED] - assert ukurann == ukuran1: null

2023-10-05 15:30:35 - [TEST_STEP][PASSED] - NamaCheckout = getText(findTestObject("verifikasi/NamaCheckout")): Text of object 'Object Repository/verifikasi/NamaCheckout' is: ''

2023-10-05 15:30:36 - [MESSAGE][PASSED] - Text of object 'Object Repository/verifikasi/NamaCheckout' is: ''

2023-10-05 15:30:36 - [TEST_STEP][PASSED] - HargaCheckout = getText(findTestObject("verifikasi/HargaCheckout")): Text of object 'Object Repository/verifikasi/HargaCheckout' is: '1,299'

2023-10-05 15:30:36 - [MESSAGE][PASSED] - Text of object 'Object Repository/verifikasi/HargaCheckout' is: '1,299'

2023-10-05 15:30:36 - [TEST_STEP][PASSED] - name_product = data.get("nama_barang"): null

2023-10-05 15:30:36 - [TEST_STEP][PASSED] - price_product = data.get("price_barang"): null

2023-10-05 15:30:36 - [TEST_STEP][PASSED] - assert name_product.contains(NamaCheckout): null

2023-10-05 15:30:36 - [TEST_STEP][PASSED] - assert price_product.contains(HargaCheckout): null

2023-10-05 15:30:36 - [TEST_STEP][PASSED] - selectOptionByLabel(findTestObject("checkout/select - Kirim via Kurir Lokal"), Kurir, false): All options with label 'Roda 2' are selected in object 'Object Repository/checkout/select - Kirim via Kurir Lokal' 

2023-10-05 15:30:37 - [MESSAGE][PASSED] - All options with label 'Roda 2' are selected in object 'Object Repository/checkout/select - Kirim via Kurir Lokal' 

2023-10-05 15:30:37 - [TEST_STEP][PASSED] - click(findTestObject("checkout/Kendaraan Kurir")): Object: 'Object Repository/checkout/Kendaraan Kurir' is clicked on

2023-10-05 15:30:38 - [MESSAGE][PASSED] - Object: 'Object Repository/checkout/Kendaraan Kurir' is clicked on

2023-10-05 15:30:38 - [TEST_STEP][PASSED] - OngkosKirim = getText(findTestObject("Object Repository/verifikasi/Ongkos Kirim checkout")): Text of object 'Object Repository/verifikasi/Ongkos Kirim checkout' is: 'Rp. 5,000'

2023-10-05 15:30:38 - [MESSAGE][PASSED] - Text of object 'Object Repository/verifikasi/Ongkos Kirim checkout' is: 'Rp. 5,000'

2023-10-05 15:30:38 - [TEST_STEP][PASSED] - Ongkos = OngkosKirim.substring(3, OngkosKirim.size()): null

2023-10-05 15:30:38 - [TEST_STEP][PASSED] - rep = Ongkos.replace(",", "."): null

2023-10-05 15:30:38 - [TEST_STEP][PASSED] - Ongkos_kirim = Double.parseDouble(rep): null

2023-10-05 15:30:38 - [TEST_STEP][PASSED] - println(Ongkos_kirim): null

2023-10-05 15:30:38 - [TEST_STEP][PASSED] - FeeAdmin = getText(findTestObject("verifikasi/Fee Admin checkout")): Text of object 'Object Repository/verifikasi/Fee Admin checkout' is: 'Fee Admin
Rp 1,500'

2023-10-05 15:30:38 - [MESSAGE][PASSED] - Text of object 'Object Repository/verifikasi/Fee Admin checkout' is: 'Fee Admin
Rp 1,500'

2023-10-05 15:30:38 - [TEST_STEP][PASSED] - Fee_Admin = FeeAdmin.substring(12, FeeAdmin.size()): null

2023-10-05 15:30:38 - [TEST_STEP][PASSED] - fee = Fee_Admin.replace(",", "."): null

2023-10-05 15:30:38 - [TEST_STEP][PASSED] - fee_admin = Double.parseDouble(fee): null

2023-10-05 15:30:38 - [TEST_STEP][PASSED] - println(fee_admin): null

2023-10-05 15:30:38 - [TEST_STEP][PASSED] - Subtotal = getText(findTestObject("verifikasi/subtotal checkout")): Text of object 'Object Repository/verifikasi/subtotal checkout' is: 'Subtotal
Rp 1,299'

2023-10-05 15:30:39 - [MESSAGE][PASSED] - Text of object 'Object Repository/verifikasi/subtotal checkout' is: 'Subtotal
Rp 1,299'

2023-10-05 15:30:39 - [TEST_STEP][PASSED] - sub_total = Subtotal.substring(12, Subtotal.size()): null

2023-10-05 15:30:39 - [TEST_STEP][PASSED] - sub = sub_total.replace(",", "."): null

2023-10-05 15:30:39 - [TEST_STEP][PASSED] - sub_total = Double.parseDouble(sub): null

2023-10-05 15:30:39 - [TEST_STEP][PASSED] - println(sub_total): null

2023-10-05 15:30:39 - [TEST_STEP][PASSED] - Total = getText(findTestObject("verifikasi/Total checkout")): Text of object 'Object Repository/verifikasi/Total checkout' is: 'Rp 7,799'

2023-10-05 15:30:40 - [MESSAGE][PASSED] - Text of object 'Object Repository/verifikasi/Total checkout' is: 'Rp 7,799'

2023-10-05 15:30:40 - [TEST_STEP][PASSED] - totall = Total.substring(3, Total.size()): null

2023-10-05 15:30:40 - [TEST_STEP][PASSED] - total = totall.replace(",", "."): null

2023-10-05 15:30:40 - [TEST_STEP][PASSED] - totall = Double.parseDouble(total): null

2023-10-05 15:30:40 - [TEST_STEP][PASSED] - println(totall): null

2023-10-05 15:30:40 - [TEST_STEP][PASSED] - Total_Harga = Ongkos_kirim + fee_admin + sub_total: null

2023-10-05 15:30:40 - [TEST_STEP][PASSED] - println(Total_Harga): null

2023-10-05 15:30:40 - [TEST_STEP][PASSED] - TotalHarga = Math.round(Total_Harga * 1000) / 1000: null

2023-10-05 15:30:40 - [TEST_STEP][PASSED] - println(TotalHarga): null

2023-10-05 15:30:40 - [TEST_STEP][PASSED] - assert totall == TotalHarga: null

2023-10-05 15:30:40 - [TEST_STEP][PASSED] - click(findTestObject("verifikasi/Metode Transfer")): Object: 'Object Repository/verifikasi/Metode Transfer' is clicked on

2023-10-05 15:30:40 - [MESSAGE][PASSED] - Object: 'Object Repository/verifikasi/Metode Transfer' is clicked on

2023-10-05 15:30:40 - [TEST_STEP][PASSED] - click(findTestObject("checkout/button_Proses Pembayaran")): Object: 'Object Repository/checkout/button_Proses Pembayaran' is clicked on

2023-10-05 15:30:48 - [MESSAGE][PASSED] - Object: 'Object Repository/checkout/button_Proses Pembayaran' is clicked on

2023-10-05 15:30:48 - [TEST_STEP][PASSED] - verifyElementPresent(findTestObject("pembayaran/Tittle nomor invoice"), 0): Object 'Object Repository/pembayaran/Tittle nomor invoice' is present

2023-10-05 15:30:48 - [MESSAGE][WARNING] - Timeout '0' is invalid. Using default page load timeout: '30'

2023-10-05 15:30:48 - [MESSAGE][PASSED] - Object 'Object Repository/pembayaran/Tittle nomor invoice' is present

2023-10-05 15:30:48 - [TEST_STEP][PASSED] - return data: null

2023-10-05 15:30:48 - [MESSAGE][PASSED] - Call Test Case 'Test Cases/T13 Pembelian, Shipment dan Pembayaran/PBL-004' successfully

2023-10-05 15:30:48 - [TEST_STEP][PASSED] - Invoice = getText(findTestObject("pembayaran/nomor invoice")): Text of object 'Object Repository/pembayaran/nomor invoice' is: 'TRX60.20231005153044'

2023-10-05 15:30:49 - [MESSAGE][PASSED] - Text of object 'Object Repository/pembayaran/nomor invoice' is: 'TRX60.20231005153044'

2023-10-05 15:30:49 - [TEST_STEP][PASSED] - data.put("invoice", Invoice): null

2023-10-05 15:30:49 - [TEST_STEP][PASSED] - NamaPemesan = getText(findTestObject("Konfirmasi pesanan shop/Nama pemesan")): Text of object 'Object Repository/Konfirmasi pesanan shop/Nama pemesan' is: 'irfan.afandi'

2023-10-05 15:30:49 - [MESSAGE][PASSED] - Text of object 'Object Repository/Konfirmasi pesanan shop/Nama pemesan' is: 'irfan.afandi'

2023-10-05 15:30:49 - [TEST_STEP][PASSED] - Nama = getText(findTestObject("pembayaran/Nama barang")): Text of object 'Object Repository/pembayaran/Nama barang' is: 'Segitiga Instan Madeira - MDB5.3 Sunset'

2023-10-05 15:30:50 - [MESSAGE][PASSED] - Text of object 'Object Repository/pembayaran/Nama barang' is: 'Segitiga Instan Madeira - MDB5.3 Sunset'

2023-10-05 15:30:50 - [TEST_STEP][PASSED] - Harga = getText(findTestObject("pembayaran/Harga barang")): Text of object 'Object Repository/pembayaran/Harga barang' is: '1,299'

2023-10-05 15:30:50 - [MESSAGE][PASSED] - Text of object 'Object Repository/pembayaran/Harga barang' is: '1,299'

2023-10-05 15:30:50 - [TEST_STEP][PASSED] - name_product = data.get("nama_barang"): null

2023-10-05 15:30:50 - [TEST_STEP][PASSED] - price_product = data.get("price_barang"): null

2023-10-05 15:30:50 - [TEST_STEP][PASSED] - assert name_product.contains(Nama): null

2023-10-05 15:30:50 - [TEST_STEP][PASSED] - assert price_product.contains(Harga): null

2023-10-05 15:30:50 - [TEST_STEP][PASSED] - warnaa = getText(findTestObject("pembayaran/warna")): Text of object 'Object Repository/pembayaran/warna' is: 'Merah'

2023-10-05 15:30:51 - [MESSAGE][PASSED] - Text of object 'Object Repository/pembayaran/warna' is: 'Merah'

2023-10-05 15:30:51 - [TEST_STEP][PASSED] - ukurann = getText(findTestObject("pembayaran/ukuran")): Text of object 'Object Repository/pembayaran/ukuran' is: 'Menengah'

2023-10-05 15:30:51 - [MESSAGE][PASSED] - Text of object 'Object Repository/pembayaran/ukuran' is: 'Menengah'

2023-10-05 15:30:51 - [TEST_STEP][PASSED] - warna1 = data.get("Warna"): null

2023-10-05 15:30:51 - [TEST_STEP][PASSED] - ukuran1 = data.get("Ukuran"): null

2023-10-05 15:30:51 - [TEST_STEP][PASSED] - assert warnaa == warna1: null

2023-10-05 15:30:51 - [TEST_STEP][PASSED] - assert ukurann == ukuran1: null

2023-10-05 15:30:51 - [TEST_STEP][PASSED] - statusPembelian = getText(findTestObject("verifikasi/Status pending di pembelian")): Text of object 'Object Repository/verifikasi/Status pending di pembelian' is: 'Pending'

2023-10-05 15:30:52 - [MESSAGE][PASSED] - Text of object 'Object Repository/verifikasi/Status pending di pembelian' is: 'Pending'

2023-10-05 15:30:52 - [TEST_STEP][PASSED] - data.put("statusPem", statusPembelian): null

2023-10-05 15:30:52 - [TEST_STEP][PASSED] - OngkosKirim = getText(findTestObject("pembayaran/ongkos kirim")): Text of object 'Object Repository/pembayaran/ongkos kirim' is: 'Rp 5,000'

2023-10-05 15:30:52 - [MESSAGE][PASSED] - Text of object 'Object Repository/pembayaran/ongkos kirim' is: 'Rp 5,000'

2023-10-05 15:30:52 - [TEST_STEP][PASSED] - Ongkos = OngkosKirim.substring(3, OngkosKirim.size()): null

2023-10-05 15:30:52 - [TEST_STEP][PASSED] - rep = Ongkos.replace(",", ""): null

2023-10-05 15:30:52 - [TEST_STEP][PASSED] - Ongkos_kirimm = Integer.parseInt(rep): null

2023-10-05 15:30:52 - [TEST_STEP][PASSED] - println(Ongkos_kirimm): null

2023-10-05 15:30:52 - [TEST_STEP][PASSED] - FeeAdmin = getText(findTestObject("pembayaran/fee admin")): Text of object 'Object Repository/pembayaran/fee admin' is: 'Rp 1,500'

2023-10-05 15:30:53 - [MESSAGE][PASSED] - Text of object 'Object Repository/pembayaran/fee admin' is: 'Rp 1,500'

2023-10-05 15:30:53 - [TEST_STEP][PASSED] - Fee_Admin = FeeAdmin.substring(3, FeeAdmin.size()): null

2023-10-05 15:30:53 - [TEST_STEP][PASSED] - fee = Fee_Admin.replace(",", ""): null

2023-10-05 15:30:53 - [TEST_STEP][PASSED] - fee_adminn = Integer.parseInt(fee): null

2023-10-05 15:30:53 - [TEST_STEP][PASSED] - println(fee_adminn): null

2023-10-05 15:30:53 - [TEST_STEP][PASSED] - Subtotal = getText(findTestObject("pembayaran/subtotal")): Text of object 'Object Repository/pembayaran/subtotal' is: 'Rp 1,299'

2023-10-05 15:30:53 - [MESSAGE][PASSED] - Text of object 'Object Repository/pembayaran/subtotal' is: 'Rp 1,299'

2023-10-05 15:30:53 - [TEST_STEP][PASSED] - sub_total = Subtotal.substring(3, Subtotal.size()): null

2023-10-05 15:30:53 - [TEST_STEP][PASSED] - sub = sub_total.replace(",", ""): null

2023-10-05 15:30:53 - [TEST_STEP][PASSED] - sub_totall = Integer.parseInt(sub): null

2023-10-05 15:30:53 - [TEST_STEP][PASSED] - println(sub_totall): null

2023-10-05 15:30:53 - [TEST_STEP][PASSED] - unik = getText(findTestObject("pembayaran/kode unik")): Text of object 'Object Repository/pembayaran/kode unik' is: '+044'

2023-10-05 15:30:54 - [MESSAGE][PASSED] - Text of object 'Object Repository/pembayaran/kode unik' is: '+044'

2023-10-05 15:30:54 - [TEST_STEP][PASSED] - unikk = unik.replace("+", ""): null

2023-10-05 15:30:54 - [TEST_STEP][PASSED] - kode_unik = Integer.parseInt(unikk): null

2023-10-05 15:30:54 - [TEST_STEP][PASSED] - println(kode_unik): null

2023-10-05 15:30:54 - [TEST_STEP][PASSED] - Total = getText(findTestObject("pembayaran/total")): Text of object 'Object Repository/pembayaran/total' is: '7,843'

2023-10-05 15:30:54 - [MESSAGE][PASSED] - Text of object 'Object Repository/pembayaran/total' is: '7,843'

2023-10-05 15:30:54 - [TEST_STEP][PASSED] - total = Total.replace(",", ""): null

2023-10-05 15:30:54 - [TEST_STEP][PASSED] - totalll = Integer.parseInt(total): null

2023-10-05 15:30:54 - [TEST_STEP][PASSED] - println(totalll): null

2023-10-05 15:30:54 - [TEST_STEP][PASSED] - Total_Hargaa = Ongkos_kirimm + fee_adminn + sub_totall + kode_unik: null

2023-10-05 15:30:54 - [TEST_STEP][PASSED] - println(Total_Hargaa): null

2023-10-05 15:30:54 - [TEST_STEP][PASSED] - assert totalll == Total_Hargaa: null

2023-10-05 15:30:54 - [TEST_STEP][PASSED] - data.put("total", Total): null

2023-10-05 15:30:54 - [TEST_STEP][PASSED] - data.put("nama", NamaPemesan): null

2023-10-05 15:30:54 - [TEST_STEP][PASSED] - return data: null

2023-10-05 15:30:54 - [MESSAGE][PASSED] - Call Test Case 'Test Cases/T13 Pembelian, Shipment dan Pembayaran/PBY-001' successfully

2023-10-05 15:30:54 - [TEST_STEP][PASSED] - inv = data.get("invoice"): null

2023-10-05 15:30:54 - [TEST_STEP][PASSED] - Total = data.get("total"): null

2023-10-05 15:30:54 - [TEST_STEP][PASSED] - NamaPemesan = data.get("nama"): null

2023-10-05 15:30:54 - [TEST_STEP][PASSED] - click(findTestObject("Konfirmasi pesanan shop/Menu Shop")): Object: 'Object Repository/Konfirmasi pesanan shop/Menu Shop' is clicked on

2023-10-05 15:30:56 - [MESSAGE][PASSED] - Object: 'Object Repository/Konfirmasi pesanan shop/Menu Shop' is clicked on

2023-10-05 15:30:56 - [TEST_STEP][PASSED] - click(findTestObject("Konfirmasi pesanan shop/Menu Shop")): Object: 'Object Repository/Konfirmasi pesanan shop/Menu Shop' is clicked on

2023-10-05 15:30:56 - [MESSAGE][PASSED] - Object: 'Object Repository/Konfirmasi pesanan shop/Menu Shop' is clicked on

2023-10-05 15:30:56 - [TEST_STEP][PASSED] - click(findTestObject("Konfirmasi pesanan shop/Konfirmasi Orders")): Object: 'Object Repository/Konfirmasi pesanan shop/Konfirmasi Orders' is clicked on

2023-10-05 15:30:57 - [MESSAGE][PASSED] - Object: 'Object Repository/Konfirmasi pesanan shop/Konfirmasi Orders' is clicked on

2023-10-05 15:30:57 - [TEST_STEP][PASSED] - verifyElementPresent(findTestObject("Konfirmasi pesanan shop/Tittle Konfirmasi Pesanan"), 0): Object 'Object Repository/Konfirmasi pesanan shop/Tittle Konfirmasi Pesanan' is present

2023-10-05 15:30:57 - [MESSAGE][WARNING] - Timeout '0' is invalid. Using default page load timeout: '30'

2023-10-05 15:30:58 - [MESSAGE][PASSED] - Object 'Object Repository/Konfirmasi pesanan shop/Tittle Konfirmasi Pesanan' is present

2023-10-05 15:30:58 - [TEST_STEP][PASSED] - setText(findTestObject("Konfirmasi pesanan shop/input_No Pesanan"), inv): Text 'TRX60.20231005153044' is set on object 'Object Repository/Konfirmasi pesanan shop/input_No Pesanan'

2023-10-05 15:30:58 - [MESSAGE][PASSED] - Text 'TRX60.20231005153044' is set on object 'Object Repository/Konfirmasi pesanan shop/input_No Pesanan'

2023-10-05 15:30:58 - [TEST_STEP][PASSED] - setText(findTestObject("Konfirmasi pesanan shop/input_Alamat E-mai"), "irfan@gmail.com"): Text 'irfan@gmail.com' is set on object 'Object Repository/Konfirmasi pesanan shop/input_Alamat E-mai'

2023-10-05 15:30:59 - [MESSAGE][PASSED] - Text 'irfan@gmail.com' is set on object 'Object Repository/Konfirmasi pesanan shop/input_Alamat E-mai'

2023-10-05 15:30:59 - [TEST_STEP][PASSED] - click(findTestObject("Konfirmasi pesanan shop/button_Submit")): Object: 'Object Repository/Konfirmasi pesanan shop/button_Submit' is clicked on

2023-10-05 15:31:00 - [MESSAGE][PASSED] - Object: 'Object Repository/Konfirmasi pesanan shop/button_Submit' is clicked on

2023-10-05 15:31:00 - [TEST_STEP][PASSED] - verifyElementPresent(findTestObject("Konfirmasi pesanan shop/Tittle nomor invoice"), 0): Object 'Object Repository/Konfirmasi pesanan shop/Tittle nomor invoice' is present

2023-10-05 15:31:00 - [MESSAGE][WARNING] - Timeout '0' is invalid. Using default page load timeout: '30'

2023-10-05 15:31:01 - [MESSAGE][PASSED] - Object 'Object Repository/Konfirmasi pesanan shop/Tittle nomor invoice' is present

2023-10-05 15:31:01 - [TEST_STEP][PASSED] - setText(findTestObject("Konfirmasi pesanan shop/input_Total TagihanTransfer_b"), Total): Text '7,843' is set on object 'Object Repository/Konfirmasi pesanan shop/input_Total TagihanTransfer_b'

2023-10-05 15:31:02 - [MESSAGE][PASSED] - Text '7,843' is set on object 'Object Repository/Konfirmasi pesanan shop/input_Total TagihanTransfer_b'

2023-10-05 15:31:02 - [TEST_STEP][PASSED] - selectOptionByValue(findTestObject("Konfirmasi pesanan shop/select_Bank"), "4", false): All options with value '4' are selected in object 'Object Repository/Konfirmasi pesanan shop/select_Bank' 

2023-10-05 15:31:03 - [MESSAGE][PASSED] - All options with value '4' are selected in object 'Object Repository/Konfirmasi pesanan shop/select_Bank' 

2023-10-05 15:31:03 - [TEST_STEP][PASSED] - setText(findTestObject("Konfirmasi pesanan shop/input_Nama Pengirim_d"), NamaPemesan): Text 'irfan.afandi' is set on object 'Object Repository/Konfirmasi pesanan shop/input_Nama Pengirim_d'

2023-10-05 15:31:03 - [MESSAGE][PASSED] - Text 'irfan.afandi' is set on object 'Object Repository/Konfirmasi pesanan shop/input_Nama Pengirim_d'

2023-10-05 15:31:03 - [TEST_STEP][PASSED] - uploadFile(findTestObject("keranjang/konfirmasi/input_Upload Bukti Transfer_f"), "C:\Users\IRFAN\Downloads\Berkas2.pdf"): File 'C:\Users\IRFAN\Downloads\Berkas2.pdf' sent to object: 'Object Repository/keranjang/konfirmasi/input_Upload Bukti Transfer_f'

2023-10-05 15:31:04 - [MESSAGE][PASSED] - File 'C:\Users\IRFAN\Downloads\Berkas2.pdf' sent to object: 'Object Repository/keranjang/konfirmasi/input_Upload Bukti Transfer_f'

2023-10-05 15:31:04 - [TEST_STEP][PASSED] - click(findTestObject("Konfirmasi pesanan shop/button_Konfirmasi Pembayaran")): Object: 'Object Repository/Konfirmasi pesanan shop/button_Konfirmasi Pembayaran' is clicked on

2023-10-05 15:31:05 - [MESSAGE][PASSED] - Object: 'Object Repository/Konfirmasi pesanan shop/button_Konfirmasi Pembayaran' is clicked on

2023-10-05 15:31:05 - [TEST_STEP][PASSED] - verifyElementPresent(findTestObject("Konfirmasi pesanan shop/Tittle Konfirmasi Pesanan"), 0): Object 'Object Repository/Konfirmasi pesanan shop/Tittle Konfirmasi Pesanan' is present

2023-10-05 15:31:05 - [MESSAGE][WARNING] - Timeout '0' is invalid. Using default page load timeout: '30'

2023-10-05 15:31:05 - [MESSAGE][PASSED] - Object 'Object Repository/Konfirmasi pesanan shop/Tittle Konfirmasi Pesanan' is present

2023-10-05 15:31:05 - [TEST_STEP][PASSED] - verifyElementPresent(findTestObject("Konfirmasi pesanan shop/Tittle massage succes Konfirmasi Pembayaran Pesanan"), 0): Object 'Object Repository/Konfirmasi pesanan shop/Tittle massage succes Konfirmasi Pembayaran Pesanan' is present

2023-10-05 15:31:06 - [MESSAGE][WARNING] - Timeout '0' is invalid. Using default page load timeout: '30'

2023-10-05 15:31:06 - [MESSAGE][PASSED] - Object 'Object Repository/Konfirmasi pesanan shop/Tittle massage succes Konfirmasi Pembayaran Pesanan' is present

2023-10-05 15:31:06 - [TEST_STEP][PASSED] - return data: null

2023-10-05 15:31:06 - [MESSAGE][PASSED] - Call Test Case 'Test Cases/T13 Pembelian, Shipment dan Pembayaran/PBY-004' successfully

2023-10-05 15:31:06 - [TEST_STEP][PASSED] - navigateToUrl("https://10.9.2.63/ecommerce/administrator/"): Navigate to 'https://10.9.2.63/ecommerce/administrator/' successfully

2023-10-05 15:31:06 - [MESSAGE][PASSED] - Navigate to 'https://10.9.2.63/ecommerce/administrator/' successfully

2023-10-05 15:31:06 - [TEST_STEP][PASSED] - verifyElementPresent(findTestObject("admin/Tittle ADMIN Login"), 0): Object 'Object Repository/admin/Tittle ADMIN Login' is present

2023-10-05 15:31:06 - [MESSAGE][WARNING] - Timeout '0' is invalid. Using default page load timeout: '30'

2023-10-05 15:31:07 - [MESSAGE][PASSED] - Object 'Object Repository/admin/Tittle ADMIN Login' is present

2023-10-05 15:31:07 - [TEST_STEP][PASSED] - setText(findTestObject("admin/Username"), "admin"): Text 'admin' is set on object 'Object Repository/admin/Username'

2023-10-05 15:31:08 - [MESSAGE][PASSED] - Text 'admin' is set on object 'Object Repository/admin/Username'

2023-10-05 15:31:08 - [TEST_STEP][PASSED] - setText(findTestObject("admin/Password"), "123admin123"): Text '123admin123' is set on object 'Object Repository/admin/Password'

2023-10-05 15:31:08 - [MESSAGE][PASSED] - Text '123admin123' is set on object 'Object Repository/admin/Password'

2023-10-05 15:31:08 - [TEST_STEP][PASSED] - click(findTestObject("admin/Remember Me")): Object: 'Object Repository/admin/Remember Me' is clicked on

2023-10-05 15:31:09 - [MESSAGE][PASSED] - Object: 'Object Repository/admin/Remember Me' is clicked on

2023-10-05 15:31:09 - [TEST_STEP][PASSED] - delay(10): Delayed 10 second(s)

2023-10-05 15:31:19 - [MESSAGE][PASSED] - Delayed 10 second(s)

2023-10-05 15:31:19 - [TEST_STEP][PASSED] - click(findTestObject("admin/buttom submit")): Object: 'Object Repository/admin/buttom submit' is clicked on

2023-10-05 15:31:20 - [MESSAGE][PASSED] - Object: 'Object Repository/admin/buttom submit' is clicked on

2023-10-05 15:31:20 - [TEST_STEP][PASSED] - verifyElementPresent(findTestObject("admin/Konf order konsumen/Tittle Dashboard"), 0): Object 'Object Repository/admin/Konf order konsumen/Tittle Dashboard' is present

2023-10-05 15:31:20 - [MESSAGE][WARNING] - Timeout '0' is invalid. Using default page load timeout: '30'

2023-10-05 15:31:21 - [MESSAGE][PASSED] - Object 'Object Repository/admin/Konf order konsumen/Tittle Dashboard' is present

2023-10-05 15:31:21 - [TEST_STEP][PASSED] - click(findTestObject("admin/Konf order konsumen/Menu Transaksi Market")): Object: 'Object Repository/admin/Konf order konsumen/Menu Transaksi Market' is clicked on

2023-10-05 15:31:21 - [MESSAGE][PASSED] - Object: 'Object Repository/admin/Konf order konsumen/Menu Transaksi Market' is clicked on

2023-10-05 15:31:21 - [TEST_STEP][PASSED] - click(findTestObject("admin/Konf order konsumen/Menu Konf. Order Konsumen")): Object: 'Object Repository/admin/Konf order konsumen/Menu Konf. Order Konsumen' is clicked on

2023-10-05 15:31:22 - [MESSAGE][PASSED] - Object: 'Object Repository/admin/Konf order konsumen/Menu Konf. Order Konsumen' is clicked on

2023-10-05 15:31:22 - [TEST_STEP][PASSED] - verifyElementPresent(findTestObject("admin/Konf order konsumen/Tittle Data Konfirmasi Pembayaran Konsumen"), 0): Object 'Object Repository/admin/Konf order konsumen/Tittle Data Konfirmasi Pembayaran Konsumen' is present

2023-10-05 15:31:22 - [MESSAGE][WARNING] - Timeout '0' is invalid. Using default page load timeout: '30'

2023-10-05 15:31:23 - [MESSAGE][PASSED] - Object 'Object Repository/admin/Konf order konsumen/Tittle Data Konfirmasi Pembayaran Konsumen' is present

2023-10-05 15:31:23 - [TEST_STEP][PASSED] - inv = data.get("invoice"): null

2023-10-05 15:31:23 - [TEST_STEP][PASSED] - setText(findTestObject("admin/Konf order konsumen/Search"), inv): Text 'TRX60.20231005153044' is set on object 'Object Repository/admin/Konf order konsumen/Search'

2023-10-05 15:31:24 - [MESSAGE][PASSED] - Text 'TRX60.20231005153044' is set on object 'Object Repository/admin/Konf order konsumen/Search'

2023-10-05 15:31:24 - [TEST_STEP][PASSED] - verifyElementText(findTestObject("admin/Konf order konsumen/Keterangan Lunas"), "Lunas"): Actual text and expected text of test object 'Object Repository/admin/Konf order konsumen/Keterangan Lunas' are matched.

2023-10-05 15:31:24 - [MESSAGE][PASSED] - Actual text and expected text of test object 'Object Repository/admin/Konf order konsumen/Keterangan Lunas' are matched.

2023-10-05 15:31:24 - [TEST_STEP][PASSED] - return data: null

2023-10-05 15:31:24 - [MESSAGE][PASSED] - Call Test Case 'Test Cases/T13 Pembelian, Shipment dan Pembayaran/PBYA-001' successfully

2023-10-05 15:31:24 - [TEST_STEP][PASSED] - click(findTestObject("admin/Penjualan ke konsumen/buttom Dashboard")): Object: 'Object Repository/admin/Penjualan ke konsumen/buttom Dashboard' is clicked on

2023-10-05 15:31:25 - [MESSAGE][PASSED] - Object: 'Object Repository/admin/Penjualan ke konsumen/buttom Dashboard' is clicked on

2023-10-05 15:31:25 - [TEST_STEP][PASSED] - click(findTestObject("admin/Konf order konsumen/Menu Transaksi Market")): Object: 'Object Repository/admin/Konf order konsumen/Menu Transaksi Market' is clicked on

2023-10-05 15:31:25 - [MESSAGE][PASSED] - Object: 'Object Repository/admin/Konf order konsumen/Menu Transaksi Market' is clicked on

2023-10-05 15:31:25 - [TEST_STEP][PASSED] - click(findTestObject("admin/Penjualan ke konsumen/a_Penjualan ke Konsumen")): Object: 'Object Repository/admin/Penjualan ke konsumen/a_Penjualan ke Konsumen' is clicked on

2023-10-05 15:31:28 - [MESSAGE][PASSED] - Object: 'Object Repository/admin/Penjualan ke konsumen/a_Penjualan ke Konsumen' is clicked on

2023-10-05 15:31:28 - [TEST_STEP][PASSED] - verifyElementPresent(findTestObject("admin/Tittle Data Transaksi Penjualan  Orderan Konsumen"), 0): Object 'Object Repository/admin/Tittle Data Transaksi Penjualan  Orderan Konsumen' is present

2023-10-05 15:31:28 - [MESSAGE][WARNING] - Timeout '0' is invalid. Using default page load timeout: '30'

2023-10-05 15:31:29 - [MESSAGE][PASSED] - Object 'Object Repository/admin/Tittle Data Transaksi Penjualan  Orderan Konsumen' is present

2023-10-05 15:31:29 - [TEST_STEP][PASSED] - return data: null

2023-10-05 15:31:29 - [MESSAGE][PASSED] - Call Test Case 'Test Cases/T13 Pembelian, Shipment dan Pembayaran/SA-001' successfully

2023-10-05 15:31:29 - [TEST_STEP][PASSED] - inv = data.get("invoice"): null

2023-10-05 15:31:29 - [TEST_STEP][PASSED] - setText(findTestObject("admin/Penjualan ke konsumen/Search"), inv): Text 'TRX60.20231005153044' is set on object 'Object Repository/admin/Penjualan ke konsumen/Search'

2023-10-05 15:31:30 - [MESSAGE][PASSED] - Text 'TRX60.20231005153044' is set on object 'Object Repository/admin/Penjualan ke konsumen/Search'

2023-10-05 15:31:30 - [TEST_STEP][PASSED] - click(findTestObject("admin/Penjualan ke konsumen/buttom konfirmasi pending payment"), CONTINUE_ON_FAILURE): Object: 'Object Repository/admin/Penjualan ke konsumen/buttom konfirmasi pending payment' is clicked on

2023-10-05 15:31:30 - [MESSAGE][PASSED] - Object: 'Object Repository/admin/Penjualan ke konsumen/buttom konfirmasi pending payment' is clicked on

2023-10-05 15:31:30 - [TEST_STEP][PASSED] - waitForAlert(5, OPTIONAL): Alert is present after 5 second(s).

2023-10-05 15:31:30 - [MESSAGE][PASSED] - Alert is present after 5 second(s).

2023-10-05 15:31:30 - [TEST_STEP][PASSED] - acceptAlert(): Alert accepted

2023-10-05 15:31:30 - [MESSAGE][PASSED] - Alert accepted

2023-10-05 15:31:30 - [TEST_STEP][PASSED] - setText(findTestObject("admin/Penjualan ke konsumen/Search"), inv): Text 'TRX60.20231005153044' is set on object 'Object Repository/admin/Penjualan ke konsumen/Search'

2023-10-05 15:31:38 - [MESSAGE][PASSED] - Text 'TRX60.20231005153044' is set on object 'Object Repository/admin/Penjualan ke konsumen/Search'

2023-10-05 15:31:38 - [TEST_STEP][PASSED] - verifyTextNotPresent("pending payment", false): Text 'pending payment' is not present on page

2023-10-05 15:31:39 - [MESSAGE][PASSED] - Text 'pending payment' is not present on page

2023-10-05 15:31:39 - [TEST_STEP][PASSED] - return data: null

2023-10-05 15:31:39 - [MESSAGE][PASSED] - Call Test Case 'Test Cases/T13 Pembelian, Shipment dan Pembayaran/SA-002' successfully

2023-10-05 15:31:39 - [TEST_STEP][PASSED] - click(findTestObject("admin/Penjualan ke konsumen/buttom scroldown")): Object: 'Object Repository/admin/Penjualan ke konsumen/buttom scroldown' is clicked on

2023-10-05 15:31:39 - [MESSAGE][PASSED] - Object: 'Object Repository/admin/Penjualan ke konsumen/buttom scroldown' is clicked on

2023-10-05 15:31:39 - [TEST_STEP][PASSED] - click(findTestObject("shipment/a_Pending"), CONTINUE_ON_FAILURE): Object: 'Object Repository/shipment/a_Pending' is clicked on

2023-10-05 15:31:39 - [MESSAGE][PASSED] - Object: 'Object Repository/shipment/a_Pending' is clicked on

2023-10-05 15:31:39 - [TEST_STEP][PASSED] - waitForAlert(5, OPTIONAL): Alert is present after 5 second(s).

2023-10-05 15:31:39 - [MESSAGE][PASSED] - Alert is present after 5 second(s).

2023-10-05 15:31:39 - [TEST_STEP][PASSED] - acceptAlert(): Alert accepted

2023-10-05 15:31:39 - [MESSAGE][PASSED] - Alert accepted

2023-10-05 15:31:39 - [TEST_STEP][PASSED] - inv = data.get("invoice"): null

2023-10-05 15:31:39 - [TEST_STEP][PASSED] - setText(findTestObject("admin/Penjualan ke konsumen/Search"), inv): Text 'TRX60.20231005153044' is set on object 'Object Repository/admin/Penjualan ke konsumen/Search'

2023-10-05 15:31:47 - [MESSAGE][PASSED] - Text 'TRX60.20231005153044' is set on object 'Object Repository/admin/Penjualan ke konsumen/Search'

2023-10-05 15:31:47 - [TEST_STEP][PASSED] - delay(10): Delayed 10 second(s)

2023-10-05 15:31:57 - [MESSAGE][PASSED] - Delayed 10 second(s)

2023-10-05 15:31:57 - [TEST_STEP][PASSED] - verifyElementText(findTestObject("PROSES PENJUALAN/Pending"), "Pending"): Actual text and expected text of test object 'Object Repository/PROSES PENJUALAN/Pending' are matched.

2023-10-05 15:31:58 - [MESSAGE][PASSED] - Actual text and expected text of test object 'Object Repository/PROSES PENJUALAN/Pending' are matched.

2023-10-05 15:31:58 - [TEST_STEP][PASSED] - pending = getText(findTestObject("PROSES PENJUALAN/Pending")): Text of object 'Object Repository/PROSES PENJUALAN/Pending' is: 'Pending'

2023-10-05 15:31:58 - [MESSAGE][PASSED] - Text of object 'Object Repository/PROSES PENJUALAN/Pending' is: 'Pending'

2023-10-05 15:31:58 - [TEST_STEP][PASSED] - data.put("statusPending", pending): null

2023-10-05 15:31:58 - [TEST_STEP][PASSED] - return data: null

2023-10-05 15:31:58 - [MESSAGE][PASSED] - Call Test Case 'Test Cases/T13 Pembelian, Shipment dan Pembayaran/SA-006' successfully

2023-10-05 15:31:58 - [TEST_STEP][PASSED] - openBrowser("https://10.9.2.63/ecommerce/"): Browser is opened with url: 'https://10.9.2.63/ecommerce/'

2023-10-05 15:31:58 - [MESSAGE][WARNING] - A browser is already opened. Closing browser and opening a new one

2023-10-05 15:31:59 - [MESSAGE][INFO] - Starting 'Edge Chromium' driver

2023-10-05 15:31:59 - [MESSAGE][INFO] - User set preference: ['acceptInsecureCerts', 'true']

2023-10-05 15:32:01 - [MESSAGE][INFO] - Action delay is set to 0 milliseconds

2023-10-05 15:32:05 - [MESSAGE][PASSED] - Browser is opened with url: 'https://10.9.2.63/ecommerce/'

2023-10-05 15:32:05 - [TEST_STEP][PASSED] - maximizeWindow(): Current window maximized

2023-10-05 15:32:05 - [MESSAGE][PASSED] - Current window maximized

2023-10-05 15:32:05 - [TEST_STEP][PASSED] - verifyElementPresent(findTestObject("Login/Home"), 0): Object 'Object Repository/Login/Home' is present

2023-10-05 15:32:05 - [MESSAGE][WARNING] - Timeout '0' is invalid. Using default page load timeout: '30'

2023-10-05 15:32:06 - [MESSAGE][PASSED] - Object 'Object Repository/Login/Home' is present

2023-10-05 15:32:06 - [TEST_STEP][PASSED] - click(findTestObject("Login/a_Login")): Object: 'Object Repository/Login/a_Login' is clicked on

2023-10-05 15:32:06 - [MESSAGE][PASSED] - Object: 'Object Repository/Login/a_Login' is clicked on

2023-10-05 15:32:06 - [TEST_STEP][PASSED] - verifyElementPresent(findTestObject("Login/Tittle Login"), 0): Object 'Object Repository/Login/Tittle Login' is present

2023-10-05 15:32:06 - [MESSAGE][WARNING] - Timeout '0' is invalid. Using default page load timeout: '30'

2023-10-05 15:32:07 - [MESSAGE][PASSED] - Object 'Object Repository/Login/Tittle Login' is present

2023-10-05 15:32:07 - [TEST_STEP][PASSED] - setText(findTestObject("Login/input_Username, Email atau No. Handphone_a"), "irfanafandi"): Text 'irfanafandi' is set on object 'Object Repository/Login/input_Username, Email atau No. Handphone_a'

2023-10-05 15:32:08 - [MESSAGE][PASSED] - Text 'irfanafandi' is set on object 'Object Repository/Login/input_Username, Email atau No. Handphone_a'

2023-10-05 15:32:08 - [TEST_STEP][PASSED] - setText(findTestObject("Login/input_Password_b"), "12345irfan"): Text '12345irfan' is set on object 'Object Repository/Login/input_Password_b'

2023-10-05 15:32:09 - [MESSAGE][PASSED] - Text '12345irfan' is set on object 'Object Repository/Login/input_Password_b'

2023-10-05 15:32:09 - [TEST_STEP][PASSED] - click(findTestObject("Login/button_Masuk")): Object: 'Object Repository/Login/button_Masuk' is clicked on

2023-10-05 15:32:10 - [MESSAGE][PASSED] - Object: 'Object Repository/Login/button_Masuk' is clicked on

2023-10-05 15:32:10 - [TEST_STEP][PASSED] - verifyElementPresent(findTestObject("Login/li_Profile"), 0): Object 'Object Repository/Login/li_Profile' is present

2023-10-05 15:32:10 - [MESSAGE][WARNING] - Timeout '0' is invalid. Using default page load timeout: '30'

2023-10-05 15:32:11 - [MESSAGE][PASSED] - Object 'Object Repository/Login/li_Profile' is present

2023-10-05 15:32:11 - [TEST_STEP][PASSED] - click(findTestObject("Konfirmasi pesanan shop/Menu Shop")): Object: 'Object Repository/Konfirmasi pesanan shop/Menu Shop' is clicked on

2023-10-05 15:32:12 - [MESSAGE][PASSED] - Object: 'Object Repository/Konfirmasi pesanan shop/Menu Shop' is clicked on

2023-10-05 15:32:12 - [TEST_STEP][PASSED] - click(findTestObject("Konfirmasi pesanan shop/Menu Shop")): Object: 'Object Repository/Konfirmasi pesanan shop/Menu Shop' is clicked on

2023-10-05 15:32:12 - [MESSAGE][PASSED] - Object: 'Object Repository/Konfirmasi pesanan shop/Menu Shop' is clicked on

2023-10-05 15:32:12 - [TEST_STEP][PASSED] - click(findTestObject("Traking Order/a_Tracking Orders")): Object: 'Object Repository/Traking Order/a_Tracking Orders' is clicked on

2023-10-05 15:32:13 - [MESSAGE][PASSED] - Object: 'Object Repository/Traking Order/a_Tracking Orders' is clicked on

2023-10-05 15:32:13 - [TEST_STEP][PASSED] - verifyElementPresent(findTestObject("Traking Order/Tittle Tracking Order"), 0): Object 'Object Repository/Traking Order/Tittle Tracking Order' is present

2023-10-05 15:32:13 - [MESSAGE][WARNING] - Timeout '0' is invalid. Using default page load timeout: '30'

2023-10-05 15:32:14 - [MESSAGE][PASSED] - Object 'Object Repository/Traking Order/Tittle Tracking Order' is present

2023-10-05 15:32:14 - [TEST_STEP][PASSED] - inv = data.get("invoice"): null

2023-10-05 15:32:14 - [TEST_STEP][PASSED] - setText(findTestObject("Traking Order/input_No Pesanan_a"), inv): Text 'TRX60.20231005153044' is set on object 'Object Repository/Traking Order/input_No Pesanan_a'

2023-10-05 15:32:15 - [MESSAGE][PASSED] - Text 'TRX60.20231005153044' is set on object 'Object Repository/Traking Order/input_No Pesanan_a'

2023-10-05 15:32:15 - [TEST_STEP][PASSED] - setText(findTestObject("Traking Order/input_Alamat E-mail_form-control"), "irfan@gmail.com"): Text 'irfan@gmail.com' is set on object 'Object Repository/Traking Order/input_Alamat E-mail_form-control'

2023-10-05 15:32:15 - [MESSAGE][PASSED] - Text 'irfan@gmail.com' is set on object 'Object Repository/Traking Order/input_Alamat E-mail_form-control'

2023-10-05 15:32:15 - [TEST_STEP][PASSED] - click(findTestObject("Traking Order/button_Lacak Pesanan")): Object: 'Object Repository/Traking Order/button_Lacak Pesanan' is clicked on

2023-10-05 15:32:19 - [MESSAGE][PASSED] - Object: 'Object Repository/Traking Order/button_Lacak Pesanan' is clicked on

2023-10-05 15:32:19 - [TEST_STEP][PASSED] - verifyElementPresent(findTestObject("Traking Order/Tittle nomor transaksi"), 0): Object 'Object Repository/Traking Order/Tittle nomor transaksi' is present

2023-10-05 15:32:19 - [MESSAGE][WARNING] - Timeout '0' is invalid. Using default page load timeout: '30'

2023-10-05 15:32:19 - [MESSAGE][PASSED] - Object 'Object Repository/Traking Order/Tittle nomor transaksi' is present

2023-10-05 15:32:19 - [TEST_STEP][PASSED] - Nama = getText(findTestObject("Object Repository/Traking Order/status traking/Nama Barang tracking order")): Text of object 'Object Repository/Traking Order/status traking/Nama Barang tracking order' is: 'Segitiga Instan Madeira - MDB5.3 Sunset'

2023-10-05 15:32:19 - [MESSAGE][PASSED] - Text of object 'Object Repository/Traking Order/status traking/Nama Barang tracking order' is: 'Segitiga Instan Madeira - MDB5.3 Sunset'

2023-10-05 15:32:19 - [TEST_STEP][PASSED] - Harga = getText(findTestObject("Object Repository/Traking Order/status traking/Harga Barang")): Text of object 'Object Repository/Traking Order/status traking/Harga Barang' is: '1,299'

2023-10-05 15:32:20 - [MESSAGE][PASSED] - Text of object 'Object Repository/Traking Order/status traking/Harga Barang' is: '1,299'

2023-10-05 15:32:20 - [TEST_STEP][PASSED] - name_product = data.get("nama_barang"): null

2023-10-05 15:32:20 - [TEST_STEP][PASSED] - price_product = data.get("price_barang"): null

2023-10-05 15:32:20 - [TEST_STEP][PASSED] - assert name_product.contains(Nama): null

2023-10-05 15:32:20 - [TEST_STEP][PASSED] - assert price_product.contains(Harga): null

2023-10-05 15:32:20 - [TEST_STEP][PASSED] - warnaa = getText(findTestObject("Object Repository/Traking Order/status traking/warna")): Text of object 'Object Repository/Traking Order/status traking/warna' is: 'Merah'

2023-10-05 15:32:20 - [MESSAGE][PASSED] - Text of object 'Object Repository/Traking Order/status traking/warna' is: 'Merah'

2023-10-05 15:32:20 - [TEST_STEP][PASSED] - ukurann = getText(findTestObject("Object Repository/Traking Order/status traking/Ukuruan")): Text of object 'Object Repository/Traking Order/status traking/Ukuruan' is: 'Menengah'

2023-10-05 15:32:20 - [MESSAGE][PASSED] - Text of object 'Object Repository/Traking Order/status traking/Ukuruan' is: 'Menengah'

2023-10-05 15:32:20 - [TEST_STEP][PASSED] - warna1 = data.get("Warna"): null

2023-10-05 15:32:20 - [TEST_STEP][PASSED] - ukuran1 = data.get("Ukuran"): null

2023-10-05 15:32:21 - [TEST_STEP][PASSED] - assert warnaa == warna1: null

2023-10-05 15:32:21 - [TEST_STEP][PASSED] - assert ukurann == ukuran1: null

2023-10-05 15:32:21 - [TEST_STEP][PASSED] - Pending = getText(findTestObject("Beli tanpa akun/Pending")): Text of object 'Object Repository/Beli tanpa akun/Pending' is: 'Pending'

2023-10-05 15:32:21 - [MESSAGE][PASSED] - Text of object 'Object Repository/Beli tanpa akun/Pending' is: 'Pending'

2023-10-05 15:32:21 - [TEST_STEP][PASSED] - statusPembayaran = data.get("statusPending"): null

2023-10-05 15:32:21 - [TEST_STEP][PASSED] - assert Pending == statusPembayaran: null]]></system-out>
         <system-err><![CDATA[]]></system-err>
      </testcase>
      <testcase name="Test Cases/T13 Pembelian, Shipment dan Pembayaran/SU-006" time="111.464" classname="Test Cases/T13 Pembelian, Shipment dan Pembayaran/SU-006" status="PASSED">
         <system-out><![CDATA[2023-10-05 15:32:21 - [TEST_CASE][PASSED] - Test Cases/T13 Pembelian, Shipment dan Pembayaran/SU-006: Test Cases/T13 Pembelian, Shipment dan Pembayaran/SU-006

2023-10-05 15:32:21 - [TEST_STEP][PASSED] - data = callTestCase(findTestCase("T13 Pembelian, Shipment dan Pembayaran/SA-005"), [:], STOP_ON_FAILURE): Call Test Case 'Test Cases/T13 Pembelian, Shipment dan Pembayaran/SA-005' successfully

2023-10-05 15:32:21 - [TEST_CASE][PASSED] - Test Cases/T13 Pembelian, Shipment dan Pembayaran/SA-005: Test Cases/T13 Pembelian, Shipment dan Pembayaran/SA-005

2023-10-05 15:32:21 - [TEST_STEP][PASSED] - data = callTestCase(findTestCase("T13 Pembelian, Shipment dan Pembayaran/SA-002"), [:], STOP_ON_FAILURE): Call Test Case 'Test Cases/T13 Pembelian, Shipment dan Pembayaran/SA-002' successfully

2023-10-05 15:32:21 - [TEST_CASE][PASSED] - Test Cases/T13 Pembelian, Shipment dan Pembayaran/SA-002: Test Cases/T13 Pembelian, Shipment dan Pembayaran/SA-002

2023-10-05 15:32:21 - [TEST_STEP][PASSED] - data = callTestCase(findTestCase("T13 Pembelian, Shipment dan Pembayaran/SA-001"), [:], STOP_ON_FAILURE): Call Test Case 'Test Cases/T13 Pembelian, Shipment dan Pembayaran/SA-001' successfully

2023-10-05 15:32:21 - [TEST_CASE][PASSED] - Test Cases/T13 Pembelian, Shipment dan Pembayaran/SA-001: Test Cases/T13 Pembelian, Shipment dan Pembayaran/SA-001

2023-10-05 15:32:21 - [TEST_STEP][PASSED] - data = callTestCase(findTestCase("T13 Pembelian, Shipment dan Pembayaran/PBYA-001"), [:], STOP_ON_FAILURE): Call Test Case 'Test Cases/T13 Pembelian, Shipment dan Pembayaran/PBYA-001' successfully

2023-10-05 15:32:21 - [TEST_CASE][PASSED] - Test Cases/T13 Pembelian, Shipment dan Pembayaran/PBYA-001: Test Cases/T13 Pembelian, Shipment dan Pembayaran/PBYA-001

2023-10-05 15:32:22 - [TEST_STEP][PASSED] - data = callTestCase(findTestCase("T13 Pembelian, Shipment dan Pembayaran/PBY-004"), [:], STOP_ON_FAILURE): Call Test Case 'Test Cases/T13 Pembelian, Shipment dan Pembayaran/PBY-004' successfully

2023-10-05 15:32:22 - [TEST_CASE][PASSED] - Test Cases/T13 Pembelian, Shipment dan Pembayaran/PBY-004: Test Cases/T13 Pembelian, Shipment dan Pembayaran/PBY-004

2023-10-05 15:32:22 - [TEST_STEP][PASSED] - data = callTestCase(findTestCase("T13 Pembelian, Shipment dan Pembayaran/PBY-001"), [:], STOP_ON_FAILURE): Call Test Case 'Test Cases/T13 Pembelian, Shipment dan Pembayaran/PBY-001' successfully

2023-10-05 15:32:22 - [TEST_CASE][PASSED] - Test Cases/T13 Pembelian, Shipment dan Pembayaran/PBY-001: Test Cases/T13 Pembelian, Shipment dan Pembayaran/PBY-001

2023-10-05 15:32:22 - [TEST_STEP][PASSED] - data = callTestCase(findTestCase("T13 Pembelian, Shipment dan Pembayaran/PBL-004"), ["Kurir":"Roda 2"], STOP_ON_FAILURE): Call Test Case 'Test Cases/T13 Pembelian, Shipment dan Pembayaran/PBL-004' successfully

2023-10-05 15:32:22 - [TEST_CASE][PASSED] - Test Cases/T13 Pembelian, Shipment dan Pembayaran/PBL-004: Test Cases/T13 Pembelian, Shipment dan Pembayaran/PBL-004

2023-10-05 15:32:22 - [TEST_STEP][PASSED] - data = callTestCase(findTestCase("T13 Pembelian, Shipment dan Pembayaran/PBL-002"), [:], STOP_ON_FAILURE): Call Test Case 'Test Cases/T13 Pembelian, Shipment dan Pembayaran/PBL-002' successfully

2023-10-05 15:32:22 - [TEST_CASE][PASSED] - Test Cases/T13 Pembelian, Shipment dan Pembayaran/PBL-002: Test Cases/T13 Pembelian, Shipment dan Pembayaran/PBL-002

2023-10-05 15:32:22 - [TEST_STEP][PASSED] - data = callTestCase(findTestCase("T13 Pembelian, Shipment dan Pembayaran/PBL-001"), [:], STOP_ON_FAILURE): Call Test Case 'Test Cases/T13 Pembelian, Shipment dan Pembayaran/PBL-001' successfully

2023-10-05 15:32:22 - [TEST_CASE][PASSED] - Test Cases/T13 Pembelian, Shipment dan Pembayaran/PBL-001: Test Cases/T13 Pembelian, Shipment dan Pembayaran/PBL-001

2023-10-05 15:32:22 - [TEST_STEP][PASSED] - callTestCase(findTestCase("T13 Pembelian, Shipment dan Pembayaran/LU-001"), ["username":"irfanafandi", "password":"12345irfan"], STOP_ON_FAILURE): Call Test Case 'Test Cases/T13 Pembelian, Shipment dan Pembayaran/LU-001' successfully

2023-10-05 15:32:22 - [TEST_CASE][PASSED] - Test Cases/T13 Pembelian, Shipment dan Pembayaran/LU-001: Test Cases/T13 Pembelian, Shipment dan Pembayaran/LU-001

2023-10-05 15:32:22 - [TEST_STEP][PASSED] - openBrowser("https://10.9.2.63/ecommerce/"): Browser is opened with url: 'https://10.9.2.63/ecommerce/'

2023-10-05 15:32:22 - [MESSAGE][WARNING] - A browser is already opened. Closing browser and opening a new one

2023-10-05 15:32:23 - [MESSAGE][INFO] - Starting 'Edge Chromium' driver

2023-10-05 15:32:23 - [MESSAGE][INFO] - User set preference: ['acceptInsecureCerts', 'true']

2023-10-05 15:32:25 - [MESSAGE][INFO] - Action delay is set to 0 milliseconds

2023-10-05 15:32:29 - [MESSAGE][PASSED] - Browser is opened with url: 'https://10.9.2.63/ecommerce/'

2023-10-05 15:32:29 - [TEST_STEP][PASSED] - maximizeWindow(): Current window maximized

2023-10-05 15:32:29 - [MESSAGE][PASSED] - Current window maximized

2023-10-05 15:32:29 - [TEST_STEP][PASSED] - verifyElementPresent(findTestObject("Login/Home"), 0): Object 'Object Repository/Login/Home' is present

2023-10-05 15:32:29 - [MESSAGE][WARNING] - Timeout '0' is invalid. Using default page load timeout: '30'

2023-10-05 15:32:29 - [MESSAGE][PASSED] - Object 'Object Repository/Login/Home' is present

2023-10-05 15:32:29 - [TEST_STEP][PASSED] - click(findTestObject("Login/a_Login")): Object: 'Object Repository/Login/a_Login' is clicked on

2023-10-05 15:32:30 - [MESSAGE][PASSED] - Object: 'Object Repository/Login/a_Login' is clicked on

2023-10-05 15:32:30 - [TEST_STEP][PASSED] - verifyElementPresent(findTestObject("Login/Tittle Login"), 0): Object 'Object Repository/Login/Tittle Login' is present

2023-10-05 15:32:30 - [MESSAGE][WARNING] - Timeout '0' is invalid. Using default page load timeout: '30'

2023-10-05 15:32:31 - [MESSAGE][PASSED] - Object 'Object Repository/Login/Tittle Login' is present

2023-10-05 15:32:31 - [TEST_STEP][PASSED] - setText(findTestObject("Login/input_Username, Email atau No. Handphone_a"), username): Text 'irfanafandi' is set on object 'Object Repository/Login/input_Username, Email atau No. Handphone_a'

2023-10-05 15:32:32 - [MESSAGE][PASSED] - Text 'irfanafandi' is set on object 'Object Repository/Login/input_Username, Email atau No. Handphone_a'

2023-10-05 15:32:32 - [TEST_STEP][PASSED] - setText(findTestObject("Login/input_Password_b"), password): Text '12345irfan' is set on object 'Object Repository/Login/input_Password_b'

2023-10-05 15:32:32 - [MESSAGE][PASSED] - Text '12345irfan' is set on object 'Object Repository/Login/input_Password_b'

2023-10-05 15:32:32 - [TEST_STEP][PASSED] - click(findTestObject("Login/label_Ingat saya")): Object: 'Object Repository/Login/label_Ingat saya' is clicked on

2023-10-05 15:32:33 - [MESSAGE][PASSED] - Object: 'Object Repository/Login/label_Ingat saya' is clicked on

2023-10-05 15:32:33 - [TEST_STEP][PASSED] - click(findTestObject("Login/button_Masuk")): Object: 'Object Repository/Login/button_Masuk' is clicked on

2023-10-05 15:32:34 - [MESSAGE][PASSED] - Object: 'Object Repository/Login/button_Masuk' is clicked on

2023-10-05 15:32:34 - [TEST_STEP][PASSED] - verifyElementPresent(findTestObject("Login/li_Profile"), 0): Object 'Object Repository/Login/li_Profile' is present

2023-10-05 15:32:34 - [MESSAGE][WARNING] - Timeout '0' is invalid. Using default page load timeout: '30'

2023-10-05 15:32:35 - [MESSAGE][PASSED] - Object 'Object Repository/Login/li_Profile' is present

2023-10-05 15:32:35 - [MESSAGE][PASSED] - Call Test Case 'Test Cases/T13 Pembelian, Shipment dan Pembayaran/LU-001' successfully

2023-10-05 15:32:35 - [TEST_STEP][PASSED] - mouseOver(findTestObject("beli barang/i_Mulai Belanja_icon-menu")): Object: 'Object Repository/beli barang/i_Mulai Belanja_icon-menu' is hovered

2023-10-05 15:32:36 - [MESSAGE][PASSED] - Object: 'Object Repository/beli barang/i_Mulai Belanja_icon-menu' is hovered

2023-10-05 15:32:36 - [TEST_STEP][PASSED] - click(findTestObject("beli barang/a_Fashion  Busana Wanita")): Object: 'Object Repository/beli barang/a_Fashion  Busana Wanita' is clicked on

2023-10-05 15:32:37 - [MESSAGE][PASSED] - Object: 'Object Repository/beli barang/a_Fashion  Busana Wanita' is clicked on

2023-10-05 15:32:37 - [TEST_STEP][PASSED] - NamaSebelum = getText(findTestObject("verifikasi/Nama sebelum")): Text of object 'Object Repository/verifikasi/Nama sebelum' is: ''

2023-10-05 15:32:37 - [MESSAGE][PASSED] - Text of object 'Object Repository/verifikasi/Nama sebelum' is: ''

2023-10-05 15:32:37 - [TEST_STEP][PASSED] - HargaSebelum = getText(findTestObject("verifikasi/Harga sebelum")): Text of object 'Object Repository/verifikasi/Harga sebelum' is: 'Rp 1,299'

2023-10-05 15:32:38 - [MESSAGE][PASSED] - Text of object 'Object Repository/verifikasi/Harga sebelum' is: 'Rp 1,299'

2023-10-05 15:32:38 - [TEST_STEP][PASSED] - mouseOver(findTestObject("beli barang/barang mouse over")): Object: 'Object Repository/beli barang/barang mouse over' is hovered

2023-10-05 15:32:38 - [MESSAGE][PASSED] - Object: 'Object Repository/beli barang/barang mouse over' is hovered

2023-10-05 15:32:38 - [TEST_STEP][PASSED] - click(findTestObject("beli barang/buttom add to cart")): Object: 'Object Repository/beli barang/buttom add to cart' is clicked on

2023-10-05 15:32:40 - [MESSAGE][PASSED] - Object: 'Object Repository/beli barang/buttom add to cart' is clicked on

2023-10-05 15:32:40 - [TEST_STEP][PASSED] - NamaSesudah = getText(findTestObject("verifikasi/Nama sesudah")): Text of object 'Object Repository/verifikasi/Nama sesudah' is: 'Segitiga Instan Madeira - MDB5.3 Sunset'

2023-10-05 15:32:40 - [MESSAGE][PASSED] - Text of object 'Object Repository/verifikasi/Nama sesudah' is: 'Segitiga Instan Madeira - MDB5.3 Sunset'

2023-10-05 15:32:40 - [TEST_STEP][PASSED] - HargaSesudah = getText(findTestObject("verifikasi/Harga sesudah")): Text of object 'Object Repository/verifikasi/Harga sesudah' is: 'Rp 1,299'

2023-10-05 15:32:41 - [MESSAGE][PASSED] - Text of object 'Object Repository/verifikasi/Harga sesudah' is: 'Rp 1,299'

2023-10-05 15:32:41 - [TEST_STEP][PASSED] - assert NamaSesudah.contains(NamaSebelum): null

2023-10-05 15:32:41 - [TEST_STEP][PASSED] - assert HargaSesudah.contains(HargaSebelum): null

2023-10-05 15:32:41 - [TEST_STEP][PASSED] - click(findTestObject("beli barang/Tambah Keranjang busana wanita")): Object: 'Object Repository/beli barang/Tambah Keranjang busana wanita' is clicked on

2023-10-05 15:32:41 - [MESSAGE][PASSED] - Object: 'Object Repository/beli barang/Tambah Keranjang busana wanita' is clicked on

2023-10-05 15:32:41 - [TEST_STEP][PASSED] - verifyElementPresent(findTestObject("checkout/Notifikasi keranjang"), 1): Object 'Object Repository/checkout/Notifikasi keranjang' is present

2023-10-05 15:32:42 - [MESSAGE][PASSED] - Object 'Object Repository/checkout/Notifikasi keranjang' is present

2023-10-05 15:32:42 - [TEST_STEP][PASSED] - data = new java.util.HashMap(): null

2023-10-05 15:32:42 - [TEST_STEP][PASSED] - data.put("nama_barang", NamaSesudah): null

2023-10-05 15:32:42 - [TEST_STEP][PASSED] - data.put("price_barang", HargaSesudah): null

2023-10-05 15:32:42 - [TEST_STEP][PASSED] - return data: null

2023-10-05 15:32:42 - [MESSAGE][PASSED] - Call Test Case 'Test Cases/T13 Pembelian, Shipment dan Pembayaran/PBL-001' successfully

2023-10-05 15:32:42 - [TEST_STEP][PASSED] - mouseOver(findTestObject("beli barang/keranjang")): Object: 'Object Repository/beli barang/keranjang' is hovered

2023-10-05 15:32:42 - [MESSAGE][PASSED] - Object: 'Object Repository/beli barang/keranjang' is hovered

2023-10-05 15:32:42 - [TEST_STEP][PASSED] - click(findTestObject("beli barang/Lihat Sekarang")): Object: 'Object Repository/beli barang/Lihat Sekarang' is clicked on

2023-10-05 15:32:43 - [MESSAGE][PASSED] - Object: 'Object Repository/beli barang/Lihat Sekarang' is clicked on

2023-10-05 15:32:43 - [TEST_STEP][PASSED] - verifyElementPresent(findTestObject("keranjang/li_Keranjang Belanja"), 0): Object 'Object Repository/keranjang/li_Keranjang Belanja' is present

2023-10-05 15:32:43 - [MESSAGE][WARNING] - Timeout '0' is invalid. Using default page load timeout: '30'

2023-10-05 15:32:44 - [MESSAGE][PASSED] - Object 'Object Repository/keranjang/li_Keranjang Belanja' is present

2023-10-05 15:32:44 - [TEST_STEP][PASSED] - NamaKeranjang = getText(findTestObject("verifikasi/Nama keranjang")): Text of object 'Object Repository/verifikasi/Nama keranjang' is: 'Segitiga Instan Madeira - MDB5.3 Sunset'

2023-10-05 15:32:44 - [MESSAGE][PASSED] - Text of object 'Object Repository/verifikasi/Nama keranjang' is: 'Segitiga Instan Madeira - MDB5.3 Sunset'

2023-10-05 15:32:44 - [TEST_STEP][PASSED] - HargaKeranjang = getText(findTestObject("verifikasi/Harga Keranjang")): Text of object 'Object Repository/verifikasi/Harga Keranjang' is: 'Rp 1,299'

2023-10-05 15:32:45 - [MESSAGE][PASSED] - Text of object 'Object Repository/verifikasi/Harga Keranjang' is: 'Rp 1,299'

2023-10-05 15:32:45 - [TEST_STEP][PASSED] - if (toString().equalsIgnoreCase("Merah")): Object 'Object Repository/keranjang/input_Warna_variasi101' is checked

2023-10-05 15:32:45 - [TEST_STEP][PASSED] - check(findTestObject("Object Repository/keranjang/input_Warna_variasi101")): Object 'Object Repository/keranjang/input_Warna_variasi101' is checked

2023-10-05 15:32:45 - [MESSAGE][PASSED] - Object 'Object Repository/keranjang/input_Warna_variasi101' is checked

2023-10-05 15:32:45 - [TEST_STEP][PASSED] - if (toString().equalsIgnoreCase("Menengah")): Object 'Object Repository/keranjang/input_Ukuran_variasi201' is checked

2023-10-05 15:32:45 - [TEST_STEP][PASSED] - check(findTestObject("Object Repository/keranjang/input_Ukuran_variasi201")): Object 'Object Repository/keranjang/input_Ukuran_variasi201' is checked

2023-10-05 15:32:46 - [MESSAGE][PASSED] - Object 'Object Repository/keranjang/input_Ukuran_variasi201' is checked

2023-10-05 15:32:46 - [TEST_STEP][PASSED] - data.put("Warna", warna): null

2023-10-05 15:32:46 - [TEST_STEP][PASSED] - data.put("Ukuran", ukuran): null

2023-10-05 15:32:46 - [TEST_STEP][PASSED] - click(findTestObject("keranjang/button_Lanjut ke Pembayaran")): Object: 'Object Repository/keranjang/button_Lanjut ke Pembayaran' is clicked on

2023-10-05 15:32:47 - [MESSAGE][PASSED] - Object: 'Object Repository/keranjang/button_Lanjut ke Pembayaran' is clicked on

2023-10-05 15:32:47 - [TEST_STEP][PASSED] - verifyElementPresent(findTestObject("checkout/Tittle Checkout Order"), 0): Object 'Object Repository/checkout/Tittle Checkout Order' is present

2023-10-05 15:32:47 - [MESSAGE][WARNING] - Timeout '0' is invalid. Using default page load timeout: '30'

2023-10-05 15:32:47 - [MESSAGE][PASSED] - Object 'Object Repository/checkout/Tittle Checkout Order' is present

2023-10-05 15:32:47 - [TEST_STEP][PASSED] - name_product = data.get("nama_barang"): null

2023-10-05 15:32:47 - [TEST_STEP][PASSED] - price_product = data.get("price_barang"): null

2023-10-05 15:32:47 - [TEST_STEP][PASSED] - assert name_product == NamaKeranjang: null

2023-10-05 15:32:47 - [TEST_STEP][PASSED] - assert price_product == HargaKeranjang: null

2023-10-05 15:32:47 - [TEST_STEP][PASSED] - return data: null

2023-10-05 15:32:47 - [MESSAGE][PASSED] - Call Test Case 'Test Cases/T13 Pembelian, Shipment dan Pembayaran/PBL-002' successfully

2023-10-05 15:32:47 - [TEST_STEP][PASSED] - warnaa = getText(findTestObject("verifikasi/warna Merah")): Text of object 'Object Repository/verifikasi/warna Merah' is: 'Merah'

2023-10-05 15:32:48 - [MESSAGE][PASSED] - Text of object 'Object Repository/verifikasi/warna Merah' is: 'Merah'

2023-10-05 15:32:48 - [TEST_STEP][PASSED] - ukurann = getText(findTestObject("verifikasi/Ukuran Menengah")): Text of object 'Object Repository/verifikasi/Ukuran Menengah' is: 'Menengah'

2023-10-05 15:32:48 - [MESSAGE][PASSED] - Text of object 'Object Repository/verifikasi/Ukuran Menengah' is: 'Menengah'

2023-10-05 15:32:48 - [TEST_STEP][PASSED] - warna1 = data.get("Warna"): null

2023-10-05 15:32:48 - [TEST_STEP][PASSED] - ukuran1 = data.get("Ukuran"): null

2023-10-05 15:32:48 - [TEST_STEP][PASSED] - assert warnaa == warna1: null

2023-10-05 15:32:48 - [TEST_STEP][PASSED] - assert ukurann == ukuran1: null

2023-10-05 15:32:48 - [TEST_STEP][PASSED] - NamaCheckout = getText(findTestObject("verifikasi/NamaCheckout")): Text of object 'Object Repository/verifikasi/NamaCheckout' is: ''

2023-10-05 15:32:48 - [MESSAGE][PASSED] - Text of object 'Object Repository/verifikasi/NamaCheckout' is: ''

2023-10-05 15:32:48 - [TEST_STEP][PASSED] - HargaCheckout = getText(findTestObject("verifikasi/HargaCheckout")): Text of object 'Object Repository/verifikasi/HargaCheckout' is: '1,299'

2023-10-05 15:32:49 - [MESSAGE][PASSED] - Text of object 'Object Repository/verifikasi/HargaCheckout' is: '1,299'

2023-10-05 15:32:49 - [TEST_STEP][PASSED] - name_product = data.get("nama_barang"): null

2023-10-05 15:32:49 - [TEST_STEP][PASSED] - price_product = data.get("price_barang"): null

2023-10-05 15:32:49 - [TEST_STEP][PASSED] - assert name_product.contains(NamaCheckout): null

2023-10-05 15:32:49 - [TEST_STEP][PASSED] - assert price_product.contains(HargaCheckout): null

2023-10-05 15:32:49 - [TEST_STEP][PASSED] - selectOptionByLabel(findTestObject("checkout/select - Kirim via Kurir Lokal"), Kurir, false): All options with label 'Roda 2' are selected in object 'Object Repository/checkout/select - Kirim via Kurir Lokal' 

2023-10-05 15:32:50 - [MESSAGE][PASSED] - All options with label 'Roda 2' are selected in object 'Object Repository/checkout/select - Kirim via Kurir Lokal' 

2023-10-05 15:32:50 - [TEST_STEP][PASSED] - click(findTestObject("checkout/Kendaraan Kurir")): Object: 'Object Repository/checkout/Kendaraan Kurir' is clicked on

2023-10-05 15:32:50 - [MESSAGE][PASSED] - Object: 'Object Repository/checkout/Kendaraan Kurir' is clicked on

2023-10-05 15:32:50 - [TEST_STEP][PASSED] - OngkosKirim = getText(findTestObject("Object Repository/verifikasi/Ongkos Kirim checkout")): Text of object 'Object Repository/verifikasi/Ongkos Kirim checkout' is: 'Rp. 5,000'

2023-10-05 15:32:51 - [MESSAGE][PASSED] - Text of object 'Object Repository/verifikasi/Ongkos Kirim checkout' is: 'Rp. 5,000'

2023-10-05 15:32:51 - [TEST_STEP][PASSED] - Ongkos = OngkosKirim.substring(3, OngkosKirim.size()): null

2023-10-05 15:32:51 - [TEST_STEP][PASSED] - rep = Ongkos.replace(",", "."): null

2023-10-05 15:32:51 - [TEST_STEP][PASSED] - Ongkos_kirim = Double.parseDouble(rep): null

2023-10-05 15:32:51 - [TEST_STEP][PASSED] - println(Ongkos_kirim): null

2023-10-05 15:32:51 - [TEST_STEP][PASSED] - FeeAdmin = getText(findTestObject("verifikasi/Fee Admin checkout")): Text of object 'Object Repository/verifikasi/Fee Admin checkout' is: 'Fee Admin
Rp 1,500'

2023-10-05 15:32:51 - [MESSAGE][PASSED] - Text of object 'Object Repository/verifikasi/Fee Admin checkout' is: 'Fee Admin
Rp 1,500'

2023-10-05 15:32:51 - [TEST_STEP][PASSED] - Fee_Admin = FeeAdmin.substring(12, FeeAdmin.size()): null

2023-10-05 15:32:51 - [TEST_STEP][PASSED] - fee = Fee_Admin.replace(",", "."): null

2023-10-05 15:32:51 - [TEST_STEP][PASSED] - fee_admin = Double.parseDouble(fee): null

2023-10-05 15:32:51 - [TEST_STEP][PASSED] - println(fee_admin): null

2023-10-05 15:32:51 - [TEST_STEP][PASSED] - Subtotal = getText(findTestObject("verifikasi/subtotal checkout")): Text of object 'Object Repository/verifikasi/subtotal checkout' is: 'Subtotal
Rp 1,299'

2023-10-05 15:32:51 - [MESSAGE][PASSED] - Text of object 'Object Repository/verifikasi/subtotal checkout' is: 'Subtotal
Rp 1,299'

2023-10-05 15:32:51 - [TEST_STEP][PASSED] - sub_total = Subtotal.substring(12, Subtotal.size()): null

2023-10-05 15:32:51 - [TEST_STEP][PASSED] - sub = sub_total.replace(",", "."): null

2023-10-05 15:32:51 - [TEST_STEP][PASSED] - sub_total = Double.parseDouble(sub): null

2023-10-05 15:32:51 - [TEST_STEP][PASSED] - println(sub_total): null

2023-10-05 15:32:51 - [TEST_STEP][PASSED] - Total = getText(findTestObject("verifikasi/Total checkout")): Text of object 'Object Repository/verifikasi/Total checkout' is: 'Rp 7,799'

2023-10-05 15:32:52 - [MESSAGE][PASSED] - Text of object 'Object Repository/verifikasi/Total checkout' is: 'Rp 7,799'

2023-10-05 15:32:52 - [TEST_STEP][PASSED] - totall = Total.substring(3, Total.size()): null

2023-10-05 15:32:52 - [TEST_STEP][PASSED] - total = totall.replace(",", "."): null

2023-10-05 15:32:52 - [TEST_STEP][PASSED] - totall = Double.parseDouble(total): null

2023-10-05 15:32:52 - [TEST_STEP][PASSED] - println(totall): null

2023-10-05 15:32:52 - [TEST_STEP][PASSED] - Total_Harga = Ongkos_kirim + fee_admin + sub_total: null

2023-10-05 15:32:52 - [TEST_STEP][PASSED] - println(Total_Harga): null

2023-10-05 15:32:52 - [TEST_STEP][PASSED] - TotalHarga = Math.round(Total_Harga * 1000) / 1000: null

2023-10-05 15:32:52 - [TEST_STEP][PASSED] - println(TotalHarga): null

2023-10-05 15:32:52 - [TEST_STEP][PASSED] - assert totall == TotalHarga: null

2023-10-05 15:32:52 - [TEST_STEP][PASSED] - click(findTestObject("verifikasi/Metode Transfer")): Object: 'Object Repository/verifikasi/Metode Transfer' is clicked on

2023-10-05 15:32:53 - [MESSAGE][PASSED] - Object: 'Object Repository/verifikasi/Metode Transfer' is clicked on

2023-10-05 15:32:53 - [TEST_STEP][PASSED] - click(findTestObject("checkout/button_Proses Pembayaran")): Object: 'Object Repository/checkout/button_Proses Pembayaran' is clicked on

2023-10-05 15:33:00 - [MESSAGE][PASSED] - Object: 'Object Repository/checkout/button_Proses Pembayaran' is clicked on

2023-10-05 15:33:00 - [TEST_STEP][PASSED] - verifyElementPresent(findTestObject("pembayaran/Tittle nomor invoice"), 0): Object 'Object Repository/pembayaran/Tittle nomor invoice' is present

2023-10-05 15:33:00 - [MESSAGE][WARNING] - Timeout '0' is invalid. Using default page load timeout: '30'

2023-10-05 15:33:01 - [MESSAGE][PASSED] - Object 'Object Repository/pembayaran/Tittle nomor invoice' is present

2023-10-05 15:33:01 - [TEST_STEP][PASSED] - return data: null

2023-10-05 15:33:01 - [MESSAGE][PASSED] - Call Test Case 'Test Cases/T13 Pembelian, Shipment dan Pembayaran/PBL-004' successfully

2023-10-05 15:33:01 - [TEST_STEP][PASSED] - Invoice = getText(findTestObject("pembayaran/nomor invoice")): Text of object 'Object Repository/pembayaran/nomor invoice' is: 'TRX60.20231005153257'

2023-10-05 15:33:01 - [MESSAGE][PASSED] - Text of object 'Object Repository/pembayaran/nomor invoice' is: 'TRX60.20231005153257'

2023-10-05 15:33:01 - [TEST_STEP][PASSED] - data.put("invoice", Invoice): null

2023-10-05 15:33:01 - [TEST_STEP][PASSED] - NamaPemesan = getText(findTestObject("Konfirmasi pesanan shop/Nama pemesan")): Text of object 'Object Repository/Konfirmasi pesanan shop/Nama pemesan' is: 'irfan.afandi'

2023-10-05 15:33:02 - [MESSAGE][PASSED] - Text of object 'Object Repository/Konfirmasi pesanan shop/Nama pemesan' is: 'irfan.afandi'

2023-10-05 15:33:02 - [TEST_STEP][PASSED] - Nama = getText(findTestObject("pembayaran/Nama barang")): Text of object 'Object Repository/pembayaran/Nama barang' is: 'Segitiga Instan Madeira - MDB5.3 Sunset'

2023-10-05 15:33:02 - [MESSAGE][PASSED] - Text of object 'Object Repository/pembayaran/Nama barang' is: 'Segitiga Instan Madeira - MDB5.3 Sunset'

2023-10-05 15:33:02 - [TEST_STEP][PASSED] - Harga = getText(findTestObject("pembayaran/Harga barang")): Text of object 'Object Repository/pembayaran/Harga barang' is: '1,299'

2023-10-05 15:33:02 - [MESSAGE][PASSED] - Text of object 'Object Repository/pembayaran/Harga barang' is: '1,299'

2023-10-05 15:33:02 - [TEST_STEP][PASSED] - name_product = data.get("nama_barang"): null

2023-10-05 15:33:02 - [TEST_STEP][PASSED] - price_product = data.get("price_barang"): null

2023-10-05 15:33:02 - [TEST_STEP][PASSED] - assert name_product.contains(Nama): null

2023-10-05 15:33:02 - [TEST_STEP][PASSED] - assert price_product.contains(Harga): null

2023-10-05 15:33:02 - [TEST_STEP][PASSED] - warnaa = getText(findTestObject("pembayaran/warna")): Text of object 'Object Repository/pembayaran/warna' is: 'Merah'

2023-10-05 15:33:03 - [MESSAGE][PASSED] - Text of object 'Object Repository/pembayaran/warna' is: 'Merah'

2023-10-05 15:33:03 - [TEST_STEP][PASSED] - ukurann = getText(findTestObject("pembayaran/ukuran")): Text of object 'Object Repository/pembayaran/ukuran' is: 'Menengah'

2023-10-05 15:33:03 - [MESSAGE][PASSED] - Text of object 'Object Repository/pembayaran/ukuran' is: 'Menengah'

2023-10-05 15:33:03 - [TEST_STEP][PASSED] - warna1 = data.get("Warna"): null

2023-10-05 15:33:03 - [TEST_STEP][PASSED] - ukuran1 = data.get("Ukuran"): null

2023-10-05 15:33:03 - [TEST_STEP][PASSED] - assert warnaa == warna1: null

2023-10-05 15:33:03 - [TEST_STEP][PASSED] - assert ukurann == ukuran1: null

2023-10-05 15:33:03 - [TEST_STEP][PASSED] - statusPembelian = getText(findTestObject("verifikasi/Status pending di pembelian")): Text of object 'Object Repository/verifikasi/Status pending di pembelian' is: 'Pending'

2023-10-05 15:33:04 - [MESSAGE][PASSED] - Text of object 'Object Repository/verifikasi/Status pending di pembelian' is: 'Pending'

2023-10-05 15:33:04 - [TEST_STEP][PASSED] - data.put("statusPem", statusPembelian): null

2023-10-05 15:33:04 - [TEST_STEP][PASSED] - OngkosKirim = getText(findTestObject("pembayaran/ongkos kirim")): Text of object 'Object Repository/pembayaran/ongkos kirim' is: 'Rp 5,000'

2023-10-05 15:33:04 - [MESSAGE][PASSED] - Text of object 'Object Repository/pembayaran/ongkos kirim' is: 'Rp 5,000'

2023-10-05 15:33:04 - [TEST_STEP][PASSED] - Ongkos = OngkosKirim.substring(3, OngkosKirim.size()): null

2023-10-05 15:33:04 - [TEST_STEP][PASSED] - rep = Ongkos.replace(",", ""): null

2023-10-05 15:33:04 - [TEST_STEP][PASSED] - Ongkos_kirimm = Integer.parseInt(rep): null

2023-10-05 15:33:04 - [TEST_STEP][PASSED] - println(Ongkos_kirimm): null

2023-10-05 15:33:04 - [TEST_STEP][PASSED] - FeeAdmin = getText(findTestObject("pembayaran/fee admin")): Text of object 'Object Repository/pembayaran/fee admin' is: 'Rp 1,500'

2023-10-05 15:33:05 - [MESSAGE][PASSED] - Text of object 'Object Repository/pembayaran/fee admin' is: 'Rp 1,500'

2023-10-05 15:33:05 - [TEST_STEP][PASSED] - Fee_Admin = FeeAdmin.substring(3, FeeAdmin.size()): null

2023-10-05 15:33:05 - [TEST_STEP][PASSED] - fee = Fee_Admin.replace(",", ""): null

2023-10-05 15:33:05 - [TEST_STEP][PASSED] - fee_adminn = Integer.parseInt(fee): null

2023-10-05 15:33:05 - [TEST_STEP][PASSED] - println(fee_adminn): null

2023-10-05 15:33:05 - [TEST_STEP][PASSED] - Subtotal = getText(findTestObject("pembayaran/subtotal")): Text of object 'Object Repository/pembayaran/subtotal' is: 'Rp 1,299'

2023-10-05 15:33:05 - [MESSAGE][PASSED] - Text of object 'Object Repository/pembayaran/subtotal' is: 'Rp 1,299'

2023-10-05 15:33:05 - [TEST_STEP][PASSED] - sub_total = Subtotal.substring(3, Subtotal.size()): null

2023-10-05 15:33:05 - [TEST_STEP][PASSED] - sub = sub_total.replace(",", ""): null

2023-10-05 15:33:05 - [TEST_STEP][PASSED] - sub_totall = Integer.parseInt(sub): null

2023-10-05 15:33:05 - [TEST_STEP][PASSED] - println(sub_totall): null

2023-10-05 15:33:05 - [TEST_STEP][PASSED] - unik = getText(findTestObject("pembayaran/kode unik")): Text of object 'Object Repository/pembayaran/kode unik' is: '+257'

2023-10-05 15:33:06 - [MESSAGE][PASSED] - Text of object 'Object Repository/pembayaran/kode unik' is: '+257'

2023-10-05 15:33:06 - [TEST_STEP][PASSED] - unikk = unik.replace("+", ""): null

2023-10-05 15:33:06 - [TEST_STEP][PASSED] - kode_unik = Integer.parseInt(unikk): null

2023-10-05 15:33:06 - [TEST_STEP][PASSED] - println(kode_unik): null

2023-10-05 15:33:06 - [TEST_STEP][PASSED] - Total = getText(findTestObject("pembayaran/total")): Text of object 'Object Repository/pembayaran/total' is: '8,056'

2023-10-05 15:33:07 - [MESSAGE][PASSED] - Text of object 'Object Repository/pembayaran/total' is: '8,056'

2023-10-05 15:33:07 - [TEST_STEP][PASSED] - total = Total.replace(",", ""): null

2023-10-05 15:33:07 - [TEST_STEP][PASSED] - totalll = Integer.parseInt(total): null

2023-10-05 15:33:07 - [TEST_STEP][PASSED] - println(totalll): null

2023-10-05 15:33:07 - [TEST_STEP][PASSED] - Total_Hargaa = Ongkos_kirimm + fee_adminn + sub_totall + kode_unik: null

2023-10-05 15:33:07 - [TEST_STEP][PASSED] - println(Total_Hargaa): null

2023-10-05 15:33:07 - [TEST_STEP][PASSED] - assert totalll == Total_Hargaa: null

2023-10-05 15:33:07 - [TEST_STEP][PASSED] - data.put("total", Total): null

2023-10-05 15:33:07 - [TEST_STEP][PASSED] - data.put("nama", NamaPemesan): null

2023-10-05 15:33:07 - [TEST_STEP][PASSED] - return data: null

2023-10-05 15:33:07 - [MESSAGE][PASSED] - Call Test Case 'Test Cases/T13 Pembelian, Shipment dan Pembayaran/PBY-001' successfully

2023-10-05 15:33:07 - [TEST_STEP][PASSED] - inv = data.get("invoice"): null

2023-10-05 15:33:07 - [TEST_STEP][PASSED] - Total = data.get("total"): null

2023-10-05 15:33:07 - [TEST_STEP][PASSED] - NamaPemesan = data.get("nama"): null

2023-10-05 15:33:07 - [TEST_STEP][PASSED] - click(findTestObject("Konfirmasi pesanan shop/Menu Shop")): Object: 'Object Repository/Konfirmasi pesanan shop/Menu Shop' is clicked on

2023-10-05 15:33:08 - [MESSAGE][PASSED] - Object: 'Object Repository/Konfirmasi pesanan shop/Menu Shop' is clicked on

2023-10-05 15:33:08 - [TEST_STEP][PASSED] - click(findTestObject("Konfirmasi pesanan shop/Menu Shop")): Object: 'Object Repository/Konfirmasi pesanan shop/Menu Shop' is clicked on

2023-10-05 15:33:08 - [MESSAGE][PASSED] - Object: 'Object Repository/Konfirmasi pesanan shop/Menu Shop' is clicked on

2023-10-05 15:33:08 - [TEST_STEP][PASSED] - click(findTestObject("Konfirmasi pesanan shop/Konfirmasi Orders")): Object: 'Object Repository/Konfirmasi pesanan shop/Konfirmasi Orders' is clicked on

2023-10-05 15:33:09 - [MESSAGE][PASSED] - Object: 'Object Repository/Konfirmasi pesanan shop/Konfirmasi Orders' is clicked on

2023-10-05 15:33:09 - [TEST_STEP][PASSED] - verifyElementPresent(findTestObject("Konfirmasi pesanan shop/Tittle Konfirmasi Pesanan"), 0): Object 'Object Repository/Konfirmasi pesanan shop/Tittle Konfirmasi Pesanan' is present

2023-10-05 15:33:09 - [MESSAGE][WARNING] - Timeout '0' is invalid. Using default page load timeout: '30'

2023-10-05 15:33:10 - [MESSAGE][PASSED] - Object 'Object Repository/Konfirmasi pesanan shop/Tittle Konfirmasi Pesanan' is present

2023-10-05 15:33:10 - [TEST_STEP][PASSED] - setText(findTestObject("Konfirmasi pesanan shop/input_No Pesanan"), inv): Text 'TRX60.20231005153257' is set on object 'Object Repository/Konfirmasi pesanan shop/input_No Pesanan'

2023-10-05 15:33:11 - [MESSAGE][PASSED] - Text 'TRX60.20231005153257' is set on object 'Object Repository/Konfirmasi pesanan shop/input_No Pesanan'

2023-10-05 15:33:11 - [TEST_STEP][PASSED] - setText(findTestObject("Konfirmasi pesanan shop/input_Alamat E-mai"), "irfan@gmail.com"): Text 'irfan@gmail.com' is set on object 'Object Repository/Konfirmasi pesanan shop/input_Alamat E-mai'

2023-10-05 15:33:11 - [MESSAGE][PASSED] - Text 'irfan@gmail.com' is set on object 'Object Repository/Konfirmasi pesanan shop/input_Alamat E-mai'

2023-10-05 15:33:11 - [TEST_STEP][PASSED] - click(findTestObject("Konfirmasi pesanan shop/button_Submit")): Object: 'Object Repository/Konfirmasi pesanan shop/button_Submit' is clicked on

2023-10-05 15:33:12 - [MESSAGE][PASSED] - Object: 'Object Repository/Konfirmasi pesanan shop/button_Submit' is clicked on

2023-10-05 15:33:12 - [TEST_STEP][PASSED] - verifyElementPresent(findTestObject("Konfirmasi pesanan shop/Tittle nomor invoice"), 0): Object 'Object Repository/Konfirmasi pesanan shop/Tittle nomor invoice' is present

2023-10-05 15:33:12 - [MESSAGE][WARNING] - Timeout '0' is invalid. Using default page load timeout: '30'

2023-10-05 15:33:13 - [MESSAGE][PASSED] - Object 'Object Repository/Konfirmasi pesanan shop/Tittle nomor invoice' is present

2023-10-05 15:33:13 - [TEST_STEP][PASSED] - setText(findTestObject("Konfirmasi pesanan shop/input_Total TagihanTransfer_b"), Total): Text '8,056' is set on object 'Object Repository/Konfirmasi pesanan shop/input_Total TagihanTransfer_b'

2023-10-05 15:33:14 - [MESSAGE][PASSED] - Text '8,056' is set on object 'Object Repository/Konfirmasi pesanan shop/input_Total TagihanTransfer_b'

2023-10-05 15:33:14 - [TEST_STEP][PASSED] - selectOptionByValue(findTestObject("Konfirmasi pesanan shop/select_Bank"), "4", false): All options with value '4' are selected in object 'Object Repository/Konfirmasi pesanan shop/select_Bank' 

2023-10-05 15:33:15 - [MESSAGE][PASSED] - All options with value '4' are selected in object 'Object Repository/Konfirmasi pesanan shop/select_Bank' 

2023-10-05 15:33:15 - [TEST_STEP][PASSED] - setText(findTestObject("Konfirmasi pesanan shop/input_Nama Pengirim_d"), NamaPemesan): Text 'irfan.afandi' is set on object 'Object Repository/Konfirmasi pesanan shop/input_Nama Pengirim_d'

2023-10-05 15:33:15 - [MESSAGE][PASSED] - Text 'irfan.afandi' is set on object 'Object Repository/Konfirmasi pesanan shop/input_Nama Pengirim_d'

2023-10-05 15:33:15 - [TEST_STEP][PASSED] - uploadFile(findTestObject("keranjang/konfirmasi/input_Upload Bukti Transfer_f"), "C:\Users\IRFAN\Downloads\Berkas2.pdf"): File 'C:\Users\IRFAN\Downloads\Berkas2.pdf' sent to object: 'Object Repository/keranjang/konfirmasi/input_Upload Bukti Transfer_f'

2023-10-05 15:33:16 - [MESSAGE][PASSED] - File 'C:\Users\IRFAN\Downloads\Berkas2.pdf' sent to object: 'Object Repository/keranjang/konfirmasi/input_Upload Bukti Transfer_f'

2023-10-05 15:33:16 - [TEST_STEP][PASSED] - click(findTestObject("Konfirmasi pesanan shop/button_Konfirmasi Pembayaran")): Object: 'Object Repository/Konfirmasi pesanan shop/button_Konfirmasi Pembayaran' is clicked on

2023-10-05 15:33:17 - [MESSAGE][PASSED] - Object: 'Object Repository/Konfirmasi pesanan shop/button_Konfirmasi Pembayaran' is clicked on

2023-10-05 15:33:17 - [TEST_STEP][PASSED] - verifyElementPresent(findTestObject("Konfirmasi pesanan shop/Tittle Konfirmasi Pesanan"), 0): Object 'Object Repository/Konfirmasi pesanan shop/Tittle Konfirmasi Pesanan' is present

2023-10-05 15:33:17 - [MESSAGE][WARNING] - Timeout '0' is invalid. Using default page load timeout: '30'

2023-10-05 15:33:17 - [MESSAGE][PASSED] - Object 'Object Repository/Konfirmasi pesanan shop/Tittle Konfirmasi Pesanan' is present

2023-10-05 15:33:17 - [TEST_STEP][PASSED] - verifyElementPresent(findTestObject("Konfirmasi pesanan shop/Tittle massage succes Konfirmasi Pembayaran Pesanan"), 0): Object 'Object Repository/Konfirmasi pesanan shop/Tittle massage succes Konfirmasi Pembayaran Pesanan' is present

2023-10-05 15:33:18 - [MESSAGE][WARNING] - Timeout '0' is invalid. Using default page load timeout: '30'

2023-10-05 15:33:18 - [MESSAGE][PASSED] - Object 'Object Repository/Konfirmasi pesanan shop/Tittle massage succes Konfirmasi Pembayaran Pesanan' is present

2023-10-05 15:33:18 - [TEST_STEP][PASSED] - return data: null

2023-10-05 15:33:18 - [MESSAGE][PASSED] - Call Test Case 'Test Cases/T13 Pembelian, Shipment dan Pembayaran/PBY-004' successfully

2023-10-05 15:33:18 - [TEST_STEP][PASSED] - navigateToUrl("https://10.9.2.63/ecommerce/administrator/"): Navigate to 'https://10.9.2.63/ecommerce/administrator/' successfully

2023-10-05 15:33:18 - [MESSAGE][PASSED] - Navigate to 'https://10.9.2.63/ecommerce/administrator/' successfully

2023-10-05 15:33:18 - [TEST_STEP][PASSED] - verifyElementPresent(findTestObject("admin/Tittle ADMIN Login"), 0): Object 'Object Repository/admin/Tittle ADMIN Login' is present

2023-10-05 15:33:18 - [MESSAGE][WARNING] - Timeout '0' is invalid. Using default page load timeout: '30'

2023-10-05 15:33:19 - [MESSAGE][PASSED] - Object 'Object Repository/admin/Tittle ADMIN Login' is present

2023-10-05 15:33:19 - [TEST_STEP][PASSED] - setText(findTestObject("admin/Username"), "admin"): Text 'admin' is set on object 'Object Repository/admin/Username'

2023-10-05 15:33:20 - [MESSAGE][PASSED] - Text 'admin' is set on object 'Object Repository/admin/Username'

2023-10-05 15:33:20 - [TEST_STEP][PASSED] - setText(findTestObject("admin/Password"), "123admin123"): Text '123admin123' is set on object 'Object Repository/admin/Password'

2023-10-05 15:33:20 - [MESSAGE][PASSED] - Text '123admin123' is set on object 'Object Repository/admin/Password'

2023-10-05 15:33:20 - [TEST_STEP][PASSED] - click(findTestObject("admin/Remember Me")): Object: 'Object Repository/admin/Remember Me' is clicked on

2023-10-05 15:33:21 - [MESSAGE][PASSED] - Object: 'Object Repository/admin/Remember Me' is clicked on

2023-10-05 15:33:21 - [TEST_STEP][PASSED] - delay(10): Delayed 10 second(s)

2023-10-05 15:33:31 - [MESSAGE][PASSED] - Delayed 10 second(s)

2023-10-05 15:33:31 - [TEST_STEP][PASSED] - click(findTestObject("admin/buttom submit")): Object: 'Object Repository/admin/buttom submit' is clicked on

2023-10-05 15:33:32 - [MESSAGE][PASSED] - Object: 'Object Repository/admin/buttom submit' is clicked on

2023-10-05 15:33:32 - [TEST_STEP][PASSED] - verifyElementPresent(findTestObject("admin/Konf order konsumen/Tittle Dashboard"), 0): Object 'Object Repository/admin/Konf order konsumen/Tittle Dashboard' is present

2023-10-05 15:33:32 - [MESSAGE][WARNING] - Timeout '0' is invalid. Using default page load timeout: '30'

2023-10-05 15:33:33 - [MESSAGE][PASSED] - Object 'Object Repository/admin/Konf order konsumen/Tittle Dashboard' is present

2023-10-05 15:33:33 - [TEST_STEP][PASSED] - click(findTestObject("admin/Konf order konsumen/Menu Transaksi Market")): Object: 'Object Repository/admin/Konf order konsumen/Menu Transaksi Market' is clicked on

2023-10-05 15:33:33 - [MESSAGE][PASSED] - Object: 'Object Repository/admin/Konf order konsumen/Menu Transaksi Market' is clicked on

2023-10-05 15:33:33 - [TEST_STEP][PASSED] - click(findTestObject("admin/Konf order konsumen/Menu Konf. Order Konsumen")): Object: 'Object Repository/admin/Konf order konsumen/Menu Konf. Order Konsumen' is clicked on

2023-10-05 15:33:34 - [MESSAGE][PASSED] - Object: 'Object Repository/admin/Konf order konsumen/Menu Konf. Order Konsumen' is clicked on

2023-10-05 15:33:34 - [TEST_STEP][PASSED] - verifyElementPresent(findTestObject("admin/Konf order konsumen/Tittle Data Konfirmasi Pembayaran Konsumen"), 0): Object 'Object Repository/admin/Konf order konsumen/Tittle Data Konfirmasi Pembayaran Konsumen' is present

2023-10-05 15:33:34 - [MESSAGE][WARNING] - Timeout '0' is invalid. Using default page load timeout: '30'

2023-10-05 15:33:35 - [MESSAGE][PASSED] - Object 'Object Repository/admin/Konf order konsumen/Tittle Data Konfirmasi Pembayaran Konsumen' is present

2023-10-05 15:33:35 - [TEST_STEP][PASSED] - inv = data.get("invoice"): null

2023-10-05 15:33:35 - [TEST_STEP][PASSED] - setText(findTestObject("admin/Konf order konsumen/Search"), inv): Text 'TRX60.20231005153257' is set on object 'Object Repository/admin/Konf order konsumen/Search'

2023-10-05 15:33:36 - [MESSAGE][PASSED] - Text 'TRX60.20231005153257' is set on object 'Object Repository/admin/Konf order konsumen/Search'

2023-10-05 15:33:36 - [TEST_STEP][PASSED] - verifyElementText(findTestObject("admin/Konf order konsumen/Keterangan Lunas"), "Lunas"): Actual text and expected text of test object 'Object Repository/admin/Konf order konsumen/Keterangan Lunas' are matched.

2023-10-05 15:33:36 - [MESSAGE][PASSED] - Actual text and expected text of test object 'Object Repository/admin/Konf order konsumen/Keterangan Lunas' are matched.

2023-10-05 15:33:36 - [TEST_STEP][PASSED] - return data: null

2023-10-05 15:33:36 - [MESSAGE][PASSED] - Call Test Case 'Test Cases/T13 Pembelian, Shipment dan Pembayaran/PBYA-001' successfully

2023-10-05 15:33:36 - [TEST_STEP][PASSED] - click(findTestObject("admin/Penjualan ke konsumen/buttom Dashboard")): Object: 'Object Repository/admin/Penjualan ke konsumen/buttom Dashboard' is clicked on

2023-10-05 15:33:37 - [MESSAGE][PASSED] - Object: 'Object Repository/admin/Penjualan ke konsumen/buttom Dashboard' is clicked on

2023-10-05 15:33:37 - [TEST_STEP][PASSED] - click(findTestObject("admin/Konf order konsumen/Menu Transaksi Market")): Object: 'Object Repository/admin/Konf order konsumen/Menu Transaksi Market' is clicked on

2023-10-05 15:33:38 - [MESSAGE][PASSED] - Object: 'Object Repository/admin/Konf order konsumen/Menu Transaksi Market' is clicked on

2023-10-05 15:33:38 - [TEST_STEP][PASSED] - click(findTestObject("admin/Penjualan ke konsumen/a_Penjualan ke Konsumen")): Object: 'Object Repository/admin/Penjualan ke konsumen/a_Penjualan ke Konsumen' is clicked on

2023-10-05 15:33:40 - [MESSAGE][PASSED] - Object: 'Object Repository/admin/Penjualan ke konsumen/a_Penjualan ke Konsumen' is clicked on

2023-10-05 15:33:40 - [TEST_STEP][PASSED] - verifyElementPresent(findTestObject("admin/Tittle Data Transaksi Penjualan  Orderan Konsumen"), 0): Object 'Object Repository/admin/Tittle Data Transaksi Penjualan  Orderan Konsumen' is present

2023-10-05 15:33:40 - [MESSAGE][WARNING] - Timeout '0' is invalid. Using default page load timeout: '30'

2023-10-05 15:33:41 - [MESSAGE][PASSED] - Object 'Object Repository/admin/Tittle Data Transaksi Penjualan  Orderan Konsumen' is present

2023-10-05 15:33:41 - [TEST_STEP][PASSED] - return data: null

2023-10-05 15:33:41 - [MESSAGE][PASSED] - Call Test Case 'Test Cases/T13 Pembelian, Shipment dan Pembayaran/SA-001' successfully

2023-10-05 15:33:41 - [TEST_STEP][PASSED] - inv = data.get("invoice"): null

2023-10-05 15:33:41 - [TEST_STEP][PASSED] - setText(findTestObject("admin/Penjualan ke konsumen/Search"), inv): Text 'TRX60.20231005153257' is set on object 'Object Repository/admin/Penjualan ke konsumen/Search'

2023-10-05 15:33:42 - [MESSAGE][PASSED] - Text 'TRX60.20231005153257' is set on object 'Object Repository/admin/Penjualan ke konsumen/Search'

2023-10-05 15:33:42 - [TEST_STEP][PASSED] - click(findTestObject("admin/Penjualan ke konsumen/buttom konfirmasi pending payment"), CONTINUE_ON_FAILURE): Object: 'Object Repository/admin/Penjualan ke konsumen/buttom konfirmasi pending payment' is clicked on

2023-10-05 15:33:42 - [MESSAGE][PASSED] - Object: 'Object Repository/admin/Penjualan ke konsumen/buttom konfirmasi pending payment' is clicked on

2023-10-05 15:33:42 - [TEST_STEP][PASSED] - waitForAlert(5, OPTIONAL): Alert is present after 5 second(s).

2023-10-05 15:33:42 - [MESSAGE][PASSED] - Alert is present after 5 second(s).

2023-10-05 15:33:42 - [TEST_STEP][PASSED] - acceptAlert(): Alert accepted

2023-10-05 15:33:42 - [MESSAGE][PASSED] - Alert accepted

2023-10-05 15:33:42 - [TEST_STEP][PASSED] - setText(findTestObject("admin/Penjualan ke konsumen/Search"), inv): Text 'TRX60.20231005153257' is set on object 'Object Repository/admin/Penjualan ke konsumen/Search'

2023-10-05 15:33:50 - [MESSAGE][PASSED] - Text 'TRX60.20231005153257' is set on object 'Object Repository/admin/Penjualan ke konsumen/Search'

2023-10-05 15:33:50 - [TEST_STEP][PASSED] - verifyTextNotPresent("pending payment", false): Text 'pending payment' is not present on page

2023-10-05 15:33:51 - [MESSAGE][PASSED] - Text 'pending payment' is not present on page

2023-10-05 15:33:51 - [TEST_STEP][PASSED] - return data: null

2023-10-05 15:33:51 - [MESSAGE][PASSED] - Call Test Case 'Test Cases/T13 Pembelian, Shipment dan Pembayaran/SA-002' successfully

2023-10-05 15:33:51 - [TEST_STEP][PASSED] - click(findTestObject("admin/Penjualan ke konsumen/buttom scroldown")): Object: 'Object Repository/admin/Penjualan ke konsumen/buttom scroldown' is clicked on

2023-10-05 15:33:51 - [MESSAGE][PASSED] - Object: 'Object Repository/admin/Penjualan ke konsumen/buttom scroldown' is clicked on

2023-10-05 15:33:51 - [TEST_STEP][PASSED] - click(findTestObject("admin/Penjualan ke konsumen/Selesai"), CONTINUE_ON_FAILURE): Object: 'Object Repository/admin/Penjualan ke konsumen/Selesai' is clicked on

2023-10-05 15:33:51 - [MESSAGE][PASSED] - Object: 'Object Repository/admin/Penjualan ke konsumen/Selesai' is clicked on

2023-10-05 15:33:51 - [TEST_STEP][PASSED] - waitForAlert(5, OPTIONAL): Alert is present after 5 second(s).

2023-10-05 15:33:51 - [MESSAGE][PASSED] - Alert is present after 5 second(s).

2023-10-05 15:33:51 - [TEST_STEP][PASSED] - acceptAlert(): Alert accepted

2023-10-05 15:33:51 - [MESSAGE][PASSED] - Alert accepted

2023-10-05 15:33:51 - [TEST_STEP][PASSED] - inv = data.get("invoice"): null

2023-10-05 15:33:51 - [TEST_STEP][PASSED] - setText(findTestObject("admin/Penjualan ke konsumen/Search"), inv): Text 'TRX60.20231005153257' is set on object 'Object Repository/admin/Penjualan ke konsumen/Search'

2023-10-05 15:33:55 - [MESSAGE][PASSED] - Text 'TRX60.20231005153257' is set on object 'Object Repository/admin/Penjualan ke konsumen/Search'

2023-10-05 15:33:55 - [TEST_STEP][PASSED] - verifyTextPresent("Selesai", false): Text 'Selesai' is present on page 

2023-10-05 15:33:55 - [MESSAGE][PASSED] - Text 'Selesai' is present on page 

2023-10-05 15:33:55 - [TEST_STEP][PASSED] - selesaiAdmin = getText(findTestObject("admin/Selesai")): Text of object 'Object Repository/admin/Selesai' is: 'Selesai'

2023-10-05 15:33:56 - [MESSAGE][PASSED] - Text of object 'Object Repository/admin/Selesai' is: 'Selesai'

2023-10-05 15:33:56 - [TEST_STEP][PASSED] - data.put("statusSelesai", selesaiAdmin): null

2023-10-05 15:33:56 - [TEST_STEP][PASSED] - return data: null

2023-10-05 15:33:56 - [MESSAGE][PASSED] - Call Test Case 'Test Cases/T13 Pembelian, Shipment dan Pembayaran/SA-005' successfully

2023-10-05 15:33:56 - [TEST_STEP][PASSED] - openBrowser("https://10.9.2.63/ecommerce/"): Browser is opened with url: 'https://10.9.2.63/ecommerce/'

2023-10-05 15:33:56 - [MESSAGE][WARNING] - A browser is already opened. Closing browser and opening a new one

2023-10-05 15:33:57 - [MESSAGE][INFO] - Starting 'Edge Chromium' driver

2023-10-05 15:33:57 - [MESSAGE][INFO] - User set preference: ['acceptInsecureCerts', 'true']

2023-10-05 15:33:59 - [MESSAGE][INFO] - Action delay is set to 0 milliseconds

2023-10-05 15:34:02 - [MESSAGE][PASSED] - Browser is opened with url: 'https://10.9.2.63/ecommerce/'

2023-10-05 15:34:02 - [TEST_STEP][PASSED] - maximizeWindow(): Current window maximized

2023-10-05 15:34:02 - [MESSAGE][PASSED] - Current window maximized

2023-10-05 15:34:02 - [TEST_STEP][PASSED] - verifyElementPresent(findTestObject("Login/Home"), 0): Object 'Object Repository/Login/Home' is present

2023-10-05 15:34:02 - [MESSAGE][WARNING] - Timeout '0' is invalid. Using default page load timeout: '30'

2023-10-05 15:34:03 - [MESSAGE][PASSED] - Object 'Object Repository/Login/Home' is present

2023-10-05 15:34:03 - [TEST_STEP][PASSED] - click(findTestObject("Login/a_Login")): Object: 'Object Repository/Login/a_Login' is clicked on

2023-10-05 15:34:03 - [MESSAGE][PASSED] - Object: 'Object Repository/Login/a_Login' is clicked on

2023-10-05 15:34:03 - [TEST_STEP][PASSED] - verifyElementPresent(findTestObject("Login/Tittle Login"), 0): Object 'Object Repository/Login/Tittle Login' is present

2023-10-05 15:34:03 - [MESSAGE][WARNING] - Timeout '0' is invalid. Using default page load timeout: '30'

2023-10-05 15:34:04 - [MESSAGE][PASSED] - Object 'Object Repository/Login/Tittle Login' is present

2023-10-05 15:34:04 - [TEST_STEP][PASSED] - setText(findTestObject("Login/input_Username, Email atau No. Handphone_a"), "irfanafandi"): Text 'irfanafandi' is set on object 'Object Repository/Login/input_Username, Email atau No. Handphone_a'

2023-10-05 15:34:05 - [MESSAGE][PASSED] - Text 'irfanafandi' is set on object 'Object Repository/Login/input_Username, Email atau No. Handphone_a'

2023-10-05 15:34:05 - [TEST_STEP][PASSED] - setText(findTestObject("Login/input_Password_b"), "12345irfan"): Text '12345irfan' is set on object 'Object Repository/Login/input_Password_b'

2023-10-05 15:34:06 - [MESSAGE][PASSED] - Text '12345irfan' is set on object 'Object Repository/Login/input_Password_b'

2023-10-05 15:34:06 - [TEST_STEP][PASSED] - click(findTestObject("Login/button_Masuk")): Object: 'Object Repository/Login/button_Masuk' is clicked on

2023-10-05 15:34:07 - [MESSAGE][PASSED] - Object: 'Object Repository/Login/button_Masuk' is clicked on

2023-10-05 15:34:07 - [TEST_STEP][PASSED] - verifyElementPresent(findTestObject("Login/li_Profile"), 0): Object 'Object Repository/Login/li_Profile' is present

2023-10-05 15:34:07 - [MESSAGE][WARNING] - Timeout '0' is invalid. Using default page load timeout: '30'

2023-10-05 15:34:07 - [MESSAGE][PASSED] - Object 'Object Repository/Login/li_Profile' is present

2023-10-05 15:34:07 - [TEST_STEP][PASSED] - click(findTestObject("Konfirmasi pesanan shop/Menu Shop")): Object: 'Object Repository/Konfirmasi pesanan shop/Menu Shop' is clicked on

2023-10-05 15:34:09 - [MESSAGE][PASSED] - Object: 'Object Repository/Konfirmasi pesanan shop/Menu Shop' is clicked on

2023-10-05 15:34:09 - [TEST_STEP][PASSED] - click(findTestObject("Konfirmasi pesanan shop/Menu Shop")): Object: 'Object Repository/Konfirmasi pesanan shop/Menu Shop' is clicked on

2023-10-05 15:34:09 - [MESSAGE][PASSED] - Object: 'Object Repository/Konfirmasi pesanan shop/Menu Shop' is clicked on

2023-10-05 15:34:09 - [TEST_STEP][PASSED] - click(findTestObject("Traking Order/a_Tracking Orders")): Object: 'Object Repository/Traking Order/a_Tracking Orders' is clicked on

2023-10-05 15:34:10 - [MESSAGE][PASSED] - Object: 'Object Repository/Traking Order/a_Tracking Orders' is clicked on

2023-10-05 15:34:10 - [TEST_STEP][PASSED] - verifyElementPresent(findTestObject("Traking Order/Tittle Tracking Order"), 0): Object 'Object Repository/Traking Order/Tittle Tracking Order' is present

2023-10-05 15:34:10 - [MESSAGE][WARNING] - Timeout '0' is invalid. Using default page load timeout: '30'

2023-10-05 15:34:11 - [MESSAGE][PASSED] - Object 'Object Repository/Traking Order/Tittle Tracking Order' is present

2023-10-05 15:34:11 - [TEST_STEP][PASSED] - inv = data.get("invoice"): null

2023-10-05 15:34:11 - [TEST_STEP][PASSED] - clearText(findTestObject("Traking Order/input_No Pesanan_a"), STOP_ON_FAILURE): Text of object 'Object Repository/Traking Order/input_No Pesanan_a' is cleared

2023-10-05 15:34:11 - [MESSAGE][PASSED] - Text of object 'Object Repository/Traking Order/input_No Pesanan_a' is cleared

2023-10-05 15:34:11 - [TEST_STEP][PASSED] - clearText(findTestObject("Traking Order/input_Alamat E-mail_form-control"), STOP_ON_FAILURE): Text of object 'Object Repository/Traking Order/input_Alamat E-mail_form-control' is cleared

2023-10-05 15:34:11 - [MESSAGE][PASSED] - Text of object 'Object Repository/Traking Order/input_Alamat E-mail_form-control' is cleared

2023-10-05 15:34:11 - [TEST_STEP][PASSED] - click(findTestObject("Traking Order/button_Lacak Pesanan")): Object: 'Object Repository/Traking Order/button_Lacak Pesanan' is clicked on

2023-10-05 15:34:12 - [MESSAGE][PASSED] - Object: 'Object Repository/Traking Order/button_Lacak Pesanan' is clicked on

2023-10-05 15:34:12 - [TEST_STEP][PASSED] - webDriver = getWebDriver(): null

2023-10-05 15:34:12 - [TEST_STEP][PASSED] - field_tracking = webDriver.findElement(By.xpath("(//input[@name="a"])[3]")): null

2023-10-05 15:34:12 - [TEST_STEP][PASSED] - error_message = webDriver.executeScript("return arguments[0].validationMessage", field_tracking): null

2023-10-05 15:34:12 - [TEST_STEP][PASSED] - println(error_message): null

2023-10-05 15:34:12 - [TEST_STEP][PASSED] - assert error_message == "Please fill out this field.": null]]></system-out>
         <system-err><![CDATA[]]></system-err>
      </testcase>
      <testcase name="Test Cases/T13 Pembelian, Shipment dan Pembayaran/SU-007" time="115.909" classname="Test Cases/T13 Pembelian, Shipment dan Pembayaran/SU-007" status="FAILED">
         <failure type="FAILED" message="Test Cases/T13 Pembelian, Shipment dan Pembayaran/SU-007 FAILED.
Reason:
com.kms.katalon.core.exception.StepFailedException: Unable to verify text 'Email not valid' is present 
	at com.kms.katalon.core.webui.keyword.internal.WebUIKeywordMain.stepFailed(WebUIKeywordMain.groovy:64)
	at com.kms.katalon.core.webui.keyword.internal.WebUIKeywordMain.runKeyword(WebUIKeywordMain.groovy:26)
	at com.kms.katalon.core.webui.keyword.builtin.VerifyTextPresentKeyword.verifyTextPresent(VerifyTextPresentKeyword.groovy:83)
	at com.kms.katalon.core.webui.keyword.builtin.VerifyTextPresentKeyword.execute(VerifyTextPresentKeyword.groovy:68)
	at com.kms.katalon.core.keyword.internal.KeywordExecutor.executeKeywordForPlatform(KeywordExecutor.groovy:74)
	at com.kms.katalon.core.webui.keyword.WebUiBuiltInKeywords.verifyTextPresent(WebUiBuiltInKeywords.groovy:1723)
	at com.kms.katalon.core.webui.keyword.WebUiBuiltInKeywords$verifyTextPresent$7.call(Unknown Source)
	at SU-007.run(SU-007:60)
	at com.kms.katalon.core.main.ScriptEngine.run(ScriptEngine.java:194)
	at com.kms.katalon.core.main.ScriptEngine.runScriptAsRawText(ScriptEngine.java:119)
	at com.kms.katalon.core.main.TestCaseExecutor.runScript(TestCaseExecutor.java:448)
	at com.kms.katalon.core.main.TestCaseExecutor.doExecute(TestCaseExecutor.java:439)
	at com.kms.katalon.core.main.TestCaseExecutor.processExecutionPhase(TestCaseExecutor.java:418)
	at com.kms.katalon.core.main.TestCaseExecutor.accessMainPhase(TestCaseExecutor.java:410)
	at com.kms.katalon.core.main.TestCaseExecutor.execute(TestCaseExecutor.java:285)
	at com.kms.katalon.core.common.CommonExecutor.accessTestCaseMainPhase(CommonExecutor.java:65)
	at com.kms.katalon.core.main.TestSuiteExecutor.accessTestSuiteMainPhase(TestSuiteExecutor.java:148)
	at com.kms.katalon.core.main.TestSuiteExecutor.execute(TestSuiteExecutor.java:106)
	at com.kms.katalon.core.main.TestCaseMain.startTestSuite(TestCaseMain.java:187)
	at com.kms.katalon.core.main.TestCaseMain$startTestSuite$0.call(Unknown Source)
	at TempTestSuite1696491677292.run(TempTestSuite1696491677292.groovy:36)
Caused by: com.kms.katalon.core.exception.StepFailedException: Text 'Email not valid' is not present on page 
	at com.kms.katalon.core.webui.keyword.internal.WebUIKeywordMain.stepFailed(WebUIKeywordMain.groovy:64)
	at com.kms.katalon.core.webui.keyword.builtin.VerifyTextPresentKeyword$_verifyTextPresent_closure1.doCall(VerifyTextPresentKeyword.groovy:79)
	at com.kms.katalon.core.webui.keyword.builtin.VerifyTextPresentKeyword$_verifyTextPresent_closure1.call(VerifyTextPresentKeyword.groovy)
	at com.kms.katalon.core.webui.keyword.internal.WebUIKeywordMain.runKeyword(WebUIKeywordMain.groovy:20)
	... 19 more
"/>
         <system-out><![CDATA[2023-10-05 15:34:12 - [TEST_CASE][FAILED] - Test Cases/T13 Pembelian, Shipment dan Pembayaran/SU-007: Test Cases/T13 Pembelian, Shipment dan Pembayaran/SU-007 FAILED.
Reason:
com.kms.katalon.core.exception.StepFailedException: Unable to verify text 'Email not valid' is present 
	at com.kms.katalon.core.webui.keyword.internal.WebUIKeywordMain.stepFailed(WebUIKeywordMain.groovy:64)
	at com.kms.katalon.core.webui.keyword.internal.WebUIKeywordMain.runKeyword(WebUIKeywordMain.groovy:26)
	at com.kms.katalon.core.webui.keyword.builtin.VerifyTextPresentKeyword.verifyTextPresent(VerifyTextPresentKeyword.groovy:83)
	at com.kms.katalon.core.webui.keyword.builtin.VerifyTextPresentKeyword.execute(VerifyTextPresentKeyword.groovy:68)
	at com.kms.katalon.core.keyword.internal.KeywordExecutor.executeKeywordForPlatform(KeywordExecutor.groovy:74)
	at com.kms.katalon.core.webui.keyword.WebUiBuiltInKeywords.verifyTextPresent(WebUiBuiltInKeywords.groovy:1723)
	at com.kms.katalon.core.webui.keyword.WebUiBuiltInKeywords$verifyTextPresent$7.call(Unknown Source)
	at SU-007.run(SU-007:60)
	at com.kms.katalon.core.main.ScriptEngine.run(ScriptEngine.java:194)
	at com.kms.katalon.core.main.ScriptEngine.runScriptAsRawText(ScriptEngine.java:119)
	at com.kms.katalon.core.main.TestCaseExecutor.runScript(TestCaseExecutor.java:448)
	at com.kms.katalon.core.main.TestCaseExecutor.doExecute(TestCaseExecutor.java:439)
	at com.kms.katalon.core.main.TestCaseExecutor.processExecutionPhase(TestCaseExecutor.java:418)
	at com.kms.katalon.core.main.TestCaseExecutor.accessMainPhase(TestCaseExecutor.java:410)
	at com.kms.katalon.core.main.TestCaseExecutor.execute(TestCaseExecutor.java:285)
	at com.kms.katalon.core.common.CommonExecutor.accessTestCaseMainPhase(CommonExecutor.java:65)
	at com.kms.katalon.core.main.TestSuiteExecutor.accessTestSuiteMainPhase(TestSuiteExecutor.java:148)
	at com.kms.katalon.core.main.TestSuiteExecutor.execute(TestSuiteExecutor.java:106)
	at com.kms.katalon.core.main.TestCaseMain.startTestSuite(TestCaseMain.java:187)
	at com.kms.katalon.core.main.TestCaseMain$startTestSuite$0.call(Unknown Source)
	at TempTestSuite1696491677292.run(TempTestSuite1696491677292.groovy:36)
Caused by: com.kms.katalon.core.exception.StepFailedException: Text 'Email not valid' is not present on page 
	at com.kms.katalon.core.webui.keyword.internal.WebUIKeywordMain.stepFailed(WebUIKeywordMain.groovy:64)
	at com.kms.katalon.core.webui.keyword.builtin.VerifyTextPresentKeyword$_verifyTextPresent_closure1.doCall(VerifyTextPresentKeyword.groovy:79)
	at com.kms.katalon.core.webui.keyword.builtin.VerifyTextPresentKeyword$_verifyTextPresent_closure1.call(VerifyTextPresentKeyword.groovy)
	at com.kms.katalon.core.webui.keyword.internal.WebUIKeywordMain.runKeyword(WebUIKeywordMain.groovy:20)
	... 19 more


2023-10-05 15:34:13 - [TEST_STEP][PASSED] - data = callTestCase(findTestCase("T13 Pembelian, Shipment dan Pembayaran/SA-005"), [:], STOP_ON_FAILURE): Call Test Case 'Test Cases/T13 Pembelian, Shipment dan Pembayaran/SA-005' successfully

2023-10-05 15:34:13 - [TEST_CASE][PASSED] - Test Cases/T13 Pembelian, Shipment dan Pembayaran/SA-005: Test Cases/T13 Pembelian, Shipment dan Pembayaran/SA-005

2023-10-05 15:34:13 - [TEST_STEP][PASSED] - data = callTestCase(findTestCase("T13 Pembelian, Shipment dan Pembayaran/SA-002"), [:], STOP_ON_FAILURE): Call Test Case 'Test Cases/T13 Pembelian, Shipment dan Pembayaran/SA-002' successfully

2023-10-05 15:34:13 - [TEST_CASE][PASSED] - Test Cases/T13 Pembelian, Shipment dan Pembayaran/SA-002: Test Cases/T13 Pembelian, Shipment dan Pembayaran/SA-002

2023-10-05 15:34:13 - [TEST_STEP][PASSED] - data = callTestCase(findTestCase("T13 Pembelian, Shipment dan Pembayaran/SA-001"), [:], STOP_ON_FAILURE): Call Test Case 'Test Cases/T13 Pembelian, Shipment dan Pembayaran/SA-001' successfully

2023-10-05 15:34:13 - [TEST_CASE][PASSED] - Test Cases/T13 Pembelian, Shipment dan Pembayaran/SA-001: Test Cases/T13 Pembelian, Shipment dan Pembayaran/SA-001

2023-10-05 15:34:13 - [TEST_STEP][PASSED] - data = callTestCase(findTestCase("T13 Pembelian, Shipment dan Pembayaran/PBYA-001"), [:], STOP_ON_FAILURE): Call Test Case 'Test Cases/T13 Pembelian, Shipment dan Pembayaran/PBYA-001' successfully

2023-10-05 15:34:13 - [TEST_CASE][PASSED] - Test Cases/T13 Pembelian, Shipment dan Pembayaran/PBYA-001: Test Cases/T13 Pembelian, Shipment dan Pembayaran/PBYA-001

2023-10-05 15:34:13 - [TEST_STEP][PASSED] - data = callTestCase(findTestCase("T13 Pembelian, Shipment dan Pembayaran/PBY-004"), [:], STOP_ON_FAILURE): Call Test Case 'Test Cases/T13 Pembelian, Shipment dan Pembayaran/PBY-004' successfully

2023-10-05 15:34:13 - [TEST_CASE][PASSED] - Test Cases/T13 Pembelian, Shipment dan Pembayaran/PBY-004: Test Cases/T13 Pembelian, Shipment dan Pembayaran/PBY-004

2023-10-05 15:34:13 - [TEST_STEP][PASSED] - data = callTestCase(findTestCase("T13 Pembelian, Shipment dan Pembayaran/PBY-001"), [:], STOP_ON_FAILURE): Call Test Case 'Test Cases/T13 Pembelian, Shipment dan Pembayaran/PBY-001' successfully

2023-10-05 15:34:13 - [TEST_CASE][PASSED] - Test Cases/T13 Pembelian, Shipment dan Pembayaran/PBY-001: Test Cases/T13 Pembelian, Shipment dan Pembayaran/PBY-001

2023-10-05 15:34:13 - [TEST_STEP][PASSED] - data = callTestCase(findTestCase("T13 Pembelian, Shipment dan Pembayaran/PBL-004"), ["Kurir":"Roda 2"], STOP_ON_FAILURE): Call Test Case 'Test Cases/T13 Pembelian, Shipment dan Pembayaran/PBL-004' successfully

2023-10-05 15:34:13 - [TEST_CASE][PASSED] - Test Cases/T13 Pembelian, Shipment dan Pembayaran/PBL-004: Test Cases/T13 Pembelian, Shipment dan Pembayaran/PBL-004

2023-10-05 15:34:13 - [TEST_STEP][PASSED] - data = callTestCase(findTestCase("T13 Pembelian, Shipment dan Pembayaran/PBL-002"), [:], STOP_ON_FAILURE): Call Test Case 'Test Cases/T13 Pembelian, Shipment dan Pembayaran/PBL-002' successfully

2023-10-05 15:34:13 - [TEST_CASE][PASSED] - Test Cases/T13 Pembelian, Shipment dan Pembayaran/PBL-002: Test Cases/T13 Pembelian, Shipment dan Pembayaran/PBL-002

2023-10-05 15:34:13 - [TEST_STEP][PASSED] - data = callTestCase(findTestCase("T13 Pembelian, Shipment dan Pembayaran/PBL-001"), [:], STOP_ON_FAILURE): Call Test Case 'Test Cases/T13 Pembelian, Shipment dan Pembayaran/PBL-001' successfully

2023-10-05 15:34:13 - [TEST_CASE][PASSED] - Test Cases/T13 Pembelian, Shipment dan Pembayaran/PBL-001: Test Cases/T13 Pembelian, Shipment dan Pembayaran/PBL-001

2023-10-05 15:34:13 - [TEST_STEP][PASSED] - callTestCase(findTestCase("T13 Pembelian, Shipment dan Pembayaran/LU-001"), ["username":"irfanafandi", "password":"12345irfan"], STOP_ON_FAILURE): Call Test Case 'Test Cases/T13 Pembelian, Shipment dan Pembayaran/LU-001' successfully

2023-10-05 15:34:14 - [TEST_CASE][PASSED] - Test Cases/T13 Pembelian, Shipment dan Pembayaran/LU-001: Test Cases/T13 Pembelian, Shipment dan Pembayaran/LU-001

2023-10-05 15:34:14 - [TEST_STEP][PASSED] - openBrowser("https://10.9.2.63/ecommerce/"): Browser is opened with url: 'https://10.9.2.63/ecommerce/'

2023-10-05 15:34:14 - [MESSAGE][WARNING] - A browser is already opened. Closing browser and opening a new one

2023-10-05 15:34:14 - [MESSAGE][INFO] - Starting 'Edge Chromium' driver

2023-10-05 15:34:14 - [MESSAGE][INFO] - User set preference: ['acceptInsecureCerts', 'true']

2023-10-05 15:34:16 - [MESSAGE][INFO] - Action delay is set to 0 milliseconds

2023-10-05 15:34:19 - [MESSAGE][PASSED] - Browser is opened with url: 'https://10.9.2.63/ecommerce/'

2023-10-05 15:34:19 - [TEST_STEP][PASSED] - maximizeWindow(): Current window maximized

2023-10-05 15:34:19 - [MESSAGE][PASSED] - Current window maximized

2023-10-05 15:34:19 - [TEST_STEP][PASSED] - verifyElementPresent(findTestObject("Login/Home"), 0): Object 'Object Repository/Login/Home' is present

2023-10-05 15:34:19 - [MESSAGE][WARNING] - Timeout '0' is invalid. Using default page load timeout: '30'

2023-10-05 15:34:20 - [MESSAGE][PASSED] - Object 'Object Repository/Login/Home' is present

2023-10-05 15:34:20 - [TEST_STEP][PASSED] - click(findTestObject("Login/a_Login")): Object: 'Object Repository/Login/a_Login' is clicked on

2023-10-05 15:34:21 - [MESSAGE][PASSED] - Object: 'Object Repository/Login/a_Login' is clicked on

2023-10-05 15:34:21 - [TEST_STEP][PASSED] - verifyElementPresent(findTestObject("Login/Tittle Login"), 0): Object 'Object Repository/Login/Tittle Login' is present

2023-10-05 15:34:21 - [MESSAGE][WARNING] - Timeout '0' is invalid. Using default page load timeout: '30'

2023-10-05 15:34:21 - [MESSAGE][PASSED] - Object 'Object Repository/Login/Tittle Login' is present

2023-10-05 15:34:21 - [TEST_STEP][PASSED] - setText(findTestObject("Login/input_Username, Email atau No. Handphone_a"), username): Text 'irfanafandi' is set on object 'Object Repository/Login/input_Username, Email atau No. Handphone_a'

2023-10-05 15:34:22 - [MESSAGE][PASSED] - Text 'irfanafandi' is set on object 'Object Repository/Login/input_Username, Email atau No. Handphone_a'

2023-10-05 15:34:22 - [TEST_STEP][PASSED] - setText(findTestObject("Login/input_Password_b"), password): Text '12345irfan' is set on object 'Object Repository/Login/input_Password_b'

2023-10-05 15:34:23 - [MESSAGE][PASSED] - Text '12345irfan' is set on object 'Object Repository/Login/input_Password_b'

2023-10-05 15:34:23 - [TEST_STEP][PASSED] - click(findTestObject("Login/label_Ingat saya")): Object: 'Object Repository/Login/label_Ingat saya' is clicked on

2023-10-05 15:34:23 - [MESSAGE][PASSED] - Object: 'Object Repository/Login/label_Ingat saya' is clicked on

2023-10-05 15:34:23 - [TEST_STEP][PASSED] - click(findTestObject("Login/button_Masuk")): Object: 'Object Repository/Login/button_Masuk' is clicked on

2023-10-05 15:34:25 - [MESSAGE][PASSED] - Object: 'Object Repository/Login/button_Masuk' is clicked on

2023-10-05 15:34:25 - [TEST_STEP][PASSED] - verifyElementPresent(findTestObject("Login/li_Profile"), 0): Object 'Object Repository/Login/li_Profile' is present

2023-10-05 15:34:25 - [MESSAGE][WARNING] - Timeout '0' is invalid. Using default page load timeout: '30'

2023-10-05 15:34:25 - [MESSAGE][PASSED] - Object 'Object Repository/Login/li_Profile' is present

2023-10-05 15:34:25 - [MESSAGE][PASSED] - Call Test Case 'Test Cases/T13 Pembelian, Shipment dan Pembayaran/LU-001' successfully

2023-10-05 15:34:25 - [TEST_STEP][PASSED] - mouseOver(findTestObject("beli barang/i_Mulai Belanja_icon-menu")): Object: 'Object Repository/beli barang/i_Mulai Belanja_icon-menu' is hovered

2023-10-05 15:34:26 - [MESSAGE][PASSED] - Object: 'Object Repository/beli barang/i_Mulai Belanja_icon-menu' is hovered

2023-10-05 15:34:26 - [TEST_STEP][PASSED] - click(findTestObject("beli barang/a_Fashion  Busana Wanita")): Object: 'Object Repository/beli barang/a_Fashion  Busana Wanita' is clicked on

2023-10-05 15:34:27 - [MESSAGE][PASSED] - Object: 'Object Repository/beli barang/a_Fashion  Busana Wanita' is clicked on

2023-10-05 15:34:27 - [TEST_STEP][PASSED] - NamaSebelum = getText(findTestObject("verifikasi/Nama sebelum")): Text of object 'Object Repository/verifikasi/Nama sebelum' is: ''

2023-10-05 15:34:27 - [MESSAGE][PASSED] - Text of object 'Object Repository/verifikasi/Nama sebelum' is: ''

2023-10-05 15:34:27 - [TEST_STEP][PASSED] - HargaSebelum = getText(findTestObject("verifikasi/Harga sebelum")): Text of object 'Object Repository/verifikasi/Harga sebelum' is: 'Rp 1,299'

2023-10-05 15:34:28 - [MESSAGE][PASSED] - Text of object 'Object Repository/verifikasi/Harga sebelum' is: 'Rp 1,299'

2023-10-05 15:34:28 - [TEST_STEP][PASSED] - mouseOver(findTestObject("beli barang/barang mouse over")): Object: 'Object Repository/beli barang/barang mouse over' is hovered

2023-10-05 15:34:28 - [MESSAGE][PASSED] - Object: 'Object Repository/beli barang/barang mouse over' is hovered

2023-10-05 15:34:28 - [TEST_STEP][PASSED] - click(findTestObject("beli barang/buttom add to cart")): Object: 'Object Repository/beli barang/buttom add to cart' is clicked on

2023-10-05 15:34:30 - [MESSAGE][PASSED] - Object: 'Object Repository/beli barang/buttom add to cart' is clicked on

2023-10-05 15:34:30 - [TEST_STEP][PASSED] - NamaSesudah = getText(findTestObject("verifikasi/Nama sesudah")): Text of object 'Object Repository/verifikasi/Nama sesudah' is: 'Segitiga Instan Madeira - MDB5.3 Sunset'

2023-10-05 15:34:30 - [MESSAGE][PASSED] - Text of object 'Object Repository/verifikasi/Nama sesudah' is: 'Segitiga Instan Madeira - MDB5.3 Sunset'

2023-10-05 15:34:30 - [TEST_STEP][PASSED] - HargaSesudah = getText(findTestObject("verifikasi/Harga sesudah")): Text of object 'Object Repository/verifikasi/Harga sesudah' is: 'Rp 1,299'

2023-10-05 15:34:31 - [MESSAGE][PASSED] - Text of object 'Object Repository/verifikasi/Harga sesudah' is: 'Rp 1,299'

2023-10-05 15:34:31 - [TEST_STEP][PASSED] - assert NamaSesudah.contains(NamaSebelum): null

2023-10-05 15:34:31 - [TEST_STEP][PASSED] - assert HargaSesudah.contains(HargaSebelum): null

2023-10-05 15:34:31 - [TEST_STEP][PASSED] - click(findTestObject("beli barang/Tambah Keranjang busana wanita")): Object: 'Object Repository/beli barang/Tambah Keranjang busana wanita' is clicked on

2023-10-05 15:34:31 - [MESSAGE][PASSED] - Object: 'Object Repository/beli barang/Tambah Keranjang busana wanita' is clicked on

2023-10-05 15:34:31 - [TEST_STEP][PASSED] - verifyElementPresent(findTestObject("checkout/Notifikasi keranjang"), 1): Object 'Object Repository/checkout/Notifikasi keranjang' is present

2023-10-05 15:34:32 - [MESSAGE][PASSED] - Object 'Object Repository/checkout/Notifikasi keranjang' is present

2023-10-05 15:34:32 - [TEST_STEP][PASSED] - data = new java.util.HashMap(): null

2023-10-05 15:34:32 - [TEST_STEP][PASSED] - data.put("nama_barang", NamaSesudah): null

2023-10-05 15:34:32 - [TEST_STEP][PASSED] - data.put("price_barang", HargaSesudah): null

2023-10-05 15:34:32 - [TEST_STEP][PASSED] - return data: null

2023-10-05 15:34:32 - [MESSAGE][PASSED] - Call Test Case 'Test Cases/T13 Pembelian, Shipment dan Pembayaran/PBL-001' successfully

2023-10-05 15:34:32 - [TEST_STEP][PASSED] - mouseOver(findTestObject("beli barang/keranjang")): Object: 'Object Repository/beli barang/keranjang' is hovered

2023-10-05 15:34:33 - [MESSAGE][PASSED] - Object: 'Object Repository/beli barang/keranjang' is hovered

2023-10-05 15:34:33 - [TEST_STEP][PASSED] - click(findTestObject("beli barang/Lihat Sekarang")): Object: 'Object Repository/beli barang/Lihat Sekarang' is clicked on

2023-10-05 15:34:34 - [MESSAGE][PASSED] - Object: 'Object Repository/beli barang/Lihat Sekarang' is clicked on

2023-10-05 15:34:34 - [TEST_STEP][PASSED] - verifyElementPresent(findTestObject("keranjang/li_Keranjang Belanja"), 0): Object 'Object Repository/keranjang/li_Keranjang Belanja' is present

2023-10-05 15:34:34 - [MESSAGE][WARNING] - Timeout '0' is invalid. Using default page load timeout: '30'

2023-10-05 15:34:34 - [MESSAGE][PASSED] - Object 'Object Repository/keranjang/li_Keranjang Belanja' is present

2023-10-05 15:34:34 - [TEST_STEP][PASSED] - NamaKeranjang = getText(findTestObject("verifikasi/Nama keranjang")): Text of object 'Object Repository/verifikasi/Nama keranjang' is: 'Segitiga Instan Madeira - MDB5.3 Sunset'

2023-10-05 15:34:35 - [MESSAGE][PASSED] - Text of object 'Object Repository/verifikasi/Nama keranjang' is: 'Segitiga Instan Madeira - MDB5.3 Sunset'

2023-10-05 15:34:35 - [TEST_STEP][PASSED] - HargaKeranjang = getText(findTestObject("verifikasi/Harga Keranjang")): Text of object 'Object Repository/verifikasi/Harga Keranjang' is: 'Rp 1,299'

2023-10-05 15:34:35 - [MESSAGE][PASSED] - Text of object 'Object Repository/verifikasi/Harga Keranjang' is: 'Rp 1,299'

2023-10-05 15:34:35 - [TEST_STEP][PASSED] - if (toString().equalsIgnoreCase("Merah")): Object 'Object Repository/keranjang/input_Warna_variasi101' is checked

2023-10-05 15:34:35 - [TEST_STEP][PASSED] - check(findTestObject("Object Repository/keranjang/input_Warna_variasi101")): Object 'Object Repository/keranjang/input_Warna_variasi101' is checked

2023-10-05 15:34:36 - [MESSAGE][PASSED] - Object 'Object Repository/keranjang/input_Warna_variasi101' is checked

2023-10-05 15:34:36 - [TEST_STEP][PASSED] - if (toString().equalsIgnoreCase("Menengah")): Object 'Object Repository/keranjang/input_Ukuran_variasi201' is checked

2023-10-05 15:34:36 - [TEST_STEP][PASSED] - check(findTestObject("Object Repository/keranjang/input_Ukuran_variasi201")): Object 'Object Repository/keranjang/input_Ukuran_variasi201' is checked

2023-10-05 15:34:36 - [MESSAGE][PASSED] - Object 'Object Repository/keranjang/input_Ukuran_variasi201' is checked

2023-10-05 15:34:36 - [TEST_STEP][PASSED] - data.put("Warna", warna): null

2023-10-05 15:34:36 - [TEST_STEP][PASSED] - data.put("Ukuran", ukuran): null

2023-10-05 15:34:36 - [TEST_STEP][PASSED] - click(findTestObject("keranjang/button_Lanjut ke Pembayaran")): Object: 'Object Repository/keranjang/button_Lanjut ke Pembayaran' is clicked on

2023-10-05 15:34:37 - [MESSAGE][PASSED] - Object: 'Object Repository/keranjang/button_Lanjut ke Pembayaran' is clicked on

2023-10-05 15:34:37 - [TEST_STEP][PASSED] - verifyElementPresent(findTestObject("checkout/Tittle Checkout Order"), 0): Object 'Object Repository/checkout/Tittle Checkout Order' is present

2023-10-05 15:34:37 - [MESSAGE][WARNING] - Timeout '0' is invalid. Using default page load timeout: '30'

2023-10-05 15:34:38 - [MESSAGE][PASSED] - Object 'Object Repository/checkout/Tittle Checkout Order' is present

2023-10-05 15:34:38 - [TEST_STEP][PASSED] - name_product = data.get("nama_barang"): null

2023-10-05 15:34:38 - [TEST_STEP][PASSED] - price_product = data.get("price_barang"): null

2023-10-05 15:34:38 - [TEST_STEP][PASSED] - assert name_product == NamaKeranjang: null

2023-10-05 15:34:38 - [TEST_STEP][PASSED] - assert price_product == HargaKeranjang: null

2023-10-05 15:34:38 - [TEST_STEP][PASSED] - return data: null

2023-10-05 15:34:38 - [MESSAGE][PASSED] - Call Test Case 'Test Cases/T13 Pembelian, Shipment dan Pembayaran/PBL-002' successfully

2023-10-05 15:34:38 - [TEST_STEP][PASSED] - warnaa = getText(findTestObject("verifikasi/warna Merah")): Text of object 'Object Repository/verifikasi/warna Merah' is: 'Merah'

2023-10-05 15:34:38 - [MESSAGE][PASSED] - Text of object 'Object Repository/verifikasi/warna Merah' is: 'Merah'

2023-10-05 15:34:38 - [TEST_STEP][PASSED] - ukurann = getText(findTestObject("verifikasi/Ukuran Menengah")): Text of object 'Object Repository/verifikasi/Ukuran Menengah' is: 'Menengah'

2023-10-05 15:34:39 - [MESSAGE][PASSED] - Text of object 'Object Repository/verifikasi/Ukuran Menengah' is: 'Menengah'

2023-10-05 15:34:39 - [TEST_STEP][PASSED] - warna1 = data.get("Warna"): null

2023-10-05 15:34:39 - [TEST_STEP][PASSED] - ukuran1 = data.get("Ukuran"): null

2023-10-05 15:34:39 - [TEST_STEP][PASSED] - assert warnaa == warna1: null

2023-10-05 15:34:39 - [TEST_STEP][PASSED] - assert ukurann == ukuran1: null

2023-10-05 15:34:39 - [TEST_STEP][PASSED] - NamaCheckout = getText(findTestObject("verifikasi/NamaCheckout")): Text of object 'Object Repository/verifikasi/NamaCheckout' is: ''

2023-10-05 15:34:39 - [MESSAGE][PASSED] - Text of object 'Object Repository/verifikasi/NamaCheckout' is: ''

2023-10-05 15:34:39 - [TEST_STEP][PASSED] - HargaCheckout = getText(findTestObject("verifikasi/HargaCheckout")): Text of object 'Object Repository/verifikasi/HargaCheckout' is: '1,299'

2023-10-05 15:34:39 - [MESSAGE][PASSED] - Text of object 'Object Repository/verifikasi/HargaCheckout' is: '1,299'

2023-10-05 15:34:39 - [TEST_STEP][PASSED] - name_product = data.get("nama_barang"): null

2023-10-05 15:34:39 - [TEST_STEP][PASSED] - price_product = data.get("price_barang"): null

2023-10-05 15:34:39 - [TEST_STEP][PASSED] - assert name_product.contains(NamaCheckout): null

2023-10-05 15:34:39 - [TEST_STEP][PASSED] - assert price_product.contains(HargaCheckout): null

2023-10-05 15:34:39 - [TEST_STEP][PASSED] - selectOptionByLabel(findTestObject("checkout/select - Kirim via Kurir Lokal"), Kurir, false): All options with label 'Roda 2' are selected in object 'Object Repository/checkout/select - Kirim via Kurir Lokal' 

2023-10-05 15:34:40 - [MESSAGE][PASSED] - All options with label 'Roda 2' are selected in object 'Object Repository/checkout/select - Kirim via Kurir Lokal' 

2023-10-05 15:34:40 - [TEST_STEP][PASSED] - click(findTestObject("checkout/Kendaraan Kurir")): Object: 'Object Repository/checkout/Kendaraan Kurir' is clicked on

2023-10-05 15:34:41 - [MESSAGE][PASSED] - Object: 'Object Repository/checkout/Kendaraan Kurir' is clicked on

2023-10-05 15:34:41 - [TEST_STEP][PASSED] - OngkosKirim = getText(findTestObject("Object Repository/verifikasi/Ongkos Kirim checkout")): Text of object 'Object Repository/verifikasi/Ongkos Kirim checkout' is: 'Rp. 5,000'

2023-10-05 15:34:41 - [MESSAGE][PASSED] - Text of object 'Object Repository/verifikasi/Ongkos Kirim checkout' is: 'Rp. 5,000'

2023-10-05 15:34:41 - [TEST_STEP][PASSED] - Ongkos = OngkosKirim.substring(3, OngkosKirim.size()): null

2023-10-05 15:34:41 - [TEST_STEP][PASSED] - rep = Ongkos.replace(",", "."): null

2023-10-05 15:34:41 - [TEST_STEP][PASSED] - Ongkos_kirim = Double.parseDouble(rep): null

2023-10-05 15:34:41 - [TEST_STEP][PASSED] - println(Ongkos_kirim): null

2023-10-05 15:34:41 - [TEST_STEP][PASSED] - FeeAdmin = getText(findTestObject("verifikasi/Fee Admin checkout")): Text of object 'Object Repository/verifikasi/Fee Admin checkout' is: 'Fee Admin
Rp 1,500'

2023-10-05 15:34:42 - [MESSAGE][PASSED] - Text of object 'Object Repository/verifikasi/Fee Admin checkout' is: 'Fee Admin
Rp 1,500'

2023-10-05 15:34:42 - [TEST_STEP][PASSED] - Fee_Admin = FeeAdmin.substring(12, FeeAdmin.size()): null

2023-10-05 15:34:42 - [TEST_STEP][PASSED] - fee = Fee_Admin.replace(",", "."): null

2023-10-05 15:34:42 - [TEST_STEP][PASSED] - fee_admin = Double.parseDouble(fee): null

2023-10-05 15:34:42 - [TEST_STEP][PASSED] - println(fee_admin): null

2023-10-05 15:34:42 - [TEST_STEP][PASSED] - Subtotal = getText(findTestObject("verifikasi/subtotal checkout")): Text of object 'Object Repository/verifikasi/subtotal checkout' is: 'Subtotal
Rp 1,299'

2023-10-05 15:34:42 - [MESSAGE][PASSED] - Text of object 'Object Repository/verifikasi/subtotal checkout' is: 'Subtotal
Rp 1,299'

2023-10-05 15:34:42 - [TEST_STEP][PASSED] - sub_total = Subtotal.substring(12, Subtotal.size()): null

2023-10-05 15:34:42 - [TEST_STEP][PASSED] - sub = sub_total.replace(",", "."): null

2023-10-05 15:34:42 - [TEST_STEP][PASSED] - sub_total = Double.parseDouble(sub): null

2023-10-05 15:34:42 - [TEST_STEP][PASSED] - println(sub_total): null

2023-10-05 15:34:42 - [TEST_STEP][PASSED] - Total = getText(findTestObject("verifikasi/Total checkout")): Text of object 'Object Repository/verifikasi/Total checkout' is: 'Rp 7,799'

2023-10-05 15:34:43 - [MESSAGE][PASSED] - Text of object 'Object Repository/verifikasi/Total checkout' is: 'Rp 7,799'

2023-10-05 15:34:43 - [TEST_STEP][PASSED] - totall = Total.substring(3, Total.size()): null

2023-10-05 15:34:43 - [TEST_STEP][PASSED] - total = totall.replace(",", "."): null

2023-10-05 15:34:43 - [TEST_STEP][PASSED] - totall = Double.parseDouble(total): null

2023-10-05 15:34:43 - [TEST_STEP][PASSED] - println(totall): null

2023-10-05 15:34:43 - [TEST_STEP][PASSED] - Total_Harga = Ongkos_kirim + fee_admin + sub_total: null

2023-10-05 15:34:43 - [TEST_STEP][PASSED] - println(Total_Harga): null

2023-10-05 15:34:43 - [TEST_STEP][PASSED] - TotalHarga = Math.round(Total_Harga * 1000) / 1000: null

2023-10-05 15:34:43 - [TEST_STEP][PASSED] - println(TotalHarga): null

2023-10-05 15:34:43 - [TEST_STEP][PASSED] - assert totall == TotalHarga: null

2023-10-05 15:34:43 - [TEST_STEP][PASSED] - click(findTestObject("verifikasi/Metode Transfer")): Object: 'Object Repository/verifikasi/Metode Transfer' is clicked on

2023-10-05 15:34:43 - [MESSAGE][PASSED] - Object: 'Object Repository/verifikasi/Metode Transfer' is clicked on

2023-10-05 15:34:43 - [TEST_STEP][PASSED] - click(findTestObject("checkout/button_Proses Pembayaran")): Object: 'Object Repository/checkout/button_Proses Pembayaran' is clicked on

2023-10-05 15:34:50 - [MESSAGE][PASSED] - Object: 'Object Repository/checkout/button_Proses Pembayaran' is clicked on

2023-10-05 15:34:50 - [TEST_STEP][PASSED] - verifyElementPresent(findTestObject("pembayaran/Tittle nomor invoice"), 0): Object 'Object Repository/pembayaran/Tittle nomor invoice' is present

2023-10-05 15:34:50 - [MESSAGE][WARNING] - Timeout '0' is invalid. Using default page load timeout: '30'

2023-10-05 15:34:51 - [MESSAGE][PASSED] - Object 'Object Repository/pembayaran/Tittle nomor invoice' is present

2023-10-05 15:34:51 - [TEST_STEP][PASSED] - return data: null

2023-10-05 15:34:51 - [MESSAGE][PASSED] - Call Test Case 'Test Cases/T13 Pembelian, Shipment dan Pembayaran/PBL-004' successfully

2023-10-05 15:34:51 - [TEST_STEP][PASSED] - Invoice = getText(findTestObject("pembayaran/nomor invoice")): Text of object 'Object Repository/pembayaran/nomor invoice' is: 'TRX60.20231005153447'

2023-10-05 15:34:51 - [MESSAGE][PASSED] - Text of object 'Object Repository/pembayaran/nomor invoice' is: 'TRX60.20231005153447'

2023-10-05 15:34:51 - [TEST_STEP][PASSED] - data.put("invoice", Invoice): null

2023-10-05 15:34:51 - [TEST_STEP][PASSED] - NamaPemesan = getText(findTestObject("Konfirmasi pesanan shop/Nama pemesan")): Text of object 'Object Repository/Konfirmasi pesanan shop/Nama pemesan' is: 'irfan.afandi'

2023-10-05 15:34:52 - [MESSAGE][PASSED] - Text of object 'Object Repository/Konfirmasi pesanan shop/Nama pemesan' is: 'irfan.afandi'

2023-10-05 15:34:52 - [TEST_STEP][PASSED] - Nama = getText(findTestObject("pembayaran/Nama barang")): Text of object 'Object Repository/pembayaran/Nama barang' is: 'Segitiga Instan Madeira - MDB5.3 Sunset'

2023-10-05 15:34:52 - [MESSAGE][PASSED] - Text of object 'Object Repository/pembayaran/Nama barang' is: 'Segitiga Instan Madeira - MDB5.3 Sunset'

2023-10-05 15:34:52 - [TEST_STEP][PASSED] - Harga = getText(findTestObject("pembayaran/Harga barang")): Text of object 'Object Repository/pembayaran/Harga barang' is: '1,299'

2023-10-05 15:34:53 - [MESSAGE][PASSED] - Text of object 'Object Repository/pembayaran/Harga barang' is: '1,299'

2023-10-05 15:34:53 - [TEST_STEP][PASSED] - name_product = data.get("nama_barang"): null

2023-10-05 15:34:53 - [TEST_STEP][PASSED] - price_product = data.get("price_barang"): null

2023-10-05 15:34:53 - [TEST_STEP][PASSED] - assert name_product.contains(Nama): null

2023-10-05 15:34:53 - [TEST_STEP][PASSED] - assert price_product.contains(Harga): null

2023-10-05 15:34:53 - [TEST_STEP][PASSED] - warnaa = getText(findTestObject("pembayaran/warna")): Text of object 'Object Repository/pembayaran/warna' is: 'Merah'

2023-10-05 15:34:53 - [MESSAGE][PASSED] - Text of object 'Object Repository/pembayaran/warna' is: 'Merah'

2023-10-05 15:34:53 - [TEST_STEP][PASSED] - ukurann = getText(findTestObject("pembayaran/ukuran")): Text of object 'Object Repository/pembayaran/ukuran' is: 'Menengah'

2023-10-05 15:34:54 - [MESSAGE][PASSED] - Text of object 'Object Repository/pembayaran/ukuran' is: 'Menengah'

2023-10-05 15:34:54 - [TEST_STEP][PASSED] - warna1 = data.get("Warna"): null

2023-10-05 15:34:54 - [TEST_STEP][PASSED] - ukuran1 = data.get("Ukuran"): null

2023-10-05 15:34:54 - [TEST_STEP][PASSED] - assert warnaa == warna1: null

2023-10-05 15:34:54 - [TEST_STEP][PASSED] - assert ukurann == ukuran1: null

2023-10-05 15:34:54 - [TEST_STEP][PASSED] - statusPembelian = getText(findTestObject("verifikasi/Status pending di pembelian")): Text of object 'Object Repository/verifikasi/Status pending di pembelian' is: 'Pending'

2023-10-05 15:34:54 - [MESSAGE][PASSED] - Text of object 'Object Repository/verifikasi/Status pending di pembelian' is: 'Pending'

2023-10-05 15:34:54 - [TEST_STEP][PASSED] - data.put("statusPem", statusPembelian): null

2023-10-05 15:34:54 - [TEST_STEP][PASSED] - OngkosKirim = getText(findTestObject("pembayaran/ongkos kirim")): Text of object 'Object Repository/pembayaran/ongkos kirim' is: 'Rp 5,000'

2023-10-05 15:34:55 - [MESSAGE][PASSED] - Text of object 'Object Repository/pembayaran/ongkos kirim' is: 'Rp 5,000'

2023-10-05 15:34:55 - [TEST_STEP][PASSED] - Ongkos = OngkosKirim.substring(3, OngkosKirim.size()): null

2023-10-05 15:34:55 - [TEST_STEP][PASSED] - rep = Ongkos.replace(",", ""): null

2023-10-05 15:34:55 - [TEST_STEP][PASSED] - Ongkos_kirimm = Integer.parseInt(rep): null

2023-10-05 15:34:55 - [TEST_STEP][PASSED] - println(Ongkos_kirimm): null

2023-10-05 15:34:55 - [TEST_STEP][PASSED] - FeeAdmin = getText(findTestObject("pembayaran/fee admin")): Text of object 'Object Repository/pembayaran/fee admin' is: 'Rp 1,500'

2023-10-05 15:34:55 - [MESSAGE][PASSED] - Text of object 'Object Repository/pembayaran/fee admin' is: 'Rp 1,500'

2023-10-05 15:34:55 - [TEST_STEP][PASSED] - Fee_Admin = FeeAdmin.substring(3, FeeAdmin.size()): null

2023-10-05 15:34:55 - [TEST_STEP][PASSED] - fee = Fee_Admin.replace(",", ""): null

2023-10-05 15:34:55 - [TEST_STEP][PASSED] - fee_adminn = Integer.parseInt(fee): null

2023-10-05 15:34:55 - [TEST_STEP][PASSED] - println(fee_adminn): null

2023-10-05 15:34:55 - [TEST_STEP][PASSED] - Subtotal = getText(findTestObject("pembayaran/subtotal")): Text of object 'Object Repository/pembayaran/subtotal' is: 'Rp 1,299'

2023-10-05 15:34:56 - [MESSAGE][PASSED] - Text of object 'Object Repository/pembayaran/subtotal' is: 'Rp 1,299'

2023-10-05 15:34:56 - [TEST_STEP][PASSED] - sub_total = Subtotal.substring(3, Subtotal.size()): null

2023-10-05 15:34:56 - [TEST_STEP][PASSED] - sub = sub_total.replace(",", ""): null

2023-10-05 15:34:56 - [TEST_STEP][PASSED] - sub_totall = Integer.parseInt(sub): null

2023-10-05 15:34:56 - [TEST_STEP][PASSED] - println(sub_totall): null

2023-10-05 15:34:56 - [TEST_STEP][PASSED] - unik = getText(findTestObject("pembayaran/kode unik")): Text of object 'Object Repository/pembayaran/kode unik' is: '+447'

2023-10-05 15:34:56 - [MESSAGE][PASSED] - Text of object 'Object Repository/pembayaran/kode unik' is: '+447'

2023-10-05 15:34:56 - [TEST_STEP][PASSED] - unikk = unik.replace("+", ""): null

2023-10-05 15:34:56 - [TEST_STEP][PASSED] - kode_unik = Integer.parseInt(unikk): null

2023-10-05 15:34:56 - [TEST_STEP][PASSED] - println(kode_unik): null

2023-10-05 15:34:56 - [TEST_STEP][PASSED] - Total = getText(findTestObject("pembayaran/total")): Text of object 'Object Repository/pembayaran/total' is: '8,246'

2023-10-05 15:34:57 - [MESSAGE][PASSED] - Text of object 'Object Repository/pembayaran/total' is: '8,246'

2023-10-05 15:34:57 - [TEST_STEP][PASSED] - total = Total.replace(",", ""): null

2023-10-05 15:34:57 - [TEST_STEP][PASSED] - totalll = Integer.parseInt(total): null

2023-10-05 15:34:57 - [TEST_STEP][PASSED] - println(totalll): null

2023-10-05 15:34:57 - [TEST_STEP][PASSED] - Total_Hargaa = Ongkos_kirimm + fee_adminn + sub_totall + kode_unik: null

2023-10-05 15:34:57 - [TEST_STEP][PASSED] - println(Total_Hargaa): null

2023-10-05 15:34:57 - [TEST_STEP][PASSED] - assert totalll == Total_Hargaa: null

2023-10-05 15:34:57 - [TEST_STEP][PASSED] - data.put("total", Total): null

2023-10-05 15:34:57 - [TEST_STEP][PASSED] - data.put("nama", NamaPemesan): null

2023-10-05 15:34:57 - [TEST_STEP][PASSED] - return data: null

2023-10-05 15:34:57 - [MESSAGE][PASSED] - Call Test Case 'Test Cases/T13 Pembelian, Shipment dan Pembayaran/PBY-001' successfully

2023-10-05 15:34:57 - [TEST_STEP][PASSED] - inv = data.get("invoice"): null

2023-10-05 15:34:57 - [TEST_STEP][PASSED] - Total = data.get("total"): null

2023-10-05 15:34:57 - [TEST_STEP][PASSED] - NamaPemesan = data.get("nama"): null

2023-10-05 15:34:57 - [TEST_STEP][PASSED] - click(findTestObject("Konfirmasi pesanan shop/Menu Shop")): Object: 'Object Repository/Konfirmasi pesanan shop/Menu Shop' is clicked on

2023-10-05 15:34:58 - [MESSAGE][PASSED] - Object: 'Object Repository/Konfirmasi pesanan shop/Menu Shop' is clicked on

2023-10-05 15:34:58 - [TEST_STEP][PASSED] - click(findTestObject("Konfirmasi pesanan shop/Menu Shop")): Object: 'Object Repository/Konfirmasi pesanan shop/Menu Shop' is clicked on

2023-10-05 15:34:59 - [MESSAGE][PASSED] - Object: 'Object Repository/Konfirmasi pesanan shop/Menu Shop' is clicked on

2023-10-05 15:34:59 - [TEST_STEP][PASSED] - click(findTestObject("Konfirmasi pesanan shop/Konfirmasi Orders")): Object: 'Object Repository/Konfirmasi pesanan shop/Konfirmasi Orders' is clicked on

2023-10-05 15:34:59 - [MESSAGE][PASSED] - Object: 'Object Repository/Konfirmasi pesanan shop/Konfirmasi Orders' is clicked on

2023-10-05 15:34:59 - [TEST_STEP][PASSED] - verifyElementPresent(findTestObject("Konfirmasi pesanan shop/Tittle Konfirmasi Pesanan"), 0): Object 'Object Repository/Konfirmasi pesanan shop/Tittle Konfirmasi Pesanan' is present

2023-10-05 15:35:00 - [MESSAGE][WARNING] - Timeout '0' is invalid. Using default page load timeout: '30'

2023-10-05 15:35:00 - [MESSAGE][PASSED] - Object 'Object Repository/Konfirmasi pesanan shop/Tittle Konfirmasi Pesanan' is present

2023-10-05 15:35:00 - [TEST_STEP][PASSED] - setText(findTestObject("Konfirmasi pesanan shop/input_No Pesanan"), inv): Text 'TRX60.20231005153447' is set on object 'Object Repository/Konfirmasi pesanan shop/input_No Pesanan'

2023-10-05 15:35:01 - [MESSAGE][PASSED] - Text 'TRX60.20231005153447' is set on object 'Object Repository/Konfirmasi pesanan shop/input_No Pesanan'

2023-10-05 15:35:01 - [TEST_STEP][PASSED] - setText(findTestObject("Konfirmasi pesanan shop/input_Alamat E-mai"), "irfan@gmail.com"): Text 'irfan@gmail.com' is set on object 'Object Repository/Konfirmasi pesanan shop/input_Alamat E-mai'

2023-10-05 15:35:02 - [MESSAGE][PASSED] - Text 'irfan@gmail.com' is set on object 'Object Repository/Konfirmasi pesanan shop/input_Alamat E-mai'

2023-10-05 15:35:02 - [TEST_STEP][PASSED] - click(findTestObject("Konfirmasi pesanan shop/button_Submit")): Object: 'Object Repository/Konfirmasi pesanan shop/button_Submit' is clicked on

2023-10-05 15:35:03 - [MESSAGE][PASSED] - Object: 'Object Repository/Konfirmasi pesanan shop/button_Submit' is clicked on

2023-10-05 15:35:03 - [TEST_STEP][PASSED] - verifyElementPresent(findTestObject("Konfirmasi pesanan shop/Tittle nomor invoice"), 0): Object 'Object Repository/Konfirmasi pesanan shop/Tittle nomor invoice' is present

2023-10-05 15:35:03 - [MESSAGE][WARNING] - Timeout '0' is invalid. Using default page load timeout: '30'

2023-10-05 15:35:03 - [MESSAGE][PASSED] - Object 'Object Repository/Konfirmasi pesanan shop/Tittle nomor invoice' is present

2023-10-05 15:35:03 - [TEST_STEP][PASSED] - setText(findTestObject("Konfirmasi pesanan shop/input_Total TagihanTransfer_b"), Total): Text '8,246' is set on object 'Object Repository/Konfirmasi pesanan shop/input_Total TagihanTransfer_b'

2023-10-05 15:35:04 - [MESSAGE][PASSED] - Text '8,246' is set on object 'Object Repository/Konfirmasi pesanan shop/input_Total TagihanTransfer_b'

2023-10-05 15:35:04 - [TEST_STEP][PASSED] - selectOptionByValue(findTestObject("Konfirmasi pesanan shop/select_Bank"), "4", false): All options with value '4' are selected in object 'Object Repository/Konfirmasi pesanan shop/select_Bank' 

2023-10-05 15:35:05 - [MESSAGE][PASSED] - All options with value '4' are selected in object 'Object Repository/Konfirmasi pesanan shop/select_Bank' 

2023-10-05 15:35:05 - [TEST_STEP][PASSED] - setText(findTestObject("Konfirmasi pesanan shop/input_Nama Pengirim_d"), NamaPemesan): Text 'irfan.afandi' is set on object 'Object Repository/Konfirmasi pesanan shop/input_Nama Pengirim_d'

2023-10-05 15:35:06 - [MESSAGE][PASSED] - Text 'irfan.afandi' is set on object 'Object Repository/Konfirmasi pesanan shop/input_Nama Pengirim_d'

2023-10-05 15:35:06 - [TEST_STEP][PASSED] - uploadFile(findTestObject("keranjang/konfirmasi/input_Upload Bukti Transfer_f"), "C:\Users\IRFAN\Downloads\Berkas2.pdf"): File 'C:\Users\IRFAN\Downloads\Berkas2.pdf' sent to object: 'Object Repository/keranjang/konfirmasi/input_Upload Bukti Transfer_f'

2023-10-05 15:35:06 - [MESSAGE][PASSED] - File 'C:\Users\IRFAN\Downloads\Berkas2.pdf' sent to object: 'Object Repository/keranjang/konfirmasi/input_Upload Bukti Transfer_f'

2023-10-05 15:35:06 - [TEST_STEP][PASSED] - click(findTestObject("Konfirmasi pesanan shop/button_Konfirmasi Pembayaran")): Object: 'Object Repository/Konfirmasi pesanan shop/button_Konfirmasi Pembayaran' is clicked on

2023-10-05 15:35:07 - [MESSAGE][PASSED] - Object: 'Object Repository/Konfirmasi pesanan shop/button_Konfirmasi Pembayaran' is clicked on

2023-10-05 15:35:07 - [TEST_STEP][PASSED] - verifyElementPresent(findTestObject("Konfirmasi pesanan shop/Tittle Konfirmasi Pesanan"), 0): Object 'Object Repository/Konfirmasi pesanan shop/Tittle Konfirmasi Pesanan' is present

2023-10-05 15:35:08 - [MESSAGE][WARNING] - Timeout '0' is invalid. Using default page load timeout: '30'

2023-10-05 15:35:08 - [MESSAGE][PASSED] - Object 'Object Repository/Konfirmasi pesanan shop/Tittle Konfirmasi Pesanan' is present

2023-10-05 15:35:08 - [TEST_STEP][PASSED] - verifyElementPresent(findTestObject("Konfirmasi pesanan shop/Tittle massage succes Konfirmasi Pembayaran Pesanan"), 0): Object 'Object Repository/Konfirmasi pesanan shop/Tittle massage succes Konfirmasi Pembayaran Pesanan' is present

2023-10-05 15:35:08 - [MESSAGE][WARNING] - Timeout '0' is invalid. Using default page load timeout: '30'

2023-10-05 15:35:08 - [MESSAGE][PASSED] - Object 'Object Repository/Konfirmasi pesanan shop/Tittle massage succes Konfirmasi Pembayaran Pesanan' is present

2023-10-05 15:35:08 - [TEST_STEP][PASSED] - return data: null

2023-10-05 15:35:08 - [MESSAGE][PASSED] - Call Test Case 'Test Cases/T13 Pembelian, Shipment dan Pembayaran/PBY-004' successfully

2023-10-05 15:35:08 - [TEST_STEP][PASSED] - navigateToUrl("https://10.9.2.63/ecommerce/administrator/"): Navigate to 'https://10.9.2.63/ecommerce/administrator/' successfully

2023-10-05 15:35:09 - [MESSAGE][PASSED] - Navigate to 'https://10.9.2.63/ecommerce/administrator/' successfully

2023-10-05 15:35:09 - [TEST_STEP][PASSED] - verifyElementPresent(findTestObject("admin/Tittle ADMIN Login"), 0): Object 'Object Repository/admin/Tittle ADMIN Login' is present

2023-10-05 15:35:09 - [MESSAGE][WARNING] - Timeout '0' is invalid. Using default page load timeout: '30'

2023-10-05 15:35:10 - [MESSAGE][PASSED] - Object 'Object Repository/admin/Tittle ADMIN Login' is present

2023-10-05 15:35:10 - [TEST_STEP][PASSED] - setText(findTestObject("admin/Username"), "admin"): Text 'admin' is set on object 'Object Repository/admin/Username'

2023-10-05 15:35:10 - [MESSAGE][PASSED] - Text 'admin' is set on object 'Object Repository/admin/Username'

2023-10-05 15:35:10 - [TEST_STEP][PASSED] - setText(findTestObject("admin/Password"), "123admin123"): Text '123admin123' is set on object 'Object Repository/admin/Password'

2023-10-05 15:35:11 - [MESSAGE][PASSED] - Text '123admin123' is set on object 'Object Repository/admin/Password'

2023-10-05 15:35:11 - [TEST_STEP][PASSED] - click(findTestObject("admin/Remember Me")): Object: 'Object Repository/admin/Remember Me' is clicked on

2023-10-05 15:35:12 - [MESSAGE][PASSED] - Object: 'Object Repository/admin/Remember Me' is clicked on

2023-10-05 15:35:12 - [TEST_STEP][PASSED] - delay(10): Delayed 10 second(s)

2023-10-05 15:35:22 - [MESSAGE][PASSED] - Delayed 10 second(s)

2023-10-05 15:35:22 - [TEST_STEP][PASSED] - click(findTestObject("admin/buttom submit")): Object: 'Object Repository/admin/buttom submit' is clicked on

2023-10-05 15:35:24 - [MESSAGE][PASSED] - Object: 'Object Repository/admin/buttom submit' is clicked on

2023-10-05 15:35:24 - [TEST_STEP][PASSED] - verifyElementPresent(findTestObject("admin/Konf order konsumen/Tittle Dashboard"), 0): Object 'Object Repository/admin/Konf order konsumen/Tittle Dashboard' is present

2023-10-05 15:35:24 - [MESSAGE][WARNING] - Timeout '0' is invalid. Using default page load timeout: '30'

2023-10-05 15:35:24 - [MESSAGE][PASSED] - Object 'Object Repository/admin/Konf order konsumen/Tittle Dashboard' is present

2023-10-05 15:35:24 - [TEST_STEP][PASSED] - click(findTestObject("admin/Konf order konsumen/Menu Transaksi Market")): Object: 'Object Repository/admin/Konf order konsumen/Menu Transaksi Market' is clicked on

2023-10-05 15:35:25 - [MESSAGE][PASSED] - Object: 'Object Repository/admin/Konf order konsumen/Menu Transaksi Market' is clicked on

2023-10-05 15:35:25 - [TEST_STEP][PASSED] - click(findTestObject("admin/Konf order konsumen/Menu Konf. Order Konsumen")): Object: 'Object Repository/admin/Konf order konsumen/Menu Konf. Order Konsumen' is clicked on

2023-10-05 15:35:26 - [MESSAGE][PASSED] - Object: 'Object Repository/admin/Konf order konsumen/Menu Konf. Order Konsumen' is clicked on

2023-10-05 15:35:26 - [TEST_STEP][PASSED] - verifyElementPresent(findTestObject("admin/Konf order konsumen/Tittle Data Konfirmasi Pembayaran Konsumen"), 0): Object 'Object Repository/admin/Konf order konsumen/Tittle Data Konfirmasi Pembayaran Konsumen' is present

2023-10-05 15:35:26 - [MESSAGE][WARNING] - Timeout '0' is invalid. Using default page load timeout: '30'

2023-10-05 15:35:27 - [MESSAGE][PASSED] - Object 'Object Repository/admin/Konf order konsumen/Tittle Data Konfirmasi Pembayaran Konsumen' is present

2023-10-05 15:35:27 - [TEST_STEP][PASSED] - inv = data.get("invoice"): null

2023-10-05 15:35:27 - [TEST_STEP][PASSED] - setText(findTestObject("admin/Konf order konsumen/Search"), inv): Text 'TRX60.20231005153447' is set on object 'Object Repository/admin/Konf order konsumen/Search'

2023-10-05 15:35:27 - [MESSAGE][PASSED] - Text 'TRX60.20231005153447' is set on object 'Object Repository/admin/Konf order konsumen/Search'

2023-10-05 15:35:27 - [TEST_STEP][PASSED] - verifyElementText(findTestObject("admin/Konf order konsumen/Keterangan Lunas"), "Lunas"): Actual text and expected text of test object 'Object Repository/admin/Konf order konsumen/Keterangan Lunas' are matched.

2023-10-05 15:35:28 - [MESSAGE][PASSED] - Actual text and expected text of test object 'Object Repository/admin/Konf order konsumen/Keterangan Lunas' are matched.

2023-10-05 15:35:28 - [TEST_STEP][PASSED] - return data: null

2023-10-05 15:35:28 - [MESSAGE][PASSED] - Call Test Case 'Test Cases/T13 Pembelian, Shipment dan Pembayaran/PBYA-001' successfully

2023-10-05 15:35:28 - [TEST_STEP][PASSED] - click(findTestObject("admin/Penjualan ke konsumen/buttom Dashboard")): Object: 'Object Repository/admin/Penjualan ke konsumen/buttom Dashboard' is clicked on

2023-10-05 15:35:29 - [MESSAGE][PASSED] - Object: 'Object Repository/admin/Penjualan ke konsumen/buttom Dashboard' is clicked on

2023-10-05 15:35:29 - [TEST_STEP][PASSED] - click(findTestObject("admin/Konf order konsumen/Menu Transaksi Market")): Object: 'Object Repository/admin/Konf order konsumen/Menu Transaksi Market' is clicked on

2023-10-05 15:35:29 - [MESSAGE][PASSED] - Object: 'Object Repository/admin/Konf order konsumen/Menu Transaksi Market' is clicked on

2023-10-05 15:35:29 - [TEST_STEP][PASSED] - click(findTestObject("admin/Penjualan ke konsumen/a_Penjualan ke Konsumen")): Object: 'Object Repository/admin/Penjualan ke konsumen/a_Penjualan ke Konsumen' is clicked on

2023-10-05 15:35:32 - [MESSAGE][PASSED] - Object: 'Object Repository/admin/Penjualan ke konsumen/a_Penjualan ke Konsumen' is clicked on

2023-10-05 15:35:32 - [TEST_STEP][PASSED] - verifyElementPresent(findTestObject("admin/Tittle Data Transaksi Penjualan  Orderan Konsumen"), 0): Object 'Object Repository/admin/Tittle Data Transaksi Penjualan  Orderan Konsumen' is present

2023-10-05 15:35:32 - [MESSAGE][WARNING] - Timeout '0' is invalid. Using default page load timeout: '30'

2023-10-05 15:35:32 - [MESSAGE][PASSED] - Object 'Object Repository/admin/Tittle Data Transaksi Penjualan  Orderan Konsumen' is present

2023-10-05 15:35:32 - [TEST_STEP][PASSED] - return data: null

2023-10-05 15:35:32 - [MESSAGE][PASSED] - Call Test Case 'Test Cases/T13 Pembelian, Shipment dan Pembayaran/SA-001' successfully

2023-10-05 15:35:32 - [TEST_STEP][PASSED] - inv = data.get("invoice"): null

2023-10-05 15:35:32 - [TEST_STEP][PASSED] - setText(findTestObject("admin/Penjualan ke konsumen/Search"), inv): Text 'TRX60.20231005153447' is set on object 'Object Repository/admin/Penjualan ke konsumen/Search'

2023-10-05 15:35:33 - [MESSAGE][PASSED] - Text 'TRX60.20231005153447' is set on object 'Object Repository/admin/Penjualan ke konsumen/Search'

2023-10-05 15:35:33 - [TEST_STEP][PASSED] - click(findTestObject("admin/Penjualan ke konsumen/buttom konfirmasi pending payment"), CONTINUE_ON_FAILURE): Object: 'Object Repository/admin/Penjualan ke konsumen/buttom konfirmasi pending payment' is clicked on

2023-10-05 15:35:34 - [MESSAGE][PASSED] - Object: 'Object Repository/admin/Penjualan ke konsumen/buttom konfirmasi pending payment' is clicked on

2023-10-05 15:35:34 - [TEST_STEP][PASSED] - waitForAlert(5, OPTIONAL): Alert is present after 5 second(s).

2023-10-05 15:35:34 - [MESSAGE][PASSED] - Alert is present after 5 second(s).

2023-10-05 15:35:34 - [TEST_STEP][PASSED] - acceptAlert(): Alert accepted

2023-10-05 15:35:34 - [MESSAGE][PASSED] - Alert accepted

2023-10-05 15:35:34 - [TEST_STEP][PASSED] - setText(findTestObject("admin/Penjualan ke konsumen/Search"), inv): Text 'TRX60.20231005153447' is set on object 'Object Repository/admin/Penjualan ke konsumen/Search'

2023-10-05 15:35:42 - [MESSAGE][PASSED] - Text 'TRX60.20231005153447' is set on object 'Object Repository/admin/Penjualan ke konsumen/Search'

2023-10-05 15:35:42 - [TEST_STEP][PASSED] - verifyTextNotPresent("pending payment", false): Text 'pending payment' is not present on page

2023-10-05 15:35:42 - [MESSAGE][PASSED] - Text 'pending payment' is not present on page

2023-10-05 15:35:42 - [TEST_STEP][PASSED] - return data: null

2023-10-05 15:35:42 - [MESSAGE][PASSED] - Call Test Case 'Test Cases/T13 Pembelian, Shipment dan Pembayaran/SA-002' successfully

2023-10-05 15:35:42 - [TEST_STEP][PASSED] - click(findTestObject("admin/Penjualan ke konsumen/buttom scroldown")): Object: 'Object Repository/admin/Penjualan ke konsumen/buttom scroldown' is clicked on

2023-10-05 15:35:43 - [MESSAGE][PASSED] - Object: 'Object Repository/admin/Penjualan ke konsumen/buttom scroldown' is clicked on

2023-10-05 15:35:43 - [TEST_STEP][PASSED] - click(findTestObject("admin/Penjualan ke konsumen/Selesai"), CONTINUE_ON_FAILURE): Object: 'Object Repository/admin/Penjualan ke konsumen/Selesai' is clicked on

2023-10-05 15:35:43 - [MESSAGE][PASSED] - Object: 'Object Repository/admin/Penjualan ke konsumen/Selesai' is clicked on

2023-10-05 15:35:43 - [TEST_STEP][PASSED] - waitForAlert(5, OPTIONAL): Alert is present after 5 second(s).

2023-10-05 15:35:43 - [MESSAGE][PASSED] - Alert is present after 5 second(s).

2023-10-05 15:35:43 - [TEST_STEP][PASSED] - acceptAlert(): Alert accepted

2023-10-05 15:35:43 - [MESSAGE][PASSED] - Alert accepted

2023-10-05 15:35:43 - [TEST_STEP][PASSED] - inv = data.get("invoice"): null

2023-10-05 15:35:43 - [TEST_STEP][PASSED] - setText(findTestObject("admin/Penjualan ke konsumen/Search"), inv): Text 'TRX60.20231005153447' is set on object 'Object Repository/admin/Penjualan ke konsumen/Search'

2023-10-05 15:35:47 - [MESSAGE][PASSED] - Text 'TRX60.20231005153447' is set on object 'Object Repository/admin/Penjualan ke konsumen/Search'

2023-10-05 15:35:47 - [TEST_STEP][PASSED] - verifyTextPresent("Selesai", false): Text 'Selesai' is present on page 

2023-10-05 15:35:47 - [MESSAGE][PASSED] - Text 'Selesai' is present on page 

2023-10-05 15:35:47 - [TEST_STEP][PASSED] - selesaiAdmin = getText(findTestObject("admin/Selesai")): Text of object 'Object Repository/admin/Selesai' is: 'Selesai'

2023-10-05 15:35:48 - [MESSAGE][PASSED] - Text of object 'Object Repository/admin/Selesai' is: 'Selesai'

2023-10-05 15:35:48 - [TEST_STEP][PASSED] - data.put("statusSelesai", selesaiAdmin): null

2023-10-05 15:35:48 - [TEST_STEP][PASSED] - return data: null

2023-10-05 15:35:48 - [MESSAGE][PASSED] - Call Test Case 'Test Cases/T13 Pembelian, Shipment dan Pembayaran/SA-005' successfully

2023-10-05 15:35:48 - [TEST_STEP][PASSED] - openBrowser("https://10.9.2.63/ecommerce/"): Browser is opened with url: 'https://10.9.2.63/ecommerce/'

2023-10-05 15:35:48 - [MESSAGE][WARNING] - A browser is already opened. Closing browser and opening a new one

2023-10-05 15:35:48 - [MESSAGE][INFO] - Starting 'Edge Chromium' driver

2023-10-05 15:35:48 - [MESSAGE][INFO] - User set preference: ['acceptInsecureCerts', 'true']

2023-10-05 15:35:50 - [MESSAGE][INFO] - Action delay is set to 0 milliseconds

2023-10-05 15:35:54 - [MESSAGE][PASSED] - Browser is opened with url: 'https://10.9.2.63/ecommerce/'

2023-10-05 15:35:54 - [TEST_STEP][PASSED] - maximizeWindow(): Current window maximized

2023-10-05 15:35:54 - [MESSAGE][PASSED] - Current window maximized

2023-10-05 15:35:54 - [TEST_STEP][PASSED] - verifyElementPresent(findTestObject("Login/Home"), 0): Object 'Object Repository/Login/Home' is present

2023-10-05 15:35:54 - [MESSAGE][WARNING] - Timeout '0' is invalid. Using default page load timeout: '30'

2023-10-05 15:35:55 - [MESSAGE][PASSED] - Object 'Object Repository/Login/Home' is present

2023-10-05 15:35:55 - [TEST_STEP][PASSED] - click(findTestObject("Login/a_Login")): Object: 'Object Repository/Login/a_Login' is clicked on

2023-10-05 15:35:55 - [MESSAGE][PASSED] - Object: 'Object Repository/Login/a_Login' is clicked on

2023-10-05 15:35:55 - [TEST_STEP][PASSED] - verifyElementPresent(findTestObject("Login/Tittle Login"), 0): Object 'Object Repository/Login/Tittle Login' is present

2023-10-05 15:35:55 - [MESSAGE][WARNING] - Timeout '0' is invalid. Using default page load timeout: '30'

2023-10-05 15:35:56 - [MESSAGE][PASSED] - Object 'Object Repository/Login/Tittle Login' is present

2023-10-05 15:35:56 - [TEST_STEP][PASSED] - setText(findTestObject("Login/input_Username, Email atau No. Handphone_a"), "irfanafandi"): Text 'irfanafandi' is set on object 'Object Repository/Login/input_Username, Email atau No. Handphone_a'

2023-10-05 15:35:57 - [MESSAGE][PASSED] - Text 'irfanafandi' is set on object 'Object Repository/Login/input_Username, Email atau No. Handphone_a'

2023-10-05 15:35:57 - [TEST_STEP][PASSED] - setText(findTestObject("Login/input_Password_b"), "12345irfan"): Text '12345irfan' is set on object 'Object Repository/Login/input_Password_b'

2023-10-05 15:35:57 - [MESSAGE][PASSED] - Text '12345irfan' is set on object 'Object Repository/Login/input_Password_b'

2023-10-05 15:35:57 - [TEST_STEP][PASSED] - click(findTestObject("Login/button_Masuk")): Object: 'Object Repository/Login/button_Masuk' is clicked on

2023-10-05 15:35:59 - [MESSAGE][PASSED] - Object: 'Object Repository/Login/button_Masuk' is clicked on

2023-10-05 15:35:59 - [TEST_STEP][PASSED] - verifyElementPresent(findTestObject("Login/li_Profile"), 0): Object 'Object Repository/Login/li_Profile' is present

2023-10-05 15:35:59 - [MESSAGE][WARNING] - Timeout '0' is invalid. Using default page load timeout: '30'

2023-10-05 15:35:59 - [MESSAGE][PASSED] - Object 'Object Repository/Login/li_Profile' is present

2023-10-05 15:35:59 - [TEST_STEP][PASSED] - click(findTestObject("Konfirmasi pesanan shop/Menu Shop")): Object: 'Object Repository/Konfirmasi pesanan shop/Menu Shop' is clicked on

2023-10-05 15:36:01 - [MESSAGE][PASSED] - Object: 'Object Repository/Konfirmasi pesanan shop/Menu Shop' is clicked on

2023-10-05 15:36:01 - [TEST_STEP][PASSED] - click(findTestObject("Konfirmasi pesanan shop/Menu Shop")): Object: 'Object Repository/Konfirmasi pesanan shop/Menu Shop' is clicked on

2023-10-05 15:36:01 - [MESSAGE][PASSED] - Object: 'Object Repository/Konfirmasi pesanan shop/Menu Shop' is clicked on

2023-10-05 15:36:01 - [TEST_STEP][PASSED] - click(findTestObject("Traking Order/a_Tracking Orders")): Object: 'Object Repository/Traking Order/a_Tracking Orders' is clicked on

2023-10-05 15:36:02 - [MESSAGE][PASSED] - Object: 'Object Repository/Traking Order/a_Tracking Orders' is clicked on

2023-10-05 15:36:02 - [TEST_STEP][PASSED] - verifyElementPresent(findTestObject("Traking Order/Tittle Tracking Order"), 0): Object 'Object Repository/Traking Order/Tittle Tracking Order' is present

2023-10-05 15:36:02 - [MESSAGE][WARNING] - Timeout '0' is invalid. Using default page load timeout: '30'

2023-10-05 15:36:03 - [MESSAGE][PASSED] - Object 'Object Repository/Traking Order/Tittle Tracking Order' is present

2023-10-05 15:36:03 - [TEST_STEP][PASSED] - inv = data.get("invoice"): null

2023-10-05 15:36:03 - [TEST_STEP][PASSED] - setText(findTestObject("Traking Order/input_No Pesanan_a"), inv): Text 'TRX60.20231005153447' is set on object 'Object Repository/Traking Order/input_No Pesanan_a'

2023-10-05 15:36:03 - [MESSAGE][PASSED] - Text 'TRX60.20231005153447' is set on object 'Object Repository/Traking Order/input_No Pesanan_a'

2023-10-05 15:36:03 - [TEST_STEP][PASSED] - setText(findTestObject("Traking Order/input_Alamat E-mail_form-control"), "irfan"): Text 'irfan' is set on object 'Object Repository/Traking Order/input_Alamat E-mail_form-control'

2023-10-05 15:36:04 - [MESSAGE][PASSED] - Text 'irfan' is set on object 'Object Repository/Traking Order/input_Alamat E-mail_form-control'

2023-10-05 15:36:04 - [TEST_STEP][PASSED] - click(findTestObject("Traking Order/button_Lacak Pesanan")): Object: 'Object Repository/Traking Order/button_Lacak Pesanan' is clicked on

2023-10-05 15:36:07 - [MESSAGE][PASSED] - Object: 'Object Repository/Traking Order/button_Lacak Pesanan' is clicked on

2023-10-05 15:36:07 - [TEST_STEP][FAILED] - verifyTextPresent("Email not valid", false): Unable to verify text 'Email not valid' is present  (Root cause: com.kms.katalon.core.exception.StepFailedException: Unable to verify text 'Email not valid' is present 
	at com.kms.katalon.core.webui.keyword.internal.WebUIKeywordMain.stepFailed(WebUIKeywordMain.groovy:64)
	at com.kms.katalon.core.webui.keyword.internal.WebUIKeywordMain.runKeyword(WebUIKeywordMain.groovy:26)
	at com.kms.katalon.core.webui.keyword.builtin.VerifyTextPresentKeyword.verifyTextPresent(VerifyTextPresentKeyword.groovy:83)
	at com.kms.katalon.core.webui.keyword.builtin.VerifyTextPresentKeyword.execute(VerifyTextPresentKeyword.groovy:68)
	at com.kms.katalon.core.keyword.internal.KeywordExecutor.executeKeywordForPlatform(KeywordExecutor.groovy:74)
	at com.kms.katalon.core.webui.keyword.WebUiBuiltInKeywords.verifyTextPresent(WebUiBuiltInKeywords.groovy:1723)
	at com.kms.katalon.core.webui.keyword.WebUiBuiltInKeywords$verifyTextPresent$7.call(Unknown Source)
	at SU-007.run(SU-007:60)
	at com.kms.katalon.core.main.ScriptEngine.run(ScriptEngine.java:194)
	at com.kms.katalon.core.main.ScriptEngine.runScriptAsRawText(ScriptEngine.java:119)
	at com.kms.katalon.core.main.TestCaseExecutor.runScript(TestCaseExecutor.java:448)
	at com.kms.katalon.core.main.TestCaseExecutor.doExecute(TestCaseExecutor.java:439)
	at com.kms.katalon.core.main.TestCaseExecutor.processExecutionPhase(TestCaseExecutor.java:418)
	at com.kms.katalon.core.main.TestCaseExecutor.accessMainPhase(TestCaseExecutor.java:410)
	at com.kms.katalon.core.main.TestCaseExecutor.execute(TestCaseExecutor.java:285)
	at com.kms.katalon.core.common.CommonExecutor.accessTestCaseMainPhase(CommonExecutor.java:65)
	at com.kms.katalon.core.main.TestSuiteExecutor.accessTestSuiteMainPhase(TestSuiteExecutor.java:148)
	at com.kms.katalon.core.main.TestSuiteExecutor.execute(TestSuiteExecutor.java:106)
	at com.kms.katalon.core.main.TestCaseMain.startTestSuite(TestCaseMain.java:187)
	at com.kms.katalon.core.main.TestCaseMain$startTestSuite$0.call(Unknown Source)
	at TempTestSuite1696491677292.run(TempTestSuite1696491677292.groovy:36)
Caused by: com.kms.katalon.core.exception.StepFailedException: Text 'Email not valid' is not present on page 
	at com.kms.katalon.core.webui.keyword.internal.WebUIKeywordMain.stepFailed(WebUIKeywordMain.groovy:64)
	at com.kms.katalon.core.webui.keyword.builtin.VerifyTextPresentKeyword$_verifyTextPresent_closure1.doCall(VerifyTextPresentKeyword.groovy:79)
	at com.kms.katalon.core.webui.keyword.builtin.VerifyTextPresentKeyword$_verifyTextPresent_closure1.call(VerifyTextPresentKeyword.groovy)
	at com.kms.katalon.core.webui.keyword.internal.WebUIKeywordMain.runKeyword(WebUIKeywordMain.groovy:20)
	... 19 more
)

2023-10-05 15:36:08 - [MESSAGE][FAILED] - Text 'Email not valid' is not present on page  (Root cause: com.kms.katalon.core.exception.StepFailedException: Text 'Email not valid' is not present on page 
	at com.kms.katalon.core.webui.keyword.internal.WebUIKeywordMain.stepFailed(WebUIKeywordMain.groovy:64)
	at com.kms.katalon.core.webui.keyword.builtin.VerifyTextPresentKeyword$_verifyTextPresent_closure1.doCall(VerifyTextPresentKeyword.groovy:79)
	at com.kms.katalon.core.webui.keyword.builtin.VerifyTextPresentKeyword$_verifyTextPresent_closure1.call(VerifyTextPresentKeyword.groovy)
	at com.kms.katalon.core.webui.keyword.internal.WebUIKeywordMain.runKeyword(WebUIKeywordMain.groovy:20)
	at com.kms.katalon.core.webui.keyword.builtin.VerifyTextPresentKeyword.verifyTextPresent(VerifyTextPresentKeyword.groovy:83)
	at com.kms.katalon.core.webui.keyword.builtin.VerifyTextPresentKeyword.execute(VerifyTextPresentKeyword.groovy:68)
	at com.kms.katalon.core.keyword.internal.KeywordExecutor.executeKeywordForPlatform(KeywordExecutor.groovy:74)
	at com.kms.katalon.core.webui.keyword.WebUiBuiltInKeywords.verifyTextPresent(WebUiBuiltInKeywords.groovy:1723)
	at com.kms.katalon.core.webui.keyword.WebUiBuiltInKeywords$verifyTextPresent$7.call(Unknown Source)
	at SU-007.run(SU-007:60)
	at com.kms.katalon.core.main.ScriptEngine.run(ScriptEngine.java:194)
	at com.kms.katalon.core.main.ScriptEngine.runScriptAsRawText(ScriptEngine.java:119)
	at com.kms.katalon.core.main.TestCaseExecutor.runScript(TestCaseExecutor.java:448)
	at com.kms.katalon.core.main.TestCaseExecutor.doExecute(TestCaseExecutor.java:439)
	at com.kms.katalon.core.main.TestCaseExecutor.processExecutionPhase(TestCaseExecutor.java:418)
	at com.kms.katalon.core.main.TestCaseExecutor.accessMainPhase(TestCaseExecutor.java:410)
	at com.kms.katalon.core.main.TestCaseExecutor.execute(TestCaseExecutor.java:285)
	at com.kms.katalon.core.common.CommonExecutor.accessTestCaseMainPhase(CommonExecutor.java:65)
	at com.kms.katalon.core.main.TestSuiteExecutor.accessTestSuiteMainPhase(TestSuiteExecutor.java:148)
	at com.kms.katalon.core.main.TestSuiteExecutor.execute(TestSuiteExecutor.java:106)
	at com.kms.katalon.core.main.TestCaseMain.startTestSuite(TestCaseMain.java:187)
	at com.kms.katalon.core.main.TestCaseMain$startTestSuite$0.call(Unknown Source)
	at TempTestSuite1696491677292.run(TempTestSuite1696491677292.groovy:36)
)

2023-10-05 15:36:08 - [MESSAGE][FAILED] - Unable to verify text 'Email not valid' is present  (Root cause: com.kms.katalon.core.exception.StepFailedException: Unable to verify text 'Email not valid' is present 
	at com.kms.katalon.core.webui.keyword.internal.WebUIKeywordMain.stepFailed(WebUIKeywordMain.groovy:64)
	at com.kms.katalon.core.webui.keyword.internal.WebUIKeywordMain.runKeyword(WebUIKeywordMain.groovy:26)
	at com.kms.katalon.core.webui.keyword.builtin.VerifyTextPresentKeyword.verifyTextPresent(VerifyTextPresentKeyword.groovy:83)
	at com.kms.katalon.core.webui.keyword.builtin.VerifyTextPresentKeyword.execute(VerifyTextPresentKeyword.groovy:68)
	at com.kms.katalon.core.keyword.internal.KeywordExecutor.executeKeywordForPlatform(KeywordExecutor.groovy:74)
	at com.kms.katalon.core.webui.keyword.WebUiBuiltInKeywords.verifyTextPresent(WebUiBuiltInKeywords.groovy:1723)
	at com.kms.katalon.core.webui.keyword.WebUiBuiltInKeywords$verifyTextPresent$7.call(Unknown Source)
	at SU-007.run(SU-007:60)
	at com.kms.katalon.core.main.ScriptEngine.run(ScriptEngine.java:194)
	at com.kms.katalon.core.main.ScriptEngine.runScriptAsRawText(ScriptEngine.java:119)
	at com.kms.katalon.core.main.TestCaseExecutor.runScript(TestCaseExecutor.java:448)
	at com.kms.katalon.core.main.TestCaseExecutor.doExecute(TestCaseExecutor.java:439)
	at com.kms.katalon.core.main.TestCaseExecutor.processExecutionPhase(TestCaseExecutor.java:418)
	at com.kms.katalon.core.main.TestCaseExecutor.accessMainPhase(TestCaseExecutor.java:410)
	at com.kms.katalon.core.main.TestCaseExecutor.execute(TestCaseExecutor.java:285)
	at com.kms.katalon.core.common.CommonExecutor.accessTestCaseMainPhase(CommonExecutor.java:65)
	at com.kms.katalon.core.main.TestSuiteExecutor.accessTestSuiteMainPhase(TestSuiteExecutor.java:148)
	at com.kms.katalon.core.main.TestSuiteExecutor.execute(TestSuiteExecutor.java:106)
	at com.kms.katalon.core.main.TestCaseMain.startTestSuite(TestCaseMain.java:187)
	at com.kms.katalon.core.main.TestCaseMain$startTestSuite$0.call(Unknown Source)
	at TempTestSuite1696491677292.run(TempTestSuite1696491677292.groovy:36)
Caused by: com.kms.katalon.core.exception.StepFailedException: Text 'Email not valid' is not present on page 
	at com.kms.katalon.core.webui.keyword.internal.WebUIKeywordMain.stepFailed(WebUIKeywordMain.groovy:64)
	at com.kms.katalon.core.webui.keyword.builtin.VerifyTextPresentKeyword$_verifyTextPresent_closure1.doCall(VerifyTextPresentKeyword.groovy:79)
	at com.kms.katalon.core.webui.keyword.builtin.VerifyTextPresentKeyword$_verifyTextPresent_closure1.call(VerifyTextPresentKeyword.groovy)
	at com.kms.katalon.core.webui.keyword.internal.WebUIKeywordMain.runKeyword(WebUIKeywordMain.groovy:20)
	... 19 more
)
[[ATTACHMENT|C:\\FT2 XSIS\\Projek 2 MINI PROJEK\\Reports\\20231005_144117\\T13 Pembelian, Shipment dan Pembayaran\\T13 Pembelian, Shipment dan Pembayaran\\20231005_144117\\1696494968585.png]]]]></system-out>
         <system-err><![CDATA[2023-10-05 15:34:12 - [TEST_CASE][FAILED] - Test Cases/T13 Pembelian, Shipment dan Pembayaran/SU-007: Test Cases/T13 Pembelian, Shipment dan Pembayaran/SU-007 FAILED.
Reason:
com.kms.katalon.core.exception.StepFailedException: Unable to verify text 'Email not valid' is present 
	at com.kms.katalon.core.webui.keyword.internal.WebUIKeywordMain.stepFailed(WebUIKeywordMain.groovy:64)
	at com.kms.katalon.core.webui.keyword.internal.WebUIKeywordMain.runKeyword(WebUIKeywordMain.groovy:26)
	at com.kms.katalon.core.webui.keyword.builtin.VerifyTextPresentKeyword.verifyTextPresent(VerifyTextPresentKeyword.groovy:83)
	at com.kms.katalon.core.webui.keyword.builtin.VerifyTextPresentKeyword.execute(VerifyTextPresentKeyword.groovy:68)
	at com.kms.katalon.core.keyword.internal.KeywordExecutor.executeKeywordForPlatform(KeywordExecutor.groovy:74)
	at com.kms.katalon.core.webui.keyword.WebUiBuiltInKeywords.verifyTextPresent(WebUiBuiltInKeywords.groovy:1723)
	at com.kms.katalon.core.webui.keyword.WebUiBuiltInKeywords$verifyTextPresent$7.call(Unknown Source)
	at SU-007.run(SU-007:60)
	at com.kms.katalon.core.main.ScriptEngine.run(ScriptEngine.java:194)
	at com.kms.katalon.core.main.ScriptEngine.runScriptAsRawText(ScriptEngine.java:119)
	at com.kms.katalon.core.main.TestCaseExecutor.runScript(TestCaseExecutor.java:448)
	at com.kms.katalon.core.main.TestCaseExecutor.doExecute(TestCaseExecutor.java:439)
	at com.kms.katalon.core.main.TestCaseExecutor.processExecutionPhase(TestCaseExecutor.java:418)
	at com.kms.katalon.core.main.TestCaseExecutor.accessMainPhase(TestCaseExecutor.java:410)
	at com.kms.katalon.core.main.TestCaseExecutor.execute(TestCaseExecutor.java:285)
	at com.kms.katalon.core.common.CommonExecutor.accessTestCaseMainPhase(CommonExecutor.java:65)
	at com.kms.katalon.core.main.TestSuiteExecutor.accessTestSuiteMainPhase(TestSuiteExecutor.java:148)
	at com.kms.katalon.core.main.TestSuiteExecutor.execute(TestSuiteExecutor.java:106)
	at com.kms.katalon.core.main.TestCaseMain.startTestSuite(TestCaseMain.java:187)
	at com.kms.katalon.core.main.TestCaseMain$startTestSuite$0.call(Unknown Source)
	at TempTestSuite1696491677292.run(TempTestSuite1696491677292.groovy:36)
Caused by: com.kms.katalon.core.exception.StepFailedException: Text 'Email not valid' is not present on page 
	at com.kms.katalon.core.webui.keyword.internal.WebUIKeywordMain.stepFailed(WebUIKeywordMain.groovy:64)
	at com.kms.katalon.core.webui.keyword.builtin.VerifyTextPresentKeyword$_verifyTextPresent_closure1.doCall(VerifyTextPresentKeyword.groovy:79)
	at com.kms.katalon.core.webui.keyword.builtin.VerifyTextPresentKeyword$_verifyTextPresent_closure1.call(VerifyTextPresentKeyword.groovy)
	at com.kms.katalon.core.webui.keyword.internal.WebUIKeywordMain.runKeyword(WebUIKeywordMain.groovy:20)
	... 19 more]]></system-err>
      </testcase>
      <testcase name="Test Cases/T13 Pembelian, Shipment dan Pembayaran/SU-008" time="113.991" classname="Test Cases/T13 Pembelian, Shipment dan Pembayaran/SU-008" status="FAILED">
         <failure type="FAILED" message="Test Cases/T13 Pembelian, Shipment dan Pembayaran/SU-008 FAILED.
Reason:
com.kms.katalon.core.exception.StepFailedException: Unable to verify text 'number invoice not valid' is present 
	at com.kms.katalon.core.webui.keyword.internal.WebUIKeywordMain.stepFailed(WebUIKeywordMain.groovy:64)
	at com.kms.katalon.core.webui.keyword.internal.WebUIKeywordMain.runKeyword(WebUIKeywordMain.groovy:26)
	at com.kms.katalon.core.webui.keyword.builtin.VerifyTextPresentKeyword.verifyTextPresent(VerifyTextPresentKeyword.groovy:83)
	at com.kms.katalon.core.webui.keyword.builtin.VerifyTextPresentKeyword.execute(VerifyTextPresentKeyword.groovy:68)
	at com.kms.katalon.core.keyword.internal.KeywordExecutor.executeKeywordForPlatform(KeywordExecutor.groovy:74)
	at com.kms.katalon.core.webui.keyword.WebUiBuiltInKeywords.verifyTextPresent(WebUiBuiltInKeywords.groovy:1723)
	at com.kms.katalon.core.webui.keyword.WebUiBuiltInKeywords$verifyTextPresent$7.call(Unknown Source)
	at SU-008.run(SU-008:60)
	at com.kms.katalon.core.main.ScriptEngine.run(ScriptEngine.java:194)
	at com.kms.katalon.core.main.ScriptEngine.runScriptAsRawText(ScriptEngine.java:119)
	at com.kms.katalon.core.main.TestCaseExecutor.runScript(TestCaseExecutor.java:448)
	at com.kms.katalon.core.main.TestCaseExecutor.doExecute(TestCaseExecutor.java:439)
	at com.kms.katalon.core.main.TestCaseExecutor.processExecutionPhase(TestCaseExecutor.java:418)
	at com.kms.katalon.core.main.TestCaseExecutor.accessMainPhase(TestCaseExecutor.java:410)
	at com.kms.katalon.core.main.TestCaseExecutor.execute(TestCaseExecutor.java:285)
	at com.kms.katalon.core.common.CommonExecutor.accessTestCaseMainPhase(CommonExecutor.java:65)
	at com.kms.katalon.core.main.TestSuiteExecutor.accessTestSuiteMainPhase(TestSuiteExecutor.java:148)
	at com.kms.katalon.core.main.TestSuiteExecutor.execute(TestSuiteExecutor.java:106)
	at com.kms.katalon.core.main.TestCaseMain.startTestSuite(TestCaseMain.java:187)
	at com.kms.katalon.core.main.TestCaseMain$startTestSuite$0.call(Unknown Source)
	at TempTestSuite1696491677292.run(TempTestSuite1696491677292.groovy:36)
Caused by: com.kms.katalon.core.exception.StepFailedException: Text 'number invoice not valid' is not present on page 
	at com.kms.katalon.core.webui.keyword.internal.WebUIKeywordMain.stepFailed(WebUIKeywordMain.groovy:64)
	at com.kms.katalon.core.webui.keyword.builtin.VerifyTextPresentKeyword$_verifyTextPresent_closure1.doCall(VerifyTextPresentKeyword.groovy:79)
	at com.kms.katalon.core.webui.keyword.builtin.VerifyTextPresentKeyword$_verifyTextPresent_closure1.call(VerifyTextPresentKeyword.groovy)
	at com.kms.katalon.core.webui.keyword.internal.WebUIKeywordMain.runKeyword(WebUIKeywordMain.groovy:20)
	... 19 more
"/>
         <system-out><![CDATA[2023-10-05 15:36:08 - [TEST_CASE][FAILED] - Test Cases/T13 Pembelian, Shipment dan Pembayaran/SU-008: Test Cases/T13 Pembelian, Shipment dan Pembayaran/SU-008 FAILED.
Reason:
com.kms.katalon.core.exception.StepFailedException: Unable to verify text 'number invoice not valid' is present 
	at com.kms.katalon.core.webui.keyword.internal.WebUIKeywordMain.stepFailed(WebUIKeywordMain.groovy:64)
	at com.kms.katalon.core.webui.keyword.internal.WebUIKeywordMain.runKeyword(WebUIKeywordMain.groovy:26)
	at com.kms.katalon.core.webui.keyword.builtin.VerifyTextPresentKeyword.verifyTextPresent(VerifyTextPresentKeyword.groovy:83)
	at com.kms.katalon.core.webui.keyword.builtin.VerifyTextPresentKeyword.execute(VerifyTextPresentKeyword.groovy:68)
	at com.kms.katalon.core.keyword.internal.KeywordExecutor.executeKeywordForPlatform(KeywordExecutor.groovy:74)
	at com.kms.katalon.core.webui.keyword.WebUiBuiltInKeywords.verifyTextPresent(WebUiBuiltInKeywords.groovy:1723)
	at com.kms.katalon.core.webui.keyword.WebUiBuiltInKeywords$verifyTextPresent$7.call(Unknown Source)
	at SU-008.run(SU-008:60)
	at com.kms.katalon.core.main.ScriptEngine.run(ScriptEngine.java:194)
	at com.kms.katalon.core.main.ScriptEngine.runScriptAsRawText(ScriptEngine.java:119)
	at com.kms.katalon.core.main.TestCaseExecutor.runScript(TestCaseExecutor.java:448)
	at com.kms.katalon.core.main.TestCaseExecutor.doExecute(TestCaseExecutor.java:439)
	at com.kms.katalon.core.main.TestCaseExecutor.processExecutionPhase(TestCaseExecutor.java:418)
	at com.kms.katalon.core.main.TestCaseExecutor.accessMainPhase(TestCaseExecutor.java:410)
	at com.kms.katalon.core.main.TestCaseExecutor.execute(TestCaseExecutor.java:285)
	at com.kms.katalon.core.common.CommonExecutor.accessTestCaseMainPhase(CommonExecutor.java:65)
	at com.kms.katalon.core.main.TestSuiteExecutor.accessTestSuiteMainPhase(TestSuiteExecutor.java:148)
	at com.kms.katalon.core.main.TestSuiteExecutor.execute(TestSuiteExecutor.java:106)
	at com.kms.katalon.core.main.TestCaseMain.startTestSuite(TestCaseMain.java:187)
	at com.kms.katalon.core.main.TestCaseMain$startTestSuite$0.call(Unknown Source)
	at TempTestSuite1696491677292.run(TempTestSuite1696491677292.groovy:36)
Caused by: com.kms.katalon.core.exception.StepFailedException: Text 'number invoice not valid' is not present on page 
	at com.kms.katalon.core.webui.keyword.internal.WebUIKeywordMain.stepFailed(WebUIKeywordMain.groovy:64)
	at com.kms.katalon.core.webui.keyword.builtin.VerifyTextPresentKeyword$_verifyTextPresent_closure1.doCall(VerifyTextPresentKeyword.groovy:79)
	at com.kms.katalon.core.webui.keyword.builtin.VerifyTextPresentKeyword$_verifyTextPresent_closure1.call(VerifyTextPresentKeyword.groovy)
	at com.kms.katalon.core.webui.keyword.internal.WebUIKeywordMain.runKeyword(WebUIKeywordMain.groovy:20)
	... 19 more


2023-10-05 15:36:09 - [TEST_STEP][PASSED] - data = callTestCase(findTestCase("T13 Pembelian, Shipment dan Pembayaran/SA-005"), [:], STOP_ON_FAILURE): Call Test Case 'Test Cases/T13 Pembelian, Shipment dan Pembayaran/SA-005' successfully

2023-10-05 15:36:09 - [TEST_CASE][PASSED] - Test Cases/T13 Pembelian, Shipment dan Pembayaran/SA-005: Test Cases/T13 Pembelian, Shipment dan Pembayaran/SA-005

2023-10-05 15:36:09 - [TEST_STEP][PASSED] - data = callTestCase(findTestCase("T13 Pembelian, Shipment dan Pembayaran/SA-002"), [:], STOP_ON_FAILURE): Call Test Case 'Test Cases/T13 Pembelian, Shipment dan Pembayaran/SA-002' successfully

2023-10-05 15:36:09 - [TEST_CASE][PASSED] - Test Cases/T13 Pembelian, Shipment dan Pembayaran/SA-002: Test Cases/T13 Pembelian, Shipment dan Pembayaran/SA-002

2023-10-05 15:36:09 - [TEST_STEP][PASSED] - data = callTestCase(findTestCase("T13 Pembelian, Shipment dan Pembayaran/SA-001"), [:], STOP_ON_FAILURE): Call Test Case 'Test Cases/T13 Pembelian, Shipment dan Pembayaran/SA-001' successfully

2023-10-05 15:36:09 - [TEST_CASE][PASSED] - Test Cases/T13 Pembelian, Shipment dan Pembayaran/SA-001: Test Cases/T13 Pembelian, Shipment dan Pembayaran/SA-001

2023-10-05 15:36:09 - [TEST_STEP][PASSED] - data = callTestCase(findTestCase("T13 Pembelian, Shipment dan Pembayaran/PBYA-001"), [:], STOP_ON_FAILURE): Call Test Case 'Test Cases/T13 Pembelian, Shipment dan Pembayaran/PBYA-001' successfully

2023-10-05 15:36:09 - [TEST_CASE][PASSED] - Test Cases/T13 Pembelian, Shipment dan Pembayaran/PBYA-001: Test Cases/T13 Pembelian, Shipment dan Pembayaran/PBYA-001

2023-10-05 15:36:09 - [TEST_STEP][PASSED] - data = callTestCase(findTestCase("T13 Pembelian, Shipment dan Pembayaran/PBY-004"), [:], STOP_ON_FAILURE): Call Test Case 'Test Cases/T13 Pembelian, Shipment dan Pembayaran/PBY-004' successfully

2023-10-05 15:36:09 - [TEST_CASE][PASSED] - Test Cases/T13 Pembelian, Shipment dan Pembayaran/PBY-004: Test Cases/T13 Pembelian, Shipment dan Pembayaran/PBY-004

2023-10-05 15:36:09 - [TEST_STEP][PASSED] - data = callTestCase(findTestCase("T13 Pembelian, Shipment dan Pembayaran/PBY-001"), [:], STOP_ON_FAILURE): Call Test Case 'Test Cases/T13 Pembelian, Shipment dan Pembayaran/PBY-001' successfully

2023-10-05 15:36:09 - [TEST_CASE][PASSED] - Test Cases/T13 Pembelian, Shipment dan Pembayaran/PBY-001: Test Cases/T13 Pembelian, Shipment dan Pembayaran/PBY-001

2023-10-05 15:36:09 - [TEST_STEP][PASSED] - data = callTestCase(findTestCase("T13 Pembelian, Shipment dan Pembayaran/PBL-004"), ["Kurir":"Roda 2"], STOP_ON_FAILURE): Call Test Case 'Test Cases/T13 Pembelian, Shipment dan Pembayaran/PBL-004' successfully

2023-10-05 15:36:09 - [TEST_CASE][PASSED] - Test Cases/T13 Pembelian, Shipment dan Pembayaran/PBL-004: Test Cases/T13 Pembelian, Shipment dan Pembayaran/PBL-004

2023-10-05 15:36:09 - [TEST_STEP][PASSED] - data = callTestCase(findTestCase("T13 Pembelian, Shipment dan Pembayaran/PBL-002"), [:], STOP_ON_FAILURE): Call Test Case 'Test Cases/T13 Pembelian, Shipment dan Pembayaran/PBL-002' successfully

2023-10-05 15:36:09 - [TEST_CASE][PASSED] - Test Cases/T13 Pembelian, Shipment dan Pembayaran/PBL-002: Test Cases/T13 Pembelian, Shipment dan Pembayaran/PBL-002

2023-10-05 15:36:09 - [TEST_STEP][PASSED] - data = callTestCase(findTestCase("T13 Pembelian, Shipment dan Pembayaran/PBL-001"), [:], STOP_ON_FAILURE): Call Test Case 'Test Cases/T13 Pembelian, Shipment dan Pembayaran/PBL-001' successfully

2023-10-05 15:36:09 - [TEST_CASE][PASSED] - Test Cases/T13 Pembelian, Shipment dan Pembayaran/PBL-001: Test Cases/T13 Pembelian, Shipment dan Pembayaran/PBL-001

2023-10-05 15:36:09 - [TEST_STEP][PASSED] - callTestCase(findTestCase("T13 Pembelian, Shipment dan Pembayaran/LU-001"), ["username":"irfanafandi", "password":"12345irfan"], STOP_ON_FAILURE): Call Test Case 'Test Cases/T13 Pembelian, Shipment dan Pembayaran/LU-001' successfully

2023-10-05 15:36:09 - [TEST_CASE][PASSED] - Test Cases/T13 Pembelian, Shipment dan Pembayaran/LU-001: Test Cases/T13 Pembelian, Shipment dan Pembayaran/LU-001

2023-10-05 15:36:09 - [TEST_STEP][PASSED] - openBrowser("https://10.9.2.63/ecommerce/"): Browser is opened with url: 'https://10.9.2.63/ecommerce/'

2023-10-05 15:36:09 - [MESSAGE][WARNING] - A browser is already opened. Closing browser and opening a new one

2023-10-05 15:36:10 - [MESSAGE][INFO] - Starting 'Edge Chromium' driver

2023-10-05 15:36:10 - [MESSAGE][INFO] - User set preference: ['acceptInsecureCerts', 'true']

2023-10-05 15:36:12 - [MESSAGE][INFO] - Action delay is set to 0 milliseconds

2023-10-05 15:36:15 - [MESSAGE][PASSED] - Browser is opened with url: 'https://10.9.2.63/ecommerce/'

2023-10-05 15:36:15 - [TEST_STEP][PASSED] - maximizeWindow(): Current window maximized

2023-10-05 15:36:16 - [MESSAGE][PASSED] - Current window maximized

2023-10-05 15:36:16 - [TEST_STEP][PASSED] - verifyElementPresent(findTestObject("Login/Home"), 0): Object 'Object Repository/Login/Home' is present

2023-10-05 15:36:16 - [MESSAGE][WARNING] - Timeout '0' is invalid. Using default page load timeout: '30'

2023-10-05 15:36:16 - [MESSAGE][PASSED] - Object 'Object Repository/Login/Home' is present

2023-10-05 15:36:16 - [TEST_STEP][PASSED] - click(findTestObject("Login/a_Login")): Object: 'Object Repository/Login/a_Login' is clicked on

2023-10-05 15:36:17 - [MESSAGE][PASSED] - Object: 'Object Repository/Login/a_Login' is clicked on

2023-10-05 15:36:17 - [TEST_STEP][PASSED] - verifyElementPresent(findTestObject("Login/Tittle Login"), 0): Object 'Object Repository/Login/Tittle Login' is present

2023-10-05 15:36:17 - [MESSAGE][WARNING] - Timeout '0' is invalid. Using default page load timeout: '30'

2023-10-05 15:36:17 - [MESSAGE][PASSED] - Object 'Object Repository/Login/Tittle Login' is present

2023-10-05 15:36:17 - [TEST_STEP][PASSED] - setText(findTestObject("Login/input_Username, Email atau No. Handphone_a"), username): Text 'irfanafandi' is set on object 'Object Repository/Login/input_Username, Email atau No. Handphone_a'

2023-10-05 15:36:18 - [MESSAGE][PASSED] - Text 'irfanafandi' is set on object 'Object Repository/Login/input_Username, Email atau No. Handphone_a'

2023-10-05 15:36:18 - [TEST_STEP][PASSED] - setText(findTestObject("Login/input_Password_b"), password): Text '12345irfan' is set on object 'Object Repository/Login/input_Password_b'

2023-10-05 15:36:19 - [MESSAGE][PASSED] - Text '12345irfan' is set on object 'Object Repository/Login/input_Password_b'

2023-10-05 15:36:19 - [TEST_STEP][PASSED] - click(findTestObject("Login/label_Ingat saya")): Object: 'Object Repository/Login/label_Ingat saya' is clicked on

2023-10-05 15:36:20 - [MESSAGE][PASSED] - Object: 'Object Repository/Login/label_Ingat saya' is clicked on

2023-10-05 15:36:20 - [TEST_STEP][PASSED] - click(findTestObject("Login/button_Masuk")): Object: 'Object Repository/Login/button_Masuk' is clicked on

2023-10-05 15:36:21 - [MESSAGE][PASSED] - Object: 'Object Repository/Login/button_Masuk' is clicked on

2023-10-05 15:36:21 - [TEST_STEP][PASSED] - verifyElementPresent(findTestObject("Login/li_Profile"), 0): Object 'Object Repository/Login/li_Profile' is present

2023-10-05 15:36:21 - [MESSAGE][WARNING] - Timeout '0' is invalid. Using default page load timeout: '30'

2023-10-05 15:36:22 - [MESSAGE][PASSED] - Object 'Object Repository/Login/li_Profile' is present

2023-10-05 15:36:22 - [MESSAGE][PASSED] - Call Test Case 'Test Cases/T13 Pembelian, Shipment dan Pembayaran/LU-001' successfully

2023-10-05 15:36:22 - [TEST_STEP][PASSED] - mouseOver(findTestObject("beli barang/i_Mulai Belanja_icon-menu")): Object: 'Object Repository/beli barang/i_Mulai Belanja_icon-menu' is hovered

2023-10-05 15:36:22 - [MESSAGE][PASSED] - Object: 'Object Repository/beli barang/i_Mulai Belanja_icon-menu' is hovered

2023-10-05 15:36:22 - [TEST_STEP][PASSED] - click(findTestObject("beli barang/a_Fashion  Busana Wanita")): Object: 'Object Repository/beli barang/a_Fashion  Busana Wanita' is clicked on

2023-10-05 15:36:23 - [MESSAGE][PASSED] - Object: 'Object Repository/beli barang/a_Fashion  Busana Wanita' is clicked on

2023-10-05 15:36:23 - [TEST_STEP][PASSED] - NamaSebelum = getText(findTestObject("verifikasi/Nama sebelum")): Text of object 'Object Repository/verifikasi/Nama sebelum' is: ''

2023-10-05 15:36:24 - [MESSAGE][PASSED] - Text of object 'Object Repository/verifikasi/Nama sebelum' is: ''

2023-10-05 15:36:24 - [TEST_STEP][PASSED] - HargaSebelum = getText(findTestObject("verifikasi/Harga sebelum")): Text of object 'Object Repository/verifikasi/Harga sebelum' is: 'Rp 1,299'

2023-10-05 15:36:24 - [MESSAGE][PASSED] - Text of object 'Object Repository/verifikasi/Harga sebelum' is: 'Rp 1,299'

2023-10-05 15:36:24 - [TEST_STEP][PASSED] - mouseOver(findTestObject("beli barang/barang mouse over")): Object: 'Object Repository/beli barang/barang mouse over' is hovered

2023-10-05 15:36:25 - [MESSAGE][PASSED] - Object: 'Object Repository/beli barang/barang mouse over' is hovered

2023-10-05 15:36:25 - [TEST_STEP][PASSED] - click(findTestObject("beli barang/buttom add to cart")): Object: 'Object Repository/beli barang/buttom add to cart' is clicked on

2023-10-05 15:36:27 - [MESSAGE][PASSED] - Object: 'Object Repository/beli barang/buttom add to cart' is clicked on

2023-10-05 15:36:27 - [TEST_STEP][PASSED] - NamaSesudah = getText(findTestObject("verifikasi/Nama sesudah")): Text of object 'Object Repository/verifikasi/Nama sesudah' is: 'Segitiga Instan Madeira - MDB5.3 Sunset'

2023-10-05 15:36:27 - [MESSAGE][PASSED] - Text of object 'Object Repository/verifikasi/Nama sesudah' is: 'Segitiga Instan Madeira - MDB5.3 Sunset'

2023-10-05 15:36:27 - [TEST_STEP][PASSED] - HargaSesudah = getText(findTestObject("verifikasi/Harga sesudah")): Text of object 'Object Repository/verifikasi/Harga sesudah' is: 'Rp 1,299'

2023-10-05 15:36:27 - [MESSAGE][PASSED] - Text of object 'Object Repository/verifikasi/Harga sesudah' is: 'Rp 1,299'

2023-10-05 15:36:27 - [TEST_STEP][PASSED] - assert NamaSesudah.contains(NamaSebelum): null

2023-10-05 15:36:27 - [TEST_STEP][PASSED] - assert HargaSesudah.contains(HargaSebelum): null

2023-10-05 15:36:27 - [TEST_STEP][PASSED] - click(findTestObject("beli barang/Tambah Keranjang busana wanita")): Object: 'Object Repository/beli barang/Tambah Keranjang busana wanita' is clicked on

2023-10-05 15:36:28 - [MESSAGE][PASSED] - Object: 'Object Repository/beli barang/Tambah Keranjang busana wanita' is clicked on

2023-10-05 15:36:28 - [TEST_STEP][PASSED] - verifyElementPresent(findTestObject("checkout/Notifikasi keranjang"), 1): Object 'Object Repository/checkout/Notifikasi keranjang' is present

2023-10-05 15:36:29 - [MESSAGE][PASSED] - Object 'Object Repository/checkout/Notifikasi keranjang' is present

2023-10-05 15:36:29 - [TEST_STEP][PASSED] - data = new java.util.HashMap(): null

2023-10-05 15:36:29 - [TEST_STEP][PASSED] - data.put("nama_barang", NamaSesudah): null

2023-10-05 15:36:29 - [TEST_STEP][PASSED] - data.put("price_barang", HargaSesudah): null

2023-10-05 15:36:29 - [TEST_STEP][PASSED] - return data: null

2023-10-05 15:36:29 - [MESSAGE][PASSED] - Call Test Case 'Test Cases/T13 Pembelian, Shipment dan Pembayaran/PBL-001' successfully

2023-10-05 15:36:29 - [TEST_STEP][PASSED] - mouseOver(findTestObject("beli barang/keranjang")): Object: 'Object Repository/beli barang/keranjang' is hovered

2023-10-05 15:36:29 - [MESSAGE][PASSED] - Object: 'Object Repository/beli barang/keranjang' is hovered

2023-10-05 15:36:29 - [TEST_STEP][PASSED] - click(findTestObject("beli barang/Lihat Sekarang")): Object: 'Object Repository/beli barang/Lihat Sekarang' is clicked on

2023-10-05 15:36:30 - [MESSAGE][PASSED] - Object: 'Object Repository/beli barang/Lihat Sekarang' is clicked on

2023-10-05 15:36:30 - [TEST_STEP][PASSED] - verifyElementPresent(findTestObject("keranjang/li_Keranjang Belanja"), 0): Object 'Object Repository/keranjang/li_Keranjang Belanja' is present

2023-10-05 15:36:30 - [MESSAGE][WARNING] - Timeout '0' is invalid. Using default page load timeout: '30'

2023-10-05 15:36:31 - [MESSAGE][PASSED] - Object 'Object Repository/keranjang/li_Keranjang Belanja' is present

2023-10-05 15:36:31 - [TEST_STEP][PASSED] - NamaKeranjang = getText(findTestObject("verifikasi/Nama keranjang")): Text of object 'Object Repository/verifikasi/Nama keranjang' is: 'Segitiga Instan Madeira - MDB5.3 Sunset'

2023-10-05 15:36:31 - [MESSAGE][PASSED] - Text of object 'Object Repository/verifikasi/Nama keranjang' is: 'Segitiga Instan Madeira - MDB5.3 Sunset'

2023-10-05 15:36:31 - [TEST_STEP][PASSED] - HargaKeranjang = getText(findTestObject("verifikasi/Harga Keranjang")): Text of object 'Object Repository/verifikasi/Harga Keranjang' is: 'Rp 1,299'

2023-10-05 15:36:32 - [MESSAGE][PASSED] - Text of object 'Object Repository/verifikasi/Harga Keranjang' is: 'Rp 1,299'

2023-10-05 15:36:32 - [TEST_STEP][PASSED] - if (toString().equalsIgnoreCase("Merah")): Object 'Object Repository/keranjang/input_Warna_variasi101' is checked

2023-10-05 15:36:32 - [TEST_STEP][PASSED] - check(findTestObject("Object Repository/keranjang/input_Warna_variasi101")): Object 'Object Repository/keranjang/input_Warna_variasi101' is checked

2023-10-05 15:36:32 - [MESSAGE][PASSED] - Object 'Object Repository/keranjang/input_Warna_variasi101' is checked

2023-10-05 15:36:32 - [TEST_STEP][PASSED] - if (toString().equalsIgnoreCase("Menengah")): Object 'Object Repository/keranjang/input_Ukuran_variasi201' is checked

2023-10-05 15:36:32 - [TEST_STEP][PASSED] - check(findTestObject("Object Repository/keranjang/input_Ukuran_variasi201")): Object 'Object Repository/keranjang/input_Ukuran_variasi201' is checked

2023-10-05 15:36:33 - [MESSAGE][PASSED] - Object 'Object Repository/keranjang/input_Ukuran_variasi201' is checked

2023-10-05 15:36:33 - [TEST_STEP][PASSED] - data.put("Warna", warna): null

2023-10-05 15:36:33 - [TEST_STEP][PASSED] - data.put("Ukuran", ukuran): null

2023-10-05 15:36:33 - [TEST_STEP][PASSED] - click(findTestObject("keranjang/button_Lanjut ke Pembayaran")): Object: 'Object Repository/keranjang/button_Lanjut ke Pembayaran' is clicked on

2023-10-05 15:36:34 - [MESSAGE][PASSED] - Object: 'Object Repository/keranjang/button_Lanjut ke Pembayaran' is clicked on

2023-10-05 15:36:34 - [TEST_STEP][PASSED] - verifyElementPresent(findTestObject("checkout/Tittle Checkout Order"), 0): Object 'Object Repository/checkout/Tittle Checkout Order' is present

2023-10-05 15:36:34 - [MESSAGE][WARNING] - Timeout '0' is invalid. Using default page load timeout: '30'

2023-10-05 15:36:34 - [MESSAGE][PASSED] - Object 'Object Repository/checkout/Tittle Checkout Order' is present

2023-10-05 15:36:34 - [TEST_STEP][PASSED] - name_product = data.get("nama_barang"): null

2023-10-05 15:36:34 - [TEST_STEP][PASSED] - price_product = data.get("price_barang"): null

2023-10-05 15:36:34 - [TEST_STEP][PASSED] - assert name_product == NamaKeranjang: null

2023-10-05 15:36:34 - [TEST_STEP][PASSED] - assert price_product == HargaKeranjang: null

2023-10-05 15:36:34 - [TEST_STEP][PASSED] - return data: null

2023-10-05 15:36:34 - [MESSAGE][PASSED] - Call Test Case 'Test Cases/T13 Pembelian, Shipment dan Pembayaran/PBL-002' successfully

2023-10-05 15:36:34 - [TEST_STEP][PASSED] - warnaa = getText(findTestObject("verifikasi/warna Merah")): Text of object 'Object Repository/verifikasi/warna Merah' is: 'Merah'

2023-10-05 15:36:35 - [MESSAGE][PASSED] - Text of object 'Object Repository/verifikasi/warna Merah' is: 'Merah'

2023-10-05 15:36:35 - [TEST_STEP][PASSED] - ukurann = getText(findTestObject("verifikasi/Ukuran Menengah")): Text of object 'Object Repository/verifikasi/Ukuran Menengah' is: 'Menengah'

2023-10-05 15:36:35 - [MESSAGE][PASSED] - Text of object 'Object Repository/verifikasi/Ukuran Menengah' is: 'Menengah'

2023-10-05 15:36:35 - [TEST_STEP][PASSED] - warna1 = data.get("Warna"): null

2023-10-05 15:36:35 - [TEST_STEP][PASSED] - ukuran1 = data.get("Ukuran"): null

2023-10-05 15:36:35 - [TEST_STEP][PASSED] - assert warnaa == warna1: null

2023-10-05 15:36:35 - [TEST_STEP][PASSED] - assert ukurann == ukuran1: null

2023-10-05 15:36:35 - [TEST_STEP][PASSED] - NamaCheckout = getText(findTestObject("verifikasi/NamaCheckout")): Text of object 'Object Repository/verifikasi/NamaCheckout' is: ''

2023-10-05 15:36:35 - [MESSAGE][PASSED] - Text of object 'Object Repository/verifikasi/NamaCheckout' is: ''

2023-10-05 15:36:35 - [TEST_STEP][PASSED] - HargaCheckout = getText(findTestObject("verifikasi/HargaCheckout")): Text of object 'Object Repository/verifikasi/HargaCheckout' is: '1,299'

2023-10-05 15:36:36 - [MESSAGE][PASSED] - Text of object 'Object Repository/verifikasi/HargaCheckout' is: '1,299'

2023-10-05 15:36:36 - [TEST_STEP][PASSED] - name_product = data.get("nama_barang"): null

2023-10-05 15:36:36 - [TEST_STEP][PASSED] - price_product = data.get("price_barang"): null

2023-10-05 15:36:36 - [TEST_STEP][PASSED] - assert name_product.contains(NamaCheckout): null

2023-10-05 15:36:36 - [TEST_STEP][PASSED] - assert price_product.contains(HargaCheckout): null

2023-10-05 15:36:36 - [TEST_STEP][PASSED] - selectOptionByLabel(findTestObject("checkout/select - Kirim via Kurir Lokal"), Kurir, false): All options with label 'Roda 2' are selected in object 'Object Repository/checkout/select - Kirim via Kurir Lokal' 

2023-10-05 15:36:36 - [MESSAGE][PASSED] - All options with label 'Roda 2' are selected in object 'Object Repository/checkout/select - Kirim via Kurir Lokal' 

2023-10-05 15:36:36 - [TEST_STEP][PASSED] - click(findTestObject("checkout/Kendaraan Kurir")): Object: 'Object Repository/checkout/Kendaraan Kurir' is clicked on

2023-10-05 15:36:37 - [MESSAGE][PASSED] - Object: 'Object Repository/checkout/Kendaraan Kurir' is clicked on

2023-10-05 15:36:37 - [TEST_STEP][PASSED] - OngkosKirim = getText(findTestObject("Object Repository/verifikasi/Ongkos Kirim checkout")): Text of object 'Object Repository/verifikasi/Ongkos Kirim checkout' is: 'Rp. 5,000'

2023-10-05 15:36:38 - [MESSAGE][PASSED] - Text of object 'Object Repository/verifikasi/Ongkos Kirim checkout' is: 'Rp. 5,000'

2023-10-05 15:36:38 - [TEST_STEP][PASSED] - Ongkos = OngkosKirim.substring(3, OngkosKirim.size()): null

2023-10-05 15:36:38 - [TEST_STEP][PASSED] - rep = Ongkos.replace(",", "."): null

2023-10-05 15:36:38 - [TEST_STEP][PASSED] - Ongkos_kirim = Double.parseDouble(rep): null

2023-10-05 15:36:38 - [TEST_STEP][PASSED] - println(Ongkos_kirim): null

2023-10-05 15:36:38 - [TEST_STEP][PASSED] - FeeAdmin = getText(findTestObject("verifikasi/Fee Admin checkout")): Text of object 'Object Repository/verifikasi/Fee Admin checkout' is: 'Fee Admin
Rp 1,500'

2023-10-05 15:36:38 - [MESSAGE][PASSED] - Text of object 'Object Repository/verifikasi/Fee Admin checkout' is: 'Fee Admin
Rp 1,500'

2023-10-05 15:36:38 - [TEST_STEP][PASSED] - Fee_Admin = FeeAdmin.substring(12, FeeAdmin.size()): null

2023-10-05 15:36:38 - [TEST_STEP][PASSED] - fee = Fee_Admin.replace(",", "."): null

2023-10-05 15:36:38 - [TEST_STEP][PASSED] - fee_admin = Double.parseDouble(fee): null

2023-10-05 15:36:38 - [TEST_STEP][PASSED] - println(fee_admin): null

2023-10-05 15:36:38 - [TEST_STEP][PASSED] - Subtotal = getText(findTestObject("verifikasi/subtotal checkout")): Text of object 'Object Repository/verifikasi/subtotal checkout' is: 'Subtotal
Rp 1,299'

2023-10-05 15:36:38 - [MESSAGE][PASSED] - Text of object 'Object Repository/verifikasi/subtotal checkout' is: 'Subtotal
Rp 1,299'

2023-10-05 15:36:38 - [TEST_STEP][PASSED] - sub_total = Subtotal.substring(12, Subtotal.size()): null

2023-10-05 15:36:38 - [TEST_STEP][PASSED] - sub = sub_total.replace(",", "."): null

2023-10-05 15:36:38 - [TEST_STEP][PASSED] - sub_total = Double.parseDouble(sub): null

2023-10-05 15:36:38 - [TEST_STEP][PASSED] - println(sub_total): null

2023-10-05 15:36:38 - [TEST_STEP][PASSED] - Total = getText(findTestObject("verifikasi/Total checkout")): Text of object 'Object Repository/verifikasi/Total checkout' is: 'Rp 7,799'

2023-10-05 15:36:39 - [MESSAGE][PASSED] - Text of object 'Object Repository/verifikasi/Total checkout' is: 'Rp 7,799'

2023-10-05 15:36:39 - [TEST_STEP][PASSED] - totall = Total.substring(3, Total.size()): null

2023-10-05 15:36:39 - [TEST_STEP][PASSED] - total = totall.replace(",", "."): null

2023-10-05 15:36:39 - [TEST_STEP][PASSED] - totall = Double.parseDouble(total): null

2023-10-05 15:36:39 - [TEST_STEP][PASSED] - println(totall): null

2023-10-05 15:36:39 - [TEST_STEP][PASSED] - Total_Harga = Ongkos_kirim + fee_admin + sub_total: null

2023-10-05 15:36:39 - [TEST_STEP][PASSED] - println(Total_Harga): null

2023-10-05 15:36:39 - [TEST_STEP][PASSED] - TotalHarga = Math.round(Total_Harga * 1000) / 1000: null

2023-10-05 15:36:39 - [TEST_STEP][PASSED] - println(TotalHarga): null

2023-10-05 15:36:39 - [TEST_STEP][PASSED] - assert totall == TotalHarga: null

2023-10-05 15:36:39 - [TEST_STEP][PASSED] - click(findTestObject("verifikasi/Metode Transfer")): Object: 'Object Repository/verifikasi/Metode Transfer' is clicked on

2023-10-05 15:36:40 - [MESSAGE][PASSED] - Object: 'Object Repository/verifikasi/Metode Transfer' is clicked on

2023-10-05 15:36:40 - [TEST_STEP][PASSED] - click(findTestObject("checkout/button_Proses Pembayaran")): Object: 'Object Repository/checkout/button_Proses Pembayaran' is clicked on

2023-10-05 15:36:47 - [MESSAGE][PASSED] - Object: 'Object Repository/checkout/button_Proses Pembayaran' is clicked on

2023-10-05 15:36:47 - [TEST_STEP][PASSED] - verifyElementPresent(findTestObject("pembayaran/Tittle nomor invoice"), 0): Object 'Object Repository/pembayaran/Tittle nomor invoice' is present

2023-10-05 15:36:47 - [MESSAGE][WARNING] - Timeout '0' is invalid. Using default page load timeout: '30'

2023-10-05 15:36:48 - [MESSAGE][PASSED] - Object 'Object Repository/pembayaran/Tittle nomor invoice' is present

2023-10-05 15:36:48 - [TEST_STEP][PASSED] - return data: null

2023-10-05 15:36:48 - [MESSAGE][PASSED] - Call Test Case 'Test Cases/T13 Pembelian, Shipment dan Pembayaran/PBL-004' successfully

2023-10-05 15:36:48 - [TEST_STEP][PASSED] - Invoice = getText(findTestObject("pembayaran/nomor invoice")): Text of object 'Object Repository/pembayaran/nomor invoice' is: 'TRX60.20231005153643'

2023-10-05 15:36:48 - [MESSAGE][PASSED] - Text of object 'Object Repository/pembayaran/nomor invoice' is: 'TRX60.20231005153643'

2023-10-05 15:36:48 - [TEST_STEP][PASSED] - data.put("invoice", Invoice): null

2023-10-05 15:36:48 - [TEST_STEP][PASSED] - NamaPemesan = getText(findTestObject("Konfirmasi pesanan shop/Nama pemesan")): Text of object 'Object Repository/Konfirmasi pesanan shop/Nama pemesan' is: 'irfan.afandi'

2023-10-05 15:36:48 - [MESSAGE][PASSED] - Text of object 'Object Repository/Konfirmasi pesanan shop/Nama pemesan' is: 'irfan.afandi'

2023-10-05 15:36:48 - [TEST_STEP][PASSED] - Nama = getText(findTestObject("pembayaran/Nama barang")): Text of object 'Object Repository/pembayaran/Nama barang' is: 'Segitiga Instan Madeira - MDB5.3 Sunset'

2023-10-05 15:36:49 - [MESSAGE][PASSED] - Text of object 'Object Repository/pembayaran/Nama barang' is: 'Segitiga Instan Madeira - MDB5.3 Sunset'

2023-10-05 15:36:49 - [TEST_STEP][PASSED] - Harga = getText(findTestObject("pembayaran/Harga barang")): Text of object 'Object Repository/pembayaran/Harga barang' is: '1,299'

2023-10-05 15:36:49 - [MESSAGE][PASSED] - Text of object 'Object Repository/pembayaran/Harga barang' is: '1,299'

2023-10-05 15:36:49 - [TEST_STEP][PASSED] - name_product = data.get("nama_barang"): null

2023-10-05 15:36:49 - [TEST_STEP][PASSED] - price_product = data.get("price_barang"): null

2023-10-05 15:36:49 - [TEST_STEP][PASSED] - assert name_product.contains(Nama): null

2023-10-05 15:36:49 - [TEST_STEP][PASSED] - assert price_product.contains(Harga): null

2023-10-05 15:36:49 - [TEST_STEP][PASSED] - warnaa = getText(findTestObject("pembayaran/warna")): Text of object 'Object Repository/pembayaran/warna' is: 'Merah'

2023-10-05 15:36:50 - [MESSAGE][PASSED] - Text of object 'Object Repository/pembayaran/warna' is: 'Merah'

2023-10-05 15:36:50 - [TEST_STEP][PASSED] - ukurann = getText(findTestObject("pembayaran/ukuran")): Text of object 'Object Repository/pembayaran/ukuran' is: 'Menengah'

2023-10-05 15:36:50 - [MESSAGE][PASSED] - Text of object 'Object Repository/pembayaran/ukuran' is: 'Menengah'

2023-10-05 15:36:50 - [TEST_STEP][PASSED] - warna1 = data.get("Warna"): null

2023-10-05 15:36:50 - [TEST_STEP][PASSED] - ukuran1 = data.get("Ukuran"): null

2023-10-05 15:36:50 - [TEST_STEP][PASSED] - assert warnaa == warna1: null

2023-10-05 15:36:50 - [TEST_STEP][PASSED] - assert ukurann == ukuran1: null

2023-10-05 15:36:50 - [TEST_STEP][PASSED] - statusPembelian = getText(findTestObject("verifikasi/Status pending di pembelian")): Text of object 'Object Repository/verifikasi/Status pending di pembelian' is: 'Pending'

2023-10-05 15:36:51 - [MESSAGE][PASSED] - Text of object 'Object Repository/verifikasi/Status pending di pembelian' is: 'Pending'

2023-10-05 15:36:51 - [TEST_STEP][PASSED] - data.put("statusPem", statusPembelian): null

2023-10-05 15:36:51 - [TEST_STEP][PASSED] - OngkosKirim = getText(findTestObject("pembayaran/ongkos kirim")): Text of object 'Object Repository/pembayaran/ongkos kirim' is: 'Rp 5,000'

2023-10-05 15:36:52 - [MESSAGE][PASSED] - Text of object 'Object Repository/pembayaran/ongkos kirim' is: 'Rp 5,000'

2023-10-05 15:36:52 - [TEST_STEP][PASSED] - Ongkos = OngkosKirim.substring(3, OngkosKirim.size()): null

2023-10-05 15:36:52 - [TEST_STEP][PASSED] - rep = Ongkos.replace(",", ""): null

2023-10-05 15:36:52 - [TEST_STEP][PASSED] - Ongkos_kirimm = Integer.parseInt(rep): null

2023-10-05 15:36:52 - [TEST_STEP][PASSED] - println(Ongkos_kirimm): null

2023-10-05 15:36:52 - [TEST_STEP][PASSED] - FeeAdmin = getText(findTestObject("pembayaran/fee admin")): Text of object 'Object Repository/pembayaran/fee admin' is: 'Rp 1,500'

2023-10-05 15:36:52 - [MESSAGE][PASSED] - Text of object 'Object Repository/pembayaran/fee admin' is: 'Rp 1,500'

2023-10-05 15:36:52 - [TEST_STEP][PASSED] - Fee_Admin = FeeAdmin.substring(3, FeeAdmin.size()): null

2023-10-05 15:36:52 - [TEST_STEP][PASSED] - fee = Fee_Admin.replace(",", ""): null

2023-10-05 15:36:52 - [TEST_STEP][PASSED] - fee_adminn = Integer.parseInt(fee): null

2023-10-05 15:36:52 - [TEST_STEP][PASSED] - println(fee_adminn): null

2023-10-05 15:36:52 - [TEST_STEP][PASSED] - Subtotal = getText(findTestObject("pembayaran/subtotal")): Text of object 'Object Repository/pembayaran/subtotal' is: 'Rp 1,299'

2023-10-05 15:36:52 - [MESSAGE][PASSED] - Text of object 'Object Repository/pembayaran/subtotal' is: 'Rp 1,299'

2023-10-05 15:36:52 - [TEST_STEP][PASSED] - sub_total = Subtotal.substring(3, Subtotal.size()): null

2023-10-05 15:36:52 - [TEST_STEP][PASSED] - sub = sub_total.replace(",", ""): null

2023-10-05 15:36:52 - [TEST_STEP][PASSED] - sub_totall = Integer.parseInt(sub): null

2023-10-05 15:36:52 - [TEST_STEP][PASSED] - println(sub_totall): null

2023-10-05 15:36:52 - [TEST_STEP][PASSED] - unik = getText(findTestObject("pembayaran/kode unik")): Text of object 'Object Repository/pembayaran/kode unik' is: '+643'

2023-10-05 15:36:53 - [MESSAGE][PASSED] - Text of object 'Object Repository/pembayaran/kode unik' is: '+643'

2023-10-05 15:36:53 - [TEST_STEP][PASSED] - unikk = unik.replace("+", ""): null

2023-10-05 15:36:53 - [TEST_STEP][PASSED] - kode_unik = Integer.parseInt(unikk): null

2023-10-05 15:36:53 - [TEST_STEP][PASSED] - println(kode_unik): null

2023-10-05 15:36:53 - [TEST_STEP][PASSED] - Total = getText(findTestObject("pembayaran/total")): Text of object 'Object Repository/pembayaran/total' is: '8,442'

2023-10-05 15:36:54 - [MESSAGE][PASSED] - Text of object 'Object Repository/pembayaran/total' is: '8,442'

2023-10-05 15:36:54 - [TEST_STEP][PASSED] - total = Total.replace(",", ""): null

2023-10-05 15:36:54 - [TEST_STEP][PASSED] - totalll = Integer.parseInt(total): null

2023-10-05 15:36:54 - [TEST_STEP][PASSED] - println(totalll): null

2023-10-05 15:36:54 - [TEST_STEP][PASSED] - Total_Hargaa = Ongkos_kirimm + fee_adminn + sub_totall + kode_unik: null

2023-10-05 15:36:54 - [TEST_STEP][PASSED] - println(Total_Hargaa): null

2023-10-05 15:36:54 - [TEST_STEP][PASSED] - assert totalll == Total_Hargaa: null

2023-10-05 15:36:54 - [TEST_STEP][PASSED] - data.put("total", Total): null

2023-10-05 15:36:54 - [TEST_STEP][PASSED] - data.put("nama", NamaPemesan): null

2023-10-05 15:36:54 - [TEST_STEP][PASSED] - return data: null

2023-10-05 15:36:54 - [MESSAGE][PASSED] - Call Test Case 'Test Cases/T13 Pembelian, Shipment dan Pembayaran/PBY-001' successfully

2023-10-05 15:36:54 - [TEST_STEP][PASSED] - inv = data.get("invoice"): null

2023-10-05 15:36:54 - [TEST_STEP][PASSED] - Total = data.get("total"): null

2023-10-05 15:36:54 - [TEST_STEP][PASSED] - NamaPemesan = data.get("nama"): null

2023-10-05 15:36:54 - [TEST_STEP][PASSED] - click(findTestObject("Konfirmasi pesanan shop/Menu Shop")): Object: 'Object Repository/Konfirmasi pesanan shop/Menu Shop' is clicked on

2023-10-05 15:36:55 - [MESSAGE][PASSED] - Object: 'Object Repository/Konfirmasi pesanan shop/Menu Shop' is clicked on

2023-10-05 15:36:55 - [TEST_STEP][PASSED] - click(findTestObject("Konfirmasi pesanan shop/Menu Shop")): Object: 'Object Repository/Konfirmasi pesanan shop/Menu Shop' is clicked on

2023-10-05 15:36:55 - [MESSAGE][PASSED] - Object: 'Object Repository/Konfirmasi pesanan shop/Menu Shop' is clicked on

2023-10-05 15:36:55 - [TEST_STEP][PASSED] - click(findTestObject("Konfirmasi pesanan shop/Konfirmasi Orders")): Object: 'Object Repository/Konfirmasi pesanan shop/Konfirmasi Orders' is clicked on

2023-10-05 15:36:56 - [MESSAGE][PASSED] - Object: 'Object Repository/Konfirmasi pesanan shop/Konfirmasi Orders' is clicked on

2023-10-05 15:36:56 - [TEST_STEP][PASSED] - verifyElementPresent(findTestObject("Konfirmasi pesanan shop/Tittle Konfirmasi Pesanan"), 0): Object 'Object Repository/Konfirmasi pesanan shop/Tittle Konfirmasi Pesanan' is present

2023-10-05 15:36:56 - [MESSAGE][WARNING] - Timeout '0' is invalid. Using default page load timeout: '30'

2023-10-05 15:36:57 - [MESSAGE][PASSED] - Object 'Object Repository/Konfirmasi pesanan shop/Tittle Konfirmasi Pesanan' is present

2023-10-05 15:36:57 - [TEST_STEP][PASSED] - setText(findTestObject("Konfirmasi pesanan shop/input_No Pesanan"), inv): Text 'TRX60.20231005153643' is set on object 'Object Repository/Konfirmasi pesanan shop/input_No Pesanan'

2023-10-05 15:36:58 - [MESSAGE][PASSED] - Text 'TRX60.20231005153643' is set on object 'Object Repository/Konfirmasi pesanan shop/input_No Pesanan'

2023-10-05 15:36:58 - [TEST_STEP][PASSED] - setText(findTestObject("Konfirmasi pesanan shop/input_Alamat E-mai"), "irfan@gmail.com"): Text 'irfan@gmail.com' is set on object 'Object Repository/Konfirmasi pesanan shop/input_Alamat E-mai'

2023-10-05 15:36:58 - [MESSAGE][PASSED] - Text 'irfan@gmail.com' is set on object 'Object Repository/Konfirmasi pesanan shop/input_Alamat E-mai'

2023-10-05 15:36:58 - [TEST_STEP][PASSED] - click(findTestObject("Konfirmasi pesanan shop/button_Submit")): Object: 'Object Repository/Konfirmasi pesanan shop/button_Submit' is clicked on

2023-10-05 15:36:59 - [MESSAGE][PASSED] - Object: 'Object Repository/Konfirmasi pesanan shop/button_Submit' is clicked on

2023-10-05 15:36:59 - [TEST_STEP][PASSED] - verifyElementPresent(findTestObject("Konfirmasi pesanan shop/Tittle nomor invoice"), 0): Object 'Object Repository/Konfirmasi pesanan shop/Tittle nomor invoice' is present

2023-10-05 15:36:59 - [MESSAGE][WARNING] - Timeout '0' is invalid. Using default page load timeout: '30'

2023-10-05 15:37:00 - [MESSAGE][PASSED] - Object 'Object Repository/Konfirmasi pesanan shop/Tittle nomor invoice' is present

2023-10-05 15:37:00 - [TEST_STEP][PASSED] - setText(findTestObject("Konfirmasi pesanan shop/input_Total TagihanTransfer_b"), Total): Text '8,442' is set on object 'Object Repository/Konfirmasi pesanan shop/input_Total TagihanTransfer_b'

2023-10-05 15:37:01 - [MESSAGE][PASSED] - Text '8,442' is set on object 'Object Repository/Konfirmasi pesanan shop/input_Total TagihanTransfer_b'

2023-10-05 15:37:01 - [TEST_STEP][PASSED] - selectOptionByValue(findTestObject("Konfirmasi pesanan shop/select_Bank"), "4", false): All options with value '4' are selected in object 'Object Repository/Konfirmasi pesanan shop/select_Bank' 

2023-10-05 15:37:02 - [MESSAGE][PASSED] - All options with value '4' are selected in object 'Object Repository/Konfirmasi pesanan shop/select_Bank' 

2023-10-05 15:37:02 - [TEST_STEP][PASSED] - setText(findTestObject("Konfirmasi pesanan shop/input_Nama Pengirim_d"), NamaPemesan): Text 'irfan.afandi' is set on object 'Object Repository/Konfirmasi pesanan shop/input_Nama Pengirim_d'

2023-10-05 15:37:03 - [MESSAGE][PASSED] - Text 'irfan.afandi' is set on object 'Object Repository/Konfirmasi pesanan shop/input_Nama Pengirim_d'

2023-10-05 15:37:03 - [TEST_STEP][PASSED] - uploadFile(findTestObject("keranjang/konfirmasi/input_Upload Bukti Transfer_f"), "C:\Users\IRFAN\Downloads\Berkas2.pdf"): File 'C:\Users\IRFAN\Downloads\Berkas2.pdf' sent to object: 'Object Repository/keranjang/konfirmasi/input_Upload Bukti Transfer_f'

2023-10-05 15:37:03 - [MESSAGE][PASSED] - File 'C:\Users\IRFAN\Downloads\Berkas2.pdf' sent to object: 'Object Repository/keranjang/konfirmasi/input_Upload Bukti Transfer_f'

2023-10-05 15:37:03 - [TEST_STEP][PASSED] - click(findTestObject("Konfirmasi pesanan shop/button_Konfirmasi Pembayaran")): Object: 'Object Repository/Konfirmasi pesanan shop/button_Konfirmasi Pembayaran' is clicked on

2023-10-05 15:37:04 - [MESSAGE][PASSED] - Object: 'Object Repository/Konfirmasi pesanan shop/button_Konfirmasi Pembayaran' is clicked on

2023-10-05 15:37:04 - [TEST_STEP][PASSED] - verifyElementPresent(findTestObject("Konfirmasi pesanan shop/Tittle Konfirmasi Pesanan"), 0): Object 'Object Repository/Konfirmasi pesanan shop/Tittle Konfirmasi Pesanan' is present

2023-10-05 15:37:04 - [MESSAGE][WARNING] - Timeout '0' is invalid. Using default page load timeout: '30'

2023-10-05 15:37:05 - [MESSAGE][PASSED] - Object 'Object Repository/Konfirmasi pesanan shop/Tittle Konfirmasi Pesanan' is present

2023-10-05 15:37:05 - [TEST_STEP][PASSED] - verifyElementPresent(findTestObject("Konfirmasi pesanan shop/Tittle massage succes Konfirmasi Pembayaran Pesanan"), 0): Object 'Object Repository/Konfirmasi pesanan shop/Tittle massage succes Konfirmasi Pembayaran Pesanan' is present

2023-10-05 15:37:05 - [MESSAGE][WARNING] - Timeout '0' is invalid. Using default page load timeout: '30'

2023-10-05 15:37:05 - [MESSAGE][PASSED] - Object 'Object Repository/Konfirmasi pesanan shop/Tittle massage succes Konfirmasi Pembayaran Pesanan' is present

2023-10-05 15:37:05 - [TEST_STEP][PASSED] - return data: null

2023-10-05 15:37:05 - [MESSAGE][PASSED] - Call Test Case 'Test Cases/T13 Pembelian, Shipment dan Pembayaran/PBY-004' successfully

2023-10-05 15:37:05 - [TEST_STEP][PASSED] - navigateToUrl("https://10.9.2.63/ecommerce/administrator/"): Navigate to 'https://10.9.2.63/ecommerce/administrator/' successfully

2023-10-05 15:37:05 - [MESSAGE][PASSED] - Navigate to 'https://10.9.2.63/ecommerce/administrator/' successfully

2023-10-05 15:37:05 - [TEST_STEP][PASSED] - verifyElementPresent(findTestObject("admin/Tittle ADMIN Login"), 0): Object 'Object Repository/admin/Tittle ADMIN Login' is present

2023-10-05 15:37:06 - [MESSAGE][WARNING] - Timeout '0' is invalid. Using default page load timeout: '30'

2023-10-05 15:37:06 - [MESSAGE][PASSED] - Object 'Object Repository/admin/Tittle ADMIN Login' is present

2023-10-05 15:37:06 - [TEST_STEP][PASSED] - setText(findTestObject("admin/Username"), "admin"): Text 'admin' is set on object 'Object Repository/admin/Username'

2023-10-05 15:37:07 - [MESSAGE][PASSED] - Text 'admin' is set on object 'Object Repository/admin/Username'

2023-10-05 15:37:07 - [TEST_STEP][PASSED] - setText(findTestObject("admin/Password"), "123admin123"): Text '123admin123' is set on object 'Object Repository/admin/Password'

2023-10-05 15:37:07 - [MESSAGE][PASSED] - Text '123admin123' is set on object 'Object Repository/admin/Password'

2023-10-05 15:37:07 - [TEST_STEP][PASSED] - click(findTestObject("admin/Remember Me")): Object: 'Object Repository/admin/Remember Me' is clicked on

2023-10-05 15:37:08 - [MESSAGE][PASSED] - Object: 'Object Repository/admin/Remember Me' is clicked on

2023-10-05 15:37:08 - [TEST_STEP][PASSED] - delay(10): Delayed 10 second(s)

2023-10-05 15:37:18 - [MESSAGE][PASSED] - Delayed 10 second(s)

2023-10-05 15:37:18 - [TEST_STEP][PASSED] - click(findTestObject("admin/buttom submit")): Object: 'Object Repository/admin/buttom submit' is clicked on

2023-10-05 15:37:19 - [MESSAGE][PASSED] - Object: 'Object Repository/admin/buttom submit' is clicked on

2023-10-05 15:37:19 - [TEST_STEP][PASSED] - verifyElementPresent(findTestObject("admin/Konf order konsumen/Tittle Dashboard"), 0): Object 'Object Repository/admin/Konf order konsumen/Tittle Dashboard' is present

2023-10-05 15:37:19 - [MESSAGE][WARNING] - Timeout '0' is invalid. Using default page load timeout: '30'

2023-10-05 15:37:20 - [MESSAGE][PASSED] - Object 'Object Repository/admin/Konf order konsumen/Tittle Dashboard' is present

2023-10-05 15:37:20 - [TEST_STEP][PASSED] - click(findTestObject("admin/Konf order konsumen/Menu Transaksi Market")): Object: 'Object Repository/admin/Konf order konsumen/Menu Transaksi Market' is clicked on

2023-10-05 15:37:20 - [MESSAGE][PASSED] - Object: 'Object Repository/admin/Konf order konsumen/Menu Transaksi Market' is clicked on

2023-10-05 15:37:20 - [TEST_STEP][PASSED] - click(findTestObject("admin/Konf order konsumen/Menu Konf. Order Konsumen")): Object: 'Object Repository/admin/Konf order konsumen/Menu Konf. Order Konsumen' is clicked on

2023-10-05 15:37:21 - [MESSAGE][PASSED] - Object: 'Object Repository/admin/Konf order konsumen/Menu Konf. Order Konsumen' is clicked on

2023-10-05 15:37:21 - [TEST_STEP][PASSED] - verifyElementPresent(findTestObject("admin/Konf order konsumen/Tittle Data Konfirmasi Pembayaran Konsumen"), 0): Object 'Object Repository/admin/Konf order konsumen/Tittle Data Konfirmasi Pembayaran Konsumen' is present

2023-10-05 15:37:22 - [MESSAGE][WARNING] - Timeout '0' is invalid. Using default page load timeout: '30'

2023-10-05 15:37:22 - [MESSAGE][PASSED] - Object 'Object Repository/admin/Konf order konsumen/Tittle Data Konfirmasi Pembayaran Konsumen' is present

2023-10-05 15:37:22 - [TEST_STEP][PASSED] - inv = data.get("invoice"): null

2023-10-05 15:37:22 - [TEST_STEP][PASSED] - setText(findTestObject("admin/Konf order konsumen/Search"), inv): Text 'TRX60.20231005153643' is set on object 'Object Repository/admin/Konf order konsumen/Search'

2023-10-05 15:37:23 - [MESSAGE][PASSED] - Text 'TRX60.20231005153643' is set on object 'Object Repository/admin/Konf order konsumen/Search'

2023-10-05 15:37:23 - [TEST_STEP][PASSED] - verifyElementText(findTestObject("admin/Konf order konsumen/Keterangan Lunas"), "Lunas"): Actual text and expected text of test object 'Object Repository/admin/Konf order konsumen/Keterangan Lunas' are matched.

2023-10-05 15:37:23 - [MESSAGE][PASSED] - Actual text and expected text of test object 'Object Repository/admin/Konf order konsumen/Keterangan Lunas' are matched.

2023-10-05 15:37:23 - [TEST_STEP][PASSED] - return data: null

2023-10-05 15:37:23 - [MESSAGE][PASSED] - Call Test Case 'Test Cases/T13 Pembelian, Shipment dan Pembayaran/PBYA-001' successfully

2023-10-05 15:37:23 - [TEST_STEP][PASSED] - click(findTestObject("admin/Penjualan ke konsumen/buttom Dashboard")): Object: 'Object Repository/admin/Penjualan ke konsumen/buttom Dashboard' is clicked on

2023-10-05 15:37:24 - [MESSAGE][PASSED] - Object: 'Object Repository/admin/Penjualan ke konsumen/buttom Dashboard' is clicked on

2023-10-05 15:37:24 - [TEST_STEP][PASSED] - click(findTestObject("admin/Konf order konsumen/Menu Transaksi Market")): Object: 'Object Repository/admin/Konf order konsumen/Menu Transaksi Market' is clicked on

2023-10-05 15:37:25 - [MESSAGE][PASSED] - Object: 'Object Repository/admin/Konf order konsumen/Menu Transaksi Market' is clicked on

2023-10-05 15:37:25 - [TEST_STEP][PASSED] - click(findTestObject("admin/Penjualan ke konsumen/a_Penjualan ke Konsumen")): Object: 'Object Repository/admin/Penjualan ke konsumen/a_Penjualan ke Konsumen' is clicked on

2023-10-05 15:37:28 - [MESSAGE][PASSED] - Object: 'Object Repository/admin/Penjualan ke konsumen/a_Penjualan ke Konsumen' is clicked on

2023-10-05 15:37:28 - [TEST_STEP][PASSED] - verifyElementPresent(findTestObject("admin/Tittle Data Transaksi Penjualan  Orderan Konsumen"), 0): Object 'Object Repository/admin/Tittle Data Transaksi Penjualan  Orderan Konsumen' is present

2023-10-05 15:37:28 - [MESSAGE][WARNING] - Timeout '0' is invalid. Using default page load timeout: '30'

2023-10-05 15:37:28 - [MESSAGE][PASSED] - Object 'Object Repository/admin/Tittle Data Transaksi Penjualan  Orderan Konsumen' is present

2023-10-05 15:37:28 - [TEST_STEP][PASSED] - return data: null

2023-10-05 15:37:28 - [MESSAGE][PASSED] - Call Test Case 'Test Cases/T13 Pembelian, Shipment dan Pembayaran/SA-001' successfully

2023-10-05 15:37:28 - [TEST_STEP][PASSED] - inv = data.get("invoice"): null

2023-10-05 15:37:28 - [TEST_STEP][PASSED] - setText(findTestObject("admin/Penjualan ke konsumen/Search"), inv): Text 'TRX60.20231005153643' is set on object 'Object Repository/admin/Penjualan ke konsumen/Search'

2023-10-05 15:37:29 - [MESSAGE][PASSED] - Text 'TRX60.20231005153643' is set on object 'Object Repository/admin/Penjualan ke konsumen/Search'

2023-10-05 15:37:29 - [TEST_STEP][PASSED] - click(findTestObject("admin/Penjualan ke konsumen/buttom konfirmasi pending payment"), CONTINUE_ON_FAILURE): Object: 'Object Repository/admin/Penjualan ke konsumen/buttom konfirmasi pending payment' is clicked on

2023-10-05 15:37:30 - [MESSAGE][PASSED] - Object: 'Object Repository/admin/Penjualan ke konsumen/buttom konfirmasi pending payment' is clicked on

2023-10-05 15:37:30 - [TEST_STEP][PASSED] - waitForAlert(5, OPTIONAL): Alert is present after 5 second(s).

2023-10-05 15:37:30 - [MESSAGE][PASSED] - Alert is present after 5 second(s).

2023-10-05 15:37:30 - [TEST_STEP][PASSED] - acceptAlert(): Alert accepted

2023-10-05 15:37:30 - [MESSAGE][PASSED] - Alert accepted

2023-10-05 15:37:30 - [TEST_STEP][PASSED] - setText(findTestObject("admin/Penjualan ke konsumen/Search"), inv): Text 'TRX60.20231005153643' is set on object 'Object Repository/admin/Penjualan ke konsumen/Search'

2023-10-05 15:37:38 - [MESSAGE][PASSED] - Text 'TRX60.20231005153643' is set on object 'Object Repository/admin/Penjualan ke konsumen/Search'

2023-10-05 15:37:38 - [TEST_STEP][PASSED] - verifyTextNotPresent("pending payment", false): Text 'pending payment' is not present on page

2023-10-05 15:37:38 - [MESSAGE][PASSED] - Text 'pending payment' is not present on page

2023-10-05 15:37:38 - [TEST_STEP][PASSED] - return data: null

2023-10-05 15:37:38 - [MESSAGE][PASSED] - Call Test Case 'Test Cases/T13 Pembelian, Shipment dan Pembayaran/SA-002' successfully

2023-10-05 15:37:38 - [TEST_STEP][PASSED] - click(findTestObject("admin/Penjualan ke konsumen/buttom scroldown")): Object: 'Object Repository/admin/Penjualan ke konsumen/buttom scroldown' is clicked on

2023-10-05 15:37:39 - [MESSAGE][PASSED] - Object: 'Object Repository/admin/Penjualan ke konsumen/buttom scroldown' is clicked on

2023-10-05 15:37:39 - [TEST_STEP][PASSED] - click(findTestObject("admin/Penjualan ke konsumen/Selesai"), CONTINUE_ON_FAILURE): Object: 'Object Repository/admin/Penjualan ke konsumen/Selesai' is clicked on

2023-10-05 15:37:39 - [MESSAGE][PASSED] - Object: 'Object Repository/admin/Penjualan ke konsumen/Selesai' is clicked on

2023-10-05 15:37:39 - [TEST_STEP][PASSED] - waitForAlert(5, OPTIONAL): Alert is present after 5 second(s).

2023-10-05 15:37:39 - [MESSAGE][PASSED] - Alert is present after 5 second(s).

2023-10-05 15:37:39 - [TEST_STEP][PASSED] - acceptAlert(): Alert accepted

2023-10-05 15:37:39 - [MESSAGE][PASSED] - Alert accepted

2023-10-05 15:37:39 - [TEST_STEP][PASSED] - inv = data.get("invoice"): null

2023-10-05 15:37:39 - [TEST_STEP][PASSED] - setText(findTestObject("admin/Penjualan ke konsumen/Search"), inv): Text 'TRX60.20231005153643' is set on object 'Object Repository/admin/Penjualan ke konsumen/Search'

2023-10-05 15:37:43 - [MESSAGE][PASSED] - Text 'TRX60.20231005153643' is set on object 'Object Repository/admin/Penjualan ke konsumen/Search'

2023-10-05 15:37:43 - [TEST_STEP][PASSED] - verifyTextPresent("Selesai", false): Text 'Selesai' is present on page 

2023-10-05 15:37:43 - [MESSAGE][PASSED] - Text 'Selesai' is present on page 

2023-10-05 15:37:43 - [TEST_STEP][PASSED] - selesaiAdmin = getText(findTestObject("admin/Selesai")): Text of object 'Object Repository/admin/Selesai' is: 'Selesai'

2023-10-05 15:37:44 - [MESSAGE][PASSED] - Text of object 'Object Repository/admin/Selesai' is: 'Selesai'

2023-10-05 15:37:44 - [TEST_STEP][PASSED] - data.put("statusSelesai", selesaiAdmin): null

2023-10-05 15:37:44 - [TEST_STEP][PASSED] - return data: null

2023-10-05 15:37:44 - [MESSAGE][PASSED] - Call Test Case 'Test Cases/T13 Pembelian, Shipment dan Pembayaran/SA-005' successfully

2023-10-05 15:37:44 - [TEST_STEP][PASSED] - openBrowser("https://10.9.2.63/ecommerce/"): Browser is opened with url: 'https://10.9.2.63/ecommerce/'

2023-10-05 15:37:44 - [MESSAGE][WARNING] - A browser is already opened. Closing browser and opening a new one

2023-10-05 15:37:45 - [MESSAGE][INFO] - Starting 'Edge Chromium' driver

2023-10-05 15:37:45 - [MESSAGE][INFO] - User set preference: ['acceptInsecureCerts', 'true']

2023-10-05 15:37:47 - [MESSAGE][INFO] - Action delay is set to 0 milliseconds

2023-10-05 15:37:50 - [MESSAGE][PASSED] - Browser is opened with url: 'https://10.9.2.63/ecommerce/'

2023-10-05 15:37:50 - [TEST_STEP][PASSED] - maximizeWindow(): Current window maximized

2023-10-05 15:37:50 - [MESSAGE][PASSED] - Current window maximized

2023-10-05 15:37:50 - [TEST_STEP][PASSED] - verifyElementPresent(findTestObject("Login/Home"), 0): Object 'Object Repository/Login/Home' is present

2023-10-05 15:37:50 - [MESSAGE][WARNING] - Timeout '0' is invalid. Using default page load timeout: '30'

2023-10-05 15:37:51 - [MESSAGE][PASSED] - Object 'Object Repository/Login/Home' is present

2023-10-05 15:37:51 - [TEST_STEP][PASSED] - click(findTestObject("Login/a_Login")): Object: 'Object Repository/Login/a_Login' is clicked on

2023-10-05 15:37:51 - [MESSAGE][PASSED] - Object: 'Object Repository/Login/a_Login' is clicked on

2023-10-05 15:37:51 - [TEST_STEP][PASSED] - verifyElementPresent(findTestObject("Login/Tittle Login"), 0): Object 'Object Repository/Login/Tittle Login' is present

2023-10-05 15:37:51 - [MESSAGE][WARNING] - Timeout '0' is invalid. Using default page load timeout: '30'

2023-10-05 15:37:52 - [MESSAGE][PASSED] - Object 'Object Repository/Login/Tittle Login' is present

2023-10-05 15:37:52 - [TEST_STEP][PASSED] - setText(findTestObject("Login/input_Username, Email atau No. Handphone_a"), "irfanafandi"): Text 'irfanafandi' is set on object 'Object Repository/Login/input_Username, Email atau No. Handphone_a'

2023-10-05 15:37:53 - [MESSAGE][PASSED] - Text 'irfanafandi' is set on object 'Object Repository/Login/input_Username, Email atau No. Handphone_a'

2023-10-05 15:37:53 - [TEST_STEP][PASSED] - setText(findTestObject("Login/input_Password_b"), "12345irfan"): Text '12345irfan' is set on object 'Object Repository/Login/input_Password_b'

2023-10-05 15:37:54 - [MESSAGE][PASSED] - Text '12345irfan' is set on object 'Object Repository/Login/input_Password_b'

2023-10-05 15:37:54 - [TEST_STEP][PASSED] - click(findTestObject("Login/button_Masuk")): Object: 'Object Repository/Login/button_Masuk' is clicked on

2023-10-05 15:37:55 - [MESSAGE][PASSED] - Object: 'Object Repository/Login/button_Masuk' is clicked on

2023-10-05 15:37:55 - [TEST_STEP][PASSED] - verifyElementPresent(findTestObject("Login/li_Profile"), 0): Object 'Object Repository/Login/li_Profile' is present

2023-10-05 15:37:55 - [MESSAGE][WARNING] - Timeout '0' is invalid. Using default page load timeout: '30'

2023-10-05 15:37:56 - [MESSAGE][PASSED] - Object 'Object Repository/Login/li_Profile' is present

2023-10-05 15:37:56 - [TEST_STEP][PASSED] - click(findTestObject("Konfirmasi pesanan shop/Menu Shop")): Object: 'Object Repository/Konfirmasi pesanan shop/Menu Shop' is clicked on

2023-10-05 15:37:57 - [MESSAGE][PASSED] - Object: 'Object Repository/Konfirmasi pesanan shop/Menu Shop' is clicked on

2023-10-05 15:37:57 - [TEST_STEP][PASSED] - click(findTestObject("Konfirmasi pesanan shop/Menu Shop")): Object: 'Object Repository/Konfirmasi pesanan shop/Menu Shop' is clicked on

2023-10-05 15:37:58 - [MESSAGE][PASSED] - Object: 'Object Repository/Konfirmasi pesanan shop/Menu Shop' is clicked on

2023-10-05 15:37:58 - [TEST_STEP][PASSED] - click(findTestObject("Traking Order/a_Tracking Orders")): Object: 'Object Repository/Traking Order/a_Tracking Orders' is clicked on

2023-10-05 15:37:58 - [MESSAGE][PASSED] - Object: 'Object Repository/Traking Order/a_Tracking Orders' is clicked on

2023-10-05 15:37:58 - [TEST_STEP][PASSED] - verifyElementPresent(findTestObject("Traking Order/Tittle Tracking Order"), 0): Object 'Object Repository/Traking Order/Tittle Tracking Order' is present

2023-10-05 15:37:58 - [MESSAGE][WARNING] - Timeout '0' is invalid. Using default page load timeout: '30'

2023-10-05 15:37:59 - [MESSAGE][PASSED] - Object 'Object Repository/Traking Order/Tittle Tracking Order' is present

2023-10-05 15:37:59 - [TEST_STEP][PASSED] - inv = data.get("invoice"): null

2023-10-05 15:37:59 - [TEST_STEP][PASSED] - setText(findTestObject("Traking Order/input_No Pesanan_a"), "TRX-001"): Text 'TRX-001' is set on object 'Object Repository/Traking Order/input_No Pesanan_a'

2023-10-05 15:38:00 - [MESSAGE][PASSED] - Text 'TRX-001' is set on object 'Object Repository/Traking Order/input_No Pesanan_a'

2023-10-05 15:38:00 - [TEST_STEP][PASSED] - setText(findTestObject("Traking Order/input_Alamat E-mail_form-control"), "irfan"): Text 'irfan' is set on object 'Object Repository/Traking Order/input_Alamat E-mail_form-control'

2023-10-05 15:38:00 - [MESSAGE][PASSED] - Text 'irfan' is set on object 'Object Repository/Traking Order/input_Alamat E-mail_form-control'

2023-10-05 15:38:00 - [TEST_STEP][PASSED] - click(findTestObject("Traking Order/button_Lacak Pesanan")): Object: 'Object Repository/Traking Order/button_Lacak Pesanan' is clicked on

2023-10-05 15:38:01 - [MESSAGE][PASSED] - Object: 'Object Repository/Traking Order/button_Lacak Pesanan' is clicked on

2023-10-05 15:38:01 - [TEST_STEP][FAILED] - verifyTextPresent("number invoice not valid", false): Unable to verify text 'number invoice not valid' is present  (Root cause: com.kms.katalon.core.exception.StepFailedException: Unable to verify text 'number invoice not valid' is present 
	at com.kms.katalon.core.webui.keyword.internal.WebUIKeywordMain.stepFailed(WebUIKeywordMain.groovy:64)
	at com.kms.katalon.core.webui.keyword.internal.WebUIKeywordMain.runKeyword(WebUIKeywordMain.groovy:26)
	at com.kms.katalon.core.webui.keyword.builtin.VerifyTextPresentKeyword.verifyTextPresent(VerifyTextPresentKeyword.groovy:83)
	at com.kms.katalon.core.webui.keyword.builtin.VerifyTextPresentKeyword.execute(VerifyTextPresentKeyword.groovy:68)
	at com.kms.katalon.core.keyword.internal.KeywordExecutor.executeKeywordForPlatform(KeywordExecutor.groovy:74)
	at com.kms.katalon.core.webui.keyword.WebUiBuiltInKeywords.verifyTextPresent(WebUiBuiltInKeywords.groovy:1723)
	at com.kms.katalon.core.webui.keyword.WebUiBuiltInKeywords$verifyTextPresent$7.call(Unknown Source)
	at SU-008.run(SU-008:60)
	at com.kms.katalon.core.main.ScriptEngine.run(ScriptEngine.java:194)
	at com.kms.katalon.core.main.ScriptEngine.runScriptAsRawText(ScriptEngine.java:119)
	at com.kms.katalon.core.main.TestCaseExecutor.runScript(TestCaseExecutor.java:448)
	at com.kms.katalon.core.main.TestCaseExecutor.doExecute(TestCaseExecutor.java:439)
	at com.kms.katalon.core.main.TestCaseExecutor.processExecutionPhase(TestCaseExecutor.java:418)
	at com.kms.katalon.core.main.TestCaseExecutor.accessMainPhase(TestCaseExecutor.java:410)
	at com.kms.katalon.core.main.TestCaseExecutor.execute(TestCaseExecutor.java:285)
	at com.kms.katalon.core.common.CommonExecutor.accessTestCaseMainPhase(CommonExecutor.java:65)
	at com.kms.katalon.core.main.TestSuiteExecutor.accessTestSuiteMainPhase(TestSuiteExecutor.java:148)
	at com.kms.katalon.core.main.TestSuiteExecutor.execute(TestSuiteExecutor.java:106)
	at com.kms.katalon.core.main.TestCaseMain.startTestSuite(TestCaseMain.java:187)
	at com.kms.katalon.core.main.TestCaseMain$startTestSuite$0.call(Unknown Source)
	at TempTestSuite1696491677292.run(TempTestSuite1696491677292.groovy:36)
Caused by: com.kms.katalon.core.exception.StepFailedException: Text 'number invoice not valid' is not present on page 
	at com.kms.katalon.core.webui.keyword.internal.WebUIKeywordMain.stepFailed(WebUIKeywordMain.groovy:64)
	at com.kms.katalon.core.webui.keyword.builtin.VerifyTextPresentKeyword$_verifyTextPresent_closure1.doCall(VerifyTextPresentKeyword.groovy:79)
	at com.kms.katalon.core.webui.keyword.builtin.VerifyTextPresentKeyword$_verifyTextPresent_closure1.call(VerifyTextPresentKeyword.groovy)
	at com.kms.katalon.core.webui.keyword.internal.WebUIKeywordMain.runKeyword(WebUIKeywordMain.groovy:20)
	... 19 more
)

2023-10-05 15:38:02 - [MESSAGE][FAILED] - Text 'number invoice not valid' is not present on page  (Root cause: com.kms.katalon.core.exception.StepFailedException: Text 'number invoice not valid' is not present on page 
	at com.kms.katalon.core.webui.keyword.internal.WebUIKeywordMain.stepFailed(WebUIKeywordMain.groovy:64)
	at com.kms.katalon.core.webui.keyword.builtin.VerifyTextPresentKeyword$_verifyTextPresent_closure1.doCall(VerifyTextPresentKeyword.groovy:79)
	at com.kms.katalon.core.webui.keyword.builtin.VerifyTextPresentKeyword$_verifyTextPresent_closure1.call(VerifyTextPresentKeyword.groovy)
	at com.kms.katalon.core.webui.keyword.internal.WebUIKeywordMain.runKeyword(WebUIKeywordMain.groovy:20)
	at com.kms.katalon.core.webui.keyword.builtin.VerifyTextPresentKeyword.verifyTextPresent(VerifyTextPresentKeyword.groovy:83)
	at com.kms.katalon.core.webui.keyword.builtin.VerifyTextPresentKeyword.execute(VerifyTextPresentKeyword.groovy:68)
	at com.kms.katalon.core.keyword.internal.KeywordExecutor.executeKeywordForPlatform(KeywordExecutor.groovy:74)
	at com.kms.katalon.core.webui.keyword.WebUiBuiltInKeywords.verifyTextPresent(WebUiBuiltInKeywords.groovy:1723)
	at com.kms.katalon.core.webui.keyword.WebUiBuiltInKeywords$verifyTextPresent$7.call(Unknown Source)
	at SU-008.run(SU-008:60)
	at com.kms.katalon.core.main.ScriptEngine.run(ScriptEngine.java:194)
	at com.kms.katalon.core.main.ScriptEngine.runScriptAsRawText(ScriptEngine.java:119)
	at com.kms.katalon.core.main.TestCaseExecutor.runScript(TestCaseExecutor.java:448)
	at com.kms.katalon.core.main.TestCaseExecutor.doExecute(TestCaseExecutor.java:439)
	at com.kms.katalon.core.main.TestCaseExecutor.processExecutionPhase(TestCaseExecutor.java:418)
	at com.kms.katalon.core.main.TestCaseExecutor.accessMainPhase(TestCaseExecutor.java:410)
	at com.kms.katalon.core.main.TestCaseExecutor.execute(TestCaseExecutor.java:285)
	at com.kms.katalon.core.common.CommonExecutor.accessTestCaseMainPhase(CommonExecutor.java:65)
	at com.kms.katalon.core.main.TestSuiteExecutor.accessTestSuiteMainPhase(TestSuiteExecutor.java:148)
	at com.kms.katalon.core.main.TestSuiteExecutor.execute(TestSuiteExecutor.java:106)
	at com.kms.katalon.core.main.TestCaseMain.startTestSuite(TestCaseMain.java:187)
	at com.kms.katalon.core.main.TestCaseMain$startTestSuite$0.call(Unknown Source)
	at TempTestSuite1696491677292.run(TempTestSuite1696491677292.groovy:36)
)

2023-10-05 15:38:02 - [MESSAGE][FAILED] - Unable to verify text 'number invoice not valid' is present  (Root cause: com.kms.katalon.core.exception.StepFailedException: Unable to verify text 'number invoice not valid' is present 
	at com.kms.katalon.core.webui.keyword.internal.WebUIKeywordMain.stepFailed(WebUIKeywordMain.groovy:64)
	at com.kms.katalon.core.webui.keyword.internal.WebUIKeywordMain.runKeyword(WebUIKeywordMain.groovy:26)
	at com.kms.katalon.core.webui.keyword.builtin.VerifyTextPresentKeyword.verifyTextPresent(VerifyTextPresentKeyword.groovy:83)
	at com.kms.katalon.core.webui.keyword.builtin.VerifyTextPresentKeyword.execute(VerifyTextPresentKeyword.groovy:68)
	at com.kms.katalon.core.keyword.internal.KeywordExecutor.executeKeywordForPlatform(KeywordExecutor.groovy:74)
	at com.kms.katalon.core.webui.keyword.WebUiBuiltInKeywords.verifyTextPresent(WebUiBuiltInKeywords.groovy:1723)
	at com.kms.katalon.core.webui.keyword.WebUiBuiltInKeywords$verifyTextPresent$7.call(Unknown Source)
	at SU-008.run(SU-008:60)
	at com.kms.katalon.core.main.ScriptEngine.run(ScriptEngine.java:194)
	at com.kms.katalon.core.main.ScriptEngine.runScriptAsRawText(ScriptEngine.java:119)
	at com.kms.katalon.core.main.TestCaseExecutor.runScript(TestCaseExecutor.java:448)
	at com.kms.katalon.core.main.TestCaseExecutor.doExecute(TestCaseExecutor.java:439)
	at com.kms.katalon.core.main.TestCaseExecutor.processExecutionPhase(TestCaseExecutor.java:418)
	at com.kms.katalon.core.main.TestCaseExecutor.accessMainPhase(TestCaseExecutor.java:410)
	at com.kms.katalon.core.main.TestCaseExecutor.execute(TestCaseExecutor.java:285)
	at com.kms.katalon.core.common.CommonExecutor.accessTestCaseMainPhase(CommonExecutor.java:65)
	at com.kms.katalon.core.main.TestSuiteExecutor.accessTestSuiteMainPhase(TestSuiteExecutor.java:148)
	at com.kms.katalon.core.main.TestSuiteExecutor.execute(TestSuiteExecutor.java:106)
	at com.kms.katalon.core.main.TestCaseMain.startTestSuite(TestCaseMain.java:187)
	at com.kms.katalon.core.main.TestCaseMain$startTestSuite$0.call(Unknown Source)
	at TempTestSuite1696491677292.run(TempTestSuite1696491677292.groovy:36)
Caused by: com.kms.katalon.core.exception.StepFailedException: Text 'number invoice not valid' is not present on page 
	at com.kms.katalon.core.webui.keyword.internal.WebUIKeywordMain.stepFailed(WebUIKeywordMain.groovy:64)
	at com.kms.katalon.core.webui.keyword.builtin.VerifyTextPresentKeyword$_verifyTextPresent_closure1.doCall(VerifyTextPresentKeyword.groovy:79)
	at com.kms.katalon.core.webui.keyword.builtin.VerifyTextPresentKeyword$_verifyTextPresent_closure1.call(VerifyTextPresentKeyword.groovy)
	at com.kms.katalon.core.webui.keyword.internal.WebUIKeywordMain.runKeyword(WebUIKeywordMain.groovy:20)
	... 19 more
)
[[ATTACHMENT|C:\\FT2 XSIS\\Projek 2 MINI PROJEK\\Reports\\20231005_144117\\T13 Pembelian, Shipment dan Pembayaran\\T13 Pembelian, Shipment dan Pembayaran\\20231005_144117\\1696495082604.png]]]]></system-out>
         <system-err><![CDATA[2023-10-05 15:36:08 - [TEST_CASE][FAILED] - Test Cases/T13 Pembelian, Shipment dan Pembayaran/SU-008: Test Cases/T13 Pembelian, Shipment dan Pembayaran/SU-008 FAILED.
Reason:
com.kms.katalon.core.exception.StepFailedException: Unable to verify text 'number invoice not valid' is present 
	at com.kms.katalon.core.webui.keyword.internal.WebUIKeywordMain.stepFailed(WebUIKeywordMain.groovy:64)
	at com.kms.katalon.core.webui.keyword.internal.WebUIKeywordMain.runKeyword(WebUIKeywordMain.groovy:26)
	at com.kms.katalon.core.webui.keyword.builtin.VerifyTextPresentKeyword.verifyTextPresent(VerifyTextPresentKeyword.groovy:83)
	at com.kms.katalon.core.webui.keyword.builtin.VerifyTextPresentKeyword.execute(VerifyTextPresentKeyword.groovy:68)
	at com.kms.katalon.core.keyword.internal.KeywordExecutor.executeKeywordForPlatform(KeywordExecutor.groovy:74)
	at com.kms.katalon.core.webui.keyword.WebUiBuiltInKeywords.verifyTextPresent(WebUiBuiltInKeywords.groovy:1723)
	at com.kms.katalon.core.webui.keyword.WebUiBuiltInKeywords$verifyTextPresent$7.call(Unknown Source)
	at SU-008.run(SU-008:60)
	at com.kms.katalon.core.main.ScriptEngine.run(ScriptEngine.java:194)
	at com.kms.katalon.core.main.ScriptEngine.runScriptAsRawText(ScriptEngine.java:119)
	at com.kms.katalon.core.main.TestCaseExecutor.runScript(TestCaseExecutor.java:448)
	at com.kms.katalon.core.main.TestCaseExecutor.doExecute(TestCaseExecutor.java:439)
	at com.kms.katalon.core.main.TestCaseExecutor.processExecutionPhase(TestCaseExecutor.java:418)
	at com.kms.katalon.core.main.TestCaseExecutor.accessMainPhase(TestCaseExecutor.java:410)
	at com.kms.katalon.core.main.TestCaseExecutor.execute(TestCaseExecutor.java:285)
	at com.kms.katalon.core.common.CommonExecutor.accessTestCaseMainPhase(CommonExecutor.java:65)
	at com.kms.katalon.core.main.TestSuiteExecutor.accessTestSuiteMainPhase(TestSuiteExecutor.java:148)
	at com.kms.katalon.core.main.TestSuiteExecutor.execute(TestSuiteExecutor.java:106)
	at com.kms.katalon.core.main.TestCaseMain.startTestSuite(TestCaseMain.java:187)
	at com.kms.katalon.core.main.TestCaseMain$startTestSuite$0.call(Unknown Source)
	at TempTestSuite1696491677292.run(TempTestSuite1696491677292.groovy:36)
Caused by: com.kms.katalon.core.exception.StepFailedException: Text 'number invoice not valid' is not present on page 
	at com.kms.katalon.core.webui.keyword.internal.WebUIKeywordMain.stepFailed(WebUIKeywordMain.groovy:64)
	at com.kms.katalon.core.webui.keyword.builtin.VerifyTextPresentKeyword$_verifyTextPresent_closure1.doCall(VerifyTextPresentKeyword.groovy:79)
	at com.kms.katalon.core.webui.keyword.builtin.VerifyTextPresentKeyword$_verifyTextPresent_closure1.call(VerifyTextPresentKeyword.groovy)
	at com.kms.katalon.core.webui.keyword.internal.WebUIKeywordMain.runKeyword(WebUIKeywordMain.groovy:20)
	... 19 more]]></system-err>
      </testcase>
      <testcase name="Test Cases/T13 Pembelian, Shipment dan Pembayaran/SU-009" time="79.256" classname="Test Cases/T13 Pembelian, Shipment dan Pembayaran/SU-009" status="PASSED">
         <system-out><![CDATA[2023-10-05 15:38:02 - [TEST_CASE][PASSED] - Test Cases/T13 Pembelian, Shipment dan Pembayaran/SU-009: Test Cases/T13 Pembelian, Shipment dan Pembayaran/SU-009

2023-10-05 15:38:03 - [TEST_STEP][PASSED] - data = callTestCase(findTestCase("T13 Pembelian, Shipment dan Pembayaran/PBY-001"), [:], STOP_ON_FAILURE): Call Test Case 'Test Cases/T13 Pembelian, Shipment dan Pembayaran/PBY-001' successfully

2023-10-05 15:38:03 - [TEST_CASE][PASSED] - Test Cases/T13 Pembelian, Shipment dan Pembayaran/PBY-001: Test Cases/T13 Pembelian, Shipment dan Pembayaran/PBY-001

2023-10-05 15:38:03 - [TEST_STEP][PASSED] - data = callTestCase(findTestCase("T13 Pembelian, Shipment dan Pembayaran/PBL-004"), ["Kurir":"Roda 2"], STOP_ON_FAILURE): Call Test Case 'Test Cases/T13 Pembelian, Shipment dan Pembayaran/PBL-004' successfully

2023-10-05 15:38:03 - [TEST_CASE][PASSED] - Test Cases/T13 Pembelian, Shipment dan Pembayaran/PBL-004: Test Cases/T13 Pembelian, Shipment dan Pembayaran/PBL-004

2023-10-05 15:38:03 - [TEST_STEP][PASSED] - data = callTestCase(findTestCase("T13 Pembelian, Shipment dan Pembayaran/PBL-002"), [:], STOP_ON_FAILURE): Call Test Case 'Test Cases/T13 Pembelian, Shipment dan Pembayaran/PBL-002' successfully

2023-10-05 15:38:03 - [TEST_CASE][PASSED] - Test Cases/T13 Pembelian, Shipment dan Pembayaran/PBL-002: Test Cases/T13 Pembelian, Shipment dan Pembayaran/PBL-002

2023-10-05 15:38:03 - [TEST_STEP][PASSED] - data = callTestCase(findTestCase("T13 Pembelian, Shipment dan Pembayaran/PBL-001"), [:], STOP_ON_FAILURE): Call Test Case 'Test Cases/T13 Pembelian, Shipment dan Pembayaran/PBL-001' successfully

2023-10-05 15:38:03 - [TEST_CASE][PASSED] - Test Cases/T13 Pembelian, Shipment dan Pembayaran/PBL-001: Test Cases/T13 Pembelian, Shipment dan Pembayaran/PBL-001

2023-10-05 15:38:03 - [TEST_STEP][PASSED] - callTestCase(findTestCase("T13 Pembelian, Shipment dan Pembayaran/LU-001"), ["username":"irfanafandi", "password":"12345irfan"], STOP_ON_FAILURE): Call Test Case 'Test Cases/T13 Pembelian, Shipment dan Pembayaran/LU-001' successfully

2023-10-05 15:38:03 - [TEST_CASE][PASSED] - Test Cases/T13 Pembelian, Shipment dan Pembayaran/LU-001: Test Cases/T13 Pembelian, Shipment dan Pembayaran/LU-001

2023-10-05 15:38:03 - [TEST_STEP][PASSED] - openBrowser("https://10.9.2.63/ecommerce/"): Browser is opened with url: 'https://10.9.2.63/ecommerce/'

2023-10-05 15:38:03 - [MESSAGE][WARNING] - A browser is already opened. Closing browser and opening a new one

2023-10-05 15:38:04 - [MESSAGE][INFO] - Starting 'Edge Chromium' driver

2023-10-05 15:38:04 - [MESSAGE][INFO] - User set preference: ['acceptInsecureCerts', 'true']

2023-10-05 15:38:06 - [MESSAGE][INFO] - Action delay is set to 0 milliseconds

2023-10-05 15:38:10 - [MESSAGE][PASSED] - Browser is opened with url: 'https://10.9.2.63/ecommerce/'

2023-10-05 15:38:10 - [TEST_STEP][PASSED] - maximizeWindow(): Current window maximized

2023-10-05 15:38:10 - [MESSAGE][PASSED] - Current window maximized

2023-10-05 15:38:10 - [TEST_STEP][PASSED] - verifyElementPresent(findTestObject("Login/Home"), 0): Object 'Object Repository/Login/Home' is present

2023-10-05 15:38:10 - [MESSAGE][WARNING] - Timeout '0' is invalid. Using default page load timeout: '30'

2023-10-05 15:38:11 - [MESSAGE][PASSED] - Object 'Object Repository/Login/Home' is present

2023-10-05 15:38:11 - [TEST_STEP][PASSED] - click(findTestObject("Login/a_Login")): Object: 'Object Repository/Login/a_Login' is clicked on

2023-10-05 15:38:11 - [MESSAGE][PASSED] - Object: 'Object Repository/Login/a_Login' is clicked on

2023-10-05 15:38:11 - [TEST_STEP][PASSED] - verifyElementPresent(findTestObject("Login/Tittle Login"), 0): Object 'Object Repository/Login/Tittle Login' is present

2023-10-05 15:38:11 - [MESSAGE][WARNING] - Timeout '0' is invalid. Using default page load timeout: '30'

2023-10-05 15:38:12 - [MESSAGE][PASSED] - Object 'Object Repository/Login/Tittle Login' is present

2023-10-05 15:38:12 - [TEST_STEP][PASSED] - setText(findTestObject("Login/input_Username, Email atau No. Handphone_a"), username): Text 'irfanafandi' is set on object 'Object Repository/Login/input_Username, Email atau No. Handphone_a'

2023-10-05 15:38:13 - [MESSAGE][PASSED] - Text 'irfanafandi' is set on object 'Object Repository/Login/input_Username, Email atau No. Handphone_a'

2023-10-05 15:38:13 - [TEST_STEP][PASSED] - setText(findTestObject("Login/input_Password_b"), password): Text '12345irfan' is set on object 'Object Repository/Login/input_Password_b'

2023-10-05 15:38:14 - [MESSAGE][PASSED] - Text '12345irfan' is set on object 'Object Repository/Login/input_Password_b'

2023-10-05 15:38:14 - [TEST_STEP][PASSED] - click(findTestObject("Login/label_Ingat saya")): Object: 'Object Repository/Login/label_Ingat saya' is clicked on

2023-10-05 15:38:14 - [MESSAGE][PASSED] - Object: 'Object Repository/Login/label_Ingat saya' is clicked on

2023-10-05 15:38:14 - [TEST_STEP][PASSED] - click(findTestObject("Login/button_Masuk")): Object: 'Object Repository/Login/button_Masuk' is clicked on

2023-10-05 15:38:43 - [MESSAGE][PASSED] - Object: 'Object Repository/Login/button_Masuk' is clicked on

2023-10-05 15:38:43 - [TEST_STEP][PASSED] - verifyElementPresent(findTestObject("Login/li_Profile"), 0): Object 'Object Repository/Login/li_Profile' is present

2023-10-05 15:38:43 - [MESSAGE][WARNING] - Timeout '0' is invalid. Using default page load timeout: '30'

2023-10-05 15:38:44 - [MESSAGE][PASSED] - Object 'Object Repository/Login/li_Profile' is present

2023-10-05 15:38:44 - [MESSAGE][PASSED] - Call Test Case 'Test Cases/T13 Pembelian, Shipment dan Pembayaran/LU-001' successfully

2023-10-05 15:38:44 - [TEST_STEP][PASSED] - mouseOver(findTestObject("beli barang/i_Mulai Belanja_icon-menu")): Object: 'Object Repository/beli barang/i_Mulai Belanja_icon-menu' is hovered

2023-10-05 15:38:44 - [MESSAGE][PASSED] - Object: 'Object Repository/beli barang/i_Mulai Belanja_icon-menu' is hovered

2023-10-05 15:38:44 - [TEST_STEP][PASSED] - click(findTestObject("beli barang/a_Fashion  Busana Wanita")): Object: 'Object Repository/beli barang/a_Fashion  Busana Wanita' is clicked on

2023-10-05 15:38:45 - [MESSAGE][PASSED] - Object: 'Object Repository/beli barang/a_Fashion  Busana Wanita' is clicked on

2023-10-05 15:38:45 - [TEST_STEP][PASSED] - NamaSebelum = getText(findTestObject("verifikasi/Nama sebelum")): Text of object 'Object Repository/verifikasi/Nama sebelum' is: ''

2023-10-05 15:38:46 - [MESSAGE][PASSED] - Text of object 'Object Repository/verifikasi/Nama sebelum' is: ''

2023-10-05 15:38:46 - [TEST_STEP][PASSED] - HargaSebelum = getText(findTestObject("verifikasi/Harga sebelum")): Text of object 'Object Repository/verifikasi/Harga sebelum' is: 'Rp 1,299'

2023-10-05 15:38:46 - [MESSAGE][PASSED] - Text of object 'Object Repository/verifikasi/Harga sebelum' is: 'Rp 1,299'

2023-10-05 15:38:46 - [TEST_STEP][PASSED] - mouseOver(findTestObject("beli barang/barang mouse over")): Object: 'Object Repository/beli barang/barang mouse over' is hovered

2023-10-05 15:38:47 - [MESSAGE][PASSED] - Object: 'Object Repository/beli barang/barang mouse over' is hovered

2023-10-05 15:38:47 - [TEST_STEP][PASSED] - click(findTestObject("beli barang/buttom add to cart")): Object: 'Object Repository/beli barang/buttom add to cart' is clicked on

2023-10-05 15:38:48 - [MESSAGE][PASSED] - Object: 'Object Repository/beli barang/buttom add to cart' is clicked on

2023-10-05 15:38:48 - [TEST_STEP][PASSED] - NamaSesudah = getText(findTestObject("verifikasi/Nama sesudah")): Text of object 'Object Repository/verifikasi/Nama sesudah' is: 'Segitiga Instan Madeira - MDB5.3 Sunset'

2023-10-05 15:38:49 - [MESSAGE][PASSED] - Text of object 'Object Repository/verifikasi/Nama sesudah' is: 'Segitiga Instan Madeira - MDB5.3 Sunset'

2023-10-05 15:38:49 - [TEST_STEP][PASSED] - HargaSesudah = getText(findTestObject("verifikasi/Harga sesudah")): Text of object 'Object Repository/verifikasi/Harga sesudah' is: 'Rp 1,299'

2023-10-05 15:38:49 - [MESSAGE][PASSED] - Text of object 'Object Repository/verifikasi/Harga sesudah' is: 'Rp 1,299'

2023-10-05 15:38:49 - [TEST_STEP][PASSED] - assert NamaSesudah.contains(NamaSebelum): null

2023-10-05 15:38:49 - [TEST_STEP][PASSED] - assert HargaSesudah.contains(HargaSebelum): null

2023-10-05 15:38:49 - [TEST_STEP][PASSED] - click(findTestObject("beli barang/Tambah Keranjang busana wanita")): Object: 'Object Repository/beli barang/Tambah Keranjang busana wanita' is clicked on

2023-10-05 15:38:50 - [MESSAGE][PASSED] - Object: 'Object Repository/beli barang/Tambah Keranjang busana wanita' is clicked on

2023-10-05 15:38:50 - [TEST_STEP][PASSED] - verifyElementPresent(findTestObject("checkout/Notifikasi keranjang"), 1): Object 'Object Repository/checkout/Notifikasi keranjang' is present

2023-10-05 15:38:51 - [MESSAGE][PASSED] - Object 'Object Repository/checkout/Notifikasi keranjang' is present

2023-10-05 15:38:51 - [TEST_STEP][PASSED] - data = new java.util.HashMap(): null

2023-10-05 15:38:51 - [TEST_STEP][PASSED] - data.put("nama_barang", NamaSesudah): null

2023-10-05 15:38:51 - [TEST_STEP][PASSED] - data.put("price_barang", HargaSesudah): null

2023-10-05 15:38:51 - [TEST_STEP][PASSED] - return data: null

2023-10-05 15:38:51 - [MESSAGE][PASSED] - Call Test Case 'Test Cases/T13 Pembelian, Shipment dan Pembayaran/PBL-001' successfully

2023-10-05 15:38:51 - [TEST_STEP][PASSED] - mouseOver(findTestObject("beli barang/keranjang")): Object: 'Object Repository/beli barang/keranjang' is hovered

2023-10-05 15:38:51 - [MESSAGE][PASSED] - Object: 'Object Repository/beli barang/keranjang' is hovered

2023-10-05 15:38:51 - [TEST_STEP][PASSED] - click(findTestObject("beli barang/Lihat Sekarang")): Object: 'Object Repository/beli barang/Lihat Sekarang' is clicked on

2023-10-05 15:38:52 - [MESSAGE][PASSED] - Object: 'Object Repository/beli barang/Lihat Sekarang' is clicked on

2023-10-05 15:38:52 - [TEST_STEP][PASSED] - verifyElementPresent(findTestObject("keranjang/li_Keranjang Belanja"), 0): Object 'Object Repository/keranjang/li_Keranjang Belanja' is present

2023-10-05 15:38:52 - [MESSAGE][WARNING] - Timeout '0' is invalid. Using default page load timeout: '30'

2023-10-05 15:38:53 - [MESSAGE][PASSED] - Object 'Object Repository/keranjang/li_Keranjang Belanja' is present

2023-10-05 15:38:53 - [TEST_STEP][PASSED] - NamaKeranjang = getText(findTestObject("verifikasi/Nama keranjang")): Text of object 'Object Repository/verifikasi/Nama keranjang' is: 'Segitiga Instan Madeira - MDB5.3 Sunset'

2023-10-05 15:38:54 - [MESSAGE][PASSED] - Text of object 'Object Repository/verifikasi/Nama keranjang' is: 'Segitiga Instan Madeira - MDB5.3 Sunset'

2023-10-05 15:38:54 - [TEST_STEP][PASSED] - HargaKeranjang = getText(findTestObject("verifikasi/Harga Keranjang")): Text of object 'Object Repository/verifikasi/Harga Keranjang' is: 'Rp 1,299'

2023-10-05 15:38:54 - [MESSAGE][PASSED] - Text of object 'Object Repository/verifikasi/Harga Keranjang' is: 'Rp 1,299'

2023-10-05 15:38:54 - [TEST_STEP][PASSED] - if (toString().equalsIgnoreCase("Merah")): Object 'Object Repository/keranjang/input_Warna_variasi101' is checked

2023-10-05 15:38:54 - [TEST_STEP][PASSED] - check(findTestObject("Object Repository/keranjang/input_Warna_variasi101")): Object 'Object Repository/keranjang/input_Warna_variasi101' is checked

2023-10-05 15:38:54 - [MESSAGE][PASSED] - Object 'Object Repository/keranjang/input_Warna_variasi101' is checked

2023-10-05 15:38:54 - [TEST_STEP][PASSED] - if (toString().equalsIgnoreCase("Menengah")): Object 'Object Repository/keranjang/input_Ukuran_variasi201' is checked

2023-10-05 15:38:54 - [TEST_STEP][PASSED] - check(findTestObject("Object Repository/keranjang/input_Ukuran_variasi201")): Object 'Object Repository/keranjang/input_Ukuran_variasi201' is checked

2023-10-05 15:38:55 - [MESSAGE][PASSED] - Object 'Object Repository/keranjang/input_Ukuran_variasi201' is checked

2023-10-05 15:38:55 - [TEST_STEP][PASSED] - data.put("Warna", warna): null

2023-10-05 15:38:55 - [TEST_STEP][PASSED] - data.put("Ukuran", ukuran): null

2023-10-05 15:38:55 - [TEST_STEP][PASSED] - click(findTestObject("keranjang/button_Lanjut ke Pembayaran")): Object: 'Object Repository/keranjang/button_Lanjut ke Pembayaran' is clicked on

2023-10-05 15:38:56 - [MESSAGE][PASSED] - Object: 'Object Repository/keranjang/button_Lanjut ke Pembayaran' is clicked on

2023-10-05 15:38:56 - [TEST_STEP][PASSED] - verifyElementPresent(findTestObject("checkout/Tittle Checkout Order"), 0): Object 'Object Repository/checkout/Tittle Checkout Order' is present

2023-10-05 15:38:56 - [MESSAGE][WARNING] - Timeout '0' is invalid. Using default page load timeout: '30'

2023-10-05 15:38:57 - [MESSAGE][PASSED] - Object 'Object Repository/checkout/Tittle Checkout Order' is present

2023-10-05 15:38:57 - [TEST_STEP][PASSED] - name_product = data.get("nama_barang"): null

2023-10-05 15:38:57 - [TEST_STEP][PASSED] - price_product = data.get("price_barang"): null

2023-10-05 15:38:57 - [TEST_STEP][PASSED] - assert name_product == NamaKeranjang: null

2023-10-05 15:38:57 - [TEST_STEP][PASSED] - assert price_product == HargaKeranjang: null

2023-10-05 15:38:57 - [TEST_STEP][PASSED] - return data: null

2023-10-05 15:38:57 - [MESSAGE][PASSED] - Call Test Case 'Test Cases/T13 Pembelian, Shipment dan Pembayaran/PBL-002' successfully

2023-10-05 15:38:57 - [TEST_STEP][PASSED] - warnaa = getText(findTestObject("verifikasi/warna Merah")): Text of object 'Object Repository/verifikasi/warna Merah' is: 'Merah'

2023-10-05 15:38:57 - [MESSAGE][PASSED] - Text of object 'Object Repository/verifikasi/warna Merah' is: 'Merah'

2023-10-05 15:38:57 - [TEST_STEP][PASSED] - ukurann = getText(findTestObject("verifikasi/Ukuran Menengah")): Text of object 'Object Repository/verifikasi/Ukuran Menengah' is: 'Menengah'

2023-10-05 15:38:57 - [MESSAGE][PASSED] - Text of object 'Object Repository/verifikasi/Ukuran Menengah' is: 'Menengah'

2023-10-05 15:38:57 - [TEST_STEP][PASSED] - warna1 = data.get("Warna"): null

2023-10-05 15:38:57 - [TEST_STEP][PASSED] - ukuran1 = data.get("Ukuran"): null

2023-10-05 15:38:57 - [TEST_STEP][PASSED] - assert warnaa == warna1: null

2023-10-05 15:38:57 - [TEST_STEP][PASSED] - assert ukurann == ukuran1: null

2023-10-05 15:38:57 - [TEST_STEP][PASSED] - NamaCheckout = getText(findTestObject("verifikasi/NamaCheckout")): Text of object 'Object Repository/verifikasi/NamaCheckout' is: ''

2023-10-05 15:38:58 - [MESSAGE][PASSED] - Text of object 'Object Repository/verifikasi/NamaCheckout' is: ''

2023-10-05 15:38:58 - [TEST_STEP][PASSED] - HargaCheckout = getText(findTestObject("verifikasi/HargaCheckout")): Text of object 'Object Repository/verifikasi/HargaCheckout' is: '1,299'

2023-10-05 15:38:58 - [MESSAGE][PASSED] - Text of object 'Object Repository/verifikasi/HargaCheckout' is: '1,299'

2023-10-05 15:38:58 - [TEST_STEP][PASSED] - name_product = data.get("nama_barang"): null

2023-10-05 15:38:58 - [TEST_STEP][PASSED] - price_product = data.get("price_barang"): null

2023-10-05 15:38:58 - [TEST_STEP][PASSED] - assert name_product.contains(NamaCheckout): null

2023-10-05 15:38:58 - [TEST_STEP][PASSED] - assert price_product.contains(HargaCheckout): null

2023-10-05 15:38:58 - [TEST_STEP][PASSED] - selectOptionByLabel(findTestObject("checkout/select - Kirim via Kurir Lokal"), Kurir, false): All options with label 'Roda 2' are selected in object 'Object Repository/checkout/select - Kirim via Kurir Lokal' 

2023-10-05 15:38:59 - [MESSAGE][PASSED] - All options with label 'Roda 2' are selected in object 'Object Repository/checkout/select - Kirim via Kurir Lokal' 

2023-10-05 15:38:59 - [TEST_STEP][PASSED] - click(findTestObject("checkout/Kendaraan Kurir")): Object: 'Object Repository/checkout/Kendaraan Kurir' is clicked on

2023-10-05 15:38:59 - [MESSAGE][PASSED] - Object: 'Object Repository/checkout/Kendaraan Kurir' is clicked on

2023-10-05 15:38:59 - [TEST_STEP][PASSED] - OngkosKirim = getText(findTestObject("Object Repository/verifikasi/Ongkos Kirim checkout")): Text of object 'Object Repository/verifikasi/Ongkos Kirim checkout' is: 'Rp. 5,000'

2023-10-05 15:39:00 - [MESSAGE][PASSED] - Text of object 'Object Repository/verifikasi/Ongkos Kirim checkout' is: 'Rp. 5,000'

2023-10-05 15:39:00 - [TEST_STEP][PASSED] - Ongkos = OngkosKirim.substring(3, OngkosKirim.size()): null

2023-10-05 15:39:00 - [TEST_STEP][PASSED] - rep = Ongkos.replace(",", "."): null

2023-10-05 15:39:00 - [TEST_STEP][PASSED] - Ongkos_kirim = Double.parseDouble(rep): null

2023-10-05 15:39:00 - [TEST_STEP][PASSED] - println(Ongkos_kirim): null

2023-10-05 15:39:00 - [TEST_STEP][PASSED] - FeeAdmin = getText(findTestObject("verifikasi/Fee Admin checkout")): Text of object 'Object Repository/verifikasi/Fee Admin checkout' is: 'Fee Admin
Rp 1,500'

2023-10-05 15:39:00 - [MESSAGE][PASSED] - Text of object 'Object Repository/verifikasi/Fee Admin checkout' is: 'Fee Admin
Rp 1,500'

2023-10-05 15:39:00 - [TEST_STEP][PASSED] - Fee_Admin = FeeAdmin.substring(12, FeeAdmin.size()): null

2023-10-05 15:39:00 - [TEST_STEP][PASSED] - fee = Fee_Admin.replace(",", "."): null

2023-10-05 15:39:00 - [TEST_STEP][PASSED] - fee_admin = Double.parseDouble(fee): null

2023-10-05 15:39:00 - [TEST_STEP][PASSED] - println(fee_admin): null

2023-10-05 15:39:00 - [TEST_STEP][PASSED] - Subtotal = getText(findTestObject("verifikasi/subtotal checkout")): Text of object 'Object Repository/verifikasi/subtotal checkout' is: 'Subtotal
Rp 1,299'

2023-10-05 15:39:01 - [MESSAGE][PASSED] - Text of object 'Object Repository/verifikasi/subtotal checkout' is: 'Subtotal
Rp 1,299'

2023-10-05 15:39:01 - [TEST_STEP][PASSED] - sub_total = Subtotal.substring(12, Subtotal.size()): null

2023-10-05 15:39:01 - [TEST_STEP][PASSED] - sub = sub_total.replace(",", "."): null

2023-10-05 15:39:01 - [TEST_STEP][PASSED] - sub_total = Double.parseDouble(sub): null

2023-10-05 15:39:01 - [TEST_STEP][PASSED] - println(sub_total): null

2023-10-05 15:39:01 - [TEST_STEP][PASSED] - Total = getText(findTestObject("verifikasi/Total checkout")): Text of object 'Object Repository/verifikasi/Total checkout' is: 'Rp 7,799'

2023-10-05 15:39:01 - [MESSAGE][PASSED] - Text of object 'Object Repository/verifikasi/Total checkout' is: 'Rp 7,799'

2023-10-05 15:39:01 - [TEST_STEP][PASSED] - totall = Total.substring(3, Total.size()): null

2023-10-05 15:39:01 - [TEST_STEP][PASSED] - total = totall.replace(",", "."): null

2023-10-05 15:39:01 - [TEST_STEP][PASSED] - totall = Double.parseDouble(total): null

2023-10-05 15:39:01 - [TEST_STEP][PASSED] - println(totall): null

2023-10-05 15:39:01 - [TEST_STEP][PASSED] - Total_Harga = Ongkos_kirim + fee_admin + sub_total: null

2023-10-05 15:39:01 - [TEST_STEP][PASSED] - println(Total_Harga): null

2023-10-05 15:39:01 - [TEST_STEP][PASSED] - TotalHarga = Math.round(Total_Harga * 1000) / 1000: null

2023-10-05 15:39:01 - [TEST_STEP][PASSED] - println(TotalHarga): null

2023-10-05 15:39:01 - [TEST_STEP][PASSED] - assert totall == TotalHarga: null

2023-10-05 15:39:01 - [TEST_STEP][PASSED] - click(findTestObject("verifikasi/Metode Transfer")): Object: 'Object Repository/verifikasi/Metode Transfer' is clicked on

2023-10-05 15:39:02 - [MESSAGE][PASSED] - Object: 'Object Repository/verifikasi/Metode Transfer' is clicked on

2023-10-05 15:39:02 - [TEST_STEP][PASSED] - click(findTestObject("checkout/button_Proses Pembayaran")): Object: 'Object Repository/checkout/button_Proses Pembayaran' is clicked on

2023-10-05 15:39:09 - [MESSAGE][PASSED] - Object: 'Object Repository/checkout/button_Proses Pembayaran' is clicked on

2023-10-05 15:39:09 - [TEST_STEP][PASSED] - verifyElementPresent(findTestObject("pembayaran/Tittle nomor invoice"), 0): Object 'Object Repository/pembayaran/Tittle nomor invoice' is present

2023-10-05 15:39:10 - [MESSAGE][WARNING] - Timeout '0' is invalid. Using default page load timeout: '30'

2023-10-05 15:39:10 - [MESSAGE][PASSED] - Object 'Object Repository/pembayaran/Tittle nomor invoice' is present

2023-10-05 15:39:10 - [TEST_STEP][PASSED] - return data: null

2023-10-05 15:39:10 - [MESSAGE][PASSED] - Call Test Case 'Test Cases/T13 Pembelian, Shipment dan Pembayaran/PBL-004' successfully

2023-10-05 15:39:10 - [TEST_STEP][PASSED] - Invoice = getText(findTestObject("pembayaran/nomor invoice")): Text of object 'Object Repository/pembayaran/nomor invoice' is: 'TRX60.20231005153906'

2023-10-05 15:39:10 - [MESSAGE][PASSED] - Text of object 'Object Repository/pembayaran/nomor invoice' is: 'TRX60.20231005153906'

2023-10-05 15:39:10 - [TEST_STEP][PASSED] - data.put("invoice", Invoice): null

2023-10-05 15:39:10 - [TEST_STEP][PASSED] - NamaPemesan = getText(findTestObject("Konfirmasi pesanan shop/Nama pemesan")): Text of object 'Object Repository/Konfirmasi pesanan shop/Nama pemesan' is: 'irfan.afandi'

2023-10-05 15:39:11 - [MESSAGE][PASSED] - Text of object 'Object Repository/Konfirmasi pesanan shop/Nama pemesan' is: 'irfan.afandi'

2023-10-05 15:39:11 - [TEST_STEP][PASSED] - Nama = getText(findTestObject("pembayaran/Nama barang")): Text of object 'Object Repository/pembayaran/Nama barang' is: 'Segitiga Instan Madeira - MDB5.3 Sunset'

2023-10-05 15:39:11 - [MESSAGE][PASSED] - Text of object 'Object Repository/pembayaran/Nama barang' is: 'Segitiga Instan Madeira - MDB5.3 Sunset'

2023-10-05 15:39:11 - [TEST_STEP][PASSED] - Harga = getText(findTestObject("pembayaran/Harga barang")): Text of object 'Object Repository/pembayaran/Harga barang' is: '1,299'

2023-10-05 15:39:12 - [MESSAGE][PASSED] - Text of object 'Object Repository/pembayaran/Harga barang' is: '1,299'

2023-10-05 15:39:12 - [TEST_STEP][PASSED] - name_product = data.get("nama_barang"): null

2023-10-05 15:39:12 - [TEST_STEP][PASSED] - price_product = data.get("price_barang"): null

2023-10-05 15:39:12 - [TEST_STEP][PASSED] - assert name_product.contains(Nama): null

2023-10-05 15:39:12 - [TEST_STEP][PASSED] - assert price_product.contains(Harga): null

2023-10-05 15:39:12 - [TEST_STEP][PASSED] - warnaa = getText(findTestObject("pembayaran/warna")): Text of object 'Object Repository/pembayaran/warna' is: 'Merah'

2023-10-05 15:39:12 - [MESSAGE][PASSED] - Text of object 'Object Repository/pembayaran/warna' is: 'Merah'

2023-10-05 15:39:12 - [TEST_STEP][PASSED] - ukurann = getText(findTestObject("pembayaran/ukuran")): Text of object 'Object Repository/pembayaran/ukuran' is: 'Menengah'

2023-10-05 15:39:13 - [MESSAGE][PASSED] - Text of object 'Object Repository/pembayaran/ukuran' is: 'Menengah'

2023-10-05 15:39:13 - [TEST_STEP][PASSED] - warna1 = data.get("Warna"): null

2023-10-05 15:39:13 - [TEST_STEP][PASSED] - ukuran1 = data.get("Ukuran"): null

2023-10-05 15:39:13 - [TEST_STEP][PASSED] - assert warnaa == warna1: null

2023-10-05 15:39:13 - [TEST_STEP][PASSED] - assert ukurann == ukuran1: null

2023-10-05 15:39:13 - [TEST_STEP][PASSED] - statusPembelian = getText(findTestObject("verifikasi/Status pending di pembelian")): Text of object 'Object Repository/verifikasi/Status pending di pembelian' is: 'Pending'

2023-10-05 15:39:13 - [MESSAGE][PASSED] - Text of object 'Object Repository/verifikasi/Status pending di pembelian' is: 'Pending'

2023-10-05 15:39:13 - [TEST_STEP][PASSED] - data.put("statusPem", statusPembelian): null

2023-10-05 15:39:13 - [TEST_STEP][PASSED] - OngkosKirim = getText(findTestObject("pembayaran/ongkos kirim")): Text of object 'Object Repository/pembayaran/ongkos kirim' is: 'Rp 5,000'

2023-10-05 15:39:14 - [MESSAGE][PASSED] - Text of object 'Object Repository/pembayaran/ongkos kirim' is: 'Rp 5,000'

2023-10-05 15:39:14 - [TEST_STEP][PASSED] - Ongkos = OngkosKirim.substring(3, OngkosKirim.size()): null

2023-10-05 15:39:14 - [TEST_STEP][PASSED] - rep = Ongkos.replace(",", ""): null

2023-10-05 15:39:14 - [TEST_STEP][PASSED] - Ongkos_kirimm = Integer.parseInt(rep): null

2023-10-05 15:39:14 - [TEST_STEP][PASSED] - println(Ongkos_kirimm): null

2023-10-05 15:39:14 - [TEST_STEP][PASSED] - FeeAdmin = getText(findTestObject("pembayaran/fee admin")): Text of object 'Object Repository/pembayaran/fee admin' is: 'Rp 1,500'

2023-10-05 15:39:15 - [MESSAGE][PASSED] - Text of object 'Object Repository/pembayaran/fee admin' is: 'Rp 1,500'

2023-10-05 15:39:15 - [TEST_STEP][PASSED] - Fee_Admin = FeeAdmin.substring(3, FeeAdmin.size()): null

2023-10-05 15:39:15 - [TEST_STEP][PASSED] - fee = Fee_Admin.replace(",", ""): null

2023-10-05 15:39:15 - [TEST_STEP][PASSED] - fee_adminn = Integer.parseInt(fee): null

2023-10-05 15:39:15 - [TEST_STEP][PASSED] - println(fee_adminn): null

2023-10-05 15:39:15 - [TEST_STEP][PASSED] - Subtotal = getText(findTestObject("pembayaran/subtotal")): Text of object 'Object Repository/pembayaran/subtotal' is: 'Rp 1,299'

2023-10-05 15:39:15 - [MESSAGE][PASSED] - Text of object 'Object Repository/pembayaran/subtotal' is: 'Rp 1,299'

2023-10-05 15:39:15 - [TEST_STEP][PASSED] - sub_total = Subtotal.substring(3, Subtotal.size()): null

2023-10-05 15:39:15 - [TEST_STEP][PASSED] - sub = sub_total.replace(",", ""): null

2023-10-05 15:39:15 - [TEST_STEP][PASSED] - sub_totall = Integer.parseInt(sub): null

2023-10-05 15:39:15 - [TEST_STEP][PASSED] - println(sub_totall): null

2023-10-05 15:39:15 - [TEST_STEP][PASSED] - unik = getText(findTestObject("pembayaran/kode unik")): Text of object 'Object Repository/pembayaran/kode unik' is: '+906'

2023-10-05 15:39:16 - [MESSAGE][PASSED] - Text of object 'Object Repository/pembayaran/kode unik' is: '+906'

2023-10-05 15:39:16 - [TEST_STEP][PASSED] - unikk = unik.replace("+", ""): null

2023-10-05 15:39:16 - [TEST_STEP][PASSED] - kode_unik = Integer.parseInt(unikk): null

2023-10-05 15:39:16 - [TEST_STEP][PASSED] - println(kode_unik): null

2023-10-05 15:39:16 - [TEST_STEP][PASSED] - Total = getText(findTestObject("pembayaran/total")): Text of object 'Object Repository/pembayaran/total' is: '8,705'

2023-10-05 15:39:16 - [MESSAGE][PASSED] - Text of object 'Object Repository/pembayaran/total' is: '8,705'

2023-10-05 15:39:16 - [TEST_STEP][PASSED] - total = Total.replace(",", ""): null

2023-10-05 15:39:16 - [TEST_STEP][PASSED] - totalll = Integer.parseInt(total): null

2023-10-05 15:39:16 - [TEST_STEP][PASSED] - println(totalll): null

2023-10-05 15:39:16 - [TEST_STEP][PASSED] - Total_Hargaa = Ongkos_kirimm + fee_adminn + sub_totall + kode_unik: null

2023-10-05 15:39:16 - [TEST_STEP][PASSED] - println(Total_Hargaa): null

2023-10-05 15:39:16 - [TEST_STEP][PASSED] - assert totalll == Total_Hargaa: null

2023-10-05 15:39:16 - [TEST_STEP][PASSED] - data.put("total", Total): null

2023-10-05 15:39:16 - [TEST_STEP][PASSED] - data.put("nama", NamaPemesan): null

2023-10-05 15:39:16 - [TEST_STEP][PASSED] - return data: null

2023-10-05 15:39:16 - [MESSAGE][PASSED] - Call Test Case 'Test Cases/T13 Pembelian, Shipment dan Pembayaran/PBY-001' successfully

2023-10-05 15:39:16 - [TEST_STEP][PASSED] - click(findTestObject("Konfirmasi pesanan shop/Menu Shop")): Object: 'Object Repository/Konfirmasi pesanan shop/Menu Shop' is clicked on

2023-10-05 15:39:18 - [MESSAGE][PASSED] - Object: 'Object Repository/Konfirmasi pesanan shop/Menu Shop' is clicked on

2023-10-05 15:39:18 - [TEST_STEP][PASSED] - click(findTestObject("Konfirmasi pesanan shop/Menu Shop")): Object: 'Object Repository/Konfirmasi pesanan shop/Menu Shop' is clicked on

2023-10-05 15:39:19 - [MESSAGE][PASSED] - Object: 'Object Repository/Konfirmasi pesanan shop/Menu Shop' is clicked on

2023-10-05 15:39:19 - [TEST_STEP][PASSED] - click(findTestObject("verifikasi/Orders Report")): Object: 'Object Repository/verifikasi/Orders Report' is clicked on

2023-10-05 15:39:20 - [MESSAGE][PASSED] - Object: 'Object Repository/verifikasi/Orders Report' is clicked on

2023-10-05 15:39:20 - [TEST_STEP][PASSED] - verifyElementPresent(findTestObject("Login/li_Profile"), 0): Object 'Object Repository/Login/li_Profile' is present

2023-10-05 15:39:20 - [MESSAGE][WARNING] - Timeout '0' is invalid. Using default page load timeout: '30'

2023-10-05 15:39:20 - [MESSAGE][PASSED] - Object 'Object Repository/Login/li_Profile' is present

2023-10-05 15:39:20 - [TEST_STEP][PASSED] - click(findTestObject("verifikasi/Menunggu Pembayaran")): Object: 'Object Repository/verifikasi/Menunggu Pembayaran' is clicked on

2023-10-05 15:39:21 - [MESSAGE][PASSED] - Object: 'Object Repository/verifikasi/Menunggu Pembayaran' is clicked on

2023-10-05 15:39:21 - [TEST_STEP][PASSED] - verifyElementPresent(findTestObject("verifikasi/Notifikasi angka"), 1): Object 'Object Repository/verifikasi/Notifikasi angka' is present

2023-10-05 15:39:21 - [MESSAGE][PASSED] - Object 'Object Repository/verifikasi/Notifikasi angka' is present

2023-10-05 15:39:21 - [TEST_STEP][PASSED] - statusMenunggu = getText(findTestObject("verifikasi/Status Pending di menunggu pembayaran")): Text of object 'Object Repository/verifikasi/Status Pending di menunggu pembayaran' is: 'Pending'

2023-10-05 15:39:21 - [MESSAGE][PASSED] - Text of object 'Object Repository/verifikasi/Status Pending di menunggu pembayaran' is: 'Pending'

2023-10-05 15:39:21 - [TEST_STEP][PASSED] - statusPembayaran = data.get("statusPem"): null

2023-10-05 15:39:21 - [TEST_STEP][PASSED] - assert statusMenunggu == statusPembayaran: null

2023-10-05 15:39:21 - [TEST_STEP][PASSED] - return data: null]]></system-out>
         <system-err><![CDATA[]]></system-err>
      </testcase>
      <testcase name="Test Cases/T13 Pembelian, Shipment dan Pembayaran/SU-010" time="119.334" classname="Test Cases/T13 Pembelian, Shipment dan Pembayaran/SU-010" status="PASSED">
         <system-out><![CDATA[2023-10-05 15:39:21 - [TEST_CASE][PASSED] - Test Cases/T13 Pembelian, Shipment dan Pembayaran/SU-010: Test Cases/T13 Pembelian, Shipment dan Pembayaran/SU-010

2023-10-05 15:39:22 - [TEST_STEP][PASSED] - data = callTestCase(findTestCase("T13 Pembelian, Shipment dan Pembayaran/SA-003"), [:], STOP_ON_FAILURE): Call Test Case 'Test Cases/T13 Pembelian, Shipment dan Pembayaran/SA-003' successfully

2023-10-05 15:39:22 - [TEST_CASE][PASSED] - Test Cases/T13 Pembelian, Shipment dan Pembayaran/SA-003: Test Cases/T13 Pembelian, Shipment dan Pembayaran/SA-003

2023-10-05 15:39:22 - [TEST_STEP][PASSED] - data = callTestCase(findTestCase("T13 Pembelian, Shipment dan Pembayaran/SA-002"), [:], STOP_ON_FAILURE): Call Test Case 'Test Cases/T13 Pembelian, Shipment dan Pembayaran/SA-002' successfully

2023-10-05 15:39:22 - [TEST_CASE][PASSED] - Test Cases/T13 Pembelian, Shipment dan Pembayaran/SA-002: Test Cases/T13 Pembelian, Shipment dan Pembayaran/SA-002

2023-10-05 15:39:22 - [TEST_STEP][PASSED] - data = callTestCase(findTestCase("T13 Pembelian, Shipment dan Pembayaran/SA-001"), [:], STOP_ON_FAILURE): Call Test Case 'Test Cases/T13 Pembelian, Shipment dan Pembayaran/SA-001' successfully

2023-10-05 15:39:22 - [TEST_CASE][PASSED] - Test Cases/T13 Pembelian, Shipment dan Pembayaran/SA-001: Test Cases/T13 Pembelian, Shipment dan Pembayaran/SA-001

2023-10-05 15:39:22 - [TEST_STEP][PASSED] - data = callTestCase(findTestCase("T13 Pembelian, Shipment dan Pembayaran/PBYA-001"), [:], STOP_ON_FAILURE): Call Test Case 'Test Cases/T13 Pembelian, Shipment dan Pembayaran/PBYA-001' successfully

2023-10-05 15:39:22 - [TEST_CASE][PASSED] - Test Cases/T13 Pembelian, Shipment dan Pembayaran/PBYA-001: Test Cases/T13 Pembelian, Shipment dan Pembayaran/PBYA-001

2023-10-05 15:39:22 - [TEST_STEP][PASSED] - data = callTestCase(findTestCase("T13 Pembelian, Shipment dan Pembayaran/PBY-004"), [:], STOP_ON_FAILURE): Call Test Case 'Test Cases/T13 Pembelian, Shipment dan Pembayaran/PBY-004' successfully

2023-10-05 15:39:22 - [TEST_CASE][PASSED] - Test Cases/T13 Pembelian, Shipment dan Pembayaran/PBY-004: Test Cases/T13 Pembelian, Shipment dan Pembayaran/PBY-004

2023-10-05 15:39:22 - [TEST_STEP][PASSED] - data = callTestCase(findTestCase("T13 Pembelian, Shipment dan Pembayaran/PBY-001"), [:], STOP_ON_FAILURE): Call Test Case 'Test Cases/T13 Pembelian, Shipment dan Pembayaran/PBY-001' successfully

2023-10-05 15:39:22 - [TEST_CASE][PASSED] - Test Cases/T13 Pembelian, Shipment dan Pembayaran/PBY-001: Test Cases/T13 Pembelian, Shipment dan Pembayaran/PBY-001

2023-10-05 15:39:22 - [TEST_STEP][PASSED] - data = callTestCase(findTestCase("T13 Pembelian, Shipment dan Pembayaran/PBL-004"), ["Kurir":"Roda 2"], STOP_ON_FAILURE): Call Test Case 'Test Cases/T13 Pembelian, Shipment dan Pembayaran/PBL-004' successfully

2023-10-05 15:39:22 - [TEST_CASE][PASSED] - Test Cases/T13 Pembelian, Shipment dan Pembayaran/PBL-004: Test Cases/T13 Pembelian, Shipment dan Pembayaran/PBL-004

2023-10-05 15:39:22 - [TEST_STEP][PASSED] - data = callTestCase(findTestCase("T13 Pembelian, Shipment dan Pembayaran/PBL-002"), [:], STOP_ON_FAILURE): Call Test Case 'Test Cases/T13 Pembelian, Shipment dan Pembayaran/PBL-002' successfully

2023-10-05 15:39:22 - [TEST_CASE][PASSED] - Test Cases/T13 Pembelian, Shipment dan Pembayaran/PBL-002: Test Cases/T13 Pembelian, Shipment dan Pembayaran/PBL-002

2023-10-05 15:39:22 - [TEST_STEP][PASSED] - data = callTestCase(findTestCase("T13 Pembelian, Shipment dan Pembayaran/PBL-001"), [:], STOP_ON_FAILURE): Call Test Case 'Test Cases/T13 Pembelian, Shipment dan Pembayaran/PBL-001' successfully

2023-10-05 15:39:22 - [TEST_CASE][PASSED] - Test Cases/T13 Pembelian, Shipment dan Pembayaran/PBL-001: Test Cases/T13 Pembelian, Shipment dan Pembayaran/PBL-001

2023-10-05 15:39:22 - [TEST_STEP][PASSED] - callTestCase(findTestCase("T13 Pembelian, Shipment dan Pembayaran/LU-001"), ["username":"irfanafandi", "password":"12345irfan"], STOP_ON_FAILURE): Call Test Case 'Test Cases/T13 Pembelian, Shipment dan Pembayaran/LU-001' successfully

2023-10-05 15:39:23 - [TEST_CASE][PASSED] - Test Cases/T13 Pembelian, Shipment dan Pembayaran/LU-001: Test Cases/T13 Pembelian, Shipment dan Pembayaran/LU-001

2023-10-05 15:39:23 - [TEST_STEP][PASSED] - openBrowser("https://10.9.2.63/ecommerce/"): Browser is opened with url: 'https://10.9.2.63/ecommerce/'

2023-10-05 15:39:23 - [MESSAGE][WARNING] - A browser is already opened. Closing browser and opening a new one

2023-10-05 15:39:23 - [MESSAGE][INFO] - Starting 'Edge Chromium' driver

2023-10-05 15:39:23 - [MESSAGE][INFO] - User set preference: ['acceptInsecureCerts', 'true']

2023-10-05 15:39:25 - [MESSAGE][INFO] - Action delay is set to 0 milliseconds

2023-10-05 15:39:28 - [MESSAGE][PASSED] - Browser is opened with url: 'https://10.9.2.63/ecommerce/'

2023-10-05 15:39:28 - [TEST_STEP][PASSED] - maximizeWindow(): Current window maximized

2023-10-05 15:39:29 - [MESSAGE][PASSED] - Current window maximized

2023-10-05 15:39:29 - [TEST_STEP][PASSED] - verifyElementPresent(findTestObject("Login/Home"), 0): Object 'Object Repository/Login/Home' is present

2023-10-05 15:39:29 - [MESSAGE][WARNING] - Timeout '0' is invalid. Using default page load timeout: '30'

2023-10-05 15:39:29 - [MESSAGE][PASSED] - Object 'Object Repository/Login/Home' is present

2023-10-05 15:39:29 - [TEST_STEP][PASSED] - click(findTestObject("Login/a_Login")): Object: 'Object Repository/Login/a_Login' is clicked on

2023-10-05 15:39:30 - [MESSAGE][PASSED] - Object: 'Object Repository/Login/a_Login' is clicked on

2023-10-05 15:39:30 - [TEST_STEP][PASSED] - verifyElementPresent(findTestObject("Login/Tittle Login"), 0): Object 'Object Repository/Login/Tittle Login' is present

2023-10-05 15:39:30 - [MESSAGE][WARNING] - Timeout '0' is invalid. Using default page load timeout: '30'

2023-10-05 15:39:30 - [MESSAGE][PASSED] - Object 'Object Repository/Login/Tittle Login' is present

2023-10-05 15:39:30 - [TEST_STEP][PASSED] - setText(findTestObject("Login/input_Username, Email atau No. Handphone_a"), username): Text 'irfanafandi' is set on object 'Object Repository/Login/input_Username, Email atau No. Handphone_a'

2023-10-05 15:39:31 - [MESSAGE][PASSED] - Text 'irfanafandi' is set on object 'Object Repository/Login/input_Username, Email atau No. Handphone_a'

2023-10-05 15:39:31 - [TEST_STEP][PASSED] - setText(findTestObject("Login/input_Password_b"), password): Text '12345irfan' is set on object 'Object Repository/Login/input_Password_b'

2023-10-05 15:39:32 - [MESSAGE][PASSED] - Text '12345irfan' is set on object 'Object Repository/Login/input_Password_b'

2023-10-05 15:39:32 - [TEST_STEP][PASSED] - click(findTestObject("Login/label_Ingat saya")): Object: 'Object Repository/Login/label_Ingat saya' is clicked on

2023-10-05 15:39:33 - [MESSAGE][PASSED] - Object: 'Object Repository/Login/label_Ingat saya' is clicked on

2023-10-05 15:39:33 - [TEST_STEP][PASSED] - click(findTestObject("Login/button_Masuk")): Object: 'Object Repository/Login/button_Masuk' is clicked on

2023-10-05 15:39:34 - [MESSAGE][PASSED] - Object: 'Object Repository/Login/button_Masuk' is clicked on

2023-10-05 15:39:34 - [TEST_STEP][PASSED] - verifyElementPresent(findTestObject("Login/li_Profile"), 0): Object 'Object Repository/Login/li_Profile' is present

2023-10-05 15:39:34 - [MESSAGE][WARNING] - Timeout '0' is invalid. Using default page load timeout: '30'

2023-10-05 15:39:34 - [MESSAGE][PASSED] - Object 'Object Repository/Login/li_Profile' is present

2023-10-05 15:39:34 - [MESSAGE][PASSED] - Call Test Case 'Test Cases/T13 Pembelian, Shipment dan Pembayaran/LU-001' successfully

2023-10-05 15:39:34 - [TEST_STEP][PASSED] - mouseOver(findTestObject("beli barang/i_Mulai Belanja_icon-menu")): Object: 'Object Repository/beli barang/i_Mulai Belanja_icon-menu' is hovered

2023-10-05 15:39:35 - [MESSAGE][PASSED] - Object: 'Object Repository/beli barang/i_Mulai Belanja_icon-menu' is hovered

2023-10-05 15:39:35 - [TEST_STEP][PASSED] - click(findTestObject("beli barang/a_Fashion  Busana Wanita")): Object: 'Object Repository/beli barang/a_Fashion  Busana Wanita' is clicked on

2023-10-05 15:39:36 - [MESSAGE][PASSED] - Object: 'Object Repository/beli barang/a_Fashion  Busana Wanita' is clicked on

2023-10-05 15:39:36 - [TEST_STEP][PASSED] - NamaSebelum = getText(findTestObject("verifikasi/Nama sebelum")): Text of object 'Object Repository/verifikasi/Nama sebelum' is: ''

2023-10-05 15:39:37 - [MESSAGE][PASSED] - Text of object 'Object Repository/verifikasi/Nama sebelum' is: ''

2023-10-05 15:39:37 - [TEST_STEP][PASSED] - HargaSebelum = getText(findTestObject("verifikasi/Harga sebelum")): Text of object 'Object Repository/verifikasi/Harga sebelum' is: 'Rp 1,299'

2023-10-05 15:39:37 - [MESSAGE][PASSED] - Text of object 'Object Repository/verifikasi/Harga sebelum' is: 'Rp 1,299'

2023-10-05 15:39:37 - [TEST_STEP][PASSED] - mouseOver(findTestObject("beli barang/barang mouse over")): Object: 'Object Repository/beli barang/barang mouse over' is hovered

2023-10-05 15:39:38 - [MESSAGE][PASSED] - Object: 'Object Repository/beli barang/barang mouse over' is hovered

2023-10-05 15:39:38 - [TEST_STEP][PASSED] - click(findTestObject("beli barang/buttom add to cart")): Object: 'Object Repository/beli barang/buttom add to cart' is clicked on

2023-10-05 15:39:39 - [MESSAGE][PASSED] - Object: 'Object Repository/beli barang/buttom add to cart' is clicked on

2023-10-05 15:39:39 - [TEST_STEP][PASSED] - NamaSesudah = getText(findTestObject("verifikasi/Nama sesudah")): Text of object 'Object Repository/verifikasi/Nama sesudah' is: 'Segitiga Instan Madeira - MDB5.3 Sunset'

2023-10-05 15:39:40 - [MESSAGE][PASSED] - Text of object 'Object Repository/verifikasi/Nama sesudah' is: 'Segitiga Instan Madeira - MDB5.3 Sunset'

2023-10-05 15:39:40 - [TEST_STEP][PASSED] - HargaSesudah = getText(findTestObject("verifikasi/Harga sesudah")): Text of object 'Object Repository/verifikasi/Harga sesudah' is: 'Rp 1,299'

2023-10-05 15:39:40 - [MESSAGE][PASSED] - Text of object 'Object Repository/verifikasi/Harga sesudah' is: 'Rp 1,299'

2023-10-05 15:39:40 - [TEST_STEP][PASSED] - assert NamaSesudah.contains(NamaSebelum): null

2023-10-05 15:39:40 - [TEST_STEP][PASSED] - assert HargaSesudah.contains(HargaSebelum): null

2023-10-05 15:39:40 - [TEST_STEP][PASSED] - click(findTestObject("beli barang/Tambah Keranjang busana wanita")): Object: 'Object Repository/beli barang/Tambah Keranjang busana wanita' is clicked on

2023-10-05 15:39:41 - [MESSAGE][PASSED] - Object: 'Object Repository/beli barang/Tambah Keranjang busana wanita' is clicked on

2023-10-05 15:39:41 - [TEST_STEP][PASSED] - verifyElementPresent(findTestObject("checkout/Notifikasi keranjang"), 1): Object 'Object Repository/checkout/Notifikasi keranjang' is present

2023-10-05 15:39:41 - [MESSAGE][PASSED] - Object 'Object Repository/checkout/Notifikasi keranjang' is present

2023-10-05 15:39:41 - [TEST_STEP][PASSED] - data = new java.util.HashMap(): null

2023-10-05 15:39:41 - [TEST_STEP][PASSED] - data.put("nama_barang", NamaSesudah): null

2023-10-05 15:39:41 - [TEST_STEP][PASSED] - data.put("price_barang", HargaSesudah): null

2023-10-05 15:39:41 - [TEST_STEP][PASSED] - return data: null

2023-10-05 15:39:41 - [MESSAGE][PASSED] - Call Test Case 'Test Cases/T13 Pembelian, Shipment dan Pembayaran/PBL-001' successfully

2023-10-05 15:39:41 - [TEST_STEP][PASSED] - mouseOver(findTestObject("beli barang/keranjang")): Object: 'Object Repository/beli barang/keranjang' is hovered

2023-10-05 15:39:42 - [MESSAGE][PASSED] - Object: 'Object Repository/beli barang/keranjang' is hovered

2023-10-05 15:39:42 - [TEST_STEP][PASSED] - click(findTestObject("beli barang/Lihat Sekarang")): Object: 'Object Repository/beli barang/Lihat Sekarang' is clicked on

2023-10-05 15:39:43 - [MESSAGE][PASSED] - Object: 'Object Repository/beli barang/Lihat Sekarang' is clicked on

2023-10-05 15:39:43 - [TEST_STEP][PASSED] - verifyElementPresent(findTestObject("keranjang/li_Keranjang Belanja"), 0): Object 'Object Repository/keranjang/li_Keranjang Belanja' is present

2023-10-05 15:39:43 - [MESSAGE][WARNING] - Timeout '0' is invalid. Using default page load timeout: '30'

2023-10-05 15:39:44 - [MESSAGE][PASSED] - Object 'Object Repository/keranjang/li_Keranjang Belanja' is present

2023-10-05 15:39:44 - [TEST_STEP][PASSED] - NamaKeranjang = getText(findTestObject("verifikasi/Nama keranjang")): Text of object 'Object Repository/verifikasi/Nama keranjang' is: 'Segitiga Instan Madeira - MDB5.3 Sunset'

2023-10-05 15:39:44 - [MESSAGE][PASSED] - Text of object 'Object Repository/verifikasi/Nama keranjang' is: 'Segitiga Instan Madeira - MDB5.3 Sunset'

2023-10-05 15:39:44 - [TEST_STEP][PASSED] - HargaKeranjang = getText(findTestObject("verifikasi/Harga Keranjang")): Text of object 'Object Repository/verifikasi/Harga Keranjang' is: 'Rp 1,299'

2023-10-05 15:39:44 - [MESSAGE][PASSED] - Text of object 'Object Repository/verifikasi/Harga Keranjang' is: 'Rp 1,299'

2023-10-05 15:39:44 - [TEST_STEP][PASSED] - if (toString().equalsIgnoreCase("Merah")): Object 'Object Repository/keranjang/input_Warna_variasi101' is checked

2023-10-05 15:39:44 - [TEST_STEP][PASSED] - check(findTestObject("Object Repository/keranjang/input_Warna_variasi101")): Object 'Object Repository/keranjang/input_Warna_variasi101' is checked

2023-10-05 15:39:45 - [MESSAGE][PASSED] - Object 'Object Repository/keranjang/input_Warna_variasi101' is checked

2023-10-05 15:39:45 - [TEST_STEP][PASSED] - if (toString().equalsIgnoreCase("Menengah")): Object 'Object Repository/keranjang/input_Ukuran_variasi201' is checked

2023-10-05 15:39:45 - [TEST_STEP][PASSED] - check(findTestObject("Object Repository/keranjang/input_Ukuran_variasi201")): Object 'Object Repository/keranjang/input_Ukuran_variasi201' is checked

2023-10-05 15:39:45 - [MESSAGE][PASSED] - Object 'Object Repository/keranjang/input_Ukuran_variasi201' is checked

2023-10-05 15:39:45 - [TEST_STEP][PASSED] - data.put("Warna", warna): null

2023-10-05 15:39:45 - [TEST_STEP][PASSED] - data.put("Ukuran", ukuran): null

2023-10-05 15:39:45 - [TEST_STEP][PASSED] - click(findTestObject("keranjang/button_Lanjut ke Pembayaran")): Object: 'Object Repository/keranjang/button_Lanjut ke Pembayaran' is clicked on

2023-10-05 15:39:46 - [MESSAGE][PASSED] - Object: 'Object Repository/keranjang/button_Lanjut ke Pembayaran' is clicked on

2023-10-05 15:39:46 - [TEST_STEP][PASSED] - verifyElementPresent(findTestObject("checkout/Tittle Checkout Order"), 0): Object 'Object Repository/checkout/Tittle Checkout Order' is present

2023-10-05 15:39:46 - [MESSAGE][WARNING] - Timeout '0' is invalid. Using default page load timeout: '30'

2023-10-05 15:39:47 - [MESSAGE][PASSED] - Object 'Object Repository/checkout/Tittle Checkout Order' is present

2023-10-05 15:39:47 - [TEST_STEP][PASSED] - name_product = data.get("nama_barang"): null

2023-10-05 15:39:47 - [TEST_STEP][PASSED] - price_product = data.get("price_barang"): null

2023-10-05 15:39:47 - [TEST_STEP][PASSED] - assert name_product == NamaKeranjang: null

2023-10-05 15:39:47 - [TEST_STEP][PASSED] - assert price_product == HargaKeranjang: null

2023-10-05 15:39:47 - [TEST_STEP][PASSED] - return data: null

2023-10-05 15:39:47 - [MESSAGE][PASSED] - Call Test Case 'Test Cases/T13 Pembelian, Shipment dan Pembayaran/PBL-002' successfully

2023-10-05 15:39:47 - [TEST_STEP][PASSED] - warnaa = getText(findTestObject("verifikasi/warna Merah")): Text of object 'Object Repository/verifikasi/warna Merah' is: 'Merah'

2023-10-05 15:39:47 - [MESSAGE][PASSED] - Text of object 'Object Repository/verifikasi/warna Merah' is: 'Merah'

2023-10-05 15:39:47 - [TEST_STEP][PASSED] - ukurann = getText(findTestObject("verifikasi/Ukuran Menengah")): Text of object 'Object Repository/verifikasi/Ukuran Menengah' is: 'Menengah'

2023-10-05 15:39:47 - [MESSAGE][PASSED] - Text of object 'Object Repository/verifikasi/Ukuran Menengah' is: 'Menengah'

2023-10-05 15:39:47 - [TEST_STEP][PASSED] - warna1 = data.get("Warna"): null

2023-10-05 15:39:47 - [TEST_STEP][PASSED] - ukuran1 = data.get("Ukuran"): null

2023-10-05 15:39:47 - [TEST_STEP][PASSED] - assert warnaa == warna1: null

2023-10-05 15:39:47 - [TEST_STEP][PASSED] - assert ukurann == ukuran1: null

2023-10-05 15:39:47 - [TEST_STEP][PASSED] - NamaCheckout = getText(findTestObject("verifikasi/NamaCheckout")): Text of object 'Object Repository/verifikasi/NamaCheckout' is: ''

2023-10-05 15:39:48 - [MESSAGE][PASSED] - Text of object 'Object Repository/verifikasi/NamaCheckout' is: ''

2023-10-05 15:39:48 - [TEST_STEP][PASSED] - HargaCheckout = getText(findTestObject("verifikasi/HargaCheckout")): Text of object 'Object Repository/verifikasi/HargaCheckout' is: '1,299'

2023-10-05 15:39:48 - [MESSAGE][PASSED] - Text of object 'Object Repository/verifikasi/HargaCheckout' is: '1,299'

2023-10-05 15:39:48 - [TEST_STEP][PASSED] - name_product = data.get("nama_barang"): null

2023-10-05 15:39:48 - [TEST_STEP][PASSED] - price_product = data.get("price_barang"): null

2023-10-05 15:39:48 - [TEST_STEP][PASSED] - assert name_product.contains(NamaCheckout): null

2023-10-05 15:39:48 - [TEST_STEP][PASSED] - assert price_product.contains(HargaCheckout): null

2023-10-05 15:39:48 - [TEST_STEP][PASSED] - selectOptionByLabel(findTestObject("checkout/select - Kirim via Kurir Lokal"), Kurir, false): All options with label 'Roda 2' are selected in object 'Object Repository/checkout/select - Kirim via Kurir Lokal' 

2023-10-05 15:39:49 - [MESSAGE][PASSED] - All options with label 'Roda 2' are selected in object 'Object Repository/checkout/select - Kirim via Kurir Lokal' 

2023-10-05 15:39:49 - [TEST_STEP][PASSED] - click(findTestObject("checkout/Kendaraan Kurir")): Object: 'Object Repository/checkout/Kendaraan Kurir' is clicked on

2023-10-05 15:39:50 - [MESSAGE][PASSED] - Object: 'Object Repository/checkout/Kendaraan Kurir' is clicked on

2023-10-05 15:39:50 - [TEST_STEP][PASSED] - OngkosKirim = getText(findTestObject("Object Repository/verifikasi/Ongkos Kirim checkout")): Text of object 'Object Repository/verifikasi/Ongkos Kirim checkout' is: 'Rp. 5,000'

2023-10-05 15:39:50 - [MESSAGE][PASSED] - Text of object 'Object Repository/verifikasi/Ongkos Kirim checkout' is: 'Rp. 5,000'

2023-10-05 15:39:50 - [TEST_STEP][PASSED] - Ongkos = OngkosKirim.substring(3, OngkosKirim.size()): null

2023-10-05 15:39:50 - [TEST_STEP][PASSED] - rep = Ongkos.replace(",", "."): null

2023-10-05 15:39:50 - [TEST_STEP][PASSED] - Ongkos_kirim = Double.parseDouble(rep): null

2023-10-05 15:39:50 - [TEST_STEP][PASSED] - println(Ongkos_kirim): null

2023-10-05 15:39:50 - [TEST_STEP][PASSED] - FeeAdmin = getText(findTestObject("verifikasi/Fee Admin checkout")): Text of object 'Object Repository/verifikasi/Fee Admin checkout' is: 'Fee Admin
Rp 1,500'

2023-10-05 15:39:50 - [MESSAGE][PASSED] - Text of object 'Object Repository/verifikasi/Fee Admin checkout' is: 'Fee Admin
Rp 1,500'

2023-10-05 15:39:50 - [TEST_STEP][PASSED] - Fee_Admin = FeeAdmin.substring(12, FeeAdmin.size()): null

2023-10-05 15:39:50 - [TEST_STEP][PASSED] - fee = Fee_Admin.replace(",", "."): null

2023-10-05 15:39:50 - [TEST_STEP][PASSED] - fee_admin = Double.parseDouble(fee): null

2023-10-05 15:39:50 - [TEST_STEP][PASSED] - println(fee_admin): null

2023-10-05 15:39:50 - [TEST_STEP][PASSED] - Subtotal = getText(findTestObject("verifikasi/subtotal checkout")): Text of object 'Object Repository/verifikasi/subtotal checkout' is: 'Subtotal
Rp 1,299'

2023-10-05 15:39:51 - [MESSAGE][PASSED] - Text of object 'Object Repository/verifikasi/subtotal checkout' is: 'Subtotal
Rp 1,299'

2023-10-05 15:39:51 - [TEST_STEP][PASSED] - sub_total = Subtotal.substring(12, Subtotal.size()): null

2023-10-05 15:39:51 - [TEST_STEP][PASSED] - sub = sub_total.replace(",", "."): null

2023-10-05 15:39:51 - [TEST_STEP][PASSED] - sub_total = Double.parseDouble(sub): null

2023-10-05 15:39:51 - [TEST_STEP][PASSED] - println(sub_total): null

2023-10-05 15:39:51 - [TEST_STEP][PASSED] - Total = getText(findTestObject("verifikasi/Total checkout")): Text of object 'Object Repository/verifikasi/Total checkout' is: 'Rp 7,799'

2023-10-05 15:39:52 - [MESSAGE][PASSED] - Text of object 'Object Repository/verifikasi/Total checkout' is: 'Rp 7,799'

2023-10-05 15:39:52 - [TEST_STEP][PASSED] - totall = Total.substring(3, Total.size()): null

2023-10-05 15:39:52 - [TEST_STEP][PASSED] - total = totall.replace(",", "."): null

2023-10-05 15:39:52 - [TEST_STEP][PASSED] - totall = Double.parseDouble(total): null

2023-10-05 15:39:52 - [TEST_STEP][PASSED] - println(totall): null

2023-10-05 15:39:52 - [TEST_STEP][PASSED] - Total_Harga = Ongkos_kirim + fee_admin + sub_total: null

2023-10-05 15:39:52 - [TEST_STEP][PASSED] - println(Total_Harga): null

2023-10-05 15:39:52 - [TEST_STEP][PASSED] - TotalHarga = Math.round(Total_Harga * 1000) / 1000: null

2023-10-05 15:39:52 - [TEST_STEP][PASSED] - println(TotalHarga): null

2023-10-05 15:39:52 - [TEST_STEP][PASSED] - assert totall == TotalHarga: null

2023-10-05 15:39:52 - [TEST_STEP][PASSED] - click(findTestObject("verifikasi/Metode Transfer")): Object: 'Object Repository/verifikasi/Metode Transfer' is clicked on

2023-10-05 15:39:52 - [MESSAGE][PASSED] - Object: 'Object Repository/verifikasi/Metode Transfer' is clicked on

2023-10-05 15:39:52 - [TEST_STEP][PASSED] - click(findTestObject("checkout/button_Proses Pembayaran")): Object: 'Object Repository/checkout/button_Proses Pembayaran' is clicked on

2023-10-05 15:40:00 - [MESSAGE][PASSED] - Object: 'Object Repository/checkout/button_Proses Pembayaran' is clicked on

2023-10-05 15:40:00 - [TEST_STEP][PASSED] - verifyElementPresent(findTestObject("pembayaran/Tittle nomor invoice"), 0): Object 'Object Repository/pembayaran/Tittle nomor invoice' is present

2023-10-05 15:40:00 - [MESSAGE][WARNING] - Timeout '0' is invalid. Using default page load timeout: '30'

2023-10-05 15:40:00 - [MESSAGE][PASSED] - Object 'Object Repository/pembayaran/Tittle nomor invoice' is present

2023-10-05 15:40:00 - [TEST_STEP][PASSED] - return data: null

2023-10-05 15:40:00 - [MESSAGE][PASSED] - Call Test Case 'Test Cases/T13 Pembelian, Shipment dan Pembayaran/PBL-004' successfully

2023-10-05 15:40:00 - [TEST_STEP][PASSED] - Invoice = getText(findTestObject("pembayaran/nomor invoice")): Text of object 'Object Repository/pembayaran/nomor invoice' is: 'TRX60.20231005153956'

2023-10-05 15:40:00 - [MESSAGE][PASSED] - Text of object 'Object Repository/pembayaran/nomor invoice' is: 'TRX60.20231005153956'

2023-10-05 15:40:00 - [TEST_STEP][PASSED] - data.put("invoice", Invoice): null

2023-10-05 15:40:00 - [TEST_STEP][PASSED] - NamaPemesan = getText(findTestObject("Konfirmasi pesanan shop/Nama pemesan")): Text of object 'Object Repository/Konfirmasi pesanan shop/Nama pemesan' is: 'irfan.afandi'

2023-10-05 15:40:01 - [MESSAGE][PASSED] - Text of object 'Object Repository/Konfirmasi pesanan shop/Nama pemesan' is: 'irfan.afandi'

2023-10-05 15:40:01 - [TEST_STEP][PASSED] - Nama = getText(findTestObject("pembayaran/Nama barang")): Text of object 'Object Repository/pembayaran/Nama barang' is: 'Segitiga Instan Madeira - MDB5.3 Sunset'

2023-10-05 15:40:01 - [MESSAGE][PASSED] - Text of object 'Object Repository/pembayaran/Nama barang' is: 'Segitiga Instan Madeira - MDB5.3 Sunset'

2023-10-05 15:40:01 - [TEST_STEP][PASSED] - Harga = getText(findTestObject("pembayaran/Harga barang")): Text of object 'Object Repository/pembayaran/Harga barang' is: '1,299'

2023-10-05 15:40:02 - [MESSAGE][PASSED] - Text of object 'Object Repository/pembayaran/Harga barang' is: '1,299'

2023-10-05 15:40:02 - [TEST_STEP][PASSED] - name_product = data.get("nama_barang"): null

2023-10-05 15:40:02 - [TEST_STEP][PASSED] - price_product = data.get("price_barang"): null

2023-10-05 15:40:02 - [TEST_STEP][PASSED] - assert name_product.contains(Nama): null

2023-10-05 15:40:02 - [TEST_STEP][PASSED] - assert price_product.contains(Harga): null

2023-10-05 15:40:02 - [TEST_STEP][PASSED] - warnaa = getText(findTestObject("pembayaran/warna")): Text of object 'Object Repository/pembayaran/warna' is: 'Merah'

2023-10-05 15:40:02 - [MESSAGE][PASSED] - Text of object 'Object Repository/pembayaran/warna' is: 'Merah'

2023-10-05 15:40:02 - [TEST_STEP][PASSED] - ukurann = getText(findTestObject("pembayaran/ukuran")): Text of object 'Object Repository/pembayaran/ukuran' is: 'Menengah'

2023-10-05 15:40:03 - [MESSAGE][PASSED] - Text of object 'Object Repository/pembayaran/ukuran' is: 'Menengah'

2023-10-05 15:40:03 - [TEST_STEP][PASSED] - warna1 = data.get("Warna"): null

2023-10-05 15:40:03 - [TEST_STEP][PASSED] - ukuran1 = data.get("Ukuran"): null

2023-10-05 15:40:03 - [TEST_STEP][PASSED] - assert warnaa == warna1: null

2023-10-05 15:40:03 - [TEST_STEP][PASSED] - assert ukurann == ukuran1: null

2023-10-05 15:40:03 - [TEST_STEP][PASSED] - statusPembelian = getText(findTestObject("verifikasi/Status pending di pembelian")): Text of object 'Object Repository/verifikasi/Status pending di pembelian' is: 'Pending'

2023-10-05 15:40:03 - [MESSAGE][PASSED] - Text of object 'Object Repository/verifikasi/Status pending di pembelian' is: 'Pending'

2023-10-05 15:40:03 - [TEST_STEP][PASSED] - data.put("statusPem", statusPembelian): null

2023-10-05 15:40:03 - [TEST_STEP][PASSED] - OngkosKirim = getText(findTestObject("pembayaran/ongkos kirim")): Text of object 'Object Repository/pembayaran/ongkos kirim' is: 'Rp 5,000'

2023-10-05 15:40:04 - [MESSAGE][PASSED] - Text of object 'Object Repository/pembayaran/ongkos kirim' is: 'Rp 5,000'

2023-10-05 15:40:04 - [TEST_STEP][PASSED] - Ongkos = OngkosKirim.substring(3, OngkosKirim.size()): null

2023-10-05 15:40:04 - [TEST_STEP][PASSED] - rep = Ongkos.replace(",", ""): null

2023-10-05 15:40:04 - [TEST_STEP][PASSED] - Ongkos_kirimm = Integer.parseInt(rep): null

2023-10-05 15:40:04 - [TEST_STEP][PASSED] - println(Ongkos_kirimm): null

2023-10-05 15:40:04 - [TEST_STEP][PASSED] - FeeAdmin = getText(findTestObject("pembayaran/fee admin")): Text of object 'Object Repository/pembayaran/fee admin' is: 'Rp 1,500'

2023-10-05 15:40:04 - [MESSAGE][PASSED] - Text of object 'Object Repository/pembayaran/fee admin' is: 'Rp 1,500'

2023-10-05 15:40:04 - [TEST_STEP][PASSED] - Fee_Admin = FeeAdmin.substring(3, FeeAdmin.size()): null

2023-10-05 15:40:04 - [TEST_STEP][PASSED] - fee = Fee_Admin.replace(",", ""): null

2023-10-05 15:40:04 - [TEST_STEP][PASSED] - fee_adminn = Integer.parseInt(fee): null

2023-10-05 15:40:04 - [TEST_STEP][PASSED] - println(fee_adminn): null

2023-10-05 15:40:04 - [TEST_STEP][PASSED] - Subtotal = getText(findTestObject("pembayaran/subtotal")): Text of object 'Object Repository/pembayaran/subtotal' is: 'Rp 1,299'

2023-10-05 15:40:05 - [MESSAGE][PASSED] - Text of object 'Object Repository/pembayaran/subtotal' is: 'Rp 1,299'

2023-10-05 15:40:05 - [TEST_STEP][PASSED] - sub_total = Subtotal.substring(3, Subtotal.size()): null

2023-10-05 15:40:05 - [TEST_STEP][PASSED] - sub = sub_total.replace(",", ""): null

2023-10-05 15:40:05 - [TEST_STEP][PASSED] - sub_totall = Integer.parseInt(sub): null

2023-10-05 15:40:05 - [TEST_STEP][PASSED] - println(sub_totall): null

2023-10-05 15:40:05 - [TEST_STEP][PASSED] - unik = getText(findTestObject("pembayaran/kode unik")): Text of object 'Object Repository/pembayaran/kode unik' is: '+956'

2023-10-05 15:40:05 - [MESSAGE][PASSED] - Text of object 'Object Repository/pembayaran/kode unik' is: '+956'

2023-10-05 15:40:05 - [TEST_STEP][PASSED] - unikk = unik.replace("+", ""): null

2023-10-05 15:40:05 - [TEST_STEP][PASSED] - kode_unik = Integer.parseInt(unikk): null

2023-10-05 15:40:05 - [TEST_STEP][PASSED] - println(kode_unik): null

2023-10-05 15:40:05 - [TEST_STEP][PASSED] - Total = getText(findTestObject("pembayaran/total")): Text of object 'Object Repository/pembayaran/total' is: '8,755'

2023-10-05 15:40:06 - [MESSAGE][PASSED] - Text of object 'Object Repository/pembayaran/total' is: '8,755'

2023-10-05 15:40:06 - [TEST_STEP][PASSED] - total = Total.replace(",", ""): null

2023-10-05 15:40:06 - [TEST_STEP][PASSED] - totalll = Integer.parseInt(total): null

2023-10-05 15:40:06 - [TEST_STEP][PASSED] - println(totalll): null

2023-10-05 15:40:06 - [TEST_STEP][PASSED] - Total_Hargaa = Ongkos_kirimm + fee_adminn + sub_totall + kode_unik: null

2023-10-05 15:40:06 - [TEST_STEP][PASSED] - println(Total_Hargaa): null

2023-10-05 15:40:06 - [TEST_STEP][PASSED] - assert totalll == Total_Hargaa: null

2023-10-05 15:40:06 - [TEST_STEP][PASSED] - data.put("total", Total): null

2023-10-05 15:40:06 - [TEST_STEP][PASSED] - data.put("nama", NamaPemesan): null

2023-10-05 15:40:06 - [TEST_STEP][PASSED] - return data: null

2023-10-05 15:40:06 - [MESSAGE][PASSED] - Call Test Case 'Test Cases/T13 Pembelian, Shipment dan Pembayaran/PBY-001' successfully

2023-10-05 15:40:06 - [TEST_STEP][PASSED] - inv = data.get("invoice"): null

2023-10-05 15:40:06 - [TEST_STEP][PASSED] - Total = data.get("total"): null

2023-10-05 15:40:06 - [TEST_STEP][PASSED] - NamaPemesan = data.get("nama"): null

2023-10-05 15:40:06 - [TEST_STEP][PASSED] - click(findTestObject("Konfirmasi pesanan shop/Menu Shop")): Object: 'Object Repository/Konfirmasi pesanan shop/Menu Shop' is clicked on

2023-10-05 15:40:07 - [MESSAGE][PASSED] - Object: 'Object Repository/Konfirmasi pesanan shop/Menu Shop' is clicked on

2023-10-05 15:40:07 - [TEST_STEP][PASSED] - click(findTestObject("Konfirmasi pesanan shop/Menu Shop")): Object: 'Object Repository/Konfirmasi pesanan shop/Menu Shop' is clicked on

2023-10-05 15:40:08 - [MESSAGE][PASSED] - Object: 'Object Repository/Konfirmasi pesanan shop/Menu Shop' is clicked on

2023-10-05 15:40:08 - [TEST_STEP][PASSED] - click(findTestObject("Konfirmasi pesanan shop/Konfirmasi Orders")): Object: 'Object Repository/Konfirmasi pesanan shop/Konfirmasi Orders' is clicked on

2023-10-05 15:40:09 - [MESSAGE][PASSED] - Object: 'Object Repository/Konfirmasi pesanan shop/Konfirmasi Orders' is clicked on

2023-10-05 15:40:09 - [TEST_STEP][PASSED] - verifyElementPresent(findTestObject("Konfirmasi pesanan shop/Tittle Konfirmasi Pesanan"), 0): Object 'Object Repository/Konfirmasi pesanan shop/Tittle Konfirmasi Pesanan' is present

2023-10-05 15:40:09 - [MESSAGE][WARNING] - Timeout '0' is invalid. Using default page load timeout: '30'

2023-10-05 15:40:09 - [MESSAGE][PASSED] - Object 'Object Repository/Konfirmasi pesanan shop/Tittle Konfirmasi Pesanan' is present

2023-10-05 15:40:09 - [TEST_STEP][PASSED] - setText(findTestObject("Konfirmasi pesanan shop/input_No Pesanan"), inv): Text 'TRX60.20231005153956' is set on object 'Object Repository/Konfirmasi pesanan shop/input_No Pesanan'

2023-10-05 15:40:10 - [MESSAGE][PASSED] - Text 'TRX60.20231005153956' is set on object 'Object Repository/Konfirmasi pesanan shop/input_No Pesanan'

2023-10-05 15:40:10 - [TEST_STEP][PASSED] - setText(findTestObject("Konfirmasi pesanan shop/input_Alamat E-mai"), "irfan@gmail.com"): Text 'irfan@gmail.com' is set on object 'Object Repository/Konfirmasi pesanan shop/input_Alamat E-mai'

2023-10-05 15:40:11 - [MESSAGE][PASSED] - Text 'irfan@gmail.com' is set on object 'Object Repository/Konfirmasi pesanan shop/input_Alamat E-mai'

2023-10-05 15:40:11 - [TEST_STEP][PASSED] - click(findTestObject("Konfirmasi pesanan shop/button_Submit")): Object: 'Object Repository/Konfirmasi pesanan shop/button_Submit' is clicked on

2023-10-05 15:40:12 - [MESSAGE][PASSED] - Object: 'Object Repository/Konfirmasi pesanan shop/button_Submit' is clicked on

2023-10-05 15:40:12 - [TEST_STEP][PASSED] - verifyElementPresent(findTestObject("Konfirmasi pesanan shop/Tittle nomor invoice"), 0): Object 'Object Repository/Konfirmasi pesanan shop/Tittle nomor invoice' is present

2023-10-05 15:40:12 - [MESSAGE][WARNING] - Timeout '0' is invalid. Using default page load timeout: '30'

2023-10-05 15:40:12 - [MESSAGE][PASSED] - Object 'Object Repository/Konfirmasi pesanan shop/Tittle nomor invoice' is present

2023-10-05 15:40:12 - [TEST_STEP][PASSED] - setText(findTestObject("Konfirmasi pesanan shop/input_Total TagihanTransfer_b"), Total): Text '8,755' is set on object 'Object Repository/Konfirmasi pesanan shop/input_Total TagihanTransfer_b'

2023-10-05 15:40:13 - [MESSAGE][PASSED] - Text '8,755' is set on object 'Object Repository/Konfirmasi pesanan shop/input_Total TagihanTransfer_b'

2023-10-05 15:40:13 - [TEST_STEP][PASSED] - selectOptionByValue(findTestObject("Konfirmasi pesanan shop/select_Bank"), "4", false): All options with value '4' are selected in object 'Object Repository/Konfirmasi pesanan shop/select_Bank' 

2023-10-05 15:40:14 - [MESSAGE][PASSED] - All options with value '4' are selected in object 'Object Repository/Konfirmasi pesanan shop/select_Bank' 

2023-10-05 15:40:14 - [TEST_STEP][PASSED] - setText(findTestObject("Konfirmasi pesanan shop/input_Nama Pengirim_d"), NamaPemesan): Text 'irfan.afandi' is set on object 'Object Repository/Konfirmasi pesanan shop/input_Nama Pengirim_d'

2023-10-05 15:40:15 - [MESSAGE][PASSED] - Text 'irfan.afandi' is set on object 'Object Repository/Konfirmasi pesanan shop/input_Nama Pengirim_d'

2023-10-05 15:40:15 - [TEST_STEP][PASSED] - uploadFile(findTestObject("keranjang/konfirmasi/input_Upload Bukti Transfer_f"), "C:\Users\IRFAN\Downloads\Berkas2.pdf"): File 'C:\Users\IRFAN\Downloads\Berkas2.pdf' sent to object: 'Object Repository/keranjang/konfirmasi/input_Upload Bukti Transfer_f'

2023-10-05 15:40:15 - [MESSAGE][PASSED] - File 'C:\Users\IRFAN\Downloads\Berkas2.pdf' sent to object: 'Object Repository/keranjang/konfirmasi/input_Upload Bukti Transfer_f'

2023-10-05 15:40:15 - [TEST_STEP][PASSED] - click(findTestObject("Konfirmasi pesanan shop/button_Konfirmasi Pembayaran")): Object: 'Object Repository/Konfirmasi pesanan shop/button_Konfirmasi Pembayaran' is clicked on

2023-10-05 15:40:16 - [MESSAGE][PASSED] - Object: 'Object Repository/Konfirmasi pesanan shop/button_Konfirmasi Pembayaran' is clicked on

2023-10-05 15:40:16 - [TEST_STEP][PASSED] - verifyElementPresent(findTestObject("Konfirmasi pesanan shop/Tittle Konfirmasi Pesanan"), 0): Object 'Object Repository/Konfirmasi pesanan shop/Tittle Konfirmasi Pesanan' is present

2023-10-05 15:40:16 - [MESSAGE][WARNING] - Timeout '0' is invalid. Using default page load timeout: '30'

2023-10-05 15:40:17 - [MESSAGE][PASSED] - Object 'Object Repository/Konfirmasi pesanan shop/Tittle Konfirmasi Pesanan' is present

2023-10-05 15:40:17 - [TEST_STEP][PASSED] - verifyElementPresent(findTestObject("Konfirmasi pesanan shop/Tittle massage succes Konfirmasi Pembayaran Pesanan"), 0): Object 'Object Repository/Konfirmasi pesanan shop/Tittle massage succes Konfirmasi Pembayaran Pesanan' is present

2023-10-05 15:40:17 - [MESSAGE][WARNING] - Timeout '0' is invalid. Using default page load timeout: '30'

2023-10-05 15:40:17 - [MESSAGE][PASSED] - Object 'Object Repository/Konfirmasi pesanan shop/Tittle massage succes Konfirmasi Pembayaran Pesanan' is present

2023-10-05 15:40:17 - [TEST_STEP][PASSED] - return data: null

2023-10-05 15:40:17 - [MESSAGE][PASSED] - Call Test Case 'Test Cases/T13 Pembelian, Shipment dan Pembayaran/PBY-004' successfully

2023-10-05 15:40:17 - [TEST_STEP][PASSED] - navigateToUrl("https://10.9.2.63/ecommerce/administrator/"): Navigate to 'https://10.9.2.63/ecommerce/administrator/' successfully

2023-10-05 15:40:18 - [MESSAGE][PASSED] - Navigate to 'https://10.9.2.63/ecommerce/administrator/' successfully

2023-10-05 15:40:18 - [TEST_STEP][PASSED] - verifyElementPresent(findTestObject("admin/Tittle ADMIN Login"), 0): Object 'Object Repository/admin/Tittle ADMIN Login' is present

2023-10-05 15:40:18 - [MESSAGE][WARNING] - Timeout '0' is invalid. Using default page load timeout: '30'

2023-10-05 15:40:18 - [MESSAGE][PASSED] - Object 'Object Repository/admin/Tittle ADMIN Login' is present

2023-10-05 15:40:18 - [TEST_STEP][PASSED] - setText(findTestObject("admin/Username"), "admin"): Text 'admin' is set on object 'Object Repository/admin/Username'

2023-10-05 15:40:19 - [MESSAGE][PASSED] - Text 'admin' is set on object 'Object Repository/admin/Username'

2023-10-05 15:40:19 - [TEST_STEP][PASSED] - setText(findTestObject("admin/Password"), "123admin123"): Text '123admin123' is set on object 'Object Repository/admin/Password'

2023-10-05 15:40:20 - [MESSAGE][PASSED] - Text '123admin123' is set on object 'Object Repository/admin/Password'

2023-10-05 15:40:20 - [TEST_STEP][PASSED] - click(findTestObject("admin/Remember Me")): Object: 'Object Repository/admin/Remember Me' is clicked on

2023-10-05 15:40:20 - [MESSAGE][PASSED] - Object: 'Object Repository/admin/Remember Me' is clicked on

2023-10-05 15:40:20 - [TEST_STEP][PASSED] - delay(10): Delayed 10 second(s)

2023-10-05 15:40:30 - [MESSAGE][PASSED] - Delayed 10 second(s)

2023-10-05 15:40:30 - [TEST_STEP][PASSED] - click(findTestObject("admin/buttom submit")): Object: 'Object Repository/admin/buttom submit' is clicked on

2023-10-05 15:40:32 - [MESSAGE][PASSED] - Object: 'Object Repository/admin/buttom submit' is clicked on

2023-10-05 15:40:32 - [TEST_STEP][PASSED] - verifyElementPresent(findTestObject("admin/Konf order konsumen/Tittle Dashboard"), 0): Object 'Object Repository/admin/Konf order konsumen/Tittle Dashboard' is present

2023-10-05 15:40:32 - [MESSAGE][WARNING] - Timeout '0' is invalid. Using default page load timeout: '30'

2023-10-05 15:40:33 - [MESSAGE][PASSED] - Object 'Object Repository/admin/Konf order konsumen/Tittle Dashboard' is present

2023-10-05 15:40:33 - [TEST_STEP][PASSED] - click(findTestObject("admin/Konf order konsumen/Menu Transaksi Market")): Object: 'Object Repository/admin/Konf order konsumen/Menu Transaksi Market' is clicked on

2023-10-05 15:40:33 - [MESSAGE][PASSED] - Object: 'Object Repository/admin/Konf order konsumen/Menu Transaksi Market' is clicked on

2023-10-05 15:40:33 - [TEST_STEP][PASSED] - click(findTestObject("admin/Konf order konsumen/Menu Konf. Order Konsumen")): Object: 'Object Repository/admin/Konf order konsumen/Menu Konf. Order Konsumen' is clicked on

2023-10-05 15:40:34 - [MESSAGE][PASSED] - Object: 'Object Repository/admin/Konf order konsumen/Menu Konf. Order Konsumen' is clicked on

2023-10-05 15:40:34 - [TEST_STEP][PASSED] - verifyElementPresent(findTestObject("admin/Konf order konsumen/Tittle Data Konfirmasi Pembayaran Konsumen"), 0): Object 'Object Repository/admin/Konf order konsumen/Tittle Data Konfirmasi Pembayaran Konsumen' is present

2023-10-05 15:40:34 - [MESSAGE][WARNING] - Timeout '0' is invalid. Using default page load timeout: '30'

2023-10-05 15:40:35 - [MESSAGE][PASSED] - Object 'Object Repository/admin/Konf order konsumen/Tittle Data Konfirmasi Pembayaran Konsumen' is present

2023-10-05 15:40:35 - [TEST_STEP][PASSED] - inv = data.get("invoice"): null

2023-10-05 15:40:35 - [TEST_STEP][PASSED] - setText(findTestObject("admin/Konf order konsumen/Search"), inv): Text 'TRX60.20231005153956' is set on object 'Object Repository/admin/Konf order konsumen/Search'

2023-10-05 15:40:36 - [MESSAGE][PASSED] - Text 'TRX60.20231005153956' is set on object 'Object Repository/admin/Konf order konsumen/Search'

2023-10-05 15:40:36 - [TEST_STEP][PASSED] - verifyElementText(findTestObject("admin/Konf order konsumen/Keterangan Lunas"), "Lunas"): Actual text and expected text of test object 'Object Repository/admin/Konf order konsumen/Keterangan Lunas' are matched.

2023-10-05 15:40:36 - [MESSAGE][PASSED] - Actual text and expected text of test object 'Object Repository/admin/Konf order konsumen/Keterangan Lunas' are matched.

2023-10-05 15:40:36 - [TEST_STEP][PASSED] - return data: null

2023-10-05 15:40:36 - [MESSAGE][PASSED] - Call Test Case 'Test Cases/T13 Pembelian, Shipment dan Pembayaran/PBYA-001' successfully

2023-10-05 15:40:36 - [TEST_STEP][PASSED] - click(findTestObject("admin/Penjualan ke konsumen/buttom Dashboard")): Object: 'Object Repository/admin/Penjualan ke konsumen/buttom Dashboard' is clicked on

2023-10-05 15:40:37 - [MESSAGE][PASSED] - Object: 'Object Repository/admin/Penjualan ke konsumen/buttom Dashboard' is clicked on

2023-10-05 15:40:37 - [TEST_STEP][PASSED] - click(findTestObject("admin/Konf order konsumen/Menu Transaksi Market")): Object: 'Object Repository/admin/Konf order konsumen/Menu Transaksi Market' is clicked on

2023-10-05 15:40:38 - [MESSAGE][PASSED] - Object: 'Object Repository/admin/Konf order konsumen/Menu Transaksi Market' is clicked on

2023-10-05 15:40:38 - [TEST_STEP][PASSED] - click(findTestObject("admin/Penjualan ke konsumen/a_Penjualan ke Konsumen")): Object: 'Object Repository/admin/Penjualan ke konsumen/a_Penjualan ke Konsumen' is clicked on

2023-10-05 15:40:40 - [MESSAGE][PASSED] - Object: 'Object Repository/admin/Penjualan ke konsumen/a_Penjualan ke Konsumen' is clicked on

2023-10-05 15:40:40 - [TEST_STEP][PASSED] - verifyElementPresent(findTestObject("admin/Tittle Data Transaksi Penjualan  Orderan Konsumen"), 0): Object 'Object Repository/admin/Tittle Data Transaksi Penjualan  Orderan Konsumen' is present

2023-10-05 15:40:40 - [MESSAGE][WARNING] - Timeout '0' is invalid. Using default page load timeout: '30'

2023-10-05 15:40:41 - [MESSAGE][PASSED] - Object 'Object Repository/admin/Tittle Data Transaksi Penjualan  Orderan Konsumen' is present

2023-10-05 15:40:41 - [TEST_STEP][PASSED] - return data: null

2023-10-05 15:40:41 - [MESSAGE][PASSED] - Call Test Case 'Test Cases/T13 Pembelian, Shipment dan Pembayaran/SA-001' successfully

2023-10-05 15:40:41 - [TEST_STEP][PASSED] - inv = data.get("invoice"): null

2023-10-05 15:40:41 - [TEST_STEP][PASSED] - setText(findTestObject("admin/Penjualan ke konsumen/Search"), inv): Text 'TRX60.20231005153956' is set on object 'Object Repository/admin/Penjualan ke konsumen/Search'

2023-10-05 15:40:42 - [MESSAGE][PASSED] - Text 'TRX60.20231005153956' is set on object 'Object Repository/admin/Penjualan ke konsumen/Search'

2023-10-05 15:40:42 - [TEST_STEP][PASSED] - click(findTestObject("admin/Penjualan ke konsumen/buttom konfirmasi pending payment"), CONTINUE_ON_FAILURE): Object: 'Object Repository/admin/Penjualan ke konsumen/buttom konfirmasi pending payment' is clicked on

2023-10-05 15:40:42 - [MESSAGE][PASSED] - Object: 'Object Repository/admin/Penjualan ke konsumen/buttom konfirmasi pending payment' is clicked on

2023-10-05 15:40:42 - [TEST_STEP][PASSED] - waitForAlert(5, OPTIONAL): Alert is present after 5 second(s).

2023-10-05 15:40:42 - [MESSAGE][PASSED] - Alert is present after 5 second(s).

2023-10-05 15:40:42 - [TEST_STEP][PASSED] - acceptAlert(): Alert accepted

2023-10-05 15:40:42 - [MESSAGE][PASSED] - Alert accepted

2023-10-05 15:40:42 - [TEST_STEP][PASSED] - setText(findTestObject("admin/Penjualan ke konsumen/Search"), inv): Text 'TRX60.20231005153956' is set on object 'Object Repository/admin/Penjualan ke konsumen/Search'

2023-10-05 15:40:51 - [MESSAGE][PASSED] - Text 'TRX60.20231005153956' is set on object 'Object Repository/admin/Penjualan ke konsumen/Search'

2023-10-05 15:40:51 - [TEST_STEP][PASSED] - verifyTextNotPresent("pending payment", false): Text 'pending payment' is not present on page

2023-10-05 15:40:51 - [MESSAGE][PASSED] - Text 'pending payment' is not present on page

2023-10-05 15:40:51 - [TEST_STEP][PASSED] - return data: null

2023-10-05 15:40:51 - [MESSAGE][PASSED] - Call Test Case 'Test Cases/T13 Pembelian, Shipment dan Pembayaran/SA-002' successfully

2023-10-05 15:40:51 - [TEST_STEP][PASSED] - click(findTestObject("admin/Penjualan ke konsumen/buttom scroldown")): Object: 'Object Repository/admin/Penjualan ke konsumen/buttom scroldown' is clicked on

2023-10-05 15:40:52 - [MESSAGE][PASSED] - Object: 'Object Repository/admin/Penjualan ke konsumen/buttom scroldown' is clicked on

2023-10-05 15:40:52 - [TEST_STEP][PASSED] - click(findTestObject("admin/Penjualan ke konsumen/Proses"), CONTINUE_ON_FAILURE): Object: 'Object Repository/admin/Penjualan ke konsumen/Proses' is clicked on

2023-10-05 15:40:52 - [MESSAGE][PASSED] - Object: 'Object Repository/admin/Penjualan ke konsumen/Proses' is clicked on

2023-10-05 15:40:52 - [TEST_STEP][PASSED] - waitForAlert(5, OPTIONAL): Alert is present after 5 second(s).

2023-10-05 15:40:52 - [MESSAGE][PASSED] - Alert is present after 5 second(s).

2023-10-05 15:40:52 - [TEST_STEP][PASSED] - acceptAlert(): Alert accepted

2023-10-05 15:40:52 - [MESSAGE][PASSED] - Alert accepted

2023-10-05 15:40:52 - [TEST_STEP][PASSED] - inv = data.get("invoice"): null

2023-10-05 15:40:52 - [TEST_STEP][PASSED] - setText(findTestObject("admin/Penjualan ke konsumen/Search"), inv): Text 'TRX60.20231005153956' is set on object 'Object Repository/admin/Penjualan ke konsumen/Search'

2023-10-05 15:41:03 - [MESSAGE][PASSED] - Text 'TRX60.20231005153956' is set on object 'Object Repository/admin/Penjualan ke konsumen/Search'

2023-10-05 15:41:03 - [TEST_STEP][PASSED] - verifyElementText(findTestObject("PROSES PENJUALAN/Proses"), "Proses"): Actual text and expected text of test object 'Object Repository/PROSES PENJUALAN/Proses' are matched.

2023-10-05 15:41:03 - [MESSAGE][PASSED] - Actual text and expected text of test object 'Object Repository/PROSES PENJUALAN/Proses' are matched.

2023-10-05 15:41:03 - [TEST_STEP][PASSED] - prosesadmin = getText(findTestObject("PROSES PENJUALAN/Proses")): Text of object 'Object Repository/PROSES PENJUALAN/Proses' is: 'Proses'

2023-10-05 15:41:04 - [MESSAGE][PASSED] - Text of object 'Object Repository/PROSES PENJUALAN/Proses' is: 'Proses'

2023-10-05 15:41:04 - [TEST_STEP][PASSED] - data.put("statusAdmin", prosesadmin): null

2023-10-05 15:41:04 - [TEST_STEP][PASSED] - return data: null

2023-10-05 15:41:04 - [MESSAGE][PASSED] - Call Test Case 'Test Cases/T13 Pembelian, Shipment dan Pembayaran/SA-003' successfully

2023-10-05 15:41:04 - [TEST_STEP][PASSED] - openBrowser("https://10.9.2.63/ecommerce/"): Browser is opened with url: 'https://10.9.2.63/ecommerce/'

2023-10-05 15:41:04 - [MESSAGE][WARNING] - A browser is already opened. Closing browser and opening a new one

2023-10-05 15:41:04 - [MESSAGE][INFO] - Starting 'Edge Chromium' driver

2023-10-05 15:41:04 - [MESSAGE][INFO] - User set preference: ['acceptInsecureCerts', 'true']

2023-10-05 15:41:07 - [MESSAGE][INFO] - Action delay is set to 0 milliseconds

2023-10-05 15:41:10 - [MESSAGE][PASSED] - Browser is opened with url: 'https://10.9.2.63/ecommerce/'

2023-10-05 15:41:10 - [TEST_STEP][PASSED] - maximizeWindow(): Current window maximized

2023-10-05 15:41:10 - [MESSAGE][PASSED] - Current window maximized

2023-10-05 15:41:10 - [TEST_STEP][PASSED] - verifyElementPresent(findTestObject("Login/Home"), 0): Object 'Object Repository/Login/Home' is present

2023-10-05 15:41:11 - [MESSAGE][WARNING] - Timeout '0' is invalid. Using default page load timeout: '30'

2023-10-05 15:41:11 - [MESSAGE][PASSED] - Object 'Object Repository/Login/Home' is present

2023-10-05 15:41:11 - [TEST_STEP][PASSED] - click(findTestObject("Login/a_Login")): Object: 'Object Repository/Login/a_Login' is clicked on

2023-10-05 15:41:12 - [MESSAGE][PASSED] - Object: 'Object Repository/Login/a_Login' is clicked on

2023-10-05 15:41:12 - [TEST_STEP][PASSED] - verifyElementPresent(findTestObject("Login/Tittle Login"), 0): Object 'Object Repository/Login/Tittle Login' is present

2023-10-05 15:41:12 - [MESSAGE][WARNING] - Timeout '0' is invalid. Using default page load timeout: '30'

2023-10-05 15:41:12 - [MESSAGE][PASSED] - Object 'Object Repository/Login/Tittle Login' is present

2023-10-05 15:41:12 - [TEST_STEP][PASSED] - setText(findTestObject("Login/input_Username, Email atau No. Handphone_a"), "irfanafandi"): Text 'irfanafandi' is set on object 'Object Repository/Login/input_Username, Email atau No. Handphone_a'

2023-10-05 15:41:13 - [MESSAGE][PASSED] - Text 'irfanafandi' is set on object 'Object Repository/Login/input_Username, Email atau No. Handphone_a'

2023-10-05 15:41:13 - [TEST_STEP][PASSED] - setText(findTestObject("Login/input_Password_b"), "12345irfan"): Text '12345irfan' is set on object 'Object Repository/Login/input_Password_b'

2023-10-05 15:41:14 - [MESSAGE][PASSED] - Text '12345irfan' is set on object 'Object Repository/Login/input_Password_b'

2023-10-05 15:41:14 - [TEST_STEP][PASSED] - click(findTestObject("Login/button_Masuk")): Object: 'Object Repository/Login/button_Masuk' is clicked on

2023-10-05 15:41:16 - [MESSAGE][PASSED] - Object: 'Object Repository/Login/button_Masuk' is clicked on

2023-10-05 15:41:16 - [TEST_STEP][PASSED] - verifyElementPresent(findTestObject("Login/li_Profile"), 0): Object 'Object Repository/Login/li_Profile' is present

2023-10-05 15:41:16 - [MESSAGE][WARNING] - Timeout '0' is invalid. Using default page load timeout: '30'

2023-10-05 15:41:16 - [MESSAGE][PASSED] - Object 'Object Repository/Login/li_Profile' is present

2023-10-05 15:41:16 - [TEST_STEP][PASSED] - click(findTestObject("Konfirmasi pesanan shop/Menu Shop")): Object: 'Object Repository/Konfirmasi pesanan shop/Menu Shop' is clicked on

2023-10-05 15:41:17 - [MESSAGE][PASSED] - Object: 'Object Repository/Konfirmasi pesanan shop/Menu Shop' is clicked on

2023-10-05 15:41:17 - [TEST_STEP][PASSED] - click(findTestObject("Konfirmasi pesanan shop/Menu Shop")): Object: 'Object Repository/Konfirmasi pesanan shop/Menu Shop' is clicked on

2023-10-05 15:41:18 - [MESSAGE][PASSED] - Object: 'Object Repository/Konfirmasi pesanan shop/Menu Shop' is clicked on

2023-10-05 15:41:18 - [TEST_STEP][PASSED] - click(findTestObject("verifikasi/Orders Report")): Object: 'Object Repository/verifikasi/Orders Report' is clicked on

2023-10-05 15:41:19 - [MESSAGE][PASSED] - Object: 'Object Repository/verifikasi/Orders Report' is clicked on

2023-10-05 15:41:19 - [TEST_STEP][PASSED] - verifyElementPresent(findTestObject("Login/li_Profile"), 0): Object 'Object Repository/Login/li_Profile' is present

2023-10-05 15:41:19 - [MESSAGE][WARNING] - Timeout '0' is invalid. Using default page load timeout: '30'

2023-10-05 15:41:20 - [MESSAGE][PASSED] - Object 'Object Repository/Login/li_Profile' is present

2023-10-05 15:41:20 - [TEST_STEP][PASSED] - click(findTestObject("verifikasi/Pesanan Diproses")): Object: 'Object Repository/verifikasi/Pesanan Diproses' is clicked on

2023-10-05 15:41:20 - [MESSAGE][PASSED] - Object: 'Object Repository/verifikasi/Pesanan Diproses' is clicked on

2023-10-05 15:41:20 - [TEST_STEP][PASSED] - proses = getText(findTestObject("verifikasi/status Proses di user")): Text of object 'Object Repository/verifikasi/status Proses di user' is: 'Proses'

2023-10-05 15:41:20 - [MESSAGE][PASSED] - Text of object 'Object Repository/verifikasi/status Proses di user' is: 'Proses'

2023-10-05 15:41:20 - [TEST_STEP][PASSED] - statusProses = data.get("statusAdmin"): null

2023-10-05 15:41:20 - [TEST_STEP][PASSED] - assert proses == statusProses: null

2023-10-05 15:41:20 - [TEST_STEP][PASSED] - verifyElementPresent(findTestObject("verifikasi/Notifikasi angka"), 1): Object 'Object Repository/verifikasi/Notifikasi angka' is present

2023-10-05 15:41:21 - [MESSAGE][PASSED] - Object 'Object Repository/verifikasi/Notifikasi angka' is present

2023-10-05 15:41:21 - [TEST_STEP][PASSED] - return data: null]]></system-out>
         <system-err><![CDATA[]]></system-err>
      </testcase>
      <testcase name="Test Cases/T13 Pembelian, Shipment dan Pembayaran/SU-011" time="127.979" classname="Test Cases/T13 Pembelian, Shipment dan Pembayaran/SU-011" status="PASSED">
         <system-out><![CDATA[2023-10-05 15:41:21 - [TEST_CASE][PASSED] - Test Cases/T13 Pembelian, Shipment dan Pembayaran/SU-011: Test Cases/T13 Pembelian, Shipment dan Pembayaran/SU-011

2023-10-05 15:41:21 - [TEST_STEP][PASSED] - data = callTestCase(findTestCase("T13 Pembelian, Shipment dan Pembayaran/SA-004"), [:], STOP_ON_FAILURE): Call Test Case 'Test Cases/T13 Pembelian, Shipment dan Pembayaran/SA-004' successfully

2023-10-05 15:41:21 - [TEST_CASE][PASSED] - Test Cases/T13 Pembelian, Shipment dan Pembayaran/SA-004: Test Cases/T13 Pembelian, Shipment dan Pembayaran/SA-004

2023-10-05 15:41:21 - [TEST_STEP][PASSED] - data = callTestCase(findTestCase("T13 Pembelian, Shipment dan Pembayaran/SA-002"), [:], STOP_ON_FAILURE): Call Test Case 'Test Cases/T13 Pembelian, Shipment dan Pembayaran/SA-002' successfully

2023-10-05 15:41:21 - [TEST_CASE][PASSED] - Test Cases/T13 Pembelian, Shipment dan Pembayaran/SA-002: Test Cases/T13 Pembelian, Shipment dan Pembayaran/SA-002

2023-10-05 15:41:21 - [TEST_STEP][PASSED] - data = callTestCase(findTestCase("T13 Pembelian, Shipment dan Pembayaran/SA-001"), [:], STOP_ON_FAILURE): Call Test Case 'Test Cases/T13 Pembelian, Shipment dan Pembayaran/SA-001' successfully

2023-10-05 15:41:21 - [TEST_CASE][PASSED] - Test Cases/T13 Pembelian, Shipment dan Pembayaran/SA-001: Test Cases/T13 Pembelian, Shipment dan Pembayaran/SA-001

2023-10-05 15:41:21 - [TEST_STEP][PASSED] - data = callTestCase(findTestCase("T13 Pembelian, Shipment dan Pembayaran/PBYA-001"), [:], STOP_ON_FAILURE): Call Test Case 'Test Cases/T13 Pembelian, Shipment dan Pembayaran/PBYA-001' successfully

2023-10-05 15:41:21 - [TEST_CASE][PASSED] - Test Cases/T13 Pembelian, Shipment dan Pembayaran/PBYA-001: Test Cases/T13 Pembelian, Shipment dan Pembayaran/PBYA-001

2023-10-05 15:41:21 - [TEST_STEP][PASSED] - data = callTestCase(findTestCase("T13 Pembelian, Shipment dan Pembayaran/PBY-004"), [:], STOP_ON_FAILURE): Call Test Case 'Test Cases/T13 Pembelian, Shipment dan Pembayaran/PBY-004' successfully

2023-10-05 15:41:21 - [TEST_CASE][PASSED] - Test Cases/T13 Pembelian, Shipment dan Pembayaran/PBY-004: Test Cases/T13 Pembelian, Shipment dan Pembayaran/PBY-004

2023-10-05 15:41:21 - [TEST_STEP][PASSED] - data = callTestCase(findTestCase("T13 Pembelian, Shipment dan Pembayaran/PBY-001"), [:], STOP_ON_FAILURE): Call Test Case 'Test Cases/T13 Pembelian, Shipment dan Pembayaran/PBY-001' successfully

2023-10-05 15:41:22 - [TEST_CASE][PASSED] - Test Cases/T13 Pembelian, Shipment dan Pembayaran/PBY-001: Test Cases/T13 Pembelian, Shipment dan Pembayaran/PBY-001

2023-10-05 15:41:22 - [TEST_STEP][PASSED] - data = callTestCase(findTestCase("T13 Pembelian, Shipment dan Pembayaran/PBL-004"), ["Kurir":"Roda 2"], STOP_ON_FAILURE): Call Test Case 'Test Cases/T13 Pembelian, Shipment dan Pembayaran/PBL-004' successfully

2023-10-05 15:41:22 - [TEST_CASE][PASSED] - Test Cases/T13 Pembelian, Shipment dan Pembayaran/PBL-004: Test Cases/T13 Pembelian, Shipment dan Pembayaran/PBL-004

2023-10-05 15:41:22 - [TEST_STEP][PASSED] - data = callTestCase(findTestCase("T13 Pembelian, Shipment dan Pembayaran/PBL-002"), [:], STOP_ON_FAILURE): Call Test Case 'Test Cases/T13 Pembelian, Shipment dan Pembayaran/PBL-002' successfully

2023-10-05 15:41:22 - [TEST_CASE][PASSED] - Test Cases/T13 Pembelian, Shipment dan Pembayaran/PBL-002: Test Cases/T13 Pembelian, Shipment dan Pembayaran/PBL-002

2023-10-05 15:41:22 - [TEST_STEP][PASSED] - data = callTestCase(findTestCase("T13 Pembelian, Shipment dan Pembayaran/PBL-001"), [:], STOP_ON_FAILURE): Call Test Case 'Test Cases/T13 Pembelian, Shipment dan Pembayaran/PBL-001' successfully

2023-10-05 15:41:22 - [TEST_CASE][PASSED] - Test Cases/T13 Pembelian, Shipment dan Pembayaran/PBL-001: Test Cases/T13 Pembelian, Shipment dan Pembayaran/PBL-001

2023-10-05 15:41:22 - [TEST_STEP][PASSED] - callTestCase(findTestCase("T13 Pembelian, Shipment dan Pembayaran/LU-001"), ["username":"irfanafandi", "password":"12345irfan"], STOP_ON_FAILURE): Call Test Case 'Test Cases/T13 Pembelian, Shipment dan Pembayaran/LU-001' successfully

2023-10-05 15:41:22 - [TEST_CASE][PASSED] - Test Cases/T13 Pembelian, Shipment dan Pembayaran/LU-001: Test Cases/T13 Pembelian, Shipment dan Pembayaran/LU-001

2023-10-05 15:41:22 - [TEST_STEP][PASSED] - openBrowser("https://10.9.2.63/ecommerce/"): Browser is opened with url: 'https://10.9.2.63/ecommerce/'

2023-10-05 15:41:22 - [MESSAGE][WARNING] - A browser is already opened. Closing browser and opening a new one

2023-10-05 15:41:23 - [MESSAGE][INFO] - Starting 'Edge Chromium' driver

2023-10-05 15:41:23 - [MESSAGE][INFO] - User set preference: ['acceptInsecureCerts', 'true']

2023-10-05 15:41:25 - [MESSAGE][INFO] - Action delay is set to 0 milliseconds

2023-10-05 15:41:29 - [MESSAGE][PASSED] - Browser is opened with url: 'https://10.9.2.63/ecommerce/'

2023-10-05 15:41:29 - [TEST_STEP][PASSED] - maximizeWindow(): Current window maximized

2023-10-05 15:41:29 - [MESSAGE][PASSED] - Current window maximized

2023-10-05 15:41:29 - [TEST_STEP][PASSED] - verifyElementPresent(findTestObject("Login/Home"), 0): Object 'Object Repository/Login/Home' is present

2023-10-05 15:41:29 - [MESSAGE][WARNING] - Timeout '0' is invalid. Using default page load timeout: '30'

2023-10-05 15:41:30 - [MESSAGE][PASSED] - Object 'Object Repository/Login/Home' is present

2023-10-05 15:41:30 - [TEST_STEP][PASSED] - click(findTestObject("Login/a_Login")): Object: 'Object Repository/Login/a_Login' is clicked on

2023-10-05 15:41:30 - [MESSAGE][PASSED] - Object: 'Object Repository/Login/a_Login' is clicked on

2023-10-05 15:41:30 - [TEST_STEP][PASSED] - verifyElementPresent(findTestObject("Login/Tittle Login"), 0): Object 'Object Repository/Login/Tittle Login' is present

2023-10-05 15:41:30 - [MESSAGE][WARNING] - Timeout '0' is invalid. Using default page load timeout: '30'

2023-10-05 15:41:31 - [MESSAGE][PASSED] - Object 'Object Repository/Login/Tittle Login' is present

2023-10-05 15:41:31 - [TEST_STEP][PASSED] - setText(findTestObject("Login/input_Username, Email atau No. Handphone_a"), username): Text 'irfanafandi' is set on object 'Object Repository/Login/input_Username, Email atau No. Handphone_a'

2023-10-05 15:41:32 - [MESSAGE][PASSED] - Text 'irfanafandi' is set on object 'Object Repository/Login/input_Username, Email atau No. Handphone_a'

2023-10-05 15:41:32 - [TEST_STEP][PASSED] - setText(findTestObject("Login/input_Password_b"), password): Text '12345irfan' is set on object 'Object Repository/Login/input_Password_b'

2023-10-05 15:41:32 - [MESSAGE][PASSED] - Text '12345irfan' is set on object 'Object Repository/Login/input_Password_b'

2023-10-05 15:41:32 - [TEST_STEP][PASSED] - click(findTestObject("Login/label_Ingat saya")): Object: 'Object Repository/Login/label_Ingat saya' is clicked on

2023-10-05 15:41:33 - [MESSAGE][PASSED] - Object: 'Object Repository/Login/label_Ingat saya' is clicked on

2023-10-05 15:41:33 - [TEST_STEP][PASSED] - click(findTestObject("Login/button_Masuk")): Object: 'Object Repository/Login/button_Masuk' is clicked on

2023-10-05 15:41:34 - [MESSAGE][PASSED] - Object: 'Object Repository/Login/button_Masuk' is clicked on

2023-10-05 15:41:34 - [TEST_STEP][PASSED] - verifyElementPresent(findTestObject("Login/li_Profile"), 0): Object 'Object Repository/Login/li_Profile' is present

2023-10-05 15:41:34 - [MESSAGE][WARNING] - Timeout '0' is invalid. Using default page load timeout: '30'

2023-10-05 15:41:35 - [MESSAGE][PASSED] - Object 'Object Repository/Login/li_Profile' is present

2023-10-05 15:41:35 - [MESSAGE][PASSED] - Call Test Case 'Test Cases/T13 Pembelian, Shipment dan Pembayaran/LU-001' successfully

2023-10-05 15:41:35 - [TEST_STEP][PASSED] - mouseOver(findTestObject("beli barang/i_Mulai Belanja_icon-menu")): Object: 'Object Repository/beli barang/i_Mulai Belanja_icon-menu' is hovered

2023-10-05 15:41:35 - [MESSAGE][PASSED] - Object: 'Object Repository/beli barang/i_Mulai Belanja_icon-menu' is hovered

2023-10-05 15:41:35 - [TEST_STEP][PASSED] - click(findTestObject("beli barang/a_Fashion  Busana Wanita")): Object: 'Object Repository/beli barang/a_Fashion  Busana Wanita' is clicked on

2023-10-05 15:41:37 - [MESSAGE][PASSED] - Object: 'Object Repository/beli barang/a_Fashion  Busana Wanita' is clicked on

2023-10-05 15:41:37 - [TEST_STEP][PASSED] - NamaSebelum = getText(findTestObject("verifikasi/Nama sebelum")): Text of object 'Object Repository/verifikasi/Nama sebelum' is: ''

2023-10-05 15:41:37 - [MESSAGE][PASSED] - Text of object 'Object Repository/verifikasi/Nama sebelum' is: ''

2023-10-05 15:41:37 - [TEST_STEP][PASSED] - HargaSebelum = getText(findTestObject("verifikasi/Harga sebelum")): Text of object 'Object Repository/verifikasi/Harga sebelum' is: 'Rp 1,299'

2023-10-05 15:41:37 - [MESSAGE][PASSED] - Text of object 'Object Repository/verifikasi/Harga sebelum' is: 'Rp 1,299'

2023-10-05 15:41:37 - [TEST_STEP][PASSED] - mouseOver(findTestObject("beli barang/barang mouse over")): Object: 'Object Repository/beli barang/barang mouse over' is hovered

2023-10-05 15:41:38 - [MESSAGE][PASSED] - Object: 'Object Repository/beli barang/barang mouse over' is hovered

2023-10-05 15:41:38 - [TEST_STEP][PASSED] - click(findTestObject("beli barang/buttom add to cart")): Object: 'Object Repository/beli barang/buttom add to cart' is clicked on

2023-10-05 15:41:39 - [MESSAGE][PASSED] - Object: 'Object Repository/beli barang/buttom add to cart' is clicked on

2023-10-05 15:41:39 - [TEST_STEP][PASSED] - NamaSesudah = getText(findTestObject("verifikasi/Nama sesudah")): Text of object 'Object Repository/verifikasi/Nama sesudah' is: 'Segitiga Instan Madeira - MDB5.3 Sunset'

2023-10-05 15:41:40 - [MESSAGE][PASSED] - Text of object 'Object Repository/verifikasi/Nama sesudah' is: 'Segitiga Instan Madeira - MDB5.3 Sunset'

2023-10-05 15:41:40 - [TEST_STEP][PASSED] - HargaSesudah = getText(findTestObject("verifikasi/Harga sesudah")): Text of object 'Object Repository/verifikasi/Harga sesudah' is: 'Rp 1,299'

2023-10-05 15:41:40 - [MESSAGE][PASSED] - Text of object 'Object Repository/verifikasi/Harga sesudah' is: 'Rp 1,299'

2023-10-05 15:41:40 - [TEST_STEP][PASSED] - assert NamaSesudah.contains(NamaSebelum): null

2023-10-05 15:41:40 - [TEST_STEP][PASSED] - assert HargaSesudah.contains(HargaSebelum): null

2023-10-05 15:41:40 - [TEST_STEP][PASSED] - click(findTestObject("beli barang/Tambah Keranjang busana wanita")): Object: 'Object Repository/beli barang/Tambah Keranjang busana wanita' is clicked on

2023-10-05 15:41:41 - [MESSAGE][PASSED] - Object: 'Object Repository/beli barang/Tambah Keranjang busana wanita' is clicked on

2023-10-05 15:41:41 - [TEST_STEP][PASSED] - verifyElementPresent(findTestObject("checkout/Notifikasi keranjang"), 1): Object 'Object Repository/checkout/Notifikasi keranjang' is present

2023-10-05 15:41:41 - [MESSAGE][PASSED] - Object 'Object Repository/checkout/Notifikasi keranjang' is present

2023-10-05 15:41:41 - [TEST_STEP][PASSED] - data = new java.util.HashMap(): null

2023-10-05 15:41:41 - [TEST_STEP][PASSED] - data.put("nama_barang", NamaSesudah): null

2023-10-05 15:41:41 - [TEST_STEP][PASSED] - data.put("price_barang", HargaSesudah): null

2023-10-05 15:41:41 - [TEST_STEP][PASSED] - return data: null

2023-10-05 15:41:41 - [MESSAGE][PASSED] - Call Test Case 'Test Cases/T13 Pembelian, Shipment dan Pembayaran/PBL-001' successfully

2023-10-05 15:41:41 - [TEST_STEP][PASSED] - mouseOver(findTestObject("beli barang/keranjang")): Object: 'Object Repository/beli barang/keranjang' is hovered

2023-10-05 15:41:42 - [MESSAGE][PASSED] - Object: 'Object Repository/beli barang/keranjang' is hovered

2023-10-05 15:41:42 - [TEST_STEP][PASSED] - click(findTestObject("beli barang/Lihat Sekarang")): Object: 'Object Repository/beli barang/Lihat Sekarang' is clicked on

2023-10-05 15:41:43 - [MESSAGE][PASSED] - Object: 'Object Repository/beli barang/Lihat Sekarang' is clicked on

2023-10-05 15:41:43 - [TEST_STEP][PASSED] - verifyElementPresent(findTestObject("keranjang/li_Keranjang Belanja"), 0): Object 'Object Repository/keranjang/li_Keranjang Belanja' is present

2023-10-05 15:41:43 - [MESSAGE][WARNING] - Timeout '0' is invalid. Using default page load timeout: '30'

2023-10-05 15:41:44 - [MESSAGE][PASSED] - Object 'Object Repository/keranjang/li_Keranjang Belanja' is present

2023-10-05 15:41:44 - [TEST_STEP][PASSED] - NamaKeranjang = getText(findTestObject("verifikasi/Nama keranjang")): Text of object 'Object Repository/verifikasi/Nama keranjang' is: 'Segitiga Instan Madeira - MDB5.3 Sunset'

2023-10-05 15:41:44 - [MESSAGE][PASSED] - Text of object 'Object Repository/verifikasi/Nama keranjang' is: 'Segitiga Instan Madeira - MDB5.3 Sunset'

2023-10-05 15:41:44 - [TEST_STEP][PASSED] - HargaKeranjang = getText(findTestObject("verifikasi/Harga Keranjang")): Text of object 'Object Repository/verifikasi/Harga Keranjang' is: 'Rp 1,299'

2023-10-05 15:41:44 - [MESSAGE][PASSED] - Text of object 'Object Repository/verifikasi/Harga Keranjang' is: 'Rp 1,299'

2023-10-05 15:41:44 - [TEST_STEP][PASSED] - if (toString().equalsIgnoreCase("Merah")): Object 'Object Repository/keranjang/input_Warna_variasi101' is checked

2023-10-05 15:41:44 - [TEST_STEP][PASSED] - check(findTestObject("Object Repository/keranjang/input_Warna_variasi101")): Object 'Object Repository/keranjang/input_Warna_variasi101' is checked

2023-10-05 15:41:45 - [MESSAGE][PASSED] - Object 'Object Repository/keranjang/input_Warna_variasi101' is checked

2023-10-05 15:41:45 - [TEST_STEP][PASSED] - if (toString().equalsIgnoreCase("Menengah")): Object 'Object Repository/keranjang/input_Ukuran_variasi201' is checked

2023-10-05 15:41:45 - [TEST_STEP][PASSED] - check(findTestObject("Object Repository/keranjang/input_Ukuran_variasi201")): Object 'Object Repository/keranjang/input_Ukuran_variasi201' is checked

2023-10-05 15:41:45 - [MESSAGE][PASSED] - Object 'Object Repository/keranjang/input_Ukuran_variasi201' is checked

2023-10-05 15:41:45 - [TEST_STEP][PASSED] - data.put("Warna", warna): null

2023-10-05 15:41:45 - [TEST_STEP][PASSED] - data.put("Ukuran", ukuran): null

2023-10-05 15:41:45 - [TEST_STEP][PASSED] - click(findTestObject("keranjang/button_Lanjut ke Pembayaran")): Object: 'Object Repository/keranjang/button_Lanjut ke Pembayaran' is clicked on

2023-10-05 15:41:46 - [MESSAGE][PASSED] - Object: 'Object Repository/keranjang/button_Lanjut ke Pembayaran' is clicked on

2023-10-05 15:41:46 - [TEST_STEP][PASSED] - verifyElementPresent(findTestObject("checkout/Tittle Checkout Order"), 0): Object 'Object Repository/checkout/Tittle Checkout Order' is present

2023-10-05 15:41:46 - [MESSAGE][WARNING] - Timeout '0' is invalid. Using default page load timeout: '30'

2023-10-05 15:41:47 - [MESSAGE][PASSED] - Object 'Object Repository/checkout/Tittle Checkout Order' is present

2023-10-05 15:41:47 - [TEST_STEP][PASSED] - name_product = data.get("nama_barang"): null

2023-10-05 15:41:47 - [TEST_STEP][PASSED] - price_product = data.get("price_barang"): null

2023-10-05 15:41:47 - [TEST_STEP][PASSED] - assert name_product == NamaKeranjang: null

2023-10-05 15:41:47 - [TEST_STEP][PASSED] - assert price_product == HargaKeranjang: null

2023-10-05 15:41:47 - [TEST_STEP][PASSED] - return data: null

2023-10-05 15:41:47 - [MESSAGE][PASSED] - Call Test Case 'Test Cases/T13 Pembelian, Shipment dan Pembayaran/PBL-002' successfully

2023-10-05 15:41:47 - [TEST_STEP][PASSED] - warnaa = getText(findTestObject("verifikasi/warna Merah")): Text of object 'Object Repository/verifikasi/warna Merah' is: 'Merah'

2023-10-05 15:41:47 - [MESSAGE][PASSED] - Text of object 'Object Repository/verifikasi/warna Merah' is: 'Merah'

2023-10-05 15:41:47 - [TEST_STEP][PASSED] - ukurann = getText(findTestObject("verifikasi/Ukuran Menengah")): Text of object 'Object Repository/verifikasi/Ukuran Menengah' is: 'Menengah'

2023-10-05 15:41:48 - [MESSAGE][PASSED] - Text of object 'Object Repository/verifikasi/Ukuran Menengah' is: 'Menengah'

2023-10-05 15:41:48 - [TEST_STEP][PASSED] - warna1 = data.get("Warna"): null

2023-10-05 15:41:48 - [TEST_STEP][PASSED] - ukuran1 = data.get("Ukuran"): null

2023-10-05 15:41:48 - [TEST_STEP][PASSED] - assert warnaa == warna1: null

2023-10-05 15:41:48 - [TEST_STEP][PASSED] - assert ukurann == ukuran1: null

2023-10-05 15:41:48 - [TEST_STEP][PASSED] - NamaCheckout = getText(findTestObject("verifikasi/NamaCheckout")): Text of object 'Object Repository/verifikasi/NamaCheckout' is: ''

2023-10-05 15:41:48 - [MESSAGE][PASSED] - Text of object 'Object Repository/verifikasi/NamaCheckout' is: ''

2023-10-05 15:41:48 - [TEST_STEP][PASSED] - HargaCheckout = getText(findTestObject("verifikasi/HargaCheckout")): Text of object 'Object Repository/verifikasi/HargaCheckout' is: '1,299'

2023-10-05 15:41:48 - [MESSAGE][PASSED] - Text of object 'Object Repository/verifikasi/HargaCheckout' is: '1,299'

2023-10-05 15:41:48 - [TEST_STEP][PASSED] - name_product = data.get("nama_barang"): null

2023-10-05 15:41:48 - [TEST_STEP][PASSED] - price_product = data.get("price_barang"): null

2023-10-05 15:41:48 - [TEST_STEP][PASSED] - assert name_product.contains(NamaCheckout): null

2023-10-05 15:41:48 - [TEST_STEP][PASSED] - assert price_product.contains(HargaCheckout): null

2023-10-05 15:41:48 - [TEST_STEP][PASSED] - selectOptionByLabel(findTestObject("checkout/select - Kirim via Kurir Lokal"), Kurir, false): All options with label 'Roda 2' are selected in object 'Object Repository/checkout/select - Kirim via Kurir Lokal' 

2023-10-05 15:41:49 - [MESSAGE][PASSED] - All options with label 'Roda 2' are selected in object 'Object Repository/checkout/select - Kirim via Kurir Lokal' 

2023-10-05 15:41:49 - [TEST_STEP][PASSED] - click(findTestObject("checkout/Kendaraan Kurir")): Object: 'Object Repository/checkout/Kendaraan Kurir' is clicked on

2023-10-05 15:41:50 - [MESSAGE][PASSED] - Object: 'Object Repository/checkout/Kendaraan Kurir' is clicked on

2023-10-05 15:41:50 - [TEST_STEP][PASSED] - OngkosKirim = getText(findTestObject("Object Repository/verifikasi/Ongkos Kirim checkout")): Text of object 'Object Repository/verifikasi/Ongkos Kirim checkout' is: 'Rp. 5,000'

2023-10-05 15:41:50 - [MESSAGE][PASSED] - Text of object 'Object Repository/verifikasi/Ongkos Kirim checkout' is: 'Rp. 5,000'

2023-10-05 15:41:50 - [TEST_STEP][PASSED] - Ongkos = OngkosKirim.substring(3, OngkosKirim.size()): null

2023-10-05 15:41:50 - [TEST_STEP][PASSED] - rep = Ongkos.replace(",", "."): null

2023-10-05 15:41:50 - [TEST_STEP][PASSED] - Ongkos_kirim = Double.parseDouble(rep): null

2023-10-05 15:41:50 - [TEST_STEP][PASSED] - println(Ongkos_kirim): null

2023-10-05 15:41:50 - [TEST_STEP][PASSED] - FeeAdmin = getText(findTestObject("verifikasi/Fee Admin checkout")): Text of object 'Object Repository/verifikasi/Fee Admin checkout' is: 'Fee Admin
Rp 1,500'

2023-10-05 15:41:51 - [MESSAGE][PASSED] - Text of object 'Object Repository/verifikasi/Fee Admin checkout' is: 'Fee Admin
Rp 1,500'

2023-10-05 15:41:51 - [TEST_STEP][PASSED] - Fee_Admin = FeeAdmin.substring(12, FeeAdmin.size()): null

2023-10-05 15:41:51 - [TEST_STEP][PASSED] - fee = Fee_Admin.replace(",", "."): null

2023-10-05 15:41:51 - [TEST_STEP][PASSED] - fee_admin = Double.parseDouble(fee): null

2023-10-05 15:41:51 - [TEST_STEP][PASSED] - println(fee_admin): null

2023-10-05 15:41:51 - [TEST_STEP][PASSED] - Subtotal = getText(findTestObject("verifikasi/subtotal checkout")): Text of object 'Object Repository/verifikasi/subtotal checkout' is: 'Subtotal
Rp 1,299'

2023-10-05 15:41:51 - [MESSAGE][PASSED] - Text of object 'Object Repository/verifikasi/subtotal checkout' is: 'Subtotal
Rp 1,299'

2023-10-05 15:41:51 - [TEST_STEP][PASSED] - sub_total = Subtotal.substring(12, Subtotal.size()): null

2023-10-05 15:41:51 - [TEST_STEP][PASSED] - sub = sub_total.replace(",", "."): null

2023-10-05 15:41:51 - [TEST_STEP][PASSED] - sub_total = Double.parseDouble(sub): null

2023-10-05 15:41:51 - [TEST_STEP][PASSED] - println(sub_total): null

2023-10-05 15:41:51 - [TEST_STEP][PASSED] - Total = getText(findTestObject("verifikasi/Total checkout")): Text of object 'Object Repository/verifikasi/Total checkout' is: 'Rp 7,799'

2023-10-05 15:41:52 - [MESSAGE][PASSED] - Text of object 'Object Repository/verifikasi/Total checkout' is: 'Rp 7,799'

2023-10-05 15:41:52 - [TEST_STEP][PASSED] - totall = Total.substring(3, Total.size()): null

2023-10-05 15:41:52 - [TEST_STEP][PASSED] - total = totall.replace(",", "."): null

2023-10-05 15:41:52 - [TEST_STEP][PASSED] - totall = Double.parseDouble(total): null

2023-10-05 15:41:52 - [TEST_STEP][PASSED] - println(totall): null

2023-10-05 15:41:52 - [TEST_STEP][PASSED] - Total_Harga = Ongkos_kirim + fee_admin + sub_total: null

2023-10-05 15:41:52 - [TEST_STEP][PASSED] - println(Total_Harga): null

2023-10-05 15:41:52 - [TEST_STEP][PASSED] - TotalHarga = Math.round(Total_Harga * 1000) / 1000: null

2023-10-05 15:41:52 - [TEST_STEP][PASSED] - println(TotalHarga): null

2023-10-05 15:41:52 - [TEST_STEP][PASSED] - assert totall == TotalHarga: null

2023-10-05 15:41:52 - [TEST_STEP][PASSED] - click(findTestObject("verifikasi/Metode Transfer")): Object: 'Object Repository/verifikasi/Metode Transfer' is clicked on

2023-10-05 15:41:52 - [MESSAGE][PASSED] - Object: 'Object Repository/verifikasi/Metode Transfer' is clicked on

2023-10-05 15:41:52 - [TEST_STEP][PASSED] - click(findTestObject("checkout/button_Proses Pembayaran")): Object: 'Object Repository/checkout/button_Proses Pembayaran' is clicked on

2023-10-05 15:42:00 - [MESSAGE][PASSED] - Object: 'Object Repository/checkout/button_Proses Pembayaran' is clicked on

2023-10-05 15:42:00 - [TEST_STEP][PASSED] - verifyElementPresent(findTestObject("pembayaran/Tittle nomor invoice"), 0): Object 'Object Repository/pembayaran/Tittle nomor invoice' is present

2023-10-05 15:42:00 - [MESSAGE][WARNING] - Timeout '0' is invalid. Using default page load timeout: '30'

2023-10-05 15:42:00 - [MESSAGE][PASSED] - Object 'Object Repository/pembayaran/Tittle nomor invoice' is present

2023-10-05 15:42:00 - [TEST_STEP][PASSED] - return data: null

2023-10-05 15:42:00 - [MESSAGE][PASSED] - Call Test Case 'Test Cases/T13 Pembelian, Shipment dan Pembayaran/PBL-004' successfully

2023-10-05 15:42:00 - [TEST_STEP][PASSED] - Invoice = getText(findTestObject("pembayaran/nomor invoice")): Text of object 'Object Repository/pembayaran/nomor invoice' is: 'TRX60.20231005154156'

2023-10-05 15:42:01 - [MESSAGE][PASSED] - Text of object 'Object Repository/pembayaran/nomor invoice' is: 'TRX60.20231005154156'

2023-10-05 15:42:01 - [TEST_STEP][PASSED] - data.put("invoice", Invoice): null

2023-10-05 15:42:01 - [TEST_STEP][PASSED] - NamaPemesan = getText(findTestObject("Konfirmasi pesanan shop/Nama pemesan")): Text of object 'Object Repository/Konfirmasi pesanan shop/Nama pemesan' is: 'irfan.afandi'

2023-10-05 15:42:01 - [MESSAGE][PASSED] - Text of object 'Object Repository/Konfirmasi pesanan shop/Nama pemesan' is: 'irfan.afandi'

2023-10-05 15:42:01 - [TEST_STEP][PASSED] - Nama = getText(findTestObject("pembayaran/Nama barang")): Text of object 'Object Repository/pembayaran/Nama barang' is: 'Segitiga Instan Madeira - MDB5.3 Sunset'

2023-10-05 15:42:02 - [MESSAGE][PASSED] - Text of object 'Object Repository/pembayaran/Nama barang' is: 'Segitiga Instan Madeira - MDB5.3 Sunset'

2023-10-05 15:42:02 - [TEST_STEP][PASSED] - Harga = getText(findTestObject("pembayaran/Harga barang")): Text of object 'Object Repository/pembayaran/Harga barang' is: '1,299'

2023-10-05 15:42:02 - [MESSAGE][PASSED] - Text of object 'Object Repository/pembayaran/Harga barang' is: '1,299'

2023-10-05 15:42:02 - [TEST_STEP][PASSED] - name_product = data.get("nama_barang"): null

2023-10-05 15:42:02 - [TEST_STEP][PASSED] - price_product = data.get("price_barang"): null

2023-10-05 15:42:02 - [TEST_STEP][PASSED] - assert name_product.contains(Nama): null

2023-10-05 15:42:02 - [TEST_STEP][PASSED] - assert price_product.contains(Harga): null

2023-10-05 15:42:02 - [TEST_STEP][PASSED] - warnaa = getText(findTestObject("pembayaran/warna")): Text of object 'Object Repository/pembayaran/warna' is: 'Merah'

2023-10-05 15:42:03 - [MESSAGE][PASSED] - Text of object 'Object Repository/pembayaran/warna' is: 'Merah'

2023-10-05 15:42:03 - [TEST_STEP][PASSED] - ukurann = getText(findTestObject("pembayaran/ukuran")): Text of object 'Object Repository/pembayaran/ukuran' is: 'Menengah'

2023-10-05 15:42:03 - [MESSAGE][PASSED] - Text of object 'Object Repository/pembayaran/ukuran' is: 'Menengah'

2023-10-05 15:42:03 - [TEST_STEP][PASSED] - warna1 = data.get("Warna"): null

2023-10-05 15:42:03 - [TEST_STEP][PASSED] - ukuran1 = data.get("Ukuran"): null

2023-10-05 15:42:03 - [TEST_STEP][PASSED] - assert warnaa == warna1: null

2023-10-05 15:42:03 - [TEST_STEP][PASSED] - assert ukurann == ukuran1: null

2023-10-05 15:42:03 - [TEST_STEP][PASSED] - statusPembelian = getText(findTestObject("verifikasi/Status pending di pembelian")): Text of object 'Object Repository/verifikasi/Status pending di pembelian' is: 'Pending'

2023-10-05 15:42:04 - [MESSAGE][PASSED] - Text of object 'Object Repository/verifikasi/Status pending di pembelian' is: 'Pending'

2023-10-05 15:42:04 - [TEST_STEP][PASSED] - data.put("statusPem", statusPembelian): null

2023-10-05 15:42:04 - [TEST_STEP][PASSED] - OngkosKirim = getText(findTestObject("pembayaran/ongkos kirim")): Text of object 'Object Repository/pembayaran/ongkos kirim' is: 'Rp 5,000'

2023-10-05 15:42:04 - [MESSAGE][PASSED] - Text of object 'Object Repository/pembayaran/ongkos kirim' is: 'Rp 5,000'

2023-10-05 15:42:04 - [TEST_STEP][PASSED] - Ongkos = OngkosKirim.substring(3, OngkosKirim.size()): null

2023-10-05 15:42:04 - [TEST_STEP][PASSED] - rep = Ongkos.replace(",", ""): null

2023-10-05 15:42:04 - [TEST_STEP][PASSED] - Ongkos_kirimm = Integer.parseInt(rep): null

2023-10-05 15:42:04 - [TEST_STEP][PASSED] - println(Ongkos_kirimm): null

2023-10-05 15:42:04 - [TEST_STEP][PASSED] - FeeAdmin = getText(findTestObject("pembayaran/fee admin")): Text of object 'Object Repository/pembayaran/fee admin' is: 'Rp 1,500'

2023-10-05 15:42:05 - [MESSAGE][PASSED] - Text of object 'Object Repository/pembayaran/fee admin' is: 'Rp 1,500'

2023-10-05 15:42:05 - [TEST_STEP][PASSED] - Fee_Admin = FeeAdmin.substring(3, FeeAdmin.size()): null

2023-10-05 15:42:05 - [TEST_STEP][PASSED] - fee = Fee_Admin.replace(",", ""): null

2023-10-05 15:42:05 - [TEST_STEP][PASSED] - fee_adminn = Integer.parseInt(fee): null

2023-10-05 15:42:05 - [TEST_STEP][PASSED] - println(fee_adminn): null

2023-10-05 15:42:05 - [TEST_STEP][PASSED] - Subtotal = getText(findTestObject("pembayaran/subtotal")): Text of object 'Object Repository/pembayaran/subtotal' is: 'Rp 1,299'

2023-10-05 15:42:05 - [MESSAGE][PASSED] - Text of object 'Object Repository/pembayaran/subtotal' is: 'Rp 1,299'

2023-10-05 15:42:05 - [TEST_STEP][PASSED] - sub_total = Subtotal.substring(3, Subtotal.size()): null

2023-10-05 15:42:05 - [TEST_STEP][PASSED] - sub = sub_total.replace(",", ""): null

2023-10-05 15:42:05 - [TEST_STEP][PASSED] - sub_totall = Integer.parseInt(sub): null

2023-10-05 15:42:05 - [TEST_STEP][PASSED] - println(sub_totall): null

2023-10-05 15:42:05 - [TEST_STEP][PASSED] - unik = getText(findTestObject("pembayaran/kode unik")): Text of object 'Object Repository/pembayaran/kode unik' is: '+156'

2023-10-05 15:42:06 - [MESSAGE][PASSED] - Text of object 'Object Repository/pembayaran/kode unik' is: '+156'

2023-10-05 15:42:06 - [TEST_STEP][PASSED] - unikk = unik.replace("+", ""): null

2023-10-05 15:42:06 - [TEST_STEP][PASSED] - kode_unik = Integer.parseInt(unikk): null

2023-10-05 15:42:06 - [TEST_STEP][PASSED] - println(kode_unik): null

2023-10-05 15:42:06 - [TEST_STEP][PASSED] - Total = getText(findTestObject("pembayaran/total")): Text of object 'Object Repository/pembayaran/total' is: '7,955'

2023-10-05 15:42:06 - [MESSAGE][PASSED] - Text of object 'Object Repository/pembayaran/total' is: '7,955'

2023-10-05 15:42:06 - [TEST_STEP][PASSED] - total = Total.replace(",", ""): null

2023-10-05 15:42:06 - [TEST_STEP][PASSED] - totalll = Integer.parseInt(total): null

2023-10-05 15:42:06 - [TEST_STEP][PASSED] - println(totalll): null

2023-10-05 15:42:06 - [TEST_STEP][PASSED] - Total_Hargaa = Ongkos_kirimm + fee_adminn + sub_totall + kode_unik: null

2023-10-05 15:42:06 - [TEST_STEP][PASSED] - println(Total_Hargaa): null

2023-10-05 15:42:06 - [TEST_STEP][PASSED] - assert totalll == Total_Hargaa: null

2023-10-05 15:42:06 - [TEST_STEP][PASSED] - data.put("total", Total): null

2023-10-05 15:42:06 - [TEST_STEP][PASSED] - data.put("nama", NamaPemesan): null

2023-10-05 15:42:06 - [TEST_STEP][PASSED] - return data: null

2023-10-05 15:42:06 - [MESSAGE][PASSED] - Call Test Case 'Test Cases/T13 Pembelian, Shipment dan Pembayaran/PBY-001' successfully

2023-10-05 15:42:06 - [TEST_STEP][PASSED] - inv = data.get("invoice"): null

2023-10-05 15:42:06 - [TEST_STEP][PASSED] - Total = data.get("total"): null

2023-10-05 15:42:06 - [TEST_STEP][PASSED] - NamaPemesan = data.get("nama"): null

2023-10-05 15:42:06 - [TEST_STEP][PASSED] - click(findTestObject("Konfirmasi pesanan shop/Menu Shop")): Object: 'Object Repository/Konfirmasi pesanan shop/Menu Shop' is clicked on

2023-10-05 15:42:08 - [MESSAGE][PASSED] - Object: 'Object Repository/Konfirmasi pesanan shop/Menu Shop' is clicked on

2023-10-05 15:42:08 - [TEST_STEP][PASSED] - click(findTestObject("Konfirmasi pesanan shop/Menu Shop")): Object: 'Object Repository/Konfirmasi pesanan shop/Menu Shop' is clicked on

2023-10-05 15:42:08 - [MESSAGE][PASSED] - Object: 'Object Repository/Konfirmasi pesanan shop/Menu Shop' is clicked on

2023-10-05 15:42:08 - [TEST_STEP][PASSED] - click(findTestObject("Konfirmasi pesanan shop/Konfirmasi Orders")): Object: 'Object Repository/Konfirmasi pesanan shop/Konfirmasi Orders' is clicked on

2023-10-05 15:42:09 - [MESSAGE][PASSED] - Object: 'Object Repository/Konfirmasi pesanan shop/Konfirmasi Orders' is clicked on

2023-10-05 15:42:09 - [TEST_STEP][PASSED] - verifyElementPresent(findTestObject("Konfirmasi pesanan shop/Tittle Konfirmasi Pesanan"), 0): Object 'Object Repository/Konfirmasi pesanan shop/Tittle Konfirmasi Pesanan' is present

2023-10-05 15:42:09 - [MESSAGE][WARNING] - Timeout '0' is invalid. Using default page load timeout: '30'

2023-10-05 15:42:10 - [MESSAGE][PASSED] - Object 'Object Repository/Konfirmasi pesanan shop/Tittle Konfirmasi Pesanan' is present

2023-10-05 15:42:10 - [TEST_STEP][PASSED] - setText(findTestObject("Konfirmasi pesanan shop/input_No Pesanan"), inv): Text 'TRX60.20231005154156' is set on object 'Object Repository/Konfirmasi pesanan shop/input_No Pesanan'

2023-10-05 15:42:10 - [MESSAGE][PASSED] - Text 'TRX60.20231005154156' is set on object 'Object Repository/Konfirmasi pesanan shop/input_No Pesanan'

2023-10-05 15:42:10 - [TEST_STEP][PASSED] - setText(findTestObject("Konfirmasi pesanan shop/input_Alamat E-mai"), "irfan@gmail.com"): Text 'irfan@gmail.com' is set on object 'Object Repository/Konfirmasi pesanan shop/input_Alamat E-mai'

2023-10-05 15:42:11 - [MESSAGE][PASSED] - Text 'irfan@gmail.com' is set on object 'Object Repository/Konfirmasi pesanan shop/input_Alamat E-mai'

2023-10-05 15:42:11 - [TEST_STEP][PASSED] - click(findTestObject("Konfirmasi pesanan shop/button_Submit")): Object: 'Object Repository/Konfirmasi pesanan shop/button_Submit' is clicked on

2023-10-05 15:42:13 - [MESSAGE][PASSED] - Object: 'Object Repository/Konfirmasi pesanan shop/button_Submit' is clicked on

2023-10-05 15:42:13 - [TEST_STEP][PASSED] - verifyElementPresent(findTestObject("Konfirmasi pesanan shop/Tittle nomor invoice"), 0): Object 'Object Repository/Konfirmasi pesanan shop/Tittle nomor invoice' is present

2023-10-05 15:42:13 - [MESSAGE][WARNING] - Timeout '0' is invalid. Using default page load timeout: '30'

2023-10-05 15:42:13 - [MESSAGE][PASSED] - Object 'Object Repository/Konfirmasi pesanan shop/Tittle nomor invoice' is present

2023-10-05 15:42:13 - [TEST_STEP][PASSED] - setText(findTestObject("Konfirmasi pesanan shop/input_Total TagihanTransfer_b"), Total): Text '7,955' is set on object 'Object Repository/Konfirmasi pesanan shop/input_Total TagihanTransfer_b'

2023-10-05 15:42:14 - [MESSAGE][PASSED] - Text '7,955' is set on object 'Object Repository/Konfirmasi pesanan shop/input_Total TagihanTransfer_b'

2023-10-05 15:42:14 - [TEST_STEP][PASSED] - selectOptionByValue(findTestObject("Konfirmasi pesanan shop/select_Bank"), "4", false): All options with value '4' are selected in object 'Object Repository/Konfirmasi pesanan shop/select_Bank' 

2023-10-05 15:42:15 - [MESSAGE][PASSED] - All options with value '4' are selected in object 'Object Repository/Konfirmasi pesanan shop/select_Bank' 

2023-10-05 15:42:15 - [TEST_STEP][PASSED] - setText(findTestObject("Konfirmasi pesanan shop/input_Nama Pengirim_d"), NamaPemesan): Text 'irfan.afandi' is set on object 'Object Repository/Konfirmasi pesanan shop/input_Nama Pengirim_d'

2023-10-05 15:42:16 - [MESSAGE][PASSED] - Text 'irfan.afandi' is set on object 'Object Repository/Konfirmasi pesanan shop/input_Nama Pengirim_d'

2023-10-05 15:42:16 - [TEST_STEP][PASSED] - uploadFile(findTestObject("keranjang/konfirmasi/input_Upload Bukti Transfer_f"), "C:\Users\IRFAN\Downloads\Berkas2.pdf"): File 'C:\Users\IRFAN\Downloads\Berkas2.pdf' sent to object: 'Object Repository/keranjang/konfirmasi/input_Upload Bukti Transfer_f'

2023-10-05 15:42:16 - [MESSAGE][PASSED] - File 'C:\Users\IRFAN\Downloads\Berkas2.pdf' sent to object: 'Object Repository/keranjang/konfirmasi/input_Upload Bukti Transfer_f'

2023-10-05 15:42:16 - [TEST_STEP][PASSED] - click(findTestObject("Konfirmasi pesanan shop/button_Konfirmasi Pembayaran")): Object: 'Object Repository/Konfirmasi pesanan shop/button_Konfirmasi Pembayaran' is clicked on

2023-10-05 15:42:17 - [MESSAGE][PASSED] - Object: 'Object Repository/Konfirmasi pesanan shop/button_Konfirmasi Pembayaran' is clicked on

2023-10-05 15:42:17 - [TEST_STEP][PASSED] - verifyElementPresent(findTestObject("Konfirmasi pesanan shop/Tittle Konfirmasi Pesanan"), 0): Object 'Object Repository/Konfirmasi pesanan shop/Tittle Konfirmasi Pesanan' is present

2023-10-05 15:42:18 - [MESSAGE][WARNING] - Timeout '0' is invalid. Using default page load timeout: '30'

2023-10-05 15:42:18 - [MESSAGE][PASSED] - Object 'Object Repository/Konfirmasi pesanan shop/Tittle Konfirmasi Pesanan' is present

2023-10-05 15:42:18 - [TEST_STEP][PASSED] - verifyElementPresent(findTestObject("Konfirmasi pesanan shop/Tittle massage succes Konfirmasi Pembayaran Pesanan"), 0): Object 'Object Repository/Konfirmasi pesanan shop/Tittle massage succes Konfirmasi Pembayaran Pesanan' is present

2023-10-05 15:42:18 - [MESSAGE][WARNING] - Timeout '0' is invalid. Using default page load timeout: '30'

2023-10-05 15:42:18 - [MESSAGE][PASSED] - Object 'Object Repository/Konfirmasi pesanan shop/Tittle massage succes Konfirmasi Pembayaran Pesanan' is present

2023-10-05 15:42:18 - [TEST_STEP][PASSED] - return data: null

2023-10-05 15:42:18 - [MESSAGE][PASSED] - Call Test Case 'Test Cases/T13 Pembelian, Shipment dan Pembayaran/PBY-004' successfully

2023-10-05 15:42:18 - [TEST_STEP][PASSED] - navigateToUrl("https://10.9.2.63/ecommerce/administrator/"): Navigate to 'https://10.9.2.63/ecommerce/administrator/' successfully

2023-10-05 15:42:19 - [MESSAGE][PASSED] - Navigate to 'https://10.9.2.63/ecommerce/administrator/' successfully

2023-10-05 15:42:19 - [TEST_STEP][PASSED] - verifyElementPresent(findTestObject("admin/Tittle ADMIN Login"), 0): Object 'Object Repository/admin/Tittle ADMIN Login' is present

2023-10-05 15:42:19 - [MESSAGE][WARNING] - Timeout '0' is invalid. Using default page load timeout: '30'

2023-10-05 15:42:20 - [MESSAGE][PASSED] - Object 'Object Repository/admin/Tittle ADMIN Login' is present

2023-10-05 15:42:20 - [TEST_STEP][PASSED] - setText(findTestObject("admin/Username"), "admin"): Text 'admin' is set on object 'Object Repository/admin/Username'

2023-10-05 15:42:20 - [MESSAGE][PASSED] - Text 'admin' is set on object 'Object Repository/admin/Username'

2023-10-05 15:42:20 - [TEST_STEP][PASSED] - setText(findTestObject("admin/Password"), "123admin123"): Text '123admin123' is set on object 'Object Repository/admin/Password'

2023-10-05 15:42:21 - [MESSAGE][PASSED] - Text '123admin123' is set on object 'Object Repository/admin/Password'

2023-10-05 15:42:21 - [TEST_STEP][PASSED] - click(findTestObject("admin/Remember Me")): Object: 'Object Repository/admin/Remember Me' is clicked on

2023-10-05 15:42:21 - [MESSAGE][PASSED] - Object: 'Object Repository/admin/Remember Me' is clicked on

2023-10-05 15:42:21 - [TEST_STEP][PASSED] - delay(10): Delayed 10 second(s)

2023-10-05 15:42:31 - [MESSAGE][PASSED] - Delayed 10 second(s)

2023-10-05 15:42:31 - [TEST_STEP][PASSED] - click(findTestObject("admin/buttom submit")): Object: 'Object Repository/admin/buttom submit' is clicked on

2023-10-05 15:42:33 - [MESSAGE][PASSED] - Object: 'Object Repository/admin/buttom submit' is clicked on

2023-10-05 15:42:33 - [TEST_STEP][PASSED] - verifyElementPresent(findTestObject("admin/Konf order konsumen/Tittle Dashboard"), 0): Object 'Object Repository/admin/Konf order konsumen/Tittle Dashboard' is present

2023-10-05 15:42:33 - [MESSAGE][WARNING] - Timeout '0' is invalid. Using default page load timeout: '30'

2023-10-05 15:42:33 - [MESSAGE][PASSED] - Object 'Object Repository/admin/Konf order konsumen/Tittle Dashboard' is present

2023-10-05 15:42:33 - [TEST_STEP][PASSED] - click(findTestObject("admin/Konf order konsumen/Menu Transaksi Market")): Object: 'Object Repository/admin/Konf order konsumen/Menu Transaksi Market' is clicked on

2023-10-05 15:42:34 - [MESSAGE][PASSED] - Object: 'Object Repository/admin/Konf order konsumen/Menu Transaksi Market' is clicked on

2023-10-05 15:42:34 - [TEST_STEP][PASSED] - click(findTestObject("admin/Konf order konsumen/Menu Konf. Order Konsumen")): Object: 'Object Repository/admin/Konf order konsumen/Menu Konf. Order Konsumen' is clicked on

2023-10-05 15:42:35 - [MESSAGE][PASSED] - Object: 'Object Repository/admin/Konf order konsumen/Menu Konf. Order Konsumen' is clicked on

2023-10-05 15:42:35 - [TEST_STEP][PASSED] - verifyElementPresent(findTestObject("admin/Konf order konsumen/Tittle Data Konfirmasi Pembayaran Konsumen"), 0): Object 'Object Repository/admin/Konf order konsumen/Tittle Data Konfirmasi Pembayaran Konsumen' is present

2023-10-05 15:42:35 - [MESSAGE][WARNING] - Timeout '0' is invalid. Using default page load timeout: '30'

2023-10-05 15:42:35 - [MESSAGE][PASSED] - Object 'Object Repository/admin/Konf order konsumen/Tittle Data Konfirmasi Pembayaran Konsumen' is present

2023-10-05 15:42:35 - [TEST_STEP][PASSED] - inv = data.get("invoice"): null

2023-10-05 15:42:35 - [TEST_STEP][PASSED] - setText(findTestObject("admin/Konf order konsumen/Search"), inv): Text 'TRX60.20231005154156' is set on object 'Object Repository/admin/Konf order konsumen/Search'

2023-10-05 15:42:36 - [MESSAGE][PASSED] - Text 'TRX60.20231005154156' is set on object 'Object Repository/admin/Konf order konsumen/Search'

2023-10-05 15:42:36 - [TEST_STEP][PASSED] - verifyElementText(findTestObject("admin/Konf order konsumen/Keterangan Lunas"), "Lunas"): Actual text and expected text of test object 'Object Repository/admin/Konf order konsumen/Keterangan Lunas' are matched.

2023-10-05 15:42:37 - [MESSAGE][PASSED] - Actual text and expected text of test object 'Object Repository/admin/Konf order konsumen/Keterangan Lunas' are matched.

2023-10-05 15:42:37 - [TEST_STEP][PASSED] - return data: null

2023-10-05 15:42:37 - [MESSAGE][PASSED] - Call Test Case 'Test Cases/T13 Pembelian, Shipment dan Pembayaran/PBYA-001' successfully

2023-10-05 15:42:37 - [TEST_STEP][PASSED] - click(findTestObject("admin/Penjualan ke konsumen/buttom Dashboard")): Object: 'Object Repository/admin/Penjualan ke konsumen/buttom Dashboard' is clicked on

2023-10-05 15:42:38 - [MESSAGE][PASSED] - Object: 'Object Repository/admin/Penjualan ke konsumen/buttom Dashboard' is clicked on

2023-10-05 15:42:38 - [TEST_STEP][PASSED] - click(findTestObject("admin/Konf order konsumen/Menu Transaksi Market")): Object: 'Object Repository/admin/Konf order konsumen/Menu Transaksi Market' is clicked on

2023-10-05 15:42:38 - [MESSAGE][PASSED] - Object: 'Object Repository/admin/Konf order konsumen/Menu Transaksi Market' is clicked on

2023-10-05 15:42:38 - [TEST_STEP][PASSED] - click(findTestObject("admin/Penjualan ke konsumen/a_Penjualan ke Konsumen")): Object: 'Object Repository/admin/Penjualan ke konsumen/a_Penjualan ke Konsumen' is clicked on

2023-10-05 15:42:41 - [MESSAGE][PASSED] - Object: 'Object Repository/admin/Penjualan ke konsumen/a_Penjualan ke Konsumen' is clicked on

2023-10-05 15:42:41 - [TEST_STEP][PASSED] - verifyElementPresent(findTestObject("admin/Tittle Data Transaksi Penjualan  Orderan Konsumen"), 0): Object 'Object Repository/admin/Tittle Data Transaksi Penjualan  Orderan Konsumen' is present

2023-10-05 15:42:41 - [MESSAGE][WARNING] - Timeout '0' is invalid. Using default page load timeout: '30'

2023-10-05 15:42:42 - [MESSAGE][PASSED] - Object 'Object Repository/admin/Tittle Data Transaksi Penjualan  Orderan Konsumen' is present

2023-10-05 15:42:42 - [TEST_STEP][PASSED] - return data: null

2023-10-05 15:42:42 - [MESSAGE][PASSED] - Call Test Case 'Test Cases/T13 Pembelian, Shipment dan Pembayaran/SA-001' successfully

2023-10-05 15:42:42 - [TEST_STEP][PASSED] - inv = data.get("invoice"): null

2023-10-05 15:42:42 - [TEST_STEP][PASSED] - setText(findTestObject("admin/Penjualan ke konsumen/Search"), inv): Text 'TRX60.20231005154156' is set on object 'Object Repository/admin/Penjualan ke konsumen/Search'

2023-10-05 15:42:43 - [MESSAGE][PASSED] - Text 'TRX60.20231005154156' is set on object 'Object Repository/admin/Penjualan ke konsumen/Search'

2023-10-05 15:42:43 - [TEST_STEP][PASSED] - click(findTestObject("admin/Penjualan ke konsumen/buttom konfirmasi pending payment"), CONTINUE_ON_FAILURE): Object: 'Object Repository/admin/Penjualan ke konsumen/buttom konfirmasi pending payment' is clicked on

2023-10-05 15:42:43 - [MESSAGE][PASSED] - Object: 'Object Repository/admin/Penjualan ke konsumen/buttom konfirmasi pending payment' is clicked on

2023-10-05 15:42:43 - [TEST_STEP][PASSED] - waitForAlert(5, OPTIONAL): Alert is present after 5 second(s).

2023-10-05 15:42:43 - [MESSAGE][PASSED] - Alert is present after 5 second(s).

2023-10-05 15:42:43 - [TEST_STEP][PASSED] - acceptAlert(): Alert accepted

2023-10-05 15:42:43 - [MESSAGE][PASSED] - Alert accepted

2023-10-05 15:42:43 - [TEST_STEP][PASSED] - setText(findTestObject("admin/Penjualan ke konsumen/Search"), inv): Text 'TRX60.20231005154156' is set on object 'Object Repository/admin/Penjualan ke konsumen/Search'

2023-10-05 15:42:51 - [MESSAGE][PASSED] - Text 'TRX60.20231005154156' is set on object 'Object Repository/admin/Penjualan ke konsumen/Search'

2023-10-05 15:42:51 - [TEST_STEP][PASSED] - verifyTextNotPresent("pending payment", false): Text 'pending payment' is not present on page

2023-10-05 15:42:52 - [MESSAGE][PASSED] - Text 'pending payment' is not present on page

2023-10-05 15:42:52 - [TEST_STEP][PASSED] - return data: null

2023-10-05 15:42:52 - [MESSAGE][PASSED] - Call Test Case 'Test Cases/T13 Pembelian, Shipment dan Pembayaran/SA-002' successfully

2023-10-05 15:42:52 - [TEST_STEP][PASSED] - click(findTestObject("admin/Penjualan ke konsumen/buttom scroldown")): Object: 'Object Repository/admin/Penjualan ke konsumen/buttom scroldown' is clicked on

2023-10-05 15:42:52 - [MESSAGE][PASSED] - Object: 'Object Repository/admin/Penjualan ke konsumen/buttom scroldown' is clicked on

2023-10-05 15:42:52 - [TEST_STEP][PASSED] - click(findTestObject("admin/Penjualan ke konsumen/Dikirim"), CONTINUE_ON_FAILURE): Object: 'Object Repository/admin/Penjualan ke konsumen/Dikirim' is clicked on

2023-10-05 15:42:53 - [MESSAGE][PASSED] - Object: 'Object Repository/admin/Penjualan ke konsumen/Dikirim' is clicked on

2023-10-05 15:42:53 - [TEST_STEP][PASSED] - waitForAlert(5, OPTIONAL): Alert is present after 5 second(s).

2023-10-05 15:42:53 - [MESSAGE][PASSED] - Alert is present after 5 second(s).

2023-10-05 15:42:53 - [TEST_STEP][PASSED] - acceptAlert(): Alert accepted

2023-10-05 15:42:53 - [MESSAGE][PASSED] - Alert accepted

2023-10-05 15:42:53 - [TEST_STEP][PASSED] - inv = data.get("invoice"): null

2023-10-05 15:42:53 - [TEST_STEP][PASSED] - setText(findTestObject("admin/Penjualan ke konsumen/Search"), inv): Text 'TRX60.20231005154156' is set on object 'Object Repository/admin/Penjualan ke konsumen/Search'

2023-10-05 15:43:01 - [MESSAGE][PASSED] - Text 'TRX60.20231005154156' is set on object 'Object Repository/admin/Penjualan ke konsumen/Search'

2023-10-05 15:43:01 - [TEST_STEP][PASSED] - delay(10): Delayed 10 second(s)

2023-10-05 15:43:11 - [MESSAGE][PASSED] - Delayed 10 second(s)

2023-10-05 15:43:11 - [TEST_STEP][PASSED] - verifyElementText(findTestObject("PROSES PENJUALAN/Dikirim"), "Dikirim"): Actual text and expected text of test object 'Object Repository/PROSES PENJUALAN/Dikirim' are matched.

2023-10-05 15:43:11 - [MESSAGE][PASSED] - Actual text and expected text of test object 'Object Repository/PROSES PENJUALAN/Dikirim' are matched.

2023-10-05 15:43:11 - [TEST_STEP][PASSED] - dikirim = getText(findTestObject("PROSES PENJUALAN/Dikirim")): Text of object 'Object Repository/PROSES PENJUALAN/Dikirim' is: 'Dikirim'

2023-10-05 15:43:12 - [MESSAGE][PASSED] - Text of object 'Object Repository/PROSES PENJUALAN/Dikirim' is: 'Dikirim'

2023-10-05 15:43:12 - [TEST_STEP][PASSED] - data.put("statuskirim", dikirim): null

2023-10-05 15:43:12 - [TEST_STEP][PASSED] - return data: null

2023-10-05 15:43:12 - [MESSAGE][PASSED] - Call Test Case 'Test Cases/T13 Pembelian, Shipment dan Pembayaran/SA-004' successfully

2023-10-05 15:43:12 - [TEST_STEP][PASSED] - openBrowser("https://10.9.2.63/ecommerce/"): Browser is opened with url: 'https://10.9.2.63/ecommerce/'

2023-10-05 15:43:12 - [MESSAGE][WARNING] - A browser is already opened. Closing browser and opening a new one

2023-10-05 15:43:12 - [MESSAGE][INFO] - Starting 'Edge Chromium' driver

2023-10-05 15:43:12 - [MESSAGE][INFO] - User set preference: ['acceptInsecureCerts', 'true']

2023-10-05 15:43:14 - [MESSAGE][INFO] - Action delay is set to 0 milliseconds

2023-10-05 15:43:19 - [MESSAGE][PASSED] - Browser is opened with url: 'https://10.9.2.63/ecommerce/'

2023-10-05 15:43:19 - [TEST_STEP][PASSED] - maximizeWindow(): Current window maximized

2023-10-05 15:43:19 - [MESSAGE][PASSED] - Current window maximized

2023-10-05 15:43:19 - [TEST_STEP][PASSED] - verifyElementPresent(findTestObject("Login/Home"), 0): Object 'Object Repository/Login/Home' is present

2023-10-05 15:43:19 - [MESSAGE][WARNING] - Timeout '0' is invalid. Using default page load timeout: '30'

2023-10-05 15:43:20 - [MESSAGE][PASSED] - Object 'Object Repository/Login/Home' is present

2023-10-05 15:43:20 - [TEST_STEP][PASSED] - click(findTestObject("Login/a_Login")): Object: 'Object Repository/Login/a_Login' is clicked on

2023-10-05 15:43:20 - [MESSAGE][PASSED] - Object: 'Object Repository/Login/a_Login' is clicked on

2023-10-05 15:43:20 - [TEST_STEP][PASSED] - verifyElementPresent(findTestObject("Login/Tittle Login"), 0): Object 'Object Repository/Login/Tittle Login' is present

2023-10-05 15:43:20 - [MESSAGE][WARNING] - Timeout '0' is invalid. Using default page load timeout: '30'

2023-10-05 15:43:21 - [MESSAGE][PASSED] - Object 'Object Repository/Login/Tittle Login' is present

2023-10-05 15:43:21 - [TEST_STEP][PASSED] - setText(findTestObject("Login/input_Username, Email atau No. Handphone_a"), "irfanafandi"): Text 'irfanafandi' is set on object 'Object Repository/Login/input_Username, Email atau No. Handphone_a'

2023-10-05 15:43:22 - [MESSAGE][PASSED] - Text 'irfanafandi' is set on object 'Object Repository/Login/input_Username, Email atau No. Handphone_a'

2023-10-05 15:43:22 - [TEST_STEP][PASSED] - setText(findTestObject("Login/input_Password_b"), "12345irfan"): Text '12345irfan' is set on object 'Object Repository/Login/input_Password_b'

2023-10-05 15:43:22 - [MESSAGE][PASSED] - Text '12345irfan' is set on object 'Object Repository/Login/input_Password_b'

2023-10-05 15:43:22 - [TEST_STEP][PASSED] - click(findTestObject("Login/button_Masuk")): Object: 'Object Repository/Login/button_Masuk' is clicked on

2023-10-05 15:43:23 - [MESSAGE][PASSED] - Object: 'Object Repository/Login/button_Masuk' is clicked on

2023-10-05 15:43:23 - [TEST_STEP][PASSED] - verifyElementPresent(findTestObject("Login/li_Profile"), 0): Object 'Object Repository/Login/li_Profile' is present

2023-10-05 15:43:24 - [MESSAGE][WARNING] - Timeout '0' is invalid. Using default page load timeout: '30'

2023-10-05 15:43:24 - [MESSAGE][PASSED] - Object 'Object Repository/Login/li_Profile' is present

2023-10-05 15:43:24 - [TEST_STEP][PASSED] - click(findTestObject("Konfirmasi pesanan shop/Menu Shop")): Object: 'Object Repository/Konfirmasi pesanan shop/Menu Shop' is clicked on

2023-10-05 15:43:25 - [MESSAGE][PASSED] - Object: 'Object Repository/Konfirmasi pesanan shop/Menu Shop' is clicked on

2023-10-05 15:43:25 - [TEST_STEP][PASSED] - click(findTestObject("Konfirmasi pesanan shop/Menu Shop")): Object: 'Object Repository/Konfirmasi pesanan shop/Menu Shop' is clicked on

2023-10-05 15:43:26 - [MESSAGE][PASSED] - Object: 'Object Repository/Konfirmasi pesanan shop/Menu Shop' is clicked on

2023-10-05 15:43:26 - [TEST_STEP][PASSED] - click(findTestObject("verifikasi/Orders Report")): Object: 'Object Repository/verifikasi/Orders Report' is clicked on

2023-10-05 15:43:27 - [MESSAGE][PASSED] - Object: 'Object Repository/verifikasi/Orders Report' is clicked on

2023-10-05 15:43:27 - [TEST_STEP][PASSED] - verifyElementPresent(findTestObject("Login/li_Profile"), 0): Object 'Object Repository/Login/li_Profile' is present

2023-10-05 15:43:27 - [MESSAGE][WARNING] - Timeout '0' is invalid. Using default page load timeout: '30'

2023-10-05 15:43:27 - [MESSAGE][PASSED] - Object 'Object Repository/Login/li_Profile' is present

2023-10-05 15:43:27 - [TEST_STEP][PASSED] - click(findTestObject("verifikasi/Sedang Dikirim")): Object: 'Object Repository/verifikasi/Sedang Dikirim' is clicked on

2023-10-05 15:43:28 - [MESSAGE][PASSED] - Object: 'Object Repository/verifikasi/Sedang Dikirim' is clicked on

2023-10-05 15:43:28 - [TEST_STEP][PASSED] - verifyElementPresent(findTestObject("verifikasi/Notifikasi angka"), 1): Object 'Object Repository/verifikasi/Notifikasi angka' is present

2023-10-05 15:43:28 - [MESSAGE][PASSED] - Object 'Object Repository/verifikasi/Notifikasi angka' is present

2023-10-05 15:43:28 - [TEST_STEP][PASSED] - dikirim = getText(findTestObject("verifikasi/status Dikirim di user"), STOP_ON_FAILURE): Text of object 'Object Repository/verifikasi/status Dikirim di user' is: 'Dikirim'

2023-10-05 15:43:29 - [MESSAGE][PASSED] - Text of object 'Object Repository/verifikasi/status Dikirim di user' is: 'Dikirim'

2023-10-05 15:43:29 - [TEST_STEP][PASSED] - statusDikirim = data.get("statuskirim"): null

2023-10-05 15:43:29 - [TEST_STEP][PASSED] - assert dikirim == statusDikirim: null]]></system-out>
         <system-err><![CDATA[]]></system-err>
      </testcase>
      <testcase name="Test Cases/T13 Pembelian, Shipment dan Pembayaran/SU-012" time="119.607" classname="Test Cases/T13 Pembelian, Shipment dan Pembayaran/SU-012" status="PASSED">
         <system-out><![CDATA[2023-10-05 15:43:29 - [TEST_CASE][PASSED] - Test Cases/T13 Pembelian, Shipment dan Pembayaran/SU-012: Test Cases/T13 Pembelian, Shipment dan Pembayaran/SU-012

2023-10-05 15:43:29 - [TEST_STEP][PASSED] - data = callTestCase(findTestCase("T13 Pembelian, Shipment dan Pembayaran/SA-005"), [:], STOP_ON_FAILURE): Call Test Case 'Test Cases/T13 Pembelian, Shipment dan Pembayaran/SA-005' successfully

2023-10-05 15:43:29 - [TEST_CASE][PASSED] - Test Cases/T13 Pembelian, Shipment dan Pembayaran/SA-005: Test Cases/T13 Pembelian, Shipment dan Pembayaran/SA-005

2023-10-05 15:43:29 - [TEST_STEP][PASSED] - data = callTestCase(findTestCase("T13 Pembelian, Shipment dan Pembayaran/SA-002"), [:], STOP_ON_FAILURE): Call Test Case 'Test Cases/T13 Pembelian, Shipment dan Pembayaran/SA-002' successfully

2023-10-05 15:43:29 - [TEST_CASE][PASSED] - Test Cases/T13 Pembelian, Shipment dan Pembayaran/SA-002: Test Cases/T13 Pembelian, Shipment dan Pembayaran/SA-002

2023-10-05 15:43:29 - [TEST_STEP][PASSED] - data = callTestCase(findTestCase("T13 Pembelian, Shipment dan Pembayaran/SA-001"), [:], STOP_ON_FAILURE): Call Test Case 'Test Cases/T13 Pembelian, Shipment dan Pembayaran/SA-001' successfully

2023-10-05 15:43:29 - [TEST_CASE][PASSED] - Test Cases/T13 Pembelian, Shipment dan Pembayaran/SA-001: Test Cases/T13 Pembelian, Shipment dan Pembayaran/SA-001

2023-10-05 15:43:29 - [TEST_STEP][PASSED] - data = callTestCase(findTestCase("T13 Pembelian, Shipment dan Pembayaran/PBYA-001"), [:], STOP_ON_FAILURE): Call Test Case 'Test Cases/T13 Pembelian, Shipment dan Pembayaran/PBYA-001' successfully

2023-10-05 15:43:29 - [TEST_CASE][PASSED] - Test Cases/T13 Pembelian, Shipment dan Pembayaran/PBYA-001: Test Cases/T13 Pembelian, Shipment dan Pembayaran/PBYA-001

2023-10-05 15:43:29 - [TEST_STEP][PASSED] - data = callTestCase(findTestCase("T13 Pembelian, Shipment dan Pembayaran/PBY-004"), [:], STOP_ON_FAILURE): Call Test Case 'Test Cases/T13 Pembelian, Shipment dan Pembayaran/PBY-004' successfully

2023-10-05 15:43:29 - [TEST_CASE][PASSED] - Test Cases/T13 Pembelian, Shipment dan Pembayaran/PBY-004: Test Cases/T13 Pembelian, Shipment dan Pembayaran/PBY-004

2023-10-05 15:43:29 - [TEST_STEP][PASSED] - data = callTestCase(findTestCase("T13 Pembelian, Shipment dan Pembayaran/PBY-001"), [:], STOP_ON_FAILURE): Call Test Case 'Test Cases/T13 Pembelian, Shipment dan Pembayaran/PBY-001' successfully

2023-10-05 15:43:30 - [TEST_CASE][PASSED] - Test Cases/T13 Pembelian, Shipment dan Pembayaran/PBY-001: Test Cases/T13 Pembelian, Shipment dan Pembayaran/PBY-001

2023-10-05 15:43:30 - [TEST_STEP][PASSED] - data = callTestCase(findTestCase("T13 Pembelian, Shipment dan Pembayaran/PBL-004"), ["Kurir":"Roda 2"], STOP_ON_FAILURE): Call Test Case 'Test Cases/T13 Pembelian, Shipment dan Pembayaran/PBL-004' successfully

2023-10-05 15:43:30 - [TEST_CASE][PASSED] - Test Cases/T13 Pembelian, Shipment dan Pembayaran/PBL-004: Test Cases/T13 Pembelian, Shipment dan Pembayaran/PBL-004

2023-10-05 15:43:30 - [TEST_STEP][PASSED] - data = callTestCase(findTestCase("T13 Pembelian, Shipment dan Pembayaran/PBL-002"), [:], STOP_ON_FAILURE): Call Test Case 'Test Cases/T13 Pembelian, Shipment dan Pembayaran/PBL-002' successfully

2023-10-05 15:43:30 - [TEST_CASE][PASSED] - Test Cases/T13 Pembelian, Shipment dan Pembayaran/PBL-002: Test Cases/T13 Pembelian, Shipment dan Pembayaran/PBL-002

2023-10-05 15:43:30 - [TEST_STEP][PASSED] - data = callTestCase(findTestCase("T13 Pembelian, Shipment dan Pembayaran/PBL-001"), [:], STOP_ON_FAILURE): Call Test Case 'Test Cases/T13 Pembelian, Shipment dan Pembayaran/PBL-001' successfully

2023-10-05 15:43:30 - [TEST_CASE][PASSED] - Test Cases/T13 Pembelian, Shipment dan Pembayaran/PBL-001: Test Cases/T13 Pembelian, Shipment dan Pembayaran/PBL-001

2023-10-05 15:43:30 - [TEST_STEP][PASSED] - callTestCase(findTestCase("T13 Pembelian, Shipment dan Pembayaran/LU-001"), ["username":"irfanafandi", "password":"12345irfan"], STOP_ON_FAILURE): Call Test Case 'Test Cases/T13 Pembelian, Shipment dan Pembayaran/LU-001' successfully

2023-10-05 15:43:30 - [TEST_CASE][PASSED] - Test Cases/T13 Pembelian, Shipment dan Pembayaran/LU-001: Test Cases/T13 Pembelian, Shipment dan Pembayaran/LU-001

2023-10-05 15:43:30 - [TEST_STEP][PASSED] - openBrowser("https://10.9.2.63/ecommerce/"): Browser is opened with url: 'https://10.9.2.63/ecommerce/'

2023-10-05 15:43:30 - [MESSAGE][WARNING] - A browser is already opened. Closing browser and opening a new one

2023-10-05 15:43:31 - [MESSAGE][INFO] - Starting 'Edge Chromium' driver

2023-10-05 15:43:31 - [MESSAGE][INFO] - User set preference: ['acceptInsecureCerts', 'true']

2023-10-05 15:43:33 - [MESSAGE][INFO] - Action delay is set to 0 milliseconds

2023-10-05 15:43:38 - [MESSAGE][PASSED] - Browser is opened with url: 'https://10.9.2.63/ecommerce/'

2023-10-05 15:43:38 - [TEST_STEP][PASSED] - maximizeWindow(): Current window maximized

2023-10-05 15:43:38 - [MESSAGE][PASSED] - Current window maximized

2023-10-05 15:43:38 - [TEST_STEP][PASSED] - verifyElementPresent(findTestObject("Login/Home"), 0): Object 'Object Repository/Login/Home' is present

2023-10-05 15:43:38 - [MESSAGE][WARNING] - Timeout '0' is invalid. Using default page load timeout: '30'

2023-10-05 15:43:39 - [MESSAGE][PASSED] - Object 'Object Repository/Login/Home' is present

2023-10-05 15:43:39 - [TEST_STEP][PASSED] - click(findTestObject("Login/a_Login")): Object: 'Object Repository/Login/a_Login' is clicked on

2023-10-05 15:43:39 - [MESSAGE][PASSED] - Object: 'Object Repository/Login/a_Login' is clicked on

2023-10-05 15:43:39 - [TEST_STEP][PASSED] - verifyElementPresent(findTestObject("Login/Tittle Login"), 0): Object 'Object Repository/Login/Tittle Login' is present

2023-10-05 15:43:39 - [MESSAGE][WARNING] - Timeout '0' is invalid. Using default page load timeout: '30'

2023-10-05 15:43:40 - [MESSAGE][PASSED] - Object 'Object Repository/Login/Tittle Login' is present

2023-10-05 15:43:40 - [TEST_STEP][PASSED] - setText(findTestObject("Login/input_Username, Email atau No. Handphone_a"), username): Text 'irfanafandi' is set on object 'Object Repository/Login/input_Username, Email atau No. Handphone_a'

2023-10-05 15:43:40 - [MESSAGE][PASSED] - Text 'irfanafandi' is set on object 'Object Repository/Login/input_Username, Email atau No. Handphone_a'

2023-10-05 15:43:40 - [TEST_STEP][PASSED] - setText(findTestObject("Login/input_Password_b"), password): Text '12345irfan' is set on object 'Object Repository/Login/input_Password_b'

2023-10-05 15:43:41 - [MESSAGE][PASSED] - Text '12345irfan' is set on object 'Object Repository/Login/input_Password_b'

2023-10-05 15:43:41 - [TEST_STEP][PASSED] - click(findTestObject("Login/label_Ingat saya")): Object: 'Object Repository/Login/label_Ingat saya' is clicked on

2023-10-05 15:43:42 - [MESSAGE][PASSED] - Object: 'Object Repository/Login/label_Ingat saya' is clicked on

2023-10-05 15:43:42 - [TEST_STEP][PASSED] - click(findTestObject("Login/button_Masuk")): Object: 'Object Repository/Login/button_Masuk' is clicked on

2023-10-05 15:43:43 - [MESSAGE][PASSED] - Object: 'Object Repository/Login/button_Masuk' is clicked on

2023-10-05 15:43:43 - [TEST_STEP][PASSED] - verifyElementPresent(findTestObject("Login/li_Profile"), 0): Object 'Object Repository/Login/li_Profile' is present

2023-10-05 15:43:43 - [MESSAGE][WARNING] - Timeout '0' is invalid. Using default page load timeout: '30'

2023-10-05 15:43:44 - [MESSAGE][PASSED] - Object 'Object Repository/Login/li_Profile' is present

2023-10-05 15:43:44 - [MESSAGE][PASSED] - Call Test Case 'Test Cases/T13 Pembelian, Shipment dan Pembayaran/LU-001' successfully

2023-10-05 15:43:44 - [TEST_STEP][PASSED] - mouseOver(findTestObject("beli barang/i_Mulai Belanja_icon-menu")): Object: 'Object Repository/beli barang/i_Mulai Belanja_icon-menu' is hovered

2023-10-05 15:43:45 - [MESSAGE][PASSED] - Object: 'Object Repository/beli barang/i_Mulai Belanja_icon-menu' is hovered

2023-10-05 15:43:45 - [TEST_STEP][PASSED] - click(findTestObject("beli barang/a_Fashion  Busana Wanita")): Object: 'Object Repository/beli barang/a_Fashion  Busana Wanita' is clicked on

2023-10-05 15:43:46 - [MESSAGE][PASSED] - Object: 'Object Repository/beli barang/a_Fashion  Busana Wanita' is clicked on

2023-10-05 15:43:46 - [TEST_STEP][PASSED] - NamaSebelum = getText(findTestObject("verifikasi/Nama sebelum")): Text of object 'Object Repository/verifikasi/Nama sebelum' is: ''

2023-10-05 15:43:46 - [MESSAGE][PASSED] - Text of object 'Object Repository/verifikasi/Nama sebelum' is: ''

2023-10-05 15:43:46 - [TEST_STEP][PASSED] - HargaSebelum = getText(findTestObject("verifikasi/Harga sebelum")): Text of object 'Object Repository/verifikasi/Harga sebelum' is: 'Rp 1,299'

2023-10-05 15:43:47 - [MESSAGE][PASSED] - Text of object 'Object Repository/verifikasi/Harga sebelum' is: 'Rp 1,299'

2023-10-05 15:43:47 - [TEST_STEP][PASSED] - mouseOver(findTestObject("beli barang/barang mouse over")): Object: 'Object Repository/beli barang/barang mouse over' is hovered

2023-10-05 15:43:47 - [MESSAGE][PASSED] - Object: 'Object Repository/beli barang/barang mouse over' is hovered

2023-10-05 15:43:47 - [TEST_STEP][PASSED] - click(findTestObject("beli barang/buttom add to cart")): Object: 'Object Repository/beli barang/buttom add to cart' is clicked on

2023-10-05 15:43:49 - [MESSAGE][PASSED] - Object: 'Object Repository/beli barang/buttom add to cart' is clicked on

2023-10-05 15:43:49 - [TEST_STEP][PASSED] - NamaSesudah = getText(findTestObject("verifikasi/Nama sesudah")): Text of object 'Object Repository/verifikasi/Nama sesudah' is: 'Segitiga Instan Madeira - MDB5.3 Sunset'

2023-10-05 15:43:49 - [MESSAGE][PASSED] - Text of object 'Object Repository/verifikasi/Nama sesudah' is: 'Segitiga Instan Madeira - MDB5.3 Sunset'

2023-10-05 15:43:49 - [TEST_STEP][PASSED] - HargaSesudah = getText(findTestObject("verifikasi/Harga sesudah")): Text of object 'Object Repository/verifikasi/Harga sesudah' is: 'Rp 1,299'

2023-10-05 15:43:50 - [MESSAGE][PASSED] - Text of object 'Object Repository/verifikasi/Harga sesudah' is: 'Rp 1,299'

2023-10-05 15:43:50 - [TEST_STEP][PASSED] - assert NamaSesudah.contains(NamaSebelum): null

2023-10-05 15:43:50 - [TEST_STEP][PASSED] - assert HargaSesudah.contains(HargaSebelum): null

2023-10-05 15:43:50 - [TEST_STEP][PASSED] - click(findTestObject("beli barang/Tambah Keranjang busana wanita")): Object: 'Object Repository/beli barang/Tambah Keranjang busana wanita' is clicked on

2023-10-05 15:43:50 - [MESSAGE][PASSED] - Object: 'Object Repository/beli barang/Tambah Keranjang busana wanita' is clicked on

2023-10-05 15:43:50 - [TEST_STEP][PASSED] - verifyElementPresent(findTestObject("checkout/Notifikasi keranjang"), 1): Object 'Object Repository/checkout/Notifikasi keranjang' is present

2023-10-05 15:43:51 - [MESSAGE][PASSED] - Object 'Object Repository/checkout/Notifikasi keranjang' is present

2023-10-05 15:43:51 - [TEST_STEP][PASSED] - data = new java.util.HashMap(): null

2023-10-05 15:43:51 - [TEST_STEP][PASSED] - data.put("nama_barang", NamaSesudah): null

2023-10-05 15:43:51 - [TEST_STEP][PASSED] - data.put("price_barang", HargaSesudah): null

2023-10-05 15:43:51 - [TEST_STEP][PASSED] - return data: null

2023-10-05 15:43:51 - [MESSAGE][PASSED] - Call Test Case 'Test Cases/T13 Pembelian, Shipment dan Pembayaran/PBL-001' successfully

2023-10-05 15:43:51 - [TEST_STEP][PASSED] - mouseOver(findTestObject("beli barang/keranjang")): Object: 'Object Repository/beli barang/keranjang' is hovered

2023-10-05 15:43:52 - [MESSAGE][PASSED] - Object: 'Object Repository/beli barang/keranjang' is hovered

2023-10-05 15:43:52 - [TEST_STEP][PASSED] - click(findTestObject("beli barang/Lihat Sekarang")): Object: 'Object Repository/beli barang/Lihat Sekarang' is clicked on

2023-10-05 15:43:52 - [MESSAGE][PASSED] - Object: 'Object Repository/beli barang/Lihat Sekarang' is clicked on

2023-10-05 15:43:52 - [TEST_STEP][PASSED] - verifyElementPresent(findTestObject("keranjang/li_Keranjang Belanja"), 0): Object 'Object Repository/keranjang/li_Keranjang Belanja' is present

2023-10-05 15:43:53 - [MESSAGE][WARNING] - Timeout '0' is invalid. Using default page load timeout: '30'

2023-10-05 15:43:53 - [MESSAGE][PASSED] - Object 'Object Repository/keranjang/li_Keranjang Belanja' is present

2023-10-05 15:43:53 - [TEST_STEP][PASSED] - NamaKeranjang = getText(findTestObject("verifikasi/Nama keranjang")): Text of object 'Object Repository/verifikasi/Nama keranjang' is: 'Segitiga Instan Madeira - MDB5.3 Sunset'

2023-10-05 15:43:54 - [MESSAGE][PASSED] - Text of object 'Object Repository/verifikasi/Nama keranjang' is: 'Segitiga Instan Madeira - MDB5.3 Sunset'

2023-10-05 15:43:54 - [TEST_STEP][PASSED] - HargaKeranjang = getText(findTestObject("verifikasi/Harga Keranjang")): Text of object 'Object Repository/verifikasi/Harga Keranjang' is: 'Rp 1,299'

2023-10-05 15:43:54 - [MESSAGE][PASSED] - Text of object 'Object Repository/verifikasi/Harga Keranjang' is: 'Rp 1,299'

2023-10-05 15:43:54 - [TEST_STEP][PASSED] - if (toString().equalsIgnoreCase("Merah")): Object 'Object Repository/keranjang/input_Warna_variasi101' is checked

2023-10-05 15:43:54 - [TEST_STEP][PASSED] - check(findTestObject("Object Repository/keranjang/input_Warna_variasi101")): Object 'Object Repository/keranjang/input_Warna_variasi101' is checked

2023-10-05 15:43:55 - [MESSAGE][PASSED] - Object 'Object Repository/keranjang/input_Warna_variasi101' is checked

2023-10-05 15:43:55 - [TEST_STEP][PASSED] - if (toString().equalsIgnoreCase("Menengah")): Object 'Object Repository/keranjang/input_Ukuran_variasi201' is checked

2023-10-05 15:43:55 - [TEST_STEP][PASSED] - check(findTestObject("Object Repository/keranjang/input_Ukuran_variasi201")): Object 'Object Repository/keranjang/input_Ukuran_variasi201' is checked

2023-10-05 15:43:55 - [MESSAGE][PASSED] - Object 'Object Repository/keranjang/input_Ukuran_variasi201' is checked

2023-10-05 15:43:55 - [TEST_STEP][PASSED] - data.put("Warna", warna): null

2023-10-05 15:43:55 - [TEST_STEP][PASSED] - data.put("Ukuran", ukuran): null

2023-10-05 15:43:55 - [TEST_STEP][PASSED] - click(findTestObject("keranjang/button_Lanjut ke Pembayaran")): Object: 'Object Repository/keranjang/button_Lanjut ke Pembayaran' is clicked on

2023-10-05 15:43:56 - [MESSAGE][PASSED] - Object: 'Object Repository/keranjang/button_Lanjut ke Pembayaran' is clicked on

2023-10-05 15:43:56 - [TEST_STEP][PASSED] - verifyElementPresent(findTestObject("checkout/Tittle Checkout Order"), 0): Object 'Object Repository/checkout/Tittle Checkout Order' is present

2023-10-05 15:43:56 - [MESSAGE][WARNING] - Timeout '0' is invalid. Using default page load timeout: '30'

2023-10-05 15:43:57 - [MESSAGE][PASSED] - Object 'Object Repository/checkout/Tittle Checkout Order' is present

2023-10-05 15:43:57 - [TEST_STEP][PASSED] - name_product = data.get("nama_barang"): null

2023-10-05 15:43:57 - [TEST_STEP][PASSED] - price_product = data.get("price_barang"): null

2023-10-05 15:43:57 - [TEST_STEP][PASSED] - assert name_product == NamaKeranjang: null

2023-10-05 15:43:57 - [TEST_STEP][PASSED] - assert price_product == HargaKeranjang: null

2023-10-05 15:43:57 - [TEST_STEP][PASSED] - return data: null

2023-10-05 15:43:57 - [MESSAGE][PASSED] - Call Test Case 'Test Cases/T13 Pembelian, Shipment dan Pembayaran/PBL-002' successfully

2023-10-05 15:43:57 - [TEST_STEP][PASSED] - warnaa = getText(findTestObject("verifikasi/warna Merah")): Text of object 'Object Repository/verifikasi/warna Merah' is: 'Merah'

2023-10-05 15:43:57 - [MESSAGE][PASSED] - Text of object 'Object Repository/verifikasi/warna Merah' is: 'Merah'

2023-10-05 15:43:57 - [TEST_STEP][PASSED] - ukurann = getText(findTestObject("verifikasi/Ukuran Menengah")): Text of object 'Object Repository/verifikasi/Ukuran Menengah' is: 'Menengah'

2023-10-05 15:43:57 - [MESSAGE][PASSED] - Text of object 'Object Repository/verifikasi/Ukuran Menengah' is: 'Menengah'

2023-10-05 15:43:57 - [TEST_STEP][PASSED] - warna1 = data.get("Warna"): null

2023-10-05 15:43:57 - [TEST_STEP][PASSED] - ukuran1 = data.get("Ukuran"): null

2023-10-05 15:43:57 - [TEST_STEP][PASSED] - assert warnaa == warna1: null

2023-10-05 15:43:57 - [TEST_STEP][PASSED] - assert ukurann == ukuran1: null

2023-10-05 15:43:57 - [TEST_STEP][PASSED] - NamaCheckout = getText(findTestObject("verifikasi/NamaCheckout")): Text of object 'Object Repository/verifikasi/NamaCheckout' is: ''

2023-10-05 15:43:58 - [MESSAGE][PASSED] - Text of object 'Object Repository/verifikasi/NamaCheckout' is: ''

2023-10-05 15:43:58 - [TEST_STEP][PASSED] - HargaCheckout = getText(findTestObject("verifikasi/HargaCheckout")): Text of object 'Object Repository/verifikasi/HargaCheckout' is: '1,299'

2023-10-05 15:43:58 - [MESSAGE][PASSED] - Text of object 'Object Repository/verifikasi/HargaCheckout' is: '1,299'

2023-10-05 15:43:58 - [TEST_STEP][PASSED] - name_product = data.get("nama_barang"): null

2023-10-05 15:43:58 - [TEST_STEP][PASSED] - price_product = data.get("price_barang"): null

2023-10-05 15:43:58 - [TEST_STEP][PASSED] - assert name_product.contains(NamaCheckout): null

2023-10-05 15:43:58 - [TEST_STEP][PASSED] - assert price_product.contains(HargaCheckout): null

2023-10-05 15:43:58 - [TEST_STEP][PASSED] - selectOptionByLabel(findTestObject("checkout/select - Kirim via Kurir Lokal"), Kurir, false): All options with label 'Roda 2' are selected in object 'Object Repository/checkout/select - Kirim via Kurir Lokal' 

2023-10-05 15:43:59 - [MESSAGE][PASSED] - All options with label 'Roda 2' are selected in object 'Object Repository/checkout/select - Kirim via Kurir Lokal' 

2023-10-05 15:43:59 - [TEST_STEP][PASSED] - click(findTestObject("checkout/Kendaraan Kurir")): Object: 'Object Repository/checkout/Kendaraan Kurir' is clicked on

2023-10-05 15:43:59 - [MESSAGE][PASSED] - Object: 'Object Repository/checkout/Kendaraan Kurir' is clicked on

2023-10-05 15:43:59 - [TEST_STEP][PASSED] - OngkosKirim = getText(findTestObject("Object Repository/verifikasi/Ongkos Kirim checkout")): Text of object 'Object Repository/verifikasi/Ongkos Kirim checkout' is: 'Rp. 5,000'

2023-10-05 15:44:00 - [MESSAGE][PASSED] - Text of object 'Object Repository/verifikasi/Ongkos Kirim checkout' is: 'Rp. 5,000'

2023-10-05 15:44:00 - [TEST_STEP][PASSED] - Ongkos = OngkosKirim.substring(3, OngkosKirim.size()): null

2023-10-05 15:44:00 - [TEST_STEP][PASSED] - rep = Ongkos.replace(",", "."): null

2023-10-05 15:44:00 - [TEST_STEP][PASSED] - Ongkos_kirim = Double.parseDouble(rep): null

2023-10-05 15:44:00 - [TEST_STEP][PASSED] - println(Ongkos_kirim): null

2023-10-05 15:44:00 - [TEST_STEP][PASSED] - FeeAdmin = getText(findTestObject("verifikasi/Fee Admin checkout")): Text of object 'Object Repository/verifikasi/Fee Admin checkout' is: 'Fee Admin
Rp 1,500'

2023-10-05 15:44:00 - [MESSAGE][PASSED] - Text of object 'Object Repository/verifikasi/Fee Admin checkout' is: 'Fee Admin
Rp 1,500'

2023-10-05 15:44:00 - [TEST_STEP][PASSED] - Fee_Admin = FeeAdmin.substring(12, FeeAdmin.size()): null

2023-10-05 15:44:00 - [TEST_STEP][PASSED] - fee = Fee_Admin.replace(",", "."): null

2023-10-05 15:44:00 - [TEST_STEP][PASSED] - fee_admin = Double.parseDouble(fee): null

2023-10-05 15:44:00 - [TEST_STEP][PASSED] - println(fee_admin): null

2023-10-05 15:44:00 - [TEST_STEP][PASSED] - Subtotal = getText(findTestObject("verifikasi/subtotal checkout")): Text of object 'Object Repository/verifikasi/subtotal checkout' is: 'Subtotal
Rp 1,299'

2023-10-05 15:44:01 - [MESSAGE][PASSED] - Text of object 'Object Repository/verifikasi/subtotal checkout' is: 'Subtotal
Rp 1,299'

2023-10-05 15:44:01 - [TEST_STEP][PASSED] - sub_total = Subtotal.substring(12, Subtotal.size()): null

2023-10-05 15:44:01 - [TEST_STEP][PASSED] - sub = sub_total.replace(",", "."): null

2023-10-05 15:44:01 - [TEST_STEP][PASSED] - sub_total = Double.parseDouble(sub): null

2023-10-05 15:44:01 - [TEST_STEP][PASSED] - println(sub_total): null

2023-10-05 15:44:01 - [TEST_STEP][PASSED] - Total = getText(findTestObject("verifikasi/Total checkout")): Text of object 'Object Repository/verifikasi/Total checkout' is: 'Rp 7,799'

2023-10-05 15:44:02 - [MESSAGE][PASSED] - Text of object 'Object Repository/verifikasi/Total checkout' is: 'Rp 7,799'

2023-10-05 15:44:02 - [TEST_STEP][PASSED] - totall = Total.substring(3, Total.size()): null

2023-10-05 15:44:02 - [TEST_STEP][PASSED] - total = totall.replace(",", "."): null

2023-10-05 15:44:02 - [TEST_STEP][PASSED] - totall = Double.parseDouble(total): null

2023-10-05 15:44:02 - [TEST_STEP][PASSED] - println(totall): null

2023-10-05 15:44:02 - [TEST_STEP][PASSED] - Total_Harga = Ongkos_kirim + fee_admin + sub_total: null

2023-10-05 15:44:02 - [TEST_STEP][PASSED] - println(Total_Harga): null

2023-10-05 15:44:02 - [TEST_STEP][PASSED] - TotalHarga = Math.round(Total_Harga * 1000) / 1000: null

2023-10-05 15:44:02 - [TEST_STEP][PASSED] - println(TotalHarga): null

2023-10-05 15:44:02 - [TEST_STEP][PASSED] - assert totall == TotalHarga: null

2023-10-05 15:44:02 - [TEST_STEP][PASSED] - click(findTestObject("verifikasi/Metode Transfer")): Object: 'Object Repository/verifikasi/Metode Transfer' is clicked on

2023-10-05 15:44:02 - [MESSAGE][PASSED] - Object: 'Object Repository/verifikasi/Metode Transfer' is clicked on

2023-10-05 15:44:02 - [TEST_STEP][PASSED] - click(findTestObject("checkout/button_Proses Pembayaran")): Object: 'Object Repository/checkout/button_Proses Pembayaran' is clicked on

2023-10-05 15:44:10 - [MESSAGE][PASSED] - Object: 'Object Repository/checkout/button_Proses Pembayaran' is clicked on

2023-10-05 15:44:10 - [TEST_STEP][PASSED] - verifyElementPresent(findTestObject("pembayaran/Tittle nomor invoice"), 0): Object 'Object Repository/pembayaran/Tittle nomor invoice' is present

2023-10-05 15:44:10 - [MESSAGE][WARNING] - Timeout '0' is invalid. Using default page load timeout: '30'

2023-10-05 15:44:10 - [MESSAGE][PASSED] - Object 'Object Repository/pembayaran/Tittle nomor invoice' is present

2023-10-05 15:44:10 - [TEST_STEP][PASSED] - return data: null

2023-10-05 15:44:10 - [MESSAGE][PASSED] - Call Test Case 'Test Cases/T13 Pembelian, Shipment dan Pembayaran/PBL-004' successfully

2023-10-05 15:44:10 - [TEST_STEP][PASSED] - Invoice = getText(findTestObject("pembayaran/nomor invoice")): Text of object 'Object Repository/pembayaran/nomor invoice' is: 'TRX60.20231005154406'

2023-10-05 15:44:11 - [MESSAGE][PASSED] - Text of object 'Object Repository/pembayaran/nomor invoice' is: 'TRX60.20231005154406'

2023-10-05 15:44:11 - [TEST_STEP][PASSED] - data.put("invoice", Invoice): null

2023-10-05 15:44:11 - [TEST_STEP][PASSED] - NamaPemesan = getText(findTestObject("Konfirmasi pesanan shop/Nama pemesan")): Text of object 'Object Repository/Konfirmasi pesanan shop/Nama pemesan' is: 'irfan.afandi'

2023-10-05 15:44:11 - [MESSAGE][PASSED] - Text of object 'Object Repository/Konfirmasi pesanan shop/Nama pemesan' is: 'irfan.afandi'

2023-10-05 15:44:11 - [TEST_STEP][PASSED] - Nama = getText(findTestObject("pembayaran/Nama barang")): Text of object 'Object Repository/pembayaran/Nama barang' is: 'Segitiga Instan Madeira - MDB5.3 Sunset'

2023-10-05 15:44:12 - [MESSAGE][PASSED] - Text of object 'Object Repository/pembayaran/Nama barang' is: 'Segitiga Instan Madeira - MDB5.3 Sunset'

2023-10-05 15:44:12 - [TEST_STEP][PASSED] - Harga = getText(findTestObject("pembayaran/Harga barang")): Text of object 'Object Repository/pembayaran/Harga barang' is: '1,299'

2023-10-05 15:44:12 - [MESSAGE][PASSED] - Text of object 'Object Repository/pembayaran/Harga barang' is: '1,299'

2023-10-05 15:44:12 - [TEST_STEP][PASSED] - name_product = data.get("nama_barang"): null

2023-10-05 15:44:12 - [TEST_STEP][PASSED] - price_product = data.get("price_barang"): null

2023-10-05 15:44:12 - [TEST_STEP][PASSED] - assert name_product.contains(Nama): null

2023-10-05 15:44:12 - [TEST_STEP][PASSED] - assert price_product.contains(Harga): null

2023-10-05 15:44:12 - [TEST_STEP][PASSED] - warnaa = getText(findTestObject("pembayaran/warna")): Text of object 'Object Repository/pembayaran/warna' is: 'Merah'

2023-10-05 15:44:13 - [MESSAGE][PASSED] - Text of object 'Object Repository/pembayaran/warna' is: 'Merah'

2023-10-05 15:44:13 - [TEST_STEP][PASSED] - ukurann = getText(findTestObject("pembayaran/ukuran")): Text of object 'Object Repository/pembayaran/ukuran' is: 'Menengah'

2023-10-05 15:44:13 - [MESSAGE][PASSED] - Text of object 'Object Repository/pembayaran/ukuran' is: 'Menengah'

2023-10-05 15:44:13 - [TEST_STEP][PASSED] - warna1 = data.get("Warna"): null

2023-10-05 15:44:13 - [TEST_STEP][PASSED] - ukuran1 = data.get("Ukuran"): null

2023-10-05 15:44:13 - [TEST_STEP][PASSED] - assert warnaa == warna1: null

2023-10-05 15:44:13 - [TEST_STEP][PASSED] - assert ukurann == ukuran1: null

2023-10-05 15:44:13 - [TEST_STEP][PASSED] - statusPembelian = getText(findTestObject("verifikasi/Status pending di pembelian")): Text of object 'Object Repository/verifikasi/Status pending di pembelian' is: 'Pending'

2023-10-05 15:44:14 - [MESSAGE][PASSED] - Text of object 'Object Repository/verifikasi/Status pending di pembelian' is: 'Pending'

2023-10-05 15:44:14 - [TEST_STEP][PASSED] - data.put("statusPem", statusPembelian): null

2023-10-05 15:44:14 - [TEST_STEP][PASSED] - OngkosKirim = getText(findTestObject("pembayaran/ongkos kirim")): Text of object 'Object Repository/pembayaran/ongkos kirim' is: 'Rp 5,000'

2023-10-05 15:44:14 - [MESSAGE][PASSED] - Text of object 'Object Repository/pembayaran/ongkos kirim' is: 'Rp 5,000'

2023-10-05 15:44:14 - [TEST_STEP][PASSED] - Ongkos = OngkosKirim.substring(3, OngkosKirim.size()): null

2023-10-05 15:44:14 - [TEST_STEP][PASSED] - rep = Ongkos.replace(",", ""): null

2023-10-05 15:44:14 - [TEST_STEP][PASSED] - Ongkos_kirimm = Integer.parseInt(rep): null

2023-10-05 15:44:14 - [TEST_STEP][PASSED] - println(Ongkos_kirimm): null

2023-10-05 15:44:14 - [TEST_STEP][PASSED] - FeeAdmin = getText(findTestObject("pembayaran/fee admin")): Text of object 'Object Repository/pembayaran/fee admin' is: 'Rp 1,500'

2023-10-05 15:44:15 - [MESSAGE][PASSED] - Text of object 'Object Repository/pembayaran/fee admin' is: 'Rp 1,500'

2023-10-05 15:44:15 - [TEST_STEP][PASSED] - Fee_Admin = FeeAdmin.substring(3, FeeAdmin.size()): null

2023-10-05 15:44:15 - [TEST_STEP][PASSED] - fee = Fee_Admin.replace(",", ""): null

2023-10-05 15:44:15 - [TEST_STEP][PASSED] - fee_adminn = Integer.parseInt(fee): null

2023-10-05 15:44:15 - [TEST_STEP][PASSED] - println(fee_adminn): null

2023-10-05 15:44:15 - [TEST_STEP][PASSED] - Subtotal = getText(findTestObject("pembayaran/subtotal")): Text of object 'Object Repository/pembayaran/subtotal' is: 'Rp 1,299'

2023-10-05 15:44:15 - [MESSAGE][PASSED] - Text of object 'Object Repository/pembayaran/subtotal' is: 'Rp 1,299'

2023-10-05 15:44:15 - [TEST_STEP][PASSED] - sub_total = Subtotal.substring(3, Subtotal.size()): null

2023-10-05 15:44:15 - [TEST_STEP][PASSED] - sub = sub_total.replace(",", ""): null

2023-10-05 15:44:15 - [TEST_STEP][PASSED] - sub_totall = Integer.parseInt(sub): null

2023-10-05 15:44:15 - [TEST_STEP][PASSED] - println(sub_totall): null

2023-10-05 15:44:15 - [TEST_STEP][PASSED] - unik = getText(findTestObject("pembayaran/kode unik")): Text of object 'Object Repository/pembayaran/kode unik' is: '+406'

2023-10-05 15:44:16 - [MESSAGE][PASSED] - Text of object 'Object Repository/pembayaran/kode unik' is: '+406'

2023-10-05 15:44:16 - [TEST_STEP][PASSED] - unikk = unik.replace("+", ""): null

2023-10-05 15:44:16 - [TEST_STEP][PASSED] - kode_unik = Integer.parseInt(unikk): null

2023-10-05 15:44:16 - [TEST_STEP][PASSED] - println(kode_unik): null

2023-10-05 15:44:16 - [TEST_STEP][PASSED] - Total = getText(findTestObject("pembayaran/total")): Text of object 'Object Repository/pembayaran/total' is: '8,205'

2023-10-05 15:44:16 - [MESSAGE][PASSED] - Text of object 'Object Repository/pembayaran/total' is: '8,205'

2023-10-05 15:44:16 - [TEST_STEP][PASSED] - total = Total.replace(",", ""): null

2023-10-05 15:44:16 - [TEST_STEP][PASSED] - totalll = Integer.parseInt(total): null

2023-10-05 15:44:16 - [TEST_STEP][PASSED] - println(totalll): null

2023-10-05 15:44:16 - [TEST_STEP][PASSED] - Total_Hargaa = Ongkos_kirimm + fee_adminn + sub_totall + kode_unik: null

2023-10-05 15:44:16 - [TEST_STEP][PASSED] - println(Total_Hargaa): null

2023-10-05 15:44:16 - [TEST_STEP][PASSED] - assert totalll == Total_Hargaa: null

2023-10-05 15:44:16 - [TEST_STEP][PASSED] - data.put("total", Total): null

2023-10-05 15:44:16 - [TEST_STEP][PASSED] - data.put("nama", NamaPemesan): null

2023-10-05 15:44:16 - [TEST_STEP][PASSED] - return data: null

2023-10-05 15:44:16 - [MESSAGE][PASSED] - Call Test Case 'Test Cases/T13 Pembelian, Shipment dan Pembayaran/PBY-001' successfully

2023-10-05 15:44:16 - [TEST_STEP][PASSED] - inv = data.get("invoice"): null

2023-10-05 15:44:16 - [TEST_STEP][PASSED] - Total = data.get("total"): null

2023-10-05 15:44:16 - [TEST_STEP][PASSED] - NamaPemesan = data.get("nama"): null

2023-10-05 15:44:16 - [TEST_STEP][PASSED] - click(findTestObject("Konfirmasi pesanan shop/Menu Shop")): Object: 'Object Repository/Konfirmasi pesanan shop/Menu Shop' is clicked on

2023-10-05 15:44:18 - [MESSAGE][PASSED] - Object: 'Object Repository/Konfirmasi pesanan shop/Menu Shop' is clicked on

2023-10-05 15:44:18 - [TEST_STEP][PASSED] - click(findTestObject("Konfirmasi pesanan shop/Menu Shop")): Object: 'Object Repository/Konfirmasi pesanan shop/Menu Shop' is clicked on

2023-10-05 15:44:18 - [MESSAGE][PASSED] - Object: 'Object Repository/Konfirmasi pesanan shop/Menu Shop' is clicked on

2023-10-05 15:44:18 - [TEST_STEP][PASSED] - click(findTestObject("Konfirmasi pesanan shop/Konfirmasi Orders")): Object: 'Object Repository/Konfirmasi pesanan shop/Konfirmasi Orders' is clicked on

2023-10-05 15:44:19 - [MESSAGE][PASSED] - Object: 'Object Repository/Konfirmasi pesanan shop/Konfirmasi Orders' is clicked on

2023-10-05 15:44:19 - [TEST_STEP][PASSED] - verifyElementPresent(findTestObject("Konfirmasi pesanan shop/Tittle Konfirmasi Pesanan"), 0): Object 'Object Repository/Konfirmasi pesanan shop/Tittle Konfirmasi Pesanan' is present

2023-10-05 15:44:19 - [MESSAGE][WARNING] - Timeout '0' is invalid. Using default page load timeout: '30'

2023-10-05 15:44:20 - [MESSAGE][PASSED] - Object 'Object Repository/Konfirmasi pesanan shop/Tittle Konfirmasi Pesanan' is present

2023-10-05 15:44:20 - [TEST_STEP][PASSED] - setText(findTestObject("Konfirmasi pesanan shop/input_No Pesanan"), inv): Text 'TRX60.20231005154406' is set on object 'Object Repository/Konfirmasi pesanan shop/input_No Pesanan'

2023-10-05 15:44:21 - [MESSAGE][PASSED] - Text 'TRX60.20231005154406' is set on object 'Object Repository/Konfirmasi pesanan shop/input_No Pesanan'

2023-10-05 15:44:21 - [TEST_STEP][PASSED] - setText(findTestObject("Konfirmasi pesanan shop/input_Alamat E-mai"), "irfan@gmail.com"): Text 'irfan@gmail.com' is set on object 'Object Repository/Konfirmasi pesanan shop/input_Alamat E-mai'

2023-10-05 15:44:21 - [MESSAGE][PASSED] - Text 'irfan@gmail.com' is set on object 'Object Repository/Konfirmasi pesanan shop/input_Alamat E-mai'

2023-10-05 15:44:21 - [TEST_STEP][PASSED] - click(findTestObject("Konfirmasi pesanan shop/button_Submit")): Object: 'Object Repository/Konfirmasi pesanan shop/button_Submit' is clicked on

2023-10-05 15:44:22 - [MESSAGE][PASSED] - Object: 'Object Repository/Konfirmasi pesanan shop/button_Submit' is clicked on

2023-10-05 15:44:22 - [TEST_STEP][PASSED] - verifyElementPresent(findTestObject("Konfirmasi pesanan shop/Tittle nomor invoice"), 0): Object 'Object Repository/Konfirmasi pesanan shop/Tittle nomor invoice' is present

2023-10-05 15:44:22 - [MESSAGE][WARNING] - Timeout '0' is invalid. Using default page load timeout: '30'

2023-10-05 15:44:23 - [MESSAGE][PASSED] - Object 'Object Repository/Konfirmasi pesanan shop/Tittle nomor invoice' is present

2023-10-05 15:44:23 - [TEST_STEP][PASSED] - setText(findTestObject("Konfirmasi pesanan shop/input_Total TagihanTransfer_b"), Total): Text '8,205' is set on object 'Object Repository/Konfirmasi pesanan shop/input_Total TagihanTransfer_b'

2023-10-05 15:44:24 - [MESSAGE][PASSED] - Text '8,205' is set on object 'Object Repository/Konfirmasi pesanan shop/input_Total TagihanTransfer_b'

2023-10-05 15:44:24 - [TEST_STEP][PASSED] - selectOptionByValue(findTestObject("Konfirmasi pesanan shop/select_Bank"), "4", false): All options with value '4' are selected in object 'Object Repository/Konfirmasi pesanan shop/select_Bank' 

2023-10-05 15:44:25 - [MESSAGE][PASSED] - All options with value '4' are selected in object 'Object Repository/Konfirmasi pesanan shop/select_Bank' 

2023-10-05 15:44:25 - [TEST_STEP][PASSED] - setText(findTestObject("Konfirmasi pesanan shop/input_Nama Pengirim_d"), NamaPemesan): Text 'irfan.afandi' is set on object 'Object Repository/Konfirmasi pesanan shop/input_Nama Pengirim_d'

2023-10-05 15:44:26 - [MESSAGE][PASSED] - Text 'irfan.afandi' is set on object 'Object Repository/Konfirmasi pesanan shop/input_Nama Pengirim_d'

2023-10-05 15:44:26 - [TEST_STEP][PASSED] - uploadFile(findTestObject("keranjang/konfirmasi/input_Upload Bukti Transfer_f"), "C:\Users\IRFAN\Downloads\Berkas2.pdf"): File 'C:\Users\IRFAN\Downloads\Berkas2.pdf' sent to object: 'Object Repository/keranjang/konfirmasi/input_Upload Bukti Transfer_f'

2023-10-05 15:44:26 - [MESSAGE][PASSED] - File 'C:\Users\IRFAN\Downloads\Berkas2.pdf' sent to object: 'Object Repository/keranjang/konfirmasi/input_Upload Bukti Transfer_f'

2023-10-05 15:44:26 - [TEST_STEP][PASSED] - click(findTestObject("Konfirmasi pesanan shop/button_Konfirmasi Pembayaran")): Object: 'Object Repository/Konfirmasi pesanan shop/button_Konfirmasi Pembayaran' is clicked on

2023-10-05 15:44:27 - [MESSAGE][PASSED] - Object: 'Object Repository/Konfirmasi pesanan shop/button_Konfirmasi Pembayaran' is clicked on

2023-10-05 15:44:27 - [TEST_STEP][PASSED] - verifyElementPresent(findTestObject("Konfirmasi pesanan shop/Tittle Konfirmasi Pesanan"), 0): Object 'Object Repository/Konfirmasi pesanan shop/Tittle Konfirmasi Pesanan' is present

2023-10-05 15:44:27 - [MESSAGE][WARNING] - Timeout '0' is invalid. Using default page load timeout: '30'

2023-10-05 15:44:28 - [MESSAGE][PASSED] - Object 'Object Repository/Konfirmasi pesanan shop/Tittle Konfirmasi Pesanan' is present

2023-10-05 15:44:28 - [TEST_STEP][PASSED] - verifyElementPresent(findTestObject("Konfirmasi pesanan shop/Tittle massage succes Konfirmasi Pembayaran Pesanan"), 0): Object 'Object Repository/Konfirmasi pesanan shop/Tittle massage succes Konfirmasi Pembayaran Pesanan' is present

2023-10-05 15:44:28 - [MESSAGE][WARNING] - Timeout '0' is invalid. Using default page load timeout: '30'

2023-10-05 15:44:28 - [MESSAGE][PASSED] - Object 'Object Repository/Konfirmasi pesanan shop/Tittle massage succes Konfirmasi Pembayaran Pesanan' is present

2023-10-05 15:44:28 - [TEST_STEP][PASSED] - return data: null

2023-10-05 15:44:28 - [MESSAGE][PASSED] - Call Test Case 'Test Cases/T13 Pembelian, Shipment dan Pembayaran/PBY-004' successfully

2023-10-05 15:44:28 - [TEST_STEP][PASSED] - navigateToUrl("https://10.9.2.63/ecommerce/administrator/"): Navigate to 'https://10.9.2.63/ecommerce/administrator/' successfully

2023-10-05 15:44:29 - [MESSAGE][PASSED] - Navigate to 'https://10.9.2.63/ecommerce/administrator/' successfully

2023-10-05 15:44:29 - [TEST_STEP][PASSED] - verifyElementPresent(findTestObject("admin/Tittle ADMIN Login"), 0): Object 'Object Repository/admin/Tittle ADMIN Login' is present

2023-10-05 15:44:29 - [MESSAGE][WARNING] - Timeout '0' is invalid. Using default page load timeout: '30'

2023-10-05 15:44:29 - [MESSAGE][PASSED] - Object 'Object Repository/admin/Tittle ADMIN Login' is present

2023-10-05 15:44:29 - [TEST_STEP][PASSED] - setText(findTestObject("admin/Username"), "admin"): Text 'admin' is set on object 'Object Repository/admin/Username'

2023-10-05 15:44:30 - [MESSAGE][PASSED] - Text 'admin' is set on object 'Object Repository/admin/Username'

2023-10-05 15:44:30 - [TEST_STEP][PASSED] - setText(findTestObject("admin/Password"), "123admin123"): Text '123admin123' is set on object 'Object Repository/admin/Password'

2023-10-05 15:44:31 - [MESSAGE][PASSED] - Text '123admin123' is set on object 'Object Repository/admin/Password'

2023-10-05 15:44:31 - [TEST_STEP][PASSED] - click(findTestObject("admin/Remember Me")): Object: 'Object Repository/admin/Remember Me' is clicked on

2023-10-05 15:44:31 - [MESSAGE][PASSED] - Object: 'Object Repository/admin/Remember Me' is clicked on

2023-10-05 15:44:31 - [TEST_STEP][PASSED] - delay(10): Delayed 10 second(s)

2023-10-05 15:44:41 - [MESSAGE][PASSED] - Delayed 10 second(s)

2023-10-05 15:44:41 - [TEST_STEP][PASSED] - click(findTestObject("admin/buttom submit")): Object: 'Object Repository/admin/buttom submit' is clicked on

2023-10-05 15:44:43 - [MESSAGE][PASSED] - Object: 'Object Repository/admin/buttom submit' is clicked on

2023-10-05 15:44:43 - [TEST_STEP][PASSED] - verifyElementPresent(findTestObject("admin/Konf order konsumen/Tittle Dashboard"), 0): Object 'Object Repository/admin/Konf order konsumen/Tittle Dashboard' is present

2023-10-05 15:44:43 - [MESSAGE][WARNING] - Timeout '0' is invalid. Using default page load timeout: '30'

2023-10-05 15:44:43 - [MESSAGE][PASSED] - Object 'Object Repository/admin/Konf order konsumen/Tittle Dashboard' is present

2023-10-05 15:44:43 - [TEST_STEP][PASSED] - click(findTestObject("admin/Konf order konsumen/Menu Transaksi Market")): Object: 'Object Repository/admin/Konf order konsumen/Menu Transaksi Market' is clicked on

2023-10-05 15:44:44 - [MESSAGE][PASSED] - Object: 'Object Repository/admin/Konf order konsumen/Menu Transaksi Market' is clicked on

2023-10-05 15:44:44 - [TEST_STEP][PASSED] - click(findTestObject("admin/Konf order konsumen/Menu Konf. Order Konsumen")): Object: 'Object Repository/admin/Konf order konsumen/Menu Konf. Order Konsumen' is clicked on

2023-10-05 15:44:45 - [MESSAGE][PASSED] - Object: 'Object Repository/admin/Konf order konsumen/Menu Konf. Order Konsumen' is clicked on

2023-10-05 15:44:45 - [TEST_STEP][PASSED] - verifyElementPresent(findTestObject("admin/Konf order konsumen/Tittle Data Konfirmasi Pembayaran Konsumen"), 0): Object 'Object Repository/admin/Konf order konsumen/Tittle Data Konfirmasi Pembayaran Konsumen' is present

2023-10-05 15:44:45 - [MESSAGE][WARNING] - Timeout '0' is invalid. Using default page load timeout: '30'

2023-10-05 15:44:45 - [MESSAGE][PASSED] - Object 'Object Repository/admin/Konf order konsumen/Tittle Data Konfirmasi Pembayaran Konsumen' is present

2023-10-05 15:44:45 - [TEST_STEP][PASSED] - inv = data.get("invoice"): null

2023-10-05 15:44:45 - [TEST_STEP][PASSED] - setText(findTestObject("admin/Konf order konsumen/Search"), inv): Text 'TRX60.20231005154406' is set on object 'Object Repository/admin/Konf order konsumen/Search'

2023-10-05 15:44:46 - [MESSAGE][PASSED] - Text 'TRX60.20231005154406' is set on object 'Object Repository/admin/Konf order konsumen/Search'

2023-10-05 15:44:46 - [TEST_STEP][PASSED] - verifyElementText(findTestObject("admin/Konf order konsumen/Keterangan Lunas"), "Lunas"): Actual text and expected text of test object 'Object Repository/admin/Konf order konsumen/Keterangan Lunas' are matched.

2023-10-05 15:44:47 - [MESSAGE][PASSED] - Actual text and expected text of test object 'Object Repository/admin/Konf order konsumen/Keterangan Lunas' are matched.

2023-10-05 15:44:47 - [TEST_STEP][PASSED] - return data: null

2023-10-05 15:44:47 - [MESSAGE][PASSED] - Call Test Case 'Test Cases/T13 Pembelian, Shipment dan Pembayaran/PBYA-001' successfully

2023-10-05 15:44:47 - [TEST_STEP][PASSED] - click(findTestObject("admin/Penjualan ke konsumen/buttom Dashboard")): Object: 'Object Repository/admin/Penjualan ke konsumen/buttom Dashboard' is clicked on

2023-10-05 15:44:50 - [MESSAGE][PASSED] - Object: 'Object Repository/admin/Penjualan ke konsumen/buttom Dashboard' is clicked on

2023-10-05 15:44:50 - [TEST_STEP][PASSED] - click(findTestObject("admin/Konf order konsumen/Menu Transaksi Market")): Object: 'Object Repository/admin/Konf order konsumen/Menu Transaksi Market' is clicked on

2023-10-05 15:44:50 - [MESSAGE][PASSED] - Object: 'Object Repository/admin/Konf order konsumen/Menu Transaksi Market' is clicked on

2023-10-05 15:44:50 - [TEST_STEP][PASSED] - click(findTestObject("admin/Penjualan ke konsumen/a_Penjualan ke Konsumen")): Object: 'Object Repository/admin/Penjualan ke konsumen/a_Penjualan ke Konsumen' is clicked on

2023-10-05 15:44:53 - [MESSAGE][PASSED] - Object: 'Object Repository/admin/Penjualan ke konsumen/a_Penjualan ke Konsumen' is clicked on

2023-10-05 15:44:53 - [TEST_STEP][PASSED] - verifyElementPresent(findTestObject("admin/Tittle Data Transaksi Penjualan  Orderan Konsumen"), 0): Object 'Object Repository/admin/Tittle Data Transaksi Penjualan  Orderan Konsumen' is present

2023-10-05 15:44:53 - [MESSAGE][WARNING] - Timeout '0' is invalid. Using default page load timeout: '30'

2023-10-05 15:44:53 - [MESSAGE][PASSED] - Object 'Object Repository/admin/Tittle Data Transaksi Penjualan  Orderan Konsumen' is present

2023-10-05 15:44:53 - [TEST_STEP][PASSED] - return data: null

2023-10-05 15:44:53 - [MESSAGE][PASSED] - Call Test Case 'Test Cases/T13 Pembelian, Shipment dan Pembayaran/SA-001' successfully

2023-10-05 15:44:53 - [TEST_STEP][PASSED] - inv = data.get("invoice"): null

2023-10-05 15:44:53 - [TEST_STEP][PASSED] - setText(findTestObject("admin/Penjualan ke konsumen/Search"), inv): Text 'TRX60.20231005154406' is set on object 'Object Repository/admin/Penjualan ke konsumen/Search'

2023-10-05 15:44:54 - [MESSAGE][PASSED] - Text 'TRX60.20231005154406' is set on object 'Object Repository/admin/Penjualan ke konsumen/Search'

2023-10-05 15:44:54 - [TEST_STEP][PASSED] - click(findTestObject("admin/Penjualan ke konsumen/buttom konfirmasi pending payment"), CONTINUE_ON_FAILURE): Object: 'Object Repository/admin/Penjualan ke konsumen/buttom konfirmasi pending payment' is clicked on

2023-10-05 15:44:55 - [MESSAGE][PASSED] - Object: 'Object Repository/admin/Penjualan ke konsumen/buttom konfirmasi pending payment' is clicked on

2023-10-05 15:44:55 - [TEST_STEP][PASSED] - waitForAlert(5, OPTIONAL): Alert is present after 5 second(s).

2023-10-05 15:44:55 - [MESSAGE][PASSED] - Alert is present after 5 second(s).

2023-10-05 15:44:55 - [TEST_STEP][PASSED] - acceptAlert(): Alert accepted

2023-10-05 15:44:55 - [MESSAGE][PASSED] - Alert accepted

2023-10-05 15:44:55 - [TEST_STEP][PASSED] - setText(findTestObject("admin/Penjualan ke konsumen/Search"), inv): Text 'TRX60.20231005154406' is set on object 'Object Repository/admin/Penjualan ke konsumen/Search'

2023-10-05 15:45:03 - [MESSAGE][PASSED] - Text 'TRX60.20231005154406' is set on object 'Object Repository/admin/Penjualan ke konsumen/Search'

2023-10-05 15:45:03 - [TEST_STEP][PASSED] - verifyTextNotPresent("pending payment", false): Text 'pending payment' is not present on page

2023-10-05 15:45:03 - [MESSAGE][PASSED] - Text 'pending payment' is not present on page

2023-10-05 15:45:03 - [TEST_STEP][PASSED] - return data: null

2023-10-05 15:45:03 - [MESSAGE][PASSED] - Call Test Case 'Test Cases/T13 Pembelian, Shipment dan Pembayaran/SA-002' successfully

2023-10-05 15:45:03 - [TEST_STEP][PASSED] - click(findTestObject("admin/Penjualan ke konsumen/buttom scroldown")): Object: 'Object Repository/admin/Penjualan ke konsumen/buttom scroldown' is clicked on

2023-10-05 15:45:04 - [MESSAGE][PASSED] - Object: 'Object Repository/admin/Penjualan ke konsumen/buttom scroldown' is clicked on

2023-10-05 15:45:04 - [TEST_STEP][PASSED] - click(findTestObject("admin/Penjualan ke konsumen/Selesai"), CONTINUE_ON_FAILURE): Object: 'Object Repository/admin/Penjualan ke konsumen/Selesai' is clicked on

2023-10-05 15:45:04 - [MESSAGE][PASSED] - Object: 'Object Repository/admin/Penjualan ke konsumen/Selesai' is clicked on

2023-10-05 15:45:04 - [TEST_STEP][PASSED] - waitForAlert(5, OPTIONAL): Alert is present after 5 second(s).

2023-10-05 15:45:04 - [MESSAGE][PASSED] - Alert is present after 5 second(s).

2023-10-05 15:45:04 - [TEST_STEP][PASSED] - acceptAlert(): Alert accepted

2023-10-05 15:45:04 - [MESSAGE][PASSED] - Alert accepted

2023-10-05 15:45:04 - [TEST_STEP][PASSED] - inv = data.get("invoice"): null

2023-10-05 15:45:04 - [TEST_STEP][PASSED] - setText(findTestObject("admin/Penjualan ke konsumen/Search"), inv): Text 'TRX60.20231005154406' is set on object 'Object Repository/admin/Penjualan ke konsumen/Search'

2023-10-05 15:45:08 - [MESSAGE][PASSED] - Text 'TRX60.20231005154406' is set on object 'Object Repository/admin/Penjualan ke konsumen/Search'

2023-10-05 15:45:08 - [TEST_STEP][PASSED] - verifyTextPresent("Selesai", false): Text 'Selesai' is present on page 

2023-10-05 15:45:09 - [MESSAGE][PASSED] - Text 'Selesai' is present on page 

2023-10-05 15:45:09 - [TEST_STEP][PASSED] - selesaiAdmin = getText(findTestObject("admin/Selesai")): Text of object 'Object Repository/admin/Selesai' is: 'Selesai'

2023-10-05 15:45:09 - [MESSAGE][PASSED] - Text of object 'Object Repository/admin/Selesai' is: 'Selesai'

2023-10-05 15:45:09 - [TEST_STEP][PASSED] - data.put("statusSelesai", selesaiAdmin): null

2023-10-05 15:45:09 - [TEST_STEP][PASSED] - return data: null

2023-10-05 15:45:09 - [MESSAGE][PASSED] - Call Test Case 'Test Cases/T13 Pembelian, Shipment dan Pembayaran/SA-005' successfully

2023-10-05 15:45:09 - [TEST_STEP][PASSED] - openBrowser("https://10.9.2.63/ecommerce/"): Browser is opened with url: 'https://10.9.2.63/ecommerce/'

2023-10-05 15:45:09 - [MESSAGE][WARNING] - A browser is already opened. Closing browser and opening a new one

2023-10-05 15:45:10 - [MESSAGE][INFO] - Starting 'Edge Chromium' driver

2023-10-05 15:45:10 - [MESSAGE][INFO] - User set preference: ['acceptInsecureCerts', 'true']

2023-10-05 15:45:12 - [MESSAGE][INFO] - Action delay is set to 0 milliseconds

2023-10-05 15:45:17 - [MESSAGE][PASSED] - Browser is opened with url: 'https://10.9.2.63/ecommerce/'

2023-10-05 15:45:17 - [TEST_STEP][PASSED] - maximizeWindow(): Current window maximized

2023-10-05 15:45:18 - [MESSAGE][PASSED] - Current window maximized

2023-10-05 15:45:18 - [TEST_STEP][PASSED] - verifyElementPresent(findTestObject("Login/Home"), 0): Object 'Object Repository/Login/Home' is present

2023-10-05 15:45:18 - [MESSAGE][WARNING] - Timeout '0' is invalid. Using default page load timeout: '30'

2023-10-05 15:45:18 - [MESSAGE][PASSED] - Object 'Object Repository/Login/Home' is present

2023-10-05 15:45:18 - [TEST_STEP][PASSED] - click(findTestObject("Login/a_Login")): Object: 'Object Repository/Login/a_Login' is clicked on

2023-10-05 15:45:19 - [MESSAGE][PASSED] - Object: 'Object Repository/Login/a_Login' is clicked on

2023-10-05 15:45:19 - [TEST_STEP][PASSED] - verifyElementPresent(findTestObject("Login/Tittle Login"), 0): Object 'Object Repository/Login/Tittle Login' is present

2023-10-05 15:45:19 - [MESSAGE][WARNING] - Timeout '0' is invalid. Using default page load timeout: '30'

2023-10-05 15:45:19 - [MESSAGE][PASSED] - Object 'Object Repository/Login/Tittle Login' is present

2023-10-05 15:45:19 - [TEST_STEP][PASSED] - setText(findTestObject("Login/input_Username, Email atau No. Handphone_a"), "irfanafandi"): Text 'irfanafandi' is set on object 'Object Repository/Login/input_Username, Email atau No. Handphone_a'

2023-10-05 15:45:20 - [MESSAGE][PASSED] - Text 'irfanafandi' is set on object 'Object Repository/Login/input_Username, Email atau No. Handphone_a'

2023-10-05 15:45:20 - [TEST_STEP][PASSED] - setText(findTestObject("Login/input_Password_b"), "12345irfan"): Text '12345irfan' is set on object 'Object Repository/Login/input_Password_b'

2023-10-05 15:45:21 - [MESSAGE][PASSED] - Text '12345irfan' is set on object 'Object Repository/Login/input_Password_b'

2023-10-05 15:45:21 - [TEST_STEP][PASSED] - click(findTestObject("Login/button_Masuk")): Object: 'Object Repository/Login/button_Masuk' is clicked on

2023-10-05 15:45:23 - [MESSAGE][PASSED] - Object: 'Object Repository/Login/button_Masuk' is clicked on

2023-10-05 15:45:23 - [TEST_STEP][PASSED] - verifyElementPresent(findTestObject("Login/li_Profile"), 0): Object 'Object Repository/Login/li_Profile' is present

2023-10-05 15:45:23 - [MESSAGE][WARNING] - Timeout '0' is invalid. Using default page load timeout: '30'

2023-10-05 15:45:24 - [MESSAGE][PASSED] - Object 'Object Repository/Login/li_Profile' is present

2023-10-05 15:45:24 - [TEST_STEP][PASSED] - click(findTestObject("Konfirmasi pesanan shop/Menu Shop")): Object: 'Object Repository/Konfirmasi pesanan shop/Menu Shop' is clicked on

2023-10-05 15:45:25 - [MESSAGE][PASSED] - Object: 'Object Repository/Konfirmasi pesanan shop/Menu Shop' is clicked on

2023-10-05 15:45:25 - [TEST_STEP][PASSED] - click(findTestObject("Konfirmasi pesanan shop/Menu Shop")): Object: 'Object Repository/Konfirmasi pesanan shop/Menu Shop' is clicked on

2023-10-05 15:45:26 - [MESSAGE][PASSED] - Object: 'Object Repository/Konfirmasi pesanan shop/Menu Shop' is clicked on

2023-10-05 15:45:26 - [TEST_STEP][PASSED] - click(findTestObject("verifikasi/Orders Report")): Object: 'Object Repository/verifikasi/Orders Report' is clicked on

2023-10-05 15:45:27 - [MESSAGE][PASSED] - Object: 'Object Repository/verifikasi/Orders Report' is clicked on

2023-10-05 15:45:27 - [TEST_STEP][PASSED] - verifyElementPresent(findTestObject("Login/li_Profile"), 0): Object 'Object Repository/Login/li_Profile' is present

2023-10-05 15:45:27 - [MESSAGE][WARNING] - Timeout '0' is invalid. Using default page load timeout: '30'

2023-10-05 15:45:27 - [MESSAGE][PASSED] - Object 'Object Repository/Login/li_Profile' is present

2023-10-05 15:45:27 - [TEST_STEP][PASSED] - click(findTestObject("verifikasi/Sampai Tujuan")): Object: 'Object Repository/verifikasi/Sampai Tujuan' is clicked on

2023-10-05 15:45:28 - [MESSAGE][PASSED] - Object: 'Object Repository/verifikasi/Sampai Tujuan' is clicked on

2023-10-05 15:45:28 - [TEST_STEP][PASSED] - verifyElementPresent(findTestObject("verifikasi/Notifikasi angka"), 1): Object 'Object Repository/verifikasi/Notifikasi angka' is present

2023-10-05 15:45:28 - [MESSAGE][PASSED] - Object 'Object Repository/verifikasi/Notifikasi angka' is present

2023-10-05 15:45:28 - [TEST_STEP][PASSED] - selesai = getText(findTestObject("verifikasi/Status Selesai di user")): Text of object 'Object Repository/verifikasi/Status Selesai di user' is: 'Selesai'

2023-10-05 15:45:28 - [MESSAGE][PASSED] - Text of object 'Object Repository/verifikasi/Status Selesai di user' is: 'Selesai'

2023-10-05 15:45:28 - [TEST_STEP][PASSED] - statusPembayaran = data.get("statusSelesai"): null

2023-10-05 15:45:28 - [TEST_STEP][PASSED] - assert selesai == statusPembayaran: null]]></system-out>
         <system-err><![CDATA[]]></system-err>
      </testcase>
      <system-out><![CDATA[2023-10-05 14:41:20 - [TEST_SUITE][FAILED] - T13 Pembelian, Shipment dan Pembayaran: Test Cases/T13 Pembelian, Shipment dan Pembayaran/PBL-003 FAILED.
Reason:
com.kms.katalon.core.exception.StepFailedException: Unable to verify text 'Silakan pilih warna dan ukuran produk' is present 
	at com.kms.katalon.core.webui.keyword.internal.WebUIKeywordMain.stepFailed(WebUIKeywordMain.groovy:64)
	at com.kms.katalon.core.webui.keyword.internal.WebUIKeywordMain.runKeyword(WebUIKeywordMain.groovy:26)
	at com.kms.katalon.core.webui.keyword.builtin.VerifyTextPresentKeyword.verifyTextPresent(VerifyTextPresentKeyword.groovy:83)
	at com.kms.katalon.core.webui.keyword.builtin.VerifyTextPresentKeyword.execute(VerifyTextPresentKeyword.groovy:68)
	at com.kms.katalon.core.keyword.internal.KeywordExecutor.executeKeywordForPlatform(KeywordExecutor.groovy:74)
	at com.kms.katalon.core.webui.keyword.WebUiBuiltInKeywords.verifyTextPresent(WebUiBuiltInKeywords.groovy:1723)
	at com.kms.katalon.core.webui.keyword.WebUiBuiltInKeywords$verifyTextPresent$7.call(Unknown Source)
	at PBL-003.run(PBL-003:55)
	at com.kms.katalon.core.main.ScriptEngine.run(ScriptEngine.java:194)
	at com.kms.katalon.core.main.ScriptEngine.runScriptAsRawText(ScriptEngine.java:119)
	at com.kms.katalon.core.main.TestCaseExecutor.runScript(TestCaseExecutor.java:448)
	at com.kms.katalon.core.main.TestCaseExecutor.doExecute(TestCaseExecutor.java:439)
	at com.kms.katalon.core.main.TestCaseExecutor.processExecutionPhase(TestCaseExecutor.java:418)
	at com.kms.katalon.core.main.TestCaseExecutor.accessMainPhase(TestCaseExecutor.java:410)
	at com.kms.katalon.core.main.TestCaseExecutor.execute(TestCaseExecutor.java:285)
	at com.kms.katalon.core.common.CommonExecutor.accessTestCaseMainPhase(CommonExecutor.java:65)
	at com.kms.katalon.core.main.TestSuiteExecutor.accessTestSuiteMainPhase(TestSuiteExecutor.java:148)
	at com.kms.katalon.core.main.TestSuiteExecutor.execute(TestSuiteExecutor.java:106)
	at com.kms.katalon.core.main.TestCaseMain.startTestSuite(TestCaseMain.java:187)
	at com.kms.katalon.core.main.TestCaseMain$startTestSuite$0.call(Unknown Source)
	at TempTestSuite1696491677292.run(TempTestSuite1696491677292.groovy:36)
Caused by: com.kms.katalon.core.exception.StepFailedException: Text 'Silakan pilih warna dan ukuran produk' is not present on page 
	at com.kms.katalon.core.webui.keyword.internal.WebUIKeywordMain.stepFailed(WebUIKeywordMain.groovy:64)
	at com.kms.katalon.core.webui.keyword.builtin.VerifyTextPresentKeyword$_verifyTextPresent_closure1.doCall(VerifyTextPresentKeyword.groovy:79)
	at com.kms.katalon.core.webui.keyword.builtin.VerifyTextPresentKeyword$_verifyTextPresent_closure1.call(VerifyTextPresentKeyword.groovy)
	at com.kms.katalon.core.webui.keyword.internal.WebUIKeywordMain.runKeyword(WebUIKeywordMain.groovy:20)
	... 19 more]]></system-out>
      <system-err><![CDATA[2023-10-05 14:41:20 - [TEST_SUITE][FAILED] - T13 Pembelian, Shipment dan Pembayaran: Test Cases/T13 Pembelian, Shipment dan Pembayaran/PBL-003 FAILED.
Reason:
com.kms.katalon.core.exception.StepFailedException: Unable to verify text 'Silakan pilih warna dan ukuran produk' is present 
	at com.kms.katalon.core.webui.keyword.internal.WebUIKeywordMain.stepFailed(WebUIKeywordMain.groovy:64)
	at com.kms.katalon.core.webui.keyword.internal.WebUIKeywordMain.runKeyword(WebUIKeywordMain.groovy:26)
	at com.kms.katalon.core.webui.keyword.builtin.VerifyTextPresentKeyword.verifyTextPresent(VerifyTextPresentKeyword.groovy:83)
	at com.kms.katalon.core.webui.keyword.builtin.VerifyTextPresentKeyword.execute(VerifyTextPresentKeyword.groovy:68)
	at com.kms.katalon.core.keyword.internal.KeywordExecutor.executeKeywordForPlatform(KeywordExecutor.groovy:74)
	at com.kms.katalon.core.webui.keyword.WebUiBuiltInKeywords.verifyTextPresent(WebUiBuiltInKeywords.groovy:1723)
	at com.kms.katalon.core.webui.keyword.WebUiBuiltInKeywords$verifyTextPresent$7.call(Unknown Source)
	at PBL-003.run(PBL-003:55)
	at com.kms.katalon.core.main.ScriptEngine.run(ScriptEngine.java:194)
	at com.kms.katalon.core.main.ScriptEngine.runScriptAsRawText(ScriptEngine.java:119)
	at com.kms.katalon.core.main.TestCaseExecutor.runScript(TestCaseExecutor.java:448)
	at com.kms.katalon.core.main.TestCaseExecutor.doExecute(TestCaseExecutor.java:439)
	at com.kms.katalon.core.main.TestCaseExecutor.processExecutionPhase(TestCaseExecutor.java:418)
	at com.kms.katalon.core.main.TestCaseExecutor.accessMainPhase(TestCaseExecutor.java:410)
	at com.kms.katalon.core.main.TestCaseExecutor.execute(TestCaseExecutor.java:285)
	at com.kms.katalon.core.common.CommonExecutor.accessTestCaseMainPhase(CommonExecutor.java:65)
	at com.kms.katalon.core.main.TestSuiteExecutor.accessTestSuiteMainPhase(TestSuiteExecutor.java:148)
	at com.kms.katalon.core.main.TestSuiteExecutor.execute(TestSuiteExecutor.java:106)
	at com.kms.katalon.core.main.TestCaseMain.startTestSuite(TestCaseMain.java:187)
	at com.kms.katalon.core.main.TestCaseMain$startTestSuite$0.call(Unknown Source)
	at TempTestSuite1696491677292.run(TempTestSuite1696491677292.groovy:36)
Caused by: com.kms.katalon.core.exception.StepFailedException: Text 'Silakan pilih warna dan ukuran produk' is not present on page 
	at com.kms.katalon.core.webui.keyword.internal.WebUIKeywordMain.stepFailed(WebUIKeywordMain.groovy:64)
	at com.kms.katalon.core.webui.keyword.builtin.VerifyTextPresentKeyword$_verifyTextPresent_closure1.doCall(VerifyTextPresentKeyword.groovy:79)
	at com.kms.katalon.core.webui.keyword.builtin.VerifyTextPresentKeyword$_verifyTextPresent_closure1.call(VerifyTextPresentKeyword.groovy)
	at com.kms.katalon.core.webui.keyword.internal.WebUIKeywordMain.runKeyword(WebUIKeywordMain.groovy:20)
	... 19 more]]></system-err>
   </testsuite>
</testsuites>
