<?xml version="1.0" encoding="UTF-8"?>
<testsuites name="Edit Data Konsumen" time="827.584" tests="16" failures="11" errors="0">
   <testsuite name="Edit Data Konsumen" tests="16" failures="11" errors="0" time="827.584" skipped="0" timestamp="2023-10-05 07:59:49" hostname="IRFAN - DESKTOP-H62FVJ8" id="Test Suites/Edit Data Konsumen/Edit Data Konsumen">
      <properties>
         <property name="deviceName" value=""/>
         <property name="devicePlatform" value=""/>
         <property name="logFolder" value="C:\\FT2 XSIS\\Projek Eval 2 Tajalapak dan administrator\\Reports\\20231005_075946\\Edit Data Konsumen\\Edit Data Konsumen\\20231005_075946"/>
         <property name="logFiles" value="C:\\FT2 XSIS\\Projek Eval 2 Tajalapak dan administrator\\Reports\\20231005_075946\\Edit Data Konsumen\\Edit Data Konsumen\\20231005_075946\\execution0.log"/>
         <property name="attachments" value="C:\\FT2 XSIS\\Projek Eval 2 Tajalapak dan administrator\\Reports\\20231005_075946\\Edit Data Konsumen\\Edit Data Konsumen\\20231005_075946\\1696467742578.png, C:\\FT2 XSIS\\Projek Eval 2 Tajalapak dan administrator\\Reports\\20231005_075946\\Edit Data Konsumen\\Edit Data Konsumen\\20231005_075946\\1696467802967.png, C:\\FT2 XSIS\\Projek Eval 2 Tajalapak dan administrator\\Reports\\20231005_075946\\Edit Data Konsumen\\Edit Data Konsumen\\20231005_075946\\1696467858075.png, C:\\FT2 XSIS\\Projek Eval 2 Tajalapak dan administrator\\Reports\\20231005_075946\\Edit Data Konsumen\\Edit Data Konsumen\\20231005_075946\\1696467915514.png, C:\\FT2 XSIS\\Projek Eval 2 Tajalapak dan administrator\\Reports\\20231005_075946\\Edit Data Konsumen\\Edit Data Konsumen\\20231005_075946\\1696468072261.png, C:\\FT2 XSIS\\Projek Eval 2 Tajalapak dan administrator\\Reports\\20231005_075946\\Edit Data Konsumen\\Edit Data Konsumen\\20231005_075946\\1696468124787.png, C:\\FT2 XSIS\\Projek Eval 2 Tajalapak dan administrator\\Reports\\20231005_075946\\Edit Data Konsumen\\Edit Data Konsumen\\20231005_075946\\1696468176057.png, C:\\FT2 XSIS\\Projek Eval 2 Tajalapak dan administrator\\Reports\\20231005_075946\\Edit Data Konsumen\\Edit Data Konsumen\\20231005_075946\\1696468231290.png, C:\\FT2 XSIS\\Projek Eval 2 Tajalapak dan administrator\\Reports\\20231005_075946\\Edit Data Konsumen\\Edit Data Konsumen\\20231005_075946\\1696468287907.png, C:\\FT2 XSIS\\Projek Eval 2 Tajalapak dan administrator\\Reports\\20231005_075946\\Edit Data Konsumen\\Edit Data Konsumen\\20231005_075946\\1696468334723.png, C:\\FT2 XSIS\\Projek Eval 2 Tajalapak dan administrator\\Reports\\20231005_075946\\Edit Data Konsumen\\Edit Data Konsumen\\20231005_075946\\1696468390098.png"/>
         <property name="hostName" value="IRFAN - DESKTOP-H62FVJ8"/>
         <property name="os" value="Windows 10 64bit"/>
         <property name="katalonVersion" value="8.6.5.208"/>
         <property name="browser" value="Firefox 117.0"/>
         <property name="hostAddress" value="10.9.2.18"/>
         <property name="sessionId" value="bcdff731-af39-4474-b36b-a0de60844fb9"/>
         <property name="seleniumVersion" value="3.141.59"/>
         <property name="proxyInformation" value="ProxyInformation { proxyOption=NO_PROXY, proxyServerType=HTTP, username=, password=********, proxyServerAddress=, proxyServerPort=0, executionList=&quot;&quot;, isApplyToDesiredCapabilities=true }"/>
         <property name="platform" value="Windows 10"/>
      </properties>
      <testcase name="Test Cases/M08 Edit Data Konsumen/EDK-001" time="32.778" classname="Test Cases/M08 Edit Data Konsumen/EDK-001" status="PASSED">
         <system-out><![CDATA[2023-10-05 07:59:49 - [TEST_CASE][PASSED] - Test Cases/M08 Edit Data Konsumen/EDK-001: Test Cases/M08 Edit Data Konsumen/EDK-001

2023-10-05 07:59:49 - [TEST_STEP][PASSED] - callTestCase(findTestCase("Login/TC-Login Admin-Success-001"), ["Username":"admin", "Password":"123admin123"], STOP_ON_FAILURE): Call Test Case 'Test Cases/Login/TC-Login Admin-Success-001' successfully

2023-10-05 07:59:50 - [TEST_CASE][PASSED] - Test Cases/Login/TC-Login Admin-Success-001: Test Cases/Login/TC-Login Admin-Success-001

2023-10-05 07:59:50 - [TEST_STEP][PASSED] - openBrowser("https://10.9.2.63/ecommerce/administrator/"): Browser is opened with url: 'https://10.9.2.63/ecommerce/administrator/'

2023-10-05 07:59:50 - [MESSAGE][INFO] - Starting 'Firefox' driver

2023-10-05 07:59:50 - [MESSAGE][INFO] - Action delay is set to 0 milliseconds

2023-10-05 07:59:55 - [MESSAGE][PASSED] - Browser is opened with url: 'https://10.9.2.63/ecommerce/administrator/'

2023-10-05 07:59:55 - [TEST_STEP][PASSED] - maximizeWindow(): Current window maximized

2023-10-05 07:59:55 - [MESSAGE][PASSED] - Current window maximized

2023-10-05 07:59:55 - [TEST_STEP][PASSED] - verifyElementPresent(findTestObject("Login admin/Tittle ADMIN"), 0): Object 'Object Repository/Login admin/Tittle ADMIN' is present

2023-10-05 07:59:55 - [MESSAGE][WARNING] - Timeout '0' is invalid. Using default page load timeout: '30'

2023-10-05 07:59:56 - [MESSAGE][PASSED] - Object 'Object Repository/Login admin/Tittle ADMIN' is present

2023-10-05 07:59:56 - [TEST_STEP][PASSED] - setText(findTestObject("Login/input_Username, Email atau No. Handphone_a"), Username): Text 'admin' is set on object 'Object Repository/Login/input_Username, Email atau No. Handphone_a'

2023-10-05 07:59:56 - [MESSAGE][PASSED] - Text 'admin' is set on object 'Object Repository/Login/input_Username, Email atau No. Handphone_a'

2023-10-05 07:59:56 - [TEST_STEP][PASSED] - setText(findTestObject("Login/input_Password"), Password): Text '123admin123' is set on object 'Object Repository/Login/input_Password'

2023-10-05 07:59:57 - [MESSAGE][PASSED] - Text '123admin123' is set on object 'Object Repository/Login/input_Password'

2023-10-05 07:59:57 - [TEST_STEP][PASSED] - click(findTestObject("Login admin/buttom Remember Me")): Object: 'Object Repository/Login admin/buttom Remember Me' is clicked on

2023-10-05 07:59:58 - [MESSAGE][PASSED] - Object: 'Object Repository/Login admin/buttom Remember Me' is clicked on

2023-10-05 07:59:58 - [TEST_STEP][PASSED] - delay(10): Delayed 10 second(s)

2023-10-05 08:00:08 - [MESSAGE][PASSED] - Delayed 10 second(s)

2023-10-05 08:00:08 - [TEST_STEP][PASSED] - click(findTestObject("Login admin/buttom sign in")): Object: 'Object Repository/Login admin/buttom sign in' is clicked on

2023-10-05 08:00:09 - [MESSAGE][PASSED] - Object: 'Object Repository/Login admin/buttom sign in' is clicked on

2023-10-05 08:00:09 - [TEST_STEP][PASSED] - verifyElementPresent(findTestObject("Login admin/Tittle Dashboard"), 0): Object 'Object Repository/Login admin/Tittle Dashboard' is present

2023-10-05 08:00:09 - [MESSAGE][WARNING] - Timeout '0' is invalid. Using default page load timeout: '30'

2023-10-05 08:00:13 - [MESSAGE][PASSED] - Object 'Object Repository/Login admin/Tittle Dashboard' is present

2023-10-05 08:00:13 - [MESSAGE][PASSED] - Call Test Case 'Test Cases/Login/TC-Login Admin-Success-001' successfully

2023-10-05 08:00:13 - [TEST_STEP][PASSED] - click(findTestObject("Menu pencarian Toko admin/Menu Master Market")): Object: 'Object Repository/Menu pencarian Toko admin/Menu Master Market' is clicked on

2023-10-05 08:00:14 - [MESSAGE][PASSED] - Object: 'Object Repository/Menu pencarian Toko admin/Menu Master Market' is clicked on

2023-10-05 08:00:14 - [TEST_STEP][PASSED] - click(findTestObject("Edit Data konsumen/Menu Konsumen")): Object: 'Object Repository/Edit Data konsumen/Menu Konsumen' is clicked on

2023-10-05 08:00:16 - [MESSAGE][PASSED] - Object: 'Object Repository/Edit Data konsumen/Menu Konsumen' is clicked on

2023-10-05 08:00:16 - [TEST_STEP][PASSED] - verifyElementPresent(findTestObject("Edit Data konsumen/Tittle Daftar Semua Konsumen"), 0): Object 'Object Repository/Edit Data konsumen/Tittle Daftar Semua Konsumen' is present

2023-10-05 08:00:16 - [MESSAGE][WARNING] - Timeout '0' is invalid. Using default page load timeout: '30'

2023-10-05 08:00:22 - [MESSAGE][PASSED] - Object 'Object Repository/Edit Data konsumen/Tittle Daftar Semua Konsumen' is present]]></system-out>
         <system-err><![CDATA[]]></system-err>
      </testcase>
      <testcase name="Test Cases/M08 Edit Data Konsumen/EDK-002" time="64.116" classname="Test Cases/M08 Edit Data Konsumen/EDK-002" status="PASSED">
         <system-out><![CDATA[2023-10-05 08:00:22 - [TEST_CASE][PASSED] - Test Cases/M08 Edit Data Konsumen/EDK-002: Test Cases/M08 Edit Data Konsumen/EDK-002

2023-10-05 08:00:22 - [TEST_STEP][PASSED] - callTestCase(findTestCase("M08 Edit Data Konsumen/EDK-001"), [:], STOP_ON_FAILURE): Call Test Case 'Test Cases/M08 Edit Data Konsumen/EDK-001' successfully

2023-10-05 08:00:22 - [TEST_CASE][PASSED] - Test Cases/M08 Edit Data Konsumen/EDK-001: Test Cases/M08 Edit Data Konsumen/EDK-001

2023-10-05 08:00:22 - [TEST_STEP][PASSED] - callTestCase(findTestCase("Login/TC-Login Admin-Success-001"), ["Username":"admin", "Password":"123admin123"], STOP_ON_FAILURE): Call Test Case 'Test Cases/Login/TC-Login Admin-Success-001' successfully

2023-10-05 08:00:22 - [TEST_CASE][PASSED] - Test Cases/Login/TC-Login Admin-Success-001: Test Cases/Login/TC-Login Admin-Success-001

2023-10-05 08:00:22 - [TEST_STEP][PASSED] - openBrowser("https://10.9.2.63/ecommerce/administrator/"): Browser is opened with url: 'https://10.9.2.63/ecommerce/administrator/'

2023-10-05 08:00:22 - [MESSAGE][WARNING] - A browser is already opened. Closing browser and opening a new one

2023-10-05 08:00:23 - [MESSAGE][INFO] - Starting 'Firefox' driver

2023-10-05 08:00:23 - [MESSAGE][INFO] - Action delay is set to 0 milliseconds

2023-10-05 08:00:27 - [MESSAGE][PASSED] - Browser is opened with url: 'https://10.9.2.63/ecommerce/administrator/'

2023-10-05 08:00:27 - [TEST_STEP][PASSED] - maximizeWindow(): Current window maximized

2023-10-05 08:00:27 - [MESSAGE][PASSED] - Current window maximized

2023-10-05 08:00:27 - [TEST_STEP][PASSED] - verifyElementPresent(findTestObject("Login admin/Tittle ADMIN"), 0): Object 'Object Repository/Login admin/Tittle ADMIN' is present

2023-10-05 08:00:27 - [MESSAGE][WARNING] - Timeout '0' is invalid. Using default page load timeout: '30'

2023-10-05 08:00:28 - [MESSAGE][PASSED] - Object 'Object Repository/Login admin/Tittle ADMIN' is present

2023-10-05 08:00:28 - [TEST_STEP][PASSED] - setText(findTestObject("Login/input_Username, Email atau No. Handphone_a"), Username): Text 'admin' is set on object 'Object Repository/Login/input_Username, Email atau No. Handphone_a'

2023-10-05 08:00:28 - [MESSAGE][PASSED] - Text 'admin' is set on object 'Object Repository/Login/input_Username, Email atau No. Handphone_a'

2023-10-05 08:00:28 - [TEST_STEP][PASSED] - setText(findTestObject("Login/input_Password"), Password): Text '123admin123' is set on object 'Object Repository/Login/input_Password'

2023-10-05 08:00:29 - [MESSAGE][PASSED] - Text '123admin123' is set on object 'Object Repository/Login/input_Password'

2023-10-05 08:00:29 - [TEST_STEP][PASSED] - click(findTestObject("Login admin/buttom Remember Me")): Object: 'Object Repository/Login admin/buttom Remember Me' is clicked on

2023-10-05 08:00:29 - [MESSAGE][PASSED] - Object: 'Object Repository/Login admin/buttom Remember Me' is clicked on

2023-10-05 08:00:29 - [TEST_STEP][PASSED] - delay(10): Delayed 10 second(s)

2023-10-05 08:00:39 - [MESSAGE][PASSED] - Delayed 10 second(s)

2023-10-05 08:00:39 - [TEST_STEP][PASSED] - click(findTestObject("Login admin/buttom sign in")): Object: 'Object Repository/Login admin/buttom sign in' is clicked on

2023-10-05 08:00:41 - [MESSAGE][PASSED] - Object: 'Object Repository/Login admin/buttom sign in' is clicked on

2023-10-05 08:00:41 - [TEST_STEP][PASSED] - verifyElementPresent(findTestObject("Login admin/Tittle Dashboard"), 0): Object 'Object Repository/Login admin/Tittle Dashboard' is present

2023-10-05 08:00:41 - [MESSAGE][WARNING] - Timeout '0' is invalid. Using default page load timeout: '30'

2023-10-05 08:00:46 - [MESSAGE][PASSED] - Object 'Object Repository/Login admin/Tittle Dashboard' is present

2023-10-05 08:00:46 - [MESSAGE][PASSED] - Call Test Case 'Test Cases/Login/TC-Login Admin-Success-001' successfully

2023-10-05 08:00:46 - [TEST_STEP][PASSED] - click(findTestObject("Menu pencarian Toko admin/Menu Master Market")): Object: 'Object Repository/Menu pencarian Toko admin/Menu Master Market' is clicked on

2023-10-05 08:00:47 - [MESSAGE][PASSED] - Object: 'Object Repository/Menu pencarian Toko admin/Menu Master Market' is clicked on

2023-10-05 08:00:47 - [TEST_STEP][PASSED] - click(findTestObject("Edit Data konsumen/Menu Konsumen")): Object: 'Object Repository/Edit Data konsumen/Menu Konsumen' is clicked on

2023-10-05 08:00:49 - [MESSAGE][PASSED] - Object: 'Object Repository/Edit Data konsumen/Menu Konsumen' is clicked on

2023-10-05 08:00:49 - [TEST_STEP][PASSED] - verifyElementPresent(findTestObject("Edit Data konsumen/Tittle Daftar Semua Konsumen"), 0): Object 'Object Repository/Edit Data konsumen/Tittle Daftar Semua Konsumen' is present

2023-10-05 08:00:49 - [MESSAGE][WARNING] - Timeout '0' is invalid. Using default page load timeout: '30'

2023-10-05 08:00:56 - [MESSAGE][PASSED] - Object 'Object Repository/Edit Data konsumen/Tittle Daftar Semua Konsumen' is present

2023-10-05 08:00:56 - [MESSAGE][PASSED] - Call Test Case 'Test Cases/M08 Edit Data Konsumen/EDK-001' successfully

2023-10-05 08:00:56 - [TEST_STEP][PASSED] - click(findTestObject("file baru/search")): Object: 'Object Repository/file baru/search' is clicked on

2023-10-05 08:00:57 - [MESSAGE][PASSED] - Object: 'Object Repository/file baru/search' is clicked on

2023-10-05 08:00:57 - [TEST_STEP][PASSED] - setText(findTestObject("file baru/search"), "udin pan"): Text 'udin pan' is set on object 'Object Repository/file baru/search'

2023-10-05 08:00:58 - [MESSAGE][PASSED] - Text 'udin pan' is set on object 'Object Repository/file baru/search'

2023-10-05 08:00:58 - [TEST_STEP][PASSED] - click(findTestObject("file baru/buttom edit")): Object: 'Object Repository/file baru/buttom edit' is clicked on

2023-10-05 08:01:04 - [MESSAGE][PASSED] - Object: 'Object Repository/file baru/buttom edit' is clicked on

2023-10-05 08:01:04 - [TEST_STEP][PASSED] - verifyElementPresent(findTestObject("Edit Data konsumen/tittle Edit Data Konsumen"), 0): Object 'Object Repository/Edit Data konsumen/tittle Edit Data Konsumen' is present

2023-10-05 08:01:04 - [MESSAGE][WARNING] - Timeout '0' is invalid. Using default page load timeout: '30'

2023-10-05 08:01:04 - [MESSAGE][PASSED] - Object 'Object Repository/Edit Data konsumen/tittle Edit Data Konsumen' is present

2023-10-05 08:01:04 - [TEST_STEP][PASSED] - setText(findTestObject("Edit Data konsumen/ganti password/input_Ganti Password"), password): Text '123halokamu' is set on object 'Object Repository/Edit Data konsumen/ganti password/input_Ganti Password'

2023-10-05 08:01:11 - [MESSAGE][PASSED] - Text '123halokamu' is set on object 'Object Repository/Edit Data konsumen/ganti password/input_Ganti Password'

2023-10-05 08:01:11 - [TEST_STEP][PASSED] - setText(findTestObject("Edit Data konsumen/input_Nama Lengkap"), nama_lengkap): Text 'udin padinding oii' is set on object 'Object Repository/Edit Data konsumen/input_Nama Lengkap'

2023-10-05 08:01:12 - [MESSAGE][PASSED] - Text 'udin padinding oii' is set on object 'Object Repository/Edit Data konsumen/input_Nama Lengkap'

2023-10-05 08:01:12 - [TEST_STEP][PASSED] - setText(findTestObject("Edit Data konsumen/Input Alamat email/input Alamat Email"), email): Text 'udin123@gmail.com' is set on object 'Object Repository/Edit Data konsumen/Input Alamat email/input Alamat Email'

2023-10-05 08:01:13 - [MESSAGE][PASSED] - Text 'udin123@gmail.com' is set on object 'Object Repository/Edit Data konsumen/Input Alamat email/input Alamat Email'

2023-10-05 08:01:13 - [TEST_STEP][PASSED] - setText(findTestObject("Edit Data konsumen/Input no Hp/input No Hp"), no_hp): Text '081212121212' is set on object 'Object Repository/Edit Data konsumen/Input no Hp/input No Hp'

2023-10-05 08:01:14 - [MESSAGE][PASSED] - Text '081212121212' is set on object 'Object Repository/Edit Data konsumen/Input no Hp/input No Hp'

2023-10-05 08:01:14 - [TEST_STEP][PASSED] - uploadFile(findTestObject("upload foto/input_Ganti Foto_gg"), foto): File 'C:\Users\IRFAN\Downloads\foto42.png' sent to object: 'Object Repository/upload foto/input_Ganti Foto_gg'

2023-10-05 08:01:15 - [MESSAGE][PASSED] - File 'C:\Users\IRFAN\Downloads\foto42.png' sent to object: 'Object Repository/upload foto/input_Ganti Foto_gg'

2023-10-05 08:01:15 - [TEST_STEP][PASSED] - if (toString().equalsIgnoreCase("Laki-laki")): Object 'Object Repository/Edit Data konsumen/Radio buttom jenis_kelamin/Laki_laki/Radio buttom Laki_laki' is checked

2023-10-05 08:01:15 - [TEST_STEP][PASSED] - check(findTestObject("Object Repository/Edit Data konsumen/Radio buttom jenis_kelamin/Laki_laki/Radio buttom Laki_laki")): Object 'Object Repository/Edit Data konsumen/Radio buttom jenis_kelamin/Laki_laki/Radio buttom Laki_laki' is checked

2023-10-05 08:01:15 - [MESSAGE][PASSED] - Object 'Object Repository/Edit Data konsumen/Radio buttom jenis_kelamin/Laki_laki/Radio buttom Laki_laki' is checked

2023-10-05 08:01:15 - [TEST_STEP][PASSED] - setText(findTestObject("Edit Data konsumen/input tanggal lahir/input_Tanggal Lahir"), tanggal_lahir): Text '1998-09-09' is set on object 'Object Repository/Edit Data konsumen/input tanggal lahir/input_Tanggal Lahir'

2023-10-05 08:01:16 - [MESSAGE][PASSED] - Text '1998-09-09' is set on object 'Object Repository/Edit Data konsumen/input tanggal lahir/input_Tanggal Lahir'

2023-10-05 08:01:16 - [TEST_STEP][PASSED] - setText(findTestObject("Edit Data konsumen/Alamat/input_Alamat"), Alamat): Text 'jl.gejayan yogyakarta' is set on object 'Object Repository/Edit Data konsumen/Alamat/input_Alamat'

2023-10-05 08:01:17 - [MESSAGE][PASSED] - Text 'jl.gejayan yogyakarta' is set on object 'Object Repository/Edit Data konsumen/Alamat/input_Alamat'

2023-10-05 08:01:17 - [TEST_STEP][PASSED] - click(findTestObject("Edit Data konsumen/button_Update")): Object: 'Object Repository/Edit Data konsumen/button_Update' is clicked on

2023-10-05 08:01:18 - [MESSAGE][PASSED] - Object: 'Object Repository/Edit Data konsumen/button_Update' is clicked on

2023-10-05 08:01:18 - [TEST_STEP][PASSED] - verifyElementPresent(findTestObject("Edit Data konsumen/Ttitle Detail Data Konsumen"), 0): Object 'Object Repository/Edit Data konsumen/Ttitle Detail Data Konsumen' is present

2023-10-05 08:01:18 - [MESSAGE][WARNING] - Timeout '0' is invalid. Using default page load timeout: '30'

2023-10-05 08:01:22 - [MESSAGE][PASSED] - Object 'Object Repository/Edit Data konsumen/Ttitle Detail Data Konsumen' is present

2023-10-05 08:01:22 - [TEST_STEP][PASSED] - nama = getText(findTestObject("hasil edit konsumen/hasil edit nama")): Text of object 'Object Repository/hasil edit konsumen/hasil edit nama' is: 'udin padinding oii'

2023-10-05 08:01:23 - [MESSAGE][PASSED] - Text of object 'Object Repository/hasil edit konsumen/hasil edit nama' is: 'udin padinding oii'

2023-10-05 08:01:23 - [TEST_STEP][PASSED] - emaill = getText(findTestObject("hasil edit konsumen/hasil edit email")): Text of object 'Object Repository/hasil edit konsumen/hasil edit email' is: 'udin123@gmail.com'

2023-10-05 08:01:24 - [MESSAGE][PASSED] - Text of object 'Object Repository/hasil edit konsumen/hasil edit email' is: 'udin123@gmail.com'

2023-10-05 08:01:24 - [TEST_STEP][PASSED] - nomorHp = getText(findTestObject("hasil edit konsumen/hasil edit no_hp")): Text of object 'Object Repository/hasil edit konsumen/hasil edit no_hp' is: '081212121212'

2023-10-05 08:01:24 - [MESSAGE][PASSED] - Text of object 'Object Repository/hasil edit konsumen/hasil edit no_hp' is: '081212121212'

2023-10-05 08:01:24 - [TEST_STEP][PASSED] - jenis_kelamin = getText(findTestObject("Edit Data konsumen/Jenis_Kelamin/Hasil edit Jenis_kelamin")): Text of object 'Object Repository/Edit Data konsumen/Jenis_Kelamin/Hasil edit Jenis_kelamin' is: 'Laki-laki'

2023-10-05 08:01:25 - [MESSAGE][PASSED] - Text of object 'Object Repository/Edit Data konsumen/Jenis_Kelamin/Hasil edit Jenis_kelamin' is: 'Laki-laki'

2023-10-05 08:01:25 - [TEST_STEP][PASSED] - tgl_lahir_show = getText(findTestObject("hasil edit konsumen/hasil edit tgl_lahir")): Text of object 'Object Repository/hasil edit konsumen/hasil edit tgl_lahir' is: '09 Sep 1998'

2023-10-05 08:01:25 - [MESSAGE][PASSED] - Text of object 'Object Repository/hasil edit konsumen/hasil edit tgl_lahir' is: '09 Sep 1998'

2023-10-05 08:01:25 - [TEST_STEP][PASSED] - alamat = getText(findTestObject("hasil edit konsumen/hasil edit alamat")): Text of object 'Object Repository/hasil edit konsumen/hasil edit alamat' is: 'jl.gejayan yogyakarta'

2023-10-05 08:01:25 - [MESSAGE][PASSED] - Text of object 'Object Repository/hasil edit konsumen/hasil edit alamat' is: 'jl.gejayan yogyakarta'

2023-10-05 08:01:25 - [TEST_STEP][PASSED] - foto1 = getAttribute(findTestObject("Object Repository/Edit Data konsumen/Edit foto/hasil edit foto"), "src").split("/"): Attribute 'src' of object 'Object Repository/Edit Data konsumen/Edit foto/hasil edit foto' is: 'https://10.9.2.63/ecommerce/asset/foto_user/foto4223.png'

2023-10-05 08:01:26 - [MESSAGE][PASSED] - Attribute 'src' of object 'Object Repository/Edit Data konsumen/Edit foto/hasil edit foto' is: 'https://10.9.2.63/ecommerce/asset/foto_user/foto4223.png'

2023-10-05 08:01:26 - [TEST_STEP][PASSED] - println(foto1): null

2023-10-05 08:01:26 - [TEST_STEP][PASSED] - fotoUrl = size() - 1].replace(".png", ""): null

2023-10-05 08:01:26 - [TEST_STEP][PASSED] - println(fotoUrl): null

2023-10-05 08:01:26 - [TEST_STEP][PASSED] - foto_sebelumEdit = foto.split("\\"): null

2023-10-05 08:01:26 - [TEST_STEP][PASSED] - println(foto_sebelumEdit): null

2023-10-05 08:01:26 - [TEST_STEP][PASSED] - urlfoto = size() - 1].replace(".png", ""): null

2023-10-05 08:01:26 - [TEST_STEP][PASSED] - println(urlfoto): null

2023-10-05 08:01:26 - [TEST_STEP][PASSED] - assert fotoUrl.contains(urlfoto): null

2023-10-05 08:01:26 - [TEST_STEP][PASSED] - sdf = new java.text.SimpleDateFormat(yyyy-MM-dd): null

2023-10-05 08:01:26 - [TEST_STEP][PASSED] - parsedDate = null: null

2023-10-05 08:01:26 - [TEST_STEP][PASSED] - SentDate = tanggal_lahir: null

2023-10-05 08:01:26 - [TEST_STEP][PASSED] - parsedDate = sdf.parse(SentDate): null

2023-10-05 08:01:26 - [TEST_STEP][PASSED] - print = new java.text.SimpleDateFormat(dd MMM yyyy): null

2023-10-05 08:01:26 - [TEST_STEP][PASSED] - tanggal_lahir = print.format(parsedDate): null

2023-10-05 08:01:26 - [TEST_STEP][PASSED] - assert trim().equalsIgnoreCase(nama.trim()): null

2023-10-05 08:01:26 - [TEST_STEP][PASSED] - assert trim().equalsIgnoreCase(emaill.trim()): null

2023-10-05 08:01:26 - [TEST_STEP][PASSED] - assert trim().equalsIgnoreCase(nomorHp.trim()): null

2023-10-05 08:01:26 - [TEST_STEP][PASSED] - assert trim().equalsIgnoreCase(jenis_kelamin.trim()): null

2023-10-05 08:01:26 - [TEST_STEP][PASSED] - assert trim().equalsIgnoreCase(tgl_lahir_show.trim()): null

2023-10-05 08:01:26 - [TEST_STEP][PASSED] - assert trim().equalsIgnoreCase(alamat.trim()): null]]></system-out>
         <system-err><![CDATA[]]></system-err>
      </testcase>
      <testcase name="Test Cases/M08 Edit Data Konsumen/EDK-003" time="56.319" classname="Test Cases/M08 Edit Data Konsumen/EDK-003" status="FAILED">
         <failure type="FAILED" message="Test Cases/M08 Edit Data Konsumen/EDK-003 FAILED.
Reason:
com.kms.katalon.core.exception.StepFailedException: Unable to verify text 'Nama tidak boleh menggunakan Symbol' is present 
	at com.kms.katalon.core.webui.keyword.internal.WebUIKeywordMain.stepFailed(WebUIKeywordMain.groovy:64)
	at com.kms.katalon.core.webui.keyword.internal.WebUIKeywordMain.runKeyword(WebUIKeywordMain.groovy:26)
	at com.kms.katalon.core.webui.keyword.builtin.VerifyTextPresentKeyword.verifyTextPresent(VerifyTextPresentKeyword.groovy:83)
	at com.kms.katalon.core.webui.keyword.builtin.VerifyTextPresentKeyword.execute(VerifyTextPresentKeyword.groovy:68)
	at com.kms.katalon.core.keyword.internal.KeywordExecutor.executeKeywordForPlatform(KeywordExecutor.groovy:74)
	at com.kms.katalon.core.webui.keyword.WebUiBuiltInKeywords.verifyTextPresent(WebUiBuiltInKeywords.groovy:1723)
	at com.kms.katalon.core.webui.keyword.WebUiBuiltInKeywords$verifyTextPresent$8.call(Unknown Source)
	at EDK-003.run(EDK-003:34)
	at com.kms.katalon.core.main.ScriptEngine.run(ScriptEngine.java:194)
	at com.kms.katalon.core.main.ScriptEngine.runScriptAsRawText(ScriptEngine.java:119)
	at com.kms.katalon.core.main.TestCaseExecutor.runScript(TestCaseExecutor.java:448)
	at com.kms.katalon.core.main.TestCaseExecutor.doExecute(TestCaseExecutor.java:439)
	at com.kms.katalon.core.main.TestCaseExecutor.processExecutionPhase(TestCaseExecutor.java:418)
	at com.kms.katalon.core.main.TestCaseExecutor.accessMainPhase(TestCaseExecutor.java:410)
	at com.kms.katalon.core.main.TestCaseExecutor.execute(TestCaseExecutor.java:285)
	at com.kms.katalon.core.common.CommonExecutor.accessTestCaseMainPhase(CommonExecutor.java:65)
	at com.kms.katalon.core.main.TestSuiteExecutor.accessTestSuiteMainPhase(TestSuiteExecutor.java:148)
	at com.kms.katalon.core.main.TestSuiteExecutor.execute(TestSuiteExecutor.java:106)
	at com.kms.katalon.core.main.TestCaseMain.startTestSuite(TestCaseMain.java:187)
	at com.kms.katalon.core.main.TestCaseMain$startTestSuite$0.call(Unknown Source)
	at TempTestSuite1696467586530.run(TempTestSuite1696467586530.groovy:36)
Caused by: com.kms.katalon.core.exception.StepFailedException: Text 'Nama tidak boleh menggunakan Symbol' is not present on page 
	at com.kms.katalon.core.webui.keyword.internal.WebUIKeywordMain.stepFailed(WebUIKeywordMain.groovy:64)
	at com.kms.katalon.core.webui.keyword.builtin.VerifyTextPresentKeyword$_verifyTextPresent_closure1.doCall(VerifyTextPresentKeyword.groovy:79)
	at com.kms.katalon.core.webui.keyword.builtin.VerifyTextPresentKeyword$_verifyTextPresent_closure1.call(VerifyTextPresentKeyword.groovy)
	at com.kms.katalon.core.webui.keyword.internal.WebUIKeywordMain.runKeyword(WebUIKeywordMain.groovy:20)
	... 19 more
"/>
         <system-out><![CDATA[2023-10-05 08:01:26 - [TEST_CASE][FAILED] - Test Cases/M08 Edit Data Konsumen/EDK-003: Test Cases/M08 Edit Data Konsumen/EDK-003 FAILED.
Reason:
com.kms.katalon.core.exception.StepFailedException: Unable to verify text 'Nama tidak boleh menggunakan Symbol' is present 
	at com.kms.katalon.core.webui.keyword.internal.WebUIKeywordMain.stepFailed(WebUIKeywordMain.groovy:64)
	at com.kms.katalon.core.webui.keyword.internal.WebUIKeywordMain.runKeyword(WebUIKeywordMain.groovy:26)
	at com.kms.katalon.core.webui.keyword.builtin.VerifyTextPresentKeyword.verifyTextPresent(VerifyTextPresentKeyword.groovy:83)
	at com.kms.katalon.core.webui.keyword.builtin.VerifyTextPresentKeyword.execute(VerifyTextPresentKeyword.groovy:68)
	at com.kms.katalon.core.keyword.internal.KeywordExecutor.executeKeywordForPlatform(KeywordExecutor.groovy:74)
	at com.kms.katalon.core.webui.keyword.WebUiBuiltInKeywords.verifyTextPresent(WebUiBuiltInKeywords.groovy:1723)
	at com.kms.katalon.core.webui.keyword.WebUiBuiltInKeywords$verifyTextPresent$8.call(Unknown Source)
	at EDK-003.run(EDK-003:34)
	at com.kms.katalon.core.main.ScriptEngine.run(ScriptEngine.java:194)
	at com.kms.katalon.core.main.ScriptEngine.runScriptAsRawText(ScriptEngine.java:119)
	at com.kms.katalon.core.main.TestCaseExecutor.runScript(TestCaseExecutor.java:448)
	at com.kms.katalon.core.main.TestCaseExecutor.doExecute(TestCaseExecutor.java:439)
	at com.kms.katalon.core.main.TestCaseExecutor.processExecutionPhase(TestCaseExecutor.java:418)
	at com.kms.katalon.core.main.TestCaseExecutor.accessMainPhase(TestCaseExecutor.java:410)
	at com.kms.katalon.core.main.TestCaseExecutor.execute(TestCaseExecutor.java:285)
	at com.kms.katalon.core.common.CommonExecutor.accessTestCaseMainPhase(CommonExecutor.java:65)
	at com.kms.katalon.core.main.TestSuiteExecutor.accessTestSuiteMainPhase(TestSuiteExecutor.java:148)
	at com.kms.katalon.core.main.TestSuiteExecutor.execute(TestSuiteExecutor.java:106)
	at com.kms.katalon.core.main.TestCaseMain.startTestSuite(TestCaseMain.java:187)
	at com.kms.katalon.core.main.TestCaseMain$startTestSuite$0.call(Unknown Source)
	at TempTestSuite1696467586530.run(TempTestSuite1696467586530.groovy:36)
Caused by: com.kms.katalon.core.exception.StepFailedException: Text 'Nama tidak boleh menggunakan Symbol' is not present on page 
	at com.kms.katalon.core.webui.keyword.internal.WebUIKeywordMain.stepFailed(WebUIKeywordMain.groovy:64)
	at com.kms.katalon.core.webui.keyword.builtin.VerifyTextPresentKeyword$_verifyTextPresent_closure1.doCall(VerifyTextPresentKeyword.groovy:79)
	at com.kms.katalon.core.webui.keyword.builtin.VerifyTextPresentKeyword$_verifyTextPresent_closure1.call(VerifyTextPresentKeyword.groovy)
	at com.kms.katalon.core.webui.keyword.internal.WebUIKeywordMain.runKeyword(WebUIKeywordMain.groovy:20)
	... 19 more


2023-10-05 08:01:26 - [TEST_STEP][PASSED] - callTestCase(findTestCase("M08 Edit Data Konsumen/EDK-001"), [:], STOP_ON_FAILURE): Call Test Case 'Test Cases/M08 Edit Data Konsumen/EDK-001' successfully

2023-10-05 08:01:26 - [TEST_CASE][PASSED] - Test Cases/M08 Edit Data Konsumen/EDK-001: Test Cases/M08 Edit Data Konsumen/EDK-001

2023-10-05 08:01:26 - [TEST_STEP][PASSED] - callTestCase(findTestCase("Login/TC-Login Admin-Success-001"), ["Username":"admin", "Password":"123admin123"], STOP_ON_FAILURE): Call Test Case 'Test Cases/Login/TC-Login Admin-Success-001' successfully

2023-10-05 08:01:26 - [TEST_CASE][PASSED] - Test Cases/Login/TC-Login Admin-Success-001: Test Cases/Login/TC-Login Admin-Success-001

2023-10-05 08:01:26 - [TEST_STEP][PASSED] - openBrowser("https://10.9.2.63/ecommerce/administrator/"): Browser is opened with url: 'https://10.9.2.63/ecommerce/administrator/'

2023-10-05 08:01:26 - [MESSAGE][WARNING] - A browser is already opened. Closing browser and opening a new one

2023-10-05 08:01:28 - [MESSAGE][INFO] - Starting 'Firefox' driver

2023-10-05 08:01:28 - [MESSAGE][INFO] - Action delay is set to 0 milliseconds

2023-10-05 08:01:33 - [MESSAGE][PASSED] - Browser is opened with url: 'https://10.9.2.63/ecommerce/administrator/'

2023-10-05 08:01:33 - [TEST_STEP][PASSED] - maximizeWindow(): Current window maximized

2023-10-05 08:01:33 - [MESSAGE][PASSED] - Current window maximized

2023-10-05 08:01:33 - [TEST_STEP][PASSED] - verifyElementPresent(findTestObject("Login admin/Tittle ADMIN"), 0): Object 'Object Repository/Login admin/Tittle ADMIN' is present

2023-10-05 08:01:33 - [MESSAGE][WARNING] - Timeout '0' is invalid. Using default page load timeout: '30'

2023-10-05 08:01:33 - [MESSAGE][PASSED] - Object 'Object Repository/Login admin/Tittle ADMIN' is present

2023-10-05 08:01:33 - [TEST_STEP][PASSED] - setText(findTestObject("Login/input_Username, Email atau No. Handphone_a"), Username): Text 'admin' is set on object 'Object Repository/Login/input_Username, Email atau No. Handphone_a'

2023-10-05 08:01:34 - [MESSAGE][PASSED] - Text 'admin' is set on object 'Object Repository/Login/input_Username, Email atau No. Handphone_a'

2023-10-05 08:01:34 - [TEST_STEP][PASSED] - setText(findTestObject("Login/input_Password"), Password): Text '123admin123' is set on object 'Object Repository/Login/input_Password'

2023-10-05 08:01:34 - [MESSAGE][PASSED] - Text '123admin123' is set on object 'Object Repository/Login/input_Password'

2023-10-05 08:01:34 - [TEST_STEP][PASSED] - click(findTestObject("Login admin/buttom Remember Me")): Object: 'Object Repository/Login admin/buttom Remember Me' is clicked on

2023-10-05 08:01:35 - [MESSAGE][PASSED] - Object: 'Object Repository/Login admin/buttom Remember Me' is clicked on

2023-10-05 08:01:35 - [TEST_STEP][PASSED] - delay(10): Delayed 10 second(s)

2023-10-05 08:01:45 - [MESSAGE][PASSED] - Delayed 10 second(s)

2023-10-05 08:01:45 - [TEST_STEP][PASSED] - click(findTestObject("Login admin/buttom sign in")): Object: 'Object Repository/Login admin/buttom sign in' is clicked on

2023-10-05 08:01:46 - [MESSAGE][PASSED] - Object: 'Object Repository/Login admin/buttom sign in' is clicked on

2023-10-05 08:01:46 - [TEST_STEP][PASSED] - verifyElementPresent(findTestObject("Login admin/Tittle Dashboard"), 0): Object 'Object Repository/Login admin/Tittle Dashboard' is present

2023-10-05 08:01:46 - [MESSAGE][WARNING] - Timeout '0' is invalid. Using default page load timeout: '30'

2023-10-05 08:01:50 - [MESSAGE][PASSED] - Object 'Object Repository/Login admin/Tittle Dashboard' is present

2023-10-05 08:01:50 - [MESSAGE][PASSED] - Call Test Case 'Test Cases/Login/TC-Login Admin-Success-001' successfully

2023-10-05 08:01:50 - [TEST_STEP][PASSED] - click(findTestObject("Menu pencarian Toko admin/Menu Master Market")): Object: 'Object Repository/Menu pencarian Toko admin/Menu Master Market' is clicked on

2023-10-05 08:01:51 - [MESSAGE][PASSED] - Object: 'Object Repository/Menu pencarian Toko admin/Menu Master Market' is clicked on

2023-10-05 08:01:51 - [TEST_STEP][PASSED] - click(findTestObject("Edit Data konsumen/Menu Konsumen")): Object: 'Object Repository/Edit Data konsumen/Menu Konsumen' is clicked on

2023-10-05 08:01:53 - [MESSAGE][PASSED] - Object: 'Object Repository/Edit Data konsumen/Menu Konsumen' is clicked on

2023-10-05 08:01:53 - [TEST_STEP][PASSED] - verifyElementPresent(findTestObject("Edit Data konsumen/Tittle Daftar Semua Konsumen"), 0): Object 'Object Repository/Edit Data konsumen/Tittle Daftar Semua Konsumen' is present

2023-10-05 08:01:53 - [MESSAGE][WARNING] - Timeout '0' is invalid. Using default page load timeout: '30'

2023-10-05 08:01:59 - [MESSAGE][PASSED] - Object 'Object Repository/Edit Data konsumen/Tittle Daftar Semua Konsumen' is present

2023-10-05 08:01:59 - [MESSAGE][PASSED] - Call Test Case 'Test Cases/M08 Edit Data Konsumen/EDK-001' successfully

2023-10-05 08:01:59 - [TEST_STEP][PASSED] - click(findTestObject("file baru/search")): Object: 'Object Repository/file baru/search' is clicked on

2023-10-05 08:01:59 - [MESSAGE][PASSED] - Object: 'Object Repository/file baru/search' is clicked on

2023-10-05 08:01:59 - [TEST_STEP][PASSED] - setText(findTestObject("file baru/search"), "udin123"): Text 'udin123' is set on object 'Object Repository/file baru/search'

2023-10-05 08:02:00 - [MESSAGE][PASSED] - Text 'udin123' is set on object 'Object Repository/file baru/search'

2023-10-05 08:02:00 - [TEST_STEP][PASSED] - click(findTestObject("file baru/buttom edit")): Object: 'Object Repository/file baru/buttom edit' is clicked on

2023-10-05 08:02:05 - [MESSAGE][PASSED] - Object: 'Object Repository/file baru/buttom edit' is clicked on

2023-10-05 08:02:05 - [TEST_STEP][PASSED] - verifyElementPresent(findTestObject("Edit Data konsumen/tittle Edit Data Konsumen"), 0): Object 'Object Repository/Edit Data konsumen/tittle Edit Data Konsumen' is present

2023-10-05 08:02:05 - [MESSAGE][WARNING] - Timeout '0' is invalid. Using default page load timeout: '30'

2023-10-05 08:02:12 - [MESSAGE][PASSED] - Object 'Object Repository/Edit Data konsumen/tittle Edit Data Konsumen' is present

2023-10-05 08:02:12 - [TEST_STEP][PASSED] - setText(findTestObject("Edit Data konsumen/input_Nama Lengkap"), "//"): Text '//' is set on object 'Object Repository/Edit Data konsumen/input_Nama Lengkap'

2023-10-05 08:02:13 - [MESSAGE][PASSED] - Text '//' is set on object 'Object Repository/Edit Data konsumen/input_Nama Lengkap'

2023-10-05 08:02:13 - [TEST_STEP][PASSED] - click(findTestObject("Edit Data konsumen/button_Update")): Object: 'Object Repository/Edit Data konsumen/button_Update' is clicked on

2023-10-05 08:02:15 - [MESSAGE][PASSED] - Object: 'Object Repository/Edit Data konsumen/button_Update' is clicked on

2023-10-05 08:02:15 - [TEST_STEP][FAILED] - verifyTextPresent("Nama tidak boleh menggunakan Symbol", false): Unable to verify text 'Nama tidak boleh menggunakan Symbol' is present  (Root cause: com.kms.katalon.core.exception.StepFailedException: Unable to verify text 'Nama tidak boleh menggunakan Symbol' is present 
	at com.kms.katalon.core.webui.keyword.internal.WebUIKeywordMain.stepFailed(WebUIKeywordMain.groovy:64)
	at com.kms.katalon.core.webui.keyword.internal.WebUIKeywordMain.runKeyword(WebUIKeywordMain.groovy:26)
	at com.kms.katalon.core.webui.keyword.builtin.VerifyTextPresentKeyword.verifyTextPresent(VerifyTextPresentKeyword.groovy:83)
	at com.kms.katalon.core.webui.keyword.builtin.VerifyTextPresentKeyword.execute(VerifyTextPresentKeyword.groovy:68)
	at com.kms.katalon.core.keyword.internal.KeywordExecutor.executeKeywordForPlatform(KeywordExecutor.groovy:74)
	at com.kms.katalon.core.webui.keyword.WebUiBuiltInKeywords.verifyTextPresent(WebUiBuiltInKeywords.groovy:1723)
	at com.kms.katalon.core.webui.keyword.WebUiBuiltInKeywords$verifyTextPresent$8.call(Unknown Source)
	at EDK-003.run(EDK-003:34)
	at com.kms.katalon.core.main.ScriptEngine.run(ScriptEngine.java:194)
	at com.kms.katalon.core.main.ScriptEngine.runScriptAsRawText(ScriptEngine.java:119)
	at com.kms.katalon.core.main.TestCaseExecutor.runScript(TestCaseExecutor.java:448)
	at com.kms.katalon.core.main.TestCaseExecutor.doExecute(TestCaseExecutor.java:439)
	at com.kms.katalon.core.main.TestCaseExecutor.processExecutionPhase(TestCaseExecutor.java:418)
	at com.kms.katalon.core.main.TestCaseExecutor.accessMainPhase(TestCaseExecutor.java:410)
	at com.kms.katalon.core.main.TestCaseExecutor.execute(TestCaseExecutor.java:285)
	at com.kms.katalon.core.common.CommonExecutor.accessTestCaseMainPhase(CommonExecutor.java:65)
	at com.kms.katalon.core.main.TestSuiteExecutor.accessTestSuiteMainPhase(TestSuiteExecutor.java:148)
	at com.kms.katalon.core.main.TestSuiteExecutor.execute(TestSuiteExecutor.java:106)
	at com.kms.katalon.core.main.TestCaseMain.startTestSuite(TestCaseMain.java:187)
	at com.kms.katalon.core.main.TestCaseMain$startTestSuite$0.call(Unknown Source)
	at TempTestSuite1696467586530.run(TempTestSuite1696467586530.groovy:36)
Caused by: com.kms.katalon.core.exception.StepFailedException: Text 'Nama tidak boleh menggunakan Symbol' is not present on page 
	at com.kms.katalon.core.webui.keyword.internal.WebUIKeywordMain.stepFailed(WebUIKeywordMain.groovy:64)
	at com.kms.katalon.core.webui.keyword.builtin.VerifyTextPresentKeyword$_verifyTextPresent_closure1.doCall(VerifyTextPresentKeyword.groovy:79)
	at com.kms.katalon.core.webui.keyword.builtin.VerifyTextPresentKeyword$_verifyTextPresent_closure1.call(VerifyTextPresentKeyword.groovy)
	at com.kms.katalon.core.webui.keyword.internal.WebUIKeywordMain.runKeyword(WebUIKeywordMain.groovy:20)
	... 19 more
)

2023-10-05 08:02:22 - [MESSAGE][FAILED] - Text 'Nama tidak boleh menggunakan Symbol' is not present on page  (Root cause: com.kms.katalon.core.exception.StepFailedException: Text 'Nama tidak boleh menggunakan Symbol' is not present on page 
	at com.kms.katalon.core.webui.keyword.internal.WebUIKeywordMain.stepFailed(WebUIKeywordMain.groovy:64)
	at com.kms.katalon.core.webui.keyword.builtin.VerifyTextPresentKeyword$_verifyTextPresent_closure1.doCall(VerifyTextPresentKeyword.groovy:79)
	at com.kms.katalon.core.webui.keyword.builtin.VerifyTextPresentKeyword$_verifyTextPresent_closure1.call(VerifyTextPresentKeyword.groovy)
	at com.kms.katalon.core.webui.keyword.internal.WebUIKeywordMain.runKeyword(WebUIKeywordMain.groovy:20)
	at com.kms.katalon.core.webui.keyword.builtin.VerifyTextPresentKeyword.verifyTextPresent(VerifyTextPresentKeyword.groovy:83)
	at com.kms.katalon.core.webui.keyword.builtin.VerifyTextPresentKeyword.execute(VerifyTextPresentKeyword.groovy:68)
	at com.kms.katalon.core.keyword.internal.KeywordExecutor.executeKeywordForPlatform(KeywordExecutor.groovy:74)
	at com.kms.katalon.core.webui.keyword.WebUiBuiltInKeywords.verifyTextPresent(WebUiBuiltInKeywords.groovy:1723)
	at com.kms.katalon.core.webui.keyword.WebUiBuiltInKeywords$verifyTextPresent$8.call(Unknown Source)
	at EDK-003.run(EDK-003:34)
	at com.kms.katalon.core.main.ScriptEngine.run(ScriptEngine.java:194)
	at com.kms.katalon.core.main.ScriptEngine.runScriptAsRawText(ScriptEngine.java:119)
	at com.kms.katalon.core.main.TestCaseExecutor.runScript(TestCaseExecutor.java:448)
	at com.kms.katalon.core.main.TestCaseExecutor.doExecute(TestCaseExecutor.java:439)
	at com.kms.katalon.core.main.TestCaseExecutor.processExecutionPhase(TestCaseExecutor.java:418)
	at com.kms.katalon.core.main.TestCaseExecutor.accessMainPhase(TestCaseExecutor.java:410)
	at com.kms.katalon.core.main.TestCaseExecutor.execute(TestCaseExecutor.java:285)
	at com.kms.katalon.core.common.CommonExecutor.accessTestCaseMainPhase(CommonExecutor.java:65)
	at com.kms.katalon.core.main.TestSuiteExecutor.accessTestSuiteMainPhase(TestSuiteExecutor.java:148)
	at com.kms.katalon.core.main.TestSuiteExecutor.execute(TestSuiteExecutor.java:106)
	at com.kms.katalon.core.main.TestCaseMain.startTestSuite(TestCaseMain.java:187)
	at com.kms.katalon.core.main.TestCaseMain$startTestSuite$0.call(Unknown Source)
	at TempTestSuite1696467586530.run(TempTestSuite1696467586530.groovy:36)
)

2023-10-05 08:02:22 - [MESSAGE][FAILED] - Unable to verify text 'Nama tidak boleh menggunakan Symbol' is present  (Root cause: com.kms.katalon.core.exception.StepFailedException: Unable to verify text 'Nama tidak boleh menggunakan Symbol' is present 
	at com.kms.katalon.core.webui.keyword.internal.WebUIKeywordMain.stepFailed(WebUIKeywordMain.groovy:64)
	at com.kms.katalon.core.webui.keyword.internal.WebUIKeywordMain.runKeyword(WebUIKeywordMain.groovy:26)
	at com.kms.katalon.core.webui.keyword.builtin.VerifyTextPresentKeyword.verifyTextPresent(VerifyTextPresentKeyword.groovy:83)
	at com.kms.katalon.core.webui.keyword.builtin.VerifyTextPresentKeyword.execute(VerifyTextPresentKeyword.groovy:68)
	at com.kms.katalon.core.keyword.internal.KeywordExecutor.executeKeywordForPlatform(KeywordExecutor.groovy:74)
	at com.kms.katalon.core.webui.keyword.WebUiBuiltInKeywords.verifyTextPresent(WebUiBuiltInKeywords.groovy:1723)
	at com.kms.katalon.core.webui.keyword.WebUiBuiltInKeywords$verifyTextPresent$8.call(Unknown Source)
	at EDK-003.run(EDK-003:34)
	at com.kms.katalon.core.main.ScriptEngine.run(ScriptEngine.java:194)
	at com.kms.katalon.core.main.ScriptEngine.runScriptAsRawText(ScriptEngine.java:119)
	at com.kms.katalon.core.main.TestCaseExecutor.runScript(TestCaseExecutor.java:448)
	at com.kms.katalon.core.main.TestCaseExecutor.doExecute(TestCaseExecutor.java:439)
	at com.kms.katalon.core.main.TestCaseExecutor.processExecutionPhase(TestCaseExecutor.java:418)
	at com.kms.katalon.core.main.TestCaseExecutor.accessMainPhase(TestCaseExecutor.java:410)
	at com.kms.katalon.core.main.TestCaseExecutor.execute(TestCaseExecutor.java:285)
	at com.kms.katalon.core.common.CommonExecutor.accessTestCaseMainPhase(CommonExecutor.java:65)
	at com.kms.katalon.core.main.TestSuiteExecutor.accessTestSuiteMainPhase(TestSuiteExecutor.java:148)
	at com.kms.katalon.core.main.TestSuiteExecutor.execute(TestSuiteExecutor.java:106)
	at com.kms.katalon.core.main.TestCaseMain.startTestSuite(TestCaseMain.java:187)
	at com.kms.katalon.core.main.TestCaseMain$startTestSuite$0.call(Unknown Source)
	at TempTestSuite1696467586530.run(TempTestSuite1696467586530.groovy:36)
Caused by: com.kms.katalon.core.exception.StepFailedException: Text 'Nama tidak boleh menggunakan Symbol' is not present on page 
	at com.kms.katalon.core.webui.keyword.internal.WebUIKeywordMain.stepFailed(WebUIKeywordMain.groovy:64)
	at com.kms.katalon.core.webui.keyword.builtin.VerifyTextPresentKeyword$_verifyTextPresent_closure1.doCall(VerifyTextPresentKeyword.groovy:79)
	at com.kms.katalon.core.webui.keyword.builtin.VerifyTextPresentKeyword$_verifyTextPresent_closure1.call(VerifyTextPresentKeyword.groovy)
	at com.kms.katalon.core.webui.keyword.internal.WebUIKeywordMain.runKeyword(WebUIKeywordMain.groovy:20)
	... 19 more
)
[[ATTACHMENT|C:\\FT2 XSIS\\Projek Eval 2 Tajalapak dan administrator\\Reports\\20231005_075946\\Edit Data Konsumen\\Edit Data Konsumen\\20231005_075946\\1696467742578.png]]]]></system-out>
         <system-err><![CDATA[2023-10-05 08:01:26 - [TEST_CASE][FAILED] - Test Cases/M08 Edit Data Konsumen/EDK-003: Test Cases/M08 Edit Data Konsumen/EDK-003 FAILED.
Reason:
com.kms.katalon.core.exception.StepFailedException: Unable to verify text 'Nama tidak boleh menggunakan Symbol' is present 
	at com.kms.katalon.core.webui.keyword.internal.WebUIKeywordMain.stepFailed(WebUIKeywordMain.groovy:64)
	at com.kms.katalon.core.webui.keyword.internal.WebUIKeywordMain.runKeyword(WebUIKeywordMain.groovy:26)
	at com.kms.katalon.core.webui.keyword.builtin.VerifyTextPresentKeyword.verifyTextPresent(VerifyTextPresentKeyword.groovy:83)
	at com.kms.katalon.core.webui.keyword.builtin.VerifyTextPresentKeyword.execute(VerifyTextPresentKeyword.groovy:68)
	at com.kms.katalon.core.keyword.internal.KeywordExecutor.executeKeywordForPlatform(KeywordExecutor.groovy:74)
	at com.kms.katalon.core.webui.keyword.WebUiBuiltInKeywords.verifyTextPresent(WebUiBuiltInKeywords.groovy:1723)
	at com.kms.katalon.core.webui.keyword.WebUiBuiltInKeywords$verifyTextPresent$8.call(Unknown Source)
	at EDK-003.run(EDK-003:34)
	at com.kms.katalon.core.main.ScriptEngine.run(ScriptEngine.java:194)
	at com.kms.katalon.core.main.ScriptEngine.runScriptAsRawText(ScriptEngine.java:119)
	at com.kms.katalon.core.main.TestCaseExecutor.runScript(TestCaseExecutor.java:448)
	at com.kms.katalon.core.main.TestCaseExecutor.doExecute(TestCaseExecutor.java:439)
	at com.kms.katalon.core.main.TestCaseExecutor.processExecutionPhase(TestCaseExecutor.java:418)
	at com.kms.katalon.core.main.TestCaseExecutor.accessMainPhase(TestCaseExecutor.java:410)
	at com.kms.katalon.core.main.TestCaseExecutor.execute(TestCaseExecutor.java:285)
	at com.kms.katalon.core.common.CommonExecutor.accessTestCaseMainPhase(CommonExecutor.java:65)
	at com.kms.katalon.core.main.TestSuiteExecutor.accessTestSuiteMainPhase(TestSuiteExecutor.java:148)
	at com.kms.katalon.core.main.TestSuiteExecutor.execute(TestSuiteExecutor.java:106)
	at com.kms.katalon.core.main.TestCaseMain.startTestSuite(TestCaseMain.java:187)
	at com.kms.katalon.core.main.TestCaseMain$startTestSuite$0.call(Unknown Source)
	at TempTestSuite1696467586530.run(TempTestSuite1696467586530.groovy:36)
Caused by: com.kms.katalon.core.exception.StepFailedException: Text 'Nama tidak boleh menggunakan Symbol' is not present on page 
	at com.kms.katalon.core.webui.keyword.internal.WebUIKeywordMain.stepFailed(WebUIKeywordMain.groovy:64)
	at com.kms.katalon.core.webui.keyword.builtin.VerifyTextPresentKeyword$_verifyTextPresent_closure1.doCall(VerifyTextPresentKeyword.groovy:79)
	at com.kms.katalon.core.webui.keyword.builtin.VerifyTextPresentKeyword$_verifyTextPresent_closure1.call(VerifyTextPresentKeyword.groovy)
	at com.kms.katalon.core.webui.keyword.internal.WebUIKeywordMain.runKeyword(WebUIKeywordMain.groovy:20)
	... 19 more]]></system-err>
      </testcase>
      <testcase name="Test Cases/M08 Edit Data Konsumen/EDK-004" time="60.384" classname="Test Cases/M08 Edit Data Konsumen/EDK-004" status="FAILED">
         <failure type="FAILED" message="Test Cases/M08 Edit Data Konsumen/EDK-004 FAILED.
Reason:
com.kms.katalon.core.exception.StepFailedException: Unable to verify text 'Password Minimal 8 karakter' is present 
	at com.kms.katalon.core.webui.keyword.internal.WebUIKeywordMain.stepFailed(WebUIKeywordMain.groovy:64)
	at com.kms.katalon.core.webui.keyword.internal.WebUIKeywordMain.runKeyword(WebUIKeywordMain.groovy:26)
	at com.kms.katalon.core.webui.keyword.builtin.VerifyTextPresentKeyword.verifyTextPresent(VerifyTextPresentKeyword.groovy:83)
	at com.kms.katalon.core.webui.keyword.builtin.VerifyTextPresentKeyword.execute(VerifyTextPresentKeyword.groovy:68)
	at com.kms.katalon.core.keyword.internal.KeywordExecutor.executeKeywordForPlatform(KeywordExecutor.groovy:74)
	at com.kms.katalon.core.webui.keyword.WebUiBuiltInKeywords.verifyTextPresent(WebUiBuiltInKeywords.groovy:1723)
	at com.kms.katalon.core.webui.keyword.WebUiBuiltInKeywords$verifyTextPresent$8.call(Unknown Source)
	at EDK-004.run(EDK-004:34)
	at com.kms.katalon.core.main.ScriptEngine.run(ScriptEngine.java:194)
	at com.kms.katalon.core.main.ScriptEngine.runScriptAsRawText(ScriptEngine.java:119)
	at com.kms.katalon.core.main.TestCaseExecutor.runScript(TestCaseExecutor.java:448)
	at com.kms.katalon.core.main.TestCaseExecutor.doExecute(TestCaseExecutor.java:439)
	at com.kms.katalon.core.main.TestCaseExecutor.processExecutionPhase(TestCaseExecutor.java:418)
	at com.kms.katalon.core.main.TestCaseExecutor.accessMainPhase(TestCaseExecutor.java:410)
	at com.kms.katalon.core.main.TestCaseExecutor.execute(TestCaseExecutor.java:285)
	at com.kms.katalon.core.common.CommonExecutor.accessTestCaseMainPhase(CommonExecutor.java:65)
	at com.kms.katalon.core.main.TestSuiteExecutor.accessTestSuiteMainPhase(TestSuiteExecutor.java:148)
	at com.kms.katalon.core.main.TestSuiteExecutor.execute(TestSuiteExecutor.java:106)
	at com.kms.katalon.core.main.TestCaseMain.startTestSuite(TestCaseMain.java:187)
	at com.kms.katalon.core.main.TestCaseMain$startTestSuite$0.call(Unknown Source)
	at TempTestSuite1696467586530.run(TempTestSuite1696467586530.groovy:36)
Caused by: com.kms.katalon.core.exception.StepFailedException: Text 'Password Minimal 8 karakter' is not present on page 
	at com.kms.katalon.core.webui.keyword.internal.WebUIKeywordMain.stepFailed(WebUIKeywordMain.groovy:64)
	at com.kms.katalon.core.webui.keyword.builtin.VerifyTextPresentKeyword$_verifyTextPresent_closure1.doCall(VerifyTextPresentKeyword.groovy:79)
	at com.kms.katalon.core.webui.keyword.builtin.VerifyTextPresentKeyword$_verifyTextPresent_closure1.call(VerifyTextPresentKeyword.groovy)
	at com.kms.katalon.core.webui.keyword.internal.WebUIKeywordMain.runKeyword(WebUIKeywordMain.groovy:20)
	... 19 more
"/>
         <system-out><![CDATA[2023-10-05 08:02:22 - [TEST_CASE][FAILED] - Test Cases/M08 Edit Data Konsumen/EDK-004: Test Cases/M08 Edit Data Konsumen/EDK-004 FAILED.
Reason:
com.kms.katalon.core.exception.StepFailedException: Unable to verify text 'Password Minimal 8 karakter' is present 
	at com.kms.katalon.core.webui.keyword.internal.WebUIKeywordMain.stepFailed(WebUIKeywordMain.groovy:64)
	at com.kms.katalon.core.webui.keyword.internal.WebUIKeywordMain.runKeyword(WebUIKeywordMain.groovy:26)
	at com.kms.katalon.core.webui.keyword.builtin.VerifyTextPresentKeyword.verifyTextPresent(VerifyTextPresentKeyword.groovy:83)
	at com.kms.katalon.core.webui.keyword.builtin.VerifyTextPresentKeyword.execute(VerifyTextPresentKeyword.groovy:68)
	at com.kms.katalon.core.keyword.internal.KeywordExecutor.executeKeywordForPlatform(KeywordExecutor.groovy:74)
	at com.kms.katalon.core.webui.keyword.WebUiBuiltInKeywords.verifyTextPresent(WebUiBuiltInKeywords.groovy:1723)
	at com.kms.katalon.core.webui.keyword.WebUiBuiltInKeywords$verifyTextPresent$8.call(Unknown Source)
	at EDK-004.run(EDK-004:34)
	at com.kms.katalon.core.main.ScriptEngine.run(ScriptEngine.java:194)
	at com.kms.katalon.core.main.ScriptEngine.runScriptAsRawText(ScriptEngine.java:119)
	at com.kms.katalon.core.main.TestCaseExecutor.runScript(TestCaseExecutor.java:448)
	at com.kms.katalon.core.main.TestCaseExecutor.doExecute(TestCaseExecutor.java:439)
	at com.kms.katalon.core.main.TestCaseExecutor.processExecutionPhase(TestCaseExecutor.java:418)
	at com.kms.katalon.core.main.TestCaseExecutor.accessMainPhase(TestCaseExecutor.java:410)
	at com.kms.katalon.core.main.TestCaseExecutor.execute(TestCaseExecutor.java:285)
	at com.kms.katalon.core.common.CommonExecutor.accessTestCaseMainPhase(CommonExecutor.java:65)
	at com.kms.katalon.core.main.TestSuiteExecutor.accessTestSuiteMainPhase(TestSuiteExecutor.java:148)
	at com.kms.katalon.core.main.TestSuiteExecutor.execute(TestSuiteExecutor.java:106)
	at com.kms.katalon.core.main.TestCaseMain.startTestSuite(TestCaseMain.java:187)
	at com.kms.katalon.core.main.TestCaseMain$startTestSuite$0.call(Unknown Source)
	at TempTestSuite1696467586530.run(TempTestSuite1696467586530.groovy:36)
Caused by: com.kms.katalon.core.exception.StepFailedException: Text 'Password Minimal 8 karakter' is not present on page 
	at com.kms.katalon.core.webui.keyword.internal.WebUIKeywordMain.stepFailed(WebUIKeywordMain.groovy:64)
	at com.kms.katalon.core.webui.keyword.builtin.VerifyTextPresentKeyword$_verifyTextPresent_closure1.doCall(VerifyTextPresentKeyword.groovy:79)
	at com.kms.katalon.core.webui.keyword.builtin.VerifyTextPresentKeyword$_verifyTextPresent_closure1.call(VerifyTextPresentKeyword.groovy)
	at com.kms.katalon.core.webui.keyword.internal.WebUIKeywordMain.runKeyword(WebUIKeywordMain.groovy:20)
	... 19 more


2023-10-05 08:02:22 - [TEST_STEP][PASSED] - callTestCase(findTestCase("M08 Edit Data Konsumen/EDK-001"), [:], STOP_ON_FAILURE): Call Test Case 'Test Cases/M08 Edit Data Konsumen/EDK-001' successfully

2023-10-05 08:02:22 - [TEST_CASE][PASSED] - Test Cases/M08 Edit Data Konsumen/EDK-001: Test Cases/M08 Edit Data Konsumen/EDK-001

2023-10-05 08:02:23 - [TEST_STEP][PASSED] - callTestCase(findTestCase("Login/TC-Login Admin-Success-001"), ["Username":"admin", "Password":"123admin123"], STOP_ON_FAILURE): Call Test Case 'Test Cases/Login/TC-Login Admin-Success-001' successfully

2023-10-05 08:02:23 - [TEST_CASE][PASSED] - Test Cases/Login/TC-Login Admin-Success-001: Test Cases/Login/TC-Login Admin-Success-001

2023-10-05 08:02:23 - [TEST_STEP][PASSED] - openBrowser("https://10.9.2.63/ecommerce/administrator/"): Browser is opened with url: 'https://10.9.2.63/ecommerce/administrator/'

2023-10-05 08:02:23 - [MESSAGE][WARNING] - A browser is already opened. Closing browser and opening a new one

2023-10-05 08:02:25 - [MESSAGE][INFO] - Starting 'Firefox' driver

2023-10-05 08:02:25 - [MESSAGE][INFO] - Action delay is set to 0 milliseconds

2023-10-05 08:02:29 - [MESSAGE][PASSED] - Browser is opened with url: 'https://10.9.2.63/ecommerce/administrator/'

2023-10-05 08:02:29 - [TEST_STEP][PASSED] - maximizeWindow(): Current window maximized

2023-10-05 08:02:29 - [MESSAGE][PASSED] - Current window maximized

2023-10-05 08:02:29 - [TEST_STEP][PASSED] - verifyElementPresent(findTestObject("Login admin/Tittle ADMIN"), 0): Object 'Object Repository/Login admin/Tittle ADMIN' is present

2023-10-05 08:02:29 - [MESSAGE][WARNING] - Timeout '0' is invalid. Using default page load timeout: '30'

2023-10-05 08:02:29 - [MESSAGE][PASSED] - Object 'Object Repository/Login admin/Tittle ADMIN' is present

2023-10-05 08:02:29 - [TEST_STEP][PASSED] - setText(findTestObject("Login/input_Username, Email atau No. Handphone_a"), Username): Text 'admin' is set on object 'Object Repository/Login/input_Username, Email atau No. Handphone_a'

2023-10-05 08:02:30 - [MESSAGE][PASSED] - Text 'admin' is set on object 'Object Repository/Login/input_Username, Email atau No. Handphone_a'

2023-10-05 08:02:30 - [TEST_STEP][PASSED] - setText(findTestObject("Login/input_Password"), Password): Text '123admin123' is set on object 'Object Repository/Login/input_Password'

2023-10-05 08:02:31 - [MESSAGE][PASSED] - Text '123admin123' is set on object 'Object Repository/Login/input_Password'

2023-10-05 08:02:31 - [TEST_STEP][PASSED] - click(findTestObject("Login admin/buttom Remember Me")): Object: 'Object Repository/Login admin/buttom Remember Me' is clicked on

2023-10-05 08:02:31 - [MESSAGE][PASSED] - Object: 'Object Repository/Login admin/buttom Remember Me' is clicked on

2023-10-05 08:02:31 - [TEST_STEP][PASSED] - delay(10): Delayed 10 second(s)

2023-10-05 08:02:41 - [MESSAGE][PASSED] - Delayed 10 second(s)

2023-10-05 08:02:41 - [TEST_STEP][PASSED] - click(findTestObject("Login admin/buttom sign in")): Object: 'Object Repository/Login admin/buttom sign in' is clicked on

2023-10-05 08:02:43 - [MESSAGE][PASSED] - Object: 'Object Repository/Login admin/buttom sign in' is clicked on

2023-10-05 08:02:43 - [TEST_STEP][PASSED] - verifyElementPresent(findTestObject("Login admin/Tittle Dashboard"), 0): Object 'Object Repository/Login admin/Tittle Dashboard' is present

2023-10-05 08:02:43 - [MESSAGE][WARNING] - Timeout '0' is invalid. Using default page load timeout: '30'

2023-10-05 08:02:50 - [MESSAGE][PASSED] - Object 'Object Repository/Login admin/Tittle Dashboard' is present

2023-10-05 08:02:50 - [MESSAGE][PASSED] - Call Test Case 'Test Cases/Login/TC-Login Admin-Success-001' successfully

2023-10-05 08:02:50 - [TEST_STEP][PASSED] - click(findTestObject("Menu pencarian Toko admin/Menu Master Market")): Object: 'Object Repository/Menu pencarian Toko admin/Menu Master Market' is clicked on

2023-10-05 08:02:50 - [MESSAGE][PASSED] - Object: 'Object Repository/Menu pencarian Toko admin/Menu Master Market' is clicked on

2023-10-05 08:02:50 - [TEST_STEP][PASSED] - click(findTestObject("Edit Data konsumen/Menu Konsumen")): Object: 'Object Repository/Edit Data konsumen/Menu Konsumen' is clicked on

2023-10-05 08:02:52 - [MESSAGE][PASSED] - Object: 'Object Repository/Edit Data konsumen/Menu Konsumen' is clicked on

2023-10-05 08:02:52 - [TEST_STEP][PASSED] - verifyElementPresent(findTestObject("Edit Data konsumen/Tittle Daftar Semua Konsumen"), 0): Object 'Object Repository/Edit Data konsumen/Tittle Daftar Semua Konsumen' is present

2023-10-05 08:02:52 - [MESSAGE][WARNING] - Timeout '0' is invalid. Using default page load timeout: '30'

2023-10-05 08:02:59 - [MESSAGE][PASSED] - Object 'Object Repository/Edit Data konsumen/Tittle Daftar Semua Konsumen' is present

2023-10-05 08:02:59 - [MESSAGE][PASSED] - Call Test Case 'Test Cases/M08 Edit Data Konsumen/EDK-001' successfully

2023-10-05 08:02:59 - [TEST_STEP][PASSED] - click(findTestObject("file baru/search")): Object: 'Object Repository/file baru/search' is clicked on

2023-10-05 08:03:00 - [MESSAGE][PASSED] - Object: 'Object Repository/file baru/search' is clicked on

2023-10-05 08:03:00 - [TEST_STEP][PASSED] - setText(findTestObject("file baru/search"), "udin padinding oii"): Text 'udin padinding oii' is set on object 'Object Repository/file baru/search'

2023-10-05 08:03:01 - [MESSAGE][PASSED] - Text 'udin padinding oii' is set on object 'Object Repository/file baru/search'

2023-10-05 08:03:01 - [TEST_STEP][PASSED] - click(findTestObject("file baru/buttom edit")): Object: 'Object Repository/file baru/buttom edit' is clicked on

2023-10-05 08:03:05 - [MESSAGE][PASSED] - Object: 'Object Repository/file baru/buttom edit' is clicked on

2023-10-05 08:03:05 - [TEST_STEP][PASSED] - verifyElementPresent(findTestObject("Edit Data konsumen/tittle Edit Data Konsumen"), 0): Object 'Object Repository/Edit Data konsumen/tittle Edit Data Konsumen' is present

2023-10-05 08:03:06 - [MESSAGE][WARNING] - Timeout '0' is invalid. Using default page load timeout: '30'

2023-10-05 08:03:13 - [MESSAGE][PASSED] - Object 'Object Repository/Edit Data konsumen/tittle Edit Data Konsumen' is present

2023-10-05 08:03:13 - [TEST_STEP][PASSED] - setText(findTestObject("Edit Data konsumen/ganti password/input_Ganti Password"), "abc"): Text 'abc' is set on object 'Object Repository/Edit Data konsumen/ganti password/input_Ganti Password'

2023-10-05 08:03:14 - [MESSAGE][PASSED] - Text 'abc' is set on object 'Object Repository/Edit Data konsumen/ganti password/input_Ganti Password'

2023-10-05 08:03:14 - [TEST_STEP][PASSED] - click(findTestObject("Edit Data konsumen/button_Update")): Object: 'Object Repository/Edit Data konsumen/button_Update' is clicked on

2023-10-05 08:03:15 - [MESSAGE][PASSED] - Object: 'Object Repository/Edit Data konsumen/button_Update' is clicked on

2023-10-05 08:03:15 - [TEST_STEP][FAILED] - verifyTextPresent("Password Minimal 8 karakter", false): Unable to verify text 'Password Minimal 8 karakter' is present  (Root cause: com.kms.katalon.core.exception.StepFailedException: Unable to verify text 'Password Minimal 8 karakter' is present 
	at com.kms.katalon.core.webui.keyword.internal.WebUIKeywordMain.stepFailed(WebUIKeywordMain.groovy:64)
	at com.kms.katalon.core.webui.keyword.internal.WebUIKeywordMain.runKeyword(WebUIKeywordMain.groovy:26)
	at com.kms.katalon.core.webui.keyword.builtin.VerifyTextPresentKeyword.verifyTextPresent(VerifyTextPresentKeyword.groovy:83)
	at com.kms.katalon.core.webui.keyword.builtin.VerifyTextPresentKeyword.execute(VerifyTextPresentKeyword.groovy:68)
	at com.kms.katalon.core.keyword.internal.KeywordExecutor.executeKeywordForPlatform(KeywordExecutor.groovy:74)
	at com.kms.katalon.core.webui.keyword.WebUiBuiltInKeywords.verifyTextPresent(WebUiBuiltInKeywords.groovy:1723)
	at com.kms.katalon.core.webui.keyword.WebUiBuiltInKeywords$verifyTextPresent$8.call(Unknown Source)
	at EDK-004.run(EDK-004:34)
	at com.kms.katalon.core.main.ScriptEngine.run(ScriptEngine.java:194)
	at com.kms.katalon.core.main.ScriptEngine.runScriptAsRawText(ScriptEngine.java:119)
	at com.kms.katalon.core.main.TestCaseExecutor.runScript(TestCaseExecutor.java:448)
	at com.kms.katalon.core.main.TestCaseExecutor.doExecute(TestCaseExecutor.java:439)
	at com.kms.katalon.core.main.TestCaseExecutor.processExecutionPhase(TestCaseExecutor.java:418)
	at com.kms.katalon.core.main.TestCaseExecutor.accessMainPhase(TestCaseExecutor.java:410)
	at com.kms.katalon.core.main.TestCaseExecutor.execute(TestCaseExecutor.java:285)
	at com.kms.katalon.core.common.CommonExecutor.accessTestCaseMainPhase(CommonExecutor.java:65)
	at com.kms.katalon.core.main.TestSuiteExecutor.accessTestSuiteMainPhase(TestSuiteExecutor.java:148)
	at com.kms.katalon.core.main.TestSuiteExecutor.execute(TestSuiteExecutor.java:106)
	at com.kms.katalon.core.main.TestCaseMain.startTestSuite(TestCaseMain.java:187)
	at com.kms.katalon.core.main.TestCaseMain$startTestSuite$0.call(Unknown Source)
	at TempTestSuite1696467586530.run(TempTestSuite1696467586530.groovy:36)
Caused by: com.kms.katalon.core.exception.StepFailedException: Text 'Password Minimal 8 karakter' is not present on page 
	at com.kms.katalon.core.webui.keyword.internal.WebUIKeywordMain.stepFailed(WebUIKeywordMain.groovy:64)
	at com.kms.katalon.core.webui.keyword.builtin.VerifyTextPresentKeyword$_verifyTextPresent_closure1.doCall(VerifyTextPresentKeyword.groovy:79)
	at com.kms.katalon.core.webui.keyword.builtin.VerifyTextPresentKeyword$_verifyTextPresent_closure1.call(VerifyTextPresentKeyword.groovy)
	at com.kms.katalon.core.webui.keyword.internal.WebUIKeywordMain.runKeyword(WebUIKeywordMain.groovy:20)
	... 19 more
)

2023-10-05 08:03:22 - [MESSAGE][FAILED] - Text 'Password Minimal 8 karakter' is not present on page  (Root cause: com.kms.katalon.core.exception.StepFailedException: Text 'Password Minimal 8 karakter' is not present on page 
	at com.kms.katalon.core.webui.keyword.internal.WebUIKeywordMain.stepFailed(WebUIKeywordMain.groovy:64)
	at com.kms.katalon.core.webui.keyword.builtin.VerifyTextPresentKeyword$_verifyTextPresent_closure1.doCall(VerifyTextPresentKeyword.groovy:79)
	at com.kms.katalon.core.webui.keyword.builtin.VerifyTextPresentKeyword$_verifyTextPresent_closure1.call(VerifyTextPresentKeyword.groovy)
	at com.kms.katalon.core.webui.keyword.internal.WebUIKeywordMain.runKeyword(WebUIKeywordMain.groovy:20)
	at com.kms.katalon.core.webui.keyword.builtin.VerifyTextPresentKeyword.verifyTextPresent(VerifyTextPresentKeyword.groovy:83)
	at com.kms.katalon.core.webui.keyword.builtin.VerifyTextPresentKeyword.execute(VerifyTextPresentKeyword.groovy:68)
	at com.kms.katalon.core.keyword.internal.KeywordExecutor.executeKeywordForPlatform(KeywordExecutor.groovy:74)
	at com.kms.katalon.core.webui.keyword.WebUiBuiltInKeywords.verifyTextPresent(WebUiBuiltInKeywords.groovy:1723)
	at com.kms.katalon.core.webui.keyword.WebUiBuiltInKeywords$verifyTextPresent$8.call(Unknown Source)
	at EDK-004.run(EDK-004:34)
	at com.kms.katalon.core.main.ScriptEngine.run(ScriptEngine.java:194)
	at com.kms.katalon.core.main.ScriptEngine.runScriptAsRawText(ScriptEngine.java:119)
	at com.kms.katalon.core.main.TestCaseExecutor.runScript(TestCaseExecutor.java:448)
	at com.kms.katalon.core.main.TestCaseExecutor.doExecute(TestCaseExecutor.java:439)
	at com.kms.katalon.core.main.TestCaseExecutor.processExecutionPhase(TestCaseExecutor.java:418)
	at com.kms.katalon.core.main.TestCaseExecutor.accessMainPhase(TestCaseExecutor.java:410)
	at com.kms.katalon.core.main.TestCaseExecutor.execute(TestCaseExecutor.java:285)
	at com.kms.katalon.core.common.CommonExecutor.accessTestCaseMainPhase(CommonExecutor.java:65)
	at com.kms.katalon.core.main.TestSuiteExecutor.accessTestSuiteMainPhase(TestSuiteExecutor.java:148)
	at com.kms.katalon.core.main.TestSuiteExecutor.execute(TestSuiteExecutor.java:106)
	at com.kms.katalon.core.main.TestCaseMain.startTestSuite(TestCaseMain.java:187)
	at com.kms.katalon.core.main.TestCaseMain$startTestSuite$0.call(Unknown Source)
	at TempTestSuite1696467586530.run(TempTestSuite1696467586530.groovy:36)
)

2023-10-05 08:03:23 - [MESSAGE][FAILED] - Unable to verify text 'Password Minimal 8 karakter' is present  (Root cause: com.kms.katalon.core.exception.StepFailedException: Unable to verify text 'Password Minimal 8 karakter' is present 
	at com.kms.katalon.core.webui.keyword.internal.WebUIKeywordMain.stepFailed(WebUIKeywordMain.groovy:64)
	at com.kms.katalon.core.webui.keyword.internal.WebUIKeywordMain.runKeyword(WebUIKeywordMain.groovy:26)
	at com.kms.katalon.core.webui.keyword.builtin.VerifyTextPresentKeyword.verifyTextPresent(VerifyTextPresentKeyword.groovy:83)
	at com.kms.katalon.core.webui.keyword.builtin.VerifyTextPresentKeyword.execute(VerifyTextPresentKeyword.groovy:68)
	at com.kms.katalon.core.keyword.internal.KeywordExecutor.executeKeywordForPlatform(KeywordExecutor.groovy:74)
	at com.kms.katalon.core.webui.keyword.WebUiBuiltInKeywords.verifyTextPresent(WebUiBuiltInKeywords.groovy:1723)
	at com.kms.katalon.core.webui.keyword.WebUiBuiltInKeywords$verifyTextPresent$8.call(Unknown Source)
	at EDK-004.run(EDK-004:34)
	at com.kms.katalon.core.main.ScriptEngine.run(ScriptEngine.java:194)
	at com.kms.katalon.core.main.ScriptEngine.runScriptAsRawText(ScriptEngine.java:119)
	at com.kms.katalon.core.main.TestCaseExecutor.runScript(TestCaseExecutor.java:448)
	at com.kms.katalon.core.main.TestCaseExecutor.doExecute(TestCaseExecutor.java:439)
	at com.kms.katalon.core.main.TestCaseExecutor.processExecutionPhase(TestCaseExecutor.java:418)
	at com.kms.katalon.core.main.TestCaseExecutor.accessMainPhase(TestCaseExecutor.java:410)
	at com.kms.katalon.core.main.TestCaseExecutor.execute(TestCaseExecutor.java:285)
	at com.kms.katalon.core.common.CommonExecutor.accessTestCaseMainPhase(CommonExecutor.java:65)
	at com.kms.katalon.core.main.TestSuiteExecutor.accessTestSuiteMainPhase(TestSuiteExecutor.java:148)
	at com.kms.katalon.core.main.TestSuiteExecutor.execute(TestSuiteExecutor.java:106)
	at com.kms.katalon.core.main.TestCaseMain.startTestSuite(TestCaseMain.java:187)
	at com.kms.katalon.core.main.TestCaseMain$startTestSuite$0.call(Unknown Source)
	at TempTestSuite1696467586530.run(TempTestSuite1696467586530.groovy:36)
Caused by: com.kms.katalon.core.exception.StepFailedException: Text 'Password Minimal 8 karakter' is not present on page 
	at com.kms.katalon.core.webui.keyword.internal.WebUIKeywordMain.stepFailed(WebUIKeywordMain.groovy:64)
	at com.kms.katalon.core.webui.keyword.builtin.VerifyTextPresentKeyword$_verifyTextPresent_closure1.doCall(VerifyTextPresentKeyword.groovy:79)
	at com.kms.katalon.core.webui.keyword.builtin.VerifyTextPresentKeyword$_verifyTextPresent_closure1.call(VerifyTextPresentKeyword.groovy)
	at com.kms.katalon.core.webui.keyword.internal.WebUIKeywordMain.runKeyword(WebUIKeywordMain.groovy:20)
	... 19 more
)
[[ATTACHMENT|C:\\FT2 XSIS\\Projek Eval 2 Tajalapak dan administrator\\Reports\\20231005_075946\\Edit Data Konsumen\\Edit Data Konsumen\\20231005_075946\\1696467802967.png]]]]></system-out>
         <system-err><![CDATA[2023-10-05 08:02:22 - [TEST_CASE][FAILED] - Test Cases/M08 Edit Data Konsumen/EDK-004: Test Cases/M08 Edit Data Konsumen/EDK-004 FAILED.
Reason:
com.kms.katalon.core.exception.StepFailedException: Unable to verify text 'Password Minimal 8 karakter' is present 
	at com.kms.katalon.core.webui.keyword.internal.WebUIKeywordMain.stepFailed(WebUIKeywordMain.groovy:64)
	at com.kms.katalon.core.webui.keyword.internal.WebUIKeywordMain.runKeyword(WebUIKeywordMain.groovy:26)
	at com.kms.katalon.core.webui.keyword.builtin.VerifyTextPresentKeyword.verifyTextPresent(VerifyTextPresentKeyword.groovy:83)
	at com.kms.katalon.core.webui.keyword.builtin.VerifyTextPresentKeyword.execute(VerifyTextPresentKeyword.groovy:68)
	at com.kms.katalon.core.keyword.internal.KeywordExecutor.executeKeywordForPlatform(KeywordExecutor.groovy:74)
	at com.kms.katalon.core.webui.keyword.WebUiBuiltInKeywords.verifyTextPresent(WebUiBuiltInKeywords.groovy:1723)
	at com.kms.katalon.core.webui.keyword.WebUiBuiltInKeywords$verifyTextPresent$8.call(Unknown Source)
	at EDK-004.run(EDK-004:34)
	at com.kms.katalon.core.main.ScriptEngine.run(ScriptEngine.java:194)
	at com.kms.katalon.core.main.ScriptEngine.runScriptAsRawText(ScriptEngine.java:119)
	at com.kms.katalon.core.main.TestCaseExecutor.runScript(TestCaseExecutor.java:448)
	at com.kms.katalon.core.main.TestCaseExecutor.doExecute(TestCaseExecutor.java:439)
	at com.kms.katalon.core.main.TestCaseExecutor.processExecutionPhase(TestCaseExecutor.java:418)
	at com.kms.katalon.core.main.TestCaseExecutor.accessMainPhase(TestCaseExecutor.java:410)
	at com.kms.katalon.core.main.TestCaseExecutor.execute(TestCaseExecutor.java:285)
	at com.kms.katalon.core.common.CommonExecutor.accessTestCaseMainPhase(CommonExecutor.java:65)
	at com.kms.katalon.core.main.TestSuiteExecutor.accessTestSuiteMainPhase(TestSuiteExecutor.java:148)
	at com.kms.katalon.core.main.TestSuiteExecutor.execute(TestSuiteExecutor.java:106)
	at com.kms.katalon.core.main.TestCaseMain.startTestSuite(TestCaseMain.java:187)
	at com.kms.katalon.core.main.TestCaseMain$startTestSuite$0.call(Unknown Source)
	at TempTestSuite1696467586530.run(TempTestSuite1696467586530.groovy:36)
Caused by: com.kms.katalon.core.exception.StepFailedException: Text 'Password Minimal 8 karakter' is not present on page 
	at com.kms.katalon.core.webui.keyword.internal.WebUIKeywordMain.stepFailed(WebUIKeywordMain.groovy:64)
	at com.kms.katalon.core.webui.keyword.builtin.VerifyTextPresentKeyword$_verifyTextPresent_closure1.doCall(VerifyTextPresentKeyword.groovy:79)
	at com.kms.katalon.core.webui.keyword.builtin.VerifyTextPresentKeyword$_verifyTextPresent_closure1.call(VerifyTextPresentKeyword.groovy)
	at com.kms.katalon.core.webui.keyword.internal.WebUIKeywordMain.runKeyword(WebUIKeywordMain.groovy:20)
	... 19 more]]></system-err>
      </testcase>
      <testcase name="Test Cases/M08 Edit Data Konsumen/EDK-005" time="55.109" classname="Test Cases/M08 Edit Data Konsumen/EDK-005" status="FAILED">
         <failure type="FAILED" message="Test Cases/M08 Edit Data Konsumen/EDK-005 FAILED.
Reason:
com.kms.katalon.core.exception.StepFailedException: Unable to verify text 'Tanggal Lahir tidak Valid' is present 
	at com.kms.katalon.core.webui.keyword.internal.WebUIKeywordMain.stepFailed(WebUIKeywordMain.groovy:64)
	at com.kms.katalon.core.webui.keyword.internal.WebUIKeywordMain.runKeyword(WebUIKeywordMain.groovy:26)
	at com.kms.katalon.core.webui.keyword.builtin.VerifyTextPresentKeyword.verifyTextPresent(VerifyTextPresentKeyword.groovy:83)
	at com.kms.katalon.core.webui.keyword.builtin.VerifyTextPresentKeyword.execute(VerifyTextPresentKeyword.groovy:68)
	at com.kms.katalon.core.keyword.internal.KeywordExecutor.executeKeywordForPlatform(KeywordExecutor.groovy:74)
	at com.kms.katalon.core.webui.keyword.WebUiBuiltInKeywords.verifyTextPresent(WebUiBuiltInKeywords.groovy:1723)
	at com.kms.katalon.core.webui.keyword.WebUiBuiltInKeywords$verifyTextPresent$8.call(Unknown Source)
	at EDK-005.run(EDK-005:34)
	at com.kms.katalon.core.main.ScriptEngine.run(ScriptEngine.java:194)
	at com.kms.katalon.core.main.ScriptEngine.runScriptAsRawText(ScriptEngine.java:119)
	at com.kms.katalon.core.main.TestCaseExecutor.runScript(TestCaseExecutor.java:448)
	at com.kms.katalon.core.main.TestCaseExecutor.doExecute(TestCaseExecutor.java:439)
	at com.kms.katalon.core.main.TestCaseExecutor.processExecutionPhase(TestCaseExecutor.java:418)
	at com.kms.katalon.core.main.TestCaseExecutor.accessMainPhase(TestCaseExecutor.java:410)
	at com.kms.katalon.core.main.TestCaseExecutor.execute(TestCaseExecutor.java:285)
	at com.kms.katalon.core.common.CommonExecutor.accessTestCaseMainPhase(CommonExecutor.java:65)
	at com.kms.katalon.core.main.TestSuiteExecutor.accessTestSuiteMainPhase(TestSuiteExecutor.java:148)
	at com.kms.katalon.core.main.TestSuiteExecutor.execute(TestSuiteExecutor.java:106)
	at com.kms.katalon.core.main.TestCaseMain.startTestSuite(TestCaseMain.java:187)
	at com.kms.katalon.core.main.TestCaseMain$startTestSuite$0.call(Unknown Source)
	at TempTestSuite1696467586530.run(TempTestSuite1696467586530.groovy:36)
Caused by: com.kms.katalon.core.exception.StepFailedException: Text 'Tanggal Lahir tidak Valid' is not present on page 
	at com.kms.katalon.core.webui.keyword.internal.WebUIKeywordMain.stepFailed(WebUIKeywordMain.groovy:64)
	at com.kms.katalon.core.webui.keyword.builtin.VerifyTextPresentKeyword$_verifyTextPresent_closure1.doCall(VerifyTextPresentKeyword.groovy:79)
	at com.kms.katalon.core.webui.keyword.builtin.VerifyTextPresentKeyword$_verifyTextPresent_closure1.call(VerifyTextPresentKeyword.groovy)
	at com.kms.katalon.core.webui.keyword.internal.WebUIKeywordMain.runKeyword(WebUIKeywordMain.groovy:20)
	... 19 more
"/>
         <system-out><![CDATA[2023-10-05 08:03:23 - [TEST_CASE][FAILED] - Test Cases/M08 Edit Data Konsumen/EDK-005: Test Cases/M08 Edit Data Konsumen/EDK-005 FAILED.
Reason:
com.kms.katalon.core.exception.StepFailedException: Unable to verify text 'Tanggal Lahir tidak Valid' is present 
	at com.kms.katalon.core.webui.keyword.internal.WebUIKeywordMain.stepFailed(WebUIKeywordMain.groovy:64)
	at com.kms.katalon.core.webui.keyword.internal.WebUIKeywordMain.runKeyword(WebUIKeywordMain.groovy:26)
	at com.kms.katalon.core.webui.keyword.builtin.VerifyTextPresentKeyword.verifyTextPresent(VerifyTextPresentKeyword.groovy:83)
	at com.kms.katalon.core.webui.keyword.builtin.VerifyTextPresentKeyword.execute(VerifyTextPresentKeyword.groovy:68)
	at com.kms.katalon.core.keyword.internal.KeywordExecutor.executeKeywordForPlatform(KeywordExecutor.groovy:74)
	at com.kms.katalon.core.webui.keyword.WebUiBuiltInKeywords.verifyTextPresent(WebUiBuiltInKeywords.groovy:1723)
	at com.kms.katalon.core.webui.keyword.WebUiBuiltInKeywords$verifyTextPresent$8.call(Unknown Source)
	at EDK-005.run(EDK-005:34)
	at com.kms.katalon.core.main.ScriptEngine.run(ScriptEngine.java:194)
	at com.kms.katalon.core.main.ScriptEngine.runScriptAsRawText(ScriptEngine.java:119)
	at com.kms.katalon.core.main.TestCaseExecutor.runScript(TestCaseExecutor.java:448)
	at com.kms.katalon.core.main.TestCaseExecutor.doExecute(TestCaseExecutor.java:439)
	at com.kms.katalon.core.main.TestCaseExecutor.processExecutionPhase(TestCaseExecutor.java:418)
	at com.kms.katalon.core.main.TestCaseExecutor.accessMainPhase(TestCaseExecutor.java:410)
	at com.kms.katalon.core.main.TestCaseExecutor.execute(TestCaseExecutor.java:285)
	at com.kms.katalon.core.common.CommonExecutor.accessTestCaseMainPhase(CommonExecutor.java:65)
	at com.kms.katalon.core.main.TestSuiteExecutor.accessTestSuiteMainPhase(TestSuiteExecutor.java:148)
	at com.kms.katalon.core.main.TestSuiteExecutor.execute(TestSuiteExecutor.java:106)
	at com.kms.katalon.core.main.TestCaseMain.startTestSuite(TestCaseMain.java:187)
	at com.kms.katalon.core.main.TestCaseMain$startTestSuite$0.call(Unknown Source)
	at TempTestSuite1696467586530.run(TempTestSuite1696467586530.groovy:36)
Caused by: com.kms.katalon.core.exception.StepFailedException: Text 'Tanggal Lahir tidak Valid' is not present on page 
	at com.kms.katalon.core.webui.keyword.internal.WebUIKeywordMain.stepFailed(WebUIKeywordMain.groovy:64)
	at com.kms.katalon.core.webui.keyword.builtin.VerifyTextPresentKeyword$_verifyTextPresent_closure1.doCall(VerifyTextPresentKeyword.groovy:79)
	at com.kms.katalon.core.webui.keyword.builtin.VerifyTextPresentKeyword$_verifyTextPresent_closure1.call(VerifyTextPresentKeyword.groovy)
	at com.kms.katalon.core.webui.keyword.internal.WebUIKeywordMain.runKeyword(WebUIKeywordMain.groovy:20)
	... 19 more


2023-10-05 08:03:23 - [TEST_STEP][PASSED] - callTestCase(findTestCase("M08 Edit Data Konsumen/EDK-001"), [:], STOP_ON_FAILURE): Call Test Case 'Test Cases/M08 Edit Data Konsumen/EDK-001' successfully

2023-10-05 08:03:23 - [TEST_CASE][PASSED] - Test Cases/M08 Edit Data Konsumen/EDK-001: Test Cases/M08 Edit Data Konsumen/EDK-001

2023-10-05 08:03:23 - [TEST_STEP][PASSED] - callTestCase(findTestCase("Login/TC-Login Admin-Success-001"), ["Username":"admin", "Password":"123admin123"], STOP_ON_FAILURE): Call Test Case 'Test Cases/Login/TC-Login Admin-Success-001' successfully

2023-10-05 08:03:23 - [TEST_CASE][PASSED] - Test Cases/Login/TC-Login Admin-Success-001: Test Cases/Login/TC-Login Admin-Success-001

2023-10-05 08:03:23 - [TEST_STEP][PASSED] - openBrowser("https://10.9.2.63/ecommerce/administrator/"): Browser is opened with url: 'https://10.9.2.63/ecommerce/administrator/'

2023-10-05 08:03:23 - [MESSAGE][WARNING] - A browser is already opened. Closing browser and opening a new one

2023-10-05 08:03:24 - [MESSAGE][INFO] - Starting 'Firefox' driver

2023-10-05 08:03:24 - [MESSAGE][INFO] - Action delay is set to 0 milliseconds

2023-10-05 08:03:28 - [MESSAGE][PASSED] - Browser is opened with url: 'https://10.9.2.63/ecommerce/administrator/'

2023-10-05 08:03:28 - [TEST_STEP][PASSED] - maximizeWindow(): Current window maximized

2023-10-05 08:03:28 - [MESSAGE][PASSED] - Current window maximized

2023-10-05 08:03:28 - [TEST_STEP][PASSED] - verifyElementPresent(findTestObject("Login admin/Tittle ADMIN"), 0): Object 'Object Repository/Login admin/Tittle ADMIN' is present

2023-10-05 08:03:28 - [MESSAGE][WARNING] - Timeout '0' is invalid. Using default page load timeout: '30'

2023-10-05 08:03:28 - [MESSAGE][PASSED] - Object 'Object Repository/Login admin/Tittle ADMIN' is present

2023-10-05 08:03:28 - [TEST_STEP][PASSED] - setText(findTestObject("Login/input_Username, Email atau No. Handphone_a"), Username): Text 'admin' is set on object 'Object Repository/Login/input_Username, Email atau No. Handphone_a'

2023-10-05 08:03:29 - [MESSAGE][PASSED] - Text 'admin' is set on object 'Object Repository/Login/input_Username, Email atau No. Handphone_a'

2023-10-05 08:03:29 - [TEST_STEP][PASSED] - setText(findTestObject("Login/input_Password"), Password): Text '123admin123' is set on object 'Object Repository/Login/input_Password'

2023-10-05 08:03:30 - [MESSAGE][PASSED] - Text '123admin123' is set on object 'Object Repository/Login/input_Password'

2023-10-05 08:03:30 - [TEST_STEP][PASSED] - click(findTestObject("Login admin/buttom Remember Me")): Object: 'Object Repository/Login admin/buttom Remember Me' is clicked on

2023-10-05 08:03:30 - [MESSAGE][PASSED] - Object: 'Object Repository/Login admin/buttom Remember Me' is clicked on

2023-10-05 08:03:30 - [TEST_STEP][PASSED] - delay(10): Delayed 10 second(s)

2023-10-05 08:03:40 - [MESSAGE][PASSED] - Delayed 10 second(s)

2023-10-05 08:03:40 - [TEST_STEP][PASSED] - click(findTestObject("Login admin/buttom sign in")): Object: 'Object Repository/Login admin/buttom sign in' is clicked on

2023-10-05 08:03:42 - [MESSAGE][PASSED] - Object: 'Object Repository/Login admin/buttom sign in' is clicked on

2023-10-05 08:03:42 - [TEST_STEP][PASSED] - verifyElementPresent(findTestObject("Login admin/Tittle Dashboard"), 0): Object 'Object Repository/Login admin/Tittle Dashboard' is present

2023-10-05 08:03:42 - [MESSAGE][WARNING] - Timeout '0' is invalid. Using default page load timeout: '30'

2023-10-05 08:03:47 - [MESSAGE][PASSED] - Object 'Object Repository/Login admin/Tittle Dashboard' is present

2023-10-05 08:03:47 - [MESSAGE][PASSED] - Call Test Case 'Test Cases/Login/TC-Login Admin-Success-001' successfully

2023-10-05 08:03:47 - [TEST_STEP][PASSED] - click(findTestObject("Menu pencarian Toko admin/Menu Master Market")): Object: 'Object Repository/Menu pencarian Toko admin/Menu Master Market' is clicked on

2023-10-05 08:03:48 - [MESSAGE][PASSED] - Object: 'Object Repository/Menu pencarian Toko admin/Menu Master Market' is clicked on

2023-10-05 08:03:48 - [TEST_STEP][PASSED] - click(findTestObject("Edit Data konsumen/Menu Konsumen")): Object: 'Object Repository/Edit Data konsumen/Menu Konsumen' is clicked on

2023-10-05 08:03:49 - [MESSAGE][PASSED] - Object: 'Object Repository/Edit Data konsumen/Menu Konsumen' is clicked on

2023-10-05 08:03:49 - [TEST_STEP][PASSED] - verifyElementPresent(findTestObject("Edit Data konsumen/Tittle Daftar Semua Konsumen"), 0): Object 'Object Repository/Edit Data konsumen/Tittle Daftar Semua Konsumen' is present

2023-10-05 08:03:50 - [MESSAGE][WARNING] - Timeout '0' is invalid. Using default page load timeout: '30'

2023-10-05 08:03:56 - [MESSAGE][PASSED] - Object 'Object Repository/Edit Data konsumen/Tittle Daftar Semua Konsumen' is present

2023-10-05 08:03:56 - [MESSAGE][PASSED] - Call Test Case 'Test Cases/M08 Edit Data Konsumen/EDK-001' successfully

2023-10-05 08:03:56 - [TEST_STEP][PASSED] - click(findTestObject("file baru/search")): Object: 'Object Repository/file baru/search' is clicked on

2023-10-05 08:03:57 - [MESSAGE][PASSED] - Object: 'Object Repository/file baru/search' is clicked on

2023-10-05 08:03:57 - [TEST_STEP][PASSED] - setText(findTestObject("file baru/search"), "udin padinding oii"): Text 'udin padinding oii' is set on object 'Object Repository/file baru/search'

2023-10-05 08:03:57 - [MESSAGE][PASSED] - Text 'udin padinding oii' is set on object 'Object Repository/file baru/search'

2023-10-05 08:03:57 - [TEST_STEP][PASSED] - click(findTestObject("file baru/buttom edit")): Object: 'Object Repository/file baru/buttom edit' is clicked on

2023-10-05 08:04:03 - [MESSAGE][PASSED] - Object: 'Object Repository/file baru/buttom edit' is clicked on

2023-10-05 08:04:03 - [TEST_STEP][PASSED] - verifyElementPresent(findTestObject("Edit Data konsumen/tittle Edit Data Konsumen"), 0): Object 'Object Repository/Edit Data konsumen/tittle Edit Data Konsumen' is present

2023-10-05 08:04:03 - [MESSAGE][WARNING] - Timeout '0' is invalid. Using default page load timeout: '30'

2023-10-05 08:04:09 - [MESSAGE][PASSED] - Object 'Object Repository/Edit Data konsumen/tittle Edit Data Konsumen' is present

2023-10-05 08:04:09 - [TEST_STEP][PASSED] - setText(findTestObject("Edit Data konsumen/input tanggal lahir/input_Tanggal Lahir"), "2023-09-01"): Text '2023-09-01' is set on object 'Object Repository/Edit Data konsumen/input tanggal lahir/input_Tanggal Lahir'

2023-10-05 08:04:10 - [MESSAGE][PASSED] - Text '2023-09-01' is set on object 'Object Repository/Edit Data konsumen/input tanggal lahir/input_Tanggal Lahir'

2023-10-05 08:04:10 - [TEST_STEP][PASSED] - click(findTestObject("Edit Data konsumen/button_Update")): Object: 'Object Repository/Edit Data konsumen/button_Update' is clicked on

2023-10-05 08:04:11 - [MESSAGE][PASSED] - Object: 'Object Repository/Edit Data konsumen/button_Update' is clicked on

2023-10-05 08:04:11 - [TEST_STEP][FAILED] - verifyTextPresent("Tanggal Lahir tidak Valid", false): Unable to verify text 'Tanggal Lahir tidak Valid' is present  (Root cause: com.kms.katalon.core.exception.StepFailedException: Unable to verify text 'Tanggal Lahir tidak Valid' is present 
	at com.kms.katalon.core.webui.keyword.internal.WebUIKeywordMain.stepFailed(WebUIKeywordMain.groovy:64)
	at com.kms.katalon.core.webui.keyword.internal.WebUIKeywordMain.runKeyword(WebUIKeywordMain.groovy:26)
	at com.kms.katalon.core.webui.keyword.builtin.VerifyTextPresentKeyword.verifyTextPresent(VerifyTextPresentKeyword.groovy:83)
	at com.kms.katalon.core.webui.keyword.builtin.VerifyTextPresentKeyword.execute(VerifyTextPresentKeyword.groovy:68)
	at com.kms.katalon.core.keyword.internal.KeywordExecutor.executeKeywordForPlatform(KeywordExecutor.groovy:74)
	at com.kms.katalon.core.webui.keyword.WebUiBuiltInKeywords.verifyTextPresent(WebUiBuiltInKeywords.groovy:1723)
	at com.kms.katalon.core.webui.keyword.WebUiBuiltInKeywords$verifyTextPresent$8.call(Unknown Source)
	at EDK-005.run(EDK-005:34)
	at com.kms.katalon.core.main.ScriptEngine.run(ScriptEngine.java:194)
	at com.kms.katalon.core.main.ScriptEngine.runScriptAsRawText(ScriptEngine.java:119)
	at com.kms.katalon.core.main.TestCaseExecutor.runScript(TestCaseExecutor.java:448)
	at com.kms.katalon.core.main.TestCaseExecutor.doExecute(TestCaseExecutor.java:439)
	at com.kms.katalon.core.main.TestCaseExecutor.processExecutionPhase(TestCaseExecutor.java:418)
	at com.kms.katalon.core.main.TestCaseExecutor.accessMainPhase(TestCaseExecutor.java:410)
	at com.kms.katalon.core.main.TestCaseExecutor.execute(TestCaseExecutor.java:285)
	at com.kms.katalon.core.common.CommonExecutor.accessTestCaseMainPhase(CommonExecutor.java:65)
	at com.kms.katalon.core.main.TestSuiteExecutor.accessTestSuiteMainPhase(TestSuiteExecutor.java:148)
	at com.kms.katalon.core.main.TestSuiteExecutor.execute(TestSuiteExecutor.java:106)
	at com.kms.katalon.core.main.TestCaseMain.startTestSuite(TestCaseMain.java:187)
	at com.kms.katalon.core.main.TestCaseMain$startTestSuite$0.call(Unknown Source)
	at TempTestSuite1696467586530.run(TempTestSuite1696467586530.groovy:36)
Caused by: com.kms.katalon.core.exception.StepFailedException: Text 'Tanggal Lahir tidak Valid' is not present on page 
	at com.kms.katalon.core.webui.keyword.internal.WebUIKeywordMain.stepFailed(WebUIKeywordMain.groovy:64)
	at com.kms.katalon.core.webui.keyword.builtin.VerifyTextPresentKeyword$_verifyTextPresent_closure1.doCall(VerifyTextPresentKeyword.groovy:79)
	at com.kms.katalon.core.webui.keyword.builtin.VerifyTextPresentKeyword$_verifyTextPresent_closure1.call(VerifyTextPresentKeyword.groovy)
	at com.kms.katalon.core.webui.keyword.internal.WebUIKeywordMain.runKeyword(WebUIKeywordMain.groovy:20)
	... 19 more
)

2023-10-05 08:04:18 - [MESSAGE][FAILED] - Text 'Tanggal Lahir tidak Valid' is not present on page  (Root cause: com.kms.katalon.core.exception.StepFailedException: Text 'Tanggal Lahir tidak Valid' is not present on page 
	at com.kms.katalon.core.webui.keyword.internal.WebUIKeywordMain.stepFailed(WebUIKeywordMain.groovy:64)
	at com.kms.katalon.core.webui.keyword.builtin.VerifyTextPresentKeyword$_verifyTextPresent_closure1.doCall(VerifyTextPresentKeyword.groovy:79)
	at com.kms.katalon.core.webui.keyword.builtin.VerifyTextPresentKeyword$_verifyTextPresent_closure1.call(VerifyTextPresentKeyword.groovy)
	at com.kms.katalon.core.webui.keyword.internal.WebUIKeywordMain.runKeyword(WebUIKeywordMain.groovy:20)
	at com.kms.katalon.core.webui.keyword.builtin.VerifyTextPresentKeyword.verifyTextPresent(VerifyTextPresentKeyword.groovy:83)
	at com.kms.katalon.core.webui.keyword.builtin.VerifyTextPresentKeyword.execute(VerifyTextPresentKeyword.groovy:68)
	at com.kms.katalon.core.keyword.internal.KeywordExecutor.executeKeywordForPlatform(KeywordExecutor.groovy:74)
	at com.kms.katalon.core.webui.keyword.WebUiBuiltInKeywords.verifyTextPresent(WebUiBuiltInKeywords.groovy:1723)
	at com.kms.katalon.core.webui.keyword.WebUiBuiltInKeywords$verifyTextPresent$8.call(Unknown Source)
	at EDK-005.run(EDK-005:34)
	at com.kms.katalon.core.main.ScriptEngine.run(ScriptEngine.java:194)
	at com.kms.katalon.core.main.ScriptEngine.runScriptAsRawText(ScriptEngine.java:119)
	at com.kms.katalon.core.main.TestCaseExecutor.runScript(TestCaseExecutor.java:448)
	at com.kms.katalon.core.main.TestCaseExecutor.doExecute(TestCaseExecutor.java:439)
	at com.kms.katalon.core.main.TestCaseExecutor.processExecutionPhase(TestCaseExecutor.java:418)
	at com.kms.katalon.core.main.TestCaseExecutor.accessMainPhase(TestCaseExecutor.java:410)
	at com.kms.katalon.core.main.TestCaseExecutor.execute(TestCaseExecutor.java:285)
	at com.kms.katalon.core.common.CommonExecutor.accessTestCaseMainPhase(CommonExecutor.java:65)
	at com.kms.katalon.core.main.TestSuiteExecutor.accessTestSuiteMainPhase(TestSuiteExecutor.java:148)
	at com.kms.katalon.core.main.TestSuiteExecutor.execute(TestSuiteExecutor.java:106)
	at com.kms.katalon.core.main.TestCaseMain.startTestSuite(TestCaseMain.java:187)
	at com.kms.katalon.core.main.TestCaseMain$startTestSuite$0.call(Unknown Source)
	at TempTestSuite1696467586530.run(TempTestSuite1696467586530.groovy:36)
)

2023-10-05 08:04:18 - [MESSAGE][FAILED] - Unable to verify text 'Tanggal Lahir tidak Valid' is present  (Root cause: com.kms.katalon.core.exception.StepFailedException: Unable to verify text 'Tanggal Lahir tidak Valid' is present 
	at com.kms.katalon.core.webui.keyword.internal.WebUIKeywordMain.stepFailed(WebUIKeywordMain.groovy:64)
	at com.kms.katalon.core.webui.keyword.internal.WebUIKeywordMain.runKeyword(WebUIKeywordMain.groovy:26)
	at com.kms.katalon.core.webui.keyword.builtin.VerifyTextPresentKeyword.verifyTextPresent(VerifyTextPresentKeyword.groovy:83)
	at com.kms.katalon.core.webui.keyword.builtin.VerifyTextPresentKeyword.execute(VerifyTextPresentKeyword.groovy:68)
	at com.kms.katalon.core.keyword.internal.KeywordExecutor.executeKeywordForPlatform(KeywordExecutor.groovy:74)
	at com.kms.katalon.core.webui.keyword.WebUiBuiltInKeywords.verifyTextPresent(WebUiBuiltInKeywords.groovy:1723)
	at com.kms.katalon.core.webui.keyword.WebUiBuiltInKeywords$verifyTextPresent$8.call(Unknown Source)
	at EDK-005.run(EDK-005:34)
	at com.kms.katalon.core.main.ScriptEngine.run(ScriptEngine.java:194)
	at com.kms.katalon.core.main.ScriptEngine.runScriptAsRawText(ScriptEngine.java:119)
	at com.kms.katalon.core.main.TestCaseExecutor.runScript(TestCaseExecutor.java:448)
	at com.kms.katalon.core.main.TestCaseExecutor.doExecute(TestCaseExecutor.java:439)
	at com.kms.katalon.core.main.TestCaseExecutor.processExecutionPhase(TestCaseExecutor.java:418)
	at com.kms.katalon.core.main.TestCaseExecutor.accessMainPhase(TestCaseExecutor.java:410)
	at com.kms.katalon.core.main.TestCaseExecutor.execute(TestCaseExecutor.java:285)
	at com.kms.katalon.core.common.CommonExecutor.accessTestCaseMainPhase(CommonExecutor.java:65)
	at com.kms.katalon.core.main.TestSuiteExecutor.accessTestSuiteMainPhase(TestSuiteExecutor.java:148)
	at com.kms.katalon.core.main.TestSuiteExecutor.execute(TestSuiteExecutor.java:106)
	at com.kms.katalon.core.main.TestCaseMain.startTestSuite(TestCaseMain.java:187)
	at com.kms.katalon.core.main.TestCaseMain$startTestSuite$0.call(Unknown Source)
	at TempTestSuite1696467586530.run(TempTestSuite1696467586530.groovy:36)
Caused by: com.kms.katalon.core.exception.StepFailedException: Text 'Tanggal Lahir tidak Valid' is not present on page 
	at com.kms.katalon.core.webui.keyword.internal.WebUIKeywordMain.stepFailed(WebUIKeywordMain.groovy:64)
	at com.kms.katalon.core.webui.keyword.builtin.VerifyTextPresentKeyword$_verifyTextPresent_closure1.doCall(VerifyTextPresentKeyword.groovy:79)
	at com.kms.katalon.core.webui.keyword.builtin.VerifyTextPresentKeyword$_verifyTextPresent_closure1.call(VerifyTextPresentKeyword.groovy)
	at com.kms.katalon.core.webui.keyword.internal.WebUIKeywordMain.runKeyword(WebUIKeywordMain.groovy:20)
	... 19 more
)
[[ATTACHMENT|C:\\FT2 XSIS\\Projek Eval 2 Tajalapak dan administrator\\Reports\\20231005_075946\\Edit Data Konsumen\\Edit Data Konsumen\\20231005_075946\\1696467858075.png]]]]></system-out>
         <system-err><![CDATA[2023-10-05 08:03:23 - [TEST_CASE][FAILED] - Test Cases/M08 Edit Data Konsumen/EDK-005: Test Cases/M08 Edit Data Konsumen/EDK-005 FAILED.
Reason:
com.kms.katalon.core.exception.StepFailedException: Unable to verify text 'Tanggal Lahir tidak Valid' is present 
	at com.kms.katalon.core.webui.keyword.internal.WebUIKeywordMain.stepFailed(WebUIKeywordMain.groovy:64)
	at com.kms.katalon.core.webui.keyword.internal.WebUIKeywordMain.runKeyword(WebUIKeywordMain.groovy:26)
	at com.kms.katalon.core.webui.keyword.builtin.VerifyTextPresentKeyword.verifyTextPresent(VerifyTextPresentKeyword.groovy:83)
	at com.kms.katalon.core.webui.keyword.builtin.VerifyTextPresentKeyword.execute(VerifyTextPresentKeyword.groovy:68)
	at com.kms.katalon.core.keyword.internal.KeywordExecutor.executeKeywordForPlatform(KeywordExecutor.groovy:74)
	at com.kms.katalon.core.webui.keyword.WebUiBuiltInKeywords.verifyTextPresent(WebUiBuiltInKeywords.groovy:1723)
	at com.kms.katalon.core.webui.keyword.WebUiBuiltInKeywords$verifyTextPresent$8.call(Unknown Source)
	at EDK-005.run(EDK-005:34)
	at com.kms.katalon.core.main.ScriptEngine.run(ScriptEngine.java:194)
	at com.kms.katalon.core.main.ScriptEngine.runScriptAsRawText(ScriptEngine.java:119)
	at com.kms.katalon.core.main.TestCaseExecutor.runScript(TestCaseExecutor.java:448)
	at com.kms.katalon.core.main.TestCaseExecutor.doExecute(TestCaseExecutor.java:439)
	at com.kms.katalon.core.main.TestCaseExecutor.processExecutionPhase(TestCaseExecutor.java:418)
	at com.kms.katalon.core.main.TestCaseExecutor.accessMainPhase(TestCaseExecutor.java:410)
	at com.kms.katalon.core.main.TestCaseExecutor.execute(TestCaseExecutor.java:285)
	at com.kms.katalon.core.common.CommonExecutor.accessTestCaseMainPhase(CommonExecutor.java:65)
	at com.kms.katalon.core.main.TestSuiteExecutor.accessTestSuiteMainPhase(TestSuiteExecutor.java:148)
	at com.kms.katalon.core.main.TestSuiteExecutor.execute(TestSuiteExecutor.java:106)
	at com.kms.katalon.core.main.TestCaseMain.startTestSuite(TestCaseMain.java:187)
	at com.kms.katalon.core.main.TestCaseMain$startTestSuite$0.call(Unknown Source)
	at TempTestSuite1696467586530.run(TempTestSuite1696467586530.groovy:36)
Caused by: com.kms.katalon.core.exception.StepFailedException: Text 'Tanggal Lahir tidak Valid' is not present on page 
	at com.kms.katalon.core.webui.keyword.internal.WebUIKeywordMain.stepFailed(WebUIKeywordMain.groovy:64)
	at com.kms.katalon.core.webui.keyword.builtin.VerifyTextPresentKeyword$_verifyTextPresent_closure1.doCall(VerifyTextPresentKeyword.groovy:79)
	at com.kms.katalon.core.webui.keyword.builtin.VerifyTextPresentKeyword$_verifyTextPresent_closure1.call(VerifyTextPresentKeyword.groovy)
	at com.kms.katalon.core.webui.keyword.internal.WebUIKeywordMain.runKeyword(WebUIKeywordMain.groovy:20)
	... 19 more]]></system-err>
      </testcase>
      <testcase name="Test Cases/M08 Edit Data Konsumen/EDK-006" time="57.431" classname="Test Cases/M08 Edit Data Konsumen/EDK-006" status="FAILED">
         <failure type="FAILED" message="Test Cases/M08 Edit Data Konsumen/EDK-006 FAILED.
Reason:
com.kms.katalon.core.exception.StepFailedException: Unable to verify text 'Tanggal Lahir tidak Valid' is present 
	at com.kms.katalon.core.webui.keyword.internal.WebUIKeywordMain.stepFailed(WebUIKeywordMain.groovy:64)
	at com.kms.katalon.core.webui.keyword.internal.WebUIKeywordMain.runKeyword(WebUIKeywordMain.groovy:26)
	at com.kms.katalon.core.webui.keyword.builtin.VerifyTextPresentKeyword.verifyTextPresent(VerifyTextPresentKeyword.groovy:83)
	at com.kms.katalon.core.webui.keyword.builtin.VerifyTextPresentKeyword.execute(VerifyTextPresentKeyword.groovy:68)
	at com.kms.katalon.core.keyword.internal.KeywordExecutor.executeKeywordForPlatform(KeywordExecutor.groovy:74)
	at com.kms.katalon.core.webui.keyword.WebUiBuiltInKeywords.verifyTextPresent(WebUiBuiltInKeywords.groovy:1723)
	at com.kms.katalon.core.webui.keyword.WebUiBuiltInKeywords$verifyTextPresent$8.call(Unknown Source)
	at EDK-006.run(EDK-006:34)
	at com.kms.katalon.core.main.ScriptEngine.run(ScriptEngine.java:194)
	at com.kms.katalon.core.main.ScriptEngine.runScriptAsRawText(ScriptEngine.java:119)
	at com.kms.katalon.core.main.TestCaseExecutor.runScript(TestCaseExecutor.java:448)
	at com.kms.katalon.core.main.TestCaseExecutor.doExecute(TestCaseExecutor.java:439)
	at com.kms.katalon.core.main.TestCaseExecutor.processExecutionPhase(TestCaseExecutor.java:418)
	at com.kms.katalon.core.main.TestCaseExecutor.accessMainPhase(TestCaseExecutor.java:410)
	at com.kms.katalon.core.main.TestCaseExecutor.execute(TestCaseExecutor.java:285)
	at com.kms.katalon.core.common.CommonExecutor.accessTestCaseMainPhase(CommonExecutor.java:65)
	at com.kms.katalon.core.main.TestSuiteExecutor.accessTestSuiteMainPhase(TestSuiteExecutor.java:148)
	at com.kms.katalon.core.main.TestSuiteExecutor.execute(TestSuiteExecutor.java:106)
	at com.kms.katalon.core.main.TestCaseMain.startTestSuite(TestCaseMain.java:187)
	at com.kms.katalon.core.main.TestCaseMain$startTestSuite$0.call(Unknown Source)
	at TempTestSuite1696467586530.run(TempTestSuite1696467586530.groovy:36)
Caused by: com.kms.katalon.core.exception.StepFailedException: Text 'Tanggal Lahir tidak Valid' is not present on page 
	at com.kms.katalon.core.webui.keyword.internal.WebUIKeywordMain.stepFailed(WebUIKeywordMain.groovy:64)
	at com.kms.katalon.core.webui.keyword.builtin.VerifyTextPresentKeyword$_verifyTextPresent_closure1.doCall(VerifyTextPresentKeyword.groovy:79)
	at com.kms.katalon.core.webui.keyword.builtin.VerifyTextPresentKeyword$_verifyTextPresent_closure1.call(VerifyTextPresentKeyword.groovy)
	at com.kms.katalon.core.webui.keyword.internal.WebUIKeywordMain.runKeyword(WebUIKeywordMain.groovy:20)
	... 19 more
"/>
         <system-out><![CDATA[2023-10-05 08:04:18 - [TEST_CASE][FAILED] - Test Cases/M08 Edit Data Konsumen/EDK-006: Test Cases/M08 Edit Data Konsumen/EDK-006 FAILED.
Reason:
com.kms.katalon.core.exception.StepFailedException: Unable to verify text 'Tanggal Lahir tidak Valid' is present 
	at com.kms.katalon.core.webui.keyword.internal.WebUIKeywordMain.stepFailed(WebUIKeywordMain.groovy:64)
	at com.kms.katalon.core.webui.keyword.internal.WebUIKeywordMain.runKeyword(WebUIKeywordMain.groovy:26)
	at com.kms.katalon.core.webui.keyword.builtin.VerifyTextPresentKeyword.verifyTextPresent(VerifyTextPresentKeyword.groovy:83)
	at com.kms.katalon.core.webui.keyword.builtin.VerifyTextPresentKeyword.execute(VerifyTextPresentKeyword.groovy:68)
	at com.kms.katalon.core.keyword.internal.KeywordExecutor.executeKeywordForPlatform(KeywordExecutor.groovy:74)
	at com.kms.katalon.core.webui.keyword.WebUiBuiltInKeywords.verifyTextPresent(WebUiBuiltInKeywords.groovy:1723)
	at com.kms.katalon.core.webui.keyword.WebUiBuiltInKeywords$verifyTextPresent$8.call(Unknown Source)
	at EDK-006.run(EDK-006:34)
	at com.kms.katalon.core.main.ScriptEngine.run(ScriptEngine.java:194)
	at com.kms.katalon.core.main.ScriptEngine.runScriptAsRawText(ScriptEngine.java:119)
	at com.kms.katalon.core.main.TestCaseExecutor.runScript(TestCaseExecutor.java:448)
	at com.kms.katalon.core.main.TestCaseExecutor.doExecute(TestCaseExecutor.java:439)
	at com.kms.katalon.core.main.TestCaseExecutor.processExecutionPhase(TestCaseExecutor.java:418)
	at com.kms.katalon.core.main.TestCaseExecutor.accessMainPhase(TestCaseExecutor.java:410)
	at com.kms.katalon.core.main.TestCaseExecutor.execute(TestCaseExecutor.java:285)
	at com.kms.katalon.core.common.CommonExecutor.accessTestCaseMainPhase(CommonExecutor.java:65)
	at com.kms.katalon.core.main.TestSuiteExecutor.accessTestSuiteMainPhase(TestSuiteExecutor.java:148)
	at com.kms.katalon.core.main.TestSuiteExecutor.execute(TestSuiteExecutor.java:106)
	at com.kms.katalon.core.main.TestCaseMain.startTestSuite(TestCaseMain.java:187)
	at com.kms.katalon.core.main.TestCaseMain$startTestSuite$0.call(Unknown Source)
	at TempTestSuite1696467586530.run(TempTestSuite1696467586530.groovy:36)
Caused by: com.kms.katalon.core.exception.StepFailedException: Text 'Tanggal Lahir tidak Valid' is not present on page 
	at com.kms.katalon.core.webui.keyword.internal.WebUIKeywordMain.stepFailed(WebUIKeywordMain.groovy:64)
	at com.kms.katalon.core.webui.keyword.builtin.VerifyTextPresentKeyword$_verifyTextPresent_closure1.doCall(VerifyTextPresentKeyword.groovy:79)
	at com.kms.katalon.core.webui.keyword.builtin.VerifyTextPresentKeyword$_verifyTextPresent_closure1.call(VerifyTextPresentKeyword.groovy)
	at com.kms.katalon.core.webui.keyword.internal.WebUIKeywordMain.runKeyword(WebUIKeywordMain.groovy:20)
	... 19 more


2023-10-05 08:04:18 - [TEST_STEP][PASSED] - callTestCase(findTestCase("M08 Edit Data Konsumen/EDK-001"), [:], STOP_ON_FAILURE): Call Test Case 'Test Cases/M08 Edit Data Konsumen/EDK-001' successfully

2023-10-05 08:04:18 - [TEST_CASE][PASSED] - Test Cases/M08 Edit Data Konsumen/EDK-001: Test Cases/M08 Edit Data Konsumen/EDK-001

2023-10-05 08:04:18 - [TEST_STEP][PASSED] - callTestCase(findTestCase("Login/TC-Login Admin-Success-001"), ["Username":"admin", "Password":"123admin123"], STOP_ON_FAILURE): Call Test Case 'Test Cases/Login/TC-Login Admin-Success-001' successfully

2023-10-05 08:04:18 - [TEST_CASE][PASSED] - Test Cases/Login/TC-Login Admin-Success-001: Test Cases/Login/TC-Login Admin-Success-001

2023-10-05 08:04:18 - [TEST_STEP][PASSED] - openBrowser("https://10.9.2.63/ecommerce/administrator/"): Browser is opened with url: 'https://10.9.2.63/ecommerce/administrator/'

2023-10-05 08:04:18 - [MESSAGE][WARNING] - A browser is already opened. Closing browser and opening a new one

2023-10-05 08:04:19 - [MESSAGE][INFO] - Starting 'Firefox' driver

2023-10-05 08:04:19 - [MESSAGE][INFO] - Action delay is set to 0 milliseconds

2023-10-05 08:04:23 - [MESSAGE][PASSED] - Browser is opened with url: 'https://10.9.2.63/ecommerce/administrator/'

2023-10-05 08:04:23 - [TEST_STEP][PASSED] - maximizeWindow(): Current window maximized

2023-10-05 08:04:23 - [MESSAGE][PASSED] - Current window maximized

2023-10-05 08:04:23 - [TEST_STEP][PASSED] - verifyElementPresent(findTestObject("Login admin/Tittle ADMIN"), 0): Object 'Object Repository/Login admin/Tittle ADMIN' is present

2023-10-05 08:04:23 - [MESSAGE][WARNING] - Timeout '0' is invalid. Using default page load timeout: '30'

2023-10-05 08:04:23 - [MESSAGE][PASSED] - Object 'Object Repository/Login admin/Tittle ADMIN' is present

2023-10-05 08:04:23 - [TEST_STEP][PASSED] - setText(findTestObject("Login/input_Username, Email atau No. Handphone_a"), Username): Text 'admin' is set on object 'Object Repository/Login/input_Username, Email atau No. Handphone_a'

2023-10-05 08:04:24 - [MESSAGE][PASSED] - Text 'admin' is set on object 'Object Repository/Login/input_Username, Email atau No. Handphone_a'

2023-10-05 08:04:24 - [TEST_STEP][PASSED] - setText(findTestObject("Login/input_Password"), Password): Text '123admin123' is set on object 'Object Repository/Login/input_Password'

2023-10-05 08:04:25 - [MESSAGE][PASSED] - Text '123admin123' is set on object 'Object Repository/Login/input_Password'

2023-10-05 08:04:25 - [TEST_STEP][PASSED] - click(findTestObject("Login admin/buttom Remember Me")): Object: 'Object Repository/Login admin/buttom Remember Me' is clicked on

2023-10-05 08:04:25 - [MESSAGE][PASSED] - Object: 'Object Repository/Login admin/buttom Remember Me' is clicked on

2023-10-05 08:04:25 - [TEST_STEP][PASSED] - delay(10): Delayed 10 second(s)

2023-10-05 08:04:35 - [MESSAGE][PASSED] - Delayed 10 second(s)

2023-10-05 08:04:35 - [TEST_STEP][PASSED] - click(findTestObject("Login admin/buttom sign in")): Object: 'Object Repository/Login admin/buttom sign in' is clicked on

2023-10-05 08:04:37 - [MESSAGE][PASSED] - Object: 'Object Repository/Login admin/buttom sign in' is clicked on

2023-10-05 08:04:37 - [TEST_STEP][PASSED] - verifyElementPresent(findTestObject("Login admin/Tittle Dashboard"), 0): Object 'Object Repository/Login admin/Tittle Dashboard' is present

2023-10-05 08:04:37 - [MESSAGE][WARNING] - Timeout '0' is invalid. Using default page load timeout: '30'

2023-10-05 08:04:42 - [MESSAGE][PASSED] - Object 'Object Repository/Login admin/Tittle Dashboard' is present

2023-10-05 08:04:42 - [MESSAGE][PASSED] - Call Test Case 'Test Cases/Login/TC-Login Admin-Success-001' successfully

2023-10-05 08:04:42 - [TEST_STEP][PASSED] - click(findTestObject("Menu pencarian Toko admin/Menu Master Market")): Object: 'Object Repository/Menu pencarian Toko admin/Menu Master Market' is clicked on

2023-10-05 08:04:43 - [MESSAGE][PASSED] - Object: 'Object Repository/Menu pencarian Toko admin/Menu Master Market' is clicked on

2023-10-05 08:04:43 - [TEST_STEP][PASSED] - click(findTestObject("Edit Data konsumen/Menu Konsumen")): Object: 'Object Repository/Edit Data konsumen/Menu Konsumen' is clicked on

2023-10-05 08:04:44 - [MESSAGE][PASSED] - Object: 'Object Repository/Edit Data konsumen/Menu Konsumen' is clicked on

2023-10-05 08:04:44 - [TEST_STEP][PASSED] - verifyElementPresent(findTestObject("Edit Data konsumen/Tittle Daftar Semua Konsumen"), 0): Object 'Object Repository/Edit Data konsumen/Tittle Daftar Semua Konsumen' is present

2023-10-05 08:04:44 - [MESSAGE][WARNING] - Timeout '0' is invalid. Using default page load timeout: '30'

2023-10-05 08:04:51 - [MESSAGE][PASSED] - Object 'Object Repository/Edit Data konsumen/Tittle Daftar Semua Konsumen' is present

2023-10-05 08:04:51 - [MESSAGE][PASSED] - Call Test Case 'Test Cases/M08 Edit Data Konsumen/EDK-001' successfully

2023-10-05 08:04:51 - [TEST_STEP][PASSED] - click(findTestObject("file baru/search")): Object: 'Object Repository/file baru/search' is clicked on

2023-10-05 08:04:52 - [MESSAGE][PASSED] - Object: 'Object Repository/file baru/search' is clicked on

2023-10-05 08:04:52 - [TEST_STEP][PASSED] - setText(findTestObject("file baru/search"), "udin padinding oii"): Text 'udin padinding oii' is set on object 'Object Repository/file baru/search'

2023-10-05 08:04:53 - [MESSAGE][PASSED] - Text 'udin padinding oii' is set on object 'Object Repository/file baru/search'

2023-10-05 08:04:53 - [TEST_STEP][PASSED] - click(findTestObject("file baru/buttom edit")): Object: 'Object Repository/file baru/buttom edit' is clicked on

2023-10-05 08:04:58 - [MESSAGE][PASSED] - Object: 'Object Repository/file baru/buttom edit' is clicked on

2023-10-05 08:04:58 - [TEST_STEP][PASSED] - verifyElementPresent(findTestObject("Edit Data konsumen/tittle Edit Data Konsumen"), 0): Object 'Object Repository/Edit Data konsumen/tittle Edit Data Konsumen' is present

2023-10-05 08:04:58 - [MESSAGE][WARNING] - Timeout '0' is invalid. Using default page load timeout: '30'

2023-10-05 08:05:05 - [MESSAGE][PASSED] - Object 'Object Repository/Edit Data konsumen/tittle Edit Data Konsumen' is present

2023-10-05 08:05:05 - [TEST_STEP][PASSED] - setText(findTestObject("Edit Data konsumen/input tanggal lahir/input_Tanggal Lahir"), "0000-00-00"): Text '0000-00-00' is set on object 'Object Repository/Edit Data konsumen/input tanggal lahir/input_Tanggal Lahir'

2023-10-05 08:05:07 - [MESSAGE][PASSED] - Text '0000-00-00' is set on object 'Object Repository/Edit Data konsumen/input tanggal lahir/input_Tanggal Lahir'

2023-10-05 08:05:07 - [TEST_STEP][PASSED] - click(findTestObject("Edit Data konsumen/button_Update")): Object: 'Object Repository/Edit Data konsumen/button_Update' is clicked on

2023-10-05 08:05:08 - [MESSAGE][PASSED] - Object: 'Object Repository/Edit Data konsumen/button_Update' is clicked on

2023-10-05 08:05:08 - [TEST_STEP][FAILED] - verifyTextPresent("Tanggal Lahir tidak Valid", false): Unable to verify text 'Tanggal Lahir tidak Valid' is present  (Root cause: com.kms.katalon.core.exception.StepFailedException: Unable to verify text 'Tanggal Lahir tidak Valid' is present 
	at com.kms.katalon.core.webui.keyword.internal.WebUIKeywordMain.stepFailed(WebUIKeywordMain.groovy:64)
	at com.kms.katalon.core.webui.keyword.internal.WebUIKeywordMain.runKeyword(WebUIKeywordMain.groovy:26)
	at com.kms.katalon.core.webui.keyword.builtin.VerifyTextPresentKeyword.verifyTextPresent(VerifyTextPresentKeyword.groovy:83)
	at com.kms.katalon.core.webui.keyword.builtin.VerifyTextPresentKeyword.execute(VerifyTextPresentKeyword.groovy:68)
	at com.kms.katalon.core.keyword.internal.KeywordExecutor.executeKeywordForPlatform(KeywordExecutor.groovy:74)
	at com.kms.katalon.core.webui.keyword.WebUiBuiltInKeywords.verifyTextPresent(WebUiBuiltInKeywords.groovy:1723)
	at com.kms.katalon.core.webui.keyword.WebUiBuiltInKeywords$verifyTextPresent$8.call(Unknown Source)
	at EDK-006.run(EDK-006:34)
	at com.kms.katalon.core.main.ScriptEngine.run(ScriptEngine.java:194)
	at com.kms.katalon.core.main.ScriptEngine.runScriptAsRawText(ScriptEngine.java:119)
	at com.kms.katalon.core.main.TestCaseExecutor.runScript(TestCaseExecutor.java:448)
	at com.kms.katalon.core.main.TestCaseExecutor.doExecute(TestCaseExecutor.java:439)
	at com.kms.katalon.core.main.TestCaseExecutor.processExecutionPhase(TestCaseExecutor.java:418)
	at com.kms.katalon.core.main.TestCaseExecutor.accessMainPhase(TestCaseExecutor.java:410)
	at com.kms.katalon.core.main.TestCaseExecutor.execute(TestCaseExecutor.java:285)
	at com.kms.katalon.core.common.CommonExecutor.accessTestCaseMainPhase(CommonExecutor.java:65)
	at com.kms.katalon.core.main.TestSuiteExecutor.accessTestSuiteMainPhase(TestSuiteExecutor.java:148)
	at com.kms.katalon.core.main.TestSuiteExecutor.execute(TestSuiteExecutor.java:106)
	at com.kms.katalon.core.main.TestCaseMain.startTestSuite(TestCaseMain.java:187)
	at com.kms.katalon.core.main.TestCaseMain$startTestSuite$0.call(Unknown Source)
	at TempTestSuite1696467586530.run(TempTestSuite1696467586530.groovy:36)
Caused by: com.kms.katalon.core.exception.StepFailedException: Text 'Tanggal Lahir tidak Valid' is not present on page 
	at com.kms.katalon.core.webui.keyword.internal.WebUIKeywordMain.stepFailed(WebUIKeywordMain.groovy:64)
	at com.kms.katalon.core.webui.keyword.builtin.VerifyTextPresentKeyword$_verifyTextPresent_closure1.doCall(VerifyTextPresentKeyword.groovy:79)
	at com.kms.katalon.core.webui.keyword.builtin.VerifyTextPresentKeyword$_verifyTextPresent_closure1.call(VerifyTextPresentKeyword.groovy)
	at com.kms.katalon.core.webui.keyword.internal.WebUIKeywordMain.runKeyword(WebUIKeywordMain.groovy:20)
	... 19 more
)

2023-10-05 08:05:15 - [MESSAGE][FAILED] - Text 'Tanggal Lahir tidak Valid' is not present on page  (Root cause: com.kms.katalon.core.exception.StepFailedException: Text 'Tanggal Lahir tidak Valid' is not present on page 
	at com.kms.katalon.core.webui.keyword.internal.WebUIKeywordMain.stepFailed(WebUIKeywordMain.groovy:64)
	at com.kms.katalon.core.webui.keyword.builtin.VerifyTextPresentKeyword$_verifyTextPresent_closure1.doCall(VerifyTextPresentKeyword.groovy:79)
	at com.kms.katalon.core.webui.keyword.builtin.VerifyTextPresentKeyword$_verifyTextPresent_closure1.call(VerifyTextPresentKeyword.groovy)
	at com.kms.katalon.core.webui.keyword.internal.WebUIKeywordMain.runKeyword(WebUIKeywordMain.groovy:20)
	at com.kms.katalon.core.webui.keyword.builtin.VerifyTextPresentKeyword.verifyTextPresent(VerifyTextPresentKeyword.groovy:83)
	at com.kms.katalon.core.webui.keyword.builtin.VerifyTextPresentKeyword.execute(VerifyTextPresentKeyword.groovy:68)
	at com.kms.katalon.core.keyword.internal.KeywordExecutor.executeKeywordForPlatform(KeywordExecutor.groovy:74)
	at com.kms.katalon.core.webui.keyword.WebUiBuiltInKeywords.verifyTextPresent(WebUiBuiltInKeywords.groovy:1723)
	at com.kms.katalon.core.webui.keyword.WebUiBuiltInKeywords$verifyTextPresent$8.call(Unknown Source)
	at EDK-006.run(EDK-006:34)
	at com.kms.katalon.core.main.ScriptEngine.run(ScriptEngine.java:194)
	at com.kms.katalon.core.main.ScriptEngine.runScriptAsRawText(ScriptEngine.java:119)
	at com.kms.katalon.core.main.TestCaseExecutor.runScript(TestCaseExecutor.java:448)
	at com.kms.katalon.core.main.TestCaseExecutor.doExecute(TestCaseExecutor.java:439)
	at com.kms.katalon.core.main.TestCaseExecutor.processExecutionPhase(TestCaseExecutor.java:418)
	at com.kms.katalon.core.main.TestCaseExecutor.accessMainPhase(TestCaseExecutor.java:410)
	at com.kms.katalon.core.main.TestCaseExecutor.execute(TestCaseExecutor.java:285)
	at com.kms.katalon.core.common.CommonExecutor.accessTestCaseMainPhase(CommonExecutor.java:65)
	at com.kms.katalon.core.main.TestSuiteExecutor.accessTestSuiteMainPhase(TestSuiteExecutor.java:148)
	at com.kms.katalon.core.main.TestSuiteExecutor.execute(TestSuiteExecutor.java:106)
	at com.kms.katalon.core.main.TestCaseMain.startTestSuite(TestCaseMain.java:187)
	at com.kms.katalon.core.main.TestCaseMain$startTestSuite$0.call(Unknown Source)
	at TempTestSuite1696467586530.run(TempTestSuite1696467586530.groovy:36)
)

2023-10-05 08:05:15 - [MESSAGE][FAILED] - Unable to verify text 'Tanggal Lahir tidak Valid' is present  (Root cause: com.kms.katalon.core.exception.StepFailedException: Unable to verify text 'Tanggal Lahir tidak Valid' is present 
	at com.kms.katalon.core.webui.keyword.internal.WebUIKeywordMain.stepFailed(WebUIKeywordMain.groovy:64)
	at com.kms.katalon.core.webui.keyword.internal.WebUIKeywordMain.runKeyword(WebUIKeywordMain.groovy:26)
	at com.kms.katalon.core.webui.keyword.builtin.VerifyTextPresentKeyword.verifyTextPresent(VerifyTextPresentKeyword.groovy:83)
	at com.kms.katalon.core.webui.keyword.builtin.VerifyTextPresentKeyword.execute(VerifyTextPresentKeyword.groovy:68)
	at com.kms.katalon.core.keyword.internal.KeywordExecutor.executeKeywordForPlatform(KeywordExecutor.groovy:74)
	at com.kms.katalon.core.webui.keyword.WebUiBuiltInKeywords.verifyTextPresent(WebUiBuiltInKeywords.groovy:1723)
	at com.kms.katalon.core.webui.keyword.WebUiBuiltInKeywords$verifyTextPresent$8.call(Unknown Source)
	at EDK-006.run(EDK-006:34)
	at com.kms.katalon.core.main.ScriptEngine.run(ScriptEngine.java:194)
	at com.kms.katalon.core.main.ScriptEngine.runScriptAsRawText(ScriptEngine.java:119)
	at com.kms.katalon.core.main.TestCaseExecutor.runScript(TestCaseExecutor.java:448)
	at com.kms.katalon.core.main.TestCaseExecutor.doExecute(TestCaseExecutor.java:439)
	at com.kms.katalon.core.main.TestCaseExecutor.processExecutionPhase(TestCaseExecutor.java:418)
	at com.kms.katalon.core.main.TestCaseExecutor.accessMainPhase(TestCaseExecutor.java:410)
	at com.kms.katalon.core.main.TestCaseExecutor.execute(TestCaseExecutor.java:285)
	at com.kms.katalon.core.common.CommonExecutor.accessTestCaseMainPhase(CommonExecutor.java:65)
	at com.kms.katalon.core.main.TestSuiteExecutor.accessTestSuiteMainPhase(TestSuiteExecutor.java:148)
	at com.kms.katalon.core.main.TestSuiteExecutor.execute(TestSuiteExecutor.java:106)
	at com.kms.katalon.core.main.TestCaseMain.startTestSuite(TestCaseMain.java:187)
	at com.kms.katalon.core.main.TestCaseMain$startTestSuite$0.call(Unknown Source)
	at TempTestSuite1696467586530.run(TempTestSuite1696467586530.groovy:36)
Caused by: com.kms.katalon.core.exception.StepFailedException: Text 'Tanggal Lahir tidak Valid' is not present on page 
	at com.kms.katalon.core.webui.keyword.internal.WebUIKeywordMain.stepFailed(WebUIKeywordMain.groovy:64)
	at com.kms.katalon.core.webui.keyword.builtin.VerifyTextPresentKeyword$_verifyTextPresent_closure1.doCall(VerifyTextPresentKeyword.groovy:79)
	at com.kms.katalon.core.webui.keyword.builtin.VerifyTextPresentKeyword$_verifyTextPresent_closure1.call(VerifyTextPresentKeyword.groovy)
	at com.kms.katalon.core.webui.keyword.internal.WebUIKeywordMain.runKeyword(WebUIKeywordMain.groovy:20)
	... 19 more
)
[[ATTACHMENT|C:\\FT2 XSIS\\Projek Eval 2 Tajalapak dan administrator\\Reports\\20231005_075946\\Edit Data Konsumen\\Edit Data Konsumen\\20231005_075946\\1696467915514.png]]]]></system-out>
         <system-err><![CDATA[2023-10-05 08:04:18 - [TEST_CASE][FAILED] - Test Cases/M08 Edit Data Konsumen/EDK-006: Test Cases/M08 Edit Data Konsumen/EDK-006 FAILED.
Reason:
com.kms.katalon.core.exception.StepFailedException: Unable to verify text 'Tanggal Lahir tidak Valid' is present 
	at com.kms.katalon.core.webui.keyword.internal.WebUIKeywordMain.stepFailed(WebUIKeywordMain.groovy:64)
	at com.kms.katalon.core.webui.keyword.internal.WebUIKeywordMain.runKeyword(WebUIKeywordMain.groovy:26)
	at com.kms.katalon.core.webui.keyword.builtin.VerifyTextPresentKeyword.verifyTextPresent(VerifyTextPresentKeyword.groovy:83)
	at com.kms.katalon.core.webui.keyword.builtin.VerifyTextPresentKeyword.execute(VerifyTextPresentKeyword.groovy:68)
	at com.kms.katalon.core.keyword.internal.KeywordExecutor.executeKeywordForPlatform(KeywordExecutor.groovy:74)
	at com.kms.katalon.core.webui.keyword.WebUiBuiltInKeywords.verifyTextPresent(WebUiBuiltInKeywords.groovy:1723)
	at com.kms.katalon.core.webui.keyword.WebUiBuiltInKeywords$verifyTextPresent$8.call(Unknown Source)
	at EDK-006.run(EDK-006:34)
	at com.kms.katalon.core.main.ScriptEngine.run(ScriptEngine.java:194)
	at com.kms.katalon.core.main.ScriptEngine.runScriptAsRawText(ScriptEngine.java:119)
	at com.kms.katalon.core.main.TestCaseExecutor.runScript(TestCaseExecutor.java:448)
	at com.kms.katalon.core.main.TestCaseExecutor.doExecute(TestCaseExecutor.java:439)
	at com.kms.katalon.core.main.TestCaseExecutor.processExecutionPhase(TestCaseExecutor.java:418)
	at com.kms.katalon.core.main.TestCaseExecutor.accessMainPhase(TestCaseExecutor.java:410)
	at com.kms.katalon.core.main.TestCaseExecutor.execute(TestCaseExecutor.java:285)
	at com.kms.katalon.core.common.CommonExecutor.accessTestCaseMainPhase(CommonExecutor.java:65)
	at com.kms.katalon.core.main.TestSuiteExecutor.accessTestSuiteMainPhase(TestSuiteExecutor.java:148)
	at com.kms.katalon.core.main.TestSuiteExecutor.execute(TestSuiteExecutor.java:106)
	at com.kms.katalon.core.main.TestCaseMain.startTestSuite(TestCaseMain.java:187)
	at com.kms.katalon.core.main.TestCaseMain$startTestSuite$0.call(Unknown Source)
	at TempTestSuite1696467586530.run(TempTestSuite1696467586530.groovy:36)
Caused by: com.kms.katalon.core.exception.StepFailedException: Text 'Tanggal Lahir tidak Valid' is not present on page 
	at com.kms.katalon.core.webui.keyword.internal.WebUIKeywordMain.stepFailed(WebUIKeywordMain.groovy:64)
	at com.kms.katalon.core.webui.keyword.builtin.VerifyTextPresentKeyword$_verifyTextPresent_closure1.doCall(VerifyTextPresentKeyword.groovy:79)
	at com.kms.katalon.core.webui.keyword.builtin.VerifyTextPresentKeyword$_verifyTextPresent_closure1.call(VerifyTextPresentKeyword.groovy)
	at com.kms.katalon.core.webui.keyword.internal.WebUIKeywordMain.runKeyword(WebUIKeywordMain.groovy:20)
	... 19 more]]></system-err>
      </testcase>
      <testcase name="Test Cases/M08 Edit Data Konsumen/EDK-007" time="51.064" classname="Test Cases/M08 Edit Data Konsumen/EDK-007" status="PASSED">
         <system-out><![CDATA[2023-10-05 08:05:15 - [TEST_CASE][PASSED] - Test Cases/M08 Edit Data Konsumen/EDK-007: Test Cases/M08 Edit Data Konsumen/EDK-007

2023-10-05 08:05:15 - [TEST_STEP][PASSED] - callTestCase(findTestCase("M08 Edit Data Konsumen/EDK-001"), [:], STOP_ON_FAILURE): Call Test Case 'Test Cases/M08 Edit Data Konsumen/EDK-001' successfully

2023-10-05 08:05:16 - [TEST_CASE][PASSED] - Test Cases/M08 Edit Data Konsumen/EDK-001: Test Cases/M08 Edit Data Konsumen/EDK-001

2023-10-05 08:05:16 - [TEST_STEP][PASSED] - callTestCase(findTestCase("Login/TC-Login Admin-Success-001"), ["Username":"admin", "Password":"123admin123"], STOP_ON_FAILURE): Call Test Case 'Test Cases/Login/TC-Login Admin-Success-001' successfully

2023-10-05 08:05:16 - [TEST_CASE][PASSED] - Test Cases/Login/TC-Login Admin-Success-001: Test Cases/Login/TC-Login Admin-Success-001

2023-10-05 08:05:16 - [TEST_STEP][PASSED] - openBrowser("https://10.9.2.63/ecommerce/administrator/"): Browser is opened with url: 'https://10.9.2.63/ecommerce/administrator/'

2023-10-05 08:05:16 - [MESSAGE][WARNING] - A browser is already opened. Closing browser and opening a new one

2023-10-05 08:05:18 - [MESSAGE][INFO] - Starting 'Firefox' driver

2023-10-05 08:05:18 - [MESSAGE][INFO] - Action delay is set to 0 milliseconds

2023-10-05 08:05:22 - [MESSAGE][PASSED] - Browser is opened with url: 'https://10.9.2.63/ecommerce/administrator/'

2023-10-05 08:05:22 - [TEST_STEP][PASSED] - maximizeWindow(): Current window maximized

2023-10-05 08:05:22 - [MESSAGE][PASSED] - Current window maximized

2023-10-05 08:05:22 - [TEST_STEP][PASSED] - verifyElementPresent(findTestObject("Login admin/Tittle ADMIN"), 0): Object 'Object Repository/Login admin/Tittle ADMIN' is present

2023-10-05 08:05:22 - [MESSAGE][WARNING] - Timeout '0' is invalid. Using default page load timeout: '30'

2023-10-05 08:05:22 - [MESSAGE][PASSED] - Object 'Object Repository/Login admin/Tittle ADMIN' is present

2023-10-05 08:05:22 - [TEST_STEP][PASSED] - setText(findTestObject("Login/input_Username, Email atau No. Handphone_a"), Username): Text 'admin' is set on object 'Object Repository/Login/input_Username, Email atau No. Handphone_a'

2023-10-05 08:05:23 - [MESSAGE][PASSED] - Text 'admin' is set on object 'Object Repository/Login/input_Username, Email atau No. Handphone_a'

2023-10-05 08:05:23 - [TEST_STEP][PASSED] - setText(findTestObject("Login/input_Password"), Password): Text '123admin123' is set on object 'Object Repository/Login/input_Password'

2023-10-05 08:05:23 - [MESSAGE][PASSED] - Text '123admin123' is set on object 'Object Repository/Login/input_Password'

2023-10-05 08:05:23 - [TEST_STEP][PASSED] - click(findTestObject("Login admin/buttom Remember Me")): Object: 'Object Repository/Login admin/buttom Remember Me' is clicked on

2023-10-05 08:05:24 - [MESSAGE][PASSED] - Object: 'Object Repository/Login admin/buttom Remember Me' is clicked on

2023-10-05 08:05:24 - [TEST_STEP][PASSED] - delay(10): Delayed 10 second(s)

2023-10-05 08:05:34 - [MESSAGE][PASSED] - Delayed 10 second(s)

2023-10-05 08:05:34 - [TEST_STEP][PASSED] - click(findTestObject("Login admin/buttom sign in")): Object: 'Object Repository/Login admin/buttom sign in' is clicked on

2023-10-05 08:05:35 - [MESSAGE][PASSED] - Object: 'Object Repository/Login admin/buttom sign in' is clicked on

2023-10-05 08:05:35 - [TEST_STEP][PASSED] - verifyElementPresent(findTestObject("Login admin/Tittle Dashboard"), 0): Object 'Object Repository/Login admin/Tittle Dashboard' is present

2023-10-05 08:05:35 - [MESSAGE][WARNING] - Timeout '0' is invalid. Using default page load timeout: '30'

2023-10-05 08:05:43 - [MESSAGE][PASSED] - Object 'Object Repository/Login admin/Tittle Dashboard' is present

2023-10-05 08:05:43 - [MESSAGE][PASSED] - Call Test Case 'Test Cases/Login/TC-Login Admin-Success-001' successfully

2023-10-05 08:05:43 - [TEST_STEP][PASSED] - click(findTestObject("Menu pencarian Toko admin/Menu Master Market")): Object: 'Object Repository/Menu pencarian Toko admin/Menu Master Market' is clicked on

2023-10-05 08:05:44 - [MESSAGE][PASSED] - Object: 'Object Repository/Menu pencarian Toko admin/Menu Master Market' is clicked on

2023-10-05 08:05:44 - [TEST_STEP][PASSED] - click(findTestObject("Edit Data konsumen/Menu Konsumen")): Object: 'Object Repository/Edit Data konsumen/Menu Konsumen' is clicked on

2023-10-05 08:05:45 - [MESSAGE][PASSED] - Object: 'Object Repository/Edit Data konsumen/Menu Konsumen' is clicked on

2023-10-05 08:05:45 - [TEST_STEP][PASSED] - verifyElementPresent(findTestObject("Edit Data konsumen/Tittle Daftar Semua Konsumen"), 0): Object 'Object Repository/Edit Data konsumen/Tittle Daftar Semua Konsumen' is present

2023-10-05 08:05:45 - [MESSAGE][WARNING] - Timeout '0' is invalid. Using default page load timeout: '30'

2023-10-05 08:05:51 - [MESSAGE][PASSED] - Object 'Object Repository/Edit Data konsumen/Tittle Daftar Semua Konsumen' is present

2023-10-05 08:05:51 - [MESSAGE][PASSED] - Call Test Case 'Test Cases/M08 Edit Data Konsumen/EDK-001' successfully

2023-10-05 08:05:51 - [TEST_STEP][PASSED] - click(findTestObject("file baru/search")): Object: 'Object Repository/file baru/search' is clicked on

2023-10-05 08:05:51 - [MESSAGE][PASSED] - Object: 'Object Repository/file baru/search' is clicked on

2023-10-05 08:05:51 - [TEST_STEP][PASSED] - setText(findTestObject("file baru/search"), "udin padinding oii"): Text 'udin padinding oii' is set on object 'Object Repository/file baru/search'

2023-10-05 08:05:52 - [MESSAGE][PASSED] - Text 'udin padinding oii' is set on object 'Object Repository/file baru/search'

2023-10-05 08:05:52 - [TEST_STEP][PASSED] - click(findTestObject("file baru/buttom edit")): Object: 'Object Repository/file baru/buttom edit' is clicked on

2023-10-05 08:05:57 - [MESSAGE][PASSED] - Object: 'Object Repository/file baru/buttom edit' is clicked on

2023-10-05 08:05:57 - [TEST_STEP][PASSED] - verifyElementPresent(findTestObject("Edit Data konsumen/tittle Edit Data Konsumen"), 0): Object 'Object Repository/Edit Data konsumen/tittle Edit Data Konsumen' is present

2023-10-05 08:05:57 - [MESSAGE][WARNING] - Timeout '0' is invalid. Using default page load timeout: '30'

2023-10-05 08:06:04 - [MESSAGE][PASSED] - Object 'Object Repository/Edit Data konsumen/tittle Edit Data Konsumen' is present

2023-10-05 08:06:04 - [TEST_STEP][PASSED] - setText(findTestObject("Edit Data konsumen/Input no Hp/input No Hp"), "e"): Text 'e' is set on object 'Object Repository/Edit Data konsumen/Input no Hp/input No Hp'

2023-10-05 08:06:05 - [MESSAGE][PASSED] - Text 'e' is set on object 'Object Repository/Edit Data konsumen/Input no Hp/input No Hp'

2023-10-05 08:06:05 - [TEST_STEP][PASSED] - click(findTestObject("Edit Data konsumen/button_Update")): Object: 'Object Repository/Edit Data konsumen/button_Update' is clicked on

2023-10-05 08:06:06 - [MESSAGE][PASSED] - Object: 'Object Repository/Edit Data konsumen/button_Update' is clicked on

2023-10-05 08:06:06 - [TEST_STEP][PASSED] - webDriver = getWebDriver(): null

2023-10-05 08:06:06 - [TEST_STEP][PASSED] - field_noHP = webDriver.findElement(By.xpath("//input[@name="k"]")): null

2023-10-05 08:06:06 - [TEST_STEP][PASSED] - error_message = webDriver.executeScript("return arguments[0].validationMessage", field_noHP): null

2023-10-05 08:06:06 - [TEST_STEP][PASSED] - println(error_message): null

2023-10-05 08:06:06 - [TEST_STEP][PASSED] - assert error_message == "Please enter a number.": null]]></system-out>
         <system-err><![CDATA[]]></system-err>
      </testcase>
      <testcase name="Test Cases/M08 Edit Data Konsumen/EDK-008" time="50.875" classname="Test Cases/M08 Edit Data Konsumen/EDK-008" status="PASSED">
         <system-out><![CDATA[2023-10-05 08:06:06 - [TEST_CASE][PASSED] - Test Cases/M08 Edit Data Konsumen/EDK-008: Test Cases/M08 Edit Data Konsumen/EDK-008

2023-10-05 08:06:07 - [TEST_STEP][PASSED] - callTestCase(findTestCase("M08 Edit Data Konsumen/EDK-001"), [:], STOP_ON_FAILURE): Call Test Case 'Test Cases/M08 Edit Data Konsumen/EDK-001' successfully

2023-10-05 08:06:07 - [TEST_CASE][PASSED] - Test Cases/M08 Edit Data Konsumen/EDK-001: Test Cases/M08 Edit Data Konsumen/EDK-001

2023-10-05 08:06:07 - [TEST_STEP][PASSED] - callTestCase(findTestCase("Login/TC-Login Admin-Success-001"), ["Username":"admin", "Password":"123admin123"], STOP_ON_FAILURE): Call Test Case 'Test Cases/Login/TC-Login Admin-Success-001' successfully

2023-10-05 08:06:07 - [TEST_CASE][PASSED] - Test Cases/Login/TC-Login Admin-Success-001: Test Cases/Login/TC-Login Admin-Success-001

2023-10-05 08:06:07 - [TEST_STEP][PASSED] - openBrowser("https://10.9.2.63/ecommerce/administrator/"): Browser is opened with url: 'https://10.9.2.63/ecommerce/administrator/'

2023-10-05 08:06:07 - [MESSAGE][WARNING] - A browser is already opened. Closing browser and opening a new one

2023-10-05 08:06:09 - [MESSAGE][INFO] - Starting 'Firefox' driver

2023-10-05 08:06:09 - [MESSAGE][INFO] - Action delay is set to 0 milliseconds

2023-10-05 08:06:13 - [MESSAGE][PASSED] - Browser is opened with url: 'https://10.9.2.63/ecommerce/administrator/'

2023-10-05 08:06:13 - [TEST_STEP][PASSED] - maximizeWindow(): Current window maximized

2023-10-05 08:06:13 - [MESSAGE][PASSED] - Current window maximized

2023-10-05 08:06:13 - [TEST_STEP][PASSED] - verifyElementPresent(findTestObject("Login admin/Tittle ADMIN"), 0): Object 'Object Repository/Login admin/Tittle ADMIN' is present

2023-10-05 08:06:13 - [MESSAGE][WARNING] - Timeout '0' is invalid. Using default page load timeout: '30'

2023-10-05 08:06:13 - [MESSAGE][PASSED] - Object 'Object Repository/Login admin/Tittle ADMIN' is present

2023-10-05 08:06:13 - [TEST_STEP][PASSED] - setText(findTestObject("Login/input_Username, Email atau No. Handphone_a"), Username): Text 'admin' is set on object 'Object Repository/Login/input_Username, Email atau No. Handphone_a'

2023-10-05 08:06:14 - [MESSAGE][PASSED] - Text 'admin' is set on object 'Object Repository/Login/input_Username, Email atau No. Handphone_a'

2023-10-05 08:06:14 - [TEST_STEP][PASSED] - setText(findTestObject("Login/input_Password"), Password): Text '123admin123' is set on object 'Object Repository/Login/input_Password'

2023-10-05 08:06:14 - [MESSAGE][PASSED] - Text '123admin123' is set on object 'Object Repository/Login/input_Password'

2023-10-05 08:06:14 - [TEST_STEP][PASSED] - click(findTestObject("Login admin/buttom Remember Me")): Object: 'Object Repository/Login admin/buttom Remember Me' is clicked on

2023-10-05 08:06:15 - [MESSAGE][PASSED] - Object: 'Object Repository/Login admin/buttom Remember Me' is clicked on

2023-10-05 08:06:15 - [TEST_STEP][PASSED] - delay(10): Delayed 10 second(s)

2023-10-05 08:06:25 - [MESSAGE][PASSED] - Delayed 10 second(s)

2023-10-05 08:06:25 - [TEST_STEP][PASSED] - click(findTestObject("Login admin/buttom sign in")): Object: 'Object Repository/Login admin/buttom sign in' is clicked on

2023-10-05 08:06:26 - [MESSAGE][PASSED] - Object: 'Object Repository/Login admin/buttom sign in' is clicked on

2023-10-05 08:06:26 - [TEST_STEP][PASSED] - verifyElementPresent(findTestObject("Login admin/Tittle Dashboard"), 0): Object 'Object Repository/Login admin/Tittle Dashboard' is present

2023-10-05 08:06:27 - [MESSAGE][WARNING] - Timeout '0' is invalid. Using default page load timeout: '30'

2023-10-05 08:06:32 - [MESSAGE][PASSED] - Object 'Object Repository/Login admin/Tittle Dashboard' is present

2023-10-05 08:06:32 - [MESSAGE][PASSED] - Call Test Case 'Test Cases/Login/TC-Login Admin-Success-001' successfully

2023-10-05 08:06:32 - [TEST_STEP][PASSED] - click(findTestObject("Menu pencarian Toko admin/Menu Master Market")): Object: 'Object Repository/Menu pencarian Toko admin/Menu Master Market' is clicked on

2023-10-05 08:06:33 - [MESSAGE][PASSED] - Object: 'Object Repository/Menu pencarian Toko admin/Menu Master Market' is clicked on

2023-10-05 08:06:33 - [TEST_STEP][PASSED] - click(findTestObject("Edit Data konsumen/Menu Konsumen")): Object: 'Object Repository/Edit Data konsumen/Menu Konsumen' is clicked on

2023-10-05 08:06:34 - [MESSAGE][PASSED] - Object: 'Object Repository/Edit Data konsumen/Menu Konsumen' is clicked on

2023-10-05 08:06:34 - [TEST_STEP][PASSED] - verifyElementPresent(findTestObject("Edit Data konsumen/Tittle Daftar Semua Konsumen"), 0): Object 'Object Repository/Edit Data konsumen/Tittle Daftar Semua Konsumen' is present

2023-10-05 08:06:35 - [MESSAGE][WARNING] - Timeout '0' is invalid. Using default page load timeout: '30'

2023-10-05 08:06:41 - [MESSAGE][PASSED] - Object 'Object Repository/Edit Data konsumen/Tittle Daftar Semua Konsumen' is present

2023-10-05 08:06:41 - [MESSAGE][PASSED] - Call Test Case 'Test Cases/M08 Edit Data Konsumen/EDK-001' successfully

2023-10-05 08:06:41 - [TEST_STEP][PASSED] - click(findTestObject("file baru/search")): Object: 'Object Repository/file baru/search' is clicked on

2023-10-05 08:06:42 - [MESSAGE][PASSED] - Object: 'Object Repository/file baru/search' is clicked on

2023-10-05 08:06:42 - [TEST_STEP][PASSED] - setText(findTestObject("file baru/search"), "udin padinding oii"): Text 'udin padinding oii' is set on object 'Object Repository/file baru/search'

2023-10-05 08:06:43 - [MESSAGE][PASSED] - Text 'udin padinding oii' is set on object 'Object Repository/file baru/search'

2023-10-05 08:06:43 - [TEST_STEP][PASSED] - click(findTestObject("file baru/buttom edit")): Object: 'Object Repository/file baru/buttom edit' is clicked on

2023-10-05 08:06:48 - [MESSAGE][PASSED] - Object: 'Object Repository/file baru/buttom edit' is clicked on

2023-10-05 08:06:48 - [TEST_STEP][PASSED] - verifyElementPresent(findTestObject("Edit Data konsumen/tittle Edit Data Konsumen"), 0): Object 'Object Repository/Edit Data konsumen/tittle Edit Data Konsumen' is present

2023-10-05 08:06:48 - [MESSAGE][WARNING] - Timeout '0' is invalid. Using default page load timeout: '30'

2023-10-05 08:06:55 - [MESSAGE][PASSED] - Object 'Object Repository/Edit Data konsumen/tittle Edit Data Konsumen' is present

2023-10-05 08:06:55 - [TEST_STEP][PASSED] - setText(findTestObject("Edit Data konsumen/Input Alamat email/input Alamat Email"), "testing"): Text 'testing' is set on object 'Object Repository/Edit Data konsumen/Input Alamat email/input Alamat Email'

2023-10-05 08:06:56 - [MESSAGE][PASSED] - Text 'testing' is set on object 'Object Repository/Edit Data konsumen/Input Alamat email/input Alamat Email'

2023-10-05 08:06:56 - [TEST_STEP][PASSED] - click(findTestObject("Edit Data konsumen/button_Update")): Object: 'Object Repository/Edit Data konsumen/button_Update' is clicked on

2023-10-05 08:06:57 - [MESSAGE][PASSED] - Object: 'Object Repository/Edit Data konsumen/button_Update' is clicked on

2023-10-05 08:06:57 - [TEST_STEP][PASSED] - webDriver = getWebDriver(): null

2023-10-05 08:06:57 - [TEST_STEP][PASSED] - field_email = webDriver.findElement(By.xpath("//input[@name="c"]")): null

2023-10-05 08:06:57 - [TEST_STEP][PASSED] - error_message = webDriver.executeScript("return arguments[0].validationMessage", field_email): null

2023-10-05 08:06:57 - [TEST_STEP][PASSED] - println(error_message): null

2023-10-05 08:06:57 - [TEST_STEP][PASSED] - assert error_message == "Please enter an email address.": null]]></system-out>
         <system-err><![CDATA[]]></system-err>
      </testcase>
      <testcase name="Test Cases/M08 Edit Data Konsumen/EDK-009" time="54.799" classname="Test Cases/M08 Edit Data Konsumen/EDK-009" status="FAILED">
         <failure type="FAILED" message="Test Cases/M08 Edit Data Konsumen/EDK-009 FAILED.
Reason:
com.kms.katalon.core.exception.StepFailedException: Unable to verify text 'number not valid' is present 
	at com.kms.katalon.core.webui.keyword.internal.WebUIKeywordMain.stepFailed(WebUIKeywordMain.groovy:64)
	at com.kms.katalon.core.webui.keyword.internal.WebUIKeywordMain.runKeyword(WebUIKeywordMain.groovy:26)
	at com.kms.katalon.core.webui.keyword.builtin.VerifyTextPresentKeyword.verifyTextPresent(VerifyTextPresentKeyword.groovy:83)
	at com.kms.katalon.core.webui.keyword.builtin.VerifyTextPresentKeyword.execute(VerifyTextPresentKeyword.groovy:68)
	at com.kms.katalon.core.keyword.internal.KeywordExecutor.executeKeywordForPlatform(KeywordExecutor.groovy:74)
	at com.kms.katalon.core.webui.keyword.WebUiBuiltInKeywords.verifyTextPresent(WebUiBuiltInKeywords.groovy:1723)
	at com.kms.katalon.core.webui.keyword.WebUiBuiltInKeywords$verifyTextPresent$8.call(Unknown Source)
	at EDK-009.run(EDK-009:38)
	at com.kms.katalon.core.main.ScriptEngine.run(ScriptEngine.java:194)
	at com.kms.katalon.core.main.ScriptEngine.runScriptAsRawText(ScriptEngine.java:119)
	at com.kms.katalon.core.main.TestCaseExecutor.runScript(TestCaseExecutor.java:448)
	at com.kms.katalon.core.main.TestCaseExecutor.doExecute(TestCaseExecutor.java:439)
	at com.kms.katalon.core.main.TestCaseExecutor.processExecutionPhase(TestCaseExecutor.java:418)
	at com.kms.katalon.core.main.TestCaseExecutor.accessMainPhase(TestCaseExecutor.java:410)
	at com.kms.katalon.core.main.TestCaseExecutor.execute(TestCaseExecutor.java:285)
	at com.kms.katalon.core.common.CommonExecutor.accessTestCaseMainPhase(CommonExecutor.java:65)
	at com.kms.katalon.core.main.TestSuiteExecutor.accessTestSuiteMainPhase(TestSuiteExecutor.java:148)
	at com.kms.katalon.core.main.TestSuiteExecutor.execute(TestSuiteExecutor.java:106)
	at com.kms.katalon.core.main.TestCaseMain.startTestSuite(TestCaseMain.java:187)
	at com.kms.katalon.core.main.TestCaseMain$startTestSuite$0.call(Unknown Source)
	at TempTestSuite1696467586530.run(TempTestSuite1696467586530.groovy:36)
Caused by: com.kms.katalon.core.exception.StepFailedException: Text 'number not valid' is not present on page 
	at com.kms.katalon.core.webui.keyword.internal.WebUIKeywordMain.stepFailed(WebUIKeywordMain.groovy:64)
	at com.kms.katalon.core.webui.keyword.builtin.VerifyTextPresentKeyword$_verifyTextPresent_closure1.doCall(VerifyTextPresentKeyword.groovy:79)
	at com.kms.katalon.core.webui.keyword.builtin.VerifyTextPresentKeyword$_verifyTextPresent_closure1.call(VerifyTextPresentKeyword.groovy)
	at com.kms.katalon.core.webui.keyword.internal.WebUIKeywordMain.runKeyword(WebUIKeywordMain.groovy:20)
	... 19 more
"/>
         <system-out><![CDATA[2023-10-05 08:06:57 - [TEST_CASE][FAILED] - Test Cases/M08 Edit Data Konsumen/EDK-009: Test Cases/M08 Edit Data Konsumen/EDK-009 FAILED.
Reason:
com.kms.katalon.core.exception.StepFailedException: Unable to verify text 'number not valid' is present 
	at com.kms.katalon.core.webui.keyword.internal.WebUIKeywordMain.stepFailed(WebUIKeywordMain.groovy:64)
	at com.kms.katalon.core.webui.keyword.internal.WebUIKeywordMain.runKeyword(WebUIKeywordMain.groovy:26)
	at com.kms.katalon.core.webui.keyword.builtin.VerifyTextPresentKeyword.verifyTextPresent(VerifyTextPresentKeyword.groovy:83)
	at com.kms.katalon.core.webui.keyword.builtin.VerifyTextPresentKeyword.execute(VerifyTextPresentKeyword.groovy:68)
	at com.kms.katalon.core.keyword.internal.KeywordExecutor.executeKeywordForPlatform(KeywordExecutor.groovy:74)
	at com.kms.katalon.core.webui.keyword.WebUiBuiltInKeywords.verifyTextPresent(WebUiBuiltInKeywords.groovy:1723)
	at com.kms.katalon.core.webui.keyword.WebUiBuiltInKeywords$verifyTextPresent$8.call(Unknown Source)
	at EDK-009.run(EDK-009:38)
	at com.kms.katalon.core.main.ScriptEngine.run(ScriptEngine.java:194)
	at com.kms.katalon.core.main.ScriptEngine.runScriptAsRawText(ScriptEngine.java:119)
	at com.kms.katalon.core.main.TestCaseExecutor.runScript(TestCaseExecutor.java:448)
	at com.kms.katalon.core.main.TestCaseExecutor.doExecute(TestCaseExecutor.java:439)
	at com.kms.katalon.core.main.TestCaseExecutor.processExecutionPhase(TestCaseExecutor.java:418)
	at com.kms.katalon.core.main.TestCaseExecutor.accessMainPhase(TestCaseExecutor.java:410)
	at com.kms.katalon.core.main.TestCaseExecutor.execute(TestCaseExecutor.java:285)
	at com.kms.katalon.core.common.CommonExecutor.accessTestCaseMainPhase(CommonExecutor.java:65)
	at com.kms.katalon.core.main.TestSuiteExecutor.accessTestSuiteMainPhase(TestSuiteExecutor.java:148)
	at com.kms.katalon.core.main.TestSuiteExecutor.execute(TestSuiteExecutor.java:106)
	at com.kms.katalon.core.main.TestCaseMain.startTestSuite(TestCaseMain.java:187)
	at com.kms.katalon.core.main.TestCaseMain$startTestSuite$0.call(Unknown Source)
	at TempTestSuite1696467586530.run(TempTestSuite1696467586530.groovy:36)
Caused by: com.kms.katalon.core.exception.StepFailedException: Text 'number not valid' is not present on page 
	at com.kms.katalon.core.webui.keyword.internal.WebUIKeywordMain.stepFailed(WebUIKeywordMain.groovy:64)
	at com.kms.katalon.core.webui.keyword.builtin.VerifyTextPresentKeyword$_verifyTextPresent_closure1.doCall(VerifyTextPresentKeyword.groovy:79)
	at com.kms.katalon.core.webui.keyword.builtin.VerifyTextPresentKeyword$_verifyTextPresent_closure1.call(VerifyTextPresentKeyword.groovy)
	at com.kms.katalon.core.webui.keyword.internal.WebUIKeywordMain.runKeyword(WebUIKeywordMain.groovy:20)
	... 19 more


2023-10-05 08:06:57 - [TEST_STEP][PASSED] - callTestCase(findTestCase("M08 Edit Data Konsumen/EDK-001"), [:], STOP_ON_FAILURE): Call Test Case 'Test Cases/M08 Edit Data Konsumen/EDK-001' successfully

2023-10-05 08:06:57 - [TEST_CASE][PASSED] - Test Cases/M08 Edit Data Konsumen/EDK-001: Test Cases/M08 Edit Data Konsumen/EDK-001

2023-10-05 08:06:57 - [TEST_STEP][PASSED] - callTestCase(findTestCase("Login/TC-Login Admin-Success-001"), ["Username":"admin", "Password":"123admin123"], STOP_ON_FAILURE): Call Test Case 'Test Cases/Login/TC-Login Admin-Success-001' successfully

2023-10-05 08:06:57 - [TEST_CASE][PASSED] - Test Cases/Login/TC-Login Admin-Success-001: Test Cases/Login/TC-Login Admin-Success-001

2023-10-05 08:06:57 - [TEST_STEP][PASSED] - openBrowser("https://10.9.2.63/ecommerce/administrator/"): Browser is opened with url: 'https://10.9.2.63/ecommerce/administrator/'

2023-10-05 08:06:57 - [MESSAGE][WARNING] - A browser is already opened. Closing browser and opening a new one

2023-10-05 08:06:59 - [MESSAGE][INFO] - Starting 'Firefox' driver

2023-10-05 08:06:59 - [MESSAGE][INFO] - Action delay is set to 0 milliseconds

2023-10-05 08:07:03 - [MESSAGE][PASSED] - Browser is opened with url: 'https://10.9.2.63/ecommerce/administrator/'

2023-10-05 08:07:03 - [TEST_STEP][PASSED] - maximizeWindow(): Current window maximized

2023-10-05 08:07:03 - [MESSAGE][PASSED] - Current window maximized

2023-10-05 08:07:03 - [TEST_STEP][PASSED] - verifyElementPresent(findTestObject("Login admin/Tittle ADMIN"), 0): Object 'Object Repository/Login admin/Tittle ADMIN' is present

2023-10-05 08:07:03 - [MESSAGE][WARNING] - Timeout '0' is invalid. Using default page load timeout: '30'

2023-10-05 08:07:03 - [MESSAGE][PASSED] - Object 'Object Repository/Login admin/Tittle ADMIN' is present

2023-10-05 08:07:03 - [TEST_STEP][PASSED] - setText(findTestObject("Login/input_Username, Email atau No. Handphone_a"), Username): Text 'admin' is set on object 'Object Repository/Login/input_Username, Email atau No. Handphone_a'

2023-10-05 08:07:04 - [MESSAGE][PASSED] - Text 'admin' is set on object 'Object Repository/Login/input_Username, Email atau No. Handphone_a'

2023-10-05 08:07:04 - [TEST_STEP][PASSED] - setText(findTestObject("Login/input_Password"), Password): Text '123admin123' is set on object 'Object Repository/Login/input_Password'

2023-10-05 08:07:04 - [MESSAGE][PASSED] - Text '123admin123' is set on object 'Object Repository/Login/input_Password'

2023-10-05 08:07:04 - [TEST_STEP][PASSED] - click(findTestObject("Login admin/buttom Remember Me")): Object: 'Object Repository/Login admin/buttom Remember Me' is clicked on

2023-10-05 08:07:05 - [MESSAGE][PASSED] - Object: 'Object Repository/Login admin/buttom Remember Me' is clicked on

2023-10-05 08:07:05 - [TEST_STEP][PASSED] - delay(10): Delayed 10 second(s)

2023-10-05 08:07:15 - [MESSAGE][PASSED] - Delayed 10 second(s)

2023-10-05 08:07:15 - [TEST_STEP][PASSED] - click(findTestObject("Login admin/buttom sign in")): Object: 'Object Repository/Login admin/buttom sign in' is clicked on

2023-10-05 08:07:16 - [MESSAGE][PASSED] - Object: 'Object Repository/Login admin/buttom sign in' is clicked on

2023-10-05 08:07:16 - [TEST_STEP][PASSED] - verifyElementPresent(findTestObject("Login admin/Tittle Dashboard"), 0): Object 'Object Repository/Login admin/Tittle Dashboard' is present

2023-10-05 08:07:16 - [MESSAGE][WARNING] - Timeout '0' is invalid. Using default page load timeout: '30'

2023-10-05 08:07:22 - [MESSAGE][PASSED] - Object 'Object Repository/Login admin/Tittle Dashboard' is present

2023-10-05 08:07:22 - [MESSAGE][PASSED] - Call Test Case 'Test Cases/Login/TC-Login Admin-Success-001' successfully

2023-10-05 08:07:22 - [TEST_STEP][PASSED] - click(findTestObject("Menu pencarian Toko admin/Menu Master Market")): Object: 'Object Repository/Menu pencarian Toko admin/Menu Master Market' is clicked on

2023-10-05 08:07:23 - [MESSAGE][PASSED] - Object: 'Object Repository/Menu pencarian Toko admin/Menu Master Market' is clicked on

2023-10-05 08:07:23 - [TEST_STEP][PASSED] - click(findTestObject("Edit Data konsumen/Menu Konsumen")): Object: 'Object Repository/Edit Data konsumen/Menu Konsumen' is clicked on

2023-10-05 08:07:25 - [MESSAGE][PASSED] - Object: 'Object Repository/Edit Data konsumen/Menu Konsumen' is clicked on

2023-10-05 08:07:25 - [TEST_STEP][PASSED] - verifyElementPresent(findTestObject("Edit Data konsumen/Tittle Daftar Semua Konsumen"), 0): Object 'Object Repository/Edit Data konsumen/Tittle Daftar Semua Konsumen' is present

2023-10-05 08:07:25 - [MESSAGE][WARNING] - Timeout '0' is invalid. Using default page load timeout: '30'

2023-10-05 08:07:32 - [MESSAGE][PASSED] - Object 'Object Repository/Edit Data konsumen/Tittle Daftar Semua Konsumen' is present

2023-10-05 08:07:32 - [MESSAGE][PASSED] - Call Test Case 'Test Cases/M08 Edit Data Konsumen/EDK-001' successfully

2023-10-05 08:07:32 - [TEST_STEP][PASSED] - click(findTestObject("file baru/search")): Object: 'Object Repository/file baru/search' is clicked on

2023-10-05 08:07:32 - [MESSAGE][PASSED] - Object: 'Object Repository/file baru/search' is clicked on

2023-10-05 08:07:32 - [TEST_STEP][PASSED] - setText(findTestObject("file baru/search"), "udin padinding oii"): Text 'udin padinding oii' is set on object 'Object Repository/file baru/search'

2023-10-05 08:07:33 - [MESSAGE][PASSED] - Text 'udin padinding oii' is set on object 'Object Repository/file baru/search'

2023-10-05 08:07:33 - [TEST_STEP][PASSED] - click(findTestObject("file baru/buttom edit")): Object: 'Object Repository/file baru/buttom edit' is clicked on

2023-10-05 08:07:38 - [MESSAGE][PASSED] - Object: 'Object Repository/file baru/buttom edit' is clicked on

2023-10-05 08:07:38 - [TEST_STEP][PASSED] - verifyElementPresent(findTestObject("Edit Data konsumen/tittle Edit Data Konsumen"), 0): Object 'Object Repository/Edit Data konsumen/tittle Edit Data Konsumen' is present

2023-10-05 08:07:38 - [MESSAGE][WARNING] - Timeout '0' is invalid. Using default page load timeout: '30'

2023-10-05 08:07:44 - [MESSAGE][PASSED] - Object 'Object Repository/Edit Data konsumen/tittle Edit Data Konsumen' is present

2023-10-05 08:07:44 - [TEST_STEP][PASSED] - setText(findTestObject("Edit Data konsumen/Input no Hp/input No Hp"), "-1"): Text '-1' is set on object 'Object Repository/Edit Data konsumen/Input no Hp/input No Hp'

2023-10-05 08:07:45 - [MESSAGE][PASSED] - Text '-1' is set on object 'Object Repository/Edit Data konsumen/Input no Hp/input No Hp'

2023-10-05 08:07:45 - [TEST_STEP][PASSED] - click(findTestObject("Edit Data konsumen/button_Update")): Object: 'Object Repository/Edit Data konsumen/button_Update' is clicked on

2023-10-05 08:07:46 - [MESSAGE][PASSED] - Object: 'Object Repository/Edit Data konsumen/button_Update' is clicked on

2023-10-05 08:07:46 - [TEST_STEP][FAILED] - verifyTextPresent("number not valid", false): Unable to verify text 'number not valid' is present  (Root cause: com.kms.katalon.core.exception.StepFailedException: Unable to verify text 'number not valid' is present 
	at com.kms.katalon.core.webui.keyword.internal.WebUIKeywordMain.stepFailed(WebUIKeywordMain.groovy:64)
	at com.kms.katalon.core.webui.keyword.internal.WebUIKeywordMain.runKeyword(WebUIKeywordMain.groovy:26)
	at com.kms.katalon.core.webui.keyword.builtin.VerifyTextPresentKeyword.verifyTextPresent(VerifyTextPresentKeyword.groovy:83)
	at com.kms.katalon.core.webui.keyword.builtin.VerifyTextPresentKeyword.execute(VerifyTextPresentKeyword.groovy:68)
	at com.kms.katalon.core.keyword.internal.KeywordExecutor.executeKeywordForPlatform(KeywordExecutor.groovy:74)
	at com.kms.katalon.core.webui.keyword.WebUiBuiltInKeywords.verifyTextPresent(WebUiBuiltInKeywords.groovy:1723)
	at com.kms.katalon.core.webui.keyword.WebUiBuiltInKeywords$verifyTextPresent$8.call(Unknown Source)
	at EDK-009.run(EDK-009:38)
	at com.kms.katalon.core.main.ScriptEngine.run(ScriptEngine.java:194)
	at com.kms.katalon.core.main.ScriptEngine.runScriptAsRawText(ScriptEngine.java:119)
	at com.kms.katalon.core.main.TestCaseExecutor.runScript(TestCaseExecutor.java:448)
	at com.kms.katalon.core.main.TestCaseExecutor.doExecute(TestCaseExecutor.java:439)
	at com.kms.katalon.core.main.TestCaseExecutor.processExecutionPhase(TestCaseExecutor.java:418)
	at com.kms.katalon.core.main.TestCaseExecutor.accessMainPhase(TestCaseExecutor.java:410)
	at com.kms.katalon.core.main.TestCaseExecutor.execute(TestCaseExecutor.java:285)
	at com.kms.katalon.core.common.CommonExecutor.accessTestCaseMainPhase(CommonExecutor.java:65)
	at com.kms.katalon.core.main.TestSuiteExecutor.accessTestSuiteMainPhase(TestSuiteExecutor.java:148)
	at com.kms.katalon.core.main.TestSuiteExecutor.execute(TestSuiteExecutor.java:106)
	at com.kms.katalon.core.main.TestCaseMain.startTestSuite(TestCaseMain.java:187)
	at com.kms.katalon.core.main.TestCaseMain$startTestSuite$0.call(Unknown Source)
	at TempTestSuite1696467586530.run(TempTestSuite1696467586530.groovy:36)
Caused by: com.kms.katalon.core.exception.StepFailedException: Text 'number not valid' is not present on page 
	at com.kms.katalon.core.webui.keyword.internal.WebUIKeywordMain.stepFailed(WebUIKeywordMain.groovy:64)
	at com.kms.katalon.core.webui.keyword.builtin.VerifyTextPresentKeyword$_verifyTextPresent_closure1.doCall(VerifyTextPresentKeyword.groovy:79)
	at com.kms.katalon.core.webui.keyword.builtin.VerifyTextPresentKeyword$_verifyTextPresent_closure1.call(VerifyTextPresentKeyword.groovy)
	at com.kms.katalon.core.webui.keyword.internal.WebUIKeywordMain.runKeyword(WebUIKeywordMain.groovy:20)
	... 19 more
)

2023-10-05 08:07:52 - [MESSAGE][FAILED] - Text 'number not valid' is not present on page  (Root cause: com.kms.katalon.core.exception.StepFailedException: Text 'number not valid' is not present on page 
	at com.kms.katalon.core.webui.keyword.internal.WebUIKeywordMain.stepFailed(WebUIKeywordMain.groovy:64)
	at com.kms.katalon.core.webui.keyword.builtin.VerifyTextPresentKeyword$_verifyTextPresent_closure1.doCall(VerifyTextPresentKeyword.groovy:79)
	at com.kms.katalon.core.webui.keyword.builtin.VerifyTextPresentKeyword$_verifyTextPresent_closure1.call(VerifyTextPresentKeyword.groovy)
	at com.kms.katalon.core.webui.keyword.internal.WebUIKeywordMain.runKeyword(WebUIKeywordMain.groovy:20)
	at com.kms.katalon.core.webui.keyword.builtin.VerifyTextPresentKeyword.verifyTextPresent(VerifyTextPresentKeyword.groovy:83)
	at com.kms.katalon.core.webui.keyword.builtin.VerifyTextPresentKeyword.execute(VerifyTextPresentKeyword.groovy:68)
	at com.kms.katalon.core.keyword.internal.KeywordExecutor.executeKeywordForPlatform(KeywordExecutor.groovy:74)
	at com.kms.katalon.core.webui.keyword.WebUiBuiltInKeywords.verifyTextPresent(WebUiBuiltInKeywords.groovy:1723)
	at com.kms.katalon.core.webui.keyword.WebUiBuiltInKeywords$verifyTextPresent$8.call(Unknown Source)
	at EDK-009.run(EDK-009:38)
	at com.kms.katalon.core.main.ScriptEngine.run(ScriptEngine.java:194)
	at com.kms.katalon.core.main.ScriptEngine.runScriptAsRawText(ScriptEngine.java:119)
	at com.kms.katalon.core.main.TestCaseExecutor.runScript(TestCaseExecutor.java:448)
	at com.kms.katalon.core.main.TestCaseExecutor.doExecute(TestCaseExecutor.java:439)
	at com.kms.katalon.core.main.TestCaseExecutor.processExecutionPhase(TestCaseExecutor.java:418)
	at com.kms.katalon.core.main.TestCaseExecutor.accessMainPhase(TestCaseExecutor.java:410)
	at com.kms.katalon.core.main.TestCaseExecutor.execute(TestCaseExecutor.java:285)
	at com.kms.katalon.core.common.CommonExecutor.accessTestCaseMainPhase(CommonExecutor.java:65)
	at com.kms.katalon.core.main.TestSuiteExecutor.accessTestSuiteMainPhase(TestSuiteExecutor.java:148)
	at com.kms.katalon.core.main.TestSuiteExecutor.execute(TestSuiteExecutor.java:106)
	at com.kms.katalon.core.main.TestCaseMain.startTestSuite(TestCaseMain.java:187)
	at com.kms.katalon.core.main.TestCaseMain$startTestSuite$0.call(Unknown Source)
	at TempTestSuite1696467586530.run(TempTestSuite1696467586530.groovy:36)
)

2023-10-05 08:07:52 - [MESSAGE][FAILED] - Unable to verify text 'number not valid' is present  (Root cause: com.kms.katalon.core.exception.StepFailedException: Unable to verify text 'number not valid' is present 
	at com.kms.katalon.core.webui.keyword.internal.WebUIKeywordMain.stepFailed(WebUIKeywordMain.groovy:64)
	at com.kms.katalon.core.webui.keyword.internal.WebUIKeywordMain.runKeyword(WebUIKeywordMain.groovy:26)
	at com.kms.katalon.core.webui.keyword.builtin.VerifyTextPresentKeyword.verifyTextPresent(VerifyTextPresentKeyword.groovy:83)
	at com.kms.katalon.core.webui.keyword.builtin.VerifyTextPresentKeyword.execute(VerifyTextPresentKeyword.groovy:68)
	at com.kms.katalon.core.keyword.internal.KeywordExecutor.executeKeywordForPlatform(KeywordExecutor.groovy:74)
	at com.kms.katalon.core.webui.keyword.WebUiBuiltInKeywords.verifyTextPresent(WebUiBuiltInKeywords.groovy:1723)
	at com.kms.katalon.core.webui.keyword.WebUiBuiltInKeywords$verifyTextPresent$8.call(Unknown Source)
	at EDK-009.run(EDK-009:38)
	at com.kms.katalon.core.main.ScriptEngine.run(ScriptEngine.java:194)
	at com.kms.katalon.core.main.ScriptEngine.runScriptAsRawText(ScriptEngine.java:119)
	at com.kms.katalon.core.main.TestCaseExecutor.runScript(TestCaseExecutor.java:448)
	at com.kms.katalon.core.main.TestCaseExecutor.doExecute(TestCaseExecutor.java:439)
	at com.kms.katalon.core.main.TestCaseExecutor.processExecutionPhase(TestCaseExecutor.java:418)
	at com.kms.katalon.core.main.TestCaseExecutor.accessMainPhase(TestCaseExecutor.java:410)
	at com.kms.katalon.core.main.TestCaseExecutor.execute(TestCaseExecutor.java:285)
	at com.kms.katalon.core.common.CommonExecutor.accessTestCaseMainPhase(CommonExecutor.java:65)
	at com.kms.katalon.core.main.TestSuiteExecutor.accessTestSuiteMainPhase(TestSuiteExecutor.java:148)
	at com.kms.katalon.core.main.TestSuiteExecutor.execute(TestSuiteExecutor.java:106)
	at com.kms.katalon.core.main.TestCaseMain.startTestSuite(TestCaseMain.java:187)
	at com.kms.katalon.core.main.TestCaseMain$startTestSuite$0.call(Unknown Source)
	at TempTestSuite1696467586530.run(TempTestSuite1696467586530.groovy:36)
Caused by: com.kms.katalon.core.exception.StepFailedException: Text 'number not valid' is not present on page 
	at com.kms.katalon.core.webui.keyword.internal.WebUIKeywordMain.stepFailed(WebUIKeywordMain.groovy:64)
	at com.kms.katalon.core.webui.keyword.builtin.VerifyTextPresentKeyword$_verifyTextPresent_closure1.doCall(VerifyTextPresentKeyword.groovy:79)
	at com.kms.katalon.core.webui.keyword.builtin.VerifyTextPresentKeyword$_verifyTextPresent_closure1.call(VerifyTextPresentKeyword.groovy)
	at com.kms.katalon.core.webui.keyword.internal.WebUIKeywordMain.runKeyword(WebUIKeywordMain.groovy:20)
	... 19 more
)
[[ATTACHMENT|C:\\FT2 XSIS\\Projek Eval 2 Tajalapak dan administrator\\Reports\\20231005_075946\\Edit Data Konsumen\\Edit Data Konsumen\\20231005_075946\\1696468072261.png]]]]></system-out>
         <system-err><![CDATA[2023-10-05 08:06:57 - [TEST_CASE][FAILED] - Test Cases/M08 Edit Data Konsumen/EDK-009: Test Cases/M08 Edit Data Konsumen/EDK-009 FAILED.
Reason:
com.kms.katalon.core.exception.StepFailedException: Unable to verify text 'number not valid' is present 
	at com.kms.katalon.core.webui.keyword.internal.WebUIKeywordMain.stepFailed(WebUIKeywordMain.groovy:64)
	at com.kms.katalon.core.webui.keyword.internal.WebUIKeywordMain.runKeyword(WebUIKeywordMain.groovy:26)
	at com.kms.katalon.core.webui.keyword.builtin.VerifyTextPresentKeyword.verifyTextPresent(VerifyTextPresentKeyword.groovy:83)
	at com.kms.katalon.core.webui.keyword.builtin.VerifyTextPresentKeyword.execute(VerifyTextPresentKeyword.groovy:68)
	at com.kms.katalon.core.keyword.internal.KeywordExecutor.executeKeywordForPlatform(KeywordExecutor.groovy:74)
	at com.kms.katalon.core.webui.keyword.WebUiBuiltInKeywords.verifyTextPresent(WebUiBuiltInKeywords.groovy:1723)
	at com.kms.katalon.core.webui.keyword.WebUiBuiltInKeywords$verifyTextPresent$8.call(Unknown Source)
	at EDK-009.run(EDK-009:38)
	at com.kms.katalon.core.main.ScriptEngine.run(ScriptEngine.java:194)
	at com.kms.katalon.core.main.ScriptEngine.runScriptAsRawText(ScriptEngine.java:119)
	at com.kms.katalon.core.main.TestCaseExecutor.runScript(TestCaseExecutor.java:448)
	at com.kms.katalon.core.main.TestCaseExecutor.doExecute(TestCaseExecutor.java:439)
	at com.kms.katalon.core.main.TestCaseExecutor.processExecutionPhase(TestCaseExecutor.java:418)
	at com.kms.katalon.core.main.TestCaseExecutor.accessMainPhase(TestCaseExecutor.java:410)
	at com.kms.katalon.core.main.TestCaseExecutor.execute(TestCaseExecutor.java:285)
	at com.kms.katalon.core.common.CommonExecutor.accessTestCaseMainPhase(CommonExecutor.java:65)
	at com.kms.katalon.core.main.TestSuiteExecutor.accessTestSuiteMainPhase(TestSuiteExecutor.java:148)
	at com.kms.katalon.core.main.TestSuiteExecutor.execute(TestSuiteExecutor.java:106)
	at com.kms.katalon.core.main.TestCaseMain.startTestSuite(TestCaseMain.java:187)
	at com.kms.katalon.core.main.TestCaseMain$startTestSuite$0.call(Unknown Source)
	at TempTestSuite1696467586530.run(TempTestSuite1696467586530.groovy:36)
Caused by: com.kms.katalon.core.exception.StepFailedException: Text 'number not valid' is not present on page 
	at com.kms.katalon.core.webui.keyword.internal.WebUIKeywordMain.stepFailed(WebUIKeywordMain.groovy:64)
	at com.kms.katalon.core.webui.keyword.builtin.VerifyTextPresentKeyword$_verifyTextPresent_closure1.doCall(VerifyTextPresentKeyword.groovy:79)
	at com.kms.katalon.core.webui.keyword.builtin.VerifyTextPresentKeyword$_verifyTextPresent_closure1.call(VerifyTextPresentKeyword.groovy)
	at com.kms.katalon.core.webui.keyword.internal.WebUIKeywordMain.runKeyword(WebUIKeywordMain.groovy:20)
	... 19 more]]></system-err>
      </testcase>
      <testcase name="Test Cases/M08 Edit Data Konsumen/EDK-010" time="52.523" classname="Test Cases/M08 Edit Data Konsumen/EDK-010" status="FAILED">
         <failure type="FAILED" message="Test Cases/M08 Edit Data Konsumen/EDK-010 FAILED.
Reason:
com.kms.katalon.core.exception.StepFailedException: Unable to verify text 'Email not valid' is present 
	at com.kms.katalon.core.webui.keyword.internal.WebUIKeywordMain.stepFailed(WebUIKeywordMain.groovy:64)
	at com.kms.katalon.core.webui.keyword.internal.WebUIKeywordMain.runKeyword(WebUIKeywordMain.groovy:26)
	at com.kms.katalon.core.webui.keyword.builtin.VerifyTextPresentKeyword.verifyTextPresent(VerifyTextPresentKeyword.groovy:83)
	at com.kms.katalon.core.webui.keyword.builtin.VerifyTextPresentKeyword.execute(VerifyTextPresentKeyword.groovy:68)
	at com.kms.katalon.core.keyword.internal.KeywordExecutor.executeKeywordForPlatform(KeywordExecutor.groovy:74)
	at com.kms.katalon.core.webui.keyword.WebUiBuiltInKeywords.verifyTextPresent(WebUiBuiltInKeywords.groovy:1723)
	at com.kms.katalon.core.webui.keyword.WebUiBuiltInKeywords$verifyTextPresent$8.call(Unknown Source)
	at EDK-010.run(EDK-010:38)
	at com.kms.katalon.core.main.ScriptEngine.run(ScriptEngine.java:194)
	at com.kms.katalon.core.main.ScriptEngine.runScriptAsRawText(ScriptEngine.java:119)
	at com.kms.katalon.core.main.TestCaseExecutor.runScript(TestCaseExecutor.java:448)
	at com.kms.katalon.core.main.TestCaseExecutor.doExecute(TestCaseExecutor.java:439)
	at com.kms.katalon.core.main.TestCaseExecutor.processExecutionPhase(TestCaseExecutor.java:418)
	at com.kms.katalon.core.main.TestCaseExecutor.accessMainPhase(TestCaseExecutor.java:410)
	at com.kms.katalon.core.main.TestCaseExecutor.execute(TestCaseExecutor.java:285)
	at com.kms.katalon.core.common.CommonExecutor.accessTestCaseMainPhase(CommonExecutor.java:65)
	at com.kms.katalon.core.main.TestSuiteExecutor.accessTestSuiteMainPhase(TestSuiteExecutor.java:148)
	at com.kms.katalon.core.main.TestSuiteExecutor.execute(TestSuiteExecutor.java:106)
	at com.kms.katalon.core.main.TestCaseMain.startTestSuite(TestCaseMain.java:187)
	at com.kms.katalon.core.main.TestCaseMain$startTestSuite$0.call(Unknown Source)
	at TempTestSuite1696467586530.run(TempTestSuite1696467586530.groovy:36)
Caused by: com.kms.katalon.core.exception.StepFailedException: Text 'Email not valid' is not present on page 
	at com.kms.katalon.core.webui.keyword.internal.WebUIKeywordMain.stepFailed(WebUIKeywordMain.groovy:64)
	at com.kms.katalon.core.webui.keyword.builtin.VerifyTextPresentKeyword$_verifyTextPresent_closure1.doCall(VerifyTextPresentKeyword.groovy:79)
	at com.kms.katalon.core.webui.keyword.builtin.VerifyTextPresentKeyword$_verifyTextPresent_closure1.call(VerifyTextPresentKeyword.groovy)
	at com.kms.katalon.core.webui.keyword.internal.WebUIKeywordMain.runKeyword(WebUIKeywordMain.groovy:20)
	... 19 more
"/>
         <system-out><![CDATA[2023-10-05 08:07:52 - [TEST_CASE][FAILED] - Test Cases/M08 Edit Data Konsumen/EDK-010: Test Cases/M08 Edit Data Konsumen/EDK-010 FAILED.
Reason:
com.kms.katalon.core.exception.StepFailedException: Unable to verify text 'Email not valid' is present 
	at com.kms.katalon.core.webui.keyword.internal.WebUIKeywordMain.stepFailed(WebUIKeywordMain.groovy:64)
	at com.kms.katalon.core.webui.keyword.internal.WebUIKeywordMain.runKeyword(WebUIKeywordMain.groovy:26)
	at com.kms.katalon.core.webui.keyword.builtin.VerifyTextPresentKeyword.verifyTextPresent(VerifyTextPresentKeyword.groovy:83)
	at com.kms.katalon.core.webui.keyword.builtin.VerifyTextPresentKeyword.execute(VerifyTextPresentKeyword.groovy:68)
	at com.kms.katalon.core.keyword.internal.KeywordExecutor.executeKeywordForPlatform(KeywordExecutor.groovy:74)
	at com.kms.katalon.core.webui.keyword.WebUiBuiltInKeywords.verifyTextPresent(WebUiBuiltInKeywords.groovy:1723)
	at com.kms.katalon.core.webui.keyword.WebUiBuiltInKeywords$verifyTextPresent$8.call(Unknown Source)
	at EDK-010.run(EDK-010:38)
	at com.kms.katalon.core.main.ScriptEngine.run(ScriptEngine.java:194)
	at com.kms.katalon.core.main.ScriptEngine.runScriptAsRawText(ScriptEngine.java:119)
	at com.kms.katalon.core.main.TestCaseExecutor.runScript(TestCaseExecutor.java:448)
	at com.kms.katalon.core.main.TestCaseExecutor.doExecute(TestCaseExecutor.java:439)
	at com.kms.katalon.core.main.TestCaseExecutor.processExecutionPhase(TestCaseExecutor.java:418)
	at com.kms.katalon.core.main.TestCaseExecutor.accessMainPhase(TestCaseExecutor.java:410)
	at com.kms.katalon.core.main.TestCaseExecutor.execute(TestCaseExecutor.java:285)
	at com.kms.katalon.core.common.CommonExecutor.accessTestCaseMainPhase(CommonExecutor.java:65)
	at com.kms.katalon.core.main.TestSuiteExecutor.accessTestSuiteMainPhase(TestSuiteExecutor.java:148)
	at com.kms.katalon.core.main.TestSuiteExecutor.execute(TestSuiteExecutor.java:106)
	at com.kms.katalon.core.main.TestCaseMain.startTestSuite(TestCaseMain.java:187)
	at com.kms.katalon.core.main.TestCaseMain$startTestSuite$0.call(Unknown Source)
	at TempTestSuite1696467586530.run(TempTestSuite1696467586530.groovy:36)
Caused by: com.kms.katalon.core.exception.StepFailedException: Text 'Email not valid' is not present on page 
	at com.kms.katalon.core.webui.keyword.internal.WebUIKeywordMain.stepFailed(WebUIKeywordMain.groovy:64)
	at com.kms.katalon.core.webui.keyword.builtin.VerifyTextPresentKeyword$_verifyTextPresent_closure1.doCall(VerifyTextPresentKeyword.groovy:79)
	at com.kms.katalon.core.webui.keyword.builtin.VerifyTextPresentKeyword$_verifyTextPresent_closure1.call(VerifyTextPresentKeyword.groovy)
	at com.kms.katalon.core.webui.keyword.internal.WebUIKeywordMain.runKeyword(WebUIKeywordMain.groovy:20)
	... 19 more


2023-10-05 08:07:52 - [TEST_STEP][PASSED] - callTestCase(findTestCase("M08 Edit Data Konsumen/EDK-001"), [:], STOP_ON_FAILURE): Call Test Case 'Test Cases/M08 Edit Data Konsumen/EDK-001' successfully

2023-10-05 08:07:52 - [TEST_CASE][PASSED] - Test Cases/M08 Edit Data Konsumen/EDK-001: Test Cases/M08 Edit Data Konsumen/EDK-001

2023-10-05 08:07:52 - [TEST_STEP][PASSED] - callTestCase(findTestCase("Login/TC-Login Admin-Success-001"), ["Username":"admin", "Password":"123admin123"], STOP_ON_FAILURE): Call Test Case 'Test Cases/Login/TC-Login Admin-Success-001' successfully

2023-10-05 08:07:52 - [TEST_CASE][PASSED] - Test Cases/Login/TC-Login Admin-Success-001: Test Cases/Login/TC-Login Admin-Success-001

2023-10-05 08:07:52 - [TEST_STEP][PASSED] - openBrowser("https://10.9.2.63/ecommerce/administrator/"): Browser is opened with url: 'https://10.9.2.63/ecommerce/administrator/'

2023-10-05 08:07:52 - [MESSAGE][WARNING] - A browser is already opened. Closing browser and opening a new one

2023-10-05 08:07:53 - [MESSAGE][INFO] - Starting 'Firefox' driver

2023-10-05 08:07:53 - [MESSAGE][INFO] - Action delay is set to 0 milliseconds

2023-10-05 08:07:57 - [MESSAGE][PASSED] - Browser is opened with url: 'https://10.9.2.63/ecommerce/administrator/'

2023-10-05 08:07:57 - [TEST_STEP][PASSED] - maximizeWindow(): Current window maximized

2023-10-05 08:07:57 - [MESSAGE][PASSED] - Current window maximized

2023-10-05 08:07:57 - [TEST_STEP][PASSED] - verifyElementPresent(findTestObject("Login admin/Tittle ADMIN"), 0): Object 'Object Repository/Login admin/Tittle ADMIN' is present

2023-10-05 08:07:57 - [MESSAGE][WARNING] - Timeout '0' is invalid. Using default page load timeout: '30'

2023-10-05 08:07:58 - [MESSAGE][PASSED] - Object 'Object Repository/Login admin/Tittle ADMIN' is present

2023-10-05 08:07:58 - [TEST_STEP][PASSED] - setText(findTestObject("Login/input_Username, Email atau No. Handphone_a"), Username): Text 'admin' is set on object 'Object Repository/Login/input_Username, Email atau No. Handphone_a'

2023-10-05 08:07:58 - [MESSAGE][PASSED] - Text 'admin' is set on object 'Object Repository/Login/input_Username, Email atau No. Handphone_a'

2023-10-05 08:07:58 - [TEST_STEP][PASSED] - setText(findTestObject("Login/input_Password"), Password): Text '123admin123' is set on object 'Object Repository/Login/input_Password'

2023-10-05 08:07:59 - [MESSAGE][PASSED] - Text '123admin123' is set on object 'Object Repository/Login/input_Password'

2023-10-05 08:07:59 - [TEST_STEP][PASSED] - click(findTestObject("Login admin/buttom Remember Me")): Object: 'Object Repository/Login admin/buttom Remember Me' is clicked on

2023-10-05 08:08:00 - [MESSAGE][PASSED] - Object: 'Object Repository/Login admin/buttom Remember Me' is clicked on

2023-10-05 08:08:00 - [TEST_STEP][PASSED] - delay(10): Delayed 10 second(s)

2023-10-05 08:08:10 - [MESSAGE][PASSED] - Delayed 10 second(s)

2023-10-05 08:08:10 - [TEST_STEP][PASSED] - click(findTestObject("Login admin/buttom sign in")): Object: 'Object Repository/Login admin/buttom sign in' is clicked on

2023-10-05 08:08:11 - [MESSAGE][PASSED] - Object: 'Object Repository/Login admin/buttom sign in' is clicked on

2023-10-05 08:08:11 - [TEST_STEP][PASSED] - verifyElementPresent(findTestObject("Login admin/Tittle Dashboard"), 0): Object 'Object Repository/Login admin/Tittle Dashboard' is present

2023-10-05 08:08:11 - [MESSAGE][WARNING] - Timeout '0' is invalid. Using default page load timeout: '30'

2023-10-05 08:08:14 - [MESSAGE][PASSED] - Object 'Object Repository/Login admin/Tittle Dashboard' is present

2023-10-05 08:08:14 - [MESSAGE][PASSED] - Call Test Case 'Test Cases/Login/TC-Login Admin-Success-001' successfully

2023-10-05 08:08:14 - [TEST_STEP][PASSED] - click(findTestObject("Menu pencarian Toko admin/Menu Master Market")): Object: 'Object Repository/Menu pencarian Toko admin/Menu Master Market' is clicked on

2023-10-05 08:08:15 - [MESSAGE][PASSED] - Object: 'Object Repository/Menu pencarian Toko admin/Menu Master Market' is clicked on

2023-10-05 08:08:15 - [TEST_STEP][PASSED] - click(findTestObject("Edit Data konsumen/Menu Konsumen")): Object: 'Object Repository/Edit Data konsumen/Menu Konsumen' is clicked on

2023-10-05 08:08:16 - [MESSAGE][PASSED] - Object: 'Object Repository/Edit Data konsumen/Menu Konsumen' is clicked on

2023-10-05 08:08:16 - [TEST_STEP][PASSED] - verifyElementPresent(findTestObject("Edit Data konsumen/Tittle Daftar Semua Konsumen"), 0): Object 'Object Repository/Edit Data konsumen/Tittle Daftar Semua Konsumen' is present

2023-10-05 08:08:16 - [MESSAGE][WARNING] - Timeout '0' is invalid. Using default page load timeout: '30'

2023-10-05 08:08:22 - [MESSAGE][PASSED] - Object 'Object Repository/Edit Data konsumen/Tittle Daftar Semua Konsumen' is present

2023-10-05 08:08:22 - [MESSAGE][PASSED] - Call Test Case 'Test Cases/M08 Edit Data Konsumen/EDK-001' successfully

2023-10-05 08:08:22 - [TEST_STEP][PASSED] - click(findTestObject("file baru/search")): Object: 'Object Repository/file baru/search' is clicked on

2023-10-05 08:08:22 - [MESSAGE][PASSED] - Object: 'Object Repository/file baru/search' is clicked on

2023-10-05 08:08:22 - [TEST_STEP][PASSED] - setText(findTestObject("file baru/search"), "udin padinding oii"): Text 'udin padinding oii' is set on object 'Object Repository/file baru/search'

2023-10-05 08:08:23 - [MESSAGE][PASSED] - Text 'udin padinding oii' is set on object 'Object Repository/file baru/search'

2023-10-05 08:08:23 - [TEST_STEP][PASSED] - click(findTestObject("file baru/buttom edit")): Object: 'Object Repository/file baru/buttom edit' is clicked on

2023-10-05 08:08:28 - [MESSAGE][PASSED] - Object: 'Object Repository/file baru/buttom edit' is clicked on

2023-10-05 08:08:28 - [TEST_STEP][PASSED] - verifyElementPresent(findTestObject("Edit Data konsumen/tittle Edit Data Konsumen"), 0): Object 'Object Repository/Edit Data konsumen/tittle Edit Data Konsumen' is present

2023-10-05 08:08:28 - [MESSAGE][WARNING] - Timeout '0' is invalid. Using default page load timeout: '30'

2023-10-05 08:08:36 - [MESSAGE][PASSED] - Object 'Object Repository/Edit Data konsumen/tittle Edit Data Konsumen' is present

2023-10-05 08:08:36 - [TEST_STEP][PASSED] - setText(findTestObject("Edit Data konsumen/Input Alamat email/input Alamat Email"), "testing@gmail.con"): Text 'testing@gmail.con' is set on object 'Object Repository/Edit Data konsumen/Input Alamat email/input Alamat Email'

2023-10-05 08:08:37 - [MESSAGE][PASSED] - Text 'testing@gmail.con' is set on object 'Object Repository/Edit Data konsumen/Input Alamat email/input Alamat Email'

2023-10-05 08:08:37 - [TEST_STEP][PASSED] - click(findTestObject("Edit Data konsumen/button_Update")): Object: 'Object Repository/Edit Data konsumen/button_Update' is clicked on

2023-10-05 08:08:38 - [MESSAGE][PASSED] - Object: 'Object Repository/Edit Data konsumen/button_Update' is clicked on

2023-10-05 08:08:38 - [TEST_STEP][FAILED] - verifyTextPresent("Email not valid", false): Unable to verify text 'Email not valid' is present  (Root cause: com.kms.katalon.core.exception.StepFailedException: Unable to verify text 'Email not valid' is present 
	at com.kms.katalon.core.webui.keyword.internal.WebUIKeywordMain.stepFailed(WebUIKeywordMain.groovy:64)
	at com.kms.katalon.core.webui.keyword.internal.WebUIKeywordMain.runKeyword(WebUIKeywordMain.groovy:26)
	at com.kms.katalon.core.webui.keyword.builtin.VerifyTextPresentKeyword.verifyTextPresent(VerifyTextPresentKeyword.groovy:83)
	at com.kms.katalon.core.webui.keyword.builtin.VerifyTextPresentKeyword.execute(VerifyTextPresentKeyword.groovy:68)
	at com.kms.katalon.core.keyword.internal.KeywordExecutor.executeKeywordForPlatform(KeywordExecutor.groovy:74)
	at com.kms.katalon.core.webui.keyword.WebUiBuiltInKeywords.verifyTextPresent(WebUiBuiltInKeywords.groovy:1723)
	at com.kms.katalon.core.webui.keyword.WebUiBuiltInKeywords$verifyTextPresent$8.call(Unknown Source)
	at EDK-010.run(EDK-010:38)
	at com.kms.katalon.core.main.ScriptEngine.run(ScriptEngine.java:194)
	at com.kms.katalon.core.main.ScriptEngine.runScriptAsRawText(ScriptEngine.java:119)
	at com.kms.katalon.core.main.TestCaseExecutor.runScript(TestCaseExecutor.java:448)
	at com.kms.katalon.core.main.TestCaseExecutor.doExecute(TestCaseExecutor.java:439)
	at com.kms.katalon.core.main.TestCaseExecutor.processExecutionPhase(TestCaseExecutor.java:418)
	at com.kms.katalon.core.main.TestCaseExecutor.accessMainPhase(TestCaseExecutor.java:410)
	at com.kms.katalon.core.main.TestCaseExecutor.execute(TestCaseExecutor.java:285)
	at com.kms.katalon.core.common.CommonExecutor.accessTestCaseMainPhase(CommonExecutor.java:65)
	at com.kms.katalon.core.main.TestSuiteExecutor.accessTestSuiteMainPhase(TestSuiteExecutor.java:148)
	at com.kms.katalon.core.main.TestSuiteExecutor.execute(TestSuiteExecutor.java:106)
	at com.kms.katalon.core.main.TestCaseMain.startTestSuite(TestCaseMain.java:187)
	at com.kms.katalon.core.main.TestCaseMain$startTestSuite$0.call(Unknown Source)
	at TempTestSuite1696467586530.run(TempTestSuite1696467586530.groovy:36)
Caused by: com.kms.katalon.core.exception.StepFailedException: Text 'Email not valid' is not present on page 
	at com.kms.katalon.core.webui.keyword.internal.WebUIKeywordMain.stepFailed(WebUIKeywordMain.groovy:64)
	at com.kms.katalon.core.webui.keyword.builtin.VerifyTextPresentKeyword$_verifyTextPresent_closure1.doCall(VerifyTextPresentKeyword.groovy:79)
	at com.kms.katalon.core.webui.keyword.builtin.VerifyTextPresentKeyword$_verifyTextPresent_closure1.call(VerifyTextPresentKeyword.groovy)
	at com.kms.katalon.core.webui.keyword.internal.WebUIKeywordMain.runKeyword(WebUIKeywordMain.groovy:20)
	... 19 more
)

2023-10-05 08:08:44 - [MESSAGE][FAILED] - Text 'Email not valid' is not present on page  (Root cause: com.kms.katalon.core.exception.StepFailedException: Text 'Email not valid' is not present on page 
	at com.kms.katalon.core.webui.keyword.internal.WebUIKeywordMain.stepFailed(WebUIKeywordMain.groovy:64)
	at com.kms.katalon.core.webui.keyword.builtin.VerifyTextPresentKeyword$_verifyTextPresent_closure1.doCall(VerifyTextPresentKeyword.groovy:79)
	at com.kms.katalon.core.webui.keyword.builtin.VerifyTextPresentKeyword$_verifyTextPresent_closure1.call(VerifyTextPresentKeyword.groovy)
	at com.kms.katalon.core.webui.keyword.internal.WebUIKeywordMain.runKeyword(WebUIKeywordMain.groovy:20)
	at com.kms.katalon.core.webui.keyword.builtin.VerifyTextPresentKeyword.verifyTextPresent(VerifyTextPresentKeyword.groovy:83)
	at com.kms.katalon.core.webui.keyword.builtin.VerifyTextPresentKeyword.execute(VerifyTextPresentKeyword.groovy:68)
	at com.kms.katalon.core.keyword.internal.KeywordExecutor.executeKeywordForPlatform(KeywordExecutor.groovy:74)
	at com.kms.katalon.core.webui.keyword.WebUiBuiltInKeywords.verifyTextPresent(WebUiBuiltInKeywords.groovy:1723)
	at com.kms.katalon.core.webui.keyword.WebUiBuiltInKeywords$verifyTextPresent$8.call(Unknown Source)
	at EDK-010.run(EDK-010:38)
	at com.kms.katalon.core.main.ScriptEngine.run(ScriptEngine.java:194)
	at com.kms.katalon.core.main.ScriptEngine.runScriptAsRawText(ScriptEngine.java:119)
	at com.kms.katalon.core.main.TestCaseExecutor.runScript(TestCaseExecutor.java:448)
	at com.kms.katalon.core.main.TestCaseExecutor.doExecute(TestCaseExecutor.java:439)
	at com.kms.katalon.core.main.TestCaseExecutor.processExecutionPhase(TestCaseExecutor.java:418)
	at com.kms.katalon.core.main.TestCaseExecutor.accessMainPhase(TestCaseExecutor.java:410)
	at com.kms.katalon.core.main.TestCaseExecutor.execute(TestCaseExecutor.java:285)
	at com.kms.katalon.core.common.CommonExecutor.accessTestCaseMainPhase(CommonExecutor.java:65)
	at com.kms.katalon.core.main.TestSuiteExecutor.accessTestSuiteMainPhase(TestSuiteExecutor.java:148)
	at com.kms.katalon.core.main.TestSuiteExecutor.execute(TestSuiteExecutor.java:106)
	at com.kms.katalon.core.main.TestCaseMain.startTestSuite(TestCaseMain.java:187)
	at com.kms.katalon.core.main.TestCaseMain$startTestSuite$0.call(Unknown Source)
	at TempTestSuite1696467586530.run(TempTestSuite1696467586530.groovy:36)
)

2023-10-05 08:08:44 - [MESSAGE][FAILED] - Unable to verify text 'Email not valid' is present  (Root cause: com.kms.katalon.core.exception.StepFailedException: Unable to verify text 'Email not valid' is present 
	at com.kms.katalon.core.webui.keyword.internal.WebUIKeywordMain.stepFailed(WebUIKeywordMain.groovy:64)
	at com.kms.katalon.core.webui.keyword.internal.WebUIKeywordMain.runKeyword(WebUIKeywordMain.groovy:26)
	at com.kms.katalon.core.webui.keyword.builtin.VerifyTextPresentKeyword.verifyTextPresent(VerifyTextPresentKeyword.groovy:83)
	at com.kms.katalon.core.webui.keyword.builtin.VerifyTextPresentKeyword.execute(VerifyTextPresentKeyword.groovy:68)
	at com.kms.katalon.core.keyword.internal.KeywordExecutor.executeKeywordForPlatform(KeywordExecutor.groovy:74)
	at com.kms.katalon.core.webui.keyword.WebUiBuiltInKeywords.verifyTextPresent(WebUiBuiltInKeywords.groovy:1723)
	at com.kms.katalon.core.webui.keyword.WebUiBuiltInKeywords$verifyTextPresent$8.call(Unknown Source)
	at EDK-010.run(EDK-010:38)
	at com.kms.katalon.core.main.ScriptEngine.run(ScriptEngine.java:194)
	at com.kms.katalon.core.main.ScriptEngine.runScriptAsRawText(ScriptEngine.java:119)
	at com.kms.katalon.core.main.TestCaseExecutor.runScript(TestCaseExecutor.java:448)
	at com.kms.katalon.core.main.TestCaseExecutor.doExecute(TestCaseExecutor.java:439)
	at com.kms.katalon.core.main.TestCaseExecutor.processExecutionPhase(TestCaseExecutor.java:418)
	at com.kms.katalon.core.main.TestCaseExecutor.accessMainPhase(TestCaseExecutor.java:410)
	at com.kms.katalon.core.main.TestCaseExecutor.execute(TestCaseExecutor.java:285)
	at com.kms.katalon.core.common.CommonExecutor.accessTestCaseMainPhase(CommonExecutor.java:65)
	at com.kms.katalon.core.main.TestSuiteExecutor.accessTestSuiteMainPhase(TestSuiteExecutor.java:148)
	at com.kms.katalon.core.main.TestSuiteExecutor.execute(TestSuiteExecutor.java:106)
	at com.kms.katalon.core.main.TestCaseMain.startTestSuite(TestCaseMain.java:187)
	at com.kms.katalon.core.main.TestCaseMain$startTestSuite$0.call(Unknown Source)
	at TempTestSuite1696467586530.run(TempTestSuite1696467586530.groovy:36)
Caused by: com.kms.katalon.core.exception.StepFailedException: Text 'Email not valid' is not present on page 
	at com.kms.katalon.core.webui.keyword.internal.WebUIKeywordMain.stepFailed(WebUIKeywordMain.groovy:64)
	at com.kms.katalon.core.webui.keyword.builtin.VerifyTextPresentKeyword$_verifyTextPresent_closure1.doCall(VerifyTextPresentKeyword.groovy:79)
	at com.kms.katalon.core.webui.keyword.builtin.VerifyTextPresentKeyword$_verifyTextPresent_closure1.call(VerifyTextPresentKeyword.groovy)
	at com.kms.katalon.core.webui.keyword.internal.WebUIKeywordMain.runKeyword(WebUIKeywordMain.groovy:20)
	... 19 more
)
[[ATTACHMENT|C:\\FT2 XSIS\\Projek Eval 2 Tajalapak dan administrator\\Reports\\20231005_075946\\Edit Data Konsumen\\Edit Data Konsumen\\20231005_075946\\1696468124787.png]]]]></system-out>
         <system-err><![CDATA[2023-10-05 08:07:52 - [TEST_CASE][FAILED] - Test Cases/M08 Edit Data Konsumen/EDK-010: Test Cases/M08 Edit Data Konsumen/EDK-010 FAILED.
Reason:
com.kms.katalon.core.exception.StepFailedException: Unable to verify text 'Email not valid' is present 
	at com.kms.katalon.core.webui.keyword.internal.WebUIKeywordMain.stepFailed(WebUIKeywordMain.groovy:64)
	at com.kms.katalon.core.webui.keyword.internal.WebUIKeywordMain.runKeyword(WebUIKeywordMain.groovy:26)
	at com.kms.katalon.core.webui.keyword.builtin.VerifyTextPresentKeyword.verifyTextPresent(VerifyTextPresentKeyword.groovy:83)
	at com.kms.katalon.core.webui.keyword.builtin.VerifyTextPresentKeyword.execute(VerifyTextPresentKeyword.groovy:68)
	at com.kms.katalon.core.keyword.internal.KeywordExecutor.executeKeywordForPlatform(KeywordExecutor.groovy:74)
	at com.kms.katalon.core.webui.keyword.WebUiBuiltInKeywords.verifyTextPresent(WebUiBuiltInKeywords.groovy:1723)
	at com.kms.katalon.core.webui.keyword.WebUiBuiltInKeywords$verifyTextPresent$8.call(Unknown Source)
	at EDK-010.run(EDK-010:38)
	at com.kms.katalon.core.main.ScriptEngine.run(ScriptEngine.java:194)
	at com.kms.katalon.core.main.ScriptEngine.runScriptAsRawText(ScriptEngine.java:119)
	at com.kms.katalon.core.main.TestCaseExecutor.runScript(TestCaseExecutor.java:448)
	at com.kms.katalon.core.main.TestCaseExecutor.doExecute(TestCaseExecutor.java:439)
	at com.kms.katalon.core.main.TestCaseExecutor.processExecutionPhase(TestCaseExecutor.java:418)
	at com.kms.katalon.core.main.TestCaseExecutor.accessMainPhase(TestCaseExecutor.java:410)
	at com.kms.katalon.core.main.TestCaseExecutor.execute(TestCaseExecutor.java:285)
	at com.kms.katalon.core.common.CommonExecutor.accessTestCaseMainPhase(CommonExecutor.java:65)
	at com.kms.katalon.core.main.TestSuiteExecutor.accessTestSuiteMainPhase(TestSuiteExecutor.java:148)
	at com.kms.katalon.core.main.TestSuiteExecutor.execute(TestSuiteExecutor.java:106)
	at com.kms.katalon.core.main.TestCaseMain.startTestSuite(TestCaseMain.java:187)
	at com.kms.katalon.core.main.TestCaseMain$startTestSuite$0.call(Unknown Source)
	at TempTestSuite1696467586530.run(TempTestSuite1696467586530.groovy:36)
Caused by: com.kms.katalon.core.exception.StepFailedException: Text 'Email not valid' is not present on page 
	at com.kms.katalon.core.webui.keyword.internal.WebUIKeywordMain.stepFailed(WebUIKeywordMain.groovy:64)
	at com.kms.katalon.core.webui.keyword.builtin.VerifyTextPresentKeyword$_verifyTextPresent_closure1.doCall(VerifyTextPresentKeyword.groovy:79)
	at com.kms.katalon.core.webui.keyword.builtin.VerifyTextPresentKeyword$_verifyTextPresent_closure1.call(VerifyTextPresentKeyword.groovy)
	at com.kms.katalon.core.webui.keyword.internal.WebUIKeywordMain.runKeyword(WebUIKeywordMain.groovy:20)
	... 19 more]]></system-err>
      </testcase>
      <testcase name="Test Cases/M08 Edit Data Konsumen/EDK-011" time="51.263" classname="Test Cases/M08 Edit Data Konsumen/EDK-011" status="FAILED">
         <failure type="FAILED" message="Test Cases/M08 Edit Data Konsumen/EDK-011 FAILED.
Reason:
com.kms.katalon.core.exception.StepFailedException: Unable to verify text 'number not valid' is present 
	at com.kms.katalon.core.webui.keyword.internal.WebUIKeywordMain.stepFailed(WebUIKeywordMain.groovy:64)
	at com.kms.katalon.core.webui.keyword.internal.WebUIKeywordMain.runKeyword(WebUIKeywordMain.groovy:26)
	at com.kms.katalon.core.webui.keyword.builtin.VerifyTextPresentKeyword.verifyTextPresent(VerifyTextPresentKeyword.groovy:83)
	at com.kms.katalon.core.webui.keyword.builtin.VerifyTextPresentKeyword.execute(VerifyTextPresentKeyword.groovy:68)
	at com.kms.katalon.core.keyword.internal.KeywordExecutor.executeKeywordForPlatform(KeywordExecutor.groovy:74)
	at com.kms.katalon.core.webui.keyword.WebUiBuiltInKeywords.verifyTextPresent(WebUiBuiltInKeywords.groovy:1723)
	at com.kms.katalon.core.webui.keyword.WebUiBuiltInKeywords$verifyTextPresent$8.call(Unknown Source)
	at EDK-011.run(EDK-011:38)
	at com.kms.katalon.core.main.ScriptEngine.run(ScriptEngine.java:194)
	at com.kms.katalon.core.main.ScriptEngine.runScriptAsRawText(ScriptEngine.java:119)
	at com.kms.katalon.core.main.TestCaseExecutor.runScript(TestCaseExecutor.java:448)
	at com.kms.katalon.core.main.TestCaseExecutor.doExecute(TestCaseExecutor.java:439)
	at com.kms.katalon.core.main.TestCaseExecutor.processExecutionPhase(TestCaseExecutor.java:418)
	at com.kms.katalon.core.main.TestCaseExecutor.accessMainPhase(TestCaseExecutor.java:410)
	at com.kms.katalon.core.main.TestCaseExecutor.execute(TestCaseExecutor.java:285)
	at com.kms.katalon.core.common.CommonExecutor.accessTestCaseMainPhase(CommonExecutor.java:65)
	at com.kms.katalon.core.main.TestSuiteExecutor.accessTestSuiteMainPhase(TestSuiteExecutor.java:148)
	at com.kms.katalon.core.main.TestSuiteExecutor.execute(TestSuiteExecutor.java:106)
	at com.kms.katalon.core.main.TestCaseMain.startTestSuite(TestCaseMain.java:187)
	at com.kms.katalon.core.main.TestCaseMain$startTestSuite$0.call(Unknown Source)
	at TempTestSuite1696467586530.run(TempTestSuite1696467586530.groovy:36)
Caused by: com.kms.katalon.core.exception.StepFailedException: Text 'number not valid' is not present on page 
	at com.kms.katalon.core.webui.keyword.internal.WebUIKeywordMain.stepFailed(WebUIKeywordMain.groovy:64)
	at com.kms.katalon.core.webui.keyword.builtin.VerifyTextPresentKeyword$_verifyTextPresent_closure1.doCall(VerifyTextPresentKeyword.groovy:79)
	at com.kms.katalon.core.webui.keyword.builtin.VerifyTextPresentKeyword$_verifyTextPresent_closure1.call(VerifyTextPresentKeyword.groovy)
	at com.kms.katalon.core.webui.keyword.internal.WebUIKeywordMain.runKeyword(WebUIKeywordMain.groovy:20)
	... 19 more
"/>
         <system-out><![CDATA[2023-10-05 08:08:44 - [TEST_CASE][FAILED] - Test Cases/M08 Edit Data Konsumen/EDK-011: Test Cases/M08 Edit Data Konsumen/EDK-011 FAILED.
Reason:
com.kms.katalon.core.exception.StepFailedException: Unable to verify text 'number not valid' is present 
	at com.kms.katalon.core.webui.keyword.internal.WebUIKeywordMain.stepFailed(WebUIKeywordMain.groovy:64)
	at com.kms.katalon.core.webui.keyword.internal.WebUIKeywordMain.runKeyword(WebUIKeywordMain.groovy:26)
	at com.kms.katalon.core.webui.keyword.builtin.VerifyTextPresentKeyword.verifyTextPresent(VerifyTextPresentKeyword.groovy:83)
	at com.kms.katalon.core.webui.keyword.builtin.VerifyTextPresentKeyword.execute(VerifyTextPresentKeyword.groovy:68)
	at com.kms.katalon.core.keyword.internal.KeywordExecutor.executeKeywordForPlatform(KeywordExecutor.groovy:74)
	at com.kms.katalon.core.webui.keyword.WebUiBuiltInKeywords.verifyTextPresent(WebUiBuiltInKeywords.groovy:1723)
	at com.kms.katalon.core.webui.keyword.WebUiBuiltInKeywords$verifyTextPresent$8.call(Unknown Source)
	at EDK-011.run(EDK-011:38)
	at com.kms.katalon.core.main.ScriptEngine.run(ScriptEngine.java:194)
	at com.kms.katalon.core.main.ScriptEngine.runScriptAsRawText(ScriptEngine.java:119)
	at com.kms.katalon.core.main.TestCaseExecutor.runScript(TestCaseExecutor.java:448)
	at com.kms.katalon.core.main.TestCaseExecutor.doExecute(TestCaseExecutor.java:439)
	at com.kms.katalon.core.main.TestCaseExecutor.processExecutionPhase(TestCaseExecutor.java:418)
	at com.kms.katalon.core.main.TestCaseExecutor.accessMainPhase(TestCaseExecutor.java:410)
	at com.kms.katalon.core.main.TestCaseExecutor.execute(TestCaseExecutor.java:285)
	at com.kms.katalon.core.common.CommonExecutor.accessTestCaseMainPhase(CommonExecutor.java:65)
	at com.kms.katalon.core.main.TestSuiteExecutor.accessTestSuiteMainPhase(TestSuiteExecutor.java:148)
	at com.kms.katalon.core.main.TestSuiteExecutor.execute(TestSuiteExecutor.java:106)
	at com.kms.katalon.core.main.TestCaseMain.startTestSuite(TestCaseMain.java:187)
	at com.kms.katalon.core.main.TestCaseMain$startTestSuite$0.call(Unknown Source)
	at TempTestSuite1696467586530.run(TempTestSuite1696467586530.groovy:36)
Caused by: com.kms.katalon.core.exception.StepFailedException: Text 'number not valid' is not present on page 
	at com.kms.katalon.core.webui.keyword.internal.WebUIKeywordMain.stepFailed(WebUIKeywordMain.groovy:64)
	at com.kms.katalon.core.webui.keyword.builtin.VerifyTextPresentKeyword$_verifyTextPresent_closure1.doCall(VerifyTextPresentKeyword.groovy:79)
	at com.kms.katalon.core.webui.keyword.builtin.VerifyTextPresentKeyword$_verifyTextPresent_closure1.call(VerifyTextPresentKeyword.groovy)
	at com.kms.katalon.core.webui.keyword.internal.WebUIKeywordMain.runKeyword(WebUIKeywordMain.groovy:20)
	... 19 more


2023-10-05 08:08:45 - [TEST_STEP][PASSED] - callTestCase(findTestCase("M08 Edit Data Konsumen/EDK-001"), [:], STOP_ON_FAILURE): Call Test Case 'Test Cases/M08 Edit Data Konsumen/EDK-001' successfully

2023-10-05 08:08:45 - [TEST_CASE][PASSED] - Test Cases/M08 Edit Data Konsumen/EDK-001: Test Cases/M08 Edit Data Konsumen/EDK-001

2023-10-05 08:08:45 - [TEST_STEP][PASSED] - callTestCase(findTestCase("Login/TC-Login Admin-Success-001"), ["Username":"admin", "Password":"123admin123"], STOP_ON_FAILURE): Call Test Case 'Test Cases/Login/TC-Login Admin-Success-001' successfully

2023-10-05 08:08:45 - [TEST_CASE][PASSED] - Test Cases/Login/TC-Login Admin-Success-001: Test Cases/Login/TC-Login Admin-Success-001

2023-10-05 08:08:45 - [TEST_STEP][PASSED] - openBrowser("https://10.9.2.63/ecommerce/administrator/"): Browser is opened with url: 'https://10.9.2.63/ecommerce/administrator/'

2023-10-05 08:08:45 - [MESSAGE][WARNING] - A browser is already opened. Closing browser and opening a new one

2023-10-05 08:08:46 - [MESSAGE][INFO] - Starting 'Firefox' driver

2023-10-05 08:08:46 - [MESSAGE][INFO] - Action delay is set to 0 milliseconds

2023-10-05 08:08:50 - [MESSAGE][PASSED] - Browser is opened with url: 'https://10.9.2.63/ecommerce/administrator/'

2023-10-05 08:08:50 - [TEST_STEP][PASSED] - maximizeWindow(): Current window maximized

2023-10-05 08:08:50 - [MESSAGE][PASSED] - Current window maximized

2023-10-05 08:08:50 - [TEST_STEP][PASSED] - verifyElementPresent(findTestObject("Login admin/Tittle ADMIN"), 0): Object 'Object Repository/Login admin/Tittle ADMIN' is present

2023-10-05 08:08:50 - [MESSAGE][WARNING] - Timeout '0' is invalid. Using default page load timeout: '30'

2023-10-05 08:08:50 - [MESSAGE][PASSED] - Object 'Object Repository/Login admin/Tittle ADMIN' is present

2023-10-05 08:08:50 - [TEST_STEP][PASSED] - setText(findTestObject("Login/input_Username, Email atau No. Handphone_a"), Username): Text 'admin' is set on object 'Object Repository/Login/input_Username, Email atau No. Handphone_a'

2023-10-05 08:08:51 - [MESSAGE][PASSED] - Text 'admin' is set on object 'Object Repository/Login/input_Username, Email atau No. Handphone_a'

2023-10-05 08:08:51 - [TEST_STEP][PASSED] - setText(findTestObject("Login/input_Password"), Password): Text '123admin123' is set on object 'Object Repository/Login/input_Password'

2023-10-05 08:08:51 - [MESSAGE][PASSED] - Text '123admin123' is set on object 'Object Repository/Login/input_Password'

2023-10-05 08:08:51 - [TEST_STEP][PASSED] - click(findTestObject("Login admin/buttom Remember Me")): Object: 'Object Repository/Login admin/buttom Remember Me' is clicked on

2023-10-05 08:08:52 - [MESSAGE][PASSED] - Object: 'Object Repository/Login admin/buttom Remember Me' is clicked on

2023-10-05 08:08:52 - [TEST_STEP][PASSED] - delay(10): Delayed 10 second(s)

2023-10-05 08:09:02 - [MESSAGE][PASSED] - Delayed 10 second(s)

2023-10-05 08:09:02 - [TEST_STEP][PASSED] - click(findTestObject("Login admin/buttom sign in")): Object: 'Object Repository/Login admin/buttom sign in' is clicked on

2023-10-05 08:09:03 - [MESSAGE][PASSED] - Object: 'Object Repository/Login admin/buttom sign in' is clicked on

2023-10-05 08:09:03 - [TEST_STEP][PASSED] - verifyElementPresent(findTestObject("Login admin/Tittle Dashboard"), 0): Object 'Object Repository/Login admin/Tittle Dashboard' is present

2023-10-05 08:09:03 - [MESSAGE][WARNING] - Timeout '0' is invalid. Using default page load timeout: '30'

2023-10-05 08:09:07 - [MESSAGE][PASSED] - Object 'Object Repository/Login admin/Tittle Dashboard' is present

2023-10-05 08:09:07 - [MESSAGE][PASSED] - Call Test Case 'Test Cases/Login/TC-Login Admin-Success-001' successfully

2023-10-05 08:09:07 - [TEST_STEP][PASSED] - click(findTestObject("Menu pencarian Toko admin/Menu Master Market")): Object: 'Object Repository/Menu pencarian Toko admin/Menu Master Market' is clicked on

2023-10-05 08:09:07 - [MESSAGE][PASSED] - Object: 'Object Repository/Menu pencarian Toko admin/Menu Master Market' is clicked on

2023-10-05 08:09:07 - [TEST_STEP][PASSED] - click(findTestObject("Edit Data konsumen/Menu Konsumen")): Object: 'Object Repository/Edit Data konsumen/Menu Konsumen' is clicked on

2023-10-05 08:09:09 - [MESSAGE][PASSED] - Object: 'Object Repository/Edit Data konsumen/Menu Konsumen' is clicked on

2023-10-05 08:09:09 - [TEST_STEP][PASSED] - verifyElementPresent(findTestObject("Edit Data konsumen/Tittle Daftar Semua Konsumen"), 0): Object 'Object Repository/Edit Data konsumen/Tittle Daftar Semua Konsumen' is present

2023-10-05 08:09:09 - [MESSAGE][WARNING] - Timeout '0' is invalid. Using default page load timeout: '30'

2023-10-05 08:09:15 - [MESSAGE][PASSED] - Object 'Object Repository/Edit Data konsumen/Tittle Daftar Semua Konsumen' is present

2023-10-05 08:09:15 - [MESSAGE][PASSED] - Call Test Case 'Test Cases/M08 Edit Data Konsumen/EDK-001' successfully

2023-10-05 08:09:15 - [TEST_STEP][PASSED] - click(findTestObject("file baru/search")): Object: 'Object Repository/file baru/search' is clicked on

2023-10-05 08:09:16 - [MESSAGE][PASSED] - Object: 'Object Repository/file baru/search' is clicked on

2023-10-05 08:09:16 - [TEST_STEP][PASSED] - setText(findTestObject("file baru/search"), "udin padinding oii"): Text 'udin padinding oii' is set on object 'Object Repository/file baru/search'

2023-10-05 08:09:17 - [MESSAGE][PASSED] - Text 'udin padinding oii' is set on object 'Object Repository/file baru/search'

2023-10-05 08:09:17 - [TEST_STEP][PASSED] - click(findTestObject("file baru/buttom edit")): Object: 'Object Repository/file baru/buttom edit' is clicked on

2023-10-05 08:09:23 - [MESSAGE][PASSED] - Object: 'Object Repository/file baru/buttom edit' is clicked on

2023-10-05 08:09:23 - [TEST_STEP][PASSED] - verifyElementPresent(findTestObject("Edit Data konsumen/tittle Edit Data Konsumen"), 0): Object 'Object Repository/Edit Data konsumen/tittle Edit Data Konsumen' is present

2023-10-05 08:09:23 - [MESSAGE][WARNING] - Timeout '0' is invalid. Using default page load timeout: '30'

2023-10-05 08:09:27 - [MESSAGE][PASSED] - Object 'Object Repository/Edit Data konsumen/tittle Edit Data Konsumen' is present

2023-10-05 08:09:27 - [TEST_STEP][PASSED] - setText(findTestObject("Edit Data konsumen/Input no Hp/input No Hp"), "081"): Text '081' is set on object 'Object Repository/Edit Data konsumen/Input no Hp/input No Hp'

2023-10-05 08:09:28 - [MESSAGE][PASSED] - Text '081' is set on object 'Object Repository/Edit Data konsumen/Input no Hp/input No Hp'

2023-10-05 08:09:28 - [TEST_STEP][PASSED] - click(findTestObject("Edit Data konsumen/button_Update")): Object: 'Object Repository/Edit Data konsumen/button_Update' is clicked on

2023-10-05 08:09:29 - [MESSAGE][PASSED] - Object: 'Object Repository/Edit Data konsumen/button_Update' is clicked on

2023-10-05 08:09:29 - [TEST_STEP][FAILED] - verifyTextPresent("number not valid", false): Unable to verify text 'number not valid' is present  (Root cause: com.kms.katalon.core.exception.StepFailedException: Unable to verify text 'number not valid' is present 
	at com.kms.katalon.core.webui.keyword.internal.WebUIKeywordMain.stepFailed(WebUIKeywordMain.groovy:64)
	at com.kms.katalon.core.webui.keyword.internal.WebUIKeywordMain.runKeyword(WebUIKeywordMain.groovy:26)
	at com.kms.katalon.core.webui.keyword.builtin.VerifyTextPresentKeyword.verifyTextPresent(VerifyTextPresentKeyword.groovy:83)
	at com.kms.katalon.core.webui.keyword.builtin.VerifyTextPresentKeyword.execute(VerifyTextPresentKeyword.groovy:68)
	at com.kms.katalon.core.keyword.internal.KeywordExecutor.executeKeywordForPlatform(KeywordExecutor.groovy:74)
	at com.kms.katalon.core.webui.keyword.WebUiBuiltInKeywords.verifyTextPresent(WebUiBuiltInKeywords.groovy:1723)
	at com.kms.katalon.core.webui.keyword.WebUiBuiltInKeywords$verifyTextPresent$8.call(Unknown Source)
	at EDK-011.run(EDK-011:38)
	at com.kms.katalon.core.main.ScriptEngine.run(ScriptEngine.java:194)
	at com.kms.katalon.core.main.ScriptEngine.runScriptAsRawText(ScriptEngine.java:119)
	at com.kms.katalon.core.main.TestCaseExecutor.runScript(TestCaseExecutor.java:448)
	at com.kms.katalon.core.main.TestCaseExecutor.doExecute(TestCaseExecutor.java:439)
	at com.kms.katalon.core.main.TestCaseExecutor.processExecutionPhase(TestCaseExecutor.java:418)
	at com.kms.katalon.core.main.TestCaseExecutor.accessMainPhase(TestCaseExecutor.java:410)
	at com.kms.katalon.core.main.TestCaseExecutor.execute(TestCaseExecutor.java:285)
	at com.kms.katalon.core.common.CommonExecutor.accessTestCaseMainPhase(CommonExecutor.java:65)
	at com.kms.katalon.core.main.TestSuiteExecutor.accessTestSuiteMainPhase(TestSuiteExecutor.java:148)
	at com.kms.katalon.core.main.TestSuiteExecutor.execute(TestSuiteExecutor.java:106)
	at com.kms.katalon.core.main.TestCaseMain.startTestSuite(TestCaseMain.java:187)
	at com.kms.katalon.core.main.TestCaseMain$startTestSuite$0.call(Unknown Source)
	at TempTestSuite1696467586530.run(TempTestSuite1696467586530.groovy:36)
Caused by: com.kms.katalon.core.exception.StepFailedException: Text 'number not valid' is not present on page 
	at com.kms.katalon.core.webui.keyword.internal.WebUIKeywordMain.stepFailed(WebUIKeywordMain.groovy:64)
	at com.kms.katalon.core.webui.keyword.builtin.VerifyTextPresentKeyword$_verifyTextPresent_closure1.doCall(VerifyTextPresentKeyword.groovy:79)
	at com.kms.katalon.core.webui.keyword.builtin.VerifyTextPresentKeyword$_verifyTextPresent_closure1.call(VerifyTextPresentKeyword.groovy)
	at com.kms.katalon.core.webui.keyword.internal.WebUIKeywordMain.runKeyword(WebUIKeywordMain.groovy:20)
	... 19 more
)

2023-10-05 08:09:36 - [MESSAGE][FAILED] - Text 'number not valid' is not present on page  (Root cause: com.kms.katalon.core.exception.StepFailedException: Text 'number not valid' is not present on page 
	at com.kms.katalon.core.webui.keyword.internal.WebUIKeywordMain.stepFailed(WebUIKeywordMain.groovy:64)
	at com.kms.katalon.core.webui.keyword.builtin.VerifyTextPresentKeyword$_verifyTextPresent_closure1.doCall(VerifyTextPresentKeyword.groovy:79)
	at com.kms.katalon.core.webui.keyword.builtin.VerifyTextPresentKeyword$_verifyTextPresent_closure1.call(VerifyTextPresentKeyword.groovy)
	at com.kms.katalon.core.webui.keyword.internal.WebUIKeywordMain.runKeyword(WebUIKeywordMain.groovy:20)
	at com.kms.katalon.core.webui.keyword.builtin.VerifyTextPresentKeyword.verifyTextPresent(VerifyTextPresentKeyword.groovy:83)
	at com.kms.katalon.core.webui.keyword.builtin.VerifyTextPresentKeyword.execute(VerifyTextPresentKeyword.groovy:68)
	at com.kms.katalon.core.keyword.internal.KeywordExecutor.executeKeywordForPlatform(KeywordExecutor.groovy:74)
	at com.kms.katalon.core.webui.keyword.WebUiBuiltInKeywords.verifyTextPresent(WebUiBuiltInKeywords.groovy:1723)
	at com.kms.katalon.core.webui.keyword.WebUiBuiltInKeywords$verifyTextPresent$8.call(Unknown Source)
	at EDK-011.run(EDK-011:38)
	at com.kms.katalon.core.main.ScriptEngine.run(ScriptEngine.java:194)
	at com.kms.katalon.core.main.ScriptEngine.runScriptAsRawText(ScriptEngine.java:119)
	at com.kms.katalon.core.main.TestCaseExecutor.runScript(TestCaseExecutor.java:448)
	at com.kms.katalon.core.main.TestCaseExecutor.doExecute(TestCaseExecutor.java:439)
	at com.kms.katalon.core.main.TestCaseExecutor.processExecutionPhase(TestCaseExecutor.java:418)
	at com.kms.katalon.core.main.TestCaseExecutor.accessMainPhase(TestCaseExecutor.java:410)
	at com.kms.katalon.core.main.TestCaseExecutor.execute(TestCaseExecutor.java:285)
	at com.kms.katalon.core.common.CommonExecutor.accessTestCaseMainPhase(CommonExecutor.java:65)
	at com.kms.katalon.core.main.TestSuiteExecutor.accessTestSuiteMainPhase(TestSuiteExecutor.java:148)
	at com.kms.katalon.core.main.TestSuiteExecutor.execute(TestSuiteExecutor.java:106)
	at com.kms.katalon.core.main.TestCaseMain.startTestSuite(TestCaseMain.java:187)
	at com.kms.katalon.core.main.TestCaseMain$startTestSuite$0.call(Unknown Source)
	at TempTestSuite1696467586530.run(TempTestSuite1696467586530.groovy:36)
)

2023-10-05 08:09:36 - [MESSAGE][FAILED] - Unable to verify text 'number not valid' is present  (Root cause: com.kms.katalon.core.exception.StepFailedException: Unable to verify text 'number not valid' is present 
	at com.kms.katalon.core.webui.keyword.internal.WebUIKeywordMain.stepFailed(WebUIKeywordMain.groovy:64)
	at com.kms.katalon.core.webui.keyword.internal.WebUIKeywordMain.runKeyword(WebUIKeywordMain.groovy:26)
	at com.kms.katalon.core.webui.keyword.builtin.VerifyTextPresentKeyword.verifyTextPresent(VerifyTextPresentKeyword.groovy:83)
	at com.kms.katalon.core.webui.keyword.builtin.VerifyTextPresentKeyword.execute(VerifyTextPresentKeyword.groovy:68)
	at com.kms.katalon.core.keyword.internal.KeywordExecutor.executeKeywordForPlatform(KeywordExecutor.groovy:74)
	at com.kms.katalon.core.webui.keyword.WebUiBuiltInKeywords.verifyTextPresent(WebUiBuiltInKeywords.groovy:1723)
	at com.kms.katalon.core.webui.keyword.WebUiBuiltInKeywords$verifyTextPresent$8.call(Unknown Source)
	at EDK-011.run(EDK-011:38)
	at com.kms.katalon.core.main.ScriptEngine.run(ScriptEngine.java:194)
	at com.kms.katalon.core.main.ScriptEngine.runScriptAsRawText(ScriptEngine.java:119)
	at com.kms.katalon.core.main.TestCaseExecutor.runScript(TestCaseExecutor.java:448)
	at com.kms.katalon.core.main.TestCaseExecutor.doExecute(TestCaseExecutor.java:439)
	at com.kms.katalon.core.main.TestCaseExecutor.processExecutionPhase(TestCaseExecutor.java:418)
	at com.kms.katalon.core.main.TestCaseExecutor.accessMainPhase(TestCaseExecutor.java:410)
	at com.kms.katalon.core.main.TestCaseExecutor.execute(TestCaseExecutor.java:285)
	at com.kms.katalon.core.common.CommonExecutor.accessTestCaseMainPhase(CommonExecutor.java:65)
	at com.kms.katalon.core.main.TestSuiteExecutor.accessTestSuiteMainPhase(TestSuiteExecutor.java:148)
	at com.kms.katalon.core.main.TestSuiteExecutor.execute(TestSuiteExecutor.java:106)
	at com.kms.katalon.core.main.TestCaseMain.startTestSuite(TestCaseMain.java:187)
	at com.kms.katalon.core.main.TestCaseMain$startTestSuite$0.call(Unknown Source)
	at TempTestSuite1696467586530.run(TempTestSuite1696467586530.groovy:36)
Caused by: com.kms.katalon.core.exception.StepFailedException: Text 'number not valid' is not present on page 
	at com.kms.katalon.core.webui.keyword.internal.WebUIKeywordMain.stepFailed(WebUIKeywordMain.groovy:64)
	at com.kms.katalon.core.webui.keyword.builtin.VerifyTextPresentKeyword$_verifyTextPresent_closure1.doCall(VerifyTextPresentKeyword.groovy:79)
	at com.kms.katalon.core.webui.keyword.builtin.VerifyTextPresentKeyword$_verifyTextPresent_closure1.call(VerifyTextPresentKeyword.groovy)
	at com.kms.katalon.core.webui.keyword.internal.WebUIKeywordMain.runKeyword(WebUIKeywordMain.groovy:20)
	... 19 more
)
[[ATTACHMENT|C:\\FT2 XSIS\\Projek Eval 2 Tajalapak dan administrator\\Reports\\20231005_075946\\Edit Data Konsumen\\Edit Data Konsumen\\20231005_075946\\1696468176057.png]]]]></system-out>
         <system-err><![CDATA[2023-10-05 08:08:44 - [TEST_CASE][FAILED] - Test Cases/M08 Edit Data Konsumen/EDK-011: Test Cases/M08 Edit Data Konsumen/EDK-011 FAILED.
Reason:
com.kms.katalon.core.exception.StepFailedException: Unable to verify text 'number not valid' is present 
	at com.kms.katalon.core.webui.keyword.internal.WebUIKeywordMain.stepFailed(WebUIKeywordMain.groovy:64)
	at com.kms.katalon.core.webui.keyword.internal.WebUIKeywordMain.runKeyword(WebUIKeywordMain.groovy:26)
	at com.kms.katalon.core.webui.keyword.builtin.VerifyTextPresentKeyword.verifyTextPresent(VerifyTextPresentKeyword.groovy:83)
	at com.kms.katalon.core.webui.keyword.builtin.VerifyTextPresentKeyword.execute(VerifyTextPresentKeyword.groovy:68)
	at com.kms.katalon.core.keyword.internal.KeywordExecutor.executeKeywordForPlatform(KeywordExecutor.groovy:74)
	at com.kms.katalon.core.webui.keyword.WebUiBuiltInKeywords.verifyTextPresent(WebUiBuiltInKeywords.groovy:1723)
	at com.kms.katalon.core.webui.keyword.WebUiBuiltInKeywords$verifyTextPresent$8.call(Unknown Source)
	at EDK-011.run(EDK-011:38)
	at com.kms.katalon.core.main.ScriptEngine.run(ScriptEngine.java:194)
	at com.kms.katalon.core.main.ScriptEngine.runScriptAsRawText(ScriptEngine.java:119)
	at com.kms.katalon.core.main.TestCaseExecutor.runScript(TestCaseExecutor.java:448)
	at com.kms.katalon.core.main.TestCaseExecutor.doExecute(TestCaseExecutor.java:439)
	at com.kms.katalon.core.main.TestCaseExecutor.processExecutionPhase(TestCaseExecutor.java:418)
	at com.kms.katalon.core.main.TestCaseExecutor.accessMainPhase(TestCaseExecutor.java:410)
	at com.kms.katalon.core.main.TestCaseExecutor.execute(TestCaseExecutor.java:285)
	at com.kms.katalon.core.common.CommonExecutor.accessTestCaseMainPhase(CommonExecutor.java:65)
	at com.kms.katalon.core.main.TestSuiteExecutor.accessTestSuiteMainPhase(TestSuiteExecutor.java:148)
	at com.kms.katalon.core.main.TestSuiteExecutor.execute(TestSuiteExecutor.java:106)
	at com.kms.katalon.core.main.TestCaseMain.startTestSuite(TestCaseMain.java:187)
	at com.kms.katalon.core.main.TestCaseMain$startTestSuite$0.call(Unknown Source)
	at TempTestSuite1696467586530.run(TempTestSuite1696467586530.groovy:36)
Caused by: com.kms.katalon.core.exception.StepFailedException: Text 'number not valid' is not present on page 
	at com.kms.katalon.core.webui.keyword.internal.WebUIKeywordMain.stepFailed(WebUIKeywordMain.groovy:64)
	at com.kms.katalon.core.webui.keyword.builtin.VerifyTextPresentKeyword$_verifyTextPresent_closure1.doCall(VerifyTextPresentKeyword.groovy:79)
	at com.kms.katalon.core.webui.keyword.builtin.VerifyTextPresentKeyword$_verifyTextPresent_closure1.call(VerifyTextPresentKeyword.groovy)
	at com.kms.katalon.core.webui.keyword.internal.WebUIKeywordMain.runKeyword(WebUIKeywordMain.groovy:20)
	... 19 more]]></system-err>
      </testcase>
      <testcase name="Test Cases/M08 Edit Data Konsumen/EDK-012" time="55.23" classname="Test Cases/M08 Edit Data Konsumen/EDK-012" status="FAILED">
         <failure type="FAILED" message="Test Cases/M08 Edit Data Konsumen/EDK-012 FAILED.
Reason:
com.kms.katalon.core.exception.StepFailedException: Unable to verify text 'number not valid' is present 
	at com.kms.katalon.core.webui.keyword.internal.WebUIKeywordMain.stepFailed(WebUIKeywordMain.groovy:64)
	at com.kms.katalon.core.webui.keyword.internal.WebUIKeywordMain.runKeyword(WebUIKeywordMain.groovy:26)
	at com.kms.katalon.core.webui.keyword.builtin.VerifyTextPresentKeyword.verifyTextPresent(VerifyTextPresentKeyword.groovy:83)
	at com.kms.katalon.core.webui.keyword.builtin.VerifyTextPresentKeyword.execute(VerifyTextPresentKeyword.groovy:68)
	at com.kms.katalon.core.keyword.internal.KeywordExecutor.executeKeywordForPlatform(KeywordExecutor.groovy:74)
	at com.kms.katalon.core.webui.keyword.WebUiBuiltInKeywords.verifyTextPresent(WebUiBuiltInKeywords.groovy:1723)
	at com.kms.katalon.core.webui.keyword.WebUiBuiltInKeywords$verifyTextPresent$8.call(Unknown Source)
	at EDK-012.run(EDK-012:38)
	at com.kms.katalon.core.main.ScriptEngine.run(ScriptEngine.java:194)
	at com.kms.katalon.core.main.ScriptEngine.runScriptAsRawText(ScriptEngine.java:119)
	at com.kms.katalon.core.main.TestCaseExecutor.runScript(TestCaseExecutor.java:448)
	at com.kms.katalon.core.main.TestCaseExecutor.doExecute(TestCaseExecutor.java:439)
	at com.kms.katalon.core.main.TestCaseExecutor.processExecutionPhase(TestCaseExecutor.java:418)
	at com.kms.katalon.core.main.TestCaseExecutor.accessMainPhase(TestCaseExecutor.java:410)
	at com.kms.katalon.core.main.TestCaseExecutor.execute(TestCaseExecutor.java:285)
	at com.kms.katalon.core.common.CommonExecutor.accessTestCaseMainPhase(CommonExecutor.java:65)
	at com.kms.katalon.core.main.TestSuiteExecutor.accessTestSuiteMainPhase(TestSuiteExecutor.java:148)
	at com.kms.katalon.core.main.TestSuiteExecutor.execute(TestSuiteExecutor.java:106)
	at com.kms.katalon.core.main.TestCaseMain.startTestSuite(TestCaseMain.java:187)
	at com.kms.katalon.core.main.TestCaseMain$startTestSuite$0.call(Unknown Source)
	at TempTestSuite1696467586530.run(TempTestSuite1696467586530.groovy:36)
Caused by: com.kms.katalon.core.exception.StepFailedException: Text 'number not valid' is not present on page 
	at com.kms.katalon.core.webui.keyword.internal.WebUIKeywordMain.stepFailed(WebUIKeywordMain.groovy:64)
	at com.kms.katalon.core.webui.keyword.builtin.VerifyTextPresentKeyword$_verifyTextPresent_closure1.doCall(VerifyTextPresentKeyword.groovy:79)
	at com.kms.katalon.core.webui.keyword.builtin.VerifyTextPresentKeyword$_verifyTextPresent_closure1.call(VerifyTextPresentKeyword.groovy)
	at com.kms.katalon.core.webui.keyword.internal.WebUIKeywordMain.runKeyword(WebUIKeywordMain.groovy:20)
	... 19 more
"/>
         <system-out><![CDATA[2023-10-05 08:09:36 - [TEST_CASE][FAILED] - Test Cases/M08 Edit Data Konsumen/EDK-012: Test Cases/M08 Edit Data Konsumen/EDK-012 FAILED.
Reason:
com.kms.katalon.core.exception.StepFailedException: Unable to verify text 'number not valid' is present 
	at com.kms.katalon.core.webui.keyword.internal.WebUIKeywordMain.stepFailed(WebUIKeywordMain.groovy:64)
	at com.kms.katalon.core.webui.keyword.internal.WebUIKeywordMain.runKeyword(WebUIKeywordMain.groovy:26)
	at com.kms.katalon.core.webui.keyword.builtin.VerifyTextPresentKeyword.verifyTextPresent(VerifyTextPresentKeyword.groovy:83)
	at com.kms.katalon.core.webui.keyword.builtin.VerifyTextPresentKeyword.execute(VerifyTextPresentKeyword.groovy:68)
	at com.kms.katalon.core.keyword.internal.KeywordExecutor.executeKeywordForPlatform(KeywordExecutor.groovy:74)
	at com.kms.katalon.core.webui.keyword.WebUiBuiltInKeywords.verifyTextPresent(WebUiBuiltInKeywords.groovy:1723)
	at com.kms.katalon.core.webui.keyword.WebUiBuiltInKeywords$verifyTextPresent$8.call(Unknown Source)
	at EDK-012.run(EDK-012:38)
	at com.kms.katalon.core.main.ScriptEngine.run(ScriptEngine.java:194)
	at com.kms.katalon.core.main.ScriptEngine.runScriptAsRawText(ScriptEngine.java:119)
	at com.kms.katalon.core.main.TestCaseExecutor.runScript(TestCaseExecutor.java:448)
	at com.kms.katalon.core.main.TestCaseExecutor.doExecute(TestCaseExecutor.java:439)
	at com.kms.katalon.core.main.TestCaseExecutor.processExecutionPhase(TestCaseExecutor.java:418)
	at com.kms.katalon.core.main.TestCaseExecutor.accessMainPhase(TestCaseExecutor.java:410)
	at com.kms.katalon.core.main.TestCaseExecutor.execute(TestCaseExecutor.java:285)
	at com.kms.katalon.core.common.CommonExecutor.accessTestCaseMainPhase(CommonExecutor.java:65)
	at com.kms.katalon.core.main.TestSuiteExecutor.accessTestSuiteMainPhase(TestSuiteExecutor.java:148)
	at com.kms.katalon.core.main.TestSuiteExecutor.execute(TestSuiteExecutor.java:106)
	at com.kms.katalon.core.main.TestCaseMain.startTestSuite(TestCaseMain.java:187)
	at com.kms.katalon.core.main.TestCaseMain$startTestSuite$0.call(Unknown Source)
	at TempTestSuite1696467586530.run(TempTestSuite1696467586530.groovy:36)
Caused by: com.kms.katalon.core.exception.StepFailedException: Text 'number not valid' is not present on page 
	at com.kms.katalon.core.webui.keyword.internal.WebUIKeywordMain.stepFailed(WebUIKeywordMain.groovy:64)
	at com.kms.katalon.core.webui.keyword.builtin.VerifyTextPresentKeyword$_verifyTextPresent_closure1.doCall(VerifyTextPresentKeyword.groovy:79)
	at com.kms.katalon.core.webui.keyword.builtin.VerifyTextPresentKeyword$_verifyTextPresent_closure1.call(VerifyTextPresentKeyword.groovy)
	at com.kms.katalon.core.webui.keyword.internal.WebUIKeywordMain.runKeyword(WebUIKeywordMain.groovy:20)
	... 19 more


2023-10-05 08:09:36 - [TEST_STEP][PASSED] - callTestCase(findTestCase("M08 Edit Data Konsumen/EDK-001"), [:], STOP_ON_FAILURE): Call Test Case 'Test Cases/M08 Edit Data Konsumen/EDK-001' successfully

2023-10-05 08:09:36 - [TEST_CASE][PASSED] - Test Cases/M08 Edit Data Konsumen/EDK-001: Test Cases/M08 Edit Data Konsumen/EDK-001

2023-10-05 08:09:36 - [TEST_STEP][PASSED] - callTestCase(findTestCase("Login/TC-Login Admin-Success-001"), ["Username":"admin", "Password":"123admin123"], STOP_ON_FAILURE): Call Test Case 'Test Cases/Login/TC-Login Admin-Success-001' successfully

2023-10-05 08:09:36 - [TEST_CASE][PASSED] - Test Cases/Login/TC-Login Admin-Success-001: Test Cases/Login/TC-Login Admin-Success-001

2023-10-05 08:09:36 - [TEST_STEP][PASSED] - openBrowser("https://10.9.2.63/ecommerce/administrator/"): Browser is opened with url: 'https://10.9.2.63/ecommerce/administrator/'

2023-10-05 08:09:36 - [MESSAGE][WARNING] - A browser is already opened. Closing browser and opening a new one

2023-10-05 08:09:37 - [MESSAGE][INFO] - Starting 'Firefox' driver

2023-10-05 08:09:37 - [MESSAGE][INFO] - Action delay is set to 0 milliseconds

2023-10-05 08:09:41 - [MESSAGE][PASSED] - Browser is opened with url: 'https://10.9.2.63/ecommerce/administrator/'

2023-10-05 08:09:41 - [TEST_STEP][PASSED] - maximizeWindow(): Current window maximized

2023-10-05 08:09:41 - [MESSAGE][PASSED] - Current window maximized

2023-10-05 08:09:41 - [TEST_STEP][PASSED] - verifyElementPresent(findTestObject("Login admin/Tittle ADMIN"), 0): Object 'Object Repository/Login admin/Tittle ADMIN' is present

2023-10-05 08:09:41 - [MESSAGE][WARNING] - Timeout '0' is invalid. Using default page load timeout: '30'

2023-10-05 08:09:41 - [MESSAGE][PASSED] - Object 'Object Repository/Login admin/Tittle ADMIN' is present

2023-10-05 08:09:41 - [TEST_STEP][PASSED] - setText(findTestObject("Login/input_Username, Email atau No. Handphone_a"), Username): Text 'admin' is set on object 'Object Repository/Login/input_Username, Email atau No. Handphone_a'

2023-10-05 08:09:42 - [MESSAGE][PASSED] - Text 'admin' is set on object 'Object Repository/Login/input_Username, Email atau No. Handphone_a'

2023-10-05 08:09:42 - [TEST_STEP][PASSED] - setText(findTestObject("Login/input_Password"), Password): Text '123admin123' is set on object 'Object Repository/Login/input_Password'

2023-10-05 08:09:43 - [MESSAGE][PASSED] - Text '123admin123' is set on object 'Object Repository/Login/input_Password'

2023-10-05 08:09:43 - [TEST_STEP][PASSED] - click(findTestObject("Login admin/buttom Remember Me")): Object: 'Object Repository/Login admin/buttom Remember Me' is clicked on

2023-10-05 08:09:43 - [MESSAGE][PASSED] - Object: 'Object Repository/Login admin/buttom Remember Me' is clicked on

2023-10-05 08:09:43 - [TEST_STEP][PASSED] - delay(10): Delayed 10 second(s)

2023-10-05 08:09:53 - [MESSAGE][PASSED] - Delayed 10 second(s)

2023-10-05 08:09:53 - [TEST_STEP][PASSED] - click(findTestObject("Login admin/buttom sign in")): Object: 'Object Repository/Login admin/buttom sign in' is clicked on

2023-10-05 08:09:55 - [MESSAGE][PASSED] - Object: 'Object Repository/Login admin/buttom sign in' is clicked on

2023-10-05 08:09:55 - [TEST_STEP][PASSED] - verifyElementPresent(findTestObject("Login admin/Tittle Dashboard"), 0): Object 'Object Repository/Login admin/Tittle Dashboard' is present

2023-10-05 08:09:55 - [MESSAGE][WARNING] - Timeout '0' is invalid. Using default page load timeout: '30'

2023-10-05 08:09:59 - [MESSAGE][PASSED] - Object 'Object Repository/Login admin/Tittle Dashboard' is present

2023-10-05 08:09:59 - [MESSAGE][PASSED] - Call Test Case 'Test Cases/Login/TC-Login Admin-Success-001' successfully

2023-10-05 08:09:59 - [TEST_STEP][PASSED] - click(findTestObject("Menu pencarian Toko admin/Menu Master Market")): Object: 'Object Repository/Menu pencarian Toko admin/Menu Master Market' is clicked on

2023-10-05 08:10:00 - [MESSAGE][PASSED] - Object: 'Object Repository/Menu pencarian Toko admin/Menu Master Market' is clicked on

2023-10-05 08:10:00 - [TEST_STEP][PASSED] - click(findTestObject("Edit Data konsumen/Menu Konsumen")): Object: 'Object Repository/Edit Data konsumen/Menu Konsumen' is clicked on

2023-10-05 08:10:02 - [MESSAGE][PASSED] - Object: 'Object Repository/Edit Data konsumen/Menu Konsumen' is clicked on

2023-10-05 08:10:02 - [TEST_STEP][PASSED] - verifyElementPresent(findTestObject("Edit Data konsumen/Tittle Daftar Semua Konsumen"), 0): Object 'Object Repository/Edit Data konsumen/Tittle Daftar Semua Konsumen' is present

2023-10-05 08:10:02 - [MESSAGE][WARNING] - Timeout '0' is invalid. Using default page load timeout: '30'

2023-10-05 08:10:07 - [MESSAGE][PASSED] - Object 'Object Repository/Edit Data konsumen/Tittle Daftar Semua Konsumen' is present

2023-10-05 08:10:07 - [MESSAGE][PASSED] - Call Test Case 'Test Cases/M08 Edit Data Konsumen/EDK-001' successfully

2023-10-05 08:10:07 - [TEST_STEP][PASSED] - click(findTestObject("file baru/search")): Object: 'Object Repository/file baru/search' is clicked on

2023-10-05 08:10:08 - [MESSAGE][PASSED] - Object: 'Object Repository/file baru/search' is clicked on

2023-10-05 08:10:08 - [TEST_STEP][PASSED] - setText(findTestObject("file baru/search"), "udin padinding oii"): Text 'udin padinding oii' is set on object 'Object Repository/file baru/search'

2023-10-05 08:10:09 - [MESSAGE][PASSED] - Text 'udin padinding oii' is set on object 'Object Repository/file baru/search'

2023-10-05 08:10:09 - [TEST_STEP][PASSED] - click(findTestObject("file baru/buttom edit")): Object: 'Object Repository/file baru/buttom edit' is clicked on

2023-10-05 08:10:14 - [MESSAGE][PASSED] - Object: 'Object Repository/file baru/buttom edit' is clicked on

2023-10-05 08:10:14 - [TEST_STEP][PASSED] - verifyElementPresent(findTestObject("Edit Data konsumen/tittle Edit Data Konsumen"), 0): Object 'Object Repository/Edit Data konsumen/tittle Edit Data Konsumen' is present

2023-10-05 08:10:14 - [MESSAGE][WARNING] - Timeout '0' is invalid. Using default page load timeout: '30'

2023-10-05 08:10:21 - [MESSAGE][PASSED] - Object 'Object Repository/Edit Data konsumen/tittle Edit Data Konsumen' is present

2023-10-05 08:10:21 - [TEST_STEP][PASSED] - setText(findTestObject("Edit Data konsumen/Input no Hp/input No Hp"), "08128987678987"): Text '08128987678987' is set on object 'Object Repository/Edit Data konsumen/Input no Hp/input No Hp'

2023-10-05 08:10:23 - [MESSAGE][PASSED] - Text '08128987678987' is set on object 'Object Repository/Edit Data konsumen/Input no Hp/input No Hp'

2023-10-05 08:10:23 - [TEST_STEP][PASSED] - click(findTestObject("Edit Data konsumen/button_Update")): Object: 'Object Repository/Edit Data konsumen/button_Update' is clicked on

2023-10-05 08:10:24 - [MESSAGE][PASSED] - Object: 'Object Repository/Edit Data konsumen/button_Update' is clicked on

2023-10-05 08:10:24 - [TEST_STEP][FAILED] - verifyTextPresent("number not valid", false): Unable to verify text 'number not valid' is present  (Root cause: com.kms.katalon.core.exception.StepFailedException: Unable to verify text 'number not valid' is present 
	at com.kms.katalon.core.webui.keyword.internal.WebUIKeywordMain.stepFailed(WebUIKeywordMain.groovy:64)
	at com.kms.katalon.core.webui.keyword.internal.WebUIKeywordMain.runKeyword(WebUIKeywordMain.groovy:26)
	at com.kms.katalon.core.webui.keyword.builtin.VerifyTextPresentKeyword.verifyTextPresent(VerifyTextPresentKeyword.groovy:83)
	at com.kms.katalon.core.webui.keyword.builtin.VerifyTextPresentKeyword.execute(VerifyTextPresentKeyword.groovy:68)
	at com.kms.katalon.core.keyword.internal.KeywordExecutor.executeKeywordForPlatform(KeywordExecutor.groovy:74)
	at com.kms.katalon.core.webui.keyword.WebUiBuiltInKeywords.verifyTextPresent(WebUiBuiltInKeywords.groovy:1723)
	at com.kms.katalon.core.webui.keyword.WebUiBuiltInKeywords$verifyTextPresent$8.call(Unknown Source)
	at EDK-012.run(EDK-012:38)
	at com.kms.katalon.core.main.ScriptEngine.run(ScriptEngine.java:194)
	at com.kms.katalon.core.main.ScriptEngine.runScriptAsRawText(ScriptEngine.java:119)
	at com.kms.katalon.core.main.TestCaseExecutor.runScript(TestCaseExecutor.java:448)
	at com.kms.katalon.core.main.TestCaseExecutor.doExecute(TestCaseExecutor.java:439)
	at com.kms.katalon.core.main.TestCaseExecutor.processExecutionPhase(TestCaseExecutor.java:418)
	at com.kms.katalon.core.main.TestCaseExecutor.accessMainPhase(TestCaseExecutor.java:410)
	at com.kms.katalon.core.main.TestCaseExecutor.execute(TestCaseExecutor.java:285)
	at com.kms.katalon.core.common.CommonExecutor.accessTestCaseMainPhase(CommonExecutor.java:65)
	at com.kms.katalon.core.main.TestSuiteExecutor.accessTestSuiteMainPhase(TestSuiteExecutor.java:148)
	at com.kms.katalon.core.main.TestSuiteExecutor.execute(TestSuiteExecutor.java:106)
	at com.kms.katalon.core.main.TestCaseMain.startTestSuite(TestCaseMain.java:187)
	at com.kms.katalon.core.main.TestCaseMain$startTestSuite$0.call(Unknown Source)
	at TempTestSuite1696467586530.run(TempTestSuite1696467586530.groovy:36)
Caused by: com.kms.katalon.core.exception.StepFailedException: Text 'number not valid' is not present on page 
	at com.kms.katalon.core.webui.keyword.internal.WebUIKeywordMain.stepFailed(WebUIKeywordMain.groovy:64)
	at com.kms.katalon.core.webui.keyword.builtin.VerifyTextPresentKeyword$_verifyTextPresent_closure1.doCall(VerifyTextPresentKeyword.groovy:79)
	at com.kms.katalon.core.webui.keyword.builtin.VerifyTextPresentKeyword$_verifyTextPresent_closure1.call(VerifyTextPresentKeyword.groovy)
	at com.kms.katalon.core.webui.keyword.internal.WebUIKeywordMain.runKeyword(WebUIKeywordMain.groovy:20)
	... 19 more
)

2023-10-05 08:10:31 - [MESSAGE][FAILED] - Text 'number not valid' is not present on page  (Root cause: com.kms.katalon.core.exception.StepFailedException: Text 'number not valid' is not present on page 
	at com.kms.katalon.core.webui.keyword.internal.WebUIKeywordMain.stepFailed(WebUIKeywordMain.groovy:64)
	at com.kms.katalon.core.webui.keyword.builtin.VerifyTextPresentKeyword$_verifyTextPresent_closure1.doCall(VerifyTextPresentKeyword.groovy:79)
	at com.kms.katalon.core.webui.keyword.builtin.VerifyTextPresentKeyword$_verifyTextPresent_closure1.call(VerifyTextPresentKeyword.groovy)
	at com.kms.katalon.core.webui.keyword.internal.WebUIKeywordMain.runKeyword(WebUIKeywordMain.groovy:20)
	at com.kms.katalon.core.webui.keyword.builtin.VerifyTextPresentKeyword.verifyTextPresent(VerifyTextPresentKeyword.groovy:83)
	at com.kms.katalon.core.webui.keyword.builtin.VerifyTextPresentKeyword.execute(VerifyTextPresentKeyword.groovy:68)
	at com.kms.katalon.core.keyword.internal.KeywordExecutor.executeKeywordForPlatform(KeywordExecutor.groovy:74)
	at com.kms.katalon.core.webui.keyword.WebUiBuiltInKeywords.verifyTextPresent(WebUiBuiltInKeywords.groovy:1723)
	at com.kms.katalon.core.webui.keyword.WebUiBuiltInKeywords$verifyTextPresent$8.call(Unknown Source)
	at EDK-012.run(EDK-012:38)
	at com.kms.katalon.core.main.ScriptEngine.run(ScriptEngine.java:194)
	at com.kms.katalon.core.main.ScriptEngine.runScriptAsRawText(ScriptEngine.java:119)
	at com.kms.katalon.core.main.TestCaseExecutor.runScript(TestCaseExecutor.java:448)
	at com.kms.katalon.core.main.TestCaseExecutor.doExecute(TestCaseExecutor.java:439)
	at com.kms.katalon.core.main.TestCaseExecutor.processExecutionPhase(TestCaseExecutor.java:418)
	at com.kms.katalon.core.main.TestCaseExecutor.accessMainPhase(TestCaseExecutor.java:410)
	at com.kms.katalon.core.main.TestCaseExecutor.execute(TestCaseExecutor.java:285)
	at com.kms.katalon.core.common.CommonExecutor.accessTestCaseMainPhase(CommonExecutor.java:65)
	at com.kms.katalon.core.main.TestSuiteExecutor.accessTestSuiteMainPhase(TestSuiteExecutor.java:148)
	at com.kms.katalon.core.main.TestSuiteExecutor.execute(TestSuiteExecutor.java:106)
	at com.kms.katalon.core.main.TestCaseMain.startTestSuite(TestCaseMain.java:187)
	at com.kms.katalon.core.main.TestCaseMain$startTestSuite$0.call(Unknown Source)
	at TempTestSuite1696467586530.run(TempTestSuite1696467586530.groovy:36)
)

2023-10-05 08:10:31 - [MESSAGE][FAILED] - Unable to verify text 'number not valid' is present  (Root cause: com.kms.katalon.core.exception.StepFailedException: Unable to verify text 'number not valid' is present 
	at com.kms.katalon.core.webui.keyword.internal.WebUIKeywordMain.stepFailed(WebUIKeywordMain.groovy:64)
	at com.kms.katalon.core.webui.keyword.internal.WebUIKeywordMain.runKeyword(WebUIKeywordMain.groovy:26)
	at com.kms.katalon.core.webui.keyword.builtin.VerifyTextPresentKeyword.verifyTextPresent(VerifyTextPresentKeyword.groovy:83)
	at com.kms.katalon.core.webui.keyword.builtin.VerifyTextPresentKeyword.execute(VerifyTextPresentKeyword.groovy:68)
	at com.kms.katalon.core.keyword.internal.KeywordExecutor.executeKeywordForPlatform(KeywordExecutor.groovy:74)
	at com.kms.katalon.core.webui.keyword.WebUiBuiltInKeywords.verifyTextPresent(WebUiBuiltInKeywords.groovy:1723)
	at com.kms.katalon.core.webui.keyword.WebUiBuiltInKeywords$verifyTextPresent$8.call(Unknown Source)
	at EDK-012.run(EDK-012:38)
	at com.kms.katalon.core.main.ScriptEngine.run(ScriptEngine.java:194)
	at com.kms.katalon.core.main.ScriptEngine.runScriptAsRawText(ScriptEngine.java:119)
	at com.kms.katalon.core.main.TestCaseExecutor.runScript(TestCaseExecutor.java:448)
	at com.kms.katalon.core.main.TestCaseExecutor.doExecute(TestCaseExecutor.java:439)
	at com.kms.katalon.core.main.TestCaseExecutor.processExecutionPhase(TestCaseExecutor.java:418)
	at com.kms.katalon.core.main.TestCaseExecutor.accessMainPhase(TestCaseExecutor.java:410)
	at com.kms.katalon.core.main.TestCaseExecutor.execute(TestCaseExecutor.java:285)
	at com.kms.katalon.core.common.CommonExecutor.accessTestCaseMainPhase(CommonExecutor.java:65)
	at com.kms.katalon.core.main.TestSuiteExecutor.accessTestSuiteMainPhase(TestSuiteExecutor.java:148)
	at com.kms.katalon.core.main.TestSuiteExecutor.execute(TestSuiteExecutor.java:106)
	at com.kms.katalon.core.main.TestCaseMain.startTestSuite(TestCaseMain.java:187)
	at com.kms.katalon.core.main.TestCaseMain$startTestSuite$0.call(Unknown Source)
	at TempTestSuite1696467586530.run(TempTestSuite1696467586530.groovy:36)
Caused by: com.kms.katalon.core.exception.StepFailedException: Text 'number not valid' is not present on page 
	at com.kms.katalon.core.webui.keyword.internal.WebUIKeywordMain.stepFailed(WebUIKeywordMain.groovy:64)
	at com.kms.katalon.core.webui.keyword.builtin.VerifyTextPresentKeyword$_verifyTextPresent_closure1.doCall(VerifyTextPresentKeyword.groovy:79)
	at com.kms.katalon.core.webui.keyword.builtin.VerifyTextPresentKeyword$_verifyTextPresent_closure1.call(VerifyTextPresentKeyword.groovy)
	at com.kms.katalon.core.webui.keyword.internal.WebUIKeywordMain.runKeyword(WebUIKeywordMain.groovy:20)
	... 19 more
)
[[ATTACHMENT|C:\\FT2 XSIS\\Projek Eval 2 Tajalapak dan administrator\\Reports\\20231005_075946\\Edit Data Konsumen\\Edit Data Konsumen\\20231005_075946\\1696468231290.png]]]]></system-out>
         <system-err><![CDATA[2023-10-05 08:09:36 - [TEST_CASE][FAILED] - Test Cases/M08 Edit Data Konsumen/EDK-012: Test Cases/M08 Edit Data Konsumen/EDK-012 FAILED.
Reason:
com.kms.katalon.core.exception.StepFailedException: Unable to verify text 'number not valid' is present 
	at com.kms.katalon.core.webui.keyword.internal.WebUIKeywordMain.stepFailed(WebUIKeywordMain.groovy:64)
	at com.kms.katalon.core.webui.keyword.internal.WebUIKeywordMain.runKeyword(WebUIKeywordMain.groovy:26)
	at com.kms.katalon.core.webui.keyword.builtin.VerifyTextPresentKeyword.verifyTextPresent(VerifyTextPresentKeyword.groovy:83)
	at com.kms.katalon.core.webui.keyword.builtin.VerifyTextPresentKeyword.execute(VerifyTextPresentKeyword.groovy:68)
	at com.kms.katalon.core.keyword.internal.KeywordExecutor.executeKeywordForPlatform(KeywordExecutor.groovy:74)
	at com.kms.katalon.core.webui.keyword.WebUiBuiltInKeywords.verifyTextPresent(WebUiBuiltInKeywords.groovy:1723)
	at com.kms.katalon.core.webui.keyword.WebUiBuiltInKeywords$verifyTextPresent$8.call(Unknown Source)
	at EDK-012.run(EDK-012:38)
	at com.kms.katalon.core.main.ScriptEngine.run(ScriptEngine.java:194)
	at com.kms.katalon.core.main.ScriptEngine.runScriptAsRawText(ScriptEngine.java:119)
	at com.kms.katalon.core.main.TestCaseExecutor.runScript(TestCaseExecutor.java:448)
	at com.kms.katalon.core.main.TestCaseExecutor.doExecute(TestCaseExecutor.java:439)
	at com.kms.katalon.core.main.TestCaseExecutor.processExecutionPhase(TestCaseExecutor.java:418)
	at com.kms.katalon.core.main.TestCaseExecutor.accessMainPhase(TestCaseExecutor.java:410)
	at com.kms.katalon.core.main.TestCaseExecutor.execute(TestCaseExecutor.java:285)
	at com.kms.katalon.core.common.CommonExecutor.accessTestCaseMainPhase(CommonExecutor.java:65)
	at com.kms.katalon.core.main.TestSuiteExecutor.accessTestSuiteMainPhase(TestSuiteExecutor.java:148)
	at com.kms.katalon.core.main.TestSuiteExecutor.execute(TestSuiteExecutor.java:106)
	at com.kms.katalon.core.main.TestCaseMain.startTestSuite(TestCaseMain.java:187)
	at com.kms.katalon.core.main.TestCaseMain$startTestSuite$0.call(Unknown Source)
	at TempTestSuite1696467586530.run(TempTestSuite1696467586530.groovy:36)
Caused by: com.kms.katalon.core.exception.StepFailedException: Text 'number not valid' is not present on page 
	at com.kms.katalon.core.webui.keyword.internal.WebUIKeywordMain.stepFailed(WebUIKeywordMain.groovy:64)
	at com.kms.katalon.core.webui.keyword.builtin.VerifyTextPresentKeyword$_verifyTextPresent_closure1.doCall(VerifyTextPresentKeyword.groovy:79)
	at com.kms.katalon.core.webui.keyword.builtin.VerifyTextPresentKeyword$_verifyTextPresent_closure1.call(VerifyTextPresentKeyword.groovy)
	at com.kms.katalon.core.webui.keyword.internal.WebUIKeywordMain.runKeyword(WebUIKeywordMain.groovy:20)
	... 19 more]]></system-err>
      </testcase>
      <testcase name="Test Cases/M08 Edit Data Konsumen/EDK-013" time="56.615" classname="Test Cases/M08 Edit Data Konsumen/EDK-013" status="FAILED">
         <failure type="FAILED" message="Test Cases/M08 Edit Data Konsumen/EDK-013 FAILED.
Reason:
com.kms.katalon.core.exception.StepFailedException: Unable to verify text 'Password must include Aplanumeric' is present 
	at com.kms.katalon.core.webui.keyword.internal.WebUIKeywordMain.stepFailed(WebUIKeywordMain.groovy:64)
	at com.kms.katalon.core.webui.keyword.internal.WebUIKeywordMain.runKeyword(WebUIKeywordMain.groovy:26)
	at com.kms.katalon.core.webui.keyword.builtin.VerifyTextPresentKeyword.verifyTextPresent(VerifyTextPresentKeyword.groovy:83)
	at com.kms.katalon.core.webui.keyword.builtin.VerifyTextPresentKeyword.execute(VerifyTextPresentKeyword.groovy:68)
	at com.kms.katalon.core.keyword.internal.KeywordExecutor.executeKeywordForPlatform(KeywordExecutor.groovy:74)
	at com.kms.katalon.core.webui.keyword.WebUiBuiltInKeywords.verifyTextPresent(WebUiBuiltInKeywords.groovy:1723)
	at com.kms.katalon.core.webui.keyword.WebUiBuiltInKeywords$verifyTextPresent$8.call(Unknown Source)
	at EDK-013.run(EDK-013:36)
	at com.kms.katalon.core.main.ScriptEngine.run(ScriptEngine.java:194)
	at com.kms.katalon.core.main.ScriptEngine.runScriptAsRawText(ScriptEngine.java:119)
	at com.kms.katalon.core.main.TestCaseExecutor.runScript(TestCaseExecutor.java:448)
	at com.kms.katalon.core.main.TestCaseExecutor.doExecute(TestCaseExecutor.java:439)
	at com.kms.katalon.core.main.TestCaseExecutor.processExecutionPhase(TestCaseExecutor.java:418)
	at com.kms.katalon.core.main.TestCaseExecutor.accessMainPhase(TestCaseExecutor.java:410)
	at com.kms.katalon.core.main.TestCaseExecutor.execute(TestCaseExecutor.java:285)
	at com.kms.katalon.core.common.CommonExecutor.accessTestCaseMainPhase(CommonExecutor.java:65)
	at com.kms.katalon.core.main.TestSuiteExecutor.accessTestSuiteMainPhase(TestSuiteExecutor.java:148)
	at com.kms.katalon.core.main.TestSuiteExecutor.execute(TestSuiteExecutor.java:106)
	at com.kms.katalon.core.main.TestCaseMain.startTestSuite(TestCaseMain.java:187)
	at com.kms.katalon.core.main.TestCaseMain$startTestSuite$0.call(Unknown Source)
	at TempTestSuite1696467586530.run(TempTestSuite1696467586530.groovy:36)
Caused by: com.kms.katalon.core.exception.StepFailedException: Text 'Password must include Aplanumeric' is not present on page 
	at com.kms.katalon.core.webui.keyword.internal.WebUIKeywordMain.stepFailed(WebUIKeywordMain.groovy:64)
	at com.kms.katalon.core.webui.keyword.builtin.VerifyTextPresentKeyword$_verifyTextPresent_closure1.doCall(VerifyTextPresentKeyword.groovy:79)
	at com.kms.katalon.core.webui.keyword.builtin.VerifyTextPresentKeyword$_verifyTextPresent_closure1.call(VerifyTextPresentKeyword.groovy)
	at com.kms.katalon.core.webui.keyword.internal.WebUIKeywordMain.runKeyword(WebUIKeywordMain.groovy:20)
	... 19 more
"/>
         <system-out><![CDATA[2023-10-05 08:10:31 - [TEST_CASE][FAILED] - Test Cases/M08 Edit Data Konsumen/EDK-013: Test Cases/M08 Edit Data Konsumen/EDK-013 FAILED.
Reason:
com.kms.katalon.core.exception.StepFailedException: Unable to verify text 'Password must include Aplanumeric' is present 
	at com.kms.katalon.core.webui.keyword.internal.WebUIKeywordMain.stepFailed(WebUIKeywordMain.groovy:64)
	at com.kms.katalon.core.webui.keyword.internal.WebUIKeywordMain.runKeyword(WebUIKeywordMain.groovy:26)
	at com.kms.katalon.core.webui.keyword.builtin.VerifyTextPresentKeyword.verifyTextPresent(VerifyTextPresentKeyword.groovy:83)
	at com.kms.katalon.core.webui.keyword.builtin.VerifyTextPresentKeyword.execute(VerifyTextPresentKeyword.groovy:68)
	at com.kms.katalon.core.keyword.internal.KeywordExecutor.executeKeywordForPlatform(KeywordExecutor.groovy:74)
	at com.kms.katalon.core.webui.keyword.WebUiBuiltInKeywords.verifyTextPresent(WebUiBuiltInKeywords.groovy:1723)
	at com.kms.katalon.core.webui.keyword.WebUiBuiltInKeywords$verifyTextPresent$8.call(Unknown Source)
	at EDK-013.run(EDK-013:36)
	at com.kms.katalon.core.main.ScriptEngine.run(ScriptEngine.java:194)
	at com.kms.katalon.core.main.ScriptEngine.runScriptAsRawText(ScriptEngine.java:119)
	at com.kms.katalon.core.main.TestCaseExecutor.runScript(TestCaseExecutor.java:448)
	at com.kms.katalon.core.main.TestCaseExecutor.doExecute(TestCaseExecutor.java:439)
	at com.kms.katalon.core.main.TestCaseExecutor.processExecutionPhase(TestCaseExecutor.java:418)
	at com.kms.katalon.core.main.TestCaseExecutor.accessMainPhase(TestCaseExecutor.java:410)
	at com.kms.katalon.core.main.TestCaseExecutor.execute(TestCaseExecutor.java:285)
	at com.kms.katalon.core.common.CommonExecutor.accessTestCaseMainPhase(CommonExecutor.java:65)
	at com.kms.katalon.core.main.TestSuiteExecutor.accessTestSuiteMainPhase(TestSuiteExecutor.java:148)
	at com.kms.katalon.core.main.TestSuiteExecutor.execute(TestSuiteExecutor.java:106)
	at com.kms.katalon.core.main.TestCaseMain.startTestSuite(TestCaseMain.java:187)
	at com.kms.katalon.core.main.TestCaseMain$startTestSuite$0.call(Unknown Source)
	at TempTestSuite1696467586530.run(TempTestSuite1696467586530.groovy:36)
Caused by: com.kms.katalon.core.exception.StepFailedException: Text 'Password must include Aplanumeric' is not present on page 
	at com.kms.katalon.core.webui.keyword.internal.WebUIKeywordMain.stepFailed(WebUIKeywordMain.groovy:64)
	at com.kms.katalon.core.webui.keyword.builtin.VerifyTextPresentKeyword$_verifyTextPresent_closure1.doCall(VerifyTextPresentKeyword.groovy:79)
	at com.kms.katalon.core.webui.keyword.builtin.VerifyTextPresentKeyword$_verifyTextPresent_closure1.call(VerifyTextPresentKeyword.groovy)
	at com.kms.katalon.core.webui.keyword.internal.WebUIKeywordMain.runKeyword(WebUIKeywordMain.groovy:20)
	... 19 more


2023-10-05 08:10:31 - [TEST_STEP][PASSED] - callTestCase(findTestCase("M08 Edit Data Konsumen/EDK-001"), [:], STOP_ON_FAILURE): Call Test Case 'Test Cases/M08 Edit Data Konsumen/EDK-001' successfully

2023-10-05 08:10:31 - [TEST_CASE][PASSED] - Test Cases/M08 Edit Data Konsumen/EDK-001: Test Cases/M08 Edit Data Konsumen/EDK-001

2023-10-05 08:10:31 - [TEST_STEP][PASSED] - callTestCase(findTestCase("Login/TC-Login Admin-Success-001"), ["Username":"admin", "Password":"123admin123"], STOP_ON_FAILURE): Call Test Case 'Test Cases/Login/TC-Login Admin-Success-001' successfully

2023-10-05 08:10:31 - [TEST_CASE][PASSED] - Test Cases/Login/TC-Login Admin-Success-001: Test Cases/Login/TC-Login Admin-Success-001

2023-10-05 08:10:31 - [TEST_STEP][PASSED] - openBrowser("https://10.9.2.63/ecommerce/administrator/"): Browser is opened with url: 'https://10.9.2.63/ecommerce/administrator/'

2023-10-05 08:10:31 - [MESSAGE][WARNING] - A browser is already opened. Closing browser and opening a new one

2023-10-05 08:10:32 - [MESSAGE][INFO] - Starting 'Firefox' driver

2023-10-05 08:10:32 - [MESSAGE][INFO] - Action delay is set to 0 milliseconds

2023-10-05 08:10:37 - [MESSAGE][PASSED] - Browser is opened with url: 'https://10.9.2.63/ecommerce/administrator/'

2023-10-05 08:10:37 - [TEST_STEP][PASSED] - maximizeWindow(): Current window maximized

2023-10-05 08:10:37 - [MESSAGE][PASSED] - Current window maximized

2023-10-05 08:10:37 - [TEST_STEP][PASSED] - verifyElementPresent(findTestObject("Login admin/Tittle ADMIN"), 0): Object 'Object Repository/Login admin/Tittle ADMIN' is present

2023-10-05 08:10:37 - [MESSAGE][WARNING] - Timeout '0' is invalid. Using default page load timeout: '30'

2023-10-05 08:10:37 - [MESSAGE][PASSED] - Object 'Object Repository/Login admin/Tittle ADMIN' is present

2023-10-05 08:10:37 - [TEST_STEP][PASSED] - setText(findTestObject("Login/input_Username, Email atau No. Handphone_a"), Username): Text 'admin' is set on object 'Object Repository/Login/input_Username, Email atau No. Handphone_a'

2023-10-05 08:10:38 - [MESSAGE][PASSED] - Text 'admin' is set on object 'Object Repository/Login/input_Username, Email atau No. Handphone_a'

2023-10-05 08:10:38 - [TEST_STEP][PASSED] - setText(findTestObject("Login/input_Password"), Password): Text '123admin123' is set on object 'Object Repository/Login/input_Password'

2023-10-05 08:10:38 - [MESSAGE][PASSED] - Text '123admin123' is set on object 'Object Repository/Login/input_Password'

2023-10-05 08:10:38 - [TEST_STEP][PASSED] - click(findTestObject("Login admin/buttom Remember Me")): Object: 'Object Repository/Login admin/buttom Remember Me' is clicked on

2023-10-05 08:10:39 - [MESSAGE][PASSED] - Object: 'Object Repository/Login admin/buttom Remember Me' is clicked on

2023-10-05 08:10:39 - [TEST_STEP][PASSED] - delay(10): Delayed 10 second(s)

2023-10-05 08:10:49 - [MESSAGE][PASSED] - Delayed 10 second(s)

2023-10-05 08:10:49 - [TEST_STEP][PASSED] - click(findTestObject("Login admin/buttom sign in")): Object: 'Object Repository/Login admin/buttom sign in' is clicked on

2023-10-05 08:10:51 - [MESSAGE][PASSED] - Object: 'Object Repository/Login admin/buttom sign in' is clicked on

2023-10-05 08:10:51 - [TEST_STEP][PASSED] - verifyElementPresent(findTestObject("Login admin/Tittle Dashboard"), 0): Object 'Object Repository/Login admin/Tittle Dashboard' is present

2023-10-05 08:10:51 - [MESSAGE][WARNING] - Timeout '0' is invalid. Using default page load timeout: '30'

2023-10-05 08:10:57 - [MESSAGE][PASSED] - Object 'Object Repository/Login admin/Tittle Dashboard' is present

2023-10-05 08:10:57 - [MESSAGE][PASSED] - Call Test Case 'Test Cases/Login/TC-Login Admin-Success-001' successfully

2023-10-05 08:10:57 - [TEST_STEP][PASSED] - click(findTestObject("Menu pencarian Toko admin/Menu Master Market")): Object: 'Object Repository/Menu pencarian Toko admin/Menu Master Market' is clicked on

2023-10-05 08:10:58 - [MESSAGE][PASSED] - Object: 'Object Repository/Menu pencarian Toko admin/Menu Master Market' is clicked on

2023-10-05 08:10:58 - [TEST_STEP][PASSED] - click(findTestObject("Edit Data konsumen/Menu Konsumen")): Object: 'Object Repository/Edit Data konsumen/Menu Konsumen' is clicked on

2023-10-05 08:11:00 - [MESSAGE][PASSED] - Object: 'Object Repository/Edit Data konsumen/Menu Konsumen' is clicked on

2023-10-05 08:11:00 - [TEST_STEP][PASSED] - verifyElementPresent(findTestObject("Edit Data konsumen/Tittle Daftar Semua Konsumen"), 0): Object 'Object Repository/Edit Data konsumen/Tittle Daftar Semua Konsumen' is present

2023-10-05 08:11:00 - [MESSAGE][WARNING] - Timeout '0' is invalid. Using default page load timeout: '30'

2023-10-05 08:11:06 - [MESSAGE][PASSED] - Object 'Object Repository/Edit Data konsumen/Tittle Daftar Semua Konsumen' is present

2023-10-05 08:11:06 - [MESSAGE][PASSED] - Call Test Case 'Test Cases/M08 Edit Data Konsumen/EDK-001' successfully

2023-10-05 08:11:06 - [TEST_STEP][PASSED] - click(findTestObject("file baru/search")): Object: 'Object Repository/file baru/search' is clicked on

2023-10-05 08:11:07 - [MESSAGE][PASSED] - Object: 'Object Repository/file baru/search' is clicked on

2023-10-05 08:11:07 - [TEST_STEP][PASSED] - setText(findTestObject("file baru/search"), "udin padinding oii"): Text 'udin padinding oii' is set on object 'Object Repository/file baru/search'

2023-10-05 08:11:08 - [MESSAGE][PASSED] - Text 'udin padinding oii' is set on object 'Object Repository/file baru/search'

2023-10-05 08:11:08 - [TEST_STEP][PASSED] - click(findTestObject("file baru/buttom edit")): Object: 'Object Repository/file baru/buttom edit' is clicked on

2023-10-05 08:11:13 - [MESSAGE][PASSED] - Object: 'Object Repository/file baru/buttom edit' is clicked on

2023-10-05 08:11:13 - [TEST_STEP][PASSED] - verifyElementPresent(findTestObject("Edit Data konsumen/tittle Edit Data Konsumen"), 0): Object 'Object Repository/Edit Data konsumen/tittle Edit Data Konsumen' is present

2023-10-05 08:11:13 - [MESSAGE][WARNING] - Timeout '0' is invalid. Using default page load timeout: '30'

2023-10-05 08:11:19 - [MESSAGE][PASSED] - Object 'Object Repository/Edit Data konsumen/tittle Edit Data Konsumen' is present

2023-10-05 08:11:19 - [TEST_STEP][PASSED] - setText(findTestObject("Edit Data konsumen/ganti password/input_Ganti Password"), password): Text 'udinpadinding' is set on object 'Object Repository/Edit Data konsumen/ganti password/input_Ganti Password'

2023-10-05 08:11:20 - [MESSAGE][PASSED] - Text 'udinpadinding' is set on object 'Object Repository/Edit Data konsumen/ganti password/input_Ganti Password'

2023-10-05 08:11:20 - [TEST_STEP][PASSED] - click(findTestObject("Edit Data konsumen/button_Update")): Object: 'Object Repository/Edit Data konsumen/button_Update' is clicked on

2023-10-05 08:11:21 - [MESSAGE][PASSED] - Object: 'Object Repository/Edit Data konsumen/button_Update' is clicked on

2023-10-05 08:11:21 - [TEST_STEP][FAILED] - verifyTextPresent("Password must include Aplanumeric", false): Unable to verify text 'Password must include Aplanumeric' is present  (Root cause: com.kms.katalon.core.exception.StepFailedException: Unable to verify text 'Password must include Aplanumeric' is present 
	at com.kms.katalon.core.webui.keyword.internal.WebUIKeywordMain.stepFailed(WebUIKeywordMain.groovy:64)
	at com.kms.katalon.core.webui.keyword.internal.WebUIKeywordMain.runKeyword(WebUIKeywordMain.groovy:26)
	at com.kms.katalon.core.webui.keyword.builtin.VerifyTextPresentKeyword.verifyTextPresent(VerifyTextPresentKeyword.groovy:83)
	at com.kms.katalon.core.webui.keyword.builtin.VerifyTextPresentKeyword.execute(VerifyTextPresentKeyword.groovy:68)
	at com.kms.katalon.core.keyword.internal.KeywordExecutor.executeKeywordForPlatform(KeywordExecutor.groovy:74)
	at com.kms.katalon.core.webui.keyword.WebUiBuiltInKeywords.verifyTextPresent(WebUiBuiltInKeywords.groovy:1723)
	at com.kms.katalon.core.webui.keyword.WebUiBuiltInKeywords$verifyTextPresent$8.call(Unknown Source)
	at EDK-013.run(EDK-013:36)
	at com.kms.katalon.core.main.ScriptEngine.run(ScriptEngine.java:194)
	at com.kms.katalon.core.main.ScriptEngine.runScriptAsRawText(ScriptEngine.java:119)
	at com.kms.katalon.core.main.TestCaseExecutor.runScript(TestCaseExecutor.java:448)
	at com.kms.katalon.core.main.TestCaseExecutor.doExecute(TestCaseExecutor.java:439)
	at com.kms.katalon.core.main.TestCaseExecutor.processExecutionPhase(TestCaseExecutor.java:418)
	at com.kms.katalon.core.main.TestCaseExecutor.accessMainPhase(TestCaseExecutor.java:410)
	at com.kms.katalon.core.main.TestCaseExecutor.execute(TestCaseExecutor.java:285)
	at com.kms.katalon.core.common.CommonExecutor.accessTestCaseMainPhase(CommonExecutor.java:65)
	at com.kms.katalon.core.main.TestSuiteExecutor.accessTestSuiteMainPhase(TestSuiteExecutor.java:148)
	at com.kms.katalon.core.main.TestSuiteExecutor.execute(TestSuiteExecutor.java:106)
	at com.kms.katalon.core.main.TestCaseMain.startTestSuite(TestCaseMain.java:187)
	at com.kms.katalon.core.main.TestCaseMain$startTestSuite$0.call(Unknown Source)
	at TempTestSuite1696467586530.run(TempTestSuite1696467586530.groovy:36)
Caused by: com.kms.katalon.core.exception.StepFailedException: Text 'Password must include Aplanumeric' is not present on page 
	at com.kms.katalon.core.webui.keyword.internal.WebUIKeywordMain.stepFailed(WebUIKeywordMain.groovy:64)
	at com.kms.katalon.core.webui.keyword.builtin.VerifyTextPresentKeyword$_verifyTextPresent_closure1.doCall(VerifyTextPresentKeyword.groovy:79)
	at com.kms.katalon.core.webui.keyword.builtin.VerifyTextPresentKeyword$_verifyTextPresent_closure1.call(VerifyTextPresentKeyword.groovy)
	at com.kms.katalon.core.webui.keyword.internal.WebUIKeywordMain.runKeyword(WebUIKeywordMain.groovy:20)
	... 19 more
)

2023-10-05 08:11:27 - [MESSAGE][FAILED] - Text 'Password must include Aplanumeric' is not present on page  (Root cause: com.kms.katalon.core.exception.StepFailedException: Text 'Password must include Aplanumeric' is not present on page 
	at com.kms.katalon.core.webui.keyword.internal.WebUIKeywordMain.stepFailed(WebUIKeywordMain.groovy:64)
	at com.kms.katalon.core.webui.keyword.builtin.VerifyTextPresentKeyword$_verifyTextPresent_closure1.doCall(VerifyTextPresentKeyword.groovy:79)
	at com.kms.katalon.core.webui.keyword.builtin.VerifyTextPresentKeyword$_verifyTextPresent_closure1.call(VerifyTextPresentKeyword.groovy)
	at com.kms.katalon.core.webui.keyword.internal.WebUIKeywordMain.runKeyword(WebUIKeywordMain.groovy:20)
	at com.kms.katalon.core.webui.keyword.builtin.VerifyTextPresentKeyword.verifyTextPresent(VerifyTextPresentKeyword.groovy:83)
	at com.kms.katalon.core.webui.keyword.builtin.VerifyTextPresentKeyword.execute(VerifyTextPresentKeyword.groovy:68)
	at com.kms.katalon.core.keyword.internal.KeywordExecutor.executeKeywordForPlatform(KeywordExecutor.groovy:74)
	at com.kms.katalon.core.webui.keyword.WebUiBuiltInKeywords.verifyTextPresent(WebUiBuiltInKeywords.groovy:1723)
	at com.kms.katalon.core.webui.keyword.WebUiBuiltInKeywords$verifyTextPresent$8.call(Unknown Source)
	at EDK-013.run(EDK-013:36)
	at com.kms.katalon.core.main.ScriptEngine.run(ScriptEngine.java:194)
	at com.kms.katalon.core.main.ScriptEngine.runScriptAsRawText(ScriptEngine.java:119)
	at com.kms.katalon.core.main.TestCaseExecutor.runScript(TestCaseExecutor.java:448)
	at com.kms.katalon.core.main.TestCaseExecutor.doExecute(TestCaseExecutor.java:439)
	at com.kms.katalon.core.main.TestCaseExecutor.processExecutionPhase(TestCaseExecutor.java:418)
	at com.kms.katalon.core.main.TestCaseExecutor.accessMainPhase(TestCaseExecutor.java:410)
	at com.kms.katalon.core.main.TestCaseExecutor.execute(TestCaseExecutor.java:285)
	at com.kms.katalon.core.common.CommonExecutor.accessTestCaseMainPhase(CommonExecutor.java:65)
	at com.kms.katalon.core.main.TestSuiteExecutor.accessTestSuiteMainPhase(TestSuiteExecutor.java:148)
	at com.kms.katalon.core.main.TestSuiteExecutor.execute(TestSuiteExecutor.java:106)
	at com.kms.katalon.core.main.TestCaseMain.startTestSuite(TestCaseMain.java:187)
	at com.kms.katalon.core.main.TestCaseMain$startTestSuite$0.call(Unknown Source)
	at TempTestSuite1696467586530.run(TempTestSuite1696467586530.groovy:36)
)

2023-10-05 08:11:27 - [MESSAGE][FAILED] - Unable to verify text 'Password must include Aplanumeric' is present  (Root cause: com.kms.katalon.core.exception.StepFailedException: Unable to verify text 'Password must include Aplanumeric' is present 
	at com.kms.katalon.core.webui.keyword.internal.WebUIKeywordMain.stepFailed(WebUIKeywordMain.groovy:64)
	at com.kms.katalon.core.webui.keyword.internal.WebUIKeywordMain.runKeyword(WebUIKeywordMain.groovy:26)
	at com.kms.katalon.core.webui.keyword.builtin.VerifyTextPresentKeyword.verifyTextPresent(VerifyTextPresentKeyword.groovy:83)
	at com.kms.katalon.core.webui.keyword.builtin.VerifyTextPresentKeyword.execute(VerifyTextPresentKeyword.groovy:68)
	at com.kms.katalon.core.keyword.internal.KeywordExecutor.executeKeywordForPlatform(KeywordExecutor.groovy:74)
	at com.kms.katalon.core.webui.keyword.WebUiBuiltInKeywords.verifyTextPresent(WebUiBuiltInKeywords.groovy:1723)
	at com.kms.katalon.core.webui.keyword.WebUiBuiltInKeywords$verifyTextPresent$8.call(Unknown Source)
	at EDK-013.run(EDK-013:36)
	at com.kms.katalon.core.main.ScriptEngine.run(ScriptEngine.java:194)
	at com.kms.katalon.core.main.ScriptEngine.runScriptAsRawText(ScriptEngine.java:119)
	at com.kms.katalon.core.main.TestCaseExecutor.runScript(TestCaseExecutor.java:448)
	at com.kms.katalon.core.main.TestCaseExecutor.doExecute(TestCaseExecutor.java:439)
	at com.kms.katalon.core.main.TestCaseExecutor.processExecutionPhase(TestCaseExecutor.java:418)
	at com.kms.katalon.core.main.TestCaseExecutor.accessMainPhase(TestCaseExecutor.java:410)
	at com.kms.katalon.core.main.TestCaseExecutor.execute(TestCaseExecutor.java:285)
	at com.kms.katalon.core.common.CommonExecutor.accessTestCaseMainPhase(CommonExecutor.java:65)
	at com.kms.katalon.core.main.TestSuiteExecutor.accessTestSuiteMainPhase(TestSuiteExecutor.java:148)
	at com.kms.katalon.core.main.TestSuiteExecutor.execute(TestSuiteExecutor.java:106)
	at com.kms.katalon.core.main.TestCaseMain.startTestSuite(TestCaseMain.java:187)
	at com.kms.katalon.core.main.TestCaseMain$startTestSuite$0.call(Unknown Source)
	at TempTestSuite1696467586530.run(TempTestSuite1696467586530.groovy:36)
Caused by: com.kms.katalon.core.exception.StepFailedException: Text 'Password must include Aplanumeric' is not present on page 
	at com.kms.katalon.core.webui.keyword.internal.WebUIKeywordMain.stepFailed(WebUIKeywordMain.groovy:64)
	at com.kms.katalon.core.webui.keyword.builtin.VerifyTextPresentKeyword$_verifyTextPresent_closure1.doCall(VerifyTextPresentKeyword.groovy:79)
	at com.kms.katalon.core.webui.keyword.builtin.VerifyTextPresentKeyword$_verifyTextPresent_closure1.call(VerifyTextPresentKeyword.groovy)
	at com.kms.katalon.core.webui.keyword.internal.WebUIKeywordMain.runKeyword(WebUIKeywordMain.groovy:20)
	... 19 more
)
[[ATTACHMENT|C:\\FT2 XSIS\\Projek Eval 2 Tajalapak dan administrator\\Reports\\20231005_075946\\Edit Data Konsumen\\Edit Data Konsumen\\20231005_075946\\1696468287907.png]]]]></system-out>
         <system-err><![CDATA[2023-10-05 08:10:31 - [TEST_CASE][FAILED] - Test Cases/M08 Edit Data Konsumen/EDK-013: Test Cases/M08 Edit Data Konsumen/EDK-013 FAILED.
Reason:
com.kms.katalon.core.exception.StepFailedException: Unable to verify text 'Password must include Aplanumeric' is present 
	at com.kms.katalon.core.webui.keyword.internal.WebUIKeywordMain.stepFailed(WebUIKeywordMain.groovy:64)
	at com.kms.katalon.core.webui.keyword.internal.WebUIKeywordMain.runKeyword(WebUIKeywordMain.groovy:26)
	at com.kms.katalon.core.webui.keyword.builtin.VerifyTextPresentKeyword.verifyTextPresent(VerifyTextPresentKeyword.groovy:83)
	at com.kms.katalon.core.webui.keyword.builtin.VerifyTextPresentKeyword.execute(VerifyTextPresentKeyword.groovy:68)
	at com.kms.katalon.core.keyword.internal.KeywordExecutor.executeKeywordForPlatform(KeywordExecutor.groovy:74)
	at com.kms.katalon.core.webui.keyword.WebUiBuiltInKeywords.verifyTextPresent(WebUiBuiltInKeywords.groovy:1723)
	at com.kms.katalon.core.webui.keyword.WebUiBuiltInKeywords$verifyTextPresent$8.call(Unknown Source)
	at EDK-013.run(EDK-013:36)
	at com.kms.katalon.core.main.ScriptEngine.run(ScriptEngine.java:194)
	at com.kms.katalon.core.main.ScriptEngine.runScriptAsRawText(ScriptEngine.java:119)
	at com.kms.katalon.core.main.TestCaseExecutor.runScript(TestCaseExecutor.java:448)
	at com.kms.katalon.core.main.TestCaseExecutor.doExecute(TestCaseExecutor.java:439)
	at com.kms.katalon.core.main.TestCaseExecutor.processExecutionPhase(TestCaseExecutor.java:418)
	at com.kms.katalon.core.main.TestCaseExecutor.accessMainPhase(TestCaseExecutor.java:410)
	at com.kms.katalon.core.main.TestCaseExecutor.execute(TestCaseExecutor.java:285)
	at com.kms.katalon.core.common.CommonExecutor.accessTestCaseMainPhase(CommonExecutor.java:65)
	at com.kms.katalon.core.main.TestSuiteExecutor.accessTestSuiteMainPhase(TestSuiteExecutor.java:148)
	at com.kms.katalon.core.main.TestSuiteExecutor.execute(TestSuiteExecutor.java:106)
	at com.kms.katalon.core.main.TestCaseMain.startTestSuite(TestCaseMain.java:187)
	at com.kms.katalon.core.main.TestCaseMain$startTestSuite$0.call(Unknown Source)
	at TempTestSuite1696467586530.run(TempTestSuite1696467586530.groovy:36)
Caused by: com.kms.katalon.core.exception.StepFailedException: Text 'Password must include Aplanumeric' is not present on page 
	at com.kms.katalon.core.webui.keyword.internal.WebUIKeywordMain.stepFailed(WebUIKeywordMain.groovy:64)
	at com.kms.katalon.core.webui.keyword.builtin.VerifyTextPresentKeyword$_verifyTextPresent_closure1.doCall(VerifyTextPresentKeyword.groovy:79)
	at com.kms.katalon.core.webui.keyword.builtin.VerifyTextPresentKeyword$_verifyTextPresent_closure1.call(VerifyTextPresentKeyword.groovy)
	at com.kms.katalon.core.webui.keyword.internal.WebUIKeywordMain.runKeyword(WebUIKeywordMain.groovy:20)
	... 19 more]]></system-err>
      </testcase>
      <testcase name="Test Cases/M08 Edit Data Konsumen/EDK-014" time="46.81" classname="Test Cases/M08 Edit Data Konsumen/EDK-014" status="FAILED">
         <failure type="FAILED" message="Test Cases/M08 Edit Data Konsumen/EDK-014 FAILED.
Reason:
com.kms.katalon.core.exception.StepFailedException: Unable to upload file 'C:\Users\IRFAN\Downloads\Berkas.pdf' to object 'Object Repository/upload foto/input_Ganti Foto_gg'
	at com.kms.katalon.core.webui.keyword.internal.WebUIKeywordMain.stepFailed(WebUIKeywordMain.groovy:64)
	at com.kms.katalon.core.webui.keyword.internal.WebUIKeywordMain.runKeyword(WebUIKeywordMain.groovy:26)
	at com.kms.katalon.core.webui.keyword.builtin.UploadFileKeyword.uploadFile(UploadFileKeyword.groovy:87)
	at com.kms.katalon.core.webui.keyword.builtin.UploadFileKeyword.execute(UploadFileKeyword.groovy:68)
	at com.kms.katalon.core.keyword.internal.KeywordExecutor.executeKeywordForPlatform(KeywordExecutor.groovy:74)
	at com.kms.katalon.core.webui.keyword.WebUiBuiltInKeywords.uploadFile(WebUiBuiltInKeywords.groovy:4031)
	at com.kms.katalon.core.webui.keyword.WebUiBuiltInKeywords$uploadFile$4.call(Unknown Source)
	at EDK-014.run(EDK-014:32)
	at com.kms.katalon.core.main.ScriptEngine.run(ScriptEngine.java:194)
	at com.kms.katalon.core.main.ScriptEngine.runScriptAsRawText(ScriptEngine.java:119)
	at com.kms.katalon.core.main.TestCaseExecutor.runScript(TestCaseExecutor.java:448)
	at com.kms.katalon.core.main.TestCaseExecutor.doExecute(TestCaseExecutor.java:439)
	at com.kms.katalon.core.main.TestCaseExecutor.processExecutionPhase(TestCaseExecutor.java:418)
	at com.kms.katalon.core.main.TestCaseExecutor.accessMainPhase(TestCaseExecutor.java:410)
	at com.kms.katalon.core.main.TestCaseExecutor.execute(TestCaseExecutor.java:285)
	at com.kms.katalon.core.common.CommonExecutor.accessTestCaseMainPhase(CommonExecutor.java:65)
	at com.kms.katalon.core.main.TestSuiteExecutor.accessTestSuiteMainPhase(TestSuiteExecutor.java:148)
	at com.kms.katalon.core.main.TestSuiteExecutor.execute(TestSuiteExecutor.java:106)
	at com.kms.katalon.core.main.TestCaseMain.startTestSuite(TestCaseMain.java:187)
	at com.kms.katalon.core.main.TestCaseMain$startTestSuite$0.call(Unknown Source)
	at TempTestSuite1696467586530.run(TempTestSuite1696467586530.groovy:36)
Caused by: org.openqa.selenium.InvalidArgumentException: File not found: C:\Users\IRFAN\Downloads\Berkas.pdf
Build info: version: '3.141.59', revision: 'e82be7d358', time: '2018-11-14T08:25:53'
System info: host: 'DESKTOP-H62FVJ8', ip: '10.9.2.18', os.name: 'Windows 10', os.arch: 'amd64', os.version: '10.0', java.version: '1.8.0_362'
Driver info: com.kms.katalon.core.webui.driver.firefox.CGeckoDriver
Capabilities {acceptInsecureCerts: true, browserName: firefox, browserVersion: 117.0.1, javascriptEnabled: true, moz:accessibilityChecks: false, moz:buildID: 20230912013654, moz:geckodriverVersion: 0.33.0, moz:headless: false, moz:platformVersion: 10.0, moz:processID: 8936, moz:profile: C:\Users\IRFAN\AppData\Loca..., moz:shutdownTimeout: 60000, moz:webdriverClick: true, moz:windowless: false, pageLoadStrategy: normal, platform: WINDOWS, platformName: WINDOWS, proxy: Proxy(direct), setWindowRect: true, strictFileInteractability: false, timeouts: {implicit: 0, pageLoad: 300000, script: 30000}, unhandledPromptBehavior: dismiss and notify}
Session ID: 38f8e745-a0d4-4837-a765-eac8f4956b44
	at org.openqa.selenium.remote.http.W3CHttpResponseCodec.createException(W3CHttpResponseCodec.java:187)
	at org.openqa.selenium.remote.http.W3CHttpResponseCodec.decode(W3CHttpResponseCodec.java:122)
	at org.openqa.selenium.remote.http.W3CHttpResponseCodec.decode(W3CHttpResponseCodec.java:49)
	at org.openqa.selenium.remote.HttpCommandExecutor.execute(HttpCommandExecutor.java:158)
	at org.openqa.selenium.remote.service.DriverCommandExecutor.execute(DriverCommandExecutor.java:83)
	at org.openqa.selenium.remote.RemoteWebDriver.execute(RemoteWebDriver.java:552)
	at com.kms.katalon.selenium.driver.CFirefoxDriver.execute(CFirefoxDriver.java:27)
	at org.openqa.selenium.remote.RemoteWebElement.execute(RemoteWebElement.java:285)
	at org.openqa.selenium.remote.RemoteWebElement.sendKeys(RemoteWebElement.java:106)
	at org.openqa.selenium.support.events.EventFiringWebDriver$EventFiringWebElement.lambda$new$0(EventFiringWebDriver.java:404)
	at com.sun.proxy.$Proxy11.sendKeys(Unknown Source)
	at org.openqa.selenium.support.events.EventFiringWebDriver$EventFiringWebElement.sendKeys(EventFiringWebDriver.java:429)
	at com.kms.katalon.core.webui.keyword.builtin.UploadFileKeyword$_uploadFile_closure1.doCall(UploadFileKeyword.groovy:80)
	at com.kms.katalon.core.webui.keyword.builtin.UploadFileKeyword$_uploadFile_closure1.call(UploadFileKeyword.groovy)
	at com.kms.katalon.core.webui.keyword.internal.WebUIKeywordMain.runKeyword(WebUIKeywordMain.groovy:20)
	... 19 more
"/>
         <system-out><![CDATA[2023-10-05 08:11:27 - [TEST_CASE][FAILED] - Test Cases/M08 Edit Data Konsumen/EDK-014: Test Cases/M08 Edit Data Konsumen/EDK-014 FAILED.
Reason:
com.kms.katalon.core.exception.StepFailedException: Unable to upload file 'C:\Users\IRFAN\Downloads\Berkas.pdf' to object 'Object Repository/upload foto/input_Ganti Foto_gg'
	at com.kms.katalon.core.webui.keyword.internal.WebUIKeywordMain.stepFailed(WebUIKeywordMain.groovy:64)
	at com.kms.katalon.core.webui.keyword.internal.WebUIKeywordMain.runKeyword(WebUIKeywordMain.groovy:26)
	at com.kms.katalon.core.webui.keyword.builtin.UploadFileKeyword.uploadFile(UploadFileKeyword.groovy:87)
	at com.kms.katalon.core.webui.keyword.builtin.UploadFileKeyword.execute(UploadFileKeyword.groovy:68)
	at com.kms.katalon.core.keyword.internal.KeywordExecutor.executeKeywordForPlatform(KeywordExecutor.groovy:74)
	at com.kms.katalon.core.webui.keyword.WebUiBuiltInKeywords.uploadFile(WebUiBuiltInKeywords.groovy:4031)
	at com.kms.katalon.core.webui.keyword.WebUiBuiltInKeywords$uploadFile$4.call(Unknown Source)
	at EDK-014.run(EDK-014:32)
	at com.kms.katalon.core.main.ScriptEngine.run(ScriptEngine.java:194)
	at com.kms.katalon.core.main.ScriptEngine.runScriptAsRawText(ScriptEngine.java:119)
	at com.kms.katalon.core.main.TestCaseExecutor.runScript(TestCaseExecutor.java:448)
	at com.kms.katalon.core.main.TestCaseExecutor.doExecute(TestCaseExecutor.java:439)
	at com.kms.katalon.core.main.TestCaseExecutor.processExecutionPhase(TestCaseExecutor.java:418)
	at com.kms.katalon.core.main.TestCaseExecutor.accessMainPhase(TestCaseExecutor.java:410)
	at com.kms.katalon.core.main.TestCaseExecutor.execute(TestCaseExecutor.java:285)
	at com.kms.katalon.core.common.CommonExecutor.accessTestCaseMainPhase(CommonExecutor.java:65)
	at com.kms.katalon.core.main.TestSuiteExecutor.accessTestSuiteMainPhase(TestSuiteExecutor.java:148)
	at com.kms.katalon.core.main.TestSuiteExecutor.execute(TestSuiteExecutor.java:106)
	at com.kms.katalon.core.main.TestCaseMain.startTestSuite(TestCaseMain.java:187)
	at com.kms.katalon.core.main.TestCaseMain$startTestSuite$0.call(Unknown Source)
	at TempTestSuite1696467586530.run(TempTestSuite1696467586530.groovy:36)
Caused by: org.openqa.selenium.InvalidArgumentException: File not found: C:\Users\IRFAN\Downloads\Berkas.pdf
Build info: version: '3.141.59', revision: 'e82be7d358', time: '2018-11-14T08:25:53'
System info: host: 'DESKTOP-H62FVJ8', ip: '10.9.2.18', os.name: 'Windows 10', os.arch: 'amd64', os.version: '10.0', java.version: '1.8.0_362'
Driver info: com.kms.katalon.core.webui.driver.firefox.CGeckoDriver
Capabilities {acceptInsecureCerts: true, browserName: firefox, browserVersion: 117.0.1, javascriptEnabled: true, moz:accessibilityChecks: false, moz:buildID: 20230912013654, moz:geckodriverVersion: 0.33.0, moz:headless: false, moz:platformVersion: 10.0, moz:processID: 8936, moz:profile: C:\Users\IRFAN\AppData\Loca..., moz:shutdownTimeout: 60000, moz:webdriverClick: true, moz:windowless: false, pageLoadStrategy: normal, platform: WINDOWS, platformName: WINDOWS, proxy: Proxy(direct), setWindowRect: true, strictFileInteractability: false, timeouts: {implicit: 0, pageLoad: 300000, script: 30000}, unhandledPromptBehavior: dismiss and notify}
Session ID: 38f8e745-a0d4-4837-a765-eac8f4956b44
	at org.openqa.selenium.remote.http.W3CHttpResponseCodec.createException(W3CHttpResponseCodec.java:187)
	at org.openqa.selenium.remote.http.W3CHttpResponseCodec.decode(W3CHttpResponseCodec.java:122)
	at org.openqa.selenium.remote.http.W3CHttpResponseCodec.decode(W3CHttpResponseCodec.java:49)
	at org.openqa.selenium.remote.HttpCommandExecutor.execute(HttpCommandExecutor.java:158)
	at org.openqa.selenium.remote.service.DriverCommandExecutor.execute(DriverCommandExecutor.java:83)
	at org.openqa.selenium.remote.RemoteWebDriver.execute(RemoteWebDriver.java:552)
	at com.kms.katalon.selenium.driver.CFirefoxDriver.execute(CFirefoxDriver.java:27)
	at org.openqa.selenium.remote.RemoteWebElement.execute(RemoteWebElement.java:285)
	at org.openqa.selenium.remote.RemoteWebElement.sendKeys(RemoteWebElement.java:106)
	at org.openqa.selenium.support.events.EventFiringWebDriver$EventFiringWebElement.lambda$new$0(EventFiringWebDriver.java:404)
	at com.sun.proxy.$Proxy11.sendKeys(Unknown Source)
	at org.openqa.selenium.support.events.EventFiringWebDriver$EventFiringWebElement.sendKeys(EventFiringWebDriver.java:429)
	at com.kms.katalon.core.webui.keyword.builtin.UploadFileKeyword$_uploadFile_closure1.doCall(UploadFileKeyword.groovy:80)
	at com.kms.katalon.core.webui.keyword.builtin.UploadFileKeyword$_uploadFile_closure1.call(UploadFileKeyword.groovy)
	at com.kms.katalon.core.webui.keyword.internal.WebUIKeywordMain.runKeyword(WebUIKeywordMain.groovy:20)
	... 19 more


2023-10-05 08:11:28 - [TEST_STEP][PASSED] - callTestCase(findTestCase("M08 Edit Data Konsumen/EDK-001"), [:], STOP_ON_FAILURE): Call Test Case 'Test Cases/M08 Edit Data Konsumen/EDK-001' successfully

2023-10-05 08:11:28 - [TEST_CASE][PASSED] - Test Cases/M08 Edit Data Konsumen/EDK-001: Test Cases/M08 Edit Data Konsumen/EDK-001

2023-10-05 08:11:28 - [TEST_STEP][PASSED] - callTestCase(findTestCase("Login/TC-Login Admin-Success-001"), ["Username":"admin", "Password":"123admin123"], STOP_ON_FAILURE): Call Test Case 'Test Cases/Login/TC-Login Admin-Success-001' successfully

2023-10-05 08:11:28 - [TEST_CASE][PASSED] - Test Cases/Login/TC-Login Admin-Success-001: Test Cases/Login/TC-Login Admin-Success-001

2023-10-05 08:11:28 - [TEST_STEP][PASSED] - openBrowser("https://10.9.2.63/ecommerce/administrator/"): Browser is opened with url: 'https://10.9.2.63/ecommerce/administrator/'

2023-10-05 08:11:28 - [MESSAGE][WARNING] - A browser is already opened. Closing browser and opening a new one

2023-10-05 08:11:29 - [MESSAGE][INFO] - Starting 'Firefox' driver

2023-10-05 08:11:29 - [MESSAGE][INFO] - Action delay is set to 0 milliseconds

2023-10-05 08:11:33 - [MESSAGE][PASSED] - Browser is opened with url: 'https://10.9.2.63/ecommerce/administrator/'

2023-10-05 08:11:33 - [TEST_STEP][PASSED] - maximizeWindow(): Current window maximized

2023-10-05 08:11:33 - [MESSAGE][PASSED] - Current window maximized

2023-10-05 08:11:33 - [TEST_STEP][PASSED] - verifyElementPresent(findTestObject("Login admin/Tittle ADMIN"), 0): Object 'Object Repository/Login admin/Tittle ADMIN' is present

2023-10-05 08:11:33 - [MESSAGE][WARNING] - Timeout '0' is invalid. Using default page load timeout: '30'

2023-10-05 08:11:34 - [MESSAGE][PASSED] - Object 'Object Repository/Login admin/Tittle ADMIN' is present

2023-10-05 08:11:34 - [TEST_STEP][PASSED] - setText(findTestObject("Login/input_Username, Email atau No. Handphone_a"), Username): Text 'admin' is set on object 'Object Repository/Login/input_Username, Email atau No. Handphone_a'

2023-10-05 08:11:34 - [MESSAGE][PASSED] - Text 'admin' is set on object 'Object Repository/Login/input_Username, Email atau No. Handphone_a'

2023-10-05 08:11:34 - [TEST_STEP][PASSED] - setText(findTestObject("Login/input_Password"), Password): Text '123admin123' is set on object 'Object Repository/Login/input_Password'

2023-10-05 08:11:35 - [MESSAGE][PASSED] - Text '123admin123' is set on object 'Object Repository/Login/input_Password'

2023-10-05 08:11:35 - [TEST_STEP][PASSED] - click(findTestObject("Login admin/buttom Remember Me")): Object: 'Object Repository/Login admin/buttom Remember Me' is clicked on

2023-10-05 08:11:36 - [MESSAGE][PASSED] - Object: 'Object Repository/Login admin/buttom Remember Me' is clicked on

2023-10-05 08:11:36 - [TEST_STEP][PASSED] - delay(10): Delayed 10 second(s)

2023-10-05 08:11:46 - [MESSAGE][PASSED] - Delayed 10 second(s)

2023-10-05 08:11:46 - [TEST_STEP][PASSED] - click(findTestObject("Login admin/buttom sign in")): Object: 'Object Repository/Login admin/buttom sign in' is clicked on

2023-10-05 08:11:47 - [MESSAGE][PASSED] - Object: 'Object Repository/Login admin/buttom sign in' is clicked on

2023-10-05 08:11:47 - [TEST_STEP][PASSED] - verifyElementPresent(findTestObject("Login admin/Tittle Dashboard"), 0): Object 'Object Repository/Login admin/Tittle Dashboard' is present

2023-10-05 08:11:47 - [MESSAGE][WARNING] - Timeout '0' is invalid. Using default page load timeout: '30'

2023-10-05 08:11:53 - [MESSAGE][PASSED] - Object 'Object Repository/Login admin/Tittle Dashboard' is present

2023-10-05 08:11:53 - [MESSAGE][PASSED] - Call Test Case 'Test Cases/Login/TC-Login Admin-Success-001' successfully

2023-10-05 08:11:53 - [TEST_STEP][PASSED] - click(findTestObject("Menu pencarian Toko admin/Menu Master Market")): Object: 'Object Repository/Menu pencarian Toko admin/Menu Master Market' is clicked on

2023-10-05 08:11:54 - [MESSAGE][PASSED] - Object: 'Object Repository/Menu pencarian Toko admin/Menu Master Market' is clicked on

2023-10-05 08:11:54 - [TEST_STEP][PASSED] - click(findTestObject("Edit Data konsumen/Menu Konsumen")): Object: 'Object Repository/Edit Data konsumen/Menu Konsumen' is clicked on

2023-10-05 08:11:56 - [MESSAGE][PASSED] - Object: 'Object Repository/Edit Data konsumen/Menu Konsumen' is clicked on

2023-10-05 08:11:56 - [TEST_STEP][PASSED] - verifyElementPresent(findTestObject("Edit Data konsumen/Tittle Daftar Semua Konsumen"), 0): Object 'Object Repository/Edit Data konsumen/Tittle Daftar Semua Konsumen' is present

2023-10-05 08:11:56 - [MESSAGE][WARNING] - Timeout '0' is invalid. Using default page load timeout: '30'

2023-10-05 08:12:04 - [MESSAGE][PASSED] - Object 'Object Repository/Edit Data konsumen/Tittle Daftar Semua Konsumen' is present

2023-10-05 08:12:04 - [MESSAGE][PASSED] - Call Test Case 'Test Cases/M08 Edit Data Konsumen/EDK-001' successfully

2023-10-05 08:12:04 - [TEST_STEP][PASSED] - click(findTestObject("file baru/search")): Object: 'Object Repository/file baru/search' is clicked on

2023-10-05 08:12:05 - [MESSAGE][PASSED] - Object: 'Object Repository/file baru/search' is clicked on

2023-10-05 08:12:05 - [TEST_STEP][PASSED] - setText(findTestObject("file baru/search"), "udin padinding oii"): Text 'udin padinding oii' is set on object 'Object Repository/file baru/search'

2023-10-05 08:12:06 - [MESSAGE][PASSED] - Text 'udin padinding oii' is set on object 'Object Repository/file baru/search'

2023-10-05 08:12:06 - [TEST_STEP][PASSED] - click(findTestObject("file baru/buttom edit")): Object: 'Object Repository/file baru/buttom edit' is clicked on

2023-10-05 08:12:11 - [MESSAGE][PASSED] - Object: 'Object Repository/file baru/buttom edit' is clicked on

2023-10-05 08:12:11 - [TEST_STEP][PASSED] - verifyElementPresent(findTestObject("Edit Data konsumen/tittle Edit Data Konsumen"), 0): Object 'Object Repository/Edit Data konsumen/tittle Edit Data Konsumen' is present

2023-10-05 08:12:11 - [MESSAGE][WARNING] - Timeout '0' is invalid. Using default page load timeout: '30'

2023-10-05 08:12:14 - [MESSAGE][PASSED] - Object 'Object Repository/Edit Data konsumen/tittle Edit Data Konsumen' is present

2023-10-05 08:12:14 - [TEST_STEP][FAILED] - uploadFile(findTestObject("upload foto/input_Ganti Foto_gg"), foto): Unable to upload file 'C:\Users\IRFAN\Downloads\Berkas.pdf' to object 'Object Repository/upload foto/input_Ganti Foto_gg' (Root cause: com.kms.katalon.core.exception.StepFailedException: Unable to upload file 'C:\Users\IRFAN\Downloads\Berkas.pdf' to object 'Object Repository/upload foto/input_Ganti Foto_gg'
	at com.kms.katalon.core.webui.keyword.internal.WebUIKeywordMain.stepFailed(WebUIKeywordMain.groovy:64)
	at com.kms.katalon.core.webui.keyword.internal.WebUIKeywordMain.runKeyword(WebUIKeywordMain.groovy:26)
	at com.kms.katalon.core.webui.keyword.builtin.UploadFileKeyword.uploadFile(UploadFileKeyword.groovy:87)
	at com.kms.katalon.core.webui.keyword.builtin.UploadFileKeyword.execute(UploadFileKeyword.groovy:68)
	at com.kms.katalon.core.keyword.internal.KeywordExecutor.executeKeywordForPlatform(KeywordExecutor.groovy:74)
	at com.kms.katalon.core.webui.keyword.WebUiBuiltInKeywords.uploadFile(WebUiBuiltInKeywords.groovy:4031)
	at com.kms.katalon.core.webui.keyword.WebUiBuiltInKeywords$uploadFile$4.call(Unknown Source)
	at EDK-014.run(EDK-014:32)
	at com.kms.katalon.core.main.ScriptEngine.run(ScriptEngine.java:194)
	at com.kms.katalon.core.main.ScriptEngine.runScriptAsRawText(ScriptEngine.java:119)
	at com.kms.katalon.core.main.TestCaseExecutor.runScript(TestCaseExecutor.java:448)
	at com.kms.katalon.core.main.TestCaseExecutor.doExecute(TestCaseExecutor.java:439)
	at com.kms.katalon.core.main.TestCaseExecutor.processExecutionPhase(TestCaseExecutor.java:418)
	at com.kms.katalon.core.main.TestCaseExecutor.accessMainPhase(TestCaseExecutor.java:410)
	at com.kms.katalon.core.main.TestCaseExecutor.execute(TestCaseExecutor.java:285)
	at com.kms.katalon.core.common.CommonExecutor.accessTestCaseMainPhase(CommonExecutor.java:65)
	at com.kms.katalon.core.main.TestSuiteExecutor.accessTestSuiteMainPhase(TestSuiteExecutor.java:148)
	at com.kms.katalon.core.main.TestSuiteExecutor.execute(TestSuiteExecutor.java:106)
	at com.kms.katalon.core.main.TestCaseMain.startTestSuite(TestCaseMain.java:187)
	at com.kms.katalon.core.main.TestCaseMain$startTestSuite$0.call(Unknown Source)
	at TempTestSuite1696467586530.run(TempTestSuite1696467586530.groovy:36)
Caused by: org.openqa.selenium.InvalidArgumentException: File not found: C:\Users\IRFAN\Downloads\Berkas.pdf
Build info: version: '3.141.59', revision: 'e82be7d358', time: '2018-11-14T08:25:53'
System info: host: 'DESKTOP-H62FVJ8', ip: '10.9.2.18', os.name: 'Windows 10', os.arch: 'amd64', os.version: '10.0', java.version: '1.8.0_362'
Driver info: com.kms.katalon.core.webui.driver.firefox.CGeckoDriver
Capabilities {acceptInsecureCerts: true, browserName: firefox, browserVersion: 117.0.1, javascriptEnabled: true, moz:accessibilityChecks: false, moz:buildID: 20230912013654, moz:geckodriverVersion: 0.33.0, moz:headless: false, moz:platformVersion: 10.0, moz:processID: 8936, moz:profile: C:\Users\IRFAN\AppData\Loca..., moz:shutdownTimeout: 60000, moz:webdriverClick: true, moz:windowless: false, pageLoadStrategy: normal, platform: WINDOWS, platformName: WINDOWS, proxy: Proxy(direct), setWindowRect: true, strictFileInteractability: false, timeouts: {implicit: 0, pageLoad: 300000, script: 30000}, unhandledPromptBehavior: dismiss and notify}
Session ID: 38f8e745-a0d4-4837-a765-eac8f4956b44
	at org.openqa.selenium.remote.http.W3CHttpResponseCodec.createException(W3CHttpResponseCodec.java:187)
	at org.openqa.selenium.remote.http.W3CHttpResponseCodec.decode(W3CHttpResponseCodec.java:122)
	at org.openqa.selenium.remote.http.W3CHttpResponseCodec.decode(W3CHttpResponseCodec.java:49)
	at org.openqa.selenium.remote.HttpCommandExecutor.execute(HttpCommandExecutor.java:158)
	at org.openqa.selenium.remote.service.DriverCommandExecutor.execute(DriverCommandExecutor.java:83)
	at org.openqa.selenium.remote.RemoteWebDriver.execute(RemoteWebDriver.java:552)
	at com.kms.katalon.selenium.driver.CFirefoxDriver.execute(CFirefoxDriver.java:27)
	at org.openqa.selenium.remote.RemoteWebElement.execute(RemoteWebElement.java:285)
	at org.openqa.selenium.remote.RemoteWebElement.sendKeys(RemoteWebElement.java:106)
	at org.openqa.selenium.support.events.EventFiringWebDriver$EventFiringWebElement.lambda$new$0(EventFiringWebDriver.java:404)
	at com.sun.proxy.$Proxy11.sendKeys(Unknown Source)
	at org.openqa.selenium.support.events.EventFiringWebDriver$EventFiringWebElement.sendKeys(EventFiringWebDriver.java:429)
	at com.kms.katalon.core.webui.keyword.builtin.UploadFileKeyword$_uploadFile_closure1.doCall(UploadFileKeyword.groovy:80)
	at com.kms.katalon.core.webui.keyword.builtin.UploadFileKeyword$_uploadFile_closure1.call(UploadFileKeyword.groovy)
	at com.kms.katalon.core.webui.keyword.internal.WebUIKeywordMain.runKeyword(WebUIKeywordMain.groovy:20)
	at com.kms.katalon.core.webui.keyword.builtin.UploadFileKeyword.uploadFile(UploadFileKeyword.groovy:87)
	at com.kms.katalon.core.webui.keyword.builtin.UploadFileKeyword.execute(UploadFileKeyword.groovy:68)
	at com.kms.katalon.core.keyword.internal.KeywordExecutor.executeKeywordForPlatform(KeywordExecutor.groovy:74)
	at com.kms.katalon.core.webui.keyword.WebUiBuiltInKeywords.uploadFile(WebUiBuiltInKeywords.groovy:4031)
	at com.kms.katalon.core.webui.keyword.WebUiBuiltInKeywords$uploadFile$4.call(Unknown Source)
	at Script1695720599347.run(Script1695720599347.groovy:32)
	... 13 more
)

2023-10-05 08:12:14 - [MESSAGE][FAILED] - Unable to upload file 'C:\Users\IRFAN\Downloads\Berkas.pdf' to object 'Object Repository/upload foto/input_Ganti Foto_gg' (Root cause: com.kms.katalon.core.exception.StepFailedException: Unable to upload file 'C:\Users\IRFAN\Downloads\Berkas.pdf' to object 'Object Repository/upload foto/input_Ganti Foto_gg'
	at com.kms.katalon.core.webui.keyword.internal.WebUIKeywordMain.stepFailed(WebUIKeywordMain.groovy:64)
	at com.kms.katalon.core.webui.keyword.internal.WebUIKeywordMain.runKeyword(WebUIKeywordMain.groovy:26)
	at com.kms.katalon.core.webui.keyword.builtin.UploadFileKeyword.uploadFile(UploadFileKeyword.groovy:87)
	at com.kms.katalon.core.webui.keyword.builtin.UploadFileKeyword.execute(UploadFileKeyword.groovy:68)
	at com.kms.katalon.core.keyword.internal.KeywordExecutor.executeKeywordForPlatform(KeywordExecutor.groovy:74)
	at com.kms.katalon.core.webui.keyword.WebUiBuiltInKeywords.uploadFile(WebUiBuiltInKeywords.groovy:4031)
	at com.kms.katalon.core.webui.keyword.WebUiBuiltInKeywords$uploadFile$4.call(Unknown Source)
	at EDK-014.run(EDK-014:32)
	at com.kms.katalon.core.main.ScriptEngine.run(ScriptEngine.java:194)
	at com.kms.katalon.core.main.ScriptEngine.runScriptAsRawText(ScriptEngine.java:119)
	at com.kms.katalon.core.main.TestCaseExecutor.runScript(TestCaseExecutor.java:448)
	at com.kms.katalon.core.main.TestCaseExecutor.doExecute(TestCaseExecutor.java:439)
	at com.kms.katalon.core.main.TestCaseExecutor.processExecutionPhase(TestCaseExecutor.java:418)
	at com.kms.katalon.core.main.TestCaseExecutor.accessMainPhase(TestCaseExecutor.java:410)
	at com.kms.katalon.core.main.TestCaseExecutor.execute(TestCaseExecutor.java:285)
	at com.kms.katalon.core.common.CommonExecutor.accessTestCaseMainPhase(CommonExecutor.java:65)
	at com.kms.katalon.core.main.TestSuiteExecutor.accessTestSuiteMainPhase(TestSuiteExecutor.java:148)
	at com.kms.katalon.core.main.TestSuiteExecutor.execute(TestSuiteExecutor.java:106)
	at com.kms.katalon.core.main.TestCaseMain.startTestSuite(TestCaseMain.java:187)
	at com.kms.katalon.core.main.TestCaseMain$startTestSuite$0.call(Unknown Source)
	at TempTestSuite1696467586530.run(TempTestSuite1696467586530.groovy:36)
Caused by: org.openqa.selenium.InvalidArgumentException: File not found: C:\Users\IRFAN\Downloads\Berkas.pdf
Build info: version: '3.141.59', revision: 'e82be7d358', time: '2018-11-14T08:25:53'
System info: host: 'DESKTOP-H62FVJ8', ip: '10.9.2.18', os.name: 'Windows 10', os.arch: 'amd64', os.version: '10.0', java.version: '1.8.0_362'
Driver info: com.kms.katalon.core.webui.driver.firefox.CGeckoDriver
Capabilities {acceptInsecureCerts: true, browserName: firefox, browserVersion: 117.0.1, javascriptEnabled: true, moz:accessibilityChecks: false, moz:buildID: 20230912013654, moz:geckodriverVersion: 0.33.0, moz:headless: false, moz:platformVersion: 10.0, moz:processID: 8936, moz:profile: C:\Users\IRFAN\AppData\Loca..., moz:shutdownTimeout: 60000, moz:webdriverClick: true, moz:windowless: false, pageLoadStrategy: normal, platform: WINDOWS, platformName: WINDOWS, proxy: Proxy(direct), setWindowRect: true, strictFileInteractability: false, timeouts: {implicit: 0, pageLoad: 300000, script: 30000}, unhandledPromptBehavior: dismiss and notify}
Session ID: 38f8e745-a0d4-4837-a765-eac8f4956b44
	at org.openqa.selenium.remote.http.W3CHttpResponseCodec.createException(W3CHttpResponseCodec.java:187)
	at org.openqa.selenium.remote.http.W3CHttpResponseCodec.decode(W3CHttpResponseCodec.java:122)
	at org.openqa.selenium.remote.http.W3CHttpResponseCodec.decode(W3CHttpResponseCodec.java:49)
	at org.openqa.selenium.remote.HttpCommandExecutor.execute(HttpCommandExecutor.java:158)
	at org.openqa.selenium.remote.service.DriverCommandExecutor.execute(DriverCommandExecutor.java:83)
	at org.openqa.selenium.remote.RemoteWebDriver.execute(RemoteWebDriver.java:552)
	at com.kms.katalon.selenium.driver.CFirefoxDriver.execute(CFirefoxDriver.java:27)
	at org.openqa.selenium.remote.RemoteWebElement.execute(RemoteWebElement.java:285)
	at org.openqa.selenium.remote.RemoteWebElement.sendKeys(RemoteWebElement.java:106)
	at org.openqa.selenium.support.events.EventFiringWebDriver$EventFiringWebElement.lambda$new$0(EventFiringWebDriver.java:404)
	at com.sun.proxy.$Proxy11.sendKeys(Unknown Source)
	at org.openqa.selenium.support.events.EventFiringWebDriver$EventFiringWebElement.sendKeys(EventFiringWebDriver.java:429)
	at com.kms.katalon.core.webui.keyword.builtin.UploadFileKeyword$_uploadFile_closure1.doCall(UploadFileKeyword.groovy:80)
	at com.kms.katalon.core.webui.keyword.builtin.UploadFileKeyword$_uploadFile_closure1.call(UploadFileKeyword.groovy)
	at com.kms.katalon.core.webui.keyword.internal.WebUIKeywordMain.runKeyword(WebUIKeywordMain.groovy:20)
	at com.kms.katalon.core.webui.keyword.builtin.UploadFileKeyword.uploadFile(UploadFileKeyword.groovy:87)
	at com.kms.katalon.core.webui.keyword.builtin.UploadFileKeyword.execute(UploadFileKeyword.groovy:68)
	at com.kms.katalon.core.keyword.internal.KeywordExecutor.executeKeywordForPlatform(KeywordExecutor.groovy:74)
	at com.kms.katalon.core.webui.keyword.WebUiBuiltInKeywords.uploadFile(WebUiBuiltInKeywords.groovy:4031)
	at com.kms.katalon.core.webui.keyword.WebUiBuiltInKeywords$uploadFile$4.call(Unknown Source)
	at Script1695720599347.run(Script1695720599347.groovy:32)
	... 13 more
)
[[ATTACHMENT|C:\\FT2 XSIS\\Projek Eval 2 Tajalapak dan administrator\\Reports\\20231005_075946\\Edit Data Konsumen\\Edit Data Konsumen\\20231005_075946\\1696468334723.png]]]]></system-out>
         <system-err><![CDATA[2023-10-05 08:11:27 - [TEST_CASE][FAILED] - Test Cases/M08 Edit Data Konsumen/EDK-014: Test Cases/M08 Edit Data Konsumen/EDK-014 FAILED.
Reason:
com.kms.katalon.core.exception.StepFailedException: Unable to upload file 'C:\Users\IRFAN\Downloads\Berkas.pdf' to object 'Object Repository/upload foto/input_Ganti Foto_gg'
	at com.kms.katalon.core.webui.keyword.internal.WebUIKeywordMain.stepFailed(WebUIKeywordMain.groovy:64)
	at com.kms.katalon.core.webui.keyword.internal.WebUIKeywordMain.runKeyword(WebUIKeywordMain.groovy:26)
	at com.kms.katalon.core.webui.keyword.builtin.UploadFileKeyword.uploadFile(UploadFileKeyword.groovy:87)
	at com.kms.katalon.core.webui.keyword.builtin.UploadFileKeyword.execute(UploadFileKeyword.groovy:68)
	at com.kms.katalon.core.keyword.internal.KeywordExecutor.executeKeywordForPlatform(KeywordExecutor.groovy:74)
	at com.kms.katalon.core.webui.keyword.WebUiBuiltInKeywords.uploadFile(WebUiBuiltInKeywords.groovy:4031)
	at com.kms.katalon.core.webui.keyword.WebUiBuiltInKeywords$uploadFile$4.call(Unknown Source)
	at EDK-014.run(EDK-014:32)
	at com.kms.katalon.core.main.ScriptEngine.run(ScriptEngine.java:194)
	at com.kms.katalon.core.main.ScriptEngine.runScriptAsRawText(ScriptEngine.java:119)
	at com.kms.katalon.core.main.TestCaseExecutor.runScript(TestCaseExecutor.java:448)
	at com.kms.katalon.core.main.TestCaseExecutor.doExecute(TestCaseExecutor.java:439)
	at com.kms.katalon.core.main.TestCaseExecutor.processExecutionPhase(TestCaseExecutor.java:418)
	at com.kms.katalon.core.main.TestCaseExecutor.accessMainPhase(TestCaseExecutor.java:410)
	at com.kms.katalon.core.main.TestCaseExecutor.execute(TestCaseExecutor.java:285)
	at com.kms.katalon.core.common.CommonExecutor.accessTestCaseMainPhase(CommonExecutor.java:65)
	at com.kms.katalon.core.main.TestSuiteExecutor.accessTestSuiteMainPhase(TestSuiteExecutor.java:148)
	at com.kms.katalon.core.main.TestSuiteExecutor.execute(TestSuiteExecutor.java:106)
	at com.kms.katalon.core.main.TestCaseMain.startTestSuite(TestCaseMain.java:187)
	at com.kms.katalon.core.main.TestCaseMain$startTestSuite$0.call(Unknown Source)
	at TempTestSuite1696467586530.run(TempTestSuite1696467586530.groovy:36)
Caused by: org.openqa.selenium.InvalidArgumentException: File not found: C:\Users\IRFAN\Downloads\Berkas.pdf
Build info: version: '3.141.59', revision: 'e82be7d358', time: '2018-11-14T08:25:53'
System info: host: 'DESKTOP-H62FVJ8', ip: '10.9.2.18', os.name: 'Windows 10', os.arch: 'amd64', os.version: '10.0', java.version: '1.8.0_362'
Driver info: com.kms.katalon.core.webui.driver.firefox.CGeckoDriver
Capabilities {acceptInsecureCerts: true, browserName: firefox, browserVersion: 117.0.1, javascriptEnabled: true, moz:accessibilityChecks: false, moz:buildID: 20230912013654, moz:geckodriverVersion: 0.33.0, moz:headless: false, moz:platformVersion: 10.0, moz:processID: 8936, moz:profile: C:\Users\IRFAN\AppData\Loca..., moz:shutdownTimeout: 60000, moz:webdriverClick: true, moz:windowless: false, pageLoadStrategy: normal, platform: WINDOWS, platformName: WINDOWS, proxy: Proxy(direct), setWindowRect: true, strictFileInteractability: false, timeouts: {implicit: 0, pageLoad: 300000, script: 30000}, unhandledPromptBehavior: dismiss and notify}
Session ID: 38f8e745-a0d4-4837-a765-eac8f4956b44
	at org.openqa.selenium.remote.http.W3CHttpResponseCodec.createException(W3CHttpResponseCodec.java:187)
	at org.openqa.selenium.remote.http.W3CHttpResponseCodec.decode(W3CHttpResponseCodec.java:122)
	at org.openqa.selenium.remote.http.W3CHttpResponseCodec.decode(W3CHttpResponseCodec.java:49)
	at org.openqa.selenium.remote.HttpCommandExecutor.execute(HttpCommandExecutor.java:158)
	at org.openqa.selenium.remote.service.DriverCommandExecutor.execute(DriverCommandExecutor.java:83)
	at org.openqa.selenium.remote.RemoteWebDriver.execute(RemoteWebDriver.java:552)
	at com.kms.katalon.selenium.driver.CFirefoxDriver.execute(CFirefoxDriver.java:27)
	at org.openqa.selenium.remote.RemoteWebElement.execute(RemoteWebElement.java:285)
	at org.openqa.selenium.remote.RemoteWebElement.sendKeys(RemoteWebElement.java:106)
	at org.openqa.selenium.support.events.EventFiringWebDriver$EventFiringWebElement.lambda$new$0(EventFiringWebDriver.java:404)
	at com.sun.proxy.$Proxy11.sendKeys(Unknown Source)
	at org.openqa.selenium.support.events.EventFiringWebDriver$EventFiringWebElement.sendKeys(EventFiringWebDriver.java:429)
	at com.kms.katalon.core.webui.keyword.builtin.UploadFileKeyword$_uploadFile_closure1.doCall(UploadFileKeyword.groovy:80)
	at com.kms.katalon.core.webui.keyword.builtin.UploadFileKeyword$_uploadFile_closure1.call(UploadFileKeyword.groovy)
	at com.kms.katalon.core.webui.keyword.internal.WebUIKeywordMain.runKeyword(WebUIKeywordMain.groovy:20)
	... 19 more]]></system-err>
      </testcase>
      <testcase name="Test Cases/M08 Edit Data Konsumen/EDK-015" time="55.369" classname="Test Cases/M08 Edit Data Konsumen/EDK-015" status="FAILED">
         <failure type="FAILED" message="Test Cases/M08 Edit Data Konsumen/EDK-015 FAILED.
Reason:
com.kms.katalon.core.exception.StepFailedException: Unable to verify text 'This is a required field.' is present 
	at com.kms.katalon.core.webui.keyword.internal.WebUIKeywordMain.stepFailed(WebUIKeywordMain.groovy:64)
	at com.kms.katalon.core.webui.keyword.internal.WebUIKeywordMain.runKeyword(WebUIKeywordMain.groovy:26)
	at com.kms.katalon.core.webui.keyword.builtin.VerifyTextPresentKeyword.verifyTextPresent(VerifyTextPresentKeyword.groovy:83)
	at com.kms.katalon.core.webui.keyword.builtin.VerifyTextPresentKeyword.execute(VerifyTextPresentKeyword.groovy:68)
	at com.kms.katalon.core.keyword.internal.KeywordExecutor.executeKeywordForPlatform(KeywordExecutor.groovy:74)
	at com.kms.katalon.core.webui.keyword.WebUiBuiltInKeywords.verifyTextPresent(WebUiBuiltInKeywords.groovy:1723)
	at com.kms.katalon.core.webui.keyword.WebUiBuiltInKeywords$verifyTextPresent$8.call(Unknown Source)
	at EDK-015.run(EDK-015:54)
	at com.kms.katalon.core.main.ScriptEngine.run(ScriptEngine.java:194)
	at com.kms.katalon.core.main.ScriptEngine.runScriptAsRawText(ScriptEngine.java:119)
	at com.kms.katalon.core.main.TestCaseExecutor.runScript(TestCaseExecutor.java:448)
	at com.kms.katalon.core.main.TestCaseExecutor.doExecute(TestCaseExecutor.java:439)
	at com.kms.katalon.core.main.TestCaseExecutor.processExecutionPhase(TestCaseExecutor.java:418)
	at com.kms.katalon.core.main.TestCaseExecutor.accessMainPhase(TestCaseExecutor.java:410)
	at com.kms.katalon.core.main.TestCaseExecutor.execute(TestCaseExecutor.java:285)
	at com.kms.katalon.core.common.CommonExecutor.accessTestCaseMainPhase(CommonExecutor.java:65)
	at com.kms.katalon.core.main.TestSuiteExecutor.accessTestSuiteMainPhase(TestSuiteExecutor.java:148)
	at com.kms.katalon.core.main.TestSuiteExecutor.execute(TestSuiteExecutor.java:106)
	at com.kms.katalon.core.main.TestCaseMain.startTestSuite(TestCaseMain.java:187)
	at com.kms.katalon.core.main.TestCaseMain$startTestSuite$0.call(Unknown Source)
	at TempTestSuite1696467586530.run(TempTestSuite1696467586530.groovy:36)
Caused by: com.kms.katalon.core.exception.StepFailedException: Text 'This is a required field.' is not present on page 
	at com.kms.katalon.core.webui.keyword.internal.WebUIKeywordMain.stepFailed(WebUIKeywordMain.groovy:64)
	at com.kms.katalon.core.webui.keyword.builtin.VerifyTextPresentKeyword$_verifyTextPresent_closure1.doCall(VerifyTextPresentKeyword.groovy:79)
	at com.kms.katalon.core.webui.keyword.builtin.VerifyTextPresentKeyword$_verifyTextPresent_closure1.call(VerifyTextPresentKeyword.groovy)
	at com.kms.katalon.core.webui.keyword.internal.WebUIKeywordMain.runKeyword(WebUIKeywordMain.groovy:20)
	... 19 more
"/>
         <system-out><![CDATA[2023-10-05 08:12:14 - [TEST_CASE][FAILED] - Test Cases/M08 Edit Data Konsumen/EDK-015: Test Cases/M08 Edit Data Konsumen/EDK-015 FAILED.
Reason:
com.kms.katalon.core.exception.StepFailedException: Unable to verify text 'This is a required field.' is present 
	at com.kms.katalon.core.webui.keyword.internal.WebUIKeywordMain.stepFailed(WebUIKeywordMain.groovy:64)
	at com.kms.katalon.core.webui.keyword.internal.WebUIKeywordMain.runKeyword(WebUIKeywordMain.groovy:26)
	at com.kms.katalon.core.webui.keyword.builtin.VerifyTextPresentKeyword.verifyTextPresent(VerifyTextPresentKeyword.groovy:83)
	at com.kms.katalon.core.webui.keyword.builtin.VerifyTextPresentKeyword.execute(VerifyTextPresentKeyword.groovy:68)
	at com.kms.katalon.core.keyword.internal.KeywordExecutor.executeKeywordForPlatform(KeywordExecutor.groovy:74)
	at com.kms.katalon.core.webui.keyword.WebUiBuiltInKeywords.verifyTextPresent(WebUiBuiltInKeywords.groovy:1723)
	at com.kms.katalon.core.webui.keyword.WebUiBuiltInKeywords$verifyTextPresent$8.call(Unknown Source)
	at EDK-015.run(EDK-015:54)
	at com.kms.katalon.core.main.ScriptEngine.run(ScriptEngine.java:194)
	at com.kms.katalon.core.main.ScriptEngine.runScriptAsRawText(ScriptEngine.java:119)
	at com.kms.katalon.core.main.TestCaseExecutor.runScript(TestCaseExecutor.java:448)
	at com.kms.katalon.core.main.TestCaseExecutor.doExecute(TestCaseExecutor.java:439)
	at com.kms.katalon.core.main.TestCaseExecutor.processExecutionPhase(TestCaseExecutor.java:418)
	at com.kms.katalon.core.main.TestCaseExecutor.accessMainPhase(TestCaseExecutor.java:410)
	at com.kms.katalon.core.main.TestCaseExecutor.execute(TestCaseExecutor.java:285)
	at com.kms.katalon.core.common.CommonExecutor.accessTestCaseMainPhase(CommonExecutor.java:65)
	at com.kms.katalon.core.main.TestSuiteExecutor.accessTestSuiteMainPhase(TestSuiteExecutor.java:148)
	at com.kms.katalon.core.main.TestSuiteExecutor.execute(TestSuiteExecutor.java:106)
	at com.kms.katalon.core.main.TestCaseMain.startTestSuite(TestCaseMain.java:187)
	at com.kms.katalon.core.main.TestCaseMain$startTestSuite$0.call(Unknown Source)
	at TempTestSuite1696467586530.run(TempTestSuite1696467586530.groovy:36)
Caused by: com.kms.katalon.core.exception.StepFailedException: Text 'This is a required field.' is not present on page 
	at com.kms.katalon.core.webui.keyword.internal.WebUIKeywordMain.stepFailed(WebUIKeywordMain.groovy:64)
	at com.kms.katalon.core.webui.keyword.builtin.VerifyTextPresentKeyword$_verifyTextPresent_closure1.doCall(VerifyTextPresentKeyword.groovy:79)
	at com.kms.katalon.core.webui.keyword.builtin.VerifyTextPresentKeyword$_verifyTextPresent_closure1.call(VerifyTextPresentKeyword.groovy)
	at com.kms.katalon.core.webui.keyword.internal.WebUIKeywordMain.runKeyword(WebUIKeywordMain.groovy:20)
	... 19 more


2023-10-05 08:12:15 - [TEST_STEP][PASSED] - callTestCase(findTestCase("M08 Edit Data Konsumen/EDK-001"), [:], STOP_ON_FAILURE): Call Test Case 'Test Cases/M08 Edit Data Konsumen/EDK-001' successfully

2023-10-05 08:12:15 - [TEST_CASE][PASSED] - Test Cases/M08 Edit Data Konsumen/EDK-001: Test Cases/M08 Edit Data Konsumen/EDK-001

2023-10-05 08:12:15 - [TEST_STEP][PASSED] - callTestCase(findTestCase("Login/TC-Login Admin-Success-001"), ["Username":"admin", "Password":"123admin123"], STOP_ON_FAILURE): Call Test Case 'Test Cases/Login/TC-Login Admin-Success-001' successfully

2023-10-05 08:12:15 - [TEST_CASE][PASSED] - Test Cases/Login/TC-Login Admin-Success-001: Test Cases/Login/TC-Login Admin-Success-001

2023-10-05 08:12:15 - [TEST_STEP][PASSED] - openBrowser("https://10.9.2.63/ecommerce/administrator/"): Browser is opened with url: 'https://10.9.2.63/ecommerce/administrator/'

2023-10-05 08:12:15 - [MESSAGE][WARNING] - A browser is already opened. Closing browser and opening a new one

2023-10-05 08:12:16 - [MESSAGE][INFO] - Starting 'Firefox' driver

2023-10-05 08:12:16 - [MESSAGE][INFO] - Action delay is set to 0 milliseconds

2023-10-05 08:12:20 - [MESSAGE][PASSED] - Browser is opened with url: 'https://10.9.2.63/ecommerce/administrator/'

2023-10-05 08:12:20 - [TEST_STEP][PASSED] - maximizeWindow(): Current window maximized

2023-10-05 08:12:20 - [MESSAGE][PASSED] - Current window maximized

2023-10-05 08:12:20 - [TEST_STEP][PASSED] - verifyElementPresent(findTestObject("Login admin/Tittle ADMIN"), 0): Object 'Object Repository/Login admin/Tittle ADMIN' is present

2023-10-05 08:12:20 - [MESSAGE][WARNING] - Timeout '0' is invalid. Using default page load timeout: '30'

2023-10-05 08:12:20 - [MESSAGE][PASSED] - Object 'Object Repository/Login admin/Tittle ADMIN' is present

2023-10-05 08:12:20 - [TEST_STEP][PASSED] - setText(findTestObject("Login/input_Username, Email atau No. Handphone_a"), Username): Text 'admin' is set on object 'Object Repository/Login/input_Username, Email atau No. Handphone_a'

2023-10-05 08:12:21 - [MESSAGE][PASSED] - Text 'admin' is set on object 'Object Repository/Login/input_Username, Email atau No. Handphone_a'

2023-10-05 08:12:21 - [TEST_STEP][PASSED] - setText(findTestObject("Login/input_Password"), Password): Text '123admin123' is set on object 'Object Repository/Login/input_Password'

2023-10-05 08:12:22 - [MESSAGE][PASSED] - Text '123admin123' is set on object 'Object Repository/Login/input_Password'

2023-10-05 08:12:22 - [TEST_STEP][PASSED] - click(findTestObject("Login admin/buttom Remember Me")): Object: 'Object Repository/Login admin/buttom Remember Me' is clicked on

2023-10-05 08:12:22 - [MESSAGE][PASSED] - Object: 'Object Repository/Login admin/buttom Remember Me' is clicked on

2023-10-05 08:12:22 - [TEST_STEP][PASSED] - delay(10): Delayed 10 second(s)

2023-10-05 08:12:32 - [MESSAGE][PASSED] - Delayed 10 second(s)

2023-10-05 08:12:32 - [TEST_STEP][PASSED] - click(findTestObject("Login admin/buttom sign in")): Object: 'Object Repository/Login admin/buttom sign in' is clicked on

2023-10-05 08:12:34 - [MESSAGE][PASSED] - Object: 'Object Repository/Login admin/buttom sign in' is clicked on

2023-10-05 08:12:34 - [TEST_STEP][PASSED] - verifyElementPresent(findTestObject("Login admin/Tittle Dashboard"), 0): Object 'Object Repository/Login admin/Tittle Dashboard' is present

2023-10-05 08:12:34 - [MESSAGE][WARNING] - Timeout '0' is invalid. Using default page load timeout: '30'

2023-10-05 08:12:39 - [MESSAGE][PASSED] - Object 'Object Repository/Login admin/Tittle Dashboard' is present

2023-10-05 08:12:39 - [MESSAGE][PASSED] - Call Test Case 'Test Cases/Login/TC-Login Admin-Success-001' successfully

2023-10-05 08:12:39 - [TEST_STEP][PASSED] - click(findTestObject("Menu pencarian Toko admin/Menu Master Market")): Object: 'Object Repository/Menu pencarian Toko admin/Menu Master Market' is clicked on

2023-10-05 08:12:39 - [MESSAGE][PASSED] - Object: 'Object Repository/Menu pencarian Toko admin/Menu Master Market' is clicked on

2023-10-05 08:12:39 - [TEST_STEP][PASSED] - click(findTestObject("Edit Data konsumen/Menu Konsumen")): Object: 'Object Repository/Edit Data konsumen/Menu Konsumen' is clicked on

2023-10-05 08:12:41 - [MESSAGE][PASSED] - Object: 'Object Repository/Edit Data konsumen/Menu Konsumen' is clicked on

2023-10-05 08:12:41 - [TEST_STEP][PASSED] - verifyElementPresent(findTestObject("Edit Data konsumen/Tittle Daftar Semua Konsumen"), 0): Object 'Object Repository/Edit Data konsumen/Tittle Daftar Semua Konsumen' is present

2023-10-05 08:12:41 - [MESSAGE][WARNING] - Timeout '0' is invalid. Using default page load timeout: '30'

2023-10-05 08:12:47 - [MESSAGE][PASSED] - Object 'Object Repository/Edit Data konsumen/Tittle Daftar Semua Konsumen' is present

2023-10-05 08:12:47 - [MESSAGE][PASSED] - Call Test Case 'Test Cases/M08 Edit Data Konsumen/EDK-001' successfully

2023-10-05 08:12:47 - [TEST_STEP][PASSED] - click(findTestObject("file baru/search")): Object: 'Object Repository/file baru/search' is clicked on

2023-10-05 08:12:48 - [MESSAGE][PASSED] - Object: 'Object Repository/file baru/search' is clicked on

2023-10-05 08:12:48 - [TEST_STEP][PASSED] - setText(findTestObject("file baru/search"), "udin padinding oii"): Text 'udin padinding oii' is set on object 'Object Repository/file baru/search'

2023-10-05 08:12:49 - [MESSAGE][PASSED] - Text 'udin padinding oii' is set on object 'Object Repository/file baru/search'

2023-10-05 08:12:49 - [TEST_STEP][PASSED] - click(findTestObject("file baru/buttom edit")): Object: 'Object Repository/file baru/buttom edit' is clicked on

2023-10-05 08:12:54 - [MESSAGE][PASSED] - Object: 'Object Repository/file baru/buttom edit' is clicked on

2023-10-05 08:12:54 - [TEST_STEP][PASSED] - verifyElementPresent(findTestObject("Edit Data konsumen/tittle Edit Data Konsumen"), 0): Object 'Object Repository/Edit Data konsumen/tittle Edit Data Konsumen' is present

2023-10-05 08:12:54 - [MESSAGE][WARNING] - Timeout '0' is invalid. Using default page load timeout: '30'

2023-10-05 08:13:00 - [MESSAGE][PASSED] - Object 'Object Repository/Edit Data konsumen/tittle Edit Data Konsumen' is present

2023-10-05 08:13:00 - [TEST_STEP][PASSED] - setText(findTestObject("Edit Data konsumen/ganti password/input_Ganti Password"), password): Text '123halokamu' is set on object 'Object Repository/Edit Data konsumen/ganti password/input_Ganti Password'

2023-10-05 08:13:01 - [MESSAGE][PASSED] - Text '123halokamu' is set on object 'Object Repository/Edit Data konsumen/ganti password/input_Ganti Password'

2023-10-05 08:13:01 - [TEST_STEP][PASSED] - setText(findTestObject("Edit Data konsumen/input_Nama Lengkap"), nama_lengkap): Text 'udin padinding oii' is set on object 'Object Repository/Edit Data konsumen/input_Nama Lengkap'

2023-10-05 08:13:03 - [MESSAGE][PASSED] - Text 'udin padinding oii' is set on object 'Object Repository/Edit Data konsumen/input_Nama Lengkap'

2023-10-05 08:13:03 - [TEST_STEP][PASSED] - clearText(findTestObject("Edit Data konsumen/Input Alamat email/input Alamat Email"), STOP_ON_FAILURE): Text of object 'Object Repository/Edit Data konsumen/Input Alamat email/input Alamat Email' is cleared

2023-10-05 08:13:03 - [MESSAGE][PASSED] - Text of object 'Object Repository/Edit Data konsumen/Input Alamat email/input Alamat Email' is cleared

2023-10-05 08:13:03 - [TEST_STEP][PASSED] - clearText(findTestObject("Edit Data konsumen/Input no Hp/input No Hp"), STOP_ON_FAILURE): Text of object 'Object Repository/Edit Data konsumen/Input no Hp/input No Hp' is cleared

2023-10-05 08:13:04 - [MESSAGE][PASSED] - Text of object 'Object Repository/Edit Data konsumen/Input no Hp/input No Hp' is cleared

2023-10-05 08:13:04 - [TEST_STEP][PASSED] - uploadFile(findTestObject("upload foto/input_Ganti Foto_gg"), foto): File 'C:\Users\IRFAN\Downloads\foto42.png' sent to object: 'Object Repository/upload foto/input_Ganti Foto_gg'

2023-10-05 08:13:04 - [MESSAGE][PASSED] - File 'C:\Users\IRFAN\Downloads\foto42.png' sent to object: 'Object Repository/upload foto/input_Ganti Foto_gg'

2023-10-05 08:13:04 - [TEST_STEP][PASSED] - if (toString().equalsIgnoreCase("Laki-laki")): Object 'Object Repository/Edit Data konsumen/Radio buttom jenis_kelamin/Laki_laki/Radio buttom Laki_laki' is checked

2023-10-05 08:13:04 - [TEST_STEP][PASSED] - check(findTestObject("Object Repository/Edit Data konsumen/Radio buttom jenis_kelamin/Laki_laki/Radio buttom Laki_laki")): Object 'Object Repository/Edit Data konsumen/Radio buttom jenis_kelamin/Laki_laki/Radio buttom Laki_laki' is checked

2023-10-05 08:13:04 - [MESSAGE][PASSED] - Object 'Object Repository/Edit Data konsumen/Radio buttom jenis_kelamin/Laki_laki/Radio buttom Laki_laki' is checked

2023-10-05 08:13:04 - [TEST_STEP][PASSED] - setText(findTestObject("Edit Data konsumen/input tanggal lahir/input_Tanggal Lahir"), tanggal_lahir): Text '1998-09-09' is set on object 'Object Repository/Edit Data konsumen/input tanggal lahir/input_Tanggal Lahir'

2023-10-05 08:13:05 - [MESSAGE][PASSED] - Text '1998-09-09' is set on object 'Object Repository/Edit Data konsumen/input tanggal lahir/input_Tanggal Lahir'

2023-10-05 08:13:05 - [TEST_STEP][PASSED] - clearText(findTestObject("Edit Data konsumen/Alamat/input_Alamat"), STOP_ON_FAILURE): Text of object 'Object Repository/Edit Data konsumen/Alamat/input_Alamat' is cleared

2023-10-05 08:13:06 - [MESSAGE][PASSED] - Text of object 'Object Repository/Edit Data konsumen/Alamat/input_Alamat' is cleared

2023-10-05 08:13:06 - [TEST_STEP][PASSED] - click(findTestObject("Edit Data konsumen/button_Update")): Object: 'Object Repository/Edit Data konsumen/button_Update' is clicked on

2023-10-05 08:13:07 - [MESSAGE][PASSED] - Object: 'Object Repository/Edit Data konsumen/button_Update' is clicked on

2023-10-05 08:13:07 - [TEST_STEP][FAILED] - verifyTextPresent("This is a required field.", false): Unable to verify text 'This is a required field.' is present  (Root cause: com.kms.katalon.core.exception.StepFailedException: Unable to verify text 'This is a required field.' is present 
	at com.kms.katalon.core.webui.keyword.internal.WebUIKeywordMain.stepFailed(WebUIKeywordMain.groovy:64)
	at com.kms.katalon.core.webui.keyword.internal.WebUIKeywordMain.runKeyword(WebUIKeywordMain.groovy:26)
	at com.kms.katalon.core.webui.keyword.builtin.VerifyTextPresentKeyword.verifyTextPresent(VerifyTextPresentKeyword.groovy:83)
	at com.kms.katalon.core.webui.keyword.builtin.VerifyTextPresentKeyword.execute(VerifyTextPresentKeyword.groovy:68)
	at com.kms.katalon.core.keyword.internal.KeywordExecutor.executeKeywordForPlatform(KeywordExecutor.groovy:74)
	at com.kms.katalon.core.webui.keyword.WebUiBuiltInKeywords.verifyTextPresent(WebUiBuiltInKeywords.groovy:1723)
	at com.kms.katalon.core.webui.keyword.WebUiBuiltInKeywords$verifyTextPresent$8.call(Unknown Source)
	at EDK-015.run(EDK-015:54)
	at com.kms.katalon.core.main.ScriptEngine.run(ScriptEngine.java:194)
	at com.kms.katalon.core.main.ScriptEngine.runScriptAsRawText(ScriptEngine.java:119)
	at com.kms.katalon.core.main.TestCaseExecutor.runScript(TestCaseExecutor.java:448)
	at com.kms.katalon.core.main.TestCaseExecutor.doExecute(TestCaseExecutor.java:439)
	at com.kms.katalon.core.main.TestCaseExecutor.processExecutionPhase(TestCaseExecutor.java:418)
	at com.kms.katalon.core.main.TestCaseExecutor.accessMainPhase(TestCaseExecutor.java:410)
	at com.kms.katalon.core.main.TestCaseExecutor.execute(TestCaseExecutor.java:285)
	at com.kms.katalon.core.common.CommonExecutor.accessTestCaseMainPhase(CommonExecutor.java:65)
	at com.kms.katalon.core.main.TestSuiteExecutor.accessTestSuiteMainPhase(TestSuiteExecutor.java:148)
	at com.kms.katalon.core.main.TestSuiteExecutor.execute(TestSuiteExecutor.java:106)
	at com.kms.katalon.core.main.TestCaseMain.startTestSuite(TestCaseMain.java:187)
	at com.kms.katalon.core.main.TestCaseMain$startTestSuite$0.call(Unknown Source)
	at TempTestSuite1696467586530.run(TempTestSuite1696467586530.groovy:36)
Caused by: com.kms.katalon.core.exception.StepFailedException: Text 'This is a required field.' is not present on page 
	at com.kms.katalon.core.webui.keyword.internal.WebUIKeywordMain.stepFailed(WebUIKeywordMain.groovy:64)
	at com.kms.katalon.core.webui.keyword.builtin.VerifyTextPresentKeyword$_verifyTextPresent_closure1.doCall(VerifyTextPresentKeyword.groovy:79)
	at com.kms.katalon.core.webui.keyword.builtin.VerifyTextPresentKeyword$_verifyTextPresent_closure1.call(VerifyTextPresentKeyword.groovy)
	at com.kms.katalon.core.webui.keyword.internal.WebUIKeywordMain.runKeyword(WebUIKeywordMain.groovy:20)
	... 19 more
)

2023-10-05 08:13:10 - [MESSAGE][FAILED] - Text 'This is a required field.' is not present on page  (Root cause: com.kms.katalon.core.exception.StepFailedException: Text 'This is a required field.' is not present on page 
	at com.kms.katalon.core.webui.keyword.internal.WebUIKeywordMain.stepFailed(WebUIKeywordMain.groovy:64)
	at com.kms.katalon.core.webui.keyword.builtin.VerifyTextPresentKeyword$_verifyTextPresent_closure1.doCall(VerifyTextPresentKeyword.groovy:79)
	at com.kms.katalon.core.webui.keyword.builtin.VerifyTextPresentKeyword$_verifyTextPresent_closure1.call(VerifyTextPresentKeyword.groovy)
	at com.kms.katalon.core.webui.keyword.internal.WebUIKeywordMain.runKeyword(WebUIKeywordMain.groovy:20)
	at com.kms.katalon.core.webui.keyword.builtin.VerifyTextPresentKeyword.verifyTextPresent(VerifyTextPresentKeyword.groovy:83)
	at com.kms.katalon.core.webui.keyword.builtin.VerifyTextPresentKeyword.execute(VerifyTextPresentKeyword.groovy:68)
	at com.kms.katalon.core.keyword.internal.KeywordExecutor.executeKeywordForPlatform(KeywordExecutor.groovy:74)
	at com.kms.katalon.core.webui.keyword.WebUiBuiltInKeywords.verifyTextPresent(WebUiBuiltInKeywords.groovy:1723)
	at com.kms.katalon.core.webui.keyword.WebUiBuiltInKeywords$verifyTextPresent$8.call(Unknown Source)
	at EDK-015.run(EDK-015:54)
	at com.kms.katalon.core.main.ScriptEngine.run(ScriptEngine.java:194)
	at com.kms.katalon.core.main.ScriptEngine.runScriptAsRawText(ScriptEngine.java:119)
	at com.kms.katalon.core.main.TestCaseExecutor.runScript(TestCaseExecutor.java:448)
	at com.kms.katalon.core.main.TestCaseExecutor.doExecute(TestCaseExecutor.java:439)
	at com.kms.katalon.core.main.TestCaseExecutor.processExecutionPhase(TestCaseExecutor.java:418)
	at com.kms.katalon.core.main.TestCaseExecutor.accessMainPhase(TestCaseExecutor.java:410)
	at com.kms.katalon.core.main.TestCaseExecutor.execute(TestCaseExecutor.java:285)
	at com.kms.katalon.core.common.CommonExecutor.accessTestCaseMainPhase(CommonExecutor.java:65)
	at com.kms.katalon.core.main.TestSuiteExecutor.accessTestSuiteMainPhase(TestSuiteExecutor.java:148)
	at com.kms.katalon.core.main.TestSuiteExecutor.execute(TestSuiteExecutor.java:106)
	at com.kms.katalon.core.main.TestCaseMain.startTestSuite(TestCaseMain.java:187)
	at com.kms.katalon.core.main.TestCaseMain$startTestSuite$0.call(Unknown Source)
	at TempTestSuite1696467586530.run(TempTestSuite1696467586530.groovy:36)
)

2023-10-05 08:13:10 - [MESSAGE][FAILED] - Unable to verify text 'This is a required field.' is present  (Root cause: com.kms.katalon.core.exception.StepFailedException: Unable to verify text 'This is a required field.' is present 
	at com.kms.katalon.core.webui.keyword.internal.WebUIKeywordMain.stepFailed(WebUIKeywordMain.groovy:64)
	at com.kms.katalon.core.webui.keyword.internal.WebUIKeywordMain.runKeyword(WebUIKeywordMain.groovy:26)
	at com.kms.katalon.core.webui.keyword.builtin.VerifyTextPresentKeyword.verifyTextPresent(VerifyTextPresentKeyword.groovy:83)
	at com.kms.katalon.core.webui.keyword.builtin.VerifyTextPresentKeyword.execute(VerifyTextPresentKeyword.groovy:68)
	at com.kms.katalon.core.keyword.internal.KeywordExecutor.executeKeywordForPlatform(KeywordExecutor.groovy:74)
	at com.kms.katalon.core.webui.keyword.WebUiBuiltInKeywords.verifyTextPresent(WebUiBuiltInKeywords.groovy:1723)
	at com.kms.katalon.core.webui.keyword.WebUiBuiltInKeywords$verifyTextPresent$8.call(Unknown Source)
	at EDK-015.run(EDK-015:54)
	at com.kms.katalon.core.main.ScriptEngine.run(ScriptEngine.java:194)
	at com.kms.katalon.core.main.ScriptEngine.runScriptAsRawText(ScriptEngine.java:119)
	at com.kms.katalon.core.main.TestCaseExecutor.runScript(TestCaseExecutor.java:448)
	at com.kms.katalon.core.main.TestCaseExecutor.doExecute(TestCaseExecutor.java:439)
	at com.kms.katalon.core.main.TestCaseExecutor.processExecutionPhase(TestCaseExecutor.java:418)
	at com.kms.katalon.core.main.TestCaseExecutor.accessMainPhase(TestCaseExecutor.java:410)
	at com.kms.katalon.core.main.TestCaseExecutor.execute(TestCaseExecutor.java:285)
	at com.kms.katalon.core.common.CommonExecutor.accessTestCaseMainPhase(CommonExecutor.java:65)
	at com.kms.katalon.core.main.TestSuiteExecutor.accessTestSuiteMainPhase(TestSuiteExecutor.java:148)
	at com.kms.katalon.core.main.TestSuiteExecutor.execute(TestSuiteExecutor.java:106)
	at com.kms.katalon.core.main.TestCaseMain.startTestSuite(TestCaseMain.java:187)
	at com.kms.katalon.core.main.TestCaseMain$startTestSuite$0.call(Unknown Source)
	at TempTestSuite1696467586530.run(TempTestSuite1696467586530.groovy:36)
Caused by: com.kms.katalon.core.exception.StepFailedException: Text 'This is a required field.' is not present on page 
	at com.kms.katalon.core.webui.keyword.internal.WebUIKeywordMain.stepFailed(WebUIKeywordMain.groovy:64)
	at com.kms.katalon.core.webui.keyword.builtin.VerifyTextPresentKeyword$_verifyTextPresent_closure1.doCall(VerifyTextPresentKeyword.groovy:79)
	at com.kms.katalon.core.webui.keyword.builtin.VerifyTextPresentKeyword$_verifyTextPresent_closure1.call(VerifyTextPresentKeyword.groovy)
	at com.kms.katalon.core.webui.keyword.internal.WebUIKeywordMain.runKeyword(WebUIKeywordMain.groovy:20)
	... 19 more
)
[[ATTACHMENT|C:\\FT2 XSIS\\Projek Eval 2 Tajalapak dan administrator\\Reports\\20231005_075946\\Edit Data Konsumen\\Edit Data Konsumen\\20231005_075946\\1696468390098.png]]]]></system-out>
         <system-err><![CDATA[2023-10-05 08:12:14 - [TEST_CASE][FAILED] - Test Cases/M08 Edit Data Konsumen/EDK-015: Test Cases/M08 Edit Data Konsumen/EDK-015 FAILED.
Reason:
com.kms.katalon.core.exception.StepFailedException: Unable to verify text 'This is a required field.' is present 
	at com.kms.katalon.core.webui.keyword.internal.WebUIKeywordMain.stepFailed(WebUIKeywordMain.groovy:64)
	at com.kms.katalon.core.webui.keyword.internal.WebUIKeywordMain.runKeyword(WebUIKeywordMain.groovy:26)
	at com.kms.katalon.core.webui.keyword.builtin.VerifyTextPresentKeyword.verifyTextPresent(VerifyTextPresentKeyword.groovy:83)
	at com.kms.katalon.core.webui.keyword.builtin.VerifyTextPresentKeyword.execute(VerifyTextPresentKeyword.groovy:68)
	at com.kms.katalon.core.keyword.internal.KeywordExecutor.executeKeywordForPlatform(KeywordExecutor.groovy:74)
	at com.kms.katalon.core.webui.keyword.WebUiBuiltInKeywords.verifyTextPresent(WebUiBuiltInKeywords.groovy:1723)
	at com.kms.katalon.core.webui.keyword.WebUiBuiltInKeywords$verifyTextPresent$8.call(Unknown Source)
	at EDK-015.run(EDK-015:54)
	at com.kms.katalon.core.main.ScriptEngine.run(ScriptEngine.java:194)
	at com.kms.katalon.core.main.ScriptEngine.runScriptAsRawText(ScriptEngine.java:119)
	at com.kms.katalon.core.main.TestCaseExecutor.runScript(TestCaseExecutor.java:448)
	at com.kms.katalon.core.main.TestCaseExecutor.doExecute(TestCaseExecutor.java:439)
	at com.kms.katalon.core.main.TestCaseExecutor.processExecutionPhase(TestCaseExecutor.java:418)
	at com.kms.katalon.core.main.TestCaseExecutor.accessMainPhase(TestCaseExecutor.java:410)
	at com.kms.katalon.core.main.TestCaseExecutor.execute(TestCaseExecutor.java:285)
	at com.kms.katalon.core.common.CommonExecutor.accessTestCaseMainPhase(CommonExecutor.java:65)
	at com.kms.katalon.core.main.TestSuiteExecutor.accessTestSuiteMainPhase(TestSuiteExecutor.java:148)
	at com.kms.katalon.core.main.TestSuiteExecutor.execute(TestSuiteExecutor.java:106)
	at com.kms.katalon.core.main.TestCaseMain.startTestSuite(TestCaseMain.java:187)
	at com.kms.katalon.core.main.TestCaseMain$startTestSuite$0.call(Unknown Source)
	at TempTestSuite1696467586530.run(TempTestSuite1696467586530.groovy:36)
Caused by: com.kms.katalon.core.exception.StepFailedException: Text 'This is a required field.' is not present on page 
	at com.kms.katalon.core.webui.keyword.internal.WebUIKeywordMain.stepFailed(WebUIKeywordMain.groovy:64)
	at com.kms.katalon.core.webui.keyword.builtin.VerifyTextPresentKeyword$_verifyTextPresent_closure1.doCall(VerifyTextPresentKeyword.groovy:79)
	at com.kms.katalon.core.webui.keyword.builtin.VerifyTextPresentKeyword$_verifyTextPresent_closure1.call(VerifyTextPresentKeyword.groovy)
	at com.kms.katalon.core.webui.keyword.internal.WebUIKeywordMain.runKeyword(WebUIKeywordMain.groovy:20)
	... 19 more]]></system-err>
      </testcase>
      <testcase name="Test Cases/M08 Edit Data Konsumen/LA-001" time="26.567" classname="Test Cases/M08 Edit Data Konsumen/LA-001" status="PASSED">
         <system-out><![CDATA[2023-10-05 08:13:10 - [TEST_CASE][PASSED] - Test Cases/M08 Edit Data Konsumen/LA-001: Test Cases/M08 Edit Data Konsumen/LA-001

2023-10-05 08:13:10 - [TEST_STEP][PASSED] - openBrowser("https://10.9.2.63/ecommerce/administrator/"): Browser is opened with url: 'https://10.9.2.63/ecommerce/administrator/'

2023-10-05 08:13:10 - [MESSAGE][WARNING] - A browser is already opened. Closing browser and opening a new one

2023-10-05 08:13:11 - [MESSAGE][INFO] - Starting 'Firefox' driver

2023-10-05 08:13:11 - [MESSAGE][INFO] - Action delay is set to 0 milliseconds

2023-10-05 08:13:15 - [MESSAGE][PASSED] - Browser is opened with url: 'https://10.9.2.63/ecommerce/administrator/'

2023-10-05 08:13:15 - [TEST_STEP][PASSED] - maximizeWindow(): Current window maximized

2023-10-05 08:13:15 - [MESSAGE][PASSED] - Current window maximized

2023-10-05 08:13:15 - [TEST_STEP][PASSED] - verifyElementPresent(findTestObject("Login admin/Tittle ADMIN"), 0): Object 'Object Repository/Login admin/Tittle ADMIN' is present

2023-10-05 08:13:15 - [MESSAGE][WARNING] - Timeout '0' is invalid. Using default page load timeout: '30'

2023-10-05 08:13:15 - [MESSAGE][PASSED] - Object 'Object Repository/Login admin/Tittle ADMIN' is present

2023-10-05 08:13:15 - [TEST_STEP][PASSED] - setText(findTestObject("Login/input_Username, Email atau No. Handphone_a"), Username): Text 'admin' is set on object 'Object Repository/Login/input_Username, Email atau No. Handphone_a'

2023-10-05 08:13:16 - [MESSAGE][PASSED] - Text 'admin' is set on object 'Object Repository/Login/input_Username, Email atau No. Handphone_a'

2023-10-05 08:13:16 - [TEST_STEP][PASSED] - setText(findTestObject("Login/input_Password"), Password): Text '123admin123' is set on object 'Object Repository/Login/input_Password'

2023-10-05 08:13:17 - [MESSAGE][PASSED] - Text '123admin123' is set on object 'Object Repository/Login/input_Password'

2023-10-05 08:13:17 - [TEST_STEP][PASSED] - click(findTestObject("Login admin/buttom Remember Me")): Object: 'Object Repository/Login admin/buttom Remember Me' is clicked on

2023-10-05 08:13:17 - [MESSAGE][PASSED] - Object: 'Object Repository/Login admin/buttom Remember Me' is clicked on

2023-10-05 08:13:17 - [TEST_STEP][PASSED] - delay(10): Delayed 10 second(s)

2023-10-05 08:13:27 - [MESSAGE][PASSED] - Delayed 10 second(s)

2023-10-05 08:13:27 - [TEST_STEP][PASSED] - click(findTestObject("Login admin/buttom sign in")): Object: 'Object Repository/Login admin/buttom sign in' is clicked on

2023-10-05 08:13:29 - [MESSAGE][PASSED] - Object: 'Object Repository/Login admin/buttom sign in' is clicked on

2023-10-05 08:13:29 - [TEST_STEP][PASSED] - verifyElementPresent(findTestObject("Login admin/Tittle Dashboard"), 0): Object 'Object Repository/Login admin/Tittle Dashboard' is present

2023-10-05 08:13:29 - [MESSAGE][WARNING] - Timeout '0' is invalid. Using default page load timeout: '30'

2023-10-05 08:13:36 - [MESSAGE][PASSED] - Object 'Object Repository/Login admin/Tittle Dashboard' is present]]></system-out>
         <system-err><![CDATA[]]></system-err>
      </testcase>
      <system-out><![CDATA[2023-10-05 07:59:49 - [TEST_SUITE][FAILED] - Edit Data Konsumen: Test Cases/M08 Edit Data Konsumen/EDK-003 FAILED.
Reason:
com.kms.katalon.core.exception.StepFailedException: Unable to verify text 'Nama tidak boleh menggunakan Symbol' is present 
	at com.kms.katalon.core.webui.keyword.internal.WebUIKeywordMain.stepFailed(WebUIKeywordMain.groovy:64)
	at com.kms.katalon.core.webui.keyword.internal.WebUIKeywordMain.runKeyword(WebUIKeywordMain.groovy:26)
	at com.kms.katalon.core.webui.keyword.builtin.VerifyTextPresentKeyword.verifyTextPresent(VerifyTextPresentKeyword.groovy:83)
	at com.kms.katalon.core.webui.keyword.builtin.VerifyTextPresentKeyword.execute(VerifyTextPresentKeyword.groovy:68)
	at com.kms.katalon.core.keyword.internal.KeywordExecutor.executeKeywordForPlatform(KeywordExecutor.groovy:74)
	at com.kms.katalon.core.webui.keyword.WebUiBuiltInKeywords.verifyTextPresent(WebUiBuiltInKeywords.groovy:1723)
	at com.kms.katalon.core.webui.keyword.WebUiBuiltInKeywords$verifyTextPresent$8.call(Unknown Source)
	at EDK-003.run(EDK-003:34)
	at com.kms.katalon.core.main.ScriptEngine.run(ScriptEngine.java:194)
	at com.kms.katalon.core.main.ScriptEngine.runScriptAsRawText(ScriptEngine.java:119)
	at com.kms.katalon.core.main.TestCaseExecutor.runScript(TestCaseExecutor.java:448)
	at com.kms.katalon.core.main.TestCaseExecutor.doExecute(TestCaseExecutor.java:439)
	at com.kms.katalon.core.main.TestCaseExecutor.processExecutionPhase(TestCaseExecutor.java:418)
	at com.kms.katalon.core.main.TestCaseExecutor.accessMainPhase(TestCaseExecutor.java:410)
	at com.kms.katalon.core.main.TestCaseExecutor.execute(TestCaseExecutor.java:285)
	at com.kms.katalon.core.common.CommonExecutor.accessTestCaseMainPhase(CommonExecutor.java:65)
	at com.kms.katalon.core.main.TestSuiteExecutor.accessTestSuiteMainPhase(TestSuiteExecutor.java:148)
	at com.kms.katalon.core.main.TestSuiteExecutor.execute(TestSuiteExecutor.java:106)
	at com.kms.katalon.core.main.TestCaseMain.startTestSuite(TestCaseMain.java:187)
	at com.kms.katalon.core.main.TestCaseMain$startTestSuite$0.call(Unknown Source)
	at TempTestSuite1696467586530.run(TempTestSuite1696467586530.groovy:36)
Caused by: com.kms.katalon.core.exception.StepFailedException: Text 'Nama tidak boleh menggunakan Symbol' is not present on page 
	at com.kms.katalon.core.webui.keyword.internal.WebUIKeywordMain.stepFailed(WebUIKeywordMain.groovy:64)
	at com.kms.katalon.core.webui.keyword.builtin.VerifyTextPresentKeyword$_verifyTextPresent_closure1.doCall(VerifyTextPresentKeyword.groovy:79)
	at com.kms.katalon.core.webui.keyword.builtin.VerifyTextPresentKeyword$_verifyTextPresent_closure1.call(VerifyTextPresentKeyword.groovy)
	at com.kms.katalon.core.webui.keyword.internal.WebUIKeywordMain.runKeyword(WebUIKeywordMain.groovy:20)
	... 19 more]]></system-out>
      <system-err><![CDATA[2023-10-05 07:59:49 - [TEST_SUITE][FAILED] - Edit Data Konsumen: Test Cases/M08 Edit Data Konsumen/EDK-003 FAILED.
Reason:
com.kms.katalon.core.exception.StepFailedException: Unable to verify text 'Nama tidak boleh menggunakan Symbol' is present 
	at com.kms.katalon.core.webui.keyword.internal.WebUIKeywordMain.stepFailed(WebUIKeywordMain.groovy:64)
	at com.kms.katalon.core.webui.keyword.internal.WebUIKeywordMain.runKeyword(WebUIKeywordMain.groovy:26)
	at com.kms.katalon.core.webui.keyword.builtin.VerifyTextPresentKeyword.verifyTextPresent(VerifyTextPresentKeyword.groovy:83)
	at com.kms.katalon.core.webui.keyword.builtin.VerifyTextPresentKeyword.execute(VerifyTextPresentKeyword.groovy:68)
	at com.kms.katalon.core.keyword.internal.KeywordExecutor.executeKeywordForPlatform(KeywordExecutor.groovy:74)
	at com.kms.katalon.core.webui.keyword.WebUiBuiltInKeywords.verifyTextPresent(WebUiBuiltInKeywords.groovy:1723)
	at com.kms.katalon.core.webui.keyword.WebUiBuiltInKeywords$verifyTextPresent$8.call(Unknown Source)
	at EDK-003.run(EDK-003:34)
	at com.kms.katalon.core.main.ScriptEngine.run(ScriptEngine.java:194)
	at com.kms.katalon.core.main.ScriptEngine.runScriptAsRawText(ScriptEngine.java:119)
	at com.kms.katalon.core.main.TestCaseExecutor.runScript(TestCaseExecutor.java:448)
	at com.kms.katalon.core.main.TestCaseExecutor.doExecute(TestCaseExecutor.java:439)
	at com.kms.katalon.core.main.TestCaseExecutor.processExecutionPhase(TestCaseExecutor.java:418)
	at com.kms.katalon.core.main.TestCaseExecutor.accessMainPhase(TestCaseExecutor.java:410)
	at com.kms.katalon.core.main.TestCaseExecutor.execute(TestCaseExecutor.java:285)
	at com.kms.katalon.core.common.CommonExecutor.accessTestCaseMainPhase(CommonExecutor.java:65)
	at com.kms.katalon.core.main.TestSuiteExecutor.accessTestSuiteMainPhase(TestSuiteExecutor.java:148)
	at com.kms.katalon.core.main.TestSuiteExecutor.execute(TestSuiteExecutor.java:106)
	at com.kms.katalon.core.main.TestCaseMain.startTestSuite(TestCaseMain.java:187)
	at com.kms.katalon.core.main.TestCaseMain$startTestSuite$0.call(Unknown Source)
	at TempTestSuite1696467586530.run(TempTestSuite1696467586530.groovy:36)
Caused by: com.kms.katalon.core.exception.StepFailedException: Text 'Nama tidak boleh menggunakan Symbol' is not present on page 
	at com.kms.katalon.core.webui.keyword.internal.WebUIKeywordMain.stepFailed(WebUIKeywordMain.groovy:64)
	at com.kms.katalon.core.webui.keyword.builtin.VerifyTextPresentKeyword$_verifyTextPresent_closure1.doCall(VerifyTextPresentKeyword.groovy:79)
	at com.kms.katalon.core.webui.keyword.builtin.VerifyTextPresentKeyword$_verifyTextPresent_closure1.call(VerifyTextPresentKeyword.groovy)
	at com.kms.katalon.core.webui.keyword.internal.WebUIKeywordMain.runKeyword(WebUIKeywordMain.groovy:20)
	... 19 more]]></system-err>
   </testsuite>
</testsuites>
