<?xml version="1.0" encoding="UTF-8"?>
<testsuites name="Saucedemo" time="777.744" tests="31" failures="4" errors="0">
   <testsuite name="Saucedemo" tests="31" failures="4" errors="0" time="777.744" skipped="0" timestamp="2023-08-31 10:45:04" hostname="IRFAN - DESKTOP-H62FVJ8" id="Test Suites/Saucedemo">
      <properties>
         <property name="deviceName" value=""/>
         <property name="devicePlatform" value=""/>
         <property name="logFolder" value="D:\\Project XSIS\\batch-324-qa\\irfan\\Saucedemo\\Reports\\20230831_104501\\Saucedemo\\20230831_104501"/>
         <property name="logFiles" value="D:\\Project XSIS\\batch-324-qa\\irfan\\Saucedemo\\Reports\\20230831_104501\\Saucedemo\\20230831_104501\\execution0.log"/>
         <property name="attachments" value="D:\\Project XSIS\\batch-324-qa\\irfan\\Saucedemo\\Reports\\20230831_104501\\Saucedemo\\20230831_104501\\1693453521675.png, D:\\Project XSIS\\batch-324-qa\\irfan\\Saucedemo\\Reports\\20230831_104501\\Saucedemo\\20230831_104501\\1693453521997.png, D:\\Project XSIS\\batch-324-qa\\irfan\\Saucedemo\\Reports\\20230831_104501\\Saucedemo\\20230831_104501\\1693453528899.png, D:\\Project XSIS\\batch-324-qa\\irfan\\Saucedemo\\Reports\\20230831_104501\\Saucedemo\\20230831_104501\\1693453529084.png, D:\\Project XSIS\\batch-324-qa\\irfan\\Saucedemo\\Reports\\20230831_104501\\Saucedemo\\20230831_104501\\1693453536872.png, D:\\Project XSIS\\batch-324-qa\\irfan\\Saucedemo\\Reports\\20230831_104501\\Saucedemo\\20230831_104501\\1693453536996.png, D:\\Project XSIS\\batch-324-qa\\irfan\\Saucedemo\\Reports\\20230831_104501\\Saucedemo\\20230831_104501\\1693453544920.png, D:\\Project XSIS\\batch-324-qa\\irfan\\Saucedemo\\Reports\\20230831_104501\\Saucedemo\\20230831_104501\\1693453545157.png, D:\\Project XSIS\\batch-324-qa\\irfan\\Saucedemo\\Reports\\20230831_104501\\Saucedemo\\20230831_104501\\1693453643069.png, D:\\Project XSIS\\batch-324-qa\\irfan\\Saucedemo\\Reports\\20230831_104501\\Saucedemo\\20230831_104501\\1693453643271.png, D:\\Project XSIS\\batch-324-qa\\irfan\\Saucedemo\\Reports\\20230831_104501\\Saucedemo\\20230831_104501\\1693453685802.png, D:\\Project XSIS\\batch-324-qa\\irfan\\Saucedemo\\Reports\\20230831_104501\\Saucedemo\\20230831_104501\\1693453685898.png, D:\\Project XSIS\\batch-324-qa\\irfan\\Saucedemo\\Reports\\20230831_104501\\Saucedemo\\20230831_104501\\1693453728185.png, D:\\Project XSIS\\batch-324-qa\\irfan\\Saucedemo\\Reports\\20230831_104501\\Saucedemo\\20230831_104501\\1693453728387.png, D:\\Project XSIS\\batch-324-qa\\irfan\\Saucedemo\\Reports\\20230831_104501\\Saucedemo\\20230831_104501\\1693453770712.png, D:\\Project XSIS\\batch-324-qa\\irfan\\Saucedemo\\Reports\\20230831_104501\\Saucedemo\\20230831_104501\\1693453770959.png, D:\\Project XSIS\\batch-324-qa\\irfan\\Saucedemo\\Reports\\20230831_104501\\Saucedemo\\20230831_104501\\1693453941151.png, D:\\Project XSIS\\batch-324-qa\\irfan\\Saucedemo\\Reports\\20230831_104501\\Saucedemo\\20230831_104501\\1693453941535.png, D:\\Project XSIS\\batch-324-qa\\irfan\\Saucedemo\\Reports\\20230831_104501\\Saucedemo\\20230831_104501\\1693453985440.png, D:\\Project XSIS\\batch-324-qa\\irfan\\Saucedemo\\Reports\\20230831_104501\\Saucedemo\\20230831_104501\\1693453985529.png, D:\\Project XSIS\\batch-324-qa\\irfan\\Saucedemo\\Reports\\20230831_104501\\Saucedemo\\20230831_104501\\1693454030791.png, D:\\Project XSIS\\batch-324-qa\\irfan\\Saucedemo\\Reports\\20230831_104501\\Saucedemo\\20230831_104501\\1693454030892.png, D:\\Project XSIS\\batch-324-qa\\irfan\\Saucedemo\\Reports\\20230831_104501\\Saucedemo\\20230831_104501\\1693454074856.png, D:\\Project XSIS\\batch-324-qa\\irfan\\Saucedemo\\Reports\\20230831_104501\\Saucedemo\\20230831_104501\\1693454074957.png, D:\\Project XSIS\\batch-324-qa\\irfan\\Saucedemo\\Reports\\20230831_104501\\Saucedemo\\20230831_104501\\1693454146698.png, D:\\Project XSIS\\batch-324-qa\\irfan\\Saucedemo\\Reports\\20230831_104501\\Saucedemo\\20230831_104501\\1693454146781.png, D:\\Project XSIS\\batch-324-qa\\irfan\\Saucedemo\\Reports\\20230831_104501\\Saucedemo\\20230831_104501\\1693454162472.png, D:\\Project XSIS\\batch-324-qa\\irfan\\Saucedemo\\Reports\\20230831_104501\\Saucedemo\\20230831_104501\\1693454162658.png, D:\\Project XSIS\\batch-324-qa\\irfan\\Saucedemo\\Reports\\20230831_104501\\Saucedemo\\20230831_104501\\1693454179077.png, D:\\Project XSIS\\batch-324-qa\\irfan\\Saucedemo\\Reports\\20230831_104501\\Saucedemo\\20230831_104501\\1693454179166.png, D:\\Project XSIS\\batch-324-qa\\irfan\\Saucedemo\\Reports\\20230831_104501\\Saucedemo\\20230831_104501\\1693454195544.png, D:\\Project XSIS\\batch-324-qa\\irfan\\Saucedemo\\Reports\\20230831_104501\\Saucedemo\\20230831_104501\\1693454195625.png"/>
         <property name="hostName" value="IRFAN - DESKTOP-H62FVJ8"/>
         <property name="os" value="Windows 10 64bit"/>
         <property name="katalonVersion" value="8.6.5.208"/>
         <property name="browser" value="Edge Chromium 116"/>
         <property name="hostAddress" value="10.9.2.17"/>
         <property name="sessionId" value="5bebb6475a1325ab15fa5ff2d3831f70"/>
         <property name="seleniumVersion" value="3.141.59"/>
         <property name="proxyInformation" value="ProxyInformation { proxyOption=NO_PROXY, proxyServerType=HTTP, username=, password=********, proxyServerAddress=, proxyServerPort=0, executionList=&quot;&quot;, isApplyToDesiredCapabilities=true }"/>
         <property name="platform" value="Windows 10"/>
      </properties>
      <testcase name="Test Cases/Login/TC-Login-Failed-001" time="8.624" classname="Test Cases/Login/TC-Login-Failed-001" status="PASSED">
         <system-out><![CDATA[2023-08-31 10:45:04 - [TEST_CASE][PASSED] - Test Cases/Login/TC-Login-Failed-001: Test Cases/Login/TC-Login-Failed-001

2023-08-31 10:45:04 - [TEST_STEP][PASSED] - openBrowser("https://www.saucedemo.com/"): Browser is opened with url: 'https://www.saucedemo.com/'

2023-08-31 10:45:05 - [MESSAGE][INFO] - Starting 'Edge Chromium' driver

2023-08-31 10:45:07 - [MESSAGE][INFO] - Action delay is set to 0 milliseconds

2023-08-31 10:45:10 - [MESSAGE][PASSED] - Browser is opened with url: 'https://www.saucedemo.com/'

2023-08-31 10:45:10 - [TEST_STEP][PASSED] - setText(findTestObject("Login/input username"), "dianty"): Text 'dianty' is set on object 'Object Repository/Login/input username'

2023-08-31 10:45:11 - [MESSAGE][PASSED] - Text 'dianty' is set on object 'Object Repository/Login/input username'

2023-08-31 10:45:11 - [TEST_STEP][PASSED] - setText(findTestObject("Login/input password"), " hello99"): Text ' hello99' is set on object 'Object Repository/Login/input password'

2023-08-31 10:45:12 - [MESSAGE][PASSED] - Text ' hello99' is set on object 'Object Repository/Login/input password'

2023-08-31 10:45:12 - [TEST_STEP][PASSED] - click(findTestObject("Login/login-button")): Object: 'Object Repository/Login/login-button' is clicked on

2023-08-31 10:45:12 - [MESSAGE][PASSED] - Object: 'Object Repository/Login/login-button' is clicked on

2023-08-31 10:45:12 - [TEST_STEP][PASSED] - verifyElementText(findTestObject("Login/Massage Error Username and password"), "Epic sadface: Username and password do not match any user in this service"): Actual text and expected text of test object 'Object Repository/Login/Massage Error Username and password' are matched.

2023-08-31 10:45:13 - [MESSAGE][PASSED] - Actual text and expected text of test object 'Object Repository/Login/Massage Error Username and password' are matched.]]></system-out>
         <system-err><![CDATA[]]></system-err>
      </testcase>
      <testcase name="Test Cases/Login/TC-Login-Failed-002" time="8.145" classname="Test Cases/Login/TC-Login-Failed-002" status="FAILED">
         <failure type="FAILED" message="Test Cases/Login/TC-Login-Failed-002 FAILED.
Reason:
com.kms.katalon.core.exception.StepFailedException: Verify element text of test object 'Object Repository/Login/Massage Error Password is required' FAILED.
	at com.kms.katalon.core.webui.keyword.internal.WebUIKeywordMain.stepFailed(WebUIKeywordMain.groovy:64)
	at com.kms.katalon.core.webui.keyword.internal.WebUIKeywordMain.runKeyword(WebUIKeywordMain.groovy:26)
	at com.kms.katalon.core.webui.keyword.builtin.VerifyElementTextKeyword.verifyElementText(VerifyElementTextKeyword.groovy:72)
	at com.kms.katalon.core.webui.keyword.builtin.VerifyElementTextKeyword.execute(VerifyElementTextKeyword.groovy:40)
	at com.kms.katalon.core.keyword.internal.KeywordExecutor.executeKeywordForPlatform(KeywordExecutor.groovy:74)
	at com.kms.katalon.core.webui.keyword.WebUiBuiltInKeywords.verifyElementText(WebUiBuiltInKeywords.groovy:4749)
	at com.kms.katalon.core.webui.keyword.WebUiBuiltInKeywords$verifyElementText$2.call(Unknown Source)
	at TC-Login-Failed-002.run(TC-Login-Failed-002:26)
	at com.kms.katalon.core.main.ScriptEngine.run(ScriptEngine.java:194)
	at com.kms.katalon.core.main.ScriptEngine.runScriptAsRawText(ScriptEngine.java:119)
	at com.kms.katalon.core.main.TestCaseExecutor.runScript(TestCaseExecutor.java:448)
	at com.kms.katalon.core.main.TestCaseExecutor.doExecute(TestCaseExecutor.java:439)
	at com.kms.katalon.core.main.TestCaseExecutor.processExecutionPhase(TestCaseExecutor.java:418)
	at com.kms.katalon.core.main.TestCaseExecutor.accessMainPhase(TestCaseExecutor.java:410)
	at com.kms.katalon.core.main.TestCaseExecutor.execute(TestCaseExecutor.java:285)
	at com.kms.katalon.core.main.TestCaseExecutor.execute(TestCaseExecutor.java:369)
	at com.kms.katalon.core.main.TestCaseExecutor.execute(TestCaseExecutor.java:369)
	at com.kms.katalon.core.main.TestCaseExecutor.execute(TestCaseExecutor.java:369)
	at com.kms.katalon.core.common.CommonExecutor.accessTestCaseMainPhase(CommonExecutor.java:65)
	at com.kms.katalon.core.main.TestSuiteExecutor.accessTestSuiteMainPhase(TestSuiteExecutor.java:148)
	at com.kms.katalon.core.main.TestSuiteExecutor.execute(TestSuiteExecutor.java:106)
	at com.kms.katalon.core.main.TestCaseMain.startTestSuite(TestCaseMain.java:187)
	at com.kms.katalon.core.main.TestCaseMain$startTestSuite$0.call(Unknown Source)
	at TempTestSuite1693453501507.run(TempTestSuite1693453501507.groovy:36)
Caused by: com.kms.katalon.core.exception.StepFailedException: Actual text 'Epic sadface: Password is required' and expected text 'Login failed! Please ensure the password are valid' of test object 'Object Repository/Login/Massage Error Password is required' are NOT matched.
	at com.kms.katalon.core.webui.keyword.internal.WebUIKeywordMain.stepFailed(WebUIKeywordMain.groovy:64)
	at com.kms.katalon.core.webui.keyword.builtin.VerifyElementTextKeyword$_verifyElementText_closure1.doCall(VerifyElementTextKeyword.groovy:57)
	at com.kms.katalon.core.webui.keyword.builtin.VerifyElementTextKeyword$_verifyElementText_closure1.call(VerifyElementTextKeyword.groovy)
	at com.kms.katalon.core.webui.keyword.internal.WebUIKeywordMain.runKeyword(WebUIKeywordMain.groovy:20)
	... 22 more
"/>
         <system-out><![CDATA[2023-08-31 10:45:37 - [TEST_CASE][FAILED] - Test Cases/Login/TC-Login-Failed-002: Test Cases/Login/TC-Login-Failed-002 FAILED.
Reason:
com.kms.katalon.core.exception.StepFailedException: Verify element text of test object 'Object Repository/Login/Massage Error Password is required' FAILED.
	at com.kms.katalon.core.webui.keyword.internal.WebUIKeywordMain.stepFailed(WebUIKeywordMain.groovy:64)
	at com.kms.katalon.core.webui.keyword.internal.WebUIKeywordMain.runKeyword(WebUIKeywordMain.groovy:26)
	at com.kms.katalon.core.webui.keyword.builtin.VerifyElementTextKeyword.verifyElementText(VerifyElementTextKeyword.groovy:72)
	at com.kms.katalon.core.webui.keyword.builtin.VerifyElementTextKeyword.execute(VerifyElementTextKeyword.groovy:40)
	at com.kms.katalon.core.keyword.internal.KeywordExecutor.executeKeywordForPlatform(KeywordExecutor.groovy:74)
	at com.kms.katalon.core.webui.keyword.WebUiBuiltInKeywords.verifyElementText(WebUiBuiltInKeywords.groovy:4749)
	at com.kms.katalon.core.webui.keyword.WebUiBuiltInKeywords$verifyElementText$2.call(Unknown Source)
	at TC-Login-Failed-002.run(TC-Login-Failed-002:26)
	at com.kms.katalon.core.main.ScriptEngine.run(ScriptEngine.java:194)
	at com.kms.katalon.core.main.ScriptEngine.runScriptAsRawText(ScriptEngine.java:119)
	at com.kms.katalon.core.main.TestCaseExecutor.runScript(TestCaseExecutor.java:448)
	at com.kms.katalon.core.main.TestCaseExecutor.doExecute(TestCaseExecutor.java:439)
	at com.kms.katalon.core.main.TestCaseExecutor.processExecutionPhase(TestCaseExecutor.java:418)
	at com.kms.katalon.core.main.TestCaseExecutor.accessMainPhase(TestCaseExecutor.java:410)
	at com.kms.katalon.core.main.TestCaseExecutor.execute(TestCaseExecutor.java:285)
	at com.kms.katalon.core.main.TestCaseExecutor.execute(TestCaseExecutor.java:369)
	at com.kms.katalon.core.main.TestCaseExecutor.execute(TestCaseExecutor.java:369)
	at com.kms.katalon.core.main.TestCaseExecutor.execute(TestCaseExecutor.java:369)
	at com.kms.katalon.core.common.CommonExecutor.accessTestCaseMainPhase(CommonExecutor.java:65)
	at com.kms.katalon.core.main.TestSuiteExecutor.accessTestSuiteMainPhase(TestSuiteExecutor.java:148)
	at com.kms.katalon.core.main.TestSuiteExecutor.execute(TestSuiteExecutor.java:106)
	at com.kms.katalon.core.main.TestCaseMain.startTestSuite(TestCaseMain.java:187)
	at com.kms.katalon.core.main.TestCaseMain$startTestSuite$0.call(Unknown Source)
	at TempTestSuite1693453501507.run(TempTestSuite1693453501507.groovy:36)
Caused by: com.kms.katalon.core.exception.StepFailedException: Actual text 'Epic sadface: Password is required' and expected text 'Login failed! Please ensure the password are valid' of test object 'Object Repository/Login/Massage Error Password is required' are NOT matched.
	at com.kms.katalon.core.webui.keyword.internal.WebUIKeywordMain.stepFailed(WebUIKeywordMain.groovy:64)
	at com.kms.katalon.core.webui.keyword.builtin.VerifyElementTextKeyword$_verifyElementText_closure1.doCall(VerifyElementTextKeyword.groovy:57)
	at com.kms.katalon.core.webui.keyword.builtin.VerifyElementTextKeyword$_verifyElementText_closure1.call(VerifyElementTextKeyword.groovy)
	at com.kms.katalon.core.webui.keyword.internal.WebUIKeywordMain.runKeyword(WebUIKeywordMain.groovy:20)
	... 22 more


2023-08-31 10:45:37 - [TEST_STEP][PASSED] - openBrowser("https://www.saucedemo.com/"): Browser is opened with url: 'https://www.saucedemo.com/'

2023-08-31 10:45:37 - [MESSAGE][WARNING] - A browser is already opened. Closing browser and opening a new one

2023-08-31 10:45:37 - [MESSAGE][INFO] - Starting 'Edge Chromium' driver

2023-08-31 10:45:40 - [MESSAGE][INFO] - Action delay is set to 0 milliseconds

2023-08-31 10:45:43 - [MESSAGE][PASSED] - Browser is opened with url: 'https://www.saucedemo.com/'

2023-08-31 10:45:43 - [TEST_STEP][PASSED] - setText(findTestObject("Login/input username"), "standard_user"): Text 'standard_user' is set on object 'Object Repository/Login/input username'

2023-08-31 10:45:44 - [MESSAGE][PASSED] - Text 'standard_user' is set on object 'Object Repository/Login/input username'

2023-08-31 10:45:44 - [TEST_STEP][PASSED] - click(findTestObject("Login/login-button")): Object: 'Object Repository/Login/login-button' is clicked on

2023-08-31 10:45:44 - [MESSAGE][PASSED] - Object: 'Object Repository/Login/login-button' is clicked on

2023-08-31 10:45:44 - [TEST_STEP][FAILED] - verifyElementText(findTestObject("Login/Massage Error Password is required"), "Login failed! Please ensure the password are valid"): Verify element text of test object 'Object Repository/Login/Massage Error Password is required' FAILED. (Root cause: com.kms.katalon.core.exception.StepFailedException: Verify element text of test object 'Object Repository/Login/Massage Error Password is required' FAILED.
	at com.kms.katalon.core.webui.keyword.internal.WebUIKeywordMain.stepFailed(WebUIKeywordMain.groovy:64)
	at com.kms.katalon.core.webui.keyword.internal.WebUIKeywordMain.runKeyword(WebUIKeywordMain.groovy:26)
	at com.kms.katalon.core.webui.keyword.builtin.VerifyElementTextKeyword.verifyElementText(VerifyElementTextKeyword.groovy:72)
	at com.kms.katalon.core.webui.keyword.builtin.VerifyElementTextKeyword.execute(VerifyElementTextKeyword.groovy:40)
	at com.kms.katalon.core.keyword.internal.KeywordExecutor.executeKeywordForPlatform(KeywordExecutor.groovy:74)
	at com.kms.katalon.core.webui.keyword.WebUiBuiltInKeywords.verifyElementText(WebUiBuiltInKeywords.groovy:4749)
	at com.kms.katalon.core.webui.keyword.WebUiBuiltInKeywords$verifyElementText$2.call(Unknown Source)
	at TC-Login-Failed-002.run(TC-Login-Failed-002:26)
	at com.kms.katalon.core.main.ScriptEngine.run(ScriptEngine.java:194)
	at com.kms.katalon.core.main.ScriptEngine.runScriptAsRawText(ScriptEngine.java:119)
	at com.kms.katalon.core.main.TestCaseExecutor.runScript(TestCaseExecutor.java:448)
	at com.kms.katalon.core.main.TestCaseExecutor.doExecute(TestCaseExecutor.java:439)
	at com.kms.katalon.core.main.TestCaseExecutor.processExecutionPhase(TestCaseExecutor.java:418)
	at com.kms.katalon.core.main.TestCaseExecutor.accessMainPhase(TestCaseExecutor.java:410)
	at com.kms.katalon.core.main.TestCaseExecutor.execute(TestCaseExecutor.java:285)
	at com.kms.katalon.core.main.TestCaseExecutor.execute(TestCaseExecutor.java:369)
	at com.kms.katalon.core.main.TestCaseExecutor.execute(TestCaseExecutor.java:369)
	at com.kms.katalon.core.main.TestCaseExecutor.execute(TestCaseExecutor.java:369)
	at com.kms.katalon.core.common.CommonExecutor.accessTestCaseMainPhase(CommonExecutor.java:65)
	at com.kms.katalon.core.main.TestSuiteExecutor.accessTestSuiteMainPhase(TestSuiteExecutor.java:148)
	at com.kms.katalon.core.main.TestSuiteExecutor.execute(TestSuiteExecutor.java:106)
	at com.kms.katalon.core.main.TestCaseMain.startTestSuite(TestCaseMain.java:187)
	at com.kms.katalon.core.main.TestCaseMain$startTestSuite$0.call(Unknown Source)
	at TempTestSuite1693453501507.run(TempTestSuite1693453501507.groovy:36)
Caused by: com.kms.katalon.core.exception.StepFailedException: Actual text 'Epic sadface: Password is required' and expected text 'Login failed! Please ensure the password are valid' of test object 'Object Repository/Login/Massage Error Password is required' are NOT matched.
	at com.kms.katalon.core.webui.keyword.internal.WebUIKeywordMain.stepFailed(WebUIKeywordMain.groovy:64)
	at com.kms.katalon.core.webui.keyword.builtin.VerifyElementTextKeyword$_verifyElementText_closure1.doCall(VerifyElementTextKeyword.groovy:57)
	at com.kms.katalon.core.webui.keyword.builtin.VerifyElementTextKeyword$_verifyElementText_closure1.call(VerifyElementTextKeyword.groovy)
	at com.kms.katalon.core.webui.keyword.internal.WebUIKeywordMain.runKeyword(WebUIKeywordMain.groovy:20)
	... 22 more
)

2023-08-31 10:45:45 - [MESSAGE][FAILED] - Actual text 'Epic sadface: Password is required' and expected text 'Login failed! Please ensure the password are valid' of test object 'Object Repository/Login/Massage Error Password is required' are NOT matched. (Root cause: com.kms.katalon.core.exception.StepFailedException: Actual text 'Epic sadface: Password is required' and expected text 'Login failed! Please ensure the password are valid' of test object 'Object Repository/Login/Massage Error Password is required' are NOT matched.
	at com.kms.katalon.core.webui.keyword.internal.WebUIKeywordMain.stepFailed(WebUIKeywordMain.groovy:64)
	at com.kms.katalon.core.webui.keyword.builtin.VerifyElementTextKeyword$_verifyElementText_closure1.doCall(VerifyElementTextKeyword.groovy:57)
	at com.kms.katalon.core.webui.keyword.builtin.VerifyElementTextKeyword$_verifyElementText_closure1.call(VerifyElementTextKeyword.groovy)
	at com.kms.katalon.core.webui.keyword.internal.WebUIKeywordMain.runKeyword(WebUIKeywordMain.groovy:20)
	at com.kms.katalon.core.webui.keyword.builtin.VerifyElementTextKeyword.verifyElementText(VerifyElementTextKeyword.groovy:72)
	at com.kms.katalon.core.webui.keyword.builtin.VerifyElementTextKeyword.execute(VerifyElementTextKeyword.groovy:40)
	at com.kms.katalon.core.keyword.internal.KeywordExecutor.executeKeywordForPlatform(KeywordExecutor.groovy:74)
	at com.kms.katalon.core.webui.keyword.WebUiBuiltInKeywords.verifyElementText(WebUiBuiltInKeywords.groovy:4749)
	at com.kms.katalon.core.webui.keyword.WebUiBuiltInKeywords$verifyElementText$2.call(Unknown Source)
	at TC-Login-Failed-002.run(TC-Login-Failed-002:26)
	at com.kms.katalon.core.main.ScriptEngine.run(ScriptEngine.java:194)
	at com.kms.katalon.core.main.ScriptEngine.runScriptAsRawText(ScriptEngine.java:119)
	at com.kms.katalon.core.main.TestCaseExecutor.runScript(TestCaseExecutor.java:448)
	at com.kms.katalon.core.main.TestCaseExecutor.doExecute(TestCaseExecutor.java:439)
	at com.kms.katalon.core.main.TestCaseExecutor.processExecutionPhase(TestCaseExecutor.java:418)
	at com.kms.katalon.core.main.TestCaseExecutor.accessMainPhase(TestCaseExecutor.java:410)
	at com.kms.katalon.core.main.TestCaseExecutor.execute(TestCaseExecutor.java:285)
	at com.kms.katalon.core.main.TestCaseExecutor.execute(TestCaseExecutor.java:369)
	at com.kms.katalon.core.main.TestCaseExecutor.execute(TestCaseExecutor.java:369)
	at com.kms.katalon.core.main.TestCaseExecutor.execute(TestCaseExecutor.java:369)
	at com.kms.katalon.core.common.CommonExecutor.accessTestCaseMainPhase(CommonExecutor.java:65)
	at com.kms.katalon.core.main.TestSuiteExecutor.accessTestSuiteMainPhase(TestSuiteExecutor.java:148)
	at com.kms.katalon.core.main.TestSuiteExecutor.execute(TestSuiteExecutor.java:106)
	at com.kms.katalon.core.main.TestCaseMain.startTestSuite(TestCaseMain.java:187)
	at com.kms.katalon.core.main.TestCaseMain$startTestSuite$0.call(Unknown Source)
	at TempTestSuite1693453501507.run(TempTestSuite1693453501507.groovy:36)
)
[[ATTACHMENT|D:\\Project XSIS\\batch-324-qa\\irfan\\Saucedemo\\Reports\\20230831_104501\\Saucedemo\\20230831_104501\\1693453544920.png]]

2023-08-31 10:45:45 - [MESSAGE][FAILED] - Verify element text of test object 'Object Repository/Login/Massage Error Password is required' FAILED. (Root cause: com.kms.katalon.core.exception.StepFailedException: Verify element text of test object 'Object Repository/Login/Massage Error Password is required' FAILED.
	at com.kms.katalon.core.webui.keyword.internal.WebUIKeywordMain.stepFailed(WebUIKeywordMain.groovy:64)
	at com.kms.katalon.core.webui.keyword.internal.WebUIKeywordMain.runKeyword(WebUIKeywordMain.groovy:26)
	at com.kms.katalon.core.webui.keyword.builtin.VerifyElementTextKeyword.verifyElementText(VerifyElementTextKeyword.groovy:72)
	at com.kms.katalon.core.webui.keyword.builtin.VerifyElementTextKeyword.execute(VerifyElementTextKeyword.groovy:40)
	at com.kms.katalon.core.keyword.internal.KeywordExecutor.executeKeywordForPlatform(KeywordExecutor.groovy:74)
	at com.kms.katalon.core.webui.keyword.WebUiBuiltInKeywords.verifyElementText(WebUiBuiltInKeywords.groovy:4749)
	at com.kms.katalon.core.webui.keyword.WebUiBuiltInKeywords$verifyElementText$2.call(Unknown Source)
	at TC-Login-Failed-002.run(TC-Login-Failed-002:26)
	at com.kms.katalon.core.main.ScriptEngine.run(ScriptEngine.java:194)
	at com.kms.katalon.core.main.ScriptEngine.runScriptAsRawText(ScriptEngine.java:119)
	at com.kms.katalon.core.main.TestCaseExecutor.runScript(TestCaseExecutor.java:448)
	at com.kms.katalon.core.main.TestCaseExecutor.doExecute(TestCaseExecutor.java:439)
	at com.kms.katalon.core.main.TestCaseExecutor.processExecutionPhase(TestCaseExecutor.java:418)
	at com.kms.katalon.core.main.TestCaseExecutor.accessMainPhase(TestCaseExecutor.java:410)
	at com.kms.katalon.core.main.TestCaseExecutor.execute(TestCaseExecutor.java:285)
	at com.kms.katalon.core.main.TestCaseExecutor.execute(TestCaseExecutor.java:369)
	at com.kms.katalon.core.main.TestCaseExecutor.execute(TestCaseExecutor.java:369)
	at com.kms.katalon.core.main.TestCaseExecutor.execute(TestCaseExecutor.java:369)
	at com.kms.katalon.core.common.CommonExecutor.accessTestCaseMainPhase(CommonExecutor.java:65)
	at com.kms.katalon.core.main.TestSuiteExecutor.accessTestSuiteMainPhase(TestSuiteExecutor.java:148)
	at com.kms.katalon.core.main.TestSuiteExecutor.execute(TestSuiteExecutor.java:106)
	at com.kms.katalon.core.main.TestCaseMain.startTestSuite(TestCaseMain.java:187)
	at com.kms.katalon.core.main.TestCaseMain$startTestSuite$0.call(Unknown Source)
	at TempTestSuite1693453501507.run(TempTestSuite1693453501507.groovy:36)
Caused by: com.kms.katalon.core.exception.StepFailedException: Actual text 'Epic sadface: Password is required' and expected text 'Login failed! Please ensure the password are valid' of test object 'Object Repository/Login/Massage Error Password is required' are NOT matched.
	at com.kms.katalon.core.webui.keyword.internal.WebUIKeywordMain.stepFailed(WebUIKeywordMain.groovy:64)
	at com.kms.katalon.core.webui.keyword.builtin.VerifyElementTextKeyword$_verifyElementText_closure1.doCall(VerifyElementTextKeyword.groovy:57)
	at com.kms.katalon.core.webui.keyword.builtin.VerifyElementTextKeyword$_verifyElementText_closure1.call(VerifyElementTextKeyword.groovy)
	at com.kms.katalon.core.webui.keyword.internal.WebUIKeywordMain.runKeyword(WebUIKeywordMain.groovy:20)
	... 22 more
)
[[ATTACHMENT|D:\\Project XSIS\\batch-324-qa\\irfan\\Saucedemo\\Reports\\20230831_104501\\Saucedemo\\20230831_104501\\1693453545157.png]]]]></system-out>
         <system-err><![CDATA[2023-08-31 10:45:37 - [TEST_CASE][FAILED] - Test Cases/Login/TC-Login-Failed-002: Test Cases/Login/TC-Login-Failed-002 FAILED.
Reason:
com.kms.katalon.core.exception.StepFailedException: Verify element text of test object 'Object Repository/Login/Massage Error Password is required' FAILED.
	at com.kms.katalon.core.webui.keyword.internal.WebUIKeywordMain.stepFailed(WebUIKeywordMain.groovy:64)
	at com.kms.katalon.core.webui.keyword.internal.WebUIKeywordMain.runKeyword(WebUIKeywordMain.groovy:26)
	at com.kms.katalon.core.webui.keyword.builtin.VerifyElementTextKeyword.verifyElementText(VerifyElementTextKeyword.groovy:72)
	at com.kms.katalon.core.webui.keyword.builtin.VerifyElementTextKeyword.execute(VerifyElementTextKeyword.groovy:40)
	at com.kms.katalon.core.keyword.internal.KeywordExecutor.executeKeywordForPlatform(KeywordExecutor.groovy:74)
	at com.kms.katalon.core.webui.keyword.WebUiBuiltInKeywords.verifyElementText(WebUiBuiltInKeywords.groovy:4749)
	at com.kms.katalon.core.webui.keyword.WebUiBuiltInKeywords$verifyElementText$2.call(Unknown Source)
	at TC-Login-Failed-002.run(TC-Login-Failed-002:26)
	at com.kms.katalon.core.main.ScriptEngine.run(ScriptEngine.java:194)
	at com.kms.katalon.core.main.ScriptEngine.runScriptAsRawText(ScriptEngine.java:119)
	at com.kms.katalon.core.main.TestCaseExecutor.runScript(TestCaseExecutor.java:448)
	at com.kms.katalon.core.main.TestCaseExecutor.doExecute(TestCaseExecutor.java:439)
	at com.kms.katalon.core.main.TestCaseExecutor.processExecutionPhase(TestCaseExecutor.java:418)
	at com.kms.katalon.core.main.TestCaseExecutor.accessMainPhase(TestCaseExecutor.java:410)
	at com.kms.katalon.core.main.TestCaseExecutor.execute(TestCaseExecutor.java:285)
	at com.kms.katalon.core.main.TestCaseExecutor.execute(TestCaseExecutor.java:369)
	at com.kms.katalon.core.main.TestCaseExecutor.execute(TestCaseExecutor.java:369)
	at com.kms.katalon.core.main.TestCaseExecutor.execute(TestCaseExecutor.java:369)
	at com.kms.katalon.core.common.CommonExecutor.accessTestCaseMainPhase(CommonExecutor.java:65)
	at com.kms.katalon.core.main.TestSuiteExecutor.accessTestSuiteMainPhase(TestSuiteExecutor.java:148)
	at com.kms.katalon.core.main.TestSuiteExecutor.execute(TestSuiteExecutor.java:106)
	at com.kms.katalon.core.main.TestCaseMain.startTestSuite(TestCaseMain.java:187)
	at com.kms.katalon.core.main.TestCaseMain$startTestSuite$0.call(Unknown Source)
	at TempTestSuite1693453501507.run(TempTestSuite1693453501507.groovy:36)
Caused by: com.kms.katalon.core.exception.StepFailedException: Actual text 'Epic sadface: Password is required' and expected text 'Login failed! Please ensure the password are valid' of test object 'Object Repository/Login/Massage Error Password is required' are NOT matched.
	at com.kms.katalon.core.webui.keyword.internal.WebUIKeywordMain.stepFailed(WebUIKeywordMain.groovy:64)
	at com.kms.katalon.core.webui.keyword.builtin.VerifyElementTextKeyword$_verifyElementText_closure1.doCall(VerifyElementTextKeyword.groovy:57)
	at com.kms.katalon.core.webui.keyword.builtin.VerifyElementTextKeyword$_verifyElementText_closure1.call(VerifyElementTextKeyword.groovy)
	at com.kms.katalon.core.webui.keyword.internal.WebUIKeywordMain.runKeyword(WebUIKeywordMain.groovy:20)
	... 22 more]]></system-err>
      </testcase>
      <testcase name="Test Cases/Login/TC-Login-Failed-003" time="7.227" classname="Test Cases/Login/TC-Login-Failed-003" status="PASSED">
         <system-out><![CDATA[2023-08-31 10:45:45 - [TEST_CASE][PASSED] - Test Cases/Login/TC-Login-Failed-003: Test Cases/Login/TC-Login-Failed-003

2023-08-31 10:45:45 - [TEST_STEP][PASSED] - openBrowser("https://www.saucedemo.com/"): Browser is opened with url: 'https://www.saucedemo.com/'

2023-08-31 10:45:45 - [MESSAGE][WARNING] - A browser is already opened. Closing browser and opening a new one

2023-08-31 10:45:46 - [MESSAGE][INFO] - Starting 'Edge Chromium' driver

2023-08-31 10:45:48 - [MESSAGE][INFO] - Action delay is set to 0 milliseconds

2023-08-31 10:45:50 - [MESSAGE][PASSED] - Browser is opened with url: 'https://www.saucedemo.com/'

2023-08-31 10:45:50 - [TEST_STEP][PASSED] - setText(findTestObject("Login/input password"), "secret_sauce"): Text 'secret_sauce' is set on object 'Object Repository/Login/input password'

2023-08-31 10:45:51 - [MESSAGE][PASSED] - Text 'secret_sauce' is set on object 'Object Repository/Login/input password'

2023-08-31 10:45:51 - [TEST_STEP][PASSED] - click(findTestObject("Login/login-button")): Object: 'Object Repository/Login/login-button' is clicked on

2023-08-31 10:45:52 - [MESSAGE][PASSED] - Object: 'Object Repository/Login/login-button' is clicked on

2023-08-31 10:45:52 - [TEST_STEP][PASSED] - verifyElementText(findTestObject("Login/Massage Error Username is required"), "Epic sadface: Username is required"): Actual text and expected text of test object 'Object Repository/Login/Massage Error Username is required' are matched.

2023-08-31 10:45:52 - [MESSAGE][PASSED] - Actual text and expected text of test object 'Object Repository/Login/Massage Error Username is required' are matched.]]></system-out>
         <system-err><![CDATA[]]></system-err>
      </testcase>
      <testcase name="Test Cases/Login/TC-Login-Failed-004" time="6.459" classname="Test Cases/Login/TC-Login-Failed-004" status="PASSED">
         <system-out><![CDATA[2023-08-31 10:45:52 - [TEST_CASE][PASSED] - Test Cases/Login/TC-Login-Failed-004: Test Cases/Login/TC-Login-Failed-004

2023-08-31 10:45:52 - [TEST_STEP][PASSED] - openBrowser("https://www.saucedemo.com/"): Browser is opened with url: 'https://www.saucedemo.com/'

2023-08-31 10:45:52 - [MESSAGE][WARNING] - A browser is already opened. Closing browser and opening a new one

2023-08-31 10:45:53 - [MESSAGE][INFO] - Starting 'Edge Chromium' driver

2023-08-31 10:45:55 - [MESSAGE][INFO] - Action delay is set to 0 milliseconds

2023-08-31 10:45:57 - [MESSAGE][PASSED] - Browser is opened with url: 'https://www.saucedemo.com/'

2023-08-31 10:45:57 - [TEST_STEP][PASSED] - click(findTestObject("Login/login-button")): Object: 'Object Repository/Login/login-button' is clicked on

2023-08-31 10:45:58 - [MESSAGE][PASSED] - Object: 'Object Repository/Login/login-button' is clicked on

2023-08-31 10:45:58 - [TEST_STEP][PASSED] - verifyElementText(findTestObject("Login/Massage Error Username is required"), "Epic sadface: Username is required"): Actual text and expected text of test object 'Object Repository/Login/Massage Error Username is required' are matched.

2023-08-31 10:45:58 - [MESSAGE][PASSED] - Actual text and expected text of test object 'Object Repository/Login/Massage Error Username is required' are matched.]]></system-out>
         <system-err><![CDATA[]]></system-err>
      </testcase>
      <testcase name="Test Cases/Login/TC-Login-Locked-001" time="7.559" classname="Test Cases/Login/TC-Login-Locked-001" status="PASSED">
         <system-out><![CDATA[2023-08-31 10:45:58 - [TEST_CASE][PASSED] - Test Cases/Login/TC-Login-Locked-001: Test Cases/Login/TC-Login-Locked-001

2023-08-31 10:45:59 - [TEST_STEP][PASSED] - openBrowser("https://www.saucedemo.com/"): Browser is opened with url: 'https://www.saucedemo.com/'

2023-08-31 10:45:59 - [MESSAGE][WARNING] - A browser is already opened. Closing browser and opening a new one

2023-08-31 10:45:59 - [MESSAGE][INFO] - Starting 'Edge Chromium' driver

2023-08-31 10:46:02 - [MESSAGE][INFO] - Action delay is set to 0 milliseconds

2023-08-31 10:46:04 - [MESSAGE][PASSED] - Browser is opened with url: 'https://www.saucedemo.com/'

2023-08-31 10:46:04 - [TEST_STEP][PASSED] - setText(findTestObject("Login/input username"), " locked_out_user"): Text ' locked_out_user' is set on object 'Object Repository/Login/input username'

2023-08-31 10:46:05 - [MESSAGE][PASSED] - Text ' locked_out_user' is set on object 'Object Repository/Login/input username'

2023-08-31 10:46:05 - [TEST_STEP][PASSED] - setText(findTestObject("Login/input password"), "secret_sauce"): Text 'secret_sauce' is set on object 'Object Repository/Login/input password'

2023-08-31 10:46:05 - [MESSAGE][PASSED] - Text 'secret_sauce' is set on object 'Object Repository/Login/input password'

2023-08-31 10:46:05 - [TEST_STEP][PASSED] - click(findTestObject("Login/login-button")): Object: 'Object Repository/Login/login-button' is clicked on

2023-08-31 10:46:06 - [MESSAGE][PASSED] - Object: 'Object Repository/Login/login-button' is clicked on]]></system-out>
         <system-err><![CDATA[]]></system-err>
      </testcase>
      <testcase name="Test Cases/Login/TC-Login-Success-001" time="9.085" classname="Test Cases/Login/TC-Login-Success-001" status="PASSED">
         <system-out><![CDATA[2023-08-31 10:46:06 - [TEST_CASE][PASSED] - Test Cases/Login/TC-Login-Success-001: Test Cases/Login/TC-Login-Success-001

2023-08-31 10:46:06 - [TEST_STEP][PASSED] - openBrowser("https://www.saucedemo.com/"): Browser is opened with url: 'https://www.saucedemo.com/'

2023-08-31 10:46:06 - [MESSAGE][WARNING] - A browser is already opened. Closing browser and opening a new one

2023-08-31 10:46:07 - [MESSAGE][INFO] - Starting 'Edge Chromium' driver

2023-08-31 10:46:09 - [MESSAGE][INFO] - Action delay is set to 0 milliseconds

2023-08-31 10:46:13 - [MESSAGE][PASSED] - Browser is opened with url: 'https://www.saucedemo.com/'

2023-08-31 10:46:13 - [TEST_STEP][PASSED] - setText(findTestObject("Login/input username"), "standard_user"): Text 'standard_user' is set on object 'Object Repository/Login/input username'

2023-08-31 10:46:13 - [MESSAGE][PASSED] - Text 'standard_user' is set on object 'Object Repository/Login/input username'

2023-08-31 10:46:13 - [TEST_STEP][PASSED] - setText(findTestObject("Login/input password"), "secret_sauce"): Text 'secret_sauce' is set on object 'Object Repository/Login/input password'

2023-08-31 10:46:14 - [MESSAGE][PASSED] - Text 'secret_sauce' is set on object 'Object Repository/Login/input password'

2023-08-31 10:46:14 - [TEST_STEP][PASSED] - click(findTestObject("Login/login-button")): Object: 'Object Repository/Login/login-button' is clicked on

2023-08-31 10:46:15 - [MESSAGE][PASSED] - Object: 'Object Repository/Login/login-button' is clicked on

2023-08-31 10:46:15 - [TEST_STEP][PASSED] - verifyElementPresent(findTestObject("Login/tittle Swag Labs"), 0): Object 'Object Repository/Login/tittle Swag Labs' is present

2023-08-31 10:46:15 - [MESSAGE][WARNING] - Timeout '0' is invalid. Using default page load timeout: '30'

2023-08-31 10:46:15 - [MESSAGE][PASSED] - Object 'Object Repository/Login/tittle Swag Labs' is present]]></system-out>
         <system-err><![CDATA[]]></system-err>
      </testcase>
      <testcase name="Test Cases/Products/TC-Product-AddCart-001" time="11.812" classname="Test Cases/Products/TC-Product-AddCart-001" status="PASSED">
         <system-out><![CDATA[2023-08-31 10:46:15 - [TEST_CASE][PASSED] - Test Cases/Products/TC-Product-AddCart-001: Test Cases/Products/TC-Product-AddCart-001

2023-08-31 10:46:15 - [TEST_STEP][PASSED] - callTestCase(findTestCase("Products/TC-Product-Show-001"), [:], STOP_ON_FAILURE): Call Test Case 'Test Cases/Products/TC-Product-Show-001' successfully

2023-08-31 10:46:15 - [TEST_CASE][PASSED] - Test Cases/Products/TC-Product-Show-001: Test Cases/Products/TC-Product-Show-001

2023-08-31 10:46:16 - [TEST_STEP][PASSED] - callTestCase(findTestCase("Login/TC-Login-Success-001"), [:], STOP_ON_FAILURE): Call Test Case 'Test Cases/Login/TC-Login-Success-001' successfully

2023-08-31 10:46:16 - [TEST_CASE][PASSED] - Test Cases/Login/TC-Login-Success-001: Test Cases/Login/TC-Login-Success-001

2023-08-31 10:46:16 - [TEST_STEP][PASSED] - openBrowser("https://www.saucedemo.com/"): Browser is opened with url: 'https://www.saucedemo.com/'

2023-08-31 10:46:16 - [MESSAGE][WARNING] - A browser is already opened. Closing browser and opening a new one

2023-08-31 10:46:17 - [MESSAGE][INFO] - Starting 'Edge Chromium' driver

2023-08-31 10:46:19 - [MESSAGE][INFO] - Action delay is set to 0 milliseconds

2023-08-31 10:46:22 - [MESSAGE][PASSED] - Browser is opened with url: 'https://www.saucedemo.com/'

2023-08-31 10:46:22 - [TEST_STEP][PASSED] - setText(findTestObject("Login/input username"), "standard_user"): Text 'standard_user' is set on object 'Object Repository/Login/input username'

2023-08-31 10:46:23 - [MESSAGE][PASSED] - Text 'standard_user' is set on object 'Object Repository/Login/input username'

2023-08-31 10:46:23 - [TEST_STEP][PASSED] - setText(findTestObject("Login/input password"), "secret_sauce"): Text 'secret_sauce' is set on object 'Object Repository/Login/input password'

2023-08-31 10:46:24 - [MESSAGE][PASSED] - Text 'secret_sauce' is set on object 'Object Repository/Login/input password'

2023-08-31 10:46:24 - [TEST_STEP][PASSED] - click(findTestObject("Login/login-button")): Object: 'Object Repository/Login/login-button' is clicked on

2023-08-31 10:46:24 - [MESSAGE][PASSED] - Object: 'Object Repository/Login/login-button' is clicked on

2023-08-31 10:46:24 - [TEST_STEP][PASSED] - verifyElementPresent(findTestObject("Login/tittle Swag Labs"), 0): Object 'Object Repository/Login/tittle Swag Labs' is present

2023-08-31 10:46:24 - [MESSAGE][WARNING] - Timeout '0' is invalid. Using default page load timeout: '30'

2023-08-31 10:46:25 - [MESSAGE][PASSED] - Object 'Object Repository/Login/tittle Swag Labs' is present

2023-08-31 10:46:25 - [MESSAGE][PASSED] - Call Test Case 'Test Cases/Login/TC-Login-Success-001' successfully

2023-08-31 10:46:25 - [MESSAGE][PASSED] - Call Test Case 'Test Cases/Products/TC-Product-Show-001' successfully

2023-08-31 10:46:25 - [TEST_STEP][PASSED] - click(findTestObject("Products/button_Add to cart 1")): Object: 'Object Repository/Products/button_Add to cart 1' is clicked on

2023-08-31 10:46:25 - [MESSAGE][PASSED] - Object: 'Object Repository/Products/button_Add to cart 1' is clicked on

2023-08-31 10:46:25 - [TEST_STEP][PASSED] - verifyElementPresent(findTestObject("Keranjang/Notifikasi add cart 1"), 1): Object 'Object Repository/Keranjang/Notifikasi add cart 1' is present

2023-08-31 10:46:26 - [MESSAGE][PASSED] - Object 'Object Repository/Keranjang/Notifikasi add cart 1' is present

2023-08-31 10:46:26 - [TEST_STEP][PASSED] - nama = text: null

2023-08-31 10:46:26 - [TEST_STEP][PASSED] - deskripsi = text: null

2023-08-31 10:46:27 - [TEST_STEP][PASSED] - price = text: null

2023-08-31 10:46:27 - [TEST_STEP][PASSED] - data = new java.util.HashMap(): null

2023-08-31 10:46:27 - [TEST_STEP][PASSED] - data.put("nama_barang", nama): null

2023-08-31 10:46:27 - [TEST_STEP][PASSED] - data.put("deskrispi_barang", deskripsi): null

2023-08-31 10:46:27 - [TEST_STEP][PASSED] - data.put("price_barang", price): null

2023-08-31 10:46:27 - [TEST_STEP][PASSED] - return data: null]]></system-out>
         <system-err><![CDATA[]]></system-err>
      </testcase>
      <testcase name="Test Cases/Products/TC-Product-AddCart-002" time="12.824" classname="Test Cases/Products/TC-Product-AddCart-002" status="PASSED">
         <system-out><![CDATA[2023-08-31 10:46:27 - [TEST_CASE][PASSED] - Test Cases/Products/TC-Product-AddCart-002: Test Cases/Products/TC-Product-AddCart-002

2023-08-31 10:46:27 - [TEST_STEP][PASSED] - data = callTestCase(findTestCase("Products/TC-Product-AddCart-001"), [:], STOP_ON_FAILURE): Call Test Case 'Test Cases/Products/TC-Product-AddCart-001' successfully

2023-08-31 10:46:27 - [TEST_CASE][PASSED] - Test Cases/Products/TC-Product-AddCart-001: Test Cases/Products/TC-Product-AddCart-001

2023-08-31 10:46:27 - [TEST_STEP][PASSED] - callTestCase(findTestCase("Products/TC-Product-Show-001"), [:], STOP_ON_FAILURE): Call Test Case 'Test Cases/Products/TC-Product-Show-001' successfully

2023-08-31 10:46:27 - [TEST_CASE][PASSED] - Test Cases/Products/TC-Product-Show-001: Test Cases/Products/TC-Product-Show-001

2023-08-31 10:46:27 - [TEST_STEP][PASSED] - callTestCase(findTestCase("Login/TC-Login-Success-001"), [:], STOP_ON_FAILURE): Call Test Case 'Test Cases/Login/TC-Login-Success-001' successfully

2023-08-31 10:46:27 - [TEST_CASE][PASSED] - Test Cases/Login/TC-Login-Success-001: Test Cases/Login/TC-Login-Success-001

2023-08-31 10:46:27 - [TEST_STEP][PASSED] - openBrowser("https://www.saucedemo.com/"): Browser is opened with url: 'https://www.saucedemo.com/'

2023-08-31 10:46:27 - [MESSAGE][WARNING] - A browser is already opened. Closing browser and opening a new one

2023-08-31 10:46:28 - [MESSAGE][INFO] - Starting 'Edge Chromium' driver

2023-08-31 10:46:30 - [MESSAGE][INFO] - Action delay is set to 0 milliseconds

2023-08-31 10:46:32 - [MESSAGE][PASSED] - Browser is opened with url: 'https://www.saucedemo.com/'

2023-08-31 10:46:32 - [TEST_STEP][PASSED] - setText(findTestObject("Login/input username"), "standard_user"): Text 'standard_user' is set on object 'Object Repository/Login/input username'

2023-08-31 10:46:33 - [MESSAGE][PASSED] - Text 'standard_user' is set on object 'Object Repository/Login/input username'

2023-08-31 10:46:33 - [TEST_STEP][PASSED] - setText(findTestObject("Login/input password"), "secret_sauce"): Text 'secret_sauce' is set on object 'Object Repository/Login/input password'

2023-08-31 10:46:34 - [MESSAGE][PASSED] - Text 'secret_sauce' is set on object 'Object Repository/Login/input password'

2023-08-31 10:46:34 - [TEST_STEP][PASSED] - click(findTestObject("Login/login-button")): Object: 'Object Repository/Login/login-button' is clicked on

2023-08-31 10:46:35 - [MESSAGE][PASSED] - Object: 'Object Repository/Login/login-button' is clicked on

2023-08-31 10:46:35 - [TEST_STEP][PASSED] - verifyElementPresent(findTestObject("Login/tittle Swag Labs"), 0): Object 'Object Repository/Login/tittle Swag Labs' is present

2023-08-31 10:46:35 - [MESSAGE][WARNING] - Timeout '0' is invalid. Using default page load timeout: '30'

2023-08-31 10:46:35 - [MESSAGE][PASSED] - Object 'Object Repository/Login/tittle Swag Labs' is present

2023-08-31 10:46:35 - [MESSAGE][PASSED] - Call Test Case 'Test Cases/Login/TC-Login-Success-001' successfully

2023-08-31 10:46:35 - [MESSAGE][PASSED] - Call Test Case 'Test Cases/Products/TC-Product-Show-001' successfully

2023-08-31 10:46:35 - [TEST_STEP][PASSED] - click(findTestObject("Products/button_Add to cart 1")): Object: 'Object Repository/Products/button_Add to cart 1' is clicked on

2023-08-31 10:46:36 - [MESSAGE][PASSED] - Object: 'Object Repository/Products/button_Add to cart 1' is clicked on

2023-08-31 10:46:36 - [TEST_STEP][PASSED] - verifyElementPresent(findTestObject("Keranjang/Notifikasi add cart 1"), 1): Object 'Object Repository/Keranjang/Notifikasi add cart 1' is present

2023-08-31 10:46:36 - [MESSAGE][PASSED] - Object 'Object Repository/Keranjang/Notifikasi add cart 1' is present

2023-08-31 10:46:36 - [TEST_STEP][PASSED] - nama = text: null

2023-08-31 10:46:37 - [TEST_STEP][PASSED] - deskripsi = text: null

2023-08-31 10:46:37 - [TEST_STEP][PASSED] - price = text: null

2023-08-31 10:46:37 - [TEST_STEP][PASSED] - data = new java.util.HashMap(): null

2023-08-31 10:46:37 - [TEST_STEP][PASSED] - data.put("nama_barang", nama): null

2023-08-31 10:46:37 - [TEST_STEP][PASSED] - data.put("deskrispi_barang", deskripsi): null

2023-08-31 10:46:37 - [TEST_STEP][PASSED] - data.put("price_barang", price): null

2023-08-31 10:46:37 - [TEST_STEP][PASSED] - return data: null

2023-08-31 10:46:37 - [MESSAGE][PASSED] - Call Test Case 'Test Cases/Products/TC-Product-AddCart-001' successfully

2023-08-31 10:46:37 - [TEST_STEP][PASSED] - click(findTestObject("Products/button_Add to cart 2")): Object: 'Object Repository/Products/button_Add to cart 2' is clicked on

2023-08-31 10:46:38 - [MESSAGE][PASSED] - Object: 'Object Repository/Products/button_Add to cart 2' is clicked on

2023-08-31 10:46:38 - [TEST_STEP][PASSED] - verifyElementPresent(findTestObject("Products/button_Remove"), 0): Object 'Object Repository/Products/button_Remove' is present

2023-08-31 10:46:38 - [MESSAGE][WARNING] - Timeout '0' is invalid. Using default page load timeout: '30'

2023-08-31 10:46:38 - [MESSAGE][PASSED] - Object 'Object Repository/Products/button_Remove' is present

2023-08-31 10:46:38 - [TEST_STEP][PASSED] - verifyElementPresent(findTestObject("Keranjang/Notifikasi add cart 2"), 2): Object 'Object Repository/Keranjang/Notifikasi add cart 2' is present

2023-08-31 10:46:39 - [MESSAGE][PASSED] - Object 'Object Repository/Keranjang/Notifikasi add cart 2' is present

2023-08-31 10:46:39 - [TEST_STEP][PASSED] - name = text: null

2023-08-31 10:46:39 - [TEST_STEP][PASSED] - desc = text: null

2023-08-31 10:46:39 - [TEST_STEP][PASSED] - price = text: null

2023-08-31 10:46:40 - [TEST_STEP][PASSED] - nameProductList = new java.util.ArrayList(): null

2023-08-31 10:46:40 - [TEST_STEP][PASSED] - nameProductList.add(data.get("nama_barang")): null

2023-08-31 10:46:40 - [TEST_STEP][PASSED] - nameProductList.add(name): null

2023-08-31 10:46:40 - [TEST_STEP][PASSED] - println(nameProductList.get(0)): null

2023-08-31 10:46:40 - [TEST_STEP][PASSED] - descProductList = new java.util.ArrayList(): null

2023-08-31 10:46:40 - [TEST_STEP][PASSED] - descProductList.add(data.get("deskrispi_barang")): null

2023-08-31 10:46:40 - [TEST_STEP][PASSED] - descProductList.add(desc): null

2023-08-31 10:46:40 - [TEST_STEP][PASSED] - priceProductList = new java.util.ArrayList(): null

2023-08-31 10:46:40 - [TEST_STEP][PASSED] - priceProductList.add(data.get("price_barang")): null

2023-08-31 10:46:40 - [TEST_STEP][PASSED] - priceProductList.add(price): null

2023-08-31 10:46:40 - [TEST_STEP][PASSED] - data.put("Product_name", nameProductList): null

2023-08-31 10:46:40 - [TEST_STEP][PASSED] - data.put("deskrispi_barang", descProductList): null

2023-08-31 10:46:40 - [TEST_STEP][PASSED] - data.put("price_barang", priceProductList): null

2023-08-31 10:46:40 - [TEST_STEP][PASSED] - return data: null]]></system-out>
         <system-err><![CDATA[]]></system-err>
      </testcase>
      <testcase name="Test Cases/Products/TC-Product-RemoveCart-001" time="42.568" classname="Test Cases/Products/TC-Product-RemoveCart-001" status="FAILED">
         <failure type="FAILED" message="Test Cases/Products/TC-Product-RemoveCart-001 FAILED.
Reason:
com.kms.katalon.core.exception.StepFailedException: Verify element text of test object 'Object Repository/Keranjang/Notifikasi add cart 1' FAILED.
	at com.kms.katalon.core.webui.keyword.internal.WebUIKeywordMain.stepFailed(WebUIKeywordMain.groovy:64)
	at com.kms.katalon.core.webui.keyword.internal.WebUIKeywordMain.runKeyword(WebUIKeywordMain.groovy:26)
	at com.kms.katalon.core.webui.keyword.builtin.VerifyElementTextKeyword.verifyElementText(VerifyElementTextKeyword.groovy:72)
	at com.kms.katalon.core.webui.keyword.builtin.VerifyElementTextKeyword.execute(VerifyElementTextKeyword.groovy:40)
	at com.kms.katalon.core.keyword.internal.KeywordExecutor.executeKeywordForPlatform(KeywordExecutor.groovy:74)
	at com.kms.katalon.core.webui.keyword.WebUiBuiltInKeywords.verifyElementText(WebUiBuiltInKeywords.groovy:4749)
	at com.kms.katalon.core.webui.keyword.WebUiBuiltInKeywords$verifyElementText$2.call(Unknown Source)
	at TC-Product-RemoveCart-001.run(TC-Product-RemoveCart-001:24)
	at com.kms.katalon.core.main.ScriptEngine.run(ScriptEngine.java:194)
	at com.kms.katalon.core.main.ScriptEngine.runScriptAsRawText(ScriptEngine.java:119)
	at com.kms.katalon.core.main.TestCaseExecutor.runScript(TestCaseExecutor.java:448)
	at com.kms.katalon.core.main.TestCaseExecutor.doExecute(TestCaseExecutor.java:439)
	at com.kms.katalon.core.main.TestCaseExecutor.processExecutionPhase(TestCaseExecutor.java:418)
	at com.kms.katalon.core.main.TestCaseExecutor.accessMainPhase(TestCaseExecutor.java:410)
	at com.kms.katalon.core.main.TestCaseExecutor.execute(TestCaseExecutor.java:285)
	at com.kms.katalon.core.main.TestCaseExecutor.execute(TestCaseExecutor.java:369)
	at com.kms.katalon.core.main.TestCaseExecutor.execute(TestCaseExecutor.java:369)
	at com.kms.katalon.core.main.TestCaseExecutor.execute(TestCaseExecutor.java:369)
	at com.kms.katalon.core.common.CommonExecutor.accessTestCaseMainPhase(CommonExecutor.java:65)
	at com.kms.katalon.core.main.TestSuiteExecutor.accessTestSuiteMainPhase(TestSuiteExecutor.java:148)
	at com.kms.katalon.core.main.TestSuiteExecutor.execute(TestSuiteExecutor.java:106)
	at com.kms.katalon.core.main.TestCaseMain.startTestSuite(TestCaseMain.java:187)
	at com.kms.katalon.core.main.TestCaseMain$startTestSuite$0.call(Unknown Source)
	at TempTestSuite1693453501507.run(TempTestSuite1693453501507.groovy:36)
Caused by: com.kms.katalon.core.exception.StepFailedException: Actual text 'Products' and expected text '0' of test object 'Object Repository/Keranjang/Notifikasi add cart 1' are NOT matched.
	at com.kms.katalon.core.webui.keyword.internal.WebUIKeywordMain.stepFailed(WebUIKeywordMain.groovy:64)
	at com.kms.katalon.core.webui.keyword.builtin.VerifyElementTextKeyword$_verifyElementText_closure1.doCall(VerifyElementTextKeyword.groovy:57)
	at com.kms.katalon.core.webui.keyword.builtin.VerifyElementTextKeyword$_verifyElementText_closure1.call(VerifyElementTextKeyword.groovy)
	at com.kms.katalon.core.webui.keyword.internal.WebUIKeywordMain.runKeyword(WebUIKeywordMain.groovy:20)
	... 22 more
"/>
         <system-out><![CDATA[2023-08-31 10:48:48 - [TEST_CASE][FAILED] - Test Cases/Products/TC-Product-RemoveCart-001: Test Cases/Products/TC-Product-RemoveCart-001 FAILED.
Reason:
com.kms.katalon.core.exception.StepFailedException: Verify element text of test object 'Object Repository/Keranjang/Notifikasi add cart 1' FAILED.
	at com.kms.katalon.core.webui.keyword.internal.WebUIKeywordMain.stepFailed(WebUIKeywordMain.groovy:64)
	at com.kms.katalon.core.webui.keyword.internal.WebUIKeywordMain.runKeyword(WebUIKeywordMain.groovy:26)
	at com.kms.katalon.core.webui.keyword.builtin.VerifyElementTextKeyword.verifyElementText(VerifyElementTextKeyword.groovy:72)
	at com.kms.katalon.core.webui.keyword.builtin.VerifyElementTextKeyword.execute(VerifyElementTextKeyword.groovy:40)
	at com.kms.katalon.core.keyword.internal.KeywordExecutor.executeKeywordForPlatform(KeywordExecutor.groovy:74)
	at com.kms.katalon.core.webui.keyword.WebUiBuiltInKeywords.verifyElementText(WebUiBuiltInKeywords.groovy:4749)
	at com.kms.katalon.core.webui.keyword.WebUiBuiltInKeywords$verifyElementText$2.call(Unknown Source)
	at TC-Product-RemoveCart-001.run(TC-Product-RemoveCart-001:24)
	at com.kms.katalon.core.main.ScriptEngine.run(ScriptEngine.java:194)
	at com.kms.katalon.core.main.ScriptEngine.runScriptAsRawText(ScriptEngine.java:119)
	at com.kms.katalon.core.main.TestCaseExecutor.runScript(TestCaseExecutor.java:448)
	at com.kms.katalon.core.main.TestCaseExecutor.doExecute(TestCaseExecutor.java:439)
	at com.kms.katalon.core.main.TestCaseExecutor.processExecutionPhase(TestCaseExecutor.java:418)
	at com.kms.katalon.core.main.TestCaseExecutor.accessMainPhase(TestCaseExecutor.java:410)
	at com.kms.katalon.core.main.TestCaseExecutor.execute(TestCaseExecutor.java:285)
	at com.kms.katalon.core.main.TestCaseExecutor.execute(TestCaseExecutor.java:369)
	at com.kms.katalon.core.main.TestCaseExecutor.execute(TestCaseExecutor.java:369)
	at com.kms.katalon.core.main.TestCaseExecutor.execute(TestCaseExecutor.java:369)
	at com.kms.katalon.core.common.CommonExecutor.accessTestCaseMainPhase(CommonExecutor.java:65)
	at com.kms.katalon.core.main.TestSuiteExecutor.accessTestSuiteMainPhase(TestSuiteExecutor.java:148)
	at com.kms.katalon.core.main.TestSuiteExecutor.execute(TestSuiteExecutor.java:106)
	at com.kms.katalon.core.main.TestCaseMain.startTestSuite(TestCaseMain.java:187)
	at com.kms.katalon.core.main.TestCaseMain$startTestSuite$0.call(Unknown Source)
	at TempTestSuite1693453501507.run(TempTestSuite1693453501507.groovy:36)
Caused by: com.kms.katalon.core.exception.StepFailedException: Actual text 'Products' and expected text '0' of test object 'Object Repository/Keranjang/Notifikasi add cart 1' are NOT matched.
	at com.kms.katalon.core.webui.keyword.internal.WebUIKeywordMain.stepFailed(WebUIKeywordMain.groovy:64)
	at com.kms.katalon.core.webui.keyword.builtin.VerifyElementTextKeyword$_verifyElementText_closure1.doCall(VerifyElementTextKeyword.groovy:57)
	at com.kms.katalon.core.webui.keyword.builtin.VerifyElementTextKeyword$_verifyElementText_closure1.call(VerifyElementTextKeyword.groovy)
	at com.kms.katalon.core.webui.keyword.internal.WebUIKeywordMain.runKeyword(WebUIKeywordMain.groovy:20)
	... 22 more


2023-08-31 10:48:48 - [TEST_STEP][PASSED] - callTestCase(findTestCase("Products/TC-Product-AddCart-001"), [:], STOP_ON_FAILURE): Call Test Case 'Test Cases/Products/TC-Product-AddCart-001' successfully

2023-08-31 10:48:48 - [TEST_CASE][PASSED] - Test Cases/Products/TC-Product-AddCart-001: Test Cases/Products/TC-Product-AddCart-001

2023-08-31 10:48:48 - [TEST_STEP][PASSED] - callTestCase(findTestCase("Products/TC-Product-Show-001"), [:], STOP_ON_FAILURE): Call Test Case 'Test Cases/Products/TC-Product-Show-001' successfully

2023-08-31 10:48:48 - [TEST_CASE][PASSED] - Test Cases/Products/TC-Product-Show-001: Test Cases/Products/TC-Product-Show-001

2023-08-31 10:48:48 - [TEST_STEP][PASSED] - callTestCase(findTestCase("Login/TC-Login-Success-001"), [:], STOP_ON_FAILURE): Call Test Case 'Test Cases/Login/TC-Login-Success-001' successfully

2023-08-31 10:48:48 - [TEST_CASE][PASSED] - Test Cases/Login/TC-Login-Success-001: Test Cases/Login/TC-Login-Success-001

2023-08-31 10:48:48 - [TEST_STEP][PASSED] - openBrowser("https://www.saucedemo.com/"): Browser is opened with url: 'https://www.saucedemo.com/'

2023-08-31 10:48:48 - [MESSAGE][WARNING] - A browser is already opened. Closing browser and opening a new one

2023-08-31 10:48:49 - [MESSAGE][INFO] - Starting 'Edge Chromium' driver

2023-08-31 10:48:51 - [MESSAGE][INFO] - Action delay is set to 0 milliseconds

2023-08-31 10:48:53 - [MESSAGE][PASSED] - Browser is opened with url: 'https://www.saucedemo.com/'

2023-08-31 10:48:53 - [TEST_STEP][PASSED] - setText(findTestObject("Login/input username"), "standard_user"): Text 'standard_user' is set on object 'Object Repository/Login/input username'

2023-08-31 10:48:54 - [MESSAGE][PASSED] - Text 'standard_user' is set on object 'Object Repository/Login/input username'

2023-08-31 10:48:54 - [TEST_STEP][PASSED] - setText(findTestObject("Login/input password"), "secret_sauce"): Text 'secret_sauce' is set on object 'Object Repository/Login/input password'

2023-08-31 10:48:55 - [MESSAGE][PASSED] - Text 'secret_sauce' is set on object 'Object Repository/Login/input password'

2023-08-31 10:48:55 - [TEST_STEP][PASSED] - click(findTestObject("Login/login-button")): Object: 'Object Repository/Login/login-button' is clicked on

2023-08-31 10:48:56 - [MESSAGE][PASSED] - Object: 'Object Repository/Login/login-button' is clicked on

2023-08-31 10:48:56 - [TEST_STEP][PASSED] - verifyElementPresent(findTestObject("Login/tittle Swag Labs"), 0): Object 'Object Repository/Login/tittle Swag Labs' is present

2023-08-31 10:48:56 - [MESSAGE][WARNING] - Timeout '0' is invalid. Using default page load timeout: '30'

2023-08-31 10:48:56 - [MESSAGE][PASSED] - Object 'Object Repository/Login/tittle Swag Labs' is present

2023-08-31 10:48:56 - [MESSAGE][PASSED] - Call Test Case 'Test Cases/Login/TC-Login-Success-001' successfully

2023-08-31 10:48:56 - [MESSAGE][PASSED] - Call Test Case 'Test Cases/Products/TC-Product-Show-001' successfully

2023-08-31 10:48:56 - [TEST_STEP][PASSED] - click(findTestObject("Products/button_Add to cart 1")): Object: 'Object Repository/Products/button_Add to cart 1' is clicked on

2023-08-31 10:48:57 - [MESSAGE][PASSED] - Object: 'Object Repository/Products/button_Add to cart 1' is clicked on

2023-08-31 10:48:57 - [TEST_STEP][PASSED] - verifyElementPresent(findTestObject("Keranjang/Notifikasi add cart 1"), 1): Object 'Object Repository/Keranjang/Notifikasi add cart 1' is present

2023-08-31 10:48:57 - [MESSAGE][PASSED] - Object 'Object Repository/Keranjang/Notifikasi add cart 1' is present

2023-08-31 10:48:57 - [TEST_STEP][PASSED] - nama = text: null

2023-08-31 10:48:58 - [TEST_STEP][PASSED] - deskripsi = text: null

2023-08-31 10:48:58 - [TEST_STEP][PASSED] - price = text: null

2023-08-31 10:48:58 - [TEST_STEP][PASSED] - data = new java.util.HashMap(): null

2023-08-31 10:48:58 - [TEST_STEP][PASSED] - data.put("nama_barang", nama): null

2023-08-31 10:48:58 - [TEST_STEP][PASSED] - data.put("deskrispi_barang", deskripsi): null

2023-08-31 10:48:58 - [TEST_STEP][PASSED] - data.put("price_barang", price): null

2023-08-31 10:48:58 - [TEST_STEP][PASSED] - return data: null

2023-08-31 10:48:58 - [MESSAGE][PASSED] - Call Test Case 'Test Cases/Products/TC-Product-AddCart-001' successfully

2023-08-31 10:48:58 - [TEST_STEP][PASSED] - click(findTestObject("Products/button_Remove")): Object: 'Object Repository/Products/button_Remove' is clicked on

2023-08-31 10:48:59 - [MESSAGE][PASSED] - Object: 'Object Repository/Products/button_Remove' is clicked on

2023-08-31 10:48:59 - [TEST_STEP][FAILED] - verifyElementText(findTestObject("Keranjang/Notifikasi add cart 1"), "0"): Verify element text of test object 'Object Repository/Keranjang/Notifikasi add cart 1' FAILED. (Root cause: com.kms.katalon.core.exception.StepFailedException: Verify element text of test object 'Object Repository/Keranjang/Notifikasi add cart 1' FAILED.
	at com.kms.katalon.core.webui.keyword.internal.WebUIKeywordMain.stepFailed(WebUIKeywordMain.groovy:64)
	at com.kms.katalon.core.webui.keyword.internal.WebUIKeywordMain.runKeyword(WebUIKeywordMain.groovy:26)
	at com.kms.katalon.core.webui.keyword.builtin.VerifyElementTextKeyword.verifyElementText(VerifyElementTextKeyword.groovy:72)
	at com.kms.katalon.core.webui.keyword.builtin.VerifyElementTextKeyword.execute(VerifyElementTextKeyword.groovy:40)
	at com.kms.katalon.core.keyword.internal.KeywordExecutor.executeKeywordForPlatform(KeywordExecutor.groovy:74)
	at com.kms.katalon.core.webui.keyword.WebUiBuiltInKeywords.verifyElementText(WebUiBuiltInKeywords.groovy:4749)
	at com.kms.katalon.core.webui.keyword.WebUiBuiltInKeywords$verifyElementText$2.call(Unknown Source)
	at TC-Product-RemoveCart-001.run(TC-Product-RemoveCart-001:24)
	at com.kms.katalon.core.main.ScriptEngine.run(ScriptEngine.java:194)
	at com.kms.katalon.core.main.ScriptEngine.runScriptAsRawText(ScriptEngine.java:119)
	at com.kms.katalon.core.main.TestCaseExecutor.runScript(TestCaseExecutor.java:448)
	at com.kms.katalon.core.main.TestCaseExecutor.doExecute(TestCaseExecutor.java:439)
	at com.kms.katalon.core.main.TestCaseExecutor.processExecutionPhase(TestCaseExecutor.java:418)
	at com.kms.katalon.core.main.TestCaseExecutor.accessMainPhase(TestCaseExecutor.java:410)
	at com.kms.katalon.core.main.TestCaseExecutor.execute(TestCaseExecutor.java:285)
	at com.kms.katalon.core.main.TestCaseExecutor.execute(TestCaseExecutor.java:369)
	at com.kms.katalon.core.main.TestCaseExecutor.execute(TestCaseExecutor.java:369)
	at com.kms.katalon.core.main.TestCaseExecutor.execute(TestCaseExecutor.java:369)
	at com.kms.katalon.core.common.CommonExecutor.accessTestCaseMainPhase(CommonExecutor.java:65)
	at com.kms.katalon.core.main.TestSuiteExecutor.accessTestSuiteMainPhase(TestSuiteExecutor.java:148)
	at com.kms.katalon.core.main.TestSuiteExecutor.execute(TestSuiteExecutor.java:106)
	at com.kms.katalon.core.main.TestCaseMain.startTestSuite(TestCaseMain.java:187)
	at com.kms.katalon.core.main.TestCaseMain$startTestSuite$0.call(Unknown Source)
	at TempTestSuite1693453501507.run(TempTestSuite1693453501507.groovy:36)
Caused by: com.kms.katalon.core.exception.StepFailedException: Actual text 'Products' and expected text '0' of test object 'Object Repository/Keranjang/Notifikasi add cart 1' are NOT matched.
	at com.kms.katalon.core.webui.keyword.internal.WebUIKeywordMain.stepFailed(WebUIKeywordMain.groovy:64)
	at com.kms.katalon.core.webui.keyword.builtin.VerifyElementTextKeyword$_verifyElementText_closure1.doCall(VerifyElementTextKeyword.groovy:57)
	at com.kms.katalon.core.webui.keyword.builtin.VerifyElementTextKeyword$_verifyElementText_closure1.call(VerifyElementTextKeyword.groovy)
	at com.kms.katalon.core.webui.keyword.internal.WebUIKeywordMain.runKeyword(WebUIKeywordMain.groovy:20)
	... 22 more
)

2023-08-31 10:49:30 - [MESSAGE][INFO] - Unable to find the element located by 'By.xpath: //div[@id='shopping_cart_container']/a/span'. Please recheck the objects properties to make sure the desired element is located. 

2023-08-31 10:49:30 - [MESSAGE][WARNING] - [SELF-HEALING] Failed to find element with id 'Object Repository/Keranjang/Notifikasi add cart 1'. Try using Self-healing.

2023-08-31 10:49:30 - [MESSAGE][WARNING] - [SELF-HEALING] The current locator of test object 'Object Repository/Keranjang/Notifikasi add cart 1' was broken. Propose an alternative one: '(.//*[normalize-space(text()) and normalize-space(.)='Swag Labs'])[2]/following::span[1]'.

2023-08-31 10:49:30 - [MESSAGE][FAILED] - Actual text 'Products' and expected text '0' of test object 'Object Repository/Keranjang/Notifikasi add cart 1' are NOT matched. (Root cause: com.kms.katalon.core.exception.StepFailedException: Actual text 'Products' and expected text '0' of test object 'Object Repository/Keranjang/Notifikasi add cart 1' are NOT matched.
	at com.kms.katalon.core.webui.keyword.internal.WebUIKeywordMain.stepFailed(WebUIKeywordMain.groovy:64)
	at com.kms.katalon.core.webui.keyword.builtin.VerifyElementTextKeyword$_verifyElementText_closure1.doCall(VerifyElementTextKeyword.groovy:57)
	at com.kms.katalon.core.webui.keyword.builtin.VerifyElementTextKeyword$_verifyElementText_closure1.call(VerifyElementTextKeyword.groovy)
	at com.kms.katalon.core.webui.keyword.internal.WebUIKeywordMain.runKeyword(WebUIKeywordMain.groovy:20)
	at com.kms.katalon.core.webui.keyword.builtin.VerifyElementTextKeyword.verifyElementText(VerifyElementTextKeyword.groovy:72)
	at com.kms.katalon.core.webui.keyword.builtin.VerifyElementTextKeyword.execute(VerifyElementTextKeyword.groovy:40)
	at com.kms.katalon.core.keyword.internal.KeywordExecutor.executeKeywordForPlatform(KeywordExecutor.groovy:74)
	at com.kms.katalon.core.webui.keyword.WebUiBuiltInKeywords.verifyElementText(WebUiBuiltInKeywords.groovy:4749)
	at com.kms.katalon.core.webui.keyword.WebUiBuiltInKeywords$verifyElementText$2.call(Unknown Source)
	at TC-Product-RemoveCart-001.run(TC-Product-RemoveCart-001:24)
	at com.kms.katalon.core.main.ScriptEngine.run(ScriptEngine.java:194)
	at com.kms.katalon.core.main.ScriptEngine.runScriptAsRawText(ScriptEngine.java:119)
	at com.kms.katalon.core.main.TestCaseExecutor.runScript(TestCaseExecutor.java:448)
	at com.kms.katalon.core.main.TestCaseExecutor.doExecute(TestCaseExecutor.java:439)
	at com.kms.katalon.core.main.TestCaseExecutor.processExecutionPhase(TestCaseExecutor.java:418)
	at com.kms.katalon.core.main.TestCaseExecutor.accessMainPhase(TestCaseExecutor.java:410)
	at com.kms.katalon.core.main.TestCaseExecutor.execute(TestCaseExecutor.java:285)
	at com.kms.katalon.core.main.TestCaseExecutor.execute(TestCaseExecutor.java:369)
	at com.kms.katalon.core.main.TestCaseExecutor.execute(TestCaseExecutor.java:369)
	at com.kms.katalon.core.main.TestCaseExecutor.execute(TestCaseExecutor.java:369)
	at com.kms.katalon.core.common.CommonExecutor.accessTestCaseMainPhase(CommonExecutor.java:65)
	at com.kms.katalon.core.main.TestSuiteExecutor.accessTestSuiteMainPhase(TestSuiteExecutor.java:148)
	at com.kms.katalon.core.main.TestSuiteExecutor.execute(TestSuiteExecutor.java:106)
	at com.kms.katalon.core.main.TestCaseMain.startTestSuite(TestCaseMain.java:187)
	at com.kms.katalon.core.main.TestCaseMain$startTestSuite$0.call(Unknown Source)
	at TempTestSuite1693453501507.run(TempTestSuite1693453501507.groovy:36)
)
[[ATTACHMENT|D:\\Project XSIS\\batch-324-qa\\irfan\\Saucedemo\\Reports\\20230831_104501\\Saucedemo\\20230831_104501\\1693453770712.png]]

2023-08-31 10:49:31 - [MESSAGE][FAILED] - Verify element text of test object 'Object Repository/Keranjang/Notifikasi add cart 1' FAILED. (Root cause: com.kms.katalon.core.exception.StepFailedException: Verify element text of test object 'Object Repository/Keranjang/Notifikasi add cart 1' FAILED.
	at com.kms.katalon.core.webui.keyword.internal.WebUIKeywordMain.stepFailed(WebUIKeywordMain.groovy:64)
	at com.kms.katalon.core.webui.keyword.internal.WebUIKeywordMain.runKeyword(WebUIKeywordMain.groovy:26)
	at com.kms.katalon.core.webui.keyword.builtin.VerifyElementTextKeyword.verifyElementText(VerifyElementTextKeyword.groovy:72)
	at com.kms.katalon.core.webui.keyword.builtin.VerifyElementTextKeyword.execute(VerifyElementTextKeyword.groovy:40)
	at com.kms.katalon.core.keyword.internal.KeywordExecutor.executeKeywordForPlatform(KeywordExecutor.groovy:74)
	at com.kms.katalon.core.webui.keyword.WebUiBuiltInKeywords.verifyElementText(WebUiBuiltInKeywords.groovy:4749)
	at com.kms.katalon.core.webui.keyword.WebUiBuiltInKeywords$verifyElementText$2.call(Unknown Source)
	at TC-Product-RemoveCart-001.run(TC-Product-RemoveCart-001:24)
	at com.kms.katalon.core.main.ScriptEngine.run(ScriptEngine.java:194)
	at com.kms.katalon.core.main.ScriptEngine.runScriptAsRawText(ScriptEngine.java:119)
	at com.kms.katalon.core.main.TestCaseExecutor.runScript(TestCaseExecutor.java:448)
	at com.kms.katalon.core.main.TestCaseExecutor.doExecute(TestCaseExecutor.java:439)
	at com.kms.katalon.core.main.TestCaseExecutor.processExecutionPhase(TestCaseExecutor.java:418)
	at com.kms.katalon.core.main.TestCaseExecutor.accessMainPhase(TestCaseExecutor.java:410)
	at com.kms.katalon.core.main.TestCaseExecutor.execute(TestCaseExecutor.java:285)
	at com.kms.katalon.core.main.TestCaseExecutor.execute(TestCaseExecutor.java:369)
	at com.kms.katalon.core.main.TestCaseExecutor.execute(TestCaseExecutor.java:369)
	at com.kms.katalon.core.main.TestCaseExecutor.execute(TestCaseExecutor.java:369)
	at com.kms.katalon.core.common.CommonExecutor.accessTestCaseMainPhase(CommonExecutor.java:65)
	at com.kms.katalon.core.main.TestSuiteExecutor.accessTestSuiteMainPhase(TestSuiteExecutor.java:148)
	at com.kms.katalon.core.main.TestSuiteExecutor.execute(TestSuiteExecutor.java:106)
	at com.kms.katalon.core.main.TestCaseMain.startTestSuite(TestCaseMain.java:187)
	at com.kms.katalon.core.main.TestCaseMain$startTestSuite$0.call(Unknown Source)
	at TempTestSuite1693453501507.run(TempTestSuite1693453501507.groovy:36)
Caused by: com.kms.katalon.core.exception.StepFailedException: Actual text 'Products' and expected text '0' of test object 'Object Repository/Keranjang/Notifikasi add cart 1' are NOT matched.
	at com.kms.katalon.core.webui.keyword.internal.WebUIKeywordMain.stepFailed(WebUIKeywordMain.groovy:64)
	at com.kms.katalon.core.webui.keyword.builtin.VerifyElementTextKeyword$_verifyElementText_closure1.doCall(VerifyElementTextKeyword.groovy:57)
	at com.kms.katalon.core.webui.keyword.builtin.VerifyElementTextKeyword$_verifyElementText_closure1.call(VerifyElementTextKeyword.groovy)
	at com.kms.katalon.core.webui.keyword.internal.WebUIKeywordMain.runKeyword(WebUIKeywordMain.groovy:20)
	... 22 more
)
[[ATTACHMENT|D:\\Project XSIS\\batch-324-qa\\irfan\\Saucedemo\\Reports\\20230831_104501\\Saucedemo\\20230831_104501\\1693453770959.png]]]]></system-out>
         <system-err><![CDATA[2023-08-31 10:48:48 - [TEST_CASE][FAILED] - Test Cases/Products/TC-Product-RemoveCart-001: Test Cases/Products/TC-Product-RemoveCart-001 FAILED.
Reason:
com.kms.katalon.core.exception.StepFailedException: Verify element text of test object 'Object Repository/Keranjang/Notifikasi add cart 1' FAILED.
	at com.kms.katalon.core.webui.keyword.internal.WebUIKeywordMain.stepFailed(WebUIKeywordMain.groovy:64)
	at com.kms.katalon.core.webui.keyword.internal.WebUIKeywordMain.runKeyword(WebUIKeywordMain.groovy:26)
	at com.kms.katalon.core.webui.keyword.builtin.VerifyElementTextKeyword.verifyElementText(VerifyElementTextKeyword.groovy:72)
	at com.kms.katalon.core.webui.keyword.builtin.VerifyElementTextKeyword.execute(VerifyElementTextKeyword.groovy:40)
	at com.kms.katalon.core.keyword.internal.KeywordExecutor.executeKeywordForPlatform(KeywordExecutor.groovy:74)
	at com.kms.katalon.core.webui.keyword.WebUiBuiltInKeywords.verifyElementText(WebUiBuiltInKeywords.groovy:4749)
	at com.kms.katalon.core.webui.keyword.WebUiBuiltInKeywords$verifyElementText$2.call(Unknown Source)
	at TC-Product-RemoveCart-001.run(TC-Product-RemoveCart-001:24)
	at com.kms.katalon.core.main.ScriptEngine.run(ScriptEngine.java:194)
	at com.kms.katalon.core.main.ScriptEngine.runScriptAsRawText(ScriptEngine.java:119)
	at com.kms.katalon.core.main.TestCaseExecutor.runScript(TestCaseExecutor.java:448)
	at com.kms.katalon.core.main.TestCaseExecutor.doExecute(TestCaseExecutor.java:439)
	at com.kms.katalon.core.main.TestCaseExecutor.processExecutionPhase(TestCaseExecutor.java:418)
	at com.kms.katalon.core.main.TestCaseExecutor.accessMainPhase(TestCaseExecutor.java:410)
	at com.kms.katalon.core.main.TestCaseExecutor.execute(TestCaseExecutor.java:285)
	at com.kms.katalon.core.main.TestCaseExecutor.execute(TestCaseExecutor.java:369)
	at com.kms.katalon.core.main.TestCaseExecutor.execute(TestCaseExecutor.java:369)
	at com.kms.katalon.core.main.TestCaseExecutor.execute(TestCaseExecutor.java:369)
	at com.kms.katalon.core.common.CommonExecutor.accessTestCaseMainPhase(CommonExecutor.java:65)
	at com.kms.katalon.core.main.TestSuiteExecutor.accessTestSuiteMainPhase(TestSuiteExecutor.java:148)
	at com.kms.katalon.core.main.TestSuiteExecutor.execute(TestSuiteExecutor.java:106)
	at com.kms.katalon.core.main.TestCaseMain.startTestSuite(TestCaseMain.java:187)
	at com.kms.katalon.core.main.TestCaseMain$startTestSuite$0.call(Unknown Source)
	at TempTestSuite1693453501507.run(TempTestSuite1693453501507.groovy:36)
Caused by: com.kms.katalon.core.exception.StepFailedException: Actual text 'Products' and expected text '0' of test object 'Object Repository/Keranjang/Notifikasi add cart 1' are NOT matched.
	at com.kms.katalon.core.webui.keyword.internal.WebUIKeywordMain.stepFailed(WebUIKeywordMain.groovy:64)
	at com.kms.katalon.core.webui.keyword.builtin.VerifyElementTextKeyword$_verifyElementText_closure1.doCall(VerifyElementTextKeyword.groovy:57)
	at com.kms.katalon.core.webui.keyword.builtin.VerifyElementTextKeyword$_verifyElementText_closure1.call(VerifyElementTextKeyword.groovy)
	at com.kms.katalon.core.webui.keyword.internal.WebUIKeywordMain.runKeyword(WebUIKeywordMain.groovy:20)
	... 22 more]]></system-err>
      </testcase>
      <testcase name="Test Cases/Products/TC-Product-Show-001" time="7.842" classname="Test Cases/Products/TC-Product-Show-001" status="PASSED">
         <system-out><![CDATA[2023-08-31 10:49:31 - [TEST_CASE][PASSED] - Test Cases/Products/TC-Product-Show-001: Test Cases/Products/TC-Product-Show-001

2023-08-31 10:49:31 - [TEST_STEP][PASSED] - callTestCase(findTestCase("Login/TC-Login-Success-001"), [:], STOP_ON_FAILURE): Call Test Case 'Test Cases/Login/TC-Login-Success-001' successfully

2023-08-31 10:49:31 - [TEST_CASE][PASSED] - Test Cases/Login/TC-Login-Success-001: Test Cases/Login/TC-Login-Success-001

2023-08-31 10:49:31 - [TEST_STEP][PASSED] - openBrowser("https://www.saucedemo.com/"): Browser is opened with url: 'https://www.saucedemo.com/'

2023-08-31 10:49:31 - [MESSAGE][WARNING] - A browser is already opened. Closing browser and opening a new one

2023-08-31 10:49:31 - [MESSAGE][INFO] - Starting 'Edge Chromium' driver

2023-08-31 10:49:34 - [MESSAGE][INFO] - Action delay is set to 0 milliseconds

2023-08-31 10:49:36 - [MESSAGE][PASSED] - Browser is opened with url: 'https://www.saucedemo.com/'

2023-08-31 10:49:36 - [TEST_STEP][PASSED] - setText(findTestObject("Login/input username"), "standard_user"): Text 'standard_user' is set on object 'Object Repository/Login/input username'

2023-08-31 10:49:37 - [MESSAGE][PASSED] - Text 'standard_user' is set on object 'Object Repository/Login/input username'

2023-08-31 10:49:37 - [TEST_STEP][PASSED] - setText(findTestObject("Login/input password"), "secret_sauce"): Text 'secret_sauce' is set on object 'Object Repository/Login/input password'

2023-08-31 10:49:37 - [MESSAGE][PASSED] - Text 'secret_sauce' is set on object 'Object Repository/Login/input password'

2023-08-31 10:49:37 - [TEST_STEP][PASSED] - click(findTestObject("Login/login-button")): Object: 'Object Repository/Login/login-button' is clicked on

2023-08-31 10:49:38 - [MESSAGE][PASSED] - Object: 'Object Repository/Login/login-button' is clicked on

2023-08-31 10:49:38 - [TEST_STEP][PASSED] - verifyElementPresent(findTestObject("Login/tittle Swag Labs"), 0): Object 'Object Repository/Login/tittle Swag Labs' is present

2023-08-31 10:49:38 - [MESSAGE][WARNING] - Timeout '0' is invalid. Using default page load timeout: '30'

2023-08-31 10:49:38 - [MESSAGE][PASSED] - Object 'Object Repository/Login/tittle Swag Labs' is present

2023-08-31 10:49:38 - [MESSAGE][PASSED] - Call Test Case 'Test Cases/Login/TC-Login-Success-001' successfully]]></system-out>
         <system-err><![CDATA[]]></system-err>
      </testcase>
      <testcase name="Test Cases/Products/TC-Product-Sort-001" time="9.826" classname="Test Cases/Products/TC-Product-Sort-001" status="PASSED">
         <system-out><![CDATA[2023-08-31 10:49:38 - [TEST_CASE][PASSED] - Test Cases/Products/TC-Product-Sort-001: Test Cases/Products/TC-Product-Sort-001

2023-08-31 10:49:39 - [TEST_STEP][PASSED] - callTestCase(findTestCase("Products/TC-Product-Show-001"), [:], STOP_ON_FAILURE): Call Test Case 'Test Cases/Products/TC-Product-Show-001' successfully

2023-08-31 10:49:39 - [TEST_CASE][PASSED] - Test Cases/Products/TC-Product-Show-001: Test Cases/Products/TC-Product-Show-001

2023-08-31 10:49:39 - [TEST_STEP][PASSED] - callTestCase(findTestCase("Login/TC-Login-Success-001"), [:], STOP_ON_FAILURE): Call Test Case 'Test Cases/Login/TC-Login-Success-001' successfully

2023-08-31 10:49:39 - [TEST_CASE][PASSED] - Test Cases/Login/TC-Login-Success-001: Test Cases/Login/TC-Login-Success-001

2023-08-31 10:49:39 - [TEST_STEP][PASSED] - openBrowser("https://www.saucedemo.com/"): Browser is opened with url: 'https://www.saucedemo.com/'

2023-08-31 10:49:39 - [MESSAGE][WARNING] - A browser is already opened. Closing browser and opening a new one

2023-08-31 10:49:40 - [MESSAGE][INFO] - Starting 'Edge Chromium' driver

2023-08-31 10:49:42 - [MESSAGE][INFO] - Action delay is set to 0 milliseconds

2023-08-31 10:49:44 - [MESSAGE][PASSED] - Browser is opened with url: 'https://www.saucedemo.com/'

2023-08-31 10:49:44 - [TEST_STEP][PASSED] - setText(findTestObject("Login/input username"), "standard_user"): Text 'standard_user' is set on object 'Object Repository/Login/input username'

2023-08-31 10:49:45 - [MESSAGE][PASSED] - Text 'standard_user' is set on object 'Object Repository/Login/input username'

2023-08-31 10:49:45 - [TEST_STEP][PASSED] - setText(findTestObject("Login/input password"), "secret_sauce"): Text 'secret_sauce' is set on object 'Object Repository/Login/input password'

2023-08-31 10:49:46 - [MESSAGE][PASSED] - Text 'secret_sauce' is set on object 'Object Repository/Login/input password'

2023-08-31 10:49:46 - [TEST_STEP][PASSED] - click(findTestObject("Login/login-button")): Object: 'Object Repository/Login/login-button' is clicked on

2023-08-31 10:49:46 - [MESSAGE][PASSED] - Object: 'Object Repository/Login/login-button' is clicked on

2023-08-31 10:49:46 - [TEST_STEP][PASSED] - verifyElementPresent(findTestObject("Login/tittle Swag Labs"), 0): Object 'Object Repository/Login/tittle Swag Labs' is present

2023-08-31 10:49:46 - [MESSAGE][WARNING] - Timeout '0' is invalid. Using default page load timeout: '30'

2023-08-31 10:49:47 - [MESSAGE][PASSED] - Object 'Object Repository/Login/tittle Swag Labs' is present

2023-08-31 10:49:47 - [MESSAGE][PASSED] - Call Test Case 'Test Cases/Login/TC-Login-Success-001' successfully

2023-08-31 10:49:47 - [MESSAGE][PASSED] - Call Test Case 'Test Cases/Products/TC-Product-Show-001' successfully

2023-08-31 10:49:47 - [TEST_STEP][PASSED] - selectOptionByValue(findTestObject("Products/select_Name (A to Z)Name (Z to A)Price (low to high)Price (high to low)"), "az", false): All options with value 'az' are selected in object 'Object Repository/Products/select_Name (A to Z)Name (Z to A)Price (low to high)Price (high to low)' 

2023-08-31 10:49:48 - [MESSAGE][PASSED] - All options with value 'az' are selected in object 'Object Repository/Products/select_Name (A to Z)Name (Z to A)Price (low to high)Price (high to low)' 

2023-08-31 10:49:48 - [TEST_STEP][PASSED] - dataList = findWebElements(findTestObject("Object Repository/Products/Sorting/Sorting Nama products"), 10): null

2023-08-31 10:49:48 - [TEST_STEP][PASSED] - arrLastNameOri = []: null

2023-08-31 10:49:48 - [TEST_STEP][PASSED] - arrLastNameSort = []: null

2023-08-31 10:49:48 - [TEST_STEP][PASSED] - for ([i = 0, i < dataList.size(), (i++)]): null

2023-08-31 10:49:48 - [TEST_STEP][PASSED] - text = text: null

2023-08-31 10:49:48 - [TEST_STEP][PASSED] - arrLastNameOri[i] = text: null

2023-08-31 10:49:48 - [TEST_STEP][PASSED] - arrLastNameSort[i] = text: null

2023-08-31 10:49:48 - [TEST_STEP][PASSED] - text = text: null

2023-08-31 10:49:48 - [TEST_STEP][PASSED] - arrLastNameOri[i] = text: null

2023-08-31 10:49:48 - [TEST_STEP][PASSED] - arrLastNameSort[i] = text: null

2023-08-31 10:49:48 - [TEST_STEP][PASSED] - text = text: null

2023-08-31 10:49:48 - [TEST_STEP][PASSED] - arrLastNameOri[i] = text: null

2023-08-31 10:49:48 - [TEST_STEP][PASSED] - arrLastNameSort[i] = text: null

2023-08-31 10:49:48 - [TEST_STEP][PASSED] - text = text: null

2023-08-31 10:49:48 - [TEST_STEP][PASSED] - arrLastNameOri[i] = text: null

2023-08-31 10:49:48 - [TEST_STEP][PASSED] - arrLastNameSort[i] = text: null

2023-08-31 10:49:48 - [TEST_STEP][PASSED] - text = text: null

2023-08-31 10:49:48 - [TEST_STEP][PASSED] - arrLastNameOri[i] = text: null

2023-08-31 10:49:48 - [TEST_STEP][PASSED] - arrLastNameSort[i] = text: null

2023-08-31 10:49:48 - [TEST_STEP][PASSED] - text = text: null

2023-08-31 10:49:48 - [TEST_STEP][PASSED] - arrLastNameOri[i] = text: null

2023-08-31 10:49:48 - [TEST_STEP][PASSED] - arrLastNameSort[i] = text: null

2023-08-31 10:49:48 - [TEST_STEP][PASSED] - println(arrLastNameOri): null

2023-08-31 10:49:48 - [TEST_STEP][PASSED] - println(arrLastNameSort): null

2023-08-31 10:49:48 - [TEST_STEP][PASSED] - Arrays.sort(arrLastNameSort): null

2023-08-31 10:49:48 - [TEST_STEP][PASSED] - assert arrLastNameOri == arrLastNameSort: null]]></system-out>
         <system-err><![CDATA[]]></system-err>
      </testcase>
      <testcase name="Test Cases/Products/TC-Product-Sort-002" time="10.033" classname="Test Cases/Products/TC-Product-Sort-002" status="PASSED">
         <system-out><![CDATA[2023-08-31 10:49:48 - [TEST_CASE][PASSED] - Test Cases/Products/TC-Product-Sort-002: Test Cases/Products/TC-Product-Sort-002

2023-08-31 10:49:49 - [TEST_STEP][PASSED] - callTestCase(findTestCase("Products/TC-Product-Show-001"), [:], STOP_ON_FAILURE): Call Test Case 'Test Cases/Products/TC-Product-Show-001' successfully

2023-08-31 10:49:49 - [TEST_CASE][PASSED] - Test Cases/Products/TC-Product-Show-001: Test Cases/Products/TC-Product-Show-001

2023-08-31 10:49:49 - [TEST_STEP][PASSED] - callTestCase(findTestCase("Login/TC-Login-Success-001"), [:], STOP_ON_FAILURE): Call Test Case 'Test Cases/Login/TC-Login-Success-001' successfully

2023-08-31 10:49:49 - [TEST_CASE][PASSED] - Test Cases/Login/TC-Login-Success-001: Test Cases/Login/TC-Login-Success-001

2023-08-31 10:49:49 - [TEST_STEP][PASSED] - openBrowser("https://www.saucedemo.com/"): Browser is opened with url: 'https://www.saucedemo.com/'

2023-08-31 10:49:49 - [MESSAGE][WARNING] - A browser is already opened. Closing browser and opening a new one

2023-08-31 10:49:49 - [MESSAGE][INFO] - Starting 'Edge Chromium' driver

2023-08-31 10:49:52 - [MESSAGE][INFO] - Action delay is set to 0 milliseconds

2023-08-31 10:49:54 - [MESSAGE][PASSED] - Browser is opened with url: 'https://www.saucedemo.com/'

2023-08-31 10:49:54 - [TEST_STEP][PASSED] - setText(findTestObject("Login/input username"), "standard_user"): Text 'standard_user' is set on object 'Object Repository/Login/input username'

2023-08-31 10:49:55 - [MESSAGE][PASSED] - Text 'standard_user' is set on object 'Object Repository/Login/input username'

2023-08-31 10:49:55 - [TEST_STEP][PASSED] - setText(findTestObject("Login/input password"), "secret_sauce"): Text 'secret_sauce' is set on object 'Object Repository/Login/input password'

2023-08-31 10:49:56 - [MESSAGE][PASSED] - Text 'secret_sauce' is set on object 'Object Repository/Login/input password'

2023-08-31 10:49:56 - [TEST_STEP][PASSED] - click(findTestObject("Login/login-button")): Object: 'Object Repository/Login/login-button' is clicked on

2023-08-31 10:49:56 - [MESSAGE][PASSED] - Object: 'Object Repository/Login/login-button' is clicked on

2023-08-31 10:49:56 - [TEST_STEP][PASSED] - verifyElementPresent(findTestObject("Login/tittle Swag Labs"), 0): Object 'Object Repository/Login/tittle Swag Labs' is present

2023-08-31 10:49:56 - [MESSAGE][WARNING] - Timeout '0' is invalid. Using default page load timeout: '30'

2023-08-31 10:49:57 - [MESSAGE][PASSED] - Object 'Object Repository/Login/tittle Swag Labs' is present

2023-08-31 10:49:57 - [MESSAGE][PASSED] - Call Test Case 'Test Cases/Login/TC-Login-Success-001' successfully

2023-08-31 10:49:57 - [MESSAGE][PASSED] - Call Test Case 'Test Cases/Products/TC-Product-Show-001' successfully

2023-08-31 10:49:57 - [TEST_STEP][PASSED] - selectOptionByValue(findTestObject("Products/select_Name (A to Z)Name (Z to A)Price (low to high)Price (high to low)"), "za", false): All options with value 'za' are selected in object 'Object Repository/Products/select_Name (A to Z)Name (Z to A)Price (low to high)Price (high to low)' 

2023-08-31 10:49:58 - [MESSAGE][PASSED] - All options with value 'za' are selected in object 'Object Repository/Products/select_Name (A to Z)Name (Z to A)Price (low to high)Price (high to low)' 

2023-08-31 10:49:58 - [TEST_STEP][PASSED] - dataList = findWebElements(findTestObject("Object Repository/Products/Sorting/Sorting Nama products"), 10): null

2023-08-31 10:49:58 - [TEST_STEP][PASSED] - arrLastNameOri = []: null

2023-08-31 10:49:58 - [TEST_STEP][PASSED] - arrLastNameSort = []: null

2023-08-31 10:49:58 - [TEST_STEP][PASSED] - for ([i = 0, i < dataList.size(), (i++)]): null

2023-08-31 10:49:58 - [TEST_STEP][PASSED] - text = text: null

2023-08-31 10:49:58 - [TEST_STEP][PASSED] - arrLastNameOri[i] = text: null

2023-08-31 10:49:58 - [TEST_STEP][PASSED] - arrLastNameSort[i] = text: null

2023-08-31 10:49:58 - [TEST_STEP][PASSED] - text = text: null

2023-08-31 10:49:58 - [TEST_STEP][PASSED] - arrLastNameOri[i] = text: null

2023-08-31 10:49:58 - [TEST_STEP][PASSED] - arrLastNameSort[i] = text: null

2023-08-31 10:49:58 - [TEST_STEP][PASSED] - text = text: null

2023-08-31 10:49:58 - [TEST_STEP][PASSED] - arrLastNameOri[i] = text: null

2023-08-31 10:49:58 - [TEST_STEP][PASSED] - arrLastNameSort[i] = text: null

2023-08-31 10:49:58 - [TEST_STEP][PASSED] - text = text: null

2023-08-31 10:49:58 - [TEST_STEP][PASSED] - arrLastNameOri[i] = text: null

2023-08-31 10:49:58 - [TEST_STEP][PASSED] - arrLastNameSort[i] = text: null

2023-08-31 10:49:58 - [TEST_STEP][PASSED] - text = text: null

2023-08-31 10:49:58 - [TEST_STEP][PASSED] - arrLastNameOri[i] = text: null

2023-08-31 10:49:58 - [TEST_STEP][PASSED] - arrLastNameSort[i] = text: null

2023-08-31 10:49:58 - [TEST_STEP][PASSED] - text = text: null

2023-08-31 10:49:58 - [TEST_STEP][PASSED] - arrLastNameOri[i] = text: null

2023-08-31 10:49:58 - [TEST_STEP][PASSED] - arrLastNameSort[i] = text: null

2023-08-31 10:49:58 - [TEST_STEP][PASSED] - println(arrLastNameOri): null

2023-08-31 10:49:58 - [TEST_STEP][PASSED] - println(arrLastNameSort): null

2023-08-31 10:49:58 - [TEST_STEP][PASSED] - Arrays.sort(arrLastNameSort, Collections.reverseOrder()): null

2023-08-31 10:49:58 - [TEST_STEP][PASSED] - assert arrLastNameOri == arrLastNameSort: null]]></system-out>
         <system-err><![CDATA[]]></system-err>
      </testcase>
      <testcase name="Test Cases/Products/TC-Product-Sort-003" time="11.784" classname="Test Cases/Products/TC-Product-Sort-003" status="PASSED">
         <system-out><![CDATA[2023-08-31 10:49:58 - [TEST_CASE][PASSED] - Test Cases/Products/TC-Product-Sort-003: Test Cases/Products/TC-Product-Sort-003

2023-08-31 10:49:59 - [TEST_STEP][PASSED] - callTestCase(findTestCase("Products/TC-Product-Show-001"), [:], STOP_ON_FAILURE): Call Test Case 'Test Cases/Products/TC-Product-Show-001' successfully

2023-08-31 10:49:59 - [TEST_CASE][PASSED] - Test Cases/Products/TC-Product-Show-001: Test Cases/Products/TC-Product-Show-001

2023-08-31 10:49:59 - [TEST_STEP][PASSED] - callTestCase(findTestCase("Login/TC-Login-Success-001"), [:], STOP_ON_FAILURE): Call Test Case 'Test Cases/Login/TC-Login-Success-001' successfully

2023-08-31 10:49:59 - [TEST_CASE][PASSED] - Test Cases/Login/TC-Login-Success-001: Test Cases/Login/TC-Login-Success-001

2023-08-31 10:49:59 - [TEST_STEP][PASSED] - openBrowser("https://www.saucedemo.com/"): Browser is opened with url: 'https://www.saucedemo.com/'

2023-08-31 10:49:59 - [MESSAGE][WARNING] - A browser is already opened. Closing browser and opening a new one

2023-08-31 10:49:59 - [MESSAGE][INFO] - Starting 'Edge Chromium' driver

2023-08-31 10:50:02 - [MESSAGE][INFO] - Action delay is set to 0 milliseconds

2023-08-31 10:50:06 - [MESSAGE][PASSED] - Browser is opened with url: 'https://www.saucedemo.com/'

2023-08-31 10:50:06 - [TEST_STEP][PASSED] - setText(findTestObject("Login/input username"), "standard_user"): Text 'standard_user' is set on object 'Object Repository/Login/input username'

2023-08-31 10:50:07 - [MESSAGE][PASSED] - Text 'standard_user' is set on object 'Object Repository/Login/input username'

2023-08-31 10:50:07 - [TEST_STEP][PASSED] - setText(findTestObject("Login/input password"), "secret_sauce"): Text 'secret_sauce' is set on object 'Object Repository/Login/input password'

2023-08-31 10:50:08 - [MESSAGE][PASSED] - Text 'secret_sauce' is set on object 'Object Repository/Login/input password'

2023-08-31 10:50:08 - [TEST_STEP][PASSED] - click(findTestObject("Login/login-button")): Object: 'Object Repository/Login/login-button' is clicked on

2023-08-31 10:50:08 - [MESSAGE][PASSED] - Object: 'Object Repository/Login/login-button' is clicked on

2023-08-31 10:50:08 - [TEST_STEP][PASSED] - verifyElementPresent(findTestObject("Login/tittle Swag Labs"), 0): Object 'Object Repository/Login/tittle Swag Labs' is present

2023-08-31 10:50:08 - [MESSAGE][WARNING] - Timeout '0' is invalid. Using default page load timeout: '30'

2023-08-31 10:50:09 - [MESSAGE][PASSED] - Object 'Object Repository/Login/tittle Swag Labs' is present

2023-08-31 10:50:09 - [MESSAGE][PASSED] - Call Test Case 'Test Cases/Login/TC-Login-Success-001' successfully

2023-08-31 10:50:09 - [MESSAGE][PASSED] - Call Test Case 'Test Cases/Products/TC-Product-Show-001' successfully

2023-08-31 10:50:09 - [TEST_STEP][PASSED] - selectOptionByValue(findTestObject("Products/select_Name (A to Z)Name (Z to A)Price (low to high)Price (high to low)"), "lohi", false): All options with value 'lohi' are selected in object 'Object Repository/Products/select_Name (A to Z)Name (Z to A)Price (low to high)Price (high to low)' 

2023-08-31 10:50:09 - [MESSAGE][PASSED] - All options with value 'lohi' are selected in object 'Object Repository/Products/select_Name (A to Z)Name (Z to A)Price (low to high)Price (high to low)' 

2023-08-31 10:50:09 - [TEST_STEP][PASSED] - dataList = findWebElements(findTestObject("Object Repository/Products/Sorting/Sorting harga"), 10): null

2023-08-31 10:50:10 - [TEST_STEP][PASSED] - arrHargaOri = []: null

2023-08-31 10:50:10 - [TEST_STEP][PASSED] - arrHargaSort = []: null

2023-08-31 10:50:10 - [TEST_STEP][PASSED] - for ([i = 0, i < dataList.size(), (i++)]): null

2023-08-31 10:50:10 - [TEST_STEP][PASSED] - text = text.replace("$", ""): null

2023-08-31 10:50:10 - [TEST_STEP][PASSED] - hasil = Double.valueOf(text): null

2023-08-31 10:50:10 - [TEST_STEP][PASSED] - arrHargaOri[i] = hasil: null

2023-08-31 10:50:10 - [TEST_STEP][PASSED] - arrHargaSort[i] = hasil: null

2023-08-31 10:50:10 - [TEST_STEP][PASSED] - text = text.replace("$", ""): null

2023-08-31 10:50:10 - [TEST_STEP][PASSED] - hasil = Double.valueOf(text): null

2023-08-31 10:50:10 - [TEST_STEP][PASSED] - arrHargaOri[i] = hasil: null

2023-08-31 10:50:10 - [TEST_STEP][PASSED] - arrHargaSort[i] = hasil: null

2023-08-31 10:50:10 - [TEST_STEP][PASSED] - text = text.replace("$", ""): null

2023-08-31 10:50:10 - [TEST_STEP][PASSED] - hasil = Double.valueOf(text): null

2023-08-31 10:50:10 - [TEST_STEP][PASSED] - arrHargaOri[i] = hasil: null

2023-08-31 10:50:10 - [TEST_STEP][PASSED] - arrHargaSort[i] = hasil: null

2023-08-31 10:50:10 - [TEST_STEP][PASSED] - text = text.replace("$", ""): null

2023-08-31 10:50:10 - [TEST_STEP][PASSED] - hasil = Double.valueOf(text): null

2023-08-31 10:50:10 - [TEST_STEP][PASSED] - arrHargaOri[i] = hasil: null

2023-08-31 10:50:10 - [TEST_STEP][PASSED] - arrHargaSort[i] = hasil: null

2023-08-31 10:50:10 - [TEST_STEP][PASSED] - text = text.replace("$", ""): null

2023-08-31 10:50:10 - [TEST_STEP][PASSED] - hasil = Double.valueOf(text): null

2023-08-31 10:50:10 - [TEST_STEP][PASSED] - arrHargaOri[i] = hasil: null

2023-08-31 10:50:10 - [TEST_STEP][PASSED] - arrHargaSort[i] = hasil: null

2023-08-31 10:50:10 - [TEST_STEP][PASSED] - text = text.replace("$", ""): null

2023-08-31 10:50:10 - [TEST_STEP][PASSED] - hasil = Double.valueOf(text): null

2023-08-31 10:50:10 - [TEST_STEP][PASSED] - arrHargaOri[i] = hasil: null

2023-08-31 10:50:10 - [TEST_STEP][PASSED] - arrHargaSort[i] = hasil: null

2023-08-31 10:50:10 - [TEST_STEP][PASSED] - println(arrHargaOri): null

2023-08-31 10:50:10 - [TEST_STEP][PASSED] - println(arrHargaSort): null

2023-08-31 10:50:10 - [TEST_STEP][PASSED] - Arrays.sort(arrHargaSort): null

2023-08-31 10:50:10 - [TEST_STEP][PASSED] - assert arrHargaOri == arrHargaSort: null]]></system-out>
         <system-err><![CDATA[]]></system-err>
      </testcase>
      <testcase name="Test Cases/Products/TC-Product-Sort-004" time="10.265" classname="Test Cases/Products/TC-Product-Sort-004" status="PASSED">
         <system-out><![CDATA[2023-08-31 10:50:10 - [TEST_CASE][PASSED] - Test Cases/Products/TC-Product-Sort-004: Test Cases/Products/TC-Product-Sort-004

2023-08-31 10:50:10 - [TEST_STEP][PASSED] - callTestCase(findTestCase("Products/TC-Product-Show-001"), [:], STOP_ON_FAILURE): Call Test Case 'Test Cases/Products/TC-Product-Show-001' successfully

2023-08-31 10:50:10 - [TEST_CASE][PASSED] - Test Cases/Products/TC-Product-Show-001: Test Cases/Products/TC-Product-Show-001

2023-08-31 10:50:10 - [TEST_STEP][PASSED] - callTestCase(findTestCase("Login/TC-Login-Success-001"), [:], STOP_ON_FAILURE): Call Test Case 'Test Cases/Login/TC-Login-Success-001' successfully

2023-08-31 10:50:10 - [TEST_CASE][PASSED] - Test Cases/Login/TC-Login-Success-001: Test Cases/Login/TC-Login-Success-001

2023-08-31 10:50:10 - [TEST_STEP][PASSED] - openBrowser("https://www.saucedemo.com/"): Browser is opened with url: 'https://www.saucedemo.com/'

2023-08-31 10:50:10 - [MESSAGE][WARNING] - A browser is already opened. Closing browser and opening a new one

2023-08-31 10:50:11 - [MESSAGE][INFO] - Starting 'Edge Chromium' driver

2023-08-31 10:50:13 - [MESSAGE][INFO] - Action delay is set to 0 milliseconds

2023-08-31 10:50:16 - [MESSAGE][PASSED] - Browser is opened with url: 'https://www.saucedemo.com/'

2023-08-31 10:50:16 - [TEST_STEP][PASSED] - setText(findTestObject("Login/input username"), "standard_user"): Text 'standard_user' is set on object 'Object Repository/Login/input username'

2023-08-31 10:50:17 - [MESSAGE][PASSED] - Text 'standard_user' is set on object 'Object Repository/Login/input username'

2023-08-31 10:50:17 - [TEST_STEP][PASSED] - setText(findTestObject("Login/input password"), "secret_sauce"): Text 'secret_sauce' is set on object 'Object Repository/Login/input password'

2023-08-31 10:50:18 - [MESSAGE][PASSED] - Text 'secret_sauce' is set on object 'Object Repository/Login/input password'

2023-08-31 10:50:18 - [TEST_STEP][PASSED] - click(findTestObject("Login/login-button")): Object: 'Object Repository/Login/login-button' is clicked on

2023-08-31 10:50:18 - [MESSAGE][PASSED] - Object: 'Object Repository/Login/login-button' is clicked on

2023-08-31 10:50:18 - [TEST_STEP][PASSED] - verifyElementPresent(findTestObject("Login/tittle Swag Labs"), 0): Object 'Object Repository/Login/tittle Swag Labs' is present

2023-08-31 10:50:18 - [MESSAGE][WARNING] - Timeout '0' is invalid. Using default page load timeout: '30'

2023-08-31 10:50:19 - [MESSAGE][PASSED] - Object 'Object Repository/Login/tittle Swag Labs' is present

2023-08-31 10:50:19 - [MESSAGE][PASSED] - Call Test Case 'Test Cases/Login/TC-Login-Success-001' successfully

2023-08-31 10:50:19 - [MESSAGE][PASSED] - Call Test Case 'Test Cases/Products/TC-Product-Show-001' successfully

2023-08-31 10:50:19 - [TEST_STEP][PASSED] - selectOptionByValue(findTestObject("Products/select_Name (A to Z)Name (Z to A)Price (low to high)Price (high to low)"), "hilo", false): All options with value 'hilo' are selected in object 'Object Repository/Products/select_Name (A to Z)Name (Z to A)Price (low to high)Price (high to low)' 

2023-08-31 10:50:20 - [MESSAGE][PASSED] - All options with value 'hilo' are selected in object 'Object Repository/Products/select_Name (A to Z)Name (Z to A)Price (low to high)Price (high to low)' 

2023-08-31 10:50:20 - [TEST_STEP][PASSED] - dataList = findWebElements(findTestObject("Object Repository/Products/Sorting/Sorting harga"), 10): null

2023-08-31 10:50:20 - [TEST_STEP][PASSED] - arrHargaOri = []: null

2023-08-31 10:50:20 - [TEST_STEP][PASSED] - arrHargaSort = []: null

2023-08-31 10:50:20 - [TEST_STEP][PASSED] - for ([i = 0, i < dataList.size(), (i++)]): null

2023-08-31 10:50:20 - [TEST_STEP][PASSED] - text = text.replace("$", ""): null

2023-08-31 10:50:20 - [TEST_STEP][PASSED] - hasil = Double.valueOf(text): null

2023-08-31 10:50:20 - [TEST_STEP][PASSED] - arrHargaOri[i] = hasil: null

2023-08-31 10:50:20 - [TEST_STEP][PASSED] - arrHargaSort[i] = hasil: null

2023-08-31 10:50:20 - [TEST_STEP][PASSED] - text = text.replace("$", ""): null

2023-08-31 10:50:20 - [TEST_STEP][PASSED] - hasil = Double.valueOf(text): null

2023-08-31 10:50:20 - [TEST_STEP][PASSED] - arrHargaOri[i] = hasil: null

2023-08-31 10:50:20 - [TEST_STEP][PASSED] - arrHargaSort[i] = hasil: null

2023-08-31 10:50:20 - [TEST_STEP][PASSED] - text = text.replace("$", ""): null

2023-08-31 10:50:20 - [TEST_STEP][PASSED] - hasil = Double.valueOf(text): null

2023-08-31 10:50:20 - [TEST_STEP][PASSED] - arrHargaOri[i] = hasil: null

2023-08-31 10:50:20 - [TEST_STEP][PASSED] - arrHargaSort[i] = hasil: null

2023-08-31 10:50:20 - [TEST_STEP][PASSED] - text = text.replace("$", ""): null

2023-08-31 10:50:20 - [TEST_STEP][PASSED] - hasil = Double.valueOf(text): null

2023-08-31 10:50:20 - [TEST_STEP][PASSED] - arrHargaOri[i] = hasil: null

2023-08-31 10:50:20 - [TEST_STEP][PASSED] - arrHargaSort[i] = hasil: null

2023-08-31 10:50:20 - [TEST_STEP][PASSED] - text = text.replace("$", ""): null

2023-08-31 10:50:20 - [TEST_STEP][PASSED] - hasil = Double.valueOf(text): null

2023-08-31 10:50:20 - [TEST_STEP][PASSED] - arrHargaOri[i] = hasil: null

2023-08-31 10:50:20 - [TEST_STEP][PASSED] - arrHargaSort[i] = hasil: null

2023-08-31 10:50:20 - [TEST_STEP][PASSED] - text = text.replace("$", ""): null

2023-08-31 10:50:20 - [TEST_STEP][PASSED] - hasil = Double.valueOf(text): null

2023-08-31 10:50:20 - [TEST_STEP][PASSED] - arrHargaOri[i] = hasil: null

2023-08-31 10:50:20 - [TEST_STEP][PASSED] - arrHargaSort[i] = hasil: null

2023-08-31 10:50:20 - [TEST_STEP][PASSED] - println(arrHargaOri): null

2023-08-31 10:50:20 - [TEST_STEP][PASSED] - println(arrHargaSort): null

2023-08-31 10:50:20 - [TEST_STEP][PASSED] - Arrays.sort(arrHargaSort, Collections.reverseOrder()): null

2023-08-31 10:50:20 - [TEST_STEP][PASSED] - assert arrHargaOri == arrHargaSort: null]]></system-out>
         <system-err><![CDATA[]]></system-err>
      </testcase>
      <testcase name="Test Cases/Detail Products/TC-DetailProduct-AddCart-001" time="12.546" classname="Test Cases/Detail Products/TC-DetailProduct-AddCart-001" status="PASSED">
         <system-out><![CDATA[2023-08-31 10:50:20 - [TEST_CASE][PASSED] - Test Cases/Detail Products/TC-DetailProduct-AddCart-001: Test Cases/Detail Products/TC-DetailProduct-AddCart-001

2023-08-31 10:50:21 - [TEST_STEP][PASSED] - callTestCase(findTestCase("Detail Products/TC-DetailProduct-Show-001"), [:], STOP_ON_FAILURE): Call Test Case 'Test Cases/Detail Products/TC-DetailProduct-Show-001' successfully

2023-08-31 10:50:21 - [TEST_CASE][PASSED] - Test Cases/Detail Products/TC-DetailProduct-Show-001: Test Cases/Detail Products/TC-DetailProduct-Show-001

2023-08-31 10:50:21 - [TEST_STEP][PASSED] - callTestCase(findTestCase("Login/TC-Login-Success-001"), [:], STOP_ON_FAILURE): Call Test Case 'Test Cases/Login/TC-Login-Success-001' successfully

2023-08-31 10:50:21 - [TEST_CASE][PASSED] - Test Cases/Login/TC-Login-Success-001: Test Cases/Login/TC-Login-Success-001

2023-08-31 10:50:21 - [TEST_STEP][PASSED] - openBrowser("https://www.saucedemo.com/"): Browser is opened with url: 'https://www.saucedemo.com/'

2023-08-31 10:50:21 - [MESSAGE][WARNING] - A browser is already opened. Closing browser and opening a new one

2023-08-31 10:50:22 - [MESSAGE][INFO] - Starting 'Edge Chromium' driver

2023-08-31 10:50:24 - [MESSAGE][INFO] - Action delay is set to 0 milliseconds

2023-08-31 10:50:27 - [MESSAGE][PASSED] - Browser is opened with url: 'https://www.saucedemo.com/'

2023-08-31 10:50:27 - [TEST_STEP][PASSED] - setText(findTestObject("Login/input username"), "standard_user"): Text 'standard_user' is set on object 'Object Repository/Login/input username'

2023-08-31 10:50:27 - [MESSAGE][PASSED] - Text 'standard_user' is set on object 'Object Repository/Login/input username'

2023-08-31 10:50:27 - [TEST_STEP][PASSED] - setText(findTestObject("Login/input password"), "secret_sauce"): Text 'secret_sauce' is set on object 'Object Repository/Login/input password'

2023-08-31 10:50:28 - [MESSAGE][PASSED] - Text 'secret_sauce' is set on object 'Object Repository/Login/input password'

2023-08-31 10:50:28 - [TEST_STEP][PASSED] - click(findTestObject("Login/login-button")): Object: 'Object Repository/Login/login-button' is clicked on

2023-08-31 10:50:29 - [MESSAGE][PASSED] - Object: 'Object Repository/Login/login-button' is clicked on

2023-08-31 10:50:29 - [TEST_STEP][PASSED] - verifyElementPresent(findTestObject("Login/tittle Swag Labs"), 0): Object 'Object Repository/Login/tittle Swag Labs' is present

2023-08-31 10:50:29 - [MESSAGE][WARNING] - Timeout '0' is invalid. Using default page load timeout: '30'

2023-08-31 10:50:29 - [MESSAGE][PASSED] - Object 'Object Repository/Login/tittle Swag Labs' is present

2023-08-31 10:50:29 - [MESSAGE][PASSED] - Call Test Case 'Test Cases/Login/TC-Login-Success-001' successfully

2023-08-31 10:50:29 - [TEST_STEP][PASSED] - name_produk1 = getText(findTestObject("Name Products/Nama Barang Sauce Labs Backpack")): Text of object 'Object Repository/Name Products/Nama Barang Sauce Labs Backpack' is: 'Sauce Labs Backpack'

2023-08-31 10:50:30 - [MESSAGE][PASSED] - Text of object 'Object Repository/Name Products/Nama Barang Sauce Labs Backpack' is: 'Sauce Labs Backpack'

2023-08-31 10:50:30 - [TEST_STEP][PASSED] - deskripsi_produk1 = getText(findTestObject("Name Products/Deskripsi Barang")): Text of object 'Object Repository/Name Products/Deskripsi Barang' is: 'carry.allTheThings() with the sleek, streamlined Sly Pack that melds uncompromising style with unequaled laptop and tablet protection.'

2023-08-31 10:50:30 - [MESSAGE][PASSED] - Text of object 'Object Repository/Name Products/Deskripsi Barang' is: 'carry.allTheThings() with the sleek, streamlined Sly Pack that melds uncompromising style with unequaled laptop and tablet protection.'

2023-08-31 10:50:30 - [TEST_STEP][PASSED] - harga_produk1 = getText(findTestObject("Name Products/Harga Barang")): Text of object 'Object Repository/Name Products/Harga Barang' is: '$29.99'

2023-08-31 10:50:30 - [MESSAGE][PASSED] - Text of object 'Object Repository/Name Products/Harga Barang' is: '$29.99'

2023-08-31 10:50:30 - [TEST_STEP][PASSED] - click(findTestObject("Products/div_Sauce Labs Backpack")): Object: 'Object Repository/Products/div_Sauce Labs Backpack' is clicked on

2023-08-31 10:50:31 - [MESSAGE][PASSED] - Object: 'Object Repository/Products/div_Sauce Labs Backpack' is clicked on

2023-08-31 10:50:31 - [TEST_STEP][PASSED] - name_produk2 = getText(findTestObject("Name Detail Products/Nama Barang Sauce Labs Backpack")): Text of object 'Object Repository/Name Detail Products/Nama Barang Sauce Labs Backpack' is: 'Sauce Labs Backpack'

2023-08-31 10:50:31 - [MESSAGE][PASSED] - Text of object 'Object Repository/Name Detail Products/Nama Barang Sauce Labs Backpack' is: 'Sauce Labs Backpack'

2023-08-31 10:50:31 - [TEST_STEP][PASSED] - deskripsi_produk2 = getText(findTestObject("Name Detail Products/Deskripsi")): Text of object 'Object Repository/Name Detail Products/Deskripsi' is: 'carry.allTheThings() with the sleek, streamlined Sly Pack that melds uncompromising style with unequaled laptop and tablet protection.'

2023-08-31 10:50:32 - [MESSAGE][PASSED] - Text of object 'Object Repository/Name Detail Products/Deskripsi' is: 'carry.allTheThings() with the sleek, streamlined Sly Pack that melds uncompromising style with unequaled laptop and tablet protection.'

2023-08-31 10:50:32 - [TEST_STEP][PASSED] - harga_produk2 = getText(findTestObject("Name Detail Products/Harga Barang")): Text of object 'Object Repository/Name Detail Products/Harga Barang' is: '$29.99'

2023-08-31 10:50:32 - [MESSAGE][PASSED] - Text of object 'Object Repository/Name Detail Products/Harga Barang' is: '$29.99'

2023-08-31 10:50:32 - [TEST_STEP][PASSED] - verifyMatch(name_produk2, name_produk1, false): Actual text 'Sauce Labs Backpack' and expected text 'Sauce Labs Backpack' are matched 

2023-08-31 10:50:32 - [MESSAGE][PASSED] - Actual text 'Sauce Labs Backpack' and expected text 'Sauce Labs Backpack' are matched 

2023-08-31 10:50:32 - [TEST_STEP][PASSED] - verifyMatch(deskripsi_produk2, deskripsi_produk1, false): Actual text 'carry.allTheThings() with the sleek, streamlined Sly Pack that melds uncompromising style with unequaled laptop and tablet protection.' and expected text 'carry.allTheThings() with the sleek, streamlined Sly Pack that melds uncompromising style with unequaled laptop and tablet protection.' are matched 

2023-08-31 10:50:32 - [MESSAGE][PASSED] - Actual text 'carry.allTheThings() with the sleek, streamlined Sly Pack that melds uncompromising style with unequaled laptop and tablet protection.' and expected text 'carry.allTheThings() with the sleek, streamlined Sly Pack that melds uncompromising style with unequaled laptop and tablet protection.' are matched 

2023-08-31 10:50:32 - [TEST_STEP][PASSED] - verifyMatch(harga_produk2, harga_produk1, false): Actual text '$29.99' and expected text '$29.99' are matched 

2023-08-31 10:50:32 - [MESSAGE][PASSED] - Actual text '$29.99' and expected text '$29.99' are matched 

2023-08-31 10:50:32 - [MESSAGE][PASSED] - Call Test Case 'Test Cases/Detail Products/TC-DetailProduct-Show-001' successfully

2023-08-31 10:50:32 - [TEST_STEP][PASSED] - click(findTestObject("Products/button_Add to cart 1")): Object: 'Object Repository/Products/button_Add to cart 1' is clicked on

2023-08-31 10:50:32 - [MESSAGE][PASSED] - Object: 'Object Repository/Products/button_Add to cart 1' is clicked on

2023-08-31 10:50:32 - [TEST_STEP][PASSED] - verifyElementPresent(findTestObject("Keranjang/Notifikasi add cart 1"), 1): Object 'Object Repository/Keranjang/Notifikasi add cart 1' is present

2023-08-31 10:50:33 - [MESSAGE][PASSED] - Object 'Object Repository/Keranjang/Notifikasi add cart 1' is present]]></system-out>
         <system-err><![CDATA[]]></system-err>
      </testcase>
      <testcase name="Test Cases/Detail Products/TC-DetailProduct-Nav-001" time="10.917" classname="Test Cases/Detail Products/TC-DetailProduct-Nav-001" status="PASSED">
         <system-out><![CDATA[2023-08-31 10:50:33 - [TEST_CASE][PASSED] - Test Cases/Detail Products/TC-DetailProduct-Nav-001: Test Cases/Detail Products/TC-DetailProduct-Nav-001

2023-08-31 10:50:33 - [TEST_STEP][PASSED] - callTestCase(findTestCase("Detail Products/TC-DetailProduct-Show-001"), [:], STOP_ON_FAILURE): Call Test Case 'Test Cases/Detail Products/TC-DetailProduct-Show-001' successfully

2023-08-31 10:50:33 - [TEST_CASE][PASSED] - Test Cases/Detail Products/TC-DetailProduct-Show-001: Test Cases/Detail Products/TC-DetailProduct-Show-001

2023-08-31 10:50:33 - [TEST_STEP][PASSED] - callTestCase(findTestCase("Login/TC-Login-Success-001"), [:], STOP_ON_FAILURE): Call Test Case 'Test Cases/Login/TC-Login-Success-001' successfully

2023-08-31 10:50:33 - [TEST_CASE][PASSED] - Test Cases/Login/TC-Login-Success-001: Test Cases/Login/TC-Login-Success-001

2023-08-31 10:50:33 - [TEST_STEP][PASSED] - openBrowser("https://www.saucedemo.com/"): Browser is opened with url: 'https://www.saucedemo.com/'

2023-08-31 10:50:33 - [MESSAGE][WARNING] - A browser is already opened. Closing browser and opening a new one

2023-08-31 10:50:34 - [MESSAGE][INFO] - Starting 'Edge Chromium' driver

2023-08-31 10:50:36 - [MESSAGE][INFO] - Action delay is set to 0 milliseconds

2023-08-31 10:50:38 - [MESSAGE][PASSED] - Browser is opened with url: 'https://www.saucedemo.com/'

2023-08-31 10:50:38 - [TEST_STEP][PASSED] - setText(findTestObject("Login/input username"), "standard_user"): Text 'standard_user' is set on object 'Object Repository/Login/input username'

2023-08-31 10:50:38 - [MESSAGE][PASSED] - Text 'standard_user' is set on object 'Object Repository/Login/input username'

2023-08-31 10:50:38 - [TEST_STEP][PASSED] - setText(findTestObject("Login/input password"), "secret_sauce"): Text 'secret_sauce' is set on object 'Object Repository/Login/input password'

2023-08-31 10:50:39 - [MESSAGE][PASSED] - Text 'secret_sauce' is set on object 'Object Repository/Login/input password'

2023-08-31 10:50:39 - [TEST_STEP][PASSED] - click(findTestObject("Login/login-button")): Object: 'Object Repository/Login/login-button' is clicked on

2023-08-31 10:50:40 - [MESSAGE][PASSED] - Object: 'Object Repository/Login/login-button' is clicked on

2023-08-31 10:50:40 - [TEST_STEP][PASSED] - verifyElementPresent(findTestObject("Login/tittle Swag Labs"), 0): Object 'Object Repository/Login/tittle Swag Labs' is present

2023-08-31 10:50:40 - [MESSAGE][WARNING] - Timeout '0' is invalid. Using default page load timeout: '30'

2023-08-31 10:50:40 - [MESSAGE][PASSED] - Object 'Object Repository/Login/tittle Swag Labs' is present

2023-08-31 10:50:40 - [MESSAGE][PASSED] - Call Test Case 'Test Cases/Login/TC-Login-Success-001' successfully

2023-08-31 10:50:40 - [TEST_STEP][PASSED] - name_produk1 = getText(findTestObject("Name Products/Nama Barang Sauce Labs Backpack")): Text of object 'Object Repository/Name Products/Nama Barang Sauce Labs Backpack' is: 'Sauce Labs Backpack'

2023-08-31 10:50:41 - [MESSAGE][PASSED] - Text of object 'Object Repository/Name Products/Nama Barang Sauce Labs Backpack' is: 'Sauce Labs Backpack'

2023-08-31 10:50:41 - [TEST_STEP][PASSED] - deskripsi_produk1 = getText(findTestObject("Name Products/Deskripsi Barang")): Text of object 'Object Repository/Name Products/Deskripsi Barang' is: 'carry.allTheThings() with the sleek, streamlined Sly Pack that melds uncompromising style with unequaled laptop and tablet protection.'

2023-08-31 10:50:41 - [MESSAGE][PASSED] - Text of object 'Object Repository/Name Products/Deskripsi Barang' is: 'carry.allTheThings() with the sleek, streamlined Sly Pack that melds uncompromising style with unequaled laptop and tablet protection.'

2023-08-31 10:50:41 - [TEST_STEP][PASSED] - harga_produk1 = getText(findTestObject("Name Products/Harga Barang")): Text of object 'Object Repository/Name Products/Harga Barang' is: '$29.99'

2023-08-31 10:50:41 - [MESSAGE][PASSED] - Text of object 'Object Repository/Name Products/Harga Barang' is: '$29.99'

2023-08-31 10:50:41 - [TEST_STEP][PASSED] - click(findTestObject("Products/div_Sauce Labs Backpack")): Object: 'Object Repository/Products/div_Sauce Labs Backpack' is clicked on

2023-08-31 10:50:42 - [MESSAGE][PASSED] - Object: 'Object Repository/Products/div_Sauce Labs Backpack' is clicked on

2023-08-31 10:50:42 - [TEST_STEP][PASSED] - name_produk2 = getText(findTestObject("Name Detail Products/Nama Barang Sauce Labs Backpack")): Text of object 'Object Repository/Name Detail Products/Nama Barang Sauce Labs Backpack' is: 'Sauce Labs Backpack'

2023-08-31 10:50:42 - [MESSAGE][PASSED] - Text of object 'Object Repository/Name Detail Products/Nama Barang Sauce Labs Backpack' is: 'Sauce Labs Backpack'

2023-08-31 10:50:42 - [TEST_STEP][PASSED] - deskripsi_produk2 = getText(findTestObject("Name Detail Products/Deskripsi")): Text of object 'Object Repository/Name Detail Products/Deskripsi' is: 'carry.allTheThings() with the sleek, streamlined Sly Pack that melds uncompromising style with unequaled laptop and tablet protection.'

2023-08-31 10:50:43 - [MESSAGE][PASSED] - Text of object 'Object Repository/Name Detail Products/Deskripsi' is: 'carry.allTheThings() with the sleek, streamlined Sly Pack that melds uncompromising style with unequaled laptop and tablet protection.'

2023-08-31 10:50:43 - [TEST_STEP][PASSED] - harga_produk2 = getText(findTestObject("Name Detail Products/Harga Barang")): Text of object 'Object Repository/Name Detail Products/Harga Barang' is: '$29.99'

2023-08-31 10:50:43 - [MESSAGE][PASSED] - Text of object 'Object Repository/Name Detail Products/Harga Barang' is: '$29.99'

2023-08-31 10:50:43 - [TEST_STEP][PASSED] - verifyMatch(name_produk2, name_produk1, false): Actual text 'Sauce Labs Backpack' and expected text 'Sauce Labs Backpack' are matched 

2023-08-31 10:50:43 - [MESSAGE][PASSED] - Actual text 'Sauce Labs Backpack' and expected text 'Sauce Labs Backpack' are matched 

2023-08-31 10:50:43 - [TEST_STEP][PASSED] - verifyMatch(deskripsi_produk2, deskripsi_produk1, false): Actual text 'carry.allTheThings() with the sleek, streamlined Sly Pack that melds uncompromising style with unequaled laptop and tablet protection.' and expected text 'carry.allTheThings() with the sleek, streamlined Sly Pack that melds uncompromising style with unequaled laptop and tablet protection.' are matched 

2023-08-31 10:50:43 - [MESSAGE][PASSED] - Actual text 'carry.allTheThings() with the sleek, streamlined Sly Pack that melds uncompromising style with unequaled laptop and tablet protection.' and expected text 'carry.allTheThings() with the sleek, streamlined Sly Pack that melds uncompromising style with unequaled laptop and tablet protection.' are matched 

2023-08-31 10:50:43 - [TEST_STEP][PASSED] - verifyMatch(harga_produk2, harga_produk1, false): Actual text '$29.99' and expected text '$29.99' are matched 

2023-08-31 10:50:43 - [MESSAGE][PASSED] - Actual text '$29.99' and expected text '$29.99' are matched 

2023-08-31 10:50:43 - [MESSAGE][PASSED] - Call Test Case 'Test Cases/Detail Products/TC-DetailProduct-Show-001' successfully

2023-08-31 10:50:43 - [TEST_STEP][PASSED] - click(findTestObject("Products/button_Back to products")): Object: 'Object Repository/Products/button_Back to products' is clicked on

2023-08-31 10:50:43 - [MESSAGE][PASSED] - Object: 'Object Repository/Products/button_Back to products' is clicked on

2023-08-31 10:50:43 - [TEST_STEP][PASSED] - verifyElementPresent(findTestObject("Products/Title Products"), 0): Object 'Object Repository/Products/Title Products' is present

2023-08-31 10:50:43 - [MESSAGE][WARNING] - Timeout '0' is invalid. Using default page load timeout: '30'

2023-08-31 10:50:44 - [MESSAGE][PASSED] - Object 'Object Repository/Products/Title Products' is present]]></system-out>
         <system-err><![CDATA[]]></system-err>
      </testcase>
      <testcase name="Test Cases/Detail Products/TC-DetailProduct-RemoveCart-001" time="13.802" classname="Test Cases/Detail Products/TC-DetailProduct-RemoveCart-001" status="PASSED">
         <system-out><![CDATA[2023-08-31 10:50:44 - [TEST_CASE][PASSED] - Test Cases/Detail Products/TC-DetailProduct-RemoveCart-001: Test Cases/Detail Products/TC-DetailProduct-RemoveCart-001

2023-08-31 10:50:44 - [TEST_STEP][PASSED] - callTestCase(findTestCase("Detail Products/TC-DetailProduct-AddCart-001"), [:], STOP_ON_FAILURE): Call Test Case 'Test Cases/Detail Products/TC-DetailProduct-AddCart-001' successfully

2023-08-31 10:50:44 - [TEST_CASE][PASSED] - Test Cases/Detail Products/TC-DetailProduct-AddCart-001: Test Cases/Detail Products/TC-DetailProduct-AddCart-001

2023-08-31 10:50:44 - [TEST_STEP][PASSED] - callTestCase(findTestCase("Detail Products/TC-DetailProduct-Show-001"), [:], STOP_ON_FAILURE): Call Test Case 'Test Cases/Detail Products/TC-DetailProduct-Show-001' successfully

2023-08-31 10:50:44 - [TEST_CASE][PASSED] - Test Cases/Detail Products/TC-DetailProduct-Show-001: Test Cases/Detail Products/TC-DetailProduct-Show-001

2023-08-31 10:50:44 - [TEST_STEP][PASSED] - callTestCase(findTestCase("Login/TC-Login-Success-001"), [:], STOP_ON_FAILURE): Call Test Case 'Test Cases/Login/TC-Login-Success-001' successfully

2023-08-31 10:50:44 - [TEST_CASE][PASSED] - Test Cases/Login/TC-Login-Success-001: Test Cases/Login/TC-Login-Success-001

2023-08-31 10:50:44 - [TEST_STEP][PASSED] - openBrowser("https://www.saucedemo.com/"): Browser is opened with url: 'https://www.saucedemo.com/'

2023-08-31 10:50:44 - [MESSAGE][WARNING] - A browser is already opened. Closing browser and opening a new one

2023-08-31 10:50:45 - [MESSAGE][INFO] - Starting 'Edge Chromium' driver

2023-08-31 10:50:47 - [MESSAGE][INFO] - Action delay is set to 0 milliseconds

2023-08-31 10:50:50 - [MESSAGE][PASSED] - Browser is opened with url: 'https://www.saucedemo.com/'

2023-08-31 10:50:50 - [TEST_STEP][PASSED] - setText(findTestObject("Login/input username"), "standard_user"): Text 'standard_user' is set on object 'Object Repository/Login/input username'

2023-08-31 10:50:51 - [MESSAGE][PASSED] - Text 'standard_user' is set on object 'Object Repository/Login/input username'

2023-08-31 10:50:51 - [TEST_STEP][PASSED] - setText(findTestObject("Login/input password"), "secret_sauce"): Text 'secret_sauce' is set on object 'Object Repository/Login/input password'

2023-08-31 10:50:52 - [MESSAGE][PASSED] - Text 'secret_sauce' is set on object 'Object Repository/Login/input password'

2023-08-31 10:50:52 - [TEST_STEP][PASSED] - click(findTestObject("Login/login-button")): Object: 'Object Repository/Login/login-button' is clicked on

2023-08-31 10:50:52 - [MESSAGE][PASSED] - Object: 'Object Repository/Login/login-button' is clicked on

2023-08-31 10:50:52 - [TEST_STEP][PASSED] - verifyElementPresent(findTestObject("Login/tittle Swag Labs"), 0): Object 'Object Repository/Login/tittle Swag Labs' is present

2023-08-31 10:50:52 - [MESSAGE][WARNING] - Timeout '0' is invalid. Using default page load timeout: '30'

2023-08-31 10:50:53 - [MESSAGE][PASSED] - Object 'Object Repository/Login/tittle Swag Labs' is present

2023-08-31 10:50:53 - [MESSAGE][PASSED] - Call Test Case 'Test Cases/Login/TC-Login-Success-001' successfully

2023-08-31 10:50:53 - [TEST_STEP][PASSED] - name_produk1 = getText(findTestObject("Name Products/Nama Barang Sauce Labs Backpack")): Text of object 'Object Repository/Name Products/Nama Barang Sauce Labs Backpack' is: 'Sauce Labs Backpack'

2023-08-31 10:50:53 - [MESSAGE][PASSED] - Text of object 'Object Repository/Name Products/Nama Barang Sauce Labs Backpack' is: 'Sauce Labs Backpack'

2023-08-31 10:50:53 - [TEST_STEP][PASSED] - deskripsi_produk1 = getText(findTestObject("Name Products/Deskripsi Barang")): Text of object 'Object Repository/Name Products/Deskripsi Barang' is: 'carry.allTheThings() with the sleek, streamlined Sly Pack that melds uncompromising style with unequaled laptop and tablet protection.'

2023-08-31 10:50:54 - [MESSAGE][PASSED] - Text of object 'Object Repository/Name Products/Deskripsi Barang' is: 'carry.allTheThings() with the sleek, streamlined Sly Pack that melds uncompromising style with unequaled laptop and tablet protection.'

2023-08-31 10:50:54 - [TEST_STEP][PASSED] - harga_produk1 = getText(findTestObject("Name Products/Harga Barang")): Text of object 'Object Repository/Name Products/Harga Barang' is: '$29.99'

2023-08-31 10:50:54 - [MESSAGE][PASSED] - Text of object 'Object Repository/Name Products/Harga Barang' is: '$29.99'

2023-08-31 10:50:54 - [TEST_STEP][PASSED] - click(findTestObject("Products/div_Sauce Labs Backpack")): Object: 'Object Repository/Products/div_Sauce Labs Backpack' is clicked on

2023-08-31 10:50:55 - [MESSAGE][PASSED] - Object: 'Object Repository/Products/div_Sauce Labs Backpack' is clicked on

2023-08-31 10:50:55 - [TEST_STEP][PASSED] - name_produk2 = getText(findTestObject("Name Detail Products/Nama Barang Sauce Labs Backpack")): Text of object 'Object Repository/Name Detail Products/Nama Barang Sauce Labs Backpack' is: 'Sauce Labs Backpack'

2023-08-31 10:50:55 - [MESSAGE][PASSED] - Text of object 'Object Repository/Name Detail Products/Nama Barang Sauce Labs Backpack' is: 'Sauce Labs Backpack'

2023-08-31 10:50:55 - [TEST_STEP][PASSED] - deskripsi_produk2 = getText(findTestObject("Name Detail Products/Deskripsi")): Text of object 'Object Repository/Name Detail Products/Deskripsi' is: 'carry.allTheThings() with the sleek, streamlined Sly Pack that melds uncompromising style with unequaled laptop and tablet protection.'

2023-08-31 10:50:55 - [MESSAGE][PASSED] - Text of object 'Object Repository/Name Detail Products/Deskripsi' is: 'carry.allTheThings() with the sleek, streamlined Sly Pack that melds uncompromising style with unequaled laptop and tablet protection.'

2023-08-31 10:50:55 - [TEST_STEP][PASSED] - harga_produk2 = getText(findTestObject("Name Detail Products/Harga Barang")): Text of object 'Object Repository/Name Detail Products/Harga Barang' is: '$29.99'

2023-08-31 10:50:56 - [MESSAGE][PASSED] - Text of object 'Object Repository/Name Detail Products/Harga Barang' is: '$29.99'

2023-08-31 10:50:56 - [TEST_STEP][PASSED] - verifyMatch(name_produk2, name_produk1, false): Actual text 'Sauce Labs Backpack' and expected text 'Sauce Labs Backpack' are matched 

2023-08-31 10:50:56 - [MESSAGE][PASSED] - Actual text 'Sauce Labs Backpack' and expected text 'Sauce Labs Backpack' are matched 

2023-08-31 10:50:56 - [TEST_STEP][PASSED] - verifyMatch(deskripsi_produk2, deskripsi_produk1, false): Actual text 'carry.allTheThings() with the sleek, streamlined Sly Pack that melds uncompromising style with unequaled laptop and tablet protection.' and expected text 'carry.allTheThings() with the sleek, streamlined Sly Pack that melds uncompromising style with unequaled laptop and tablet protection.' are matched 

2023-08-31 10:50:56 - [MESSAGE][PASSED] - Actual text 'carry.allTheThings() with the sleek, streamlined Sly Pack that melds uncompromising style with unequaled laptop and tablet protection.' and expected text 'carry.allTheThings() with the sleek, streamlined Sly Pack that melds uncompromising style with unequaled laptop and tablet protection.' are matched 

2023-08-31 10:50:56 - [TEST_STEP][PASSED] - verifyMatch(harga_produk2, harga_produk1, false): Actual text '$29.99' and expected text '$29.99' are matched 

2023-08-31 10:50:56 - [MESSAGE][PASSED] - Actual text '$29.99' and expected text '$29.99' are matched 

2023-08-31 10:50:56 - [MESSAGE][PASSED] - Call Test Case 'Test Cases/Detail Products/TC-DetailProduct-Show-001' successfully

2023-08-31 10:50:56 - [TEST_STEP][PASSED] - click(findTestObject("Products/button_Add to cart 1")): Object: 'Object Repository/Products/button_Add to cart 1' is clicked on

2023-08-31 10:50:56 - [MESSAGE][PASSED] - Object: 'Object Repository/Products/button_Add to cart 1' is clicked on

2023-08-31 10:50:56 - [TEST_STEP][PASSED] - verifyElementPresent(findTestObject("Keranjang/Notifikasi add cart 1"), 1): Object 'Object Repository/Keranjang/Notifikasi add cart 1' is present

2023-08-31 10:50:57 - [MESSAGE][PASSED] - Object 'Object Repository/Keranjang/Notifikasi add cart 1' is present

2023-08-31 10:50:57 - [MESSAGE][PASSED] - Call Test Case 'Test Cases/Detail Products/TC-DetailProduct-AddCart-001' successfully

2023-08-31 10:50:57 - [TEST_STEP][PASSED] - click(findTestObject("Products/button_Remove")): Object: 'Object Repository/Products/button_Remove' is clicked on

2023-08-31 10:50:57 - [MESSAGE][PASSED] - Object: 'Object Repository/Products/button_Remove' is clicked on

2023-08-31 10:50:57 - [TEST_STEP][PASSED] - verifyElementNotPresent(findTestObject("Keranjang/Notifikasi add cart 1"), 0): Web element with id: 'Object Repository/Keranjang/Notifikasi add cart 1' located by 'By.xpath: //div[@id='shopping_cart_container']/a/span' is not present after '30' second(s)

2023-08-31 10:50:57 - [MESSAGE][WARNING] - Timeout '0' is invalid. Using default page load timeout: '30'

2023-08-31 10:50:58 - [MESSAGE][PASSED] - Web element with id: 'Object Repository/Keranjang/Notifikasi add cart 1' located by 'By.xpath: //div[@id='shopping_cart_container']/a/span' is not present after '30' second(s)]]></system-out>
         <system-err><![CDATA[]]></system-err>
      </testcase>
      <testcase name="Test Cases/Detail Products/TC-DetailProduct-Show-001" time="11.361" classname="Test Cases/Detail Products/TC-DetailProduct-Show-001" status="PASSED">
         <system-out><![CDATA[2023-08-31 10:50:58 - [TEST_CASE][PASSED] - Test Cases/Detail Products/TC-DetailProduct-Show-001: Test Cases/Detail Products/TC-DetailProduct-Show-001

2023-08-31 10:50:58 - [TEST_STEP][PASSED] - callTestCase(findTestCase("Login/TC-Login-Success-001"), [:], STOP_ON_FAILURE): Call Test Case 'Test Cases/Login/TC-Login-Success-001' successfully

2023-08-31 10:50:58 - [TEST_CASE][PASSED] - Test Cases/Login/TC-Login-Success-001: Test Cases/Login/TC-Login-Success-001

2023-08-31 10:50:58 - [TEST_STEP][PASSED] - openBrowser("https://www.saucedemo.com/"): Browser is opened with url: 'https://www.saucedemo.com/'

2023-08-31 10:50:58 - [MESSAGE][WARNING] - A browser is already opened. Closing browser and opening a new one

2023-08-31 10:50:58 - [MESSAGE][INFO] - Starting 'Edge Chromium' driver

2023-08-31 10:51:01 - [MESSAGE][INFO] - Action delay is set to 0 milliseconds

2023-08-31 10:51:03 - [MESSAGE][PASSED] - Browser is opened with url: 'https://www.saucedemo.com/'

2023-08-31 10:51:03 - [TEST_STEP][PASSED] - setText(findTestObject("Login/input username"), "standard_user"): Text 'standard_user' is set on object 'Object Repository/Login/input username'

2023-08-31 10:51:04 - [MESSAGE][PASSED] - Text 'standard_user' is set on object 'Object Repository/Login/input username'

2023-08-31 10:51:04 - [TEST_STEP][PASSED] - setText(findTestObject("Login/input password"), "secret_sauce"): Text 'secret_sauce' is set on object 'Object Repository/Login/input password'

2023-08-31 10:51:05 - [MESSAGE][PASSED] - Text 'secret_sauce' is set on object 'Object Repository/Login/input password'

2023-08-31 10:51:05 - [TEST_STEP][PASSED] - click(findTestObject("Login/login-button")): Object: 'Object Repository/Login/login-button' is clicked on

2023-08-31 10:51:05 - [MESSAGE][PASSED] - Object: 'Object Repository/Login/login-button' is clicked on

2023-08-31 10:51:05 - [TEST_STEP][PASSED] - verifyElementPresent(findTestObject("Login/tittle Swag Labs"), 0): Object 'Object Repository/Login/tittle Swag Labs' is present

2023-08-31 10:51:06 - [MESSAGE][WARNING] - Timeout '0' is invalid. Using default page load timeout: '30'

2023-08-31 10:51:06 - [MESSAGE][PASSED] - Object 'Object Repository/Login/tittle Swag Labs' is present

2023-08-31 10:51:06 - [MESSAGE][PASSED] - Call Test Case 'Test Cases/Login/TC-Login-Success-001' successfully

2023-08-31 10:51:06 - [TEST_STEP][PASSED] - name_produk1 = getText(findTestObject("Name Products/Nama Barang Sauce Labs Backpack")): Text of object 'Object Repository/Name Products/Nama Barang Sauce Labs Backpack' is: 'Sauce Labs Backpack'

2023-08-31 10:51:07 - [MESSAGE][PASSED] - Text of object 'Object Repository/Name Products/Nama Barang Sauce Labs Backpack' is: 'Sauce Labs Backpack'

2023-08-31 10:51:07 - [TEST_STEP][PASSED] - deskripsi_produk1 = getText(findTestObject("Name Products/Deskripsi Barang")): Text of object 'Object Repository/Name Products/Deskripsi Barang' is: 'carry.allTheThings() with the sleek, streamlined Sly Pack that melds uncompromising style with unequaled laptop and tablet protection.'

2023-08-31 10:51:07 - [MESSAGE][PASSED] - Text of object 'Object Repository/Name Products/Deskripsi Barang' is: 'carry.allTheThings() with the sleek, streamlined Sly Pack that melds uncompromising style with unequaled laptop and tablet protection.'

2023-08-31 10:51:07 - [TEST_STEP][PASSED] - harga_produk1 = getText(findTestObject("Name Products/Harga Barang")): Text of object 'Object Repository/Name Products/Harga Barang' is: '$29.99'

2023-08-31 10:51:07 - [MESSAGE][PASSED] - Text of object 'Object Repository/Name Products/Harga Barang' is: '$29.99'

2023-08-31 10:51:07 - [TEST_STEP][PASSED] - click(findTestObject("Products/div_Sauce Labs Backpack")): Object: 'Object Repository/Products/div_Sauce Labs Backpack' is clicked on

2023-08-31 10:51:08 - [MESSAGE][PASSED] - Object: 'Object Repository/Products/div_Sauce Labs Backpack' is clicked on

2023-08-31 10:51:08 - [TEST_STEP][PASSED] - name_produk2 = getText(findTestObject("Name Detail Products/Nama Barang Sauce Labs Backpack")): Text of object 'Object Repository/Name Detail Products/Nama Barang Sauce Labs Backpack' is: 'Sauce Labs Backpack'

2023-08-31 10:51:08 - [MESSAGE][PASSED] - Text of object 'Object Repository/Name Detail Products/Nama Barang Sauce Labs Backpack' is: 'Sauce Labs Backpack'

2023-08-31 10:51:08 - [TEST_STEP][PASSED] - deskripsi_produk2 = getText(findTestObject("Name Detail Products/Deskripsi")): Text of object 'Object Repository/Name Detail Products/Deskripsi' is: 'carry.allTheThings() with the sleek, streamlined Sly Pack that melds uncompromising style with unequaled laptop and tablet protection.'

2023-08-31 10:51:09 - [MESSAGE][PASSED] - Text of object 'Object Repository/Name Detail Products/Deskripsi' is: 'carry.allTheThings() with the sleek, streamlined Sly Pack that melds uncompromising style with unequaled laptop and tablet protection.'

2023-08-31 10:51:09 - [TEST_STEP][PASSED] - harga_produk2 = getText(findTestObject("Name Detail Products/Harga Barang")): Text of object 'Object Repository/Name Detail Products/Harga Barang' is: '$29.99'

2023-08-31 10:51:09 - [MESSAGE][PASSED] - Text of object 'Object Repository/Name Detail Products/Harga Barang' is: '$29.99'

2023-08-31 10:51:09 - [TEST_STEP][PASSED] - verifyMatch(name_produk2, name_produk1, false): Actual text 'Sauce Labs Backpack' and expected text 'Sauce Labs Backpack' are matched 

2023-08-31 10:51:09 - [MESSAGE][PASSED] - Actual text 'Sauce Labs Backpack' and expected text 'Sauce Labs Backpack' are matched 

2023-08-31 10:51:09 - [TEST_STEP][PASSED] - verifyMatch(deskripsi_produk2, deskripsi_produk1, false): Actual text 'carry.allTheThings() with the sleek, streamlined Sly Pack that melds uncompromising style with unequaled laptop and tablet protection.' and expected text 'carry.allTheThings() with the sleek, streamlined Sly Pack that melds uncompromising style with unequaled laptop and tablet protection.' are matched 

2023-08-31 10:51:09 - [MESSAGE][PASSED] - Actual text 'carry.allTheThings() with the sleek, streamlined Sly Pack that melds uncompromising style with unequaled laptop and tablet protection.' and expected text 'carry.allTheThings() with the sleek, streamlined Sly Pack that melds uncompromising style with unequaled laptop and tablet protection.' are matched 

2023-08-31 10:51:09 - [TEST_STEP][PASSED] - verifyMatch(harga_produk2, harga_produk1, false): Actual text '$29.99' and expected text '$29.99' are matched 

2023-08-31 10:51:09 - [MESSAGE][PASSED] - Actual text '$29.99' and expected text '$29.99' are matched]]></system-out>
         <system-err><![CDATA[]]></system-err>
      </testcase>
      <testcase name="Test Cases/Keranjang/TC-Cart-Nav-001" time="13.224" classname="Test Cases/Keranjang/TC-Cart-Nav-001" status="PASSED">
         <system-out><![CDATA[2023-08-31 10:51:09 - [TEST_CASE][PASSED] - Test Cases/Keranjang/TC-Cart-Nav-001: Test Cases/Keranjang/TC-Cart-Nav-001

2023-08-31 10:51:09 - [TEST_STEP][PASSED] - callTestCase(findTestCase("Keranjang/TC-Cart-Show-002"), [:], STOP_ON_FAILURE): Call Test Case 'Test Cases/Keranjang/TC-Cart-Show-002' successfully

2023-08-31 10:51:09 - [TEST_CASE][PASSED] - Test Cases/Keranjang/TC-Cart-Show-002: Test Cases/Keranjang/TC-Cart-Show-002

2023-08-31 10:51:10 - [TEST_STEP][PASSED] - data = callTestCase(findTestCase("Products/TC-Product-AddCart-001"), [:], STOP_ON_FAILURE): Call Test Case 'Test Cases/Products/TC-Product-AddCart-001' successfully

2023-08-31 10:51:10 - [TEST_CASE][PASSED] - Test Cases/Products/TC-Product-AddCart-001: Test Cases/Products/TC-Product-AddCart-001

2023-08-31 10:51:10 - [TEST_STEP][PASSED] - callTestCase(findTestCase("Products/TC-Product-Show-001"), [:], STOP_ON_FAILURE): Call Test Case 'Test Cases/Products/TC-Product-Show-001' successfully

2023-08-31 10:51:10 - [TEST_CASE][PASSED] - Test Cases/Products/TC-Product-Show-001: Test Cases/Products/TC-Product-Show-001

2023-08-31 10:51:10 - [TEST_STEP][PASSED] - callTestCase(findTestCase("Login/TC-Login-Success-001"), [:], STOP_ON_FAILURE): Call Test Case 'Test Cases/Login/TC-Login-Success-001' successfully

2023-08-31 10:51:10 - [TEST_CASE][PASSED] - Test Cases/Login/TC-Login-Success-001: Test Cases/Login/TC-Login-Success-001

2023-08-31 10:51:10 - [TEST_STEP][PASSED] - openBrowser("https://www.saucedemo.com/"): Browser is opened with url: 'https://www.saucedemo.com/'

2023-08-31 10:51:10 - [MESSAGE][WARNING] - A browser is already opened. Closing browser and opening a new one

2023-08-31 10:51:11 - [MESSAGE][INFO] - Starting 'Edge Chromium' driver

2023-08-31 10:51:13 - [MESSAGE][INFO] - Action delay is set to 0 milliseconds

2023-08-31 10:51:15 - [MESSAGE][PASSED] - Browser is opened with url: 'https://www.saucedemo.com/'

2023-08-31 10:51:15 - [TEST_STEP][PASSED] - setText(findTestObject("Login/input username"), "standard_user"): Text 'standard_user' is set on object 'Object Repository/Login/input username'

2023-08-31 10:51:16 - [MESSAGE][PASSED] - Text 'standard_user' is set on object 'Object Repository/Login/input username'

2023-08-31 10:51:16 - [TEST_STEP][PASSED] - setText(findTestObject("Login/input password"), "secret_sauce"): Text 'secret_sauce' is set on object 'Object Repository/Login/input password'

2023-08-31 10:51:17 - [MESSAGE][PASSED] - Text 'secret_sauce' is set on object 'Object Repository/Login/input password'

2023-08-31 10:51:17 - [TEST_STEP][PASSED] - click(findTestObject("Login/login-button")): Object: 'Object Repository/Login/login-button' is clicked on

2023-08-31 10:51:17 - [MESSAGE][PASSED] - Object: 'Object Repository/Login/login-button' is clicked on

2023-08-31 10:51:17 - [TEST_STEP][PASSED] - verifyElementPresent(findTestObject("Login/tittle Swag Labs"), 0): Object 'Object Repository/Login/tittle Swag Labs' is present

2023-08-31 10:51:17 - [MESSAGE][WARNING] - Timeout '0' is invalid. Using default page load timeout: '30'

2023-08-31 10:51:18 - [MESSAGE][PASSED] - Object 'Object Repository/Login/tittle Swag Labs' is present

2023-08-31 10:51:18 - [MESSAGE][PASSED] - Call Test Case 'Test Cases/Login/TC-Login-Success-001' successfully

2023-08-31 10:51:18 - [MESSAGE][PASSED] - Call Test Case 'Test Cases/Products/TC-Product-Show-001' successfully

2023-08-31 10:51:18 - [TEST_STEP][PASSED] - click(findTestObject("Products/button_Add to cart 1")): Object: 'Object Repository/Products/button_Add to cart 1' is clicked on

2023-08-31 10:51:18 - [MESSAGE][PASSED] - Object: 'Object Repository/Products/button_Add to cart 1' is clicked on

2023-08-31 10:51:18 - [TEST_STEP][PASSED] - verifyElementPresent(findTestObject("Keranjang/Notifikasi add cart 1"), 1): Object 'Object Repository/Keranjang/Notifikasi add cart 1' is present

2023-08-31 10:51:19 - [MESSAGE][PASSED] - Object 'Object Repository/Keranjang/Notifikasi add cart 1' is present

2023-08-31 10:51:19 - [TEST_STEP][PASSED] - nama = text: null

2023-08-31 10:51:19 - [TEST_STEP][PASSED] - deskripsi = text: null

2023-08-31 10:51:19 - [TEST_STEP][PASSED] - price = text: null

2023-08-31 10:51:20 - [TEST_STEP][PASSED] - data = new java.util.HashMap(): null

2023-08-31 10:51:20 - [TEST_STEP][PASSED] - data.put("nama_barang", nama): null

2023-08-31 10:51:20 - [TEST_STEP][PASSED] - data.put("deskrispi_barang", deskripsi): null

2023-08-31 10:51:20 - [TEST_STEP][PASSED] - data.put("price_barang", price): null

2023-08-31 10:51:20 - [TEST_STEP][PASSED] - return data: null

2023-08-31 10:51:20 - [MESSAGE][PASSED] - Call Test Case 'Test Cases/Products/TC-Product-AddCart-001' successfully

2023-08-31 10:51:20 - [TEST_STEP][PASSED] - name_cart = getText(findTestObject("Name Products/Nama Barang Sauce Labs Backpack")): Text of object 'Object Repository/Name Products/Nama Barang Sauce Labs Backpack' is: 'Sauce Labs Backpack'

2023-08-31 10:51:20 - [MESSAGE][PASSED] - Text of object 'Object Repository/Name Products/Nama Barang Sauce Labs Backpack' is: 'Sauce Labs Backpack'

2023-08-31 10:51:20 - [TEST_STEP][PASSED] - desc_cart = getText(findTestObject("Name Products/Deskripsi Barang")): Text of object 'Object Repository/Name Products/Deskripsi Barang' is: 'carry.allTheThings() with the sleek, streamlined Sly Pack that melds uncompromising style with unequaled laptop and tablet protection.'

2023-08-31 10:51:20 - [MESSAGE][PASSED] - Text of object 'Object Repository/Name Products/Deskripsi Barang' is: 'carry.allTheThings() with the sleek, streamlined Sly Pack that melds uncompromising style with unequaled laptop and tablet protection.'

2023-08-31 10:51:20 - [TEST_STEP][PASSED] - price_cart = getText(findTestObject("Name Products/Harga Barang")): Text of object 'Object Repository/Name Products/Harga Barang' is: '$29.99'

2023-08-31 10:51:21 - [MESSAGE][PASSED] - Text of object 'Object Repository/Name Products/Harga Barang' is: '$29.99'

2023-08-31 10:51:21 - [TEST_STEP][PASSED] - click(findTestObject("Keranjang/a_Swag Labs_shopping_cart_link")): Object: 'Object Repository/Keranjang/a_Swag Labs_shopping_cart_link' is clicked on

2023-08-31 10:51:21 - [MESSAGE][PASSED] - Object: 'Object Repository/Keranjang/a_Swag Labs_shopping_cart_link' is clicked on

2023-08-31 10:51:21 - [TEST_STEP][PASSED] - name_product = data.get("nama_barang"): null

2023-08-31 10:51:21 - [TEST_STEP][PASSED] - desc_product = data.get("deskrispi_barang"): null

2023-08-31 10:51:21 - [TEST_STEP][PASSED] - price_product = data.get("price_barang"): null

2023-08-31 10:51:21 - [TEST_STEP][PASSED] - assert name_product == name_cart: null

2023-08-31 10:51:21 - [TEST_STEP][PASSED] - assert desc_product == desc_cart: null

2023-08-31 10:51:21 - [TEST_STEP][PASSED] - assert price_product == price_cart: null

2023-08-31 10:51:21 - [TEST_STEP][PASSED] - return data: null

2023-08-31 10:51:21 - [MESSAGE][PASSED] - Call Test Case 'Test Cases/Keranjang/TC-Cart-Show-002' successfully

2023-08-31 10:51:21 - [TEST_STEP][PASSED] - click(findTestObject("Keranjang/button_Continue Shopping")): Object: 'Object Repository/Keranjang/button_Continue Shopping' is clicked on

2023-08-31 10:51:22 - [MESSAGE][PASSED] - Object: 'Object Repository/Keranjang/button_Continue Shopping' is clicked on

2023-08-31 10:51:22 - [TEST_STEP][PASSED] - verifyElementPresent(findTestObject("Products/Title Products"), 0): Object 'Object Repository/Products/Title Products' is present

2023-08-31 10:51:22 - [MESSAGE][WARNING] - Timeout '0' is invalid. Using default page load timeout: '30'

2023-08-31 10:51:22 - [MESSAGE][PASSED] - Object 'Object Repository/Products/Title Products' is present]]></system-out>
         <system-err><![CDATA[]]></system-err>
      </testcase>
      <testcase name="Test Cases/Keranjang/TC-Cart-Nav-002" time="13.328" classname="Test Cases/Keranjang/TC-Cart-Nav-002" status="PASSED">
         <system-out><![CDATA[2023-08-31 10:51:22 - [TEST_CASE][PASSED] - Test Cases/Keranjang/TC-Cart-Nav-002: Test Cases/Keranjang/TC-Cart-Nav-002

2023-08-31 10:51:22 - [TEST_STEP][PASSED] - callTestCase(findTestCase("Keranjang/TC-Cart-Show-002"), [:], STOP_ON_FAILURE): Call Test Case 'Test Cases/Keranjang/TC-Cart-Show-002' successfully

2023-08-31 10:51:23 - [TEST_CASE][PASSED] - Test Cases/Keranjang/TC-Cart-Show-002: Test Cases/Keranjang/TC-Cart-Show-002

2023-08-31 10:51:23 - [TEST_STEP][PASSED] - data = callTestCase(findTestCase("Products/TC-Product-AddCart-001"), [:], STOP_ON_FAILURE): Call Test Case 'Test Cases/Products/TC-Product-AddCart-001' successfully

2023-08-31 10:51:23 - [TEST_CASE][PASSED] - Test Cases/Products/TC-Product-AddCart-001: Test Cases/Products/TC-Product-AddCart-001

2023-08-31 10:51:23 - [TEST_STEP][PASSED] - callTestCase(findTestCase("Products/TC-Product-Show-001"), [:], STOP_ON_FAILURE): Call Test Case 'Test Cases/Products/TC-Product-Show-001' successfully

2023-08-31 10:51:23 - [TEST_CASE][PASSED] - Test Cases/Products/TC-Product-Show-001: Test Cases/Products/TC-Product-Show-001

2023-08-31 10:51:23 - [TEST_STEP][PASSED] - callTestCase(findTestCase("Login/TC-Login-Success-001"), [:], STOP_ON_FAILURE): Call Test Case 'Test Cases/Login/TC-Login-Success-001' successfully

2023-08-31 10:51:23 - [TEST_CASE][PASSED] - Test Cases/Login/TC-Login-Success-001: Test Cases/Login/TC-Login-Success-001

2023-08-31 10:51:23 - [TEST_STEP][PASSED] - openBrowser("https://www.saucedemo.com/"): Browser is opened with url: 'https://www.saucedemo.com/'

2023-08-31 10:51:23 - [MESSAGE][WARNING] - A browser is already opened. Closing browser and opening a new one

2023-08-31 10:51:23 - [MESSAGE][INFO] - Starting 'Edge Chromium' driver

2023-08-31 10:51:26 - [MESSAGE][INFO] - Action delay is set to 0 milliseconds

2023-08-31 10:51:29 - [MESSAGE][PASSED] - Browser is opened with url: 'https://www.saucedemo.com/'

2023-08-31 10:51:29 - [TEST_STEP][PASSED] - setText(findTestObject("Login/input username"), "standard_user"): Text 'standard_user' is set on object 'Object Repository/Login/input username'

2023-08-31 10:51:29 - [MESSAGE][PASSED] - Text 'standard_user' is set on object 'Object Repository/Login/input username'

2023-08-31 10:51:29 - [TEST_STEP][PASSED] - setText(findTestObject("Login/input password"), "secret_sauce"): Text 'secret_sauce' is set on object 'Object Repository/Login/input password'

2023-08-31 10:51:30 - [MESSAGE][PASSED] - Text 'secret_sauce' is set on object 'Object Repository/Login/input password'

2023-08-31 10:51:30 - [TEST_STEP][PASSED] - click(findTestObject("Login/login-button")): Object: 'Object Repository/Login/login-button' is clicked on

2023-08-31 10:51:31 - [MESSAGE][PASSED] - Object: 'Object Repository/Login/login-button' is clicked on

2023-08-31 10:51:31 - [TEST_STEP][PASSED] - verifyElementPresent(findTestObject("Login/tittle Swag Labs"), 0): Object 'Object Repository/Login/tittle Swag Labs' is present

2023-08-31 10:51:31 - [MESSAGE][WARNING] - Timeout '0' is invalid. Using default page load timeout: '30'

2023-08-31 10:51:31 - [MESSAGE][PASSED] - Object 'Object Repository/Login/tittle Swag Labs' is present

2023-08-31 10:51:31 - [MESSAGE][PASSED] - Call Test Case 'Test Cases/Login/TC-Login-Success-001' successfully

2023-08-31 10:51:31 - [MESSAGE][PASSED] - Call Test Case 'Test Cases/Products/TC-Product-Show-001' successfully

2023-08-31 10:51:31 - [TEST_STEP][PASSED] - click(findTestObject("Products/button_Add to cart 1")): Object: 'Object Repository/Products/button_Add to cart 1' is clicked on

2023-08-31 10:51:32 - [MESSAGE][PASSED] - Object: 'Object Repository/Products/button_Add to cart 1' is clicked on

2023-08-31 10:51:32 - [TEST_STEP][PASSED] - verifyElementPresent(findTestObject("Keranjang/Notifikasi add cart 1"), 1): Object 'Object Repository/Keranjang/Notifikasi add cart 1' is present

2023-08-31 10:51:32 - [MESSAGE][PASSED] - Object 'Object Repository/Keranjang/Notifikasi add cart 1' is present

2023-08-31 10:51:32 - [TEST_STEP][PASSED] - nama = text: null

2023-08-31 10:51:33 - [TEST_STEP][PASSED] - deskripsi = text: null

2023-08-31 10:51:33 - [TEST_STEP][PASSED] - price = text: null

2023-08-31 10:51:34 - [TEST_STEP][PASSED] - data = new java.util.HashMap(): null

2023-08-31 10:51:34 - [TEST_STEP][PASSED] - data.put("nama_barang", nama): null

2023-08-31 10:51:34 - [TEST_STEP][PASSED] - data.put("deskrispi_barang", deskripsi): null

2023-08-31 10:51:34 - [TEST_STEP][PASSED] - data.put("price_barang", price): null

2023-08-31 10:51:34 - [TEST_STEP][PASSED] - return data: null

2023-08-31 10:51:34 - [MESSAGE][PASSED] - Call Test Case 'Test Cases/Products/TC-Product-AddCart-001' successfully

2023-08-31 10:51:34 - [TEST_STEP][PASSED] - name_cart = getText(findTestObject("Name Products/Nama Barang Sauce Labs Backpack")): Text of object 'Object Repository/Name Products/Nama Barang Sauce Labs Backpack' is: 'Sauce Labs Backpack'

2023-08-31 10:51:34 - [MESSAGE][PASSED] - Text of object 'Object Repository/Name Products/Nama Barang Sauce Labs Backpack' is: 'Sauce Labs Backpack'

2023-08-31 10:51:34 - [TEST_STEP][PASSED] - desc_cart = getText(findTestObject("Name Products/Deskripsi Barang")): Text of object 'Object Repository/Name Products/Deskripsi Barang' is: 'carry.allTheThings() with the sleek, streamlined Sly Pack that melds uncompromising style with unequaled laptop and tablet protection.'

2023-08-31 10:51:34 - [MESSAGE][PASSED] - Text of object 'Object Repository/Name Products/Deskripsi Barang' is: 'carry.allTheThings() with the sleek, streamlined Sly Pack that melds uncompromising style with unequaled laptop and tablet protection.'

2023-08-31 10:51:34 - [TEST_STEP][PASSED] - price_cart = getText(findTestObject("Name Products/Harga Barang")): Text of object 'Object Repository/Name Products/Harga Barang' is: '$29.99'

2023-08-31 10:51:35 - [MESSAGE][PASSED] - Text of object 'Object Repository/Name Products/Harga Barang' is: '$29.99'

2023-08-31 10:51:35 - [TEST_STEP][PASSED] - click(findTestObject("Keranjang/a_Swag Labs_shopping_cart_link")): Object: 'Object Repository/Keranjang/a_Swag Labs_shopping_cart_link' is clicked on

2023-08-31 10:51:35 - [MESSAGE][PASSED] - Object: 'Object Repository/Keranjang/a_Swag Labs_shopping_cart_link' is clicked on

2023-08-31 10:51:35 - [TEST_STEP][PASSED] - name_product = data.get("nama_barang"): null

2023-08-31 10:51:35 - [TEST_STEP][PASSED] - desc_product = data.get("deskrispi_barang"): null

2023-08-31 10:51:35 - [TEST_STEP][PASSED] - price_product = data.get("price_barang"): null

2023-08-31 10:51:35 - [TEST_STEP][PASSED] - assert name_product == name_cart: null

2023-08-31 10:51:35 - [TEST_STEP][PASSED] - assert desc_product == desc_cart: null

2023-08-31 10:51:35 - [TEST_STEP][PASSED] - assert price_product == price_cart: null

2023-08-31 10:51:35 - [TEST_STEP][PASSED] - return data: null

2023-08-31 10:51:35 - [MESSAGE][PASSED] - Call Test Case 'Test Cases/Keranjang/TC-Cart-Show-002' successfully

2023-08-31 10:51:35 - [TEST_STEP][PASSED] - click(findTestObject("Products/div_Sauce Labs Backpack")): Object: 'Object Repository/Products/div_Sauce Labs Backpack' is clicked on

2023-08-31 10:51:36 - [MESSAGE][PASSED] - Object: 'Object Repository/Products/div_Sauce Labs Backpack' is clicked on]]></system-out>
         <system-err><![CDATA[]]></system-err>
      </testcase>
      <testcase name="Test Cases/Keranjang/TC-Cart-Remove-001" time="44.156" classname="Test Cases/Keranjang/TC-Cart-Remove-001" status="FAILED">
         <failure type="FAILED" message="Test Cases/Keranjang/TC-Cart-Remove-001 FAILED.
Reason:
com.kms.katalon.core.exception.StepFailedException: Verify element text of test object 'Object Repository/Keranjang/Notifikasi add cart 1' FAILED.
	at com.kms.katalon.core.webui.keyword.internal.WebUIKeywordMain.stepFailed(WebUIKeywordMain.groovy:64)
	at com.kms.katalon.core.webui.keyword.internal.WebUIKeywordMain.runKeyword(WebUIKeywordMain.groovy:26)
	at com.kms.katalon.core.webui.keyword.builtin.VerifyElementTextKeyword.verifyElementText(VerifyElementTextKeyword.groovy:72)
	at com.kms.katalon.core.webui.keyword.builtin.VerifyElementTextKeyword.execute(VerifyElementTextKeyword.groovy:40)
	at com.kms.katalon.core.keyword.internal.KeywordExecutor.executeKeywordForPlatform(KeywordExecutor.groovy:74)
	at com.kms.katalon.core.webui.keyword.WebUiBuiltInKeywords.verifyElementText(WebUiBuiltInKeywords.groovy:4749)
	at com.kms.katalon.core.webui.keyword.WebUiBuiltInKeywords$verifyElementText$2.call(Unknown Source)
	at TC-Cart-Remove-001.run(TC-Cart-Remove-001:24)
	at com.kms.katalon.core.main.ScriptEngine.run(ScriptEngine.java:194)
	at com.kms.katalon.core.main.ScriptEngine.runScriptAsRawText(ScriptEngine.java:119)
	at com.kms.katalon.core.main.TestCaseExecutor.runScript(TestCaseExecutor.java:448)
	at com.kms.katalon.core.main.TestCaseExecutor.doExecute(TestCaseExecutor.java:439)
	at com.kms.katalon.core.main.TestCaseExecutor.processExecutionPhase(TestCaseExecutor.java:418)
	at com.kms.katalon.core.main.TestCaseExecutor.accessMainPhase(TestCaseExecutor.java:410)
	at com.kms.katalon.core.main.TestCaseExecutor.execute(TestCaseExecutor.java:285)
	at com.kms.katalon.core.main.TestCaseExecutor.execute(TestCaseExecutor.java:369)
	at com.kms.katalon.core.main.TestCaseExecutor.execute(TestCaseExecutor.java:369)
	at com.kms.katalon.core.main.TestCaseExecutor.execute(TestCaseExecutor.java:369)
	at com.kms.katalon.core.common.CommonExecutor.accessTestCaseMainPhase(CommonExecutor.java:65)
	at com.kms.katalon.core.main.TestSuiteExecutor.accessTestSuiteMainPhase(TestSuiteExecutor.java:148)
	at com.kms.katalon.core.main.TestSuiteExecutor.execute(TestSuiteExecutor.java:106)
	at com.kms.katalon.core.main.TestCaseMain.startTestSuite(TestCaseMain.java:187)
	at com.kms.katalon.core.main.TestCaseMain$startTestSuite$0.call(Unknown Source)
	at TempTestSuite1693453501507.run(TempTestSuite1693453501507.groovy:36)
Caused by: com.kms.katalon.core.exception.StepFailedException: Actual text 'Your Cart' and expected text '0' of test object 'Object Repository/Keranjang/Notifikasi add cart 1' are NOT matched.
	at com.kms.katalon.core.webui.keyword.internal.WebUIKeywordMain.stepFailed(WebUIKeywordMain.groovy:64)
	at com.kms.katalon.core.webui.keyword.builtin.VerifyElementTextKeyword$_verifyElementText_closure1.doCall(VerifyElementTextKeyword.groovy:57)
	at com.kms.katalon.core.webui.keyword.builtin.VerifyElementTextKeyword$_verifyElementText_closure1.call(VerifyElementTextKeyword.groovy)
	at com.kms.katalon.core.webui.keyword.internal.WebUIKeywordMain.runKeyword(WebUIKeywordMain.groovy:20)
	... 22 more
"/>
         <system-out><![CDATA[2023-08-31 10:53:50 - [TEST_CASE][FAILED] - Test Cases/Keranjang/TC-Cart-Remove-001: Test Cases/Keranjang/TC-Cart-Remove-001 FAILED.
Reason:
com.kms.katalon.core.exception.StepFailedException: Verify element text of test object 'Object Repository/Keranjang/Notifikasi add cart 1' FAILED.
	at com.kms.katalon.core.webui.keyword.internal.WebUIKeywordMain.stepFailed(WebUIKeywordMain.groovy:64)
	at com.kms.katalon.core.webui.keyword.internal.WebUIKeywordMain.runKeyword(WebUIKeywordMain.groovy:26)
	at com.kms.katalon.core.webui.keyword.builtin.VerifyElementTextKeyword.verifyElementText(VerifyElementTextKeyword.groovy:72)
	at com.kms.katalon.core.webui.keyword.builtin.VerifyElementTextKeyword.execute(VerifyElementTextKeyword.groovy:40)
	at com.kms.katalon.core.keyword.internal.KeywordExecutor.executeKeywordForPlatform(KeywordExecutor.groovy:74)
	at com.kms.katalon.core.webui.keyword.WebUiBuiltInKeywords.verifyElementText(WebUiBuiltInKeywords.groovy:4749)
	at com.kms.katalon.core.webui.keyword.WebUiBuiltInKeywords$verifyElementText$2.call(Unknown Source)
	at TC-Cart-Remove-001.run(TC-Cart-Remove-001:24)
	at com.kms.katalon.core.main.ScriptEngine.run(ScriptEngine.java:194)
	at com.kms.katalon.core.main.ScriptEngine.runScriptAsRawText(ScriptEngine.java:119)
	at com.kms.katalon.core.main.TestCaseExecutor.runScript(TestCaseExecutor.java:448)
	at com.kms.katalon.core.main.TestCaseExecutor.doExecute(TestCaseExecutor.java:439)
	at com.kms.katalon.core.main.TestCaseExecutor.processExecutionPhase(TestCaseExecutor.java:418)
	at com.kms.katalon.core.main.TestCaseExecutor.accessMainPhase(TestCaseExecutor.java:410)
	at com.kms.katalon.core.main.TestCaseExecutor.execute(TestCaseExecutor.java:285)
	at com.kms.katalon.core.main.TestCaseExecutor.execute(TestCaseExecutor.java:369)
	at com.kms.katalon.core.main.TestCaseExecutor.execute(TestCaseExecutor.java:369)
	at com.kms.katalon.core.main.TestCaseExecutor.execute(TestCaseExecutor.java:369)
	at com.kms.katalon.core.common.CommonExecutor.accessTestCaseMainPhase(CommonExecutor.java:65)
	at com.kms.katalon.core.main.TestSuiteExecutor.accessTestSuiteMainPhase(TestSuiteExecutor.java:148)
	at com.kms.katalon.core.main.TestSuiteExecutor.execute(TestSuiteExecutor.java:106)
	at com.kms.katalon.core.main.TestCaseMain.startTestSuite(TestCaseMain.java:187)
	at com.kms.katalon.core.main.TestCaseMain$startTestSuite$0.call(Unknown Source)
	at TempTestSuite1693453501507.run(TempTestSuite1693453501507.groovy:36)
Caused by: com.kms.katalon.core.exception.StepFailedException: Actual text 'Your Cart' and expected text '0' of test object 'Object Repository/Keranjang/Notifikasi add cart 1' are NOT matched.
	at com.kms.katalon.core.webui.keyword.internal.WebUIKeywordMain.stepFailed(WebUIKeywordMain.groovy:64)
	at com.kms.katalon.core.webui.keyword.builtin.VerifyElementTextKeyword$_verifyElementText_closure1.doCall(VerifyElementTextKeyword.groovy:57)
	at com.kms.katalon.core.webui.keyword.builtin.VerifyElementTextKeyword$_verifyElementText_closure1.call(VerifyElementTextKeyword.groovy)
	at com.kms.katalon.core.webui.keyword.internal.WebUIKeywordMain.runKeyword(WebUIKeywordMain.groovy:20)
	... 22 more


2023-08-31 10:53:50 - [TEST_STEP][PASSED] - callTestCase(findTestCase("Keranjang/TC-Cart-Show-002"), [:], STOP_ON_FAILURE): Call Test Case 'Test Cases/Keranjang/TC-Cart-Show-002' successfully

2023-08-31 10:53:51 - [TEST_CASE][PASSED] - Test Cases/Keranjang/TC-Cart-Show-002: Test Cases/Keranjang/TC-Cart-Show-002

2023-08-31 10:53:51 - [TEST_STEP][PASSED] - data = callTestCase(findTestCase("Products/TC-Product-AddCart-001"), [:], STOP_ON_FAILURE): Call Test Case 'Test Cases/Products/TC-Product-AddCart-001' successfully

2023-08-31 10:53:51 - [TEST_CASE][PASSED] - Test Cases/Products/TC-Product-AddCart-001: Test Cases/Products/TC-Product-AddCart-001

2023-08-31 10:53:51 - [TEST_STEP][PASSED] - callTestCase(findTestCase("Products/TC-Product-Show-001"), [:], STOP_ON_FAILURE): Call Test Case 'Test Cases/Products/TC-Product-Show-001' successfully

2023-08-31 10:53:51 - [TEST_CASE][PASSED] - Test Cases/Products/TC-Product-Show-001: Test Cases/Products/TC-Product-Show-001

2023-08-31 10:53:51 - [TEST_STEP][PASSED] - callTestCase(findTestCase("Login/TC-Login-Success-001"), [:], STOP_ON_FAILURE): Call Test Case 'Test Cases/Login/TC-Login-Success-001' successfully

2023-08-31 10:53:51 - [TEST_CASE][PASSED] - Test Cases/Login/TC-Login-Success-001: Test Cases/Login/TC-Login-Success-001

2023-08-31 10:53:51 - [TEST_STEP][PASSED] - openBrowser("https://www.saucedemo.com/"): Browser is opened with url: 'https://www.saucedemo.com/'

2023-08-31 10:53:51 - [MESSAGE][WARNING] - A browser is already opened. Closing browser and opening a new one

2023-08-31 10:53:51 - [MESSAGE][INFO] - Starting 'Edge Chromium' driver

2023-08-31 10:53:54 - [MESSAGE][INFO] - Action delay is set to 0 milliseconds

2023-08-31 10:53:56 - [MESSAGE][PASSED] - Browser is opened with url: 'https://www.saucedemo.com/'

2023-08-31 10:53:56 - [TEST_STEP][PASSED] - setText(findTestObject("Login/input username"), "standard_user"): Text 'standard_user' is set on object 'Object Repository/Login/input username'

2023-08-31 10:53:57 - [MESSAGE][PASSED] - Text 'standard_user' is set on object 'Object Repository/Login/input username'

2023-08-31 10:53:57 - [TEST_STEP][PASSED] - setText(findTestObject("Login/input password"), "secret_sauce"): Text 'secret_sauce' is set on object 'Object Repository/Login/input password'

2023-08-31 10:53:57 - [MESSAGE][PASSED] - Text 'secret_sauce' is set on object 'Object Repository/Login/input password'

2023-08-31 10:53:57 - [TEST_STEP][PASSED] - click(findTestObject("Login/login-button")): Object: 'Object Repository/Login/login-button' is clicked on

2023-08-31 10:53:58 - [MESSAGE][PASSED] - Object: 'Object Repository/Login/login-button' is clicked on

2023-08-31 10:53:58 - [TEST_STEP][PASSED] - verifyElementPresent(findTestObject("Login/tittle Swag Labs"), 0): Object 'Object Repository/Login/tittle Swag Labs' is present

2023-08-31 10:53:58 - [MESSAGE][WARNING] - Timeout '0' is invalid. Using default page load timeout: '30'

2023-08-31 10:53:59 - [MESSAGE][PASSED] - Object 'Object Repository/Login/tittle Swag Labs' is present

2023-08-31 10:53:59 - [MESSAGE][PASSED] - Call Test Case 'Test Cases/Login/TC-Login-Success-001' successfully

2023-08-31 10:53:59 - [MESSAGE][PASSED] - Call Test Case 'Test Cases/Products/TC-Product-Show-001' successfully

2023-08-31 10:53:59 - [TEST_STEP][PASSED] - click(findTestObject("Products/button_Add to cart 1")): Object: 'Object Repository/Products/button_Add to cart 1' is clicked on

2023-08-31 10:53:59 - [MESSAGE][PASSED] - Object: 'Object Repository/Products/button_Add to cart 1' is clicked on

2023-08-31 10:53:59 - [TEST_STEP][PASSED] - verifyElementPresent(findTestObject("Keranjang/Notifikasi add cart 1"), 1): Object 'Object Repository/Keranjang/Notifikasi add cart 1' is present

2023-08-31 10:54:00 - [MESSAGE][PASSED] - Object 'Object Repository/Keranjang/Notifikasi add cart 1' is present

2023-08-31 10:54:00 - [TEST_STEP][PASSED] - nama = text: null

2023-08-31 10:54:00 - [TEST_STEP][PASSED] - deskripsi = text: null

2023-08-31 10:54:00 - [TEST_STEP][PASSED] - price = text: null

2023-08-31 10:54:01 - [TEST_STEP][PASSED] - data = new java.util.HashMap(): null

2023-08-31 10:54:01 - [TEST_STEP][PASSED] - data.put("nama_barang", nama): null

2023-08-31 10:54:01 - [TEST_STEP][PASSED] - data.put("deskrispi_barang", deskripsi): null

2023-08-31 10:54:01 - [TEST_STEP][PASSED] - data.put("price_barang", price): null

2023-08-31 10:54:01 - [TEST_STEP][PASSED] - return data: null

2023-08-31 10:54:01 - [MESSAGE][PASSED] - Call Test Case 'Test Cases/Products/TC-Product-AddCart-001' successfully

2023-08-31 10:54:01 - [TEST_STEP][PASSED] - name_cart = getText(findTestObject("Name Products/Nama Barang Sauce Labs Backpack")): Text of object 'Object Repository/Name Products/Nama Barang Sauce Labs Backpack' is: 'Sauce Labs Backpack'

2023-08-31 10:54:01 - [MESSAGE][PASSED] - Text of object 'Object Repository/Name Products/Nama Barang Sauce Labs Backpack' is: 'Sauce Labs Backpack'

2023-08-31 10:54:01 - [TEST_STEP][PASSED] - desc_cart = getText(findTestObject("Name Products/Deskripsi Barang")): Text of object 'Object Repository/Name Products/Deskripsi Barang' is: 'carry.allTheThings() with the sleek, streamlined Sly Pack that melds uncompromising style with unequaled laptop and tablet protection.'

2023-08-31 10:54:02 - [MESSAGE][PASSED] - Text of object 'Object Repository/Name Products/Deskripsi Barang' is: 'carry.allTheThings() with the sleek, streamlined Sly Pack that melds uncompromising style with unequaled laptop and tablet protection.'

2023-08-31 10:54:02 - [TEST_STEP][PASSED] - price_cart = getText(findTestObject("Name Products/Harga Barang")): Text of object 'Object Repository/Name Products/Harga Barang' is: '$29.99'

2023-08-31 10:54:02 - [MESSAGE][PASSED] - Text of object 'Object Repository/Name Products/Harga Barang' is: '$29.99'

2023-08-31 10:54:02 - [TEST_STEP][PASSED] - click(findTestObject("Keranjang/a_Swag Labs_shopping_cart_link")): Object: 'Object Repository/Keranjang/a_Swag Labs_shopping_cart_link' is clicked on

2023-08-31 10:54:02 - [MESSAGE][PASSED] - Object: 'Object Repository/Keranjang/a_Swag Labs_shopping_cart_link' is clicked on

2023-08-31 10:54:02 - [TEST_STEP][PASSED] - name_product = data.get("nama_barang"): null

2023-08-31 10:54:02 - [TEST_STEP][PASSED] - desc_product = data.get("deskrispi_barang"): null

2023-08-31 10:54:02 - [TEST_STEP][PASSED] - price_product = data.get("price_barang"): null

2023-08-31 10:54:02 - [TEST_STEP][PASSED] - assert name_product == name_cart: null

2023-08-31 10:54:02 - [TEST_STEP][PASSED] - assert desc_product == desc_cart: null

2023-08-31 10:54:02 - [TEST_STEP][PASSED] - assert price_product == price_cart: null

2023-08-31 10:54:02 - [TEST_STEP][PASSED] - return data: null

2023-08-31 10:54:02 - [MESSAGE][PASSED] - Call Test Case 'Test Cases/Keranjang/TC-Cart-Show-002' successfully

2023-08-31 10:54:02 - [TEST_STEP][PASSED] - click(findTestObject("Products/button_Remove")): Object: 'Object Repository/Products/button_Remove' is clicked on

2023-08-31 10:54:03 - [MESSAGE][PASSED] - Object: 'Object Repository/Products/button_Remove' is clicked on

2023-08-31 10:54:03 - [TEST_STEP][FAILED] - verifyElementText(findTestObject("Keranjang/Notifikasi add cart 1"), "0"): Verify element text of test object 'Object Repository/Keranjang/Notifikasi add cart 1' FAILED. (Root cause: com.kms.katalon.core.exception.StepFailedException: Verify element text of test object 'Object Repository/Keranjang/Notifikasi add cart 1' FAILED.
	at com.kms.katalon.core.webui.keyword.internal.WebUIKeywordMain.stepFailed(WebUIKeywordMain.groovy:64)
	at com.kms.katalon.core.webui.keyword.internal.WebUIKeywordMain.runKeyword(WebUIKeywordMain.groovy:26)
	at com.kms.katalon.core.webui.keyword.builtin.VerifyElementTextKeyword.verifyElementText(VerifyElementTextKeyword.groovy:72)
	at com.kms.katalon.core.webui.keyword.builtin.VerifyElementTextKeyword.execute(VerifyElementTextKeyword.groovy:40)
	at com.kms.katalon.core.keyword.internal.KeywordExecutor.executeKeywordForPlatform(KeywordExecutor.groovy:74)
	at com.kms.katalon.core.webui.keyword.WebUiBuiltInKeywords.verifyElementText(WebUiBuiltInKeywords.groovy:4749)
	at com.kms.katalon.core.webui.keyword.WebUiBuiltInKeywords$verifyElementText$2.call(Unknown Source)
	at TC-Cart-Remove-001.run(TC-Cart-Remove-001:24)
	at com.kms.katalon.core.main.ScriptEngine.run(ScriptEngine.java:194)
	at com.kms.katalon.core.main.ScriptEngine.runScriptAsRawText(ScriptEngine.java:119)
	at com.kms.katalon.core.main.TestCaseExecutor.runScript(TestCaseExecutor.java:448)
	at com.kms.katalon.core.main.TestCaseExecutor.doExecute(TestCaseExecutor.java:439)
	at com.kms.katalon.core.main.TestCaseExecutor.processExecutionPhase(TestCaseExecutor.java:418)
	at com.kms.katalon.core.main.TestCaseExecutor.accessMainPhase(TestCaseExecutor.java:410)
	at com.kms.katalon.core.main.TestCaseExecutor.execute(TestCaseExecutor.java:285)
	at com.kms.katalon.core.main.TestCaseExecutor.execute(TestCaseExecutor.java:369)
	at com.kms.katalon.core.main.TestCaseExecutor.execute(TestCaseExecutor.java:369)
	at com.kms.katalon.core.main.TestCaseExecutor.execute(TestCaseExecutor.java:369)
	at com.kms.katalon.core.common.CommonExecutor.accessTestCaseMainPhase(CommonExecutor.java:65)
	at com.kms.katalon.core.main.TestSuiteExecutor.accessTestSuiteMainPhase(TestSuiteExecutor.java:148)
	at com.kms.katalon.core.main.TestSuiteExecutor.execute(TestSuiteExecutor.java:106)
	at com.kms.katalon.core.main.TestCaseMain.startTestSuite(TestCaseMain.java:187)
	at com.kms.katalon.core.main.TestCaseMain$startTestSuite$0.call(Unknown Source)
	at TempTestSuite1693453501507.run(TempTestSuite1693453501507.groovy:36)
Caused by: com.kms.katalon.core.exception.StepFailedException: Actual text 'Your Cart' and expected text '0' of test object 'Object Repository/Keranjang/Notifikasi add cart 1' are NOT matched.
	at com.kms.katalon.core.webui.keyword.internal.WebUIKeywordMain.stepFailed(WebUIKeywordMain.groovy:64)
	at com.kms.katalon.core.webui.keyword.builtin.VerifyElementTextKeyword$_verifyElementText_closure1.doCall(VerifyElementTextKeyword.groovy:57)
	at com.kms.katalon.core.webui.keyword.builtin.VerifyElementTextKeyword$_verifyElementText_closure1.call(VerifyElementTextKeyword.groovy)
	at com.kms.katalon.core.webui.keyword.internal.WebUIKeywordMain.runKeyword(WebUIKeywordMain.groovy:20)
	... 22 more
)

2023-08-31 10:54:34 - [MESSAGE][INFO] - Unable to find the element located by 'By.xpath: //div[@id='shopping_cart_container']/a/span'. Please recheck the objects properties to make sure the desired element is located. 

2023-08-31 10:54:34 - [MESSAGE][WARNING] - [SELF-HEALING] Failed to find element with id 'Object Repository/Keranjang/Notifikasi add cart 1'. Try using Self-healing.

2023-08-31 10:54:34 - [MESSAGE][WARNING] - [SELF-HEALING] The current locator of test object 'Object Repository/Keranjang/Notifikasi add cart 1' was broken. Propose an alternative one: '(.//*[normalize-space(text()) and normalize-space(.)='Swag Labs'])[2]/following::span[1]'.

2023-08-31 10:54:34 - [MESSAGE][FAILED] - Actual text 'Your Cart' and expected text '0' of test object 'Object Repository/Keranjang/Notifikasi add cart 1' are NOT matched. (Root cause: com.kms.katalon.core.exception.StepFailedException: Actual text 'Your Cart' and expected text '0' of test object 'Object Repository/Keranjang/Notifikasi add cart 1' are NOT matched.
	at com.kms.katalon.core.webui.keyword.internal.WebUIKeywordMain.stepFailed(WebUIKeywordMain.groovy:64)
	at com.kms.katalon.core.webui.keyword.builtin.VerifyElementTextKeyword$_verifyElementText_closure1.doCall(VerifyElementTextKeyword.groovy:57)
	at com.kms.katalon.core.webui.keyword.builtin.VerifyElementTextKeyword$_verifyElementText_closure1.call(VerifyElementTextKeyword.groovy)
	at com.kms.katalon.core.webui.keyword.internal.WebUIKeywordMain.runKeyword(WebUIKeywordMain.groovy:20)
	at com.kms.katalon.core.webui.keyword.builtin.VerifyElementTextKeyword.verifyElementText(VerifyElementTextKeyword.groovy:72)
	at com.kms.katalon.core.webui.keyword.builtin.VerifyElementTextKeyword.execute(VerifyElementTextKeyword.groovy:40)
	at com.kms.katalon.core.keyword.internal.KeywordExecutor.executeKeywordForPlatform(KeywordExecutor.groovy:74)
	at com.kms.katalon.core.webui.keyword.WebUiBuiltInKeywords.verifyElementText(WebUiBuiltInKeywords.groovy:4749)
	at com.kms.katalon.core.webui.keyword.WebUiBuiltInKeywords$verifyElementText$2.call(Unknown Source)
	at TC-Cart-Remove-001.run(TC-Cart-Remove-001:24)
	at com.kms.katalon.core.main.ScriptEngine.run(ScriptEngine.java:194)
	at com.kms.katalon.core.main.ScriptEngine.runScriptAsRawText(ScriptEngine.java:119)
	at com.kms.katalon.core.main.TestCaseExecutor.runScript(TestCaseExecutor.java:448)
	at com.kms.katalon.core.main.TestCaseExecutor.doExecute(TestCaseExecutor.java:439)
	at com.kms.katalon.core.main.TestCaseExecutor.processExecutionPhase(TestCaseExecutor.java:418)
	at com.kms.katalon.core.main.TestCaseExecutor.accessMainPhase(TestCaseExecutor.java:410)
	at com.kms.katalon.core.main.TestCaseExecutor.execute(TestCaseExecutor.java:285)
	at com.kms.katalon.core.main.TestCaseExecutor.execute(TestCaseExecutor.java:369)
	at com.kms.katalon.core.main.TestCaseExecutor.execute(TestCaseExecutor.java:369)
	at com.kms.katalon.core.main.TestCaseExecutor.execute(TestCaseExecutor.java:369)
	at com.kms.katalon.core.common.CommonExecutor.accessTestCaseMainPhase(CommonExecutor.java:65)
	at com.kms.katalon.core.main.TestSuiteExecutor.accessTestSuiteMainPhase(TestSuiteExecutor.java:148)
	at com.kms.katalon.core.main.TestSuiteExecutor.execute(TestSuiteExecutor.java:106)
	at com.kms.katalon.core.main.TestCaseMain.startTestSuite(TestCaseMain.java:187)
	at com.kms.katalon.core.main.TestCaseMain$startTestSuite$0.call(Unknown Source)
	at TempTestSuite1693453501507.run(TempTestSuite1693453501507.groovy:36)
)
[[ATTACHMENT|D:\\Project XSIS\\batch-324-qa\\irfan\\Saucedemo\\Reports\\20230831_104501\\Saucedemo\\20230831_104501\\1693454074856.png]]

2023-08-31 10:54:35 - [MESSAGE][FAILED] - Verify element text of test object 'Object Repository/Keranjang/Notifikasi add cart 1' FAILED. (Root cause: com.kms.katalon.core.exception.StepFailedException: Verify element text of test object 'Object Repository/Keranjang/Notifikasi add cart 1' FAILED.
	at com.kms.katalon.core.webui.keyword.internal.WebUIKeywordMain.stepFailed(WebUIKeywordMain.groovy:64)
	at com.kms.katalon.core.webui.keyword.internal.WebUIKeywordMain.runKeyword(WebUIKeywordMain.groovy:26)
	at com.kms.katalon.core.webui.keyword.builtin.VerifyElementTextKeyword.verifyElementText(VerifyElementTextKeyword.groovy:72)
	at com.kms.katalon.core.webui.keyword.builtin.VerifyElementTextKeyword.execute(VerifyElementTextKeyword.groovy:40)
	at com.kms.katalon.core.keyword.internal.KeywordExecutor.executeKeywordForPlatform(KeywordExecutor.groovy:74)
	at com.kms.katalon.core.webui.keyword.WebUiBuiltInKeywords.verifyElementText(WebUiBuiltInKeywords.groovy:4749)
	at com.kms.katalon.core.webui.keyword.WebUiBuiltInKeywords$verifyElementText$2.call(Unknown Source)
	at TC-Cart-Remove-001.run(TC-Cart-Remove-001:24)
	at com.kms.katalon.core.main.ScriptEngine.run(ScriptEngine.java:194)
	at com.kms.katalon.core.main.ScriptEngine.runScriptAsRawText(ScriptEngine.java:119)
	at com.kms.katalon.core.main.TestCaseExecutor.runScript(TestCaseExecutor.java:448)
	at com.kms.katalon.core.main.TestCaseExecutor.doExecute(TestCaseExecutor.java:439)
	at com.kms.katalon.core.main.TestCaseExecutor.processExecutionPhase(TestCaseExecutor.java:418)
	at com.kms.katalon.core.main.TestCaseExecutor.accessMainPhase(TestCaseExecutor.java:410)
	at com.kms.katalon.core.main.TestCaseExecutor.execute(TestCaseExecutor.java:285)
	at com.kms.katalon.core.main.TestCaseExecutor.execute(TestCaseExecutor.java:369)
	at com.kms.katalon.core.main.TestCaseExecutor.execute(TestCaseExecutor.java:369)
	at com.kms.katalon.core.main.TestCaseExecutor.execute(TestCaseExecutor.java:369)
	at com.kms.katalon.core.common.CommonExecutor.accessTestCaseMainPhase(CommonExecutor.java:65)
	at com.kms.katalon.core.main.TestSuiteExecutor.accessTestSuiteMainPhase(TestSuiteExecutor.java:148)
	at com.kms.katalon.core.main.TestSuiteExecutor.execute(TestSuiteExecutor.java:106)
	at com.kms.katalon.core.main.TestCaseMain.startTestSuite(TestCaseMain.java:187)
	at com.kms.katalon.core.main.TestCaseMain$startTestSuite$0.call(Unknown Source)
	at TempTestSuite1693453501507.run(TempTestSuite1693453501507.groovy:36)
Caused by: com.kms.katalon.core.exception.StepFailedException: Actual text 'Your Cart' and expected text '0' of test object 'Object Repository/Keranjang/Notifikasi add cart 1' are NOT matched.
	at com.kms.katalon.core.webui.keyword.internal.WebUIKeywordMain.stepFailed(WebUIKeywordMain.groovy:64)
	at com.kms.katalon.core.webui.keyword.builtin.VerifyElementTextKeyword$_verifyElementText_closure1.doCall(VerifyElementTextKeyword.groovy:57)
	at com.kms.katalon.core.webui.keyword.builtin.VerifyElementTextKeyword$_verifyElementText_closure1.call(VerifyElementTextKeyword.groovy)
	at com.kms.katalon.core.webui.keyword.internal.WebUIKeywordMain.runKeyword(WebUIKeywordMain.groovy:20)
	... 22 more
)
[[ATTACHMENT|D:\\Project XSIS\\batch-324-qa\\irfan\\Saucedemo\\Reports\\20230831_104501\\Saucedemo\\20230831_104501\\1693454074957.png]]]]></system-out>
         <system-err><![CDATA[2023-08-31 10:53:50 - [TEST_CASE][FAILED] - Test Cases/Keranjang/TC-Cart-Remove-001: Test Cases/Keranjang/TC-Cart-Remove-001 FAILED.
Reason:
com.kms.katalon.core.exception.StepFailedException: Verify element text of test object 'Object Repository/Keranjang/Notifikasi add cart 1' FAILED.
	at com.kms.katalon.core.webui.keyword.internal.WebUIKeywordMain.stepFailed(WebUIKeywordMain.groovy:64)
	at com.kms.katalon.core.webui.keyword.internal.WebUIKeywordMain.runKeyword(WebUIKeywordMain.groovy:26)
	at com.kms.katalon.core.webui.keyword.builtin.VerifyElementTextKeyword.verifyElementText(VerifyElementTextKeyword.groovy:72)
	at com.kms.katalon.core.webui.keyword.builtin.VerifyElementTextKeyword.execute(VerifyElementTextKeyword.groovy:40)
	at com.kms.katalon.core.keyword.internal.KeywordExecutor.executeKeywordForPlatform(KeywordExecutor.groovy:74)
	at com.kms.katalon.core.webui.keyword.WebUiBuiltInKeywords.verifyElementText(WebUiBuiltInKeywords.groovy:4749)
	at com.kms.katalon.core.webui.keyword.WebUiBuiltInKeywords$verifyElementText$2.call(Unknown Source)
	at TC-Cart-Remove-001.run(TC-Cart-Remove-001:24)
	at com.kms.katalon.core.main.ScriptEngine.run(ScriptEngine.java:194)
	at com.kms.katalon.core.main.ScriptEngine.runScriptAsRawText(ScriptEngine.java:119)
	at com.kms.katalon.core.main.TestCaseExecutor.runScript(TestCaseExecutor.java:448)
	at com.kms.katalon.core.main.TestCaseExecutor.doExecute(TestCaseExecutor.java:439)
	at com.kms.katalon.core.main.TestCaseExecutor.processExecutionPhase(TestCaseExecutor.java:418)
	at com.kms.katalon.core.main.TestCaseExecutor.accessMainPhase(TestCaseExecutor.java:410)
	at com.kms.katalon.core.main.TestCaseExecutor.execute(TestCaseExecutor.java:285)
	at com.kms.katalon.core.main.TestCaseExecutor.execute(TestCaseExecutor.java:369)
	at com.kms.katalon.core.main.TestCaseExecutor.execute(TestCaseExecutor.java:369)
	at com.kms.katalon.core.main.TestCaseExecutor.execute(TestCaseExecutor.java:369)
	at com.kms.katalon.core.common.CommonExecutor.accessTestCaseMainPhase(CommonExecutor.java:65)
	at com.kms.katalon.core.main.TestSuiteExecutor.accessTestSuiteMainPhase(TestSuiteExecutor.java:148)
	at com.kms.katalon.core.main.TestSuiteExecutor.execute(TestSuiteExecutor.java:106)
	at com.kms.katalon.core.main.TestCaseMain.startTestSuite(TestCaseMain.java:187)
	at com.kms.katalon.core.main.TestCaseMain$startTestSuite$0.call(Unknown Source)
	at TempTestSuite1693453501507.run(TempTestSuite1693453501507.groovy:36)
Caused by: com.kms.katalon.core.exception.StepFailedException: Actual text 'Your Cart' and expected text '0' of test object 'Object Repository/Keranjang/Notifikasi add cart 1' are NOT matched.
	at com.kms.katalon.core.webui.keyword.internal.WebUIKeywordMain.stepFailed(WebUIKeywordMain.groovy:64)
	at com.kms.katalon.core.webui.keyword.builtin.VerifyElementTextKeyword$_verifyElementText_closure1.doCall(VerifyElementTextKeyword.groovy:57)
	at com.kms.katalon.core.webui.keyword.builtin.VerifyElementTextKeyword$_verifyElementText_closure1.call(VerifyElementTextKeyword.groovy)
	at com.kms.katalon.core.webui.keyword.internal.WebUIKeywordMain.runKeyword(WebUIKeywordMain.groovy:20)
	... 22 more]]></system-err>
      </testcase>
      <testcase name="Test Cases/Keranjang/TC-Cart-Show-001" time="9.218" classname="Test Cases/Keranjang/TC-Cart-Show-001" status="PASSED">
         <system-out><![CDATA[2023-08-31 10:54:35 - [TEST_CASE][PASSED] - Test Cases/Keranjang/TC-Cart-Show-001: Test Cases/Keranjang/TC-Cart-Show-001

2023-08-31 10:54:35 - [TEST_STEP][PASSED] - callTestCase(findTestCase("Login/TC-Login-Success-001"), [:], STOP_ON_FAILURE): Call Test Case 'Test Cases/Login/TC-Login-Success-001' successfully

2023-08-31 10:54:35 - [TEST_CASE][PASSED] - Test Cases/Login/TC-Login-Success-001: Test Cases/Login/TC-Login-Success-001

2023-08-31 10:54:35 - [TEST_STEP][PASSED] - openBrowser("https://www.saucedemo.com/"): Browser is opened with url: 'https://www.saucedemo.com/'

2023-08-31 10:54:35 - [MESSAGE][WARNING] - A browser is already opened. Closing browser and opening a new one

2023-08-31 10:54:36 - [MESSAGE][INFO] - Starting 'Edge Chromium' driver

2023-08-31 10:54:38 - [MESSAGE][INFO] - Action delay is set to 0 milliseconds

2023-08-31 10:54:41 - [MESSAGE][PASSED] - Browser is opened with url: 'https://www.saucedemo.com/'

2023-08-31 10:54:41 - [TEST_STEP][PASSED] - setText(findTestObject("Login/input username"), "standard_user"): Text 'standard_user' is set on object 'Object Repository/Login/input username'

2023-08-31 10:54:41 - [MESSAGE][PASSED] - Text 'standard_user' is set on object 'Object Repository/Login/input username'

2023-08-31 10:54:41 - [TEST_STEP][PASSED] - setText(findTestObject("Login/input password"), "secret_sauce"): Text 'secret_sauce' is set on object 'Object Repository/Login/input password'

2023-08-31 10:54:42 - [MESSAGE][PASSED] - Text 'secret_sauce' is set on object 'Object Repository/Login/input password'

2023-08-31 10:54:42 - [TEST_STEP][PASSED] - click(findTestObject("Login/login-button")): Object: 'Object Repository/Login/login-button' is clicked on

2023-08-31 10:54:43 - [MESSAGE][PASSED] - Object: 'Object Repository/Login/login-button' is clicked on

2023-08-31 10:54:43 - [TEST_STEP][PASSED] - verifyElementPresent(findTestObject("Login/tittle Swag Labs"), 0): Object 'Object Repository/Login/tittle Swag Labs' is present

2023-08-31 10:54:43 - [MESSAGE][WARNING] - Timeout '0' is invalid. Using default page load timeout: '30'

2023-08-31 10:54:43 - [MESSAGE][PASSED] - Object 'Object Repository/Login/tittle Swag Labs' is present

2023-08-31 10:54:43 - [MESSAGE][PASSED] - Call Test Case 'Test Cases/Login/TC-Login-Success-001' successfully

2023-08-31 10:54:43 - [TEST_STEP][PASSED] - click(findTestObject("Keranjang/a_Swag Labs_shopping_cart_link")): Object: 'Object Repository/Keranjang/a_Swag Labs_shopping_cart_link' is clicked on

2023-08-31 10:54:44 - [MESSAGE][PASSED] - Object: 'Object Repository/Keranjang/a_Swag Labs_shopping_cart_link' is clicked on]]></system-out>
         <system-err><![CDATA[]]></system-err>
      </testcase>
      <testcase name="Test Cases/Keranjang/TC-Cart-Show-002" time="11.159" classname="Test Cases/Keranjang/TC-Cart-Show-002" status="PASSED">
         <system-out><![CDATA[2023-08-31 10:54:44 - [TEST_CASE][PASSED] - Test Cases/Keranjang/TC-Cart-Show-002: Test Cases/Keranjang/TC-Cart-Show-002

2023-08-31 10:54:44 - [TEST_STEP][PASSED] - data = callTestCase(findTestCase("Products/TC-Product-AddCart-001"), [:], STOP_ON_FAILURE): Call Test Case 'Test Cases/Products/TC-Product-AddCart-001' successfully

2023-08-31 10:54:44 - [TEST_CASE][PASSED] - Test Cases/Products/TC-Product-AddCart-001: Test Cases/Products/TC-Product-AddCart-001

2023-08-31 10:54:44 - [TEST_STEP][PASSED] - callTestCase(findTestCase("Products/TC-Product-Show-001"), [:], STOP_ON_FAILURE): Call Test Case 'Test Cases/Products/TC-Product-Show-001' successfully

2023-08-31 10:54:44 - [TEST_CASE][PASSED] - Test Cases/Products/TC-Product-Show-001: Test Cases/Products/TC-Product-Show-001

2023-08-31 10:54:44 - [TEST_STEP][PASSED] - callTestCase(findTestCase("Login/TC-Login-Success-001"), [:], STOP_ON_FAILURE): Call Test Case 'Test Cases/Login/TC-Login-Success-001' successfully

2023-08-31 10:54:44 - [TEST_CASE][PASSED] - Test Cases/Login/TC-Login-Success-001: Test Cases/Login/TC-Login-Success-001

2023-08-31 10:54:44 - [TEST_STEP][PASSED] - openBrowser("https://www.saucedemo.com/"): Browser is opened with url: 'https://www.saucedemo.com/'

2023-08-31 10:54:44 - [MESSAGE][WARNING] - A browser is already opened. Closing browser and opening a new one

2023-08-31 10:54:45 - [MESSAGE][INFO] - Starting 'Edge Chromium' driver

2023-08-31 10:54:46 - [MESSAGE][INFO] - Action delay is set to 0 milliseconds

2023-08-31 10:54:49 - [MESSAGE][PASSED] - Browser is opened with url: 'https://www.saucedemo.com/'

2023-08-31 10:54:49 - [TEST_STEP][PASSED] - setText(findTestObject("Login/input username"), "standard_user"): Text 'standard_user' is set on object 'Object Repository/Login/input username'

2023-08-31 10:54:49 - [MESSAGE][PASSED] - Text 'standard_user' is set on object 'Object Repository/Login/input username'

2023-08-31 10:54:49 - [TEST_STEP][PASSED] - setText(findTestObject("Login/input password"), "secret_sauce"): Text 'secret_sauce' is set on object 'Object Repository/Login/input password'

2023-08-31 10:54:50 - [MESSAGE][PASSED] - Text 'secret_sauce' is set on object 'Object Repository/Login/input password'

2023-08-31 10:54:50 - [TEST_STEP][PASSED] - click(findTestObject("Login/login-button")): Object: 'Object Repository/Login/login-button' is clicked on

2023-08-31 10:54:51 - [MESSAGE][PASSED] - Object: 'Object Repository/Login/login-button' is clicked on

2023-08-31 10:54:51 - [TEST_STEP][PASSED] - verifyElementPresent(findTestObject("Login/tittle Swag Labs"), 0): Object 'Object Repository/Login/tittle Swag Labs' is present

2023-08-31 10:54:51 - [MESSAGE][WARNING] - Timeout '0' is invalid. Using default page load timeout: '30'

2023-08-31 10:54:51 - [MESSAGE][PASSED] - Object 'Object Repository/Login/tittle Swag Labs' is present

2023-08-31 10:54:51 - [MESSAGE][PASSED] - Call Test Case 'Test Cases/Login/TC-Login-Success-001' successfully

2023-08-31 10:54:51 - [MESSAGE][PASSED] - Call Test Case 'Test Cases/Products/TC-Product-Show-001' successfully

2023-08-31 10:54:51 - [TEST_STEP][PASSED] - click(findTestObject("Products/button_Add to cart 1")): Object: 'Object Repository/Products/button_Add to cart 1' is clicked on

2023-08-31 10:54:52 - [MESSAGE][PASSED] - Object: 'Object Repository/Products/button_Add to cart 1' is clicked on

2023-08-31 10:54:52 - [TEST_STEP][PASSED] - verifyElementPresent(findTestObject("Keranjang/Notifikasi add cart 1"), 1): Object 'Object Repository/Keranjang/Notifikasi add cart 1' is present

2023-08-31 10:54:52 - [MESSAGE][PASSED] - Object 'Object Repository/Keranjang/Notifikasi add cart 1' is present

2023-08-31 10:54:52 - [TEST_STEP][PASSED] - nama = text: null

2023-08-31 10:54:53 - [TEST_STEP][PASSED] - deskripsi = text: null

2023-08-31 10:54:53 - [TEST_STEP][PASSED] - price = text: null

2023-08-31 10:54:54 - [TEST_STEP][PASSED] - data = new java.util.HashMap(): null

2023-08-31 10:54:54 - [TEST_STEP][PASSED] - data.put("nama_barang", nama): null

2023-08-31 10:54:54 - [TEST_STEP][PASSED] - data.put("deskrispi_barang", deskripsi): null

2023-08-31 10:54:54 - [TEST_STEP][PASSED] - data.put("price_barang", price): null

2023-08-31 10:54:54 - [TEST_STEP][PASSED] - return data: null

2023-08-31 10:54:54 - [MESSAGE][PASSED] - Call Test Case 'Test Cases/Products/TC-Product-AddCart-001' successfully

2023-08-31 10:54:54 - [TEST_STEP][PASSED] - name_cart = getText(findTestObject("Name Products/Nama Barang Sauce Labs Backpack")): Text of object 'Object Repository/Name Products/Nama Barang Sauce Labs Backpack' is: 'Sauce Labs Backpack'

2023-08-31 10:54:54 - [MESSAGE][PASSED] - Text of object 'Object Repository/Name Products/Nama Barang Sauce Labs Backpack' is: 'Sauce Labs Backpack'

2023-08-31 10:54:54 - [TEST_STEP][PASSED] - desc_cart = getText(findTestObject("Name Products/Deskripsi Barang")): Text of object 'Object Repository/Name Products/Deskripsi Barang' is: 'carry.allTheThings() with the sleek, streamlined Sly Pack that melds uncompromising style with unequaled laptop and tablet protection.'

2023-08-31 10:54:54 - [MESSAGE][PASSED] - Text of object 'Object Repository/Name Products/Deskripsi Barang' is: 'carry.allTheThings() with the sleek, streamlined Sly Pack that melds uncompromising style with unequaled laptop and tablet protection.'

2023-08-31 10:54:54 - [TEST_STEP][PASSED] - price_cart = getText(findTestObject("Name Products/Harga Barang")): Text of object 'Object Repository/Name Products/Harga Barang' is: '$29.99'

2023-08-31 10:54:55 - [MESSAGE][PASSED] - Text of object 'Object Repository/Name Products/Harga Barang' is: '$29.99'

2023-08-31 10:54:55 - [TEST_STEP][PASSED] - click(findTestObject("Keranjang/a_Swag Labs_shopping_cart_link")): Object: 'Object Repository/Keranjang/a_Swag Labs_shopping_cart_link' is clicked on

2023-08-31 10:54:55 - [MESSAGE][PASSED] - Object: 'Object Repository/Keranjang/a_Swag Labs_shopping_cart_link' is clicked on

2023-08-31 10:54:55 - [TEST_STEP][PASSED] - name_product = data.get("nama_barang"): null

2023-08-31 10:54:55 - [TEST_STEP][PASSED] - desc_product = data.get("deskrispi_barang"): null

2023-08-31 10:54:55 - [TEST_STEP][PASSED] - price_product = data.get("price_barang"): null

2023-08-31 10:54:55 - [TEST_STEP][PASSED] - assert name_product == name_cart: null

2023-08-31 10:54:55 - [TEST_STEP][PASSED] - assert desc_product == desc_cart: null

2023-08-31 10:54:55 - [TEST_STEP][PASSED] - assert price_product == price_cart: null

2023-08-31 10:54:55 - [TEST_STEP][PASSED] - return data: null]]></system-out>
         <system-err><![CDATA[]]></system-err>
      </testcase>
      <testcase name="Test Cases/Keranjang/TC-Cart-Show-003" time="15.554" classname="Test Cases/Keranjang/TC-Cart-Show-003" status="PASSED">
         <system-out><![CDATA[2023-08-31 10:54:55 - [TEST_CASE][PASSED] - Test Cases/Keranjang/TC-Cart-Show-003: Test Cases/Keranjang/TC-Cart-Show-003

2023-08-31 10:54:55 - [TEST_STEP][PASSED] - data = callTestCase(findTestCase("Products/TC-Product-AddCart-002"), [:], STOP_ON_FAILURE): Call Test Case 'Test Cases/Products/TC-Product-AddCart-002' successfully

2023-08-31 10:54:55 - [TEST_CASE][PASSED] - Test Cases/Products/TC-Product-AddCart-002: Test Cases/Products/TC-Product-AddCart-002

2023-08-31 10:54:55 - [TEST_STEP][PASSED] - data = callTestCase(findTestCase("Products/TC-Product-AddCart-001"), [:], STOP_ON_FAILURE): Call Test Case 'Test Cases/Products/TC-Product-AddCart-001' successfully

2023-08-31 10:54:56 - [TEST_CASE][PASSED] - Test Cases/Products/TC-Product-AddCart-001: Test Cases/Products/TC-Product-AddCart-001

2023-08-31 10:54:56 - [TEST_STEP][PASSED] - callTestCase(findTestCase("Products/TC-Product-Show-001"), [:], STOP_ON_FAILURE): Call Test Case 'Test Cases/Products/TC-Product-Show-001' successfully

2023-08-31 10:54:56 - [TEST_CASE][PASSED] - Test Cases/Products/TC-Product-Show-001: Test Cases/Products/TC-Product-Show-001

2023-08-31 10:54:56 - [TEST_STEP][PASSED] - callTestCase(findTestCase("Login/TC-Login-Success-001"), [:], STOP_ON_FAILURE): Call Test Case 'Test Cases/Login/TC-Login-Success-001' successfully

2023-08-31 10:54:56 - [TEST_CASE][PASSED] - Test Cases/Login/TC-Login-Success-001: Test Cases/Login/TC-Login-Success-001

2023-08-31 10:54:56 - [TEST_STEP][PASSED] - openBrowser("https://www.saucedemo.com/"): Browser is opened with url: 'https://www.saucedemo.com/'

2023-08-31 10:54:56 - [MESSAGE][WARNING] - A browser is already opened. Closing browser and opening a new one

2023-08-31 10:54:56 - [MESSAGE][INFO] - Starting 'Edge Chromium' driver

2023-08-31 10:54:59 - [MESSAGE][INFO] - Action delay is set to 0 milliseconds

2023-08-31 10:55:02 - [MESSAGE][PASSED] - Browser is opened with url: 'https://www.saucedemo.com/'

2023-08-31 10:55:02 - [TEST_STEP][PASSED] - setText(findTestObject("Login/input username"), "standard_user"): Text 'standard_user' is set on object 'Object Repository/Login/input username'

2023-08-31 10:55:03 - [MESSAGE][PASSED] - Text 'standard_user' is set on object 'Object Repository/Login/input username'

2023-08-31 10:55:03 - [TEST_STEP][PASSED] - setText(findTestObject("Login/input password"), "secret_sauce"): Text 'secret_sauce' is set on object 'Object Repository/Login/input password'

2023-08-31 10:55:03 - [MESSAGE][PASSED] - Text 'secret_sauce' is set on object 'Object Repository/Login/input password'

2023-08-31 10:55:03 - [TEST_STEP][PASSED] - click(findTestObject("Login/login-button")): Object: 'Object Repository/Login/login-button' is clicked on

2023-08-31 10:55:04 - [MESSAGE][PASSED] - Object: 'Object Repository/Login/login-button' is clicked on

2023-08-31 10:55:04 - [TEST_STEP][PASSED] - verifyElementPresent(findTestObject("Login/tittle Swag Labs"), 0): Object 'Object Repository/Login/tittle Swag Labs' is present

2023-08-31 10:55:04 - [MESSAGE][WARNING] - Timeout '0' is invalid. Using default page load timeout: '30'

2023-08-31 10:55:04 - [MESSAGE][PASSED] - Object 'Object Repository/Login/tittle Swag Labs' is present

2023-08-31 10:55:04 - [MESSAGE][PASSED] - Call Test Case 'Test Cases/Login/TC-Login-Success-001' successfully

2023-08-31 10:55:04 - [MESSAGE][PASSED] - Call Test Case 'Test Cases/Products/TC-Product-Show-001' successfully

2023-08-31 10:55:04 - [TEST_STEP][PASSED] - click(findTestObject("Products/button_Add to cart 1")): Object: 'Object Repository/Products/button_Add to cart 1' is clicked on

2023-08-31 10:55:05 - [MESSAGE][PASSED] - Object: 'Object Repository/Products/button_Add to cart 1' is clicked on

2023-08-31 10:55:05 - [TEST_STEP][PASSED] - verifyElementPresent(findTestObject("Keranjang/Notifikasi add cart 1"), 1): Object 'Object Repository/Keranjang/Notifikasi add cart 1' is present

2023-08-31 10:55:05 - [MESSAGE][PASSED] - Object 'Object Repository/Keranjang/Notifikasi add cart 1' is present

2023-08-31 10:55:05 - [TEST_STEP][PASSED] - nama = text: null

2023-08-31 10:55:06 - [TEST_STEP][PASSED] - deskripsi = text: null

2023-08-31 10:55:06 - [TEST_STEP][PASSED] - price = text: null

2023-08-31 10:55:07 - [TEST_STEP][PASSED] - data = new java.util.HashMap(): null

2023-08-31 10:55:07 - [TEST_STEP][PASSED] - data.put("nama_barang", nama): null

2023-08-31 10:55:07 - [TEST_STEP][PASSED] - data.put("deskrispi_barang", deskripsi): null

2023-08-31 10:55:07 - [TEST_STEP][PASSED] - data.put("price_barang", price): null

2023-08-31 10:55:07 - [TEST_STEP][PASSED] - return data: null

2023-08-31 10:55:07 - [MESSAGE][PASSED] - Call Test Case 'Test Cases/Products/TC-Product-AddCart-001' successfully

2023-08-31 10:55:07 - [TEST_STEP][PASSED] - click(findTestObject("Products/button_Add to cart 2")): Object: 'Object Repository/Products/button_Add to cart 2' is clicked on

2023-08-31 10:55:07 - [MESSAGE][PASSED] - Object: 'Object Repository/Products/button_Add to cart 2' is clicked on

2023-08-31 10:55:07 - [TEST_STEP][PASSED] - verifyElementPresent(findTestObject("Products/button_Remove"), 0): Object 'Object Repository/Products/button_Remove' is present

2023-08-31 10:55:07 - [MESSAGE][WARNING] - Timeout '0' is invalid. Using default page load timeout: '30'

2023-08-31 10:55:07 - [MESSAGE][PASSED] - Object 'Object Repository/Products/button_Remove' is present

2023-08-31 10:55:07 - [TEST_STEP][PASSED] - verifyElementPresent(findTestObject("Keranjang/Notifikasi add cart 2"), 2): Object 'Object Repository/Keranjang/Notifikasi add cart 2' is present

2023-08-31 10:55:08 - [MESSAGE][PASSED] - Object 'Object Repository/Keranjang/Notifikasi add cart 2' is present

2023-08-31 10:55:08 - [TEST_STEP][PASSED] - name = text: null

2023-08-31 10:55:08 - [TEST_STEP][PASSED] - desc = text: null

2023-08-31 10:55:09 - [TEST_STEP][PASSED] - price = text: null

2023-08-31 10:55:09 - [TEST_STEP][PASSED] - nameProductList = new java.util.ArrayList(): null

2023-08-31 10:55:09 - [TEST_STEP][PASSED] - nameProductList.add(data.get("nama_barang")): null

2023-08-31 10:55:09 - [TEST_STEP][PASSED] - nameProductList.add(name): null

2023-08-31 10:55:09 - [TEST_STEP][PASSED] - println(nameProductList.get(0)): null

2023-08-31 10:55:09 - [TEST_STEP][PASSED] - descProductList = new java.util.ArrayList(): null

2023-08-31 10:55:09 - [TEST_STEP][PASSED] - descProductList.add(data.get("deskrispi_barang")): null

2023-08-31 10:55:09 - [TEST_STEP][PASSED] - descProductList.add(desc): null

2023-08-31 10:55:09 - [TEST_STEP][PASSED] - priceProductList = new java.util.ArrayList(): null

2023-08-31 10:55:09 - [TEST_STEP][PASSED] - priceProductList.add(data.get("price_barang")): null

2023-08-31 10:55:09 - [TEST_STEP][PASSED] - priceProductList.add(price): null

2023-08-31 10:55:09 - [TEST_STEP][PASSED] - data.put("Product_name", nameProductList): null

2023-08-31 10:55:09 - [TEST_STEP][PASSED] - data.put("deskrispi_barang", descProductList): null

2023-08-31 10:55:09 - [TEST_STEP][PASSED] - data.put("price_barang", priceProductList): null

2023-08-31 10:55:09 - [TEST_STEP][PASSED] - return data: null

2023-08-31 10:55:09 - [MESSAGE][PASSED] - Call Test Case 'Test Cases/Products/TC-Product-AddCart-002' successfully

2023-08-31 10:55:09 - [TEST_STEP][PASSED] - click(findTestObject("Keranjang/a_Swag Labs_shopping_cart_link")): Object: 'Object Repository/Keranjang/a_Swag Labs_shopping_cart_link' is clicked on

2023-08-31 10:55:09 - [MESSAGE][PASSED] - Object: 'Object Repository/Keranjang/a_Swag Labs_shopping_cart_link' is clicked on

2023-08-31 10:55:09 - [TEST_STEP][PASSED] - sourceProductTitleList = findWebElements(findTestObject("Object Repository/Barang 1/Barang add to cart 2/Nama 2 barang"), 10): null

2023-08-31 10:55:10 - [TEST_STEP][PASSED] - sourceProductDescList = findWebElements(findTestObject("Object Repository/Barang 1/Barang add to cart 2/Deskripsi 2 barang"), 10): null

2023-08-31 10:55:10 - [TEST_STEP][PASSED] - sourceProductPriceList = findWebElements(findTestObject("Object Repository/Barang 1/Barang add to cart 2/Harga 2 barang"), 10): null

2023-08-31 10:55:11 - [TEST_STEP][PASSED] - oriProductTitleList = new java.util.ArrayList(): null

2023-08-31 10:55:11 - [TEST_STEP][PASSED] - oriProductDescList = new java.util.ArrayList(): null

2023-08-31 10:55:11 - [TEST_STEP][PASSED] - oriProductPriceList = new java.util.ArrayList(): null

2023-08-31 10:55:11 - [TEST_STEP][PASSED] - for ([i = 0, i < sourceProductTitleList.size(), (i++)]): null

2023-08-31 10:55:11 - [TEST_STEP][PASSED] - ProductTitleText = text.trim(): null

2023-08-31 10:55:11 - [TEST_STEP][PASSED] - ProductDescText = text.trim(): null

2023-08-31 10:55:11 - [TEST_STEP][PASSED] - ProductPriceText = replace("Remove", "").trim(): null

2023-08-31 10:55:11 - [TEST_STEP][PASSED] - oriProductTitleList.add(ProductTitleText): null

2023-08-31 10:55:11 - [TEST_STEP][PASSED] - oriProductDescList.add(ProductDescText): null

2023-08-31 10:55:11 - [TEST_STEP][PASSED] - oriProductPriceList.add(ProductPriceText): null

2023-08-31 10:55:11 - [TEST_STEP][PASSED] - ProductTitleText = text.trim(): null

2023-08-31 10:55:11 - [TEST_STEP][PASSED] - ProductDescText = text.trim(): null

2023-08-31 10:55:11 - [TEST_STEP][PASSED] - ProductPriceText = replace("Remove", "").trim(): null

2023-08-31 10:55:11 - [TEST_STEP][PASSED] - oriProductTitleList.add(ProductTitleText): null

2023-08-31 10:55:11 - [TEST_STEP][PASSED] - oriProductDescList.add(ProductDescText): null

2023-08-31 10:55:11 - [TEST_STEP][PASSED] - oriProductPriceList.add(ProductPriceText): null

2023-08-31 10:55:11 - [TEST_STEP][PASSED] - println(oriProductTitleList): null

2023-08-31 10:55:11 - [TEST_STEP][PASSED] - assert data.get("Product_name") == oriProductTitleList: null

2023-08-31 10:55:11 - [TEST_STEP][PASSED] - assert data.get("deskrispi_barang") == oriProductDescList: null

2023-08-31 10:55:11 - [TEST_STEP][PASSED] - assert data.get("price_barang") == oriProductPriceList: null

2023-08-31 10:55:11 - [TEST_STEP][PASSED] - return data: null]]></system-out>
         <system-err><![CDATA[]]></system-err>
      </testcase>
      <testcase name="Test Cases/Checkout/TC-Checkout-Error-001" time="17.681" classname="Test Cases/Checkout/TC-Checkout-Error-001" status="PASSED">
         <system-out><![CDATA[2023-08-31 10:55:11 - [TEST_CASE][PASSED] - Test Cases/Checkout/TC-Checkout-Error-001: Test Cases/Checkout/TC-Checkout-Error-001

2023-08-31 10:55:11 - [TEST_STEP][PASSED] - callTestCase(findTestCase("Keranjang/TC-Cart-Show-002"), [:], STOP_ON_FAILURE): Call Test Case 'Test Cases/Keranjang/TC-Cart-Show-002' successfully

2023-08-31 10:55:11 - [TEST_CASE][PASSED] - Test Cases/Keranjang/TC-Cart-Show-002: Test Cases/Keranjang/TC-Cart-Show-002

2023-08-31 10:55:11 - [TEST_STEP][PASSED] - data = callTestCase(findTestCase("Products/TC-Product-AddCart-001"), [:], STOP_ON_FAILURE): Call Test Case 'Test Cases/Products/TC-Product-AddCart-001' successfully

2023-08-31 10:55:11 - [TEST_CASE][PASSED] - Test Cases/Products/TC-Product-AddCart-001: Test Cases/Products/TC-Product-AddCart-001

2023-08-31 10:55:11 - [TEST_STEP][PASSED] - callTestCase(findTestCase("Products/TC-Product-Show-001"), [:], STOP_ON_FAILURE): Call Test Case 'Test Cases/Products/TC-Product-Show-001' successfully

2023-08-31 10:55:11 - [TEST_CASE][PASSED] - Test Cases/Products/TC-Product-Show-001: Test Cases/Products/TC-Product-Show-001

2023-08-31 10:55:11 - [TEST_STEP][PASSED] - callTestCase(findTestCase("Login/TC-Login-Success-001"), [:], STOP_ON_FAILURE): Call Test Case 'Test Cases/Login/TC-Login-Success-001' successfully

2023-08-31 10:55:11 - [TEST_CASE][PASSED] - Test Cases/Login/TC-Login-Success-001: Test Cases/Login/TC-Login-Success-001

2023-08-31 10:55:11 - [TEST_STEP][PASSED] - openBrowser("https://www.saucedemo.com/"): Browser is opened with url: 'https://www.saucedemo.com/'

2023-08-31 10:55:11 - [MESSAGE][WARNING] - A browser is already opened. Closing browser and opening a new one

2023-08-31 10:55:12 - [MESSAGE][INFO] - Starting 'Edge Chromium' driver

2023-08-31 10:55:14 - [MESSAGE][INFO] - Action delay is set to 0 milliseconds

2023-08-31 10:55:18 - [MESSAGE][PASSED] - Browser is opened with url: 'https://www.saucedemo.com/'

2023-08-31 10:55:18 - [TEST_STEP][PASSED] - setText(findTestObject("Login/input username"), "standard_user"): Text 'standard_user' is set on object 'Object Repository/Login/input username'

2023-08-31 10:55:19 - [MESSAGE][PASSED] - Text 'standard_user' is set on object 'Object Repository/Login/input username'

2023-08-31 10:55:19 - [TEST_STEP][PASSED] - setText(findTestObject("Login/input password"), "secret_sauce"): Text 'secret_sauce' is set on object 'Object Repository/Login/input password'

2023-08-31 10:55:20 - [MESSAGE][PASSED] - Text 'secret_sauce' is set on object 'Object Repository/Login/input password'

2023-08-31 10:55:20 - [TEST_STEP][PASSED] - click(findTestObject("Login/login-button")): Object: 'Object Repository/Login/login-button' is clicked on

2023-08-31 10:55:21 - [MESSAGE][PASSED] - Object: 'Object Repository/Login/login-button' is clicked on

2023-08-31 10:55:21 - [TEST_STEP][PASSED] - verifyElementPresent(findTestObject("Login/tittle Swag Labs"), 0): Object 'Object Repository/Login/tittle Swag Labs' is present

2023-08-31 10:55:21 - [MESSAGE][WARNING] - Timeout '0' is invalid. Using default page load timeout: '30'

2023-08-31 10:55:21 - [MESSAGE][PASSED] - Object 'Object Repository/Login/tittle Swag Labs' is present

2023-08-31 10:55:21 - [MESSAGE][PASSED] - Call Test Case 'Test Cases/Login/TC-Login-Success-001' successfully

2023-08-31 10:55:21 - [MESSAGE][PASSED] - Call Test Case 'Test Cases/Products/TC-Product-Show-001' successfully

2023-08-31 10:55:21 - [TEST_STEP][PASSED] - click(findTestObject("Products/button_Add to cart 1")): Object: 'Object Repository/Products/button_Add to cart 1' is clicked on

2023-08-31 10:55:22 - [MESSAGE][PASSED] - Object: 'Object Repository/Products/button_Add to cart 1' is clicked on

2023-08-31 10:55:22 - [TEST_STEP][PASSED] - verifyElementPresent(findTestObject("Keranjang/Notifikasi add cart 1"), 1): Object 'Object Repository/Keranjang/Notifikasi add cart 1' is present

2023-08-31 10:55:22 - [MESSAGE][PASSED] - Object 'Object Repository/Keranjang/Notifikasi add cart 1' is present

2023-08-31 10:55:22 - [TEST_STEP][PASSED] - nama = text: null

2023-08-31 10:55:23 - [TEST_STEP][PASSED] - deskripsi = text: null

2023-08-31 10:55:23 - [TEST_STEP][PASSED] - price = text: null

2023-08-31 10:55:23 - [TEST_STEP][PASSED] - data = new java.util.HashMap(): null

2023-08-31 10:55:23 - [TEST_STEP][PASSED] - data.put("nama_barang", nama): null

2023-08-31 10:55:23 - [TEST_STEP][PASSED] - data.put("deskrispi_barang", deskripsi): null

2023-08-31 10:55:23 - [TEST_STEP][PASSED] - data.put("price_barang", price): null

2023-08-31 10:55:23 - [TEST_STEP][PASSED] - return data: null

2023-08-31 10:55:23 - [MESSAGE][PASSED] - Call Test Case 'Test Cases/Products/TC-Product-AddCart-001' successfully

2023-08-31 10:55:23 - [TEST_STEP][PASSED] - name_cart = getText(findTestObject("Name Products/Nama Barang Sauce Labs Backpack")): Text of object 'Object Repository/Name Products/Nama Barang Sauce Labs Backpack' is: 'Sauce Labs Backpack'

2023-08-31 10:55:24 - [MESSAGE][PASSED] - Text of object 'Object Repository/Name Products/Nama Barang Sauce Labs Backpack' is: 'Sauce Labs Backpack'

2023-08-31 10:55:24 - [TEST_STEP][PASSED] - desc_cart = getText(findTestObject("Name Products/Deskripsi Barang")): Text of object 'Object Repository/Name Products/Deskripsi Barang' is: 'carry.allTheThings() with the sleek, streamlined Sly Pack that melds uncompromising style with unequaled laptop and tablet protection.'

2023-08-31 10:55:24 - [MESSAGE][PASSED] - Text of object 'Object Repository/Name Products/Deskripsi Barang' is: 'carry.allTheThings() with the sleek, streamlined Sly Pack that melds uncompromising style with unequaled laptop and tablet protection.'

2023-08-31 10:55:24 - [TEST_STEP][PASSED] - price_cart = getText(findTestObject("Name Products/Harga Barang")): Text of object 'Object Repository/Name Products/Harga Barang' is: '$29.99'

2023-08-31 10:55:24 - [MESSAGE][PASSED] - Text of object 'Object Repository/Name Products/Harga Barang' is: '$29.99'

2023-08-31 10:55:24 - [TEST_STEP][PASSED] - click(findTestObject("Keranjang/a_Swag Labs_shopping_cart_link")): Object: 'Object Repository/Keranjang/a_Swag Labs_shopping_cart_link' is clicked on

2023-08-31 10:55:25 - [MESSAGE][PASSED] - Object: 'Object Repository/Keranjang/a_Swag Labs_shopping_cart_link' is clicked on

2023-08-31 10:55:25 - [TEST_STEP][PASSED] - name_product = data.get("nama_barang"): null

2023-08-31 10:55:25 - [TEST_STEP][PASSED] - desc_product = data.get("deskrispi_barang"): null

2023-08-31 10:55:25 - [TEST_STEP][PASSED] - price_product = data.get("price_barang"): null

2023-08-31 10:55:25 - [TEST_STEP][PASSED] - assert name_product == name_cart: null

2023-08-31 10:55:25 - [TEST_STEP][PASSED] - assert desc_product == desc_cart: null

2023-08-31 10:55:25 - [TEST_STEP][PASSED] - assert price_product == price_cart: null

2023-08-31 10:55:25 - [TEST_STEP][PASSED] - return data: null

2023-08-31 10:55:25 - [MESSAGE][PASSED] - Call Test Case 'Test Cases/Keranjang/TC-Cart-Show-002' successfully

2023-08-31 10:55:25 - [TEST_STEP][PASSED] - click(findTestObject("Checkout/button_Checkout")): Object: 'Object Repository/Checkout/button_Checkout' is clicked on

2023-08-31 10:55:25 - [MESSAGE][PASSED] - Object: 'Object Repository/Checkout/button_Checkout' is clicked on

2023-08-31 10:55:25 - [TEST_STEP][PASSED] - verifyElementPresent(findTestObject("Checkout/span_Checkout Your Information"), 0): Object 'Object Repository/Checkout/span_Checkout Your Information' is present

2023-08-31 10:55:25 - [MESSAGE][WARNING] - Timeout '0' is invalid. Using default page load timeout: '30'

2023-08-31 10:55:26 - [MESSAGE][PASSED] - Object 'Object Repository/Checkout/span_Checkout Your Information' is present

2023-08-31 10:55:26 - [TEST_STEP][PASSED] - setText(findTestObject("Checkout/input lastName"), "afandi"): Text 'afandi' is set on object 'Object Repository/Checkout/input lastName'

2023-08-31 10:55:26 - [MESSAGE][PASSED] - Text 'afandi' is set on object 'Object Repository/Checkout/input lastName'

2023-08-31 10:55:26 - [TEST_STEP][PASSED] - setText(findTestObject("Checkout/input postalCode"), "12345"): Text '12345' is set on object 'Object Repository/Checkout/input postalCode'

2023-08-31 10:55:27 - [MESSAGE][PASSED] - Text '12345' is set on object 'Object Repository/Checkout/input postalCode'

2023-08-31 10:55:27 - [TEST_STEP][PASSED] - click(findTestObject("Checkout/input continue checkout")): Object: 'Object Repository/Checkout/input continue checkout' is clicked on

2023-08-31 10:55:28 - [MESSAGE][PASSED] - Object: 'Object Repository/Checkout/input continue checkout' is clicked on

2023-08-31 10:55:28 - [TEST_STEP][PASSED] - verifyElementText(findTestObject("Checkout/Massage Error First Name is required"), "Error: First Name is required"): Actual text and expected text of test object 'Object Repository/Checkout/Massage Error First Name is required' are matched.

2023-08-31 10:55:28 - [MESSAGE][PASSED] - Actual text and expected text of test object 'Object Repository/Checkout/Massage Error First Name is required' are matched.]]></system-out>
         <system-err><![CDATA[]]></system-err>
      </testcase>
      <testcase name="Test Cases/Checkout/TC-Checkout-Error-002" time="16.474" classname="Test Cases/Checkout/TC-Checkout-Error-002" status="FAILED">
         <failure type="FAILED" message="Test Cases/Checkout/TC-Checkout-Error-002 FAILED.
Reason:
com.kms.katalon.core.exception.StepFailedException: Verify element text of test object 'Object Repository/Checkout/Massage Error Last Name is required' FAILED.
	at com.kms.katalon.core.webui.keyword.internal.WebUIKeywordMain.stepFailed(WebUIKeywordMain.groovy:64)
	at com.kms.katalon.core.webui.keyword.internal.WebUIKeywordMain.runKeyword(WebUIKeywordMain.groovy:26)
	at com.kms.katalon.core.webui.keyword.builtin.VerifyElementTextKeyword.verifyElementText(VerifyElementTextKeyword.groovy:72)
	at com.kms.katalon.core.webui.keyword.builtin.VerifyElementTextKeyword.execute(VerifyElementTextKeyword.groovy:40)
	at com.kms.katalon.core.keyword.internal.KeywordExecutor.executeKeywordForPlatform(KeywordExecutor.groovy:74)
	at com.kms.katalon.core.webui.keyword.WebUiBuiltInKeywords.verifyElementText(WebUiBuiltInKeywords.groovy:4749)
	at com.kms.katalon.core.webui.keyword.WebUiBuiltInKeywords$verifyElementText$2.call(Unknown Source)
	at TC-Checkout-Error-002.run(TC-Checkout-Error-002:32)
	at com.kms.katalon.core.main.ScriptEngine.run(ScriptEngine.java:194)
	at com.kms.katalon.core.main.ScriptEngine.runScriptAsRawText(ScriptEngine.java:119)
	at com.kms.katalon.core.main.TestCaseExecutor.runScript(TestCaseExecutor.java:448)
	at com.kms.katalon.core.main.TestCaseExecutor.doExecute(TestCaseExecutor.java:439)
	at com.kms.katalon.core.main.TestCaseExecutor.processExecutionPhase(TestCaseExecutor.java:418)
	at com.kms.katalon.core.main.TestCaseExecutor.accessMainPhase(TestCaseExecutor.java:410)
	at com.kms.katalon.core.main.TestCaseExecutor.execute(TestCaseExecutor.java:285)
	at com.kms.katalon.core.main.TestCaseExecutor.execute(TestCaseExecutor.java:369)
	at com.kms.katalon.core.main.TestCaseExecutor.execute(TestCaseExecutor.java:369)
	at com.kms.katalon.core.main.TestCaseExecutor.execute(TestCaseExecutor.java:369)
	at com.kms.katalon.core.common.CommonExecutor.accessTestCaseMainPhase(CommonExecutor.java:65)
	at com.kms.katalon.core.main.TestSuiteExecutor.accessTestSuiteMainPhase(TestSuiteExecutor.java:148)
	at com.kms.katalon.core.main.TestSuiteExecutor.execute(TestSuiteExecutor.java:106)
	at com.kms.katalon.core.main.TestCaseMain.startTestSuite(TestCaseMain.java:187)
	at com.kms.katalon.core.main.TestCaseMain$startTestSuite$0.call(Unknown Source)
	at TempTestSuite1693453501507.run(TempTestSuite1693453501507.groovy:36)
Caused by: com.kms.katalon.core.exception.StepFailedException: Actual text 'Error: Last Name is required' and expected text 'Then will be show error message &quot;Last Name Required' of test object 'Object Repository/Checkout/Massage Error Last Name is required' are NOT matched.
	at com.kms.katalon.core.webui.keyword.internal.WebUIKeywordMain.stepFailed(WebUIKeywordMain.groovy:64)
	at com.kms.katalon.core.webui.keyword.builtin.VerifyElementTextKeyword$_verifyElementText_closure1.doCall(VerifyElementTextKeyword.groovy:57)
	at com.kms.katalon.core.webui.keyword.builtin.VerifyElementTextKeyword$_verifyElementText_closure1.call(VerifyElementTextKeyword.groovy)
	at com.kms.katalon.core.webui.keyword.internal.WebUIKeywordMain.runKeyword(WebUIKeywordMain.groovy:20)
	... 22 more
"/>
         <system-out><![CDATA[2023-08-31 10:56:19 - [TEST_CASE][FAILED] - Test Cases/Checkout/TC-Checkout-Error-002: Test Cases/Checkout/TC-Checkout-Error-002 FAILED.
Reason:
com.kms.katalon.core.exception.StepFailedException: Verify element text of test object 'Object Repository/Checkout/Massage Error Last Name is required' FAILED.
	at com.kms.katalon.core.webui.keyword.internal.WebUIKeywordMain.stepFailed(WebUIKeywordMain.groovy:64)
	at com.kms.katalon.core.webui.keyword.internal.WebUIKeywordMain.runKeyword(WebUIKeywordMain.groovy:26)
	at com.kms.katalon.core.webui.keyword.builtin.VerifyElementTextKeyword.verifyElementText(VerifyElementTextKeyword.groovy:72)
	at com.kms.katalon.core.webui.keyword.builtin.VerifyElementTextKeyword.execute(VerifyElementTextKeyword.groovy:40)
	at com.kms.katalon.core.keyword.internal.KeywordExecutor.executeKeywordForPlatform(KeywordExecutor.groovy:74)
	at com.kms.katalon.core.webui.keyword.WebUiBuiltInKeywords.verifyElementText(WebUiBuiltInKeywords.groovy:4749)
	at com.kms.katalon.core.webui.keyword.WebUiBuiltInKeywords$verifyElementText$2.call(Unknown Source)
	at TC-Checkout-Error-002.run(TC-Checkout-Error-002:32)
	at com.kms.katalon.core.main.ScriptEngine.run(ScriptEngine.java:194)
	at com.kms.katalon.core.main.ScriptEngine.runScriptAsRawText(ScriptEngine.java:119)
	at com.kms.katalon.core.main.TestCaseExecutor.runScript(TestCaseExecutor.java:448)
	at com.kms.katalon.core.main.TestCaseExecutor.doExecute(TestCaseExecutor.java:439)
	at com.kms.katalon.core.main.TestCaseExecutor.processExecutionPhase(TestCaseExecutor.java:418)
	at com.kms.katalon.core.main.TestCaseExecutor.accessMainPhase(TestCaseExecutor.java:410)
	at com.kms.katalon.core.main.TestCaseExecutor.execute(TestCaseExecutor.java:285)
	at com.kms.katalon.core.main.TestCaseExecutor.execute(TestCaseExecutor.java:369)
	at com.kms.katalon.core.main.TestCaseExecutor.execute(TestCaseExecutor.java:369)
	at com.kms.katalon.core.main.TestCaseExecutor.execute(TestCaseExecutor.java:369)
	at com.kms.katalon.core.common.CommonExecutor.accessTestCaseMainPhase(CommonExecutor.java:65)
	at com.kms.katalon.core.main.TestSuiteExecutor.accessTestSuiteMainPhase(TestSuiteExecutor.java:148)
	at com.kms.katalon.core.main.TestSuiteExecutor.execute(TestSuiteExecutor.java:106)
	at com.kms.katalon.core.main.TestCaseMain.startTestSuite(TestCaseMain.java:187)
	at com.kms.katalon.core.main.TestCaseMain$startTestSuite$0.call(Unknown Source)
	at TempTestSuite1693453501507.run(TempTestSuite1693453501507.groovy:36)
Caused by: com.kms.katalon.core.exception.StepFailedException: Actual text 'Error: Last Name is required' and expected text 'Then will be show error message "Last Name Required' of test object 'Object Repository/Checkout/Massage Error Last Name is required' are NOT matched.
	at com.kms.katalon.core.webui.keyword.internal.WebUIKeywordMain.stepFailed(WebUIKeywordMain.groovy:64)
	at com.kms.katalon.core.webui.keyword.builtin.VerifyElementTextKeyword$_verifyElementText_closure1.doCall(VerifyElementTextKeyword.groovy:57)
	at com.kms.katalon.core.webui.keyword.builtin.VerifyElementTextKeyword$_verifyElementText_closure1.call(VerifyElementTextKeyword.groovy)
	at com.kms.katalon.core.webui.keyword.internal.WebUIKeywordMain.runKeyword(WebUIKeywordMain.groovy:20)
	... 22 more


2023-08-31 10:56:19 - [TEST_STEP][PASSED] - callTestCase(findTestCase("Keranjang/TC-Cart-Show-002"), [:], STOP_ON_FAILURE): Call Test Case 'Test Cases/Keranjang/TC-Cart-Show-002' successfully

2023-08-31 10:56:19 - [TEST_CASE][PASSED] - Test Cases/Keranjang/TC-Cart-Show-002: Test Cases/Keranjang/TC-Cart-Show-002

2023-08-31 10:56:19 - [TEST_STEP][PASSED] - data = callTestCase(findTestCase("Products/TC-Product-AddCart-001"), [:], STOP_ON_FAILURE): Call Test Case 'Test Cases/Products/TC-Product-AddCart-001' successfully

2023-08-31 10:56:19 - [TEST_CASE][PASSED] - Test Cases/Products/TC-Product-AddCart-001: Test Cases/Products/TC-Product-AddCart-001

2023-08-31 10:56:19 - [TEST_STEP][PASSED] - callTestCase(findTestCase("Products/TC-Product-Show-001"), [:], STOP_ON_FAILURE): Call Test Case 'Test Cases/Products/TC-Product-Show-001' successfully

2023-08-31 10:56:19 - [TEST_CASE][PASSED] - Test Cases/Products/TC-Product-Show-001: Test Cases/Products/TC-Product-Show-001

2023-08-31 10:56:19 - [TEST_STEP][PASSED] - callTestCase(findTestCase("Login/TC-Login-Success-001"), [:], STOP_ON_FAILURE): Call Test Case 'Test Cases/Login/TC-Login-Success-001' successfully

2023-08-31 10:56:19 - [TEST_CASE][PASSED] - Test Cases/Login/TC-Login-Success-001: Test Cases/Login/TC-Login-Success-001

2023-08-31 10:56:19 - [TEST_STEP][PASSED] - openBrowser("https://www.saucedemo.com/"): Browser is opened with url: 'https://www.saucedemo.com/'

2023-08-31 10:56:19 - [MESSAGE][WARNING] - A browser is already opened. Closing browser and opening a new one

2023-08-31 10:56:20 - [MESSAGE][INFO] - Starting 'Edge Chromium' driver

2023-08-31 10:56:22 - [MESSAGE][INFO] - Action delay is set to 0 milliseconds

2023-08-31 10:56:25 - [MESSAGE][PASSED] - Browser is opened with url: 'https://www.saucedemo.com/'

2023-08-31 10:56:25 - [TEST_STEP][PASSED] - setText(findTestObject("Login/input username"), "standard_user"): Text 'standard_user' is set on object 'Object Repository/Login/input username'

2023-08-31 10:56:26 - [MESSAGE][PASSED] - Text 'standard_user' is set on object 'Object Repository/Login/input username'

2023-08-31 10:56:26 - [TEST_STEP][PASSED] - setText(findTestObject("Login/input password"), "secret_sauce"): Text 'secret_sauce' is set on object 'Object Repository/Login/input password'

2023-08-31 10:56:27 - [MESSAGE][PASSED] - Text 'secret_sauce' is set on object 'Object Repository/Login/input password'

2023-08-31 10:56:27 - [TEST_STEP][PASSED] - click(findTestObject("Login/login-button")): Object: 'Object Repository/Login/login-button' is clicked on

2023-08-31 10:56:27 - [MESSAGE][PASSED] - Object: 'Object Repository/Login/login-button' is clicked on

2023-08-31 10:56:27 - [TEST_STEP][PASSED] - verifyElementPresent(findTestObject("Login/tittle Swag Labs"), 0): Object 'Object Repository/Login/tittle Swag Labs' is present

2023-08-31 10:56:27 - [MESSAGE][WARNING] - Timeout '0' is invalid. Using default page load timeout: '30'

2023-08-31 10:56:28 - [MESSAGE][PASSED] - Object 'Object Repository/Login/tittle Swag Labs' is present

2023-08-31 10:56:28 - [MESSAGE][PASSED] - Call Test Case 'Test Cases/Login/TC-Login-Success-001' successfully

2023-08-31 10:56:28 - [MESSAGE][PASSED] - Call Test Case 'Test Cases/Products/TC-Product-Show-001' successfully

2023-08-31 10:56:28 - [TEST_STEP][PASSED] - click(findTestObject("Products/button_Add to cart 1")): Object: 'Object Repository/Products/button_Add to cart 1' is clicked on

2023-08-31 10:56:28 - [MESSAGE][PASSED] - Object: 'Object Repository/Products/button_Add to cart 1' is clicked on

2023-08-31 10:56:28 - [TEST_STEP][PASSED] - verifyElementPresent(findTestObject("Keranjang/Notifikasi add cart 1"), 1): Object 'Object Repository/Keranjang/Notifikasi add cart 1' is present

2023-08-31 10:56:29 - [MESSAGE][PASSED] - Object 'Object Repository/Keranjang/Notifikasi add cart 1' is present

2023-08-31 10:56:29 - [TEST_STEP][PASSED] - nama = text: null

2023-08-31 10:56:29 - [TEST_STEP][PASSED] - deskripsi = text: null

2023-08-31 10:56:30 - [TEST_STEP][PASSED] - price = text: null

2023-08-31 10:56:30 - [TEST_STEP][PASSED] - data = new java.util.HashMap(): null

2023-08-31 10:56:30 - [TEST_STEP][PASSED] - data.put("nama_barang", nama): null

2023-08-31 10:56:30 - [TEST_STEP][PASSED] - data.put("deskrispi_barang", deskripsi): null

2023-08-31 10:56:30 - [TEST_STEP][PASSED] - data.put("price_barang", price): null

2023-08-31 10:56:30 - [TEST_STEP][PASSED] - return data: null

2023-08-31 10:56:30 - [MESSAGE][PASSED] - Call Test Case 'Test Cases/Products/TC-Product-AddCart-001' successfully

2023-08-31 10:56:30 - [TEST_STEP][PASSED] - name_cart = getText(findTestObject("Name Products/Nama Barang Sauce Labs Backpack")): Text of object 'Object Repository/Name Products/Nama Barang Sauce Labs Backpack' is: 'Sauce Labs Backpack'

2023-08-31 10:56:30 - [MESSAGE][PASSED] - Text of object 'Object Repository/Name Products/Nama Barang Sauce Labs Backpack' is: 'Sauce Labs Backpack'

2023-08-31 10:56:30 - [TEST_STEP][PASSED] - desc_cart = getText(findTestObject("Name Products/Deskripsi Barang")): Text of object 'Object Repository/Name Products/Deskripsi Barang' is: 'carry.allTheThings() with the sleek, streamlined Sly Pack that melds uncompromising style with unequaled laptop and tablet protection.'

2023-08-31 10:56:31 - [MESSAGE][PASSED] - Text of object 'Object Repository/Name Products/Deskripsi Barang' is: 'carry.allTheThings() with the sleek, streamlined Sly Pack that melds uncompromising style with unequaled laptop and tablet protection.'

2023-08-31 10:56:31 - [TEST_STEP][PASSED] - price_cart = getText(findTestObject("Name Products/Harga Barang")): Text of object 'Object Repository/Name Products/Harga Barang' is: '$29.99'

2023-08-31 10:56:31 - [MESSAGE][PASSED] - Text of object 'Object Repository/Name Products/Harga Barang' is: '$29.99'

2023-08-31 10:56:31 - [TEST_STEP][PASSED] - click(findTestObject("Keranjang/a_Swag Labs_shopping_cart_link")): Object: 'Object Repository/Keranjang/a_Swag Labs_shopping_cart_link' is clicked on

2023-08-31 10:56:31 - [MESSAGE][PASSED] - Object: 'Object Repository/Keranjang/a_Swag Labs_shopping_cart_link' is clicked on

2023-08-31 10:56:31 - [TEST_STEP][PASSED] - name_product = data.get("nama_barang"): null

2023-08-31 10:56:31 - [TEST_STEP][PASSED] - desc_product = data.get("deskrispi_barang"): null

2023-08-31 10:56:31 - [TEST_STEP][PASSED] - price_product = data.get("price_barang"): null

2023-08-31 10:56:31 - [TEST_STEP][PASSED] - assert name_product == name_cart: null

2023-08-31 10:56:31 - [TEST_STEP][PASSED] - assert desc_product == desc_cart: null

2023-08-31 10:56:31 - [TEST_STEP][PASSED] - assert price_product == price_cart: null

2023-08-31 10:56:31 - [TEST_STEP][PASSED] - return data: null

2023-08-31 10:56:31 - [MESSAGE][PASSED] - Call Test Case 'Test Cases/Keranjang/TC-Cart-Show-002' successfully

2023-08-31 10:56:31 - [TEST_STEP][PASSED] - click(findTestObject("Checkout/button_Checkout")): Object: 'Object Repository/Checkout/button_Checkout' is clicked on

2023-08-31 10:56:32 - [MESSAGE][PASSED] - Object: 'Object Repository/Checkout/button_Checkout' is clicked on

2023-08-31 10:56:32 - [TEST_STEP][PASSED] - verifyElementPresent(findTestObject("Checkout/span_Checkout Your Information"), 0): Object 'Object Repository/Checkout/span_Checkout Your Information' is present

2023-08-31 10:56:32 - [MESSAGE][WARNING] - Timeout '0' is invalid. Using default page load timeout: '30'

2023-08-31 10:56:32 - [MESSAGE][PASSED] - Object 'Object Repository/Checkout/span_Checkout Your Information' is present

2023-08-31 10:56:32 - [TEST_STEP][PASSED] - setText(findTestObject("Checkout/input firstName"), "joko"): Text 'joko' is set on object 'Object Repository/Checkout/input firstName'

2023-08-31 10:56:33 - [MESSAGE][PASSED] - Text 'joko' is set on object 'Object Repository/Checkout/input firstName'

2023-08-31 10:56:33 - [TEST_STEP][PASSED] - setText(findTestObject("Checkout/input postalCode"), "12345"): Text '12345' is set on object 'Object Repository/Checkout/input postalCode'

2023-08-31 10:56:34 - [MESSAGE][PASSED] - Text '12345' is set on object 'Object Repository/Checkout/input postalCode'

2023-08-31 10:56:34 - [TEST_STEP][PASSED] - click(findTestObject("Checkout/input continue checkout")): Object: 'Object Repository/Checkout/input continue checkout' is clicked on

2023-08-31 10:56:35 - [MESSAGE][PASSED] - Object: 'Object Repository/Checkout/input continue checkout' is clicked on

2023-08-31 10:56:35 - [TEST_STEP][FAILED] - verifyElementText(findTestObject("Checkout/Massage Error Last Name is required"), "Then will be show error message "Last Name Required"): Verify element text of test object 'Object Repository/Checkout/Massage Error Last Name is required' FAILED. (Root cause: com.kms.katalon.core.exception.StepFailedException: Verify element text of test object 'Object Repository/Checkout/Massage Error Last Name is required' FAILED.
	at com.kms.katalon.core.webui.keyword.internal.WebUIKeywordMain.stepFailed(WebUIKeywordMain.groovy:64)
	at com.kms.katalon.core.webui.keyword.internal.WebUIKeywordMain.runKeyword(WebUIKeywordMain.groovy:26)
	at com.kms.katalon.core.webui.keyword.builtin.VerifyElementTextKeyword.verifyElementText(VerifyElementTextKeyword.groovy:72)
	at com.kms.katalon.core.webui.keyword.builtin.VerifyElementTextKeyword.execute(VerifyElementTextKeyword.groovy:40)
	at com.kms.katalon.core.keyword.internal.KeywordExecutor.executeKeywordForPlatform(KeywordExecutor.groovy:74)
	at com.kms.katalon.core.webui.keyword.WebUiBuiltInKeywords.verifyElementText(WebUiBuiltInKeywords.groovy:4749)
	at com.kms.katalon.core.webui.keyword.WebUiBuiltInKeywords$verifyElementText$2.call(Unknown Source)
	at TC-Checkout-Error-002.run(TC-Checkout-Error-002:32)
	at com.kms.katalon.core.main.ScriptEngine.run(ScriptEngine.java:194)
	at com.kms.katalon.core.main.ScriptEngine.runScriptAsRawText(ScriptEngine.java:119)
	at com.kms.katalon.core.main.TestCaseExecutor.runScript(TestCaseExecutor.java:448)
	at com.kms.katalon.core.main.TestCaseExecutor.doExecute(TestCaseExecutor.java:439)
	at com.kms.katalon.core.main.TestCaseExecutor.processExecutionPhase(TestCaseExecutor.java:418)
	at com.kms.katalon.core.main.TestCaseExecutor.accessMainPhase(TestCaseExecutor.java:410)
	at com.kms.katalon.core.main.TestCaseExecutor.execute(TestCaseExecutor.java:285)
	at com.kms.katalon.core.main.TestCaseExecutor.execute(TestCaseExecutor.java:369)
	at com.kms.katalon.core.main.TestCaseExecutor.execute(TestCaseExecutor.java:369)
	at com.kms.katalon.core.main.TestCaseExecutor.execute(TestCaseExecutor.java:369)
	at com.kms.katalon.core.common.CommonExecutor.accessTestCaseMainPhase(CommonExecutor.java:65)
	at com.kms.katalon.core.main.TestSuiteExecutor.accessTestSuiteMainPhase(TestSuiteExecutor.java:148)
	at com.kms.katalon.core.main.TestSuiteExecutor.execute(TestSuiteExecutor.java:106)
	at com.kms.katalon.core.main.TestCaseMain.startTestSuite(TestCaseMain.java:187)
	at com.kms.katalon.core.main.TestCaseMain$startTestSuite$0.call(Unknown Source)
	at TempTestSuite1693453501507.run(TempTestSuite1693453501507.groovy:36)
Caused by: com.kms.katalon.core.exception.StepFailedException: Actual text 'Error: Last Name is required' and expected text 'Then will be show error message "Last Name Required' of test object 'Object Repository/Checkout/Massage Error Last Name is required' are NOT matched.
	at com.kms.katalon.core.webui.keyword.internal.WebUIKeywordMain.stepFailed(WebUIKeywordMain.groovy:64)
	at com.kms.katalon.core.webui.keyword.builtin.VerifyElementTextKeyword$_verifyElementText_closure1.doCall(VerifyElementTextKeyword.groovy:57)
	at com.kms.katalon.core.webui.keyword.builtin.VerifyElementTextKeyword$_verifyElementText_closure1.call(VerifyElementTextKeyword.groovy)
	at com.kms.katalon.core.webui.keyword.internal.WebUIKeywordMain.runKeyword(WebUIKeywordMain.groovy:20)
	... 22 more
)

2023-08-31 10:56:35 - [MESSAGE][FAILED] - Actual text 'Error: Last Name is required' and expected text 'Then will be show error message "Last Name Required' of test object 'Object Repository/Checkout/Massage Error Last Name is required' are NOT matched. (Root cause: com.kms.katalon.core.exception.StepFailedException: Actual text 'Error: Last Name is required' and expected text 'Then will be show error message "Last Name Required' of test object 'Object Repository/Checkout/Massage Error Last Name is required' are NOT matched.
	at com.kms.katalon.core.webui.keyword.internal.WebUIKeywordMain.stepFailed(WebUIKeywordMain.groovy:64)
	at com.kms.katalon.core.webui.keyword.builtin.VerifyElementTextKeyword$_verifyElementText_closure1.doCall(VerifyElementTextKeyword.groovy:57)
	at com.kms.katalon.core.webui.keyword.builtin.VerifyElementTextKeyword$_verifyElementText_closure1.call(VerifyElementTextKeyword.groovy)
	at com.kms.katalon.core.webui.keyword.internal.WebUIKeywordMain.runKeyword(WebUIKeywordMain.groovy:20)
	at com.kms.katalon.core.webui.keyword.builtin.VerifyElementTextKeyword.verifyElementText(VerifyElementTextKeyword.groovy:72)
	at com.kms.katalon.core.webui.keyword.builtin.VerifyElementTextKeyword.execute(VerifyElementTextKeyword.groovy:40)
	at com.kms.katalon.core.keyword.internal.KeywordExecutor.executeKeywordForPlatform(KeywordExecutor.groovy:74)
	at com.kms.katalon.core.webui.keyword.WebUiBuiltInKeywords.verifyElementText(WebUiBuiltInKeywords.groovy:4749)
	at com.kms.katalon.core.webui.keyword.WebUiBuiltInKeywords$verifyElementText$2.call(Unknown Source)
	at TC-Checkout-Error-002.run(TC-Checkout-Error-002:32)
	at com.kms.katalon.core.main.ScriptEngine.run(ScriptEngine.java:194)
	at com.kms.katalon.core.main.ScriptEngine.runScriptAsRawText(ScriptEngine.java:119)
	at com.kms.katalon.core.main.TestCaseExecutor.runScript(TestCaseExecutor.java:448)
	at com.kms.katalon.core.main.TestCaseExecutor.doExecute(TestCaseExecutor.java:439)
	at com.kms.katalon.core.main.TestCaseExecutor.processExecutionPhase(TestCaseExecutor.java:418)
	at com.kms.katalon.core.main.TestCaseExecutor.accessMainPhase(TestCaseExecutor.java:410)
	at com.kms.katalon.core.main.TestCaseExecutor.execute(TestCaseExecutor.java:285)
	at com.kms.katalon.core.main.TestCaseExecutor.execute(TestCaseExecutor.java:369)
	at com.kms.katalon.core.main.TestCaseExecutor.execute(TestCaseExecutor.java:369)
	at com.kms.katalon.core.main.TestCaseExecutor.execute(TestCaseExecutor.java:369)
	at com.kms.katalon.core.common.CommonExecutor.accessTestCaseMainPhase(CommonExecutor.java:65)
	at com.kms.katalon.core.main.TestSuiteExecutor.accessTestSuiteMainPhase(TestSuiteExecutor.java:148)
	at com.kms.katalon.core.main.TestSuiteExecutor.execute(TestSuiteExecutor.java:106)
	at com.kms.katalon.core.main.TestCaseMain.startTestSuite(TestCaseMain.java:187)
	at com.kms.katalon.core.main.TestCaseMain$startTestSuite$0.call(Unknown Source)
	at TempTestSuite1693453501507.run(TempTestSuite1693453501507.groovy:36)
)
[[ATTACHMENT|D:\\Project XSIS\\batch-324-qa\\irfan\\Saucedemo\\Reports\\20230831_104501\\Saucedemo\\20230831_104501\\1693454195544.png]]

2023-08-31 10:56:35 - [MESSAGE][FAILED] - Verify element text of test object 'Object Repository/Checkout/Massage Error Last Name is required' FAILED. (Root cause: com.kms.katalon.core.exception.StepFailedException: Verify element text of test object 'Object Repository/Checkout/Massage Error Last Name is required' FAILED.
	at com.kms.katalon.core.webui.keyword.internal.WebUIKeywordMain.stepFailed(WebUIKeywordMain.groovy:64)
	at com.kms.katalon.core.webui.keyword.internal.WebUIKeywordMain.runKeyword(WebUIKeywordMain.groovy:26)
	at com.kms.katalon.core.webui.keyword.builtin.VerifyElementTextKeyword.verifyElementText(VerifyElementTextKeyword.groovy:72)
	at com.kms.katalon.core.webui.keyword.builtin.VerifyElementTextKeyword.execute(VerifyElementTextKeyword.groovy:40)
	at com.kms.katalon.core.keyword.internal.KeywordExecutor.executeKeywordForPlatform(KeywordExecutor.groovy:74)
	at com.kms.katalon.core.webui.keyword.WebUiBuiltInKeywords.verifyElementText(WebUiBuiltInKeywords.groovy:4749)
	at com.kms.katalon.core.webui.keyword.WebUiBuiltInKeywords$verifyElementText$2.call(Unknown Source)
	at TC-Checkout-Error-002.run(TC-Checkout-Error-002:32)
	at com.kms.katalon.core.main.ScriptEngine.run(ScriptEngine.java:194)
	at com.kms.katalon.core.main.ScriptEngine.runScriptAsRawText(ScriptEngine.java:119)
	at com.kms.katalon.core.main.TestCaseExecutor.runScript(TestCaseExecutor.java:448)
	at com.kms.katalon.core.main.TestCaseExecutor.doExecute(TestCaseExecutor.java:439)
	at com.kms.katalon.core.main.TestCaseExecutor.processExecutionPhase(TestCaseExecutor.java:418)
	at com.kms.katalon.core.main.TestCaseExecutor.accessMainPhase(TestCaseExecutor.java:410)
	at com.kms.katalon.core.main.TestCaseExecutor.execute(TestCaseExecutor.java:285)
	at com.kms.katalon.core.main.TestCaseExecutor.execute(TestCaseExecutor.java:369)
	at com.kms.katalon.core.main.TestCaseExecutor.execute(TestCaseExecutor.java:369)
	at com.kms.katalon.core.main.TestCaseExecutor.execute(TestCaseExecutor.java:369)
	at com.kms.katalon.core.common.CommonExecutor.accessTestCaseMainPhase(CommonExecutor.java:65)
	at com.kms.katalon.core.main.TestSuiteExecutor.accessTestSuiteMainPhase(TestSuiteExecutor.java:148)
	at com.kms.katalon.core.main.TestSuiteExecutor.execute(TestSuiteExecutor.java:106)
	at com.kms.katalon.core.main.TestCaseMain.startTestSuite(TestCaseMain.java:187)
	at com.kms.katalon.core.main.TestCaseMain$startTestSuite$0.call(Unknown Source)
	at TempTestSuite1693453501507.run(TempTestSuite1693453501507.groovy:36)
Caused by: com.kms.katalon.core.exception.StepFailedException: Actual text 'Error: Last Name is required' and expected text 'Then will be show error message "Last Name Required' of test object 'Object Repository/Checkout/Massage Error Last Name is required' are NOT matched.
	at com.kms.katalon.core.webui.keyword.internal.WebUIKeywordMain.stepFailed(WebUIKeywordMain.groovy:64)
	at com.kms.katalon.core.webui.keyword.builtin.VerifyElementTextKeyword$_verifyElementText_closure1.doCall(VerifyElementTextKeyword.groovy:57)
	at com.kms.katalon.core.webui.keyword.builtin.VerifyElementTextKeyword$_verifyElementText_closure1.call(VerifyElementTextKeyword.groovy)
	at com.kms.katalon.core.webui.keyword.internal.WebUIKeywordMain.runKeyword(WebUIKeywordMain.groovy:20)
	... 22 more
)
[[ATTACHMENT|D:\\Project XSIS\\batch-324-qa\\irfan\\Saucedemo\\Reports\\20230831_104501\\Saucedemo\\20230831_104501\\1693454195625.png]]]]></system-out>
         <system-err><![CDATA[2023-08-31 10:56:19 - [TEST_CASE][FAILED] - Test Cases/Checkout/TC-Checkout-Error-002: Test Cases/Checkout/TC-Checkout-Error-002 FAILED.
Reason:
com.kms.katalon.core.exception.StepFailedException: Verify element text of test object 'Object Repository/Checkout/Massage Error Last Name is required' FAILED.
	at com.kms.katalon.core.webui.keyword.internal.WebUIKeywordMain.stepFailed(WebUIKeywordMain.groovy:64)
	at com.kms.katalon.core.webui.keyword.internal.WebUIKeywordMain.runKeyword(WebUIKeywordMain.groovy:26)
	at com.kms.katalon.core.webui.keyword.builtin.VerifyElementTextKeyword.verifyElementText(VerifyElementTextKeyword.groovy:72)
	at com.kms.katalon.core.webui.keyword.builtin.VerifyElementTextKeyword.execute(VerifyElementTextKeyword.groovy:40)
	at com.kms.katalon.core.keyword.internal.KeywordExecutor.executeKeywordForPlatform(KeywordExecutor.groovy:74)
	at com.kms.katalon.core.webui.keyword.WebUiBuiltInKeywords.verifyElementText(WebUiBuiltInKeywords.groovy:4749)
	at com.kms.katalon.core.webui.keyword.WebUiBuiltInKeywords$verifyElementText$2.call(Unknown Source)
	at TC-Checkout-Error-002.run(TC-Checkout-Error-002:32)
	at com.kms.katalon.core.main.ScriptEngine.run(ScriptEngine.java:194)
	at com.kms.katalon.core.main.ScriptEngine.runScriptAsRawText(ScriptEngine.java:119)
	at com.kms.katalon.core.main.TestCaseExecutor.runScript(TestCaseExecutor.java:448)
	at com.kms.katalon.core.main.TestCaseExecutor.doExecute(TestCaseExecutor.java:439)
	at com.kms.katalon.core.main.TestCaseExecutor.processExecutionPhase(TestCaseExecutor.java:418)
	at com.kms.katalon.core.main.TestCaseExecutor.accessMainPhase(TestCaseExecutor.java:410)
	at com.kms.katalon.core.main.TestCaseExecutor.execute(TestCaseExecutor.java:285)
	at com.kms.katalon.core.main.TestCaseExecutor.execute(TestCaseExecutor.java:369)
	at com.kms.katalon.core.main.TestCaseExecutor.execute(TestCaseExecutor.java:369)
	at com.kms.katalon.core.main.TestCaseExecutor.execute(TestCaseExecutor.java:369)
	at com.kms.katalon.core.common.CommonExecutor.accessTestCaseMainPhase(CommonExecutor.java:65)
	at com.kms.katalon.core.main.TestSuiteExecutor.accessTestSuiteMainPhase(TestSuiteExecutor.java:148)
	at com.kms.katalon.core.main.TestSuiteExecutor.execute(TestSuiteExecutor.java:106)
	at com.kms.katalon.core.main.TestCaseMain.startTestSuite(TestCaseMain.java:187)
	at com.kms.katalon.core.main.TestCaseMain$startTestSuite$0.call(Unknown Source)
	at TempTestSuite1693453501507.run(TempTestSuite1693453501507.groovy:36)
Caused by: com.kms.katalon.core.exception.StepFailedException: Actual text 'Error: Last Name is required' and expected text 'Then will be show error message "Last Name Required' of test object 'Object Repository/Checkout/Massage Error Last Name is required' are NOT matched.
	at com.kms.katalon.core.webui.keyword.internal.WebUIKeywordMain.stepFailed(WebUIKeywordMain.groovy:64)
	at com.kms.katalon.core.webui.keyword.builtin.VerifyElementTextKeyword$_verifyElementText_closure1.doCall(VerifyElementTextKeyword.groovy:57)
	at com.kms.katalon.core.webui.keyword.builtin.VerifyElementTextKeyword$_verifyElementText_closure1.call(VerifyElementTextKeyword.groovy)
	at com.kms.katalon.core.webui.keyword.internal.WebUIKeywordMain.runKeyword(WebUIKeywordMain.groovy:20)
	... 22 more]]></system-err>
      </testcase>
      <testcase name="Test Cases/Checkout/TC-Checkout-Error-003" time="15.866" classname="Test Cases/Checkout/TC-Checkout-Error-003" status="PASSED">
         <system-out><![CDATA[2023-08-31 10:56:35 - [TEST_CASE][PASSED] - Test Cases/Checkout/TC-Checkout-Error-003: Test Cases/Checkout/TC-Checkout-Error-003

2023-08-31 10:56:35 - [TEST_STEP][PASSED] - callTestCase(findTestCase("Keranjang/TC-Cart-Show-002"), [:], STOP_ON_FAILURE): Call Test Case 'Test Cases/Keranjang/TC-Cart-Show-002' successfully

2023-08-31 10:56:36 - [TEST_CASE][PASSED] - Test Cases/Keranjang/TC-Cart-Show-002: Test Cases/Keranjang/TC-Cart-Show-002

2023-08-31 10:56:36 - [TEST_STEP][PASSED] - data = callTestCase(findTestCase("Products/TC-Product-AddCart-001"), [:], STOP_ON_FAILURE): Call Test Case 'Test Cases/Products/TC-Product-AddCart-001' successfully

2023-08-31 10:56:36 - [TEST_CASE][PASSED] - Test Cases/Products/TC-Product-AddCart-001: Test Cases/Products/TC-Product-AddCart-001

2023-08-31 10:56:36 - [TEST_STEP][PASSED] - callTestCase(findTestCase("Products/TC-Product-Show-001"), [:], STOP_ON_FAILURE): Call Test Case 'Test Cases/Products/TC-Product-Show-001' successfully

2023-08-31 10:56:36 - [TEST_CASE][PASSED] - Test Cases/Products/TC-Product-Show-001: Test Cases/Products/TC-Product-Show-001

2023-08-31 10:56:36 - [TEST_STEP][PASSED] - callTestCase(findTestCase("Login/TC-Login-Success-001"), [:], STOP_ON_FAILURE): Call Test Case 'Test Cases/Login/TC-Login-Success-001' successfully

2023-08-31 10:56:36 - [TEST_CASE][PASSED] - Test Cases/Login/TC-Login-Success-001: Test Cases/Login/TC-Login-Success-001

2023-08-31 10:56:36 - [TEST_STEP][PASSED] - openBrowser("https://www.saucedemo.com/"): Browser is opened with url: 'https://www.saucedemo.com/'

2023-08-31 10:56:36 - [MESSAGE][WARNING] - A browser is already opened. Closing browser and opening a new one

2023-08-31 10:56:36 - [MESSAGE][INFO] - Starting 'Edge Chromium' driver

2023-08-31 10:56:39 - [MESSAGE][INFO] - Action delay is set to 0 milliseconds

2023-08-31 10:56:41 - [MESSAGE][PASSED] - Browser is opened with url: 'https://www.saucedemo.com/'

2023-08-31 10:56:41 - [TEST_STEP][PASSED] - setText(findTestObject("Login/input username"), "standard_user"): Text 'standard_user' is set on object 'Object Repository/Login/input username'

2023-08-31 10:56:42 - [MESSAGE][PASSED] - Text 'standard_user' is set on object 'Object Repository/Login/input username'

2023-08-31 10:56:42 - [TEST_STEP][PASSED] - setText(findTestObject("Login/input password"), "secret_sauce"): Text 'secret_sauce' is set on object 'Object Repository/Login/input password'

2023-08-31 10:56:43 - [MESSAGE][PASSED] - Text 'secret_sauce' is set on object 'Object Repository/Login/input password'

2023-08-31 10:56:43 - [TEST_STEP][PASSED] - click(findTestObject("Login/login-button")): Object: 'Object Repository/Login/login-button' is clicked on

2023-08-31 10:56:43 - [MESSAGE][PASSED] - Object: 'Object Repository/Login/login-button' is clicked on

2023-08-31 10:56:43 - [TEST_STEP][PASSED] - verifyElementPresent(findTestObject("Login/tittle Swag Labs"), 0): Object 'Object Repository/Login/tittle Swag Labs' is present

2023-08-31 10:56:43 - [MESSAGE][WARNING] - Timeout '0' is invalid. Using default page load timeout: '30'

2023-08-31 10:56:44 - [MESSAGE][PASSED] - Object 'Object Repository/Login/tittle Swag Labs' is present

2023-08-31 10:56:44 - [MESSAGE][PASSED] - Call Test Case 'Test Cases/Login/TC-Login-Success-001' successfully

2023-08-31 10:56:44 - [MESSAGE][PASSED] - Call Test Case 'Test Cases/Products/TC-Product-Show-001' successfully

2023-08-31 10:56:44 - [TEST_STEP][PASSED] - click(findTestObject("Products/button_Add to cart 1")): Object: 'Object Repository/Products/button_Add to cart 1' is clicked on

2023-08-31 10:56:44 - [MESSAGE][PASSED] - Object: 'Object Repository/Products/button_Add to cart 1' is clicked on

2023-08-31 10:56:44 - [TEST_STEP][PASSED] - verifyElementPresent(findTestObject("Keranjang/Notifikasi add cart 1"), 1): Object 'Object Repository/Keranjang/Notifikasi add cart 1' is present

2023-08-31 10:56:45 - [MESSAGE][PASSED] - Object 'Object Repository/Keranjang/Notifikasi add cart 1' is present

2023-08-31 10:56:45 - [TEST_STEP][PASSED] - nama = text: null

2023-08-31 10:56:45 - [TEST_STEP][PASSED] - deskripsi = text: null

2023-08-31 10:56:46 - [TEST_STEP][PASSED] - price = text: null

2023-08-31 10:56:46 - [TEST_STEP][PASSED] - data = new java.util.HashMap(): null

2023-08-31 10:56:46 - [TEST_STEP][PASSED] - data.put("nama_barang", nama): null

2023-08-31 10:56:46 - [TEST_STEP][PASSED] - data.put("deskrispi_barang", deskripsi): null

2023-08-31 10:56:46 - [TEST_STEP][PASSED] - data.put("price_barang", price): null

2023-08-31 10:56:46 - [TEST_STEP][PASSED] - return data: null

2023-08-31 10:56:46 - [MESSAGE][PASSED] - Call Test Case 'Test Cases/Products/TC-Product-AddCart-001' successfully

2023-08-31 10:56:46 - [TEST_STEP][PASSED] - name_cart = getText(findTestObject("Name Products/Nama Barang Sauce Labs Backpack")): Text of object 'Object Repository/Name Products/Nama Barang Sauce Labs Backpack' is: 'Sauce Labs Backpack'

2023-08-31 10:56:46 - [MESSAGE][PASSED] - Text of object 'Object Repository/Name Products/Nama Barang Sauce Labs Backpack' is: 'Sauce Labs Backpack'

2023-08-31 10:56:46 - [TEST_STEP][PASSED] - desc_cart = getText(findTestObject("Name Products/Deskripsi Barang")): Text of object 'Object Repository/Name Products/Deskripsi Barang' is: 'carry.allTheThings() with the sleek, streamlined Sly Pack that melds uncompromising style with unequaled laptop and tablet protection.'

2023-08-31 10:56:47 - [MESSAGE][PASSED] - Text of object 'Object Repository/Name Products/Deskripsi Barang' is: 'carry.allTheThings() with the sleek, streamlined Sly Pack that melds uncompromising style with unequaled laptop and tablet protection.'

2023-08-31 10:56:47 - [TEST_STEP][PASSED] - price_cart = getText(findTestObject("Name Products/Harga Barang")): Text of object 'Object Repository/Name Products/Harga Barang' is: '$29.99'

2023-08-31 10:56:47 - [MESSAGE][PASSED] - Text of object 'Object Repository/Name Products/Harga Barang' is: '$29.99'

2023-08-31 10:56:47 - [TEST_STEP][PASSED] - click(findTestObject("Keranjang/a_Swag Labs_shopping_cart_link")): Object: 'Object Repository/Keranjang/a_Swag Labs_shopping_cart_link' is clicked on

2023-08-31 10:56:47 - [MESSAGE][PASSED] - Object: 'Object Repository/Keranjang/a_Swag Labs_shopping_cart_link' is clicked on

2023-08-31 10:56:47 - [TEST_STEP][PASSED] - name_product = data.get("nama_barang"): null

2023-08-31 10:56:47 - [TEST_STEP][PASSED] - desc_product = data.get("deskrispi_barang"): null

2023-08-31 10:56:47 - [TEST_STEP][PASSED] - price_product = data.get("price_barang"): null

2023-08-31 10:56:47 - [TEST_STEP][PASSED] - assert name_product == name_cart: null

2023-08-31 10:56:47 - [TEST_STEP][PASSED] - assert desc_product == desc_cart: null

2023-08-31 10:56:47 - [TEST_STEP][PASSED] - assert price_product == price_cart: null

2023-08-31 10:56:47 - [TEST_STEP][PASSED] - return data: null

2023-08-31 10:56:47 - [MESSAGE][PASSED] - Call Test Case 'Test Cases/Keranjang/TC-Cart-Show-002' successfully

2023-08-31 10:56:47 - [TEST_STEP][PASSED] - click(findTestObject("Checkout/button_Checkout")): Object: 'Object Repository/Checkout/button_Checkout' is clicked on

2023-08-31 10:56:48 - [MESSAGE][PASSED] - Object: 'Object Repository/Checkout/button_Checkout' is clicked on

2023-08-31 10:56:48 - [TEST_STEP][PASSED] - verifyElementPresent(findTestObject("Checkout/span_Checkout Your Information"), 0): Object 'Object Repository/Checkout/span_Checkout Your Information' is present

2023-08-31 10:56:48 - [MESSAGE][WARNING] - Timeout '0' is invalid. Using default page load timeout: '30'

2023-08-31 10:56:48 - [MESSAGE][PASSED] - Object 'Object Repository/Checkout/span_Checkout Your Information' is present

2023-08-31 10:56:48 - [TEST_STEP][PASSED] - setText(findTestObject("Checkout/input firstName"), "irfan"): Text 'irfan' is set on object 'Object Repository/Checkout/input firstName'

2023-08-31 10:56:49 - [MESSAGE][PASSED] - Text 'irfan' is set on object 'Object Repository/Checkout/input firstName'

2023-08-31 10:56:49 - [TEST_STEP][PASSED] - setText(findTestObject("Checkout/input lastName"), "afandi"): Text 'afandi' is set on object 'Object Repository/Checkout/input lastName'

2023-08-31 10:56:50 - [MESSAGE][PASSED] - Text 'afandi' is set on object 'Object Repository/Checkout/input lastName'

2023-08-31 10:56:50 - [TEST_STEP][PASSED] - click(findTestObject("Checkout/input continue checkout")): Object: 'Object Repository/Checkout/input continue checkout' is clicked on

2023-08-31 10:56:51 - [MESSAGE][PASSED] - Object: 'Object Repository/Checkout/input continue checkout' is clicked on

2023-08-31 10:56:51 - [TEST_STEP][PASSED] - verifyElementText(findTestObject("Checkout/Massage Error Postal Code is required"), "Error: Postal Code is required"): Actual text and expected text of test object 'Object Repository/Checkout/Massage Error Postal Code is required' are matched.

2023-08-31 10:56:51 - [MESSAGE][PASSED] - Actual text and expected text of test object 'Object Repository/Checkout/Massage Error Postal Code is required' are matched.]]></system-out>
         <system-err><![CDATA[]]></system-err>
      </testcase>
      <testcase name="Test Cases/Checkout/TC-Checkout-Nav-001" time="17.474" classname="Test Cases/Checkout/TC-Checkout-Nav-001" status="PASSED">
         <system-out><![CDATA[2023-08-31 10:56:51 - [TEST_CASE][PASSED] - Test Cases/Checkout/TC-Checkout-Nav-001: Test Cases/Checkout/TC-Checkout-Nav-001

2023-08-31 10:56:51 - [TEST_STEP][PASSED] - callTestCase(findTestCase("Keranjang/TC-Cart-Show-002"), [:], STOP_ON_FAILURE): Call Test Case 'Test Cases/Keranjang/TC-Cart-Show-002' successfully

2023-08-31 10:56:51 - [TEST_CASE][PASSED] - Test Cases/Keranjang/TC-Cart-Show-002: Test Cases/Keranjang/TC-Cart-Show-002

2023-08-31 10:56:51 - [TEST_STEP][PASSED] - data = callTestCase(findTestCase("Products/TC-Product-AddCart-001"), [:], STOP_ON_FAILURE): Call Test Case 'Test Cases/Products/TC-Product-AddCart-001' successfully

2023-08-31 10:56:51 - [TEST_CASE][PASSED] - Test Cases/Products/TC-Product-AddCart-001: Test Cases/Products/TC-Product-AddCart-001

2023-08-31 10:56:51 - [TEST_STEP][PASSED] - callTestCase(findTestCase("Products/TC-Product-Show-001"), [:], STOP_ON_FAILURE): Call Test Case 'Test Cases/Products/TC-Product-Show-001' successfully

2023-08-31 10:56:52 - [TEST_CASE][PASSED] - Test Cases/Products/TC-Product-Show-001: Test Cases/Products/TC-Product-Show-001

2023-08-31 10:56:52 - [TEST_STEP][PASSED] - callTestCase(findTestCase("Login/TC-Login-Success-001"), [:], STOP_ON_FAILURE): Call Test Case 'Test Cases/Login/TC-Login-Success-001' successfully

2023-08-31 10:56:52 - [TEST_CASE][PASSED] - Test Cases/Login/TC-Login-Success-001: Test Cases/Login/TC-Login-Success-001

2023-08-31 10:56:52 - [TEST_STEP][PASSED] - openBrowser("https://www.saucedemo.com/"): Browser is opened with url: 'https://www.saucedemo.com/'

2023-08-31 10:56:52 - [MESSAGE][WARNING] - A browser is already opened. Closing browser and opening a new one

2023-08-31 10:56:52 - [MESSAGE][INFO] - Starting 'Edge Chromium' driver

2023-08-31 10:56:55 - [MESSAGE][INFO] - Action delay is set to 0 milliseconds

2023-08-31 10:56:57 - [MESSAGE][PASSED] - Browser is opened with url: 'https://www.saucedemo.com/'

2023-08-31 10:56:57 - [TEST_STEP][PASSED] - setText(findTestObject("Login/input username"), "standard_user"): Text 'standard_user' is set on object 'Object Repository/Login/input username'

2023-08-31 10:56:58 - [MESSAGE][PASSED] - Text 'standard_user' is set on object 'Object Repository/Login/input username'

2023-08-31 10:56:58 - [TEST_STEP][PASSED] - setText(findTestObject("Login/input password"), "secret_sauce"): Text 'secret_sauce' is set on object 'Object Repository/Login/input password'

2023-08-31 10:56:59 - [MESSAGE][PASSED] - Text 'secret_sauce' is set on object 'Object Repository/Login/input password'

2023-08-31 10:56:59 - [TEST_STEP][PASSED] - click(findTestObject("Login/login-button")): Object: 'Object Repository/Login/login-button' is clicked on

2023-08-31 10:56:59 - [MESSAGE][PASSED] - Object: 'Object Repository/Login/login-button' is clicked on

2023-08-31 10:56:59 - [TEST_STEP][PASSED] - verifyElementPresent(findTestObject("Login/tittle Swag Labs"), 0): Object 'Object Repository/Login/tittle Swag Labs' is present

2023-08-31 10:56:59 - [MESSAGE][WARNING] - Timeout '0' is invalid. Using default page load timeout: '30'

2023-08-31 10:57:00 - [MESSAGE][PASSED] - Object 'Object Repository/Login/tittle Swag Labs' is present

2023-08-31 10:57:00 - [MESSAGE][PASSED] - Call Test Case 'Test Cases/Login/TC-Login-Success-001' successfully

2023-08-31 10:57:00 - [MESSAGE][PASSED] - Call Test Case 'Test Cases/Products/TC-Product-Show-001' successfully

2023-08-31 10:57:00 - [TEST_STEP][PASSED] - click(findTestObject("Products/button_Add to cart 1")): Object: 'Object Repository/Products/button_Add to cart 1' is clicked on

2023-08-31 10:57:00 - [MESSAGE][PASSED] - Object: 'Object Repository/Products/button_Add to cart 1' is clicked on

2023-08-31 10:57:00 - [TEST_STEP][PASSED] - verifyElementPresent(findTestObject("Keranjang/Notifikasi add cart 1"), 1): Object 'Object Repository/Keranjang/Notifikasi add cart 1' is present

2023-08-31 10:57:01 - [MESSAGE][PASSED] - Object 'Object Repository/Keranjang/Notifikasi add cart 1' is present

2023-08-31 10:57:01 - [TEST_STEP][PASSED] - nama = text: null

2023-08-31 10:57:01 - [TEST_STEP][PASSED] - deskripsi = text: null

2023-08-31 10:57:01 - [TEST_STEP][PASSED] - price = text: null

2023-08-31 10:57:02 - [TEST_STEP][PASSED] - data = new java.util.HashMap(): null

2023-08-31 10:57:02 - [TEST_STEP][PASSED] - data.put("nama_barang", nama): null

2023-08-31 10:57:02 - [TEST_STEP][PASSED] - data.put("deskrispi_barang", deskripsi): null

2023-08-31 10:57:02 - [TEST_STEP][PASSED] - data.put("price_barang", price): null

2023-08-31 10:57:02 - [TEST_STEP][PASSED] - return data: null

2023-08-31 10:57:02 - [MESSAGE][PASSED] - Call Test Case 'Test Cases/Products/TC-Product-AddCart-001' successfully

2023-08-31 10:57:02 - [TEST_STEP][PASSED] - name_cart = getText(findTestObject("Name Products/Nama Barang Sauce Labs Backpack")): Text of object 'Object Repository/Name Products/Nama Barang Sauce Labs Backpack' is: 'Sauce Labs Backpack'

2023-08-31 10:57:02 - [MESSAGE][PASSED] - Text of object 'Object Repository/Name Products/Nama Barang Sauce Labs Backpack' is: 'Sauce Labs Backpack'

2023-08-31 10:57:02 - [TEST_STEP][PASSED] - desc_cart = getText(findTestObject("Name Products/Deskripsi Barang")): Text of object 'Object Repository/Name Products/Deskripsi Barang' is: 'carry.allTheThings() with the sleek, streamlined Sly Pack that melds uncompromising style with unequaled laptop and tablet protection.'

2023-08-31 10:57:02 - [MESSAGE][PASSED] - Text of object 'Object Repository/Name Products/Deskripsi Barang' is: 'carry.allTheThings() with the sleek, streamlined Sly Pack that melds uncompromising style with unequaled laptop and tablet protection.'

2023-08-31 10:57:02 - [TEST_STEP][PASSED] - price_cart = getText(findTestObject("Name Products/Harga Barang")): Text of object 'Object Repository/Name Products/Harga Barang' is: '$29.99'

2023-08-31 10:57:03 - [MESSAGE][PASSED] - Text of object 'Object Repository/Name Products/Harga Barang' is: '$29.99'

2023-08-31 10:57:03 - [TEST_STEP][PASSED] - click(findTestObject("Keranjang/a_Swag Labs_shopping_cart_link")): Object: 'Object Repository/Keranjang/a_Swag Labs_shopping_cart_link' is clicked on

2023-08-31 10:57:03 - [MESSAGE][PASSED] - Object: 'Object Repository/Keranjang/a_Swag Labs_shopping_cart_link' is clicked on

2023-08-31 10:57:03 - [TEST_STEP][PASSED] - name_product = data.get("nama_barang"): null

2023-08-31 10:57:03 - [TEST_STEP][PASSED] - desc_product = data.get("deskrispi_barang"): null

2023-08-31 10:57:03 - [TEST_STEP][PASSED] - price_product = data.get("price_barang"): null

2023-08-31 10:57:03 - [TEST_STEP][PASSED] - assert name_product == name_cart: null

2023-08-31 10:57:03 - [TEST_STEP][PASSED] - assert desc_product == desc_cart: null

2023-08-31 10:57:03 - [TEST_STEP][PASSED] - assert price_product == price_cart: null

2023-08-31 10:57:03 - [TEST_STEP][PASSED] - return data: null

2023-08-31 10:57:03 - [MESSAGE][PASSED] - Call Test Case 'Test Cases/Keranjang/TC-Cart-Show-002' successfully

2023-08-31 10:57:03 - [TEST_STEP][PASSED] - click(findTestObject("Checkout/button_Checkout")): Object: 'Object Repository/Checkout/button_Checkout' is clicked on

2023-08-31 10:57:04 - [MESSAGE][PASSED] - Object: 'Object Repository/Checkout/button_Checkout' is clicked on

2023-08-31 10:57:04 - [TEST_STEP][PASSED] - verifyElementPresent(findTestObject("Checkout/span_Checkout Your Information"), 0): Object 'Object Repository/Checkout/span_Checkout Your Information' is present

2023-08-31 10:57:04 - [MESSAGE][WARNING] - Timeout '0' is invalid. Using default page load timeout: '30'

2023-08-31 10:57:04 - [MESSAGE][PASSED] - Object 'Object Repository/Checkout/span_Checkout Your Information' is present

2023-08-31 10:57:04 - [TEST_STEP][PASSED] - setText(findTestObject("Checkout/input firstName"), "irfan"): Text 'irfan' is set on object 'Object Repository/Checkout/input firstName'

2023-08-31 10:57:05 - [MESSAGE][PASSED] - Text 'irfan' is set on object 'Object Repository/Checkout/input firstName'

2023-08-31 10:57:05 - [TEST_STEP][PASSED] - setText(findTestObject("Checkout/input lastName"), "afandi"): Text 'afandi' is set on object 'Object Repository/Checkout/input lastName'

2023-08-31 10:57:06 - [MESSAGE][PASSED] - Text 'afandi' is set on object 'Object Repository/Checkout/input lastName'

2023-08-31 10:57:06 - [TEST_STEP][PASSED] - setText(findTestObject("Checkout/input postalCode"), "12345"): Text '12345' is set on object 'Object Repository/Checkout/input postalCode'

2023-08-31 10:57:07 - [MESSAGE][PASSED] - Text '12345' is set on object 'Object Repository/Checkout/input postalCode'

2023-08-31 10:57:07 - [TEST_STEP][PASSED] - click(findTestObject("Checkout/input continue checkout")): Object: 'Object Repository/Checkout/input continue checkout' is clicked on

2023-08-31 10:57:07 - [MESSAGE][PASSED] - Object: 'Object Repository/Checkout/input continue checkout' is clicked on

2023-08-31 10:57:07 - [TEST_STEP][PASSED] - verifyElementPresent(findTestObject("Checkout/span_Checkout Overview"), 0): Object 'Object Repository/Checkout/span_Checkout Overview' is present

2023-08-31 10:57:07 - [MESSAGE][WARNING] - Timeout '0' is invalid. Using default page load timeout: '30'

2023-08-31 10:57:08 - [MESSAGE][PASSED] - Object 'Object Repository/Checkout/span_Checkout Overview' is present

2023-08-31 10:57:08 - [TEST_STEP][PASSED] - click(findTestObject("Checkout/button_Cancel")): Object: 'Object Repository/Checkout/button_Cancel' is clicked on

2023-08-31 10:57:08 - [MESSAGE][PASSED] - Object: 'Object Repository/Checkout/button_Cancel' is clicked on

2023-08-31 10:57:08 - [TEST_STEP][PASSED] - verifyElementPresent(findTestObject("Products/Title Products"), 0): Object 'Object Repository/Products/Title Products' is present

2023-08-31 10:57:08 - [MESSAGE][WARNING] - Timeout '0' is invalid. Using default page load timeout: '30'

2023-08-31 10:57:09 - [MESSAGE][PASSED] - Object 'Object Repository/Products/Title Products' is present]]></system-out>
         <system-err><![CDATA[]]></system-err>
      </testcase>
      <testcase name="Test Cases/Checkout/TC-Checkout-Success-001" time="20.648" classname="Test Cases/Checkout/TC-Checkout-Success-001" status="PASSED">
         <system-out><![CDATA[2023-08-31 10:57:09 - [TEST_CASE][PASSED] - Test Cases/Checkout/TC-Checkout-Success-001: Test Cases/Checkout/TC-Checkout-Success-001

2023-08-31 10:57:09 - [TEST_STEP][PASSED] - data = callTestCase(findTestCase("Keranjang/TC-Cart-Show-002"), [:], STOP_ON_FAILURE): Call Test Case 'Test Cases/Keranjang/TC-Cart-Show-002' successfully

2023-08-31 10:57:09 - [TEST_CASE][PASSED] - Test Cases/Keranjang/TC-Cart-Show-002: Test Cases/Keranjang/TC-Cart-Show-002

2023-08-31 10:57:09 - [TEST_STEP][PASSED] - data = callTestCase(findTestCase("Products/TC-Product-AddCart-001"), [:], STOP_ON_FAILURE): Call Test Case 'Test Cases/Products/TC-Product-AddCart-001' successfully

2023-08-31 10:57:09 - [TEST_CASE][PASSED] - Test Cases/Products/TC-Product-AddCart-001: Test Cases/Products/TC-Product-AddCart-001

2023-08-31 10:57:09 - [TEST_STEP][PASSED] - callTestCase(findTestCase("Products/TC-Product-Show-001"), [:], STOP_ON_FAILURE): Call Test Case 'Test Cases/Products/TC-Product-Show-001' successfully

2023-08-31 10:57:09 - [TEST_CASE][PASSED] - Test Cases/Products/TC-Product-Show-001: Test Cases/Products/TC-Product-Show-001

2023-08-31 10:57:09 - [TEST_STEP][PASSED] - callTestCase(findTestCase("Login/TC-Login-Success-001"), [:], STOP_ON_FAILURE): Call Test Case 'Test Cases/Login/TC-Login-Success-001' successfully

2023-08-31 10:57:09 - [TEST_CASE][PASSED] - Test Cases/Login/TC-Login-Success-001: Test Cases/Login/TC-Login-Success-001

2023-08-31 10:57:09 - [TEST_STEP][PASSED] - openBrowser("https://www.saucedemo.com/"): Browser is opened with url: 'https://www.saucedemo.com/'

2023-08-31 10:57:09 - [MESSAGE][WARNING] - A browser is already opened. Closing browser and opening a new one

2023-08-31 10:57:10 - [MESSAGE][INFO] - Starting 'Edge Chromium' driver

2023-08-31 10:57:12 - [MESSAGE][INFO] - Action delay is set to 0 milliseconds

2023-08-31 10:57:15 - [MESSAGE][PASSED] - Browser is opened with url: 'https://www.saucedemo.com/'

2023-08-31 10:57:15 - [TEST_STEP][PASSED] - setText(findTestObject("Login/input username"), "standard_user"): Text 'standard_user' is set on object 'Object Repository/Login/input username'

2023-08-31 10:57:16 - [MESSAGE][PASSED] - Text 'standard_user' is set on object 'Object Repository/Login/input username'

2023-08-31 10:57:16 - [TEST_STEP][PASSED] - setText(findTestObject("Login/input password"), "secret_sauce"): Text 'secret_sauce' is set on object 'Object Repository/Login/input password'

2023-08-31 10:57:17 - [MESSAGE][PASSED] - Text 'secret_sauce' is set on object 'Object Repository/Login/input password'

2023-08-31 10:57:17 - [TEST_STEP][PASSED] - click(findTestObject("Login/login-button")): Object: 'Object Repository/Login/login-button' is clicked on

2023-08-31 10:57:17 - [MESSAGE][PASSED] - Object: 'Object Repository/Login/login-button' is clicked on

2023-08-31 10:57:17 - [TEST_STEP][PASSED] - verifyElementPresent(findTestObject("Login/tittle Swag Labs"), 0): Object 'Object Repository/Login/tittle Swag Labs' is present

2023-08-31 10:57:18 - [MESSAGE][WARNING] - Timeout '0' is invalid. Using default page load timeout: '30'

2023-08-31 10:57:18 - [MESSAGE][PASSED] - Object 'Object Repository/Login/tittle Swag Labs' is present

2023-08-31 10:57:18 - [MESSAGE][PASSED] - Call Test Case 'Test Cases/Login/TC-Login-Success-001' successfully

2023-08-31 10:57:18 - [MESSAGE][PASSED] - Call Test Case 'Test Cases/Products/TC-Product-Show-001' successfully

2023-08-31 10:57:18 - [TEST_STEP][PASSED] - click(findTestObject("Products/button_Add to cart 1")): Object: 'Object Repository/Products/button_Add to cart 1' is clicked on

2023-08-31 10:57:18 - [MESSAGE][PASSED] - Object: 'Object Repository/Products/button_Add to cart 1' is clicked on

2023-08-31 10:57:18 - [TEST_STEP][PASSED] - verifyElementPresent(findTestObject("Keranjang/Notifikasi add cart 1"), 1): Object 'Object Repository/Keranjang/Notifikasi add cart 1' is present

2023-08-31 10:57:19 - [MESSAGE][PASSED] - Object 'Object Repository/Keranjang/Notifikasi add cart 1' is present

2023-08-31 10:57:19 - [TEST_STEP][PASSED] - nama = text: null

2023-08-31 10:57:19 - [TEST_STEP][PASSED] - deskripsi = text: null

2023-08-31 10:57:20 - [TEST_STEP][PASSED] - price = text: null

2023-08-31 10:57:20 - [TEST_STEP][PASSED] - data = new java.util.HashMap(): null

2023-08-31 10:57:20 - [TEST_STEP][PASSED] - data.put("nama_barang", nama): null

2023-08-31 10:57:20 - [TEST_STEP][PASSED] - data.put("deskrispi_barang", deskripsi): null

2023-08-31 10:57:20 - [TEST_STEP][PASSED] - data.put("price_barang", price): null

2023-08-31 10:57:20 - [TEST_STEP][PASSED] - return data: null

2023-08-31 10:57:20 - [MESSAGE][PASSED] - Call Test Case 'Test Cases/Products/TC-Product-AddCart-001' successfully

2023-08-31 10:57:20 - [TEST_STEP][PASSED] - name_cart = getText(findTestObject("Name Products/Nama Barang Sauce Labs Backpack")): Text of object 'Object Repository/Name Products/Nama Barang Sauce Labs Backpack' is: 'Sauce Labs Backpack'

2023-08-31 10:57:20 - [MESSAGE][PASSED] - Text of object 'Object Repository/Name Products/Nama Barang Sauce Labs Backpack' is: 'Sauce Labs Backpack'

2023-08-31 10:57:20 - [TEST_STEP][PASSED] - desc_cart = getText(findTestObject("Name Products/Deskripsi Barang")): Text of object 'Object Repository/Name Products/Deskripsi Barang' is: 'carry.allTheThings() with the sleek, streamlined Sly Pack that melds uncompromising style with unequaled laptop and tablet protection.'

2023-08-31 10:57:21 - [MESSAGE][PASSED] - Text of object 'Object Repository/Name Products/Deskripsi Barang' is: 'carry.allTheThings() with the sleek, streamlined Sly Pack that melds uncompromising style with unequaled laptop and tablet protection.'

2023-08-31 10:57:21 - [TEST_STEP][PASSED] - price_cart = getText(findTestObject("Name Products/Harga Barang")): Text of object 'Object Repository/Name Products/Harga Barang' is: '$29.99'

2023-08-31 10:57:21 - [MESSAGE][PASSED] - Text of object 'Object Repository/Name Products/Harga Barang' is: '$29.99'

2023-08-31 10:57:21 - [TEST_STEP][PASSED] - click(findTestObject("Keranjang/a_Swag Labs_shopping_cart_link")): Object: 'Object Repository/Keranjang/a_Swag Labs_shopping_cart_link' is clicked on

2023-08-31 10:57:21 - [MESSAGE][PASSED] - Object: 'Object Repository/Keranjang/a_Swag Labs_shopping_cart_link' is clicked on

2023-08-31 10:57:21 - [TEST_STEP][PASSED] - name_product = data.get("nama_barang"): null

2023-08-31 10:57:21 - [TEST_STEP][PASSED] - desc_product = data.get("deskrispi_barang"): null

2023-08-31 10:57:21 - [TEST_STEP][PASSED] - price_product = data.get("price_barang"): null

2023-08-31 10:57:21 - [TEST_STEP][PASSED] - assert name_product == name_cart: null

2023-08-31 10:57:21 - [TEST_STEP][PASSED] - assert desc_product == desc_cart: null

2023-08-31 10:57:21 - [TEST_STEP][PASSED] - assert price_product == price_cart: null

2023-08-31 10:57:21 - [TEST_STEP][PASSED] - return data: null

2023-08-31 10:57:21 - [MESSAGE][PASSED] - Call Test Case 'Test Cases/Keranjang/TC-Cart-Show-002' successfully

2023-08-31 10:57:21 - [TEST_STEP][PASSED] - click(findTestObject("Checkout/button_Checkout")): Object: 'Object Repository/Checkout/button_Checkout' is clicked on

2023-08-31 10:57:22 - [MESSAGE][PASSED] - Object: 'Object Repository/Checkout/button_Checkout' is clicked on

2023-08-31 10:57:22 - [TEST_STEP][PASSED] - verifyElementPresent(findTestObject("Checkout/span_Checkout Your Information"), 0): Object 'Object Repository/Checkout/span_Checkout Your Information' is present

2023-08-31 10:57:22 - [MESSAGE][WARNING] - Timeout '0' is invalid. Using default page load timeout: '30'

2023-08-31 10:57:22 - [MESSAGE][PASSED] - Object 'Object Repository/Checkout/span_Checkout Your Information' is present

2023-08-31 10:57:22 - [TEST_STEP][PASSED] - setText(findTestObject("Checkout/input firstName"), "irfan"): Text 'irfan' is set on object 'Object Repository/Checkout/input firstName'

2023-08-31 10:57:23 - [MESSAGE][PASSED] - Text 'irfan' is set on object 'Object Repository/Checkout/input firstName'

2023-08-31 10:57:23 - [TEST_STEP][PASSED] - setText(findTestObject("Checkout/input lastName"), "afandi"): Text 'afandi' is set on object 'Object Repository/Checkout/input lastName'

2023-08-31 10:57:24 - [MESSAGE][PASSED] - Text 'afandi' is set on object 'Object Repository/Checkout/input lastName'

2023-08-31 10:57:24 - [TEST_STEP][PASSED] - setText(findTestObject("Checkout/input postalCode"), "12345"): Text '12345' is set on object 'Object Repository/Checkout/input postalCode'

2023-08-31 10:57:25 - [MESSAGE][PASSED] - Text '12345' is set on object 'Object Repository/Checkout/input postalCode'

2023-08-31 10:57:25 - [TEST_STEP][PASSED] - click(findTestObject("Checkout/input continue checkout")): Object: 'Object Repository/Checkout/input continue checkout' is clicked on

2023-08-31 10:57:25 - [MESSAGE][PASSED] - Object: 'Object Repository/Checkout/input continue checkout' is clicked on

2023-08-31 10:57:25 - [TEST_STEP][PASSED] - verifyElementPresent(findTestObject("Checkout/span_Checkout Overview"), 0): Object 'Object Repository/Checkout/span_Checkout Overview' is present

2023-08-31 10:57:25 - [MESSAGE][WARNING] - Timeout '0' is invalid. Using default page load timeout: '30'

2023-08-31 10:57:26 - [MESSAGE][PASSED] - Object 'Object Repository/Checkout/span_Checkout Overview' is present

2023-08-31 10:57:26 - [TEST_STEP][PASSED] - namaBarangCheckout = getText(findTestObject("1 Barang Checkout/Nama barang")): Text of object 'Object Repository/1 Barang Checkout/Nama barang' is: 'Sauce Labs Backpack'

2023-08-31 10:57:26 - [MESSAGE][PASSED] - Text of object 'Object Repository/1 Barang Checkout/Nama barang' is: 'Sauce Labs Backpack'

2023-08-31 10:57:26 - [TEST_STEP][PASSED] - deskBarangCheckout = getText(findTestObject("1 Barang Checkout/Deskripsi barang")): Text of object 'Object Repository/1 Barang Checkout/Deskripsi barang' is: 'carry.allTheThings() with the sleek, streamlined Sly Pack that melds uncompromising style with unequaled laptop and tablet protection.'

2023-08-31 10:57:27 - [MESSAGE][PASSED] - Text of object 'Object Repository/1 Barang Checkout/Deskripsi barang' is: 'carry.allTheThings() with the sleek, streamlined Sly Pack that melds uncompromising style with unequaled laptop and tablet protection.'

2023-08-31 10:57:27 - [TEST_STEP][PASSED] - hargaBarangCheckout = getText(findTestObject("1 Barang Checkout/Harga 29.99")): Text of object 'Object Repository/1 Barang Checkout/Harga 29.99' is: '$29.99'

2023-08-31 10:57:27 - [MESSAGE][PASSED] - Text of object 'Object Repository/1 Barang Checkout/Harga 29.99' is: '$29.99'

2023-08-31 10:57:27 - [TEST_STEP][PASSED] - totalBarang = getText(findTestObject("1 Barang Checkout/Item total 29.99")): Text of object 'Object Repository/1 Barang Checkout/Item total 29.99' is: 'Item total: $29.99'

2023-08-31 10:57:28 - [MESSAGE][PASSED] - Text of object 'Object Repository/1 Barang Checkout/Item total 29.99' is: 'Item total: $29.99'

2023-08-31 10:57:28 - [TEST_STEP][PASSED] - taxCheckout = getText(findTestObject("1 Barang Checkout/Tax 2.40")): Text of object 'Object Repository/1 Barang Checkout/Tax 2.40' is: 'Tax: $2.40'

2023-08-31 10:57:28 - [MESSAGE][PASSED] - Text of object 'Object Repository/1 Barang Checkout/Tax 2.40' is: 'Tax: $2.40'

2023-08-31 10:57:28 - [TEST_STEP][PASSED] - TotalItemCheckout = getText(findTestObject("1 Barang Checkout/Total 32.39")): Text of object 'Object Repository/1 Barang Checkout/Total 32.39' is: 'Total: $32.39'

2023-08-31 10:57:28 - [MESSAGE][PASSED] - Text of object 'Object Repository/1 Barang Checkout/Total 32.39' is: 'Total: $32.39'

2023-08-31 10:57:28 - [TEST_STEP][PASSED] - println(namaBarangCheckout): null

2023-08-31 10:57:28 - [TEST_STEP][PASSED] - assert data.get("nama_barang") == namaBarangCheckout: null

2023-08-31 10:57:28 - [TEST_STEP][PASSED] - assert data.get("deskrispi_barang") == deskBarangCheckout: null

2023-08-31 10:57:28 - [TEST_STEP][PASSED] - assert data.get("price_barang") == hargaBarangCheckout: null

2023-08-31 10:57:28 - [TEST_STEP][PASSED] - hargaBarangCheckout = Double.parseDouble(hargaBarangCheckout.replace("$", "")): null

2023-08-31 10:57:28 - [TEST_STEP][PASSED] - tax = hargaBarangCheckout * 0.08: null

2023-08-31 10:57:28 - [TEST_STEP][PASSED] - angkaSignifikan = 2: null

2023-08-31 10:57:28 - [TEST_STEP][PASSED] - temp = Math.pow(10, angkaSignifikan): null

2023-08-31 10:57:28 - [TEST_STEP][PASSED] - tax = Math.round(tax * temp) / temp: null

2023-08-31 10:57:28 - [TEST_STEP][PASSED] - tempTaxCheckout = taxCheckout.split("\$"): null

2023-08-31 10:57:28 - [TEST_STEP][PASSED] - assert tax == Double.parseDouble(tempTaxCheckout[1]): null

2023-08-31 10:57:28 - [TEST_STEP][PASSED] - tempTotalBarang = totalBarang.split("\$"): null

2023-08-31 10:57:28 - [TEST_STEP][PASSED] - assert hargaBarangCheckout == Double.parseDouble(tempTotalBarang[1]): null

2023-08-31 10:57:28 - [TEST_STEP][PASSED] - total = hargaBarangCheckout + tax: null

2023-08-31 10:57:28 - [TEST_STEP][PASSED] - tempTotal = TotalItemCheckout.split("\$"): null

2023-08-31 10:57:28 - [TEST_STEP][PASSED] - assert total == Double.parseDouble(tempTotal[1]): null

2023-08-31 10:57:28 - [TEST_STEP][PASSED] - click(findTestObject("Checkout/button_Finish")): Object: 'Object Repository/Checkout/button_Finish' is clicked on

2023-08-31 10:57:29 - [MESSAGE][PASSED] - Object: 'Object Repository/Checkout/button_Finish' is clicked on

2023-08-31 10:57:29 - [TEST_STEP][PASSED] - verifyElementPresent(findTestObject("Checkout/span_Checkout Complete"), 0): Object 'Object Repository/Checkout/span_Checkout Complete' is present

2023-08-31 10:57:29 - [MESSAGE][WARNING] - Timeout '0' is invalid. Using default page load timeout: '30'

2023-08-31 10:57:29 - [MESSAGE][PASSED] - Object 'Object Repository/Checkout/span_Checkout Complete' is present]]></system-out>
         <system-err><![CDATA[]]></system-err>
      </testcase>
      <testcase name="Test Cases/Checkout/TC-Checkout-Success-002" time="22.754" classname="Test Cases/Checkout/TC-Checkout-Success-002" status="PASSED">
         <system-out><![CDATA[2023-08-31 10:57:29 - [TEST_CASE][PASSED] - Test Cases/Checkout/TC-Checkout-Success-002: Test Cases/Checkout/TC-Checkout-Success-002

2023-08-31 10:57:30 - [TEST_STEP][PASSED] - data = callTestCase(findTestCase("Keranjang/TC-Cart-Show-003"), [:], STOP_ON_FAILURE): Call Test Case 'Test Cases/Keranjang/TC-Cart-Show-003' successfully

2023-08-31 10:57:30 - [TEST_CASE][PASSED] - Test Cases/Keranjang/TC-Cart-Show-003: Test Cases/Keranjang/TC-Cart-Show-003

2023-08-31 10:57:30 - [TEST_STEP][PASSED] - data = callTestCase(findTestCase("Products/TC-Product-AddCart-002"), [:], STOP_ON_FAILURE): Call Test Case 'Test Cases/Products/TC-Product-AddCart-002' successfully

2023-08-31 10:57:30 - [TEST_CASE][PASSED] - Test Cases/Products/TC-Product-AddCart-002: Test Cases/Products/TC-Product-AddCart-002

2023-08-31 10:57:30 - [TEST_STEP][PASSED] - data = callTestCase(findTestCase("Products/TC-Product-AddCart-001"), [:], STOP_ON_FAILURE): Call Test Case 'Test Cases/Products/TC-Product-AddCart-001' successfully

2023-08-31 10:57:30 - [TEST_CASE][PASSED] - Test Cases/Products/TC-Product-AddCart-001: Test Cases/Products/TC-Product-AddCart-001

2023-08-31 10:57:30 - [TEST_STEP][PASSED] - callTestCase(findTestCase("Products/TC-Product-Show-001"), [:], STOP_ON_FAILURE): Call Test Case 'Test Cases/Products/TC-Product-Show-001' successfully

2023-08-31 10:57:30 - [TEST_CASE][PASSED] - Test Cases/Products/TC-Product-Show-001: Test Cases/Products/TC-Product-Show-001

2023-08-31 10:57:30 - [TEST_STEP][PASSED] - callTestCase(findTestCase("Login/TC-Login-Success-001"), [:], STOP_ON_FAILURE): Call Test Case 'Test Cases/Login/TC-Login-Success-001' successfully

2023-08-31 10:57:30 - [TEST_CASE][PASSED] - Test Cases/Login/TC-Login-Success-001: Test Cases/Login/TC-Login-Success-001

2023-08-31 10:57:30 - [TEST_STEP][PASSED] - openBrowser("https://www.saucedemo.com/"): Browser is opened with url: 'https://www.saucedemo.com/'

2023-08-31 10:57:30 - [MESSAGE][WARNING] - A browser is already opened. Closing browser and opening a new one

2023-08-31 10:57:31 - [MESSAGE][INFO] - Starting 'Edge Chromium' driver

2023-08-31 10:57:33 - [MESSAGE][INFO] - Action delay is set to 0 milliseconds

2023-08-31 10:57:36 - [MESSAGE][PASSED] - Browser is opened with url: 'https://www.saucedemo.com/'

2023-08-31 10:57:36 - [TEST_STEP][PASSED] - setText(findTestObject("Login/input username"), "standard_user"): Text 'standard_user' is set on object 'Object Repository/Login/input username'

2023-08-31 10:57:37 - [MESSAGE][PASSED] - Text 'standard_user' is set on object 'Object Repository/Login/input username'

2023-08-31 10:57:37 - [TEST_STEP][PASSED] - setText(findTestObject("Login/input password"), "secret_sauce"): Text 'secret_sauce' is set on object 'Object Repository/Login/input password'

2023-08-31 10:57:38 - [MESSAGE][PASSED] - Text 'secret_sauce' is set on object 'Object Repository/Login/input password'

2023-08-31 10:57:38 - [TEST_STEP][PASSED] - click(findTestObject("Login/login-button")): Object: 'Object Repository/Login/login-button' is clicked on

2023-08-31 10:57:38 - [MESSAGE][PASSED] - Object: 'Object Repository/Login/login-button' is clicked on

2023-08-31 10:57:38 - [TEST_STEP][PASSED] - verifyElementPresent(findTestObject("Login/tittle Swag Labs"), 0): Object 'Object Repository/Login/tittle Swag Labs' is present

2023-08-31 10:57:38 - [MESSAGE][WARNING] - Timeout '0' is invalid. Using default page load timeout: '30'

2023-08-31 10:57:38 - [MESSAGE][PASSED] - Object 'Object Repository/Login/tittle Swag Labs' is present

2023-08-31 10:57:38 - [MESSAGE][PASSED] - Call Test Case 'Test Cases/Login/TC-Login-Success-001' successfully

2023-08-31 10:57:38 - [MESSAGE][PASSED] - Call Test Case 'Test Cases/Products/TC-Product-Show-001' successfully

2023-08-31 10:57:38 - [TEST_STEP][PASSED] - click(findTestObject("Products/button_Add to cart 1")): Object: 'Object Repository/Products/button_Add to cart 1' is clicked on

2023-08-31 10:57:39 - [MESSAGE][PASSED] - Object: 'Object Repository/Products/button_Add to cart 1' is clicked on

2023-08-31 10:57:39 - [TEST_STEP][PASSED] - verifyElementPresent(findTestObject("Keranjang/Notifikasi add cart 1"), 1): Object 'Object Repository/Keranjang/Notifikasi add cart 1' is present

2023-08-31 10:57:40 - [MESSAGE][PASSED] - Object 'Object Repository/Keranjang/Notifikasi add cart 1' is present

2023-08-31 10:57:40 - [TEST_STEP][PASSED] - nama = text: null

2023-08-31 10:57:40 - [TEST_STEP][PASSED] - deskripsi = text: null

2023-08-31 10:57:40 - [TEST_STEP][PASSED] - price = text: null

2023-08-31 10:57:41 - [TEST_STEP][PASSED] - data = new java.util.HashMap(): null

2023-08-31 10:57:41 - [TEST_STEP][PASSED] - data.put("nama_barang", nama): null

2023-08-31 10:57:41 - [TEST_STEP][PASSED] - data.put("deskrispi_barang", deskripsi): null

2023-08-31 10:57:41 - [TEST_STEP][PASSED] - data.put("price_barang", price): null

2023-08-31 10:57:41 - [TEST_STEP][PASSED] - return data: null

2023-08-31 10:57:41 - [MESSAGE][PASSED] - Call Test Case 'Test Cases/Products/TC-Product-AddCart-001' successfully

2023-08-31 10:57:41 - [TEST_STEP][PASSED] - click(findTestObject("Products/button_Add to cart 2")): Object: 'Object Repository/Products/button_Add to cart 2' is clicked on

2023-08-31 10:57:41 - [MESSAGE][PASSED] - Object: 'Object Repository/Products/button_Add to cart 2' is clicked on

2023-08-31 10:57:41 - [TEST_STEP][PASSED] - verifyElementPresent(findTestObject("Products/button_Remove"), 0): Object 'Object Repository/Products/button_Remove' is present

2023-08-31 10:57:41 - [MESSAGE][WARNING] - Timeout '0' is invalid. Using default page load timeout: '30'

2023-08-31 10:57:42 - [MESSAGE][PASSED] - Object 'Object Repository/Products/button_Remove' is present

2023-08-31 10:57:42 - [TEST_STEP][PASSED] - verifyElementPresent(findTestObject("Keranjang/Notifikasi add cart 2"), 2): Object 'Object Repository/Keranjang/Notifikasi add cart 2' is present

2023-08-31 10:57:42 - [MESSAGE][PASSED] - Object 'Object Repository/Keranjang/Notifikasi add cart 2' is present

2023-08-31 10:57:42 - [TEST_STEP][PASSED] - name = text: null

2023-08-31 10:57:42 - [TEST_STEP][PASSED] - desc = text: null

2023-08-31 10:57:43 - [TEST_STEP][PASSED] - price = text: null

2023-08-31 10:57:43 - [TEST_STEP][PASSED] - nameProductList = new java.util.ArrayList(): null

2023-08-31 10:57:43 - [TEST_STEP][PASSED] - nameProductList.add(data.get("nama_barang")): null

2023-08-31 10:57:43 - [TEST_STEP][PASSED] - nameProductList.add(name): null

2023-08-31 10:57:43 - [TEST_STEP][PASSED] - println(nameProductList.get(0)): null

2023-08-31 10:57:43 - [TEST_STEP][PASSED] - descProductList = new java.util.ArrayList(): null

2023-08-31 10:57:43 - [TEST_STEP][PASSED] - descProductList.add(data.get("deskrispi_barang")): null

2023-08-31 10:57:43 - [TEST_STEP][PASSED] - descProductList.add(desc): null

2023-08-31 10:57:43 - [TEST_STEP][PASSED] - priceProductList = new java.util.ArrayList(): null

2023-08-31 10:57:43 - [TEST_STEP][PASSED] - priceProductList.add(data.get("price_barang")): null

2023-08-31 10:57:43 - [TEST_STEP][PASSED] - priceProductList.add(price): null

2023-08-31 10:57:43 - [TEST_STEP][PASSED] - data.put("Product_name", nameProductList): null

2023-08-31 10:57:43 - [TEST_STEP][PASSED] - data.put("deskrispi_barang", descProductList): null

2023-08-31 10:57:43 - [TEST_STEP][PASSED] - data.put("price_barang", priceProductList): null

2023-08-31 10:57:43 - [TEST_STEP][PASSED] - return data: null

2023-08-31 10:57:43 - [MESSAGE][PASSED] - Call Test Case 'Test Cases/Products/TC-Product-AddCart-002' successfully

2023-08-31 10:57:43 - [TEST_STEP][PASSED] - click(findTestObject("Keranjang/a_Swag Labs_shopping_cart_link")): Object: 'Object Repository/Keranjang/a_Swag Labs_shopping_cart_link' is clicked on

2023-08-31 10:57:43 - [MESSAGE][PASSED] - Object: 'Object Repository/Keranjang/a_Swag Labs_shopping_cart_link' is clicked on

2023-08-31 10:57:43 - [TEST_STEP][PASSED] - sourceProductTitleList = findWebElements(findTestObject("Object Repository/Barang 1/Barang add to cart 2/Nama 2 barang"), 10): null

2023-08-31 10:57:44 - [TEST_STEP][PASSED] - sourceProductDescList = findWebElements(findTestObject("Object Repository/Barang 1/Barang add to cart 2/Deskripsi 2 barang"), 10): null

2023-08-31 10:57:44 - [TEST_STEP][PASSED] - sourceProductPriceList = findWebElements(findTestObject("Object Repository/Barang 1/Barang add to cart 2/Harga 2 barang"), 10): null

2023-08-31 10:57:44 - [TEST_STEP][PASSED] - oriProductTitleList = new java.util.ArrayList(): null

2023-08-31 10:57:44 - [TEST_STEP][PASSED] - oriProductDescList = new java.util.ArrayList(): null

2023-08-31 10:57:44 - [TEST_STEP][PASSED] - oriProductPriceList = new java.util.ArrayList(): null

2023-08-31 10:57:44 - [TEST_STEP][PASSED] - for ([i = 0, i < sourceProductTitleList.size(), (i++)]): null

2023-08-31 10:57:44 - [TEST_STEP][PASSED] - ProductTitleText = text.trim(): null

2023-08-31 10:57:44 - [TEST_STEP][PASSED] - ProductDescText = text.trim(): null

2023-08-31 10:57:44 - [TEST_STEP][PASSED] - ProductPriceText = replace("Remove", "").trim(): null

2023-08-31 10:57:44 - [TEST_STEP][PASSED] - oriProductTitleList.add(ProductTitleText): null

2023-08-31 10:57:44 - [TEST_STEP][PASSED] - oriProductDescList.add(ProductDescText): null

2023-08-31 10:57:44 - [TEST_STEP][PASSED] - oriProductPriceList.add(ProductPriceText): null

2023-08-31 10:57:44 - [TEST_STEP][PASSED] - ProductTitleText = text.trim(): null

2023-08-31 10:57:44 - [TEST_STEP][PASSED] - ProductDescText = text.trim(): null

2023-08-31 10:57:44 - [TEST_STEP][PASSED] - ProductPriceText = replace("Remove", "").trim(): null

2023-08-31 10:57:44 - [TEST_STEP][PASSED] - oriProductTitleList.add(ProductTitleText): null

2023-08-31 10:57:44 - [TEST_STEP][PASSED] - oriProductDescList.add(ProductDescText): null

2023-08-31 10:57:44 - [TEST_STEP][PASSED] - oriProductPriceList.add(ProductPriceText): null

2023-08-31 10:57:44 - [TEST_STEP][PASSED] - println(oriProductTitleList): null

2023-08-31 10:57:44 - [TEST_STEP][PASSED] - assert data.get("Product_name") == oriProductTitleList: null

2023-08-31 10:57:44 - [TEST_STEP][PASSED] - assert data.get("deskrispi_barang") == oriProductDescList: null

2023-08-31 10:57:44 - [TEST_STEP][PASSED] - assert data.get("price_barang") == oriProductPriceList: null

2023-08-31 10:57:44 - [TEST_STEP][PASSED] - return data: null

2023-08-31 10:57:44 - [MESSAGE][PASSED] - Call Test Case 'Test Cases/Keranjang/TC-Cart-Show-003' successfully

2023-08-31 10:57:44 - [TEST_STEP][PASSED] - click(findTestObject("Checkout/button_Checkout")): Object: 'Object Repository/Checkout/button_Checkout' is clicked on

2023-08-31 10:57:45 - [MESSAGE][PASSED] - Object: 'Object Repository/Checkout/button_Checkout' is clicked on

2023-08-31 10:57:45 - [TEST_STEP][PASSED] - verifyElementPresent(findTestObject("Checkout/span_Checkout Your Information"), 0): Object 'Object Repository/Checkout/span_Checkout Your Information' is present

2023-08-31 10:57:45 - [MESSAGE][WARNING] - Timeout '0' is invalid. Using default page load timeout: '30'

2023-08-31 10:57:45 - [MESSAGE][PASSED] - Object 'Object Repository/Checkout/span_Checkout Your Information' is present

2023-08-31 10:57:45 - [TEST_STEP][PASSED] - setText(findTestObject("Checkout/input firstName"), "irfan"): Text 'irfan' is set on object 'Object Repository/Checkout/input firstName'

2023-08-31 10:57:46 - [MESSAGE][PASSED] - Text 'irfan' is set on object 'Object Repository/Checkout/input firstName'

2023-08-31 10:57:46 - [TEST_STEP][PASSED] - setText(findTestObject("Checkout/input lastName"), "afandi"): Text 'afandi' is set on object 'Object Repository/Checkout/input lastName'

2023-08-31 10:57:47 - [MESSAGE][PASSED] - Text 'afandi' is set on object 'Object Repository/Checkout/input lastName'

2023-08-31 10:57:47 - [TEST_STEP][PASSED] - setText(findTestObject("Checkout/input postalCode"), "12345"): Text '12345' is set on object 'Object Repository/Checkout/input postalCode'

2023-08-31 10:57:48 - [MESSAGE][PASSED] - Text '12345' is set on object 'Object Repository/Checkout/input postalCode'

2023-08-31 10:57:48 - [TEST_STEP][PASSED] - click(findTestObject("Checkout/input continue checkout")): Object: 'Object Repository/Checkout/input continue checkout' is clicked on

2023-08-31 10:57:48 - [MESSAGE][PASSED] - Object: 'Object Repository/Checkout/input continue checkout' is clicked on

2023-08-31 10:57:48 - [TEST_STEP][PASSED] - verifyElementPresent(findTestObject("Checkout/span_Checkout Overview"), 0): Object 'Object Repository/Checkout/span_Checkout Overview' is present

2023-08-31 10:57:48 - [MESSAGE][WARNING] - Timeout '0' is invalid. Using default page load timeout: '30'

2023-08-31 10:57:49 - [MESSAGE][PASSED] - Object 'Object Repository/Checkout/span_Checkout Overview' is present

2023-08-31 10:57:49 - [TEST_STEP][PASSED] - sourceProductTitleList = findWebElements(findTestObject("Object Repository/2 Barang Checkout/Nama 2 Barang"), 10): null

2023-08-31 10:57:49 - [TEST_STEP][PASSED] - sourceProductDescList = findWebElements(findTestObject("Object Repository/2 Barang Checkout/Dekripsi 2 Barang"), 10): null

2023-08-31 10:57:50 - [TEST_STEP][PASSED] - sourceProductPriceList = findWebElements(findTestObject("Object Repository/2 Barang Checkout/Harga 2 Barang"), 10): null

2023-08-31 10:57:50 - [TEST_STEP][PASSED] - sourceProductItemtotalList = text: null

2023-08-31 10:57:50 - [TEST_STEP][PASSED] - sourceProductTaxList = text: null

2023-08-31 10:57:51 - [TEST_STEP][PASSED] - sourceProductTotalBarangList = text: null

2023-08-31 10:57:51 - [TEST_STEP][PASSED] - productTitleList = new java.util.ArrayList(): null

2023-08-31 10:57:51 - [TEST_STEP][PASSED] - productDescList = new java.util.ArrayList(): null

2023-08-31 10:57:51 - [TEST_STEP][PASSED] - productPriceList = new java.util.ArrayList(): null

2023-08-31 10:57:51 - [TEST_STEP][PASSED] - arrsourceProductItemtotalList = sourceProductItemtotalList.split("\$"): null

2023-08-31 10:57:51 - [TEST_STEP][PASSED] - arrsourceProductTaxList = sourceProductTaxList.split("\$"): null

2023-08-31 10:57:51 - [TEST_STEP][PASSED] - arrsourceProductTotalBarangList = sourceProductTotalBarangList.split("\$"): null

2023-08-31 10:57:51 - [TEST_STEP][PASSED] - println(arrsourceProductItemtotalList): null

2023-08-31 10:57:51 - [TEST_STEP][PASSED] - HargaBarang = 0: null

2023-08-31 10:57:51 - [TEST_STEP][PASSED] - for ([i = 0, i < sourceProductTitleList.size(), (i++)]): null

2023-08-31 10:57:51 - [TEST_STEP][PASSED] - ProductTitleText = text: null

2023-08-31 10:57:51 - [TEST_STEP][PASSED] - ProductDescText = text: null

2023-08-31 10:57:51 - [TEST_STEP][PASSED] - ProductPriceText = text: null

2023-08-31 10:57:51 - [TEST_STEP][PASSED] - productTitleList.add(ProductTitleText): null

2023-08-31 10:57:51 - [TEST_STEP][PASSED] - productDescList.add(ProductDescText): null

2023-08-31 10:57:51 - [TEST_STEP][PASSED] - productPriceList.add(ProductPriceText): null

2023-08-31 10:57:51 - [TEST_STEP][PASSED] - HargaBarang = HargaBarang + Double.parseDouble(text.replace("$", "")): null

2023-08-31 10:57:51 - [TEST_STEP][PASSED] - ProductTitleText = text: null

2023-08-31 10:57:51 - [TEST_STEP][PASSED] - ProductDescText = text: null

2023-08-31 10:57:51 - [TEST_STEP][PASSED] - ProductPriceText = text: null

2023-08-31 10:57:51 - [TEST_STEP][PASSED] - productTitleList.add(ProductTitleText): null

2023-08-31 10:57:51 - [TEST_STEP][PASSED] - productDescList.add(ProductDescText): null

2023-08-31 10:57:51 - [TEST_STEP][PASSED] - productPriceList.add(ProductPriceText): null

2023-08-31 10:57:51 - [TEST_STEP][PASSED] - HargaBarang = HargaBarang + Double.parseDouble(text.replace("$", "")): null

2023-08-31 10:57:51 - [TEST_STEP][PASSED] - println(HargaBarang): null

2023-08-31 10:57:51 - [TEST_STEP][PASSED] - tax = HargaBarang * 0.08: null

2023-08-31 10:57:51 - [TEST_STEP][PASSED] - angkaSignifikan = 2: null

2023-08-31 10:57:51 - [TEST_STEP][PASSED] - temp = Math.pow(10, angkaSignifikan): null

2023-08-31 10:57:51 - [TEST_STEP][PASSED] - tax = Math.round(tax * temp) / temp: null

2023-08-31 10:57:51 - [TEST_STEP][PASSED] - println(tax): null

2023-08-31 10:57:51 - [TEST_STEP][PASSED] - total = HargaBarang + tax: null

2023-08-31 10:57:51 - [TEST_STEP][PASSED] - println(total): null

2023-08-31 10:57:51 - [TEST_STEP][PASSED] - assert data.get("Product_name") == productTitleList: null

2023-08-31 10:57:51 - [TEST_STEP][PASSED] - assert data.get("deskrispi_barang") == productDescList: null

2023-08-31 10:57:51 - [TEST_STEP][PASSED] - assert data.get("price_barang") == productPriceList: null

2023-08-31 10:57:51 - [TEST_STEP][PASSED] - assert HargaBarang == Double.parseDouble(arrsourceProductItemtotalList[1]): null

2023-08-31 10:57:51 - [TEST_STEP][PASSED] - assert tax == Double.parseDouble(arrsourceProductTaxList[1]): null

2023-08-31 10:57:51 - [TEST_STEP][PASSED] - assert total == Double.parseDouble(arrsourceProductTotalBarangList[1]): null

2023-08-31 10:57:51 - [TEST_STEP][PASSED] - click(findTestObject("Checkout/button_Finish")): Object: 'Object Repository/Checkout/button_Finish' is clicked on

2023-08-31 10:57:52 - [MESSAGE][PASSED] - Object: 'Object Repository/Checkout/button_Finish' is clicked on

2023-08-31 10:57:52 - [TEST_STEP][PASSED] - verifyElementPresent(findTestObject("Checkout/span_Checkout Complete"), 0): Object 'Object Repository/Checkout/span_Checkout Complete' is present

2023-08-31 10:57:52 - [MESSAGE][WARNING] - Timeout '0' is invalid. Using default page load timeout: '30'

2023-08-31 10:57:52 - [MESSAGE][PASSED] - Object 'Object Repository/Checkout/span_Checkout Complete' is present]]></system-out>
         <system-err><![CDATA[]]></system-err>
      </testcase>
      <testcase name="Test Cases/Logout/TC-Logout-Success-001" time="9.569" classname="Test Cases/Logout/TC-Logout-Success-001" status="PASSED">
         <system-out><![CDATA[2023-08-31 10:57:52 - [TEST_CASE][PASSED] - Test Cases/Logout/TC-Logout-Success-001: Test Cases/Logout/TC-Logout-Success-001

2023-08-31 10:57:52 - [TEST_STEP][PASSED] - callTestCase(findTestCase("Login/TC-Login-Success-001"), [:], STOP_ON_FAILURE): Call Test Case 'Test Cases/Login/TC-Login-Success-001' successfully

2023-08-31 10:57:52 - [TEST_CASE][PASSED] - Test Cases/Login/TC-Login-Success-001: Test Cases/Login/TC-Login-Success-001

2023-08-31 10:57:52 - [TEST_STEP][PASSED] - openBrowser("https://www.saucedemo.com/"): Browser is opened with url: 'https://www.saucedemo.com/'

2023-08-31 10:57:52 - [MESSAGE][WARNING] - A browser is already opened. Closing browser and opening a new one

2023-08-31 10:57:53 - [MESSAGE][INFO] - Starting 'Edge Chromium' driver

2023-08-31 10:57:55 - [MESSAGE][INFO] - Action delay is set to 0 milliseconds

2023-08-31 10:57:57 - [MESSAGE][PASSED] - Browser is opened with url: 'https://www.saucedemo.com/'

2023-08-31 10:57:57 - [TEST_STEP][PASSED] - setText(findTestObject("Login/input username"), "standard_user"): Text 'standard_user' is set on object 'Object Repository/Login/input username'

2023-08-31 10:57:58 - [MESSAGE][PASSED] - Text 'standard_user' is set on object 'Object Repository/Login/input username'

2023-08-31 10:57:58 - [TEST_STEP][PASSED] - setText(findTestObject("Login/input password"), "secret_sauce"): Text 'secret_sauce' is set on object 'Object Repository/Login/input password'

2023-08-31 10:57:59 - [MESSAGE][PASSED] - Text 'secret_sauce' is set on object 'Object Repository/Login/input password'

2023-08-31 10:57:59 - [TEST_STEP][PASSED] - click(findTestObject("Login/login-button")): Object: 'Object Repository/Login/login-button' is clicked on

2023-08-31 10:58:00 - [MESSAGE][PASSED] - Object: 'Object Repository/Login/login-button' is clicked on

2023-08-31 10:58:00 - [TEST_STEP][PASSED] - verifyElementPresent(findTestObject("Login/tittle Swag Labs"), 0): Object 'Object Repository/Login/tittle Swag Labs' is present

2023-08-31 10:58:00 - [MESSAGE][WARNING] - Timeout '0' is invalid. Using default page load timeout: '30'

2023-08-31 10:58:00 - [MESSAGE][PASSED] - Object 'Object Repository/Login/tittle Swag Labs' is present

2023-08-31 10:58:00 - [MESSAGE][PASSED] - Call Test Case 'Test Cases/Login/TC-Login-Success-001' successfully

2023-08-31 10:58:00 - [TEST_STEP][PASSED] - click(findTestObject("Logout/button Hamburger")): Object: 'Object Repository/Logout/button Hamburger' is clicked on

2023-08-31 10:58:01 - [MESSAGE][PASSED] - Object: 'Object Repository/Logout/button Hamburger' is clicked on

2023-08-31 10:58:01 - [TEST_STEP][PASSED] - click(findTestObject("Logout/a_Logout")): Object: 'Object Repository/Logout/a_Logout' is clicked on

2023-08-31 10:58:01 - [MESSAGE][PASSED] - Object: 'Object Repository/Logout/a_Logout' is clicked on

2023-08-31 10:58:01 - [TEST_STEP][PASSED] - verifyElementPresent(findTestObject("Logout/Title Swag Labs"), 0): Object 'Object Repository/Logout/Title Swag Labs' is present

2023-08-31 10:58:01 - [MESSAGE][WARNING] - Timeout '0' is invalid. Using default page load timeout: '30'

2023-08-31 10:58:02 - [MESSAGE][PASSED] - Object 'Object Repository/Logout/Title Swag Labs' is present]]></system-out>
         <system-err><![CDATA[]]></system-err>
      </testcase>
      <system-out><![CDATA[2023-08-31 10:45:04 - [TEST_SUITE][FAILED] - Saucedemo: Test Cases/Login/TC-Login-Failed-002 FAILED.
Reason:
com.kms.katalon.core.exception.StepFailedException: Verify element text of test object 'Object Repository/Login/Massage Error Password is required' FAILED.
	at com.kms.katalon.core.webui.keyword.internal.WebUIKeywordMain.stepFailed(WebUIKeywordMain.groovy:64)
	at com.kms.katalon.core.webui.keyword.internal.WebUIKeywordMain.runKeyword(WebUIKeywordMain.groovy:26)
	at com.kms.katalon.core.webui.keyword.builtin.VerifyElementTextKeyword.verifyElementText(VerifyElementTextKeyword.groovy:72)
	at com.kms.katalon.core.webui.keyword.builtin.VerifyElementTextKeyword.execute(VerifyElementTextKeyword.groovy:40)
	at com.kms.katalon.core.keyword.internal.KeywordExecutor.executeKeywordForPlatform(KeywordExecutor.groovy:74)
	at com.kms.katalon.core.webui.keyword.WebUiBuiltInKeywords.verifyElementText(WebUiBuiltInKeywords.groovy:4749)
	at com.kms.katalon.core.webui.keyword.WebUiBuiltInKeywords$verifyElementText$2.call(Unknown Source)
	at TC-Login-Failed-002.run(TC-Login-Failed-002:26)
	at com.kms.katalon.core.main.ScriptEngine.run(ScriptEngine.java:194)
	at com.kms.katalon.core.main.ScriptEngine.runScriptAsRawText(ScriptEngine.java:119)
	at com.kms.katalon.core.main.TestCaseExecutor.runScript(TestCaseExecutor.java:448)
	at com.kms.katalon.core.main.TestCaseExecutor.doExecute(TestCaseExecutor.java:439)
	at com.kms.katalon.core.main.TestCaseExecutor.processExecutionPhase(TestCaseExecutor.java:418)
	at com.kms.katalon.core.main.TestCaseExecutor.accessMainPhase(TestCaseExecutor.java:410)
	at com.kms.katalon.core.main.TestCaseExecutor.execute(TestCaseExecutor.java:285)
	at com.kms.katalon.core.common.CommonExecutor.accessTestCaseMainPhase(CommonExecutor.java:65)
	at com.kms.katalon.core.main.TestSuiteExecutor.accessTestSuiteMainPhase(TestSuiteExecutor.java:148)
	at com.kms.katalon.core.main.TestSuiteExecutor.execute(TestSuiteExecutor.java:106)
	at com.kms.katalon.core.main.TestCaseMain.startTestSuite(TestCaseMain.java:187)
	at com.kms.katalon.core.main.TestCaseMain$startTestSuite$0.call(Unknown Source)
	at TempTestSuite1693453501507.run(TempTestSuite1693453501507.groovy:36)
Caused by: com.kms.katalon.core.exception.StepFailedException: Actual text 'Epic sadface: Password is required' and expected text 'Login failed! Please ensure the password are valid' of test object 'Object Repository/Login/Massage Error Password is required' are NOT matched.
	at com.kms.katalon.core.webui.keyword.internal.WebUIKeywordMain.stepFailed(WebUIKeywordMain.groovy:64)
	at com.kms.katalon.core.webui.keyword.builtin.VerifyElementTextKeyword$_verifyElementText_closure1.doCall(VerifyElementTextKeyword.groovy:57)
	at com.kms.katalon.core.webui.keyword.builtin.VerifyElementTextKeyword$_verifyElementText_closure1.call(VerifyElementTextKeyword.groovy)
	at com.kms.katalon.core.webui.keyword.internal.WebUIKeywordMain.runKeyword(WebUIKeywordMain.groovy:20)
	... 19 more]]></system-out>
      <system-err><![CDATA[2023-08-31 10:45:04 - [TEST_SUITE][FAILED] - Saucedemo: Test Cases/Login/TC-Login-Failed-002 FAILED.
Reason:
com.kms.katalon.core.exception.StepFailedException: Verify element text of test object 'Object Repository/Login/Massage Error Password is required' FAILED.
	at com.kms.katalon.core.webui.keyword.internal.WebUIKeywordMain.stepFailed(WebUIKeywordMain.groovy:64)
	at com.kms.katalon.core.webui.keyword.internal.WebUIKeywordMain.runKeyword(WebUIKeywordMain.groovy:26)
	at com.kms.katalon.core.webui.keyword.builtin.VerifyElementTextKeyword.verifyElementText(VerifyElementTextKeyword.groovy:72)
	at com.kms.katalon.core.webui.keyword.builtin.VerifyElementTextKeyword.execute(VerifyElementTextKeyword.groovy:40)
	at com.kms.katalon.core.keyword.internal.KeywordExecutor.executeKeywordForPlatform(KeywordExecutor.groovy:74)
	at com.kms.katalon.core.webui.keyword.WebUiBuiltInKeywords.verifyElementText(WebUiBuiltInKeywords.groovy:4749)
	at com.kms.katalon.core.webui.keyword.WebUiBuiltInKeywords$verifyElementText$2.call(Unknown Source)
	at TC-Login-Failed-002.run(TC-Login-Failed-002:26)
	at com.kms.katalon.core.main.ScriptEngine.run(ScriptEngine.java:194)
	at com.kms.katalon.core.main.ScriptEngine.runScriptAsRawText(ScriptEngine.java:119)
	at com.kms.katalon.core.main.TestCaseExecutor.runScript(TestCaseExecutor.java:448)
	at com.kms.katalon.core.main.TestCaseExecutor.doExecute(TestCaseExecutor.java:439)
	at com.kms.katalon.core.main.TestCaseExecutor.processExecutionPhase(TestCaseExecutor.java:418)
	at com.kms.katalon.core.main.TestCaseExecutor.accessMainPhase(TestCaseExecutor.java:410)
	at com.kms.katalon.core.main.TestCaseExecutor.execute(TestCaseExecutor.java:285)
	at com.kms.katalon.core.common.CommonExecutor.accessTestCaseMainPhase(CommonExecutor.java:65)
	at com.kms.katalon.core.main.TestSuiteExecutor.accessTestSuiteMainPhase(TestSuiteExecutor.java:148)
	at com.kms.katalon.core.main.TestSuiteExecutor.execute(TestSuiteExecutor.java:106)
	at com.kms.katalon.core.main.TestCaseMain.startTestSuite(TestCaseMain.java:187)
	at com.kms.katalon.core.main.TestCaseMain$startTestSuite$0.call(Unknown Source)
	at TempTestSuite1693453501507.run(TempTestSuite1693453501507.groovy:36)
Caused by: com.kms.katalon.core.exception.StepFailedException: Actual text 'Epic sadface: Password is required' and expected text 'Login failed! Please ensure the password are valid' of test object 'Object Repository/Login/Massage Error Password is required' are NOT matched.
	at com.kms.katalon.core.webui.keyword.internal.WebUIKeywordMain.stepFailed(WebUIKeywordMain.groovy:64)
	at com.kms.katalon.core.webui.keyword.builtin.VerifyElementTextKeyword$_verifyElementText_closure1.doCall(VerifyElementTextKeyword.groovy:57)
	at com.kms.katalon.core.webui.keyword.builtin.VerifyElementTextKeyword$_verifyElementText_closure1.call(VerifyElementTextKeyword.groovy)
	at com.kms.katalon.core.webui.keyword.internal.WebUIKeywordMain.runKeyword(WebUIKeywordMain.groovy:20)
	... 19 more]]></system-err>
   </testsuite>
</testsuites>
